
------------------------------------------------------------
Using ideal local simulator with 'statevector' method
Backend: aer_simulator_statevector
Shots: 10000
------------------------------------------------------------

A info: before HHL prepare:
Spectral radius (A): 2.241e+01, lambda_min:2.3074021727489433
condition number(A): 9.710e+00, norm2_cond:95.97789014324577
det(A): 9.333e+14
--------------------------------------------------------------------------------

A_hhl info: after scaling by spectral radius:
Spectral radius (A): 1.000e+00, lambda_min:0.1029832130561069
condition number(A): 9.710e+00, norm2_cond:95.9778901432457
det(A): 5.184e-06, nnz: 10 non zeros per row
--------------------------------------------------------------------------------

Size of A & B are not power of 2:
Next 2 power of 15 = 16
Value to be padded = 1
--------------------------------------------------

==================== Print (N)^2 padded matrix system =======================
Padded shape of A: (15, 15)x(15, 15) -> (16, 16)x(16, 16)
Padded shape of B: (15,) -> (16,)
Determinant of padded matrix: 5.183984510966138e-06
Condition # of padded matrix: 95.9778901432457


Matrix is not Hermitian. Making it Hermitian.......

==================== Print Hermitian matrix system info =======================
Shape of hermitian A: 16x16 -> 32x32
Shape of           B: 16 -> 32
Determinant of Hermitian matrix: 2.6873695409936828e-11
Condition # of Hermitian matrix: 95.9778901432459

=================================== Generating HHL circuit ===================================
Time elapsed for generating HHL circuit: 0 min 7.91 sec

Generated circuit: num_qubits=14, gates=19, depth=5
============================== Generated Circuit saved ==============================

============================== Transpiling circuit ==============================
This is using the AerSimulator('aer_simulator_statevector') transpiler.
Time elapsed for transpiling the circuit:  0 min 2.03 sec
Transpiled circuit, num_qubits: 14, (original: 14)
Transpiled circuit depth: 22395 (original: 5)
Transpiled circuit gates: 22499 (original: 19)
============================== Transpiled Circuit saved ==============================
Time elapsed for running the circuit:  0 min 2.00 sec
total_qubits: 14, nq:5

Time elapsed for extracting shots-based hhl counts solution:  0 min 0.00 sec

[HHL info]: linear system residual (e=||Ax-b||_2): 5.7202097281086415
[HHL info]: Fidelity(true_sol, hhl_sol): 0.9712527496815233
[HHL info]: L2 error (absolute): 0.8217608565847865
[HHL info]: L2 error (relative): 0.30384002753909833
[HHL info]: L2 error (normalized): 0.17016719859548826

========================================================================================
 Compare system solutions using LU of A, LU sol of A_herm, HHL of Ax=b hermition system
LU sol 	    Herm LU sol    HHL sol    L1_diff(%)
-1.705e-02  -1.705e-02  -0.000e+00  1.000e+02
-7.527e-03  -7.527e-03  -0.000e+00  1.000e+02
-3.946e-02  -3.946e-02  -0.000e+00  1.000e+02
-1.283e-01  -1.283e-01  -0.000e+00  1.000e+02
-6.877e-02  -6.877e-02  -0.000e+00  1.000e+02
-2.800e-01  -2.800e-01  -0.000e+00  1.000e+02
-4.114e-01  -4.114e-01  -2.777e-01  3.249e+01
-4.227e-01  -4.227e-01  -2.268e-01  4.635e+01
-1.109e+00  -1.109e+00  -8.928e-01  1.952e+01
-5.252e-01  -5.252e-01  -5.071e-01  3.447e+00
-5.558e-01  -5.558e-01  -5.318e-01  4.303e+00
-1.428e+00  -1.428e+00  -1.052e+00  2.635e+01
-5.637e-01  -5.637e-01  -4.243e-01  2.474e+01
-5.958e-01  -5.958e-01  -3.586e-01  3.981e+01
-1.529e+00  -1.529e+00  -1.027e+00  3.286e+01
========================================================================================

step: 0/15 res:12.375368413827264, res/res0:1.0  dq_norm: [0.71713899 0.68033778 1.71963889]

A info: before HHL prepare:
Spectral radius (A): 2.455e+01, lambda_min:4.282615469098854
condition number(A): 5.732e+00, norm2_cond:68.5699128526015
det(A): 1.446e+16
--------------------------------------------------------------------------------

A_hhl info: after scaling by spectral radius:
Spectral radius (A): 1.000e+00, lambda_min:0.17446225728473716
condition number(A): 5.732e+00, norm2_cond:68.5699128526014
det(A): 2.042e-05, nnz: 11 non zeros per row
--------------------------------------------------------------------------------

Size of A & B are not power of 2:
Next 2 power of 15 = 16
Value to be padded = 1
--------------------------------------------------

==================== Print (N)^2 padded matrix system =======================
Padded shape of A: (15, 15)x(15, 15) -> (16, 16)x(16, 16)
Padded shape of B: (15,) -> (16,)
Determinant of padded matrix: 2.0415583087967023e-05
Condition # of padded matrix: 68.5699128526014


Matrix is not Hermitian. Making it Hermitian.......

==================== Print Hermitian matrix system info =======================
Shape of hermitian A: 16x16 -> 32x32
Shape of           B: 16 -> 32
Determinant of Hermitian matrix: 4.1679603282168517e-10
Condition # of Hermitian matrix: 68.56991285260182

=================================== Generating HHL circuit ===================================
Time elapsed for generating HHL circuit: 0 min 8.66 sec

Generated circuit: num_qubits=14, gates=19, depth=5
============================== Generated Circuit saved ==============================

============================== Transpiling circuit ==============================
This is using the AerSimulator('aer_simulator_statevector') transpiler.
Time elapsed for transpiling the circuit:  0 min 1.64 sec
Transpiled circuit, num_qubits: 14, (original: 14)
Transpiled circuit depth: 22397 (original: 5)
Transpiled circuit gates: 22501 (original: 19)
============================== Transpiled Circuit saved ==============================
Time elapsed for running the circuit:  0 min 1.98 sec
total_qubits: 14, nq:5

Time elapsed for extracting shots-based hhl counts solution:  0 min 0.00 sec

[HHL info]: linear system residual (e=||Ax-b||_2): 2.3027436036281577
[HHL info]: Fidelity(true_sol, hhl_sol): 0.9713337612377679
[HHL info]: L2 error (absolute): 0.12644756821037434
[HHL info]: L2 error (relative): 0.19265741693509547
[HHL info]: L2 error (normalized): 0.16992549980299843

========================================================================================
 Compare system solutions using LU of A, LU sol of A_herm, HHL of Ax=b hermition system
LU sol 	    Herm LU sol    HHL sol    L1_diff(%)
-1.430e-02  -1.430e-02  -6.115e-02  3.275e+02
-3.935e-03  -3.935e-03  -0.000e+00  1.000e+02
-3.403e-02  -3.403e-02  -0.000e+00  1.000e+02
-1.156e-01  -1.156e-01  -1.059e-01  8.368e+00
-6.655e-02  -6.655e-02  -8.648e-02  2.995e+01
-2.525e-01  -2.525e-01  -1.934e-01  2.341e+01
-1.010e-01  -1.010e-01  -8.648e-02  1.439e+01
-1.906e-01  -1.906e-01  -1.367e-01  2.825e+01
-1.419e-01  -1.419e-01  -1.223e-01  1.383e+01
 1.990e-02   1.990e-02   0.000e+00  1.000e+02
-2.896e-02  -2.896e-02  -0.000e+00  1.000e+02
-2.582e-01  -2.582e-01  -2.594e-01  4.774e-01
-9.344e-02  -9.344e-02  -1.059e-01  1.335e+01
-2.382e-01  -2.382e-01  -2.446e-01  2.677e+00
-3.845e-01  -3.845e-01  -3.236e-01  1.584e+01
========================================================================================

step: 1/15 res:6.360127239047907, res/res0:0.5139343756377871  dq_norm: [0.18344775 0.29326151 0.47366007]

A info: before HHL prepare:
Spectral radius (A): 2.445e+01, lambda_min:4.2122299936029055
condition number(A): 5.804e+00, norm2_cond:72.22715994099057
det(A): 1.324e+16
--------------------------------------------------------------------------------

A_hhl info: after scaling by spectral radius:
Spectral radius (A): 1.000e+00, lambda_min:0.17229380846104986
condition number(A): 5.804e+00, norm2_cond:72.22715994099062
det(A): 1.987e-05, nnz: 11 non zeros per row
--------------------------------------------------------------------------------

Size of A & B are not power of 2:
Next 2 power of 15 = 16
Value to be padded = 1
--------------------------------------------------

==================== Print (N)^2 padded matrix system =======================
Padded shape of A: (15, 15)x(15, 15) -> (16, 16)x(16, 16)
Padded shape of B: (15,) -> (16,)
Determinant of padded matrix: 1.986942747442455e-05
Condition # of padded matrix: 72.22715994099062


Matrix is not Hermitian. Making it Hermitian.......

==================== Print Hermitian matrix system info =======================
Shape of hermitian A: 16x16 -> 32x32
Shape of           B: 16 -> 32
Determinant of Hermitian matrix: 3.947941481614186e-10
Condition # of Hermitian matrix: 72.22715994099052

=================================== Generating HHL circuit ===================================
Time elapsed for generating HHL circuit: 0 min 9.06 sec

Generated circuit: num_qubits=14, gates=19, depth=5
============================== Generated Circuit saved ==============================

============================== Transpiling circuit ==============================
This is using the AerSimulator('aer_simulator_statevector') transpiler.
Time elapsed for transpiling the circuit:  0 min 1.64 sec
Transpiled circuit, num_qubits: 14, (original: 14)
Transpiled circuit depth: 22395 (original: 5)
Transpiled circuit gates: 22499 (original: 19)
============================== Transpiled Circuit saved ==============================
Time elapsed for running the circuit:  0 min 1.98 sec
total_qubits: 14, nq:5

Time elapsed for extracting shots-based hhl counts solution:  0 min 0.00 sec

[HHL info]: linear system residual (e=||Ax-b||_2): 2.0401488656880824
[HHL info]: Fidelity(true_sol, hhl_sol): 0.8803000003024324
[HHL info]: L2 error (absolute): 0.11050402877350045
[HHL info]: L2 error (relative): 0.8687732738235182
[HHL info]: L2 error (normalized): 0.35144547503827156

========================================================================================
 Compare system solutions using LU of A, LU sol of A_herm, HHL of Ax=b hermition system
LU sol 	    Herm LU sol    HHL sol    L1_diff(%)
 4.728e-02   4.728e-02   6.166e-03  8.696e+01
-4.628e-03  -4.628e-03  -0.000e+00  1.000e+02
-2.973e-02  -2.973e-02  -4.360e-03  8.534e+01
-9.056e-03  -9.056e-03  -0.000e+00  1.000e+02
 1.552e-02   1.552e-02   4.360e-03  7.190e+01
-5.957e-02  -5.957e-02  -7.552e-03  8.732e+01
-1.725e-02  -1.725e-02  -0.000e+00  1.000e+02
-5.721e-02  -5.721e-02  -7.552e-03  8.680e+01
-2.415e-02  -2.415e-02  -4.360e-03  8.194e+01
 2.327e-02   2.327e-02   0.000e+00  1.000e+02
-2.188e-02  -2.188e-02  -4.360e-03  8.008e+01
-1.247e-02  -1.247e-02  -4.360e-03  6.503e+01
 1.503e-02   1.503e-02   0.000e+00  1.000e+02
 7.808e-03   7.808e-03   0.000e+00  1.000e+02
-5.959e-02  -5.959e-02  -8.720e-03  8.537e+01
========================================================================================

step: 2/15 res:2.3324574917584764, res/res0:0.18847580239731462  dq_norm: [0.00616599 0.00974929 0.01378758]

A info: before HHL prepare:
Spectral radius (A): 2.438e+01, lambda_min:4.217996111181754
condition number(A): 5.781e+00, norm2_cond:71.54546719960626
det(A): 1.295e+16
--------------------------------------------------------------------------------

A_hhl info: after scaling by spectral radius:
Spectral radius (A): 1.000e+00, lambda_min:0.17299199476633859
condition number(A): 5.781e+00, norm2_cond:71.54546719960626
det(A): 2.023e-05, nnz: 11 non zeros per row
--------------------------------------------------------------------------------

Size of A & B are not power of 2:
Next 2 power of 15 = 16
Value to be padded = 1
--------------------------------------------------

==================== Print (N)^2 padded matrix system =======================
Padded shape of A: (15, 15)x(15, 15) -> (16, 16)x(16, 16)
Padded shape of B: (15,) -> (16,)
Determinant of padded matrix: 2.0232170782287562e-05
Condition # of padded matrix: 71.54546719960626


Matrix is not Hermitian. Making it Hermitian.......

==================== Print Hermitian matrix system info =======================
Shape of hermitian A: 16x16 -> 32x32
Shape of           B: 16 -> 32
Determinant of Hermitian matrix: 4.0934073456364757e-10
Condition # of Hermitian matrix: 71.54546719960632

=================================== Generating HHL circuit ===================================
Time elapsed for generating HHL circuit: 0 min 8.72 sec

Generated circuit: num_qubits=14, gates=19, depth=5
============================== Generated Circuit saved ==============================

============================== Transpiling circuit ==============================
This is using the AerSimulator('aer_simulator_statevector') transpiler.
Time elapsed for transpiling the circuit:  0 min 1.65 sec
Transpiled circuit, num_qubits: 14, (original: 14)
Transpiled circuit depth: 22389 (original: 5)
Transpiled circuit gates: 22493 (original: 19)
============================== Transpiled Circuit saved ==============================
Time elapsed for running the circuit:  0 min 1.94 sec
total_qubits: 14, nq:5

Time elapsed for extracting shots-based hhl counts solution:  0 min 0.00 sec

[HHL info]: linear system residual (e=||Ax-b||_2): 1.8137678258611507
[HHL info]: Fidelity(true_sol, hhl_sol): 0.7912216543696201
[HHL info]: L2 error (absolute): 0.0958292383004501
[HHL info]: L2 error (relative): 0.8704615583197192
[HHL info]: L2 error (normalized): 0.470092734409785

========================================================================================
 Compare system solutions using LU of A, LU sol of A_herm, HHL of Ax=b hermition system
LU sol 	    Herm LU sol    HHL sol    L1_diff(%)
 4.144e-02   4.144e-02   4.538e-03  8.905e+01
-4.626e-03  -4.626e-03  -0.000e+00  1.000e+02
-2.513e-02  -2.513e-02  -0.000e+00  1.000e+02
-8.751e-03  -8.751e-03  -0.000e+00  1.000e+02
 1.131e-02   1.131e-02   0.000e+00  1.000e+02
-5.104e-02  -5.104e-02  -7.859e-03  8.460e+01
-1.701e-02  -1.701e-02  -0.000e+00  1.000e+02
-4.980e-02  -4.980e-02  -7.859e-03  8.422e+01
-1.856e-02  -1.856e-02  -0.000e+00  1.000e+02
 2.326e-02   2.326e-02   4.538e-03  8.049e+01
-1.759e-02  -1.759e-02  -6.417e-03  6.353e+01
-8.127e-03  -8.127e-03  -0.000e+00  1.000e+02
 1.478e-02   1.478e-02   0.000e+00  1.000e+02
 7.798e-03   7.798e-03   0.000e+00  1.000e+02
-5.128e-02  -5.128e-02  -7.859e-03  8.467e+01
========================================================================================

step: 3/15 res:2.040919765474211, res/res0:0.16491789959108188  dq_norm: [0.00641719 0.01014646 0.0111149 ]

A info: before HHL prepare:
Spectral radius (A): 2.431e+01, lambda_min:4.181560781812335
condition number(A): 5.814e+00, norm2_cond:70.78172196089062
det(A): 1.233e+16
--------------------------------------------------------------------------------

A_hhl info: after scaling by spectral radius:
Spectral radius (A): 1.000e+00, lambda_min:0.17199856207509578
condition number(A): 5.814e+00, norm2_cond:70.78172196089045
det(A): 2.013e-05, nnz: 11 non zeros per row
--------------------------------------------------------------------------------

Size of A & B are not power of 2:
Next 2 power of 15 = 16
Value to be padded = 1
--------------------------------------------------

==================== Print (N)^2 padded matrix system =======================
Padded shape of A: (15, 15)x(15, 15) -> (16, 16)x(16, 16)
Padded shape of B: (15,) -> (16,)
Determinant of padded matrix: 2.0130244141013716e-05
Condition # of padded matrix: 70.78172196089045


Matrix is not Hermitian. Making it Hermitian.......

==================== Print Hermitian matrix system info =======================
Shape of hermitian A: 16x16 -> 32x32
Shape of           B: 16 -> 32
Determinant of Hermitian matrix: 4.0522672917681696e-10
Condition # of Hermitian matrix: 70.7817219608906

=================================== Generating HHL circuit ===================================
Time elapsed for generating HHL circuit: 0 min 8.80 sec

Generated circuit: num_qubits=14, gates=19, depth=5
============================== Generated Circuit saved ==============================

============================== Transpiling circuit ==============================
This is using the AerSimulator('aer_simulator_statevector') transpiler.
Time elapsed for transpiling the circuit:  0 min 1.95 sec
Transpiled circuit, num_qubits: 14, (original: 14)
Transpiled circuit depth: 22391 (original: 5)
Transpiled circuit gates: 22495 (original: 19)
============================== Transpiled Circuit saved ==============================
Time elapsed for running the circuit:  0 min 1.96 sec
total_qubits: 14, nq:5

Time elapsed for extracting shots-based hhl counts solution:  0 min 0.00 sec

[HHL info]: linear system residual (e=||Ax-b||_2): 1.543594511732966
[HHL info]: Fidelity(true_sol, hhl_sol): 0.7578871805938436
[HHL info]: L2 error (absolute): 0.07139042626424402
[HHL info]: L2 error (relative): 0.7484731911106233
[HHL info]: L2 error (normalized): 0.5087884426741592

========================================================================================
 Compare system solutions using LU of A, LU sol of A_herm, HHL of Ax=b hermition system
LU sol 	    Herm LU sol    HHL sol    L1_diff(%)
 3.706e-02   3.706e-02   1.500e-02  5.953e+01
-4.638e-03  -4.638e-03  -0.000e+00  1.000e+02
-2.511e-02  -2.511e-02  -0.000e+00  1.000e+02
-8.501e-03  -8.501e-03  -0.000e+00  1.000e+02
 1.151e-02   1.151e-02   0.000e+00  1.000e+02
-4.253e-02  -4.253e-02  -1.643e-02  6.136e+01
-1.652e-02  -1.652e-02  -0.000e+00  1.000e+02
-4.194e-02  -4.194e-02  -9.487e-03  7.738e+01
-1.673e-02  -1.673e-02  -0.000e+00  1.000e+02
 1.916e-02   1.916e-02   6.708e-03  6.499e+01
-1.137e-02  -1.137e-02  -0.000e+00  1.000e+02
-7.905e-03  -7.905e-03  -0.000e+00  1.000e+02
 1.459e-02   1.459e-02   9.487e-03  3.497e+01
 7.762e-03   7.762e-03   0.000e+00  1.000e+02
-4.376e-02  -4.376e-02  -1.162e-02  7.345e+01
========================================================================================

step: 4/15 res:1.8152212567116168, res/res0:0.14668017920851806  dq_norm: [0.01897376 0.00948688 0.02012471]

A info: before HHL prepare:
Spectral radius (A): 2.417e+01, lambda_min:4.073707200082944
condition number(A): 5.933e+00, norm2_cond:70.23912112483279
det(A): 1.038e+16
--------------------------------------------------------------------------------

A_hhl info: after scaling by spectral radius:
Spectral radius (A): 1.000e+00, lambda_min:0.16855185586825036
condition number(A): 5.933e+00, norm2_cond:70.23912112483268
det(A): 1.851e-05, nnz: 11 non zeros per row
--------------------------------------------------------------------------------

Size of A & B are not power of 2:
Next 2 power of 15 = 16
Value to be padded = 1
--------------------------------------------------

==================== Print (N)^2 padded matrix system =======================
Padded shape of A: (15, 15)x(15, 15) -> (16, 16)x(16, 16)
Padded shape of B: (15,) -> (16,)
Determinant of padded matrix: 1.850679986655773e-05
Condition # of padded matrix: 70.23912112483268


Matrix is not Hermitian. Making it Hermitian.......

==================== Print Hermitian matrix system info =======================
Shape of hermitian A: 16x16 -> 32x32
Shape of           B: 16 -> 32
Determinant of Hermitian matrix: 3.425016413008212e-10
Condition # of Hermitian matrix: 70.23912112483272

=================================== Generating HHL circuit ===================================
Time elapsed for generating HHL circuit: 0 min 8.94 sec

Generated circuit: num_qubits=14, gates=19, depth=5
============================== Generated Circuit saved ==============================

============================== Transpiling circuit ==============================
This is using the AerSimulator('aer_simulator_statevector') transpiler.
Time elapsed for transpiling the circuit:  0 min 1.65 sec
Transpiled circuit, num_qubits: 14, (original: 14)
Transpiled circuit depth: 22391 (original: 5)
Transpiled circuit gates: 22495 (original: 19)
============================== Transpiled Circuit saved ==============================
Time elapsed for running the circuit:  0 min 1.98 sec
total_qubits: 14, nq:5

Time elapsed for extracting shots-based hhl counts solution:  0 min 0.00 sec

[HHL info]: linear system residual (e=||Ax-b||_2): 1.4286627097061049
[HHL info]: Fidelity(true_sol, hhl_sol): 0.7767778994002492
[HHL info]: L2 error (absolute): 0.06056199470349938
[HHL info]: L2 error (relative): 0.840785002101837
[HHL info]: L2 error (normalized): 0.4871343887955236

========================================================================================
 Compare system solutions using LU of A, LU sol of A_herm, HHL of Ax=b hermition system
LU sol 	    Herm LU sol    HHL sol    L1_diff(%)
 2.249e-02   2.249e-02   5.185e-03  7.694e+01
-4.647e-03  -4.647e-03  -0.000e+00  1.000e+02
-2.506e-02  -2.506e-02  -5.185e-03  7.931e+01
-8.342e-03  -8.342e-03  -0.000e+00  1.000e+02
 1.161e-02   1.161e-02   0.000e+00  1.000e+02
-2.539e-02  -2.539e-02  -4.234e-03  8.333e+01
-1.630e-02  -1.630e-02  -2.994e-03  8.163e+01
-3.241e-02  -3.241e-02  -4.234e-03  8.694e+01
-1.529e-02  -1.529e-02  -0.000e+00  1.000e+02
 1.255e-02   1.255e-02   0.000e+00  1.000e+02
-1.162e-02  -1.162e-02  -0.000e+00  1.000e+02
-8.438e-03  -8.438e-03  -0.000e+00  1.000e+02
 4.596e-03   4.596e-03   0.000e+00  1.000e+02
 7.655e-03   7.655e-03   0.000e+00  1.000e+02
-3.451e-02  -3.451e-02  -8.981e-03  7.397e+01
========================================================================================

step: 5/15 res:1.545946021896601, res/res0:0.1249212120561423  dq_norm: [0.00598731 0.00423366 0.01120122]

A info: before HHL prepare:
Spectral radius (A): 2.418e+01, lambda_min:4.091078843267254
condition number(A): 5.911e+00, norm2_cond:69.81219950944374
det(A): 1.040e+16
--------------------------------------------------------------------------------

A_hhl info: after scaling by spectral radius:
Spectral radius (A): 1.000e+00, lambda_min:0.1691900106926999
condition number(A): 5.911e+00, norm2_cond:69.8121995094439
det(A): 1.840e-05, nnz: 11 non zeros per row
--------------------------------------------------------------------------------

Size of A & B are not power of 2:
Next 2 power of 15 = 16
Value to be padded = 1
--------------------------------------------------

==================== Print (N)^2 padded matrix system =======================
Padded shape of A: (15, 15)x(15, 15) -> (16, 16)x(16, 16)
Padded shape of B: (15,) -> (16,)
Determinant of padded matrix: 1.8404371187477868e-05
Condition # of padded matrix: 69.8121995094439


Matrix is not Hermitian. Making it Hermitian.......

==================== Print Hermitian matrix system info =======================
Shape of hermitian A: 16x16 -> 32x32
Shape of           B: 16 -> 32
Determinant of Hermitian matrix: 3.387208788064655e-10
Condition # of Hermitian matrix: 69.81219950944399

=================================== Generating HHL circuit ===================================
Time elapsed for generating HHL circuit: 0 min 8.86 sec

Generated circuit: num_qubits=14, gates=19, depth=5
============================== Generated Circuit saved ==============================

============================== Transpiling circuit ==============================
This is using the AerSimulator('aer_simulator_statevector') transpiler.
Time elapsed for transpiling the circuit:  0 min 1.70 sec
Transpiled circuit, num_qubits: 14, (original: 14)
Transpiled circuit depth: 22395 (original: 5)
Transpiled circuit gates: 22499 (original: 19)
============================== Transpiled Circuit saved ==============================
Time elapsed for running the circuit:  0 min 1.95 sec
total_qubits: 14, nq:5

Time elapsed for extracting shots-based hhl counts solution:  0 min 0.00 sec

[HHL info]: linear system residual (e=||Ax-b||_2): 0.943509225978225
[HHL info]: Fidelity(true_sol, hhl_sol): 0.7451531832710827
[HHL info]: L2 error (absolute): 0.033626348472840184
[HHL info]: L2 error (relative): 0.5559848183427722
[HHL info]: L2 error (normalized): 0.5230247466285736

========================================================================================
 Compare system solutions using LU of A, LU sol of A_herm, HHL of Ax=b hermition system
LU sol 	    Herm LU sol    HHL sol    L1_diff(%)
 1.742e-02   1.742e-02   1.749e-02  3.838e-01
-4.629e-03  -4.629e-03  -0.000e+00  1.000e+02
-1.982e-02  -1.982e-02  -8.745e-03  5.587e+01
-8.335e-03  -8.335e-03  -0.000e+00  1.000e+02
 1.156e-02   1.156e-02   1.237e-02  7.002e+00
-2.110e-02  -2.110e-02  -1.237e-02  4.139e+01
-1.333e-02  -1.333e-02  -8.745e-03  3.440e+01
-2.816e-02  -2.816e-02  -1.515e-02  4.622e+01
-1.513e-02  -1.513e-02  -0.000e+00  1.000e+02
 1.254e-02   1.254e-02   0.000e+00  1.000e+02
-1.161e-02  -1.161e-02  -0.000e+00  1.000e+02
-8.479e-03  -8.479e-03  -0.000e+00  1.000e+02
 4.553e-03   4.553e-03   0.000e+00  1.000e+02
 7.641e-03   7.641e-03   8.745e-03  1.445e+01
-2.548e-02  -2.548e-02  -1.955e-02  2.325e+01
========================================================================================

step: 6/15 res:1.4288991232256445, res/res0:0.11546315838396415  dq_norm: [0.01955436 0.02142073 0.02473453]

A info: before HHL prepare:
Spectral radius (A): 2.421e+01, lambda_min:4.222579085785492
condition number(A): 5.733e+00, norm2_cond:68.03712276469967
det(A): 1.122e+16
--------------------------------------------------------------------------------

A_hhl info: after scaling by spectral radius:
Spectral radius (A): 1.000e+00, lambda_min:0.1744277459525113
condition number(A): 5.733e+00, norm2_cond:68.03712276469977
det(A): 1.953e-05, nnz: 11 non zeros per row
--------------------------------------------------------------------------------

Size of A & B are not power of 2:
Next 2 power of 15 = 16
Value to be padded = 1
--------------------------------------------------

==================== Print (N)^2 padded matrix system =======================
Padded shape of A: (15, 15)x(15, 15) -> (16, 16)x(16, 16)
Padded shape of B: (15,) -> (16,)
Determinant of padded matrix: 1.952640302416816e-05
Condition # of padded matrix: 68.03712276469977


Matrix is not Hermitian. Making it Hermitian.......

==================== Print Hermitian matrix system info =======================
Shape of hermitian A: 16x16 -> 32x32
Shape of           B: 16 -> 32
Determinant of Hermitian matrix: 3.8128041506224616e-10
Condition # of Hermitian matrix: 68.03712276469975

=================================== Generating HHL circuit ===================================
Time elapsed for generating HHL circuit: 0 min 8.91 sec

Generated circuit: num_qubits=14, gates=19, depth=5
============================== Generated Circuit saved ==============================

============================== Transpiling circuit ==============================
This is using the AerSimulator('aer_simulator_statevector') transpiler.
Time elapsed for transpiling the circuit:  0 min 1.68 sec
Transpiled circuit, num_qubits: 14, (original: 14)
Transpiled circuit depth: 22391 (original: 5)
Transpiled circuit gates: 22495 (original: 19)
============================== Transpiled Circuit saved ==============================
Time elapsed for running the circuit:  0 min 1.97 sec
total_qubits: 14, nq:5

Time elapsed for extracting shots-based hhl counts solution:  0 min 0.00 sec

[HHL info]: linear system residual (e=||Ax-b||_2): 0.6554282868510104
[HHL info]: Fidelity(true_sol, hhl_sol): 0.3694650445273106
[HHL info]: L2 error (absolute): 0.026222561093879958
[HHL info]: L2 error (relative): 0.794617410917867
[HHL info]: L2 error (normalized): 0.885622534399892

========================================================================================
 Compare system solutions using LU of A, LU sol of A_herm, HHL of Ax=b hermition system
LU sol 	    Herm LU sol    HHL sol    L1_diff(%)
 2.413e-04   2.413e-04   0.000e+00  1.000e+02
-4.534e-03  -4.534e-03  -0.000e+00  1.000e+02
-1.049e-02  -1.049e-02  -0.000e+00  1.000e+02
-8.138e-03  -8.138e-03  -9.409e-03  1.562e+01
-9.588e-04  -9.588e-04  -0.000e+00  1.000e+02
-8.199e-03  -8.199e-03  -0.000e+00  1.000e+02
-4.623e-03  -4.623e-03  -0.000e+00  1.000e+02
-1.313e-02  -1.313e-02  -0.000e+00  1.000e+02
-1.456e-02  -1.456e-02  -1.630e-02  1.191e+01
 1.246e-02   1.246e-02   0.000e+00  1.000e+02
-1.149e-02  -1.149e-02  -9.409e-03  1.813e+01
-8.761e-03  -8.761e-03  -0.000e+00  1.000e+02
 4.470e-03   4.470e-03   0.000e+00  1.000e+02
-1.088e-03  -1.088e-03  -0.000e+00  1.000e+02
-5.729e-03  -5.729e-03  -0.000e+00  1.000e+02
========================================================================================

step: 7/15 res:0.944173811369498, res/res0:0.0762946022935812  dq_norm: [0.00940881 0.00940881 0.01629653]

A info: before HHL prepare:
Spectral radius (A): 2.419e+01, lambda_min:4.217244654354933
condition number(A): 5.736e+00, norm2_cond:67.8004512009149
det(A): 1.137e+16
--------------------------------------------------------------------------------

A_hhl info: after scaling by spectral radius:
Spectral radius (A): 1.000e+00, lambda_min:0.17434675910604397
condition number(A): 5.736e+00, norm2_cond:67.80045120091484
det(A): 2.002e-05, nnz: 11 non zeros per row
--------------------------------------------------------------------------------

Size of A & B are not power of 2:
Next 2 power of 15 = 16
Value to be padded = 1
--------------------------------------------------

==================== Print (N)^2 padded matrix system =======================
Padded shape of A: (15, 15)x(15, 15) -> (16, 16)x(16, 16)
Padded shape of B: (15,) -> (16,)
Determinant of padded matrix: 2.002333296087033e-05
Condition # of padded matrix: 67.80045120091484


Matrix is not Hermitian. Making it Hermitian.......

==================== Print Hermitian matrix system info =======================
Shape of hermitian A: 16x16 -> 32x32
Shape of           B: 16 -> 32
Determinant of Hermitian matrix: 4.0093386286188037e-10
Condition # of Hermitian matrix: 67.80045120091499

=================================== Generating HHL circuit ===================================
Time elapsed for generating HHL circuit: 0 min 8.73 sec

Generated circuit: num_qubits=14, gates=19, depth=5
============================== Generated Circuit saved ==============================

============================== Transpiling circuit ==============================
This is using the AerSimulator('aer_simulator_statevector') transpiler.
Time elapsed for transpiling the circuit:  0 min 1.68 sec
Transpiled circuit, num_qubits: 14, (original: 14)
Transpiled circuit depth: 22395 (original: 5)
Transpiled circuit gates: 22499 (original: 19)
============================== Transpiled Circuit saved ==============================
Time elapsed for running the circuit:  0 min 1.96 sec
total_qubits: 14, nq:5

Time elapsed for extracting shots-based hhl counts solution:  0 min 0.00 sec

[HHL info]: linear system residual (e=||Ax-b||_2): 0.471841924639702
[HHL info]: Fidelity(true_sol, hhl_sol): 0.6951516612489517
[HHL info]: L2 error (absolute): 0.021112100744953163
[HHL info]: L2 error (relative): 0.8093602568816305
[HHL info]: L2 error (normalized): 0.576615026794421

========================================================================================
 Compare system solutions using LU of A, LU sol of A_herm, HHL of Ax=b hermition system
LU sol 	    Herm LU sol    HHL sol    L1_diff(%)
 2.458e-04   2.458e-04   0.000e+00  1.000e+02
-4.529e-03  -4.529e-03  -1.751e-03  6.135e+01
-1.045e-02  -1.045e-02  -2.476e-03  7.631e+01
 1.335e-03   1.335e-03   0.000e+00  1.000e+02
-9.248e-04  -9.248e-04  -0.000e+00  1.000e+02
-8.114e-03  -8.114e-03  -0.000e+00  1.000e+02
-4.447e-03  -4.447e-03  -1.751e-03  6.063e+01
-1.306e-02  -1.306e-02  -2.476e-03  8.104e+01
 1.947e-03   1.947e-03   0.000e+00  1.000e+02
 1.261e-02   1.261e-02   3.914e-03  6.897e+01
-2.234e-03  -2.234e-03  -1.751e-03  2.165e+01
-8.364e-03  -8.364e-03  -0.000e+00  1.000e+02
 4.435e-03   4.435e-03   0.000e+00  1.000e+02
-1.123e-03  -1.123e-03  -0.000e+00  1.000e+02
-5.752e-03  -5.752e-03  -1.751e-03  6.957e+01
========================================================================================

step: 8/15 res:0.6544155489920364, res/res0:0.05288049026975584  dq_norm: [0.00428796 0.0035011  0.00303204]

A info: before HHL prepare:
Spectral radius (A): 2.418e+01, lambda_min:4.198885897630683
condition number(A): 5.758e+00, norm2_cond:67.57318864549238
det(A): 1.118e+16
--------------------------------------------------------------------------------

A_hhl info: after scaling by spectral radius:
Spectral radius (A): 1.000e+00, lambda_min:0.17368504697832024
condition number(A): 5.758e+00, norm2_cond:67.57318864549238
det(A): 1.986e-05, nnz: 11 non zeros per row
--------------------------------------------------------------------------------

Size of A & B are not power of 2:
Next 2 power of 15 = 16
Value to be padded = 1
--------------------------------------------------

==================== Print (N)^2 padded matrix system =======================
Padded shape of A: (15, 15)x(15, 15) -> (16, 16)x(16, 16)
Padded shape of B: (15,) -> (16,)
Determinant of padded matrix: 1.9859658327825397e-05
Condition # of padded matrix: 67.57318864549238


Matrix is not Hermitian. Making it Hermitian.......

==================== Print Hermitian matrix system info =======================
Shape of hermitian A: 16x16 -> 32x32
Shape of           B: 16 -> 32
Determinant of Hermitian matrix: 3.94406028897966e-10
Condition # of Hermitian matrix: 67.57318864549262

=================================== Generating HHL circuit ===================================
Time elapsed for generating HHL circuit: 0 min 8.76 sec

Generated circuit: num_qubits=14, gates=19, depth=5
============================== Generated Circuit saved ==============================

============================== Transpiling circuit ==============================
This is using the AerSimulator('aer_simulator_statevector') transpiler.
Time elapsed for transpiling the circuit:  0 min 1.68 sec
Transpiled circuit, num_qubits: 14, (original: 14)
Transpiled circuit depth: 22395 (original: 5)
Transpiled circuit gates: 22499 (original: 19)
============================== Transpiled Circuit saved ==============================
Time elapsed for running the circuit:  0 min 1.98 sec
total_qubits: 14, nq:5

Time elapsed for extracting shots-based hhl counts solution:  0 min 0.00 sec

[HHL info]: linear system residual (e=||Ax-b||_2): 0.25057253300690285
[HHL info]: Fidelity(true_sol, hhl_sol): 0.8545784788211441
[HHL info]: L2 error (absolute): 0.011870448470671677
[HHL info]: L2 error (relative): 0.5594130784088812
[HHL info]: L2 error (normalized): 0.38875663390756693

========================================================================================
 Compare system solutions using LU of A, LU sol of A_herm, HHL of Ax=b hermition system
LU sol 	    Herm LU sol    HHL sol    L1_diff(%)
 2.378e-04   2.378e-04   0.000e+00  1.000e+02
-2.787e-03  -2.787e-03  -0.000e+00  1.000e+02
-8.000e-03  -8.000e-03  -4.771e-03  4.037e+01
 1.332e-03   1.332e-03   0.000e+00  1.000e+02
-9.330e-04  -9.330e-04  -0.000e+00  1.000e+02
-8.127e-03  -8.127e-03  -4.771e-03  4.130e+01
-2.629e-03  -2.629e-03  -2.385e-03  9.278e+00
-1.056e-02  -1.056e-02  -6.311e-03  4.022e+01
 2.135e-03   2.135e-03   0.000e+00  1.000e+02
 8.840e-03   8.840e-03   3.373e-03  6.184e+01
-5.156e-04  -5.156e-04  -0.000e+00  1.000e+02
-8.416e-03  -8.416e-03  -4.132e-03  5.091e+01
 4.422e-03   4.422e-03   0.000e+00  1.000e+02
-1.131e-03  -1.131e-03  -0.000e+00  1.000e+02
-4.095e-03  -4.095e-03  -0.000e+00  1.000e+02
========================================================================================

step: 9/15 res:0.47243475833618565, res/res0:0.038175409615145206  dq_norm: [0.00413153 0.00631102 0.00791128]

A info: before HHL prepare:
Spectral radius (A): 2.414e+01, lambda_min:4.1822393639425535
condition number(A): 5.773e+00, norm2_cond:67.4985520296501
det(A): 1.094e+16
--------------------------------------------------------------------------------

A_hhl info: after scaling by spectral radius:
Spectral radius (A): 1.000e+00, lambda_min:0.1732175895230904
condition number(A): 5.773e+00, norm2_cond:67.49855202965011
det(A): 1.981e-05, nnz: 11 non zeros per row
--------------------------------------------------------------------------------

Size of A & B are not power of 2:
Next 2 power of 15 = 16
Value to be padded = 1
--------------------------------------------------

==================== Print (N)^2 padded matrix system =======================
Padded shape of A: (15, 15)x(15, 15) -> (16, 16)x(16, 16)
Padded shape of B: (15,) -> (16,)
Determinant of padded matrix: 1.9810416092259564e-05
Condition # of padded matrix: 67.49855202965011


Matrix is not Hermitian. Making it Hermitian.......

==================== Print Hermitian matrix system info =======================
Shape of hermitian A: 16x16 -> 32x32
Shape of           B: 16 -> 32
Determinant of Hermitian matrix: 3.9245258574845666e-10
Condition # of Hermitian matrix: 67.49855202964999

=================================== Generating HHL circuit ===================================
Time elapsed for generating HHL circuit: 0 min 9.09 sec

Generated circuit: num_qubits=14, gates=19, depth=5
============================== Generated Circuit saved ==============================

============================== Transpiling circuit ==============================
This is using the AerSimulator('aer_simulator_statevector') transpiler.
Time elapsed for transpiling the circuit:  0 min 1.70 sec
Transpiled circuit, num_qubits: 14, (original: 14)
Transpiled circuit depth: 22395 (original: 5)
Transpiled circuit gates: 22499 (original: 19)
============================== Transpiled Circuit saved ==============================
Time elapsed for running the circuit:  0 min 1.99 sec
total_qubits: 14, nq:5

Time elapsed for extracting shots-based hhl counts solution:  0 min 0.00 sec

[HHL info]: linear system residual (e=||Ax-b||_2): 0.19229872487938682
[HHL info]: Fidelity(true_sol, hhl_sol): 0.7552298131271645
[HHL info]: L2 error (absolute): 0.008952644266872218
[HHL info]: L2 error (relative): 0.7481667040880571
[HHL info]: L2 error (normalized): 0.5117819997188858

========================================================================================
 Compare system solutions using LU of A, LU sol of A_herm, HHL of Ax=b hermition system
LU sol 	    Herm LU sol    HHL sol    L1_diff(%)
 2.411e-04   2.411e-04   0.000e+00  1.000e+02
-2.785e-03  -2.785e-03  -0.000e+00  1.000e+02
-3.231e-03  -3.231e-03  -9.844e-04  6.953e+01
 1.350e-03   1.350e-03   9.844e-04  2.710e+01
-9.306e-04  -9.306e-04  -0.000e+00  1.000e+02
-3.311e-03  -3.311e-03  -0.000e+00  1.000e+02
-2.102e-04  -2.102e-04  -0.000e+00  1.000e+02
-4.253e-03  -4.253e-03  -1.969e-03  5.371e+01
 2.274e-03   2.274e-03   0.000e+00  1.000e+02
 5.533e-03   5.533e-03   1.969e-03  6.442e+01
-5.103e-04  -5.103e-04  -0.000e+00  1.000e+02
-4.392e-03  -4.392e-03  -1.392e-03  6.831e+01
 4.417e-03   4.417e-03   9.844e-04  7.771e+01
-1.127e-03  -1.127e-03  -0.000e+00  1.000e+02
-4.128e-03  -4.128e-03  -9.844e-04  7.615e+01
========================================================================================

step: 10/15 res:0.25128374556142913, res/res0:0.02030515271615384  dq_norm: [0.00241125 0.00196877 0.00196877]

A info: before HHL prepare:
Spectral radius (A): 2.412e+01, lambda_min:4.161605887882557
condition number(A): 5.795e+00, norm2_cond:67.39999840693116
det(A): 1.065e+16
--------------------------------------------------------------------------------

A_hhl info: after scaling by spectral radius:
Spectral radius (A): 1.000e+00, lambda_min:0.17255537002064564
condition number(A): 5.795e+00, norm2_cond:67.39999840693129
det(A): 1.960e-05, nnz: 11 non zeros per row
--------------------------------------------------------------------------------

Size of A & B are not power of 2:
Next 2 power of 15 = 16
Value to be padded = 1
--------------------------------------------------

==================== Print (N)^2 padded matrix system =======================
Padded shape of A: (15, 15)x(15, 15) -> (16, 16)x(16, 16)
Padded shape of B: (15,) -> (16,)
Determinant of padded matrix: 1.9596308211864325e-05
Condition # of padded matrix: 67.39999840693129


Matrix is not Hermitian. Making it Hermitian.......

==================== Print Hermitian matrix system info =======================
Shape of hermitian A: 16x16 -> 32x32
Shape of           B: 16 -> 32
Determinant of Hermitian matrix: 3.840152955343799e-10
Condition # of Hermitian matrix: 67.39999840693126

=================================== Generating HHL circuit ===================================
Time elapsed for generating HHL circuit: 0 min 8.86 sec

Generated circuit: num_qubits=14, gates=19, depth=5
============================== Generated Circuit saved ==============================

============================== Transpiling circuit ==============================
This is using the AerSimulator('aer_simulator_statevector') transpiler.
Time elapsed for transpiling the circuit:  0 min 1.68 sec
Transpiled circuit, num_qubits: 14, (original: 14)
Transpiled circuit depth: 22395 (original: 5)
Transpiled circuit gates: 22499 (original: 19)
============================== Transpiled Circuit saved ==============================
Time elapsed for running the circuit:  0 min 1.99 sec
total_qubits: 14, nq:5

Time elapsed for extracting shots-based hhl counts solution:  0 min 0.00 sec

[HHL info]: linear system residual (e=||Ax-b||_2): 0.18018672505887603
[HHL info]: Fidelity(true_sol, hhl_sol): 0.6730849225997227
[HHL info]: L2 error (absolute): 0.008381755108730037
[HHL info]: L2 error (relative): 0.9322616936051412
[HHL info]: L2 error (normalized): 0.5993037136001892

========================================================================================
 Compare system solutions using LU of A, LU sol of A_herm, HHL of Ax=b hermition system
LU sol 	    Herm LU sol    HHL sol    L1_diff(%)
 2.423e-04   2.423e-04   0.000e+00  1.000e+02
-2.785e-03  -2.785e-03  -1.890e-04  9.321e+01
-2.247e-03  -2.247e-03  -3.273e-04  8.543e+01
 3.728e-04   3.728e-04   0.000e+00  1.000e+02
-9.306e-04  -9.306e-04  -1.890e-04  7.969e+01
-3.298e-03  -3.298e-03  -1.890e-04  9.427e+01
-1.959e-04  -1.959e-04  -0.000e+00  1.000e+02
-2.283e-03  -2.283e-03  -1.890e-04  9.172e+01
 2.318e-03   2.318e-03   0.000e+00  1.000e+02
 3.594e-03   3.594e-03   1.890e-04  9.474e+01
-5.111e-04  -5.111e-04  -0.000e+00  1.000e+02
-3.026e-03  -3.026e-03  -2.673e-04  9.117e+01
 3.446e-03   3.446e-03   4.629e-04  8.657e+01
-1.127e-03  -1.127e-03  -0.000e+00  1.000e+02
-3.158e-03  -3.158e-03  -0.000e+00  1.000e+02
========================================================================================

step: 11/15 res:0.1924799855511836, res/res0:0.015553475186736387  dq_norm: [0.00049999 0.00032732 0.00046291]

A info: before HHL prepare:
Spectral radius (A): 2.411e+01, lambda_min:4.156093374632442
condition number(A): 5.802e+00, norm2_cond:67.41085641373216
det(A): 1.057e+16
--------------------------------------------------------------------------------

A_hhl info: after scaling by spectral radius:
Spectral radius (A): 1.000e+00, lambda_min:0.17235571383733725
condition number(A): 5.802e+00, norm2_cond:67.41085641373235
det(A): 1.951e-05, nnz: 11 non zeros per row
--------------------------------------------------------------------------------

Size of A & B are not power of 2:
Next 2 power of 15 = 16
Value to be padded = 1
--------------------------------------------------

==================== Print (N)^2 padded matrix system =======================
Padded shape of A: (15, 15)x(15, 15) -> (16, 16)x(16, 16)
Padded shape of B: (15,) -> (16,)
Determinant of padded matrix: 1.9506383134702207e-05
Condition # of padded matrix: 67.41085641373235


Matrix is not Hermitian. Making it Hermitian.......

==================== Print Hermitian matrix system info =======================
Shape of hermitian A: 16x16 -> 32x32
Shape of           B: 16 -> 32
Determinant of Hermitian matrix: 3.804989829977919e-10
Condition # of Hermitian matrix: 67.41085641373229

=================================== Generating HHL circuit ===================================
Time elapsed for generating HHL circuit: 0 min 8.67 sec

Generated circuit: num_qubits=14, gates=19, depth=5
============================== Generated Circuit saved ==============================

============================== Transpiling circuit ==============================
This is using the AerSimulator('aer_simulator_statevector') transpiler.
Time elapsed for transpiling the circuit:  0 min 1.99 sec
Transpiled circuit, num_qubits: 14, (original: 14)
Transpiled circuit depth: 22395 (original: 5)
Transpiled circuit gates: 22499 (original: 19)
============================== Transpiled Circuit saved ==============================
Time elapsed for running the circuit:  0 min 1.98 sec
total_qubits: 14, nq:5

Time elapsed for extracting shots-based hhl counts solution:  0 min 0.00 sec

[HHL info]: linear system residual (e=||Ax-b||_2): 0.12838608810248042
[HHL info]: Fidelity(true_sol, hhl_sol): 0.7816084044325743
[HHL info]: L2 error (absolute): 0.005105792162902717
[HHL info]: L2 error (relative): 0.6087980568646547
[HHL info]: L2 error (normalized): 0.4814847922838422

========================================================================================
 Compare system solutions using LU of A, LU sol of A_herm, HHL of Ax=b hermition system
LU sol 	    Herm LU sol    HHL sol    L1_diff(%)
 2.423e-04   2.423e-04   0.000e+00  1.000e+02
-2.596e-03  -2.596e-03  -0.000e+00  1.000e+02
-1.920e-03  -1.920e-03  -1.036e-03  4.608e+01
 3.721e-04   3.721e-04   0.000e+00  1.000e+02
-7.427e-04  -7.427e-04  -1.036e-03  3.944e+01
-3.111e-03  -3.111e-03  -1.794e-03  4.235e+01
-1.958e-04  -1.958e-04  -0.000e+00  1.000e+02
-2.094e-03  -2.094e-03  -1.794e-03  1.436e+01
 2.320e-03   2.320e-03   1.464e-03  3.688e+01
 3.410e-03   3.410e-03   1.036e-03  6.963e+01
-5.099e-04  -5.099e-04  -0.000e+00  1.000e+02
-2.760e-03  -2.760e-03  -1.464e-03  4.693e+01
 2.991e-03   2.991e-03   1.464e-03  5.104e+01
-1.127e-03  -1.127e-03  -0.000e+00  1.000e+02
-3.155e-03  -3.155e-03  -1.036e-03  6.717e+01
========================================================================================

step: 12/15 res:0.18019271642667098, res/res0:0.014560594109290339  dq_norm: [0.00179362 0.0020711  0.00310665]

A info: before HHL prepare:
Spectral radius (A): 2.409e+01, lambda_min:4.135212633041217
condition number(A): 5.826e+00, norm2_cond:67.41537183891701
det(A): 1.028e+16
--------------------------------------------------------------------------------

A_hhl info: after scaling by spectral radius:
Spectral radius (A): 1.000e+00, lambda_min:0.1716308234446123
condition number(A): 5.826e+00, norm2_cond:67.4153718389171
det(A): 1.921e-05, nnz: 11 non zeros per row
--------------------------------------------------------------------------------

Size of A & B are not power of 2:
Next 2 power of 15 = 16
Value to be padded = 1
--------------------------------------------------

==================== Print (N)^2 padded matrix system =======================
Padded shape of A: (15, 15)x(15, 15) -> (16, 16)x(16, 16)
Padded shape of B: (15,) -> (16,)
Determinant of padded matrix: 1.9207875653736303e-05
Condition # of padded matrix: 67.4153718389171


Matrix is not Hermitian. Making it Hermitian.......

==================== Print Hermitian matrix system info =======================
Shape of hermitian A: 16x16 -> 32x32
Shape of           B: 16 -> 32
Determinant of Hermitian matrix: 3.6894248712939717e-10
Condition # of Hermitian matrix: 67.4153718389171

=================================== Generating HHL circuit ===================================
Time elapsed for generating HHL circuit: 0 min 8.45 sec

Generated circuit: num_qubits=14, gates=19, depth=5
============================== Generated Circuit saved ==============================

============================== Transpiling circuit ==============================
This is using the AerSimulator('aer_simulator_statevector') transpiler.
Time elapsed for transpiling the circuit:  0 min 1.98 sec
Transpiled circuit, num_qubits: 14, (original: 14)
Transpiled circuit depth: 22395 (original: 5)
Transpiled circuit gates: 22499 (original: 19)
============================== Transpiled Circuit saved ==============================
Time elapsed for running the circuit:  0 min 1.94 sec
total_qubits: 14, nq:5

Time elapsed for extracting shots-based hhl counts solution:  0 min 0.00 sec

[HHL info]: linear system residual (e=||Ax-b||_2): 0.12097374709015558
[HHL info]: Fidelity(true_sol, hhl_sol): 0.6862084058054526
[HHL info]: L2 error (absolute): 0.004722495084824834
[HHL info]: L2 error (relative): 0.9216707336229142
[HHL info]: L2 error (normalized): 0.5858720494565781

========================================================================================
 Compare system solutions using LU of A, LU sol of A_herm, HHL of Ax=b hermition system
LU sol 	    Herm LU sol    HHL sol    L1_diff(%)
 2.425e-04   2.425e-04   0.000e+00  1.000e+02
-2.596e-03  -2.596e-03  -1.371e-04  9.472e+01
-8.856e-04  -8.856e-04  -0.000e+00  1.000e+02
 3.730e-04   3.730e-04   0.000e+00  1.000e+02
 2.918e-04   2.918e-04   0.000e+00  1.000e+02
-1.316e-03  -1.316e-03  -1.371e-04  8.959e+01
-1.920e-04  -1.920e-04  -0.000e+00  1.000e+02
-3.009e-04  -3.009e-04  -0.000e+00  1.000e+02
 8.746e-04   8.746e-04   0.000e+00  1.000e+02
 2.388e-03   2.388e-03   3.066e-04  8.716e+01
-5.071e-04  -5.071e-04  -0.000e+00  1.000e+02
-1.306e-03  -1.306e-03  -1.371e-04  8.950e+01
 1.544e-03   1.544e-03   0.000e+00  1.000e+02
-1.126e-03  -1.126e-03  -0.000e+00  1.000e+02
-2.122e-03  -2.122e-03  -3.066e-04  8.555e+01
========================================================================================

step: 13/15 res:0.12850836949537361, res/res0:0.010384205560441211  dq_norm: [0.00030656 0.0001371  0.00036272]

A info: before HHL prepare:
Spectral radius (A): 2.409e+01, lambda_min:4.134863846199038
condition number(A): 5.826e+00, norm2_cond:67.38205138192052
det(A): 1.027e+16
--------------------------------------------------------------------------------

A_hhl info: after scaling by spectral radius:
Spectral radius (A): 1.000e+00, lambda_min:0.1716307346595338
condition number(A): 5.826e+00, norm2_cond:67.38205138192046
det(A): 1.921e-05, nnz: 11 non zeros per row
--------------------------------------------------------------------------------

Size of A & B are not power of 2:
Next 2 power of 15 = 16
Value to be padded = 1
--------------------------------------------------

==================== Print (N)^2 padded matrix system =======================
Padded shape of A: (15, 15)x(15, 15) -> (16, 16)x(16, 16)
Padded shape of B: (15,) -> (16,)
Determinant of padded matrix: 1.9210159478052547e-05
Condition # of padded matrix: 67.38205138192046


Matrix is not Hermitian. Making it Hermitian.......

==================== Print Hermitian matrix system info =======================
Shape of hermitian A: 16x16 -> 32x32
Shape of           B: 16 -> 32
Determinant of Hermitian matrix: 3.6903022717221345e-10
Condition # of Hermitian matrix: 67.38205138192063

=================================== Generating HHL circuit ===================================
Time elapsed for generating HHL circuit: 0 min 8.48 sec

Generated circuit: num_qubits=14, gates=19, depth=5
============================== Generated Circuit saved ==============================

============================== Transpiling circuit ==============================
This is using the AerSimulator('aer_simulator_statevector') transpiler.
Time elapsed for transpiling the circuit:  0 min 1.67 sec
Transpiled circuit, num_qubits: 14, (original: 14)
Transpiled circuit depth: 22395 (original: 5)
Transpiled circuit gates: 22499 (original: 19)
============================== Transpiled Circuit saved ==============================
Time elapsed for running the circuit:  0 min 1.87 sec
total_qubits: 14, nq:5

Time elapsed for extracting shots-based hhl counts solution:  0 min 0.00 sec

[HHL info]: linear system residual (e=||Ax-b||_2): 0.11696709233434618
[HHL info]: Fidelity(true_sol, hhl_sol): 0.7111887711084549
[HHL info]: L2 error (absolute): 0.0045823301714252584
[HHL info]: L2 error (relative): 0.9696840271243834
[HHL info]: L2 error (normalized): 0.5597855157658027

========================================================================================
 Compare system solutions using LU of A, LU sol of A_herm, HHL of Ax=b hermition system
LU sol 	    Herm LU sol    HHL sol    L1_diff(%)
 2.424e-04   2.424e-04   4.414e-05  8.179e+01
-2.460e-03  -2.460e-03  -1.081e-04  9.560e+01
-8.859e-04  -8.859e-04  -4.414e-05  9.502e+01
 3.727e-04   3.727e-04   0.000e+00  1.000e+02
 2.915e-04   2.915e-04   0.000e+00  1.000e+02
-1.180e-03  -1.180e-03  -0.000e+00  1.000e+02
-1.911e-04  -1.911e-04  -0.000e+00  1.000e+02
-3.002e-04  -3.002e-04  -0.000e+00  1.000e+02
 8.764e-04   8.764e-04   0.000e+00  1.000e+02
 2.083e-03   2.083e-03   8.829e-05  9.576e+01
-5.079e-04  -5.079e-04  -0.000e+00  1.000e+02
-1.171e-03  -1.171e-03  -0.000e+00  1.000e+02
 1.543e-03   1.543e-03   4.414e-05  9.714e+01
-1.126e-03  -1.126e-03  -0.000e+00  1.000e+02
-1.819e-03  -1.819e-03  -6.243e-05  9.657e+01
========================================================================================

step: 14/15 res:0.12097580092941129, res/res0:0.00977553127179975  dq_norm: [1.08130704e-04 1.08130704e-04 7.64599541e-05]
Completed: 14 steps in 197.40s
Saved metadata to /lustre/orion/stf006/scratch/4klornl/fvm_euler_1d_solver/output_parallel_shots/trials2/statevector/shots_10000/trial_5/metadata_nelem5_HHL_statevector_nshots10000.pkl

Solution summary:
  x/L: [0.1000, 0.9000]
  Mach: [1.5242, 2.1626]
  p/p_in: [0.9781, 0.3636]
  rho/rho_in: [0.9873, 0.4823]
Saved combined plot to /lustre/orion/stf006/scratch/4klornl/fvm_euler_1d_solver/output_parallel_shots/trials2/statevector/shots_10000/trial_5/solution_plot_nelem5_HHL_statevector_nshots10000.png
