
------------------------------------------------------------
Using ideal local simulator with 'statevector' method
Backend: aer_simulator_statevector
Shots: 100000
------------------------------------------------------------

A info: before HHL prepare:
Spectral radius (A): 9.808e+01, lambda_min:5.866129498146235
condition number(A): 1.672e+01, norm2_cond:401.8614855890083
det(A): 2.657e+93
--------------------------------------------------------------------------------

A_hhl info: after scaling by spectral radius:
Spectral radius (A): 1.000e+00, lambda_min:0.05980937346031271
condition number(A): 1.672e+01, norm2_cond:401.8614855890105
det(A): 8.499e-27, nnz: 12 non zeros per row
--------------------------------------------------------------------------------

Size of A & B are not power of 2:
Next 2 power of 60 = 64
Value to be padded = 4
--------------------------------------------------

==================== Print (N)^2 padded matrix system =======================
Padded shape of A: (60, 60)x(60, 60) -> (64, 64)x(64, 64)
Padded shape of B: (60,) -> (64,)
Determinant of padded matrix: 8.499054744892335e-27
Condition # of padded matrix: 401.8614855890105


Matrix is not Hermitian. Making it Hermitian.......

==================== Print Hermitian matrix system info =======================
Shape of hermitian A: 64x64 -> 128x128
Shape of           B: 64 -> 128
Determinant of Hermitian matrix: 7.223393155667588e-53
Condition # of Hermitian matrix: 401.86148558902164

=================================== Generating HHL circuit ===================================
Time elapsed for generating HHL circuit: 4 min 37.70 sec

Generated circuit: num_qubits=18, gates=23, depth=5
============================== Generated Circuit saved ==============================

============================== Transpiling circuit ==============================
This is using the AerSimulator('aer_simulator_statevector') transpiler.
Time elapsed for transpiling the circuit:  0 min 50.14 sec
Transpiled circuit, num_qubits: 18, (original: 18)
Transpiled circuit depth: 464201 (original: 5)
Transpiled circuit gates: 464353 (original: 23)
============================== Transpiled Circuit saved ==============================
Time elapsed for running the circuit:  2 min 34.08 sec
total_qubits: 18, nq:7

Time elapsed for extracting shots-based hhl counts solution:  0 min 0.00 sec

[HHL info]: linear system residual (e=||Ax-b||_2): 20.90368561798628
[HHL info]: Fidelity(true_sol, hhl_sol): 0.992449255065915
[HHL info]: L2 error (absolute): 4.5143798076740165
[HHL info]: L2 error (relative): 0.8345506588053557
[HHL info]: L2 error (normalized): 0.08697730990715376

========================================================================================
 Compare system solutions using LU of A, LU sol of A_herm, HHL of Ax=b hermition system
LU sol 	    Herm LU sol    HHL sol    L1_diff(%)
-2.338e-04  -2.338e-04  -0.000e+00  1.000e+02
-1.963e-04  -1.963e-04  -0.000e+00  1.000e+02
-6.159e-04  -6.159e-04  -0.000e+00  1.000e+02
-8.210e-04  -8.210e-04  -0.000e+00  1.000e+02
-7.266e-04  -7.266e-04  -0.000e+00  1.000e+02
-2.219e-03  -2.219e-03  -0.000e+00  1.000e+02
-1.793e-03  -1.793e-03  -0.000e+00  1.000e+02
-1.753e-03  -1.753e-03  -0.000e+00  1.000e+02
-5.094e-03  -5.094e-03  -0.000e+00  1.000e+02
-3.854e-03  -3.854e-03  -0.000e+00  1.000e+02
-3.983e-03  -3.983e-03  -0.000e+00  1.000e+02
-1.127e-02  -1.127e-02  -0.000e+00  1.000e+02
-9.906e-03  -9.906e-03  -0.000e+00  1.000e+02
-9.642e-03  -9.642e-03  -0.000e+00  1.000e+02
-2.806e-02  -2.806e-02  -0.000e+00  1.000e+02
-2.691e-02  -2.691e-02  -2.218e-02  1.759e+01
-2.384e-02  -2.384e-02  -0.000e+00  1.000e+02
-7.270e-02  -7.270e-02  -0.000e+00  1.000e+02
-6.552e-02  -6.552e-02  -2.218e-02  6.615e+01
-5.523e-02  -5.523e-02  -2.218e-02  5.984e+01
-1.723e-01  -1.723e-01  -2.218e-02  8.713e+01
-1.346e-01  -1.346e-01  -0.000e+00  1.000e+02
-1.143e-01  -1.143e-01  -2.218e-02  8.059e+01
-3.520e-01  -3.520e-01  -4.436e-02  8.740e+01
-2.317e-01  -2.317e-01  -0.000e+00  1.000e+02
-2.062e-01  -2.062e-01  -3.842e-02  8.137e+01
-6.108e-01  -6.108e-01  -1.215e-01  8.011e+01
-3.379e-01  -3.379e-01  -6.274e-02  8.143e+01
-3.187e-01  -3.187e-01  -4.960e-02  8.444e+01
-9.014e-01  -9.014e-01  -1.630e-01  8.192e+01
-4.286e-01  -4.286e-01  -7.683e-02  8.207e+01
-4.234e-01  -4.234e-01  -7.014e-02  8.343e+01
-1.154e+00  -1.154e+00  -2.021e-01  8.249e+01
-4.911e-01  -4.911e-01  -9.410e-02  8.084e+01
-4.997e-01  -4.997e-01  -8.872e-02  8.225e+01
-1.329e+00  -1.329e+00  -2.316e-01  8.258e+01
-5.282e-01  -5.282e-01  -8.872e-02  8.320e+01
-5.462e-01  -5.462e-01  -8.590e-02  8.427e+01
-1.433e+00  -1.433e+00  -2.500e-01  8.256e+01
-5.481e-01  -5.481e-01  -9.410e-02  8.283e+01
-5.715e-01  -5.715e-01  -1.040e-01  8.180e+01
-1.489e+00  -1.489e+00  -2.490e-01  8.328e+01
-5.581e-01  -5.581e-01  -1.016e-01  8.179e+01
-5.842e-01  -5.842e-01  -1.064e-01  8.179e+01
-1.517e+00  -1.517e+00  -2.460e-01  8.378e+01
-5.629e-01  -5.629e-01  -1.016e-01  8.194e+01
-5.904e-01  -5.904e-01  -9.145e-02  8.451e+01
-1.530e+00  -1.530e+00  -2.490e-01  8.373e+01
-5.652e-01  -5.652e-01  -8.299e-02  8.532e+01
-5.933e-01  -5.933e-01  -1.131e-01  8.094e+01
-1.536e+00  -1.536e+00  -2.490e-01  8.379e+01
-5.662e-01  -5.662e-01  -8.590e-02  8.483e+01
-5.946e-01  -5.946e-01  -1.087e-01  8.173e+01
-1.539e+00  -1.539e+00  -2.399e-01  8.441e+01
-5.667e-01  -5.667e-01  -7.997e-02  8.589e+01
-5.952e-01  -5.952e-01  -9.410e-02  8.419e+01
-1.541e+00  -1.541e+00  -2.509e-01  8.371e+01
-5.670e-01  -5.670e-01  -8.590e-02  8.485e+01
-5.955e-01  -5.955e-01  -9.410e-02  8.420e+01
-1.541e+00  -1.541e+00  -2.399e-01  8.443e+01
========================================================================================

step: 0/15 res:22.437797065296795, res/res0:1.0  dq_norm: [0.29173496 0.3128902  0.79074817]

A info: before HHL prepare:
Spectral radius (A): 9.862e+01, lambda_min:6.101236523566553
condition number(A): 1.616e+01, norm2_cond:389.1523061200772
det(A): 6.946e+93
--------------------------------------------------------------------------------

A_hhl info: after scaling by spectral radius:
Spectral radius (A): 1.000e+00, lambda_min:0.061863946316128834
condition number(A): 1.616e+01, norm2_cond:389.15230612007156
det(A): 1.596e-26, nnz: 14 non zeros per row
--------------------------------------------------------------------------------

Size of A & B are not power of 2:
Next 2 power of 60 = 64
Value to be padded = 4
--------------------------------------------------

==================== Print (N)^2 padded matrix system =======================
Padded shape of A: (60, 60)x(60, 60) -> (64, 64)x(64, 64)
Padded shape of B: (60,) -> (64,)
Determinant of padded matrix: 1.5956734170624803e-26
Condition # of padded matrix: 389.15230612007156


Matrix is not Hermitian. Making it Hermitian.......

==================== Print Hermitian matrix system info =======================
Shape of hermitian A: 64x64 -> 128x128
Shape of           B: 64 -> 128
Determinant of Hermitian matrix: 2.5461736539199963e-52
Condition # of Hermitian matrix: 389.1523061200747

=================================== Generating HHL circuit ===================================
Time elapsed for generating HHL circuit: 4 min 52.90 sec

Generated circuit: num_qubits=18, gates=23, depth=5
============================== Generated Circuit saved ==============================

============================== Transpiling circuit ==============================
This is using the AerSimulator('aer_simulator_statevector') transpiler.
Time elapsed for transpiling the circuit:  0 min 54.69 sec
Transpiled circuit, num_qubits: 18, (original: 18)
Transpiled circuit depth: 464195 (original: 5)
Transpiled circuit gates: 464347 (original: 23)
============================== Transpiled Circuit saved ==============================
Time elapsed for running the circuit:  2 min 32.02 sec
total_qubits: 18, nq:7

Time elapsed for extracting shots-based hhl counts solution:  0 min 0.00 sec

[HHL info]: linear system residual (e=||Ax-b||_2): 18.219907451838516
[HHL info]: Fidelity(true_sol, hhl_sol): 0.9899917117896608
[HHL info]: L2 error (absolute): 3.576931775496461
[HHL info]: L2 error (relative): 0.8099563689670786
[HHL info]: L2 error (normalized): 0.10016713916752354

========================================================================================
 Compare system solutions using LU of A, LU sol of A_herm, HHL of Ax=b hermition system
LU sol 	    Herm LU sol    HHL sol    L1_diff(%)
-2.699e-04  -2.699e-04  -0.000e+00  1.000e+02
-2.146e-04  -2.146e-04  -0.000e+00  1.000e+02
-6.921e-04  -6.921e-04  -0.000e+00  1.000e+02
-8.964e-04  -8.964e-04  -0.000e+00  1.000e+02
-7.662e-04  -7.662e-04  -0.000e+00  1.000e+02
-2.378e-03  -2.378e-03  -0.000e+00  1.000e+02
-1.723e-03  -1.723e-03  -0.000e+00  1.000e+02
-1.712e-03  -1.712e-03  -0.000e+00  1.000e+02
-4.950e-03  -4.950e-03  -0.000e+00  1.000e+02
-3.287e-03  -3.287e-03  -0.000e+00  1.000e+02
-3.678e-03  -3.678e-03  -0.000e+00  1.000e+02
-1.009e-02  -1.009e-02  -0.000e+00  1.000e+02
-8.977e-03  -8.977e-03  -2.321e-02  1.585e+02
-9.225e-03  -9.225e-03  -0.000e+00  1.000e+02
-2.594e-02  -2.594e-02  -0.000e+00  1.000e+02
-5.026e-03  -5.026e-03  -0.000e+00  1.000e+02
-2.410e-02  -2.410e-02  -0.000e+00  1.000e+02
-7.273e-02  -7.273e-02  -2.321e-02  6.809e+01
-4.692e-02  -4.692e-02  -2.321e-02  5.054e+01
-3.486e-02  -3.486e-02  -2.321e-02  3.343e+01
-1.593e-01  -1.593e-01  -3.282e-02  7.940e+01
-1.388e-01  -1.388e-01  -3.282e-02  7.635e+01
-9.144e-02  -9.144e-02  -0.000e+00  1.000e+02
-3.132e-01  -3.132e-01  -5.190e-02  8.343e+01
-2.297e-01  -2.297e-01  -2.321e-02  8.990e+01
-1.658e-01  -1.658e-01  -3.282e-02  8.020e+01
-4.760e-01  -4.760e-01  -1.038e-01  7.819e+01
-2.640e-01  -2.640e-01  -3.282e-02  8.757e+01
-2.696e-01  -2.696e-01  -8.368e-02  6.896e+01
-7.103e-01  -7.103e-01  -1.449e-01  7.959e+01
-3.371e-01  -3.371e-01  -5.685e-02  8.314e+01
-3.534e-01  -3.534e-01  -6.141e-02  8.262e+01
-9.167e-01  -9.167e-01  -1.737e-01  8.105e+01
-3.815e-01  -3.815e-01  -7.339e-02  8.076e+01
-4.119e-01  -4.119e-01  -8.040e-02  8.048e+01
-1.060e+00  -1.060e+00  -2.114e-01  8.006e+01
-4.252e-01  -4.252e-01  -7.698e-02  8.190e+01
-4.608e-01  -4.608e-01  -9.569e-02  7.923e+01
-1.147e+00  -1.147e+00  -2.250e-01  8.038e+01
-4.375e-01  -4.375e-01  -6.963e-02  8.409e+01
-4.650e-01  -4.650e-01  -1.012e-01  7.825e+01
-1.202e+00  -1.202e+00  -2.332e-01  8.060e+01
-4.395e-01  -4.395e-01  -8.989e-02  7.955e+01
-4.786e-01  -4.786e-01  -9.569e-02  8.000e+01
-1.232e+00  -1.232e+00  -2.412e-01  8.043e+01
-4.508e-01  -4.508e-01  -6.963e-02  8.455e+01
-5.020e-01  -5.020e-01  -9.284e-02  8.151e+01
-1.256e+00  -1.256e+00  -2.542e-01  7.976e+01
-4.771e-01  -4.771e-01  -7.698e-02  8.387e+01
-4.790e-01  -4.790e-01  -8.684e-02  8.187e+01
-1.274e+00  -1.274e+00  -2.332e-01  8.169e+01
-4.728e-01  -4.728e-01  -8.368e-02  8.230e+01
-4.850e-01  -4.850e-01  -9.847e-02  7.970e+01
-1.280e+00  -1.280e+00  -2.456e-01  8.081e+01
-4.768e-01  -4.768e-01  -9.847e-02  7.935e+01
-5.009e-01  -5.009e-01  -1.012e-01  7.980e+01
-1.261e+00  -1.261e+00  -2.401e-01  8.097e+01
-4.693e-01  -4.693e-01  -5.190e-02  8.894e+01
-5.014e-01  -5.014e-01  -8.684e-02  8.268e+01
-1.272e+00  -1.272e+00  -2.226e-01  8.249e+01
========================================================================================

step: 1/15 res:20.90100998502641, res/res0:0.931509003499847  dq_norm: [0.24780558 0.30171854 0.74883134]

A info: before HHL prepare:
Spectral radius (A): 9.880e+01, lambda_min:6.413583995821661
condition number(A): 1.541e+01, norm2_cond:373.6614384250728
det(A): 1.386e+94
--------------------------------------------------------------------------------

A_hhl info: after scaling by spectral radius:
Spectral radius (A): 1.000e+00, lambda_min:0.06491170195922583
condition number(A): 1.541e+01, norm2_cond:373.66143842507523
det(A): 2.851e-26, nnz: 14 non zeros per row
--------------------------------------------------------------------------------

Size of A & B are not power of 2:
Next 2 power of 60 = 64
Value to be padded = 4
--------------------------------------------------

==================== Print (N)^2 padded matrix system =======================
Padded shape of A: (60, 60)x(60, 60) -> (64, 64)x(64, 64)
Padded shape of B: (60,) -> (64,)
Determinant of padded matrix: 2.851022676387589e-26
Condition # of padded matrix: 373.66143842507523


Matrix is not Hermitian. Making it Hermitian.......

==================== Print Hermitian matrix system info =======================
Shape of hermitian A: 64x64 -> 128x128
Shape of           B: 64 -> 128
Determinant of Hermitian matrix: 8.128330301276597e-52
Condition # of Hermitian matrix: 373.6614384250697

=================================== Generating HHL circuit ===================================
Time elapsed for generating HHL circuit: 5 min 3.78 sec

Generated circuit: num_qubits=18, gates=23, depth=5
============================== Generated Circuit saved ==============================

============================== Transpiling circuit ==============================
This is using the AerSimulator('aer_simulator_statevector') transpiler.
Time elapsed for transpiling the circuit:  0 min 49.20 sec
Transpiled circuit, num_qubits: 18, (original: 18)
Transpiled circuit depth: 464196 (original: 5)
Transpiled circuit gates: 464348 (original: 23)
============================== Transpiled Circuit saved ==============================
Time elapsed for running the circuit:  2 min 29.48 sec
total_qubits: 18, nq:7

Time elapsed for extracting shots-based hhl counts solution:  0 min 0.00 sec

[HHL info]: linear system residual (e=||Ax-b||_2): 14.933403966719963
[HHL info]: Fidelity(true_sol, hhl_sol): 0.990487202856996
[HHL info]: L2 error (absolute): 2.4485629191448917
[HHL info]: L2 error (relative): 0.6982688364335191
[HHL info]: L2 error (normalized): 0.09765003184841499

========================================================================================
 Compare system solutions using LU of A, LU sol of A_herm, HHL of Ax=b hermition system
LU sol 	    Herm LU sol    HHL sol    L1_diff(%)
-2.289e-04  -2.289e-04  -0.000e+00  1.000e+02
-1.942e-04  -1.942e-04  -0.000e+00  1.000e+02
-6.039e-04  -6.039e-04  -0.000e+00  1.000e+02
-8.378e-04  -8.378e-04  -0.000e+00  1.000e+02
-7.345e-04  -7.345e-04  -0.000e+00  1.000e+02
-2.260e-03  -2.260e-03  -0.000e+00  1.000e+02
-1.884e-03  -1.884e-03  -0.000e+00  1.000e+02
-1.771e-03  -1.771e-03  -0.000e+00  1.000e+02
-5.294e-03  -5.294e-03  -0.000e+00  1.000e+02
-4.108e-03  -4.108e-03  -0.000e+00  1.000e+02
-4.136e-03  -4.136e-03  -0.000e+00  1.000e+02
-1.176e-02  -1.176e-02  -0.000e+00  1.000e+02
 1.320e-02   1.320e-02   0.000e+00  1.000e+02
-9.530e-03  -9.530e-03  -0.000e+00  1.000e+02
-2.741e-02  -2.741e-02  -0.000e+00  1.000e+02
-3.594e-03  -3.594e-03  -0.000e+00  1.000e+02
-2.303e-02  -2.303e-02  -0.000e+00  1.000e+02
-4.667e-02  -4.667e-02  -3.016e-02  3.539e+01
-1.917e-02  -1.917e-02  -0.000e+00  1.000e+02
-1.011e-02  -1.011e-02  -0.000e+00  1.000e+02
-1.161e-01  -1.161e-01  -7.979e-02  3.130e+01
-1.041e-01  -1.041e-01  -5.223e-02  4.981e+01
-9.505e-02  -9.505e-02  -3.016e-02  6.827e+01
-2.574e-01  -2.574e-01  -7.387e-02  7.130e+01
-2.098e-01  -2.098e-01  -6.031e-02  7.125e+01
-1.335e-01  -1.335e-01  -5.223e-02  6.087e+01
-3.744e-01  -3.744e-01  -1.477e-01  6.054e+01
-2.301e-01  -2.301e-01  -9.047e-02  6.068e+01
-1.828e-01  -1.828e-01  -6.031e-02  6.701e+01
-5.602e-01  -5.602e-01  -1.907e-01  6.595e+01
-2.735e-01  -2.735e-01  -5.223e-02  8.090e+01
-2.925e-01  -2.925e-01  -9.536e-02  6.740e+01
-7.242e-01  -7.242e-01  -2.336e-01  6.774e+01
-3.015e-01  -3.015e-01  -7.387e-02  7.550e+01
-3.333e-01  -3.333e-01  -9.536e-02  7.139e+01
-8.311e-01  -8.311e-01  -2.541e-01  6.943e+01
-3.422e-01  -3.422e-01  -1.128e-01  6.702e+01
-3.644e-01  -3.644e-01  -1.243e-01  6.588e+01
-9.050e-01  -9.050e-01  -2.680e-01  7.038e+01
-3.607e-01  -3.607e-01  -1.000e-01  7.227e+01
-3.636e-01  -3.636e-01  -1.128e-01  6.897e+01
-9.485e-01  -9.485e-01  -3.061e-01  6.773e+01
-3.405e-01  -3.405e-01  -1.168e-01  6.569e+01
-3.839e-01  -3.839e-01  -1.045e-01  7.279e+01
-9.669e-01  -9.669e-01  -2.924e-01  6.976e+01
-3.710e-01  -3.710e-01  -9.536e-02  7.430e+01
-4.082e-01  -4.082e-01  -1.243e-01  6.954e+01
-9.703e-01  -9.703e-01  -2.797e-01  7.118e+01
-3.856e-01  -3.856e-01  -9.536e-02  7.527e+01
-3.906e-01  -3.906e-01  -1.087e-01  7.216e+01
-1.002e+00  -1.002e+00  -3.090e-01  6.917e+01
-3.747e-01  -3.747e-01  -1.206e-01  6.781e+01
-3.870e-01  -3.870e-01  -1.314e-01  6.604e+01
-9.989e-01  -9.989e-01  -3.119e-01  6.877e+01
-3.707e-01  -3.707e-01  -9.536e-02  7.428e+01
-4.028e-01  -4.028e-01  -1.243e-01  6.913e+01
-1.003e+00  -1.003e+00  -2.747e-01  7.262e+01
-4.202e-01  -4.202e-01  -1.128e-01  7.315e+01
-4.152e-01  -4.152e-01  -1.349e-01  6.752e+01
-1.043e+00  -1.043e+00  -3.016e-01  7.110e+01
========================================================================================

step: 2/15 res:18.20641165871888, res/res0:0.811417074757203  dq_norm: [0.33716032 0.37786031 0.93728144]

A info: before HHL prepare:
Spectral radius (A): 9.940e+01, lambda_min:6.753109014185675
condition number(A): 1.472e+01, norm2_cond:355.89567363287466
det(A): 5.686e+94
--------------------------------------------------------------------------------

A_hhl info: after scaling by spectral radius:
Spectral radius (A): 1.000e+00, lambda_min:0.06793885752606756
condition number(A): 1.472e+01, norm2_cond:355.8956736328762
det(A): 8.160e-26, nnz: 14 non zeros per row
--------------------------------------------------------------------------------

Size of A & B are not power of 2:
Next 2 power of 60 = 64
Value to be padded = 4
--------------------------------------------------

==================== Print (N)^2 padded matrix system =======================
Padded shape of A: (60, 60)x(60, 60) -> (64, 64)x(64, 64)
Padded shape of B: (60,) -> (64,)
Determinant of padded matrix: 8.160262036384242e-26
Condition # of padded matrix: 355.8956736328762


Matrix is not Hermitian. Making it Hermitian.......

==================== Print Hermitian matrix system info =======================
Shape of hermitian A: 64x64 -> 128x128
Shape of           B: 64 -> 128
Determinant of Hermitian matrix: 6.658987650245768e-51
Condition # of Hermitian matrix: 355.89567363287676

=================================== Generating HHL circuit ===================================
Time elapsed for generating HHL circuit: 5 min 9.96 sec

Generated circuit: num_qubits=18, gates=23, depth=5
============================== Generated Circuit saved ==============================

============================== Transpiling circuit ==============================
This is using the AerSimulator('aer_simulator_statevector') transpiler.
Time elapsed for transpiling the circuit:  0 min 41.86 sec
Transpiled circuit, num_qubits: 18, (original: 18)
Transpiled circuit depth: 464197 (original: 5)
Transpiled circuit gates: 464349 (original: 23)
============================== Transpiled Circuit saved ==============================
Time elapsed for running the circuit:  2 min 33.34 sec
total_qubits: 18, nq:7

Time elapsed for extracting shots-based hhl counts solution:  0 min 0.00 sec

[HHL info]: linear system residual (e=||Ax-b||_2): 10.909778069553008
[HHL info]: Fidelity(true_sol, hhl_sol): 0.985803768680197
[HHL info]: L2 error (absolute): 1.5373460860889374
[HHL info]: L2 error (relative): 0.6531024648287662
[HHL info]: L2 error (normalized): 0.1193606945220757

========================================================================================
 Compare system solutions using LU of A, LU sol of A_herm, HHL of Ax=b hermition system
LU sol 	    Herm LU sol    HHL sol    L1_diff(%)
-2.020e-04  -2.020e-04  -0.000e+00  1.000e+02
-1.805e-04  -1.805e-04  -0.000e+00  1.000e+02
-5.474e-04  -5.474e-04  -0.000e+00  1.000e+02
-7.341e-04  -7.341e-04  -0.000e+00  1.000e+02
-6.816e-04  -6.816e-04  -0.000e+00  1.000e+02
-2.039e-03  -2.039e-03  -0.000e+00  1.000e+02
-1.770e-03  -1.770e-03  -0.000e+00  1.000e+02
-1.724e-03  -1.724e-03  -0.000e+00  1.000e+02
-5.048e-03  -5.048e-03  -0.000e+00  1.000e+02
-4.285e-03  -4.285e-03  -0.000e+00  1.000e+02
-4.223e-03  -4.223e-03  -0.000e+00  1.000e+02
-1.212e-02  -1.212e-02  -0.000e+00  1.000e+02
 1.239e-02   1.239e-02   0.000e+00  1.000e+02
-9.856e-03  -9.856e-03  -0.000e+00  1.000e+02
-2.927e-02  -2.927e-02  -0.000e+00  1.000e+02
-4.880e-03  -4.880e-03  -0.000e+00  1.000e+02
-2.397e-02  -2.397e-02  -0.000e+00  1.000e+02
-1.948e-02  -1.948e-02  -0.000e+00  1.000e+02
-1.798e-02  -1.798e-02  -2.684e-02  4.928e+01
-9.390e-03  -9.390e-03  -0.000e+00  1.000e+02
-3.215e-02  -3.215e-02  -0.000e+00  1.000e+02
-4.453e-02  -4.453e-02  -2.684e-02  3.972e+01
-6.260e-02  -6.260e-02  -0.000e+00  1.000e+02
-1.699e-01  -1.699e-01  -8.053e-02  5.259e+01
-1.390e-01  -1.390e-01  -6.575e-02  5.270e+01
-8.206e-02  -8.206e-02  -3.796e-02  5.374e+01
-2.061e-01  -2.061e-01  -9.299e-02  5.489e+01
-1.334e-01  -1.334e-01  -2.684e-02  7.987e+01
-1.257e-01  -1.257e-01  -0.000e+00  1.000e+02
-3.558e-01  -3.558e-01  -1.315e-01  6.305e+01
-2.189e-01  -2.189e-01  -7.102e-02  6.756e+01
-1.953e-01  -1.953e-01  -6.575e-02  6.634e+01
-4.770e-01  -4.770e-01  -1.633e-01  6.577e+01
-2.202e-01  -2.202e-01  -8.903e-02  5.957e+01
-2.372e-01  -2.372e-01  -7.592e-02  6.800e+01
-5.561e-01  -5.561e-01  -1.954e-01  6.486e+01
-2.158e-01  -2.158e-01  -6.002e-02  7.218e+01
-2.386e-01  -2.386e-01  -8.903e-02  6.269e+01
-6.072e-01  -6.072e-01  -2.213e-01  6.355e+01
-2.467e-01  -2.467e-01  -1.107e-01  5.514e+01
-2.517e-01  -2.517e-01  -8.903e-02  6.463e+01
-6.049e-01  -6.049e-01  -2.445e-01  5.957e+01
-2.120e-01  -2.120e-01  -7.592e-02  6.418e+01
-2.810e-01  -2.810e-01  -1.139e-01  5.947e+01
-6.457e-01  -6.457e-01  -2.355e-01  6.352e+01
-2.635e-01  -2.635e-01  -8.053e-02  6.944e+01
-2.810e-01  -2.810e-01  -9.299e-02  6.691e+01
-6.589e-01  -6.589e-01  -2.278e-01  6.543e+01
-2.773e-01  -2.773e-01  -1.004e-01  6.379e+01
-2.836e-01  -2.836e-01  -8.903e-02  6.861e+01
-6.573e-01  -6.573e-01  -2.044e-01  6.890e+01
-2.427e-01  -2.427e-01  -8.053e-02  6.682e+01
-2.564e-01  -2.564e-01  -7.102e-02  7.230e+01
-6.594e-01  -6.594e-01  -2.147e-01  6.744e+01
-2.649e-01  -2.649e-01  -1.040e-01  6.075e+01
-2.772e-01  -2.772e-01  -9.678e-02  6.509e+01
-7.028e-01  -7.028e-01  -2.431e-01  6.541e+01
-2.936e-01  -2.936e-01  -8.903e-02  6.968e+01
-2.801e-01  -2.801e-01  -1.004e-01  6.414e+01
-7.112e-01  -7.112e-01  -2.386e-01  6.645e+01
========================================================================================

step: 3/15 res:14.966497332484026, res/res0:0.6670216906289708  dq_norm: [0.28785378 0.28533973 0.71925889]

A info: before HHL prepare:
Spectral radius (A): 1.004e+02, lambda_min:6.913023738292198
condition number(A): 1.452e+01, norm2_cond:342.6919920256034
det(A): 3.641e+95
--------------------------------------------------------------------------------

A_hhl info: after scaling by spectral radius:
Spectral radius (A): 1.000e+00, lambda_min:0.0688608265770015
condition number(A): 1.452e+01, norm2_cond:342.6919920256001
det(A): 2.880e-25, nnz: 14 non zeros per row
--------------------------------------------------------------------------------

Size of A & B are not power of 2:
Next 2 power of 60 = 64
Value to be padded = 4
--------------------------------------------------

==================== Print (N)^2 padded matrix system =======================
Padded shape of A: (60, 60)x(60, 60) -> (64, 64)x(64, 64)
Padded shape of B: (60,) -> (64,)
Determinant of padded matrix: 2.8802003945075197e-25
Condition # of padded matrix: 342.6919920256001


Matrix is not Hermitian. Making it Hermitian.......

==================== Print Hermitian matrix system info =======================
Shape of hermitian A: 64x64 -> 128x128
Shape of           B: 64 -> 128
Determinant of Hermitian matrix: 8.295554312521627e-50
Condition # of Hermitian matrix: 342.69199202560645

=================================== Generating HHL circuit ===================================
Time elapsed for generating HHL circuit: 5 min 12.13 sec

Generated circuit: num_qubits=18, gates=23, depth=5
============================== Generated Circuit saved ==============================

============================== Transpiling circuit ==============================
This is using the AerSimulator('aer_simulator_statevector') transpiler.
Time elapsed for transpiling the circuit:  0 min 43.41 sec
Transpiled circuit, num_qubits: 18, (original: 18)
Transpiled circuit depth: 464205 (original: 5)
Transpiled circuit gates: 464357 (original: 23)
============================== Transpiled Circuit saved ==============================
Time elapsed for running the circuit:  2 min 29.74 sec
total_qubits: 18, nq:7

Time elapsed for extracting shots-based hhl counts solution:  0 min 0.00 sec

[HHL info]: linear system residual (e=||Ax-b||_2): 8.86115305602258
[HHL info]: Fidelity(true_sol, hhl_sol): 0.9797762027176509
[HHL info]: L2 error (absolute): 1.0249785360939005
[HHL info]: L2 error (relative): 0.6976681253446744
[HHL info]: L2 error (normalized): 0.14257312151990603

========================================================================================
 Compare system solutions using LU of A, LU sol of A_herm, HHL of Ax=b hermition system
LU sol 	    Herm LU sol    HHL sol    L1_diff(%)
-1.983e-04  -1.983e-04  -0.000e+00  1.000e+02
-1.788e-04  -1.788e-04  -0.000e+00  1.000e+02
-5.397e-04  -5.397e-04  -0.000e+00  1.000e+02
-6.854e-04  -6.854e-04  -0.000e+00  1.000e+02
-6.563e-04  -6.563e-04  -0.000e+00  1.000e+02
-1.935e-03  -1.935e-03  -0.000e+00  1.000e+02
-1.637e-03  -1.637e-03  -0.000e+00  1.000e+02
-1.659e-03  -1.659e-03  -0.000e+00  1.000e+02
-4.770e-03  -4.770e-03  -0.000e+00  1.000e+02
-4.153e-03  -4.153e-03  -0.000e+00  1.000e+02
-4.152e-03  -4.152e-03  -0.000e+00  1.000e+02
-1.182e-02  -1.182e-02  -0.000e+00  1.000e+02
 1.213e-02   1.213e-02   0.000e+00  1.000e+02
-1.004e-02  -1.004e-02  -0.000e+00  1.000e+02
-2.988e-02  -2.988e-02  -2.297e-02  2.313e+01
-5.835e-03  -5.835e-03  -0.000e+00  1.000e+02
-2.441e-02  -2.441e-02  -0.000e+00  1.000e+02
-2.165e-02  -2.165e-02  -2.814e-02  2.995e+01
 7.950e-03   7.950e-03   0.000e+00  1.000e+02
-9.631e-03  -9.631e-03  -0.000e+00  1.000e+02
-3.344e-02  -3.344e-02  -0.000e+00  1.000e+02
-1.572e-02  -1.572e-02  -0.000e+00  1.000e+02
-6.193e-02  -6.193e-02  -1.624e-02  7.377e+01
-8.481e-02  -8.481e-02  -2.297e-02  7.291e+01
-6.683e-02  -6.683e-02  -2.297e-02  6.562e+01
-4.378e-02  -4.378e-02  -1.624e-02  6.290e+01
-1.048e-01  -1.048e-01  -3.979e-02  6.203e+01
-1.003e-01  -1.003e-01  -3.632e-02  6.378e+01
-1.255e-01  -1.255e-01  -3.632e-02  7.106e+01
-2.077e-01  -2.077e-01  -6.498e-02  6.872e+01
-1.403e-01  -1.403e-01  -4.873e-02  6.525e+01
-1.306e-01  -1.306e-01  -5.388e-02  5.873e+01
-3.005e-01  -3.005e-01  -1.014e-01  6.624e+01
-1.236e-01  -1.236e-01  -4.873e-02  6.056e+01
-1.600e-01  -1.600e-01  -5.388e-02  6.634e+01
-3.444e-01  -3.444e-01  -1.001e-01  7.092e+01
-1.489e-01  -1.489e-01  -5.137e-02  6.550e+01
-1.499e-01  -1.499e-01  -4.873e-02  6.750e+01
-3.665e-01  -3.665e-01  -1.053e-01  7.128e+01
-1.299e-01  -1.299e-01  -4.298e-02  6.692e+01
-1.654e-01  -1.654e-01  -6.078e-02  6.324e+01
-3.477e-01  -3.477e-01  -1.027e-01  7.045e+01
-1.310e-01  -1.310e-01  -4.298e-02  6.719e+01
-1.647e-01  -1.647e-01  -3.979e-02  7.584e+01
-3.967e-01  -3.967e-01  -1.378e-01  6.525e+01
-1.737e-01  -1.737e-01  -3.979e-02  7.709e+01
-1.880e-01  -1.880e-01  -5.627e-02  7.007e+01
-4.115e-01  -4.115e-01  -1.194e-01  7.099e+01
-1.643e-01  -1.643e-01  -5.627e-02  6.575e+01
-1.942e-01  -1.942e-01  -7.958e-02  5.902e+01
-4.285e-01  -4.285e-01  -1.289e-01  6.991e+01
-1.498e-01  -1.498e-01  -4.298e-02  7.130e+01
-1.851e-01  -1.851e-01  -6.498e-02  6.489e+01
-4.146e-01  -4.146e-01  -1.237e-01  7.016e+01
-1.486e-01  -1.486e-01  -1.624e-02  8.907e+01
-1.813e-01  -1.813e-01  -5.388e-02  7.028e+01
-4.324e-01  -4.324e-01  -1.149e-01  7.343e+01
-1.941e-01  -1.941e-01  -6.291e-02  6.759e+01
-1.798e-01  -1.798e-01  -5.137e-02  7.143e+01
-4.485e-01  -4.485e-01  -1.300e-01  7.102e+01
========================================================================================

step: 4/15 res:10.973511375004923, res/res0:0.48906366980103405  dq_norm: [0.15410606 0.18592342 0.38061388]

A info: before HHL prepare:
Spectral radius (A): 1.011e+02, lambda_min:6.909234539646146
condition number(A): 1.463e+01, norm2_cond:339.2596117132912
det(A): 8.064e+95
--------------------------------------------------------------------------------

A_hhl info: after scaling by spectral radius:
Spectral radius (A): 1.000e+00, lambda_min:0.06835019648247026
condition number(A): 1.463e+01, norm2_cond:339.2596117132911
det(A): 4.219e-25, nnz: 14 non zeros per row
--------------------------------------------------------------------------------

Size of A & B are not power of 2:
Next 2 power of 60 = 64
Value to be padded = 4
--------------------------------------------------

==================== Print (N)^2 padded matrix system =======================
Padded shape of A: (60, 60)x(60, 60) -> (64, 64)x(64, 64)
Padded shape of B: (60,) -> (64,)
Determinant of padded matrix: 4.218533351600738e-25
Condition # of padded matrix: 339.2596117132911


Matrix is not Hermitian. Making it Hermitian.......

==================== Print Hermitian matrix system info =======================
Shape of hermitian A: 64x64 -> 128x128
Shape of           B: 64 -> 128
Determinant of Hermitian matrix: 1.7796023638568266e-49
Condition # of Hermitian matrix: 339.25961171329186

=================================== Generating HHL circuit ===================================
Time elapsed for generating HHL circuit: 5 min 11.24 sec

Generated circuit: num_qubits=18, gates=23, depth=5
============================== Generated Circuit saved ==============================

============================== Transpiling circuit ==============================
This is using the AerSimulator('aer_simulator_statevector') transpiler.
Time elapsed for transpiling the circuit:  0 min 54.80 sec
Transpiled circuit, num_qubits: 18, (original: 18)
Transpiled circuit depth: 464205 (original: 5)
Transpiled circuit gates: 464357 (original: 23)
============================== Transpiled Circuit saved ==============================
Time elapsed for running the circuit:  2 min 31.88 sec
total_qubits: 18, nq:7

Time elapsed for extracting shots-based hhl counts solution:  0 min 0.00 sec

[HHL info]: linear system residual (e=||Ax-b||_2): 8.015296410796905
[HHL info]: Fidelity(true_sol, hhl_sol): 0.9730158492445202
[HHL info]: L2 error (absolute): 0.8299641824181289
[HHL info]: L2 error (relative): 0.825392990719989
[HHL info]: L2 error (normalized): 0.16482926050384017

========================================================================================
 Compare system solutions using LU of A, LU sol of A_herm, HHL of Ax=b hermition system
LU sol 	    Herm LU sol    HHL sol    L1_diff(%)
-1.874e-04  -1.874e-04  -0.000e+00  1.000e+02
-1.731e-04  -1.731e-04  -0.000e+00  1.000e+02
-5.180e-04  -5.180e-04  -0.000e+00  1.000e+02
-6.661e-04  -6.661e-04  -0.000e+00  1.000e+02
-6.462e-04  -6.462e-04  -0.000e+00  1.000e+02
-1.890e-03  -1.890e-03  -0.000e+00  1.000e+02
-1.680e-03  -1.680e-03  -0.000e+00  1.000e+02
-1.703e-03  -1.703e-03  -0.000e+00  1.000e+02
-4.859e-03  -4.859e-03  -0.000e+00  1.000e+02
-4.290e-03  -4.290e-03  -0.000e+00  1.000e+02
-4.179e-03  -4.179e-03  -0.000e+00  1.000e+02
-1.209e-02  -1.209e-02  -0.000e+00  1.000e+02
 1.200e-02   1.200e-02   0.000e+00  1.000e+02
-1.002e-02  -1.002e-02  -0.000e+00  1.000e+02
-7.754e-03  -7.754e-03  -0.000e+00  1.000e+02
-5.933e-03  -5.933e-03  -0.000e+00  1.000e+02
-2.436e-02  -2.436e-02  -0.000e+00  1.000e+02
 6.079e-03   6.079e-03   0.000e+00  1.000e+02
 7.893e-03   7.893e-03   0.000e+00  1.000e+02
-9.896e-03  -9.896e-03  -7.445e-03  2.477e+01
-3.384e-02  -3.384e-02  -7.445e-03  7.800e+01
-1.527e-02  -1.527e-02  -0.000e+00  1.000e+02
-4.541e-02  -4.541e-02  -7.445e-03  8.361e+01
-6.067e-02  -6.067e-02  -1.289e-02  7.875e+01
-4.281e-02  -4.281e-02  -7.445e-03  8.261e+01
-2.784e-02  -2.784e-02  -7.445e-03  7.326e+01
-6.414e-02  -6.414e-02  -1.053e-02  8.359e+01
-6.247e-02  -6.247e-02  -1.489e-02  7.617e+01
-8.897e-02  -8.897e-02  -1.824e-02  7.950e+01
-1.413e-01  -1.413e-01  -3.329e-02  7.644e+01
-8.898e-02  -8.898e-02  -1.824e-02  7.951e+01
-7.661e-02  -7.661e-02  -1.489e-02  8.057e+01
-1.954e-01  -1.954e-01  -3.939e-02  7.984e+01
-7.235e-02  -7.235e-02  -1.489e-02  7.942e+01
-1.062e-01  -1.062e-01  -1.824e-02  8.283e+01
-2.390e-01  -2.390e-01  -5.104e-02  7.865e+01
-9.482e-02  -9.482e-02  -7.445e-03  9.215e+01
-1.016e-01  -1.016e-01  -2.684e-02  7.358e+01
-2.569e-01  -2.569e-01  -4.708e-02  8.167e+01
-8.420e-02  -8.420e-02  -2.469e-02  7.067e+01
-1.037e-01  -1.037e-01  -1.824e-02  8.242e+01
-2.391e-01  -2.391e-01  -3.939e-02  8.352e+01
-8.514e-02  -8.514e-02  -1.289e-02  8.486e+01
-1.251e-01  -1.251e-01  -2.106e-02  8.317e+01
-2.501e-01  -2.501e-01  -4.404e-02  8.239e+01
-1.322e-01  -1.322e-01  -1.970e-02  8.510e+01
-1.318e-01  -1.318e-01  -2.469e-02  8.127e+01
-2.884e-01  -2.884e-01  -4.404e-02  8.473e+01
-1.084e-01  -1.084e-01  -1.289e-02  8.810e+01
-1.165e-01  -1.165e-01  -2.233e-02  8.083e+01
-3.015e-01  -3.015e-01  -5.158e-02  8.289e+01
-1.086e-01  -1.086e-01  -1.970e-02  8.187e+01
-1.205e-01  -1.205e-01  -2.233e-02  8.147e+01
-2.945e-01  -2.945e-01  -4.528e-02  8.462e+01
-1.293e-01  -1.293e-01  -1.824e-02  8.590e+01
-1.244e-01  -1.244e-01  -1.824e-02  8.534e+01
-3.075e-01  -3.075e-01  -5.471e-02  8.221e+01
-1.197e-01  -1.197e-01  -2.233e-02  8.134e+01
-1.278e-01  -1.278e-01  -1.289e-02  8.991e+01
-2.968e-01  -2.968e-01  -5.317e-02  8.209e+01
========================================================================================

step: 5/15 res:8.877761618581252, res/res0:0.39566101755648536  dq_norm: [0.05861951 0.06823167 0.15419667]

A info: before HHL prepare:
Spectral radius (A): 1.012e+02, lambda_min:6.843738200245703
condition number(A): 1.479e+01, norm2_cond:337.60094218422205
det(A): 1.128e+96
--------------------------------------------------------------------------------

A_hhl info: after scaling by spectral radius:
Spectral radius (A): 1.000e+00, lambda_min:0.06761974116803877
condition number(A): 1.479e+01, norm2_cond:337.60094218422364
det(A): 5.485e-25, nnz: 14 non zeros per row
--------------------------------------------------------------------------------

Size of A & B are not power of 2:
Next 2 power of 60 = 64
Value to be padded = 4
--------------------------------------------------

==================== Print (N)^2 padded matrix system =======================
Padded shape of A: (60, 60)x(60, 60) -> (64, 64)x(64, 64)
Padded shape of B: (60,) -> (64,)
Determinant of padded matrix: 5.485493594432453e-25
Condition # of padded matrix: 337.60094218422364


Matrix is not Hermitian. Making it Hermitian.......

==================== Print Hermitian matrix system info =======================
Shape of hermitian A: 64x64 -> 128x128
Shape of           B: 64 -> 128
Determinant of Hermitian matrix: 3.0090639974560325e-49
Condition # of Hermitian matrix: 337.60094218423086

=================================== Generating HHL circuit ===================================
Time elapsed for generating HHL circuit: 5 min 10.94 sec

Generated circuit: num_qubits=18, gates=23, depth=5
============================== Generated Circuit saved ==============================

============================== Transpiling circuit ==============================
This is using the AerSimulator('aer_simulator_statevector') transpiler.
Time elapsed for transpiling the circuit:  0 min 55.29 sec
Transpiled circuit, num_qubits: 18, (original: 18)
Transpiled circuit depth: 464203 (original: 5)
Transpiled circuit gates: 464355 (original: 23)
============================== Transpiled Circuit saved ==============================
Time elapsed for running the circuit:  2 min 29.72 sec
total_qubits: 18, nq:7

Time elapsed for extracting shots-based hhl counts solution:  0 min 0.00 sec

[HHL info]: linear system residual (e=||Ax-b||_2): 8.067434277065594
[HHL info]: Fidelity(true_sol, hhl_sol): 0.9745476201262074
[HHL info]: L2 error (absolute): 0.7954060521787626
[HHL info]: L2 error (relative): 0.9668168362741685
[HHL info]: L2 error (normalized): 0.16005133629076923

========================================================================================
 Compare system solutions using LU of A, LU sol of A_herm, HHL of Ax=b hermition system
LU sol 	    Herm LU sol    HHL sol    L1_diff(%)
-1.869e-04  -1.869e-04  -0.000e+00  1.000e+02
-1.728e-04  -1.728e-04  -0.000e+00  1.000e+02
-5.168e-04  -5.168e-04  -0.000e+00  1.000e+02
-6.675e-04  -6.675e-04  -0.000e+00  1.000e+02
-6.469e-04  -6.469e-04  -0.000e+00  1.000e+02
-1.893e-03  -1.893e-03  -0.000e+00  1.000e+02
-1.691e-03  -1.691e-03  -0.000e+00  1.000e+02
-1.709e-03  -1.709e-03  -0.000e+00  1.000e+02
-4.881e-03  -4.881e-03  -0.000e+00  1.000e+02
-4.308e-03  -4.308e-03  -0.000e+00  1.000e+02
-4.185e-03  -4.185e-03  -0.000e+00  1.000e+02
-1.213e-02  -1.213e-02  -1.325e-03  8.908e+01
 1.199e-02   1.199e-02   0.000e+00  1.000e+02
-1.003e-02  -1.003e-02  -0.000e+00  1.000e+02
-7.786e-03  -7.786e-03  -0.000e+00  1.000e+02
-5.877e-03  -5.877e-03  -0.000e+00  1.000e+02
-2.433e-02  -2.433e-02  -0.000e+00  1.000e+02
 6.256e-03   6.256e-03   0.000e+00  1.000e+02
 7.934e-03   7.934e-03   0.000e+00  1.000e+02
-2.558e-03  -2.558e-03  -0.000e+00  1.000e+02
-2.661e-02  -2.661e-02  -0.000e+00  1.000e+02
-1.525e-02  -1.525e-02  -0.000e+00  1.000e+02
-3.796e-02  -3.796e-02  -1.325e-03  9.651e+01
-4.772e-02  -4.772e-02  -1.325e-03  9.722e+01
-3.510e-02  -3.510e-02  -0.000e+00  1.000e+02
-2.037e-02  -2.037e-02  -0.000e+00  1.000e+02
-5.345e-02  -5.345e-02  -2.650e-03  9.504e+01
-4.687e-02  -4.687e-02  -2.295e-03  9.510e+01
-7.048e-02  -7.048e-02  -3.246e-03  9.539e+01
-1.069e-01  -1.069e-01  -3.975e-03  9.628e+01
-7.008e-02  -7.008e-02  -2.963e-03  9.577e+01
-6.213e-02  -6.213e-02  -2.295e-03  9.631e+01
-1.547e-01  -1.547e-01  -4.777e-03  9.691e+01
-5.735e-02  -5.735e-02  -3.246e-03  9.434e+01
-8.774e-02  -8.774e-02  -2.963e-03  9.662e+01
-1.875e-01  -1.875e-01  -5.463e-03  9.709e+01
-8.738e-02  -8.738e-02  -2.295e-03  9.737e+01
-7.461e-02  -7.461e-02  -3.246e-03  9.565e+01
-2.093e-01  -2.093e-01  -7.011e-03  9.665e+01
-5.920e-02  -5.920e-02  -1.325e-03  9.776e+01
-8.567e-02  -8.567e-02  -2.963e-03  9.654e+01
-1.987e-01  -1.987e-01  -6.072e-03  9.694e+01
-7.206e-02  -7.206e-02  -3.506e-03  9.513e+01
-1.042e-01  -1.042e-01  -3.975e-03  9.618e+01
-2.054e-01  -2.054e-01  -7.377e-03  9.641e+01
-1.120e-01  -1.120e-01  -3.246e-03  9.710e+01
-1.073e-01  -1.073e-01  -3.506e-03  9.673e+01
-2.437e-01  -2.437e-01  -8.888e-03  9.635e+01
-9.502e-02  -9.502e-02  -3.748e-03  9.606e+01
-9.404e-02  -9.404e-02  -2.650e-03  9.718e+01
-2.483e-01  -2.483e-01  -8.275e-03  9.667e+01
-8.746e-02  -8.746e-02  -2.295e-03  9.738e+01
-9.796e-02  -9.796e-02  -3.246e-03  9.669e+01
-2.461e-01  -2.461e-01  -7.726e-03  9.686e+01
-1.087e-01  -1.087e-01  -1.874e-03  9.828e+01
-1.061e-01  -1.061e-01  -3.748e-03  9.647e+01
-2.471e-01  -2.471e-01  -8.168e-03  9.670e+01
-9.452e-02  -9.452e-02  -2.963e-03  9.687e+01
-1.149e-01  -1.149e-01  -4.590e-03  9.601e+01
-2.373e-01  -2.373e-01  -7.726e-03  9.674e+01
========================================================================================

step: 6/15 res:8.024821486398109, res/res0:0.35764747595518737  dq_norm: [0.00927493 0.01124291 0.02351623]

A info: before HHL prepare:
Spectral radius (A): 1.012e+02, lambda_min:6.840251508265478
condition number(A): 1.480e+01, norm2_cond:337.53954142607654
det(A): 1.176e+96
--------------------------------------------------------------------------------

A_hhl info: after scaling by spectral radius:
Spectral radius (A): 1.000e+00, lambda_min:0.06755852762920964
condition number(A): 1.480e+01, norm2_cond:337.5395414260733
det(A): 5.581e-25, nnz: 14 non zeros per row
--------------------------------------------------------------------------------

Size of A & B are not power of 2:
Next 2 power of 60 = 64
Value to be padded = 4
--------------------------------------------------

==================== Print (N)^2 padded matrix system =======================
Padded shape of A: (60, 60)x(60, 60) -> (64, 64)x(64, 64)
Padded shape of B: (60,) -> (64,)
Determinant of padded matrix: 5.581282203794761e-25
Condition # of padded matrix: 337.5395414260733


Matrix is not Hermitian. Making it Hermitian.......

==================== Print Hermitian matrix system info =======================
Shape of hermitian A: 64x64 -> 128x128
Shape of           B: 64 -> 128
Determinant of Hermitian matrix: 3.1150711038396544e-49
Condition # of Hermitian matrix: 337.53954142607535

=================================== Generating HHL circuit ===================================
Time elapsed for generating HHL circuit: 5 min 6.30 sec

Generated circuit: num_qubits=18, gates=23, depth=5
============================== Generated Circuit saved ==============================

============================== Transpiling circuit ==============================
This is using the AerSimulator('aer_simulator_statevector') transpiler.
Time elapsed for transpiling the circuit:  0 min 55.91 sec
Transpiled circuit, num_qubits: 18, (original: 18)
Transpiled circuit depth: 464202 (original: 5)
Transpiled circuit gates: 464354 (original: 23)
============================== Transpiled Circuit saved ==============================
Time elapsed for running the circuit:  2 min 29.17 sec
total_qubits: 18, nq:7

Time elapsed for extracting shots-based hhl counts solution:  0 min 0.00 sec

[HHL info]: linear system residual (e=||Ax-b||_2): 6.626946723329054
[HHL info]: Fidelity(true_sol, hhl_sol): 0.9589226169635996
[HHL info]: L2 error (absolute): 0.598823060602136
[HHL info]: L2 error (relative): 0.7537503220759376
[HHL info]: L2 error (normalized): 0.20373540172642815

========================================================================================
 Compare system solutions using LU of A, LU sol of A_herm, HHL of Ax=b hermition system
LU sol 	    Herm LU sol    HHL sol    L1_diff(%)
-1.864e-04  -1.864e-04  -0.000e+00  1.000e+02
-1.725e-04  -1.725e-04  -0.000e+00  1.000e+02
-5.158e-04  -5.158e-04  -0.000e+00  1.000e+02
-6.671e-04  -6.671e-04  -0.000e+00  1.000e+02
-6.472e-04  -6.472e-04  -0.000e+00  1.000e+02
-1.892e-03  -1.892e-03  -9.818e-03  4.188e+02
-1.692e-03  -1.692e-03  -0.000e+00  1.000e+02
-1.710e-03  -1.710e-03  -0.000e+00  1.000e+02
-4.881e-03  -4.881e-03  -0.000e+00  1.000e+02
-4.312e-03  -4.312e-03  -0.000e+00  1.000e+02
-4.186e-03  -4.186e-03  -0.000e+00  1.000e+02
-1.082e-02  -1.082e-02  -9.818e-03  9.270e+00
 1.199e-02   1.199e-02   0.000e+00  1.000e+02
-1.003e-02  -1.003e-02  -0.000e+00  1.000e+02
-7.790e-03  -7.790e-03  -0.000e+00  1.000e+02
-5.873e-03  -5.873e-03  -0.000e+00  1.000e+02
-2.433e-02  -2.433e-02  -9.818e-03  5.964e+01
 6.267e-03   6.267e-03   0.000e+00  1.000e+02
 7.944e-03   7.944e-03   0.000e+00  1.000e+02
-2.556e-03  -2.556e-03  -0.000e+00  1.000e+02
-2.660e-02  -2.660e-02  -1.964e-02  2.618e+01
-1.525e-02  -1.525e-02  -0.000e+00  1.000e+02
-3.664e-02  -3.664e-02  -9.818e-03  7.321e+01
-4.636e-02  -4.636e-02  -2.195e-02  5.265e+01
-3.511e-02  -3.511e-02  -9.818e-03  7.204e+01
-2.040e-02  -2.040e-02  -0.000e+00  1.000e+02
-5.077e-02  -5.077e-02  -1.964e-02  6.132e+01
-4.449e-02  -4.449e-02  -9.818e-03  7.793e+01
-6.717e-02  -6.717e-02  -1.700e-02  7.469e+01
-1.028e-01  -1.028e-01  -2.405e-02  7.661e+01
-6.695e-02  -6.695e-02  -1.964e-02  7.067e+01
-5.982e-02  -5.982e-02  -0.000e+00  1.000e+02
-1.496e-01  -1.496e-01  -3.105e-02  7.925e+01
-5.405e-02  -5.405e-02  -1.964e-02  6.367e+01
-8.484e-02  -8.484e-02  -1.964e-02  7.686e+01
-1.819e-01  -1.819e-01  -4.810e-02  7.356e+01
-8.513e-02  -8.513e-02  -1.964e-02  7.694e+01
-7.141e-02  -7.141e-02  -1.388e-02  8.056e+01
-2.023e-01  -2.023e-01  -5.195e-02  7.432e+01
-5.788e-02  -5.788e-02  -1.388e-02  7.601e+01
-8.268e-02  -8.268e-02  -2.597e-02  6.858e+01
-1.926e-01  -1.926e-01  -5.891e-02  6.942e+01
-6.833e-02  -6.833e-02  -0.000e+00  1.000e+02
-1.001e-01  -1.001e-01  -1.700e-02  8.301e+01
-1.977e-01  -1.977e-01  -4.708e-02  7.618e+01
-1.084e-01  -1.084e-01  -2.597e-02  7.603e+01
-1.038e-01  -1.038e-01  -3.401e-02  6.722e+01
-2.340e-01  -2.340e-01  -5.725e-02  7.553e+01
-9.099e-02  -9.099e-02  -2.945e-02  6.763e+01
-9.146e-02  -9.146e-02  -2.195e-02  7.600e+01
-2.394e-01  -2.394e-01  -6.131e-02  7.439e+01
-8.507e-02  -8.507e-02  -1.964e-02  7.692e+01
-9.471e-02  -9.471e-02  -2.195e-02  7.682e+01
-2.380e-01  -2.380e-01  -5.101e-02  7.857e+01
-1.068e-01  -1.068e-01  -2.195e-02  7.945e+01
-1.023e-01  -1.023e-01  -2.777e-02  7.287e+01
-2.388e-01  -2.388e-01  -5.640e-02  7.638e+01
-9.152e-02  -9.152e-02  -2.195e-02  7.601e+01
-1.103e-01  -1.103e-01  -2.597e-02  7.646e+01
-2.295e-01  -2.295e-01  -6.286e-02  7.261e+01
========================================================================================

step: 7/15 res:8.067516008580698, res/res0:0.35955027069293916  dq_norm: [0.06658618 0.07476859 0.17452142]

A info: before HHL prepare:
Spectral radius (A): 1.014e+02, lambda_min:6.7643435112401775
condition number(A): 1.499e+01, norm2_cond:334.9973356764665
det(A): 1.708e+96
--------------------------------------------------------------------------------

A_hhl info: after scaling by spectral radius:
Spectral radius (A): 1.000e+00, lambda_min:0.0667276464742633
condition number(A): 1.499e+01, norm2_cond:334.99733567647104
det(A): 7.540e-25, nnz: 14 non zeros per row
--------------------------------------------------------------------------------

Size of A & B are not power of 2:
Next 2 power of 60 = 64
Value to be padded = 4
--------------------------------------------------

==================== Print (N)^2 padded matrix system =======================
Padded shape of A: (60, 60)x(60, 60) -> (64, 64)x(64, 64)
Padded shape of B: (60,) -> (64,)
Determinant of padded matrix: 7.539711139362175e-25
Condition # of padded matrix: 334.99733567647104


Matrix is not Hermitian. Making it Hermitian.......

==================== Print Hermitian matrix system info =======================
Shape of hermitian A: 64x64 -> 128x128
Shape of           B: 64 -> 128
Determinant of Hermitian matrix: 5.684724406502692e-49
Condition # of Hermitian matrix: 334.9973356764741

=================================== Generating HHL circuit ===================================
Time elapsed for generating HHL circuit: 5 min 7.21 sec

Generated circuit: num_qubits=18, gates=23, depth=5
============================== Generated Circuit saved ==============================

============================== Transpiling circuit ==============================
This is using the AerSimulator('aer_simulator_statevector') transpiler.
Time elapsed for transpiling the circuit:  0 min 44.30 sec
Transpiled circuit, num_qubits: 18, (original: 18)
Transpiled circuit depth: 464204 (original: 5)
Transpiled circuit gates: 464356 (original: 23)
============================== Transpiled Circuit saved ==============================
Time elapsed for running the circuit:  2 min 29.94 sec
total_qubits: 18, nq:7

Time elapsed for extracting shots-based hhl counts solution:  0 min 0.00 sec

[HHL info]: linear system residual (e=||Ax-b||_2): 6.085299743734779
[HHL info]: Fidelity(true_sol, hhl_sol): 0.9698712532530959
[HHL info]: L2 error (absolute): 0.3878264708761141
[HHL info]: L2 error (relative): 0.6556385974479183
[HHL info]: L2 error (normalized): 0.17423882028544443

========================================================================================
 Compare system solutions using LU of A, LU sol of A_herm, HHL of Ax=b hermition system
LU sol 	    Herm LU sol    HHL sol    L1_diff(%)
-1.902e-04  -1.902e-04  -0.000e+00  1.000e+02
-1.745e-04  -1.745e-04  -0.000e+00  1.000e+02
-5.257e-04  -5.257e-04  -0.000e+00  1.000e+02
-6.873e-04  -6.873e-04  -0.000e+00  1.000e+02
-6.629e-04  -6.629e-04  -0.000e+00  1.000e+02
 7.888e-03   7.888e-03   0.000e+00  1.000e+02
-1.709e-03  -1.709e-03  -0.000e+00  1.000e+02
-1.713e-03  -1.713e-03  -0.000e+00  1.000e+02
-4.905e-03  -4.905e-03  -0.000e+00  1.000e+02
-4.247e-03  -4.247e-03  -0.000e+00  1.000e+02
-4.127e-03  -4.127e-03  -0.000e+00  1.000e+02
-9.215e-04  -9.215e-04  -1.629e-02  1.667e+03
 1.209e-02   1.209e-02   0.000e+00  1.000e+02
-1.005e-02  -1.005e-02  -0.000e+00  1.000e+02
-7.440e-03  -7.440e-03  -0.000e+00  1.000e+02
-5.880e-03  -5.880e-03  -0.000e+00  1.000e+02
-1.458e-02  -1.458e-02  -0.000e+00  1.000e+02
 6.432e-03   6.432e-03   0.000e+00  1.000e+02
 7.942e-03   7.942e-03   0.000e+00  1.000e+02
-2.551e-03  -2.551e-03  -0.000e+00  1.000e+02
-7.228e-03  -7.228e-03  -0.000e+00  1.000e+02
-1.514e-02  -1.514e-02  -0.000e+00  1.000e+02
-2.676e-02  -2.676e-02  -0.000e+00  1.000e+02
-2.410e-02  -2.410e-02  -1.152e-02  5.222e+01
-2.501e-02  -2.501e-02  -0.000e+00  1.000e+02
-2.053e-02  -2.053e-02  -0.000e+00  1.000e+02
-3.076e-02  -3.076e-02  -1.995e-02  3.515e+01
-3.413e-02  -3.413e-02  -1.152e-02  6.626e+01
-5.001e-02  -5.001e-02  -2.303e-02  5.394e+01
-7.785e-02  -7.785e-02  -2.575e-02  6.693e+01
-4.612e-02  -4.612e-02  -2.575e-02  4.416e+01
-5.971e-02  -5.971e-02  -2.821e-02  5.276e+01
-1.162e-01  -1.162e-01  -3.819e-02  6.712e+01
-3.322e-02  -3.322e-02  -1.152e-02  6.534e+01
-6.504e-02  -6.504e-02  -2.303e-02  6.459e+01
-1.309e-01  -1.309e-01  -3.989e-02  6.953e+01
-6.476e-02  -6.476e-02  -2.575e-02  6.024e+01
-5.809e-02  -5.809e-02  -2.575e-02  5.567e+01
-1.481e-01  -1.481e-01  -5.401e-02  6.353e+01
-4.438e-02  -4.438e-02  -1.629e-02  6.330e+01
-5.707e-02  -5.707e-02  -2.303e-02  5.964e+01
-1.344e-01  -1.344e-01  -5.020e-02  6.266e+01
-6.819e-02  -6.819e-02  -2.575e-02  6.224e+01
-8.232e-02  -8.232e-02  -2.821e-02  6.574e+01
-1.490e-01  -1.490e-01  -5.641e-02  6.215e+01
-8.041e-02  -8.041e-02  -1.995e-02  7.520e+01
-6.969e-02  -6.969e-02  -1.629e-02  7.663e+01
-1.736e-01  -1.736e-01  -5.523e-02  6.819e+01
-5.978e-02  -5.978e-02  -1.995e-02  6.664e+01
-6.975e-02  -6.975e-02  -1.995e-02  7.140e+01
-1.741e-01  -1.741e-01  -6.615e-02  6.200e+01
-6.427e-02  -6.427e-02  -2.575e-02  5.994e+01
-7.276e-02  -7.276e-02  -1.995e-02  7.259e+01
-1.844e-01  -1.844e-01  -6.412e-02  6.522e+01
-8.381e-02  -8.381e-02  -2.575e-02  6.928e+01
-7.464e-02  -7.464e-02  -1.995e-02  7.328e+01
-1.803e-01  -1.803e-01  -6.514e-02  6.387e+01
-6.875e-02  -6.875e-02  -2.303e-02  6.650e+01
-8.438e-02  -8.438e-02  -3.047e-02  6.389e+01
-1.648e-01  -1.648e-01  -5.641e-02  6.577e+01
========================================================================================

step: 8/15 res:6.639651619558827, res/res0:0.29591370312498194  dq_norm: [0.07191523 0.07894733 0.17914151]

A info: before HHL prepare:
Spectral radius (A): 1.016e+02, lambda_min:6.781776454014826
condition number(A): 1.499e+01, norm2_cond:333.3139978045581
det(A): 2.699e+96
--------------------------------------------------------------------------------

A_hhl info: after scaling by spectral radius:
Spectral radius (A): 1.000e+00, lambda_min:0.06671797829473686
condition number(A): 1.499e+01, norm2_cond:333.31399780455973
det(A): 1.012e-24, nnz: 20 non zeros per row
--------------------------------------------------------------------------------

Size of A & B are not power of 2:
Next 2 power of 60 = 64
Value to be padded = 4
--------------------------------------------------

==================== Print (N)^2 padded matrix system =======================
Padded shape of A: (60, 60)x(60, 60) -> (64, 64)x(64, 64)
Padded shape of B: (60,) -> (64,)
Determinant of padded matrix: 1.0118347960683938e-24
Condition # of padded matrix: 333.31399780455973


Matrix is not Hermitian. Making it Hermitian.......

==================== Print Hermitian matrix system info =======================
Shape of hermitian A: 64x64 -> 128x128
Shape of           B: 64 -> 128
Determinant of Hermitian matrix: 1.0238096545347681e-48
Condition # of Hermitian matrix: 333.31399780455547

=================================== Generating HHL circuit ===================================
Time elapsed for generating HHL circuit: 5 min 16.04 sec

Generated circuit: num_qubits=18, gates=23, depth=5
============================== Generated Circuit saved ==============================

============================== Transpiling circuit ==============================
This is using the AerSimulator('aer_simulator_statevector') transpiler.
Time elapsed for transpiling the circuit:  0 min 58.29 sec
Transpiled circuit, num_qubits: 18, (original: 18)
Transpiled circuit depth: 464202 (original: 5)
Transpiled circuit gates: 464354 (original: 23)
============================== Transpiled Circuit saved ==============================
Time elapsed for running the circuit:  2 min 32.22 sec
total_qubits: 18, nq:7

Time elapsed for extracting shots-based hhl counts solution:  0 min 0.00 sec

[HHL info]: linear system residual (e=||Ax-b||_2): 4.706610809924461
[HHL info]: Fidelity(true_sol, hhl_sol): 0.9129266339202499
[HHL info]: L2 error (absolute): 0.2818394547891916
[HHL info]: L2 error (relative): 0.7396961400744999
[HHL info]: L2 error (normalized): 0.29842271015649174

========================================================================================
 Compare system solutions using LU of A, LU sol of A_herm, HHL of Ax=b hermition system
LU sol 	    Herm LU sol    HHL sol    L1_diff(%)
-1.868e-04  -1.868e-04  -0.000e+00  1.000e+02
-1.719e-04  -1.719e-04  -0.000e+00  1.000e+02
-5.177e-04  -5.177e-04  -0.000e+00  1.000e+02
-6.871e-04  -6.871e-04  -0.000e+00  1.000e+02
-6.674e-04  -6.674e-04  -0.000e+00  1.000e+02
 7.887e-03   7.887e-03   0.000e+00  1.000e+02
-1.725e-03  -1.725e-03  -0.000e+00  1.000e+02
-1.719e-03  -1.719e-03  -0.000e+00  1.000e+02
-4.916e-03  -4.916e-03  -0.000e+00  1.000e+02
-4.280e-03  -4.280e-03  -8.402e-03  9.630e+01
-4.132e-03  -4.132e-03  -0.000e+00  1.000e+02
 1.522e-02   1.522e-02   0.000e+00  1.000e+02
 1.207e-02   1.207e-02   0.000e+00  1.000e+02
-1.007e-02  -1.007e-02  -0.000e+00  1.000e+02
-7.450e-03  -7.450e-03  -8.402e-03  1.278e+01
-5.890e-03  -5.890e-03  -0.000e+00  1.000e+02
-1.458e-02  -1.458e-02  -8.402e-03  4.237e+01
 6.430e-03   6.430e-03   0.000e+00  1.000e+02
 7.984e-03   7.984e-03   0.000e+00  1.000e+02
-2.510e-03  -2.510e-03  -0.000e+00  1.000e+02
-7.184e-03  -7.184e-03  -8.402e-03  1.696e+01
-1.509e-02  -1.509e-02  -0.000e+00  1.000e+02
-2.678e-02  -2.678e-02  -1.455e-02  4.565e+01
-1.242e-02  -1.242e-02  -0.000e+00  1.000e+02
-2.505e-02  -2.505e-02  -1.188e-02  5.257e+01
-2.057e-02  -2.057e-02  -8.402e-03  5.915e+01
-1.057e-02  -1.057e-02  -8.402e-03  2.050e+01
-2.268e-02  -2.268e-02  -0.000e+00  1.000e+02
-2.706e-02  -2.706e-02  -8.402e-03  6.896e+01
-5.238e-02  -5.238e-02  -1.879e-02  6.413e+01
-2.031e-02  -2.031e-02  -8.402e-03  5.862e+01
-3.156e-02  -3.156e-02  -0.000e+00  1.000e+02
-7.790e-02  -7.790e-02  -2.521e-02  6.764e+01
-2.128e-02  -2.128e-02  -0.000e+00  1.000e+02
-4.185e-02  -4.185e-02  -1.455e-02  6.523e+01
-9.007e-02  -9.007e-02  -2.521e-02  7.201e+01
-3.828e-02  -3.828e-02  -1.188e-02  6.896e+01
-3.260e-02  -3.260e-02  -1.188e-02  6.355e+01
-9.286e-02  -9.286e-02  -3.029e-02  6.738e+01
-2.747e-02  -2.747e-02  -8.402e-03  6.941e+01
-3.372e-02  -3.372e-02  -1.455e-02  5.684e+01
-8.289e-02  -8.289e-02  -2.058e-02  7.517e+01
-4.115e-02  -4.115e-02  -8.402e-03  7.958e+01
-5.399e-02  -5.399e-02  -1.188e-02  7.799e+01
-9.060e-02  -9.060e-02  -2.521e-02  7.218e+01
-5.924e-02  -5.924e-02  -1.879e-02  6.829e+01
-5.373e-02  -5.373e-02  -1.188e-02  7.788e+01
-1.155e-01  -1.155e-01  -3.464e-02  7.001e+01
-3.838e-02  -3.838e-02  -8.402e-03  7.811e+01
-4.930e-02  -4.930e-02  -1.188e-02  7.590e+01
-1.041e-01  -1.041e-01  -2.787e-02  7.324e+01
-3.659e-02  -3.659e-02  -0.000e+00  1.000e+02
-5.285e-02  -5.285e-02  -1.879e-02  6.445e+01
-1.155e-01  -1.155e-01  -2.521e-02  7.818e+01
-5.662e-02  -5.662e-02  -1.188e-02  7.901e+01
-5.513e-02  -5.513e-02  -1.188e-02  7.845e+01
-1.122e-01  -1.122e-01  -2.223e-02  8.018e+01
-4.523e-02  -4.523e-02  -8.402e-03  8.143e+01
-5.400e-02  -5.400e-02  -2.058e-02  6.189e+01
-1.076e-01  -1.076e-01  -2.657e-02  7.531e+01
========================================================================================

step: 9/15 res:6.088613872219981, res/res0:0.2713552428743942  dq_norm: [0.03464253 0.04826609 0.08731665]

A info: before HHL prepare:
Spectral radius (A): 1.016e+02, lambda_min:6.734067886730844
condition number(A): 1.509e+01, norm2_cond:333.0028242369988
det(A): 2.768e+96
--------------------------------------------------------------------------------

A_hhl info: after scaling by spectral radius:
Spectral radius (A): 1.000e+00, lambda_min:0.06627327934887482
condition number(A): 1.509e+01, norm2_cond:333.0028242369977
det(A): 1.061e-24, nnz: 21 non zeros per row
--------------------------------------------------------------------------------

Size of A & B are not power of 2:
Next 2 power of 60 = 64
Value to be padded = 4
--------------------------------------------------

==================== Print (N)^2 padded matrix system =======================
Padded shape of A: (60, 60)x(60, 60) -> (64, 64)x(64, 64)
Padded shape of B: (60,) -> (64,)
Determinant of padded matrix: 1.0611770339043596e-24
Condition # of padded matrix: 333.0028242369977


Matrix is not Hermitian. Making it Hermitian.......

==================== Print Hermitian matrix system info =======================
Shape of hermitian A: 64x64 -> 128x128
Shape of           B: 64 -> 128
Determinant of Hermitian matrix: 1.1260966972861502e-48
Condition # of Hermitian matrix: 333.0028242369989

=================================== Generating HHL circuit ===================================
Time elapsed for generating HHL circuit: 4 min 59.93 sec

Generated circuit: num_qubits=18, gates=23, depth=5
============================== Generated Circuit saved ==============================

============================== Transpiling circuit ==============================
This is using the AerSimulator('aer_simulator_statevector') transpiler.
Time elapsed for transpiling the circuit:  0 min 58.80 sec
Transpiled circuit, num_qubits: 18, (original: 18)
Transpiled circuit depth: 464201 (original: 5)
Transpiled circuit gates: 464353 (original: 23)
============================== Transpiled Circuit saved ==============================
Time elapsed for running the circuit:  2 min 32.43 sec
total_qubits: 18, nq:7

Time elapsed for extracting shots-based hhl counts solution:  0 min 0.00 sec

[HHL info]: linear system residual (e=||Ax-b||_2): 4.368254834949476
[HHL info]: Fidelity(true_sol, hhl_sol): 0.9128645305872779
[HHL info]: L2 error (absolute): 0.24643544453180272
[HHL info]: L2 error (relative): 0.8759740047729246
[HHL info]: L2 error (normalized): 0.29853159395622025

========================================================================================
 Compare system solutions using LU of A, LU sol of A_herm, HHL of Ax=b hermition system
LU sol 	    Herm LU sol    HHL sol    L1_diff(%)
-1.889e-04  -1.889e-04  -0.000e+00  1.000e+02
-1.760e-04  -1.760e-04  -0.000e+00  1.000e+02
-5.242e-04  -5.242e-04  -0.000e+00  1.000e+02
-7.306e-04  -7.306e-04  -0.000e+00  1.000e+02
-6.870e-04  -6.870e-04  -0.000e+00  1.000e+02
 7.813e-03   7.813e-03   0.000e+00  1.000e+02
-1.872e-03  -1.872e-03  -0.000e+00  1.000e+02
-1.809e-03  -1.809e-03  -0.000e+00  1.000e+02
-5.283e-03  -5.283e-03  -0.000e+00  1.000e+02
 4.033e-03   4.033e-03   0.000e+00  1.000e+02
-4.057e-03  -4.057e-03  -0.000e+00  1.000e+02
 1.501e-02   1.501e-02   0.000e+00  1.000e+02
 1.211e-02   1.211e-02   2.889e-03  7.615e+01
-1.007e-02  -1.007e-02  -0.000e+00  1.000e+02
 8.901e-04   8.901e-04   0.000e+00  1.000e+02
-5.905e-03  -5.905e-03  -2.889e-03  5.108e+01
-6.192e-03  -6.192e-03  -0.000e+00  1.000e+02
 6.431e-03   6.431e-03   0.000e+00  1.000e+02
 7.904e-03   7.904e-03   0.000e+00  1.000e+02
-2.580e-03  -2.580e-03  -0.000e+00  1.000e+02
 1.043e-03   1.043e-03   0.000e+00  1.000e+02
-1.517e-02  -1.517e-02  -0.000e+00  1.000e+02
-1.215e-02  -1.215e-02  -0.000e+00  1.000e+02
-1.258e-02  -1.258e-02  -0.000e+00  1.000e+02
-1.306e-02  -1.306e-02  -0.000e+00  1.000e+02
-1.214e-02  -1.214e-02  -2.889e-03  7.621e+01
-2.233e-03  -2.233e-03  -0.000e+00  1.000e+02
-2.277e-02  -2.277e-02  -2.889e-03  8.731e+01
-1.871e-02  -1.871e-02  -2.889e-03  8.456e+01
-3.368e-02  -3.368e-02  -6.460e-03  8.082e+01
-1.208e-02  -1.208e-02  -4.086e-03  6.617e+01
-3.164e-02  -3.164e-02  -4.086e-03  8.709e+01
-5.304e-02  -5.304e-02  -8.171e-03  8.460e+01
-2.125e-02  -2.125e-02  -0.000e+00  1.000e+02
-2.717e-02  -2.717e-02  -4.086e-03  8.496e+01
-6.468e-02  -6.468e-02  -9.135e-03  8.588e+01
-2.626e-02  -2.626e-02  -2.889e-03  8.900e+01
-2.093e-02  -2.093e-02  -0.000e+00  1.000e+02
-6.233e-02  -6.233e-02  -9.581e-03  8.463e+01
-1.888e-02  -1.888e-02  -4.086e-03  7.837e+01
-1.897e-02  -1.897e-02  -0.000e+00  1.000e+02
-6.192e-02  -6.192e-02  -8.667e-03  8.600e+01
-3.211e-02  -3.211e-02  -5.004e-03  8.442e+01
-4.197e-02  -4.197e-02  -4.086e-03  9.027e+01
-6.430e-02  -6.430e-02  -8.171e-03  8.729e+01
-3.973e-02  -3.973e-02  -5.778e-03  8.546e+01
-4.215e-02  -4.215e-02  -8.171e-03  8.062e+01
-7.975e-02  -7.975e-02  -1.081e-02  8.645e+01
-3.001e-02  -3.001e-02  -0.000e+00  1.000e+02
-3.747e-02  -3.747e-02  -5.004e-03  8.665e+01
-7.648e-02  -7.648e-02  -6.460e-03  9.155e+01
-3.662e-02  -3.662e-02  -2.889e-03  9.211e+01
-3.372e-02  -3.372e-02  -2.889e-03  9.143e+01
-9.014e-02  -9.014e-02  -1.119e-02  8.759e+01
-4.460e-02  -4.460e-02  -4.086e-03  9.084e+01
-4.346e-02  -4.346e-02  -4.086e-03  9.060e+01
-9.011e-02  -9.011e-02  -1.191e-02  8.678e+01
-3.716e-02  -3.716e-02  -5.004e-03  8.653e+01
-3.347e-02  -3.347e-02  -5.004e-03  8.505e+01
-8.185e-02  -8.185e-02  -1.081e-02  8.679e+01
========================================================================================

step: 10/15 res:4.70464448753102, res/res0:0.20967497271857466  dq_norm: [0.01323854 0.01444443 0.03111425]

A info: before HHL prepare:
Spectral radius (A): 1.016e+02, lambda_min:6.739655601958506
condition number(A): 1.508e+01, norm2_cond:332.88252466032895
det(A): 2.990e+96
--------------------------------------------------------------------------------

A_hhl info: after scaling by spectral radius:
Spectral radius (A): 1.000e+00, lambda_min:0.06631339023987654
condition number(A): 1.508e+01, norm2_cond:332.88252466033157
det(A): 1.131e-24, nnz: 19 non zeros per row
--------------------------------------------------------------------------------

Size of A & B are not power of 2:
Next 2 power of 60 = 64
Value to be padded = 4
--------------------------------------------------

==================== Print (N)^2 padded matrix system =======================
Padded shape of A: (60, 60)x(60, 60) -> (64, 64)x(64, 64)
Padded shape of B: (60,) -> (64,)
Determinant of padded matrix: 1.130907420317039e-24
Condition # of padded matrix: 332.88252466033157


Matrix is not Hermitian. Making it Hermitian.......

==================== Print Hermitian matrix system info =======================
Shape of hermitian A: 64x64 -> 128x128
Shape of           B: 64 -> 128
Determinant of Hermitian matrix: 1.2789515933281578e-48
Condition # of Hermitian matrix: 332.88252466033043

=================================== Generating HHL circuit ===================================
Time elapsed for generating HHL circuit: 5 min 3.27 sec

Generated circuit: num_qubits=18, gates=23, depth=5
============================== Generated Circuit saved ==============================

============================== Transpiling circuit ==============================
This is using the AerSimulator('aer_simulator_statevector') transpiler.
Time elapsed for transpiling the circuit:  0 min 46.55 sec
Transpiled circuit, num_qubits: 18, (original: 18)
Transpiled circuit depth: 464203 (original: 5)
Transpiled circuit gates: 464355 (original: 23)
============================== Transpiled Circuit saved ==============================
Time elapsed for running the circuit:  2 min 31.79 sec
total_qubits: 18, nq:7

Time elapsed for extracting shots-based hhl counts solution:  0 min 0.00 sec

[HHL info]: linear system residual (e=||Ax-b||_2): 3.498175365850463
[HHL info]: Fidelity(true_sol, hhl_sol): 0.8993557643010898
[HHL info]: L2 error (absolute): 0.16959071614311846
[HHL info]: L2 error (relative): 0.6899723948588946
[HHL info]: L2 error (normalized): 0.3214227893606579

========================================================================================
 Compare system solutions using LU of A, LU sol of A_herm, HHL of Ax=b hermition system
LU sol 	    Herm LU sol    HHL sol    L1_diff(%)
-1.916e-04  -1.916e-04  -0.000e+00  1.000e+02
-1.770e-04  -1.770e-04  -0.000e+00  1.000e+02
-5.294e-04  -5.294e-04  -0.000e+00  1.000e+02
-7.333e-04  -7.333e-04  -0.000e+00  1.000e+02
-6.887e-04  -6.887e-04  -0.000e+00  1.000e+02
 7.804e-03   7.804e-03   0.000e+00  1.000e+02
-1.853e-03  -1.853e-03  -0.000e+00  1.000e+02
-1.792e-03  -1.792e-03  -0.000e+00  1.000e+02
-5.234e-03  -5.234e-03  -0.000e+00  1.000e+02
 4.062e-03   4.062e-03   0.000e+00  1.000e+02
-4.083e-03  -4.083e-03  -0.000e+00  1.000e+02
 1.505e-02   1.505e-02   0.000e+00  1.000e+02
 9.278e-03   9.278e-03   0.000e+00  1.000e+02
-1.007e-02  -1.007e-02  -0.000e+00  1.000e+02
 9.330e-04   9.330e-04   0.000e+00  1.000e+02
-2.968e-03  -2.968e-03  -0.000e+00  1.000e+02
-6.166e-03  -6.166e-03  -0.000e+00  1.000e+02
 6.470e-03   6.470e-03   0.000e+00  1.000e+02
 7.928e-03   7.928e-03   0.000e+00  1.000e+02
-2.575e-03  -2.575e-03  -0.000e+00  1.000e+02
 1.062e-03   1.062e-03   6.563e-03  5.182e+02
-1.517e-02  -1.517e-02  -0.000e+00  1.000e+02
-1.215e-02  -1.215e-02  -6.563e-03  4.600e+01
-1.257e-02  -1.257e-02  -0.000e+00  1.000e+02
-1.307e-02  -1.307e-02  -0.000e+00  1.000e+02
-9.237e-03  -9.237e-03  -0.000e+00  1.000e+02
-2.241e-03  -2.241e-03  -0.000e+00  1.000e+02
-1.988e-02  -1.988e-02  -1.137e-02  4.283e+01
-1.583e-02  -1.583e-02  -0.000e+00  1.000e+02
-2.724e-02  -2.724e-02  -6.563e-03  7.591e+01
-8.047e-03  -8.047e-03  -0.000e+00  1.000e+02
-2.759e-02  -2.759e-02  -6.563e-03  7.621e+01
-4.501e-02  -4.501e-02  -1.313e-02  7.083e+01
-2.119e-02  -2.119e-02  -6.563e-03  6.903e+01
-2.299e-02  -2.299e-02  -0.000e+00  1.000e+02
-5.531e-02  -5.531e-02  -2.542e-02  5.404e+01
-2.317e-02  -2.317e-02  -9.281e-03  5.994e+01
-2.095e-02  -2.095e-02  -9.281e-03  5.570e+01
-5.219e-02  -5.219e-02  -1.856e-02  6.443e+01
-1.466e-02  -1.466e-02  -0.000e+00  1.000e+02
-1.897e-02  -1.897e-02  -1.137e-02  4.008e+01
-5.285e-02  -5.285e-02  -1.969e-02  6.274e+01
-2.708e-02  -2.708e-02  -9.281e-03  6.572e+01
-3.798e-02  -3.798e-02  -1.468e-02  6.136e+01
-5.622e-02  -5.622e-02  -2.456e-02  5.632e+01
-3.400e-02  -3.400e-02  -1.313e-02  6.139e+01
-3.399e-02  -3.399e-02  -1.468e-02  5.682e+01
-6.915e-02  -6.915e-02  -2.075e-02  6.999e+01
-3.001e-02  -3.001e-02  -9.281e-03  6.907e+01
-3.238e-02  -3.238e-02  -1.313e-02  5.946e+01
-6.997e-02  -6.997e-02  -2.075e-02  7.034e+01
-3.358e-02  -3.358e-02  -9.281e-03  7.236e+01
-3.084e-02  -3.084e-02  -6.563e-03  7.872e+01
-7.851e-02  -7.851e-02  -2.706e-02  6.553e+01
-4.032e-02  -4.032e-02  -1.137e-02  7.181e+01
-3.938e-02  -3.938e-02  -6.563e-03  8.333e+01
-7.779e-02  -7.779e-02  -2.706e-02  6.521e+01
-3.196e-02  -3.196e-02  -6.563e-03  7.946e+01
-2.846e-02  -2.846e-02  -0.000e+00  1.000e+02
-7.067e-02  -7.067e-02  -1.969e-02  7.214e+01
========================================================================================

step: 11/15 res:4.368440573382841, res/res0:0.1946911526416846  dq_norm: [0.02935067 0.03147509 0.07038043]

A info: before HHL prepare:
Spectral radius (A): 1.017e+02, lambda_min:6.706390904567627
condition number(A): 1.516e+01, norm2_cond:332.5213803231201
det(A): 3.734e+96
--------------------------------------------------------------------------------

A_hhl info: after scaling by spectral radius:
Spectral radius (A): 1.000e+00, lambda_min:0.06595408963923731
condition number(A): 1.516e+01, norm2_cond:332.5213803231167
det(A): 1.372e-24, nnz: 21 non zeros per row
--------------------------------------------------------------------------------

Size of A & B are not power of 2:
Next 2 power of 60 = 64
Value to be padded = 4
--------------------------------------------------

==================== Print (N)^2 padded matrix system =======================
Padded shape of A: (60, 60)x(60, 60) -> (64, 64)x(64, 64)
Padded shape of B: (60,) -> (64,)
Determinant of padded matrix: 1.3720140717129913e-24
Condition # of padded matrix: 332.5213803231167


Matrix is not Hermitian. Making it Hermitian.......

==================== Print Hermitian matrix system info =======================
Shape of hermitian A: 64x64 -> 128x128
Shape of           B: 64 -> 128
Determinant of Hermitian matrix: 1.8824226129785683e-48
Condition # of Hermitian matrix: 332.5213803231218

=================================== Generating HHL circuit ===================================
Time elapsed for generating HHL circuit: 5 min 19.96 sec

Generated circuit: num_qubits=18, gates=23, depth=5
============================== Generated Circuit saved ==============================

============================== Transpiling circuit ==============================
This is using the AerSimulator('aer_simulator_statevector') transpiler.
Time elapsed for transpiling the circuit:  0 min 46.96 sec
Transpiled circuit, num_qubits: 18, (original: 18)
Transpiled circuit depth: 464203 (original: 5)
Transpiled circuit gates: 464355 (original: 23)
============================== Transpiled Circuit saved ==============================
Time elapsed for running the circuit:  2 min 32.28 sec
total_qubits: 18, nq:7

Time elapsed for extracting shots-based hhl counts solution:  0 min 0.00 sec

[HHL info]: linear system residual (e=||Ax-b||_2): 3.4945617570772836
[HHL info]: Fidelity(true_sol, hhl_sol): 0.8289819902118833
[HHL info]: L2 error (absolute): 0.1673789920805339
[HHL info]: L2 error (relative): 0.995739382262991
[HHL info]: L2 error (normalized): 0.42312059501144683

========================================================================================
 Compare system solutions using LU of A, LU sol of A_herm, HHL of Ax=b hermition system
LU sol 	    Herm LU sol    HHL sol    L1_diff(%)
-1.922e-04  -1.922e-04  -0.000e+00  1.000e+02
-1.773e-04  -1.773e-04  -0.000e+00  1.000e+02
-5.308e-04  -5.308e-04  -0.000e+00  1.000e+02
-7.354e-04  -7.354e-04  -0.000e+00  1.000e+02
-6.897e-04  -6.897e-04  -0.000e+00  1.000e+02
 7.799e-03   7.799e-03   0.000e+00  1.000e+02
-1.854e-03  -1.854e-03  -0.000e+00  1.000e+02
-1.793e-03  -1.793e-03  -0.000e+00  1.000e+02
-5.238e-03  -5.238e-03  -7.011e-05  9.866e+01
 4.069e-03   4.069e-03   0.000e+00  1.000e+02
-4.077e-03  -4.077e-03  -7.011e-05  9.828e+01
 1.507e-02   1.507e-02   0.000e+00  1.000e+02
 9.299e-03   9.299e-03   9.915e-05  9.893e+01
-1.007e-02  -1.007e-02  -7.011e-05  9.930e+01
 9.704e-04   9.704e-04   0.000e+00  1.000e+02
-2.953e-03  -2.953e-03  -0.000e+00  1.000e+02
-6.152e-03  -6.152e-03  -0.000e+00  1.000e+02
 6.525e-03   6.525e-03   0.000e+00  1.000e+02
 7.861e-03   7.861e-03   0.000e+00  1.000e+02
-2.627e-03  -2.627e-03  -0.000e+00  1.000e+02
-5.651e-03  -5.651e-03  -0.000e+00  1.000e+02
-1.524e-02  -1.524e-02  -9.915e-05  9.935e+01
-5.510e-03  -5.510e-03  -9.915e-05  9.820e+01
-1.258e-02  -1.258e-02  -1.402e-04  9.889e+01
-1.313e-02  -1.313e-02  -0.000e+00  1.000e+02
-9.347e-03  -9.347e-03  -0.000e+00  1.000e+02
-2.553e-03  -2.553e-03  -0.000e+00  1.000e+02
-8.468e-03  -8.468e-03  -0.000e+00  1.000e+02
-1.584e-02  -1.584e-02  -7.011e-05  9.956e+01
-2.067e-02  -2.067e-02  -1.402e-04  9.932e+01
-7.800e-03  -7.800e-03  -9.915e-05  9.873e+01
-2.087e-02  -2.087e-02  -1.214e-04  9.942e+01
-3.151e-02  -3.151e-02  -1.214e-04  9.961e+01
-1.442e-02  -1.442e-02  -9.915e-05  9.931e+01
-2.312e-02  -2.312e-02  -7.011e-05  9.970e+01
-2.941e-02  -2.941e-02  -9.915e-05  9.966e+01
-1.391e-02  -1.391e-02  -0.000e+00  1.000e+02
-1.172e-02  -1.172e-02  -0.000e+00  1.000e+02
-3.375e-02  -3.375e-02  -1.983e-04  9.941e+01
-1.475e-02  -1.475e-02  -0.000e+00  1.000e+02
-7.524e-03  -7.524e-03  -0.000e+00  1.000e+02
-3.327e-02  -3.327e-02  -1.402e-04  9.958e+01
-1.774e-02  -1.774e-02  -0.000e+00  1.000e+02
-2.329e-02  -2.329e-02  -9.915e-05  9.957e+01
-3.173e-02  -3.173e-02  -1.214e-04  9.962e+01
-2.071e-02  -2.071e-02  -7.011e-05  9.966e+01
-1.934e-02  -1.934e-02  -1.568e-04  9.919e+01
-4.842e-02  -4.842e-02  -2.103e-04  9.957e+01
-2.046e-02  -2.046e-02  -1.214e-04  9.941e+01
-1.915e-02  -1.915e-02  -0.000e+00  1.000e+02
-4.870e-02  -4.870e-02  -2.103e-04  9.957e+01
-2.384e-02  -2.384e-02  -7.011e-05  9.971e+01
-2.433e-02  -2.433e-02  -1.983e-04  9.918e+01
-5.045e-02  -5.045e-02  -1.983e-04  9.961e+01
-2.839e-02  -2.839e-02  -1.983e-04  9.930e+01
-3.281e-02  -3.281e-02  -1.214e-04  9.963e+01
-4.969e-02  -4.969e-02  -2.217e-04  9.955e+01
-2.490e-02  -2.490e-02  -7.011e-05  9.972e+01
-2.846e-02  -2.846e-02  -1.717e-04  9.940e+01
-4.981e-02  -4.981e-02  -1.717e-04  9.966e+01
========================================================================================

step: 12/15 res:3.499802933788167, res/res0:0.15597800994470637  dq_norm: [0.00032883 0.00040273 0.00059073]

A info: before HHL prepare:
Spectral radius (A): 1.017e+02, lambda_min:6.705494509000916
condition number(A): 1.516e+01, norm2_cond:332.54570425898095
det(A): 3.735e+96
--------------------------------------------------------------------------------

A_hhl info: after scaling by spectral radius:
Spectral radius (A): 1.000e+00, lambda_min:0.0659451504470513
condition number(A): 1.516e+01, norm2_cond:332.54570425898555
det(A): 1.372e-24, nnz: 24 non zeros per row
--------------------------------------------------------------------------------

Size of A & B are not power of 2:
Next 2 power of 60 = 64
Value to be padded = 4
--------------------------------------------------

==================== Print (N)^2 padded matrix system =======================
Padded shape of A: (60, 60)x(60, 60) -> (64, 64)x(64, 64)
Padded shape of B: (60,) -> (64,)
Determinant of padded matrix: 1.3720855515450627e-24
Condition # of padded matrix: 332.54570425898555


Matrix is not Hermitian. Making it Hermitian.......

==================== Print Hermitian matrix system info =======================
Shape of hermitian A: 64x64 -> 128x128
Shape of           B: 64 -> 128
Determinant of Hermitian matrix: 1.882618760758799e-48
Condition # of Hermitian matrix: 332.5457042589818

=================================== Generating HHL circuit ===================================
Time elapsed for generating HHL circuit: 5 min 5.12 sec

Generated circuit: num_qubits=18, gates=23, depth=5
============================== Generated Circuit saved ==============================

============================== Transpiling circuit ==============================
This is using the AerSimulator('aer_simulator_statevector') transpiler.
Time elapsed for transpiling the circuit:  1 min 3.15 sec
Transpiled circuit, num_qubits: 18, (original: 18)
Transpiled circuit depth: 464202 (original: 5)
Transpiled circuit gates: 464354 (original: 23)
============================== Transpiled Circuit saved ==============================
Time elapsed for running the circuit:  2 min 32.21 sec
total_qubits: 18, nq:7

Time elapsed for extracting shots-based hhl counts solution:  0 min 0.00 sec

[HHL info]: linear system residual (e=||Ax-b||_2): 3.3974713235890643
[HHL info]: Fidelity(true_sol, hhl_sol): 0.8260971292753275
[HHL info]: L2 error (absolute): 0.1462991690314064
[HHL info]: L2 error (relative): 0.8740757679690926
[HHL info]: L2 error (normalized): 0.4268516010035815

========================================================================================
 Compare system solutions using LU of A, LU sol of A_herm, HHL of Ax=b hermition system
LU sol 	    Herm LU sol    HHL sol    L1_diff(%)
-1.924e-04  -1.924e-04  -0.000e+00  1.000e+02
-1.774e-04  -1.774e-04  -0.000e+00  1.000e+02
-5.313e-04  -5.313e-04  -0.000e+00  1.000e+02
-7.353e-04  -7.353e-04  -0.000e+00  1.000e+02
-6.896e-04  -6.896e-04  -0.000e+00  1.000e+02
 7.800e-03   7.800e-03   0.000e+00  1.000e+02
-1.852e-03  -1.852e-03  -0.000e+00  1.000e+02
-1.792e-03  -1.792e-03  -0.000e+00  1.000e+02
-5.162e-03  -5.162e-03  -0.000e+00  1.000e+02
 4.073e-03   4.073e-03   0.000e+00  1.000e+02
-4.008e-03  -4.008e-03  -0.000e+00  1.000e+02
 1.508e-02   1.508e-02   0.000e+00  1.000e+02
 9.203e-03   9.203e-03   0.000e+00  1.000e+02
-9.996e-03  -9.996e-03  -0.000e+00  1.000e+02
 9.770e-04   9.770e-04   0.000e+00  1.000e+02
-2.952e-03  -2.952e-03  -0.000e+00  1.000e+02
-6.152e-03  -6.152e-03  -0.000e+00  1.000e+02
 6.527e-03   6.527e-03   0.000e+00  1.000e+02
 7.862e-03   7.862e-03   0.000e+00  1.000e+02
-2.627e-03  -2.627e-03  -0.000e+00  1.000e+02
-5.649e-03  -5.649e-03  -2.497e-03  5.580e+01
-1.514e-02  -1.514e-02  -4.324e-03  7.145e+01
-5.410e-03  -5.410e-03  -0.000e+00  1.000e+02
-1.244e-02  -1.244e-02  -3.531e-03  7.162e+01
-1.313e-02  -1.313e-02  -2.497e-03  8.098e+01
-9.346e-03  -9.346e-03  -2.497e-03  7.329e+01
-2.551e-03  -2.551e-03  -2.497e-03  2.144e+00
-8.468e-03  -8.468e-03  -2.497e-03  7.052e+01
-1.577e-02  -1.577e-02  -0.000e+00  1.000e+02
-2.053e-02  -2.053e-02  -6.115e-03  7.021e+01
-7.701e-03  -7.701e-03  -2.497e-03  6.758e+01
-2.075e-02  -2.075e-02  -4.993e-03  7.594e+01
-3.139e-02  -3.139e-02  -2.497e-03  9.205e+01
-1.431e-02  -1.431e-02  -0.000e+00  1.000e+02
-2.304e-02  -2.304e-02  -2.497e-03  8.917e+01
-2.931e-02  -2.931e-02  -4.324e-03  8.525e+01
-1.391e-02  -1.391e-02  -0.000e+00  1.000e+02
-1.172e-02  -1.172e-02  -0.000e+00  1.000e+02
-3.355e-02  -3.355e-02  -4.993e-03  8.512e+01
-1.475e-02  -1.475e-02  -0.000e+00  1.000e+02
-7.525e-03  -7.525e-03  -0.000e+00  1.000e+02
-3.313e-02  -3.313e-02  -4.324e-03  8.695e+01
-1.774e-02  -1.774e-02  -0.000e+00  1.000e+02
-2.319e-02  -2.319e-02  -2.497e-03  8.923e+01
-3.161e-02  -3.161e-02  -2.497e-03  9.210e+01
-2.064e-02  -2.064e-02  -4.324e-03  7.905e+01
-1.919e-02  -1.919e-02  -2.497e-03  8.699e+01
-4.820e-02  -4.820e-02  -4.324e-03  9.103e+01
-2.033e-02  -2.033e-02  -4.324e-03  7.873e+01
-1.915e-02  -1.915e-02  -3.531e-03  8.156e+01
-4.848e-02  -4.848e-02  -6.115e-03  8.739e+01
-2.377e-02  -2.377e-02  -3.531e-03  8.515e+01
-2.413e-02  -2.413e-02  -2.497e-03  8.965e+01
-5.025e-02  -5.025e-02  -7.895e-03  8.429e+01
-2.819e-02  -2.819e-02  -4.324e-03  8.466e+01
-3.269e-02  -3.269e-02  -4.993e-03  8.472e+01
-4.947e-02  -4.947e-02  -6.115e-03  8.764e+01
-2.483e-02  -2.483e-02  -3.531e-03  8.578e+01
-2.829e-02  -2.829e-02  -3.531e-03  8.752e+01
-4.965e-02  -4.965e-02  -6.115e-03  8.768e+01
========================================================================================

step: 13/15 res:3.4945623065732465, res/res0:0.1557444474786733  dq_norm: [0.0108822  0.01029353 0.01817514]

A info: before HHL prepare:
Spectral radius (A): 1.017e+02, lambda_min:6.7147498276353295
condition number(A): 1.515e+01, norm2_cond:332.4992765535134
det(A): 4.046e+96
--------------------------------------------------------------------------------

A_hhl info: after scaling by spectral radius:
Spectral radius (A): 1.000e+00, lambda_min:0.06602388004634055
condition number(A): 1.515e+01, norm2_cond:332.49927655351996
det(A): 1.470e-24, nnz: 14 non zeros per row
--------------------------------------------------------------------------------

Size of A & B are not power of 2:
Next 2 power of 60 = 64
Value to be padded = 4
--------------------------------------------------

==================== Print (N)^2 padded matrix system =======================
Padded shape of A: (60, 60)x(60, 60) -> (64, 64)x(64, 64)
Padded shape of B: (60,) -> (64,)
Determinant of padded matrix: 1.469859325799889e-24
Condition # of padded matrix: 332.49927655351996


Matrix is not Hermitian. Making it Hermitian.......

==================== Print Hermitian matrix system info =======================
Shape of hermitian A: 64x64 -> 128x128
Shape of           B: 64 -> 128
Determinant of Hermitian matrix: 2.1604864376407505e-48
Condition # of Hermitian matrix: 332.49927655351706

=================================== Generating HHL circuit ===================================
Time elapsed for generating HHL circuit: 5 min 16.78 sec

Generated circuit: num_qubits=18, gates=23, depth=5
============================== Generated Circuit saved ==============================

============================== Transpiling circuit ==============================
This is using the AerSimulator('aer_simulator_statevector') transpiler.
Time elapsed for transpiling the circuit:  0 min 46.44 sec
Transpiled circuit, num_qubits: 18, (original: 18)
Transpiled circuit depth: 464202 (original: 5)
Transpiled circuit gates: 464354 (original: 23)
============================== Transpiled Circuit saved ==============================
Time elapsed for running the circuit:  2 min 26.29 sec
total_qubits: 18, nq:7

Time elapsed for extracting shots-based hhl counts solution:  0 min 0.00 sec

[HHL info]: linear system residual (e=||Ax-b||_2): 2.8579440796660665
[HHL info]: Fidelity(true_sol, hhl_sol): 0.8215212969501104
[HHL info]: L2 error (absolute): 0.1190892690887078
[HHL info]: L2 error (relative): 0.8157038218935642
[HHL info]: L2 error (normalized): 0.43271671958605445

========================================================================================
 Compare system solutions using LU of A, LU sol of A_herm, HHL of Ax=b hermition system
LU sol 	    Herm LU sol    HHL sol    L1_diff(%)
-1.920e-04  -1.920e-04  -0.000e+00  1.000e+02
-1.771e-04  -1.771e-04  -0.000e+00  1.000e+02
-5.302e-04  -5.302e-04  -0.000e+00  1.000e+02
-7.339e-04  -7.339e-04  -0.000e+00  1.000e+02
-6.889e-04  -6.889e-04  -0.000e+00  1.000e+02
 7.803e-03   7.803e-03   0.000e+00  1.000e+02
-1.851e-03  -1.851e-03  -0.000e+00  1.000e+02
-1.791e-03  -1.791e-03  -0.000e+00  1.000e+02
-5.161e-03  -5.161e-03  -0.000e+00  1.000e+02
 4.068e-03   4.068e-03   0.000e+00  1.000e+02
-4.011e-03  -4.011e-03  -0.000e+00  1.000e+02
 1.507e-02   1.507e-02   0.000e+00  1.000e+02
 9.190e-03   9.190e-03   0.000e+00  1.000e+02
-9.999e-03  -9.999e-03  -0.000e+00  1.000e+02
 9.535e-04   9.535e-04   0.000e+00  1.000e+02
-2.966e-03  -2.966e-03  -0.000e+00  1.000e+02
-6.171e-03  -6.171e-03  -0.000e+00  1.000e+02
 6.478e-03   6.478e-03   0.000e+00  1.000e+02
 7.909e-03   7.909e-03   0.000e+00  1.000e+02
-2.593e-03  -2.593e-03  -3.108e-03  1.987e+01
-3.025e-03  -3.025e-03  -0.000e+00  1.000e+02
-1.073e-02  -1.073e-02  -3.108e-03  7.103e+01
-5.427e-03  -5.427e-03  -0.000e+00  1.000e+02
-8.864e-03  -8.864e-03  -0.000e+00  1.000e+02
-1.062e-02  -1.062e-02  -3.108e-03  7.073e+01
-6.855e-03  -6.855e-03  -0.000e+00  1.000e+02
-1.136e-04  -1.136e-04  -0.000e+00  1.000e+02
-5.976e-03  -5.976e-03  -0.000e+00  1.000e+02
-1.575e-02  -1.575e-02  -4.396e-03  7.208e+01
-1.444e-02  -1.444e-02  -4.396e-03  6.955e+01
-5.204e-03  -5.204e-03  -0.000e+00  1.000e+02
-1.576e-02  -1.576e-02  -3.108e-03  8.028e+01
-2.889e-02  -2.889e-02  -8.224e-03  7.153e+01
-1.431e-02  -1.431e-02  -0.000e+00  1.000e+02
-2.053e-02  -2.053e-02  -5.384e-03  7.378e+01
-2.491e-02  -2.491e-02  -7.614e-03  6.944e+01
-1.391e-02  -1.391e-02  -3.108e-03  7.765e+01
-1.176e-02  -1.176e-02  -3.108e-03  7.356e+01
-2.845e-02  -2.845e-02  -0.000e+00  1.000e+02
-1.478e-02  -1.478e-02  -3.108e-03  7.897e+01
-7.529e-03  -7.529e-03  -0.000e+00  1.000e+02
-2.877e-02  -2.877e-02  -4.396e-03  8.472e+01
-1.771e-02  -1.771e-02  -3.108e-03  8.245e+01
-2.065e-02  -2.065e-02  -6.950e-03  6.634e+01
-2.904e-02  -2.904e-02  -5.384e-03  8.146e+01
-1.619e-02  -1.619e-02  -3.108e-03  8.081e+01
-1.670e-02  -1.670e-02  -4.396e-03  7.367e+01
-4.368e-02  -4.368e-02  -7.614e-03  8.257e+01
-1.590e-02  -1.590e-02  -0.000e+00  1.000e+02
-1.562e-02  -1.562e-02  -0.000e+00  1.000e+02
-4.216e-02  -4.216e-02  -8.224e-03  8.049e+01
-2.017e-02  -2.017e-02  -3.108e-03  8.459e+01
-2.165e-02  -2.165e-02  -3.108e-03  8.565e+01
-4.224e-02  -4.224e-02  -9.325e-03  7.793e+01
-2.380e-02  -2.380e-02  -8.224e-03  6.544e+01
-2.768e-02  -2.768e-02  -5.384e-03  8.055e+01
-4.334e-02  -4.334e-02  -6.217e-03  8.566e+01
-2.123e-02  -2.123e-02  -3.108e-03  8.536e+01
-2.475e-02  -2.475e-02  -6.217e-03  7.489e+01
-4.347e-02  -4.347e-02  -1.077e-02  7.523e+01
========================================================================================

step: 14/15 res:3.3972833907003173, res/res0:0.15140895431105816  dq_norm: [0.01203829 0.01490676 0.02367191]
Completed: 14 steps in 7838.30s
Saved metadata to /lustre/orion/stf006/scratch/4klornl/fvm_euler_1d_solver/output_parallel_shots/nelem20/statevector/shots_100000/trial_3/metadata_nelem20_HHL_statevector_nshots100000.pkl

Solution summary:
  x/L: [0.0250, 0.9750]
  Mach: [1.5000, 2.1256]
  p/p_in: [1.0000, 0.3767]
  rho/rho_in: [1.0000, 0.5005]
Saved combined plot to /lustre/orion/stf006/scratch/4klornl/fvm_euler_1d_solver/output_parallel_shots/nelem20/statevector/shots_100000/trial_3/solution_plot_nelem20_HHL_statevector_nshots100000.png
