
------------------------------------------------------------
Using ideal local simulator with 'statevector' method
Backend: aer_simulator_statevector
Shots: 50000
------------------------------------------------------------

A info: before HHL prepare:
Spectral radius (A): 9.808e+01, lambda_min:5.866129498146235
condition number(A): 1.672e+01, norm2_cond:401.8614855890083
det(A): 2.657e+93
--------------------------------------------------------------------------------

A_hhl info: after scaling by spectral radius:
Spectral radius (A): 1.000e+00, lambda_min:0.05980937346031271
condition number(A): 1.672e+01, norm2_cond:401.8614855890105
det(A): 8.499e-27, nnz: 12 non zeros per row
--------------------------------------------------------------------------------

Size of A & B are not power of 2:
Next 2 power of 60 = 64
Value to be padded = 4
--------------------------------------------------

==================== Print (N)^2 padded matrix system =======================
Padded shape of A: (60, 60)x(60, 60) -> (64, 64)x(64, 64)
Padded shape of B: (60,) -> (64,)
Determinant of padded matrix: 8.499054744892335e-27
Condition # of padded matrix: 401.8614855890105


Matrix is not Hermitian. Making it Hermitian.......

==================== Print Hermitian matrix system info =======================
Shape of hermitian A: 64x64 -> 128x128
Shape of           B: 64 -> 128
Determinant of Hermitian matrix: 7.223393155667588e-53
Condition # of Hermitian matrix: 401.86148558902164

=================================== Generating HHL circuit ===================================
Time elapsed for generating HHL circuit: 4 min 50.19 sec

Generated circuit: num_qubits=18, gates=23, depth=5
============================== Generated Circuit saved ==============================

============================== Transpiling circuit ==============================
This is using the AerSimulator('aer_simulator_statevector') transpiler.
Time elapsed for transpiling the circuit:  0 min 47.89 sec
Transpiled circuit, num_qubits: 18, (original: 18)
Transpiled circuit depth: 464201 (original: 5)
Transpiled circuit gates: 464353 (original: 23)
============================== Transpiled Circuit saved ==============================
Time elapsed for running the circuit:  2 min 34.27 sec
total_qubits: 18, nq:7

Time elapsed for extracting shots-based hhl counts solution:  0 min 0.00 sec

[HHL info]: linear system residual (e=||Ax-b||_2): 21.867152348374503
[HHL info]: Fidelity(true_sol, hhl_sol): 0.98514411472307
[HHL info]: L2 error (absolute): 5.014789592698622
[HHL info]: L2 error (relative): 0.9270588954971425
[HHL info]: L2 error (normalized): 0.12211254352366226

========================================================================================
 Compare system solutions using LU of A, LU sol of A_herm, HHL of Ax=b hermition system
LU sol 	    Herm LU sol    HHL sol    L1_diff(%)
-2.338e-04  -2.338e-04  -0.000e+00  1.000e+02
-1.963e-04  -1.963e-04  -0.000e+00  1.000e+02
-6.159e-04  -6.159e-04  -0.000e+00  1.000e+02
-8.210e-04  -8.210e-04  -0.000e+00  1.000e+02
-7.266e-04  -7.266e-04  -0.000e+00  1.000e+02
-2.219e-03  -2.219e-03  -0.000e+00  1.000e+02
-1.793e-03  -1.793e-03  -0.000e+00  1.000e+02
-1.753e-03  -1.753e-03  -0.000e+00  1.000e+02
-5.094e-03  -5.094e-03  -0.000e+00  1.000e+02
-3.854e-03  -3.854e-03  -0.000e+00  1.000e+02
-3.983e-03  -3.983e-03  -0.000e+00  1.000e+02
-1.127e-02  -1.127e-02  -0.000e+00  1.000e+02
-9.906e-03  -9.906e-03  -0.000e+00  1.000e+02
-9.642e-03  -9.642e-03  -0.000e+00  1.000e+02
-2.806e-02  -2.806e-02  -0.000e+00  1.000e+02
-2.691e-02  -2.691e-02  -0.000e+00  1.000e+02
-2.384e-02  -2.384e-02  -0.000e+00  1.000e+02
-7.270e-02  -7.270e-02  -0.000e+00  1.000e+02
-6.552e-02  -6.552e-02  -0.000e+00  1.000e+02
-5.523e-02  -5.523e-02  -0.000e+00  1.000e+02
-1.723e-01  -1.723e-01  -1.413e-02  9.180e+01
-1.346e-01  -1.346e-01  -0.000e+00  1.000e+02
-1.143e-01  -1.143e-01  -0.000e+00  1.000e+02
-3.520e-01  -3.520e-01  -1.413e-02  9.598e+01
-2.317e-01  -2.317e-01  -2.448e-02  8.943e+01
-2.062e-01  -2.062e-01  -1.413e-02  9.315e+01
-6.108e-01  -6.108e-01  -5.096e-02  9.166e+01
-3.379e-01  -3.379e-01  -2.448e-02  9.276e+01
-3.187e-01  -3.187e-01  -2.827e-02  9.113e+01
-9.014e-01  -9.014e-01  -7.741e-02  9.141e+01
-4.286e-01  -4.286e-01  -4.896e-02  8.858e+01
-4.234e-01  -4.234e-01  -3.462e-02  9.182e+01
-1.154e+00  -1.154e+00  -9.050e-02  9.216e+01
-4.911e-01  -4.911e-01  -5.288e-02  8.923e+01
-4.997e-01  -4.997e-01  -2.827e-02  9.434e+01
-1.329e+00  -1.329e+00  -9.894e-02  9.256e+01
-5.282e-01  -5.282e-01  -3.462e-02  9.345e+01
-5.462e-01  -5.462e-01  -3.739e-02  9.315e+01
-1.433e+00  -1.433e+00  -1.122e-01  9.217e+01
-5.481e-01  -5.481e-01  -3.462e-02  9.368e+01
-5.715e-01  -5.715e-01  -3.462e-02  9.394e+01
-1.489e+00  -1.489e+00  -1.166e-01  9.217e+01
-5.581e-01  -5.581e-01  -4.688e-02  9.160e+01
-5.842e-01  -5.842e-01  -2.827e-02  9.516e+01
-1.517e+00  -1.517e+00  -1.039e-01  9.315e+01
-5.629e-01  -5.629e-01  -3.739e-02  9.336e+01
-5.904e-01  -5.904e-01  -3.739e-02  9.367e+01
-1.530e+00  -1.530e+00  -1.113e-01  9.273e+01
-5.652e-01  -5.652e-01  -4.470e-02  9.209e+01
-5.933e-01  -5.933e-01  -2.827e-02  9.524e+01
-1.536e+00  -1.536e+00  -1.076e-01  9.299e+01
-5.662e-01  -5.662e-01  -3.462e-02  9.389e+01
-5.946e-01  -5.946e-01  -4.470e-02  9.248e+01
-1.539e+00  -1.539e+00  -1.039e-01  9.325e+01
-5.667e-01  -5.667e-01  -4.240e-02  9.252e+01
-5.952e-01  -5.952e-01  -3.998e-02  9.328e+01
-1.541e+00  -1.541e+00  -1.148e-01  9.255e+01
-5.670e-01  -5.670e-01  -4.470e-02  9.212e+01
-5.955e-01  -5.955e-01  -3.998e-02  9.329e+01
-1.541e+00  -1.541e+00  -1.148e-01  9.255e+01
========================================================================================

step: 0/15 res:22.437797065296795, res/res0:1.0  dq_norm: [0.13920313 0.11740529 0.35363097]

A info: before HHL prepare:
Spectral radius (A): 9.857e+01, lambda_min:6.066743292588215
condition number(A): 1.625e+01, norm2_cond:392.13002176581625
det(A): 5.340e+93
--------------------------------------------------------------------------------

A_hhl info: after scaling by spectral radius:
Spectral radius (A): 1.000e+00, lambda_min:0.061548991233064454
condition number(A): 1.625e+01, norm2_cond:392.1300217658195
det(A): 1.269e-26, nnz: 14 non zeros per row
--------------------------------------------------------------------------------

Size of A & B are not power of 2:
Next 2 power of 60 = 64
Value to be padded = 4
--------------------------------------------------

==================== Print (N)^2 padded matrix system =======================
Padded shape of A: (60, 60)x(60, 60) -> (64, 64)x(64, 64)
Padded shape of B: (60,) -> (64,)
Determinant of padded matrix: 1.2690562004325834e-26
Condition # of padded matrix: 392.1300217658195


Matrix is not Hermitian. Making it Hermitian.......

==================== Print Hermitian matrix system info =======================
Shape of hermitian A: 64x64 -> 128x128
Shape of           B: 64 -> 128
Determinant of Hermitian matrix: 1.6105036398563395e-52
Condition # of Hermitian matrix: 392.1300217658179

=================================== Generating HHL circuit ===================================
Time elapsed for generating HHL circuit: 4 min 53.03 sec

Generated circuit: num_qubits=18, gates=23, depth=5
============================== Generated Circuit saved ==============================

============================== Transpiling circuit ==============================
This is using the AerSimulator('aer_simulator_statevector') transpiler.
Time elapsed for transpiling the circuit:  0 min 46.80 sec
Transpiled circuit, num_qubits: 18, (original: 18)
Transpiled circuit depth: 464205 (original: 5)
Transpiled circuit gates: 464357 (original: 23)
============================== Transpiled Circuit saved ==============================
Time elapsed for running the circuit:  2 min 31.57 sec
total_qubits: 18, nq:7

Time elapsed for extracting shots-based hhl counts solution:  0 min 0.00 sec

[HHL info]: linear system residual (e=||Ax-b||_2): 20.66124584667475
[HHL info]: Fidelity(true_sol, hhl_sol): 0.9881958094576497
[HHL info]: L2 error (absolute): 4.255945387600316
[HHL info]: L2 error (relative): 0.8609495717871724
[HHL info]: L2 error (normalized): 0.10880823681273127

========================================================================================
 Compare system solutions using LU of A, LU sol of A_herm, HHL of Ax=b hermition system
LU sol 	    Herm LU sol    HHL sol    L1_diff(%)
-2.292e-04  -2.292e-04  -0.000e+00  1.000e+02
-1.939e-04  -1.939e-04  -0.000e+00  1.000e+02
-6.061e-04  -6.061e-04  -0.000e+00  1.000e+02
-7.964e-04  -7.964e-04  -0.000e+00  1.000e+02
-7.143e-04  -7.143e-04  -0.000e+00  1.000e+02
-2.167e-03  -2.167e-03  -0.000e+00  1.000e+02
-1.749e-03  -1.749e-03  -0.000e+00  1.000e+02
-1.731e-03  -1.731e-03  -0.000e+00  1.000e+02
-4.998e-03  -4.998e-03  -0.000e+00  1.000e+02
-3.853e-03  -3.853e-03  -0.000e+00  1.000e+02
-3.985e-03  -3.985e-03  -0.000e+00  1.000e+02
-1.126e-02  -1.126e-02  -0.000e+00  1.000e+02
-1.007e-02  -1.007e-02  -0.000e+00  1.000e+02
-9.702e-03  -9.702e-03  -0.000e+00  1.000e+02
-2.840e-02  -2.840e-02  -2.441e-02  1.406e+01
-2.730e-02  -2.730e-02  -0.000e+00  1.000e+02
-2.405e-02  -2.405e-02  -0.000e+00  1.000e+02
-7.359e-02  -7.359e-02  -0.000e+00  1.000e+02
-6.561e-02  -6.561e-02  -0.000e+00  1.000e+02
-5.516e-02  -5.516e-02  -0.000e+00  1.000e+02
-1.578e-01  -1.578e-01  -0.000e+00  1.000e+02
-1.337e-01  -1.337e-01  -2.441e-02  8.174e+01
-1.146e-01  -1.146e-01  -0.000e+00  1.000e+02
-3.351e-01  -3.351e-01  -6.458e-02  8.073e+01
-2.038e-01  -2.038e-01  -3.452e-02  8.306e+01
-1.922e-01  -1.922e-01  -0.000e+00  1.000e+02
-5.522e-01  -5.522e-01  -6.904e-02  8.750e+01
-3.058e-01  -3.058e-01  -4.228e-02  8.618e+01
-2.885e-01  -2.885e-01  -4.228e-02  8.535e+01
-8.060e-01  -8.060e-01  -1.064e-01  8.680e+01
-3.679e-01  -3.679e-01  -6.458e-02  8.245e+01
-3.895e-01  -3.895e-01  -3.452e-02  9.114e+01
-1.038e+00  -1.038e+00  -1.402e-01  8.650e+01
-4.288e-01  -4.288e-01  -6.904e-02  8.390e+01
-4.736e-01  -4.736e-01  -5.979e-02  8.737e+01
-1.210e+00  -1.210e+00  -1.743e-01  8.559e+01
-4.860e-01  -4.860e-01  -6.458e-02  8.671e+01
-5.074e-01  -5.074e-01  -7.719e-02  8.479e+01
-1.300e+00  -1.300e+00  -1.953e-01  8.498e+01
-5.036e-01  -5.036e-01  -5.458e-02  8.916e+01
-5.365e-01  -5.365e-01  -8.096e-02  8.491e+01
-1.346e+00  -1.346e+00  -1.777e-01  8.679e+01
-4.999e-01  -4.999e-01  -7.719e-02  8.456e+01
-5.560e-01  -5.560e-01  -9.454e-02  8.300e+01
-1.387e+00  -1.387e+00  -1.827e-01  8.683e+01
-5.162e-01  -5.162e-01  -7.719e-02  8.505e+01
-5.533e-01  -5.533e-01  -6.904e-02  8.752e+01
-1.394e+00  -1.394e+00  -1.875e-01  8.655e+01
-5.137e-01  -5.137e-01  -7.719e-02  8.497e+01
-5.665e-01  -5.665e-01  -1.006e-01  8.223e+01
-1.412e+00  -1.412e+00  -2.071e-01  8.533e+01
-5.261e-01  -5.261e-01  -5.979e-02  8.864e+01
-5.486e-01  -5.486e-01  -7.719e-02  8.593e+01
-1.421e+00  -1.421e+00  -2.042e-01  8.563e+01
-5.164e-01  -5.164e-01  -6.904e-02  8.663e+01
-5.551e-01  -5.551e-01  -8.096e-02  8.542e+01
-1.406e+00  -1.406e+00  -1.968e-01  8.600e+01
-5.133e-01  -5.133e-01  -5.979e-02  8.835e+01
-5.555e-01  -5.555e-01  -7.719e-02  8.611e+01
-1.405e+00  -1.405e+00  -1.891e-01  8.654e+01
========================================================================================

step: 1/15 res:21.894146543366556, res/res0:0.9757707710633023  dq_norm: [0.22238206 0.24773041 0.60681309]

A info: before HHL prepare:
Spectral radius (A): 9.926e+01, lambda_min:6.308389708767248
condition number(A): 1.573e+01, norm2_cond:383.7125111817056
det(A): 1.249e+94
--------------------------------------------------------------------------------

A_hhl info: after scaling by spectral radius:
Spectral radius (A): 1.000e+00, lambda_min:0.06355711084717303
condition number(A): 1.573e+01, norm2_cond:383.7125111817041
det(A): 1.956e-26, nnz: 14 non zeros per row
--------------------------------------------------------------------------------

Size of A & B are not power of 2:
Next 2 power of 60 = 64
Value to be padded = 4
--------------------------------------------------

==================== Print (N)^2 padded matrix system =======================
Padded shape of A: (60, 60)x(60, 60) -> (64, 64)x(64, 64)
Padded shape of B: (60,) -> (64,)
Determinant of padded matrix: 1.955500587296354e-26
Condition # of padded matrix: 383.7125111817041


Matrix is not Hermitian. Making it Hermitian.......

==================== Print Hermitian matrix system info =======================
Shape of hermitian A: 64x64 -> 128x128
Shape of           B: 64 -> 128
Determinant of Hermitian matrix: 3.8239825469164945e-52
Condition # of Hermitian matrix: 383.7125111817077

=================================== Generating HHL circuit ===================================
Time elapsed for generating HHL circuit: 5 min 0.79 sec

Generated circuit: num_qubits=18, gates=23, depth=5
============================== Generated Circuit saved ==============================

============================== Transpiling circuit ==============================
This is using the AerSimulator('aer_simulator_statevector') transpiler.
Time elapsed for transpiling the circuit:  0 min 50.40 sec
Transpiled circuit, num_qubits: 18, (original: 18)
Transpiled circuit depth: 464200 (original: 5)
Transpiled circuit gates: 464352 (original: 23)
============================== Transpiled Circuit saved ==============================
Time elapsed for running the circuit:  2 min 32.27 sec
total_qubits: 18, nq:7

Time elapsed for extracting shots-based hhl counts solution:  0 min 0.00 sec

[HHL info]: linear system residual (e=||Ax-b||_2): 17.562572138432056
[HHL info]: Fidelity(true_sol, hhl_sol): 0.9857775867589562
[HHL info]: L2 error (absolute): 3.380430901510552
[HHL info]: L2 error (relative): 0.8052013248607293
[HHL info]: L2 error (normalized): 0.1194711067071328

========================================================================================
 Compare system solutions using LU of A, LU sol of A_herm, HHL of Ax=b hermition system
LU sol 	    Herm LU sol    HHL sol    L1_diff(%)
-2.066e-04  -2.066e-04  -0.000e+00  1.000e+02
-1.827e-04  -1.827e-04  -0.000e+00  1.000e+02
-5.577e-04  -5.577e-04  -0.000e+00  1.000e+02
-7.194e-04  -7.194e-04  -0.000e+00  1.000e+02
-6.753e-04  -6.753e-04  -0.000e+00  1.000e+02
-2.005e-03  -2.005e-03  -0.000e+00  1.000e+02
-1.681e-03  -1.681e-03  -0.000e+00  1.000e+02
-1.690e-03  -1.690e-03  -0.000e+00  1.000e+02
-4.856e-03  -4.856e-03  -0.000e+00  1.000e+02
-4.079e-03  -4.079e-03  -0.000e+00  1.000e+02
-4.122e-03  -4.122e-03  -0.000e+00  1.000e+02
-1.175e-02  -1.175e-02  -0.000e+00  1.000e+02
-1.083e-02  -1.083e-02  -0.000e+00  1.000e+02
-1.010e-02  -1.010e-02  -0.000e+00  1.000e+02
-5.510e-03  -5.510e-03  -0.000e+00  1.000e+02
-2.778e-02  -2.778e-02  -0.000e+00  1.000e+02
-2.405e-02  -2.405e-02  -0.000e+00  1.000e+02
-7.482e-02  -7.482e-02  -0.000e+00  1.000e+02
-6.408e-02  -6.408e-02  -0.000e+00  1.000e+02
-5.469e-02  -5.469e-02  -0.000e+00  1.000e+02
-1.544e-01  -1.544e-01  -4.642e-02  6.994e+01
-1.050e-01  -1.050e-01  -0.000e+00  1.000e+02
-1.149e-01  -1.149e-01  -0.000e+00  1.000e+02
-2.599e-01  -2.599e-01  -5.685e-02  7.813e+01
-1.627e-01  -1.627e-01  -5.685e-02  6.506e+01
-1.922e-01  -1.922e-01  -5.685e-02  7.043e+01
-4.678e-01  -4.678e-01  -9.847e-02  7.895e+01
-2.529e-01  -2.529e-01  -3.282e-02  8.702e+01
-2.445e-01  -2.445e-01  -3.282e-02  8.658e+01
-6.751e-01  -6.751e-01  -1.393e-01  7.937e+01
-2.909e-01  -2.909e-01  -4.642e-02  8.405e+01
-3.556e-01  -3.556e-01  -8.684e-02  7.558e+01
-8.674e-01  -8.674e-01  -1.885e-01  7.826e+01
-3.522e-01  -3.522e-01  -4.642e-02  8.682e+01
-4.162e-01  -4.162e-01  -4.642e-02  8.885e+01
-1.015e+00  -1.015e+00  -2.102e-01  7.930e+01
-4.188e-01  -4.188e-01  -7.339e-02  8.247e+01
-4.304e-01  -4.304e-01  -8.684e-02  7.982e+01
-1.094e+00  -1.094e+00  -2.127e-01  8.055e+01
-4.454e-01  -4.454e-01  -9.283e-02  7.916e+01
-4.533e-01  -4.533e-01  -9.847e-02  7.828e+01
-1.159e+00  -1.159e+00  -2.177e-01  8.121e+01
-4.141e-01  -4.141e-01  -6.564e-02  8.415e+01
-4.608e-01  -4.608e-01  -1.183e-01  7.432e+01
-1.185e+00  -1.185e+00  -2.478e-01  7.909e+01
-4.313e-01  -4.313e-01  -8.040e-02  8.136e+01
-4.867e-01  -4.867e-01  -1.137e-01  7.664e+01
-1.190e+00  -1.190e+00  -2.102e-01  8.234e+01
-4.301e-01  -4.301e-01  -9.283e-02  7.841e+01
-4.643e-01  -4.643e-01  -8.684e-02  8.130e+01
-1.189e+00  -1.189e+00  -2.434e-01  7.953e+01
-4.604e-01  -4.604e-01  -8.684e-02  8.114e+01
-4.715e-01  -4.715e-01  -9.283e-02  8.031e+01
-1.198e+00  -1.198e+00  -2.478e-01  7.931e+01
-4.420e-01  -4.420e-01  -7.339e-02  8.340e+01
-4.747e-01  -4.747e-01  -8.684e-02  8.171e+01
-1.194e+00  -1.194e+00  -2.202e-01  8.156e+01
-4.500e-01  -4.500e-01  -7.339e-02  8.369e+01
-4.784e-01  -4.784e-01  -9.283e-02  8.060e+01
-1.204e+00  -1.204e+00  -2.202e-01  8.171e+01
========================================================================================

step: 2/15 res:20.702114481389454, res/res0:0.922644697299994  dq_norm: [0.24561771 0.30081903 0.72802821]

A info: before HHL prepare:
Spectral radius (A): 9.921e+01, lambda_min:6.375103511220746
condition number(A): 1.556e+01, norm2_cond:368.7321607262136
det(A): 2.461e+94
--------------------------------------------------------------------------------

A_hhl info: after scaling by spectral radius:
Spectral radius (A): 1.000e+00, lambda_min:0.06425786659795821
condition number(A): 1.556e+01, norm2_cond:368.7321607262108
det(A): 3.957e-26, nnz: 14 non zeros per row
--------------------------------------------------------------------------------

Size of A & B are not power of 2:
Next 2 power of 60 = 64
Value to be padded = 4
--------------------------------------------------

==================== Print (N)^2 padded matrix system =======================
Padded shape of A: (60, 60)x(60, 60) -> (64, 64)x(64, 64)
Padded shape of B: (60,) -> (64,)
Determinant of padded matrix: 3.957392068556178e-26
Condition # of padded matrix: 368.7321607262108


Matrix is not Hermitian. Making it Hermitian.......

==================== Print Hermitian matrix system info =======================
Shape of hermitian A: 64x64 -> 128x128
Shape of           B: 64 -> 128
Determinant of Hermitian matrix: 1.566095198427179e-51
Condition # of Hermitian matrix: 368.7321607262198

=================================== Generating HHL circuit ===================================
Time elapsed for generating HHL circuit: 5 min 1.57 sec

Generated circuit: num_qubits=18, gates=23, depth=5
============================== Generated Circuit saved ==============================

============================== Transpiling circuit ==============================
This is using the AerSimulator('aer_simulator_statevector') transpiler.
Time elapsed for transpiling the circuit:  0 min 51.80 sec
Transpiled circuit, num_qubits: 18, (original: 18)
Transpiled circuit depth: 464201 (original: 5)
Transpiled circuit gates: 464353 (original: 23)
============================== Transpiled Circuit saved ==============================
Time elapsed for running the circuit:  2 min 31.42 sec
total_qubits: 18, nq:7

Time elapsed for extracting shots-based hhl counts solution:  0 min 0.00 sec

[HHL info]: linear system residual (e=||Ax-b||_2): 15.634024439438251
[HHL info]: Fidelity(true_sol, hhl_sol): 0.9744936167908322
[HHL info]: L2 error (absolute): 2.9120107574329888
[HHL info]: L2 error (relative): 0.8779727451568753
[HHL info]: L2 error (normalized): 0.16022214267149112

========================================================================================
 Compare system solutions using LU of A, LU sol of A_herm, HHL of Ax=b hermition system
LU sol 	    Herm LU sol    HHL sol    L1_diff(%)
-2.002e-04  -2.002e-04  -0.000e+00  1.000e+02
-1.793e-04  -1.793e-04  -0.000e+00  1.000e+02
-5.443e-04  -5.443e-04  -0.000e+00  1.000e+02
-7.117e-04  -7.117e-04  -0.000e+00  1.000e+02
-6.718e-04  -6.718e-04  -0.000e+00  1.000e+02
-1.988e-03  -1.988e-03  -0.000e+00  1.000e+02
-1.712e-03  -1.712e-03  -0.000e+00  1.000e+02
-1.709e-03  -1.709e-03  -0.000e+00  1.000e+02
-4.918e-03  -4.918e-03  -0.000e+00  1.000e+02
-4.191e-03  -4.191e-03  -0.000e+00  1.000e+02
-4.174e-03  -4.174e-03  -0.000e+00  1.000e+02
-1.199e-02  -1.199e-02  -0.000e+00  1.000e+02
-1.094e-02  -1.094e-02  -0.000e+00  1.000e+02
-1.009e-02  -1.009e-02  -0.000e+00  1.000e+02
-5.770e-03  -5.770e-03  -1.707e-02  1.958e+02
-2.778e-02  -2.778e-02  -0.000e+00  1.000e+02
-2.420e-02  -2.420e-02  -0.000e+00  1.000e+02
-7.479e-02  -7.479e-02  -0.000e+00  1.000e+02
-6.350e-02  -6.350e-02  -2.414e-02  6.199e+01
-5.442e-02  -5.442e-02  -0.000e+00  1.000e+02
-1.052e-01  -1.052e-01  -0.000e+00  1.000e+02
-1.033e-01  -1.033e-01  -0.000e+00  1.000e+02
-1.140e-01  -1.140e-01  -2.414e-02  7.883e+01
-1.982e-01  -1.982e-01  -3.414e-02  8.278e+01
-1.038e-01  -1.038e-01  -1.707e-02  8.356e+01
-1.363e-01  -1.363e-01  -1.707e-02  8.748e+01
-3.647e-01  -3.647e-01  -5.121e-02  8.596e+01
-2.197e-01  -2.197e-01  -2.414e-02  8.901e+01
-2.130e-01  -2.130e-01  -2.414e-02  8.867e+01
-5.303e-01  -5.303e-01  -6.155e-02  8.839e+01
-2.403e-01  -2.403e-01  -2.957e-02  8.770e+01
-2.663e-01  -2.663e-01  -3.817e-02  8.567e+01
-6.650e-01  -6.650e-01  -8.535e-02  8.717e+01
-2.967e-01  -2.967e-01  -2.414e-02  9.186e+01
-3.689e-01  -3.689e-01  -5.121e-02  8.612e+01
-7.758e-01  -7.758e-01  -1.119e-01  8.557e+01
-3.372e-01  -3.372e-01  -4.181e-02  8.760e+01
-3.459e-01  -3.459e-01  -2.957e-02  9.145e+01
-8.611e-01  -8.611e-01  -1.024e-01  8.811e+01
-3.507e-01  -3.507e-01  -5.661e-02  8.386e+01
-3.583e-01  -3.583e-01  -6.155e-02  8.282e+01
-9.371e-01  -9.371e-01  -1.207e-01  8.712e+01
-3.480e-01  -3.480e-01  -5.121e-02  8.528e+01
-3.392e-01  -3.392e-01  -4.181e-02  8.767e+01
-9.338e-01  -9.338e-01  -1.254e-01  8.657e+01
-3.408e-01  -3.408e-01  -4.181e-02  8.773e+01
-3.701e-01  -3.701e-01  -3.414e-02  9.078e+01
-9.577e-01  -9.577e-01  -1.322e-01  8.619e+01
-3.228e-01  -3.228e-01  -4.181e-02  8.705e+01
-3.791e-01  -3.791e-01  -4.828e-02  8.727e+01
-9.103e-01  -9.103e-01  -9.656e-02  8.939e+01
-3.614e-01  -3.614e-01  -4.181e-02  8.843e+01
-3.794e-01  -3.794e-01  -3.414e-02  9.100e+01
-9.186e-01  -9.186e-01  -1.158e-01  8.740e+01
-3.601e-01  -3.601e-01  -4.828e-02  8.659e+01
-3.883e-01  -3.883e-01  -4.828e-02  8.757e+01
-9.509e-01  -9.509e-01  -9.350e-02  9.017e+01
-3.698e-01  -3.698e-01  -3.414e-02  9.077e+01
-3.857e-01  -3.857e-01  -4.181e-02  8.916e+01
-9.645e-01  -9.645e-01  -1.066e-01  8.895e+01
========================================================================================

step: 3/15 res:17.567859237348323, res/res0:0.78295829070134  dq_norm: [0.13867692 0.14383394 0.35887512]

A info: before HHL prepare:
Spectral radius (A): 9.951e+01, lambda_min:6.467554559649658
condition number(A): 1.539e+01, norm2_cond:361.34408312406754
det(A): 4.671e+94
--------------------------------------------------------------------------------

A_hhl info: after scaling by spectral radius:
Spectral radius (A): 1.000e+00, lambda_min:0.06499213477985288
condition number(A): 1.539e+01, norm2_cond:361.34408312406975
det(A): 6.261e-26, nnz: 14 non zeros per row
--------------------------------------------------------------------------------

Size of A & B are not power of 2:
Next 2 power of 60 = 64
Value to be padded = 4
--------------------------------------------------

==================== Print (N)^2 padded matrix system =======================
Padded shape of A: (60, 60)x(60, 60) -> (64, 64)x(64, 64)
Padded shape of B: (60,) -> (64,)
Determinant of padded matrix: 6.261363544861441e-26
Condition # of padded matrix: 361.34408312406975


Matrix is not Hermitian. Making it Hermitian.......

==================== Print Hermitian matrix system info =======================
Shape of hermitian A: 64x64 -> 128x128
Shape of           B: 64 -> 128
Determinant of Hermitian matrix: 3.920467344091928e-51
Condition # of Hermitian matrix: 361.34408312406487

=================================== Generating HHL circuit ===================================
Time elapsed for generating HHL circuit: 5 min 3.02 sec

Generated circuit: num_qubits=18, gates=23, depth=5
============================== Generated Circuit saved ==============================

============================== Transpiling circuit ==============================
This is using the AerSimulator('aer_simulator_statevector') transpiler.
Time elapsed for transpiling the circuit:  0 min 52.09 sec
Transpiled circuit, num_qubits: 18, (original: 18)
Transpiled circuit depth: 464204 (original: 5)
Transpiled circuit gates: 464356 (original: 23)
============================== Transpiled Circuit saved ==============================
Time elapsed for running the circuit:  2 min 32.57 sec
total_qubits: 18, nq:7

Time elapsed for extracting shots-based hhl counts solution:  0 min 0.00 sec

[HHL info]: linear system residual (e=||Ax-b||_2): 14.796107897535357
[HHL info]: Fidelity(true_sol, hhl_sol): 0.9743766682203552
[HHL info]: L2 error (absolute): 2.571390150219672
[HHL info]: L2 error (relative): 0.898081612253801
[HHL info]: L2 error (normalized): 0.16059143111192226

========================================================================================
 Compare system solutions using LU of A, LU sol of A_herm, HHL of Ax=b hermition system
LU sol 	    Herm LU sol    HHL sol    L1_diff(%)
-2.070e-04  -2.070e-04  -0.000e+00  1.000e+02
-1.828e-04  -1.828e-04  -0.000e+00  1.000e+02
-5.581e-04  -5.581e-04  -0.000e+00  1.000e+02
-7.489e-04  -7.489e-04  -0.000e+00  1.000e+02
-6.927e-04  -6.927e-04  -0.000e+00  1.000e+02
-2.067e-03  -2.067e-03  -0.000e+00  1.000e+02
-1.769e-03  -1.769e-03  -0.000e+00  1.000e+02
-1.728e-03  -1.728e-03  -0.000e+00  1.000e+02
-5.038e-03  -5.038e-03  -0.000e+00  1.000e+02
-4.187e-03  -4.187e-03  -0.000e+00  1.000e+02
-4.176e-03  -4.176e-03  -0.000e+00  1.000e+02
-1.203e-02  -1.203e-02  -0.000e+00  1.000e+02
-1.072e-02  -1.072e-02  -0.000e+00  1.000e+02
-9.989e-03  -9.989e-03  -0.000e+00  1.000e+02
 1.191e-02   1.191e-02   0.000e+00  1.000e+02
-2.738e-02  -2.738e-02  -0.000e+00  1.000e+02
-2.408e-02  -2.408e-02  -0.000e+00  1.000e+02
-7.384e-02  -7.384e-02  -1.281e-02  8.265e+01
-3.928e-02  -3.928e-02  -0.000e+00  1.000e+02
-5.478e-02  -5.478e-02  -0.000e+00  1.000e+02
-1.061e-01  -1.061e-01  -1.281e-02  8.793e+01
-1.035e-01  -1.035e-01  -0.000e+00  1.000e+02
-8.942e-02  -8.942e-02  -1.281e-02  8.567e+01
-1.633e-01  -1.633e-01  -1.812e-02  8.891e+01
-8.570e-02  -8.570e-02  -0.000e+00  1.000e+02
-1.193e-01  -1.193e-01  -0.000e+00  1.000e+02
-3.099e-01  -3.099e-01  -3.390e-02  8.906e+01
-1.951e-01  -1.951e-01  -1.812e-02  9.071e+01
-1.901e-01  -1.901e-01  -1.812e-02  9.047e+01
-4.674e-01  -4.674e-01  -5.585e-02  8.805e+01
-2.108e-01  -2.108e-01  -2.865e-02  8.641e+01
-2.283e-01  -2.283e-01  -3.138e-02  8.625e+01
-5.794e-01  -5.794e-01  -7.017e-02  8.789e+01
-2.693e-01  -2.693e-01  -2.865e-02  8.936e+01
-3.158e-01  -3.158e-01  -2.562e-02  9.189e+01
-6.533e-01  -6.533e-01  -8.001e-02  8.775e+01
-2.873e-01  -2.873e-01  -1.281e-02  9.554e+01
-3.169e-01  -3.169e-01  -3.624e-02  8.857e+01
-7.413e-01  -7.413e-01  -6.406e-02  9.136e+01
-2.832e-01  -2.832e-01  -3.390e-02  8.803e+01
-2.957e-01  -2.957e-01  -2.562e-02  9.133e+01
-7.945e-01  -7.945e-01  -7.687e-02  9.032e+01
-2.868e-01  -2.868e-01  -2.562e-02  9.106e+01
-2.989e-01  -2.989e-01  -4.052e-02  8.644e+01
-7.830e-01  -7.830e-01  -7.898e-02  8.991e+01
-2.918e-01  -2.918e-01  -1.812e-02  9.379e+01
-3.361e-01  -3.361e-01  -4.052e-02  8.795e+01
-8.062e-01  -8.062e-01  -8.103e-02  8.995e+01
-2.734e-01  -2.734e-01  -2.219e-02  9.188e+01
-3.294e-01  -3.294e-01  -4.249e-02  8.710e+01
-7.964e-01  -7.964e-01  -8.784e-02  8.897e+01
-3.120e-01  -3.120e-01  -3.390e-02  8.914e+01
-3.461e-01  -3.461e-01  -3.138e-02  9.093e+01
-7.852e-01  -7.852e-01  -7.133e-02  9.091e+01
-3.060e-01  -3.060e-01  -2.562e-02  9.163e+01
-3.403e-01  -3.403e-01  -3.624e-02  8.935e+01
-8.470e-01  -8.470e-01  -8.690e-02  8.974e+01
-3.319e-01  -3.319e-01  -2.219e-02  9.331e+01
-3.439e-01  -3.439e-01  -4.249e-02  8.765e+01
-8.469e-01  -8.469e-01  -8.876e-02  8.952e+01
========================================================================================

step: 4/15 res:15.649479919878443, res/res0:0.697460622998617  dq_norm: [0.08401453 0.11530887 0.25942518]

A info: before HHL prepare:
Spectral radius (A): 9.948e+01, lambda_min:6.449303042742112
condition number(A): 1.543e+01, norm2_cond:358.53089465019906
det(A): 5.176e+94
--------------------------------------------------------------------------------

A_hhl info: after scaling by spectral radius:
Spectral radius (A): 1.000e+00, lambda_min:0.06482844937664006
condition number(A): 1.543e+01, norm2_cond:358.530894650198
det(A): 7.065e-26, nnz: 14 non zeros per row
--------------------------------------------------------------------------------

Size of A & B are not power of 2:
Next 2 power of 60 = 64
Value to be padded = 4
--------------------------------------------------

==================== Print (N)^2 padded matrix system =======================
Padded shape of A: (60, 60)x(60, 60) -> (64, 64)x(64, 64)
Padded shape of B: (60,) -> (64,)
Determinant of padded matrix: 7.065258655559684e-26
Condition # of padded matrix: 358.530894650198


Matrix is not Hermitian. Making it Hermitian.......

==================== Print Hermitian matrix system info =======================
Shape of hermitian A: 64x64 -> 128x128
Shape of           B: 64 -> 128
Determinant of Hermitian matrix: 4.991787986996033e-51
Condition # of Hermitian matrix: 358.5308946502008

=================================== Generating HHL circuit ===================================
Time elapsed for generating HHL circuit: 5 min 7.23 sec

Generated circuit: num_qubits=18, gates=23, depth=5
============================== Generated Circuit saved ==============================

============================== Transpiling circuit ==============================
This is using the AerSimulator('aer_simulator_statevector') transpiler.
Time elapsed for transpiling the circuit:  0 min 43.06 sec
Transpiled circuit, num_qubits: 18, (original: 18)
Transpiled circuit depth: 464204 (original: 5)
Transpiled circuit gates: 464356 (original: 23)
============================== Transpiled Circuit saved ==============================
Time elapsed for running the circuit:  2 min 28.87 sec
total_qubits: 18, nq:7

Time elapsed for extracting shots-based hhl counts solution:  0 min 0.00 sec

[HHL info]: linear system residual (e=||Ax-b||_2): 13.997192666124342
[HHL info]: Fidelity(true_sol, hhl_sol): 0.9817701727580619
[HHL info]: L2 error (absolute): 2.2258969444808567
[HHL info]: L2 error (relative): 0.8685784167289495
[HHL info]: L2 error (normalized): 0.1353280270829143

========================================================================================
 Compare system solutions using LU of A, LU sol of A_herm, HHL of Ax=b hermition system
LU sol 	    Herm LU sol    HHL sol    L1_diff(%)
-2.118e-04  -2.118e-04  -0.000e+00  1.000e+02
-1.852e-04  -1.852e-04  -0.000e+00  1.000e+02
-5.680e-04  -5.680e-04  -0.000e+00  1.000e+02
-7.544e-04  -7.544e-04  -0.000e+00  1.000e+02
-6.955e-04  -6.955e-04  -0.000e+00  1.000e+02
-2.079e-03  -2.079e-03  -0.000e+00  1.000e+02
-1.745e-03  -1.745e-03  -0.000e+00  1.000e+02
-1.715e-03  -1.715e-03  -0.000e+00  1.000e+02
-4.987e-03  -4.987e-03  -0.000e+00  1.000e+02
-4.098e-03  -4.098e-03  -0.000e+00  1.000e+02
-4.134e-03  -4.134e-03  -0.000e+00  1.000e+02
-1.185e-02  -1.185e-02  -0.000e+00  1.000e+02
-1.061e-02  -1.061e-02  -1.429e-02  3.473e+01
-9.935e-03  -9.935e-03  -0.000e+00  1.000e+02
 1.219e-02   1.219e-02   0.000e+00  1.000e+02
-2.750e-02  -2.750e-02  -0.000e+00  1.000e+02
-2.417e-02  -2.417e-02  -0.000e+00  1.000e+02
-6.127e-02  -6.127e-02  -0.000e+00  1.000e+02
-3.991e-02  -3.991e-02  -0.000e+00  1.000e+02
-5.506e-02  -5.506e-02  -0.000e+00  1.000e+02
-9.433e-02  -9.433e-02  -2.022e-02  7.857e+01
-1.042e-01  -1.042e-01  -0.000e+00  1.000e+02
-7.655e-02  -7.655e-02  -1.429e-02  8.133e+01
-1.459e-01  -1.459e-01  -2.022e-02  8.614e+01
-8.494e-02  -8.494e-02  -1.429e-02  8.317e+01
-1.190e-01  -1.190e-01  -3.196e-02  7.315e+01
-2.731e-01  -2.731e-01  -3.196e-02  8.830e+01
-1.748e-01  -1.748e-01  -2.859e-02  8.364e+01
-1.718e-01  -1.718e-01  -2.859e-02  8.336e+01
-4.065e-01  -4.065e-01  -5.154e-02  8.732e+01
-1.802e-01  -1.802e-01  -2.476e-02  8.626e+01
-1.977e-01  -1.977e-01  -2.476e-02  8.748e+01
-5.049e-01  -5.049e-01  -7.830e-02  8.449e+01
-2.391e-01  -2.391e-01  -2.476e-02  8.964e+01
-2.899e-01  -2.899e-01  -4.043e-02  8.605e+01
-5.691e-01  -5.691e-01  -8.086e-02  8.579e+01
-2.720e-01  -2.720e-01  -3.501e-02  8.713e+01
-2.790e-01  -2.790e-01  -3.501e-02  8.745e+01
-6.700e-01  -6.700e-01  -9.153e-02  8.634e+01
-2.471e-01  -2.471e-01  -3.782e-02  8.469e+01
-2.723e-01  -2.723e-01  -4.043e-02  8.515e+01
-7.118e-01  -7.118e-01  -8.695e-02  8.779e+01
-2.627e-01  -2.627e-01  -2.476e-02  9.057e+01
-2.588e-01  -2.588e-01  -2.859e-02  8.895e+01
-7.064e-01  -7.064e-01  -9.695e-02  8.627e+01
-2.750e-01  -2.750e-01  -3.196e-02  8.838e+01
-2.947e-01  -2.947e-01  -4.288e-02  8.545e+01
-7.265e-01  -7.265e-01  -1.031e-01  8.581e+01
-2.493e-01  -2.493e-01  -2.859e-02  8.853e+01
-2.858e-01  -2.858e-01  -3.196e-02  8.881e+01
-7.031e-01  -7.031e-01  -8.577e-02  8.780e+01
-2.751e-01  -2.751e-01  -2.476e-02  9.100e+01
-3.156e-01  -3.156e-01  -4.952e-02  8.431e+01
-7.082e-01  -7.082e-01  -9.800e-02  8.616e+01
-2.806e-01  -2.806e-01  -3.196e-02  8.861e+01
-3.048e-01  -3.048e-01  -4.520e-02  8.517e+01
-7.588e-01  -7.588e-01  -1.041e-01  8.629e+01
-3.123e-01  -3.123e-01  -3.782e-02  8.789e+01
-3.016e-01  -3.016e-01  -3.782e-02  8.746e+01
-7.607e-01  -7.607e-01  -8.695e-02  8.857e+01
========================================================================================

step: 5/15 res:14.795176636853695, res/res0:0.6593863289608102  dq_norm: [0.10308118 0.12944481 0.29745526]

A info: before HHL prepare:
Spectral radius (A): 9.967e+01, lambda_min:6.486519419948604
condition number(A): 1.537e+01, norm2_cond:353.2056785105528
det(A): 7.503e+94
--------------------------------------------------------------------------------

A_hhl info: after scaling by spectral radius:
Spectral radius (A): 1.000e+00, lambda_min:0.0650821435823859
condition number(A): 1.537e+01, norm2_cond:353.2056785105531
det(A): 9.168e-26, nnz: 14 non zeros per row
--------------------------------------------------------------------------------

Size of A & B are not power of 2:
Next 2 power of 60 = 64
Value to be padded = 4
--------------------------------------------------

==================== Print (N)^2 padded matrix system =======================
Padded shape of A: (60, 60)x(60, 60) -> (64, 64)x(64, 64)
Padded shape of B: (60,) -> (64,)
Determinant of padded matrix: 9.167799134379964e-26
Condition # of padded matrix: 353.2056785105531


Matrix is not Hermitian. Making it Hermitian.......

==================== Print Hermitian matrix system info =======================
Shape of hermitian A: 64x64 -> 128x128
Shape of           B: 64 -> 128
Determinant of Hermitian matrix: 8.404854096833563e-51
Condition # of Hermitian matrix: 353.2056785105537

=================================== Generating HHL circuit ===================================
Time elapsed for generating HHL circuit: 5 min 8.14 sec

Generated circuit: num_qubits=18, gates=23, depth=5
============================== Generated Circuit saved ==============================

============================== Transpiling circuit ==============================
This is using the AerSimulator('aer_simulator_statevector') transpiler.
Time elapsed for transpiling the circuit:  0 min 55.88 sec
Transpiled circuit, num_qubits: 18, (original: 18)
Transpiled circuit depth: 464202 (original: 5)
Transpiled circuit gates: 464354 (original: 23)
============================== Transpiled Circuit saved ==============================
Time elapsed for running the circuit:  2 min 31.96 sec
total_qubits: 18, nq:7

Time elapsed for extracting shots-based hhl counts solution:  0 min 0.00 sec

[HHL info]: linear system residual (e=||Ax-b||_2): 13.69726301309104
[HHL info]: Fidelity(true_sol, hhl_sol): 0.9612322450256958
[HHL info]: L2 error (absolute): 2.080480080739496
[HHL info]: L2 error (relative): 0.9454064182649667
[HHL info]: L2 error (normalized): 0.1978660008176077

========================================================================================
 Compare system solutions using LU of A, LU sol of A_herm, HHL of Ax=b hermition system
LU sol 	    Herm LU sol    HHL sol    L1_diff(%)
-2.082e-04  -2.082e-04  -0.000e+00  1.000e+02
-1.835e-04  -1.835e-04  -0.000e+00  1.000e+02
-5.613e-04  -5.613e-04  -0.000e+00  1.000e+02
-7.595e-04  -7.595e-04  -0.000e+00  1.000e+02
-6.997e-04  -6.997e-04  -0.000e+00  1.000e+02
-2.084e-03  -2.084e-03  -0.000e+00  1.000e+02
-1.798e-03  -1.798e-03  -0.000e+00  1.000e+02
-1.757e-03  -1.757e-03  -0.000e+00  1.000e+02
-5.101e-03  -5.101e-03  -0.000e+00  1.000e+02
-4.134e-03  -4.134e-03  -0.000e+00  1.000e+02
-4.071e-03  -4.071e-03  -0.000e+00  1.000e+02
-1.192e-02  -1.192e-02  -5.796e-03  5.136e+01
 3.724e-03   3.724e-03   0.000e+00  1.000e+02
-9.827e-03  -9.827e-03  -0.000e+00  1.000e+02
 1.193e-02   1.193e-02   0.000e+00  1.000e+02
-2.755e-02  -2.755e-02  -0.000e+00  1.000e+02
-2.417e-02  -2.417e-02  -0.000e+00  1.000e+02
-6.155e-02  -6.155e-02  -5.796e-03  9.058e+01
-4.065e-02  -4.065e-02  -0.000e+00  1.000e+02
-5.548e-02  -5.548e-02  -5.796e-03  8.955e+01
-7.492e-02  -7.492e-02  -5.796e-03  9.226e+01
-1.055e-01  -1.055e-01  -0.000e+00  1.000e+02
-6.229e-02  -6.229e-02  -5.796e-03  9.070e+01
-1.276e-01  -1.276e-01  -1.159e-02  9.092e+01
-7.023e-02  -7.023e-02  -0.000e+00  1.000e+02
-8.647e-02  -8.647e-02  -0.000e+00  1.000e+02
-2.406e-01  -2.406e-01  -1.004e-02  9.583e+01
-1.444e-01  -1.444e-01  -1.004e-02  9.305e+01
-1.437e-01  -1.437e-01  -0.000e+00  1.000e+02
-3.521e-01  -3.521e-01  -2.459e-02  9.302e+01
-1.544e-01  -1.544e-01  -8.197e-03  9.469e+01
-1.733e-01  -1.733e-01  -1.159e-02  9.331e+01
-4.233e-01  -4.233e-01  -2.459e-02  9.419e+01
-2.119e-01  -2.119e-01  -1.420e-02  9.330e+01
-2.484e-01  -2.484e-01  -1.004e-02  9.596e+01
-4.823e-01  -4.823e-01  -2.656e-02  9.449e+01
-2.324e-01  -2.324e-01  -1.420e-02  9.389e+01
-2.442e-01  -2.442e-01  -1.159e-02  9.525e+01
-5.686e-01  -5.686e-01  -3.573e-02  9.372e+01
-2.046e-01  -2.046e-01  -1.004e-02  9.509e+01
-2.317e-01  -2.317e-01  -1.159e-02  9.500e+01
-6.137e-01  -6.137e-01  -3.666e-02  9.403e+01
-2.341e-01  -2.341e-01  -1.296e-02  9.446e+01
-2.302e-01  -2.302e-01  -8.197e-03  9.644e+01
-5.971e-01  -5.971e-01  -3.330e-02  9.442e+01
-2.404e-01  -2.404e-01  -1.739e-02  9.277e+01
-2.522e-01  -2.522e-01  -1.296e-02  9.486e+01
-6.150e-01  -6.150e-01  -2.459e-02  9.600e+01
-2.207e-01  -2.207e-01  -5.796e-03  9.737e+01
-2.550e-01  -2.550e-01  -1.420e-02  9.443e+01
-6.156e-01  -6.156e-01  -3.067e-02  9.502e+01
-2.504e-01  -2.504e-01  -1.159e-02  9.537e+01
-2.652e-01  -2.652e-01  -2.245e-02  9.154e+01
-6.079e-01  -6.079e-01  -3.227e-02  9.469e+01
-2.448e-01  -2.448e-01  -1.420e-02  9.420e+01
-2.587e-01  -2.587e-01  -1.159e-02  9.552e+01
-6.445e-01  -6.445e-01  -3.526e-02  9.453e+01
-2.676e-01  -2.676e-01  -1.639e-02  9.387e+01
-2.636e-01  -2.636e-01  -1.739e-02  9.340e+01
-6.602e-01  -6.602e-01  -3.888e-02  9.411e+01
========================================================================================

step: 6/15 res:13.99659690680492, res/res0:0.6237955030109718  dq_norm: [0.04219665 0.04414221 0.10640328]

A info: before HHL prepare:
Spectral radius (A): 9.977e+01, lambda_min:6.449010682743783
condition number(A): 1.547e+01, norm2_cond:351.912783308032
det(A): 9.235e+94
--------------------------------------------------------------------------------

A_hhl info: after scaling by spectral radius:
Spectral radius (A): 1.000e+00, lambda_min:0.06464104372018792
condition number(A): 1.547e+01, norm2_cond:351.91278330802527
det(A): 1.063e-25, nnz: 14 non zeros per row
--------------------------------------------------------------------------------

Size of A & B are not power of 2:
Next 2 power of 60 = 64
Value to be padded = 4
--------------------------------------------------

==================== Print (N)^2 padded matrix system =======================
Padded shape of A: (60, 60)x(60, 60) -> (64, 64)x(64, 64)
Padded shape of B: (60,) -> (64,)
Determinant of padded matrix: 1.0625410349988156e-25
Condition # of padded matrix: 351.91278330802527


Matrix is not Hermitian. Making it Hermitian.......

==================== Print Hermitian matrix system info =======================
Shape of hermitian A: 64x64 -> 128x128
Shape of           B: 64 -> 128
Determinant of Hermitian matrix: 1.1289934510563545e-50
Condition # of Hermitian matrix: 351.9127833080318

=================================== Generating HHL circuit ===================================
Time elapsed for generating HHL circuit: 5 min 5.79 sec

Generated circuit: num_qubits=18, gates=23, depth=5
============================== Generated Circuit saved ==============================

============================== Transpiling circuit ==============================
This is using the AerSimulator('aer_simulator_statevector') transpiler.
Time elapsed for transpiling the circuit:  0 min 55.88 sec
Transpiled circuit, num_qubits: 18, (original: 18)
Transpiled circuit depth: 464204 (original: 5)
Transpiled circuit gates: 464356 (original: 23)
============================== Transpiled Circuit saved ==============================
Time elapsed for running the circuit:  2 min 27.69 sec
total_qubits: 18, nq:7

Time elapsed for extracting shots-based hhl counts solution:  0 min 0.00 sec

[HHL info]: linear system residual (e=||Ax-b||_2): 13.127975392518636
[HHL info]: Fidelity(true_sol, hhl_sol): 0.9635100200612874
[HHL info]: L2 error (absolute): 1.9019365328677953
[HHL info]: L2 error (relative): 0.9187945152990026
[HHL info]: L2 error (normalized): 0.1919090282724913

========================================================================================
 Compare system solutions using LU of A, LU sol of A_herm, HHL of Ax=b hermition system
LU sol 	    Herm LU sol    HHL sol    L1_diff(%)
-2.094e-04  -2.094e-04  -0.000e+00  1.000e+02
-1.837e-04  -1.837e-04  -0.000e+00  1.000e+02
-5.637e-04  -5.637e-04  -0.000e+00  1.000e+02
-7.576e-04  -7.576e-04  -0.000e+00  1.000e+02
-7.003e-04  -7.003e-04  -0.000e+00  1.000e+02
-2.081e-03  -2.081e-03  -0.000e+00  1.000e+02
-1.777e-03  -1.777e-03  -0.000e+00  1.000e+02
-1.747e-03  -1.747e-03  -0.000e+00  1.000e+02
-5.046e-03  -5.046e-03  -0.000e+00  1.000e+02
-4.076e-03  -4.076e-03  -0.000e+00  1.000e+02
-4.038e-03  -4.038e-03  -0.000e+00  1.000e+02
-6.014e-03  -6.014e-03  -0.000e+00  1.000e+02
 3.768e-03   3.768e-03   0.000e+00  1.000e+02
-9.806e-03  -9.806e-03  -0.000e+00  1.000e+02
 1.203e-02   1.203e-02   0.000e+00  1.000e+02
-2.774e-02  -2.774e-02  -1.124e-02  5.949e+01
-2.431e-02  -2.431e-02  -0.000e+00  1.000e+02
-5.614e-02  -5.614e-02  -0.000e+00  1.000e+02
-4.104e-02  -4.104e-02  -0.000e+00  1.000e+02
-4.972e-02  -4.972e-02  -0.000e+00  1.000e+02
-6.965e-02  -6.965e-02  -0.000e+00  1.000e+02
-1.057e-01  -1.057e-01  -0.000e+00  1.000e+02
-5.631e-02  -5.631e-02  -7.946e-03  8.589e+01
-1.157e-01  -1.157e-01  -0.000e+00  1.000e+02
-6.965e-02  -6.965e-02  -7.946e-03  8.859e+01
-8.641e-02  -8.641e-02  -0.000e+00  1.000e+02
-2.286e-01  -2.286e-01  -2.384e-02  8.957e+01
-1.335e-01  -1.335e-01  -1.376e-02  8.969e+01
-1.441e-01  -1.441e-01  -1.777e-02  8.767e+01
-3.254e-01  -3.254e-01  -2.102e-02  9.354e+01
-1.453e-01  -1.453e-01  -1.376e-02  9.053e+01
-1.614e-01  -1.614e-01  -1.124e-02  9.304e+01
-3.968e-01  -3.968e-01  -4.205e-02  8.940e+01
-1.962e-01  -1.962e-01  -1.124e-02  9.427e+01
-2.386e-01  -2.386e-01  -1.777e-02  9.255e+01
-4.535e-01  -4.535e-01  -3.727e-02  9.178e+01
-2.164e-01  -2.164e-01  -1.946e-02  9.101e+01
-2.325e-01  -2.325e-01  -1.946e-02  9.163e+01
-5.288e-01  -5.288e-01  -4.898e-02  9.074e+01
-1.918e-01  -1.918e-01  -7.946e-03  9.586e+01
-2.192e-01  -2.192e-01  -2.384e-02  8.913e+01
-5.695e-01  -5.695e-01  -4.898e-02  9.140e+01
-2.184e-01  -2.184e-01  -1.376e-02  9.370e+01
-2.227e-01  -2.227e-01  -2.636e-02  8.817e+01
-5.578e-01  -5.578e-01  -4.495e-02  9.194e+01
-2.222e-01  -2.222e-01  -1.376e-02  9.381e+01
-2.401e-01  -2.401e-01  -2.102e-02  9.124e+01
-5.896e-01  -5.896e-01  -4.834e-02  9.180e+01
-2.156e-01  -2.156e-01  -2.102e-02  9.025e+01
-2.404e-01  -2.404e-01  -2.102e-02  9.126e+01
-5.861e-01  -5.861e-01  -4.129e-02  9.295e+01
-2.380e-01  -2.380e-01  -2.384e-02  8.998e+01
-2.419e-01  -2.419e-01  -1.124e-02  9.536e+01
-5.742e-01  -5.742e-01  -4.768e-02  9.170e+01
-2.288e-01  -2.288e-01  -1.589e-02  9.305e+01
-2.475e-01  -2.475e-01  -2.513e-02  8.985e+01
-6.048e-01  -6.048e-01  -4.898e-02  9.190e+01
-2.492e-01  -2.492e-01  -1.946e-02  9.219e+01
-2.463e-01  -2.463e-01  -1.946e-02  9.210e+01
-6.173e-01  -6.173e-01  -4.565e-02  9.261e+01
========================================================================================

step: 7/15 res:13.693625958127544, res/res0:0.6102927982759351  dq_norm: [0.05618956 0.06695759 0.1475979 ]

A info: before HHL prepare:
Spectral radius (A): 9.985e+01, lambda_min:6.481630799551955
condition number(A): 1.541e+01, norm2_cond:349.5690616590368
det(A): 1.195e+95
--------------------------------------------------------------------------------

A_hhl info: after scaling by spectral radius:
Spectral radius (A): 1.000e+00, lambda_min:0.0649104504372296
condition number(A): 1.541e+01, norm2_cond:349.56906165903035
det(A): 1.304e-25, nnz: 14 non zeros per row
--------------------------------------------------------------------------------

Size of A & B are not power of 2:
Next 2 power of 60 = 64
Value to be padded = 4
--------------------------------------------------

==================== Print (N)^2 padded matrix system =======================
Padded shape of A: (60, 60)x(60, 60) -> (64, 64)x(64, 64)
Padded shape of B: (60,) -> (64,)
Determinant of padded matrix: 1.3038728690691013e-25
Condition # of padded matrix: 349.56906165903035


Matrix is not Hermitian. Making it Hermitian.......

==================== Print Hermitian matrix system info =======================
Shape of hermitian A: 64x64 -> 128x128
Shape of           B: 64 -> 128
Determinant of Hermitian matrix: 1.7000844586946346e-50
Condition # of Hermitian matrix: 349.5690616590381

=================================== Generating HHL circuit ===================================
Time elapsed for generating HHL circuit: 4 min 58.16 sec

Generated circuit: num_qubits=18, gates=23, depth=5
============================== Generated Circuit saved ==============================

============================== Transpiling circuit ==============================
This is using the AerSimulator('aer_simulator_statevector') transpiler.
Time elapsed for transpiling the circuit:  0 min 57.64 sec
Transpiled circuit, num_qubits: 18, (original: 18)
Transpiled circuit depth: 464202 (original: 5)
Transpiled circuit gates: 464354 (original: 23)
============================== Transpiled Circuit saved ==============================
Time elapsed for running the circuit:  2 min 31.91 sec
total_qubits: 18, nq:7

Time elapsed for extracting shots-based hhl counts solution:  0 min 0.00 sec

[HHL info]: linear system residual (e=||Ax-b||_2): 11.838784273536895
[HHL info]: Fidelity(true_sol, hhl_sol): 0.9487498110009885
[HHL info]: L2 error (absolute): 1.6373154851619591
[HHL info]: L2 error (relative): 0.8655419461103119
[HHL info]: L2 error (normalized): 0.2278688661462663

========================================================================================
 Compare system solutions using LU of A, LU sol of A_herm, HHL of Ax=b hermition system
LU sol 	    Herm LU sol    HHL sol    L1_diff(%)
-2.118e-04  -2.118e-04  -0.000e+00  1.000e+02
-1.845e-04  -1.845e-04  -0.000e+00  1.000e+02
-5.687e-04  -5.687e-04  -0.000e+00  1.000e+02
-7.623e-04  -7.623e-04  -0.000e+00  1.000e+02
-7.028e-04  -7.028e-04  -0.000e+00  1.000e+02
-2.094e-03  -2.094e-03  -0.000e+00  1.000e+02
-1.769e-03  -1.769e-03  -0.000e+00  1.000e+02
-1.740e-03  -1.740e-03  -0.000e+00  1.000e+02
-5.022e-03  -5.022e-03  -0.000e+00  1.000e+02
-4.054e-03  -4.054e-03  -0.000e+00  1.000e+02
-4.058e-03  -4.058e-03  -0.000e+00  1.000e+02
-5.981e-03  -5.981e-03  -0.000e+00  1.000e+02
 3.883e-03   3.883e-03   0.000e+00  1.000e+02
-9.692e-03  -9.692e-03  -0.000e+00  1.000e+02
 1.231e-02   1.231e-02   0.000e+00  1.000e+02
-1.653e-02  -1.653e-02  -1.371e-02  1.707e+01
-2.448e-02  -2.448e-02  -0.000e+00  1.000e+02
-5.643e-02  -5.643e-02  -1.371e-02  7.571e+01
-4.147e-02  -4.147e-02  -0.000e+00  1.000e+02
-4.970e-02  -4.970e-02  -0.000e+00  1.000e+02
-7.029e-02  -7.029e-02  -2.374e-02  6.622e+01
-1.061e-01  -1.061e-01  -1.371e-02  8.708e+01
-4.832e-02  -4.832e-02  -0.000e+00  1.000e+02
-1.166e-01  -1.166e-01  -1.938e-02  8.338e+01
-6.175e-02  -6.175e-02  -0.000e+00  1.000e+02
-8.650e-02  -8.650e-02  -1.371e-02  8.415e+01
-2.045e-01  -2.045e-01  -3.358e-02  8.358e+01
-1.191e-01  -1.191e-01  -0.000e+00  1.000e+02
-1.262e-01  -1.262e-01  -0.000e+00  1.000e+02
-3.034e-01  -3.034e-01  -3.627e-02  8.805e+01
-1.304e-01  -1.304e-01  -2.741e-02  7.897e+01
-1.499e-01  -1.499e-01  -0.000e+00  1.000e+02
-3.517e-01  -3.517e-01  -5.129e-02  8.542e+01
-1.839e-01  -1.839e-01  -1.938e-02  8.946e+01
-2.209e-01  -2.209e-01  -2.374e-02  8.925e+01
-4.140e-01  -4.140e-01  -6.429e-02  8.447e+01
-1.969e-01  -1.969e-01  -3.358e-02  8.295e+01
-2.139e-01  -2.139e-01  -3.065e-02  8.567e+01
-4.794e-01  -4.794e-01  -7.122e-02  8.514e+01
-1.854e-01  -1.854e-01  -1.938e-02  8.954e+01
-1.953e-01  -1.953e-01  -1.371e-02  9.298e+01
-5.230e-01  -5.230e-01  -7.253e-02  8.613e+01
-2.052e-01  -2.052e-01  -3.358e-02  8.364e+01
-1.960e-01  -1.960e-01  -1.371e-02  9.301e+01
-5.137e-01  -5.137e-01  -7.874e-02  8.467e+01
-2.068e-01  -2.068e-01  -3.065e-02  8.518e+01
-2.181e-01  -2.181e-01  -1.938e-02  9.111e+01
-5.372e-01  -5.372e-01  -8.109e-02  8.491e+01
-1.911e-01  -1.911e-01  -2.741e-02  8.566e+01
-2.197e-01  -2.197e-01  -2.741e-02  8.752e+01
-5.377e-01  -5.377e-01  -8.560e-02  8.408e+01
-2.114e-01  -2.114e-01  -2.741e-02  8.703e+01
-2.318e-01  -2.318e-01  -1.371e-02  9.409e+01
-5.209e-01  -5.209e-01  -7.382e-02  8.583e+01
-2.106e-01  -2.106e-01  -1.938e-02  9.080e+01
-2.215e-01  -2.215e-01  -3.358e-02  8.484e+01
-5.507e-01  -5.507e-01  -6.281e-02  8.859e+01
-2.261e-01  -2.261e-01  -2.741e-02  8.788e+01
-2.266e-01  -2.266e-01  -4.112e-02  8.186e+01
-5.643e-01  -5.643e-01  -6.854e-02  8.785e+01
========================================================================================

step: 8/15 res:13.133043810974574, res/res0:0.5853089665066394  dq_norm: [0.08776897 0.07874193 0.23422891]

A info: before HHL prepare:
Spectral radius (A): 1.001e+02, lambda_min:6.618896230775595
condition number(A): 1.512e+01, norm2_cond:343.2733890097805
det(A): 2.232e+95
--------------------------------------------------------------------------------

A_hhl info: after scaling by spectral radius:
Spectral radius (A): 1.000e+00, lambda_min:0.0661550927316013
condition number(A): 1.512e+01, norm2_cond:343.2733890097793
det(A): 2.164e-25, nnz: 14 non zeros per row
--------------------------------------------------------------------------------

Size of A & B are not power of 2:
Next 2 power of 60 = 64
Value to be padded = 4
--------------------------------------------------

==================== Print (N)^2 padded matrix system =======================
Padded shape of A: (60, 60)x(60, 60) -> (64, 64)x(64, 64)
Padded shape of B: (60,) -> (64,)
Determinant of padded matrix: 2.1640542783535013e-25
Condition # of padded matrix: 343.2733890097793


Matrix is not Hermitian. Making it Hermitian.......

==================== Print Hermitian matrix system info =======================
Shape of hermitian A: 64x64 -> 128x128
Shape of           B: 64 -> 128
Determinant of Hermitian matrix: 4.683130919659959e-50
Condition # of Hermitian matrix: 343.2733890097799

=================================== Generating HHL circuit ===================================
Time elapsed for generating HHL circuit: 5 min 4.97 sec

Generated circuit: num_qubits=18, gates=23, depth=5
============================== Generated Circuit saved ==============================

============================== Transpiling circuit ==============================
This is using the AerSimulator('aer_simulator_statevector') transpiler.
Time elapsed for transpiling the circuit:  0 min 44.58 sec
Transpiled circuit, num_qubits: 18, (original: 18)
Transpiled circuit depth: 464202 (original: 5)
Transpiled circuit gates: 464354 (original: 23)
============================== Transpiled Circuit saved ==============================
Time elapsed for running the circuit:  2 min 26.99 sec
total_qubits: 18, nq:7

Time elapsed for extracting shots-based hhl counts solution:  0 min 0.00 sec

[HHL info]: linear system residual (e=||Ax-b||_2): 11.692489882655362
[HHL info]: Fidelity(true_sol, hhl_sol): 0.9660325974834322
[HHL info]: L2 error (absolute): 1.5402917368266755
[HHL info]: L2 error (relative): 0.955284800784208
[HHL info]: L2 error (normalized): 0.1850968774630385

========================================================================================
 Compare system solutions using LU of A, LU sol of A_herm, HHL of Ax=b hermition system
LU sol 	    Herm LU sol    HHL sol    L1_diff(%)
-2.023e-04  -2.023e-04  -0.000e+00  1.000e+02
-1.792e-04  -1.792e-04  -0.000e+00  1.000e+02
-5.482e-04  -5.482e-04  -0.000e+00  1.000e+02
-7.353e-04  -7.353e-04  -0.000e+00  1.000e+02
-6.886e-04  -6.886e-04  -0.000e+00  1.000e+02
-2.040e-03  -2.040e-03  -0.000e+00  1.000e+02
-1.762e-03  -1.762e-03  -0.000e+00  1.000e+02
-1.734e-03  -1.734e-03  -0.000e+00  1.000e+02
-4.996e-03  -4.996e-03  -0.000e+00  1.000e+02
-4.198e-03  -4.198e-03  -0.000e+00  1.000e+02
-4.179e-03  -4.179e-03  -0.000e+00  1.000e+02
-6.295e-03  -6.295e-03  -0.000e+00  1.000e+02
 3.706e-03   3.706e-03   0.000e+00  1.000e+02
-9.641e-03  -9.641e-03  -0.000e+00  1.000e+02
 1.199e-02   1.199e-02   0.000e+00  1.000e+02
-2.784e-03  -2.784e-03  -0.000e+00  1.000e+02
-2.438e-02  -2.438e-02  -0.000e+00  1.000e+02
-4.265e-02  -4.265e-02  -0.000e+00  1.000e+02
-4.118e-02  -4.118e-02  -5.420e-03  8.684e+01
-4.998e-02  -4.998e-02  -0.000e+00  1.000e+02
-4.563e-02  -4.563e-02  -3.832e-03  9.160e+01
-9.172e-02  -9.172e-02  -0.000e+00  1.000e+02
-4.877e-02  -4.877e-02  -3.832e-03  9.214e+01
-9.671e-02  -9.671e-02  -3.832e-03  9.604e+01
-6.068e-02  -6.068e-02  -3.832e-03  9.368e+01
-7.187e-02  -7.187e-02  -0.000e+00  1.000e+02
-1.687e-01  -1.687e-01  -1.014e-02  9.399e+01
-1.173e-01  -1.173e-01  -5.420e-03  9.538e+01
-1.260e-01  -1.260e-01  -0.000e+00  1.000e+02
-2.619e-01  -2.619e-01  -1.150e-02  9.561e+01
-1.015e-01  -1.015e-01  -0.000e+00  1.000e+02
-1.509e-01  -1.509e-01  -8.569e-03  9.432e+01
-2.969e-01  -2.969e-01  -1.434e-02  9.517e+01
-1.633e-01  -1.633e-01  -6.638e-03  9.594e+01
-1.971e-01  -1.971e-01  -7.665e-03  9.611e+01
-3.469e-01  -3.469e-01  -1.484e-02  9.572e+01
-1.595e-01  -1.595e-01  -8.569e-03  9.463e+01
-1.825e-01  -1.825e-01  -1.084e-02  9.406e+01
-4.001e-01  -4.001e-01  -1.877e-02  9.531e+01
-1.602e-01  -1.602e-01  -6.638e-03  9.586e+01
-1.811e-01  -1.811e-01  -3.832e-03  9.788e+01
-4.346e-01  -4.346e-01  -2.134e-02  9.509e+01
-1.650e-01  -1.650e-01  -6.638e-03  9.598e+01
-1.834e-01  -1.834e-01  -9.387e-03  9.488e+01
-4.195e-01  -4.195e-01  -1.916e-02  9.543e+01
-1.706e-01  -1.706e-01  -7.665e-03  9.551e+01
-1.983e-01  -1.983e-01  -9.387e-03  9.527e+01
-4.428e-01  -4.428e-01  -2.064e-02  9.534e+01
-1.590e-01  -1.590e-01  -3.832e-03  9.759e+01
-1.919e-01  -1.919e-01  -9.387e-03  9.511e+01
-4.398e-01  -4.398e-01  -2.168e-02  9.507e+01
-1.814e-01  -1.814e-01  -8.569e-03  9.528e+01
-2.194e-01  -2.194e-01  -1.014e-02  9.538e+01
-4.402e-01  -4.402e-01  -1.877e-02  9.574e+01
-1.912e-01  -1.912e-01  -1.014e-02  9.470e+01
-1.875e-01  -1.875e-01  -7.665e-03  9.591e+01
-4.876e-01  -4.876e-01  -2.168e-02  9.555e+01
-1.986e-01  -1.986e-01  -7.665e-03  9.614e+01
-1.855e-01  -1.855e-01  -6.638e-03  9.642e+01
-4.968e-01  -4.968e-01  -2.168e-02  9.564e+01
========================================================================================

step: 9/15 res:11.833754290416481, res/res0:0.5274026793262626  dq_norm: [0.0242373  0.02736776 0.06366617]

A info: before HHL prepare:
Spectral radius (A): 1.001e+02, lambda_min:6.644085817563811
condition number(A): 1.506e+01, norm2_cond:341.82795106645324
det(A): 2.546e+95
--------------------------------------------------------------------------------

A_hhl info: after scaling by spectral radius:
Spectral radius (A): 1.000e+00, lambda_min:0.06639445386426299
condition number(A): 1.506e+01, norm2_cond:341.8279510664439
det(A): 2.441e-25, nnz: 14 non zeros per row
--------------------------------------------------------------------------------

Size of A & B are not power of 2:
Next 2 power of 60 = 64
Value to be padded = 4
--------------------------------------------------

==================== Print (N)^2 padded matrix system =======================
Padded shape of A: (60, 60)x(60, 60) -> (64, 64)x(64, 64)
Padded shape of B: (60,) -> (64,)
Determinant of padded matrix: 2.441445588775102e-25
Condition # of padded matrix: 341.8279510664439


Matrix is not Hermitian. Making it Hermitian.......

==================== Print Hermitian matrix system info =======================
Shape of hermitian A: 64x64 -> 128x128
Shape of           B: 64 -> 128
Determinant of Hermitian matrix: 5.960656562949744e-50
Condition # of Hermitian matrix: 341.8279510664499

=================================== Generating HHL circuit ===================================
Time elapsed for generating HHL circuit: 5 min 14.09 sec

Generated circuit: num_qubits=18, gates=23, depth=5
============================== Generated Circuit saved ==============================

============================== Transpiling circuit ==============================
This is using the AerSimulator('aer_simulator_statevector') transpiler.
Time elapsed for transpiling the circuit:  0 min 45.02 sec
Transpiled circuit, num_qubits: 18, (original: 18)
Transpiled circuit depth: 464200 (original: 5)
Transpiled circuit gates: 464352 (original: 23)
============================== Transpiled Circuit saved ==============================
Time elapsed for running the circuit:  2 min 28.71 sec
total_qubits: 18, nq:7

Time elapsed for extracting shots-based hhl counts solution:  0 min 0.00 sec

[HHL info]: linear system residual (e=||Ax-b||_2): 9.054125465882027
[HHL info]: Fidelity(true_sol, hhl_sol): 0.9454151504144805
[HHL info]: L2 error (absolute): 1.2979619769057262
[HHL info]: L2 error (relative): 0.8455447847425094
[HHL info]: L2 error (normalized): 0.2352674578134617

========================================================================================
 Compare system solutions using LU of A, LU sol of A_herm, HHL of Ax=b hermition system
LU sol 	    Herm LU sol    HHL sol    L1_diff(%)
-2.018e-04  -2.018e-04  -0.000e+00  1.000e+02
-1.791e-04  -1.791e-04  -0.000e+00  1.000e+02
-5.473e-04  -5.473e-04  -0.000e+00  1.000e+02
-7.314e-04  -7.314e-04  -0.000e+00  1.000e+02
-6.862e-04  -6.862e-04  -0.000e+00  1.000e+02
-2.032e-03  -2.032e-03  -0.000e+00  1.000e+02
-1.754e-03  -1.754e-03  -1.303e-02  6.429e+02
-1.731e-03  -1.731e-03  -0.000e+00  1.000e+02
-4.981e-03  -4.981e-03  -0.000e+00  1.000e+02
-4.193e-03  -4.193e-03  -0.000e+00  1.000e+02
-4.173e-03  -4.173e-03  -0.000e+00  1.000e+02
-6.274e-03  -6.274e-03  -0.000e+00  1.000e+02
 3.660e-03   3.660e-03   0.000e+00  1.000e+02
-9.699e-03  -9.699e-03  -0.000e+00  1.000e+02
 1.187e-02   1.187e-02   0.000e+00  1.000e+02
-2.783e-03  -2.783e-03  -0.000e+00  1.000e+02
-2.429e-02  -2.429e-02  -1.303e-02  4.635e+01
-4.261e-02  -4.261e-02  -1.303e-02  6.942e+01
-3.575e-02  -3.575e-02  -0.000e+00  1.000e+02
-5.003e-02  -5.003e-02  -1.303e-02  7.395e+01
-4.212e-02  -4.212e-02  -0.000e+00  1.000e+02
-9.175e-02  -9.175e-02  -3.447e-02  6.243e+01
-4.477e-02  -4.477e-02  -1.303e-02  7.090e+01
-9.272e-02  -9.272e-02  -1.303e-02  8.595e+01
-5.671e-02  -5.671e-02  -0.000e+00  1.000e+02
-7.204e-02  -7.204e-02  -1.303e-02  8.191e+01
-1.581e-01  -1.581e-01  -0.000e+00  1.000e+02
-1.119e-01  -1.119e-01  -1.303e-02  8.836e+01
-1.263e-01  -1.263e-01  -2.606e-02  7.936e+01
-2.505e-01  -2.505e-01  -4.321e-02  8.275e+01
-1.015e-01  -1.015e-01  -0.000e+00  1.000e+02
-1.421e-01  -1.421e-01  -2.913e-02  7.949e+01
-2.824e-01  -2.824e-01  -4.120e-02  8.541e+01
-1.561e-01  -1.561e-01  -3.192e-02  7.956e+01
-1.894e-01  -1.894e-01  -2.913e-02  8.461e+01
-3.315e-01  -3.315e-01  -5.679e-02  8.287e+01
-1.500e-01  -1.500e-01  -2.606e-02  8.263e+01
-1.715e-01  -1.715e-01  -2.606e-02  8.481e+01
-3.795e-01  -3.795e-01  -6.249e-02  8.354e+01
-1.527e-01  -1.527e-01  -1.843e-02  8.794e+01
-1.774e-01  -1.774e-01  -2.257e-02  8.728e+01
-4.110e-01  -4.110e-01  -5.971e-02  8.547e+01
-1.580e-01  -1.580e-01  -2.913e-02  8.157e+01
-1.742e-01  -1.742e-01  -3.192e-02  8.167e+01
-3.995e-01  -3.995e-01  -7.137e-02  8.213e+01
-1.630e-01  -1.630e-01  -2.257e-02  8.616e+01
-1.892e-01  -1.892e-01  -2.257e-02  8.807e+01
-4.220e-01  -4.220e-01  -6.515e-02  8.456e+01
-1.551e-01  -1.551e-01  -2.606e-02  8.320e+01
-1.823e-01  -1.823e-01  -3.447e-02  8.109e+01
-4.175e-01  -4.175e-01  -6.383e-02  8.471e+01
-1.717e-01  -1.717e-01  -0.000e+00  1.000e+02
-2.089e-01  -2.089e-01  -3.447e-02  8.350e+01
-4.195e-01  -4.195e-01  -5.971e-02  8.577e+01
-1.794e-01  -1.794e-01  -1.843e-02  8.973e+01
-1.800e-01  -1.800e-01  -3.192e-02  8.227e+01
-4.623e-01  -4.623e-01  -7.925e-02  8.286e+01
-1.894e-01  -1.894e-01  -2.606e-02  8.624e+01
-1.788e-01  -1.788e-01  -2.257e-02  8.738e+01
-4.712e-01  -4.712e-01  -7.708e-02  8.364e+01
========================================================================================

step: 10/15 res:11.692845758163685, res/res0:0.5211227164652591  dq_norm: [0.08136862 0.09836987 0.20928327]

A info: before HHL prepare:
Spectral radius (A): 1.002e+02, lambda_min:6.600714992262354
condition number(A): 1.518e+01, norm2_cond:339.226723202205
det(A): 3.245e+95
--------------------------------------------------------------------------------

A_hhl info: after scaling by spectral radius:
Spectral radius (A): 1.000e+00, lambda_min:0.06587258491504144
condition number(A): 1.518e+01, norm2_cond:339.2267232022016
det(A): 2.871e-25, nnz: 14 non zeros per row
--------------------------------------------------------------------------------

Size of A & B are not power of 2:
Next 2 power of 60 = 64
Value to be padded = 4
--------------------------------------------------

==================== Print (N)^2 padded matrix system =======================
Padded shape of A: (60, 60)x(60, 60) -> (64, 64)x(64, 64)
Padded shape of B: (60,) -> (64,)
Determinant of padded matrix: 2.8711910450958e-25
Condition # of padded matrix: 339.2267232022016


Matrix is not Hermitian. Making it Hermitian.......

==================== Print Hermitian matrix system info =======================
Shape of hermitian A: 64x64 -> 128x128
Shape of           B: 64 -> 128
Determinant of Hermitian matrix: 8.243738017438778e-50
Condition # of Hermitian matrix: 339.2267232022021

=================================== Generating HHL circuit ===================================
Time elapsed for generating HHL circuit: 5 min 11.44 sec

Generated circuit: num_qubits=18, gates=23, depth=5
============================== Generated Circuit saved ==============================

============================== Transpiling circuit ==============================
This is using the AerSimulator('aer_simulator_statevector') transpiler.
Time elapsed for transpiling the circuit:  0 min 45.59 sec
Transpiled circuit, num_qubits: 18, (original: 18)
Transpiled circuit depth: 464199 (original: 5)
Transpiled circuit gates: 464351 (original: 23)
============================== Transpiled Circuit saved ==============================
Time elapsed for running the circuit:  2 min 25.53 sec
total_qubits: 18, nq:7

Time elapsed for extracting shots-based hhl counts solution:  0 min 0.00 sec

[HHL info]: linear system residual (e=||Ax-b||_2): 7.99811272638416
[HHL info]: Fidelity(true_sol, hhl_sol): 0.9750277864617133
[HHL info]: L2 error (absolute): 1.0452570649099708
[HHL info]: L2 error (relative): 0.8125218292149202
[HHL info]: L2 error (normalized): 0.15852474237068287

========================================================================================
 Compare system solutions using LU of A, LU sol of A_herm, HHL of Ax=b hermition system
LU sol 	    Herm LU sol    HHL sol    L1_diff(%)
-2.059e-04  -2.059e-04  -0.000e+00  1.000e+02
-1.845e-04  -1.845e-04  -0.000e+00  1.000e+02
-5.647e-04  -5.647e-04  -0.000e+00  1.000e+02
-7.800e-04  -7.800e-04  -0.000e+00  1.000e+02
-6.903e-04  -6.903e-04  -0.000e+00  1.000e+02
-2.074e-03  -2.074e-03  -0.000e+00  1.000e+02
 1.113e-02   1.113e-02   0.000e+00  1.000e+02
-1.757e-03  -1.757e-03  -0.000e+00  1.000e+02
-5.122e-03  -5.122e-03  -0.000e+00  1.000e+02
-4.257e-03  -4.257e-03  -0.000e+00  1.000e+02
-4.154e-03  -4.154e-03  -0.000e+00  1.000e+02
-6.354e-03  -6.354e-03  -0.000e+00  1.000e+02
 3.546e-03   3.546e-03   0.000e+00  1.000e+02
-9.864e-03  -9.864e-03  -0.000e+00  1.000e+02
 1.160e-02   1.160e-02   0.000e+00  1.000e+02
-2.923e-03  -2.923e-03  -0.000e+00  1.000e+02
-1.142e-02  -1.142e-02  -0.000e+00  1.000e+02
-2.958e-02  -2.958e-02  -0.000e+00  1.000e+02
-3.523e-02  -3.523e-02  -1.213e-02  6.557e+01
-3.678e-02  -3.678e-02  -0.000e+00  1.000e+02
-4.212e-02  -4.212e-02  -0.000e+00  1.000e+02
-5.553e-02  -5.553e-02  -1.213e-02  7.816e+01
-3.182e-02  -3.182e-02  -0.000e+00  1.000e+02
-7.944e-02  -7.944e-02  -2.426e-02  6.947e+01
-5.695e-02  -5.695e-02  -1.715e-02  6.988e+01
-5.923e-02  -5.923e-02  -1.715e-02  7.104e+01
-1.597e-01  -1.597e-01  -4.201e-02  7.370e+01
-9.999e-02  -9.999e-02  -2.426e-02  7.574e+01
-1.004e-01  -1.004e-01  -2.712e-02  7.299e+01
-2.093e-01  -2.093e-01  -4.201e-02  7.993e+01
-1.017e-01  -1.017e-01  -1.715e-02  8.314e+01
-1.122e-01  -1.122e-01  -2.101e-02  8.127e+01
-2.409e-01  -2.409e-01  -4.851e-02  7.986e+01
-1.224e-01  -1.224e-01  -1.715e-02  8.599e+01
-1.604e-01  -1.604e-01  -3.638e-02  7.732e+01
-2.731e-01  -2.731e-01  -5.424e-02  8.014e+01
-1.223e-01  -1.223e-01  -2.971e-02  7.570e+01
-1.455e-01  -1.455e-01  -1.715e-02  8.821e+01
-3.134e-01  -3.134e-01  -6.531e-02  7.916e+01
-1.321e-01  -1.321e-01  -1.715e-02  8.702e+01
-1.544e-01  -1.544e-01  -2.712e-02  8.244e+01
-3.460e-01  -3.460e-01  -6.418e-02  8.145e+01
-1.257e-01  -1.257e-01  -2.426e-02  8.070e+01
-1.417e-01  -1.417e-01  -2.426e-02  8.288e+01
-3.211e-01  -3.211e-01  -6.302e-02  8.037e+01
-1.391e-01  -1.391e-01  -1.715e-02  8.767e+01
-1.678e-01  -1.678e-01  -3.430e-02  7.955e+01
-3.533e-01  -3.533e-01  -6.064e-02  8.284e+01
-1.308e-01  -1.308e-01  -3.430e-02  7.378e+01
-1.488e-01  -1.488e-01  -2.426e-02  8.370e+01
-3.576e-01  -3.576e-01  -6.184e-02  8.271e+01
-1.743e-01  -1.743e-01  -3.638e-02  7.912e+01
-1.733e-01  -1.733e-01  -4.022e-02  7.680e+01
-3.610e-01  -3.610e-01  -6.064e-02  8.320e+01
-1.586e-01  -1.586e-01  -2.971e-02  8.127e+01
-1.473e-01  -1.473e-01  -2.426e-02  8.353e+01
-3.750e-01  -3.750e-01  -7.574e-02  7.980e+01
-1.579e-01  -1.579e-01  -2.426e-02  8.464e+01
-1.561e-01  -1.561e-01  -2.971e-02  8.097e+01
-3.806e-01  -3.806e-01  -6.531e-02  8.284e+01
========================================================================================

step: 11/15 res:9.029531710634856, res/res0:0.4024250546681472  dq_norm: [0.08829326 0.09626311 0.20724356]

A info: before HHL prepare:
Spectral radius (A): 1.005e+02, lambda_min:6.699888134579063
condition number(A): 1.500e+01, norm2_cond:336.9009244540867
det(A): 5.591e+95
--------------------------------------------------------------------------------

A_hhl info: after scaling by spectral radius:
Spectral radius (A): 1.000e+00, lambda_min:0.06666016527405377
condition number(A): 1.500e+01, norm2_cond:336.9009244540872
det(A): 4.125e-25, nnz: 14 non zeros per row
--------------------------------------------------------------------------------

Size of A & B are not power of 2:
Next 2 power of 60 = 64
Value to be padded = 4
--------------------------------------------------

==================== Print (N)^2 padded matrix system =======================
Padded shape of A: (60, 60)x(60, 60) -> (64, 64)x(64, 64)
Padded shape of B: (60,) -> (64,)
Determinant of padded matrix: 4.1247001204296367e-25
Condition # of padded matrix: 336.9009244540872


Matrix is not Hermitian. Making it Hermitian.......

==================== Print Hermitian matrix system info =======================
Shape of hermitian A: 64x64 -> 128x128
Shape of           B: 64 -> 128
Determinant of Hermitian matrix: 1.7013151083471535e-49
Condition # of Hermitian matrix: 336.9009244540875

=================================== Generating HHL circuit ===================================
Time elapsed for generating HHL circuit: 5 min 12.22 sec

Generated circuit: num_qubits=18, gates=23, depth=5
============================== Generated Circuit saved ==============================

============================== Transpiling circuit ==============================
This is using the AerSimulator('aer_simulator_statevector') transpiler.
Time elapsed for transpiling the circuit:  0 min 59.56 sec
Transpiled circuit, num_qubits: 18, (original: 18)
Transpiled circuit depth: 464205 (original: 5)
Transpiled circuit gates: 464357 (original: 23)
============================== Transpiled Circuit saved ==============================
Time elapsed for running the circuit:  2 min 28.85 sec
total_qubits: 18, nq:7

Time elapsed for extracting shots-based hhl counts solution:  0 min 0.00 sec

[HHL info]: linear system residual (e=||Ax-b||_2): 7.414093305023015
[HHL info]: Fidelity(true_sol, hhl_sol): 0.9579887270613364
[HHL info]: L2 error (absolute): 0.90019093915438
[HHL info]: L2 error (relative): 0.8710478239921043
[HHL info]: L2 error (normalized): 0.20606316728985463

========================================================================================
 Compare system solutions using LU of A, LU sol of A_herm, HHL of Ax=b hermition system
LU sol 	    Herm LU sol    HHL sol    L1_diff(%)
-2.018e-04  -2.018e-04  -0.000e+00  1.000e+02
-1.827e-04  -1.827e-04  -0.000e+00  1.000e+02
-5.561e-04  -5.561e-04  -0.000e+00  1.000e+02
-7.697e-04  -7.697e-04  -0.000e+00  1.000e+02
-6.845e-04  -6.845e-04  -0.000e+00  1.000e+02
-2.051e-03  -2.051e-03  -0.000e+00  1.000e+02
 1.112e-02   1.112e-02   0.000e+00  1.000e+02
-1.759e-03  -1.759e-03  -0.000e+00  1.000e+02
-5.134e-03  -5.134e-03  -7.463e-03  4.536e+01
-4.313e-03  -4.313e-03  -1.055e-02  1.447e+02
-4.173e-03  -4.173e-03  -0.000e+00  1.000e+02
-6.458e-03  -6.458e-03  -7.463e-03  1.557e+01
 3.381e-03   3.381e-03   0.000e+00  1.000e+02
-1.001e-02  -1.001e-02  -0.000e+00  1.000e+02
 1.121e-02   1.121e-02   0.000e+00  1.000e+02
-2.884e-03  -2.884e-03  -0.000e+00  1.000e+02
-1.130e-02  -1.130e-02  -0.000e+00  1.000e+02
-2.934e-02  -2.934e-02  -0.000e+00  1.000e+02
-2.253e-02  -2.253e-02  -0.000e+00  1.000e+02
-3.665e-02  -3.665e-02  -0.000e+00  1.000e+02
-4.180e-02  -4.180e-02  -1.055e-02  7.475e+01
-4.270e-02  -4.270e-02  -0.000e+00  1.000e+02
-3.193e-02  -3.193e-02  -7.463e-03  7.663e+01
-5.393e-02  -5.393e-02  -0.000e+00  1.000e+02
-3.921e-02  -3.921e-02  -1.055e-02  7.308e+01
-4.204e-02  -4.204e-02  -7.463e-03  8.225e+01
-1.166e-01  -1.166e-01  -1.669e-02  8.568e+01
-7.524e-02  -7.524e-02  -7.463e-03  9.008e+01
-7.353e-02  -7.353e-02  -7.463e-03  8.985e+01
-1.672e-01  -1.672e-01  -2.360e-02  8.589e+01
-8.441e-02  -8.441e-02  -1.293e-02  8.469e+01
-9.105e-02  -9.105e-02  -1.055e-02  8.841e+01
-1.919e-01  -1.919e-01  -2.585e-02  8.653e+01
-1.042e-01  -1.042e-01  -1.975e-02  8.106e+01
-1.234e-01  -1.234e-01  -1.828e-02  8.518e+01
-2.170e-01  -2.170e-01  -2.985e-02  8.624e+01
-9.095e-02  -9.095e-02  -7.463e-03  9.179e+01
-1.288e-01  -1.288e-01  -1.975e-02  8.467e+01
-2.444e-01  -2.444e-01  -3.656e-02  8.504e+01
-1.143e-01  -1.143e-01  -1.669e-02  8.539e+01
-1.276e-01  -1.276e-01  -1.293e-02  8.987e+01
-2.792e-01  -2.792e-01  -3.501e-02  8.746e+01
-1.008e-01  -1.008e-01  -1.493e-02  8.518e+01
-1.176e-01  -1.176e-01  -2.111e-02  8.204e+01
-2.564e-01  -2.564e-01  -3.253e-02  8.731e+01
-1.206e-01  -1.206e-01  -1.669e-02  8.616e+01
-1.328e-01  -1.328e-01  -1.293e-02  9.026e+01
-2.890e-01  -2.890e-01  -4.019e-02  8.609e+01
-9.373e-02  -9.373e-02  -1.055e-02  8.874e+01
-1.249e-01  -1.249e-01  -1.055e-02  9.155e+01
-2.907e-01  -2.907e-01  -3.656e-02  8.742e+01
-1.339e-01  -1.339e-01  -1.669e-02  8.753e+01
-1.327e-01  -1.327e-01  -1.055e-02  9.205e+01
-2.948e-01  -2.948e-01  -3.878e-02  8.684e+01
-1.258e-01  -1.258e-01  -1.669e-02  8.673e+01
-1.238e-01  -1.238e-01  -1.055e-02  9.148e+01
-2.924e-01  -2.924e-01  -3.253e-02  8.887e+01
-1.320e-01  -1.320e-01  -1.293e-02  9.021e+01
-1.266e-01  -1.266e-01  -1.493e-02  8.821e+01
-3.117e-01  -3.117e-01  -4.540e-02  8.544e+01
========================================================================================

step: 12/15 res:8.006395451593619, res/res0:0.3568262707918254  dq_norm: [0.0500659  0.04836825 0.11753347]

A info: before HHL prepare:
Spectral radius (A): 1.007e+02, lambda_min:6.721954464204347
condition number(A): 1.499e+01, norm2_cond:335.1842819026632
det(A): 8.056e+95
--------------------------------------------------------------------------------

A_hhl info: after scaling by spectral radius:
Spectral radius (A): 1.000e+00, lambda_min:0.06672467426851879
condition number(A): 1.499e+01, norm2_cond:335.18428190266434
det(A): 5.171e-25, nnz: 14 non zeros per row
--------------------------------------------------------------------------------

Size of A & B are not power of 2:
Next 2 power of 60 = 64
Value to be padded = 4
--------------------------------------------------

==================== Print (N)^2 padded matrix system =======================
Padded shape of A: (60, 60)x(60, 60) -> (64, 64)x(64, 64)
Padded shape of B: (60,) -> (64,)
Determinant of padded matrix: 5.171283499322436e-25
Condition # of padded matrix: 335.18428190266434


Matrix is not Hermitian. Making it Hermitian.......

==================== Print Hermitian matrix system info =======================
Shape of hermitian A: 64x64 -> 128x128
Shape of           B: 64 -> 128
Determinant of Hermitian matrix: 2.6742173030365643e-49
Condition # of Hermitian matrix: 335.18428190266116

=================================== Generating HHL circuit ===================================
Time elapsed for generating HHL circuit: 5 min 13.44 sec

Generated circuit: num_qubits=18, gates=23, depth=5
============================== Generated Circuit saved ==============================

============================== Transpiling circuit ==============================
This is using the AerSimulator('aer_simulator_statevector') transpiler.
Time elapsed for transpiling the circuit:  0 min 45.56 sec
Transpiled circuit, num_qubits: 18, (original: 18)
Transpiled circuit depth: 464201 (original: 5)
Transpiled circuit gates: 464353 (original: 23)
============================== Transpiled Circuit saved ==============================
Time elapsed for running the circuit:  2 min 26.90 sec
total_qubits: 18, nq:7

Time elapsed for extracting shots-based hhl counts solution:  0 min 0.00 sec

[HHL info]: linear system residual (e=||Ax-b||_2): 6.790484855972518
[HHL info]: Fidelity(true_sol, hhl_sol): 0.9545106001798866
[HHL info]: L2 error (absolute): 0.7678650625644762
[HHL info]: L2 error (relative): 0.8606395615541117
[HHL info]: L2 error (normalized): 0.2145200062217499

========================================================================================
 Compare system solutions using LU of A, LU sol of A_herm, HHL of Ax=b hermition system
LU sol 	    Herm LU sol    HHL sol    L1_diff(%)
-2.123e-04  -2.123e-04  -0.000e+00  1.000e+02
-1.813e-04  -1.813e-04  -0.000e+00  1.000e+02
-5.680e-04  -5.680e-04  -0.000e+00  1.000e+02
-8.408e-04  -8.408e-04  -0.000e+00  1.000e+02
-7.401e-04  -7.401e-04  -0.000e+00  1.000e+02
-2.255e-03  -2.255e-03  -0.000e+00  1.000e+02
 1.105e-02   1.105e-02   0.000e+00  1.000e+02
-1.746e-03  -1.746e-03  -0.000e+00  1.000e+02
 2.184e-03   2.184e-03   0.000e+00  1.000e+02
 6.225e-03   6.225e-03   0.000e+00  1.000e+02
-4.127e-03  -4.127e-03  -0.000e+00  1.000e+02
 9.778e-04   9.778e-04   0.000e+00  1.000e+02
 3.410e-03   3.410e-03   0.000e+00  1.000e+02
-9.995e-03  -9.995e-03  -7.054e-03  2.942e+01
 1.128e-02   1.128e-02   0.000e+00  1.000e+02
-2.924e-03  -2.924e-03  -0.000e+00  1.000e+02
-1.133e-02  -1.133e-02  -7.054e-03  3.774e+01
-2.951e-02  -2.951e-02  -9.976e-03  6.619e+01
-2.266e-02  -2.266e-02  -0.000e+00  1.000e+02
-3.668e-02  -3.668e-02  -0.000e+00  1.000e+02
-3.132e-02  -3.132e-02  -0.000e+00  1.000e+02
-4.278e-02  -4.278e-02  -9.976e-03  7.668e+01
-2.439e-02  -2.439e-02  -0.000e+00  1.000e+02
-5.419e-02  -5.419e-02  -1.222e-02  7.745e+01
-2.845e-02  -2.845e-02  -0.000e+00  1.000e+02
-3.460e-02  -3.460e-02  -0.000e+00  1.000e+02
-9.936e-02  -9.936e-02  -7.054e-03  9.290e+01
-6.727e-02  -6.727e-02  -9.976e-03  8.517e+01
-6.595e-02  -6.595e-02  -1.222e-02  8.147e+01
-1.423e-01  -1.423e-01  -2.444e-02  8.282e+01
-7.101e-02  -7.101e-02  -1.577e-02  7.778e+01
-8.084e-02  -8.084e-02  -1.411e-02  8.255e+01
-1.656e-01  -1.656e-01  -2.544e-02  8.464e+01
-8.408e-02  -8.408e-02  -1.222e-02  8.547e+01
-1.052e-01  -1.052e-01  -1.411e-02  8.658e+01
-1.871e-01  -1.871e-01  -2.909e-02  8.445e+01
-8.301e-02  -8.301e-02  -1.411e-02  8.300e+01
-1.088e-01  -1.088e-01  -7.054e-03  9.351e+01
-2.065e-01  -2.065e-01  -3.456e-02  8.327e+01
-9.659e-02  -9.659e-02  -1.411e-02  8.539e+01
-1.148e-01  -1.148e-01  -1.577e-02  8.626e+01
-2.426e-01  -2.426e-01  -3.309e-02  8.636e+01
-8.507e-02  -8.507e-02  -1.222e-02  8.564e+01
-9.653e-02  -9.653e-02  -1.222e-02  8.734e+01
-2.227e-01  -2.227e-01  -3.233e-02  8.548e+01
-1.029e-01  -1.029e-01  -7.054e-03  9.314e+01
-1.200e-01  -1.200e-01  -2.231e-02  8.140e+01
-2.467e-01  -2.467e-01  -3.456e-02  8.599e+01
-8.161e-02  -8.161e-02  -9.976e-03  8.778e+01
-1.139e-01  -1.139e-01  -9.976e-03  9.124e+01
-2.501e-01  -2.501e-01  -3.383e-02  8.647e+01
-1.146e-01  -1.146e-01  -1.222e-02  8.934e+01
-1.221e-01  -1.221e-01  -1.411e-02  8.845e+01
-2.511e-01  -2.511e-01  -3.527e-02  8.596e+01
-1.072e-01  -1.072e-01  -1.222e-02  8.860e+01
-1.135e-01  -1.135e-01  -1.411e-02  8.757e+01
-2.561e-01  -2.561e-01  -4.052e-02  8.418e+01
-1.178e-01  -1.178e-01  -1.728e-02  8.533e+01
-1.117e-01  -1.117e-01  -7.054e-03  9.369e+01
-2.625e-01  -2.625e-01  -3.666e-02  8.604e+01
========================================================================================

step: 13/15 res:7.412674836656939, res/res0:0.33036553522099915  dq_norm: [0.04348642 0.04625898 0.11086905]

A info: before HHL prepare:
Spectral radius (A): 1.009e+02, lambda_min:6.6759715575495315
condition number(A): 1.512e+01, norm2_cond:333.6005719622397
det(A): 1.116e+96
--------------------------------------------------------------------------------

A_hhl info: after scaling by spectral radius:
Spectral radius (A): 1.000e+00, lambda_min:0.0661445022327161
condition number(A): 1.512e+01, norm2_cond:333.60057196224346
det(A): 6.404e-25, nnz: 14 non zeros per row
--------------------------------------------------------------------------------

Size of A & B are not power of 2:
Next 2 power of 60 = 64
Value to be padded = 4
--------------------------------------------------

==================== Print (N)^2 padded matrix system =======================
Padded shape of A: (60, 60)x(60, 60) -> (64, 64)x(64, 64)
Padded shape of B: (60,) -> (64,)
Determinant of padded matrix: 6.403984352119777e-25
Condition # of padded matrix: 333.60057196224346


Matrix is not Hermitian. Making it Hermitian.......

==================== Print Hermitian matrix system info =======================
Shape of hermitian A: 64x64 -> 128x128
Shape of           B: 64 -> 128
Determinant of Hermitian matrix: 4.101101558219438e-49
Condition # of Hermitian matrix: 333.60057196224517

=================================== Generating HHL circuit ===================================
Time elapsed for generating HHL circuit: 5 min 17.64 sec

Generated circuit: num_qubits=18, gates=23, depth=5
============================== Generated Circuit saved ==============================

============================== Transpiling circuit ==============================
This is using the AerSimulator('aer_simulator_statevector') transpiler.
Time elapsed for transpiling the circuit:  0 min 45.50 sec
Transpiled circuit, num_qubits: 18, (original: 18)
Transpiled circuit depth: 464199 (original: 5)
Transpiled circuit gates: 464351 (original: 23)
============================== Transpiled Circuit saved ==============================
Time elapsed for running the circuit:  2 min 28.83 sec
total_qubits: 18, nq:7

Time elapsed for extracting shots-based hhl counts solution:  0 min 0.00 sec

[HHL info]: linear system residual (e=||Ax-b||_2): 5.963725977126511
[HHL info]: Fidelity(true_sol, hhl_sol): 0.9594730605433455
[HHL info]: L2 error (absolute): 0.6209007997005337
[HHL info]: L2 error (relative): 0.8148000201715176
[HHL info]: L2 error (normalized): 0.20235138972666192

========================================================================================
 Compare system solutions using LU of A, LU sol of A_herm, HHL of Ax=b hermition system
LU sol 	    Herm LU sol    HHL sol    L1_diff(%)
-2.174e-04  -2.174e-04  -0.000e+00  1.000e+02
-1.840e-04  -1.840e-04  -0.000e+00  1.000e+02
-5.786e-04  -5.786e-04  -0.000e+00  1.000e+02
-8.421e-04  -8.421e-04  -0.000e+00  1.000e+02
-7.384e-04  -7.384e-04  -0.000e+00  1.000e+02
-2.260e-03  -2.260e-03  -0.000e+00  1.000e+02
 1.109e-02   1.109e-02   0.000e+00  1.000e+02
-1.721e-03  -1.721e-03  -0.000e+00  1.000e+02
 2.260e-03   2.260e-03   0.000e+00  1.000e+02
 6.303e-03   6.303e-03   0.000e+00  1.000e+02
-4.113e-03  -4.113e-03  -0.000e+00  1.000e+02
 1.190e-03   1.190e-03   0.000e+00  1.000e+02
 3.439e-03   3.439e-03   0.000e+00  1.000e+02
-3.005e-03  -3.005e-03  -0.000e+00  1.000e+02
 1.138e-02   1.138e-02   0.000e+00  1.000e+02
-2.909e-03  -2.909e-03  -8.444e-03  1.902e+02
-4.266e-03  -4.266e-03  -0.000e+00  1.000e+02
-1.946e-02  -1.946e-02  -0.000e+00  1.000e+02
-2.251e-02  -2.251e-02  -0.000e+00  1.000e+02
-3.664e-02  -3.664e-02  -1.194e-02  6.741e+01
-3.125e-02  -3.125e-02  -8.444e-03  7.298e+01
-3.248e-02  -3.248e-02  -8.444e-03  7.401e+01
-2.448e-02  -2.448e-02  -0.000e+00  1.000e+02
-4.162e-02  -4.162e-02  -1.194e-02  7.131e+01
-2.825e-02  -2.825e-02  -8.444e-03  7.011e+01
-3.450e-02  -3.450e-02  -0.000e+00  1.000e+02
-9.186e-02  -9.186e-02  -2.234e-02  7.568e+01
-5.694e-02  -5.694e-02  -1.194e-02  7.903e+01
-5.372e-02  -5.372e-02  -0.000e+00  1.000e+02
-1.174e-01  -1.174e-01  -2.068e-02  8.238e+01
-5.484e-02  -5.484e-02  -1.689e-02  6.921e+01
-6.677e-02  -6.677e-02  -1.194e-02  8.212e+01
-1.398e-01  -1.398e-01  -2.670e-02  8.090e+01
-7.127e-02  -7.127e-02  -8.444e-03  8.815e+01
-9.086e-02  -9.086e-02  -1.462e-02  8.390e+01
-1.570e-01  -1.570e-01  -2.925e-02  8.137e+01
-6.807e-02  -6.807e-02  -8.444e-03  8.760e+01
-1.017e-01  -1.017e-01  -2.234e-02  7.803e+01
-1.703e-01  -1.703e-01  -3.582e-02  7.897e+01
-8.184e-02  -8.184e-02  -1.462e-02  8.213e+01
-9.913e-02  -9.913e-02  -1.689e-02  8.296e+01
-2.081e-01  -2.081e-01  -3.680e-02  8.232e+01
-7.284e-02  -7.284e-02  -1.689e-02  7.682e+01
-8.446e-02  -8.446e-02  -1.888e-02  7.765e+01
-1.902e-01  -1.902e-01  -3.582e-02  8.117e+01
-9.606e-02  -9.606e-02  -2.234e-02  7.674e+01
-9.742e-02  -9.742e-02  -1.888e-02  8.062e+01
-2.121e-01  -2.121e-01  -4.701e-02  7.784e+01
-7.158e-02  -7.158e-02  -1.462e-02  7.957e+01
-1.042e-01  -1.042e-01  -2.388e-02  7.708e+01
-2.157e-01  -2.157e-01  -3.960e-02  8.164e+01
-1.019e-01  -1.019e-01  -2.068e-02  7.970e+01
-1.081e-01  -1.081e-01  -2.234e-02  7.933e+01
-2.145e-01  -2.145e-01  -4.305e-02  7.993e+01
-9.313e-02  -9.313e-02  -8.444e-03  9.093e+01
-9.896e-02  -9.896e-02  -1.462e-02  8.522e+01
-2.112e-01  -2.112e-01  -3.481e-02  8.352e+01
-9.731e-02  -9.731e-02  -1.462e-02  8.497e+01
-1.046e-01  -1.046e-01  -2.234e-02  7.864e+01
-2.194e-01  -2.194e-01  -3.159e-02  8.560e+01
========================================================================================

step: 14/15 res:6.7919301234231515, res/res0:0.30270039895885437  dq_norm: [0.05204931 0.0614697  0.12030154]
Completed: 14 steps in 7782.64s
Saved metadata to /lustre/orion/stf006/scratch/4klornl/fvm_euler_1d_solver/output_parallel_shots/nelem20/statevector/shots_50000/trial_1/metadata_nelem20_HHL_statevector_nshots50000.pkl

Solution summary:
  x/L: [0.0250, 0.9750]
  Mach: [1.5000, 1.9577]
  p/p_in: [1.0000, 0.4521]
  rho/rho_in: [1.0000, 0.5619]
Saved combined plot to /lustre/orion/stf006/scratch/4klornl/fvm_euler_1d_solver/output_parallel_shots/nelem20/statevector/shots_50000/trial_1/solution_plot_nelem20_HHL_statevector_nshots50000.png
