
------------------------------------------------------------
Using ideal local simulator with 'statevector' method
Backend: aer_simulator_statevector
Shots: 50000
------------------------------------------------------------

A info: before HHL prepare:
Spectral radius (A): 2.241e+01, lambda_min:2.3074021727489433
condition number(A): 9.710e+00, norm2_cond:95.97789014324577
det(A): 9.333e+14
--------------------------------------------------------------------------------

A_hhl info: after scaling by spectral radius:
Spectral radius (A): 1.000e+00, lambda_min:0.1029832130561069
condition number(A): 9.710e+00, norm2_cond:95.9778901432457
det(A): 5.184e-06, nnz: 10 non zeros per row
--------------------------------------------------------------------------------

Size of A & B are not power of 2:
Next 2 power of 15 = 16
Value to be padded = 1
--------------------------------------------------

==================== Print (N)^2 padded matrix system =======================
Padded shape of A: (15, 15)x(15, 15) -> (16, 16)x(16, 16)
Padded shape of B: (15,) -> (16,)
Determinant of padded matrix: 5.183984510966138e-06
Condition # of padded matrix: 95.9778901432457


Matrix is not Hermitian. Making it Hermitian.......

==================== Print Hermitian matrix system info =======================
Shape of hermitian A: 16x16 -> 32x32
Shape of           B: 16 -> 32
Determinant of Hermitian matrix: 2.6873695409936828e-11
Condition # of Hermitian matrix: 95.9778901432459

=================================== Generating HHL circuit ===================================
Time elapsed for generating HHL circuit: 4 min 26.22 sec

Generated circuit: num_qubits=14, gates=19, depth=5
============================== Generated Circuit saved ==============================

============================== Transpiling circuit ==============================
Time elapsed for transpiling the circuit:  0 min 45.20 sec
Transpiled circuit, num_qubits: 14, (original: 14)
Transpiled circuit depth: 689027 (original: 5)
Transpiled circuit gates: 689127 (original: 19)
============================== Transpiled Circuit saved ==============================
Time elapsed for running the circuit:  1 min 1.29 sec
total_qubits: 14, nq:5

Time elapsed for extracting shots-based hhl counts solution:  0 min 0.00 sec

[HHL info]: linear system residual (e=||Ax-b||_2): 3.6995397149539078
[HHL info]: Fidelity(true_sol, hhl_sol): 0.9949989926980584
[HHL info]: L2 error (absolute): 0.46266154607054083
[HHL info]: L2 error (relative): 0.17106570089451673
[HHL info]: L2 error (normalized): 0.07076210499931704

========================================================================================
 Compare system solutions using LU of A, LU sol of A_herm, HHL of Ax=b hermition system
LU sol 	    Herm LU sol    HHL sol    L1_diff(%)
-1.705e-02  -1.705e-02  -0.000e+00  1.000e+02
-7.527e-03  -7.527e-03  -0.000e+00  1.000e+02
-3.946e-02  -3.946e-02  -0.000e+00  1.000e+02
-1.283e-01  -1.283e-01  -1.242e-01  3.170e+00
-6.877e-02  -6.877e-02  -0.000e+00  1.000e+02
-2.800e-01  -2.800e-01  -1.242e-01  5.565e+01
-4.114e-01  -4.114e-01  -3.166e-01  2.304e+01
-4.227e-01  -4.227e-01  -3.042e-01  2.804e+01
-1.109e+00  -1.109e+00  -9.294e-01  1.623e+01
-5.252e-01  -5.252e-01  -4.810e-01  8.414e+00
-5.558e-01  -5.558e-01  -4.391e-01  2.099e+01
-1.428e+00  -1.428e+00  -1.201e+00  1.589e+01
-5.637e-01  -5.637e-01  -4.478e-01  2.057e+01
-5.958e-01  -5.958e-01  -5.269e-01  1.156e+01
-1.529e+00  -1.529e+00  -1.323e+00  1.348e+01
========================================================================================

step: 0/15 res:12.375368413827264, res/res0:1.0  dq_norm: [0.73997825 0.7503281  2.017933  ]

A info: before HHL prepare:
Spectral radius (A): 2.421e+01, lambda_min:4.291957515012695
condition number(A): 5.640e+00, norm2_cond:70.96459596002794
det(A): 1.049e+16
--------------------------------------------------------------------------------

A_hhl info: after scaling by spectral radius:
Spectral radius (A): 1.000e+00, lambda_min:0.17730553359332255
condition number(A): 5.640e+00, norm2_cond:70.96459596002808
det(A): 1.827e-05, nnz: 13 non zeros per row
--------------------------------------------------------------------------------

Size of A & B are not power of 2:
Next 2 power of 15 = 16
Value to be padded = 1
--------------------------------------------------

==================== Print (N)^2 padded matrix system =======================
Padded shape of A: (15, 15)x(15, 15) -> (16, 16)x(16, 16)
Padded shape of B: (15,) -> (16,)
Determinant of padded matrix: 1.827159065421832e-05
Condition # of padded matrix: 70.96459596002808


Matrix is not Hermitian. Making it Hermitian.......

==================== Print Hermitian matrix system info =======================
Shape of hermitian A: 16x16 -> 32x32
Shape of           B: 16 -> 32
Determinant of Hermitian matrix: 3.3385102503531824e-10
Condition # of Hermitian matrix: 70.96459596002828

=================================== Generating HHL circuit ===================================
Time elapsed for generating HHL circuit: 4 min 28.84 sec

Generated circuit: num_qubits=14, gates=19, depth=5
============================== Generated Circuit saved ==============================

============================== Transpiling circuit ==============================
Time elapsed for transpiling the circuit:  0 min 44.38 sec
Transpiled circuit, num_qubits: 14, (original: 14)
Transpiled circuit depth: 689027 (original: 5)
Transpiled circuit gates: 689127 (original: 19)
============================== Transpiled Circuit saved ==============================
Time elapsed for running the circuit:  1 min 0.86 sec
total_qubits: 14, nq:5

Time elapsed for extracting shots-based hhl counts solution:  0 min 0.00 sec

[HHL info]: linear system residual (e=||Ax-b||_2): 0.9533056081985732
[HHL info]: Fidelity(true_sol, hhl_sol): 0.9930003801923993
[HHL info]: L2 error (absolute): 0.03611576736488826
[HHL info]: L2 error (relative): 0.11355538832561639
[HHL info]: L2 error (normalized): 0.08373715742392049

========================================================================================
 Compare system solutions using LU of A, LU sol of A_herm, HHL of Ax=b hermition system
LU sol 	    Herm LU sol    HHL sol    L1_diff(%)
-1.327e-02  -1.327e-02  -0.000e+00  1.000e+02
-4.987e-03  -4.987e-03  -0.000e+00  1.000e+02
-2.949e-02  -2.949e-02  -3.505e-02  1.885e+01
 7.259e-03   7.259e-03   0.000e+00  1.000e+02
-7.143e-02  -7.143e-02  -5.723e-02  1.988e+01
-1.290e-01  -1.290e-01  -1.162e-01  9.922e+00
-6.568e-02  -6.568e-02  -6.398e-02  2.588e+00
-1.155e-01  -1.155e-01  -1.071e-01  7.330e+00
-1.082e-01  -1.082e-01  -1.071e-01  1.073e+00
-5.562e-03  -5.562e-03  -0.000e+00  1.000e+02
-1.167e-01  -1.167e-01  -1.071e-01  8.278e+00
-1.298e-01  -1.298e-01  -1.197e-01  7.784e+00
-7.291e-02  -7.291e-02  -7.295e-02  5.458e-02
-6.938e-02  -6.938e-02  -6.398e-02  7.778e+00
-9.092e-02  -9.092e-02  -7.295e-02  1.976e+01
========================================================================================

step: 1/15 res:4.011248806432166, res/res0:0.32413166802778265  dq_norm: [0.09703593 0.1740542  0.21413008]

A info: before HHL prepare:
Spectral radius (A): 2.413e+01, lambda_min:4.246886744542261
condition number(A): 5.682e+00, norm2_cond:67.41142706739247
det(A): 1.154e+16
--------------------------------------------------------------------------------

A_hhl info: after scaling by spectral radius:
Spectral radius (A): 1.000e+00, lambda_min:0.1759808020515203
condition number(A): 5.682e+00, norm2_cond:67.4114270673927
det(A): 2.104e-05, nnz: 11 non zeros per row
--------------------------------------------------------------------------------

Size of A & B are not power of 2:
Next 2 power of 15 = 16
Value to be padded = 1
--------------------------------------------------

==================== Print (N)^2 padded matrix system =======================
Padded shape of A: (15, 15)x(15, 15) -> (16, 16)x(16, 16)
Padded shape of B: (15,) -> (16,)
Determinant of padded matrix: 2.104171899311814e-05
Condition # of padded matrix: 67.4114270673927


Matrix is not Hermitian. Making it Hermitian.......

==================== Print Hermitian matrix system info =======================
Shape of hermitian A: 16x16 -> 32x32
Shape of           B: 16 -> 32
Determinant of Hermitian matrix: 4.4275393818535017e-10
Condition # of Hermitian matrix: 67.41142706739275

=================================== Generating HHL circuit ===================================
Time elapsed for generating HHL circuit: 4 min 27.51 sec

Generated circuit: num_qubits=14, gates=19, depth=5
============================== Generated Circuit saved ==============================

============================== Transpiling circuit ==============================
Time elapsed for transpiling the circuit:  0 min 43.87 sec
Transpiled circuit, num_qubits: 14, (original: 14)
Transpiled circuit depth: 689027 (original: 5)
Transpiled circuit gates: 689127 (original: 19)
============================== Transpiled Circuit saved ==============================
Time elapsed for running the circuit:  1 min 0.97 sec
total_qubits: 14, nq:5

Time elapsed for extracting shots-based hhl counts solution:  0 min 0.00 sec

[HHL info]: linear system residual (e=||Ax-b||_2): 0.1504347519848659
[HHL info]: Fidelity(true_sol, hhl_sol): 0.9527098625627561
[HHL info]: L2 error (absolute): 0.007258763624303873
[HHL info]: L2 error (relative): 0.21933386283900877
[HHL info]: L2 error (normalized): 0.21877579974258093

========================================================================================
 Compare system solutions using LU of A, LU sol of A_herm, HHL of Ax=b hermition system
LU sol 	    Herm LU sol    HHL sol    L1_diff(%)
-1.278e-02  -1.278e-02  -9.564e-03  2.518e+01
-4.707e-03  -4.707e-03  -6.763e-03  4.367e+01
 5.647e-03   5.647e-03   8.282e-03  4.666e+01
 9.834e-03   9.834e-03   1.069e-02  8.727e+00
-1.340e-02  -1.340e-02  -1.353e-02  9.604e-01
-9.972e-03  -9.972e-03  -8.282e-03  1.694e+01
 2.419e-04   2.419e-04   0.000e+00  1.000e+02
-9.556e-03  -9.556e-03  -8.282e-03  1.333e+01
 2.768e-03   2.768e-03   0.000e+00  1.000e+02
-1.961e-03  -1.961e-03  -0.000e+00  1.000e+02
-8.155e-03  -8.155e-03  -8.282e-03  1.564e+00
-3.422e-03  -3.422e-03  -0.000e+00  1.000e+02
 4.487e-03   4.487e-03   4.782e-03  6.575e+00
-4.651e-03  -4.651e-03  -4.782e-03  2.803e+00
-1.671e-02  -1.671e-02  -1.512e-02  9.523e+00
========================================================================================

step: 2/15 res:0.9802598025982392, res/res0:0.0792105551785411  dq_norm: [0.01512146 0.01971597 0.0191273 ]

A info: before HHL prepare:
Spectral radius (A): 2.407e+01, lambda_min:4.098666691632592
condition number(A): 5.871e+00, norm2_cond:67.32847457064786
det(A): 9.809e+15
--------------------------------------------------------------------------------

A_hhl info: after scaling by spectral radius:
Spectral radius (A): 1.000e+00, lambda_min:0.17031561349718427
condition number(A): 5.871e+00, norm2_cond:67.3284745706478
det(A): 1.866e-05, nnz: 11 non zeros per row
--------------------------------------------------------------------------------

Size of A & B are not power of 2:
Next 2 power of 15 = 16
Value to be padded = 1
--------------------------------------------------

==================== Print (N)^2 padded matrix system =======================
Padded shape of A: (15, 15)x(15, 15) -> (16, 16)x(16, 16)
Padded shape of B: (15,) -> (16,)
Determinant of padded matrix: 1.8655049772183252e-05
Condition # of padded matrix: 67.3284745706478


Matrix is not Hermitian. Making it Hermitian.......

==================== Print Hermitian matrix system info =======================
Shape of hermitian A: 16x16 -> 32x32
Shape of           B: 16 -> 32
Determinant of Hermitian matrix: 3.4801088200263436e-10
Condition # of Hermitian matrix: 67.32847457064798

=================================== Generating HHL circuit ===================================
Time elapsed for generating HHL circuit: 4 min 24.41 sec

Generated circuit: num_qubits=14, gates=19, depth=5
============================== Generated Circuit saved ==============================

============================== Transpiling circuit ==============================
Time elapsed for transpiling the circuit:  0 min 44.13 sec
Transpiled circuit, num_qubits: 14, (original: 14)
Transpiled circuit depth: 689027 (original: 5)
Transpiled circuit gates: 689127 (original: 19)
============================== Transpiled Circuit saved ==============================
Time elapsed for running the circuit:  1 min 0.87 sec
total_qubits: 14, nq:5

Time elapsed for extracting shots-based hhl counts solution:  0 min 0.00 sec

[HHL info]: linear system residual (e=||Ax-b||_2): 0.0599214482458416
[HHL info]: Fidelity(true_sol, hhl_sol): 0.9523775701350327
[HHL info]: L2 error (absolute): 0.0033652555368682614
[HHL info]: L2 error (relative): 0.48495028770354026
[HHL info]: L2 error (normalized): 0.21955254468289057

========================================================================================
 Compare system solutions using LU of A, LU sol of A_herm, HHL of Ax=b hermition system
LU sol 	    Herm LU sol    HHL sol    L1_diff(%)
-2.967e-03  -2.967e-03  -1.472e-03  5.038e+01
 2.230e-03   2.230e-03   1.332e-03  4.029e+01
-2.009e-03  -2.009e-03  -6.278e-04  6.875e+01
-4.610e-04  -4.610e-04  -0.000e+00  1.000e+02
 6.932e-05   6.932e-05   0.000e+00  1.000e+02
-1.175e-03  -1.175e-03  -1.087e-03  7.474e+00
 3.333e-04   3.333e-04   0.000e+00  1.000e+02
-1.265e-03  -1.265e-03  -7.689e-04  3.923e+01
 3.019e-03   3.019e-03   1.776e-03  4.117e+01
-1.961e-03  -1.961e-03  -8.879e-04  5.473e+01
 1.589e-04   1.589e-04   0.000e+00  1.000e+02
-3.288e-03  -3.288e-03  -1.883e-03  4.271e+01
-2.610e-04  -2.610e-04  -0.000e+00  1.000e+02
 1.351e-04   1.351e-04   0.000e+00  1.000e+02
-1.775e-03  -1.775e-03  -7.689e-04  5.668e+01
========================================================================================

step: 3/15 res:0.15678007133207805, res/res0:0.012668719515202822  dq_norm: [0.00171933 0.00153781 0.00297796]

A info: before HHL prepare:
Spectral radius (A): 2.407e+01, lambda_min:4.1005063908349575
condition number(A): 5.869e+00, norm2_cond:67.37884075988525
det(A): 9.832e+15
--------------------------------------------------------------------------------

A_hhl info: after scaling by spectral radius:
Spectral radius (A): 1.000e+00, lambda_min:0.17038512139320028
condition number(A): 5.869e+00, norm2_cond:67.37884075988525
det(A): 1.869e-05, nnz: 11 non zeros per row
--------------------------------------------------------------------------------

Size of A & B are not power of 2:
Next 2 power of 15 = 16
Value to be padded = 1
--------------------------------------------------

==================== Print (N)^2 padded matrix system =======================
Padded shape of A: (15, 15)x(15, 15) -> (16, 16)x(16, 16)
Padded shape of B: (15,) -> (16,)
Determinant of padded matrix: 1.8687914450647338e-05
Condition # of padded matrix: 67.37884075988525


Matrix is not Hermitian. Making it Hermitian.......

==================== Print Hermitian matrix system info =======================
Shape of hermitian A: 16x16 -> 32x32
Shape of           B: 16 -> 32
Determinant of Hermitian matrix: 3.4923814651471363e-10
Condition # of Hermitian matrix: 67.37884075988526

=================================== Generating HHL circuit ===================================
Time elapsed for generating HHL circuit: 4 min 23.68 sec

Generated circuit: num_qubits=14, gates=19, depth=5
============================== Generated Circuit saved ==============================

============================== Transpiling circuit ==============================
Time elapsed for transpiling the circuit:  0 min 44.01 sec
Transpiled circuit, num_qubits: 14, (original: 14)
Transpiled circuit depth: 689027 (original: 5)
Transpiled circuit gates: 689127 (original: 19)
============================== Transpiled Circuit saved ==============================
Time elapsed for running the circuit:  1 min 0.73 sec
total_qubits: 14, nq:5

Time elapsed for extracting shots-based hhl counts solution:  0 min 0.00 sec

[HHL info]: linear system residual (e=||Ax-b||_2): 0.03163176787041302
[HHL info]: Fidelity(true_sol, hhl_sol): 0.9725625861870029
[HHL info]: L2 error (absolute): 0.0018613457336364731
[HHL info]: L2 error (relative): 0.553569072801037
[HHL info]: L2 error (normalized): 0.16621745930110599

========================================================================================
 Compare system solutions using LU of A, LU sol of A_herm, HHL of Ax=b hermition system
LU sol 	    Herm LU sol    HHL sol    L1_diff(%)
-1.493e-03  -1.493e-03  -6.226e-04  5.831e+01
 8.943e-04   8.943e-04   3.699e-04  5.864e+01
-1.381e-03  -1.381e-03  -5.231e-04  6.213e+01
-4.646e-04  -4.646e-04  -2.136e-04  5.404e+01
 6.792e-05   6.792e-05   0.000e+00  1.000e+02
-9.409e-05  -9.409e-05  -0.000e+00  1.000e+02
 3.316e-04   3.316e-04   1.510e-04  5.447e+01
-4.964e-04  -4.964e-04  -2.615e-04  4.731e+01
 1.241e-03   1.241e-03   5.444e-04  5.613e+01
-1.073e-03  -1.073e-03  -5.444e-04  4.928e+01
 1.551e-04   1.551e-04   0.000e+00  1.000e+02
-1.398e-03  -1.398e-03  -7.242e-04  4.821e+01
-2.647e-04  -2.647e-04  -0.000e+00  1.000e+02
 1.330e-04   1.330e-04   0.000e+00  1.000e+02
-1.011e-03  -1.011e-03  -5.650e-04  4.414e+01
========================================================================================

step: 4/15 res:0.05988427985876004, res/res0:0.004838989665297565  dq_norm: [0.00086745 0.00045301 0.001189  ]

A info: before HHL prepare:
Spectral radius (A): 2.407e+01, lambda_min:4.1023769180241345
condition number(A): 5.867e+00, norm2_cond:67.3903040663405
det(A): 9.850e+15
--------------------------------------------------------------------------------

A_hhl info: after scaling by spectral radius:
Spectral radius (A): 1.000e+00, lambda_min:0.17045710627432684
condition number(A): 5.867e+00, norm2_cond:67.39030406634052
det(A): 1.871e-05, nnz: 11 non zeros per row
--------------------------------------------------------------------------------

Size of A & B are not power of 2:
Next 2 power of 15 = 16
Value to be padded = 1
--------------------------------------------------

==================== Print (N)^2 padded matrix system =======================
Padded shape of A: (15, 15)x(15, 15) -> (16, 16)x(16, 16)
Padded shape of B: (15,) -> (16,)
Determinant of padded matrix: 1.8712976772573774e-05
Condition # of padded matrix: 67.39030406634052


Matrix is not Hermitian. Making it Hermitian.......

==================== Print Hermitian matrix system info =======================
Shape of hermitian A: 16x16 -> 32x32
Shape of           B: 16 -> 32
Determinant of Hermitian matrix: 3.5017549969088683e-10
Condition # of Hermitian matrix: 67.39030406634083

=================================== Generating HHL circuit ===================================
Time elapsed for generating HHL circuit: 4 min 24.60 sec

Generated circuit: num_qubits=14, gates=19, depth=5
============================== Generated Circuit saved ==============================

============================== Transpiling circuit ==============================
Time elapsed for transpiling the circuit:  0 min 43.97 sec
Transpiled circuit, num_qubits: 14, (original: 14)
Transpiled circuit depth: 689027 (original: 5)
Transpiled circuit gates: 689127 (original: 19)
============================== Transpiled Circuit saved ==============================
Time elapsed for running the circuit:  1 min 1.45 sec
total_qubits: 14, nq:5

Time elapsed for extracting shots-based hhl counts solution:  0 min 0.00 sec

[HHL info]: linear system residual (e=||Ax-b||_2): 0.031312528094184146
[HHL info]: Fidelity(true_sol, hhl_sol): 0.9500855300358628
[HHL info]: L2 error (absolute): 0.0018434129090019573
[HHL info]: L2 error (relative): 0.9905667572032384
[HHL info]: L2 error (normalized): 0.22484079043881194

========================================================================================
 Compare system solutions using LU of A, LU sol of A_herm, HHL of Ax=b hermition system
LU sol 	    Herm LU sol    HHL sol    L1_diff(%)
-8.705e-04  -8.705e-04  -7.801e-06  9.910e+01
 5.233e-04   5.233e-04   4.815e-06  9.908e+01
-8.587e-04  -8.587e-04  -8.845e-06  9.897e+01
-2.519e-04  -2.519e-04  -1.702e-06  9.932e+01
 6.749e-05   6.749e-05   0.000e+00  1.000e+02
-9.560e-05  -9.560e-05  -0.000e+00  1.000e+02
 1.807e-04   1.807e-04   0.000e+00  1.000e+02
-2.346e-04  -2.346e-04  -1.702e-06  9.927e+01
 6.970e-04   6.970e-04   7.222e-06  9.896e+01
-5.284e-04  -5.284e-04  -6.369e-06  9.879e+01
 1.540e-04   1.540e-04   1.702e-06  9.889e+01
-6.724e-04  -6.724e-04  -6.137e-06  9.909e+01
-2.655e-04  -2.655e-04  -0.000e+00  1.000e+02
 1.323e-04   1.323e-04   0.000e+00  1.000e+02
-4.478e-04  -4.478e-04  -4.815e-06  9.892e+01
========================================================================================

step: 5/15 res:0.03162187753476078, res/res0:0.00255522716393873  dq_norm: [1.02133792e-05 5.38292349e-06 1.38289808e-05]

A info: before HHL prepare:
Spectral radius (A): 2.407e+01, lambda_min:4.102404177186798
condition number(A): 5.867e+00, norm2_cond:67.39061078951818
det(A): 9.851e+15
--------------------------------------------------------------------------------

A_hhl info: after scaling by spectral radius:
Spectral radius (A): 1.000e+00, lambda_min:0.17045795918084042
condition number(A): 5.867e+00, norm2_cond:67.39061078951813
det(A): 1.871e-05, nnz: 11 non zeros per row
--------------------------------------------------------------------------------

Size of A & B are not power of 2:
Next 2 power of 15 = 16
Value to be padded = 1
--------------------------------------------------

==================== Print (N)^2 padded matrix system =======================
Padded shape of A: (15, 15)x(15, 15) -> (16, 16)x(16, 16)
Padded shape of B: (15,) -> (16,)
Determinant of padded matrix: 1.8713146924616823e-05
Condition # of padded matrix: 67.39061078951813


Matrix is not Hermitian. Making it Hermitian.......

==================== Print Hermitian matrix system info =======================
Shape of hermitian A: 16x16 -> 32x32
Shape of           B: 16 -> 32
Determinant of Hermitian matrix: 3.501818678222923e-10
Condition # of Hermitian matrix: 67.39061078951832

=================================== Generating HHL circuit ===================================
Time elapsed for generating HHL circuit: 4 min 24.32 sec

Generated circuit: num_qubits=14, gates=19, depth=5
============================== Generated Circuit saved ==============================

============================== Transpiling circuit ==============================
Time elapsed for transpiling the circuit:  0 min 43.42 sec
Transpiled circuit, num_qubits: 14, (original: 14)
Transpiled circuit depth: 689027 (original: 5)
Transpiled circuit gates: 689127 (original: 19)
============================== Transpiled Circuit saved ==============================
Time elapsed for running the circuit:  1 min 1.29 sec
total_qubits: 14, nq:5

Time elapsed for extracting shots-based hhl counts solution:  0 min 0.00 sec

[HHL info]: linear system residual (e=||Ax-b||_2): 0.025364635326640437
[HHL info]: Fidelity(true_sol, hhl_sol): 0.9675757052669813
[HHL info]: L2 error (absolute): 0.0015203956311137707
[HHL info]: L2 error (relative): 0.824773278460982
[HHL info]: L2 error (normalized): 0.18080784804584651

========================================================================================
 Compare system solutions using LU of A, LU sol of A_herm, HHL of Ax=b hermition system
LU sol 	    Herm LU sol    HHL sol    L1_diff(%)
-8.627e-04  -8.627e-04  -1.783e-04  7.933e+01
 5.185e-04   5.185e-04   9.855e-05  8.099e+01
-8.499e-04  -8.499e-04  -1.362e-04  8.398e+01
-2.502e-04  -2.502e-04  -2.972e-05  8.812e+01
 6.749e-05   6.749e-05   2.972e-05  5.597e+01
-9.561e-05  -9.561e-05  -0.000e+00  1.000e+02
 1.807e-04   1.807e-04   4.202e-05  7.675e+01
-2.329e-04  -2.329e-04  -4.202e-05  8.196e+01
 6.898e-04   6.898e-04   1.225e-04  8.224e+01
-5.220e-04  -5.220e-04  -9.855e-05  8.112e+01
 1.523e-04   1.523e-04   0.000e+00  1.000e+02
-6.662e-04  -6.662e-04  -1.151e-04  8.273e+01
-2.655e-04  -2.655e-04  -4.202e-05  8.417e+01
 1.323e-04   1.323e-04   0.000e+00  1.000e+02
-4.430e-04  -4.430e-04  -5.943e-05  8.658e+01
========================================================================================

step: 6/15 res:0.03131252641674684, res/res0:0.0025302298379869387  dq_norm: [0.00021428 0.00011119 0.00022435]

A info: before HHL prepare:
Spectral radius (A): 2.407e+01, lambda_min:4.102994656789055
condition number(A): 5.866e+00, norm2_cond:67.39370092995424
det(A): 9.859e+15
--------------------------------------------------------------------------------

A_hhl info: after scaling by spectral radius:
Spectral radius (A): 1.000e+00, lambda_min:0.17048165719755806
condition number(A): 5.866e+00, norm2_cond:67.39370092995422
det(A): 1.873e-05, nnz: 11 non zeros per row
--------------------------------------------------------------------------------

Size of A & B are not power of 2:
Next 2 power of 15 = 16
Value to be padded = 1
--------------------------------------------------

==================== Print (N)^2 padded matrix system =======================
Padded shape of A: (15, 15)x(15, 15) -> (16, 16)x(16, 16)
Padded shape of B: (15,) -> (16,)
Determinant of padded matrix: 1.8727100475807147e-05
Condition # of padded matrix: 67.39370092995422


Matrix is not Hermitian. Making it Hermitian.......

==================== Print Hermitian matrix system info =======================
Shape of hermitian A: 16x16 -> 32x32
Shape of           B: 16 -> 32
Determinant of Hermitian matrix: 3.50704292230975e-10
Condition # of Hermitian matrix: 67.39370092995426

=================================== Generating HHL circuit ===================================
Time elapsed for generating HHL circuit: 4 min 24.22 sec

Generated circuit: num_qubits=14, gates=19, depth=5
============================== Generated Circuit saved ==============================

============================== Transpiling circuit ==============================
Time elapsed for transpiling the circuit:  0 min 43.87 sec
Transpiled circuit, num_qubits: 14, (original: 14)
Transpiled circuit depth: 689027 (original: 5)
Transpiled circuit gates: 689127 (original: 19)
============================== Transpiled Circuit saved ==============================
Time elapsed for running the circuit:  1 min 0.95 sec
total_qubits: 14, nq:5

Time elapsed for extracting shots-based hhl counts solution:  0 min 0.00 sec

[HHL info]: linear system residual (e=||Ax-b||_2): 0.01054532563745183
[HHL info]: Fidelity(true_sol, hhl_sol): 0.9542992520015942
[HHL info]: L2 error (absolute): 0.000560035934087419
[HHL info]: L2 error (relative): 0.36836128045988337
[HHL info]: L2 error (normalized): 0.215023651610578

========================================================================================
 Compare system solutions using LU of A, LU sol of A_herm, HHL of Ax=b hermition system
LU sol 	    Herm LU sol    HHL sol    L1_diff(%)
-6.844e-04  -6.844e-04  -4.806e-04  2.978e+01
 4.197e-04   4.197e-04   1.262e-04  6.993e+01
-7.138e-04  -7.138e-04  -5.126e-04  2.818e+01
-2.206e-04  -2.206e-04  -1.546e-04  2.994e+01
 3.770e-05   3.770e-05   0.000e+00  1.000e+02
-9.595e-05  -9.595e-05  -1.262e-04  3.153e+01
 1.387e-04   1.387e-04   8.924e-05  3.564e+01
-1.909e-04  -1.909e-04  -1.262e-04  3.388e+01
 5.672e-04   5.672e-04   3.091e-04  4.550e+01
-4.234e-04  -4.234e-04  -3.569e-04  1.570e+01
 1.521e-04   1.521e-04   8.924e-05  4.135e+01
-5.510e-04  -5.510e-04  -3.679e-04  3.322e+01
-2.236e-04  -2.236e-04  -8.924e-05  6.009e+01
 1.322e-04   1.322e-04   1.262e-04  4.553e+00
-3.837e-04  -3.837e-04  -3.091e-04  1.944e+01
========================================================================================

step: 7/15 res:0.02536414733031507, res/res0:0.002049567049816082  dq_norm: [0.00063099 0.0002361  0.00077794]

A info: before HHL prepare:
Spectral radius (A): 2.407e+01, lambda_min:4.106348416251659
condition number(A): 5.861e+00, norm2_cond:67.38565507094359
det(A): 9.893e+15
--------------------------------------------------------------------------------

A_hhl info: after scaling by spectral radius:
Spectral radius (A): 1.000e+00, lambda_min:0.17061028414106647
condition number(A): 5.861e+00, norm2_cond:67.38565507094364
det(A): 1.877e-05, nnz: 11 non zeros per row
--------------------------------------------------------------------------------

Size of A & B are not power of 2:
Next 2 power of 15 = 16
Value to be padded = 1
--------------------------------------------------

==================== Print (N)^2 padded matrix system =======================
Padded shape of A: (15, 15)x(15, 15) -> (16, 16)x(16, 16)
Padded shape of B: (15,) -> (16,)
Determinant of padded matrix: 1.8774191069195466e-05
Condition # of padded matrix: 67.38565507094364


Matrix is not Hermitian. Making it Hermitian.......

==================== Print Hermitian matrix system info =======================
Shape of hermitian A: 16x16 -> 32x32
Shape of           B: 16 -> 32
Determinant of Hermitian matrix: 3.5247025030266135e-10
Condition # of Hermitian matrix: 67.38565507094394

=================================== Generating HHL circuit ===================================
Time elapsed for generating HHL circuit: 4 min 23.46 sec

Generated circuit: num_qubits=14, gates=19, depth=5
============================== Generated Circuit saved ==============================

============================== Transpiling circuit ==============================
Time elapsed for transpiling the circuit:  0 min 43.93 sec
Transpiled circuit, num_qubits: 14, (original: 14)
Transpiled circuit depth: 689027 (original: 5)
Transpiled circuit gates: 689127 (original: 19)
============================== Transpiled Circuit saved ==============================
Time elapsed for running the circuit:  1 min 0.72 sec
total_qubits: 14, nq:5

Time elapsed for extracting shots-based hhl counts solution:  0 min 0.00 sec

[HHL info]: linear system residual (e=||Ax-b||_2): 0.008106151974156959
[HHL info]: Fidelity(true_sol, hhl_sol): 0.9624830315001667
[HHL info]: L2 error (absolute): 0.00043367856396147247
[HHL info]: L2 error (relative): 0.7748605696099303
[HHL info]: L2 error (normalized): 0.19461656902118446

========================================================================================
 Compare system solutions using LU of A, LU sol of A_herm, HHL of Ax=b hermition system
LU sol 	    Herm LU sol    HHL sol    L1_diff(%)
-2.038e-04  -2.038e-04  -3.997e-05  8.039e+01
 2.932e-04   2.932e-04   6.390e-05  7.821e+01
-2.013e-04  -2.013e-04  -4.615e-05  7.707e+01
-6.631e-05  -6.631e-05  -1.884e-05  7.158e+01
 3.757e-05   3.757e-05   0.000e+00  1.000e+02
 2.971e-05   2.971e-05   0.000e+00  1.000e+02
 4.944e-05   4.944e-05   0.000e+00  1.000e+02
-6.456e-05  -6.456e-05  -2.979e-05  5.385e+01
 2.582e-04   2.582e-04   6.390e-05  7.525e+01
-6.625e-05  -6.625e-05  -1.332e-05  7.989e+01
 6.259e-05   6.259e-05   1.884e-05  6.990e+01
-1.825e-04  -1.825e-04  -3.997e-05  7.809e+01
-1.345e-04  -1.345e-04  -3.525e-05  7.378e+01
 5.836e-06   5.836e-06   0.000e+00  1.000e+02
-7.460e-05  -7.460e-05  -1.332e-05  8.214e+01
========================================================================================

step: 8/15 res:0.010541199502462281, res/res0:0.0008517887427645688  dq_norm: [5.80757549e-05 7.29757708e-05 8.93767010e-05]

A info: before HHL prepare:
Spectral radius (A): 2.407e+01, lambda_min:4.106704827782514
condition number(A): 5.861e+00, norm2_cond:67.38606073652247
det(A): 9.898e+15
--------------------------------------------------------------------------------

A_hhl info: after scaling by spectral radius:
Spectral radius (A): 1.000e+00, lambda_min:0.1706238899738528
condition number(A): 5.861e+00, norm2_cond:67.38606073652215
det(A): 1.878e-05, nnz: 11 non zeros per row
--------------------------------------------------------------------------------

Size of A & B are not power of 2:
Next 2 power of 15 = 16
Value to be padded = 1
--------------------------------------------------

==================== Print (N)^2 padded matrix system =======================
Padded shape of A: (15, 15)x(15, 15) -> (16, 16)x(16, 16)
Padded shape of B: (15,) -> (16,)
Determinant of padded matrix: 1.878140537246311e-05
Condition # of padded matrix: 67.38606073652215


Matrix is not Hermitian. Making it Hermitian.......

==================== Print Hermitian matrix system info =======================
Shape of hermitian A: 16x16 -> 32x32
Shape of           B: 16 -> 32
Determinant of Hermitian matrix: 3.5274118776478747e-10
Condition # of Hermitian matrix: 67.38606073652237

=================================== Generating HHL circuit ===================================
Time elapsed for generating HHL circuit: 4 min 23.33 sec

Generated circuit: num_qubits=14, gates=19, depth=5
============================== Generated Circuit saved ==============================

============================== Transpiling circuit ==============================
Time elapsed for transpiling the circuit:  0 min 43.94 sec
Transpiled circuit, num_qubits: 14, (original: 14)
Transpiled circuit depth: 689027 (original: 5)
Transpiled circuit gates: 689127 (original: 19)
============================== Transpiled Circuit saved ==============================
Time elapsed for running the circuit:  1 min 1.08 sec
total_qubits: 14, nq:5

Time elapsed for extracting shots-based hhl counts solution:  0 min 0.00 sec

[HHL info]: linear system residual (e=||Ax-b||_2): 0.004776589989394022
[HHL info]: Fidelity(true_sol, hhl_sol): 0.9495937411326149
[HHL info]: L2 error (absolute): 0.00029062373736588656
[HHL info]: L2 error (relative): 0.6701754024751235
[HHL info]: L2 error (normalized): 0.22596014784051788

========================================================================================
 Compare system solutions using LU of A, LU sol of A_herm, HHL of Ax=b hermition system
LU sol 	    Herm LU sol    HHL sol    L1_diff(%)
-1.638e-04  -1.638e-04  -5.752e-05  6.489e+01
 2.293e-04   2.293e-04   8.747e-05  6.185e+01
-1.551e-04  -1.551e-04  -3.805e-05  7.547e+01
-4.749e-05  -4.749e-05  -1.438e-05  6.972e+01
 3.756e-05   3.756e-05   0.000e+00  1.000e+02
 2.966e-05   2.966e-05   0.000e+00  1.000e+02
 4.943e-05   4.943e-05   1.438e-05  7.091e+01
-3.477e-05  -3.477e-05  -2.491e-05  2.836e+01
 1.943e-04   1.943e-04   6.745e-05  6.528e+01
-5.293e-05  -5.293e-05  -0.000e+00  1.000e+02
 4.374e-05   4.374e-05   1.438e-05  6.712e+01
-1.425e-04  -1.425e-04  -5.185e-05  6.361e+01
-9.921e-05  -9.921e-05  -2.876e-05  7.101e+01
 5.827e-06   5.827e-06   0.000e+00  1.000e+02
-6.130e-05  -6.130e-05  -2.034e-05  6.682e+01
========================================================================================

step: 9/15 res:0.008106065873480343, res/res0:0.0006550161257763657  dq_norm: [6.74501716e-05 9.20796473e-05 9.53889475e-05]

A info: before HHL prepare:
Spectral radius (A): 2.407e+01, lambda_min:4.106904412619092
condition number(A): 5.861e+00, norm2_cond:67.38554147367569
det(A): 9.901e+15
--------------------------------------------------------------------------------

A_hhl info: after scaling by spectral radius:
Spectral radius (A): 1.000e+00, lambda_min:0.17063294801531625
condition number(A): 5.861e+00, norm2_cond:67.38554147367587
det(A): 1.879e-05, nnz: 11 non zeros per row
--------------------------------------------------------------------------------

Size of A & B are not power of 2:
Next 2 power of 15 = 16
Value to be padded = 1
--------------------------------------------------

==================== Print (N)^2 padded matrix system =======================
Padded shape of A: (15, 15)x(15, 15) -> (16, 16)x(16, 16)
Padded shape of B: (15,) -> (16,)
Determinant of padded matrix: 1.8788412942167955e-05
Condition # of padded matrix: 67.38554147367587


Matrix is not Hermitian. Making it Hermitian.......

==================== Print Hermitian matrix system info =======================
Shape of hermitian A: 16x16 -> 32x32
Shape of           B: 16 -> 32
Determinant of Hermitian matrix: 3.5300446088542435e-10
Condition # of Hermitian matrix: 67.38554147367583

=================================== Generating HHL circuit ===================================
Time elapsed for generating HHL circuit: 4 min 23.75 sec

Generated circuit: num_qubits=14, gates=19, depth=5
============================== Generated Circuit saved ==============================

============================== Transpiling circuit ==============================
Time elapsed for transpiling the circuit:  0 min 44.08 sec
Transpiled circuit, num_qubits: 14, (original: 14)
Transpiled circuit depth: 689027 (original: 5)
Transpiled circuit gates: 689127 (original: 19)
============================== Transpiled Circuit saved ==============================
Time elapsed for running the circuit:  1 min 0.94 sec
total_qubits: 14, nq:5

Time elapsed for extracting shots-based hhl counts solution:  0 min 0.00 sec

[HHL info]: linear system residual (e=||Ax-b||_2): 0.002571031560648155
[HHL info]: Fidelity(true_sol, hhl_sol): 0.9717051929282892
[HHL info]: L2 error (absolute): 0.0001636436088753897
[HHL info]: L2 error (relative): 0.5631119510988185
[HHL info]: L2 error (normalized): 0.168813029044298

========================================================================================
 Compare system solutions using LU of A, LU sol of A_herm, HHL of Ax=b hermition system
LU sol 	    Herm LU sol    HHL sol    L1_diff(%)
-1.063e-04  -1.063e-04  -5.439e-05  4.883e+01
 1.418e-04   1.418e-04   6.001e-05  5.768e+01
-1.171e-04  -1.171e-04  -4.676e-05  6.007e+01
-3.313e-05  -3.313e-05  -2.536e-05  2.345e+01
 3.755e-05   3.755e-05   1.134e-05  6.980e+01
 2.961e-05   2.961e-05   1.604e-05  4.584e+01
 3.503e-05   3.503e-05   1.964e-05  4.393e+01
-9.866e-06  -9.866e-06  -1.134e-05  1.495e+01
 1.268e-04   1.268e-04   6.001e-05  5.267e+01
-5.294e-05  -5.294e-05  -1.134e-05  7.858e+01
 2.935e-05   2.935e-05   1.134e-05  6.136e+01
-9.063e-05  -9.063e-05  -3.928e-05  5.666e+01
-7.046e-05  -7.046e-05  -3.208e-05  5.447e+01
 5.819e-06   5.819e-06   0.000e+00  1.000e+02
-4.099e-05  -4.099e-05  -1.604e-05  6.087e+01
========================================================================================

step: 10/15 res:0.004776485432265207, res/res0:0.00038596713023333814  dq_norm: [7.17239503e-05 6.31415229e-05 8.85725448e-05]

A info: before HHL prepare:
Spectral radius (A): 2.407e+01, lambda_min:4.1072232591587
condition number(A): 5.860e+00, norm2_cond:67.38527471343552
det(A): 9.905e+15
--------------------------------------------------------------------------------

A_hhl info: after scaling by spectral radius:
Spectral radius (A): 1.000e+00, lambda_min:0.17064622677108549
condition number(A): 5.860e+00, norm2_cond:67.38527471343578
det(A): 1.880e-05, nnz: 11 non zeros per row
--------------------------------------------------------------------------------

Size of A & B are not power of 2:
Next 2 power of 15 = 16
Value to be padded = 1
--------------------------------------------------

==================== Print (N)^2 padded matrix system =======================
Padded shape of A: (15, 15)x(15, 15) -> (16, 16)x(16, 16)
Padded shape of B: (15,) -> (16,)
Determinant of padded matrix: 1.879677825623611e-05
Condition # of padded matrix: 67.38527471343578


Matrix is not Hermitian. Making it Hermitian.......

==================== Print Hermitian matrix system info =======================
Shape of hermitian A: 16x16 -> 32x32
Shape of           B: 16 -> 32
Determinant of Hermitian matrix: 3.533188728141106e-10
Condition # of Hermitian matrix: 67.38527471343563

=================================== Generating HHL circuit ===================================
Time elapsed for generating HHL circuit: 4 min 22.06 sec

Generated circuit: num_qubits=14, gates=19, depth=5
============================== Generated Circuit saved ==============================

============================== Transpiling circuit ==============================
Time elapsed for transpiling the circuit:  0 min 44.15 sec
Transpiled circuit, num_qubits: 14, (original: 14)
Transpiled circuit depth: 689027 (original: 5)
Transpiled circuit gates: 689127 (original: 19)
============================== Transpiled Circuit saved ==============================
Time elapsed for running the circuit:  1 min 1.05 sec
total_qubits: 14, nq:5

Time elapsed for extracting shots-based hhl counts solution:  0 min 0.00 sec

[HHL info]: linear system residual (e=||Ax-b||_2): 0.0009319235746284469
[HHL info]: Fidelity(true_sol, hhl_sol): 0.9618384949726335
[HHL info]: L2 error (absolute): 6.472139474133267e-05
[HHL info]: L2 error (relative): 0.39553030926712085
[HHL info]: L2 error (normalized): 0.19629747124058167

========================================================================================
 Compare system solutions using LU of A, LU sol of A_herm, HHL of Ax=b hermition system
LU sol 	    Herm LU sol    HHL sol    L1_diff(%)
-5.190e-05  -5.190e-05  -4.036e-05  2.224e+01
 8.176e-05   8.176e-05   4.314e-05  4.723e+01
-7.035e-05  -7.035e-05  -3.523e-05  4.992e+01
-7.780e-06  -7.780e-06  -1.245e-05  6.009e+01
 2.621e-05   2.621e-05   1.245e-05  5.248e+01
 1.355e-05   1.355e-05   8.807e-06  3.500e+01
 1.539e-05   1.539e-05   8.807e-06  4.276e+01
 1.473e-06   1.473e-06   0.000e+00  1.000e+02
 6.676e-05   6.676e-05   4.824e-05  2.775e+01
-4.160e-05  -4.160e-05  -3.051e-05  2.666e+01
 1.800e-05   1.800e-05   8.807e-06  5.108e+01
-5.135e-05  -5.135e-05  -3.839e-05  2.524e+01
-3.838e-05  -3.838e-05  -2.642e-05  3.116e+01
 5.814e-06   5.814e-06   0.000e+00  1.000e+02
-2.496e-05  -2.496e-05  -1.245e-05  5.010e+01
========================================================================================

step: 11/15 res:0.0025709470445871925, res/res0:0.0002077471117316086  dq_norm: [5.90773442e-05 4.57611140e-05 7.26221602e-05]

A info: before HHL prepare:
Spectral radius (A): 2.407e+01, lambda_min:4.107598807794454
condition number(A): 5.860e+00, norm2_cond:67.38591196104929
det(A): 9.910e+15
--------------------------------------------------------------------------------

A_hhl info: after scaling by spectral radius:
Spectral radius (A): 1.000e+00, lambda_min:0.1706602990027362
condition number(A): 5.860e+00, norm2_cond:67.38591196104917
det(A): 1.880e-05, nnz: 11 non zeros per row
--------------------------------------------------------------------------------

Size of A & B are not power of 2:
Next 2 power of 15 = 16
Value to be padded = 1
--------------------------------------------------

==================== Print (N)^2 padded matrix system =======================
Padded shape of A: (15, 15)x(15, 15) -> (16, 16)x(16, 16)
Padded shape of B: (15,) -> (16,)
Determinant of padded matrix: 1.880325556215674e-05
Condition # of padded matrix: 67.38591196104917


Matrix is not Hermitian. Making it Hermitian.......

==================== Print Hermitian matrix system info =======================
Shape of hermitian A: 16x16 -> 32x32
Shape of           B: 16 -> 32
Determinant of Hermitian matrix: 3.5356241973577964e-10
Condition # of Hermitian matrix: 67.38591196104937

=================================== Generating HHL circuit ===================================
Time elapsed for generating HHL circuit: 4 min 20.79 sec

Generated circuit: num_qubits=14, gates=19, depth=5
============================== Generated Circuit saved ==============================

============================== Transpiling circuit ==============================
Time elapsed for transpiling the circuit:  0 min 43.76 sec
Transpiled circuit, num_qubits: 14, (original: 14)
Transpiled circuit depth: 689027 (original: 5)
Transpiled circuit gates: 689127 (original: 19)
============================== Transpiled Circuit saved ==============================
Time elapsed for running the circuit:  1 min 1.11 sec
total_qubits: 14, nq:5

Time elapsed for extracting shots-based hhl counts solution:  0 min 0.00 sec

[HHL info]: linear system residual (e=||Ax-b||_2): 0.0006363556014489892
[HHL info]: Fidelity(true_sol, hhl_sol): 0.9767421870024209
[HHL info]: L2 error (absolute): 4.3929450843529385e-05
[HHL info]: L2 error (relative): 0.6788020743401968
[HHL info]: L2 error (normalized): 0.15295306565989306

========================================================================================
 Compare system solutions using LU of A, LU sol of A_herm, HHL of Ax=b hermition system
LU sol 	    Herm LU sol    HHL sol    L1_diff(%)
-1.154e-05  -1.154e-05  -4.510e-06  6.093e+01
 3.861e-05   3.861e-05   1.315e-05  6.595e+01
-3.512e-05  -3.512e-05  -1.172e-05  6.664e+01
 4.670e-06   4.670e-06   0.000e+00  1.000e+02
 1.375e-05   1.375e-05   4.219e-06  6.933e+01
 4.732e-06   4.732e-06   1.594e-06  6.630e+01
 6.577e-06   6.577e-06   2.255e-06  6.572e+01
 1.474e-06   1.474e-06   0.000e+00  1.000e+02
 1.852e-05   1.852e-05   3.906e-06  7.892e+01
-1.109e-05  -1.109e-05  -3.565e-06  6.785e+01
 9.194e-06   9.194e-06   3.189e-06  6.531e+01
-1.296e-05  -1.296e-05  -4.783e-06  6.308e+01
-1.196e-05  -1.196e-05  -4.219e-06  6.473e+01
 5.812e-06   5.812e-06   2.255e-06  6.120e+01
-1.251e-05  -1.251e-05  -2.762e-06  7.792e+01
========================================================================================

step: 12/15 res:0.0009318700154895123, res/res0:7.5300385760501e-05  dq_norm: [7.47861776e-06 1.43500200e-05 1.36229583e-05]

A info: before HHL prepare:
Spectral radius (A): 2.407e+01, lambda_min:4.107673367123185
condition number(A): 5.859e+00, norm2_cond:67.38561378827346
det(A): 9.911e+15
--------------------------------------------------------------------------------

A_hhl info: after scaling by spectral radius:
Spectral radius (A): 1.000e+00, lambda_min:0.17066334268603464
condition number(A): 5.859e+00, norm2_cond:67.38561378827347
det(A): 1.880e-05, nnz: 11 non zeros per row
--------------------------------------------------------------------------------

Size of A & B are not power of 2:
Next 2 power of 15 = 16
Value to be padded = 1
--------------------------------------------------

==================== Print (N)^2 padded matrix system =======================
Padded shape of A: (15, 15)x(15, 15) -> (16, 16)x(16, 16)
Padded shape of B: (15,) -> (16,)
Determinant of padded matrix: 1.8804701591288533e-05
Condition # of padded matrix: 67.38561378827347


Matrix is not Hermitian. Making it Hermitian.......

==================== Print Hermitian matrix system info =======================
Shape of hermitian A: 16x16 -> 32x32
Shape of           B: 16 -> 32
Determinant of Hermitian matrix: 3.536168019374095e-10
Condition # of Hermitian matrix: 67.3856137882737

=================================== Generating HHL circuit ===================================
Time elapsed for generating HHL circuit: 4 min 19.88 sec

Generated circuit: num_qubits=14, gates=19, depth=5
============================== Generated Circuit saved ==============================

============================== Transpiling circuit ==============================
Time elapsed for transpiling the circuit:  0 min 43.70 sec
Transpiled circuit, num_qubits: 14, (original: 14)
Transpiled circuit depth: 689027 (original: 5)
Transpiled circuit gates: 689127 (original: 19)
============================== Transpiled Circuit saved ==============================
Time elapsed for running the circuit:  1 min 0.91 sec
total_qubits: 14, nq:5

Time elapsed for extracting shots-based hhl counts solution:  0 min 0.00 sec

[HHL info]: linear system residual (e=||Ax-b||_2): 0.0003693132922386783
[HHL info]: Fidelity(true_sol, hhl_sol): 0.990540893329931
[HHL info]: L2 error (absolute): 2.5964038044283992e-05
[HHL info]: L2 error (relative): 0.591047320155399
[HHL info]: L2 error (normalized): 0.09737341406942938

========================================================================================
 Compare system solutions using LU of A, LU sol of A_herm, HHL of Ax=b hermition system
LU sol 	    Herm LU sol    HHL sol    L1_diff(%)
-7.034e-06  -7.034e-06  -3.632e-06  4.836e+01
 2.546e-05   2.546e-05   1.027e-05  5.965e+01
-2.340e-05  -2.340e-05  -9.412e-06  5.978e+01
 4.670e-06   4.670e-06   1.942e-06  5.842e+01
 9.534e-06   9.534e-06   3.632e-06  6.190e+01
 3.136e-06   3.136e-06   1.373e-06  5.622e+01
 4.322e-06   4.322e-06   2.378e-06  4.498e+01
 1.474e-06   1.474e-06   1.373e-06  6.857e+00
 1.462e-05   1.462e-05   5.317e-06  6.362e+01
-7.524e-06  -7.524e-06  -3.883e-06  4.839e+01
 6.004e-06   6.004e-06   2.378e-06  6.040e+01
-8.174e-06  -8.174e-06  -3.363e-06  5.886e+01
-7.742e-06  -7.742e-06  -3.632e-06  5.308e+01
 3.557e-06   3.557e-06   1.373e-06  6.140e+01
-9.746e-06  -9.746e-06  -4.342e-06  5.545e+01
========================================================================================

step: 13/15 res:0.0006363541663651426, res/res0:5.1421028052314826e-05  dq_norm: [7.13407551e-06 1.13216644e-05 1.22030774e-05]

A info: before HHL prepare:
Spectral radius (A): 2.407e+01, lambda_min:4.107735668567
condition number(A): 5.859e+00, norm2_cond:67.38535137020668
det(A): 9.911e+15
--------------------------------------------------------------------------------

A_hhl info: after scaling by spectral radius:
Spectral radius (A): 1.000e+00, lambda_min:0.1706658522448718
condition number(A): 5.859e+00, norm2_cond:67.38535137020676
det(A): 1.881e-05, nnz: 11 non zeros per row
--------------------------------------------------------------------------------

Size of A & B are not power of 2:
Next 2 power of 15 = 16
Value to be padded = 1
--------------------------------------------------

==================== Print (N)^2 padded matrix system =======================
Padded shape of A: (15, 15)x(15, 15) -> (16, 16)x(16, 16)
Padded shape of B: (15,) -> (16,)
Determinant of padded matrix: 1.880580792426312e-05
Condition # of padded matrix: 67.38535137020676


Matrix is not Hermitian. Making it Hermitian.......

==================== Print Hermitian matrix system info =======================
Shape of hermitian A: 16x16 -> 32x32
Shape of           B: 16 -> 32
Determinant of Hermitian matrix: 3.5365841168427755e-10
Condition # of Hermitian matrix: 67.38535137020662

=================================== Generating HHL circuit ===================================
Time elapsed for generating HHL circuit: 4 min 14.70 sec

Generated circuit: num_qubits=14, gates=19, depth=5
============================== Generated Circuit saved ==============================

============================== Transpiling circuit ==============================
Time elapsed for transpiling the circuit:  0 min 43.48 sec
Transpiled circuit, num_qubits: 14, (original: 14)
Transpiled circuit depth: 689027 (original: 5)
Transpiled circuit gates: 689127 (original: 19)
============================== Transpiled Circuit saved ==============================
Time elapsed for running the circuit:  1 min 0.98 sec
total_qubits: 14, nq:5

Time elapsed for extracting shots-based hhl counts solution:  0 min 0.00 sec

[HHL info]: linear system residual (e=||Ax-b||_2): 0.00022041494543236585
[HHL info]: Fidelity(true_sol, hhl_sol): 0.9531895875331923
[HHL info]: L2 error (absolute): 1.671513356038948e-05
[HHL info]: L2 error (relative): 0.6437874148164796
[HHL info]: L2 error (normalized): 0.21764977704431973

========================================================================================
 Compare system solutions using LU of A, LU sol of A_herm, HHL of Ax=b hermition system
LU sol 	    Herm LU sol    HHL sol    L1_diff(%)
-3.402e-06  -3.402e-06  -1.707e-06  4.982e+01
 1.519e-05   1.519e-05   5.831e-06  6.161e+01
-1.399e-05  -1.399e-05  -5.307e-06  6.207e+01
 2.728e-06   2.728e-06   0.000e+00  1.000e+02
 5.902e-06   5.902e-06   9.855e-07  8.330e+01
 1.763e-06   1.763e-06   0.000e+00  1.000e+02
 1.944e-06   1.944e-06   6.969e-07  6.415e+01
 1.011e-07   1.011e-07   0.000e+00  1.000e+02
 9.301e-06   9.301e-06   3.753e-06  5.965e+01
-3.641e-06  -3.641e-06  -1.207e-06  6.685e+01
 3.626e-06   3.626e-06   9.855e-07  7.282e+01
-4.811e-06  -4.811e-06  -1.971e-06  5.903e+01
-4.110e-06  -4.110e-06  -9.855e-07  7.602e+01
 2.184e-06   2.184e-06   0.000e+00  1.000e+02
-5.404e-06  -5.404e-06  -2.091e-06  6.131e+01
========================================================================================

step: 14/15 res:0.00036931246564614274, res/res0:2.9842543130554562e-05  dq_norm: [2.41406646e-06 5.99479669e-06 7.10681923e-06]
Completed: 14 steps in 6402.92s
Saved metadata to /lustre/orion/ard189/proj-shared/nozzle_1d_results/nelem5/statevector/shots_50000/trial_8/metadata_nelem5_HHL_statevector_nshots50000.pkl

Solution summary:
  x/L: [0.1000, 0.9000]
  Mach: [1.5204, 2.1516]
  p/p_in: [0.9798, 0.3653]
  rho/rho_in: [0.9875, 0.4838]
Saved combined plot to /lustre/orion/ard189/proj-shared/nozzle_1d_results/nelem5/statevector/shots_50000/trial_8/solution_plot_nelem5_HHL_statevector_nshots50000.png
