
------------------------------------------------------------
Using ideal local simulator with 'statevector' method
Backend: aer_simulator_statevector
Shots: 500
------------------------------------------------------------

A info: before HHL prepare:
Spectral radius (A): 2.241e+01, lambda_min:2.3074021727489433
condition number(A): 9.710e+00, norm2_cond:95.97789014324577
det(A): 9.333e+14
--------------------------------------------------------------------------------

A_hhl info: after scaling by spectral radius:
Spectral radius (A): 1.000e+00, lambda_min:0.1029832130561069
condition number(A): 9.710e+00, norm2_cond:95.9778901432457
det(A): 5.184e-06, nnz: 10 non zeros per row
--------------------------------------------------------------------------------

Size of A & B are not power of 2:
Next 2 power of 15 = 16
Value to be padded = 1
--------------------------------------------------

==================== Print (N)^2 padded matrix system =======================
Padded shape of A: (15, 15)x(15, 15) -> (16, 16)x(16, 16)
Padded shape of B: (15,) -> (16,)
Determinant of padded matrix: 5.183984510966138e-06
Condition # of padded matrix: 95.9778901432457


Matrix is not Hermitian. Making it Hermitian.......

==================== Print Hermitian matrix system info =======================
Shape of hermitian A: 16x16 -> 32x32
Shape of           B: 16 -> 32
Determinant of Hermitian matrix: 2.6873695409936828e-11
Condition # of Hermitian matrix: 95.9778901432459

=================================== Generating HHL circuit ===================================
Time elapsed for generating HHL circuit: 4 min 26.27 sec

Generated circuit: num_qubits=14, gates=19, depth=5
============================== Generated Circuit saved ==============================

============================== Transpiling circuit ==============================
Time elapsed for transpiling the circuit:  0 min 45.05 sec
Transpiled circuit, num_qubits: 14, (original: 14)
Transpiled circuit depth: 689027 (original: 5)
Transpiled circuit gates: 689127 (original: 19)
============================== Transpiled Circuit saved ==============================
Time elapsed for running the circuit:  1 min 2.15 sec
total_qubits: 14, nq:5

Time elapsed for extracting shots-based hhl counts solution:  0 min 0.00 sec

[HHL info]: linear system residual (e=||Ax-b||_2): 12.667370051567802
[HHL info]: Fidelity(true_sol, hhl_sol): 0.743172789924746
[HHL info]: L2 error (absolute): 2.607571708535929
[HHL info]: L2 error (relative): 0.9641304442565466
[HHL info]: L2 error (normalized): 0.5252148114897449

========================================================================================
 Compare system solutions using LU of A, LU sol of A_herm, HHL of Ax=b hermition system
LU sol 	    Herm LU sol    HHL sol    L1_diff(%)
-1.705e-02  -1.705e-02  -0.000e+00  1.000e+02
-7.527e-03  -7.527e-03  -0.000e+00  1.000e+02
-3.946e-02  -3.946e-02  -0.000e+00  1.000e+02
-1.283e-01  -1.283e-01  -0.000e+00  1.000e+02
-6.877e-02  -6.877e-02  -0.000e+00  1.000e+02
-2.800e-01  -2.800e-01  -0.000e+00  1.000e+02
-4.114e-01  -4.114e-01  -0.000e+00  1.000e+02
-4.227e-01  -4.227e-01  -0.000e+00  1.000e+02
-1.109e+00  -1.109e+00  -4.624e-02  9.583e+01
-5.252e-01  -5.252e-01  -4.624e-02  9.120e+01
-5.558e-01  -5.558e-01  -0.000e+00  1.000e+02
-1.428e+00  -1.428e+00  -4.624e-02  9.676e+01
-5.637e-01  -5.637e-01  -0.000e+00  1.000e+02
-5.958e-01  -5.958e-01  -0.000e+00  1.000e+02
-1.529e+00  -1.529e+00  -8.009e-02  9.476e+01
========================================================================================

step: 0/15 res:12.375368413827264, res/res0:1.0  dq_norm: [0.04624081 0.         0.1033976 ]

A info: before HHL prepare:
Spectral radius (A): 2.252e+01, lambda_min:2.382550284753605
condition number(A): 9.454e+00, norm2_cond:93.27029072740729
det(A): 1.042e+15
--------------------------------------------------------------------------------

A_hhl info: after scaling by spectral radius:
Spectral radius (A): 1.000e+00, lambda_min:0.10577525284026554
condition number(A): 9.454e+00, norm2_cond:93.27029072740716
det(A): 5.344e-06, nnz: 11 non zeros per row
--------------------------------------------------------------------------------

Size of A & B are not power of 2:
Next 2 power of 15 = 16
Value to be padded = 1
--------------------------------------------------

==================== Print (N)^2 padded matrix system =======================
Padded shape of A: (15, 15)x(15, 15) -> (16, 16)x(16, 16)
Padded shape of B: (15,) -> (16,)
Determinant of padded matrix: 5.343969232079363e-06
Condition # of padded matrix: 93.27029072740716


Matrix is not Hermitian. Making it Hermitian.......

==================== Print Hermitian matrix system info =======================
Shape of hermitian A: 16x16 -> 32x32
Shape of           B: 16 -> 32
Determinant of Hermitian matrix: 2.8558007153411097e-11
Condition # of Hermitian matrix: 93.27029072740747

=================================== Generating HHL circuit ===================================
Time elapsed for generating HHL circuit: 4 min 27.25 sec

Generated circuit: num_qubits=14, gates=19, depth=5
============================== Generated Circuit saved ==============================

============================== Transpiling circuit ==============================
Time elapsed for transpiling the circuit:  0 min 44.89 sec
Transpiled circuit, num_qubits: 14, (original: 14)
Transpiled circuit depth: 689027 (original: 5)
Transpiled circuit gates: 689127 (original: 19)
============================== Transpiled Circuit saved ==============================
Time elapsed for running the circuit:  1 min 1.33 sec
total_qubits: 14, nq:5

Time elapsed for extracting shots-based hhl counts solution:  0 min 0.00 sec

[HHL info]: linear system residual (e=||Ax-b||_2): 11.089813931636819
[HHL info]: Fidelity(true_sol, hhl_sol): 0.7797377035526271
[HHL info]: L2 error (absolute): 2.0548423923553774
[HHL info]: L2 error (relative): 0.7953465858184935
[HHL info]: L2 error (normalized): 0.4836784509879257

========================================================================================
 Compare system solutions using LU of A, LU sol of A_herm, HHL of Ax=b hermition system
LU sol 	    Herm LU sol    HHL sol    L1_diff(%)
-1.672e-02  -1.672e-02  -0.000e+00  1.000e+02
-7.378e-03  -7.378e-03  -0.000e+00  1.000e+02
-3.941e-02  -3.941e-02  -0.000e+00  1.000e+02
-1.239e-01  -1.239e-01  -0.000e+00  1.000e+02
-6.565e-02  -6.565e-02  -0.000e+00  1.000e+02
-2.694e-01  -2.694e-01  -0.000e+00  1.000e+02
-4.028e-01  -4.028e-01  -0.000e+00  1.000e+02
-4.205e-01  -4.205e-01  -0.000e+00  1.000e+02
-1.039e+00  -1.039e+00  -2.201e-01  7.883e+01
-4.721e-01  -4.721e-01  -0.000e+00  1.000e+02
-5.598e-01  -5.598e-01  -0.000e+00  1.000e+02
-1.367e+00  -1.367e+00  -3.112e-01  7.724e+01
-5.671e-01  -5.671e-01  -0.000e+00  1.000e+02
-5.968e-01  -5.968e-01  -2.201e-01  6.313e+01
-1.441e+00  -1.441e+00  -4.401e-01  6.947e+01
========================================================================================

step: 1/15 res:12.677671934748263, res/res0:1.0244278401104592  dq_norm: [0.         0.22005612 0.58221378]

A info: before HHL prepare:
Spectral radius (A): 2.209e+01, lambda_min:1.279197865889123
condition number(A): 1.727e+01, norm2_cond:132.47572985399452
det(A): 3.153e+14
--------------------------------------------------------------------------------

A_hhl info: after scaling by spectral radius:
Spectral radius (A): 1.000e+00, lambda_min:0.05791641134503066
condition number(A): 1.727e+01, norm2_cond:132.47572985399444
det(A): 2.171e-06, nnz: 11 non zeros per row
--------------------------------------------------------------------------------

Size of A & B are not power of 2:
Next 2 power of 15 = 16
Value to be padded = 1
--------------------------------------------------

==================== Print (N)^2 padded matrix system =======================
Padded shape of A: (15, 15)x(15, 15) -> (16, 16)x(16, 16)
Padded shape of B: (15,) -> (16,)
Determinant of padded matrix: 2.171354956727503e-06
Condition # of padded matrix: 132.47572985399444


Matrix is not Hermitian. Making it Hermitian.......

==================== Print Hermitian matrix system info =======================
Shape of hermitian A: 16x16 -> 32x32
Shape of           B: 16 -> 32
Determinant of Hermitian matrix: 4.714782348105131e-12
Condition # of Hermitian matrix: 132.47572985399506

=================================== Generating HHL circuit ===================================
Time elapsed for generating HHL circuit: 8 min 49.96 sec

Generated circuit: num_qubits=15, gates=20, depth=5
============================== Generated Circuit saved ==============================

============================== Transpiling circuit ==============================
Time elapsed for transpiling the circuit:  1 min 25.42 sec
Transpiled circuit, num_qubits: 15, (original: 15)
Transpiled circuit depth: 1380740 (original: 5)
Transpiled circuit gates: 1380861 (original: 20)
============================== Transpiled Circuit saved ==============================
Time elapsed for running the circuit:  6 min 8.09 sec
total_qubits: 15, nq:5

Time elapsed for extracting shots-based hhl counts solution:  0 min 0.00 sec

[HHL info]: linear system residual (e=||Ax-b||_2): 5.421882646065226
[HHL info]: Fidelity(true_sol, hhl_sol): 0.38457796730908983
[HHL info]: L2 error (absolute): 2.1570101326395985
[HHL info]: L2 error (relative): 0.8990802387190278
[HHL info]: L2 error (normalized): 0.8716151611628221

========================================================================================
 Compare system solutions using LU of A, LU sol of A_herm, HHL of Ax=b hermition system
LU sol 	    Herm LU sol    HHL sol    L1_diff(%)
-7.185e-03  -7.185e-03  -0.000e+00  1.000e+02
-1.804e-03  -1.804e-03  -0.000e+00  1.000e+02
-2.022e-02  -2.022e-02  -0.000e+00  1.000e+02
-9.255e-02  -9.255e-02  -0.000e+00  1.000e+02
-4.938e-02  -4.938e-02  -0.000e+00  1.000e+02
-2.038e-01  -2.038e-01  -0.000e+00  1.000e+02
-3.824e-01  -3.824e-01  -0.000e+00  1.000e+02
-4.135e-01  -4.135e-01  -0.000e+00  1.000e+02
-7.504e-01  -7.504e-01  -2.506e-01  6.660e+01
-5.702e-01  -5.702e-01  -0.000e+00  1.000e+02
-6.203e-01  -6.203e-01  -2.506e-01  5.960e+01
-1.206e+00  -1.206e+00  -2.506e-01  7.923e+01
-8.052e-01  -8.052e-01  -0.000e+00  1.000e+02
-3.908e-01  -3.908e-01  -0.000e+00  1.000e+02
-1.363e+00  -1.363e+00  -0.000e+00  1.000e+02
========================================================================================

step: 2/15 res:10.81722827007837, res/res0:0.8740934336946324  dq_norm: [0.         0.25058981 0.35438751]

A info: before HHL prepare:
Spectral radius (A): 2.147e+01, lambda_min:1.3927636613708019
condition number(A): 1.541e+01, norm2_cond:101.47988655200726
det(A): 2.655e+14
--------------------------------------------------------------------------------

A_hhl info: after scaling by spectral radius:
Spectral radius (A): 1.000e+00, lambda_min:0.06487718587134449
condition number(A): 1.541e+01, norm2_cond:101.47988655200713
det(A): 2.801e-06, nnz: 11 non zeros per row
--------------------------------------------------------------------------------

Size of A & B are not power of 2:
Next 2 power of 15 = 16
Value to be padded = 1
--------------------------------------------------

==================== Print (N)^2 padded matrix system =======================
Padded shape of A: (15, 15)x(15, 15) -> (16, 16)x(16, 16)
Padded shape of B: (15,) -> (16,)
Determinant of padded matrix: 2.800637149647927e-06
Condition # of padded matrix: 101.47988655200713


Matrix is not Hermitian. Making it Hermitian.......

==================== Print Hermitian matrix system info =======================
Shape of hermitian A: 16x16 -> 32x32
Shape of           B: 16 -> 32
Determinant of Hermitian matrix: 7.843568443988121e-12
Condition # of Hermitian matrix: 101.47988655200753

=================================== Generating HHL circuit ===================================
Time elapsed for generating HHL circuit: 4 min 13.14 sec

Generated circuit: num_qubits=14, gates=19, depth=5
============================== Generated Circuit saved ==============================

============================== Transpiling circuit ==============================
Time elapsed for transpiling the circuit:  0 min 44.77 sec
Transpiled circuit, num_qubits: 14, (original: 14)
Transpiled circuit depth: 689027 (original: 5)
Transpiled circuit gates: 689127 (original: 19)
============================== Transpiled Circuit saved ==============================
Time elapsed for running the circuit:  1 min 2.31 sec
total_qubits: 14, nq:5

Time elapsed for extracting shots-based hhl counts solution:  0 min 0.00 sec

[HHL info]: linear system residual (e=||Ax-b||_2): 5.558395716922497
[HHL info]: Fidelity(true_sol, hhl_sol): 0.5855165281794942
[HHL info]: L2 error (absolute): 1.9419871780680795
[HHL info]: L2 error (relative): 0.9813132698033107
[HHL info]: L2 error (normalized): 0.6852875052555698

========================================================================================
 Compare system solutions using LU of A, LU sol of A_herm, HHL of Ax=b hermition system
LU sol 	    Herm LU sol    HHL sol    L1_diff(%)
-4.236e-03  -4.236e-03  -0.000e+00  1.000e+02
 2.051e-03   2.051e-03   0.000e+00  1.000e+02
-1.484e-02  -1.484e-02  -0.000e+00  1.000e+02
-1.047e-01  -1.047e-01  -0.000e+00  1.000e+02
-6.187e-02  -6.187e-02  -0.000e+00  1.000e+02
-2.315e-01  -2.315e-01  -0.000e+00  1.000e+02
-4.382e-01  -4.382e-01  -2.908e-02  9.336e+01
-4.527e-01  -4.527e-01  -0.000e+00  1.000e+02
-5.595e-01  -5.595e-01  -1.300e-02  9.768e+01
-5.670e-01  -5.670e-01  -0.000e+00  1.000e+02
-2.951e-01  -2.951e-01  -0.000e+00  1.000e+02
-9.075e-01  -9.075e-01  -2.252e-02  9.752e+01
-6.813e-01  -6.813e-01  -0.000e+00  1.000e+02
-3.688e-01  -3.688e-01  -0.000e+00  1.000e+02
-1.142e+00  -1.142e+00  -2.908e-02  9.745e+01
========================================================================================

step: 3/15 res:5.391736035102267, res/res0:0.43568287058654065  dq_norm: [0.02907909 0.         0.03901369]

A info: before HHL prepare:
Spectral radius (A): 2.162e+01, lambda_min:1.4269127571240492
condition number(A): 1.515e+01, norm2_cond:99.79636112784412
det(A): 2.946e+14
--------------------------------------------------------------------------------

A_hhl info: after scaling by spectral radius:
Spectral radius (A): 1.000e+00, lambda_min:0.066008434796534
condition number(A): 1.515e+01, norm2_cond:99.79636112784395
det(A): 2.800e-06, nnz: 11 non zeros per row
--------------------------------------------------------------------------------

Size of A & B are not power of 2:
Next 2 power of 15 = 16
Value to be padded = 1
--------------------------------------------------

==================== Print (N)^2 padded matrix system =======================
Padded shape of A: (15, 15)x(15, 15) -> (16, 16)x(16, 16)
Padded shape of B: (15,) -> (16,)
Determinant of padded matrix: 2.800259343692558e-06
Condition # of padded matrix: 99.79636112784395


Matrix is not Hermitian. Making it Hermitian.......

==================== Print Hermitian matrix system info =======================
Shape of hermitian A: 16x16 -> 32x32
Shape of           B: 16 -> 32
Determinant of Hermitian matrix: 7.841452391937421e-12
Condition # of Hermitian matrix: 99.79636112784421

=================================== Generating HHL circuit ===================================
Time elapsed for generating HHL circuit: 4 min 13.88 sec

Generated circuit: num_qubits=14, gates=19, depth=5
============================== Generated Circuit saved ==============================

============================== Transpiling circuit ==============================
Time elapsed for transpiling the circuit:  0 min 44.21 sec
Transpiled circuit, num_qubits: 14, (original: 14)
Transpiled circuit depth: 689027 (original: 5)
Transpiled circuit gates: 689127 (original: 19)
============================== Transpiled Circuit saved ==============================
Time elapsed for running the circuit:  1 min 2.33 sec
total_qubits: 14, nq:5

Time elapsed for extracting shots-based hhl counts solution:  0 min 0.00 sec

[HHL info]: linear system residual (e=||Ax-b||_2): 5.943809648808808
[HHL info]: Fidelity(true_sol, hhl_sol): 0.6768851360168033
[HHL info]: L2 error (absolute): 1.8045068853375197
[HHL info]: L2 error (relative): 0.9431551519378956
[HHL info]: L2 error (normalized): 0.5954321227379781

========================================================================================
 Compare system solutions using LU of A, LU sol of A_herm, HHL of Ax=b hermition system
LU sol 	    Herm LU sol    HHL sol    L1_diff(%)
-4.366e-03  -4.366e-03  -0.000e+00  1.000e+02
 2.130e-03   2.130e-03   0.000e+00  1.000e+02
-1.496e-02  -1.496e-02  -0.000e+00  1.000e+02
-1.013e-01  -1.013e-01  -0.000e+00  1.000e+02
-5.952e-02  -5.952e-02  -0.000e+00  1.000e+02
-2.265e-01  -2.265e-01  -0.000e+00  1.000e+02
-4.006e-01  -4.006e-01  -0.000e+00  1.000e+02
-4.530e-01  -4.530e-01  -0.000e+00  1.000e+02
-5.442e-01  -5.442e-01  -0.000e+00  1.000e+02
-5.626e-01  -5.626e-01  -5.720e-02  8.983e+01
-2.935e-01  -2.935e-01  -0.000e+00  1.000e+02
-8.680e-01  -8.680e-01  -4.045e-02  9.534e+01
-6.746e-01  -6.746e-01  -4.045e-02  9.400e+01
-3.678e-01  -3.678e-01  -0.000e+00  1.000e+02
-1.089e+00  -1.089e+00  -1.070e-01  9.018e+01
========================================================================================

step: 4/15 res:5.563332607941308, res/res0:0.4495488475094832  dq_norm: [0.07005885 0.         0.11440562]

A info: before HHL prepare:
Spectral radius (A): 2.181e+01, lambda_min:1.9205652342193682
condition number(A): 1.135e+01, norm2_cond:86.6141923440884
det(A): 4.554e+14
--------------------------------------------------------------------------------

A_hhl info: after scaling by spectral radius:
Spectral radius (A): 1.000e+00, lambda_min:0.08807439324557738
condition number(A): 1.135e+01, norm2_cond:86.61419234408861
det(A): 3.800e-06, nnz: 12 non zeros per row
--------------------------------------------------------------------------------

Size of A & B are not power of 2:
Next 2 power of 15 = 16
Value to be padded = 1
--------------------------------------------------

==================== Print (N)^2 padded matrix system =======================
Padded shape of A: (15, 15)x(15, 15) -> (16, 16)x(16, 16)
Padded shape of B: (15,) -> (16,)
Determinant of padded matrix: 3.799673802825848e-06
Condition # of padded matrix: 86.61419234408861


Matrix is not Hermitian. Making it Hermitian.......

==================== Print Hermitian matrix system info =======================
Shape of hermitian A: 16x16 -> 32x32
Shape of           B: 16 -> 32
Determinant of Hermitian matrix: 1.4437521007881145e-11
Condition # of Hermitian matrix: 86.61419234408864

=================================== Generating HHL circuit ===================================
Time elapsed for generating HHL circuit: 4 min 12.50 sec

Generated circuit: num_qubits=14, gates=19, depth=5
============================== Generated Circuit saved ==============================

============================== Transpiling circuit ==============================
Time elapsed for transpiling the circuit:  0 min 44.23 sec
Transpiled circuit, num_qubits: 14, (original: 14)
Transpiled circuit depth: 689027 (original: 5)
Transpiled circuit gates: 689127 (original: 19)
============================== Transpiled Circuit saved ==============================
Time elapsed for running the circuit:  1 min 1.89 sec
total_qubits: 14, nq:5

Time elapsed for extracting shots-based hhl counts solution:  0 min 0.00 sec

[HHL info]: linear system residual (e=||Ax-b||_2): 7.9184854512212155
[HHL info]: Fidelity(true_sol, hhl_sol): 0.7101926092487768
[HHL info]: L2 error (absolute): 1.480668110763566
[HHL info]: L2 error (relative): 0.8870440954977216
[HHL info]: L2 error (normalized): 0.560839973380693

========================================================================================
 Compare system solutions using LU of A, LU sol of A_herm, HHL of Ax=b hermition system
LU sol 	    Herm LU sol    HHL sol    L1_diff(%)
-8.177e-03  -8.177e-03  -0.000e+00  1.000e+02
-6.021e-04  -6.021e-04  -0.000e+00  1.000e+02
-2.343e-02  -2.343e-02  -0.000e+00  1.000e+02
-1.061e-01  -1.061e-01  -0.000e+00  1.000e+02
-6.104e-02  -6.104e-02  -0.000e+00  1.000e+02
-2.331e-01  -2.331e-01  -6.636e-02  7.153e+01
-3.837e-01  -3.837e-01  -9.385e-02  7.554e+01
-4.413e-01  -4.413e-01  -0.000e+00  1.000e+02
-5.207e-01  -5.207e-01  -0.000e+00  1.000e+02
-4.555e-01  -4.555e-01  -6.636e-02  8.543e+01
-2.977e-01  -2.977e-01  -0.000e+00  1.000e+02
-7.558e-01  -7.558e-01  -1.149e-01  8.479e+01
-5.802e-01  -5.802e-01  -9.385e-02  8.383e+01
-3.704e-01  -3.704e-01  -0.000e+00  1.000e+02
-8.729e-01  -8.729e-01  -1.149e-01  8.683e+01
========================================================================================

step: 5/15 res:5.951206629848284, res/res0:0.48089126972566515  dq_norm: [0.14838839 0.         0.17557551]

A info: before HHL prepare:
Spectral radius (A): 2.262e+01, lambda_min:2.8939163248417015
condition number(A): 7.817e+00, norm2_cond:72.9882694233799
det(A): 1.363e+15
--------------------------------------------------------------------------------

A_hhl info: after scaling by spectral radius:
Spectral radius (A): 1.000e+00, lambda_min:0.12792680882405655
condition number(A): 7.817e+00, norm2_cond:72.98826942337992
det(A): 6.555e-06, nnz: 13 non zeros per row
--------------------------------------------------------------------------------

Size of A & B are not power of 2:
Next 2 power of 15 = 16
Value to be padded = 1
--------------------------------------------------

==================== Print (N)^2 padded matrix system =======================
Padded shape of A: (15, 15)x(15, 15) -> (16, 16)x(16, 16)
Padded shape of B: (15,) -> (16,)
Determinant of padded matrix: 6.554689940189467e-06
Condition # of padded matrix: 72.98826942337992


Matrix is not Hermitian. Making it Hermitian.......

==================== Print Hermitian matrix system info =======================
Shape of hermitian A: 16x16 -> 32x32
Shape of           B: 16 -> 32
Determinant of Hermitian matrix: 4.2963960212020696e-11
Condition # of Hermitian matrix: 72.98826942338

=================================== Generating HHL circuit ===================================
Time elapsed for generating HHL circuit: 4 min 12.29 sec

Generated circuit: num_qubits=14, gates=19, depth=5
============================== Generated Circuit saved ==============================

============================== Transpiling circuit ==============================
Time elapsed for transpiling the circuit:  0 min 44.92 sec
Transpiled circuit, num_qubits: 14, (original: 14)
Transpiled circuit depth: 689027 (original: 5)
Transpiled circuit gates: 689127 (original: 19)
============================== Transpiled Circuit saved ==============================
Time elapsed for running the circuit:  1 min 2.06 sec
total_qubits: 14, nq:5

Time elapsed for extracting shots-based hhl counts solution:  0 min 0.00 sec

[HHL info]: linear system residual (e=||Ax-b||_2): 11.610585063091662
[HHL info]: Fidelity(true_sol, hhl_sol): 0.2608182966373974
[HHL info]: L2 error (absolute): 1.214315559801414
[HHL info]: L2 error (relative): 0.8950109327829404
[HHL info]: L2 error (normalized): 0.9892383667564422

========================================================================================
 Compare system solutions using LU of A, LU sol of A_herm, HHL of Ax=b hermition system
LU sol 	    Herm LU sol    HHL sol    L1_diff(%)
-1.185e-02  -1.185e-02  -0.000e+00  1.000e+02
-3.001e-03  -3.001e-03  -0.000e+00  1.000e+02
-2.898e-02  -2.898e-02  -0.000e+00  1.000e+02
-1.084e-01  -1.084e-01  -0.000e+00  1.000e+02
-6.169e-02  -6.169e-02  -0.000e+00  1.000e+02
-1.697e-01  -1.697e-01  -0.000e+00  1.000e+02
-2.658e-01  -2.658e-01  -0.000e+00  1.000e+02
-4.316e-01  -4.316e-01  -0.000e+00  1.000e+02
-5.126e-01  -5.126e-01  -0.000e+00  1.000e+02
-3.419e-01  -3.419e-01  -2.052e-01  3.997e+01
-2.972e-01  -2.972e-01  -2.052e-01  3.094e+01
-5.611e-01  -5.611e-01  -2.052e-01  6.343e+01
-4.187e-01  -4.187e-01  -0.000e+00  1.000e+02
-3.712e-01  -3.712e-01  -0.000e+00  1.000e+02
-6.653e-01  -6.653e-01  -0.000e+00  1.000e+02
========================================================================================

step: 6/15 res:8.119995246645509, res/res0:0.6561416981794953  dq_norm: [0.20521675 0.20521675 0.20521675]

A info: before HHL prepare:
Spectral radius (A): 2.299e+01, lambda_min:2.9331917445093
condition number(A): 7.838e+00, norm2_cond:80.34405691478568
det(A): 1.758e+15
--------------------------------------------------------------------------------

A_hhl info: after scaling by spectral radius:
Spectral radius (A): 1.000e+00, lambda_min:0.12757622980372052
condition number(A): 7.838e+00, norm2_cond:80.3440569147857
det(A): 6.629e-06, nnz: 13 non zeros per row
--------------------------------------------------------------------------------

Size of A & B are not power of 2:
Next 2 power of 15 = 16
Value to be padded = 1
--------------------------------------------------

==================== Print (N)^2 padded matrix system =======================
Padded shape of A: (15, 15)x(15, 15) -> (16, 16)x(16, 16)
Padded shape of B: (15,) -> (16,)
Determinant of padded matrix: 6.628596895969396e-06
Condition # of padded matrix: 80.3440569147857


Matrix is not Hermitian. Making it Hermitian.......

==================== Print Hermitian matrix system info =======================
Shape of hermitian A: 16x16 -> 32x32
Shape of           B: 16 -> 32
Determinant of Hermitian matrix: 4.393829680925511e-11
Condition # of Hermitian matrix: 80.34405691478612

=================================== Generating HHL circuit ===================================
Time elapsed for generating HHL circuit: 4 min 12.06 sec

Generated circuit: num_qubits=14, gates=19, depth=5
============================== Generated Circuit saved ==============================

============================== Transpiling circuit ==============================
Time elapsed for transpiling the circuit:  0 min 44.47 sec
Transpiled circuit, num_qubits: 14, (original: 14)
Transpiled circuit depth: 689027 (original: 5)
Transpiled circuit gates: 689127 (original: 19)
============================== Transpiled Circuit saved ==============================
Time elapsed for running the circuit:  1 min 2.40 sec
total_qubits: 14, nq:5

Time elapsed for extracting shots-based hhl counts solution:  0 min 0.00 sec

[HHL info]: linear system residual (e=||Ax-b||_2): 6.854003333543407
[HHL info]: Fidelity(true_sol, hhl_sol): 0.21585688156364952
[HHL info]: L2 error (absolute): 1.080648215101512
[HHL info]: L2 error (relative): 0.8939307121887642
[HHL info]: L2 error (normalized): 1.034790795176153

========================================================================================
 Compare system solutions using LU of A, LU sol of A_herm, HHL of Ax=b hermition system
LU sol 	    Herm LU sol    HHL sol    L1_diff(%)
-1.251e-02  -1.251e-02  -0.000e+00  1.000e+02
-3.792e-03  -3.792e-03  -0.000e+00  1.000e+02
-3.035e-02  -3.035e-02  -0.000e+00  1.000e+02
-1.092e-01  -1.092e-01  -0.000e+00  1.000e+02
-6.218e-02  -6.218e-02  -0.000e+00  1.000e+02
-1.693e-01  -1.693e-01  -0.000e+00  1.000e+02
-2.597e-01  -2.597e-01  -0.000e+00  1.000e+02
-4.241e-01  -4.241e-01  -3.378e-01  2.035e+01
-5.040e-01  -5.040e-01  -0.000e+00  1.000e+02
-1.196e-01  -1.196e-01  -0.000e+00  1.000e+02
-8.980e-02  -8.980e-02  -0.000e+00  1.000e+02
-3.677e-01  -3.677e-01  -0.000e+00  1.000e+02
-4.208e-01  -4.208e-01  -0.000e+00  1.000e+02
-3.730e-01  -3.730e-01  -2.389e-01  3.596e+01
-6.638e-01  -6.638e-01  -0.000e+00  1.000e+02
========================================================================================

step: 7/15 res:11.913795334079428, res/res0:0.9627022756565282  dq_norm: [1.57009246e-16 4.13744022e-01 0.00000000e+00]

A info: before HHL prepare:
Spectral radius (A): 2.183e+01, lambda_min:0.6329343565240486
condition number(A): 3.449e+01, norm2_cond:262.9904643758873
det(A): 1.167e+14
--------------------------------------------------------------------------------

A_hhl info: after scaling by spectral radius:
Spectral radius (A): 1.000e+00, lambda_min:0.02899729798209878
condition number(A): 3.449e+01, norm2_cond:262.9904643758888
det(A): 9.598e-07, nnz: 11 non zeros per row
--------------------------------------------------------------------------------

Size of A & B are not power of 2:
Next 2 power of 15 = 16
Value to be padded = 1
--------------------------------------------------

==================== Print (N)^2 padded matrix system =======================
Padded shape of A: (15, 15)x(15, 15) -> (16, 16)x(16, 16)
Padded shape of B: (15,) -> (16,)
Determinant of padded matrix: 9.598325199705617e-07
Condition # of padded matrix: 262.9904643758888


Matrix is not Hermitian. Making it Hermitian.......

==================== Print Hermitian matrix system info =======================
Shape of hermitian A: 16x16 -> 32x32
Shape of           B: 16 -> 32
Determinant of Hermitian matrix: 9.21278466393042e-13
Condition # of Hermitian matrix: 262.99046437588885

=================================== Generating HHL circuit ===================================
Time elapsed for generating HHL circuit: 17 min 34.58 sec

Generated circuit: num_qubits=16, gates=21, depth=5
============================== Generated Circuit saved ==============================

============================== Transpiling circuit ==============================
Time elapsed for transpiling the circuit:  2 min 46.38 sec
Transpiled circuit, num_qubits: 16, (original: 16)
Transpiled circuit depth: 2764165 (original: 5)
Transpiled circuit gates: 2764309 (original: 21)
============================== Transpiled Circuit saved ==============================
Time elapsed for running the circuit:  12 min 55.97 sec
total_qubits: 16, nq:5

Time elapsed for extracting shots-based hhl counts solution:  0 min 0.00 sec

[HHL info]: linear system residual (e=||Ax-b||_2): 4.513988671557937
[HHL info]: Fidelity(true_sol, hhl_sol): 0.14750135955960925
[HHL info]: L2 error (absolute): 2.7352302205504007
[HHL info]: L2 error (relative): 0.9607149572117452
[HHL info]: L2 error (normalized): 1.1099017457548184

========================================================================================
 Compare system solutions using LU of A, LU sol of A_herm, HHL of Ax=b hermition system
LU sol 	    Herm LU sol    HHL sol    L1_diff(%)
 9.729e-04   9.729e-04   0.000e+00  1.000e+02
 1.047e-03   1.047e-03   0.000e+00  1.000e+02
-1.969e-03  -1.969e-03  -0.000e+00  1.000e+02
-7.129e-02  -7.129e-02  -0.000e+00  1.000e+02
-3.492e-02  -3.492e-02  -0.000e+00  1.000e+02
-9.289e-02  -9.289e-02  -0.000e+00  1.000e+02
-2.548e-01  -2.548e-01  -0.000e+00  1.000e+02
-4.510e-02  -4.510e-02  -0.000e+00  1.000e+02
-4.864e-01  -4.864e-01  -2.387e-01  5.091e+01
-4.278e-01  -4.278e-01  -0.000e+00  1.000e+02
-2.608e-01  -2.608e-01  -0.000e+00  1.000e+02
-1.060e+00  -1.060e+00  -2.387e-01  7.748e+01
-1.197e+00  -1.197e+00  -0.000e+00  1.000e+02
-1.812e-01  -1.812e-01  -0.000e+00  1.000e+02
-2.224e+00  -2.224e+00  -0.000e+00  1.000e+02
========================================================================================

step: 8/15 res:6.472200303270853, res/res0:0.522990515259273  dq_norm: [0.         0.         0.33763084]

A info: before HHL prepare:
Spectral radius (A): 2.143e+01, lambda_min:0.5461849743072433
condition number(A): 3.923e+01, norm2_cond:289.89883000761483
det(A): 9.295e+13
--------------------------------------------------------------------------------

A_hhl info: after scaling by spectral radius:
Spectral radius (A): 1.000e+00, lambda_min:0.02548797712418047
condition number(A): 3.923e+01, norm2_cond:289.89883000761625
det(A): 1.007e-06, nnz: 11 non zeros per row
--------------------------------------------------------------------------------

Size of A & B are not power of 2:
Next 2 power of 15 = 16
Value to be padded = 1
--------------------------------------------------

==================== Print (N)^2 padded matrix system =======================
Padded shape of A: (15, 15)x(15, 15) -> (16, 16)x(16, 16)
Padded shape of B: (15,) -> (16,)
Determinant of padded matrix: 1.0074041474208388e-06
Condition # of padded matrix: 289.89883000761625


Matrix is not Hermitian. Making it Hermitian.......

==================== Print Hermitian matrix system info =======================
Shape of hermitian A: 16x16 -> 32x32
Shape of           B: 16 -> 32
Determinant of Hermitian matrix: 1.014863116240707e-12
Condition # of Hermitian matrix: 289.89883000761785

=================================== Generating HHL circuit ===================================
Time elapsed for generating HHL circuit: 14 min 53.22 sec

Generated circuit: num_qubits=16, gates=21, depth=5
============================== Generated Circuit saved ==============================

============================== Transpiling circuit ==============================
Time elapsed for transpiling the circuit:  2 min 21.80 sec
Transpiled circuit, num_qubits: 16, (original: 16)
Transpiled circuit depth: 2764165 (original: 5)
Transpiled circuit gates: 2764309 (original: 21)
============================== Transpiled Circuit saved ==============================
Time elapsed for running the circuit:  11 min 27.02 sec
total_qubits: 16, nq:5

Time elapsed for extracting shots-based hhl counts solution:  0 min 0.00 sec

[HHL info]: linear system residual (e=||Ax-b||_2): 2.994329093912071
[HHL info]: Fidelity(true_sol, hhl_sol): 0.8921817998815605
[HHL info]: L2 error (absolute): 2.693512580364248
[HHL info]: L2 error (relative): 0.830466029379429
[HHL info]: L2 error (normalized): 0.3330052341632997

========================================================================================
 Compare system solutions using LU of A, LU sol of A_herm, HHL of Ax=b hermition system
LU sol 	    Herm LU sol    HHL sol    L1_diff(%)
 9.984e-03   9.984e-03   0.000e+00  1.000e+02
 6.865e-03   6.865e-03   0.000e+00  1.000e+02
 1.691e-02   1.691e-02   0.000e+00  1.000e+02
-3.731e-02  -3.731e-02  -0.000e+00  1.000e+02
-1.850e-02  -1.850e-02  -0.000e+00  1.000e+02
-2.355e-02  -2.355e-02  -0.000e+00  1.000e+02
-2.202e-01  -2.202e-01  -0.000e+00  1.000e+02
-3.477e-02  -3.477e-02  -0.000e+00  1.000e+02
-1.420e-01  -1.420e-01  -0.000e+00  1.000e+02
-4.972e-01  -4.972e-01  -0.000e+00  1.000e+02
-3.167e-01  -3.167e-01  -0.000e+00  1.000e+02
-8.125e-01  -8.125e-01  -0.000e+00  1.000e+02
-1.422e+00  -1.422e+00  -2.948e-01  7.927e+01
-1.943e-01  -1.943e-01  -0.000e+00  1.000e+02
-2.717e+00  -2.717e+00  -5.105e-01  8.121e+01
========================================================================================

step: 9/15 res:4.500733006788423, res/res0:0.36368476931641547  dq_norm: [0.29475651 0.         0.51053325]

A info: before HHL prepare:
Spectral radius (A): 2.208e+01, lambda_min:3.31667165428868
condition number(A): 6.656e+00, norm2_cond:62.8268043062134
det(A): 2.721e+15
--------------------------------------------------------------------------------

A_hhl info: after scaling by spectral radius:
Spectral radius (A): 1.000e+00, lambda_min:0.15024549347014834
condition number(A): 6.656e+00, norm2_cond:62.82680430621349
det(A): 1.889e-05, nnz: 13 non zeros per row
--------------------------------------------------------------------------------

Size of A & B are not power of 2:
Next 2 power of 15 = 16
Value to be padded = 1
--------------------------------------------------

==================== Print (N)^2 padded matrix system =======================
Padded shape of A: (15, 15)x(15, 15) -> (16, 16)x(16, 16)
Padded shape of B: (15,) -> (16,)
Determinant of padded matrix: 1.8888083250422695e-05
Condition # of padded matrix: 62.82680430621349


Matrix is not Hermitian. Making it Hermitian.......

==================== Print Hermitian matrix system info =======================
Shape of hermitian A: 16x16 -> 32x32
Shape of           B: 16 -> 32
Determinant of Hermitian matrix: 3.5675968887489967e-10
Condition # of Hermitian matrix: 62.826804306213624

=================================== Generating HHL circuit ===================================
Time elapsed for generating HHL circuit: 1 min 43.42 sec

Generated circuit: num_qubits=13, gates=18, depth=5
============================== Generated Circuit saved ==============================

============================== Transpiling circuit ==============================
Time elapsed for transpiling the circuit:  0 min 18.78 sec
Transpiled circuit, num_qubits: 13, (original: 13)
Transpiled circuit depth: 342662 (original: 5)
Transpiled circuit gates: 342743 (original: 18)
============================== Transpiled Circuit saved ==============================
Time elapsed for running the circuit:  0 min 23.00 sec
total_qubits: 13, nq:5

Time elapsed for extracting shots-based hhl counts solution:  0 min 0.00 sec

[HHL info]: linear system residual (e=||Ax-b||_2): 1.6729375361381607
[HHL info]: Fidelity(true_sol, hhl_sol): 0.7603368272430738
[HHL info]: L2 error (absolute): 0.43269762881353513
[HHL info]: L2 error (relative): 0.7047358198196776
[HHL info]: L2 error (normalized): 0.5060178831201085

========================================================================================
 Compare system solutions using LU of A, LU sol of A_herm, HHL of Ax=b hermition system
LU sol 	    Herm LU sol    HHL sol    L1_diff(%)
-2.333e-02  -2.333e-02  -0.000e+00  1.000e+02
-1.176e-02  -1.176e-02  -0.000e+00  1.000e+02
-5.555e-02  -5.555e-02  -0.000e+00  1.000e+02
-1.516e-01  -1.516e-01  -7.087e-02  5.325e+01
-7.754e-02  -7.754e-02  -0.000e+00  1.000e+02
-2.484e-01  -2.484e-01  -7.087e-02  7.146e+01
-3.101e-01  -3.101e-01  -1.417e-01  5.429e+01
-7.909e-02  -7.909e-02  -0.000e+00  1.000e+02
-3.114e-01  -3.114e-01  -1.228e-01  6.058e+01
-1.245e-01  -1.245e-01  -0.000e+00  1.000e+02
-1.022e-01  -1.022e-01  -0.000e+00  1.000e+02
-1.088e-01  -1.088e-01  -0.000e+00  1.000e+02
-9.087e-02  -9.087e-02  -0.000e+00  1.000e+02
-1.389e-01  -1.389e-01  -0.000e+00  1.000e+02
-1.335e-01  -1.335e-01  -7.087e-02  4.691e+01
========================================================================================

step: 10/15 res:3.116021820370574, res/res0:0.2517922470000147  dq_norm: [0.15847975 0.         0.15847975]

A info: before HHL prepare:
Spectral radius (A): 2.305e+01, lambda_min:3.971295664985402
condition number(A): 5.803e+00, norm2_cond:58.41357389352014
det(A): 5.602e+15
--------------------------------------------------------------------------------

A_hhl info: after scaling by spectral radius:
Spectral radius (A): 1.000e+00, lambda_min:0.1723221012174253
condition number(A): 5.803e+00, norm2_cond:58.41357389352033
det(A): 2.039e-05, nnz: 11 non zeros per row
--------------------------------------------------------------------------------

Size of A & B are not power of 2:
Next 2 power of 15 = 16
Value to be padded = 1
--------------------------------------------------

==================== Print (N)^2 padded matrix system =======================
Padded shape of A: (15, 15)x(15, 15) -> (16, 16)x(16, 16)
Padded shape of B: (15,) -> (16,)
Determinant of padded matrix: 2.0392317485901163e-05
Condition # of padded matrix: 58.41357389352033


Matrix is not Hermitian. Making it Hermitian.......

==================== Print Hermitian matrix system info =======================
Shape of hermitian A: 16x16 -> 32x32
Shape of           B: 16 -> 32
Determinant of Hermitian matrix: 4.158466124457903e-10
Condition # of Hermitian matrix: 58.413573893520365

=================================== Generating HHL circuit ===================================
Time elapsed for generating HHL circuit: 1 min 41.51 sec

Generated circuit: num_qubits=13, gates=18, depth=5
============================== Generated Circuit saved ==============================

============================== Transpiling circuit ==============================
Time elapsed for transpiling the circuit:  0 min 18.80 sec
Transpiled circuit, num_qubits: 13, (original: 13)
Transpiled circuit depth: 343170 (original: 5)
Transpiled circuit gates: 343251 (original: 18)
============================== Transpiled Circuit saved ==============================
Time elapsed for running the circuit:  0 min 22.85 sec
total_qubits: 13, nq:5

Time elapsed for extracting shots-based hhl counts solution:  0 min 0.00 sec

[HHL info]: linear system residual (e=||Ax-b||_2): 1.6696567368501298
[HHL info]: Fidelity(true_sol, hhl_sol): 0.7935207627292027
[HHL info]: L2 error (absolute): 0.3433851129200998
[HHL info]: L2 error (relative): 0.9671869980784977
[HHL info]: L2 error (normalized): 0.4673375146261188

========================================================================================
 Compare system solutions using LU of A, LU sol of A_herm, HHL of Ax=b hermition system
LU sol 	    Herm LU sol    HHL sol    L1_diff(%)
-1.253e-02  -1.253e-02  -0.000e+00  1.000e+02
-4.206e-03  -4.206e-03  -0.000e+00  1.000e+02
-2.856e-02  -2.856e-02  -0.000e+00  1.000e+02
-4.667e-02  -4.667e-02  -2.937e-03  9.371e+01
-7.361e-02  -7.361e-02  -0.000e+00  1.000e+02
-1.206e-01  -1.206e-01  -6.568e-03  9.456e+01
-1.230e-01  -1.230e-01  -2.937e-03  9.761e+01
-8.285e-02  -8.285e-02  -4.154e-03  9.499e+01
-1.440e-01  -1.440e-01  -4.154e-03  9.711e+01
-1.115e-01  -1.115e-01  -2.937e-03  9.737e+01
-9.881e-02  -9.881e-02  -0.000e+00  1.000e+02
-8.985e-02  -8.985e-02  -2.937e-03  9.673e+01
-8.775e-02  -8.775e-02  -2.937e-03  9.665e+01
-1.370e-01  -1.370e-01  -6.568e-03  9.521e+01
-5.874e-02  -5.874e-02  -2.937e-03  9.500e+01
========================================================================================

step: 11/15 res:1.6779756608960583, res/res0:0.1355899561762719  dq_norm: [0.00587466 0.00777144 0.00881199]

A info: before HHL prepare:
Spectral radius (A): 2.306e+01, lambda_min:3.975114354601117
condition number(A): 5.801e+00, norm2_cond:58.723381611644086
det(A): 5.654e+15
--------------------------------------------------------------------------------

A_hhl info: after scaling by spectral radius:
Spectral radius (A): 1.000e+00, lambda_min:0.1723836368897112
condition number(A): 5.801e+00, norm2_cond:58.72338161164407
det(A): 2.040e-05, nnz: 12 non zeros per row
--------------------------------------------------------------------------------

Size of A & B are not power of 2:
Next 2 power of 15 = 16
Value to be padded = 1
--------------------------------------------------

==================== Print (N)^2 padded matrix system =======================
Padded shape of A: (15, 15)x(15, 15) -> (16, 16)x(16, 16)
Padded shape of B: (15,) -> (16,)
Determinant of padded matrix: 2.0395398382176715e-05
Condition # of padded matrix: 58.72338161164407


Matrix is not Hermitian. Making it Hermitian.......

==================== Print Hermitian matrix system info =======================
Shape of hermitian A: 16x16 -> 32x32
Shape of           B: 16 -> 32
Determinant of Hermitian matrix: 4.159722751676966e-10
Condition # of Hermitian matrix: 58.72338161164411

=================================== Generating HHL circuit ===================================
Time elapsed for generating HHL circuit: 1 min 41.38 sec

Generated circuit: num_qubits=13, gates=18, depth=5
============================== Generated Circuit saved ==============================

============================== Transpiling circuit ==============================
Time elapsed for transpiling the circuit:  0 min 18.58 sec
Transpiled circuit, num_qubits: 13, (original: 13)
Transpiled circuit depth: 343170 (original: 5)
Transpiled circuit gates: 343251 (original: 18)
============================== Transpiled Circuit saved ==============================
Time elapsed for running the circuit:  0 min 23.00 sec
total_qubits: 13, nq:5

Time elapsed for extracting shots-based hhl counts solution:  0 min 0.00 sec

[HHL info]: linear system residual (e=||Ax-b||_2): 1.3179225650208655
[HHL info]: Fidelity(true_sol, hhl_sol): 0.7492676494835901
[HHL info]: L2 error (absolute): 0.27236045733564573
[HHL info]: L2 error (relative): 0.7932482998361624
[HHL info]: L2 error (normalized): 0.5184544767902628

========================================================================================
 Compare system solutions using LU of A, LU sol of A_herm, HHL of Ax=b hermition system
LU sol 	    Herm LU sol    HHL sol    L1_diff(%)
-1.251e-02  -1.251e-02  -0.000e+00  1.000e+02
-4.187e-03  -4.187e-03  -0.000e+00  1.000e+02
-2.851e-02  -2.851e-02  -0.000e+00  1.000e+02
-4.370e-02  -4.370e-02  -0.000e+00  1.000e+02
-7.365e-02  -7.365e-02  -0.000e+00  1.000e+02
-1.140e-01  -1.140e-01  -3.844e-02  6.629e+01
-1.199e-01  -1.199e-01  -3.844e-02  6.792e+01
-7.856e-02  -7.856e-02  -0.000e+00  1.000e+02
-1.400e-01  -1.400e-01  -4.439e-02  6.828e+01
-1.084e-01  -1.084e-01  -2.220e-02  7.952e+01
-9.894e-02  -9.894e-02  -3.139e-02  6.827e+01
-8.719e-02  -8.719e-02  -2.220e-02  7.454e+01
-8.475e-02  -8.475e-02  -0.000e+00  1.000e+02
-1.305e-01  -1.305e-01  -2.220e-02  8.299e+01
-5.550e-02  -5.550e-02  -0.000e+00  1.000e+02
========================================================================================

step: 12/15 res:1.6696264490123776, res/res0:0.13491529247297948  dq_norm: [0.04439175 0.03844438 0.06277941]

A info: before HHL prepare:
Spectral radius (A): 2.329e+01, lambda_min:3.9542232431477484
condition number(A): 5.890e+00, norm2_cond:60.25212646432763
det(A): 5.898e+15
--------------------------------------------------------------------------------

A_hhl info: after scaling by spectral radius:
Spectral radius (A): 1.000e+00, lambda_min:0.16978147421002887
condition number(A): 5.890e+00, norm2_cond:60.25212646432768
det(A): 1.833e-05, nnz: 13 non zeros per row
--------------------------------------------------------------------------------

Size of A & B are not power of 2:
Next 2 power of 15 = 16
Value to be padded = 1
--------------------------------------------------

==================== Print (N)^2 padded matrix system =======================
Padded shape of A: (15, 15)x(15, 15) -> (16, 16)x(16, 16)
Padded shape of B: (15,) -> (16,)
Determinant of padded matrix: 1.8330537494031236e-05
Condition # of padded matrix: 60.25212646432768


Matrix is not Hermitian. Making it Hermitian.......

==================== Print Hermitian matrix system info =======================
Shape of hermitian A: 16x16 -> 32x32
Shape of           B: 16 -> 32
Determinant of Hermitian matrix: 3.360086048200849e-10
Condition # of Hermitian matrix: 60.25212646432768

=================================== Generating HHL circuit ===================================
Time elapsed for generating HHL circuit: 1 min 41.58 sec

Generated circuit: num_qubits=13, gates=18, depth=5
============================== Generated Circuit saved ==============================

============================== Transpiling circuit ==============================
Time elapsed for transpiling the circuit:  0 min 18.50 sec
Transpiled circuit, num_qubits: 13, (original: 13)
Transpiled circuit depth: 343170 (original: 5)
Transpiled circuit gates: 343251 (original: 18)
============================== Transpiled Circuit saved ==============================
Time elapsed for running the circuit:  0 min 22.77 sec
total_qubits: 13, nq:5

Time elapsed for extracting shots-based hhl counts solution:  0 min 0.00 sec

[HHL info]: linear system residual (e=||Ax-b||_2): 1.1041832380804146
[HHL info]: Fidelity(true_sol, hhl_sol): 0.6815560092686204
[HHL info]: L2 error (absolute): 0.22489628199667838
[HHL info]: L2 error (relative): 0.8487246339016671
[HHL info]: L2 error (normalized): 0.5906537814686597

========================================================================================
 Compare system solutions using LU of A, LU sol of A_herm, HHL of Ax=b hermition system
LU sol 	    Herm LU sol    HHL sol    L1_diff(%)
-1.224e-02  -1.224e-02  -1.231e-02  6.158e-01
-4.190e-03  -4.190e-03  -0.000e+00  1.000e+02
-2.814e-02  -2.814e-02  -1.231e-02  5.625e+01
-4.055e-02  -4.055e-02  -1.231e-02  6.963e+01
-7.143e-02  -7.143e-02  -0.000e+00  1.000e+02
-6.852e-02  -6.852e-02  -1.231e-02  8.203e+01
-7.651e-02  -7.651e-02  -1.742e-02  7.724e+01
-7.967e-02  -7.967e-02  -1.231e-02  8.454e+01
-9.347e-02  -9.347e-02  -1.231e-02  8.682e+01
-8.453e-02  -8.453e-02  -2.133e-02  7.477e+01
-6.611e-02  -6.611e-02  -0.000e+00  1.000e+02
-6.390e-02  -6.390e-02  -0.000e+00  1.000e+02
-8.423e-02  -8.423e-02  -1.231e-02  8.538e+01
-1.076e-01  -1.076e-01  -2.754e-02  7.440e+01
-5.111e-02  -5.111e-02  -0.000e+00  1.000e+02
========================================================================================

step: 13/15 res:1.318132808283646, res/res0:0.10651261152038659  dq_norm: [0.03483124 0.03016474 0.02132969]

A info: before HHL prepare:
Spectral radius (A): 2.350e+01, lambda_min:3.9652954609564075
condition number(A): 5.926e+00, norm2_cond:63.339761357834874
det(A): 6.584e+15
--------------------------------------------------------------------------------

A_hhl info: after scaling by spectral radius:
Spectral radius (A): 1.000e+00, lambda_min:0.16874019181700428
condition number(A): 5.926e+00, norm2_cond:63.33976135783488
det(A): 1.789e-05, nnz: 11 non zeros per row
--------------------------------------------------------------------------------

Size of A & B are not power of 2:
Next 2 power of 15 = 16
Value to be padded = 1
--------------------------------------------------

==================== Print (N)^2 padded matrix system =======================
Padded shape of A: (15, 15)x(15, 15) -> (16, 16)x(16, 16)
Padded shape of B: (15,) -> (16,)
Determinant of padded matrix: 1.7891150401916333e-05
Condition # of padded matrix: 63.33976135783488


Matrix is not Hermitian. Making it Hermitian.......

==================== Print Hermitian matrix system info =======================
Shape of hermitian A: 16x16 -> 32x32
Shape of           B: 16 -> 32
Determinant of Hermitian matrix: 3.2009326270399203e-10
Condition # of Hermitian matrix: 63.33976135783479

=================================== Generating HHL circuit ===================================
Time elapsed for generating HHL circuit: 3 min 28.21 sec

Generated circuit: num_qubits=14, gates=19, depth=5
============================== Generated Circuit saved ==============================

============================== Transpiling circuit ==============================
Time elapsed for transpiling the circuit:  0 min 37.12 sec
Transpiled circuit, num_qubits: 14, (original: 14)
Transpiled circuit depth: 688517 (original: 5)
Transpiled circuit gates: 688617 (original: 19)
============================== Transpiled Circuit saved ==============================
Time elapsed for running the circuit:  0 min 55.12 sec
total_qubits: 14, nq:5

Time elapsed for extracting shots-based hhl counts solution:  0 min 0.00 sec

[HHL info]: linear system residual (e=||Ax-b||_2): 0.9955201717241089
[HHL info]: Fidelity(true_sol, hhl_sol): 0.75688515930049
[HHL info]: L2 error (absolute): 0.1951426049274905
[HHL info]: L2 error (relative): 0.8664859270836504
[HHL info]: L2 error (normalized): 0.5099186781820284

========================================================================================
 Compare system solutions using LU of A, LU sol of A_herm, HHL of Ax=b hermition system
LU sol 	    Herm LU sol    HHL sol    L1_diff(%)
-1.528e-04  -1.528e-04  -0.000e+00  1.000e+02
-4.280e-03  -4.280e-03  -0.000e+00  1.000e+02
-1.643e-02  -1.643e-02  -0.000e+00  1.000e+02
-2.800e-02  -2.800e-02  -7.930e-03  7.168e+01
-7.093e-02  -7.093e-02  -1.374e-02  8.064e+01
-5.616e-02  -5.616e-02  -1.374e-02  7.554e+01
-5.759e-02  -5.759e-02  -7.930e-03  8.623e+01
-6.664e-02  -6.664e-02  -1.374e-02  7.939e+01
-8.084e-02  -8.084e-02  -7.930e-03  9.019e+01
-6.202e-02  -6.202e-02  -7.930e-03  8.721e+01
-6.692e-02  -6.692e-02  -1.374e-02  7.947e+01
-6.632e-02  -6.632e-02  -1.121e-02  8.309e+01
-7.250e-02  -7.250e-02  -1.121e-02  8.453e+01
-8.022e-02  -8.022e-02  -0.000e+00  1.000e+02
-5.249e-02  -5.249e-02  -0.000e+00  1.000e+02
========================================================================================

step: 14/15 res:1.1047687770234111, res/res0:0.08927158692011378  dq_norm: [0.01773233 0.02379042 0.01942479]
Completed: 14 steps in 9266.54s
Saved metadata to /lustre/orion/ard189/proj-shared/nozzle_1d_results/nelem5/statevector/shots_500/trial_2/metadata_nelem5_HHL_statevector_nshots500.pkl

Solution summary:
  x/L: [0.1000, 0.9000]
  Mach: [1.5206, 2.1876]
  p/p_in: [0.9852, 0.3722]
  rho/rho_in: [0.9877, 0.5445]
Saved combined plot to /lustre/orion/ard189/proj-shared/nozzle_1d_results/nelem5/statevector/shots_500/trial_2/solution_plot_nelem5_HHL_statevector_nshots500.png
