
------------------------------------------------------------
Using ideal local simulator with 'statevector' method
Backend: aer_simulator_statevector

A info: before HHL prepare:
Spectral radius (A): 4.814e+01, lambda_min:3.3136108943482814
condition number(A): 1.453e+01, norm2_cond:197.88017001682982
det(A): 1.276e+38
--------------------------------------------------------------------------------

A_hhl info: after scaling by spectral radius:
Spectral radius (A): 1.000e+00, lambda_min:0.0688269177323334
condition number(A): 1.453e+01, norm2_cond:197.88017001683053
det(A): 4.260e-13, nnz: 11 non zeros per row
--------------------------------------------------------------------------------

Size of A & B are not power of 2:
Next 2 power of 30 = 32
Value to be padded = 2
--------------------------------------------------

==================== Print (N)^2 padded matrix system =======================
Padded shape of A: (30, 30)x(30, 30) -> (32, 32)x(32, 32)
Padded shape of B: (30,) -> (32,)
Determinant of padded matrix: 4.2602079269883554e-13
Condition # of padded matrix: 197.88017001683053


Matrix is not Hermitian. Making it Hermitian.......

==================== Print Hermitian matrix system info =======================
Shape of hermitian A: 32x32 -> 64x64
Shape of           B: 32 -> 64
Determinant of Hermitian matrix: 1.8149371581174162e-25
Condition # of Hermitian matrix: 197.88017001683153

=================================== Generating HHL circuit ===================================
Time elapsed for generating HHL circuit: 0 min 49.78 sec

Generated circuit: num_qubits=16, gates=21, depth=5
============================== Generated Circuit saved ==============================

============================== Transpiling circuit ==============================
This is using the AerSimulator('aer_simulator_statevector') transpiler.
Time elapsed for transpiling the circuit:  0 min 9.57 sec
Transpiled circuit, num_qubits: 16, (original: 16)
Transpiled circuit depth: 103094 (original: 5)
Transpiled circuit gates: 103221 (original: 21)
============================== Transpiled Circuit saved ==============================
Time elapsed for extracting exact hhl solution:  1 min 1.29 sec

[HHL info]: linear system residual (e=||Ax-b||_2): 0.08590228783472148
[HHL info]: Fidelity(true_sol, hhl_sol): 0.9996731594891972
[HHL info]: L2 error (absolute): 0.06869942256037287
[HHL info]: L2 error (relative): 0.018088585630794747
[HHL info]: L2 error (normalized): 0.018079469609139143

========================================================================================
 Compare system solutions using LU of A, LU sol of A_herm, HHL of Ax=b hermition system
LU sol 	    Herm LU sol    HHL sol    L1_diff(%)
 4.852e-03   4.852e-03   3.971e-03  1.816e+01
 2.224e-03   2.224e-03   1.037e-03  5.336e+01
 1.012e-02   1.012e-02   7.253e-03  2.829e+01
 6.205e-03   6.205e-03   6.934e-04  8.882e+01
 1.905e-03   1.905e-03  -1.034e-03  1.542e+02
 1.125e-02   1.125e-02   1.406e-04  9.875e+01
-2.568e-02  -2.568e-02  -3.483e-02  3.563e+01
-1.823e-02  -1.823e-02  -2.239e-02  2.283e+01
-6.491e-02  -6.491e-02  -8.276e-02  2.751e+01
-1.285e-01  -1.285e-01  -1.403e-01  9.167e+00
-9.623e-02  -9.623e-02  -1.017e-01  5.693e+00
-3.195e-01  -3.195e-01  -3.424e-01  7.157e+00
-3.070e-01  -3.070e-01  -3.202e-01  4.303e+00
-2.851e-01  -2.851e-01  -2.914e-01  2.214e+00
-8.110e-01  -8.110e-01  -8.356e-01  3.022e+00
-4.538e-01  -4.538e-01  -4.654e-01  2.563e+00
-4.624e-01  -4.624e-01  -4.683e-01  1.280e+00
-1.229e+00  -1.229e+00  -1.250e+00  1.699e+00
-5.244e-01  -5.244e-01  -5.306e-01  1.191e+00
-5.482e-01  -5.482e-01  -5.520e-01  6.969e-01
-1.427e+00  -1.427e+00  -1.437e+00  7.066e-01
-5.516e-01  -5.516e-01  -5.501e-01  2.651e-01
-5.798e-01  -5.798e-01  -5.816e-01  3.211e-01
-1.501e+00  -1.501e+00  -1.497e+00  2.504e-01
-5.614e-01  -5.614e-01  -5.522e-01  1.636e+00
-5.902e-01  -5.902e-01  -5.890e-01  2.031e-01
-1.527e+00  -1.527e+00  -1.507e+00  1.291e+00
-5.649e-01  -5.649e-01  -5.483e-01  2.948e+00
-5.937e-01  -5.937e-01  -5.903e-01  5.669e-01
-1.535e+00  -1.535e+00  -1.503e+00  2.137e+00
========================================================================================

step: 0/15 res:15.852040985520478, res/res0:1.0  dq_norm: [1.23684829 1.28588884 3.34949847]

A info: before HHL prepare:
Spectral radius (A): 5.109e+01, lambda_min:4.216149197171496
condition number(A): 1.212e+01, norm2_cond:145.21030517119058
det(A): 3.521e+40
--------------------------------------------------------------------------------

A_hhl info: after scaling by spectral radius:
Spectral radius (A): 1.000e+00, lambda_min:0.08252626826714408
condition number(A): 1.212e+01, norm2_cond:145.21030517119164
det(A): 1.981e-11, nnz: 13 non zeros per row
--------------------------------------------------------------------------------

Size of A & B are not power of 2:
Next 2 power of 30 = 32
Value to be padded = 2
--------------------------------------------------

==================== Print (N)^2 padded matrix system =======================
Padded shape of A: (30, 30)x(30, 30) -> (32, 32)x(32, 32)
Padded shape of B: (30,) -> (32,)
Determinant of padded matrix: 1.9811589083845967e-11
Condition # of padded matrix: 145.21030517119164


Matrix is not Hermitian. Making it Hermitian.......

==================== Print Hermitian matrix system info =======================
Shape of hermitian A: 32x32 -> 64x64
Shape of           B: 32 -> 64
Determinant of Hermitian matrix: 3.924990620271619e-22
Condition # of Hermitian matrix: 145.2103051711909

=================================== Generating HHL circuit ===================================
Time elapsed for generating HHL circuit: 0 min 48.77 sec

Generated circuit: num_qubits=16, gates=21, depth=5
============================== Generated Circuit saved ==============================

============================== Transpiling circuit ==============================
This is using the AerSimulator('aer_simulator_statevector') transpiler.
Time elapsed for transpiling the circuit:  0 min 9.35 sec
Transpiled circuit, num_qubits: 16, (original: 16)
Transpiled circuit depth: 103098 (original: 5)
Transpiled circuit gates: 103225 (original: 21)
============================== Transpiled Circuit saved ==============================
Time elapsed for extracting exact hhl solution:  0 min 59.41 sec

[HHL info]: linear system residual (e=||Ax-b||_2): 0.017163140511660742
[HHL info]: Fidelity(true_sol, hhl_sol): 0.9986826436111486
[HHL info]: L2 error (absolute): 0.00910926794009899
[HHL info]: L2 error (relative): 0.036638397587429386
[HHL info]: L2 error (normalized): 0.03630138470944733

========================================================================================
 Compare system solutions using LU of A, LU sol of A_herm, HHL of Ax=b hermition system
LU sol 	    Herm LU sol    HHL sol    L1_diff(%)
-8.337e-05  -8.337e-05   2.505e-04  4.004e+02
 6.897e-04   6.897e-04   6.565e-04  4.809e+00
 8.127e-04   8.127e-04   1.819e-03  1.239e+02
 3.612e-03   3.612e-03   4.672e-03  2.936e+01
 2.181e-03   2.181e-03   2.089e-03  4.254e+00
 6.815e-03   6.815e-03   9.697e-03  4.230e+01
 1.067e-02   1.067e-02   1.216e-02  1.391e+01
 5.204e-03   5.204e-03   5.048e-03  3.004e+00
 2.112e-02   2.112e-02   2.498e-02  1.826e+01
 2.220e-02   2.220e-02   2.340e-02  5.396e+00
 6.538e-03   6.538e-03   6.312e-03  3.460e+00
 4.647e-02   4.647e-02   4.963e-02  6.788e+00
 3.498e-02   3.498e-02   3.546e-02  1.389e+00
 6.180e-03   6.180e-03   5.854e-03  5.266e+00
 7.653e-02   7.653e-02   7.815e-02  2.116e+00
 4.305e-02   4.305e-02   4.293e-02  2.858e-01
 6.468e-03   6.468e-03   5.965e-03  7.770e+00
 9.779e-02   9.779e-02   9.820e-02  4.229e-01
 4.389e-02   4.389e-02   4.331e-02  1.337e+00
 4.528e-03   4.528e-03   3.768e-03  1.680e+01
 1.022e-01   1.022e-01   1.018e-01  3.897e-01
 4.030e-02   4.030e-02   3.918e-02  2.775e+00
 2.510e-03   2.510e-03   1.337e-03  4.674e+01
 9.787e-02   9.787e-02   9.662e-02  1.276e+00
 3.545e-02   3.545e-02   3.358e-02  5.289e+00
-6.617e-04  -6.617e-04  -2.461e-03  2.719e+02
 8.863e-02   8.863e-02   8.620e-02  2.740e+00
 2.959e-02   2.959e-02   2.705e-02  8.562e+00
-3.052e-03  -3.052e-03  -5.286e-03  7.322e+01
 7.934e-02   7.934e-02   7.600e-02  4.205e+00
========================================================================================

step: 1/15 res:0.8657991193004131, res/res0:0.05461751708131771  dq_norm: [0.09532778 0.01378246 0.22768367]

A info: before HHL prepare:
Spectral radius (A): 5.056e+01, lambda_min:4.124706906802832
condition number(A): 1.226e+01, norm2_cond:153.46877762938644
det(A): 8.852e+39
--------------------------------------------------------------------------------

A_hhl info: after scaling by spectral radius:
Spectral radius (A): 1.000e+00, lambda_min:0.0815864468488343
condition number(A): 1.226e+01, norm2_cond:153.46877762938652
det(A): 6.820e-12, nnz: 13 non zeros per row
--------------------------------------------------------------------------------

Size of A & B are not power of 2:
Next 2 power of 30 = 32
Value to be padded = 2
--------------------------------------------------

==================== Print (N)^2 padded matrix system =======================
Padded shape of A: (30, 30)x(30, 30) -> (32, 32)x(32, 32)
Padded shape of B: (30,) -> (32,)
Determinant of padded matrix: 6.820328523447829e-12
Condition # of padded matrix: 153.46877762938652


Matrix is not Hermitian. Making it Hermitian.......

==================== Print Hermitian matrix system info =======================
Shape of hermitian A: 32x32 -> 64x64
Shape of           B: 32 -> 64
Determinant of Hermitian matrix: 4.6516881167754714e-23
Condition # of Hermitian matrix: 153.46877762938695

=================================== Generating HHL circuit ===================================
Time elapsed for generating HHL circuit: 0 min 49.56 sec

Generated circuit: num_qubits=16, gates=21, depth=5
============================== Generated Circuit saved ==============================

============================== Transpiling circuit ==============================
This is using the AerSimulator('aer_simulator_statevector') transpiler.
Time elapsed for transpiling the circuit:  0 min 9.55 sec
Transpiled circuit, num_qubits: 16, (original: 16)
Transpiled circuit depth: 103106 (original: 5)
Transpiled circuit gates: 103233 (original: 21)
============================== Transpiled Circuit saved ==============================
Time elapsed for extracting exact hhl solution:  1 min 0.15 sec

[HHL info]: linear system residual (e=||Ax-b||_2): 0.0034110667664431827
[HHL info]: Fidelity(true_sol, hhl_sol): 0.9957263768893123
[HHL info]: L2 error (absolute): 0.002412419142247445
[HHL info]: L2 error (relative): 0.07316604769028319
[HHL info]: L2 error (normalized): 0.06540794185000108

========================================================================================
 Compare system solutions using LU of A, LU sol of A_herm, HHL of Ax=b hermition system
LU sol 	    Herm LU sol    HHL sol    L1_diff(%)
-4.440e-04  -4.440e-04  -3.292e-04  2.585e+01
-1.919e-05  -1.919e-05   2.038e-05  2.062e+02
-1.241e-03  -1.241e-03  -1.001e-03  1.936e+01
-1.348e-03  -1.348e-03  -9.915e-04  2.646e+01
-3.690e-05  -3.690e-05   7.357e-05  2.994e+02
-3.508e-03  -3.508e-03  -2.804e-03  2.009e+01
-1.548e-03  -1.548e-03  -1.038e-03  3.292e+01
 1.050e-04   1.050e-04   2.531e-04  1.411e+02
-4.037e-03  -4.037e-03  -3.081e-03  2.367e+01
-6.473e-05  -6.473e-05   3.821e-04  6.903e+02
 4.672e-04   4.672e-04   6.061e-04  2.972e+01
-6.621e-04  -6.621e-04   1.501e-04  1.227e+02
 2.640e-03   2.640e-03   2.898e-03  9.765e+00
 6.933e-04   6.933e-04   7.807e-04  1.261e+01
 5.817e-03   5.817e-03   6.290e-03  8.133e+00
 4.912e-03   4.912e-03   4.976e-03  1.314e+00
 5.393e-04   5.393e-04   5.303e-04  1.678e+00
 1.183e-02   1.183e-02   1.199e-02  1.308e+00
 5.852e-03   5.852e-03   5.731e-03  2.066e+00
 5.825e-04   5.825e-04   4.526e-04  2.230e+01
 1.450e-02   1.450e-02   1.437e-02  8.855e-01
 5.760e-03   5.760e-03   5.460e-03  5.211e+00
 8.774e-04   8.774e-04   6.199e-04  2.934e+01
 1.424e-02   1.424e-02   1.385e-02  2.800e+00
 5.408e-03   5.408e-03   4.923e-03  8.971e+00
 1.527e-03   1.527e-03   1.131e-03  2.593e+01
 1.281e-02   1.281e-02   1.211e-02  5.440e+00
 5.250e-03   5.250e-03   4.619e-03  1.202e+01
 2.148e-03   2.148e-03   1.662e-03  2.261e+01
 1.170e-02   1.170e-02   1.078e-02  7.820e+00
========================================================================================

step: 2/15 res:0.11166609314609259, res/res0:0.0070442722957939794  dq_norm: [0.01198794 0.00244109 0.02937193]

A info: before HHL prepare:
Spectral radius (A): 5.048e+01, lambda_min:4.172011081456285
condition number(A): 1.210e+01, norm2_cond:154.16204348602463
det(A): 7.661e+39
--------------------------------------------------------------------------------

A_hhl info: after scaling by spectral radius:
Spectral radius (A): 1.000e+00, lambda_min:0.08264487930680137
condition number(A): 1.210e+01, norm2_cond:154.16204348602457
det(A): 6.172e-12, nnz: 13 non zeros per row
--------------------------------------------------------------------------------

Size of A & B are not power of 2:
Next 2 power of 30 = 32
Value to be padded = 2
--------------------------------------------------

==================== Print (N)^2 padded matrix system =======================
Padded shape of A: (30, 30)x(30, 30) -> (32, 32)x(32, 32)
Padded shape of B: (30,) -> (32,)
Determinant of padded matrix: 6.171729519798674e-12
Condition # of padded matrix: 154.16204348602457


Matrix is not Hermitian. Making it Hermitian.......

==================== Print Hermitian matrix system info =======================
Shape of hermitian A: 32x32 -> 64x64
Shape of           B: 32 -> 64
Determinant of Hermitian matrix: 3.809024526555383e-23
Condition # of Hermitian matrix: 154.16204348602548

=================================== Generating HHL circuit ===================================
Time elapsed for generating HHL circuit: 0 min 49.00 sec

Generated circuit: num_qubits=16, gates=21, depth=5
============================== Generated Circuit saved ==============================

============================== Transpiling circuit ==============================
This is using the AerSimulator('aer_simulator_statevector') transpiler.
Time elapsed for transpiling the circuit:  0 min 8.61 sec
Transpiled circuit, num_qubits: 16, (original: 16)
Transpiled circuit depth: 103106 (original: 5)
Transpiled circuit gates: 103233 (original: 21)
============================== Transpiled Circuit saved ==============================
Time elapsed for extracting exact hhl solution:  1 min 0.27 sec

[HHL info]: linear system residual (e=||Ax-b||_2): 0.0002163634833663202
[HHL info]: Fidelity(true_sol, hhl_sol): 0.9997583467255051
[HHL info]: L2 error (absolute): 8.76171073333272e-05
[HHL info]: L2 error (relative): 0.034077024250610155
[HHL info]: L2 error (normalized): 0.015545670629960923

========================================================================================
 Compare system solutions using LU of A, LU sol of A_herm, HHL of Ax=b hermition system
LU sol 	    Herm LU sol    HHL sol    L1_diff(%)
-1.137e-04  -1.137e-04  -1.060e-04  6.763e+00
-3.957e-05  -3.957e-05  -3.607e-05  8.846e+00
-2.375e-04  -2.375e-04  -2.238e-04  5.779e+00
-3.586e-04  -3.586e-04  -3.406e-04  5.009e+00
-1.143e-04  -1.143e-04  -1.075e-04  5.907e+00
-7.063e-04  -7.063e-04  -6.764e-04  4.243e+00
-5.188e-04  -5.188e-04  -4.980e-04  4.012e+00
-1.556e-04  -1.556e-04  -1.470e-04  5.523e+00
-9.731e-04  -9.731e-04  -9.402e-04  3.380e+00
-4.515e-04  -4.515e-04  -4.329e-04  4.131e+00
-1.401e-04  -1.401e-04  -1.298e-04  7.344e+00
-8.233e-04  -8.233e-04  -7.964e-04  3.267e+00
-2.307e-04  -2.307e-04  -2.161e-04  6.331e+00
-7.916e-05  -7.916e-05  -6.934e-05  1.240e+01
-4.114e-04  -4.114e-04  -3.911e-04  4.939e+00
 1.821e-06   1.821e-06   1.130e-05  5.205e+02
 1.140e-05   1.140e-05   1.703e-05  4.942e+01
 1.723e-05   1.723e-05   3.285e-05  9.067e+01
 2.014e-04   2.014e-04   2.033e-04  9.428e-01
 1.232e-04   1.232e-04   1.237e-04  3.792e-01
 3.493e-04   3.493e-04   3.537e-04  1.259e+00
 3.682e-04   3.682e-04   3.610e-04  1.963e+00
 2.492e-04   2.492e-04   2.462e-04  1.221e+00
 5.873e-04   5.873e-04   5.739e-04  2.274e+00
 5.337e-04   5.337e-04   5.207e-04  2.424e+00
 3.903e-04   3.903e-04   3.869e-04  8.838e-01
 8.255e-04   8.255e-04   7.993e-04  3.178e+00
 6.679e-04   6.679e-04   6.539e-04  2.098e+00
 4.822e-04   4.822e-04   4.794e-04  5.833e-01
 1.005e-03   1.005e-03   9.744e-04  3.084e+00
========================================================================================

step: 3/15 res:0.0037981581743993494, res/res0:0.00023960057748201958  dq_norm: [0.00121653 0.00071545 0.00205489]

A info: before HHL prepare:
Spectral radius (A): 5.048e+01, lambda_min:4.180818961875463
condition number(A): 1.207e+01, norm2_cond:154.09738178414784
det(A): 7.629e+39
--------------------------------------------------------------------------------

A_hhl info: after scaling by spectral radius:
Spectral radius (A): 1.000e+00, lambda_min:0.08282226523247765
condition number(A): 1.207e+01, norm2_cond:154.09738178414713
det(A): 6.152e-12, nnz: 13 non zeros per row
--------------------------------------------------------------------------------

Size of A & B are not power of 2:
Next 2 power of 30 = 32
Value to be padded = 2
--------------------------------------------------

==================== Print (N)^2 padded matrix system =======================
Padded shape of A: (30, 30)x(30, 30) -> (32, 32)x(32, 32)
Padded shape of B: (30,) -> (32,)
Determinant of padded matrix: 6.152179504373298e-12
Condition # of padded matrix: 154.09738178414713


Matrix is not Hermitian. Making it Hermitian.......

==================== Print Hermitian matrix system info =======================
Shape of hermitian A: 32x32 -> 64x64
Shape of           B: 32 -> 64
Determinant of Hermitian matrix: 3.784931265403088e-23
Condition # of Hermitian matrix: 154.09738178414796

=================================== Generating HHL circuit ===================================
Time elapsed for generating HHL circuit: 0 min 48.27 sec

Generated circuit: num_qubits=16, gates=21, depth=5
============================== Generated Circuit saved ==============================

============================== Transpiling circuit ==============================
This is using the AerSimulator('aer_simulator_statevector') transpiler.
Time elapsed for transpiling the circuit:  0 min 9.59 sec
Transpiled circuit, num_qubits: 16, (original: 16)
Transpiled circuit depth: 103106 (original: 5)
Transpiled circuit gates: 103233 (original: 21)
============================== Transpiled Circuit saved ==============================
Time elapsed for extracting exact hhl solution:  1 min 0.70 sec

[HHL info]: linear system residual (e=||Ax-b||_2): 1.2523291138664094e-05
[HHL info]: Fidelity(true_sol, hhl_sol): 0.9977738246814951
[HHL info]: L2 error (absolute): 8.426006058259702e-06
[HHL info]: L2 error (relative): 0.09638460210762999
[HHL info]: L2 error (normalized): 0.04719550469681084

========================================================================================
 Compare system solutions using LU of A, LU sol of A_herm, HHL of Ax=b hermition system
LU sol 	    Herm LU sol    HHL sol    L1_diff(%)
-7.610e-06  -7.610e-06  -7.206e-06  5.310e+00
-3.474e-06  -3.474e-06  -3.336e-06  3.965e+00
-1.355e-05  -1.355e-05  -1.270e-05  6.243e+00
-1.774e-05  -1.774e-05  -1.655e-05  6.734e+00
-6.741e-06  -6.741e-06  -6.397e-06  5.109e+00
-2.949e-05  -2.949e-05  -2.713e-05  8.019e+00
-2.057e-05  -2.057e-05  -1.893e-05  7.965e+00
-8.634e-06  -8.634e-06  -8.213e-06  4.874e+00
-3.237e-05  -3.237e-05  -2.922e-05  9.740e+00
-1.851e-05  -1.851e-05  -1.710e-05  7.614e+00
-1.034e-05  -1.034e-05  -9.984e-06  3.423e+00
-2.661e-05  -2.661e-05  -2.390e-05  1.016e+01
-1.457e-05  -1.457e-05  -1.382e-05  5.135e+00
-9.836e-06  -9.836e-06  -9.658e-06  1.814e+00
-2.026e-05  -2.026e-05  -1.880e-05  7.200e+00
-9.479e-06  -9.479e-06  -9.472e-06  6.709e-02
-5.637e-06  -5.637e-06  -5.740e-06  1.824e+00
-1.562e-05  -1.562e-05  -1.555e-05  4.035e-01
-1.860e-06  -1.860e-06  -2.563e-06  3.783e+01
-4.776e-07  -4.776e-07  -9.865e-07  1.066e+02
-4.336e-06  -4.336e-06  -5.469e-06  2.613e+01
 7.366e-06   7.366e-06   6.045e-06  1.793e+01
 3.048e-06   3.048e-06   2.082e-06  3.170e+01
 1.354e-05   1.354e-05   1.153e-05  1.487e+01
 1.322e-05   1.322e-05   1.141e-05  1.375e+01
 3.465e-06   3.465e-06   2.081e-06  3.995e+01
 2.660e-05   2.660e-05   2.391e-05  1.008e+01
 1.442e-05   1.442e-05   1.228e-05  1.483e+01
 2.808e-06   2.808e-06   1.179e-06  5.801e+01
 3.148e-05   3.148e-05   2.839e-05  9.836e+00
========================================================================================

step: 4/15 res:0.00021640311375078342, res/res0:1.3651435417587531e-05  dq_norm: [3.97669199e-05 1.88794001e-05 6.67705421e-05]

A info: before HHL prepare:
Spectral radius (A): 5.048e+01, lambda_min:4.181046040013862
condition number(A): 1.207e+01, norm2_cond:154.09773531935429
det(A): 7.629e+39
--------------------------------------------------------------------------------

A_hhl info: after scaling by spectral radius:
Spectral radius (A): 1.000e+00, lambda_min:0.082826573647246
condition number(A): 1.207e+01, norm2_cond:154.09773531935437
det(A): 6.152e-12, nnz: 13 non zeros per row
--------------------------------------------------------------------------------

Size of A & B are not power of 2:
Next 2 power of 30 = 32
Value to be padded = 2
--------------------------------------------------

==================== Print (N)^2 padded matrix system =======================
Padded shape of A: (30, 30)x(30, 30) -> (32, 32)x(32, 32)
Padded shape of B: (30,) -> (32,)
Determinant of padded matrix: 6.151551741877479e-12
Condition # of padded matrix: 154.09773531935437


Matrix is not Hermitian. Making it Hermitian.......

==================== Print Hermitian matrix system info =======================
Shape of hermitian A: 32x32 -> 64x64
Shape of           B: 32 -> 64
Determinant of Hermitian matrix: 3.784158883299531e-23
Condition # of Hermitian matrix: 154.09773531935443

=================================== Generating HHL circuit ===================================
Time elapsed for generating HHL circuit: 0 min 49.74 sec

Generated circuit: num_qubits=16, gates=21, depth=5
============================== Generated Circuit saved ==============================

============================== Transpiling circuit ==============================
This is using the AerSimulator('aer_simulator_statevector') transpiler.
Time elapsed for transpiling the circuit:  0 min 8.54 sec
Transpiled circuit, num_qubits: 16, (original: 16)
Transpiled circuit depth: 103106 (original: 5)
Transpiled circuit gates: 103233 (original: 21)
============================== Transpiled Circuit saved ==============================
Time elapsed for extracting exact hhl solution:  0 min 59.81 sec

[HHL info]: linear system residual (e=||Ax-b||_2): 7.630716890656509e-07
[HHL info]: Fidelity(true_sol, hhl_sol): 0.9996364935442917
[HHL info]: L2 error (absolute): 3.227003771116034e-07
[HHL info]: L2 error (relative): 0.038294932828407756
[HHL info]: L2 error (normalized): 0.019066711721258952

========================================================================================
 Compare system solutions using LU of A, LU sol of A_herm, HHL of Ax=b hermition system
LU sol 	    Herm LU sol    HHL sol    L1_diff(%)
-4.040e-07  -4.040e-07  -3.792e-07  6.146e+00
-1.377e-07  -1.377e-07  -1.259e-07  8.606e+00
-8.455e-07  -8.455e-07  -8.026e-07  5.075e+00
-1.195e-06  -1.195e-06  -1.132e-06  5.275e+00
-3.445e-07  -3.445e-07  -3.169e-07  8.019e+00
-2.365e-06  -2.365e-06  -2.262e-06  4.334e+00
-1.638e-06  -1.638e-06  -1.557e-06  4.948e+00
-4.209e-07  -4.209e-07  -3.808e-07  9.533e+00
-3.153e-06  -3.153e-06  -3.032e-06  3.815e+00
-1.409e-06  -1.409e-06  -1.336e-06  5.210e+00
-3.539e-07  -3.539e-07  -3.064e-07  1.342e+01
-2.704e-06  -2.704e-06  -2.610e-06  3.464e+00
-7.482e-07  -7.482e-07  -6.955e-07  7.044e+00
-1.785e-07  -1.785e-07  -1.349e-07  2.446e+01
-1.459e-06  -1.459e-06  -1.399e-06  4.078e+00
-6.386e-09  -6.386e-09   2.619e-08  5.101e+02
 1.028e-07   1.028e-07   1.308e-07  2.729e+01
-6.311e-08  -6.311e-08  -2.273e-08  6.398e+01
 7.035e-07   7.035e-07   7.141e-07  1.515e+00
 5.089e-07   5.089e-07   5.225e-07  2.670e+00
 1.133e-06   1.133e-06   1.143e-06  8.578e-01
 1.321e-06   1.321e-06   1.306e-06  1.160e+00
 9.660e-07   9.660e-07   9.706e-07  4.768e-01
 2.014e-06   2.014e-06   1.971e-06  2.143e+00
 1.818e-06   1.818e-06   1.777e-06  2.245e+00
 1.384e-06   1.384e-06   1.382e-06  1.794e-01
 2.683e-06   2.683e-06   2.583e-06  3.722e+00
 2.139e-06   2.139e-06   2.082e-06  2.674e+00
 1.629e-06   1.629e-06   1.622e-06  4.053e-01
 3.098e-06   3.098e-06   2.964e-06  4.339e+00
========================================================================================

step: 5/15 res:1.2522273101390638e-05, res/res0:7.899470555765465e-07  dq_norm: [3.97812619e-06 2.47895685e-06 6.66149281e-06]

A info: before HHL prepare:
Spectral radius (A): 5.048e+01, lambda_min:4.181075853954816
condition number(A): 1.207e+01, norm2_cond:154.0974871943612
det(A): 7.628e+39
--------------------------------------------------------------------------------

A_hhl info: after scaling by spectral radius:
Spectral radius (A): 1.000e+00, lambda_min:0.08282717595687838
condition number(A): 1.207e+01, norm2_cond:154.0974871943615
det(A): 6.152e-12, nnz: 13 non zeros per row
--------------------------------------------------------------------------------

Size of A & B are not power of 2:
Next 2 power of 30 = 32
Value to be padded = 2
--------------------------------------------------

==================== Print (N)^2 padded matrix system =======================
Padded shape of A: (30, 30)x(30, 30) -> (32, 32)x(32, 32)
Padded shape of B: (30,) -> (32,)
Determinant of padded matrix: 6.151500756905974e-12
Condition # of padded matrix: 154.0974871943615


Matrix is not Hermitian. Making it Hermitian.......

==================== Print Hermitian matrix system info =======================
Shape of hermitian A: 32x32 -> 64x64
Shape of           B: 32 -> 64
Determinant of Hermitian matrix: 3.784096156221558e-23
Condition # of Hermitian matrix: 154.09748719436138

=================================== Generating HHL circuit ===================================
Time elapsed for generating HHL circuit: 0 min 48.29 sec

Generated circuit: num_qubits=16, gates=21, depth=5
============================== Generated Circuit saved ==============================

============================== Transpiling circuit ==============================
This is using the AerSimulator('aer_simulator_statevector') transpiler.
Time elapsed for transpiling the circuit:  0 min 10.47 sec
Transpiled circuit, num_qubits: 16, (original: 16)
Transpiled circuit depth: 103105 (original: 5)
Transpiled circuit gates: 103232 (original: 21)
============================== Transpiled Circuit saved ==============================
Time elapsed for extracting exact hhl solution:  0 min 59.93 sec

[HHL info]: linear system residual (e=||Ax-b||_2): 4.7044768404276717e-08
[HHL info]: Fidelity(true_sol, hhl_sol): 0.9971714846266971
[HHL info]: L2 error (absolute): 3.1554004479713636e-08
[HHL info]: L2 error (relative): 0.09778228594454481
[HHL info]: L2 error (normalized): 0.053202615663782336

========================================================================================
 Compare system solutions using LU of A, LU sol of A_herm, HHL of Ax=b hermition system
LU sol 	    Herm LU sol    HHL sol    L1_diff(%)
-2.483e-08  -2.483e-08  -2.338e-08  5.850e+00
-1.185e-08  -1.185e-08  -1.138e-08  3.994e+00
-4.291e-08  -4.291e-08  -3.977e-08  7.319e+00
-6.301e-08  -6.301e-08  -5.866e-08  6.897e+00
-2.762e-08  -2.762e-08  -2.649e-08  4.109e+00
-1.025e-07  -1.025e-07  -9.361e-08  8.654e+00
-8.103e-08  -8.103e-08  -7.505e-08  7.380e+00
-4.012e-08  -4.012e-08  -3.880e-08  3.295e+00
-1.203e-07  -1.203e-07  -1.083e-07  9.973e+00
-7.342e-08  -7.342e-08  -6.819e-08  7.113e+00
-4.750e-08  -4.750e-08  -4.645e-08  2.224e+00
-9.367e-08  -9.367e-08  -8.309e-08  1.130e+01
-5.270e-08  -5.270e-08  -4.989e-08  5.336e+00
-4.367e-08  -4.367e-08  -4.328e-08  8.908e-01
-5.948e-08  -5.948e-08  -5.346e-08  1.012e+01
-3.257e-08  -3.257e-08  -3.259e-08  7.164e-02
-2.805e-08  -2.805e-08  -2.878e-08  2.602e+00
-4.038e-08  -4.038e-08  -3.962e-08  1.876e+00
-1.066e-08  -1.066e-08  -1.344e-08  2.608e+01
-1.359e-08  -1.359e-08  -1.592e-08  1.716e+01
-9.718e-09  -9.717e-09  -1.357e-08  3.966e+01
 1.533e-08   1.533e-08   1.016e-08  3.374e+01
-4.606e-09  -4.606e-09  -8.674e-09  8.835e+01
 4.317e-08   4.317e-08   3.586e-08  1.694e+01
 4.081e-08   4.081e-08   3.388e-08  1.698e+01
 2.482e-09   2.482e-09  -3.018e-09  2.216e+02
 9.986e-08   9.986e-08   9.021e-08  9.660e+00
 5.722e-08   5.722e-08   4.930e-08  1.383e+01
 6.601e-09   6.602e-09   3.152e-10  9.523e+01
 1.344e-07   1.344e-07   1.235e-07  8.122e+00
========================================================================================

step: 6/15 res:7.630695080575477e-07, res/res0:4.8136988085922075e-08  dq_norm: [1.47254914e-07 8.67912540e-08 2.41366957e-07]

A info: before HHL prepare:
Spectral radius (A): 5.048e+01, lambda_min:4.181075939862935
condition number(A): 1.207e+01, norm2_cond:154.09749245909202
det(A): 7.628e+39
--------------------------------------------------------------------------------

A_hhl info: after scaling by spectral radius:
Spectral radius (A): 1.000e+00, lambda_min:0.08282717698015458
condition number(A): 1.207e+01, norm2_cond:154.09749245909225
det(A): 6.151e-12, nnz: 13 non zeros per row
--------------------------------------------------------------------------------

Size of A & B are not power of 2:
Next 2 power of 30 = 32
Value to be padded = 2
--------------------------------------------------

==================== Print (N)^2 padded matrix system =======================
Padded shape of A: (30, 30)x(30, 30) -> (32, 32)x(32, 32)
Padded shape of B: (30,) -> (32,)
Determinant of padded matrix: 6.1514974454909564e-12
Condition # of padded matrix: 154.09749245909225


Matrix is not Hermitian. Making it Hermitian.......

==================== Print Hermitian matrix system info =======================
Shape of hermitian A: 32x32 -> 64x64
Shape of           B: 32 -> 64
Determinant of Hermitian matrix: 3.7840920821882573e-23
Condition # of Hermitian matrix: 154.09749245909188

=================================== Generating HHL circuit ===================================
Time elapsed for generating HHL circuit: 0 min 49.97 sec

Generated circuit: num_qubits=16, gates=21, depth=5
============================== Generated Circuit saved ==============================

============================== Transpiling circuit ==============================
This is using the AerSimulator('aer_simulator_statevector') transpiler.
Time elapsed for transpiling the circuit:  0 min 9.47 sec
Transpiled circuit, num_qubits: 16, (original: 16)
Transpiled circuit depth: 103106 (original: 5)
Transpiled circuit gates: 103233 (original: 21)
============================== Transpiled Circuit saved ==============================
Time elapsed for extracting exact hhl solution:  0 min 59.90 sec

[HHL info]: linear system residual (e=||Ax-b||_2): 3.1109004206892357e-09
[HHL info]: Fidelity(true_sol, hhl_sol): 0.9993152885779549
[HHL info]: L2 error (absolute): 1.3968782107209792e-09
[HHL info]: L2 error (relative): 0.044269432231507144
[HHL info]: L2 error (normalized): 0.026169230508426813

========================================================================================
 Compare system solutions using LU of A, LU sol of A_herm, HHL of Ax=b hermition system
LU sol 	    Herm LU sol    HHL sol    L1_diff(%)
-1.452e-09  -1.452e-09  -1.338e-09  7.883e+00
-4.734e-10  -4.733e-10  -4.162e-10  1.208e+01
-3.141e-09  -3.141e-09  -2.951e-09  6.039e+00
-4.346e-09  -4.346e-09  -4.058e-09  6.610e+00
-1.135e-09  -1.135e-09  -9.964e-10  1.220e+01
-8.869e-09  -8.869e-09  -8.424e-09  5.014e+00
-5.980e-09  -5.980e-09  -5.612e-09  6.147e+00
-1.322e-09  -1.322e-09  -1.120e-09  1.528e+01
-1.199e-08  -1.199e-08  -1.149e-08  4.233e+00
-5.223e-09  -5.222e-09  -4.897e-09  6.231e+00
-1.057e-09  -1.056e-09  -8.221e-10  2.217e+01
-1.058e-08  -1.058e-08  -1.021e-08  3.525e+00
-2.813e-09  -2.812e-09  -2.582e-09  8.191e+00
-3.894e-10  -3.890e-10  -1.686e-10  5.665e+01
-6.021e-09  -6.021e-09  -5.806e-09  3.565e+00
 2.299e-11   2.334e-11   1.725e-10  6.392e+02
 7.293e-10   7.297e-10   8.960e-10  2.279e+01
-7.580e-10  -7.575e-10  -6.330e-10  1.644e+01
 2.779e-09   2.779e-09   2.846e-09  2.395e+00
 2.332e-09   2.333e-09   2.450e-09  5.017e+00
 3.853e-09   3.854e-09   3.858e-09  1.099e-01
 5.172e-09   5.173e-09   5.141e-09  6.083e-01
 4.068e-09   4.069e-09   4.151e-09  2.011e+00
 7.311e-09   7.311e-09   7.120e-09  2.613e+00
 6.930e-09   6.930e-09   6.788e-09  2.045e+00
 5.500e-09   5.501e-09   5.541e-09  7.388e-01
 9.646e-09   9.647e-09   9.222e-09  4.402e+00
 7.915e-09   7.916e-09   7.691e-09  2.838e+00
 6.286e-09   6.286e-09   6.301e-09  2.271e-01
 1.092e-08   1.092e-08   1.034e-08  5.323e+00
========================================================================================

step: 7/15 res:4.704473395363529e-08, res/res0:2.9677398636936875e-09  dq_norm: [1.48392418e-08 9.87724738e-09 2.46454587e-08]

A info: before HHL prepare:
Spectral radius (A): 5.048e+01, lambda_min:4.181076228280845
condition number(A): 1.207e+01, norm2_cond:154.09749167285324
det(A): 7.628e+39
--------------------------------------------------------------------------------

A_hhl info: after scaling by spectral radius:
Spectral radius (A): 1.000e+00, lambda_min:0.08282718282367417
condition number(A): 1.207e+01, norm2_cond:154.0974916728534
det(A): 6.151e-12, nnz: 13 non zeros per row
--------------------------------------------------------------------------------

Size of A & B are not power of 2:
Next 2 power of 30 = 32
Value to be padded = 2
--------------------------------------------------

==================== Print (N)^2 padded matrix system =======================
Padded shape of A: (30, 30)x(30, 30) -> (32, 32)x(32, 32)
Padded shape of B: (30,) -> (32,)
Determinant of padded matrix: 6.15149743088325e-12
Condition # of padded matrix: 154.0974916728534


Matrix is not Hermitian. Making it Hermitian.......

==================== Print Hermitian matrix system info =======================
Shape of hermitian A: 32x32 -> 64x64
Shape of           B: 32 -> 64
Determinant of Hermitian matrix: 3.784092064216322e-23
Condition # of Hermitian matrix: 154.09749167285327

=================================== Generating HHL circuit ===================================
Time elapsed for generating HHL circuit: 0 min 49.10 sec

Generated circuit: num_qubits=16, gates=21, depth=5
============================== Generated Circuit saved ==============================

============================== Transpiling circuit ==============================
This is using the AerSimulator('aer_simulator_statevector') transpiler.
Time elapsed for transpiling the circuit:  0 min 9.37 sec
Transpiled circuit, num_qubits: 16, (original: 16)
Transpiled circuit depth: 103104 (original: 5)
Transpiled circuit gates: 103231 (original: 21)
============================== Transpiled Circuit saved ==============================
Time elapsed for extracting exact hhl solution:  1 min 5.67 sec

[HHL info]: linear system residual (e=||Ax-b||_2): 2.814216550869287e-10
[HHL info]: Fidelity(true_sol, hhl_sol): 0.9935037351256504
[HHL info]: L2 error (absolute): 1.4135816300782606e-10
[HHL info]: L2 error (relative): 0.10119603064073637
[HHL info]: L2 error (normalized): 0.08066498627204705

========================================================================================
 Compare system solutions using LU of A, LU sol of A_herm, HHL of Ax=b hermition system
LU sol 	    Herm LU sol    HHL sol    L1_diff(%)
-1.146e-10  -1.145e-10  -1.074e-10  6.195e+00
-5.724e-11  -5.719e-11  -5.374e-11  6.029e+00
-1.898e-10  -1.896e-10  -1.747e-10  7.900e+00
-2.874e-10  -2.873e-10  -2.657e-10  7.508e+00
-1.387e-10  -1.385e-10  -1.297e-10  6.342e+00
-4.450e-10  -4.447e-10  -4.007e-10  9.903e+00
-3.678e-10  -3.676e-10  -3.350e-10  8.867e+00
-2.022e-10  -2.020e-10  -1.891e-10  6.386e+00
-5.080e-10  -5.076e-10  -4.422e-10  1.289e+01
-3.257e-10  -3.254e-10  -2.918e-10  1.034e+01
-2.345e-10  -2.342e-10  -2.190e-10  6.497e+00
-3.735e-10  -3.730e-10  -3.059e-10  1.800e+01
-2.307e-10  -2.304e-10  -2.048e-10  1.109e+01
-2.207e-10  -2.204e-10  -2.056e-10  6.725e+00
-2.152e-10  -2.147e-10  -1.638e-10  2.369e+01
-1.495e-10  -1.492e-10  -1.343e-10  1.000e+01
-1.667e-10  -1.663e-10  -1.539e-10  7.486e+00
-1.250e-10  -1.245e-10  -9.417e-11  2.437e+01
-6.697e-11  -6.657e-11  -6.019e-11  9.576e+00
-1.175e-10  -1.170e-10  -1.078e-10  7.871e+00
-4.844e-12  -4.236e-12   1.162e-11  3.743e+02
 3.099e-11   3.147e-11   3.265e-11  3.769e+00
-8.239e-11  -8.184e-11  -7.525e-11  8.053e+00
 1.903e-10   1.911e-10   2.007e-10  5.063e+00
 1.412e-10   1.418e-10   1.422e-10  3.460e-01
-4.130e-11  -4.064e-11  -3.374e-11  1.696e+01
 4.238e-10   4.247e-10   4.364e-10  2.744e+00
 2.240e-10   2.247e-10   2.275e-10  1.267e+00
-1.504e-11  -1.428e-11  -4.727e-12  6.690e+01
 5.801e-10   5.812e-10   5.978e-10  2.856e+00
========================================================================================

step: 8/15 res:3.1108906818138312e-09, res/res0:1.9624543518751758e-10  dq_norm: [6.45071769e-10 4.33360888e-10 1.05068732e-09]

A info: before HHL prepare:
Spectral radius (A): 5.048e+01, lambda_min:4.181076655100098
condition number(A): 1.207e+01, norm2_cond:154.09749256318963
det(A): 7.628e+39
--------------------------------------------------------------------------------

A_hhl info: after scaling by spectral radius:
Spectral radius (A): 1.000e+00, lambda_min:0.08282719096896593
condition number(A): 1.207e+01, norm2_cond:154.09749256318943
det(A): 6.151e-12, nnz: 13 non zeros per row
--------------------------------------------------------------------------------

Size of A & B are not power of 2:
Next 2 power of 30 = 32
Value to be padded = 2
--------------------------------------------------

==================== Print (N)^2 padded matrix system =======================
Padded shape of A: (30, 30)x(30, 30) -> (32, 32)x(32, 32)
Padded shape of B: (30,) -> (32,)
Determinant of padded matrix: 6.151497082323094e-12
Condition # of padded matrix: 154.09749256318943


Matrix is not Hermitian. Making it Hermitian.......

==================== Print Hermitian matrix system info =======================
Shape of hermitian A: 32x32 -> 64x64
Shape of           B: 32 -> 64
Determinant of Hermitian matrix: 3.7840916353829e-23
Condition # of Hermitian matrix: 154.0974925631895

=================================== Generating HHL circuit ===================================
Time elapsed for generating HHL circuit: 0 min 49.69 sec

Generated circuit: num_qubits=16, gates=21, depth=5
============================== Generated Circuit saved ==============================

============================== Transpiling circuit ==============================
This is using the AerSimulator('aer_simulator_statevector') transpiler.
Time elapsed for transpiling the circuit:  0 min 9.51 sec
Transpiled circuit, num_qubits: 16, (original: 16)
Transpiled circuit depth: 103106 (original: 5)
Transpiled circuit gates: 103233 (original: 21)
============================== Transpiled Circuit saved ==============================
Time elapsed for extracting exact hhl solution:  1 min 0.48 sec

[HHL info]: linear system residual (e=||Ax-b||_2): 2.589479341288799e-10
[HHL info]: Fidelity(true_sol, hhl_sol): 0.21241225123056
[HHL info]: L2 error (absolute): 1.2568394650393998e-10
[HHL info]: L2 error (relative): 0.8890939237443749
[HHL info]: L2 error (normalized): 1.038368699656674

========================================================================================
 Compare system solutions using LU of A, LU sol of A_herm, HHL of Ax=b hermition system
LU sol 	    Herm LU sol    HHL sol    L1_diff(%)
-7.158e-12  -7.093e-12  -1.620e-12  7.718e+01
-3.503e-12  -3.448e-12  -1.880e-13  9.458e+01
-1.508e-11  -1.498e-11  -4.538e-12  6.972e+01
-2.174e-11  -2.157e-11  -5.877e-12  7.275e+01
-8.928e-12  -8.786e-12  -4.758e-13  9.460e+01
-4.430e-11  -4.404e-11  -1.456e-11  6.693e+01
-3.286e-11  -3.259e-11  -8.831e-12  7.291e+01
-1.313e-11  -1.290e-11  -1.019e-13  9.922e+01
-6.585e-11  -6.544e-11  -2.163e-11  6.695e+01
-3.398e-11  -3.365e-11  -8.001e-12  7.622e+01
-1.553e-11  -1.522e-11   7.729e-13  1.051e+02
-6.764e-11  -6.714e-11  -2.070e-11  6.917e+01
-2.588e-11  -2.554e-11  -3.839e-12  8.497e+01
-1.518e-11  -1.482e-11   2.070e-12  1.140e+02
-5.138e-11  -5.086e-11  -1.249e-11  7.544e+01
-1.528e-11  -1.492e-11   1.639e-12  1.110e+02
-1.285e-11  -1.245e-11   4.115e-12  1.331e+02
-3.088e-11  -3.035e-11  -1.885e-12  9.379e+01
-6.774e-12  -6.375e-12   6.935e-12  2.088e+02
-9.672e-12  -9.210e-12   7.259e-12  1.788e+02
-1.646e-11  -1.585e-11   7.010e-12  1.442e+02
-1.660e-12  -1.186e-12   1.117e-11  1.042e+03
-7.139e-12  -6.591e-12   1.065e-11  2.617e+02
-1.040e-11  -9.673e-12   1.261e-11  2.304e+02
-1.062e-12  -4.908e-13   1.365e-11  2.887e+03
-7.551e-12  -6.893e-12   1.311e-11  2.902e+02
-1.254e-11  -1.165e-11   1.502e-11  2.289e+02
-3.515e-12  -2.846e-12   1.465e-11  6.150e+02
-1.032e-11  -9.552e-12   1.435e-11  2.503e+02
-1.763e-11  -1.660e-11   1.581e-11  1.953e+02
========================================================================================

step: 9/15 res:2.8142275536786554e-10, res/res0:1.7753092843055467e-11  dq_norm: [2.77556787e-11 2.37926805e-11 4.44123173e-11]
Completed: 9 steps in 1225.13s
Saved metadata to /lustre/orion/stf006/scratch/4klornl/fvm_euler_1d_solver/output_parallel_shots/nelem10/statevector/exact/metadata_nelem10_HHL_statevector.pkl

Solution summary:
  x/L: [0.0500, 0.9500]
  Mach: [1.4948, 2.1648]
  p/p_in: [1.0054, 0.3623]
  rho/rho_in: [1.0038, 0.4841]
Saved combined plot to /lustre/orion/stf006/scratch/4klornl/fvm_euler_1d_solver/output_parallel_shots/nelem10/statevector/exact/solution_plot_nelem10_HHL_statevector.png
