[2025-11-25 22:45:00.438] [STATUS] PENDING (native: PENDING)
[2025-11-25 22:45:00.451] [STATUS] INFO (native: INFO)
  Details: {'jobDefn': "[name: entryPoint:python ~/proj/src/frontier-qlsa/circuit_HHL.py entryPointType:SHELL args:['-case', 'hele-shaw', '-casefile', '/Users/agallojr/.lwfm/out/qt02-cfd/8097a5fe/hs_torino_2x2_0/input_vars_hs_torino_2x2_0.yaml', '--savedata', '--no-transpile'] siteName:None computeType:None]", 'jobContext': '[job: 041018ac native:041018ac parent: None     wf: 8097a5fe site:frontier-qlsa compute:default]', 'computeType': 'None', 'runArgs': 'None'}
[2025-11-25 22:45:00.460] [INFO] 20251126T03:45:00Z LocalSite: submitting job 041018ac site=frontier-qlsa wfId=8097a5fe jobId=041018ac
[2025-11-25 22:45:00.583] [STATUS] RUNNING (native: RUNNING)
Case: hele-shaw
Solving analytically...
Solving numerically...
=====Solving for pressure...=====
Using analytical pressure profile...
Determinant of resulting matrix: 1.0
Condition # of resulting matrix: 1.0
Reformatted A_herm:
[[1. 0. 0. 0.]
 [0. 1. 0. 0.]
 [0. 0. 1. 0.]
 [0. 0. 0. 1.]]
B_herm:
[214.14213562  14.14213562 214.14213562  14.14213562]
Determinant of resulting matrix: 1.0
Condition # of resulting matrix: 1.0
===========Metadata saved===========
Using 'ideal' simulator with 'statevector' backend
Backend: AerSimulator('aer_simulator_statevector')
==================Generating HHL circuit================
Time elapsed for generating HHL circuit:  0 min 0.03 sec
===========Circuit saved===========
[2025-11-25 22:45:06.621] [STATUS] FINISHING (native: FINISHING)
[2025-11-25 22:45:06.641] [STATUS] COMPLETE (native: COMPLETE)
[2025-11-25 22:45:06.700] [STATUS] INFO (native: INFO)
  Details: {'case': 'hs_torino_2x2_0', '_direction': 'get', '_siteName': 'local', '_localPath': '/Users/agallojr/.lwfm/out/qt02-cfd/8097a5fe/hs_torino_2x2_0/input_vars_hs_torino_2x2_0.yaml', '_siteObjPath': '', '_workflowId': '8097a5fe', '_jobId': '041018ac'}
[2025-11-25 22:45:06.725] [STATUS] INFO (native: INFO)
  Details: {'case': 'hs_torino_2x2_0', '_direction': 'put', '_siteName': 'local', '_localPath': '/Users/agallojr/.lwfm/out/qt02-cfd/8097a5fe/hs_torino_2x2_0/hele-shaw_circ_nqmatrix2.qpy', '_siteObjPath': '', '_workflowId': '8097a5fe', '_jobId': '041018ac'}
[2025-11-25 22:45:06.742] [STATUS] INFO (native: INFO)
  Details: {'case': 'hs_torino_2x2_0', '_direction': 'put', '_siteName': 'local', '_localPath': '/Users/agallojr/.lwfm/out/qt02-cfd/8097a5fe/hs_torino_2x2_0/hele-shaw_circ_nqmatrix2.pkl', '_siteObjPath': '', '_workflowId': '8097a5fe', '_jobId': '041018ac'}
