
------------------------------------------------------------
Using ideal local simulator with 'statevector' method
Backend: aer_simulator_statevector
Shots: 1000
------------------------------------------------------------

A info: before HHL prepare:
Spectral radius (A): 9.808e+01, lambda_min:5.866129498146235
condition number(A): 1.672e+01, norm2_cond:401.8614855890083
det(A): 2.657e+93
--------------------------------------------------------------------------------

A_hhl info: after scaling by spectral radius:
Spectral radius (A): 1.000e+00, lambda_min:0.05980937346031271
condition number(A): 1.672e+01, norm2_cond:401.8614855890105
det(A): 8.499e-27, nnz: 12 non zeros per row
--------------------------------------------------------------------------------

Size of A & B are not power of 2:
Next 2 power of 60 = 64
Value to be padded = 4
--------------------------------------------------

==================== Print (N)^2 padded matrix system =======================
Padded shape of A: (60, 60)x(60, 60) -> (64, 64)x(64, 64)
Padded shape of B: (60,) -> (64,)
Determinant of padded matrix: 8.499054744892335e-27
Condition # of padded matrix: 401.8614855890105


Matrix is not Hermitian. Making it Hermitian.......

==================== Print Hermitian matrix system info =======================
Shape of hermitian A: 64x64 -> 128x128
Shape of           B: 64 -> 128
Determinant of Hermitian matrix: 7.223393155667588e-53
Condition # of Hermitian matrix: 401.86148558902164

=================================== Generating HHL circuit ===================================
Time elapsed for generating HHL circuit: 5 min 0.31 sec

Generated circuit: num_qubits=18, gates=23, depth=5
============================== Generated Circuit saved ==============================

============================== Transpiling circuit ==============================
This is using the AerSimulator('aer_simulator_statevector') transpiler.
Time elapsed for transpiling the circuit:  0 min 44.40 sec
Transpiled circuit, num_qubits: 18, (original: 18)
Transpiled circuit depth: 464201 (original: 5)
Transpiled circuit gates: 464353 (original: 23)
============================== Transpiled Circuit saved ==============================
Time elapsed for running the circuit:  2 min 33.44 sec
total_qubits: 18, nq:7

Time elapsed for extracting shots-based hhl counts solution:  0 min 0.00 sec

[HHL info]: linear system residual (e=||Ax-b||_2): 22.205735083848047
[HHL info]: Fidelity(true_sol, hhl_sol): 0.48101106067931465
[HHL info]: L2 error (absolute): 5.374771273905887
[HHL info]: L2 error (relative): 0.9936068958888447
[HHL info]: L2 error (normalized): 0.7828797999873395

========================================================================================
 Compare system solutions using LU of A, LU sol of A_herm, HHL of Ax=b hermition system
LU sol 	    Herm LU sol    HHL sol    L1_diff(%)
-2.338e-04  -2.338e-04  -0.000e+00  1.000e+02
-1.963e-04  -1.963e-04  -0.000e+00  1.000e+02
-6.159e-04  -6.159e-04  -0.000e+00  1.000e+02
-8.210e-04  -8.210e-04  -0.000e+00  1.000e+02
-7.266e-04  -7.266e-04  -0.000e+00  1.000e+02
-2.219e-03  -2.219e-03  -0.000e+00  1.000e+02
-1.793e-03  -1.793e-03  -0.000e+00  1.000e+02
-1.753e-03  -1.753e-03  -0.000e+00  1.000e+02
-5.094e-03  -5.094e-03  -0.000e+00  1.000e+02
-3.854e-03  -3.854e-03  -0.000e+00  1.000e+02
-3.983e-03  -3.983e-03  -0.000e+00  1.000e+02
-1.127e-02  -1.127e-02  -0.000e+00  1.000e+02
-9.906e-03  -9.906e-03  -0.000e+00  1.000e+02
-9.642e-03  -9.642e-03  -0.000e+00  1.000e+02
-2.806e-02  -2.806e-02  -0.000e+00  1.000e+02
-2.691e-02  -2.691e-02  -0.000e+00  1.000e+02
-2.384e-02  -2.384e-02  -0.000e+00  1.000e+02
-7.270e-02  -7.270e-02  -0.000e+00  1.000e+02
-6.552e-02  -6.552e-02  -1.214e-02  8.148e+01
-5.523e-02  -5.523e-02  -0.000e+00  1.000e+02
-1.723e-01  -1.723e-01  -0.000e+00  1.000e+02
-1.346e-01  -1.346e-01  -1.214e-02  9.098e+01
-1.143e-01  -1.143e-01  -0.000e+00  1.000e+02
-3.520e-01  -3.520e-01  -0.000e+00  1.000e+02
-2.317e-01  -2.317e-01  -0.000e+00  1.000e+02
-2.062e-01  -2.062e-01  -0.000e+00  1.000e+02
-6.108e-01  -6.108e-01  -1.214e-02  9.801e+01
-3.379e-01  -3.379e-01  -0.000e+00  1.000e+02
-3.187e-01  -3.187e-01  -0.000e+00  1.000e+02
-9.014e-01  -9.014e-01  -0.000e+00  1.000e+02
-4.286e-01  -4.286e-01  -0.000e+00  1.000e+02
-4.234e-01  -4.234e-01  -0.000e+00  1.000e+02
-1.154e+00  -1.154e+00  -1.214e-02  9.895e+01
-4.911e-01  -4.911e-01  -0.000e+00  1.000e+02
-4.997e-01  -4.997e-01  -0.000e+00  1.000e+02
-1.329e+00  -1.329e+00  -1.214e-02  9.909e+01
-5.282e-01  -5.282e-01  -0.000e+00  1.000e+02
-5.462e-01  -5.462e-01  -0.000e+00  1.000e+02
-1.433e+00  -1.433e+00  -1.716e-02  9.880e+01
-5.481e-01  -5.481e-01  -1.214e-02  9.779e+01
-5.715e-01  -5.715e-01  -0.000e+00  1.000e+02
-1.489e+00  -1.489e+00  -1.214e-02  9.918e+01
-5.581e-01  -5.581e-01  -0.000e+00  1.000e+02
-5.842e-01  -5.842e-01  -0.000e+00  1.000e+02
-1.517e+00  -1.517e+00  -1.214e-02  9.920e+01
-5.629e-01  -5.629e-01  -0.000e+00  1.000e+02
-5.904e-01  -5.904e-01  -0.000e+00  1.000e+02
-1.530e+00  -1.530e+00  -0.000e+00  1.000e+02
-5.652e-01  -5.652e-01  -0.000e+00  1.000e+02
-5.933e-01  -5.933e-01  -0.000e+00  1.000e+02
-1.536e+00  -1.536e+00  -1.214e-02  9.921e+01
-5.662e-01  -5.662e-01  -0.000e+00  1.000e+02
-5.946e-01  -5.946e-01  -0.000e+00  1.000e+02
-1.539e+00  -1.539e+00  -0.000e+00  1.000e+02
-5.667e-01  -5.667e-01  -1.214e-02  9.786e+01
-5.952e-01  -5.952e-01  -1.716e-02  9.712e+01
-1.541e+00  -1.541e+00  -1.214e-02  9.921e+01
-5.670e-01  -5.670e-01  -1.214e-02  9.786e+01
-5.955e-01  -5.955e-01  -0.000e+00  1.000e+02
-1.541e+00  -1.541e+00  -1.214e-02  9.921e+01
========================================================================================

step: 0/15 res:22.437797065296795, res/res0:1.0  dq_norm: [0.02713661 0.0171627  0.03837696]

A info: before HHL prepare:
Spectral radius (A): 9.816e+01, lambda_min:5.936596740672527
condition number(A): 1.653e+01, norm2_cond:399.54101553924926
det(A): 3.233e+93
--------------------------------------------------------------------------------

A_hhl info: after scaling by spectral radius:
Spectral radius (A): 1.000e+00, lambda_min:0.06047791283259772
condition number(A): 1.653e+01, norm2_cond:399.5410155392543
det(A): 9.845e-27, nnz: 13 non zeros per row
--------------------------------------------------------------------------------

Size of A & B are not power of 2:
Next 2 power of 60 = 64
Value to be padded = 4
--------------------------------------------------

==================== Print (N)^2 padded matrix system =======================
Padded shape of A: (60, 60)x(60, 60) -> (64, 64)x(64, 64)
Padded shape of B: (60,) -> (64,)
Determinant of padded matrix: 9.844552335210623e-27
Condition # of padded matrix: 399.5410155392543


Matrix is not Hermitian. Making it Hermitian.......

==================== Print Hermitian matrix system info =======================
Shape of hermitian A: 64x64 -> 128x128
Shape of           B: 64 -> 128
Determinant of Hermitian matrix: 9.691521068070369e-53
Condition # of Hermitian matrix: 399.5410155392551

=================================== Generating HHL circuit ===================================
Time elapsed for generating HHL circuit: 5 min 0.49 sec

Generated circuit: num_qubits=18, gates=23, depth=5
============================== Generated Circuit saved ==============================

============================== Transpiling circuit ==============================
This is using the AerSimulator('aer_simulator_statevector') transpiler.
Time elapsed for transpiling the circuit:  0 min 47.85 sec
Transpiled circuit, num_qubits: 18, (original: 18)
Transpiled circuit depth: 464198 (original: 5)
Transpiled circuit gates: 464350 (original: 23)
============================== Transpiled Circuit saved ==============================
Time elapsed for running the circuit:  2 min 32.18 sec
total_qubits: 18, nq:7

Time elapsed for extracting shots-based hhl counts solution:  0 min 0.00 sec

[HHL info]: linear system residual (e=||Ax-b||_2): 22.056422449207968
[HHL info]: Fidelity(true_sol, hhl_sol): 0.5619055997331921
[HHL info]: L2 error (absolute): 5.3260897040693145
[HHL info]: L2 error (relative): 0.9934698615675656
[HHL info]: L2 error (normalized): 0.7076671132458004

========================================================================================
 Compare system solutions using LU of A, LU sol of A_herm, HHL of Ax=b hermition system
LU sol 	    Herm LU sol    HHL sol    L1_diff(%)
-2.265e-04  -2.265e-04  -0.000e+00  1.000e+02
-1.925e-04  -1.925e-04  -0.000e+00  1.000e+02
-6.004e-04  -6.004e-04  -0.000e+00  1.000e+02
-8.332e-04  -8.332e-04  -0.000e+00  1.000e+02
-7.328e-04  -7.328e-04  -0.000e+00  1.000e+02
-2.245e-03  -2.245e-03  -0.000e+00  1.000e+02
-1.902e-03  -1.902e-03  -0.000e+00  1.000e+02
-1.809e-03  -1.809e-03  -0.000e+00  1.000e+02
-5.324e-03  -5.324e-03  -0.000e+00  1.000e+02
-4.091e-03  -4.091e-03  -0.000e+00  1.000e+02
-4.100e-03  -4.100e-03  -0.000e+00  1.000e+02
-1.177e-02  -1.177e-02  -0.000e+00  1.000e+02
-1.000e-02  -1.000e-02  -0.000e+00  1.000e+02
-9.666e-03  -9.666e-03  -0.000e+00  1.000e+02
-2.829e-02  -2.829e-02  -0.000e+00  1.000e+02
-2.623e-02  -2.623e-02  -0.000e+00  1.000e+02
-2.350e-02  -2.350e-02  -0.000e+00  1.000e+02
-7.118e-02  -7.118e-02  -0.000e+00  1.000e+02
-5.191e-02  -5.191e-02  -0.000e+00  1.000e+02
-5.507e-02  -5.507e-02  -0.000e+00  1.000e+02
-1.694e-01  -1.694e-01  -0.000e+00  1.000e+02
-1.214e-01  -1.214e-01  -0.000e+00  1.000e+02
-1.147e-01  -1.147e-01  -0.000e+00  1.000e+02
-3.503e-01  -3.503e-01  -0.000e+00  1.000e+02
-2.316e-01  -2.316e-01  -0.000e+00  1.000e+02
-2.062e-01  -2.062e-01  -0.000e+00  1.000e+02
-5.975e-01  -5.975e-01  -0.000e+00  1.000e+02
-3.380e-01  -3.380e-01  -0.000e+00  1.000e+02
-3.188e-01  -3.188e-01  -0.000e+00  1.000e+02
-9.013e-01  -9.013e-01  -9.983e-03  9.889e+01
-4.285e-01  -4.285e-01  -0.000e+00  1.000e+02
-4.236e-01  -4.236e-01  -0.000e+00  1.000e+02
-1.140e+00  -1.140e+00  -0.000e+00  1.000e+02
-4.895e-01  -4.895e-01  -0.000e+00  1.000e+02
-4.987e-01  -4.987e-01  -0.000e+00  1.000e+02
-1.311e+00  -1.311e+00  -9.983e-03  9.924e+01
-5.248e-01  -5.248e-01  -0.000e+00  1.000e+02
-5.461e-01  -5.461e-01  -9.983e-03  9.817e+01
-1.406e+00  -1.406e+00  -0.000e+00  1.000e+02
-5.327e-01  -5.327e-01  -0.000e+00  1.000e+02
-5.724e-01  -5.724e-01  -0.000e+00  1.000e+02
-1.470e+00  -1.470e+00  -9.983e-03  9.932e+01
-5.572e-01  -5.572e-01  -0.000e+00  1.000e+02
-5.839e-01  -5.839e-01  -1.412e-02  9.758e+01
-1.501e+00  -1.501e+00  -0.000e+00  1.000e+02
-5.632e-01  -5.632e-01  -9.983e-03  9.823e+01
-5.907e-01  -5.907e-01  -0.000e+00  1.000e+02
-1.530e+00  -1.530e+00  -1.729e-02  9.887e+01
-5.670e-01  -5.670e-01  -0.000e+00  1.000e+02
-5.941e-01  -5.941e-01  -0.000e+00  1.000e+02
-1.526e+00  -1.526e+00  -1.412e-02  9.907e+01
-5.677e-01  -5.677e-01  -0.000e+00  1.000e+02
-5.945e-01  -5.945e-01  -0.000e+00  1.000e+02
-1.544e+00  -1.544e+00  -9.983e-03  9.935e+01
-5.510e-01  -5.510e-01  -9.983e-03  9.819e+01
-5.763e-01  -5.763e-01  -0.000e+00  1.000e+02
-1.524e+00  -1.524e+00  -1.997e-02  9.869e+01
-5.471e-01  -5.471e-01  -9.983e-03  9.818e+01
-5.952e-01  -5.952e-01  -9.983e-03  9.832e+01
-1.513e+00  -1.513e+00  -1.412e-02  9.907e+01
========================================================================================

step: 1/15 res:22.205183282650044, res/res0:0.9896329491718899  dq_norm: [0.01729063 0.0199655  0.03866303]

A info: before HHL prepare:
Spectral radius (A): 9.811e+01, lambda_min:5.971478623002694
condition number(A): 1.643e+01, norm2_cond:397.7446379263884
det(A): 3.312e+93
--------------------------------------------------------------------------------

A_hhl info: after scaling by spectral radius:
Spectral radius (A): 1.000e+00, lambda_min:0.06086263511842872
condition number(A): 1.643e+01, norm2_cond:397.74463792639204
det(A): 1.038e-26, nnz: 14 non zeros per row
--------------------------------------------------------------------------------

Size of A & B are not power of 2:
Next 2 power of 60 = 64
Value to be padded = 4
--------------------------------------------------

==================== Print (N)^2 padded matrix system =======================
Padded shape of A: (60, 60)x(60, 60) -> (64, 64)x(64, 64)
Padded shape of B: (60,) -> (64,)
Determinant of padded matrix: 1.0379827634312368e-26
Condition # of padded matrix: 397.74463792639204


Matrix is not Hermitian. Making it Hermitian.......

==================== Print Hermitian matrix system info =======================
Shape of hermitian A: 64x64 -> 128x128
Shape of           B: 64 -> 128
Determinant of Hermitian matrix: 1.0774082171803775e-52
Condition # of Hermitian matrix: 397.74463792638915

=================================== Generating HHL circuit ===================================
Time elapsed for generating HHL circuit: 5 min 1.99 sec

Generated circuit: num_qubits=18, gates=23, depth=5
============================== Generated Circuit saved ==============================

============================== Transpiling circuit ==============================
This is using the AerSimulator('aer_simulator_statevector') transpiler.
Time elapsed for transpiling the circuit:  0 min 49.33 sec
Transpiled circuit, num_qubits: 18, (original: 18)
Transpiled circuit depth: 464201 (original: 5)
Transpiled circuit gates: 464353 (original: 23)
============================== Transpiled Circuit saved ==============================
Time elapsed for running the circuit:  2 min 29.39 sec
total_qubits: 18, nq:7

Time elapsed for extracting shots-based hhl counts solution:  0 min 0.00 sec

[HHL info]: linear system residual (e=||Ax-b||_2): 22.106853101123455
[HHL info]: Fidelity(true_sol, hhl_sol): 0.3080475363751171
[HHL info]: L2 error (absolute): 5.313926031620319
[HHL info]: L2 error (relative): 0.998704083978307
[HHL info]: L2 error (normalized): 0.9433765921737386

========================================================================================
 Compare system solutions using LU of A, LU sol of A_herm, HHL of Ax=b hermition system
LU sol 	    Herm LU sol    HHL sol    L1_diff(%)
-2.266e-04  -2.266e-04  -0.000e+00  1.000e+02
-1.926e-04  -1.926e-04  -0.000e+00  1.000e+02
-6.006e-04  -6.006e-04  -0.000e+00  1.000e+02
-8.310e-04  -8.310e-04  -0.000e+00  1.000e+02
-7.317e-04  -7.317e-04  -0.000e+00  1.000e+02
-2.240e-03  -2.240e-03  -0.000e+00  1.000e+02
-1.894e-03  -1.894e-03  -0.000e+00  1.000e+02
-1.805e-03  -1.805e-03  -0.000e+00  1.000e+02
-5.306e-03  -5.306e-03  -0.000e+00  1.000e+02
-4.078e-03  -4.078e-03  -0.000e+00  1.000e+02
-4.093e-03  -4.093e-03  -0.000e+00  1.000e+02
-1.174e-02  -1.174e-02  -0.000e+00  1.000e+02
-1.001e-02  -1.001e-02  -0.000e+00  1.000e+02
-9.668e-03  -9.668e-03  -0.000e+00  1.000e+02
-2.830e-02  -2.830e-02  -0.000e+00  1.000e+02
-2.630e-02  -2.630e-02  -0.000e+00  1.000e+02
-2.354e-02  -2.354e-02  -0.000e+00  1.000e+02
-7.132e-02  -7.132e-02  -0.000e+00  1.000e+02
-5.200e-02  -5.200e-02  -0.000e+00  1.000e+02
-5.511e-02  -5.511e-02  -3.325e-03  9.397e+01
-1.696e-01  -1.696e-01  -0.000e+00  1.000e+02
-1.213e-01  -1.213e-01  -0.000e+00  1.000e+02
-1.147e-01  -1.147e-01  -0.000e+00  1.000e+02
-3.503e-01  -3.503e-01  -0.000e+00  1.000e+02
-2.312e-01  -2.312e-01  -0.000e+00  1.000e+02
-2.061e-01  -2.061e-01  -0.000e+00  1.000e+02
-5.963e-01  -5.963e-01  -0.000e+00  1.000e+02
-3.373e-01  -3.373e-01  -0.000e+00  1.000e+02
-3.186e-01  -3.186e-01  -0.000e+00  1.000e+02
-8.889e-01  -8.889e-01  -3.325e-03  9.963e+01
-4.286e-01  -4.286e-01  -3.325e-03  9.922e+01
-4.240e-01  -4.240e-01  -0.000e+00  1.000e+02
-1.139e+00  -1.139e+00  -0.000e+00  1.000e+02
-4.913e-01  -4.913e-01  -0.000e+00  1.000e+02
-4.991e-01  -4.991e-01  -0.000e+00  1.000e+02
-1.305e+00  -1.305e+00  -0.000e+00  1.000e+02
-5.279e-01  -5.279e-01  -0.000e+00  1.000e+02
-5.364e-01  -5.364e-01  -0.000e+00  1.000e+02
-1.413e+00  -1.413e+00  -0.000e+00  1.000e+02
-5.354e-01  -5.354e-01  -0.000e+00  1.000e+02
-5.722e-01  -5.722e-01  -3.325e-03  9.942e+01
-1.466e+00  -1.466e+00  -4.703e-03  9.968e+01
-5.573e-01  -5.573e-01  -0.000e+00  1.000e+02
-5.685e-01  -5.685e-01  -0.000e+00  1.000e+02
-1.503e+00  -1.503e+00  -0.000e+00  1.000e+02
-5.510e-01  -5.510e-01  -0.000e+00  1.000e+02
-5.919e-01  -5.919e-01  -0.000e+00  1.000e+02
-1.508e+00  -1.508e+00  -3.325e-03  9.978e+01
-5.646e-01  -5.646e-01  -4.703e-03  9.917e+01
-5.931e-01  -5.931e-01  -0.000e+00  1.000e+02
-1.505e+00  -1.505e+00  -4.703e-03  9.969e+01
-5.639e-01  -5.639e-01  -3.325e-03  9.941e+01
-5.942e-01  -5.942e-01  -0.000e+00  1.000e+02
-1.523e+00  -1.523e+00  -0.000e+00  1.000e+02
-5.380e-01  -5.380e-01  -3.325e-03  9.938e+01
-5.775e-01  -5.775e-01  -0.000e+00  1.000e+02
-1.496e+00  -1.496e+00  -3.325e-03  9.978e+01
-5.362e-01  -5.362e-01  -0.000e+00  1.000e+02
-5.854e-01  -5.854e-01  -0.000e+00  1.000e+02
-1.498e+00  -1.498e+00  -0.000e+00  1.000e+02
========================================================================================

step: 2/15 res:22.05584297843515, res/res0:0.9829772020065023  dq_norm: [0.00743536 0.00470253 0.00879764]

A info: before HHL prepare:
Spectral radius (A): 9.813e+01, lambda_min:5.981071738191481
condition number(A): 1.641e+01, norm2_cond:397.3356097249501
det(A): 3.408e+93
--------------------------------------------------------------------------------

A_hhl info: after scaling by spectral radius:
Spectral radius (A): 1.000e+00, lambda_min:0.06095081303888211
condition number(A): 1.641e+01, norm2_cond:397.33560972494837
det(A): 1.058e-26, nnz: 14 non zeros per row
--------------------------------------------------------------------------------

Size of A & B are not power of 2:
Next 2 power of 60 = 64
Value to be padded = 4
--------------------------------------------------

==================== Print (N)^2 padded matrix system =======================
Padded shape of A: (60, 60)x(60, 60) -> (64, 64)x(64, 64)
Padded shape of B: (60,) -> (64,)
Determinant of padded matrix: 1.0580541626801737e-26
Condition # of padded matrix: 397.33560972494837


Matrix is not Hermitian. Making it Hermitian.......

==================== Print Hermitian matrix system info =======================
Shape of hermitian A: 64x64 -> 128x128
Shape of           B: 64 -> 128
Determinant of Hermitian matrix: 1.1194786111648435e-52
Condition # of Hermitian matrix: 397.33560972495366

=================================== Generating HHL circuit ===================================
Time elapsed for generating HHL circuit: 4 min 55.54 sec

Generated circuit: num_qubits=18, gates=23, depth=5
============================== Generated Circuit saved ==============================

============================== Transpiling circuit ==============================
This is using the AerSimulator('aer_simulator_statevector') transpiler.
Time elapsed for transpiling the circuit:  0 min 52.57 sec
Transpiled circuit, num_qubits: 18, (original: 18)
Transpiled circuit depth: 464197 (original: 5)
Transpiled circuit gates: 464349 (original: 23)
============================== Transpiled Circuit saved ==============================
Time elapsed for running the circuit:  2 min 31.04 sec
total_qubits: 18, nq:7

Time elapsed for extracting shots-based hhl counts solution:  0 min 0.00 sec

[HHL info]: linear system residual (e=||Ax-b||_2): 21.457975123575743
[HHL info]: Fidelity(true_sol, hhl_sol): 0.637664699472412
[HHL info]: L2 error (absolute): 5.199392680260499
[HHL info]: L2 error (relative): 0.9791010105144856
[HHL info]: L2 error (normalized): 0.6347612097738047

========================================================================================
 Compare system solutions using LU of A, LU sol of A_herm, HHL of Ax=b hermition system
LU sol 	    Herm LU sol    HHL sol    L1_diff(%)
-2.268e-04  -2.268e-04  -0.000e+00  1.000e+02
-1.927e-04  -1.927e-04  -0.000e+00  1.000e+02
-6.011e-04  -6.011e-04  -0.000e+00  1.000e+02
-8.253e-04  -8.253e-04  -0.000e+00  1.000e+02
-7.288e-04  -7.288e-04  -0.000e+00  1.000e+02
-2.228e-03  -2.228e-03  -0.000e+00  1.000e+02
-1.872e-03  -1.872e-03  -0.000e+00  1.000e+02
-1.793e-03  -1.793e-03  -0.000e+00  1.000e+02
-5.259e-03  -5.259e-03  -0.000e+00  1.000e+02
-4.047e-03  -4.047e-03  -0.000e+00  1.000e+02
-4.080e-03  -4.080e-03  -0.000e+00  1.000e+02
-1.168e-02  -1.168e-02  -0.000e+00  1.000e+02
-1.003e-02  -1.003e-02  -0.000e+00  1.000e+02
-9.686e-03  -9.686e-03  -0.000e+00  1.000e+02
-2.833e-02  -2.833e-02  -0.000e+00  1.000e+02
-2.643e-02  -2.643e-02  -0.000e+00  1.000e+02
-2.359e-02  -2.359e-02  -0.000e+00  1.000e+02
-7.164e-02  -7.164e-02  -0.000e+00  1.000e+02
-5.216e-02  -5.216e-02  -0.000e+00  1.000e+02
-5.177e-02  -5.177e-02  -0.000e+00  1.000e+02
-1.700e-01  -1.700e-01  -0.000e+00  1.000e+02
-1.214e-01  -1.214e-01  -0.000e+00  1.000e+02
-1.147e-01  -1.147e-01  -0.000e+00  1.000e+02
-3.505e-01  -3.505e-01  -0.000e+00  1.000e+02
-2.309e-01  -2.309e-01  -0.000e+00  1.000e+02
-2.059e-01  -2.059e-01  -0.000e+00  1.000e+02
-5.955e-01  -5.955e-01  -0.000e+00  1.000e+02
-3.366e-01  -3.366e-01  -0.000e+00  1.000e+02
-3.185e-01  -3.185e-01  -0.000e+00  1.000e+02
-8.837e-01  -8.837e-01  -3.496e-02  9.604e+01
-4.246e-01  -4.246e-01  -0.000e+00  1.000e+02
-4.241e-01  -4.241e-01  -3.496e-02  9.176e+01
-1.138e+00  -1.138e+00  -3.496e-02  9.693e+01
-4.915e-01  -4.915e-01  -0.000e+00  1.000e+02
-4.992e-01  -4.992e-01  -0.000e+00  1.000e+02
-1.305e+00  -1.305e+00  -3.496e-02  9.732e+01
-5.288e-01  -5.288e-01  -0.000e+00  1.000e+02
-5.366e-01  -5.366e-01  -0.000e+00  1.000e+02
-1.415e+00  -1.415e+00  -4.944e-02  9.651e+01
-5.363e-01  -5.363e-01  -3.496e-02  9.348e+01
-5.688e-01  -5.688e-01  -0.000e+00  1.000e+02
-1.463e+00  -1.463e+00  -6.055e-02  9.586e+01
-5.572e-01  -5.572e-01  -0.000e+00  1.000e+02
-5.683e-01  -5.683e-01  -0.000e+00  1.000e+02
-1.503e+00  -1.503e+00  -3.496e-02  9.767e+01
-5.497e-01  -5.497e-01  -0.000e+00  1.000e+02
-5.917e-01  -5.917e-01  -0.000e+00  1.000e+02
-1.501e+00  -1.501e+00  -3.496e-02  9.767e+01
-5.576e-01  -5.576e-01  -0.000e+00  1.000e+02
-5.931e-01  -5.931e-01  -0.000e+00  1.000e+02
-1.495e+00  -1.495e+00  -3.496e-02  9.766e+01
-5.587e-01  -5.587e-01  -0.000e+00  1.000e+02
-5.943e-01  -5.943e-01  -0.000e+00  1.000e+02
-1.520e+00  -1.520e+00  -4.944e-02  9.675e+01
-5.338e-01  -5.338e-01  -0.000e+00  1.000e+02
-5.778e-01  -5.778e-01  -0.000e+00  1.000e+02
-1.491e+00  -1.491e+00  -3.496e-02  9.766e+01
-5.365e-01  -5.365e-01  -0.000e+00  1.000e+02
-5.855e-01  -5.855e-01  -0.000e+00  1.000e+02
-1.499e+00  -1.499e+00  -0.000e+00  1.000e+02
========================================================================================

step: 3/15 res:22.107068467878868, res/res0:0.9852602019505095  dq_norm: [0.03495847 0.03495847 0.13080262]

A info: before HHL prepare:
Spectral radius (A): 9.794e+01, lambda_min:6.052272185046071
condition number(A): 1.618e+01, norm2_cond:389.35131358937707
det(A): 3.544e+93
--------------------------------------------------------------------------------

A_hhl info: after scaling by spectral radius:
Spectral radius (A): 1.000e+00, lambda_min:0.061797247058812496
condition number(A): 1.618e+01, norm2_cond:389.35131358937696
det(A): 1.237e-26, nnz: 14 non zeros per row
--------------------------------------------------------------------------------

Size of A & B are not power of 2:
Next 2 power of 60 = 64
Value to be padded = 4
--------------------------------------------------

==================== Print (N)^2 padded matrix system =======================
Padded shape of A: (60, 60)x(60, 60) -> (64, 64)x(64, 64)
Padded shape of B: (60,) -> (64,)
Determinant of padded matrix: 1.2373411835866563e-26
Condition # of padded matrix: 389.35131358937696


Matrix is not Hermitian. Making it Hermitian.......

==================== Print Hermitian matrix system info =======================
Shape of hermitian A: 64x64 -> 128x128
Shape of           B: 64 -> 128
Determinant of Hermitian matrix: 1.5310132045995621e-52
Condition # of Hermitian matrix: 389.3513135893777

=================================== Generating HHL circuit ===================================
Time elapsed for generating HHL circuit: 5 min 2.96 sec

Generated circuit: num_qubits=18, gates=23, depth=5
============================== Generated Circuit saved ==============================

============================== Transpiling circuit ==============================
This is using the AerSimulator('aer_simulator_statevector') transpiler.
Time elapsed for transpiling the circuit:  0 min 54.99 sec
Transpiled circuit, num_qubits: 18, (original: 18)
Transpiled circuit depth: 464203 (original: 5)
Transpiled circuit gates: 464355 (original: 23)
============================== Transpiled Circuit saved ==============================
Time elapsed for running the circuit:  2 min 32.00 sec
total_qubits: 18, nq:7

Time elapsed for extracting shots-based hhl counts solution:  0 min 0.00 sec

[HHL info]: linear system residual (e=||Ax-b||_2): 21.215016263695947
[HHL info]: Fidelity(true_sol, hhl_sol): 0.5501078211509279
[HHL info]: L2 error (absolute): 5.115392114319112
[HHL info]: L2 error (relative): 0.990043503261751
[HHL info]: L2 error (normalized): 0.7187592946844035

========================================================================================
 Compare system solutions using LU of A, LU sol of A_herm, HHL of Ax=b hermition system
LU sol 	    Herm LU sol    HHL sol    L1_diff(%)
-2.220e-04  -2.220e-04  -0.000e+00  1.000e+02
-1.903e-04  -1.903e-04  -0.000e+00  1.000e+02
-5.909e-04  -5.909e-04  -0.000e+00  1.000e+02
-8.175e-04  -8.175e-04  -0.000e+00  1.000e+02
-7.249e-04  -7.249e-04  -0.000e+00  1.000e+02
-2.211e-03  -2.211e-03  -0.000e+00  1.000e+02
-1.887e-03  -1.887e-03  -0.000e+00  1.000e+02
-1.800e-03  -1.800e-03  -0.000e+00  1.000e+02
-5.292e-03  -5.292e-03  -0.000e+00  1.000e+02
-4.130e-03  -4.130e-03  -0.000e+00  1.000e+02
-4.121e-03  -4.121e-03  -0.000e+00  1.000e+02
-1.185e-02  -1.185e-02  -0.000e+00  1.000e+02
-1.016e-02  -1.016e-02  -0.000e+00  1.000e+02
-9.755e-03  -9.755e-03  -0.000e+00  1.000e+02
-2.861e-02  -2.861e-02  -0.000e+00  1.000e+02
-2.638e-02  -2.638e-02  -0.000e+00  1.000e+02
-2.358e-02  -2.358e-02  -0.000e+00  1.000e+02
-7.154e-02  -7.154e-02  -0.000e+00  1.000e+02
-5.141e-02  -5.141e-02  -0.000e+00  1.000e+02
-5.129e-02  -5.129e-02  -0.000e+00  1.000e+02
-1.684e-01  -1.684e-01  -0.000e+00  1.000e+02
-1.201e-01  -1.201e-01  -0.000e+00  1.000e+02
-1.140e-01  -1.140e-01  -0.000e+00  1.000e+02
-3.480e-01  -3.480e-01  -0.000e+00  1.000e+02
-2.324e-01  -2.324e-01  -0.000e+00  1.000e+02
-2.076e-01  -2.076e-01  -0.000e+00  1.000e+02
-5.975e-01  -5.975e-01  -0.000e+00  1.000e+02
-3.429e-01  -3.429e-01  -0.000e+00  1.000e+02
-3.204e-01  -3.204e-01  -0.000e+00  1.000e+02
-8.596e-01  -8.596e-01  -0.000e+00  1.000e+02
-4.289e-01  -4.289e-01  -0.000e+00  1.000e+02
-3.867e-01  -3.867e-01  -0.000e+00  1.000e+02
-1.112e+00  -1.112e+00  -0.000e+00  1.000e+02
-4.869e-01  -4.869e-01  -0.000e+00  1.000e+02
-4.969e-01  -4.969e-01  -0.000e+00  1.000e+02
-1.254e+00  -1.254e+00  -3.016e-02  9.760e+01
-5.186e-01  -5.186e-01  -0.000e+00  1.000e+02
-5.365e-01  -5.365e-01  -0.000e+00  1.000e+02
-1.336e+00  -1.336e+00  -1.741e-02  9.870e+01
-4.916e-01  -4.916e-01  -0.000e+00  1.000e+02
-5.718e-01  -5.718e-01  -1.741e-02  9.695e+01
-1.379e+00  -1.379e+00  -1.741e-02  9.874e+01
-5.539e-01  -5.539e-01  -0.000e+00  1.000e+02
-5.680e-01  -5.680e-01  -0.000e+00  1.000e+02
-1.454e+00  -1.454e+00  -1.741e-02  9.880e+01
-5.468e-01  -5.468e-01  -0.000e+00  1.000e+02
-5.912e-01  -5.912e-01  -0.000e+00  1.000e+02
-1.454e+00  -1.454e+00  -2.462e-02  9.831e+01
-5.545e-01  -5.545e-01  -0.000e+00  1.000e+02
-5.929e-01  -5.929e-01  -0.000e+00  1.000e+02
-1.447e+00  -1.447e+00  -1.741e-02  9.880e+01
-5.565e-01  -5.565e-01  -0.000e+00  1.000e+02
-5.947e-01  -5.947e-01  -0.000e+00  1.000e+02
-1.457e+00  -1.457e+00  -1.741e-02  9.881e+01
-5.335e-01  -5.335e-01  -0.000e+00  1.000e+02
-5.782e-01  -5.782e-01  -2.462e-02  9.574e+01
-1.451e+00  -1.451e+00  -2.462e-02  9.830e+01
-5.374e-01  -5.374e-01  -0.000e+00  1.000e+02
-5.856e-01  -5.856e-01  -1.741e-02  9.703e+01
-1.501e+00  -1.501e+00  -0.000e+00  1.000e+02
========================================================================================

step: 4/15 res:21.462447003465225, res/res0:0.9565309348777342  dq_norm: [0.         0.03482366 0.06031635]

A info: before HHL prepare:
Spectral radius (A): 9.784e+01, lambda_min:6.035597014598204
condition number(A): 1.621e+01, norm2_cond:390.5233516297112
det(A): 3.008e+93
--------------------------------------------------------------------------------

A_hhl info: after scaling by spectral radius:
Spectral radius (A): 1.000e+00, lambda_min:0.06169098554257874
condition number(A): 1.621e+01, norm2_cond:390.52335162971445
det(A): 1.118e-26, nnz: 14 non zeros per row
--------------------------------------------------------------------------------

Size of A & B are not power of 2:
Next 2 power of 60 = 64
Value to be padded = 4
--------------------------------------------------

==================== Print (N)^2 padded matrix system =======================
Padded shape of A: (60, 60)x(60, 60) -> (64, 64)x(64, 64)
Padded shape of B: (60,) -> (64,)
Determinant of padded matrix: 1.117668848017582e-26
Condition # of padded matrix: 390.52335162971445


Matrix is not Hermitian. Making it Hermitian.......

==================== Print Hermitian matrix system info =======================
Shape of hermitian A: 64x64 -> 128x128
Shape of           B: 64 -> 128
Determinant of Hermitian matrix: 1.249183653828949e-52
Condition # of Hermitian matrix: 390.52335162971525

=================================== Generating HHL circuit ===================================
Time elapsed for generating HHL circuit: 5 min 6.05 sec

Generated circuit: num_qubits=18, gates=23, depth=5
============================== Generated Circuit saved ==============================

============================== Transpiling circuit ==============================
This is using the AerSimulator('aer_simulator_statevector') transpiler.
Time elapsed for transpiling the circuit:  0 min 54.96 sec
Transpiled circuit, num_qubits: 18, (original: 18)
Transpiled circuit depth: 464197 (original: 5)
Transpiled circuit gates: 464349 (original: 23)
============================== Transpiled Circuit saved ==============================
Time elapsed for running the circuit:  2 min 31.49 sec
total_qubits: 18, nq:7

Time elapsed for extracting shots-based hhl counts solution:  0 min 0.00 sec

[HHL info]: linear system residual (e=||Ax-b||_2): 23.162456016069175
[HHL info]: Fidelity(true_sol, hhl_sol): 0.4705267195665423
[HHL info]: L2 error (absolute): 5.059586682704697
[HHL info]: L2 error (relative): 0.9871557283396886
[HHL info]: L2 error (normalized): 0.7925282301613881

========================================================================================
 Compare system solutions using LU of A, LU sol of A_herm, HHL of Ax=b hermition system
LU sol 	    Herm LU sol    HHL sol    L1_diff(%)
-2.227e-04  -2.227e-04  -0.000e+00  1.000e+02
-1.907e-04  -1.907e-04  -0.000e+00  1.000e+02
-5.923e-04  -5.923e-04  -0.000e+00  1.000e+02
-8.196e-04  -8.196e-04  -0.000e+00  1.000e+02
-7.260e-04  -7.260e-04  -0.000e+00  1.000e+02
-2.216e-03  -2.216e-03  -0.000e+00  1.000e+02
-1.888e-03  -1.888e-03  -0.000e+00  1.000e+02
-1.801e-03  -1.801e-03  -0.000e+00  1.000e+02
-5.295e-03  -5.295e-03  -0.000e+00  1.000e+02
-4.123e-03  -4.123e-03  -0.000e+00  1.000e+02
-4.118e-03  -4.118e-03  -0.000e+00  1.000e+02
-1.184e-02  -1.184e-02  -0.000e+00  1.000e+02
-1.014e-02  -1.014e-02  -0.000e+00  1.000e+02
-9.745e-03  -9.745e-03  -0.000e+00  1.000e+02
-2.856e-02  -2.856e-02  -0.000e+00  1.000e+02
-2.636e-02  -2.636e-02  -0.000e+00  1.000e+02
-2.357e-02  -2.357e-02  -0.000e+00  1.000e+02
-7.150e-02  -7.150e-02  -0.000e+00  1.000e+02
-5.147e-02  -5.147e-02  -0.000e+00  1.000e+02
-5.132e-02  -5.132e-02  -0.000e+00  1.000e+02
-1.685e-01  -1.685e-01  -0.000e+00  1.000e+02
-1.203e-01  -1.203e-01  -0.000e+00  1.000e+02
-1.142e-01  -1.142e-01  -0.000e+00  1.000e+02
-3.485e-01  -3.485e-01  -0.000e+00  1.000e+02
-2.325e-01  -2.325e-01  -0.000e+00  1.000e+02
-2.076e-01  -2.076e-01  -0.000e+00  1.000e+02
-5.977e-01  -5.977e-01  -0.000e+00  1.000e+02
-3.422e-01  -3.422e-01  -2.061e-02  9.398e+01
-3.199e-01  -3.199e-01  -0.000e+00  1.000e+02
-8.585e-01  -8.585e-01  -2.915e-02  9.660e+01
-4.275e-01  -4.275e-01  -0.000e+00  1.000e+02
-3.864e-01  -3.864e-01  -0.000e+00  1.000e+02
-1.108e+00  -1.108e+00  -0.000e+00  1.000e+02
-4.873e-01  -4.873e-01  -2.061e-02  9.577e+01
-4.981e-01  -4.981e-01  -0.000e+00  1.000e+02
-1.220e+00  -1.220e+00  -2.915e-02  9.761e+01
-5.215e-01  -5.215e-01  -2.061e-02  9.605e+01
-5.372e-01  -5.372e-01  -0.000e+00  1.000e+02
-1.323e+00  -1.323e+00  -0.000e+00  1.000e+02
-4.931e-01  -4.931e-01  -2.061e-02  9.582e+01
-5.528e-01  -5.528e-01  -0.000e+00  1.000e+02
-1.364e+00  -1.364e+00  -0.000e+00  1.000e+02
-5.525e-01  -5.525e-01  -0.000e+00  1.000e+02
-5.678e-01  -5.678e-01  -0.000e+00  1.000e+02
-1.431e+00  -1.431e+00  -0.000e+00  1.000e+02
-5.441e-01  -5.441e-01  -0.000e+00  1.000e+02
-5.904e-01  -5.904e-01  -0.000e+00  1.000e+02
-1.420e+00  -1.420e+00  -4.123e-02  9.710e+01
-5.537e-01  -5.537e-01  -0.000e+00  1.000e+02
-5.937e-01  -5.937e-01  -0.000e+00  1.000e+02
-1.425e+00  -1.425e+00  -2.915e-02  9.795e+01
-5.613e-01  -5.613e-01  -0.000e+00  1.000e+02
-5.964e-01  -5.964e-01  -2.061e-02  9.654e+01
-1.447e+00  -1.447e+00  -3.570e-02  9.753e+01
-5.416e-01  -5.416e-01  -0.000e+00  1.000e+02
-5.526e-01  -5.526e-01  -2.915e-02  9.472e+01
-1.444e+00  -1.444e+00  -2.061e-02  9.857e+01
-5.458e-01  -5.458e-01  -0.000e+00  1.000e+02
-5.680e-01  -5.680e-01  -0.000e+00  1.000e+02
-1.523e+00  -1.523e+00  -2.061e-02  9.865e+01
========================================================================================

step: 5/15 res:21.213030019197227, res/res0:0.9454150047557992  dq_norm: [0.04122687 0.03570352 0.07983549]

A info: before HHL prepare:
Spectral radius (A): 9.818e+01, lambda_min:6.035319958608596
condition number(A): 1.627e+01, norm2_cond:391.48473023880223
det(A): 3.569e+93
--------------------------------------------------------------------------------

A_hhl info: after scaling by spectral radius:
Spectral radius (A): 1.000e+00, lambda_min:0.061473998657870434
condition number(A): 1.627e+01, norm2_cond:391.4847302388001
det(A): 1.077e-26, nnz: 21 non zeros per row
--------------------------------------------------------------------------------

Size of A & B are not power of 2:
Next 2 power of 60 = 64
Value to be padded = 4
--------------------------------------------------

==================== Print (N)^2 padded matrix system =======================
Padded shape of A: (60, 60)x(60, 60) -> (64, 64)x(64, 64)
Padded shape of B: (60,) -> (64,)
Determinant of padded matrix: 1.0766170559222833e-26
Condition # of padded matrix: 391.4847302388001


Matrix is not Hermitian. Making it Hermitian.......

==================== Print Hermitian matrix system info =======================
Shape of hermitian A: 64x64 -> 128x128
Shape of           B: 64 -> 128
Determinant of Hermitian matrix: 1.1591042851026823e-52
Condition # of Hermitian matrix: 391.4847302387981

=================================== Generating HHL circuit ===================================
Time elapsed for generating HHL circuit: 5 min 2.23 sec

Generated circuit: num_qubits=18, gates=23, depth=5
============================== Generated Circuit saved ==============================

============================== Transpiling circuit ==============================
This is using the AerSimulator('aer_simulator_statevector') transpiler.
Time elapsed for transpiling the circuit:  0 min 45.07 sec
Transpiled circuit, num_qubits: 18, (original: 18)
Transpiled circuit depth: 464203 (original: 5)
Transpiled circuit gates: 464355 (original: 23)
============================== Transpiled Circuit saved ==============================
Time elapsed for running the circuit:  2 min 29.15 sec
total_qubits: 18, nq:7

Time elapsed for extracting shots-based hhl counts solution:  0 min 0.00 sec

[HHL info]: linear system residual (e=||Ax-b||_2): 23.135572578250674
[HHL info]: Fidelity(true_sol, hhl_sol): 0.4469890566388857
[HHL info]: L2 error (absolute): 5.03452464717531
[HHL info]: L2 error (relative): 0.9964577741113019
[HHL info]: L2 error (normalized): 0.81415919580595

========================================================================================
 Compare system solutions using LU of A, LU sol of A_herm, HHL of Ax=b hermition system
LU sol 	    Herm LU sol    HHL sol    L1_diff(%)
-2.239e-04  -2.239e-04  -0.000e+00  1.000e+02
-1.912e-04  -1.912e-04  -0.000e+00  1.000e+02
-5.947e-04  -5.947e-04  -0.000e+00  1.000e+02
-8.067e-04  -8.067e-04  -0.000e+00  1.000e+02
-7.196e-04  -7.196e-04  -0.000e+00  1.000e+02
-2.188e-03  -2.188e-03  -0.000e+00  1.000e+02
-1.833e-03  -1.833e-03  -0.000e+00  1.000e+02
-1.773e-03  -1.773e-03  -0.000e+00  1.000e+02
-5.178e-03  -5.178e-03  -0.000e+00  1.000e+02
-4.033e-03  -4.033e-03  -0.000e+00  1.000e+02
-4.070e-03  -4.070e-03  -0.000e+00  1.000e+02
-1.165e-02  -1.165e-02  -0.000e+00  1.000e+02
-1.016e-02  -1.016e-02  -0.000e+00  1.000e+02
-9.760e-03  -9.760e-03  -0.000e+00  1.000e+02
-2.861e-02  -2.861e-02  -0.000e+00  1.000e+02
-2.677e-02  -2.677e-02  -0.000e+00  1.000e+02
-2.379e-02  -2.379e-02  -0.000e+00  1.000e+02
-7.233e-02  -7.233e-02  -0.000e+00  1.000e+02
-5.218e-02  -5.218e-02  -0.000e+00  1.000e+02
-5.168e-02  -5.168e-02  -0.000e+00  1.000e+02
-1.702e-01  -1.702e-01  -0.000e+00  1.000e+02
-1.198e-01  -1.198e-01  -0.000e+00  1.000e+02
-1.134e-01  -1.134e-01  -0.000e+00  1.000e+02
-3.474e-01  -3.474e-01  -0.000e+00  1.000e+02
-2.301e-01  -2.301e-01  -0.000e+00  1.000e+02
-2.077e-01  -2.077e-01  -0.000e+00  1.000e+02
-5.921e-01  -5.921e-01  -0.000e+00  1.000e+02
-3.173e-01  -3.173e-01  -0.000e+00  1.000e+02
-3.204e-01  -3.204e-01  -0.000e+00  1.000e+02
-8.211e-01  -8.211e-01  -0.000e+00  1.000e+02
-4.225e-01  -4.225e-01  -0.000e+00  1.000e+02
-3.853e-01  -3.853e-01  -0.000e+00  1.000e+02
-1.097e+00  -1.097e+00  -9.202e-03  9.916e+01
-4.582e-01  -4.582e-01  -0.000e+00  1.000e+02
-4.981e-01  -4.981e-01  -0.000e+00  1.000e+02
-1.174e+00  -1.174e+00  -0.000e+00  1.000e+02
-4.932e-01  -4.932e-01  -6.507e-03  9.868e+01
-5.379e-01  -5.379e-01  -6.507e-03  9.879e+01
-1.311e+00  -1.311e+00  -0.000e+00  1.000e+02
-4.677e-01  -4.677e-01  -6.507e-03  9.861e+01
-5.531e-01  -5.531e-01  -0.000e+00  1.000e+02
-1.358e+00  -1.358e+00  -6.507e-03  9.952e+01
-5.496e-01  -5.496e-01  -0.000e+00  1.000e+02
-5.662e-01  -5.662e-01  -0.000e+00  1.000e+02
-1.423e+00  -1.423e+00  -1.127e-02  9.921e+01
-5.436e-01  -5.436e-01  -6.507e-03  9.880e+01
-5.912e-01  -5.912e-01  -0.000e+00  1.000e+02
-1.371e+00  -1.371e+00  -9.202e-03  9.933e+01
-5.612e-01  -5.612e-01  -0.000e+00  1.000e+02
-5.971e-01  -5.971e-01  -0.000e+00  1.000e+02
-1.406e+00  -1.406e+00  -0.000e+00  1.000e+02
-5.731e-01  -5.731e-01  -0.000e+00  1.000e+02
-5.753e-01  -5.753e-01  -0.000e+00  1.000e+02
-1.436e+00  -1.436e+00  -0.000e+00  1.000e+02
-5.470e-01  -5.470e-01  -6.507e-03  9.881e+01
-5.200e-01  -5.200e-01  -0.000e+00  1.000e+02
-1.435e+00  -1.435e+00  -6.507e-03  9.955e+01
-5.442e-01  -5.442e-01  -0.000e+00  1.000e+02
-5.673e-01  -5.673e-01  -0.000e+00  1.000e+02
-1.495e+00  -1.495e+00  -1.127e-02  9.925e+01
========================================================================================

step: 6/15 res:23.185952417200223, res/res0:1.0333435296578448  dq_norm: [0.01301341 0.0065067  0.02253989]

A info: before HHL prepare:
Spectral radius (A): 9.822e+01, lambda_min:6.057637696945797
condition number(A): 1.621e+01, norm2_cond:390.2802868400226
det(A): 3.827e+93
--------------------------------------------------------------------------------

A_hhl info: after scaling by spectral radius:
Spectral radius (A): 1.000e+00, lambda_min:0.061677233088255
condition number(A): 1.621e+01, norm2_cond:390.28028684001805
det(A): 1.128e-26, nnz: 14 non zeros per row
--------------------------------------------------------------------------------

Size of A & B are not power of 2:
Next 2 power of 60 = 64
Value to be padded = 4
--------------------------------------------------

==================== Print (N)^2 padded matrix system =======================
Padded shape of A: (60, 60)x(60, 60) -> (64, 64)x(64, 64)
Padded shape of B: (60,) -> (64,)
Determinant of padded matrix: 1.1275057369043703e-26
Condition # of padded matrix: 390.28028684001805


Matrix is not Hermitian. Making it Hermitian.......

==================== Print Hermitian matrix system info =======================
Shape of hermitian A: 64x64 -> 128x128
Shape of           B: 64 -> 128
Determinant of Hermitian matrix: 1.271269186752267e-52
Condition # of Hermitian matrix: 390.28028684001634

=================================== Generating HHL circuit ===================================
Time elapsed for generating HHL circuit: 5 min 21.90 sec

Generated circuit: num_qubits=18, gates=23, depth=5
============================== Generated Circuit saved ==============================

============================== Transpiling circuit ==============================
This is using the AerSimulator('aer_simulator_statevector') transpiler.
Time elapsed for transpiling the circuit:  0 min 44.42 sec
Transpiled circuit, num_qubits: 18, (original: 18)
Transpiled circuit depth: 464204 (original: 5)
Transpiled circuit gates: 464356 (original: 23)
============================== Transpiled Circuit saved ==============================
Time elapsed for running the circuit:  2 min 32.05 sec
total_qubits: 18, nq:7

Time elapsed for extracting shots-based hhl counts solution:  0 min 0.00 sec

[HHL info]: linear system residual (e=||Ax-b||_2): 22.295548274212653
[HHL info]: Fidelity(true_sol, hhl_sol): 0.3117094813301434
[HHL info]: L2 error (absolute): 4.96527936377332
[HHL info]: L2 error (relative): 0.9879862495834387
[HHL info]: L2 error (normalized): 0.9398835191033187

========================================================================================
 Compare system solutions using LU of A, LU sol of A_herm, HHL of Ax=b hermition system
LU sol 	    Herm LU sol    HHL sol    L1_diff(%)
-2.239e-04  -2.239e-04  -0.000e+00  1.000e+02
-1.913e-04  -1.913e-04  -0.000e+00  1.000e+02
-5.949e-04  -5.949e-04  -0.000e+00  1.000e+02
-8.065e-04  -8.065e-04  -0.000e+00  1.000e+02
-7.195e-04  -7.195e-04  -0.000e+00  1.000e+02
-2.188e-03  -2.188e-03  -0.000e+00  1.000e+02
-1.831e-03  -1.831e-03  -0.000e+00  1.000e+02
-1.772e-03  -1.772e-03  -0.000e+00  1.000e+02
-5.175e-03  -5.175e-03  -0.000e+00  1.000e+02
-4.029e-03  -4.029e-03  -0.000e+00  1.000e+02
-4.068e-03  -4.068e-03  -0.000e+00  1.000e+02
-1.164e-02  -1.164e-02  -0.000e+00  1.000e+02
-1.016e-02  -1.016e-02  -0.000e+00  1.000e+02
-9.758e-03  -9.758e-03  -0.000e+00  1.000e+02
-2.860e-02  -2.860e-02  -0.000e+00  1.000e+02
-2.678e-02  -2.678e-02  -0.000e+00  1.000e+02
-2.379e-02  -2.379e-02  -0.000e+00  1.000e+02
-7.235e-02  -7.235e-02  -0.000e+00  1.000e+02
-5.221e-02  -5.221e-02  -0.000e+00  1.000e+02
-5.170e-02  -5.170e-02  -0.000e+00  1.000e+02
-1.702e-01  -1.702e-01  -0.000e+00  1.000e+02
-1.198e-01  -1.198e-01  -0.000e+00  1.000e+02
-1.134e-01  -1.134e-01  -0.000e+00  1.000e+02
-3.475e-01  -3.475e-01  -0.000e+00  1.000e+02
-2.299e-01  -2.299e-01  -0.000e+00  1.000e+02
-2.076e-01  -2.076e-01  -0.000e+00  1.000e+02
-5.919e-01  -5.919e-01  -3.041e-02  9.486e+01
-3.173e-01  -3.173e-01  -0.000e+00  1.000e+02
-3.206e-01  -3.206e-01  -0.000e+00  1.000e+02
-8.206e-01  -8.206e-01  -0.000e+00  1.000e+02
-4.228e-01  -4.228e-01  -0.000e+00  1.000e+02
-3.854e-01  -3.854e-01  -0.000e+00  1.000e+02
-1.086e+00  -1.086e+00  -0.000e+00  1.000e+02
-4.579e-01  -4.579e-01  -0.000e+00  1.000e+02
-4.978e-01  -4.978e-01  -0.000e+00  1.000e+02
-1.174e+00  -1.174e+00  -0.000e+00  1.000e+02
-4.851e-01  -4.851e-01  -0.000e+00  1.000e+02
-5.311e-01  -5.311e-01  -0.000e+00  1.000e+02
-1.309e+00  -1.309e+00  -5.267e-02  9.598e+01
-4.591e-01  -4.591e-01  -0.000e+00  1.000e+02
-5.530e-01  -5.530e-01  -0.000e+00  1.000e+02
-1.347e+00  -1.347e+00  -0.000e+00  1.000e+02
-5.480e-01  -5.480e-01  -0.000e+00  1.000e+02
-5.664e-01  -5.664e-01  -0.000e+00  1.000e+02
-1.407e+00  -1.407e+00  -0.000e+00  1.000e+02
-5.359e-01  -5.359e-01  -4.300e-02  9.198e+01
-5.919e-01  -5.919e-01  -0.000e+00  1.000e+02
-1.360e+00  -1.360e+00  -4.300e-02  9.684e+01
-5.603e-01  -5.603e-01  -3.041e-02  9.457e+01
-5.963e-01  -5.963e-01  -0.000e+00  1.000e+02
-1.404e+00  -1.404e+00  -0.000e+00  1.000e+02
-5.710e-01  -5.710e-01  -3.041e-02  9.468e+01
-5.750e-01  -5.750e-01  -0.000e+00  1.000e+02
-1.431e+00  -1.431e+00  -0.000e+00  1.000e+02
-5.386e-01  -5.386e-01  -3.041e-02  9.435e+01
-5.207e-01  -5.207e-01  -0.000e+00  1.000e+02
-1.425e+00  -1.425e+00  -3.041e-02  9.787e+01
-5.439e-01  -5.439e-01  -0.000e+00  1.000e+02
-5.675e-01  -5.675e-01  -0.000e+00  1.000e+02
-1.481e+00  -1.481e+00  -3.041e-02  9.795e+01
========================================================================================

step: 7/15 res:23.13752783602941, res/res0:1.0311853596276102  dq_norm: [0.06799261 0.         0.08600461]

A info: before HHL prepare:
Spectral radius (A): 9.824e+01, lambda_min:6.188145280792626
condition number(A): 1.588e+01, norm2_cond:383.36261664423955
det(A): 5.791e+93
--------------------------------------------------------------------------------

A_hhl info: after scaling by spectral radius:
Spectral radius (A): 1.000e+00, lambda_min:0.06298787268304185
condition number(A): 1.588e+01, norm2_cond:383.3626166442407
det(A): 1.677e-26, nnz: 14 non zeros per row
--------------------------------------------------------------------------------

Size of A & B are not power of 2:
Next 2 power of 60 = 64
Value to be padded = 4
--------------------------------------------------

==================== Print (N)^2 padded matrix system =======================
Padded shape of A: (60, 60)x(60, 60) -> (64, 64)x(64, 64)
Padded shape of B: (60,) -> (64,)
Determinant of padded matrix: 1.677096223042089e-26
Condition # of padded matrix: 383.3626166442407


Matrix is not Hermitian. Making it Hermitian.......

==================== Print Hermitian matrix system info =======================
Shape of hermitian A: 64x64 -> 128x128
Shape of           B: 64 -> 128
Determinant of Hermitian matrix: 2.812651741341881e-52
Condition # of Hermitian matrix: 383.3626166442451

=================================== Generating HHL circuit ===================================
Time elapsed for generating HHL circuit: 5 min 14.13 sec

Generated circuit: num_qubits=18, gates=23, depth=5
============================== Generated Circuit saved ==============================

============================== Transpiling circuit ==============================
This is using the AerSimulator('aer_simulator_statevector') transpiler.
Time elapsed for transpiling the circuit:  0 min 45.46 sec
Transpiled circuit, num_qubits: 18, (original: 18)
Transpiled circuit depth: 464196 (original: 5)
Transpiled circuit gates: 464348 (original: 23)
============================== Transpiled Circuit saved ==============================
Time elapsed for running the circuit:  2 min 31.42 sec
total_qubits: 18, nq:7

Time elapsed for extracting shots-based hhl counts solution:  0 min 0.00 sec

[HHL info]: linear system residual (e=||Ax-b||_2): 21.73730304374078
[HHL info]: Fidelity(true_sol, hhl_sol): 0.5872216130792871
[HHL info]: L2 error (absolute): 4.799015802147379
[HHL info]: L2 error (relative): 0.9751313541560697
[HHL info]: L2 error (normalized): 0.6836609324564344

========================================================================================
 Compare system solutions using LU of A, LU sol of A_herm, HHL of Ax=b hermition system
LU sol 	    Herm LU sol    HHL sol    L1_diff(%)
-2.211e-04  -2.211e-04  -0.000e+00  1.000e+02
-1.899e-04  -1.899e-04  -0.000e+00  1.000e+02
-5.889e-04  -5.889e-04  -0.000e+00  1.000e+02
-7.963e-04  -7.963e-04  -0.000e+00  1.000e+02
-7.143e-04  -7.143e-04  -0.000e+00  1.000e+02
-2.166e-03  -2.166e-03  -0.000e+00  1.000e+02
-1.821e-03  -1.821e-03  -0.000e+00  1.000e+02
-1.767e-03  -1.767e-03  -0.000e+00  1.000e+02
-5.153e-03  -5.153e-03  -0.000e+00  1.000e+02
-4.053e-03  -4.053e-03  -0.000e+00  1.000e+02
-4.081e-03  -4.081e-03  -0.000e+00  1.000e+02
-1.169e-02  -1.169e-02  -0.000e+00  1.000e+02
-1.026e-02  -1.026e-02  -0.000e+00  1.000e+02
-9.820e-03  -9.820e-03  -0.000e+00  1.000e+02
-2.881e-02  -2.881e-02  -0.000e+00  1.000e+02
-2.686e-02  -2.686e-02  -0.000e+00  1.000e+02
-2.380e-02  -2.380e-02  -0.000e+00  1.000e+02
-7.253e-02  -7.253e-02  -0.000e+00  1.000e+02
-5.194e-02  -5.194e-02  -0.000e+00  1.000e+02
-5.148e-02  -5.148e-02  -0.000e+00  1.000e+02
-1.698e-01  -1.698e-01  -0.000e+00  1.000e+02
-1.194e-01  -1.194e-01  -0.000e+00  1.000e+02
-1.135e-01  -1.135e-01  -0.000e+00  1.000e+02
-3.459e-01  -3.459e-01  -0.000e+00  1.000e+02
-2.298e-01  -2.298e-01  -0.000e+00  1.000e+02
-2.079e-01  -2.079e-01  -0.000e+00  1.000e+02
-5.587e-01  -5.587e-01  -0.000e+00  1.000e+02
-3.173e-01  -3.173e-01  -0.000e+00  1.000e+02
-3.204e-01  -3.204e-01  -0.000e+00  1.000e+02
-8.207e-01  -8.207e-01  -0.000e+00  1.000e+02
-4.222e-01  -4.222e-01  -0.000e+00  1.000e+02
-3.850e-01  -3.850e-01  -0.000e+00  1.000e+02
-1.086e+00  -1.086e+00  -0.000e+00  1.000e+02
-4.579e-01  -4.579e-01  -0.000e+00  1.000e+02
-4.985e-01  -4.985e-01  -0.000e+00  1.000e+02
-1.172e+00  -1.172e+00  -4.859e-02  9.585e+01
-4.870e-01  -4.870e-01  -0.000e+00  1.000e+02
-5.330e-01  -5.330e-01  -0.000e+00  1.000e+02
-1.255e+00  -1.255e+00  -4.859e-02  9.613e+01
-4.581e-01  -4.581e-01  -0.000e+00  1.000e+02
-5.507e-01  -5.507e-01  -0.000e+00  1.000e+02
-1.344e+00  -1.344e+00  -4.859e-02  9.638e+01
-5.403e-01  -5.403e-01  -0.000e+00  1.000e+02
-5.658e-01  -5.658e-01  -0.000e+00  1.000e+02
-1.390e+00  -1.390e+00  -4.859e-02  9.650e+01
-4.791e-01  -4.791e-01  -0.000e+00  1.000e+02
-5.928e-01  -5.928e-01  -0.000e+00  1.000e+02
-1.292e+00  -1.292e+00  -0.000e+00  1.000e+02
-5.127e-01  -5.127e-01  -0.000e+00  1.000e+02
-5.941e-01  -5.941e-01  -0.000e+00  1.000e+02
-1.376e+00  -1.376e+00  -6.872e-02  9.500e+01
-5.230e-01  -5.230e-01  -0.000e+00  1.000e+02
-5.757e-01  -5.757e-01  -0.000e+00  1.000e+02
-1.401e+00  -1.401e+00  -6.872e-02  9.509e+01
-4.987e-01  -4.987e-01  -0.000e+00  1.000e+02
-5.237e-01  -5.237e-01  -0.000e+00  1.000e+02
-1.375e+00  -1.375e+00  -4.859e-02  9.647e+01
-5.438e-01  -5.438e-01  -0.000e+00  1.000e+02
-5.680e-01  -5.680e-01  -0.000e+00  1.000e+02
-1.445e+00  -1.445e+00  -6.872e-02  9.524e+01
========================================================================================

step: 8/15 res:22.316806902562526, res/res0:0.9946077521611336  dq_norm: [0.         0.         0.16117097]

A info: before HHL prepare:
Spectral radius (A): 9.805e+01, lambda_min:6.215061616656871
condition number(A): 1.578e+01, norm2_cond:371.9328385172127
det(A): 5.948e+93
--------------------------------------------------------------------------------

A_hhl info: after scaling by spectral radius:
Spectral radius (A): 1.000e+00, lambda_min:0.06338852277106469
condition number(A): 1.578e+01, norm2_cond:371.93283851721174
det(A): 1.942e-26, nnz: 14 non zeros per row
--------------------------------------------------------------------------------

Size of A & B are not power of 2:
Next 2 power of 60 = 64
Value to be padded = 4
--------------------------------------------------

==================== Print (N)^2 padded matrix system =======================
Padded shape of A: (60, 60)x(60, 60) -> (64, 64)x(64, 64)
Padded shape of B: (60,) -> (64,)
Determinant of padded matrix: 1.9420415452094454e-26
Condition # of padded matrix: 371.93283851721174


Matrix is not Hermitian. Making it Hermitian.......

==================== Print Hermitian matrix system info =======================
Shape of hermitian A: 64x64 -> 128x128
Shape of           B: 64 -> 128
Determinant of Hermitian matrix: 3.771525363319919e-52
Condition # of Hermitian matrix: 371.9328385172203

=================================== Generating HHL circuit ===================================
Time elapsed for generating HHL circuit: 5 min 16.33 sec

Generated circuit: num_qubits=18, gates=23, depth=5
============================== Generated Circuit saved ==============================

============================== Transpiling circuit ==============================
This is using the AerSimulator('aer_simulator_statevector') transpiler.
Time elapsed for transpiling the circuit:  0 min 45.10 sec
Transpiled circuit, num_qubits: 18, (original: 18)
Transpiled circuit depth: 464199 (original: 5)
Transpiled circuit gates: 464351 (original: 23)
============================== Transpiled Circuit saved ==============================
Time elapsed for running the circuit:  2 min 27.62 sec
total_qubits: 18, nq:7

Time elapsed for extracting shots-based hhl counts solution:  0 min 0.00 sec

[HHL info]: linear system residual (e=||Ax-b||_2): 21.346922539058575
[HHL info]: Fidelity(true_sol, hhl_sol): 0.6090120058471995
[HHL info]: L2 error (absolute): 4.695343849975992
[HHL info]: L2 error (relative): 0.9852229470635728
[HHL info]: L2 error (normalized): 0.6627334112130447

========================================================================================
 Compare system solutions using LU of A, LU sol of A_herm, HHL of Ax=b hermition system
LU sol 	    Herm LU sol    HHL sol    L1_diff(%)
-2.216e-04  -2.216e-04  -0.000e+00  1.000e+02
-1.901e-04  -1.901e-04  -0.000e+00  1.000e+02
-5.899e-04  -5.899e-04  -0.000e+00  1.000e+02
-7.991e-04  -7.991e-04  -0.000e+00  1.000e+02
-7.157e-04  -7.157e-04  -0.000e+00  1.000e+02
-2.172e-03  -2.172e-03  -0.000e+00  1.000e+02
-1.827e-03  -1.827e-03  -0.000e+00  1.000e+02
-1.770e-03  -1.770e-03  -0.000e+00  1.000e+02
-5.165e-03  -5.165e-03  -0.000e+00  1.000e+02
-4.055e-03  -4.055e-03  -0.000e+00  1.000e+02
-4.082e-03  -4.082e-03  -0.000e+00  1.000e+02
-1.169e-02  -1.169e-02  -0.000e+00  1.000e+02
-1.024e-02  -1.024e-02  -0.000e+00  1.000e+02
-9.810e-03  -9.810e-03  -0.000e+00  1.000e+02
-2.877e-02  -2.877e-02  -0.000e+00  1.000e+02
-2.681e-02  -2.681e-02  -0.000e+00  1.000e+02
-2.377e-02  -2.377e-02  -0.000e+00  1.000e+02
-7.243e-02  -7.243e-02  -0.000e+00  1.000e+02
-5.192e-02  -5.192e-02  -0.000e+00  1.000e+02
-5.147e-02  -5.147e-02  -0.000e+00  1.000e+02
-1.698e-01  -1.698e-01  -0.000e+00  1.000e+02
-1.196e-01  -1.196e-01  -0.000e+00  1.000e+02
-1.136e-01  -1.136e-01  -0.000e+00  1.000e+02
-3.463e-01  -3.463e-01  -0.000e+00  1.000e+02
-2.302e-01  -2.302e-01  -0.000e+00  1.000e+02
-2.080e-01  -2.080e-01  -0.000e+00  1.000e+02
-5.595e-01  -5.595e-01  -0.000e+00  1.000e+02
-3.171e-01  -3.171e-01  -0.000e+00  1.000e+02
-3.202e-01  -3.202e-01  -0.000e+00  1.000e+02
-8.211e-01  -8.211e-01  -0.000e+00  1.000e+02
-4.209e-01  -4.209e-01  -0.000e+00  1.000e+02
-3.848e-01  -3.848e-01  -0.000e+00  1.000e+02
-1.082e+00  -1.082e+00  -3.023e-02  9.721e+01
-4.559e-01  -4.559e-01  -0.000e+00  1.000e+02
-4.985e-01  -4.985e-01  -0.000e+00  1.000e+02
-1.113e+00  -1.113e+00  -2.137e-02  9.808e+01
-4.849e-01  -4.849e-01  -0.000e+00  1.000e+02
-5.330e-01  -5.330e-01  -0.000e+00  1.000e+02
-1.196e+00  -1.196e+00  -2.137e-02  9.821e+01
-4.567e-01  -4.567e-01  -0.000e+00  1.000e+02
-5.513e-01  -5.513e-01  -0.000e+00  1.000e+02
-1.285e+00  -1.285e+00  -3.023e-02  9.765e+01
-5.396e-01  -5.396e-01  -0.000e+00  1.000e+02
-5.657e-01  -5.657e-01  -0.000e+00  1.000e+02
-1.335e+00  -1.335e+00  -2.137e-02  9.840e+01
-4.775e-01  -4.775e-01  -0.000e+00  1.000e+02
-5.922e-01  -5.922e-01  -2.137e-02  9.639e+01
-1.287e+00  -1.287e+00  -0.000e+00  1.000e+02
-5.103e-01  -5.103e-01  -0.000e+00  1.000e+02
-5.944e-01  -5.944e-01  -0.000e+00  1.000e+02
-1.292e+00  -1.292e+00  -2.137e-02  9.835e+01
-5.203e-01  -5.203e-01  -2.137e-02  9.589e+01
-5.758e-01  -5.758e-01  -0.000e+00  1.000e+02
-1.316e+00  -1.316e+00  -4.275e-02  9.675e+01
-4.950e-01  -4.950e-01  -0.000e+00  1.000e+02
-5.234e-01  -5.234e-01  -2.137e-02  9.592e+01
-1.310e+00  -1.310e+00  -2.137e-02  9.837e+01
-5.394e-01  -5.394e-01  -0.000e+00  1.000e+02
-5.680e-01  -5.680e-01  -0.000e+00  1.000e+02
-1.355e+00  -1.355e+00  -3.023e-02  9.777e+01
========================================================================================

step: 9/15 res:21.735767071007682, res/res0:0.9687121693700091  dq_norm: [0.02137361 0.03022685 0.08277963]

A info: before HHL prepare:
Spectral radius (A): 9.792e+01, lambda_min:6.213617992884422
condition number(A): 1.576e+01, norm2_cond:368.9179084382385
det(A): 5.962e+93
--------------------------------------------------------------------------------

A_hhl info: after scaling by spectral radius:
Spectral radius (A): 1.000e+00, lambda_min:0.06345568371356175
condition number(A): 1.576e+01, norm2_cond:368.9179084382365
det(A): 2.103e-26, nnz: 28 non zeros per row
--------------------------------------------------------------------------------

Size of A & B are not power of 2:
Next 2 power of 60 = 64
Value to be padded = 4
--------------------------------------------------

==================== Print (N)^2 padded matrix system =======================
Padded shape of A: (60, 60)x(60, 60) -> (64, 64)x(64, 64)
Padded shape of B: (60,) -> (64,)
Determinant of padded matrix: 2.1033854181846138e-26
Condition # of padded matrix: 368.9179084382365


Matrix is not Hermitian. Making it Hermitian.......

==================== Print Hermitian matrix system info =======================
Shape of hermitian A: 64x64 -> 128x128
Shape of           B: 64 -> 128
Determinant of Hermitian matrix: 4.424230217431851e-52
Condition # of Hermitian matrix: 368.9179084382451

=================================== Generating HHL circuit ===================================
Time elapsed for generating HHL circuit: 5 min 20.55 sec

Generated circuit: num_qubits=18, gates=23, depth=5
============================== Generated Circuit saved ==============================

============================== Transpiling circuit ==============================
This is using the AerSimulator('aer_simulator_statevector') transpiler.
Time elapsed for transpiling the circuit:  0 min 45.07 sec
Transpiled circuit, num_qubits: 18, (original: 18)
Transpiled circuit depth: 464193 (original: 5)
Transpiled circuit gates: 464345 (original: 23)
============================== Transpiled Circuit saved ==============================
Time elapsed for running the circuit:  2 min 27.88 sec
total_qubits: 18, nq:7

Time elapsed for extracting shots-based hhl counts solution:  0 min 0.00 sec

[HHL info]: linear system residual (e=||Ax-b||_2): 21.177177421818513
[HHL info]: Fidelity(true_sol, hhl_sol): 0.37367373090844824
[HHL info]: L2 error (absolute): 4.667988155713101
[HHL info]: L2 error (relative): 0.9959722291038697
[HHL info]: L2 error (normalized): 0.8817158472574498

========================================================================================
 Compare system solutions using LU of A, LU sol of A_herm, HHL of Ax=b hermition system
LU sol 	    Herm LU sol    HHL sol    L1_diff(%)
-2.226e-04  -2.226e-04  -0.000e+00  1.000e+02
-1.906e-04  -1.906e-04  -0.000e+00  1.000e+02
-5.919e-04  -5.919e-04  -0.000e+00  1.000e+02
-8.009e-04  -8.009e-04  -0.000e+00  1.000e+02
-7.166e-04  -7.166e-04  -0.000e+00  1.000e+02
-2.176e-03  -2.176e-03  -0.000e+00  1.000e+02
-1.824e-03  -1.824e-03  -0.000e+00  1.000e+02
-1.768e-03  -1.768e-03  -0.000e+00  1.000e+02
-5.160e-03  -5.160e-03  -0.000e+00  1.000e+02
-4.039e-03  -4.039e-03  -0.000e+00  1.000e+02
-4.074e-03  -4.074e-03  -0.000e+00  1.000e+02
-1.166e-02  -1.166e-02  -0.000e+00  1.000e+02
-1.021e-02  -1.021e-02  -0.000e+00  1.000e+02
-9.796e-03  -9.796e-03  -0.000e+00  1.000e+02
-2.871e-02  -2.871e-02  -0.000e+00  1.000e+02
-2.682e-02  -2.682e-02  -0.000e+00  1.000e+02
-2.378e-02  -2.378e-02  -0.000e+00  1.000e+02
-7.244e-02  -7.244e-02  -0.000e+00  1.000e+02
-5.207e-02  -5.207e-02  -0.000e+00  1.000e+02
-5.157e-02  -5.157e-02  -0.000e+00  1.000e+02
-1.701e-01  -1.701e-01  -0.000e+00  1.000e+02
-1.198e-01  -1.198e-01  -0.000e+00  1.000e+02
-1.137e-01  -1.137e-01  -0.000e+00  1.000e+02
-3.468e-01  -3.468e-01  -0.000e+00  1.000e+02
-2.300e-01  -2.300e-01  -0.000e+00  1.000e+02
-2.078e-01  -2.078e-01  -0.000e+00  1.000e+02
-5.594e-01  -5.594e-01  -0.000e+00  1.000e+02
-3.164e-01  -3.164e-01  -0.000e+00  1.000e+02
-3.202e-01  -3.202e-01  -0.000e+00  1.000e+02
-8.186e-01  -8.186e-01  -8.282e-03  9.899e+01
-4.200e-01  -4.200e-01  -0.000e+00  1.000e+02
-3.849e-01  -3.849e-01  -0.000e+00  1.000e+02
-1.046e+00  -1.046e+00  -0.000e+00  1.000e+02
-4.545e-01  -4.545e-01  -0.000e+00  1.000e+02
-4.981e-01  -4.981e-01  -0.000e+00  1.000e+02
-1.086e+00  -1.086e+00  -8.282e-03  9.924e+01
-4.835e-01  -4.835e-01  -0.000e+00  1.000e+02
-5.327e-01  -5.327e-01  -0.000e+00  1.000e+02
-1.168e+00  -1.168e+00  -0.000e+00  1.000e+02
-4.577e-01  -4.577e-01  -0.000e+00  1.000e+02
-5.529e-01  -5.529e-01  -0.000e+00  1.000e+02
-1.252e+00  -1.252e+00  -8.282e-03  9.934e+01
-5.436e-01  -5.436e-01  -8.282e-03  9.848e+01
-5.665e-01  -5.665e-01  -0.000e+00  1.000e+02
-1.321e+00  -1.321e+00  -0.000e+00  1.000e+02
-4.778e-01  -4.778e-01  -0.000e+00  1.000e+02
-5.674e-01  -5.674e-01  -0.000e+00  1.000e+02
-1.288e+00  -1.288e+00  -8.282e-03  9.936e+01
-5.079e-01  -5.079e-01  -8.282e-03  9.837e+01
-5.956e-01  -5.956e-01  -0.000e+00  1.000e+02
-1.263e+00  -1.263e+00  -0.000e+00  1.000e+02
-4.987e-01  -4.987e-01  -0.000e+00  1.000e+02
-5.786e-01  -5.786e-01  -1.171e-02  9.798e+01
-1.274e+00  -1.274e+00  -1.656e-02  9.870e+01
-4.960e-01  -4.960e-01  -0.000e+00  1.000e+02
-4.991e-01  -4.991e-01  -0.000e+00  1.000e+02
-1.290e+00  -1.290e+00  -0.000e+00  1.000e+02
-5.364e-01  -5.364e-01  -0.000e+00  1.000e+02
-5.674e-01  -5.674e-01  -0.000e+00  1.000e+02
-1.314e+00  -1.314e+00  -1.171e-02  9.911e+01
========================================================================================

step: 10/15 res:21.344335816434615, res/res0:0.9512669962349659  dq_norm: [0.01171201 0.01171201 0.02618885]

A info: before HHL prepare:
Spectral radius (A): 9.791e+01, lambda_min:6.216745814216605
condition number(A): 1.575e+01, norm2_cond:368.09518529279376
det(A): 6.149e+93
--------------------------------------------------------------------------------

A_hhl info: after scaling by spectral radius:
Spectral radius (A): 1.000e+00, lambda_min:0.06349209726818611
condition number(A): 1.575e+01, norm2_cond:368.0951852927952
det(A): 2.179e-26, nnz: 21 non zeros per row
--------------------------------------------------------------------------------

Size of A & B are not power of 2:
Next 2 power of 60 = 64
Value to be padded = 4
--------------------------------------------------

==================== Print (N)^2 padded matrix system =======================
Padded shape of A: (60, 60)x(60, 60) -> (64, 64)x(64, 64)
Padded shape of B: (60,) -> (64,)
Determinant of padded matrix: 2.178529518796006e-26
Condition # of padded matrix: 368.0951852927952


Matrix is not Hermitian. Making it Hermitian.......

==================== Print Hermitian matrix system info =======================
Shape of hermitian A: 64x64 -> 128x128
Shape of           B: 64 -> 128
Determinant of Hermitian matrix: 4.7459908642654224e-52
Condition # of Hermitian matrix: 368.0951852927923

=================================== Generating HHL circuit ===================================
Time elapsed for generating HHL circuit: 5 min 13.59 sec

Generated circuit: num_qubits=18, gates=23, depth=5
============================== Generated Circuit saved ==============================

============================== Transpiling circuit ==============================
This is using the AerSimulator('aer_simulator_statevector') transpiler.
Time elapsed for transpiling the circuit:  0 min 45.59 sec
Transpiled circuit, num_qubits: 18, (original: 18)
Transpiled circuit depth: 464196 (original: 5)
Transpiled circuit gates: 464348 (original: 23)
============================== Transpiled Circuit saved ==============================
Time elapsed for running the circuit:  2 min 30.90 sec
total_qubits: 18, nq:7

Time elapsed for extracting shots-based hhl counts solution:  0 min 0.00 sec

[HHL info]: linear system residual (e=||Ax-b||_2): 21.206127687184267
[HHL info]: Fidelity(true_sol, hhl_sol): 0.4677943297222125
[HHL info]: L2 error (absolute): 4.656801695756955
[HHL info]: L2 error (relative): 0.9985064886715763
[HHL info]: L2 error (normalized): 0.7950409827147978

========================================================================================
 Compare system solutions using LU of A, LU sol of A_herm, HHL of Ax=b hermition system
LU sol 	    Herm LU sol    HHL sol    L1_diff(%)
-2.226e-04  -2.226e-04  -0.000e+00  1.000e+02
-1.906e-04  -1.906e-04  -0.000e+00  1.000e+02
-5.919e-04  -5.919e-04  -0.000e+00  1.000e+02
-7.999e-04  -7.999e-04  -0.000e+00  1.000e+02
-7.162e-04  -7.162e-04  -0.000e+00  1.000e+02
-2.174e-03  -2.174e-03  -0.000e+00  1.000e+02
-1.820e-03  -1.820e-03  -0.000e+00  1.000e+02
-1.767e-03  -1.767e-03  -0.000e+00  1.000e+02
-5.152e-03  -5.152e-03  -0.000e+00  1.000e+02
-4.033e-03  -4.033e-03  -0.000e+00  1.000e+02
-4.071e-03  -4.071e-03  -0.000e+00  1.000e+02
-1.165e-02  -1.165e-02  -0.000e+00  1.000e+02
-1.021e-02  -1.021e-02  -0.000e+00  1.000e+02
-9.797e-03  -9.797e-03  -0.000e+00  1.000e+02
-2.872e-02  -2.872e-02  -0.000e+00  1.000e+02
-2.685e-02  -2.685e-02  -0.000e+00  1.000e+02
-2.380e-02  -2.380e-02  -0.000e+00  1.000e+02
-7.250e-02  -7.250e-02  -0.000e+00  1.000e+02
-5.211e-02  -5.211e-02  -0.000e+00  1.000e+02
-5.158e-02  -5.158e-02  -0.000e+00  1.000e+02
-1.702e-01  -1.702e-01  -0.000e+00  1.000e+02
-1.197e-01  -1.197e-01  -0.000e+00  1.000e+02
-1.136e-01  -1.136e-01  -0.000e+00  1.000e+02
-3.467e-01  -3.467e-01  -0.000e+00  1.000e+02
-2.299e-01  -2.299e-01  -0.000e+00  1.000e+02
-2.078e-01  -2.078e-01  -0.000e+00  1.000e+02
-5.589e-01  -5.589e-01  -0.000e+00  1.000e+02
-3.162e-01  -3.162e-01  -0.000e+00  1.000e+02
-3.202e-01  -3.202e-01  -2.173e-03  9.932e+01
-8.093e-01  -8.093e-01  -2.173e-03  9.973e+01
-4.200e-01  -4.200e-01  -0.000e+00  1.000e+02
-3.850e-01  -3.850e-01  -0.000e+00  1.000e+02
-1.045e+00  -1.045e+00  -0.000e+00  1.000e+02
-4.548e-01  -4.548e-01  -0.000e+00  1.000e+02
-4.984e-01  -4.984e-01  -0.000e+00  1.000e+02
-1.077e+00  -1.077e+00  -3.073e-03  9.971e+01
-4.832e-01  -4.832e-01  -2.173e-03  9.955e+01
-5.323e-01  -5.323e-01  -0.000e+00  1.000e+02
-1.167e+00  -1.167e+00  -0.000e+00  1.000e+02
-4.563e-01  -4.563e-01  -0.000e+00  1.000e+02
-5.528e-01  -5.528e-01  -2.173e-03  9.961e+01
-1.240e+00  -1.240e+00  -2.173e-03  9.982e+01
-5.327e-01  -5.327e-01  -0.000e+00  1.000e+02
-5.663e-01  -5.663e-01  -0.000e+00  1.000e+02
-1.317e+00  -1.317e+00  -0.000e+00  1.000e+02
-4.765e-01  -4.765e-01  -2.173e-03  9.954e+01
-5.676e-01  -5.676e-01  -3.073e-03  9.946e+01
-1.277e+00  -1.277e+00  -2.173e-03  9.983e+01
-4.999e-01  -4.999e-01  -2.173e-03  9.957e+01
-5.967e-01  -5.967e-01  -0.000e+00  1.000e+02
-1.265e+00  -1.265e+00  -4.859e-03  9.962e+01
-4.999e-01  -4.999e-01  -2.173e-03  9.957e+01
-5.658e-01  -5.658e-01  -2.173e-03  9.962e+01
-1.259e+00  -1.259e+00  -2.173e-03  9.983e+01
-4.958e-01  -4.958e-01  -0.000e+00  1.000e+02
-4.991e-01  -4.991e-01  -0.000e+00  1.000e+02
-1.289e+00  -1.289e+00  -3.073e-03  9.976e+01
-5.357e-01  -5.357e-01  -0.000e+00  1.000e+02
-5.674e-01  -5.674e-01  -0.000e+00  1.000e+02
-1.299e+00  -1.299e+00  -0.000e+00  1.000e+02
========================================================================================

step: 11/15 res:21.17726359176189, res/res0:0.943820978954993  dq_norm: [0.00434617 0.00485916 0.00783517]

A info: before HHL prepare:
Spectral radius (A): 9.791e+01, lambda_min:6.216792443426206
condition number(A): 1.575e+01, norm2_cond:367.99215304103706
det(A): 6.193e+93
--------------------------------------------------------------------------------

A_hhl info: after scaling by spectral radius:
Spectral radius (A): 1.000e+00, lambda_min:0.06349393830788273
condition number(A): 1.575e+01, norm2_cond:367.9921530410345
det(A): 2.197e-26, nnz: 22 non zeros per row
--------------------------------------------------------------------------------

Size of A & B are not power of 2:
Next 2 power of 60 = 64
Value to be padded = 4
--------------------------------------------------

==================== Print (N)^2 padded matrix system =======================
Padded shape of A: (60, 60)x(60, 60) -> (64, 64)x(64, 64)
Padded shape of B: (60,) -> (64,)
Determinant of padded matrix: 2.1970170562114964e-26
Condition # of padded matrix: 367.9921530410345


Matrix is not Hermitian. Making it Hermitian.......

==================== Print Hermitian matrix system info =======================
Shape of hermitian A: 64x64 -> 128x128
Shape of           B: 64 -> 128
Determinant of Hermitian matrix: 4.826883945284161e-52
Condition # of Hermitian matrix: 367.9921530410363

=================================== Generating HHL circuit ===================================
Time elapsed for generating HHL circuit: 5 min 13.43 sec

Generated circuit: num_qubits=18, gates=23, depth=5
============================== Generated Circuit saved ==============================

============================== Transpiling circuit ==============================
This is using the AerSimulator('aer_simulator_statevector') transpiler.
Time elapsed for transpiling the circuit:  0 min 44.27 sec
Transpiled circuit, num_qubits: 18, (original: 18)
Transpiled circuit depth: 464194 (original: 5)
Transpiled circuit gates: 464346 (original: 23)
============================== Transpiled Circuit saved ==============================
Time elapsed for running the circuit:  2 min 29.84 sec
total_qubits: 18, nq:7

Time elapsed for extracting shots-based hhl counts solution:  0 min 0.00 sec

[HHL info]: linear system residual (e=||Ax-b||_2): 20.868065583523375
[HHL info]: Fidelity(true_sol, hhl_sol): 0.47586618924352964
[HHL info]: L2 error (absolute): 4.614858925933604
[HHL info]: L2 error (relative): 0.9911402554874128
[HHL info]: L2 error (normalized): 0.7876159583081874

========================================================================================
 Compare system solutions using LU of A, LU sol of A_herm, HHL of Ax=b hermition system
LU sol 	    Herm LU sol    HHL sol    L1_diff(%)
-2.227e-04  -2.227e-04  -0.000e+00  1.000e+02
-1.907e-04  -1.907e-04  -0.000e+00  1.000e+02
-5.924e-04  -5.924e-04  -0.000e+00  1.000e+02
-8.018e-04  -8.018e-04  -0.000e+00  1.000e+02
-7.170e-04  -7.170e-04  -0.000e+00  1.000e+02
-2.178e-03  -2.178e-03  -0.000e+00  1.000e+02
-1.826e-03  -1.826e-03  -0.000e+00  1.000e+02
-1.769e-03  -1.769e-03  -0.000e+00  1.000e+02
-5.163e-03  -5.163e-03  -0.000e+00  1.000e+02
-4.039e-03  -4.039e-03  -0.000e+00  1.000e+02
-4.074e-03  -4.074e-03  -0.000e+00  1.000e+02
-1.166e-02  -1.166e-02  -0.000e+00  1.000e+02
-1.021e-02  -1.021e-02  -0.000e+00  1.000e+02
-9.793e-03  -9.793e-03  -0.000e+00  1.000e+02
-2.870e-02  -2.870e-02  -0.000e+00  1.000e+02
-2.681e-02  -2.681e-02  -0.000e+00  1.000e+02
-2.377e-02  -2.377e-02  -0.000e+00  1.000e+02
-7.242e-02  -7.242e-02  -0.000e+00  1.000e+02
-5.206e-02  -5.206e-02  -0.000e+00  1.000e+02
-5.155e-02  -5.155e-02  -0.000e+00  1.000e+02
-1.701e-01  -1.701e-01  -0.000e+00  1.000e+02
-1.198e-01  -1.198e-01  -0.000e+00  1.000e+02
-1.137e-01  -1.137e-01  -0.000e+00  1.000e+02
-3.469e-01  -3.469e-01  -0.000e+00  1.000e+02
-2.302e-01  -2.302e-01  -0.000e+00  1.000e+02
-2.079e-01  -2.079e-01  -1.458e-02  9.299e+01
-5.596e-01  -5.596e-01  -0.000e+00  1.000e+02
-3.164e-01  -3.164e-01  -0.000e+00  1.000e+02
-3.179e-01  -3.179e-01  -0.000e+00  1.000e+02
-8.075e-01  -8.075e-01  -1.458e-02  9.819e+01
-4.198e-01  -4.198e-01  -0.000e+00  1.000e+02
-3.849e-01  -3.849e-01  -1.458e-02  9.621e+01
-1.045e+00  -1.045e+00  -1.458e-02  9.860e+01
-4.545e-01  -4.545e-01  -0.000e+00  1.000e+02
-4.985e-01  -4.985e-01  -0.000e+00  1.000e+02
-1.073e+00  -1.073e+00  -1.458e-02  9.864e+01
-4.810e-01  -4.810e-01  -1.458e-02  9.697e+01
-5.325e-01  -5.325e-01  -1.458e-02  9.726e+01
-1.168e+00  -1.168e+00  -1.458e-02  9.875e+01
-4.565e-01  -4.565e-01  -0.000e+00  1.000e+02
-5.505e-01  -5.505e-01  -0.000e+00  1.000e+02
-1.239e+00  -1.239e+00  -2.061e-02  9.834e+01
-5.327e-01  -5.327e-01  -0.000e+00  1.000e+02
-5.662e-01  -5.662e-01  -0.000e+00  1.000e+02
-1.317e+00  -1.317e+00  -1.458e-02  9.889e+01
-4.739e-01  -4.739e-01  -0.000e+00  1.000e+02
-5.644e-01  -5.644e-01  -1.458e-02  9.742e+01
-1.274e+00  -1.274e+00  -0.000e+00  1.000e+02
-4.972e-01  -4.972e-01  -0.000e+00  1.000e+02
-5.969e-01  -5.969e-01  -2.061e-02  9.655e+01
-1.259e+00  -1.259e+00  -2.061e-02  9.836e+01
-4.974e-01  -4.974e-01  -0.000e+00  1.000e+02
-5.636e-01  -5.636e-01  -0.000e+00  1.000e+02
-1.256e+00  -1.256e+00  -0.000e+00  1.000e+02
-4.957e-01  -4.957e-01  -0.000e+00  1.000e+02
-4.991e-01  -4.991e-01  -0.000e+00  1.000e+02
-1.285e+00  -1.285e+00  -1.458e-02  9.887e+01
-5.357e-01  -5.357e-01  -0.000e+00  1.000e+02
-5.674e-01  -5.674e-01  -0.000e+00  1.000e+02
-1.299e+00  -1.299e+00  -0.000e+00  1.000e+02
========================================================================================

step: 12/15 res:21.206236628668552, res/res0:0.9451122392700029  dq_norm: [0.01457577 0.03570321 0.04609264]

A info: before HHL prepare:
Spectral radius (A): 9.780e+01, lambda_min:6.182427677900803
condition number(A): 1.582e+01, norm2_cond:368.5335879433373
det(A): 5.519e+93
--------------------------------------------------------------------------------

A_hhl info: after scaling by spectral radius:
Spectral radius (A): 1.000e+00, lambda_min:0.063214523706921
condition number(A): 1.582e+01, norm2_cond:368.5335879433372
det(A): 2.096e-26, nnz: 14 non zeros per row
--------------------------------------------------------------------------------

Size of A & B are not power of 2:
Next 2 power of 60 = 64
Value to be padded = 4
--------------------------------------------------

==================== Print (N)^2 padded matrix system =======================
Padded shape of A: (60, 60)x(60, 60) -> (64, 64)x(64, 64)
Padded shape of B: (60,) -> (64,)
Determinant of padded matrix: 2.0958617760596567e-26
Condition # of padded matrix: 368.5335879433372


Matrix is not Hermitian. Making it Hermitian.......

==================== Print Hermitian matrix system info =======================
Shape of hermitian A: 64x64 -> 128x128
Shape of           B: 64 -> 128
Determinant of Hermitian matrix: 4.392636584347876e-52
Condition # of Hermitian matrix: 368.5335879433301

=================================== Generating HHL circuit ===================================
Time elapsed for generating HHL circuit: 5 min 16.88 sec

Generated circuit: num_qubits=18, gates=23, depth=5
============================== Generated Circuit saved ==============================

============================== Transpiling circuit ==============================
This is using the AerSimulator('aer_simulator_statevector') transpiler.
Time elapsed for transpiling the circuit:  0 min 45.40 sec
Transpiled circuit, num_qubits: 18, (original: 18)
Transpiled circuit depth: 464198 (original: 5)
Transpiled circuit gates: 464350 (original: 23)
============================== Transpiled Circuit saved ==============================
Time elapsed for running the circuit:  2 min 29.67 sec
total_qubits: 18, nq:7

Time elapsed for extracting shots-based hhl counts solution:  0 min 0.00 sec

[HHL info]: linear system residual (e=||Ax-b||_2): 19.778989737449226
[HHL info]: Fidelity(true_sol, hhl_sol): 0.6342634574322682
[HHL info]: L2 error (absolute): 4.5007973621233734
[HHL info]: L2 error (relative): 0.9743049917593877
[HHL info]: L2 error (normalized): 0.6381119172599958

========================================================================================
 Compare system solutions using LU of A, LU sol of A_herm, HHL of Ax=b hermition system
LU sol 	    Herm LU sol    HHL sol    L1_diff(%)
-2.286e-04  -2.286e-04  -0.000e+00  1.000e+02
-1.936e-04  -1.936e-04  -0.000e+00  1.000e+02
-6.048e-04  -6.048e-04  -0.000e+00  1.000e+02
-8.281e-04  -8.281e-04  -0.000e+00  1.000e+02
-7.304e-04  -7.304e-04  -0.000e+00  1.000e+02
-2.234e-03  -2.234e-03  -0.000e+00  1.000e+02
-1.865e-03  -1.865e-03  -0.000e+00  1.000e+02
-1.789e-03  -1.789e-03  -0.000e+00  1.000e+02
-5.245e-03  -5.245e-03  -0.000e+00  1.000e+02
-4.013e-03  -4.013e-03  -0.000e+00  1.000e+02
-4.059e-03  -4.059e-03  -0.000e+00  1.000e+02
-1.161e-02  -1.161e-02  -0.000e+00  1.000e+02
-9.987e-03  -9.987e-03  -0.000e+00  1.000e+02
-9.672e-03  -9.672e-03  -0.000e+00  1.000e+02
-2.824e-02  -2.824e-02  -0.000e+00  1.000e+02
-2.650e-02  -2.650e-02  -0.000e+00  1.000e+02
-2.366e-02  -2.366e-02  -0.000e+00  1.000e+02
-7.173e-02  -7.173e-02  -0.000e+00  1.000e+02
-5.234e-02  -5.234e-02  -0.000e+00  1.000e+02
-5.180e-02  -5.180e-02  -0.000e+00  1.000e+02
-1.705e-01  -1.705e-01  -0.000e+00  1.000e+02
-1.211e-01  -1.211e-01  -0.000e+00  1.000e+02
-1.138e-01  -1.138e-01  -0.000e+00  1.000e+02
-3.504e-01  -3.504e-01  -0.000e+00  1.000e+02
-2.320e-01  -2.320e-01  -0.000e+00  1.000e+02
-1.930e-01  -1.930e-01  -0.000e+00  1.000e+02
-5.637e-01  -5.637e-01  -0.000e+00  1.000e+02
-3.189e-01  -3.189e-01  -0.000e+00  1.000e+02
-3.189e-01  -3.189e-01  -0.000e+00  1.000e+02
-7.971e-01  -7.971e-01  -0.000e+00  1.000e+02
-4.215e-01  -4.215e-01  -0.000e+00  1.000e+02
-3.690e-01  -3.690e-01  -0.000e+00  1.000e+02
-1.032e+00  -1.032e+00  -3.277e-02  9.682e+01
-4.540e-01  -4.540e-01  -0.000e+00  1.000e+02
-4.987e-01  -4.987e-01  -0.000e+00  1.000e+02
-1.058e+00  -1.058e+00  -3.277e-02  9.690e+01
-4.639e-01  -4.639e-01  -0.000e+00  1.000e+02
-5.173e-01  -5.173e-01  -0.000e+00  1.000e+02
-1.150e+00  -1.150e+00  -5.677e-02  9.506e+01
-4.557e-01  -4.557e-01  -0.000e+00  1.000e+02
-5.512e-01  -5.512e-01  -0.000e+00  1.000e+02
-1.213e+00  -1.213e+00  -5.677e-02  9.532e+01
-5.354e-01  -5.354e-01  -3.277e-02  9.388e+01
-5.675e-01  -5.675e-01  -3.277e-02  9.423e+01
-1.307e+00  -1.307e+00  -3.277e-02  9.749e+01
-4.781e-01  -4.781e-01  -0.000e+00  1.000e+02
-5.496e-01  -5.496e-01  -3.277e-02  9.404e+01
-1.285e+00  -1.285e+00  -0.000e+00  1.000e+02
-4.993e-01  -4.993e-01  -0.000e+00  1.000e+02
-5.748e-01  -5.748e-01  -3.277e-02  9.430e+01
-1.242e+00  -1.242e+00  -3.277e-02  9.736e+01
-4.973e-01  -4.973e-01  -0.000e+00  1.000e+02
-5.640e-01  -5.640e-01  -0.000e+00  1.000e+02
-1.255e+00  -1.255e+00  -4.635e-02  9.631e+01
-4.954e-01  -4.954e-01  -3.277e-02  9.338e+01
-4.994e-01  -4.994e-01  -0.000e+00  1.000e+02
-1.268e+00  -1.268e+00  -4.635e-02  9.634e+01
-5.357e-01  -5.357e-01  -0.000e+00  1.000e+02
-5.675e-01  -5.675e-01  -0.000e+00  1.000e+02
-1.298e+00  -1.298e+00  -4.635e-02  9.643e+01
========================================================================================

step: 13/15 res:20.86813289477476, res/res0:0.9300437486820067  dq_norm: [0.04635053 0.05676757 0.13109909]

A info: before HHL prepare:
Spectral radius (A): 9.764e+01, lambda_min:6.1709144932171505
condition number(A): 1.582e+01, norm2_cond:365.9847424624092
det(A): 5.494e+93
--------------------------------------------------------------------------------

A_hhl info: after scaling by spectral radius:
Spectral radius (A): 1.000e+00, lambda_min:0.06320079677814391
condition number(A): 1.582e+01, norm2_cond:365.98474246240403
det(A): 2.303e-26, nnz: 14 non zeros per row
--------------------------------------------------------------------------------

Size of A & B are not power of 2:
Next 2 power of 60 = 64
Value to be padded = 4
--------------------------------------------------

==================== Print (N)^2 padded matrix system =======================
Padded shape of A: (60, 60)x(60, 60) -> (64, 64)x(64, 64)
Padded shape of B: (60,) -> (64,)
Determinant of padded matrix: 2.302976847632501e-26
Condition # of padded matrix: 365.98474246240403


Matrix is not Hermitian. Making it Hermitian.......

==================== Print Hermitian matrix system info =======================
Shape of hermitian A: 64x64 -> 128x128
Shape of           B: 64 -> 128
Determinant of Hermitian matrix: 5.30370236073103e-52
Condition # of Hermitian matrix: 365.9847424624071

=================================== Generating HHL circuit ===================================
Time elapsed for generating HHL circuit: 5 min 6.59 sec

Generated circuit: num_qubits=18, gates=23, depth=5
============================== Generated Circuit saved ==============================

============================== Transpiling circuit ==============================
This is using the AerSimulator('aer_simulator_statevector') transpiler.
Time elapsed for transpiling the circuit:  0 min 58.98 sec
Transpiled circuit, num_qubits: 18, (original: 18)
Transpiled circuit depth: 464198 (original: 5)
Transpiled circuit gates: 464350 (original: 23)
============================== Transpiled Circuit saved ==============================
Time elapsed for running the circuit:  2 min 25.85 sec
total_qubits: 18, nq:7

Time elapsed for extracting shots-based hhl counts solution:  0 min 0.00 sec

[HHL info]: linear system residual (e=||Ax-b||_2): 19.668802317367188
[HHL info]: Fidelity(true_sol, hhl_sol): 0.5959862781352112
[HHL info]: L2 error (absolute): 4.4683944743923405
[HHL info]: L2 error (relative): 0.9937461048388282
[HHL info]: L2 error (normalized): 0.675275535652271

========================================================================================
 Compare system solutions using LU of A, LU sol of A_herm, HHL of Ax=b hermition system
LU sol 	    Herm LU sol    HHL sol    L1_diff(%)
-2.297e-04  -2.297e-04  -0.000e+00  1.000e+02
-1.942e-04  -1.942e-04  -0.000e+00  1.000e+02
-6.073e-04  -6.073e-04  -0.000e+00  1.000e+02
-8.310e-04  -8.310e-04  -0.000e+00  1.000e+02
-7.318e-04  -7.318e-04  -0.000e+00  1.000e+02
-2.240e-03  -2.240e-03  -0.000e+00  1.000e+02
-1.864e-03  -1.864e-03  -0.000e+00  1.000e+02
-1.789e-03  -1.789e-03  -0.000e+00  1.000e+02
-5.245e-03  -5.245e-03  -0.000e+00  1.000e+02
-3.998e-03  -3.998e-03  -0.000e+00  1.000e+02
-4.051e-03  -4.051e-03  -0.000e+00  1.000e+02
-1.157e-02  -1.157e-02  -0.000e+00  1.000e+02
-9.952e-03  -9.952e-03  -0.000e+00  1.000e+02
-9.654e-03  -9.654e-03  -0.000e+00  1.000e+02
-2.817e-02  -2.817e-02  -0.000e+00  1.000e+02
-2.649e-02  -2.649e-02  -0.000e+00  1.000e+02
-2.365e-02  -2.365e-02  -0.000e+00  1.000e+02
-7.171e-02  -7.171e-02  -0.000e+00  1.000e+02
-5.248e-02  -5.248e-02  -0.000e+00  1.000e+02
-5.189e-02  -5.189e-02  -0.000e+00  1.000e+02
-1.708e-01  -1.708e-01  -0.000e+00  1.000e+02
-1.214e-01  -1.214e-01  -0.000e+00  1.000e+02
-1.139e-01  -1.139e-01  -0.000e+00  1.000e+02
-3.510e-01  -3.510e-01  -0.000e+00  1.000e+02
-2.319e-01  -2.319e-01  -0.000e+00  1.000e+02
-1.928e-01  -1.928e-01  -0.000e+00  1.000e+02
-5.640e-01  -5.640e-01  -0.000e+00  1.000e+02
-3.182e-01  -3.182e-01  -0.000e+00  1.000e+02
-3.190e-01  -3.190e-01  -0.000e+00  1.000e+02
-7.949e-01  -7.949e-01  -0.000e+00  1.000e+02
-4.201e-01  -4.201e-01  -0.000e+00  1.000e+02
-3.690e-01  -3.690e-01  -0.000e+00  1.000e+02
-9.917e-01  -9.917e-01  -9.425e-03  9.905e+01
-4.513e-01  -4.513e-01  -9.425e-03  9.791e+01
-4.981e-01  -4.981e-01  -0.000e+00  1.000e+02
-1.015e+00  -1.015e+00  -0.000e+00  1.000e+02
-4.600e-01  -4.600e-01  -0.000e+00  1.000e+02
-5.158e-01  -5.158e-01  -9.425e-03  9.817e+01
-1.077e+00  -1.077e+00  -1.333e-02  9.876e+01
-4.563e-01  -4.563e-01  -0.000e+00  1.000e+02
-5.540e-01  -5.540e-01  -0.000e+00  1.000e+02
-1.152e+00  -1.152e+00  -1.632e-02  9.858e+01
-5.103e-01  -5.103e-01  -0.000e+00  1.000e+02
-5.375e-01  -5.375e-01  -0.000e+00  1.000e+02
-1.298e+00  -1.298e+00  -9.425e-03  9.927e+01
-4.902e-01  -4.902e-01  -0.000e+00  1.000e+02
-5.159e-01  -5.159e-01  -0.000e+00  1.000e+02
-1.316e+00  -1.316e+00  -9.425e-03  9.928e+01
-5.021e-01  -5.021e-01  -0.000e+00  1.000e+02
-5.374e-01  -5.374e-01  -0.000e+00  1.000e+02
-1.213e+00  -1.213e+00  -1.333e-02  9.890e+01
-4.903e-01  -4.903e-01  -0.000e+00  1.000e+02
-5.633e-01  -5.633e-01  -0.000e+00  1.000e+02
-1.189e+00  -1.189e+00  -9.425e-03  9.921e+01
-4.551e-01  -4.551e-01  -0.000e+00  1.000e+02
-5.029e-01  -5.029e-01  -0.000e+00  1.000e+02
-1.206e+00  -1.206e+00  -9.425e-03  9.922e+01
-5.354e-01  -5.354e-01  -0.000e+00  1.000e+02
-5.682e-01  -5.682e-01  -0.000e+00  1.000e+02
-1.243e+00  -1.243e+00  -9.425e-03  9.924e+01
========================================================================================

step: 14/15 res:19.77160028292791, res/res0:0.8811738614708957  dq_norm: [0.00942524 0.00942524 0.03398317]
Completed: 14 steps in 7816.45s
Saved metadata to /lustre/orion/stf006/scratch/4klornl/fvm_euler_1d_solver/output_parallel_shots/nelem20/statevector/shots_1000/trial_9/metadata_nelem20_HHL_statevector_nshots1000.pkl

Solution summary:
  x/L: [0.0250, 0.9750]
  Mach: [1.5000, 1.6000]
  p/p_in: [1.0000, 0.8663]
  rho/rho_in: [1.0000, 0.9779]
Saved combined plot to /lustre/orion/stf006/scratch/4klornl/fvm_euler_1d_solver/output_parallel_shots/nelem20/statevector/shots_1000/trial_9/solution_plot_nelem20_HHL_statevector_nshots1000.png
