[2025-11-26 14:43:09.296] [STATUS] PENDING (native: PENDING)
[2025-11-26 14:43:09.304] [STATUS] INFO (native: INFO)
  Details: {'jobDefn': "[name: entryPoint:python ~/proj/src/frontier-qlsa/circuit_HHL.py entryPointType:SHELL args:['-case', 'hele-shaw', '-casefile', '/Users/agallojr/.lwfm/out/qt02-cfd/0e63f2d8/hs_torino_sim_run1_0/input_vars_hs_torino_sim_run1_0.yaml', '--savedata', '--no-transpile'] siteName:None computeType:None]", 'jobContext': '[job: a9cbaaff native:a9cbaaff parent: None     wf: 0e63f2d8 site:frontier-qlsa compute:default]', 'computeType': 'None', 'runArgs': 'None'}
[2025-11-26 14:43:09.309] [INFO] 20251126T19:43:09Z LocalSite: submitting job a9cbaaff site=frontier-qlsa wfId=0e63f2d8 jobId=a9cbaaff
[2025-11-26 14:43:09.428] [STATUS] RUNNING (native: RUNNING)
Case: hele-shaw
Solving analytically...
Solving numerically...
=====Solving for pressure...=====
Using analytical pressure profile...
Determinant of resulting matrix: 1.0
Condition # of resulting matrix: 1.0
Reformatted A_herm:
[[1. 0. 0. 0.]
 [0. 1. 0. 0.]
 [0. 0. 1. 0.]
 [0. 0. 0. 1.]]
B_herm:
[214.14213562  14.14213562 214.14213562  14.14213562]
Determinant of resulting matrix: 1.0
Condition # of resulting matrix: 1.0
===========Metadata saved===========
Using 'ideal' simulator with 'statevector' backend
Backend: AerSimulator('aer_simulator_statevector')
==================Generating HHL circuit================
Time elapsed for generating HHL circuit:  0 min 0.01 sec
===========Circuit saved===========
[2025-11-26 14:43:10.444] [STATUS] FINISHING (native: FINISHING)
[2025-11-26 14:43:10.459] [STATUS] COMPLETE (native: COMPLETE)
[2025-11-26 14:43:10.524] [STATUS] INFO (native: INFO)
  Details: {'case': 'hs_torino_sim_run1_0', '_direction': 'get', '_siteName': 'local', '_localPath': '/Users/agallojr/.lwfm/out/qt02-cfd/0e63f2d8/hs_torino_sim_run1_0/input_vars_hs_torino_sim_run1_0.yaml', '_siteObjPath': '', '_workflowId': '0e63f2d8', '_jobId': 'a9cbaaff'}
[2025-11-26 14:43:10.549] [STATUS] INFO (native: INFO)
  Details: {'case': 'hs_torino_sim_run1_0', '_direction': 'put', '_siteName': 'local', '_localPath': '/Users/agallojr/.lwfm/out/qt02-cfd/0e63f2d8/hs_torino_sim_run1_0/hele-shaw_circ_nqmatrix2.qpy', '_siteObjPath': '', '_workflowId': '0e63f2d8', '_jobId': 'a9cbaaff'}
[2025-11-26 14:43:10.566] [STATUS] INFO (native: INFO)
  Details: {'case': 'hs_torino_sim_run1_0', '_direction': 'put', '_siteName': 'local', '_localPath': '/Users/agallojr/.lwfm/out/qt02-cfd/0e63f2d8/hs_torino_sim_run1_0/hele-shaw_circ_nqmatrix2.pkl', '_siteObjPath': '', '_workflowId': '0e63f2d8', '_jobId': 'a9cbaaff'}
