
------------------------------------------------------------
Using ideal local simulator with 'statevector' method
Backend: aer_simulator_statevector
Shots: 5000
------------------------------------------------------------

A info: before HHL prepare:
Spectral radius (A): 2.241e+01, lambda_min:2.3074021727489433
condition number(A): 9.710e+00, norm2_cond:95.97789014324577
det(A): 9.333e+14
--------------------------------------------------------------------------------

A_hhl info: after scaling by spectral radius:
Spectral radius (A): 1.000e+00, lambda_min:0.1029832130561069
condition number(A): 9.710e+00, norm2_cond:95.9778901432457
det(A): 5.184e-06, nnz: 10 non zeros per row
--------------------------------------------------------------------------------

Size of A & B are not power of 2:
Next 2 power of 15 = 16
Value to be padded = 1
--------------------------------------------------

==================== Print (N)^2 padded matrix system =======================
Padded shape of A: (15, 15)x(15, 15) -> (16, 16)x(16, 16)
Padded shape of B: (15,) -> (16,)
Determinant of padded matrix: 5.183984510966138e-06
Condition # of padded matrix: 95.9778901432457


Matrix is not Hermitian. Making it Hermitian.......

==================== Print Hermitian matrix system info =======================
Shape of hermitian A: 16x16 -> 32x32
Shape of           B: 16 -> 32
Determinant of Hermitian matrix: 2.6873695409936828e-11
Condition # of Hermitian matrix: 95.9778901432459

=================================== Generating HHL circuit ===================================
Time elapsed for generating HHL circuit: 0 min 8.01 sec

Generated circuit: num_qubits=14, gates=19, depth=5
============================== Generated Circuit saved ==============================

============================== Transpiling circuit ==============================
This is using the AerSimulator('aer_simulator_statevector') transpiler.
Time elapsed for transpiling the circuit:  0 min 1.98 sec
Transpiled circuit, num_qubits: 14, (original: 14)
Transpiled circuit depth: 22395 (original: 5)
Transpiled circuit gates: 22499 (original: 19)
============================== Transpiled Circuit saved ==============================
Time elapsed for running the circuit:  0 min 1.97 sec
total_qubits: 14, nq:5

Time elapsed for extracting shots-based hhl counts solution:  0 min 0.00 sec

[HHL info]: linear system residual (e=||Ax-b||_2): 8.597780973763347
[HHL info]: Fidelity(true_sol, hhl_sol): 0.9314804210841536
[HHL info]: L2 error (absolute): 1.9532337869400578
[HHL info]: L2 error (relative): 0.7221938144883301
[HHL info]: L2 error (normalized): 0.2640744839737456

========================================================================================
 Compare system solutions using LU of A, LU sol of A_herm, HHL of Ax=b hermition system
LU sol 	    Herm LU sol    HHL sol    L1_diff(%)
-1.705e-02  -1.705e-02  -0.000e+00  1.000e+02
-7.527e-03  -7.527e-03  -0.000e+00  1.000e+02
-3.946e-02  -3.946e-02  -0.000e+00  1.000e+02
-1.283e-01  -1.283e-01  -9.509e-02  2.586e+01
-6.877e-02  -6.877e-02  -0.000e+00  1.000e+02
-2.800e-01  -2.800e-01  -0.000e+00  1.000e+02
-4.114e-01  -4.114e-01  -0.000e+00  1.000e+02
-4.227e-01  -4.227e-01  -1.647e-01  6.104e+01
-1.109e+00  -1.109e+00  -3.154e-01  7.157e+01
-5.252e-01  -5.252e-01  -1.647e-01  6.864e+01
-5.558e-01  -5.558e-01  -9.509e-02  8.289e+01
-1.428e+00  -1.428e+00  -4.560e-01  6.806e+01
-5.637e-01  -5.637e-01  -2.329e-01  5.868e+01
-5.958e-01  -5.958e-01  -2.126e-01  6.431e+01
-1.529e+00  -1.529e+00  -3.804e-01  7.513e+01
========================================================================================

step: 0/15 res:12.375368413827264, res/res0:1.0  dq_norm: [0.30069635 0.28526561 0.67237748]

A info: before HHL prepare:
Spectral radius (A): 2.253e+01, lambda_min:2.6859513063397356
condition number(A): 8.388e+00, norm2_cond:92.49439966833624
det(A): 1.956e+15
--------------------------------------------------------------------------------

A_hhl info: after scaling by spectral radius:
Spectral radius (A): 1.000e+00, lambda_min:0.11922202668151796
condition number(A): 8.388e+00, norm2_cond:92.49439966833613
det(A): 1.001e-05, nnz: 11 non zeros per row
--------------------------------------------------------------------------------

Size of A & B are not power of 2:
Next 2 power of 15 = 16
Value to be padded = 1
--------------------------------------------------

==================== Print (N)^2 padded matrix system =======================
Padded shape of A: (15, 15)x(15, 15) -> (16, 16)x(16, 16)
Padded shape of B: (15,) -> (16,)
Determinant of padded matrix: 1.000527536079646e-05
Condition # of padded matrix: 92.49439966833613


Matrix is not Hermitian. Making it Hermitian.......

==================== Print Hermitian matrix system info =======================
Shape of hermitian A: 16x16 -> 32x32
Shape of           B: 16 -> 32
Determinant of Hermitian matrix: 1.0010553504536002e-10
Condition # of Hermitian matrix: 92.49439966833629

=================================== Generating HHL circuit ===================================
Time elapsed for generating HHL circuit: 0 min 8.57 sec

Generated circuit: num_qubits=14, gates=19, depth=5
============================== Generated Circuit saved ==============================

============================== Transpiling circuit ==============================
This is using the AerSimulator('aer_simulator_statevector') transpiler.
Time elapsed for transpiling the circuit:  0 min 1.61 sec
Transpiled circuit, num_qubits: 14, (original: 14)
Transpiled circuit depth: 22395 (original: 5)
Transpiled circuit gates: 22499 (original: 19)
============================== Transpiled Circuit saved ==============================
Time elapsed for running the circuit:  0 min 1.96 sec
total_qubits: 14, nq:5

Time elapsed for extracting shots-based hhl counts solution:  0 min 0.00 sec

[HHL info]: linear system residual (e=||Ax-b||_2): 4.370478465079053
[HHL info]: Fidelity(true_sol, hhl_sol): 0.9762819958738354
[HHL info]: L2 error (absolute): 0.7489361915004086
[HHL info]: L2 error (relative): 0.3914511520585193
[HHL info]: L2 error (normalized): 0.15446790281113085

========================================================================================
 Compare system solutions using LU of A, LU sol of A_herm, HHL of Ax=b hermition system
LU sol 	    Herm LU sol    HHL sol    L1_diff(%)
-1.829e-02  -1.829e-02  -0.000e+00  1.000e+02
-6.221e-03  -6.221e-03  -0.000e+00  1.000e+02
-3.644e-02  -3.644e-02  -0.000e+00  1.000e+02
-4.882e-02  -4.882e-02  -0.000e+00  1.000e+02
-7.703e-02  -7.703e-02  -0.000e+00  1.000e+02
-3.251e-01  -3.251e-01  -2.170e-01  3.324e+01
-4.309e-01  -4.309e-01  -3.544e-01  1.775e+01
-2.492e-01  -2.492e-01  -1.772e-01  2.888e+01
-7.936e-01  -7.936e-01  -5.012e-01  3.684e+01
-3.462e-01  -3.462e-01  -1.253e-01  6.381e+01
-4.681e-01  -4.681e-01  -1.772e-01  6.214e+01
-9.225e-01  -9.225e-01  -6.009e-01  3.486e+01
-3.071e-01  -3.071e-01  -1.772e-01  4.231e+01
-3.880e-01  -3.880e-01  -2.506e-01  3.540e+01
-1.110e+00  -1.110e+00  -6.977e-01  3.715e+01
========================================================================================

step: 1/15 res:8.751845898973237, res/res0:0.7071988167394364  dq_norm: [0.41558349 0.35441079 1.07059046]

A info: before HHL prepare:
Spectral radius (A): 2.381e+01, lambda_min:3.746534951090371
condition number(A): 6.356e+00, norm2_cond:74.51433864988672
det(A): 6.412e+15
--------------------------------------------------------------------------------

A_hhl info: after scaling by spectral radius:
Spectral radius (A): 1.000e+00, lambda_min:0.1573233591245876
condition number(A): 6.356e+00, norm2_cond:74.51433864988684
det(A): 1.427e-05, nnz: 12 non zeros per row
--------------------------------------------------------------------------------

Size of A & B are not power of 2:
Next 2 power of 15 = 16
Value to be padded = 1
--------------------------------------------------

==================== Print (N)^2 padded matrix system =======================
Padded shape of A: (15, 15)x(15, 15) -> (16, 16)x(16, 16)
Padded shape of B: (15,) -> (16,)
Determinant of padded matrix: 1.4270785547724805e-05
Condition # of padded matrix: 74.51433864988684


Matrix is not Hermitian. Making it Hermitian.......

==================== Print Hermitian matrix system info =======================
Shape of hermitian A: 16x16 -> 32x32
Shape of           B: 16 -> 32
Determinant of Hermitian matrix: 2.0365532014915045e-10
Condition # of Hermitian matrix: 74.51433864988702

=================================== Generating HHL circuit ===================================
Time elapsed for generating HHL circuit: 0 min 8.74 sec

Generated circuit: num_qubits=14, gates=19, depth=5
============================== Generated Circuit saved ==============================

============================== Transpiling circuit ==============================
This is using the AerSimulator('aer_simulator_statevector') transpiler.
Time elapsed for transpiling the circuit:  0 min 1.60 sec
Transpiled circuit, num_qubits: 14, (original: 14)
Transpiled circuit depth: 22393 (original: 5)
Transpiled circuit gates: 22497 (original: 19)
============================== Transpiled Circuit saved ==============================
Time elapsed for running the circuit:  0 min 1.96 sec
total_qubits: 14, nq:5

Time elapsed for extracting shots-based hhl counts solution:  0 min 0.00 sec

[HHL info]: linear system residual (e=||Ax-b||_2): 2.867051717159067
[HHL info]: Fidelity(true_sol, hhl_sol): 0.9614212535940387
[HHL info]: L2 error (absolute): 0.16408306636641343
[HHL info]: L2 error (relative): 0.25888076387957165
[HHL info]: L2 error (normalized): 0.19737826977677023

========================================================================================
 Compare system solutions using LU of A, LU sol of A_herm, HHL of Ax=b hermition system
LU sol 	    Herm LU sol    HHL sol    L1_diff(%)
-1.299e-02  -1.299e-02  -0.000e+00  1.000e+02
-4.980e-03  -4.980e-03  -0.000e+00  1.000e+02
-3.073e-02  -3.073e-02  -0.000e+00  1.000e+02
-1.735e-02  -1.735e-02  -0.000e+00  1.000e+02
-6.722e-02  -6.722e-02  -0.000e+00  1.000e+02
-2.923e-02  -2.923e-02  -6.334e-02  1.167e+02
-2.410e-02  -2.410e-02  -6.334e-02  1.629e+02
-7.741e-02  -7.741e-02  -6.334e-02  1.818e+01
-2.142e-01  -2.142e-01  -1.792e-01  1.637e+01
-1.984e-01  -1.984e-01  -1.416e-01  2.862e+01
-2.869e-01  -2.869e-01  -2.101e-01  2.678e+01
-2.613e-01  -2.613e-01  -2.003e-01  2.333e+01
-1.117e-01  -1.117e-01  -6.334e-02  4.332e+01
-1.335e-01  -1.335e-01  -1.097e-01  1.783e+01
-3.495e-01  -3.495e-01  -3.167e-01  9.394e+00
========================================================================================

step: 2/15 res:4.477699003112485, res/res0:0.3618234910978049  dq_norm: [0.16758367 0.24531737 0.42015449]

A info: before HHL prepare:
Spectral radius (A): 2.425e+01, lambda_min:4.10614577072695
condition number(A): 5.906e+00, norm2_cond:70.19553263274862
det(A): 8.941e+15
--------------------------------------------------------------------------------

A_hhl info: after scaling by spectral radius:
Spectral radius (A): 1.000e+00, lambda_min:0.1693291163027683
condition number(A): 5.906e+00, norm2_cond:70.19553263274854
det(A): 1.516e-05, nnz: 13 non zeros per row
--------------------------------------------------------------------------------

Size of A & B are not power of 2:
Next 2 power of 15 = 16
Value to be padded = 1
--------------------------------------------------

==================== Print (N)^2 padded matrix system =======================
Padded shape of A: (15, 15)x(15, 15) -> (16, 16)x(16, 16)
Padded shape of B: (15,) -> (16,)
Determinant of padded matrix: 1.5164522743322522e-05
Condition # of padded matrix: 70.19553263274854


Matrix is not Hermitian. Making it Hermitian.......

==================== Print Hermitian matrix system info =======================
Shape of hermitian A: 16x16 -> 32x32
Shape of           B: 16 -> 32
Determinant of Hermitian matrix: 2.2996275003274684e-10
Condition # of Hermitian matrix: 70.19553263274858

=================================== Generating HHL circuit ===================================
Time elapsed for generating HHL circuit: 0 min 8.82 sec

Generated circuit: num_qubits=14, gates=19, depth=5
============================== Generated Circuit saved ==============================

============================== Transpiling circuit ==============================
This is using the AerSimulator('aer_simulator_statevector') transpiler.
Time elapsed for transpiling the circuit:  0 min 1.61 sec
Transpiled circuit, num_qubits: 14, (original: 14)
Transpiled circuit depth: 22393 (original: 5)
Transpiled circuit gates: 22497 (original: 19)
============================== Transpiled Circuit saved ==============================
Time elapsed for running the circuit:  0 min 1.97 sec
total_qubits: 14, nq:5

Time elapsed for extracting shots-based hhl counts solution:  0 min 0.00 sec

[HHL info]: linear system residual (e=||Ax-b||_2): 2.7556046292799734
[HHL info]: Fidelity(true_sol, hhl_sol): 0.37864760806062864
[HHL info]: L2 error (absolute): 0.1409296987134192
[HHL info]: L2 error (relative): 0.8824255791249688
[HHL info]: L2 error (normalized): 0.8771049106381057

========================================================================================
 Compare system solutions using LU of A, LU sol of A_herm, HHL of Ax=b hermition system
LU sol 	    Herm LU sol    HHL sol    L1_diff(%)
-1.346e-02  -1.346e-02  -0.000e+00  1.000e+02
-4.808e-03  -4.808e-03  -0.000e+00  1.000e+02
-3.157e-02  -3.157e-02  -1.235e-02  6.089e+01
-1.994e-02  -1.994e-02  -0.000e+00  1.000e+02
-6.859e-02  -6.859e-02  -2.139e-02  6.882e+01
 2.595e-02   2.595e-02   0.000e+00  1.000e+02
 3.514e-02   3.514e-02   1.235e-02  6.485e+01
-1.593e-02  -1.593e-02  -1.235e-02  2.246e+01
-3.865e-02  -3.865e-02  -0.000e+00  1.000e+02
-5.398e-02  -5.398e-02  -1.235e-02  7.712e+01
-7.344e-02  -7.344e-02  -0.000e+00  1.000e+02
-6.615e-02  -6.615e-02  -0.000e+00  1.000e+02
-4.524e-02  -4.524e-02  -0.000e+00  1.000e+02
-2.254e-02  -2.254e-02  -1.235e-02  4.522e+01
-1.758e-02  -1.758e-02  -0.000e+00  1.000e+02
========================================================================================

step: 3/15 res:2.8913319257305052, res/res0:0.2336360283625947  dq_norm: [0.01746434 0.02761354 0.01234915]

A info: before HHL prepare:
Spectral radius (A): 2.411e+01, lambda_min:3.92428635837393
condition number(A): 6.143e+00, norm2_cond:72.14522332425662
det(A): 7.470e+15
--------------------------------------------------------------------------------

A_hhl info: after scaling by spectral radius:
Spectral radius (A): 1.000e+00, lambda_min:0.16279591519704828
condition number(A): 6.143e+00, norm2_cond:72.14522332425648
det(A): 1.385e-05, nnz: 11 non zeros per row
--------------------------------------------------------------------------------

Size of A & B are not power of 2:
Next 2 power of 15 = 16
Value to be padded = 1
--------------------------------------------------

==================== Print (N)^2 padded matrix system =======================
Padded shape of A: (15, 15)x(15, 15) -> (16, 16)x(16, 16)
Padded shape of B: (15,) -> (16,)
Determinant of padded matrix: 1.3853421118969392e-05
Condition # of padded matrix: 72.14522332425648


Matrix is not Hermitian. Making it Hermitian.......

==================== Print Hermitian matrix system info =======================
Shape of hermitian A: 16x16 -> 32x32
Shape of           B: 16 -> 32
Determinant of Hermitian matrix: 1.9191727669950715e-10
Condition # of Hermitian matrix: 72.1452233242566

=================================== Generating HHL circuit ===================================
Time elapsed for generating HHL circuit: 0 min 8.59 sec

Generated circuit: num_qubits=14, gates=19, depth=5
============================== Generated Circuit saved ==============================

============================== Transpiling circuit ==============================
This is using the AerSimulator('aer_simulator_statevector') transpiler.
Time elapsed for transpiling the circuit:  0 min 1.95 sec
Transpiled circuit, num_qubits: 14, (original: 14)
Transpiled circuit depth: 22395 (original: 5)
Transpiled circuit gates: 22499 (original: 19)
============================== Transpiled Circuit saved ==============================
Time elapsed for running the circuit:  0 min 1.97 sec
total_qubits: 14, nq:5

Time elapsed for extracting shots-based hhl counts solution:  0 min 0.00 sec

[HHL info]: linear system residual (e=||Ax-b||_2): 2.597282623479242
[HHL info]: Fidelity(true_sol, hhl_sol): 0.624048753624049
[HHL info]: L2 error (absolute): 0.09587740389455883
[HHL info]: L2 error (relative): 0.6648588156095477
[HHL info]: L2 error (normalized): 0.6481241163249508

========================================================================================
 Compare system solutions using LU of A, LU sol of A_herm, HHL of Ax=b hermition system
LU sol 	    Herm LU sol    HHL sol    L1_diff(%)
-1.269e-02  -1.269e-02  -0.000e+00  1.000e+02
-4.415e-03  -4.415e-03  -0.000e+00  1.000e+02
-1.710e-02  -1.710e-02  -2.218e-02  2.977e+01
-1.877e-02  -1.877e-02  -0.000e+00  1.000e+02
-4.834e-02  -4.834e-02  -0.000e+00  1.000e+02
 2.959e-02   2.959e-02   0.000e+00  1.000e+02
 2.474e-02   2.474e-02   0.000e+00  1.000e+02
-3.033e-03  -3.033e-03  -0.000e+00  1.000e+02
-3.613e-02  -3.613e-02  -0.000e+00  1.000e+02
-4.116e-02  -4.116e-02  -4.437e-02  7.791e+00
-7.439e-02  -7.439e-02  -3.842e-02  4.835e+01
-6.852e-02  -6.852e-02  -3.842e-02  4.393e+01
-4.768e-02  -4.768e-02  -2.218e-02  5.347e+01
-1.066e-02  -1.066e-02  -0.000e+00  1.000e+02
-2.284e-02  -2.284e-02  -0.000e+00  1.000e+02
========================================================================================

step: 4/15 res:2.763110508860646, res/res0:0.22327501020279633  dq_norm: [0.04960476 0.03842368 0.04436785]

A info: before HHL prepare:
Spectral radius (A): 2.433e+01, lambda_min:4.188132325898081
condition number(A): 5.809e+00, norm2_cond:71.73702167404676
det(A): 1.050e+16
--------------------------------------------------------------------------------

A_hhl info: after scaling by spectral radius:
Spectral radius (A): 1.000e+00, lambda_min:0.17216109807646776
condition number(A): 5.809e+00, norm2_cond:71.73702167404656
det(A): 1.698e-05, nnz: 11 non zeros per row
--------------------------------------------------------------------------------

Size of A & B are not power of 2:
Next 2 power of 15 = 16
Value to be padded = 1
--------------------------------------------------

==================== Print (N)^2 padded matrix system =======================
Padded shape of A: (15, 15)x(15, 15) -> (16, 16)x(16, 16)
Padded shape of B: (15,) -> (16,)
Determinant of padded matrix: 1.697625552552187e-05
Condition # of padded matrix: 71.73702167404656


Matrix is not Hermitian. Making it Hermitian.......

==================== Print Hermitian matrix system info =======================
Shape of hermitian A: 16x16 -> 32x32
Shape of           B: 16 -> 32
Determinant of Hermitian matrix: 2.8819325166781073e-10
Condition # of Hermitian matrix: 71.73702167404666

=================================== Generating HHL circuit ===================================
Time elapsed for generating HHL circuit: 0 min 8.87 sec

Generated circuit: num_qubits=14, gates=19, depth=5
============================== Generated Circuit saved ==============================

============================== Transpiling circuit ==============================
This is using the AerSimulator('aer_simulator_statevector') transpiler.
Time elapsed for transpiling the circuit:  0 min 1.62 sec
Transpiled circuit, num_qubits: 14, (original: 14)
Transpiled circuit depth: 22393 (original: 5)
Transpiled circuit gates: 22497 (original: 19)
============================== Transpiled Circuit saved ==============================
Time elapsed for running the circuit:  0 min 1.99 sec
total_qubits: 14, nq:5

Time elapsed for extracting shots-based hhl counts solution:  0 min 0.00 sec

[HHL info]: linear system residual (e=||Ax-b||_2): 2.3925804804300848
[HHL info]: Fidelity(true_sol, hhl_sol): 0.43736085454063
[HHL info]: L2 error (absolute): 0.08298741565419143
[HHL info]: L2 error (relative): 0.8906524308130516
[HHL info]: L2 error (normalized): 0.823003480769028

========================================================================================
 Compare system solutions using LU of A, LU sol of A_herm, HHL of Ax=b hermition system
LU sol 	    Herm LU sol    HHL sol    L1_diff(%)
-1.261e-02  -1.261e-02  -7.546e-03  4.015e+01
-4.203e-03  -4.203e-03  -0.000e+00  1.000e+02
 5.432e-03   5.432e-03   0.000e+00  1.000e+02
-1.944e-02  -1.944e-02  -0.000e+00  1.000e+02
-4.940e-02  -4.940e-02  -7.546e-03  8.473e+01
 2.765e-02   2.765e-02   7.546e-03  7.271e+01
 2.398e-02   2.398e-02   0.000e+00  1.000e+02
-3.072e-03  -3.072e-03  -0.000e+00  1.000e+02
-3.581e-02  -3.581e-02  -0.000e+00  1.000e+02
 4.596e-03   4.596e-03   0.000e+00  1.000e+02
-3.403e-02  -3.403e-02  -1.067e-02  6.864e+01
-2.946e-02  -2.946e-02  -0.000e+00  1.000e+02
-2.185e-02  -2.185e-02  -0.000e+00  1.000e+02
-1.034e-02  -1.034e-02  -0.000e+00  1.000e+02
-1.986e-02  -1.986e-02  -0.000e+00  1.000e+02
========================================================================================

step: 5/15 res:2.6041918182689128, res/res0:0.21043347811441263  dq_norm: [0.00754639 0.01307073 0.00754639]

A info: before HHL prepare:
Spectral radius (A): 2.435e+01, lambda_min:4.135974869057035
condition number(A): 5.887e+00, norm2_cond:71.63529178582404
det(A): 1.029e+16
--------------------------------------------------------------------------------

A_hhl info: after scaling by spectral radius:
Spectral radius (A): 1.000e+00, lambda_min:0.16985674792165711
condition number(A): 5.887e+00, norm2_cond:71.63529178582394
det(A): 1.640e-05, nnz: 11 non zeros per row
--------------------------------------------------------------------------------

Size of A & B are not power of 2:
Next 2 power of 15 = 16
Value to be padded = 1
--------------------------------------------------

==================== Print (N)^2 padded matrix system =======================
Padded shape of A: (15, 15)x(15, 15) -> (16, 16)x(16, 16)
Padded shape of B: (15,) -> (16,)
Determinant of padded matrix: 1.6400604482857784e-05
Condition # of padded matrix: 71.63529178582394


Matrix is not Hermitian. Making it Hermitian.......

==================== Print Hermitian matrix system info =======================
Shape of hermitian A: 16x16 -> 32x32
Shape of           B: 16 -> 32
Determinant of Hermitian matrix: 2.6897982740313394e-10
Condition # of Hermitian matrix: 71.63529178582428

=================================== Generating HHL circuit ===================================
Time elapsed for generating HHL circuit: 0 min 8.51 sec

Generated circuit: num_qubits=14, gates=19, depth=5
============================== Generated Circuit saved ==============================

============================== Transpiling circuit ==============================
This is using the AerSimulator('aer_simulator_statevector') transpiler.
Time elapsed for transpiling the circuit:  0 min 1.96 sec
Transpiled circuit, num_qubits: 14, (original: 14)
Transpiled circuit depth: 22393 (original: 5)
Transpiled circuit gates: 22497 (original: 19)
============================== Transpiled Circuit saved ==============================
Time elapsed for running the circuit:  0 min 1.98 sec
total_qubits: 14, nq:5

Time elapsed for extracting shots-based hhl counts solution:  0 min 0.00 sec

[HHL info]: linear system residual (e=||Ax-b||_2): 2.0901886274400585
[HHL info]: Fidelity(true_sol, hhl_sol): 0.4384970837268445
[HHL info]: L2 error (absolute): 0.06964125275090124
[HHL info]: L2 error (relative): 0.8387753299569746
[HHL info]: L2 error (normalized): 0.8219597030731993

========================================================================================
 Compare system solutions using LU of A, LU sol of A_herm, HHL of Ax=b hermition system
LU sol 	    Herm LU sol    HHL sol    L1_diff(%)
-4.949e-03  -4.949e-03  -0.000e+00  1.000e+02
-4.242e-03  -4.242e-03  -9.671e-03  1.280e+02
 5.682e-03   5.682e-03   0.000e+00  1.000e+02
-1.934e-02  -1.934e-02  -0.000e+00  1.000e+02
-4.196e-02  -4.196e-02  -9.671e-03  7.696e+01
 2.080e-02   2.080e-02   1.368e-02  3.425e+01
 2.404e-02   2.404e-02   0.000e+00  1.000e+02
-3.114e-03  -3.114e-03  -0.000e+00  1.000e+02
-3.567e-02  -3.567e-02  -9.671e-03  7.289e+01
 4.647e-03   4.647e-03   0.000e+00  1.000e+02
-2.338e-02  -2.338e-02  -9.671e-03  5.864e+01
-2.920e-02  -2.920e-02  -0.000e+00  1.000e+02
-2.180e-02  -2.180e-02  -0.000e+00  1.000e+02
-1.038e-02  -1.038e-02  -0.000e+00  1.000e+02
-1.968e-02  -1.968e-02  -0.000e+00  1.000e+02
========================================================================================

step: 6/15 res:2.3924214598809543, res/res0:0.19332123132656404  dq_norm: [0.         0.01675018 0.01675018]

A info: before HHL prepare:
Spectral radius (A): 2.437e+01, lambda_min:4.095151182678995
condition number(A): 5.952e+00, norm2_cond:71.13265511261106
det(A): 9.977e+15
--------------------------------------------------------------------------------

A_hhl info: after scaling by spectral radius:
Spectral radius (A): 1.000e+00, lambda_min:0.16801511770359437
condition number(A): 5.952e+00, norm2_cond:71.13265511261109
det(A): 1.567e-05, nnz: 11 non zeros per row
--------------------------------------------------------------------------------

Size of A & B are not power of 2:
Next 2 power of 15 = 16
Value to be padded = 1
--------------------------------------------------

==================== Print (N)^2 padded matrix system =======================
Padded shape of A: (15, 15)x(15, 15) -> (16, 16)x(16, 16)
Padded shape of B: (15,) -> (16,)
Determinant of padded matrix: 1.5673753160030833e-05
Condition # of padded matrix: 71.13265511261109


Matrix is not Hermitian. Making it Hermitian.......

==================== Print Hermitian matrix system info =======================
Shape of hermitian A: 16x16 -> 32x32
Shape of           B: 16 -> 32
Determinant of Hermitian matrix: 2.456665381215774e-10
Condition # of Hermitian matrix: 71.13265511261118

=================================== Generating HHL circuit ===================================
Time elapsed for generating HHL circuit: 0 min 8.50 sec

Generated circuit: num_qubits=14, gates=19, depth=5
============================== Generated Circuit saved ==============================

============================== Transpiling circuit ==============================
This is using the AerSimulator('aer_simulator_statevector') transpiler.
Time elapsed for transpiling the circuit:  0 min 1.93 sec
Transpiled circuit, num_qubits: 14, (original: 14)
Transpiled circuit depth: 22393 (original: 5)
Transpiled circuit gates: 22497 (original: 19)
============================== Transpiled Circuit saved ==============================
Time elapsed for running the circuit:  0 min 2.00 sec
total_qubits: 14, nq:5

Time elapsed for extracting shots-based hhl counts solution:  0 min 0.00 sec

[HHL info]: linear system residual (e=||Ax-b||_2): 1.1606442884600634
[HHL info]: Fidelity(true_sol, hhl_sol): 0.3397489643836628
[HHL info]: L2 error (absolute): 0.0658794106628948
[HHL info]: L2 error (relative): 0.9435503827767355
[HHL info]: L2 error (normalized): 0.9133675180662469

========================================================================================
 Compare system solutions using LU of A, LU sol of A_herm, HHL of Ax=b hermition system
LU sol 	    Herm LU sol    HHL sol    L1_diff(%)
-4.909e-03  -4.909e-03  -0.000e+00  1.000e+02
 5.428e-03   5.428e-03   0.000e+00  1.000e+02
 6.138e-03   6.138e-03   0.000e+00  1.000e+02
-1.935e-02  -1.935e-02  -5.246e-02  1.711e+02
-3.238e-02  -3.238e-02  -3.709e-02  1.456e+01
 7.572e-03   7.572e-03   0.000e+00  1.000e+02
 2.402e-02   2.402e-02   0.000e+00  1.000e+02
-3.112e-03  -3.112e-03  -0.000e+00  1.000e+02
-2.660e-02  -2.660e-02  -0.000e+00  1.000e+02
 4.706e-03   4.706e-03   0.000e+00  1.000e+02
-1.367e-02  -1.367e-02  -0.000e+00  1.000e+02
-2.914e-02  -2.914e-02  -0.000e+00  1.000e+02
-2.165e-02  -2.165e-02  -3.709e-02  7.130e+01
-1.041e-02  -1.041e-02  -0.000e+00  1.000e+02
-1.934e-02  -1.934e-02  -0.000e+00  1.000e+02
========================================================================================

step: 7/15 res:2.090761823877838, res/res0:0.168945420771618  dq_norm: [0.06424577 0.03709231 0.        ]

A info: before HHL prepare:
Spectral radius (A): 2.466e+01, lambda_min:4.496324245799572
condition number(A): 5.485e+00, norm2_cond:68.56805110061663
det(A): 1.679e+16
--------------------------------------------------------------------------------

A_hhl info: after scaling by spectral radius:
Spectral radius (A): 1.000e+00, lambda_min:0.18232253727095987
condition number(A): 5.485e+00, norm2_cond:68.56805110061669
det(A): 2.213e-05, nnz: 11 non zeros per row
--------------------------------------------------------------------------------

Size of A & B are not power of 2:
Next 2 power of 15 = 16
Value to be padded = 1
--------------------------------------------------

==================== Print (N)^2 padded matrix system =======================
Padded shape of A: (15, 15)x(15, 15) -> (16, 16)x(16, 16)
Padded shape of B: (15,) -> (16,)
Determinant of padded matrix: 2.2126436100644428e-05
Condition # of padded matrix: 68.56805110061669


Matrix is not Hermitian. Making it Hermitian.......

==================== Print Hermitian matrix system info =======================
Shape of hermitian A: 16x16 -> 32x32
Shape of           B: 16 -> 32
Determinant of Hermitian matrix: 4.89579174515901e-10
Condition # of Hermitian matrix: 68.56805110061683

=================================== Generating HHL circuit ===================================
Time elapsed for generating HHL circuit: 0 min 8.53 sec

Generated circuit: num_qubits=14, gates=19, depth=5
============================== Generated Circuit saved ==============================

============================== Transpiling circuit ==============================
This is using the AerSimulator('aer_simulator_statevector') transpiler.
Time elapsed for transpiling the circuit:  0 min 1.69 sec
Transpiled circuit, num_qubits: 14, (original: 14)
Transpiled circuit depth: 22387 (original: 5)
Transpiled circuit gates: 22491 (original: 19)
============================== Transpiled Circuit saved ==============================
Time elapsed for running the circuit:  0 min 1.97 sec
total_qubits: 14, nq:5

Time elapsed for extracting shots-based hhl counts solution:  0 min 0.00 sec

[HHL info]: linear system residual (e=||Ax-b||_2): 1.0206092822711434
[HHL info]: Fidelity(true_sol, hhl_sol): 0.5916743106282177
[HHL info]: L2 error (absolute): 0.05845287538913905
[HHL info]: L2 error (relative): 0.8924353671804204
[HHL info]: L2 error (normalized): 0.6794060846842931

========================================================================================
 Compare system solutions using LU of A, LU sol of A_herm, HHL of Ax=b hermition system
LU sol 	    Herm LU sol    HHL sol    L1_diff(%)
-5.579e-03  -5.579e-03  -0.000e+00  1.000e+02
 4.554e-03   4.554e-03   0.000e+00  1.000e+02
 4.086e-03   4.086e-03   0.000e+00  1.000e+02
 3.212e-02   3.212e-02   6.385e-03  8.012e+01
 4.980e-03   4.980e-03   0.000e+00  1.000e+02
 8.756e-03   8.756e-03   0.000e+00  1.000e+02
 2.414e-02   2.414e-02   3.192e-03  8.677e+01
-3.290e-03  -3.290e-03  -0.000e+00  1.000e+02
-2.758e-02  -2.758e-02  -4.515e-03  8.363e+01
 4.682e-03   4.682e-03   0.000e+00  1.000e+02
-1.342e-02  -1.342e-02  -3.192e-03  7.622e+01
-2.875e-02  -2.875e-02  -0.000e+00  1.000e+02
 1.528e-02   1.528e-02   0.000e+00  1.000e+02
-1.034e-02  -1.034e-02  -3.192e-03  6.913e+01
-1.912e-02  -1.912e-02  -0.000e+00  1.000e+02
========================================================================================

step: 8/15 res:1.1790895547030007, res/res0:0.09527712753873079  dq_norm: [0.00713812 0.00451455 0.00451455]

A info: before HHL prepare:
Spectral radius (A): 2.459e+01, lambda_min:4.437298061045766
condition number(A): 5.541e+00, norm2_cond:68.63937873142851
det(A): 1.577e+16
--------------------------------------------------------------------------------

A_hhl info: after scaling by spectral radius:
Spectral radius (A): 1.000e+00, lambda_min:0.18046179579851207
condition number(A): 5.541e+00, norm2_cond:68.6393787314286
det(A): 2.172e-05, nnz: 11 non zeros per row
--------------------------------------------------------------------------------

Size of A & B are not power of 2:
Next 2 power of 15 = 16
Value to be padded = 1
--------------------------------------------------

==================== Print (N)^2 padded matrix system =======================
Padded shape of A: (15, 15)x(15, 15) -> (16, 16)x(16, 16)
Padded shape of B: (15,) -> (16,)
Determinant of padded matrix: 2.172165286578732e-05
Condition # of padded matrix: 68.6393787314286


Matrix is not Hermitian. Making it Hermitian.......

==================== Print Hermitian matrix system info =======================
Shape of hermitian A: 16x16 -> 32x32
Shape of           B: 16 -> 32
Determinant of Hermitian matrix: 4.718302032217613e-10
Condition # of Hermitian matrix: 68.63937873142869

=================================== Generating HHL circuit ===================================
Time elapsed for generating HHL circuit: 0 min 8.74 sec

Generated circuit: num_qubits=14, gates=19, depth=5
============================== Generated Circuit saved ==============================

============================== Transpiling circuit ==============================
This is using the AerSimulator('aer_simulator_statevector') transpiler.
Time elapsed for transpiling the circuit:  0 min 1.66 sec
Transpiled circuit, num_qubits: 14, (original: 14)
Transpiled circuit depth: 22383 (original: 5)
Transpiled circuit gates: 22487 (original: 19)
============================== Transpiled Circuit saved ==============================
Time elapsed for running the circuit:  0 min 1.99 sec
total_qubits: 14, nq:5

Time elapsed for extracting shots-based hhl counts solution:  0 min 0.00 sec

[HHL info]: linear system residual (e=||Ax-b||_2): 1.010683037595312
[HHL info]: Fidelity(true_sol, hhl_sol): 0.760514271275275
[HHL info]: L2 error (absolute): 0.05691041938561161
[HHL info]: L2 error (relative): 0.9706812964759044
[HHL info]: L2 error (normalized): 0.5058167778293396

========================================================================================
 Compare system solutions using LU of A, LU sol of A_herm, HHL of Ax=b hermition system
LU sol 	    Herm LU sol    HHL sol    L1_diff(%)
-5.391e-03  -5.391e-03  -0.000e+00  1.000e+02
 4.729e-03   4.729e-03   0.000e+00  1.000e+02
 4.596e-03   4.596e-03   0.000e+00  1.000e+02
 2.618e-02   2.618e-02   8.086e-04  9.691e+01
 4.945e-03   4.945e-03   0.000e+00  1.000e+02
 8.796e-03   8.796e-03   0.000e+00  1.000e+02
 2.119e-02   2.119e-02   0.000e+00  1.000e+02
-3.250e-03  -3.250e-03  -0.000e+00  1.000e+02
-2.316e-02  -2.316e-02  -8.086e-04  9.651e+01
 4.846e-03   4.846e-03   0.000e+00  1.000e+02
-1.020e-02  -1.020e-02  -6.602e-04  9.353e+01
-2.851e-02  -2.851e-02  -1.044e-03  9.634e+01
 1.547e-02   1.547e-02   8.086e-04  9.477e+01
-7.146e-03  -7.146e-03  -0.000e+00  1.000e+02
-1.874e-02  -1.874e-02  -6.602e-04  9.648e+01
========================================================================================

step: 9/15 res:1.0213894057428996, res/res0:0.0825340605295984  dq_norm: [0.00114347 0.00066018 0.00147622]

A info: before HHL prepare:
Spectral radius (A): 2.458e+01, lambda_min:4.427430472758632
condition number(A): 5.552e+00, norm2_cond:68.60191573676585
det(A): 1.557e+16
--------------------------------------------------------------------------------

A_hhl info: after scaling by spectral radius:
Spectral radius (A): 1.000e+00, lambda_min:0.18011713543292462
condition number(A): 5.552e+00, norm2_cond:68.60191573676593
det(A): 2.154e-05, nnz: 11 non zeros per row
--------------------------------------------------------------------------------

Size of A & B are not power of 2:
Next 2 power of 15 = 16
Value to be padded = 1
--------------------------------------------------

==================== Print (N)^2 padded matrix system =======================
Padded shape of A: (15, 15)x(15, 15) -> (16, 16)x(16, 16)
Padded shape of B: (15,) -> (16,)
Determinant of padded matrix: 2.1537935105902373e-05
Condition # of padded matrix: 68.60191573676593


Matrix is not Hermitian. Making it Hermitian.......

==================== Print Hermitian matrix system info =======================
Shape of hermitian A: 16x16 -> 32x32
Shape of           B: 16 -> 32
Determinant of Hermitian matrix: 4.638826486260668e-10
Condition # of Hermitian matrix: 68.60191573676579

=================================== Generating HHL circuit ===================================
Time elapsed for generating HHL circuit: 0 min 8.87 sec

Generated circuit: num_qubits=14, gates=19, depth=5
============================== Generated Circuit saved ==============================

============================== Transpiling circuit ==============================
This is using the AerSimulator('aer_simulator_statevector') transpiler.
Time elapsed for transpiling the circuit:  0 min 1.67 sec
Transpiled circuit, num_qubits: 14, (original: 14)
Transpiled circuit depth: 22387 (original: 5)
Transpiled circuit gates: 22491 (original: 19)
============================== Transpiled Circuit saved ==============================
Time elapsed for running the circuit:  0 min 1.98 sec
total_qubits: 14, nq:5

Time elapsed for extracting shots-based hhl counts solution:  0 min 0.00 sec

[HHL info]: linear system residual (e=||Ax-b||_2): 0.9141454980077014
[HHL info]: Fidelity(true_sol, hhl_sol): 0.7811326257335036
[HHL info]: L2 error (absolute): 0.05086618350553412
[HHL info]: L2 error (relative): 0.893213201385947
[HHL info]: L2 error (normalized): 0.48204340659873735

========================================================================================
 Compare system solutions using LU of A, LU sol of A_herm, HHL of Ax=b hermition system
LU sol 	    Herm LU sol    HHL sol    L1_diff(%)
-5.374e-03  -5.374e-03  -0.000e+00  1.000e+02
 4.744e-03   4.744e-03   0.000e+00  1.000e+02
 4.641e-03   4.641e-03   0.000e+00  1.000e+02
 2.540e-02   2.540e-02   4.287e-03  8.313e+01
 4.934e-03   4.934e-03   0.000e+00  1.000e+02
 8.776e-03   8.776e-03   0.000e+00  1.000e+02
 2.119e-02   2.119e-02   2.475e-03  8.832e+01
-3.246e-03  -3.246e-03  -0.000e+00  1.000e+02
-2.237e-02  -2.237e-02  -3.031e-03  8.645e+01
 4.867e-03   4.867e-03   0.000e+00  1.000e+02
-9.528e-03  -9.528e-03  -2.475e-03  7.403e+01
-2.745e-02  -2.745e-02  -2.475e-03  9.099e+01
 1.474e-02   1.474e-02   0.000e+00  1.000e+02
-7.145e-03  -7.145e-03  -0.000e+00  1.000e+02
-1.808e-02  -1.808e-02  -1.750e-03  9.032e+01
========================================================================================

step: 10/15 res:1.0106901650987414, res/res0:0.08166950116567646  dq_norm: [0.00494978 0.00247489 0.00428664]

A info: before HHL prepare:
Spectral radius (A): 2.453e+01, lambda_min:4.408114840387997
condition number(A): 5.565e+00, norm2_cond:68.29857100149056
det(A): 1.511e+16
--------------------------------------------------------------------------------

A_hhl info: after scaling by spectral radius:
Spectral radius (A): 1.000e+00, lambda_min:0.17969088469636846
condition number(A): 5.565e+00, norm2_cond:68.29857100149052
det(A): 2.154e-05, nnz: 11 non zeros per row
--------------------------------------------------------------------------------

Size of A & B are not power of 2:
Next 2 power of 15 = 16
Value to be padded = 1
--------------------------------------------------

==================== Print (N)^2 padded matrix system =======================
Padded shape of A: (15, 15)x(15, 15) -> (16, 16)x(16, 16)
Padded shape of B: (15,) -> (16,)
Determinant of padded matrix: 2.154216893437432e-05
Condition # of padded matrix: 68.29857100149052


Matrix is not Hermitian. Making it Hermitian.......

==================== Print Hermitian matrix system info =======================
Shape of hermitian A: 16x16 -> 32x32
Shape of           B: 16 -> 32
Determinant of Hermitian matrix: 4.640650423971237e-10
Condition # of Hermitian matrix: 68.29857100149049

=================================== Generating HHL circuit ===================================
Time elapsed for generating HHL circuit: 0 min 8.87 sec

Generated circuit: num_qubits=14, gates=19, depth=5
============================== Generated Circuit saved ==============================

============================== Transpiling circuit ==============================
This is using the AerSimulator('aer_simulator_statevector') transpiler.
Time elapsed for transpiling the circuit:  0 min 1.71 sec
Transpiled circuit, num_qubits: 14, (original: 14)
Transpiled circuit depth: 22393 (original: 5)
Transpiled circuit gates: 22497 (original: 19)
============================== Transpiled Circuit saved ==============================
Time elapsed for running the circuit:  0 min 2.00 sec
total_qubits: 14, nq:5

Time elapsed for extracting shots-based hhl counts solution:  0 min 0.00 sec

[HHL info]: linear system residual (e=||Ax-b||_2): 0.6250118764345168
[HHL info]: Fidelity(true_sol, hhl_sol): 0.8626871156347555
[HHL info]: L2 error (absolute): 0.030152543183246675
[HHL info]: L2 error (relative): 0.5892946338725354
[HHL info]: L2 error (normalized): 0.3773340290551114

========================================================================================
 Compare system solutions using LU of A, LU sol of A_herm, HHL of Ax=b hermition system
LU sol 	    Herm LU sol    HHL sol    L1_diff(%)
-5.267e-03  -5.267e-03  -0.000e+00  1.000e+02
 4.847e-03   4.847e-03   0.000e+00  1.000e+02
 4.941e-03   4.941e-03   0.000e+00  1.000e+02
 2.139e-02   2.139e-02   1.115e-02  4.788e+01
 4.938e-03   4.938e-03   0.000e+00  1.000e+02
 8.860e-03   8.860e-03   6.435e-03  2.737e+01
 1.890e-02   1.890e-02   1.115e-02  4.101e+01
-3.209e-03  -3.209e-03  -0.000e+00  1.000e+02
-1.937e-02  -1.937e-02  -6.435e-03  6.678e+01
 4.905e-03   4.905e-03   0.000e+00  1.000e+02
-7.085e-03  -7.085e-03  -0.000e+00  1.000e+02
-2.502e-02  -2.502e-02  -9.101e-03  6.362e+01
 1.470e-02   1.470e-02   9.101e-03  3.808e+01
-7.154e-03  -7.154e-03  -6.435e-03  1.004e+01
-1.650e-02  -1.650e-02  -6.435e-03  6.099e+01
========================================================================================

step: 11/15 res:0.9145178187643802, res/res0:0.0738982297886639  dq_norm: [0.01820225 0.00643547 0.01439014]

A info: before HHL prepare:
Spectral radius (A): 2.431e+01, lambda_min:4.231338787986705
condition number(A): 5.745e+00, norm2_cond:68.41785898947468
det(A): 1.188e+16
--------------------------------------------------------------------------------

A_hhl info: after scaling by spectral radius:
Spectral radius (A): 1.000e+00, lambda_min:0.17407454668513322
condition number(A): 5.745e+00, norm2_cond:68.41785898947448
det(A): 1.944e-05, nnz: 11 non zeros per row
--------------------------------------------------------------------------------

Size of A & B are not power of 2:
Next 2 power of 15 = 16
Value to be padded = 1
--------------------------------------------------

==================== Print (N)^2 padded matrix system =======================
Padded shape of A: (15, 15)x(15, 15) -> (16, 16)x(16, 16)
Padded shape of B: (15,) -> (16,)
Determinant of padded matrix: 1.944305423582909e-05
Condition # of padded matrix: 68.41785898947448


Matrix is not Hermitian. Making it Hermitian.......

==================== Print Hermitian matrix system info =======================
Shape of hermitian A: 16x16 -> 32x32
Shape of           B: 16 -> 32
Determinant of Hermitian matrix: 3.7803235801739164e-10
Condition # of Hermitian matrix: 68.41785898947475

=================================== Generating HHL circuit ===================================
Time elapsed for generating HHL circuit: 0 min 8.92 sec

Generated circuit: num_qubits=14, gates=19, depth=5
============================== Generated Circuit saved ==============================

============================== Transpiling circuit ==============================
This is using the AerSimulator('aer_simulator_statevector') transpiler.
Time elapsed for transpiling the circuit:  0 min 1.69 sec
Transpiled circuit, num_qubits: 14, (original: 14)
Transpiled circuit depth: 22376 (original: 5)
Transpiled circuit gates: 22480 (original: 19)
============================== Transpiled Circuit saved ==============================
Time elapsed for running the circuit:  0 min 1.99 sec
total_qubits: 14, nq:5

Time elapsed for extracting shots-based hhl counts solution:  0 min 0.00 sec

[HHL info]: linear system residual (e=||Ax-b||_2): 0.5716683340131952
[HHL info]: Fidelity(true_sol, hhl_sol): 0.7042779933530428
[HHL info]: L2 error (absolute): 0.0269514673507157
[HHL info]: L2 error (relative): 0.8855631162693514
[HHL info]: L2 error (normalized): 0.5670754405730968

========================================================================================
 Compare system solutions using LU of A, LU sol of A_herm, HHL of Ax=b hermition system
LU sol 	    Herm LU sol    HHL sol    L1_diff(%)
-5.049e-03  -5.049e-03  -0.000e+00  1.000e+02
 5.066e-03   5.066e-03   0.000e+00  1.000e+02
 5.575e-03   5.575e-03   0.000e+00  1.000e+02
 1.076e-02   1.076e-02   1.423e-03  8.677e+01
 4.924e-03   4.924e-03   0.000e+00  1.000e+02
 2.691e-03   2.691e-03   0.000e+00  1.000e+02
 8.116e-03   8.116e-03   1.423e-03  8.246e+01
-3.266e-03  -3.266e-03  -0.000e+00  1.000e+02
-1.323e-02  -1.323e-02  -2.846e-03  7.849e+01
 5.272e-03   5.272e-03   0.000e+00  1.000e+02
-6.802e-03  -6.802e-03  -0.000e+00  1.000e+02
-1.552e-02  -1.552e-02  -2.013e-03  8.703e+01
 6.530e-03   6.530e-03   0.000e+00  1.000e+02
-6.358e-04  -6.358e-04  -0.000e+00  1.000e+02
-9.330e-03  -9.330e-03  -1.423e-03  8.475e+01
========================================================================================

step: 12/15 res:0.626927941790722, res/res0:0.05065933561139416  dq_norm: [0.00201265 0.         0.00376532]

A info: before HHL prepare:
Spectral radius (A): 2.428e+01, lambda_min:4.229729447743925
condition number(A): 5.741e+00, norm2_cond:68.19828170187414
det(A): 1.175e+16
--------------------------------------------------------------------------------

A_hhl info: after scaling by spectral radius:
Spectral radius (A): 1.000e+00, lambda_min:0.17419739938172563
condition number(A): 5.741e+00, norm2_cond:68.19828170187414
det(A): 1.953e-05, nnz: 11 non zeros per row
--------------------------------------------------------------------------------

Size of A & B are not power of 2:
Next 2 power of 15 = 16
Value to be padded = 1
--------------------------------------------------

==================== Print (N)^2 padded matrix system =======================
Padded shape of A: (15, 15)x(15, 15) -> (16, 16)x(16, 16)
Padded shape of B: (15,) -> (16,)
Determinant of padded matrix: 1.9534782994369506e-05
Condition # of padded matrix: 68.19828170187414


Matrix is not Hermitian. Making it Hermitian.......

==================== Print Hermitian matrix system info =======================
Shape of hermitian A: 16x16 -> 32x32
Shape of           B: 16 -> 32
Determinant of Hermitian matrix: 3.8160774663711216e-10
Condition # of Hermitian matrix: 68.1982817018745

=================================== Generating HHL circuit ===================================
Time elapsed for generating HHL circuit: 0 min 8.88 sec

Generated circuit: num_qubits=14, gates=19, depth=5
============================== Generated Circuit saved ==============================

============================== Transpiling circuit ==============================
This is using the AerSimulator('aer_simulator_statevector') transpiler.
Time elapsed for transpiling the circuit:  0 min 1.69 sec
Transpiled circuit, num_qubits: 14, (original: 14)
Transpiled circuit depth: 22391 (original: 5)
Transpiled circuit gates: 22495 (original: 19)
============================== Transpiled Circuit saved ==============================
Time elapsed for running the circuit:  0 min 1.98 sec
total_qubits: 14, nq:5

Time elapsed for extracting shots-based hhl counts solution:  0 min 0.00 sec

[HHL info]: linear system residual (e=||Ax-b||_2): 0.562349399745161
[HHL info]: Fidelity(true_sol, hhl_sol): 0.3342876267017907
[HHL info]: L2 error (absolute): 0.025440730489445448
[HHL info]: L2 error (relative): 0.9412497913650597
[HHL info]: L2 error (normalized): 0.9185029985433754

========================================================================================
 Compare system solutions using LU of A, LU sol of A_herm, HHL of Ax=b hermition system
LU sol 	    Herm LU sol    HHL sol    L1_diff(%)
-5.035e-03  -5.035e-03  -0.000e+00  1.000e+02
 5.084e-03   5.084e-03   0.000e+00  1.000e+02
 5.623e-03   5.623e-03   1.471e-03  7.383e+01
 9.383e-03   9.383e-03   1.471e-03  8.432e+01
 4.938e-03   4.938e-03   0.000e+00  1.000e+02
 2.712e-03   2.712e-03   1.471e-03  4.574e+01
 6.726e-03   6.726e-03   0.000e+00  1.000e+02
-3.264e-03  -3.264e-03  -0.000e+00  1.000e+02
-1.044e-02  -1.044e-02  -0.000e+00  1.000e+02
 5.277e-03   5.277e-03   0.000e+00  1.000e+02
-6.795e-03  -6.795e-03  -0.000e+00  1.000e+02
-1.354e-02  -1.354e-02  -1.471e-03  8.913e+01
 6.534e-03   6.534e-03   0.000e+00  1.000e+02
-6.314e-04  -6.314e-04  -0.000e+00  1.000e+02
-7.919e-03  -7.919e-03  -0.000e+00  1.000e+02
========================================================================================

step: 13/15 res:0.5717725919593707, res/res0:0.046202470329733125  dq_norm: [0.00147144 0.         0.00254861]

A info: before HHL prepare:
Spectral radius (A): 2.428e+01, lambda_min:4.227385961604508
condition number(A): 5.743e+00, norm2_cond:68.1539882778794
det(A): 1.169e+16
--------------------------------------------------------------------------------

A_hhl info: after scaling by spectral radius:
Spectral radius (A): 1.000e+00, lambda_min:0.17411001375883303
condition number(A): 5.743e+00, norm2_cond:68.15398827787935
det(A): 1.946e-05, nnz: 11 non zeros per row
--------------------------------------------------------------------------------

Size of A & B are not power of 2:
Next 2 power of 15 = 16
Value to be padded = 1
--------------------------------------------------

==================== Print (N)^2 padded matrix system =======================
Padded shape of A: (15, 15)x(15, 15) -> (16, 16)x(16, 16)
Padded shape of B: (15,) -> (16,)
Determinant of padded matrix: 1.946036110059421e-05
Condition # of padded matrix: 68.15398827787935


Matrix is not Hermitian. Making it Hermitian.......

==================== Print Hermitian matrix system info =======================
Shape of hermitian A: 16x16 -> 32x32
Shape of           B: 16 -> 32
Determinant of Hermitian matrix: 3.7870565416552294e-10
Condition # of Hermitian matrix: 68.15398827787963

=================================== Generating HHL circuit ===================================
Time elapsed for generating HHL circuit: 0 min 8.65 sec

Generated circuit: num_qubits=14, gates=19, depth=5
============================== Generated Circuit saved ==============================

============================== Transpiling circuit ==============================
This is using the AerSimulator('aer_simulator_statevector') transpiler.
Time elapsed for transpiling the circuit:  0 min 1.65 sec
Transpiled circuit, num_qubits: 14, (original: 14)
Transpiled circuit depth: 22391 (original: 5)
Transpiled circuit gates: 22495 (original: 19)
============================== Transpiled Circuit saved ==============================
Time elapsed for running the circuit:  0 min 1.87 sec
total_qubits: 14, nq:5

Time elapsed for extracting shots-based hhl counts solution:  0 min 0.00 sec

[HHL info]: linear system residual (e=||Ax-b||_2): 0.5505891747371519
[HHL info]: Fidelity(true_sol, hhl_sol): 0.6035814597756596
[HHL info]: L2 error (absolute): 0.01940538862887863
[HHL info]: L2 error (relative): 0.7621611293800205
[HHL info]: L2 error (normalized): 0.6679744726118092

========================================================================================
 Compare system solutions using LU of A, LU sol of A_herm, HHL of Ax=b hermition system
LU sol 	    Herm LU sol    HHL sol    L1_diff(%)
-5.021e-03  -5.021e-03  -0.000e+00  1.000e+02
 5.100e-03   5.100e-03   0.000e+00  1.000e+02
 4.188e-03   4.188e-03   0.000e+00  1.000e+02
 7.935e-03   7.935e-03   5.107e-03  3.564e+01
 4.935e-03   4.935e-03   0.000e+00  1.000e+02
 1.251e-03   1.251e-03   0.000e+00  1.000e+02
 6.725e-03   6.725e-03   0.000e+00  1.000e+02
-3.262e-03  -3.262e-03  -0.000e+00  1.000e+02
-1.044e-02  -1.044e-02  -3.611e-03  6.542e+01
 5.277e-03   5.277e-03   0.000e+00  1.000e+02
-6.793e-03  -6.793e-03  -3.611e-03  4.684e+01
-1.208e-02  -1.208e-02  -3.611e-03  7.012e+01
 6.536e-03   6.536e-03   0.000e+00  1.000e+02
-6.308e-04  -6.308e-04  -0.000e+00  1.000e+02
-7.911e-03  -7.911e-03  -3.611e-03  5.435e+01
========================================================================================

step: 14/15 res:0.5623479564936636, res/res0:0.045440906297814956  dq_norm: [0.00510681 0.00361106 0.00625454]
Completed: 14 steps in 196.56s
Saved metadata to /lustre/orion/stf006/scratch/4klornl/fvm_euler_1d_solver/output_parallel_shots/trials2/statevector/shots_5000/trial_6/metadata_nelem5_HHL_statevector_nshots5000.pkl

Solution summary:
  x/L: [0.1000, 0.9000]
  Mach: [1.5074, 2.1822]
  p/p_in: [0.9849, 0.3605]
  rho/rho_in: [0.9925, 0.4772]
Saved combined plot to /lustre/orion/stf006/scratch/4klornl/fvm_euler_1d_solver/output_parallel_shots/trials2/statevector/shots_5000/trial_6/solution_plot_nelem5_HHL_statevector_nshots5000.png
