
------------------------------------------------------------
Using ideal local simulator with 'statevector' method
Backend: aer_simulator_statevector
Shots: 100000
------------------------------------------------------------

A info: before HHL prepare:
Spectral radius (A): 4.814e+01, lambda_min:3.3136108943482814
condition number(A): 1.453e+01, norm2_cond:197.88017001682982
det(A): 1.276e+38
--------------------------------------------------------------------------------

A_hhl info: after scaling by spectral radius:
Spectral radius (A): 1.000e+00, lambda_min:0.0688269177323334
condition number(A): 1.453e+01, norm2_cond:197.88017001683053
det(A): 4.260e-13, nnz: 11 non zeros per row
--------------------------------------------------------------------------------

Size of A & B are not power of 2:
Next 2 power of 30 = 32
Value to be padded = 2
--------------------------------------------------

==================== Print (N)^2 padded matrix system =======================
Padded shape of A: (30, 30)x(30, 30) -> (32, 32)x(32, 32)
Padded shape of B: (30,) -> (32,)
Determinant of padded matrix: 4.2602079269883554e-13
Condition # of padded matrix: 197.88017001683053


Matrix is not Hermitian. Making it Hermitian.......

==================== Print Hermitian matrix system info =======================
Shape of hermitian A: 32x32 -> 64x64
Shape of           B: 32 -> 64
Determinant of Hermitian matrix: 1.8149371581174162e-25
Condition # of Hermitian matrix: 197.88017001683153

=================================== Generating HHL circuit ===================================
Time elapsed for generating HHL circuit: 0 min 39.90 sec

Generated circuit: num_qubits=16, gates=21, depth=5
============================== Generated Circuit saved ==============================

============================== Transpiling circuit ==============================
This is using the AerSimulator('aer_simulator_statevector') transpiler.
Time elapsed for transpiling the circuit:  0 min 7.44 sec
Transpiled circuit, num_qubits: 16, (original: 16)
Transpiled circuit depth: 103094 (original: 5)
Transpiled circuit gates: 103221 (original: 21)
============================== Transpiled Circuit saved ==============================
Time elapsed for running the circuit:  0 min 16.35 sec
total_qubits: 16, nq:6

Time elapsed for extracting shots-based hhl counts solution:  0 min 0.00 sec

[HHL info]: linear system residual (e=||Ax-b||_2): 5.198111938974306
[HHL info]: Fidelity(true_sol, hhl_sol): 0.996873859423648
[HHL info]: L2 error (absolute): 0.6891773412795682
[HHL info]: L2 error (relative): 0.18146067154470802
[HHL info]: L2 error (normalized): 0.05593377862643445

========================================================================================
 Compare system solutions using LU of A, LU sol of A_herm, HHL of Ax=b hermition system
LU sol 	    Herm LU sol    HHL sol    L1_diff(%)
 4.852e-03   4.852e-03   0.000e+00  1.000e+02
 2.224e-03   2.224e-03   0.000e+00  1.000e+02
 1.012e-02   1.012e-02   0.000e+00  1.000e+02
 6.205e-03   6.205e-03   0.000e+00  1.000e+02
 1.905e-03   1.905e-03   0.000e+00  1.000e+02
 1.125e-02   1.125e-02   0.000e+00  1.000e+02
-2.568e-02  -2.568e-02  -0.000e+00  1.000e+02
-1.823e-02  -1.823e-02  -0.000e+00  1.000e+02
-6.491e-02  -6.491e-02  -0.000e+00  1.000e+02
-1.285e-01  -1.285e-01  -1.111e-01  1.357e+01
-9.623e-02  -9.623e-02  -1.111e-01  1.544e+01
-3.195e-01  -3.195e-01  -2.832e-01  1.136e+01
-3.070e-01  -3.070e-01  -2.605e-01  1.512e+01
-2.851e-01  -2.851e-01  -2.078e-01  2.710e+01
-8.110e-01  -8.110e-01  -7.070e-01  1.283e+01
-4.538e-01  -4.538e-01  -3.848e-01  1.519e+01
-4.624e-01  -4.624e-01  -4.513e-01  2.406e+00
-1.229e+00  -1.229e+00  -1.054e+00  1.423e+01
-5.244e-01  -5.244e-01  -4.303e-01  1.795e+01
-5.482e-01  -5.482e-01  -4.444e-01  1.894e+01
-1.427e+00  -1.427e+00  -1.157e+00  1.890e+01
-5.516e-01  -5.516e-01  -3.848e-01  3.023e+01
-5.798e-01  -5.798e-01  -4.968e-01  1.430e+01
-1.501e+00  -1.501e+00  -1.240e+00  1.741e+01
-5.614e-01  -5.614e-01  -4.778e-01  1.488e+01
-5.902e-01  -5.902e-01  -4.778e-01  1.904e+01
-1.527e+00  -1.527e+00  -1.291e+00  1.544e+01
-5.649e-01  -5.649e-01  -4.581e-01  1.892e+01
-5.937e-01  -5.937e-01  -5.328e-01  1.025e+01
-1.535e+00  -1.535e+00  -1.178e+00  2.326e+01
========================================================================================

step: 0/15 res:15.852040985520478, res/res0:1.0  dq_norm: [0.99985866 1.10259043 2.76067055]

A info: before HHL prepare:
Spectral radius (A): 5.004e+01, lambda_min:3.9016142974724577
condition number(A): 1.283e+01, norm2_cond:158.37499657631528
det(A): 3.851e+39
--------------------------------------------------------------------------------

A_hhl info: after scaling by spectral radius:
Spectral radius (A): 1.000e+00, lambda_min:0.07796251081351442
condition number(A): 1.283e+01, norm2_cond:158.37499657631398
det(A): 4.025e-12, nnz: 13 non zeros per row
--------------------------------------------------------------------------------

Size of A & B are not power of 2:
Next 2 power of 30 = 32
Value to be padded = 2
--------------------------------------------------

==================== Print (N)^2 padded matrix system =======================
Padded shape of A: (30, 30)x(30, 30) -> (32, 32)x(32, 32)
Padded shape of B: (30,) -> (32,)
Determinant of padded matrix: 4.025364523296181e-12
Condition # of padded matrix: 158.37499657631398


Matrix is not Hermitian. Making it Hermitian.......

==================== Print Hermitian matrix system info =======================
Shape of hermitian A: 32x32 -> 64x64
Shape of           B: 32 -> 64
Determinant of Hermitian matrix: 1.6203559545411374e-23
Condition # of Hermitian matrix: 158.3749965763148

=================================== Generating HHL circuit ===================================
Time elapsed for generating HHL circuit: 0 min 40.70 sec

Generated circuit: num_qubits=16, gates=21, depth=5
============================== Generated Circuit saved ==============================

============================== Transpiling circuit ==============================
This is using the AerSimulator('aer_simulator_statevector') transpiler.
Time elapsed for transpiling the circuit:  0 min 7.49 sec
Transpiled circuit, num_qubits: 16, (original: 16)
Transpiled circuit depth: 103106 (original: 5)
Transpiled circuit gates: 103233 (original: 21)
============================== Transpiled Circuit saved ==============================
Time elapsed for running the circuit:  0 min 16.43 sec
total_qubits: 16, nq:6

Time elapsed for extracting shots-based hhl counts solution:  0 min 0.00 sec

[HHL info]: linear system residual (e=||Ax-b||_2): 2.3085325609830765
[HHL info]: Fidelity(true_sol, hhl_sol): 0.9724371071431108
[HHL info]: L2 error (absolute): 0.10747590177972693
[HHL info]: L2 error (relative): 0.23191766751173729
[HHL info]: L2 error (normalized): 0.1665997736735203

========================================================================================
 Compare system solutions using LU of A, LU sol of A_herm, HHL of Ax=b hermition system
LU sol 	    Herm LU sol    HHL sol    L1_diff(%)
 3.729e-03   3.729e-03   0.000e+00  1.000e+02
 1.651e-03   1.651e-03   0.000e+00  1.000e+02
 7.748e-03   7.748e-03   0.000e+00  1.000e+02
 3.551e-03   3.551e-03   0.000e+00  1.000e+02
 7.894e-04   7.894e-04   0.000e+00  1.000e+02
 5.376e-03   5.376e-03   0.000e+00  1.000e+02
-2.521e-02  -2.521e-02  -0.000e+00  1.000e+02
-1.743e-02  -1.743e-02  -0.000e+00  1.000e+02
-6.426e-02  -6.426e-02  -6.741e-02  4.909e+00
-6.809e-03  -6.809e-03  -0.000e+00  1.000e+02
 1.607e-02   1.607e-02   0.000e+00  1.000e+02
-1.286e-02  -1.286e-02  -3.015e-02  1.344e+02
-2.222e-02  -2.222e-02  -0.000e+00  1.000e+02
-7.694e-02  -7.694e-02  -5.222e-02  3.213e+01
-4.695e-02  -4.695e-02  -3.692e-02  2.136e+01
-3.324e-02  -3.324e-02  -0.000e+00  1.000e+02
-9.990e-03  -9.990e-03  -2.132e-02  1.134e+02
-8.793e-02  -8.793e-02  -7.385e-02  1.602e+01
-5.308e-02  -5.308e-02  -3.692e-02  3.044e+01
-1.032e-01  -1.032e-01  -9.999e-02  3.155e+00
-1.657e-01  -1.657e-01  -1.462e-01  1.181e+01
-1.268e-01  -1.268e-01  -9.045e-02  2.865e+01
-8.292e-02  -8.292e-02  -6.395e-02  2.287e+01
-1.521e-01  -1.521e-01  -1.187e-01  2.194e+01
-4.101e-02  -4.101e-02  -3.015e-02  2.649e+01
-1.144e-01  -1.144e-01  -9.769e-02  1.458e+01
-1.255e-01  -1.255e-01  -1.108e-01  1.172e+01
-6.427e-02  -6.427e-02  -3.692e-02  4.255e+01
-6.122e-02  -6.122e-02  -3.692e-02  3.968e+01
-2.572e-01  -2.572e-01  -2.142e-01  1.670e+01
========================================================================================

step: 1/15 res:5.847561301113502, res/res0:0.3688838116463844  dq_norm: [0.10870196 0.16785974 0.32540832]

A info: before HHL prepare:
Spectral radius (A): 4.972e+01, lambda_min:4.17080183772373
condition number(A): 1.192e+01, norm2_cond:152.13330810899853
det(A): 4.471e+39
--------------------------------------------------------------------------------

A_hhl info: after scaling by spectral radius:
Spectral radius (A): 1.000e+00, lambda_min:0.08388307479110416
condition number(A): 1.192e+01, norm2_cond:152.13330810899723
det(A): 5.676e-12, nnz: 13 non zeros per row
--------------------------------------------------------------------------------

Size of A & B are not power of 2:
Next 2 power of 30 = 32
Value to be padded = 2
--------------------------------------------------

==================== Print (N)^2 padded matrix system =======================
Padded shape of A: (30, 30)x(30, 30) -> (32, 32)x(32, 32)
Padded shape of B: (30,) -> (32,)
Determinant of padded matrix: 5.676214937393094e-12
Condition # of padded matrix: 152.13330810899723


Matrix is not Hermitian. Making it Hermitian.......

==================== Print Hermitian matrix system info =======================
Shape of hermitian A: 32x32 -> 64x64
Shape of           B: 32 -> 64
Determinant of Hermitian matrix: 3.221941601548471e-23
Condition # of Hermitian matrix: 152.13330810899816

=================================== Generating HHL circuit ===================================
Time elapsed for generating HHL circuit: 0 min 40.78 sec

Generated circuit: num_qubits=16, gates=21, depth=5
============================== Generated Circuit saved ==============================

============================== Transpiling circuit ==============================
This is using the AerSimulator('aer_simulator_statevector') transpiler.
Time elapsed for transpiling the circuit:  0 min 8.14 sec
Transpiled circuit, num_qubits: 16, (original: 16)
Transpiled circuit depth: 103108 (original: 5)
Transpiled circuit gates: 103235 (original: 21)
============================== Transpiled Circuit saved ==============================
Time elapsed for running the circuit:  0 min 16.60 sec
total_qubits: 16, nq:6

Time elapsed for extracting shots-based hhl counts solution:  0 min 0.00 sec

[HHL info]: linear system residual (e=||Ax-b||_2): 1.8050703359069633
[HHL info]: Fidelity(true_sol, hhl_sol): 0.9127147688335773
[HHL info]: L2 error (absolute): 0.07065516446574262
[HHL info]: L2 error (relative): 0.7479102130402667
[HHL info]: L2 error (normalized): 0.29879401848548626

========================================================================================
 Compare system solutions using LU of A, LU sol of A_herm, HHL of Ax=b hermition system
LU sol 	    Herm LU sol    HHL sol    L1_diff(%)
 3.856e-03   3.856e-03   0.000e+00  1.000e+02
 1.766e-03   1.766e-03   0.000e+00  1.000e+02
 8.023e-03   8.023e-03   3.799e-03  5.265e+01
 4.121e-03   4.121e-03   0.000e+00  1.000e+02
 1.020e-03   1.020e-03   0.000e+00  1.000e+02
 6.502e-03   6.502e-03   0.000e+00  1.000e+02
-2.435e-02  -2.435e-02  -5.373e-03  7.794e+01
-1.732e-02  -1.732e-02  -3.799e-03  7.806e+01
 6.266e-03   6.266e-03   0.000e+00  1.000e+02
-5.924e-03  -5.924e-03  -0.000e+00  1.000e+02
 1.627e-02   1.627e-02   2.686e-03  8.349e+01
 2.007e-02   2.007e-02   6.580e-03  6.721e+01
-2.268e-02  -2.268e-02  -8.059e-03  6.446e+01
-2.556e-02  -2.556e-02  -7.108e-03  7.219e+01
-8.948e-03  -8.948e-03  -2.686e-03  6.998e+01
-3.467e-02  -3.467e-02  -1.005e-02  7.100e+01
 1.122e-02   1.122e-02   4.653e-03  5.852e+01
-1.423e-02  -1.423e-02  -2.686e-03  8.112e+01
-1.492e-02  -1.492e-02  -2.686e-03  8.200e+01
-3.123e-03  -3.123e-03  -0.000e+00  1.000e+02
-1.797e-02  -1.797e-02  -5.373e-03  7.010e+01
-3.036e-02  -3.036e-02  -8.910e-03  7.065e+01
-1.869e-02  -1.869e-02  -5.373e-03  7.126e+01
-2.813e-02  -2.813e-02  -8.059e-03  7.134e+01
-5.272e-03  -5.272e-03  -0.000e+00  1.000e+02
-1.445e-02  -1.445e-02  -0.000e+00  1.000e+02
-6.206e-03  -6.206e-03  -0.000e+00  1.000e+02
-2.100e-02  -2.100e-02  -5.373e-03  7.441e+01
-2.370e-02  -2.370e-02  -5.373e-03  7.733e+01
-2.177e-02  -2.177e-02  -3.799e-03  8.255e+01
========================================================================================

step: 2/15 res:2.338289075652393, res/res0:0.1475071303302979  dq_norm: [0.0176164  0.01231098 0.01343238]

A info: before HHL prepare:
Spectral radius (A): 4.994e+01, lambda_min:4.13614130420212
condition number(A): 1.207e+01, norm2_cond:152.67039593854085
det(A): 5.226e+39
--------------------------------------------------------------------------------

A_hhl info: after scaling by spectral radius:
Spectral radius (A): 1.000e+00, lambda_min:0.0828186960535186
condition number(A): 1.207e+01, norm2_cond:152.67039593854093
det(A): 5.810e-12, nnz: 13 non zeros per row
--------------------------------------------------------------------------------

Size of A & B are not power of 2:
Next 2 power of 30 = 32
Value to be padded = 2
--------------------------------------------------

==================== Print (N)^2 padded matrix system =======================
Padded shape of A: (30, 30)x(30, 30) -> (32, 32)x(32, 32)
Padded shape of B: (30,) -> (32,)
Determinant of padded matrix: 5.81011260726939e-12
Condition # of padded matrix: 152.67039593854093


Matrix is not Hermitian. Making it Hermitian.......

==================== Print Hermitian matrix system info =======================
Shape of hermitian A: 32x32 -> 64x64
Shape of           B: 32 -> 64
Determinant of Hermitian matrix: 3.375740850915119e-23
Condition # of Hermitian matrix: 152.6703959385404

=================================== Generating HHL circuit ===================================
Time elapsed for generating HHL circuit: 0 min 40.40 sec

Generated circuit: num_qubits=16, gates=21, depth=5
============================== Generated Circuit saved ==============================

============================== Transpiling circuit ==============================
This is using the AerSimulator('aer_simulator_statevector') transpiler.
Time elapsed for transpiling the circuit:  0 min 7.69 sec
Transpiled circuit, num_qubits: 16, (original: 16)
Transpiled circuit depth: 103108 (original: 5)
Transpiled circuit gates: 103235 (original: 21)
============================== Transpiled Circuit saved ==============================
Time elapsed for running the circuit:  0 min 16.41 sec
total_qubits: 16, nq:6

Time elapsed for extracting shots-based hhl counts solution:  0 min 0.00 sec

[HHL info]: linear system residual (e=||Ax-b||_2): 1.3519864449770571
[HHL info]: Fidelity(true_sol, hhl_sol): 0.9285748274162596
[HHL info]: L2 error (absolute): 0.043901674577820425
[HHL info]: L2 error (relative): 0.6315364279398222
[HHL info]: L2 error (normalized): 0.2697188342262906

========================================================================================
 Compare system solutions using LU of A, LU sol of A_herm, HHL of Ax=b hermition system
LU sol 	    Herm LU sol    HHL sol    L1_diff(%)
 3.825e-03   3.825e-03   0.000e+00  1.000e+02
 1.738e-03   1.738e-03   0.000e+00  1.000e+02
 4.165e-03   4.165e-03   2.735e-03  3.434e+01
 4.046e-03   4.046e-03   0.000e+00  1.000e+02
 9.962e-04   9.962e-04   0.000e+00  1.000e+02
 6.347e-03   6.347e-03   3.867e-03  3.907e+01
-1.902e-02  -1.902e-02  -6.699e-03  6.478e+01
-1.354e-02  -1.354e-02  -6.699e-03  5.052e+01
 5.856e-03   5.856e-03   0.000e+00  1.000e+02
-5.961e-03  -5.961e-03  -0.000e+00  1.000e+02
 1.356e-02   1.356e-02   6.699e-03  5.061e+01
 1.338e-02   1.338e-02   3.867e-03  7.110e+01
-1.397e-02  -1.397e-02  -4.737e-03  6.610e+01
-1.808e-02  -1.808e-02  -7.235e-03  5.998e+01
-5.620e-03  -5.620e-03  -3.867e-03  3.119e+01
-2.357e-02  -2.357e-02  -6.699e-03  7.158e+01
 6.325e-03   6.325e-03   0.000e+00  1.000e+02
-1.017e-02  -1.017e-02  -4.737e-03  5.345e+01
-1.188e-02  -1.188e-02  -4.737e-03  6.012e+01
-3.221e-03  -3.221e-03  -2.735e-03  1.511e+01
-1.215e-02  -1.215e-02  -4.737e-03  6.101e+01
-2.118e-02  -2.118e-02  -8.648e-03  5.916e+01
-1.328e-02  -1.328e-02  -4.737e-03  6.434e+01
-1.995e-02  -1.995e-02  -6.699e-03  6.641e+01
-5.237e-03  -5.237e-03  -2.735e-03  4.778e+01
-1.443e-02  -1.443e-02  -3.867e-03  7.321e+01
-6.209e-03  -6.209e-03  -2.735e-03  5.596e+01
-1.561e-02  -1.561e-02  -6.115e-03  6.083e+01
-1.834e-02  -1.834e-02  -8.648e-03  5.284e+01
-1.825e-02  -1.825e-02  -8.648e-03  5.261e+01
========================================================================================

step: 3/15 res:1.8031540454345265, res/res0:0.11374901484809166  dq_norm: [0.01594608 0.01617888 0.01497873]

A info: before HHL prepare:
Spectral radius (A): 5.011e+01, lambda_min:4.151501243658896
condition number(A): 1.207e+01, norm2_cond:153.37118692399713
det(A): 5.909e+39
--------------------------------------------------------------------------------

A_hhl info: after scaling by spectral radius:
Spectral radius (A): 1.000e+00, lambda_min:0.08285367714088235
condition number(A): 1.207e+01, norm2_cond:153.37118692399767
det(A): 5.952e-12, nnz: 13 non zeros per row
--------------------------------------------------------------------------------

Size of A & B are not power of 2:
Next 2 power of 30 = 32
Value to be padded = 2
--------------------------------------------------

==================== Print (N)^2 padded matrix system =======================
Padded shape of A: (30, 30)x(30, 30) -> (32, 32)x(32, 32)
Padded shape of B: (30,) -> (32,)
Determinant of padded matrix: 5.952470961753452e-12
Condition # of padded matrix: 153.37118692399767


Matrix is not Hermitian. Making it Hermitian.......

==================== Print Hermitian matrix system info =======================
Shape of hermitian A: 32x32 -> 64x64
Shape of           B: 32 -> 64
Determinant of Hermitian matrix: 3.5431910550518074e-23
Condition # of Hermitian matrix: 153.3711869239971

=================================== Generating HHL circuit ===================================
Time elapsed for generating HHL circuit: 0 min 41.06 sec

Generated circuit: num_qubits=16, gates=21, depth=5
============================== Generated Circuit saved ==============================

============================== Transpiling circuit ==============================
This is using the AerSimulator('aer_simulator_statevector') transpiler.
Time elapsed for transpiling the circuit:  0 min 7.62 sec
Transpiled circuit, num_qubits: 16, (original: 16)
Transpiled circuit depth: 103104 (original: 5)
Transpiled circuit gates: 103231 (original: 21)
============================== Transpiled Circuit saved ==============================
Time elapsed for running the circuit:  0 min 16.51 sec
total_qubits: 16, nq:6

Time elapsed for extracting shots-based hhl counts solution:  0 min 0.00 sec

[HHL info]: linear system residual (e=||Ax-b||_2): 0.7448189649634824
[HHL info]: Fidelity(true_sol, hhl_sol): 0.8357350123533055
[HHL info]: L2 error (absolute): 0.027316364341983413
[HHL info]: L2 error (relative): 0.6295600551006588
[HHL info]: L2 error (normalized): 0.4142814586138141

========================================================================================
 Compare system solutions using LU of A, LU sol of A_herm, HHL of Ax=b hermition system
LU sol 	    Herm LU sol    HHL sol    L1_diff(%)
 3.801e-03   3.801e-03   0.000e+00  1.000e+02
 1.711e-03   1.711e-03   0.000e+00  1.000e+02
 1.387e-03   1.387e-03   0.000e+00  1.000e+02
 4.025e-03   4.025e-03   2.577e-03  3.597e+01
 9.983e-04   9.983e-04   0.000e+00  1.000e+02
 2.455e-03   2.455e-03   0.000e+00  1.000e+02
-1.223e-02  -1.223e-02  -4.464e-03  6.350e+01
-6.774e-03  -6.774e-03  -2.577e-03  6.195e+01
 5.764e-03   5.764e-03   0.000e+00  1.000e+02
-5.939e-03  -5.939e-03  -4.464e-03  2.483e+01
 6.808e-03   6.808e-03   2.577e-03  6.214e+01
 9.528e-03   9.528e-03   5.155e-03  4.590e+01
-8.994e-03  -8.994e-03  -0.000e+00  1.000e+02
-1.066e-02  -1.066e-02  -4.464e-03  5.810e+01
-1.432e-03  -1.432e-03  -0.000e+00  1.000e+02
-1.643e-02  -1.643e-02  -8.928e-03  4.564e+01
 6.244e-03   6.244e-03   2.577e-03  5.873e+01
-4.870e-03  -4.870e-03  -0.000e+00  1.000e+02
-6.955e-03  -6.955e-03  -2.577e-03  6.294e+01
-5.511e-04  -5.511e-04  -0.000e+00  1.000e+02
-7.262e-03  -7.262e-03  -0.000e+00  1.000e+02
-1.236e-02  -1.236e-02  -6.819e-03  4.484e+01
-8.530e-03  -8.530e-03  -2.577e-03  6.979e+01
-1.320e-02  -1.320e-02  -4.464e-03  6.618e+01
-2.481e-03  -2.481e-03  -0.000e+00  1.000e+02
-1.056e-02  -1.056e-02  -3.645e-03  6.548e+01
-3.474e-03  -3.474e-03  -2.577e-03  2.582e+01
-9.495e-03  -9.495e-03  -5.155e-03  4.571e+01
-9.695e-03  -9.695e-03  -3.645e-03  6.240e+01
-9.747e-03  -9.747e-03  -4.464e-03  5.420e+01
========================================================================================

step: 4/15 res:1.3504485067132217, res/res0:0.08519082860981397  dq_norm: [0.01435001 0.00854806 0.00854806]

A info: before HHL prepare:
Spectral radius (A): 5.028e+01, lambda_min:4.17361755695201
condition number(A): 1.205e+01, norm2_cond:153.71454427312554
det(A): 6.726e+39
--------------------------------------------------------------------------------

A_hhl info: after scaling by spectral radius:
Spectral radius (A): 1.000e+00, lambda_min:0.08300394695355873
condition number(A): 1.205e+01, norm2_cond:153.71454427312491
det(A): 6.101e-12, nnz: 13 non zeros per row
--------------------------------------------------------------------------------

Size of A & B are not power of 2:
Next 2 power of 30 = 32
Value to be padded = 2
--------------------------------------------------

==================== Print (N)^2 padded matrix system =======================
Padded shape of A: (30, 30)x(30, 30) -> (32, 32)x(32, 32)
Padded shape of B: (30,) -> (32,)
Determinant of padded matrix: 6.100539791991734e-12
Condition # of padded matrix: 153.71454427312491


Matrix is not Hermitian. Making it Hermitian.......

==================== Print Hermitian matrix system info =======================
Shape of hermitian A: 32x32 -> 64x64
Shape of           B: 32 -> 64
Determinant of Hermitian matrix: 3.721658575367561e-23
Condition # of Hermitian matrix: 153.71454427312528

=================================== Generating HHL circuit ===================================
Time elapsed for generating HHL circuit: 0 min 40.63 sec

Generated circuit: num_qubits=16, gates=21, depth=5
============================== Generated Circuit saved ==============================

============================== Transpiling circuit ==============================
This is using the AerSimulator('aer_simulator_statevector') transpiler.
Time elapsed for transpiling the circuit:  0 min 8.17 sec
Transpiled circuit, num_qubits: 16, (original: 16)
Transpiled circuit depth: 103110 (original: 5)
Transpiled circuit gates: 103237 (original: 21)
============================== Transpiled Circuit saved ==============================
Time elapsed for running the circuit:  0 min 16.54 sec
total_qubits: 16, nq:6

Time elapsed for extracting shots-based hhl counts solution:  0 min 0.00 sec

[HHL info]: linear system residual (e=||Ax-b||_2): 0.5539382087015676
[HHL info]: Fidelity(true_sol, hhl_sol): 0.934023593695981
[HHL info]: L2 error (absolute): 0.02116466485887505
[HHL info]: L2 error (relative): 0.7882841230612109
[HHL info]: L2 error (normalized): 0.25904068896624444

========================================================================================
 Compare system solutions using LU of A, LU sol of A_herm, HHL of Ax=b hermition system
LU sol 	    Herm LU sol    HHL sol    L1_diff(%)
 3.784e-03   3.784e-03   9.509e-04  7.487e+01
 1.683e-03   1.683e-03   0.000e+00  1.000e+02
 1.324e-03   1.324e-03   0.000e+00  1.000e+02
 1.450e-03   1.450e-03   0.000e+00  1.000e+02
 1.016e-03   1.016e-03   0.000e+00  1.000e+02
 2.486e-03   2.486e-03   6.724e-04  7.295e+01
-7.712e-03  -7.712e-03  -1.647e-03  7.864e+01
-4.183e-03  -4.183e-03  -6.724e-04  8.393e+01
 5.647e-03   5.647e-03   1.345e-03  7.619e+01
-1.453e-03  -1.453e-03  -0.000e+00  1.000e+02
 4.194e-03   4.194e-03   1.345e-03  6.793e+01
 4.324e-03   4.324e-03   6.724e-04  8.445e+01
-8.805e-03  -8.805e-03  -2.017e-03  7.709e+01
-6.046e-03  -6.046e-03  -1.345e-03  7.776e+01
-1.104e-03  -1.104e-03  -0.000e+00  1.000e+02
-7.095e-03  -7.095e-03  -1.345e-03  8.104e+01
 3.581e-03   3.581e-03   1.165e-03  6.747e+01
-4.399e-03  -4.399e-03  -9.509e-04  7.838e+01
-4.239e-03  -4.239e-03  -6.724e-04  8.414e+01
-5.859e-04  -5.859e-04  -0.000e+00  1.000e+02
-7.119e-03  -7.119e-03  -1.504e-03  7.888e+01
-5.467e-03  -5.467e-03  -9.509e-04  8.260e+01
-5.952e-03  -5.952e-03  -6.724e-04  8.870e+01
-8.690e-03  -8.690e-03  -2.126e-03  7.553e+01
-2.456e-03  -2.456e-03  -0.000e+00  1.000e+02
-6.898e-03  -6.898e-03  -1.902e-03  7.243e+01
-8.401e-04  -8.401e-04  -0.000e+00  1.000e+02
-4.300e-03  -4.300e-03  -1.345e-03  6.873e+01
-6.051e-03  -6.051e-03  -1.165e-03  8.075e+01
-5.323e-03  -5.323e-03  -1.165e-03  7.812e+01
========================================================================================

step: 5/15 res:0.7419346531389743, res/res0:0.04680373043551111  dq_norm: [0.00355811 0.00329417 0.00342868]

A info: before HHL prepare:
Spectral radius (A): 5.032e+01, lambda_min:4.177730527965418
condition number(A): 1.204e+01, norm2_cond:153.70381579541868
det(A): 6.931e+39
--------------------------------------------------------------------------------

A_hhl info: after scaling by spectral radius:
Spectral radius (A): 1.000e+00, lambda_min:0.08302388401663581
condition number(A): 1.204e+01, norm2_cond:153.70381579541905
det(A): 6.147e-12, nnz: 13 non zeros per row
--------------------------------------------------------------------------------

Size of A & B are not power of 2:
Next 2 power of 30 = 32
Value to be padded = 2
--------------------------------------------------

==================== Print (N)^2 padded matrix system =======================
Padded shape of A: (30, 30)x(30, 30) -> (32, 32)x(32, 32)
Padded shape of B: (30,) -> (32,)
Determinant of padded matrix: 6.146830362145132e-12
Condition # of padded matrix: 153.70381579541905


Matrix is not Hermitian. Making it Hermitian.......

==================== Print Hermitian matrix system info =======================
Shape of hermitian A: 32x32 -> 64x64
Shape of           B: 32 -> 64
Determinant of Hermitian matrix: 3.778352350098845e-23
Condition # of Hermitian matrix: 153.7038157954196

=================================== Generating HHL circuit ===================================
Time elapsed for generating HHL circuit: 0 min 40.57 sec

Generated circuit: num_qubits=16, gates=21, depth=5
============================== Generated Circuit saved ==============================

============================== Transpiling circuit ==============================
This is using the AerSimulator('aer_simulator_statevector') transpiler.
Time elapsed for transpiling the circuit:  0 min 7.86 sec
Transpiled circuit, num_qubits: 16, (original: 16)
Transpiled circuit depth: 103110 (original: 5)
Transpiled circuit gates: 103237 (original: 21)
============================== Transpiled Circuit saved ==============================
Time elapsed for running the circuit:  0 min 16.29 sec
total_qubits: 16, nq:6

Time elapsed for extracting shots-based hhl counts solution:  0 min 0.00 sec

[HHL info]: linear system residual (e=||Ax-b||_2): 0.3565220693791843
[HHL info]: Fidelity(true_sol, hhl_sol): 0.8921863698452449
[HHL info]: L2 error (absolute): 0.01245649710544909
[HHL info]: L2 error (relative): 0.5905544934821613
[HHL info]: L2 error (normalized): 0.3329979696052882

========================================================================================
 Compare system solutions using LU of A, LU sol of A_herm, HHL of Ax=b hermition system
LU sol 	    Herm LU sol    HHL sol    L1_diff(%)
 2.831e-03   2.831e-03   1.026e-03  6.376e+01
 1.680e-03   1.680e-03   0.000e+00  1.000e+02
 1.316e-03   1.316e-03   0.000e+00  1.000e+02
 1.446e-03   1.446e-03   0.000e+00  1.000e+02
 1.015e-03   1.015e-03   0.000e+00  1.000e+02
 1.803e-03   1.803e-03   1.451e-03  1.950e+01
-6.057e-03  -6.057e-03  -2.294e-03  6.213e+01
-3.508e-03  -3.508e-03  -1.777e-03  4.934e+01
 4.277e-03   4.277e-03   2.052e-03  5.202e+01
-1.447e-03  -1.447e-03  -1.451e-03  2.653e-01
 2.851e-03   2.851e-03   1.451e-03  4.910e+01
 3.661e-03   3.661e-03   1.026e-03  7.198e+01
-6.746e-03  -6.746e-03  -3.244e-03  5.190e+01
-4.682e-03  -4.682e-03  -2.052e-03  5.618e+01
-1.081e-03  -1.081e-03  -0.000e+00  1.000e+02
-5.708e-03  -5.708e-03  -3.699e-03  3.519e+01
 2.404e-03   2.404e-03   0.000e+00  1.000e+02
-3.370e-03  -3.370e-03  -1.777e-03  4.727e+01
-3.550e-03  -3.550e-03  -1.777e-03  4.994e+01
-5.874e-04  -5.874e-04  -0.000e+00  1.000e+02
-5.581e-03  -5.581e-03  -2.294e-03  5.890e+01
-4.509e-03  -4.509e-03  -2.294e-03  4.912e+01
-5.279e-03  -5.279e-03  -2.294e-03  5.654e+01
-6.543e-03  -6.543e-03  -2.513e-03  6.159e+01
-2.455e-03  -2.455e-03  -2.052e-03  1.643e+01
-4.996e-03  -4.996e-03  -2.294e-03  5.408e+01
-8.253e-04  -8.253e-04  -0.000e+00  1.000e+02
-2.955e-03  -2.955e-03  -0.000e+00  1.000e+02
-4.886e-03  -4.886e-03  -1.451e-03  7.031e+01
-4.165e-03  -4.165e-03  -1.451e-03  6.516e+01
========================================================================================

step: 6/15 res:0.5538257034365681, res/res0:0.03493718593980686  dq_norm: [0.00672788 0.00470169 0.00492048]

A info: before HHL prepare:
Spectral radius (A): 5.041e+01, lambda_min:4.18014537743135
condition number(A): 1.206e+01, norm2_cond:153.8725235249889
det(A): 7.270e+39
--------------------------------------------------------------------------------

A_hhl info: after scaling by spectral radius:
Spectral radius (A): 1.000e+00, lambda_min:0.08291775503484611
condition number(A): 1.206e+01, norm2_cond:153.87252352498842
det(A): 6.099e-12, nnz: 13 non zeros per row
--------------------------------------------------------------------------------

Size of A & B are not power of 2:
Next 2 power of 30 = 32
Value to be padded = 2
--------------------------------------------------

==================== Print (N)^2 padded matrix system =======================
Padded shape of A: (30, 30)x(30, 30) -> (32, 32)x(32, 32)
Padded shape of B: (30,) -> (32,)
Determinant of padded matrix: 6.098827296164628e-12
Condition # of padded matrix: 153.87252352498842


Matrix is not Hermitian. Making it Hermitian.......

==================== Print Hermitian matrix system info =======================
Shape of hermitian A: 32x32 -> 64x64
Shape of           B: 32 -> 64
Determinant of Hermitian matrix: 3.7195694388442745e-23
Condition # of Hermitian matrix: 153.8725235249894

=================================== Generating HHL circuit ===================================
Time elapsed for generating HHL circuit: 0 min 42.03 sec

Generated circuit: num_qubits=16, gates=21, depth=5
============================== Generated Circuit saved ==============================

============================== Transpiling circuit ==============================
This is using the AerSimulator('aer_simulator_statevector') transpiler.
Time elapsed for transpiling the circuit:  0 min 7.63 sec
Transpiled circuit, num_qubits: 16, (original: 16)
Transpiled circuit depth: 103110 (original: 5)
Transpiled circuit gates: 103237 (original: 21)
============================== Transpiled Circuit saved ==============================
Time elapsed for running the circuit:  0 min 16.43 sec
total_qubits: 16, nq:6

Time elapsed for extracting shots-based hhl counts solution:  0 min 0.00 sec

[HHL info]: linear system residual (e=||Ax-b||_2): 0.22186235786026737
[HHL info]: Fidelity(true_sol, hhl_sol): 0.8989321429209672
[HHL info]: L2 error (absolute): 0.0073338976584347475
[HHL info]: L2 error (relative): 0.5917080922659698
[HHL info]: L2 error (normalized): 0.32211699455565856

========================================================================================
 Compare system solutions using LU of A, LU sol of A_herm, HHL of Ax=b hermition system
LU sol 	    Herm LU sol    HHL sol    L1_diff(%)
 1.803e-03   1.803e-03   6.560e-04  6.361e+01
 1.676e-03   1.676e-03   9.277e-04  4.466e+01
 1.307e-03   1.307e-03   0.000e+00  1.000e+02
 1.440e-03   1.440e-03   9.277e-04  3.557e+01
 1.014e-03   1.014e-03   0.000e+00  1.000e+02
 3.408e-04   3.408e-04   0.000e+00  1.000e+02
-3.758e-03  -3.758e-03  -1.736e-03  5.381e+01
-1.726e-03  -1.726e-03  -1.136e-03  3.419e+01
 2.193e-03   2.193e-03   0.000e+00  1.000e+02
 1.033e-05   1.033e-05   0.000e+00  1.000e+02
 1.399e-03   1.399e-03   6.560e-04  5.311e+01
 2.637e-03   2.637e-03   1.312e-03  5.025e+01
-3.455e-03  -3.455e-03  -1.312e-03  6.203e+01
-2.610e-03  -2.610e-03  -9.277e-04  6.446e+01
-1.057e-03  -1.057e-03  -6.560e-04  3.795e+01
-1.956e-03  -1.956e-03  -6.560e-04  6.647e+01
 2.391e-03   2.391e-03   6.560e-04  7.256e+01
-1.516e-03  -1.516e-03  -9.277e-04  3.882e+01
-1.755e-03  -1.755e-03  -6.560e-04  6.261e+01
-5.919e-04  -5.919e-04  -0.000e+00  1.000e+02
-3.259e-03  -3.259e-03  -1.607e-03  5.070e+01
-2.208e-03  -2.208e-03  -6.560e-04  7.029e+01
-2.980e-03  -2.980e-03  -9.277e-04  6.887e+01
-4.024e-03  -4.024e-03  -1.736e-03  5.687e+01
-4.052e-04  -4.052e-04  -0.000e+00  1.000e+02
-2.702e-03  -2.702e-03  -1.312e-03  5.144e+01
-8.314e-04  -8.314e-04  -0.000e+00  1.000e+02
-2.962e-03  -2.962e-03  -1.855e-03  3.736e+01
-3.436e-03  -3.436e-03  -1.736e-03  4.948e+01
-2.716e-03  -2.716e-03  -1.467e-03  4.599e+01
========================================================================================

step: 7/15 res:0.3561682604972405, res/res0:0.022468290412734272  dq_norm: [0.00327979 0.00307671 0.00327979]

A info: before HHL prepare:
Spectral radius (A): 5.043e+01, lambda_min:4.178129153708834
condition number(A): 1.207e+01, norm2_cond:153.9417976606117
det(A): 7.418e+39
--------------------------------------------------------------------------------

A_hhl info: after scaling by spectral radius:
Spectral radius (A): 1.000e+00, lambda_min:0.08284360031085815
condition number(A): 1.207e+01, norm2_cond:153.94179766061308
det(A): 6.146e-12, nnz: 13 non zeros per row
--------------------------------------------------------------------------------

Size of A & B are not power of 2:
Next 2 power of 30 = 32
Value to be padded = 2
--------------------------------------------------

==================== Print (N)^2 padded matrix system =======================
Padded shape of A: (30, 30)x(30, 30) -> (32, 32)x(32, 32)
Padded shape of B: (30,) -> (32,)
Determinant of padded matrix: 6.145926116710589e-12
Condition # of padded matrix: 153.94179766061308


Matrix is not Hermitian. Making it Hermitian.......

==================== Print Hermitian matrix system info =======================
Shape of hermitian A: 32x32 -> 64x64
Shape of           B: 32 -> 64
Determinant of Hermitian matrix: 3.7772407832064765e-23
Condition # of Hermitian matrix: 153.94179766061345

=================================== Generating HHL circuit ===================================
Time elapsed for generating HHL circuit: 0 min 40.94 sec

Generated circuit: num_qubits=16, gates=21, depth=5
============================== Generated Circuit saved ==============================

============================== Transpiling circuit ==============================
This is using the AerSimulator('aer_simulator_statevector') transpiler.
Time elapsed for transpiling the circuit:  0 min 8.23 sec
Transpiled circuit, num_qubits: 16, (original: 16)
Transpiled circuit depth: 103110 (original: 5)
Transpiled circuit gates: 103237 (original: 21)
============================== Transpiled Circuit saved ==============================
Time elapsed for running the circuit:  0 min 16.26 sec
total_qubits: 16, nq:6

Time elapsed for extracting shots-based hhl counts solution:  0 min 0.00 sec

[HHL info]: linear system residual (e=||Ax-b||_2): 0.17344561970188374
[HHL info]: Fidelity(true_sol, hhl_sol): 0.794524394461547
[HHL info]: L2 error (absolute): 0.005830849408343397
[HHL info]: L2 error (relative): 0.7967967776672031
[HHL info]: L2 error (normalized): 0.4661309284671043

========================================================================================
 Compare system solutions using LU of A, LU sol of A_herm, HHL of Ax=b hermition system
LU sol 	    Herm LU sol    HHL sol    L1_diff(%)
 1.145e-03   1.145e-03   3.078e-04  7.313e+01
 7.470e-04   7.470e-04   0.000e+00  1.000e+02
 1.301e-03   1.301e-03   0.000e+00  1.000e+02
 5.117e-04   5.117e-04   0.000e+00  1.000e+02
 1.015e-03   1.015e-03   2.176e-04  7.856e+01
 3.394e-04   3.394e-04   0.000e+00  1.000e+02
-2.017e-03  -2.017e-03  -6.529e-04  6.763e+01
-5.879e-04  -5.879e-04  -0.000e+00  1.000e+02
 2.187e-03   2.187e-03   2.176e-04  9.005e+01
 1.300e-05   1.300e-05   0.000e+00  1.000e+02
 7.447e-04   7.447e-04   0.000e+00  1.000e+02
 1.327e-03   1.327e-03   2.176e-04  8.360e+01
-2.133e-03  -2.133e-03  -7.218e-04  6.615e+01
-1.678e-03  -1.678e-03  -3.078e-04  8.165e+01
-3.910e-04  -3.910e-04  -2.176e-04  4.433e+01
-1.292e-03  -1.292e-03  -3.078e-04  7.617e+01
 1.732e-03   1.732e-03   4.353e-04  7.487e+01
-5.683e-04  -5.683e-04  -0.000e+00  1.000e+02
-1.095e-03  -1.095e-03  -0.000e+00  1.000e+02
-5.917e-04  -5.917e-04  -0.000e+00  1.000e+02
-1.644e-03  -1.644e-03  -4.353e-04  7.352e+01
-1.551e-03  -1.551e-03  -3.770e-04  7.570e+01
-2.054e-03  -2.054e-03  -6.156e-04  7.003e+01
-2.285e-03  -2.285e-03  -5.331e-04  7.667e+01
-4.050e-04  -4.050e-04  -0.000e+00  1.000e+02
-1.389e-03  -1.389e-03  -2.176e-04  8.433e+01
-8.269e-04  -8.269e-04  -3.078e-04  6.277e+01
-1.104e-03  -1.104e-03  -2.176e-04  8.028e+01
-1.700e-03  -1.700e-03  -4.353e-04  7.439e+01
-1.255e-03  -1.255e-03  -0.000e+00  1.000e+02
========================================================================================

step: 8/15 res:0.22179449302372065, res/res0:0.013991541734361618  dq_norm: [0.00115167 0.00097334 0.00084294]

A info: before HHL prepare:
Spectral radius (A): 5.044e+01, lambda_min:4.181529014686794
condition number(A): 1.206e+01, norm2_cond:153.95762380959667
det(A): 7.462e+39
--------------------------------------------------------------------------------

A_hhl info: after scaling by spectral radius:
Spectral radius (A): 1.000e+00, lambda_min:0.08289417541761224
condition number(A): 1.206e+01, norm2_cond:153.9576238095956
det(A): 6.145e-12, nnz: 13 non zeros per row
--------------------------------------------------------------------------------

Size of A & B are not power of 2:
Next 2 power of 30 = 32
Value to be padded = 2
--------------------------------------------------

==================== Print (N)^2 padded matrix system =======================
Padded shape of A: (30, 30)x(30, 30) -> (32, 32)x(32, 32)
Padded shape of B: (30,) -> (32,)
Determinant of padded matrix: 6.145399568855074e-12
Condition # of padded matrix: 153.9576238095956


Matrix is not Hermitian. Making it Hermitian.......

==================== Print Hermitian matrix system info =======================
Shape of hermitian A: 32x32 -> 64x64
Shape of           B: 32 -> 64
Determinant of Hermitian matrix: 3.776593586088386e-23
Condition # of Hermitian matrix: 153.95762380959602

=================================== Generating HHL circuit ===================================
Time elapsed for generating HHL circuit: 0 min 40.67 sec

Generated circuit: num_qubits=16, gates=21, depth=5
============================== Generated Circuit saved ==============================

============================== Transpiling circuit ==============================
This is using the AerSimulator('aer_simulator_statevector') transpiler.
Time elapsed for transpiling the circuit:  0 min 7.69 sec
Transpiled circuit, num_qubits: 16, (original: 16)
Transpiled circuit depth: 103110 (original: 5)
Transpiled circuit gates: 103237 (original: 21)
============================== Transpiled Circuit saved ==============================
Time elapsed for running the circuit:  0 min 16.39 sec
total_qubits: 16, nq:6

Time elapsed for extracting shots-based hhl counts solution:  0 min 0.00 sec

[HHL info]: linear system residual (e=||Ax-b||_2): 0.12304045473395056
[HHL info]: Fidelity(true_sol, hhl_sol): 0.8070818149187146
[HHL info]: L2 error (absolute): 0.004345243190923052
[HHL info]: L2 error (relative): 0.7456490169707852
[HHL info]: L2 error (normalized): 0.45082740989454645

========================================================================================
 Compare system solutions using LU of A, LU sol of A_herm, HHL of Ax=b hermition system
LU sol 	    Herm LU sol    HHL sol    L1_diff(%)
 8.377e-04   8.377e-04   0.000e+00  1.000e+02
 7.469e-04   7.469e-04   0.000e+00  1.000e+02
 1.301e-03   1.301e-03   2.414e-04  8.144e+01
 5.116e-04   5.116e-04   2.414e-04  5.282e+01
 7.970e-04   7.970e-04   2.414e-04  6.971e+01
 3.388e-04   3.388e-04   0.000e+00  1.000e+02
-1.364e-03  -1.364e-03  -4.181e-04  6.934e+01
-5.880e-04  -5.880e-04  -0.000e+00  1.000e+02
 1.966e-03   1.966e-03   5.913e-04  6.993e+01
 1.365e-05   1.365e-05   0.000e+00  1.000e+02
 7.456e-04   7.456e-04   0.000e+00  1.000e+02
 1.110e-03   1.110e-03   3.414e-04  6.924e+01
-1.408e-03  -1.408e-03  -3.414e-04  7.575e+01
-1.369e-03  -1.369e-03  -4.181e-04  6.945e+01
-1.713e-04  -1.713e-04  -2.414e-04  4.095e+01
-9.816e-04  -9.816e-04  -2.414e-04  7.541e+01
 1.296e-03   1.296e-03   3.414e-04  7.366e+01
-5.636e-04  -5.636e-04  -0.000e+00  1.000e+02
-1.094e-03  -1.094e-03  -2.414e-04  7.794e+01
-5.918e-04  -5.918e-04  -0.000e+00  1.000e+02
-1.207e-03  -1.207e-03  -4.828e-04  6.001e+01
-1.174e-03  -1.174e-03  -3.414e-04  7.092e+01
-1.439e-03  -1.439e-03  -6.387e-04  5.560e+01
-1.752e-03  -1.752e-03  -6.387e-04  6.354e+01
-4.051e-04  -4.051e-04  -0.000e+00  1.000e+02
-1.171e-03  -1.171e-03  -3.414e-04  7.086e+01
-5.189e-04  -5.189e-04  -0.000e+00  1.000e+02
-8.865e-04  -8.865e-04  -2.414e-04  7.277e+01
-1.265e-03  -1.265e-03  -4.828e-04  6.182e+01
-1.256e-03  -1.256e-03  -0.000e+00  1.000e+02
========================================================================================

step: 9/15 res:0.17344202959435306, res/res0:0.010941305902046174  dq_norm: [0.00080061 0.0010522  0.0011062 ]

A info: before HHL prepare:
Spectral radius (A): 5.045e+01, lambda_min:4.181898521809824
condition number(A): 1.206e+01, norm2_cond:154.02151382834097
det(A): 7.488e+39
--------------------------------------------------------------------------------

A_hhl info: after scaling by spectral radius:
Spectral radius (A): 1.000e+00, lambda_min:0.08288898330175952
condition number(A): 1.206e+01, norm2_cond:154.0215138283414
det(A): 6.138e-12, nnz: 13 non zeros per row
--------------------------------------------------------------------------------

Size of A & B are not power of 2:
Next 2 power of 30 = 32
Value to be padded = 2
--------------------------------------------------

==================== Print (N)^2 padded matrix system =======================
Padded shape of A: (30, 30)x(30, 30) -> (32, 32)x(32, 32)
Padded shape of B: (30,) -> (32,)
Determinant of padded matrix: 6.138252292066073e-12
Condition # of padded matrix: 154.0215138283414


Matrix is not Hermitian. Making it Hermitian.......

==================== Print Hermitian matrix system info =======================
Shape of hermitian A: 32x32 -> 64x64
Shape of           B: 32 -> 64
Determinant of Hermitian matrix: 3.76781412010536e-23
Condition # of Hermitian matrix: 154.0215138283422

=================================== Generating HHL circuit ===================================
Time elapsed for generating HHL circuit: 0 min 41.79 sec

Generated circuit: num_qubits=16, gates=21, depth=5
============================== Generated Circuit saved ==============================

============================== Transpiling circuit ==============================
This is using the AerSimulator('aer_simulator_statevector') transpiler.
Time elapsed for transpiling the circuit:  0 min 7.63 sec
Transpiled circuit, num_qubits: 16, (original: 16)
Transpiled circuit depth: 103106 (original: 5)
Transpiled circuit gates: 103233 (original: 21)
============================== Transpiled Circuit saved ==============================
Time elapsed for running the circuit:  0 min 16.60 sec
total_qubits: 16, nq:6

Time elapsed for extracting shots-based hhl counts solution:  0 min 0.00 sec

[HHL info]: linear system residual (e=||Ax-b||_2): 0.11186112198730062
[HHL info]: Fidelity(true_sol, hhl_sol): 0.8109312729397711
[HHL info]: L2 error (absolute): 0.004022427814826234
[HHL info]: L2 error (relative): 0.9262732069151804
[HHL info]: L2 error (normalized): 0.44605554534737507

========================================================================================
 Compare system solutions using LU of A, LU sol of A_herm, HHL of Ax=b hermition system
LU sol 	    Herm LU sol    HHL sol    L1_diff(%)
 8.375e-04   8.375e-04   6.066e-05  9.276e+01
 7.467e-04   7.467e-04   0.000e+00  1.000e+02
 1.059e-03   1.059e-03   6.066e-05  9.427e+01
 2.699e-04   2.699e-04   0.000e+00  1.000e+02
 5.555e-04   5.555e-04   7.430e-05  8.663e+01
 3.381e-04   3.381e-04   0.000e+00  1.000e+02
-9.454e-04  -9.454e-04  -1.051e-04  8.889e+01
-5.879e-04  -5.879e-04  -4.290e-05  9.270e+01
 1.373e-03   1.373e-03   1.051e-04  9.235e+01
 1.365e-05   1.365e-05   0.000e+00  1.000e+02
 7.457e-04   7.457e-04   7.430e-05  9.004e+01
 7.681e-04   7.681e-04   4.290e-05  9.441e+01
-1.065e-03  -1.065e-03  -9.592e-05  9.099e+01
-9.495e-04  -9.495e-04  -1.051e-04  8.893e+01
 7.205e-05   7.205e-05   0.000e+00  1.000e+02
-7.384e-04  -7.384e-04  -6.066e-05  9.178e+01
 9.540e-04   9.540e-04   6.066e-05  9.364e+01
-5.601e-04  -5.601e-04  -0.000e+00  1.000e+02
-8.522e-04  -8.522e-04  -6.066e-05  9.288e+01
-5.921e-04  -5.921e-04  -9.592e-05  8.380e+01
-7.238e-04  -7.238e-04  -0.000e+00  1.000e+02
-8.325e-04  -8.325e-04  -7.430e-05  9.108e+01
-7.998e-04  -7.998e-04  -9.592e-05  8.801e+01
-1.113e-03  -1.113e-03  -9.592e-05  9.138e+01
-4.052e-04  -4.052e-04  -7.430e-05  8.167e+01
-8.302e-04  -8.302e-04  -4.290e-05  9.483e+01
-5.188e-04  -5.188e-04  -0.000e+00  1.000e+02
-6.453e-04  -6.453e-04  -0.000e+00  1.000e+02
-7.819e-04  -7.819e-04  -7.430e-05  9.050e+01
-1.257e-03  -1.257e-03  -8.579e-05  9.318e+01
========================================================================================

step: 10/15 res:0.12302741262689178, res/res0:0.007760982496781777  dq_norm: [0.00020572 0.000231   0.00018199]

A info: before HHL prepare:
Spectral radius (A): 5.045e+01, lambda_min:4.18271911735724
condition number(A): 1.206e+01, norm2_cond:154.03155789412406
det(A): 7.496e+39
--------------------------------------------------------------------------------

A_hhl info: after scaling by spectral radius:
Spectral radius (A): 1.000e+00, lambda_min:0.08290112614560853
condition number(A): 1.206e+01, norm2_cond:154.0315578941227
det(A): 6.136e-12, nnz: 13 non zeros per row
--------------------------------------------------------------------------------

Size of A & B are not power of 2:
Next 2 power of 30 = 32
Value to be padded = 2
--------------------------------------------------

==================== Print (N)^2 padded matrix system =======================
Padded shape of A: (30, 30)x(30, 30) -> (32, 32)x(32, 32)
Padded shape of B: (30,) -> (32,)
Determinant of padded matrix: 6.135769256999378e-12
Condition # of padded matrix: 154.0315578941227


Matrix is not Hermitian. Making it Hermitian.......

==================== Print Hermitian matrix system info =======================
Shape of hermitian A: 32x32 -> 64x64
Shape of           B: 32 -> 64
Determinant of Hermitian matrix: 3.7647664375139503e-23
Condition # of Hermitian matrix: 154.0315578941242

=================================== Generating HHL circuit ===================================
Time elapsed for generating HHL circuit: 0 min 41.49 sec

Generated circuit: num_qubits=16, gates=21, depth=5
============================== Generated Circuit saved ==============================

============================== Transpiling circuit ==============================
This is using the AerSimulator('aer_simulator_statevector') transpiler.
Time elapsed for transpiling the circuit:  0 min 7.60 sec
Transpiled circuit, num_qubits: 16, (original: 16)
Transpiled circuit depth: 103106 (original: 5)
Transpiled circuit gates: 103233 (original: 21)
============================== Transpiled Circuit saved ==============================
Time elapsed for running the circuit:  0 min 16.59 sec
total_qubits: 16, nq:6

Time elapsed for extracting shots-based hhl counts solution:  0 min 0.00 sec

[HHL info]: linear system residual (e=||Ax-b||_2): 0.1091105892780863
[HHL info]: Fidelity(true_sol, hhl_sol): 0.8872501518777827
[HHL info]: L2 error (absolute): 0.003917437819626453
[HHL info]: L2 error (relative): 0.9739686730886503
[HHL info]: L2 error (normalized): 0.340765112291271

========================================================================================
 Compare system solutions using LU of A, LU sol of A_herm, HHL of Ax=b hermition system
LU sol 	    Herm LU sol    HHL sol    L1_diff(%)
 7.769e-04   7.769e-04   1.843e-05  9.763e+01
 7.467e-04   7.467e-04   1.843e-05  9.753e+01
 9.984e-04   9.984e-04   3.448e-05  9.655e+01
 2.699e-04   2.699e-04   0.000e+00  1.000e+02
 4.812e-04   4.812e-04   2.257e-05  9.531e+01
 3.380e-04   3.380e-04   1.303e-05  9.614e+01
-8.403e-04  -8.403e-04  -2.257e-05  9.731e+01
-5.449e-04  -5.449e-04  -2.914e-05  9.465e+01
 1.267e-03   1.267e-03   3.192e-05  9.748e+01
 1.366e-05   1.366e-05   0.000e+00  1.000e+02
 6.714e-04   6.714e-04   1.303e-05  9.806e+01
 7.252e-04   7.252e-04   1.843e-05  9.746e+01
-9.684e-04  -9.684e-04  -2.606e-05  9.731e+01
-8.442e-04  -8.442e-04  -2.257e-05  9.733e+01
 7.225e-05   7.225e-05   0.000e+00  1.000e+02
-6.776e-04  -6.776e-04  -1.303e-05  9.808e+01
 8.932e-04   8.932e-04   1.843e-05  9.794e+01
-5.597e-04  -5.597e-04  -0.000e+00  1.000e+02
-7.915e-04  -7.915e-04  -2.257e-05  9.715e+01
-4.961e-04  -4.961e-04  -1.303e-05  9.737e+01
-7.238e-04  -7.238e-04  -2.257e-05  9.688e+01
-7.582e-04  -7.582e-04  -3.192e-05  9.579e+01
-7.039e-04  -7.039e-04  -1.303e-05  9.815e+01
-1.017e-03  -1.017e-03  -3.192e-05  9.686e+01
-3.310e-04  -3.310e-04  -0.000e+00  1.000e+02
-7.873e-04  -7.873e-04  -2.257e-05  9.713e+01
-5.189e-04  -5.189e-04  -1.303e-05  9.749e+01
-6.454e-04  -6.454e-04  -1.843e-05  9.714e+01
-7.076e-04  -7.076e-04  -0.000e+00  1.000e+02
-1.172e-03  -1.172e-03  -2.914e-05  9.751e+01
========================================================================================

step: 11/15 res:0.11186057176212037, res/res0:0.007056540660240262  dq_norm: [5.97197569e-05 5.97197569e-05 7.25586562e-05]

A info: before HHL prepare:
Spectral radius (A): 5.046e+01, lambda_min:4.182570381755466
condition number(A): 1.206e+01, norm2_cond:154.03372442369962
det(A): 7.500e+39
--------------------------------------------------------------------------------

A_hhl info: after scaling by spectral radius:
Spectral radius (A): 1.000e+00, lambda_min:0.08289698824816019
condition number(A): 1.206e+01, norm2_cond:154.03372442369925
det(A): 6.137e-12, nnz: 13 non zeros per row
--------------------------------------------------------------------------------

Size of A & B are not power of 2:
Next 2 power of 30 = 32
Value to be padded = 2
--------------------------------------------------

==================== Print (N)^2 padded matrix system =======================
Padded shape of A: (30, 30)x(30, 30) -> (32, 32)x(32, 32)
Padded shape of B: (30,) -> (32,)
Determinant of padded matrix: 6.136887603021683e-12
Condition # of padded matrix: 154.03372442369925


Matrix is not Hermitian. Making it Hermitian.......

==================== Print Hermitian matrix system info =======================
Shape of hermitian A: 32x32 -> 64x64
Shape of           B: 32 -> 64
Determinant of Hermitian matrix: 3.766138945212121e-23
Condition # of Hermitian matrix: 154.03372442369994

=================================== Generating HHL circuit ===================================
Time elapsed for generating HHL circuit: 0 min 41.31 sec

Generated circuit: num_qubits=16, gates=21, depth=5
============================== Generated Circuit saved ==============================

============================== Transpiling circuit ==============================
This is using the AerSimulator('aer_simulator_statevector') transpiler.
Time elapsed for transpiling the circuit:  0 min 8.53 sec
Transpiled circuit, num_qubits: 16, (original: 16)
Transpiled circuit depth: 103106 (original: 5)
Transpiled circuit gates: 103233 (original: 21)
============================== Transpiled Circuit saved ==============================
Time elapsed for running the circuit:  0 min 16.42 sec
total_qubits: 16, nq:6

Time elapsed for extracting shots-based hhl counts solution:  0 min 0.00 sec

[HHL info]: linear system residual (e=||Ax-b||_2): 0.0929526862727928
[HHL info]: Fidelity(true_sol, hhl_sol): 0.8367154002460971
[HHL info]: L2 error (absolute): 0.0033077898660330237
[HHL info]: L2 error (relative): 0.8444051458211731
[HHL info]: L2 error (normalized): 0.41298550143603013

========================================================================================
 Compare system solutions using LU of A, LU sol of A_herm, HHL of Ax=b hermition system
LU sol 	    Herm LU sol    HHL sol    L1_diff(%)
 7.584e-04   7.584e-04   1.634e-04  7.845e+01
 7.283e-04   7.283e-04   1.415e-04  8.057e+01
 9.639e-04   9.639e-04   2.002e-04  7.923e+01
 2.699e-04   2.699e-04   0.000e+00  1.000e+02
 4.586e-04   4.586e-04   1.156e-04  7.480e+01
 3.250e-04   3.250e-04   0.000e+00  1.000e+02
-8.177e-04  -8.177e-04  -1.156e-04  8.587e+01
-5.158e-04  -5.158e-04  -8.172e-05  8.416e+01
 1.235e-03   1.235e-03   2.162e-04  8.250e+01
 1.365e-05   1.365e-05   0.000e+00  1.000e+02
 6.584e-04   6.584e-04   1.415e-04  7.850e+01
 7.067e-04   7.067e-04   0.000e+00  1.000e+02
-9.423e-04  -9.423e-04  -1.634e-04  8.266e+01
-8.216e-04  -8.216e-04  -1.634e-04  8.011e+01
 7.230e-05   7.230e-05   0.000e+00  1.000e+02
-6.645e-04  -6.645e-04  -1.156e-04  8.261e+01
 8.747e-04   8.747e-04   8.172e-05  9.066e+01
-5.596e-04  -5.596e-04  -1.156e-04  7.935e+01
-7.689e-04  -7.689e-04  -8.172e-05  8.937e+01
-4.831e-04  -4.831e-04  -8.172e-05  8.309e+01
-7.012e-04  -7.012e-04  -1.827e-04  7.394e+01
-7.263e-04  -7.263e-04  -1.827e-04  7.484e+01
-6.908e-04  -6.908e-04  -1.634e-04  7.634e+01
-9.848e-04  -9.848e-04  -1.634e-04  8.340e+01
-3.310e-04  -3.310e-04  -8.172e-05  7.531e+01
-7.647e-04  -7.647e-04  -1.156e-04  8.489e+01
-5.058e-04  -5.058e-04  -0.000e+00  1.000e+02
-6.270e-04  -6.270e-04  -0.000e+00  1.000e+02
-7.076e-04  -7.076e-04  -0.000e+00  1.000e+02
-1.142e-03  -1.142e-03  -1.827e-04  8.400e+01
========================================================================================

step: 12/15 res:0.10911056541610917, res/res0:0.006883061021339309  dq_norm: [0.00035619 0.00037447 0.00044006]

A info: before HHL prepare:
Spectral radius (A): 5.046e+01, lambda_min:4.183058110225569
condition number(A): 1.206e+01, norm2_cond:154.03777029121642
det(A): 7.520e+39
--------------------------------------------------------------------------------

A_hhl info: after scaling by spectral radius:
Spectral radius (A): 1.000e+00, lambda_min:0.0829007385076953
condition number(A): 1.206e+01, norm2_cond:154.03777029121636
det(A): 6.140e-12, nnz: 13 non zeros per row
--------------------------------------------------------------------------------

Size of A & B are not power of 2:
Next 2 power of 30 = 32
Value to be padded = 2
--------------------------------------------------

==================== Print (N)^2 padded matrix system =======================
Padded shape of A: (30, 30)x(30, 30) -> (32, 32)x(32, 32)
Padded shape of B: (30,) -> (32,)
Determinant of padded matrix: 6.139666392371435e-12
Condition # of padded matrix: 154.03777029121636


Matrix is not Hermitian. Making it Hermitian.......

==================== Print Hermitian matrix system info =======================
Shape of hermitian A: 32x32 -> 64x64
Shape of           B: 32 -> 64
Determinant of Hermitian matrix: 3.7695503409614464e-23
Condition # of Hermitian matrix: 154.0377702912158

=================================== Generating HHL circuit ===================================
Time elapsed for generating HHL circuit: 0 min 40.42 sec

Generated circuit: num_qubits=16, gates=21, depth=5
============================== Generated Circuit saved ==============================

============================== Transpiling circuit ==============================
This is using the AerSimulator('aer_simulator_statevector') transpiler.
Time elapsed for transpiling the circuit:  0 min 7.77 sec
Transpiled circuit, num_qubits: 16, (original: 16)
Transpiled circuit depth: 103106 (original: 5)
Transpiled circuit gates: 103233 (original: 21)
============================== Transpiled Circuit saved ==============================
Time elapsed for running the circuit:  0 min 16.28 sec
total_qubits: 16, nq:6

Time elapsed for extracting shots-based hhl counts solution:  0 min 0.00 sec

[HHL info]: linear system residual (e=||Ax-b||_2): 0.07578184576220909
[HHL info]: Fidelity(true_sol, hhl_sol): 0.881203577924448
[HHL info]: L2 error (absolute): 0.002720645313410453
[HHL info]: L2 error (relative): 0.8226493425476723
[HHL info]: L2 error (normalized): 0.35007301536822366

========================================================================================
 Compare system solutions using LU of A, LU sol of A_herm, HHL of Ax=b hermition system
LU sol 	    Herm LU sol    HHL sol    L1_diff(%)
 5.950e-04   5.950e-04   1.244e-04  7.910e+01
 5.867e-04   5.867e-04   7.181e-05  8.776e+01
 7.638e-04   7.638e-04   1.244e-04  8.372e+01
 2.698e-04   2.698e-04   7.181e-05  7.339e+01
 3.430e-04   3.430e-04   7.181e-05  7.906e+01
 3.249e-04   3.249e-04   7.181e-05  7.790e+01
-7.021e-04  -7.021e-04  -1.436e-04  7.955e+01
-4.340e-04  -4.340e-04  -1.436e-04  6.691e+01
 1.019e-03   1.019e-03   2.154e-04  7.886e+01
 1.367e-05   1.367e-05   0.000e+00  1.000e+02
 5.168e-04   5.168e-04   1.244e-04  7.594e+01
 7.068e-04   7.068e-04   1.900e-04  7.312e+01
-7.784e-04  -7.784e-04  -1.016e-04  8.695e+01
-6.579e-04  -6.579e-04  -1.606e-04  7.560e+01
 7.262e-05   7.262e-05   0.000e+00  1.000e+02
-5.485e-04  -5.485e-04  -7.181e-05  8.691e+01
 7.928e-04   7.928e-04   1.016e-04  8.719e+01
-4.431e-04  -4.431e-04  -0.000e+00  1.000e+02
-6.870e-04  -6.870e-04  -1.436e-04  7.910e+01
-4.014e-04  -4.014e-04  -0.000e+00  1.000e+02
-5.183e-04  -5.183e-04  -1.016e-04  8.041e+01
-5.435e-04  -5.435e-04  -7.181e-05  8.679e+01
-5.274e-04  -5.274e-04  -0.000e+00  1.000e+02
-8.213e-04  -8.213e-04  -1.244e-04  8.486e+01
-2.492e-04  -2.492e-04  -0.000e+00  1.000e+02
-6.492e-04  -6.492e-04  -1.606e-04  7.527e+01
-5.058e-04  -5.058e-04  -1.016e-04  7.992e+01
-6.270e-04  -6.270e-04  -1.244e-04  8.016e+01
-7.076e-04  -7.076e-04  -1.759e-04  7.514e+01
-9.594e-04  -9.594e-04  -1.606e-04  8.326e+01
========================================================================================

step: 13/15 res:0.09295185809854833, res/res0:0.005863715478874432  dq_norm: [0.000313   0.00037312 0.0004062 ]

A info: before HHL prepare:
Spectral radius (A): 5.046e+01, lambda_min:4.182661946260736
condition number(A): 1.206e+01, norm2_cond:154.05089614644672
det(A): 7.534e+39
--------------------------------------------------------------------------------

A_hhl info: after scaling by spectral radius:
Spectral radius (A): 1.000e+00, lambda_min:0.0828872875565861
condition number(A): 1.206e+01, norm2_cond:154.05089614644604
det(A): 6.139e-12, nnz: 13 non zeros per row
--------------------------------------------------------------------------------

Size of A & B are not power of 2:
Next 2 power of 30 = 32
Value to be padded = 2
--------------------------------------------------

==================== Print (N)^2 padded matrix system =======================
Padded shape of A: (30, 30)x(30, 30) -> (32, 32)x(32, 32)
Padded shape of B: (30,) -> (32,)
Determinant of padded matrix: 6.139154285444952e-12
Condition # of padded matrix: 154.05089614644604


Matrix is not Hermitian. Making it Hermitian.......

==================== Print Hermitian matrix system info =======================
Shape of hermitian A: 32x32 -> 64x64
Shape of           B: 32 -> 64
Determinant of Hermitian matrix: 3.768921534049739e-23
Condition # of Hermitian matrix: 154.05089614644695

=================================== Generating HHL circuit ===================================
Time elapsed for generating HHL circuit: 0 min 41.28 sec

Generated circuit: num_qubits=16, gates=21, depth=5
============================== Generated Circuit saved ==============================

============================== Transpiling circuit ==============================
This is using the AerSimulator('aer_simulator_statevector') transpiler.
Time elapsed for transpiling the circuit:  0 min 7.64 sec
Transpiled circuit, num_qubits: 16, (original: 16)
Transpiled circuit depth: 103106 (original: 5)
Transpiled circuit gates: 103233 (original: 21)
============================== Transpiled Circuit saved ==============================
Time elapsed for running the circuit:  0 min 16.40 sec
total_qubits: 16, nq:6

Time elapsed for extracting shots-based hhl counts solution:  0 min 0.00 sec

[HHL info]: linear system residual (e=||Ax-b||_2): 0.069848696159568
[HHL info]: Fidelity(true_sol, hhl_sol): 0.8651811264178919
[HHL info]: L2 error (absolute): 0.0024599766008791216
[HHL info]: L2 error (relative): 0.9043836887417116
[HHL info]: L2 error (normalized): 0.37376160595806196

========================================================================================
 Compare system solutions using LU of A, LU sol of A_herm, HHL of Ax=b hermition system
LU sol 	    Herm LU sol    HHL sol    L1_diff(%)
 4.706e-04   4.706e-04   4.984e-05  8.941e+01
 5.149e-04   5.149e-04   4.984e-05  9.032e+01
 6.394e-04   6.394e-04   4.984e-05  9.220e+01
 1.979e-04   1.979e-04   3.524e-05  8.220e+01
 2.712e-04   2.712e-04   0.000e+00  1.000e+02
 2.530e-04   2.530e-04   0.000e+00  1.000e+02
-5.585e-04  -5.585e-04  -3.524e-05  9.369e+01
-2.903e-04  -2.903e-04  -3.524e-05  8.786e+01
 8.031e-04   8.031e-04   7.049e-05  9.122e+01
 1.363e-05   1.363e-05   0.000e+00  1.000e+02
 3.924e-04   3.924e-04   0.000e+00  1.000e+02
 5.167e-04   5.167e-04   4.984e-05  9.035e+01
-6.766e-04  -6.766e-04  -7.881e-05  8.835e+01
-4.971e-04  -4.971e-04  -0.000e+00  1.000e+02
 7.298e-05   7.298e-05   0.000e+00  1.000e+02
-4.763e-04  -4.763e-04  -4.984e-05  8.954e+01
 6.911e-04   6.911e-04   8.633e-05  8.751e+01
-4.424e-04  -4.424e-04  -7.881e-05  8.218e+01
-5.432e-04  -5.432e-04  -6.105e-05  8.876e+01
-4.015e-04  -4.015e-04  -6.105e-05  8.479e+01
-4.166e-04  -4.166e-04  -3.524e-05  9.154e+01
-4.716e-04  -4.716e-04  -6.105e-05  8.706e+01
-5.274e-04  -5.274e-04  -4.984e-05  9.055e+01
-6.969e-04  -6.969e-04  -7.881e-05  8.869e+01
-2.492e-04  -2.492e-04  -0.000e+00  1.000e+02
-4.886e-04  -4.886e-04  -7.881e-05  8.387e+01
-4.042e-04  -4.042e-04  -4.984e-05  8.767e+01
-5.026e-04  -5.026e-04  -3.524e-05  9.299e+01
-5.317e-04  -5.317e-04  -4.984e-05  9.063e+01
-7.990e-04  -7.990e-04  -7.049e-05  9.118e+01
========================================================================================

step: 14/15 res:0.07578015811835724, res/res0:0.004780466956121052  dq_norm: [0.00014953 0.00016151 0.00017622]
Completed: 14 steps in 1017.38s
Saved metadata to /lustre/orion/stf006/scratch/4klornl/fvm_euler_1d_solver/output_parallel_shots/nelem10/statevector/shots_100000/trial_3/metadata_nelem10_HHL_statevector_nshots100000.pkl

Solution summary:
  x/L: [0.0500, 0.9500]
  Mach: [1.4948, 2.1638]
  p/p_in: [1.0052, 0.3627]
  rho/rho_in: [1.0034, 0.4845]
Saved combined plot to /lustre/orion/stf006/scratch/4klornl/fvm_euler_1d_solver/output_parallel_shots/nelem10/statevector/shots_100000/trial_3/solution_plot_nelem10_HHL_statevector_nshots100000.png
