
------------------------------------------------------------
Using ideal local simulator with 'statevector' method
Backend: aer_simulator_statevector
Shots: 50000
------------------------------------------------------------

A info: before HHL prepare:
Spectral radius (A): 9.808e+01, lambda_min:5.866129498146235
condition number(A): 1.672e+01, norm2_cond:401.8614855890083
det(A): 2.657e+93
--------------------------------------------------------------------------------

A_hhl info: after scaling by spectral radius:
Spectral radius (A): 1.000e+00, lambda_min:0.05980937346031271
condition number(A): 1.672e+01, norm2_cond:401.8614855890105
det(A): 8.499e-27, nnz: 12 non zeros per row
--------------------------------------------------------------------------------

Size of A & B are not power of 2:
Next 2 power of 60 = 64
Value to be padded = 4
--------------------------------------------------

==================== Print (N)^2 padded matrix system =======================
Padded shape of A: (60, 60)x(60, 60) -> (64, 64)x(64, 64)
Padded shape of B: (60,) -> (64,)
Determinant of padded matrix: 8.499054744892335e-27
Condition # of padded matrix: 401.8614855890105


Matrix is not Hermitian. Making it Hermitian.......

==================== Print Hermitian matrix system info =======================
Shape of hermitian A: 64x64 -> 128x128
Shape of           B: 64 -> 128
Determinant of Hermitian matrix: 7.223393155667588e-53
Condition # of Hermitian matrix: 401.86148558902164

=================================== Generating HHL circuit ===================================
Time elapsed for generating HHL circuit: 4 min 42.70 sec

Generated circuit: num_qubits=18, gates=23, depth=5
============================== Generated Circuit saved ==============================

============================== Transpiling circuit ==============================
This is using the AerSimulator('aer_simulator_statevector') transpiler.
Time elapsed for transpiling the circuit:  0 min 50.88 sec
Transpiled circuit, num_qubits: 18, (original: 18)
Transpiled circuit depth: 464201 (original: 5)
Transpiled circuit gates: 464353 (original: 23)
============================== Transpiled Circuit saved ==============================
Time elapsed for running the circuit:  2 min 33.01 sec
total_qubits: 18, nq:7

Time elapsed for extracting shots-based hhl counts solution:  0 min 0.00 sec

[HHL info]: linear system residual (e=||Ax-b||_2): 20.696020208895423
[HHL info]: Fidelity(true_sol, hhl_sol): 0.9787639809524044
[HHL info]: L2 error (absolute): 4.783055510081109
[HHL info]: L2 error (relative): 0.8842193827500429
[HHL info]: L2 error (normalized): 0.14611630435823542

========================================================================================
 Compare system solutions using LU of A, LU sol of A_herm, HHL of Ax=b hermition system
LU sol 	    Herm LU sol    HHL sol    L1_diff(%)
-2.338e-04  -2.338e-04  -0.000e+00  1.000e+02
-1.963e-04  -1.963e-04  -0.000e+00  1.000e+02
-6.159e-04  -6.159e-04  -0.000e+00  1.000e+02
-8.210e-04  -8.210e-04  -0.000e+00  1.000e+02
-7.266e-04  -7.266e-04  -0.000e+00  1.000e+02
-2.219e-03  -2.219e-03  -0.000e+00  1.000e+02
-1.793e-03  -1.793e-03  -0.000e+00  1.000e+02
-1.753e-03  -1.753e-03  -0.000e+00  1.000e+02
-5.094e-03  -5.094e-03  -0.000e+00  1.000e+02
-3.854e-03  -3.854e-03  -0.000e+00  1.000e+02
-3.983e-03  -3.983e-03  -0.000e+00  1.000e+02
-1.127e-02  -1.127e-02  -0.000e+00  1.000e+02
-9.906e-03  -9.906e-03  -0.000e+00  1.000e+02
-9.642e-03  -9.642e-03  -0.000e+00  1.000e+02
-2.806e-02  -2.806e-02  -0.000e+00  1.000e+02
-2.691e-02  -2.691e-02  -0.000e+00  1.000e+02
-2.384e-02  -2.384e-02  -0.000e+00  1.000e+02
-7.270e-02  -7.270e-02  -2.221e-02  6.946e+01
-6.552e-02  -6.552e-02  -3.140e-02  5.207e+01
-5.523e-02  -5.523e-02  -0.000e+00  1.000e+02
-1.723e-01  -1.723e-01  -0.000e+00  1.000e+02
-1.346e-01  -1.346e-01  -2.221e-02  8.350e+01
-1.143e-01  -1.143e-01  -3.140e-02  7.252e+01
-3.520e-01  -3.520e-01  -5.439e-02  8.455e+01
-2.317e-01  -2.317e-01  -4.966e-02  7.857e+01
-2.062e-01  -2.062e-01  -3.140e-02  8.477e+01
-6.108e-01  -6.108e-01  -8.601e-02  8.592e+01
-3.379e-01  -3.379e-01  -3.846e-02  8.862e+01
-3.187e-01  -3.187e-01  -3.846e-02  8.793e+01
-9.014e-01  -9.014e-01  -1.042e-01  8.845e+01
-4.286e-01  -4.286e-01  -5.875e-02  8.629e+01
-4.234e-01  -4.234e-01  -6.662e-02  8.426e+01
-1.154e+00  -1.154e+00  -1.456e-01  8.738e+01
-4.911e-01  -4.911e-01  -6.281e-02  8.721e+01
-4.997e-01  -4.997e-01  -7.693e-02  8.461e+01
-1.329e+00  -1.329e+00  -1.490e-01  8.879e+01
-5.282e-01  -5.282e-01  -4.966e-02  9.060e+01
-5.462e-01  -5.462e-01  -6.281e-02  8.850e+01
-1.433e+00  -1.433e+00  -1.749e-01  8.780e+01
-5.481e-01  -5.481e-01  -6.662e-02  8.784e+01
-5.715e-01  -5.715e-01  -8.309e-02  8.546e+01
-1.489e+00  -1.489e+00  -1.647e-01  8.894e+01
-5.581e-01  -5.581e-01  -7.365e-02  8.680e+01
-5.842e-01  -5.842e-01  -8.309e-02  8.578e+01
-1.517e+00  -1.517e+00  -1.897e-01  8.749e+01
-5.629e-01  -5.629e-01  -6.281e-02  8.884e+01
-5.904e-01  -5.904e-01  -4.441e-02  9.248e+01
-1.530e+00  -1.530e+00  -1.790e-01  8.830e+01
-5.652e-01  -5.652e-01  -9.680e-02  8.287e+01
-5.933e-01  -5.933e-01  -5.875e-02  9.010e+01
-1.536e+00  -1.536e+00  -1.763e-01  8.853e+01
-5.662e-01  -5.662e-01  -5.875e-02  8.962e+01
-5.946e-01  -5.946e-01  -4.966e-02  9.165e+01
-1.539e+00  -1.539e+00  -1.749e-01  8.864e+01
-5.667e-01  -5.667e-01  -6.662e-02  8.824e+01
-5.952e-01  -5.952e-01  -7.693e-02  8.708e+01
-1.541e+00  -1.541e+00  -1.601e-01  8.961e+01
-5.670e-01  -5.670e-01  -3.846e-02  9.322e+01
-5.955e-01  -5.955e-01  -8.007e-02  8.656e+01
-1.541e+00  -1.541e+00  -1.554e-01  8.991e+01
========================================================================================

step: 0/15 res:22.437797065296795, res/res0:1.0  dq_norm: [0.21870948 0.22754977 0.54980918]

A info: before HHL prepare:
Spectral radius (A): 9.876e+01, lambda_min:6.272179328847085
condition number(A): 1.575e+01, norm2_cond:394.08244575302507
det(A): 5.596e+93
--------------------------------------------------------------------------------

A_hhl info: after scaling by spectral radius:
Spectral radius (A): 1.000e+00, lambda_min:0.06351221802997549
condition number(A): 1.575e+01, norm2_cond:394.0824457530283
det(A): 1.186e-26, nnz: 20 non zeros per row
--------------------------------------------------------------------------------

Size of A & B are not power of 2:
Next 2 power of 60 = 64
Value to be padded = 4
--------------------------------------------------

==================== Print (N)^2 padded matrix system =======================
Padded shape of A: (60, 60)x(60, 60) -> (64, 64)x(64, 64)
Padded shape of B: (60,) -> (64,)
Determinant of padded matrix: 1.1862639544567241e-26
Condition # of padded matrix: 394.0824457530283


Matrix is not Hermitian. Making it Hermitian.......

==================== Print Hermitian matrix system info =======================
Shape of hermitian A: 64x64 -> 128x128
Shape of           B: 64 -> 128
Determinant of Hermitian matrix: 1.407222169643225e-52
Condition # of Hermitian matrix: 394.0824457530271

=================================== Generating HHL circuit ===================================
Time elapsed for generating HHL circuit: 4 min 59.17 sec

Generated circuit: num_qubits=18, gates=23, depth=5
============================== Generated Circuit saved ==============================

============================== Transpiling circuit ==============================
This is using the AerSimulator('aer_simulator_statevector') transpiler.
Time elapsed for transpiling the circuit:  0 min 46.84 sec
Transpiled circuit, num_qubits: 18, (original: 18)
Transpiled circuit depth: 464196 (original: 5)
Transpiled circuit gates: 464348 (original: 23)
============================== Transpiled Circuit saved ==============================
Time elapsed for running the circuit:  2 min 33.09 sec
total_qubits: 18, nq:7

Time elapsed for extracting shots-based hhl counts solution:  0 min 0.00 sec

[HHL info]: linear system residual (e=||Ax-b||_2): 18.823923401641668
[HHL info]: Fidelity(true_sol, hhl_sol): 0.9865686741519195
[HHL info]: L2 error (absolute): 3.942187903936583
[HHL info]: L2 error (relative): 0.8359383035138371
[HHL info]: L2 error (normalized): 0.11608932517904319

========================================================================================
 Compare system solutions using LU of A, LU sol of A_herm, HHL of Ax=b hermition system
LU sol 	    Herm LU sol    HHL sol    L1_diff(%)
-2.261e-04  -2.261e-04  -0.000e+00  1.000e+02
-1.924e-04  -1.924e-04  -0.000e+00  1.000e+02
-5.993e-04  -5.993e-04  -0.000e+00  1.000e+02
-8.124e-04  -8.124e-04  -0.000e+00  1.000e+02
-7.236e-04  -7.236e-04  -0.000e+00  1.000e+02
-2.200e-03  -2.200e-03  -0.000e+00  1.000e+02
-1.829e-03  -1.829e-03  -0.000e+00  1.000e+02
-1.770e-03  -1.770e-03  -0.000e+00  1.000e+02
-5.169e-03  -5.169e-03  -0.000e+00  1.000e+02
-3.988e-03  -3.988e-03  -0.000e+00  1.000e+02
-4.036e-03  -4.036e-03  -0.000e+00  1.000e+02
-1.157e-02  -1.157e-02  -0.000e+00  1.000e+02
-1.011e-02  -1.011e-02  -0.000e+00  1.000e+02
-9.741e-03  -9.741e-03  -0.000e+00  1.000e+02
-2.848e-02  -2.848e-02  -0.000e+00  1.000e+02
-2.689e-02  -2.689e-02  -0.000e+00  1.000e+02
-2.389e-02  -2.389e-02  -0.000e+00  1.000e+02
-4.996e-02  -4.996e-02  -2.942e-02  4.112e+01
-3.321e-02  -3.321e-02  -2.942e-02  1.142e+01
-5.536e-02  -5.536e-02  -0.000e+00  1.000e+02
-1.708e-01  -1.708e-01  -4.160e-02  7.564e+01
-1.087e-01  -1.087e-01  -0.000e+00  1.000e+02
-8.169e-02  -8.169e-02  -0.000e+00  1.000e+02
-2.894e-01  -2.894e-01  -4.160e-02  8.562e+01
-1.758e-01  -1.758e-01  -4.160e-02  7.633e+01
-1.755e-01  -1.755e-01  -0.000e+00  1.000e+02
-5.117e-01  -5.117e-01  -8.825e-02  8.275e+01
-2.940e-01  -2.940e-01  -7.206e-02  7.549e+01
-2.804e-01  -2.804e-01  -5.884e-02  7.902e+01
-7.837e-01  -7.837e-01  -1.248e-01  8.408e+01
-3.643e-01  -3.643e-01  -7.206e-02  8.022e+01
-3.570e-01  -3.570e-01  -6.578e-02  8.157e+01
-9.978e-01  -9.978e-01  -1.813e-01  8.183e+01
-4.242e-01  -4.242e-01  -6.578e-02  8.449e+01
-4.232e-01  -4.232e-01  -5.884e-02  8.610e+01
-1.171e+00  -1.171e+00  -1.861e-01  8.411e+01
-4.764e-01  -4.764e-01  -6.578e-02  8.619e+01
-4.847e-01  -4.847e-01  -7.206e-02  8.513e+01
-1.249e+00  -1.249e+00  -2.017e-01  8.385e+01
-4.752e-01  -4.752e-01  -6.578e-02  8.616e+01
-4.879e-01  -4.879e-01  -9.303e-02  8.093e+01
-1.313e+00  -1.313e+00  -2.298e-01  8.250e+01
-4.676e-01  -4.676e-01  -8.321e-02  8.221e+01
-4.975e-01  -4.975e-01  -1.019e-01  7.951e+01
-1.288e+00  -1.288e+00  -2.059e-01  8.401e+01
-4.751e-01  -4.751e-01  -8.321e-02  8.249e+01
-5.450e-01  -5.450e-01  -8.825e-02  8.381e+01
-1.292e+00  -1.292e+00  -2.038e-01  8.422e+01
-4.427e-01  -4.427e-01  -6.578e-02  8.514e+01
-5.350e-01  -5.350e-01  -7.783e-02  8.545e+01
-1.303e+00  -1.303e+00  -2.335e-01  8.208e+01
-4.943e-01  -4.943e-01  -9.757e-02  8.026e+01
-5.472e-01  -5.472e-01  -7.783e-02  8.578e+01
-1.330e+00  -1.330e+00  -2.101e-01  8.420e+01
-5.014e-01  -5.014e-01  -7.783e-02  8.448e+01
-5.210e-01  -5.210e-01  -8.321e-02  8.403e+01
-1.385e+00  -1.385e+00  -2.372e-01  8.287e+01
-5.424e-01  -5.424e-01  -8.321e-02  8.466e+01
-5.159e-01  -5.159e-01  -1.061e-01  7.944e+01
-1.412e+00  -1.412e+00  -2.017e-01  8.572e+01
========================================================================================

step: 1/15 res:20.739608731655103, res/res0:0.924315728112713  dq_norm: [0.25814028 0.27121885 0.68424093]

A info: before HHL prepare:
Spectral radius (A): 9.952e+01, lambda_min:6.765204372552206
condition number(A): 1.471e+01, norm2_cond:383.8025090284951
det(A): 1.657e+94
--------------------------------------------------------------------------------

A_hhl info: after scaling by spectral radius:
Spectral radius (A): 1.000e+00, lambda_min:0.0679767955690449
condition number(A): 1.471e+01, norm2_cond:383.8025090285002
det(A): 2.208e-26, nnz: 14 non zeros per row
--------------------------------------------------------------------------------

Size of A & B are not power of 2:
Next 2 power of 60 = 64
Value to be padded = 4
--------------------------------------------------

==================== Print (N)^2 padded matrix system =======================
Padded shape of A: (60, 60)x(60, 60) -> (64, 64)x(64, 64)
Padded shape of B: (60,) -> (64,)
Determinant of padded matrix: 2.2082680594491665e-26
Condition # of padded matrix: 383.8025090285002


Matrix is not Hermitian. Making it Hermitian.......

==================== Print Hermitian matrix system info =======================
Shape of hermitian A: 64x64 -> 128x128
Shape of           B: 64 -> 128
Determinant of Hermitian matrix: 4.876447822383457e-52
Condition # of Hermitian matrix: 383.8025090285002

=================================== Generating HHL circuit ===================================
Time elapsed for generating HHL circuit: 5 min 9.12 sec

Generated circuit: num_qubits=18, gates=23, depth=5
============================== Generated Circuit saved ==============================

============================== Transpiling circuit ==============================
This is using the AerSimulator('aer_simulator_statevector') transpiler.
Time elapsed for transpiling the circuit:  0 min 49.01 sec
Transpiled circuit, num_qubits: 18, (original: 18)
Transpiled circuit depth: 464197 (original: 5)
Transpiled circuit gates: 464349 (original: 23)
============================== Transpiled Circuit saved ==============================
Time elapsed for running the circuit:  2 min 30.56 sec
total_qubits: 18, nq:7

Time elapsed for extracting shots-based hhl counts solution:  0 min 0.00 sec

[HHL info]: linear system residual (e=||Ax-b||_2): 17.49985526071835
[HHL info]: Fidelity(true_sol, hhl_sol): 0.981225783316937
[HHL info]: L2 error (absolute): 3.279601569095787
[HHL info]: L2 error (relative): 0.8469167552149423
[HHL info]: L2 error (normalized): 0.13734326154840754

========================================================================================
 Compare system solutions using LU of A, LU sol of A_herm, HHL of Ax=b hermition system
LU sol 	    Herm LU sol    HHL sol    L1_diff(%)
-2.189e-04  -2.189e-04  -0.000e+00  1.000e+02
-1.887e-04  -1.887e-04  -0.000e+00  1.000e+02
-5.837e-04  -5.837e-04  -0.000e+00  1.000e+02
-7.563e-04  -7.563e-04  -0.000e+00  1.000e+02
-6.957e-04  -6.957e-04  -0.000e+00  1.000e+02
-2.082e-03  -2.082e-03  -0.000e+00  1.000e+02
-1.694e-03  -1.694e-03  -0.000e+00  1.000e+02
-1.698e-03  -1.698e-03  -0.000e+00  1.000e+02
-4.880e-03  -4.880e-03  -0.000e+00  1.000e+02
-3.915e-03  -3.915e-03  -0.000e+00  1.000e+02
-4.019e-03  -4.019e-03  -0.000e+00  1.000e+02
-1.143e-02  -1.143e-02  -0.000e+00  1.000e+02
-1.044e-02  -1.044e-02  -0.000e+00  1.000e+02
-9.892e-03  -9.892e-03  -0.000e+00  1.000e+02
-2.909e-02  -2.909e-02  -0.000e+00  1.000e+02
-2.766e-02  -2.766e-02  -0.000e+00  1.000e+02
-2.388e-02  -2.388e-02  -0.000e+00  1.000e+02
-2.198e-02  -2.198e-02  -0.000e+00  1.000e+02
-4.328e-03  -4.328e-03  -0.000e+00  1.000e+02
-5.542e-02  -5.542e-02  -2.325e-02  5.805e+01
-1.287e-01  -1.287e-01  -0.000e+00  1.000e+02
-1.064e-01  -1.064e-01  -2.325e-02  7.816e+01
-8.130e-02  -8.130e-02  -0.000e+00  1.000e+02
-2.398e-01  -2.398e-01  -4.649e-02  8.061e+01
-1.277e-01  -1.277e-01  -0.000e+00  1.000e+02
-1.759e-01  -1.759e-01  -0.000e+00  1.000e+02
-4.065e-01  -4.065e-01  -8.053e-02  8.019e+01
-2.108e-01  -2.108e-01  -3.288e-02  8.440e+01
-2.208e-01  -2.208e-01  -2.325e-02  8.947e+01
-6.367e-01  -6.367e-01  -1.115e-01  8.249e+01
-2.789e-01  -2.789e-01  -4.649e-02  8.333e+01
-2.906e-01  -2.906e-01  -4.649e-02  8.400e+01
-7.839e-01  -7.839e-01  -1.356e-01  8.271e+01
-3.475e-01  -3.475e-01  -4.026e-02  8.841e+01
-3.659e-01  -3.659e-01  -7.710e-02  7.893e+01
-9.560e-01  -9.560e-01  -1.315e-01  8.624e+01
-4.046e-01  -4.046e-01  -6.151e-02  8.480e+01
-4.137e-01  -4.137e-01  -6.151e-02  8.513e+01
-1.027e+00  -1.027e+00  -1.801e-01  8.246e+01
-4.056e-01  -4.056e-01  -5.198e-02  8.718e+01
-3.941e-01  -3.941e-01  -6.151e-02  8.439e+01
-1.069e+00  -1.069e+00  -1.395e-01  8.695e+01
-3.794e-01  -3.794e-01  -6.151e-02  8.379e+01
-3.966e-01  -3.966e-01  -7.351e-02  8.146e+01
-1.072e+00  -1.072e+00  -1.676e-01  8.436e+01
-3.838e-01  -3.838e-01  -6.151e-02  8.398e+01
-4.554e-01  -4.554e-01  -6.151e-02  8.649e+01
-1.069e+00  -1.069e+00  -1.676e-01  8.431e+01
-3.634e-01  -3.634e-01  -5.694e-02  8.433e+01
-4.544e-01  -4.544e-01  -8.382e-02  8.155e+01
-1.033e+00  -1.033e+00  -1.692e-01  8.362e+01
-3.811e-01  -3.811e-01  -6.575e-02  8.275e+01
-4.711e-01  -4.711e-01  -6.575e-02  8.604e+01
-1.084e+00  -1.084e+00  -1.676e-01  8.453e+01
-4.172e-01  -4.172e-01  -7.710e-02  8.152e+01
-4.404e-01  -4.404e-01  -7.710e-02  8.249e+01
-1.127e+00  -1.127e+00  -1.644e-01  8.542e+01
-4.588e-01  -4.588e-01  -5.198e-02  8.867e+01
-4.104e-01  -4.104e-01  -6.151e-02  8.501e+01
-1.215e+00  -1.215e+00  -1.676e-01  8.620e+01
========================================================================================

step: 2/15 res:18.88097513091535, res/res0:0.8414807869047639  dq_norm: [0.18885903 0.21683302 0.52601819]

A info: before HHL prepare:
Spectral radius (A): 9.961e+01, lambda_min:6.609002557696311
condition number(A): 1.507e+01, norm2_cond:373.49915423310426
det(A): 3.235e+94
--------------------------------------------------------------------------------

A_hhl info: after scaling by spectral radius:
Spectral radius (A): 1.000e+00, lambda_min:0.0663465689134341
condition number(A): 1.507e+01, norm2_cond:373.49915423310205
det(A): 4.082e-26, nnz: 24 non zeros per row
--------------------------------------------------------------------------------

Size of A & B are not power of 2:
Next 2 power of 60 = 64
Value to be padded = 4
--------------------------------------------------

==================== Print (N)^2 padded matrix system =======================
Padded shape of A: (60, 60)x(60, 60) -> (64, 64)x(64, 64)
Padded shape of B: (60,) -> (64,)
Determinant of padded matrix: 4.081543062040196e-26
Condition # of padded matrix: 373.49915423310205


Matrix is not Hermitian. Making it Hermitian.......

==================== Print Hermitian matrix system info =======================
Shape of hermitian A: 64x64 -> 128x128
Shape of           B: 64 -> 128
Determinant of Hermitian matrix: 1.6658993767289643e-51
Condition # of Hermitian matrix: 373.49915423310813

=================================== Generating HHL circuit ===================================
Time elapsed for generating HHL circuit: 5 min 6.83 sec

Generated circuit: num_qubits=18, gates=23, depth=5
============================== Generated Circuit saved ==============================

============================== Transpiling circuit ==============================
This is using the AerSimulator('aer_simulator_statevector') transpiler.
Time elapsed for transpiling the circuit:  0 min 51.66 sec
Transpiled circuit, num_qubits: 18, (original: 18)
Transpiled circuit depth: 464191 (original: 5)
Transpiled circuit gates: 464343 (original: 23)
============================== Transpiled Circuit saved ==============================
Time elapsed for running the circuit:  2 min 33.64 sec
total_qubits: 18, nq:7

Time elapsed for extracting shots-based hhl counts solution:  0 min 0.00 sec

[HHL info]: linear system residual (e=||Ax-b||_2): 15.356620293235888
[HHL info]: Fidelity(true_sol, hhl_sol): 0.9822339860603498
[HHL info]: L2 error (absolute): 2.652515238613555
[HHL info]: L2 error (relative): 0.8226066201224396
[HHL info]: L2 error (normalized): 0.1335875389857944

========================================================================================
 Compare system solutions using LU of A, LU sol of A_herm, HHL of Ax=b hermition system
LU sol 	    Herm LU sol    HHL sol    L1_diff(%)
-2.098e-04  -2.098e-04  -0.000e+00  1.000e+02
-1.841e-04  -1.841e-04  -0.000e+00  1.000e+02
-5.644e-04  -5.644e-04  -0.000e+00  1.000e+02
-7.426e-04  -7.426e-04  -0.000e+00  1.000e+02
-6.897e-04  -6.897e-04  -0.000e+00  1.000e+02
-2.053e-03  -2.053e-03  -0.000e+00  1.000e+02
-1.726e-03  -1.726e-03  -0.000e+00  1.000e+02
-1.714e-03  -1.714e-03  -0.000e+00  1.000e+02
-4.944e-03  -4.944e-03  -0.000e+00  1.000e+02
-4.065e-03  -4.065e-03  -0.000e+00  1.000e+02
-4.092e-03  -4.092e-03  -0.000e+00  1.000e+02
-1.176e-02  -1.176e-02  -0.000e+00  1.000e+02
-1.064e-02  -1.064e-02  -0.000e+00  1.000e+02
-9.946e-03  -9.946e-03  -0.000e+00  1.000e+02
-2.952e-02  -2.952e-02  -2.399e-02  1.872e+01
-2.774e-02  -2.774e-02  -0.000e+00  1.000e+02
-2.423e-02  -2.423e-02  -0.000e+00  1.000e+02
-2.236e-02  -2.236e-02  -2.399e-02  7.316e+00
-3.335e-03  -3.335e-03  -0.000e+00  1.000e+02
-3.201e-02  -3.201e-02  -0.000e+00  1.000e+02
-1.267e-01  -1.267e-01  -2.399e-02  8.107e+01
-8.076e-02  -8.076e-02  -2.399e-02  7.029e+01
-8.131e-02  -8.131e-02  -4.155e-02  4.890e+01
-1.885e-01  -1.885e-01  -3.393e-02  8.201e+01
-1.240e-01  -1.240e-01  -3.393e-02  7.265e+01
-1.746e-01  -1.746e-01  -4.155e-02  7.620e+01
-3.158e-01  -3.158e-01  -7.197e-02  7.721e+01
-1.746e-01  -1.746e-01  -2.399e-02  8.626e+01
-1.994e-01  -1.994e-01  -3.393e-02  8.299e+01
-5.139e-01  -5.139e-01  -1.018e-01  8.019e+01
-2.312e-01  -2.312e-01  -5.365e-02  7.679e+01
-2.445e-01  -2.445e-01  -4.155e-02  8.300e+01
-6.446e-01  -6.446e-01  -1.175e-01  8.177e+01
-3.037e-01  -3.037e-01  -5.365e-02  8.234e+01
-2.864e-01  -2.864e-01  -4.155e-02  8.549e+01
-8.154e-01  -8.154e-01  -1.378e-01  8.310e+01
-3.351e-01  -3.351e-01  -5.365e-02  8.399e+01
-3.529e-01  -3.529e-01  -6.348e-02  8.201e+01
-8.261e-01  -8.261e-01  -1.498e-01  8.186e+01
-3.462e-01  -3.462e-01  -7.587e-02  7.809e+01
-3.321e-01  -3.321e-01  -5.877e-02  8.230e+01
-9.127e-01  -9.127e-01  -1.573e-01  8.276e+01
-3.116e-01  -3.116e-01  -4.155e-02  8.666e+01
-3.243e-01  -3.243e-01  -4.798e-02  8.520e+01
-8.877e-01  -8.877e-01  -1.662e-01  8.128e+01
-3.186e-01  -3.186e-01  -3.393e-02  8.935e+01
-3.950e-01  -3.950e-01  -7.197e-02  8.178e+01
-8.910e-01  -8.910e-01  -1.747e-01  8.040e+01
-3.016e-01  -3.016e-01  -5.365e-02  8.221e+01
-3.688e-01  -3.688e-01  -7.587e-02  7.943e+01
-8.520e-01  -8.520e-01  -1.459e-01  8.287e+01
-3.062e-01  -3.062e-01  -5.365e-02  8.248e+01
-4.048e-01  -4.048e-01  -8.311e-02  7.947e+01
-8.954e-01  -8.954e-01  -1.517e-01  8.305e+01
-3.291e-01  -3.291e-01  -2.399e-02  9.271e+01
-3.638e-01  -3.638e-01  -6.786e-02  8.134e+01
-9.408e-01  -9.408e-01  -1.730e-01  8.161e+01
-3.976e-01  -3.976e-01  -5.365e-02  8.651e+01
-3.490e-01  -3.490e-01  -6.348e-02  8.181e+01
-1.019e+00  -1.019e+00  -1.747e-01  8.286e+01
========================================================================================

step: 3/15 res:17.539394053811353, res/res0:0.7816896642201338  dq_norm: [0.16964545 0.21052446 0.51119327]

A info: before HHL prepare:
Spectral radius (A): 1.000e+02, lambda_min:6.578161832067291
condition number(A): 1.521e+01, norm2_cond:363.458939576115
det(A): 5.487e+94
--------------------------------------------------------------------------------

A_hhl info: after scaling by spectral radius:
Spectral radius (A): 1.000e+00, lambda_min:0.06575295863017461
condition number(A): 1.521e+01, norm2_cond:363.4589395761178
det(A): 5.346e-26, nnz: 14 non zeros per row
--------------------------------------------------------------------------------

Size of A & B are not power of 2:
Next 2 power of 60 = 64
Value to be padded = 4
--------------------------------------------------

==================== Print (N)^2 padded matrix system =======================
Padded shape of A: (60, 60)x(60, 60) -> (64, 64)x(64, 64)
Padded shape of B: (60,) -> (64,)
Determinant of padded matrix: 5.345879124601563e-26
Condition # of padded matrix: 363.4589395761178


Matrix is not Hermitian. Making it Hermitian.......

==================== Print Hermitian matrix system info =======================
Shape of hermitian A: 64x64 -> 128x128
Shape of           B: 64 -> 128
Determinant of Hermitian matrix: 2.8578423614851175e-51
Condition # of Hermitian matrix: 363.4589395761234

=================================== Generating HHL circuit ===================================
Time elapsed for generating HHL circuit: 5 min 13.04 sec

Generated circuit: num_qubits=18, gates=23, depth=5
============================== Generated Circuit saved ==============================

============================== Transpiling circuit ==============================
This is using the AerSimulator('aer_simulator_statevector') transpiler.
Time elapsed for transpiling the circuit:  0 min 50.78 sec
Transpiled circuit, num_qubits: 18, (original: 18)
Transpiled circuit depth: 464203 (original: 5)
Transpiled circuit gates: 464355 (original: 23)
============================== Transpiled Circuit saved ==============================
Time elapsed for running the circuit:  2 min 32.61 sec
total_qubits: 18, nq:7

Time elapsed for extracting shots-based hhl counts solution:  0 min 0.00 sec

[HHL info]: linear system residual (e=||Ax-b||_2): 14.222095694921876
[HHL info]: Fidelity(true_sol, hhl_sol): 0.9757592926817772
[HHL info]: L2 error (absolute): 2.19646283137905
[HHL info]: L2 error (relative): 0.843211223355385
[HHL info]: L2 error (normalized): 0.1561711184849868

========================================================================================
 Compare system solutions using LU of A, LU sol of A_herm, HHL of Ax=b hermition system
LU sol 	    Herm LU sol    HHL sol    L1_diff(%)
-2.201e-04  -2.201e-04  -0.000e+00  1.000e+02
-1.896e-04  -1.896e-04  -0.000e+00  1.000e+02
-5.857e-04  -5.857e-04  -0.000e+00  1.000e+02
-7.498e-04  -7.498e-04  -0.000e+00  1.000e+02
-6.935e-04  -6.935e-04  -0.000e+00  1.000e+02
-2.069e-03  -2.069e-03  -0.000e+00  1.000e+02
-1.651e-03  -1.651e-03  -0.000e+00  1.000e+02
-1.666e-03  -1.666e-03  -0.000e+00  1.000e+02
-4.792e-03  -4.792e-03  -0.000e+00  1.000e+02
-3.860e-03  -3.860e-03  -0.000e+00  1.000e+02
-4.004e-03  -4.004e-03  -0.000e+00  1.000e+02
-1.134e-02  -1.134e-02  -0.000e+00  1.000e+02
-1.050e-02  -1.050e-02  -0.000e+00  1.000e+02
-9.929e-03  -9.929e-03  -0.000e+00  1.000e+02
-4.989e-03  -4.989e-03  -0.000e+00  1.000e+02
-2.812e-02  -2.812e-02  -1.890e-02  3.281e+01
-2.446e-02  -2.446e-02  -0.000e+00  1.000e+02
 8.807e-04   8.807e-04   0.000e+00  1.000e+02
-4.110e-03  -4.110e-03  -0.000e+00  1.000e+02
-3.217e-02  -3.217e-02  -0.000e+00  1.000e+02
-1.048e-01  -1.048e-01  -1.890e-02  8.197e+01
-5.774e-02  -5.774e-02  -0.000e+00  1.000e+02
-4.007e-02  -4.007e-02  -0.000e+00  1.000e+02
-1.580e-01  -1.580e-01  -3.779e-02  7.607e+01
-8.988e-02  -8.988e-02  -0.000e+00  1.000e+02
-1.328e-01  -1.328e-01  -2.672e-02  7.988e+01
-2.439e-01  -2.439e-01  -3.779e-02  8.450e+01
-1.469e-01  -1.469e-01  -0.000e+00  1.000e+02
-1.643e-01  -1.643e-01  -3.273e-02  8.008e+01
-4.017e-01  -4.017e-01  -5.975e-02  8.512e+01
-1.703e-01  -1.703e-01  -2.672e-02  8.431e+01
-2.042e-01  -2.042e-01  -3.779e-02  8.149e+01
-5.096e-01  -5.096e-01  -8.017e-02  8.427e+01
-2.409e-01  -2.409e-01  -3.779e-02  8.431e+01
-2.443e-01  -2.443e-01  -3.779e-02  8.453e+01
-6.553e-01  -6.553e-01  -1.035e-01  8.421e+01
-2.694e-01  -2.694e-01  -5.975e-02  7.782e+01
-2.876e-01  -2.876e-01  -4.225e-02  8.531e+01
-6.501e-01  -6.501e-01  -1.336e-01  7.945e+01
-2.591e-01  -2.591e-01  -4.225e-02  8.369e+01
-2.760e-01  -2.760e-01  -4.629e-02  8.323e+01
-7.292e-01  -7.292e-01  -1.018e-01  8.605e+01
-2.665e-01  -2.665e-01  -2.672e-02  8.997e+01
-2.763e-01  -2.763e-01  -4.225e-02  8.471e+01
-7.064e-01  -7.064e-01  -1.134e-01  8.395e+01
-2.846e-01  -2.846e-01  -5.669e-02  8.008e+01
-3.221e-01  -3.221e-01  -6.267e-02  8.054e+01
-7.103e-01  -7.103e-01  -1.102e-01  8.449e+01
-2.502e-01  -2.502e-01  -3.779e-02  8.489e+01
-2.952e-01  -2.952e-01  -3.273e-02  8.891e+01
-7.107e-01  -7.107e-01  -1.069e-01  8.496e+01
-2.564e-01  -2.564e-01  -4.225e-02  8.352e+01
-3.224e-01  -3.224e-01  -5.669e-02  8.242e+01
-7.521e-01  -7.521e-01  -1.118e-01  8.514e+01
-3.031e-01  -3.031e-01  -3.779e-02  8.753e+01
-2.921e-01  -2.921e-01  -4.999e-02  8.288e+01
-7.516e-01  -7.516e-01  -1.085e-01  8.556e+01
-3.313e-01  -3.313e-01  -3.779e-02  8.859e+01
-2.848e-01  -2.848e-01  -4.629e-02  8.375e+01
-8.107e-01  -8.107e-01  -1.336e-01  8.352e+01
========================================================================================

step: 4/15 res:15.346340734627429, res/res0:0.6839504203539972  dq_norm: [0.13361351 0.15234284 0.361498  ]

A info: before HHL prepare:
Spectral radius (A): 1.001e+02, lambda_min:6.7530396474845995
condition number(A): 1.482e+01, norm2_cond:356.96406693220916
det(A): 8.912e+94
--------------------------------------------------------------------------------

A_hhl info: after scaling by spectral radius:
Spectral radius (A): 1.000e+00, lambda_min:0.0674667524483367
condition number(A): 1.482e+01, norm2_cond:356.9640669322137
det(A): 8.422e-26, nnz: 22 non zeros per row
--------------------------------------------------------------------------------

Size of A & B are not power of 2:
Next 2 power of 60 = 64
Value to be padded = 4
--------------------------------------------------

==================== Print (N)^2 padded matrix system =======================
Padded shape of A: (60, 60)x(60, 60) -> (64, 64)x(64, 64)
Padded shape of B: (60,) -> (64,)
Determinant of padded matrix: 8.422166402939607e-26
Condition # of padded matrix: 356.9640669322137


Matrix is not Hermitian. Making it Hermitian.......

==================== Print Hermitian matrix system info =======================
Shape of hermitian A: 64x64 -> 128x128
Shape of           B: 64 -> 128
Determinant of Hermitian matrix: 7.093288691880568e-51
Condition # of Hermitian matrix: 356.9640669322154

=================================== Generating HHL circuit ===================================
Time elapsed for generating HHL circuit: 5 min 7.91 sec

Generated circuit: num_qubits=18, gates=23, depth=5
============================== Generated Circuit saved ==============================

============================== Transpiling circuit ==============================
This is using the AerSimulator('aer_simulator_statevector') transpiler.
Time elapsed for transpiling the circuit:  0 min 42.11 sec
Transpiled circuit, num_qubits: 18, (original: 18)
Transpiled circuit depth: 464200 (original: 5)
Transpiled circuit gates: 464352 (original: 23)
============================== Transpiled Circuit saved ==============================
Time elapsed for running the circuit:  2 min 30.12 sec
total_qubits: 18, nq:7

Time elapsed for extracting shots-based hhl counts solution:  0 min 0.00 sec

[HHL info]: linear system residual (e=||Ax-b||_2): 14.205828434529575
[HHL info]: Fidelity(true_sol, hhl_sol): 0.9553373638622306
[HHL info]: L2 error (absolute): 2.129027253336396
[HHL info]: L2 error (relative): 0.9844947160672651
[HHL info]: L2 error (normalized): 0.2125388933291926

========================================================================================
 Compare system solutions using LU of A, LU sol of A_herm, HHL of Ax=b hermition system
LU sol 	    Herm LU sol    HHL sol    L1_diff(%)
-2.059e-04  -2.059e-04  -0.000e+00  1.000e+02
-1.826e-04  -1.826e-04  -0.000e+00  1.000e+02
-5.573e-04  -5.573e-04  -0.000e+00  1.000e+02
-7.177e-04  -7.177e-04  -1.611e-03  1.244e+02
-6.724e-04  -6.724e-04  -0.000e+00  1.000e+02
-1.998e-03  -1.998e-03  -0.000e+00  1.000e+02
-1.695e-03  -1.695e-03  -0.000e+00  1.000e+02
-1.712e-03  -1.712e-03  -0.000e+00  1.000e+02
-4.893e-03  -4.893e-03  -0.000e+00  1.000e+02
-4.072e-03  -4.072e-03  -0.000e+00  1.000e+02
-4.081e-03  -4.081e-03  -0.000e+00  1.000e+02
-1.168e-02  -1.168e-02  -0.000e+00  1.000e+02
-1.081e-02  -1.081e-02  -0.000e+00  1.000e+02
-1.011e-02  -1.011e-02  -0.000e+00  1.000e+02
-6.124e-03  -6.124e-03  -1.611e-03  7.370e+01
-8.871e-03  -8.871e-03  -0.000e+00  1.000e+02
-2.400e-02  -2.400e-02  -0.000e+00  1.000e+02
 1.212e-03   1.212e-03   0.000e+00  1.000e+02
-3.587e-03  -3.587e-03  -0.000e+00  1.000e+02
-3.211e-02  -3.211e-02  -0.000e+00  1.000e+02
-8.504e-02  -8.504e-02  -3.221e-03  9.621e+01
-5.870e-02  -5.870e-02  -1.611e-03  9.726e+01
-4.073e-02  -4.073e-02  -0.000e+00  1.000e+02
-1.213e-01  -1.213e-01  -1.611e-03  9.867e+01
-9.242e-02  -9.242e-02  -1.611e-03  9.826e+01
-1.066e-01  -1.066e-01  -0.000e+00  1.000e+02
-2.102e-01  -2.102e-01  -5.093e-03  9.758e+01
-1.489e-01  -1.489e-01  -0.000e+00  1.000e+02
-1.312e-01  -1.312e-01  -2.278e-03  9.826e+01
-3.447e-01  -3.447e-01  -5.093e-03  9.852e+01
-1.406e-01  -1.406e-01  -3.221e-03  9.771e+01
-1.649e-01  -1.649e-01  -2.278e-03  9.862e+01
-4.217e-01  -4.217e-01  -6.443e-03  9.847e+01
-1.959e-01  -1.959e-01  -1.611e-03  9.918e+01
-2.065e-01  -2.065e-01  -1.611e-03  9.922e+01
-5.348e-01  -5.348e-01  -8.968e-03  9.832e+01
-2.029e-01  -2.029e-01  -2.790e-03  9.862e+01
-2.472e-01  -2.472e-01  -2.278e-03  9.908e+01
-5.029e-01  -5.029e-01  -8.369e-03  9.834e+01
-2.132e-01  -2.132e-01  -3.221e-03  9.849e+01
-2.293e-01  -2.293e-01  -3.945e-03  9.828e+01
-6.185e-01  -6.185e-01  -9.529e-03  9.846e+01
-2.368e-01  -2.368e-01  -2.790e-03  9.882e+01
-2.336e-01  -2.336e-01  -4.261e-03  9.818e+01
-5.842e-01  -5.842e-01  -1.006e-02  9.828e+01
-2.231e-01  -2.231e-01  -0.000e+00  1.000e+02
-2.595e-01  -2.595e-01  -4.556e-03  9.824e+01
-5.913e-01  -5.913e-01  -9.392e-03  9.841e+01
-2.099e-01  -2.099e-01  -2.278e-03  9.891e+01
-2.636e-01  -2.636e-01  -2.278e-03  9.914e+01
-5.967e-01  -5.967e-01  -8.674e-03  9.855e+01
-2.116e-01  -2.116e-01  -3.945e-03  9.814e+01
-2.650e-01  -2.650e-01  -3.945e-03  9.851e+01
-6.351e-01  -6.351e-01  -1.019e-02  9.840e+01
-2.602e-01  -2.602e-01  -5.093e-03  9.804e+01
-2.414e-01  -2.414e-01  -3.602e-03  9.851e+01
-6.305e-01  -6.305e-01  -1.044e-02  9.834e+01
-2.862e-01  -2.862e-01  -4.261e-03  9.851e+01
-2.384e-01  -2.384e-01  -4.261e-03  9.821e+01
-6.546e-01  -6.546e-01  -1.068e-02  9.837e+01
========================================================================================

step: 5/15 res:14.229005083547452, res/res0:0.6341533904660634  dq_norm: [0.01056174 0.01115891 0.03068701]

A info: before HHL prepare:
Spectral radius (A): 1.001e+02, lambda_min:6.761045990112639
condition number(A): 1.480e+01, norm2_cond:356.0054565169219
det(A): 9.376e+94
--------------------------------------------------------------------------------

A_hhl info: after scaling by spectral radius:
Spectral radius (A): 1.000e+00, lambda_min:0.06755222291775294
condition number(A): 1.480e+01, norm2_cond:356.00545651692494
det(A): 8.903e-26, nnz: 14 non zeros per row
--------------------------------------------------------------------------------

Size of A & B are not power of 2:
Next 2 power of 60 = 64
Value to be padded = 4
--------------------------------------------------

==================== Print (N)^2 padded matrix system =======================
Padded shape of A: (60, 60)x(60, 60) -> (64, 64)x(64, 64)
Padded shape of B: (60,) -> (64,)
Determinant of padded matrix: 8.9031522470082e-26
Condition # of padded matrix: 356.00545651692494


Matrix is not Hermitian. Making it Hermitian.......

==================== Print Hermitian matrix system info =======================
Shape of hermitian A: 64x64 -> 128x128
Shape of           B: 64 -> 128
Determinant of Hermitian matrix: 7.926611993340601e-51
Condition # of Hermitian matrix: 356.00545651692926

=================================== Generating HHL circuit ===================================
Time elapsed for generating HHL circuit: 5 min 25.71 sec

Generated circuit: num_qubits=18, gates=23, depth=5
============================== Generated Circuit saved ==============================

============================== Transpiling circuit ==============================
This is using the AerSimulator('aer_simulator_statevector') transpiler.
Time elapsed for transpiling the circuit:  0 min 42.71 sec
Transpiled circuit, num_qubits: 18, (original: 18)
Transpiled circuit depth: 464205 (original: 5)
Transpiled circuit gates: 464357 (original: 23)
============================== Transpiled Circuit saved ==============================
Time elapsed for running the circuit:  2 min 31.85 sec
total_qubits: 18, nq:7

Time elapsed for extracting shots-based hhl counts solution:  0 min 0.00 sec

[HHL info]: linear system residual (e=||Ax-b||_2): 12.029534127051692
[HHL info]: Fidelity(true_sol, hhl_sol): 0.9648251581210152
[HHL info]: L2 error (absolute): 1.7590587831898474
[HHL info]: L2 error (relative): 0.8272826236456269
[HHL info]: L2 error (normalized): 0.18838715978104437

========================================================================================
 Compare system solutions using LU of A, LU sol of A_herm, HHL of Ax=b hermition system
LU sol 	    Herm LU sol    HHL sol    L1_diff(%)
-2.053e-04  -2.053e-04  -0.000e+00  1.000e+02
-1.821e-04  -1.821e-04  -0.000e+00  1.000e+02
-5.553e-04  -5.553e-04  -0.000e+00  1.000e+02
 8.939e-04   8.939e-04   0.000e+00  1.000e+02
-6.715e-04  -6.715e-04  -0.000e+00  1.000e+02
-1.993e-03  -1.993e-03  -0.000e+00  1.000e+02
-1.694e-03  -1.694e-03  -0.000e+00  1.000e+02
-1.710e-03  -1.710e-03  -0.000e+00  1.000e+02
-4.890e-03  -4.890e-03  -0.000e+00  1.000e+02
-4.082e-03  -4.082e-03  -0.000e+00  1.000e+02
-4.088e-03  -4.088e-03  -0.000e+00  1.000e+02
-1.170e-02  -1.170e-02  -0.000e+00  1.000e+02
-1.084e-02  -1.084e-02  -0.000e+00  1.000e+02
-1.012e-02  -1.012e-02  -0.000e+00  1.000e+02
-4.550e-03  -4.550e-03  -1.779e-02  2.910e+02
-8.883e-03  -8.883e-03  -0.000e+00  1.000e+02
-2.401e-02  -2.401e-02  -0.000e+00  1.000e+02
 1.156e-03   1.156e-03   0.000e+00  1.000e+02
-3.496e-03  -3.496e-03  -1.779e-02  4.090e+02
-3.205e-02  -3.205e-02  -0.000e+00  1.000e+02
-8.159e-02  -8.159e-02  -2.516e-02  6.916e+01
-5.696e-02  -5.696e-02  -0.000e+00  1.000e+02
-4.078e-02  -4.078e-02  -0.000e+00  1.000e+02
-1.195e-01  -1.195e-01  -1.779e-02  8.511e+01
-9.079e-02  -9.079e-02  -1.779e-02  8.040e+01
-1.067e-01  -1.067e-01  -1.779e-02  8.332e+01
-2.050e-01  -2.050e-01  -3.978e-02  8.059e+01
-1.489e-01  -1.489e-01  -3.082e-02  7.930e+01
-1.288e-01  -1.288e-01  -1.779e-02  8.619e+01
-3.394e-01  -3.394e-01  -5.338e-02  8.427e+01
-1.371e-01  -1.371e-01  -1.779e-02  8.702e+01
-1.627e-01  -1.627e-01  -3.558e-02  7.812e+01
-4.145e-01  -4.145e-01  -7.336e-02  8.230e+01
-1.940e-01  -1.940e-01  -3.082e-02  8.411e+01
-2.048e-01  -2.048e-01  -3.082e-02  8.495e+01
-5.248e-01  -5.248e-01  -9.745e-02  8.143e+01
-1.997e-01  -1.997e-01  -3.978e-02  8.008e+01
-2.449e-01  -2.449e-01  -5.338e-02  7.820e+01
-4.936e-01  -4.936e-01  -9.906e-02  7.993e+01
-2.099e-01  -2.099e-01  -3.558e-02  8.305e+01
-2.256e-01  -2.256e-01  -3.558e-02  8.423e+01
-6.087e-01  -6.087e-01  -1.258e-01  7.933e+01
-2.343e-01  -2.343e-01  -5.626e-02  7.599e+01
-2.293e-01  -2.293e-01  -3.082e-02  8.656e+01
-5.745e-01  -5.745e-01  -1.053e-01  8.168e+01
-2.235e-01  -2.235e-01  -5.626e-02  7.482e+01
-2.549e-01  -2.549e-01  -3.978e-02  8.439e+01
-5.822e-01  -5.822e-01  -9.745e-02  8.326e+01
-2.074e-01  -2.074e-01  -1.779e-02  9.142e+01
-2.613e-01  -2.613e-01  -3.558e-02  8.638e+01
-5.874e-01  -5.874e-01  -8.533e-02  8.547e+01
-2.070e-01  -2.070e-01  -3.558e-02  8.281e+01
-2.609e-01  -2.609e-01  -3.978e-02  8.475e+01
-6.231e-01  -6.231e-01  -1.097e-01  8.240e+01
-2.542e-01  -2.542e-01  -2.516e-02  9.010e+01
-2.379e-01  -2.379e-01  -1.779e-02  9.252e+01
-6.181e-01  -6.181e-01  -1.006e-01  8.372e+01
-2.812e-01  -2.812e-01  -5.626e-02  7.999e+01
-2.342e-01  -2.342e-01  -1.779e-02  9.240e+01
-6.422e-01  -6.422e-01  -1.194e-01  8.142e+01
========================================================================================

step: 6/15 res:14.205497971112196, res/res0:0.6331057335875007  dq_norm: [0.1319479  0.11392344 0.33237922]

A info: before HHL prepare:
Spectral radius (A): 1.005e+02, lambda_min:6.909639665100372
condition number(A): 1.454e+01, norm2_cond:344.4361972690078
det(A): 2.743e+95
--------------------------------------------------------------------------------

A_hhl info: after scaling by spectral radius:
Spectral radius (A): 1.000e+00, lambda_min:0.06877333220478694
condition number(A): 1.454e+01, norm2_cond:344.436197269
det(A): 2.071e-25, nnz: 14 non zeros per row
--------------------------------------------------------------------------------

Size of A & B are not power of 2:
Next 2 power of 60 = 64
Value to be padded = 4
--------------------------------------------------

==================== Print (N)^2 padded matrix system =======================
Padded shape of A: (60, 60)x(60, 60) -> (64, 64)x(64, 64)
Padded shape of B: (60,) -> (64,)
Determinant of padded matrix: 2.070859132740746e-25
Condition # of padded matrix: 344.436197269


Matrix is not Hermitian. Making it Hermitian.......

==================== Print Hermitian matrix system info =======================
Shape of hermitian A: 64x64 -> 128x128
Shape of           B: 64 -> 128
Determinant of Hermitian matrix: 4.288457547655633e-50
Condition # of Hermitian matrix: 344.4361972690065

=================================== Generating HHL circuit ===================================
Time elapsed for generating HHL circuit: 5 min 17.88 sec

Generated circuit: num_qubits=18, gates=23, depth=5
============================== Generated Circuit saved ==============================

============================== Transpiling circuit ==============================
This is using the AerSimulator('aer_simulator_statevector') transpiler.
Time elapsed for transpiling the circuit:  0 min 42.79 sec
Transpiled circuit, num_qubits: 18, (original: 18)
Transpiled circuit depth: 464201 (original: 5)
Transpiled circuit gates: 464353 (original: 23)
============================== Transpiled Circuit saved ==============================
Time elapsed for running the circuit:  2 min 31.03 sec
total_qubits: 18, nq:7

Time elapsed for extracting shots-based hhl counts solution:  0 min 0.00 sec

[HHL info]: linear system residual (e=||Ax-b||_2): 11.078463984024696
[HHL info]: Fidelity(true_sol, hhl_sol): 0.9699853572141626
[HHL info]: L2 error (absolute): 1.4589820134785922
[HHL info]: L2 error (relative): 0.855098237392138
[HHL info]: L2 error (normalized): 0.17390602977854022

========================================================================================
 Compare system solutions using LU of A, LU sol of A_herm, HHL of Ax=b hermition system
LU sol 	    Herm LU sol    HHL sol    L1_diff(%)
-2.089e-04  -2.089e-04  -0.000e+00  1.000e+02
-1.842e-04  -1.842e-04  -0.000e+00  1.000e+02
-5.628e-04  -5.628e-04  -0.000e+00  1.000e+02
 9.130e-04   9.130e-04   0.000e+00  1.000e+02
-6.603e-04  -6.603e-04  -0.000e+00  1.000e+02
-1.953e-03  -1.953e-03  -0.000e+00  1.000e+02
-1.597e-03  -1.597e-03  -0.000e+00  1.000e+02
-1.658e-03  -1.658e-03  -0.000e+00  1.000e+02
-4.693e-03  -4.693e-03  -0.000e+00  1.000e+02
-3.932e-03  -3.932e-03  -0.000e+00  1.000e+02
-4.025e-03  -4.025e-03  -0.000e+00  1.000e+02
-1.135e-02  -1.135e-02  -0.000e+00  1.000e+02
-1.090e-02  -1.090e-02  -0.000e+00  1.000e+02
-1.022e-02  -1.022e-02  -0.000e+00  1.000e+02
 1.319e-02   1.319e-02   0.000e+00  1.000e+02
-9.190e-03  -9.190e-03  -0.000e+00  1.000e+02
-2.379e-02  -2.379e-02  -0.000e+00  1.000e+02
 7.049e-04   7.049e-04   0.000e+00  1.000e+02
 1.354e-02   1.354e-02   0.000e+00  1.000e+02
-3.226e-02  -3.226e-02  -0.000e+00  1.000e+02
-5.726e-02  -5.726e-02  -1.266e-02  7.788e+01
-5.704e-02  -5.704e-02  -1.266e-02  7.780e+01
-4.059e-02  -4.059e-02  -0.000e+00  1.000e+02
-1.010e-01  -1.010e-01  -1.266e-02  8.746e+01
-7.174e-02  -7.174e-02  -1.791e-02  7.504e+01
-8.885e-02  -8.885e-02  -1.266e-02  8.575e+01
-1.630e-01  -1.630e-01  -1.791e-02  8.902e+01
-1.164e-01  -1.164e-01  -1.791e-02  8.461e+01
-1.115e-01  -1.115e-01  -1.791e-02  8.394e+01
-2.834e-01  -2.834e-01  -4.387e-02  8.452e+01
-1.183e-01  -1.183e-01  -1.791e-02  8.486e+01
-1.269e-01  -1.269e-01  -1.791e-02  8.589e+01
-3.375e-01  -3.375e-01  -5.663e-02  8.322e+01
-1.619e-01  -1.619e-01  -3.102e-02  8.084e+01
-1.751e-01  -1.751e-01  -3.102e-02  8.228e+01
-4.237e-01  -4.237e-01  -5.520e-02  8.697e+01
-1.556e-01  -1.556e-01  -1.791e-02  8.849e+01
-1.894e-01  -1.894e-01  -2.533e-02  8.663e+01
-3.855e-01  -3.855e-01  -5.803e-02  8.494e+01
-1.653e-01  -1.653e-01  -1.266e-02  9.234e+01
-1.886e-01  -1.886e-01  -2.832e-02  8.498e+01
-4.587e-01  -4.587e-01  -7.164e-02  8.438e+01
-1.690e-01  -1.690e-01  -2.193e-02  8.702e+01
-2.006e-01  -2.006e-01  -1.791e-02  9.107e+01
-4.511e-01  -4.511e-01  -5.803e-02  8.714e+01
-1.636e-01  -1.636e-01  -0.000e+00  1.000e+02
-2.165e-01  -2.165e-01  -2.533e-02  8.830e+01
-4.780e-01  -4.780e-01  -8.109e-02  8.304e+01
-1.900e-01  -1.900e-01  -3.351e-02  8.237e+01
-2.264e-01  -2.264e-01  -3.582e-02  8.418e+01
-5.013e-01  -5.013e-01  -7.703e-02  8.463e+01
-1.671e-01  -1.671e-01  -2.193e-02  8.687e+01
-2.194e-01  -2.194e-01  -3.799e-02  8.269e+01
-5.013e-01  -5.013e-01  -6.580e-02  8.687e+01
-2.154e-01  -2.154e-01  -3.351e-02  8.445e+01
-2.179e-01  -2.179e-01  -3.351e-02  8.462e+01
-4.842e-01  -4.842e-01  -6.204e-02  8.719e+01
-2.022e-01  -2.022e-01  -2.533e-02  8.747e+01
-2.159e-01  -2.159e-01  -3.799e-02  8.240e+01
-4.752e-01  -4.752e-01  -7.807e-02  8.357e+01
========================================================================================

step: 7/15 res:12.043464155773634, res/res0:0.5367489562689977  dq_norm: [0.08009397 0.09727379 0.21787916]

A info: before HHL prepare:
Spectral radius (A): 1.006e+02, lambda_min:6.925520787845038
condition number(A): 1.453e+01, norm2_cond:340.8835761893906
det(A): 3.648e+95
--------------------------------------------------------------------------------

A_hhl info: after scaling by spectral radius:
Spectral radius (A): 1.000e+00, lambda_min:0.06881800945557744
condition number(A): 1.453e+01, norm2_cond:340.88357618939216
det(A): 2.495e-25, nnz: 21 non zeros per row
--------------------------------------------------------------------------------

Size of A & B are not power of 2:
Next 2 power of 60 = 64
Value to be padded = 4
--------------------------------------------------

==================== Print (N)^2 padded matrix system =======================
Padded shape of A: (60, 60)x(60, 60) -> (64, 64)x(64, 64)
Padded shape of B: (60,) -> (64,)
Determinant of padded matrix: 2.4946396085479482e-25
Condition # of padded matrix: 340.88357618939216


Matrix is not Hermitian. Making it Hermitian.......

==================== Print Hermitian matrix system info =======================
Shape of hermitian A: 64x64 -> 128x128
Shape of           B: 64 -> 128
Determinant of Hermitian matrix: 6.2232267765366135e-50
Condition # of Hermitian matrix: 340.88357618939364

=================================== Generating HHL circuit ===================================
Time elapsed for generating HHL circuit: 5 min 9.82 sec

Generated circuit: num_qubits=18, gates=23, depth=5
============================== Generated Circuit saved ==============================

============================== Transpiling circuit ==============================
This is using the AerSimulator('aer_simulator_statevector') transpiler.
Time elapsed for transpiling the circuit:  0 min 56.39 sec
Transpiled circuit, num_qubits: 18, (original: 18)
Transpiled circuit depth: 464199 (original: 5)
Transpiled circuit gates: 464351 (original: 23)
============================== Transpiled Circuit saved ==============================
Time elapsed for running the circuit:  2 min 29.95 sec
total_qubits: 18, nq:7

Time elapsed for extracting shots-based hhl counts solution:  0 min 0.00 sec

[HHL info]: linear system residual (e=||Ax-b||_2): 10.60166859510095
[HHL info]: Fidelity(true_sol, hhl_sol): 0.9606802842378185
[HHL info]: L2 error (absolute): 1.2832870724259307
[HHL info]: L2 error (relative): 0.8846224554862285
[HHL info]: L2 error (normalized): 0.19928375884554347

========================================================================================
 Compare system solutions using LU of A, LU sol of A_herm, HHL of Ax=b hermition system
LU sol 	    Herm LU sol    HHL sol    L1_diff(%)
-2.056e-04  -2.056e-04  -0.000e+00  1.000e+02
-1.825e-04  -1.825e-04  -0.000e+00  1.000e+02
-5.556e-04  -5.556e-04  -0.000e+00  1.000e+02
 9.273e-04   9.273e-04   0.000e+00  1.000e+02
-6.534e-04  -6.534e-04  -0.000e+00  1.000e+02
-1.924e-03  -1.924e-03  -0.000e+00  1.000e+02
-1.574e-03  -1.574e-03  -0.000e+00  1.000e+02
-1.644e-03  -1.644e-03  -0.000e+00  1.000e+02
-4.643e-03  -4.643e-03  -9.037e-03  9.464e+01
-3.952e-03  -3.952e-03  -0.000e+00  1.000e+02
-4.046e-03  -4.046e-03  -0.000e+00  1.000e+02
-1.141e-02  -1.141e-02  -0.000e+00  1.000e+02
-1.100e-02  -1.100e-02  -0.000e+00  1.000e+02
-1.024e-02  -1.024e-02  -0.000e+00  1.000e+02
 1.303e-02   1.303e-02   0.000e+00  1.000e+02
-9.408e-03  -9.408e-03  -0.000e+00  1.000e+02
-2.400e-02  -2.400e-02  -0.000e+00  1.000e+02
-6.362e-06  -6.362e-06  -0.000e+00  1.000e+02
 1.372e-02   1.372e-02   0.000e+00  1.000e+02
-3.205e-02  -3.205e-02  -0.000e+00  1.000e+02
-4.409e-02  -4.409e-02  -1.807e-02  5.901e+01
-4.371e-02  -4.371e-02  -0.000e+00  1.000e+02
-4.070e-02  -4.070e-02  -0.000e+00  1.000e+02
-8.777e-02  -8.777e-02  -9.037e-03  8.970e+01
-5.315e-02  -5.315e-02  -0.000e+00  1.000e+02
-7.613e-02  -7.613e-02  -9.037e-03  8.813e+01
-1.445e-01  -1.445e-01  -2.021e-02  8.602e+01
-9.712e-02  -9.712e-02  -0.000e+00  1.000e+02
-9.338e-02  -9.338e-02  -1.565e-02  8.324e+01
-2.363e-01  -2.363e-01  -3.381e-02  8.569e+01
-9.886e-02  -9.886e-02  -9.037e-03  9.086e+01
-1.091e-01  -1.091e-01  -9.037e-03  9.172e+01
-2.768e-01  -2.768e-01  -3.615e-02  8.694e+01
-1.294e-01  -1.294e-01  -1.565e-02  8.791e+01
-1.444e-01  -1.444e-01  -1.278e-02  9.115e+01
-3.665e-01  -3.665e-01  -5.031e-02  8.627e+01
-1.369e-01  -1.369e-01  -2.391e-02  8.253e+01
-1.635e-01  -1.635e-01  -2.214e-02  8.646e+01
-3.247e-01  -3.247e-01  -3.615e-02  8.887e+01
-1.521e-01  -1.521e-01  -1.565e-02  8.971e+01
-1.605e-01  -1.605e-01  -1.807e-02  8.874e+01
-3.839e-01  -3.839e-01  -5.031e-02  8.689e+01
-1.467e-01  -1.467e-01  -1.807e-02  8.768e+01
-1.829e-01  -1.829e-01  -9.037e-03  9.506e+01
-3.911e-01  -3.911e-01  -4.041e-02  8.967e+01
-1.641e-01  -1.641e-01  -2.021e-02  8.768e+01
-1.910e-01  -1.910e-01  -2.997e-02  8.431e+01
-3.941e-01  -3.941e-01  -4.518e-02  8.853e+01
-1.555e-01  -1.555e-01  -2.021e-02  8.700e+01
-1.907e-01  -1.907e-01  -2.556e-02  8.660e+01
-4.222e-01  -4.222e-01  -4.782e-02  8.867e+01
-1.436e-01  -1.436e-01  -1.565e-02  8.910e+01
-1.808e-01  -1.808e-01  -2.021e-02  8.882e+01
-4.322e-01  -4.322e-01  -4.782e-02  8.894e+01
-1.798e-01  -1.798e-01  -2.214e-02  8.769e+01
-1.851e-01  -1.851e-01  -2.214e-02  8.804e+01
-4.201e-01  -4.201e-01  -4.334e-02  8.968e+01
-1.764e-01  -1.764e-01  -2.214e-02  8.745e+01
-1.781e-01  -1.781e-01  -2.391e-02  8.657e+01
-3.954e-01  -3.954e-01  -3.834e-02  9.030e+01
========================================================================================

step: 8/15 res:11.072665513849051, res/res0:0.4934827372591975  dq_norm: [0.05925824 0.06701868 0.14599393]

A info: before HHL prepare:
Spectral radius (A): 1.006e+02, lambda_min:6.965709485050697
condition number(A): 1.445e+01, norm2_cond:340.3831281097698
det(A): 4.832e+95
--------------------------------------------------------------------------------

A_hhl info: after scaling by spectral radius:
Spectral radius (A): 1.000e+00, lambda_min:0.06921844926344856
condition number(A): 1.445e+01, norm2_cond:340.38312810976856
det(A): 3.308e-25, nnz: 14 non zeros per row
--------------------------------------------------------------------------------

Size of A & B are not power of 2:
Next 2 power of 60 = 64
Value to be padded = 4
--------------------------------------------------

==================== Print (N)^2 padded matrix system =======================
Padded shape of A: (60, 60)x(60, 60) -> (64, 64)x(64, 64)
Padded shape of B: (60,) -> (64,)
Determinant of padded matrix: 3.3075082053288486e-25
Condition # of padded matrix: 340.38312810976856


Matrix is not Hermitian. Making it Hermitian.......

==================== Print Hermitian matrix system info =======================
Shape of hermitian A: 64x64 -> 128x128
Shape of           B: 64 -> 128
Determinant of Hermitian matrix: 1.0939610528318283e-49
Condition # of Hermitian matrix: 340.3831281097736

=================================== Generating HHL circuit ===================================
Time elapsed for generating HHL circuit: 5 min 16.92 sec

Generated circuit: num_qubits=18, gates=23, depth=5
============================== Generated Circuit saved ==============================

============================== Transpiling circuit ==============================
This is using the AerSimulator('aer_simulator_statevector') transpiler.
Time elapsed for transpiling the circuit:  0 min 43.33 sec
Transpiled circuit, num_qubits: 18, (original: 18)
Transpiled circuit depth: 464205 (original: 5)
Transpiled circuit gates: 464357 (original: 23)
============================== Transpiled Circuit saved ==============================
Time elapsed for running the circuit:  2 min 32.36 sec
total_qubits: 18, nq:7

Time elapsed for extracting shots-based hhl counts solution:  0 min 0.00 sec

[HHL info]: linear system residual (e=||Ax-b||_2): 10.595220413628482
[HHL info]: Fidelity(true_sol, hhl_sol): 0.9587380772020764
[HHL info]: L2 error (absolute): 1.2753244153227599
[HHL info]: L2 error (relative): 0.999828781329418
[HHL info]: L2 error (normalized): 0.2041973894685635

========================================================================================
 Compare system solutions using LU of A, LU sol of A_herm, HHL of Ax=b hermition system
LU sol 	    Herm LU sol    HHL sol    L1_diff(%)
-2.041e-04  -2.041e-04  -0.000e+00  1.000e+02
-1.810e-04  -1.810e-04  -0.000e+00  1.000e+02
-5.514e-04  -5.514e-04  -0.000e+00  1.000e+02
 9.346e-04   9.346e-04   0.000e+00  1.000e+02
-6.500e-04  -6.500e-04  -0.000e+00  1.000e+02
-1.913e-03  -1.913e-03  -0.000e+00  1.000e+02
-1.561e-03  -1.561e-03  -0.000e+00  1.000e+02
-1.636e-03  -1.636e-03  -0.000e+00  1.000e+02
 4.432e-03   4.432e-03   0.000e+00  1.000e+02
-3.953e-03  -3.953e-03  -0.000e+00  1.000e+02
-4.056e-03  -4.056e-03  -0.000e+00  1.000e+02
-1.141e-02  -1.141e-02  -0.000e+00  1.000e+02
-1.105e-02  -1.105e-02  -0.000e+00  1.000e+02
-1.027e-02  -1.027e-02  -0.000e+00  1.000e+02
 1.297e-02   1.297e-02   0.000e+00  1.000e+02
-9.415e-03  -9.415e-03  -0.000e+00  1.000e+02
-2.393e-02  -2.393e-02  -0.000e+00  1.000e+02
-1.759e-04  -1.759e-04  -0.000e+00  1.000e+02
 1.378e-02   1.378e-02   0.000e+00  1.000e+02
-3.200e-02  -3.200e-02  -0.000e+00  1.000e+02
-2.630e-02  -2.630e-02  -1.862e-05  9.993e+01
-4.401e-02  -4.401e-02  -0.000e+00  1.000e+02
-4.091e-02  -4.091e-02  -0.000e+00  1.000e+02
-7.936e-02  -7.936e-02  -1.862e-05  9.998e+01
-5.379e-02  -5.379e-02  -1.317e-05  9.998e+01
-6.718e-02  -6.718e-02  -2.280e-05  9.997e+01
-1.253e-01  -1.253e-01  -3.483e-05  9.997e+01
-9.748e-02  -9.748e-02  -1.317e-05  9.999e+01
-7.736e-02  -7.736e-02  -1.862e-05  9.998e+01
-2.021e-01  -2.021e-01  -4.163e-05  9.998e+01
-8.905e-02  -8.905e-02  -2.280e-05  9.997e+01
-1.001e-01  -1.001e-01  -1.317e-05  9.999e+01
-2.378e-01  -2.378e-01  -4.561e-05  9.998e+01
-1.125e-01  -1.125e-01  -1.862e-05  9.998e+01
-1.318e-01  -1.318e-01  -2.280e-05  9.998e+01
-3.128e-01  -3.128e-01  -5.266e-05  9.998e+01
-1.112e-01  -1.112e-01  -2.280e-05  9.998e+01
-1.411e-01  -1.411e-01  -1.862e-05  9.999e+01
-2.861e-01  -2.861e-01  -5.888e-05  9.998e+01
-1.346e-01  -1.346e-01  -2.633e-05  9.998e+01
-1.424e-01  -1.424e-01  -2.633e-05  9.998e+01
-3.288e-01  -3.288e-01  -4.926e-05  9.999e+01
-1.276e-01  -1.276e-01  -2.944e-05  9.998e+01
-1.744e-01  -1.744e-01  -3.225e-05  9.998e+01
-3.484e-01  -3.484e-01  -6.450e-05  9.998e+01
-1.433e-01  -1.433e-01  -2.280e-05  9.998e+01
-1.609e-01  -1.609e-01  -2.280e-05  9.999e+01
-3.486e-01  -3.486e-01  -6.450e-05  9.998e+01
-1.345e-01  -1.345e-01  -1.317e-05  9.999e+01
-1.651e-01  -1.651e-01  -2.633e-05  9.998e+01
-3.728e-01  -3.728e-01  -6.314e-05  9.998e+01
-1.267e-01  -1.267e-01  -2.944e-05  9.998e+01
-1.604e-01  -1.604e-01  -2.944e-05  9.998e+01
-3.810e-01  -3.810e-01  -4.367e-05  9.999e+01
-1.557e-01  -1.557e-01  -2.944e-05  9.998e+01
-1.632e-01  -1.632e-01  -2.280e-05  9.999e+01
-3.741e-01  -3.741e-01  -6.713e-05  9.998e+01
-1.526e-01  -1.526e-01  -1.862e-05  9.999e+01
-1.542e-01  -1.542e-01  -1.862e-05  9.999e+01
-3.554e-01  -3.554e-01  -6.314e-05  9.998e+01
========================================================================================

step: 9/15 res:10.595217974100295, res/res0:0.4722040199965659  dq_norm: [7.78916398e-05 8.11612305e-05 1.92603294e-04]

A info: before HHL prepare:
Spectral radius (A): 1.006e+02, lambda_min:6.965719432204663
condition number(A): 1.445e+01, norm2_cond:340.3812919533714
det(A): 4.834e+95
--------------------------------------------------------------------------------

A_hhl info: after scaling by spectral radius:
Spectral radius (A): 1.000e+00, lambda_min:0.06921835670392919
condition number(A): 1.445e+01, norm2_cond:340.3812919533733
det(A): 3.309e-25, nnz: 14 non zeros per row
--------------------------------------------------------------------------------

Size of A & B are not power of 2:
Next 2 power of 60 = 64
Value to be padded = 4
--------------------------------------------------

==================== Print (N)^2 padded matrix system =======================
Padded shape of A: (60, 60)x(60, 60) -> (64, 64)x(64, 64)
Padded shape of B: (60,) -> (64,)
Determinant of padded matrix: 3.3085311553595605e-25
Condition # of padded matrix: 340.3812919533733


Matrix is not Hermitian. Making it Hermitian.......

==================== Print Hermitian matrix system info =======================
Shape of hermitian A: 64x64 -> 128x128
Shape of           B: 64 -> 128
Determinant of Hermitian matrix: 1.0946378405984715e-49
Condition # of Hermitian matrix: 340.38129195337785

=================================== Generating HHL circuit ===================================
Time elapsed for generating HHL circuit: 5 min 22.33 sec

Generated circuit: num_qubits=18, gates=23, depth=5
============================== Generated Circuit saved ==============================

============================== Transpiling circuit ==============================
This is using the AerSimulator('aer_simulator_statevector') transpiler.
Time elapsed for transpiling the circuit:  0 min 42.94 sec
Transpiled circuit, num_qubits: 18, (original: 18)
Transpiled circuit depth: 464205 (original: 5)
Transpiled circuit gates: 464357 (original: 23)
============================== Transpiled Circuit saved ==============================
Time elapsed for running the circuit:  2 min 32.42 sec
total_qubits: 18, nq:7

Time elapsed for extracting shots-based hhl counts solution:  0 min 0.00 sec

[HHL info]: linear system residual (e=||Ax-b||_2): 10.552833405827819
[HHL info]: Fidelity(true_sol, hhl_sol): 0.9402187474526503
[HHL info]: L2 error (absolute): 1.263492636086218
[HHL info]: L2 error (relative): 0.9907324629821636
[HHL info]: L2 error (normalized): 0.2463786707240776

========================================================================================
 Compare system solutions using LU of A, LU sol of A_herm, HHL of Ax=b hermition system
LU sol 	    Herm LU sol    HHL sol    L1_diff(%)
-2.041e-04  -2.041e-04  -0.000e+00  1.000e+02
-1.810e-04  -1.810e-04  -0.000e+00  1.000e+02
-5.514e-04  -5.514e-04  -0.000e+00  1.000e+02
 9.346e-04   9.346e-04   0.000e+00  1.000e+02
-6.500e-04  -6.500e-04  -0.000e+00  1.000e+02
-1.913e-03  -1.913e-03  -7.185e-04  6.245e+01
-1.561e-03  -1.561e-03  -0.000e+00  1.000e+02
-1.636e-03  -1.636e-03  -0.000e+00  1.000e+02
 4.432e-03   4.432e-03   0.000e+00  1.000e+02
-3.953e-03  -3.953e-03  -0.000e+00  1.000e+02
-4.056e-03  -4.056e-03  -0.000e+00  1.000e+02
-1.141e-02  -1.141e-02  -0.000e+00  1.000e+02
-1.105e-02  -1.105e-02  -0.000e+00  1.000e+02
-1.027e-02  -1.027e-02  -0.000e+00  1.000e+02
 1.297e-02   1.297e-02   7.185e-04  9.446e+01
-9.415e-03  -9.415e-03  -0.000e+00  1.000e+02
-2.393e-02  -2.393e-02  -0.000e+00  1.000e+02
-1.762e-04  -1.762e-04  -0.000e+00  1.000e+02
 1.378e-02   1.378e-02   0.000e+00  1.000e+02
-3.200e-02  -3.200e-02  -0.000e+00  1.000e+02
-2.628e-02  -2.628e-02  -0.000e+00  1.000e+02
-4.401e-02  -4.401e-02  -0.000e+00  1.000e+02
-4.091e-02  -4.091e-02  -0.000e+00  1.000e+02
-7.934e-02  -7.934e-02  -1.244e-03  9.843e+01
-5.377e-02  -5.377e-02  -0.000e+00  1.000e+02
-6.716e-02  -6.716e-02  -7.185e-04  9.893e+01
-1.253e-01  -1.253e-01  -1.607e-03  9.872e+01
-9.746e-02  -9.746e-02  -1.016e-03  9.896e+01
-7.734e-02  -7.734e-02  -1.016e-03  9.869e+01
-2.021e-01  -2.021e-01  -2.155e-03  9.893e+01
-8.902e-02  -8.902e-02  -1.016e-03  9.886e+01
-1.001e-01  -1.001e-01  -7.185e-04  9.928e+01
-2.377e-01  -2.377e-01  -2.688e-03  9.887e+01
-1.125e-01  -1.125e-01  -1.016e-03  9.910e+01
-1.318e-01  -1.318e-01  -1.607e-03  9.878e+01
-3.127e-01  -3.127e-01  -3.213e-03  9.897e+01
-1.112e-01  -1.112e-01  -1.607e-03  9.855e+01
-1.411e-01  -1.411e-01  -1.437e-03  9.898e+01
-2.860e-01  -2.860e-01  -2.783e-03  9.903e+01
-1.346e-01  -1.346e-01  -7.185e-04  9.947e+01
-1.424e-01  -1.424e-01  -1.437e-03  9.899e+01
-3.288e-01  -3.288e-01  -2.383e-03  9.928e+01
-1.276e-01  -1.276e-01  -1.760e-03  9.862e+01
-1.744e-01  -1.744e-01  -1.760e-03  9.899e+01
-3.483e-01  -3.483e-01  -3.520e-03  9.899e+01
-1.433e-01  -1.433e-01  -0.000e+00  1.000e+02
-1.609e-01  -1.609e-01  -2.032e-03  9.874e+01
-3.486e-01  -3.486e-01  -3.048e-03  9.913e+01
-1.345e-01  -1.345e-01  -7.185e-04  9.947e+01
-1.650e-01  -1.650e-01  -1.437e-03  9.913e+01
-3.727e-01  -3.727e-01  -3.733e-03  9.900e+01
-1.266e-01  -1.266e-01  -7.185e-04  9.943e+01
-1.604e-01  -1.604e-01  -2.272e-03  9.858e+01
-3.809e-01  -3.809e-01  -2.874e-03  9.925e+01
-1.557e-01  -1.557e-01  -1.244e-03  9.920e+01
-1.631e-01  -1.631e-01  -1.760e-03  9.892e+01
-3.740e-01  -3.740e-01  -3.213e-03  9.914e+01
-1.525e-01  -1.525e-01  -1.437e-03  9.906e+01
-1.542e-01  -1.542e-01  -7.185e-04  9.953e+01
-3.554e-01  -3.554e-01  -3.592e-03  9.899e+01
========================================================================================

step: 10/15 res:10.59522042474793, res/res0:0.4722041292161844  dq_norm: [0.0037332  0.00518085 0.01038657]

A info: before HHL prepare:
Spectral radius (A): 1.006e+02, lambda_min:6.964430984276277
condition number(A): 1.445e+01, norm2_cond:340.23958840285513
det(A): 4.889e+95
--------------------------------------------------------------------------------

A_hhl info: after scaling by spectral radius:
Spectral radius (A): 1.000e+00, lambda_min:0.06920287274639013
condition number(A): 1.445e+01, norm2_cond:340.2395884028571
det(A): 3.338e-25, nnz: 14 non zeros per row
--------------------------------------------------------------------------------

Size of A & B are not power of 2:
Next 2 power of 60 = 64
Value to be padded = 4
--------------------------------------------------

==================== Print (N)^2 padded matrix system =======================
Padded shape of A: (60, 60)x(60, 60) -> (64, 64)x(64, 64)
Padded shape of B: (60,) -> (64,)
Determinant of padded matrix: 3.33844911325789e-25
Condition # of padded matrix: 340.2395884028571


Matrix is not Hermitian. Making it Hermitian.......

==================== Print Hermitian matrix system info =======================
Shape of hermitian A: 64x64 -> 128x128
Shape of           B: 64 -> 128
Determinant of Hermitian matrix: 1.114524248181239e-49
Condition # of Hermitian matrix: 340.23958840285803

=================================== Generating HHL circuit ===================================
Time elapsed for generating HHL circuit: 5 min 10.96 sec

Generated circuit: num_qubits=18, gates=23, depth=5
============================== Generated Circuit saved ==============================

============================== Transpiling circuit ==============================
This is using the AerSimulator('aer_simulator_statevector') transpiler.
Time elapsed for transpiling the circuit:  0 min 55.33 sec
Transpiled circuit, num_qubits: 18, (original: 18)
Transpiled circuit depth: 464205 (original: 5)
Transpiled circuit gates: 464357 (original: 23)
============================== Transpiled Circuit saved ==============================
Time elapsed for running the circuit:  2 min 29.81 sec
total_qubits: 18, nq:7

Time elapsed for extracting shots-based hhl counts solution:  0 min 0.00 sec

[HHL info]: linear system residual (e=||Ax-b||_2): 10.741335157878414
[HHL info]: Fidelity(true_sol, hhl_sol): 0.957474726096607
[HHL info]: L2 error (absolute): 1.2155543169871177
[HHL info]: L2 error (relative): 0.9622515723791196
[HHL info]: L2 error (normalized): 0.20733366782811147

========================================================================================
 Compare system solutions using LU of A, LU sol of A_herm, HHL of Ax=b hermition system
LU sol 	    Herm LU sol    HHL sol    L1_diff(%)
-2.041e-04  -2.041e-04  -0.000e+00  1.000e+02
-1.809e-04  -1.809e-04  -0.000e+00  1.000e+02
-5.515e-04  -5.515e-04  -0.000e+00  1.000e+02
 9.347e-04   9.347e-04   0.000e+00  1.000e+02
-6.499e-04  -6.499e-04  -0.000e+00  1.000e+02
-1.195e-03  -1.195e-03  -0.000e+00  1.000e+02
-1.561e-03  -1.561e-03  -0.000e+00  1.000e+02
-1.636e-03  -1.636e-03  -0.000e+00  1.000e+02
 4.431e-03   4.431e-03   0.000e+00  1.000e+02
-3.954e-03  -3.954e-03  -0.000e+00  1.000e+02
-4.056e-03  -4.056e-03  -0.000e+00  1.000e+02
-1.141e-02  -1.141e-02  -0.000e+00  1.000e+02
-1.105e-02  -1.105e-02  -0.000e+00  1.000e+02
-1.027e-02  -1.027e-02  -0.000e+00  1.000e+02
 1.225e-02   1.225e-02   0.000e+00  1.000e+02
-9.412e-03  -9.412e-03  -0.000e+00  1.000e+02
-2.392e-02  -2.392e-02  -0.000e+00  1.000e+02
-1.704e-04  -1.704e-04  -0.000e+00  1.000e+02
 1.378e-02   1.378e-02   0.000e+00  1.000e+02
-3.201e-02  -3.201e-02  -0.000e+00  1.000e+02
-2.630e-02  -2.630e-02  -2.735e-03  8.960e+01
-4.403e-02  -4.403e-02  -0.000e+00  1.000e+02
-4.092e-02  -4.092e-02  -0.000e+00  1.000e+02
-7.811e-02  -7.811e-02  -2.735e-03  9.650e+01
-5.375e-02  -5.375e-02  -0.000e+00  1.000e+02
-6.641e-02  -6.641e-02  -2.735e-03  9.588e+01
-1.236e-01  -1.236e-01  -7.736e-03  9.374e+01
-9.637e-02  -9.637e-02  -4.737e-03  9.508e+01
-7.634e-02  -7.634e-02  -2.735e-03  9.642e+01
-1.998e-01  -1.998e-01  -6.700e-03  9.665e+01
-8.796e-02  -8.796e-02  -3.868e-03  9.560e+01
-9.941e-02  -9.941e-02  -4.737e-03  9.523e+01
-2.349e-01  -2.349e-01  -7.237e-03  9.692e+01
-1.114e-01  -1.114e-01  -4.737e-03  9.575e+01
-1.302e-01  -1.302e-01  -4.737e-03  9.636e+01
-3.094e-01  -3.094e-01  -1.094e-02  9.646e+01
-1.095e-01  -1.095e-01  -3.868e-03  9.647e+01
-1.396e-01  -1.396e-01  -3.868e-03  9.723e+01
-2.831e-01  -2.831e-01  -1.192e-02  9.579e+01
-1.339e-01  -1.339e-01  -2.735e-03  9.796e+01
-1.409e-01  -1.409e-01  -7.736e-03  9.451e+01
-3.263e-01  -3.263e-01  -1.253e-02  9.616e+01
-1.258e-01  -1.258e-01  -4.737e-03  9.624e+01
-1.726e-01  -1.726e-01  -7.736e-03  9.552e+01
-3.449e-01  -3.449e-01  -1.094e-02  9.683e+01
-1.435e-01  -1.435e-01  -6.116e-03  9.574e+01
-1.589e-01  -1.589e-01  -6.116e-03  9.615e+01
-3.457e-01  -3.457e-01  -1.523e-02  9.559e+01
-1.339e-01  -1.339e-01  -3.868e-03  9.711e+01
-1.637e-01  -1.637e-01  -7.736e-03  9.527e+01
-3.693e-01  -3.693e-01  -1.421e-02  9.615e+01
-1.260e-01  -1.260e-01  -5.470e-03  9.566e+01
-1.581e-01  -1.581e-01  -0.000e+00  1.000e+02
-3.783e-01  -3.783e-01  -1.447e-02  9.617e+01
-1.543e-01  -1.543e-01  -5.470e-03  9.645e+01
-1.613e-01  -1.613e-01  -6.116e-03  9.621e+01
-3.705e-01  -3.705e-01  -1.473e-02  9.602e+01
-1.508e-01  -1.508e-01  -4.737e-03  9.686e+01
-1.535e-01  -1.535e-01  -5.470e-03  9.644e+01
-3.510e-01  -3.510e-01  -1.447e-02  9.588e+01
========================================================================================

step: 11/15 res:10.55280589709984, res/res0:0.4703138131782659  dq_norm: [0.01547253 0.0189499  0.04219633]

A info: before HHL prepare:
Spectral radius (A): 1.007e+02, lambda_min:6.962373728634168
condition number(A): 1.446e+01, norm2_cond:339.53984553115674
det(A): 5.277e+95
--------------------------------------------------------------------------------

A_hhl info: after scaling by spectral radius:
Spectral radius (A): 1.000e+00, lambda_min:0.06916094250875013
condition number(A): 1.446e+01, norm2_cond:339.5398455311595
det(A): 3.536e-25, nnz: 18 non zeros per row
--------------------------------------------------------------------------------

Size of A & B are not power of 2:
Next 2 power of 60 = 64
Value to be padded = 4
--------------------------------------------------

==================== Print (N)^2 padded matrix system =======================
Padded shape of A: (60, 60)x(60, 60) -> (64, 64)x(64, 64)
Padded shape of B: (60,) -> (64,)
Determinant of padded matrix: 3.5364485527697737e-25
Condition # of padded matrix: 339.5398455311595


Matrix is not Hermitian. Making it Hermitian.......

==================== Print Hermitian matrix system info =======================
Shape of hermitian A: 64x64 -> 128x128
Shape of           B: 64 -> 128
Determinant of Hermitian matrix: 1.2506468366388314e-49
Condition # of Hermitian matrix: 339.5398455311615

=================================== Generating HHL circuit ===================================
Time elapsed for generating HHL circuit: 5 min 7.36 sec

Generated circuit: num_qubits=18, gates=23, depth=5
============================== Generated Circuit saved ==============================

============================== Transpiling circuit ==============================
This is using the AerSimulator('aer_simulator_statevector') transpiler.
Time elapsed for transpiling the circuit:  0 min 44.69 sec
Transpiled circuit, num_qubits: 18, (original: 18)
Transpiled circuit depth: 464205 (original: 5)
Transpiled circuit gates: 464357 (original: 23)
============================== Transpiled Circuit saved ==============================
Time elapsed for running the circuit:  2 min 30.94 sec
total_qubits: 18, nq:7

Time elapsed for extracting shots-based hhl counts solution:  0 min 0.00 sec

[HHL info]: linear system residual (e=||Ax-b||_2): 10.569572053139431
[HHL info]: Fidelity(true_sol, hhl_sol): 0.9339385326309225
[HHL info]: L2 error (absolute): 1.1522611610110085
[HHL info]: L2 error (relative): 0.9497486839072874
[HHL info]: L2 error (normalized): 0.259210521721627

========================================================================================
 Compare system solutions using LU of A, LU sol of A_herm, HHL of Ax=b hermition system
LU sol 	    Herm LU sol    HHL sol    L1_diff(%)
-2.042e-04  -2.042e-04  -0.000e+00  1.000e+02
-1.810e-04  -1.810e-04  -0.000e+00  1.000e+02
-5.517e-04  -5.517e-04  -0.000e+00  1.000e+02
 9.358e-04   9.358e-04   0.000e+00  1.000e+02
-6.493e-04  -6.493e-04  -0.000e+00  1.000e+02
-1.193e-03  -1.193e-03  -0.000e+00  1.000e+02
-1.556e-03  -1.556e-03  -0.000e+00  1.000e+02
-1.633e-03  -1.633e-03  -0.000e+00  1.000e+02
 4.441e-03   4.441e-03   0.000e+00  1.000e+02
-3.947e-03  -3.947e-03  -0.000e+00  1.000e+02
-4.054e-03  -4.054e-03  -0.000e+00  1.000e+02
-1.140e-02  -1.140e-02  -0.000e+00  1.000e+02
-1.105e-02  -1.105e-02  -0.000e+00  1.000e+02
-1.028e-02  -1.028e-02  -0.000e+00  1.000e+02
 1.225e-02   1.225e-02   0.000e+00  1.000e+02
-9.433e-03  -9.433e-03  -0.000e+00  1.000e+02
-2.392e-02  -2.392e-02  -0.000e+00  1.000e+02
-2.320e-04  -2.320e-04  -0.000e+00  1.000e+02
 1.373e-02   1.373e-02   0.000e+00  1.000e+02
-3.203e-02  -3.203e-02  -0.000e+00  1.000e+02
-2.374e-02  -2.374e-02  -0.000e+00  1.000e+02
-4.409e-02  -4.409e-02  -0.000e+00  1.000e+02
-4.096e-02  -4.096e-02  -0.000e+00  1.000e+02
-7.544e-02  -7.544e-02  -3.770e-03  9.500e+01
-5.363e-02  -5.363e-02  -0.000e+00  1.000e+02
-6.360e-02  -6.360e-02  -8.431e-03  8.674e+01
-1.154e-01  -1.154e-01  -7.541e-03  9.347e+01
-9.129e-02  -9.129e-02  -0.000e+00  1.000e+02
-7.364e-02  -7.364e-02  -0.000e+00  1.000e+02
-1.926e-01  -1.926e-01  -9.976e-03  9.482e+01
-8.379e-02  -8.379e-02  -6.531e-03  9.221e+01
-9.458e-02  -9.458e-02  -5.332e-03  9.436e+01
-2.272e-01  -2.272e-01  -1.460e-02  9.357e+01
-1.064e-01  -1.064e-01  -3.770e-03  9.646e+01
-1.255e-01  -1.255e-01  -3.770e-03  9.699e+01
-2.978e-01  -2.978e-01  -1.686e-02  9.434e+01
-1.057e-01  -1.057e-01  -6.531e-03  9.382e+01
-1.359e-01  -1.359e-01  -8.431e-03  9.380e+01
-2.712e-01  -2.712e-01  -1.643e-02  9.394e+01
-1.313e-01  -1.313e-01  -7.541e-03  9.426e+01
-1.331e-01  -1.331e-01  -6.531e-03  9.509e+01
-3.141e-01  -3.141e-01  -1.686e-02  9.463e+01
-1.211e-01  -1.211e-01  -9.236e-03  9.237e+01
-1.650e-01  -1.650e-01  -1.066e-02  9.354e+01
-3.340e-01  -3.340e-01  -1.460e-02  9.563e+01
-1.371e-01  -1.371e-01  -0.000e+00  1.000e+02
-1.527e-01  -1.527e-01  -8.431e-03  9.448e+01
-3.301e-01  -3.301e-01  -1.885e-02  9.429e+01
-1.295e-01  -1.295e-01  -7.541e-03  9.418e+01
-1.557e-01  -1.557e-01  -8.431e-03  9.458e+01
-3.536e-01  -3.536e-01  -1.808e-02  9.489e+01
-1.199e-01  -1.199e-01  -0.000e+00  1.000e+02
-1.583e-01  -1.583e-01  -9.236e-03  9.417e+01
-3.619e-01  -3.619e-01  -1.728e-02  9.523e+01
-1.483e-01  -1.483e-01  -6.531e-03  9.560e+01
-1.552e-01  -1.552e-01  -8.431e-03  9.457e+01
-3.546e-01  -3.546e-01  -1.768e-02  9.501e+01
-1.456e-01  -1.456e-01  -6.531e-03  9.551e+01
-1.480e-01  -1.480e-01  -3.770e-03  9.745e+01
-3.354e-01  -3.354e-01  -1.508e-02  9.550e+01
========================================================================================

step: 12/15 res:10.74088662146723, res/res0:0.4786961300260407  dq_norm: [0.0195918  0.02557239 0.0543781 ]

A info: before HHL prepare:
Spectral radius (A): 1.007e+02, lambda_min:6.959463479613374
condition number(A): 1.446e+01, norm2_cond:338.73983772444063
det(A): 5.572e+95
--------------------------------------------------------------------------------

A_hhl info: after scaling by spectral radius:
Spectral radius (A): 1.000e+00, lambda_min:0.06913961137002729
condition number(A): 1.446e+01, norm2_cond:338.7398377244362
det(A): 3.759e-25, nnz: 14 non zeros per row
--------------------------------------------------------------------------------

Size of A & B are not power of 2:
Next 2 power of 60 = 64
Value to be padded = 4
--------------------------------------------------

==================== Print (N)^2 padded matrix system =======================
Padded shape of A: (60, 60)x(60, 60) -> (64, 64)x(64, 64)
Padded shape of B: (60,) -> (64,)
Determinant of padded matrix: 3.759067293215688e-25
Condition # of padded matrix: 338.7398377244362


Matrix is not Hermitian. Making it Hermitian.......

==================== Print Hermitian matrix system info =======================
Shape of hermitian A: 64x64 -> 128x128
Shape of           B: 64 -> 128
Determinant of Hermitian matrix: 1.4130586914922314e-49
Condition # of Hermitian matrix: 338.73983772444404

=================================== Generating HHL circuit ===================================
Time elapsed for generating HHL circuit: 5 min 22.14 sec

Generated circuit: num_qubits=18, gates=23, depth=5
============================== Generated Circuit saved ==============================

============================== Transpiling circuit ==============================
This is using the AerSimulator('aer_simulator_statevector') transpiler.
Time elapsed for transpiling the circuit:  0 min 44.57 sec
Transpiled circuit, num_qubits: 18, (original: 18)
Transpiled circuit depth: 464205 (original: 5)
Transpiled circuit gates: 464357 (original: 23)
============================== Transpiled Circuit saved ==============================
Time elapsed for running the circuit:  2 min 31.22 sec
total_qubits: 18, nq:7

Time elapsed for extracting shots-based hhl counts solution:  0 min 0.00 sec

[HHL info]: linear system residual (e=||Ax-b||_2): 10.536091139267995
[HHL info]: Fidelity(true_sol, hhl_sol): 0.9348285150847685
[HHL info]: L2 error (absolute): 1.1169052377364488
[HHL info]: L2 error (relative): 0.9709537746820375
[HHL info]: L2 error (normalized): 0.2574284231166303

========================================================================================
 Compare system solutions using LU of A, LU sol of A_herm, HHL of Ax=b hermition system
LU sol 	    Herm LU sol    HHL sol    L1_diff(%)
-2.048e-04  -2.048e-04  -0.000e+00  1.000e+02
-1.813e-04  -1.813e-04  -0.000e+00  1.000e+02
-5.530e-04  -5.530e-04  -0.000e+00  1.000e+02
 9.333e-04   9.333e-04   0.000e+00  1.000e+02
-6.505e-04  -6.505e-04  -0.000e+00  1.000e+02
-1.198e-03  -1.198e-03  -0.000e+00  1.000e+02
-1.560e-03  -1.560e-03  -0.000e+00  1.000e+02
-1.635e-03  -1.635e-03  -0.000e+00  1.000e+02
 4.433e-03   4.433e-03   0.000e+00  1.000e+02
-3.944e-03  -3.944e-03  -0.000e+00  1.000e+02
-4.052e-03  -4.052e-03  -0.000e+00  1.000e+02
-1.139e-02  -1.139e-02  -0.000e+00  1.000e+02
-1.103e-02  -1.103e-02  -0.000e+00  1.000e+02
-1.027e-02  -1.027e-02  -0.000e+00  1.000e+02
 1.229e-02   1.229e-02   0.000e+00  1.000e+02
-9.397e-03  -9.397e-03  -0.000e+00  1.000e+02
-2.390e-02  -2.390e-02  -0.000e+00  1.000e+02
-1.428e-04  -1.428e-04  -0.000e+00  1.000e+02
 1.369e-02   1.369e-02   0.000e+00  1.000e+02
-3.208e-02  -3.208e-02  -0.000e+00  1.000e+02
-2.386e-02  -2.386e-02  -0.000e+00  1.000e+02
-4.432e-02  -4.432e-02  -3.011e-03  9.321e+01
-4.111e-02  -4.111e-02  -0.000e+00  1.000e+02
-7.203e-02  -7.203e-02  -4.761e-03  9.339e+01
-5.362e-02  -5.362e-02  -0.000e+00  1.000e+02
-5.489e-02  -5.489e-02  -0.000e+00  1.000e+02
-1.076e-01  -1.076e-01  -4.258e-03  9.604e+01
-9.107e-02  -9.107e-02  -0.000e+00  1.000e+02
-7.373e-02  -7.373e-02  -2.129e-03  9.711e+01
-1.818e-01  -1.818e-01  -4.761e-03  9.738e+01
-7.702e-02  -7.702e-02  -2.129e-03  9.724e+01
-8.936e-02  -8.936e-02  -4.761e-03  9.467e+01
-2.118e-01  -2.118e-01  -6.022e-03  9.716e+01
-1.024e-01  -1.024e-01  -4.761e-03  9.535e+01
-1.217e-01  -1.217e-01  -3.688e-03  9.697e+01
-2.802e-01  -2.802e-01  -7.375e-03  9.737e+01
-9.857e-02  -9.857e-02  -3.688e-03  9.626e+01
-1.272e-01  -1.272e-01  -3.011e-03  9.763e+01
-2.535e-01  -2.535e-01  -8.246e-03  9.675e+01
-1.232e-01  -1.232e-01  -4.761e-03  9.614e+01
-1.268e-01  -1.268e-01  -4.761e-03  9.624e+01
-2.963e-01  -2.963e-01  -1.043e-02  9.648e+01
-1.118e-01  -1.118e-01  -3.011e-03  9.731e+01
-1.542e-01  -1.542e-01  -5.215e-03  9.662e+01
-3.194e-01  -3.194e-01  -1.021e-02  9.680e+01
-1.376e-01  -1.376e-01  -4.761e-03  9.654e+01
-1.444e-01  -1.444e-01  -3.011e-03  9.791e+01
-3.113e-01  -3.113e-01  -1.086e-02  9.651e+01
-1.225e-01  -1.225e-01  -0.000e+00  1.000e+02
-1.476e-01  -1.476e-01  -4.258e-03  9.712e+01
-3.366e-01  -3.366e-01  -1.021e-02  9.697e+01
-1.202e-01  -1.202e-01  -4.258e-03  9.646e+01
-1.488e-01  -1.488e-01  -3.011e-03  9.798e+01
-3.450e-01  -3.450e-01  -9.033e-03  9.738e+01
-1.411e-01  -1.411e-01  -2.129e-03  9.849e+01
-1.466e-01  -1.466e-01  -3.688e-03  9.748e+01
-3.355e-01  -3.355e-01  -8.516e-03  9.746e+01
-1.378e-01  -1.378e-01  -3.011e-03  9.782e+01
-1.442e-01  -1.442e-01  -2.129e-03  9.852e+01
-3.178e-01  -3.178e-01  -9.757e-03  9.693e+01
========================================================================================

step: 13/15 res:10.569698762225087, res/res0:0.47106668856420897  dq_norm: [0.01166148 0.0124146  0.03010982]

A info: before HHL prepare:
Spectral radius (A): 1.007e+02, lambda_min:6.971873363086916
condition number(A): 1.444e+01, norm2_cond:338.0724209709556
det(A): 5.942e+95
--------------------------------------------------------------------------------

A_hhl info: after scaling by spectral radius:
Spectral radius (A): 1.000e+00, lambda_min:0.06924206770030475
condition number(A): 1.444e+01, norm2_cond:338.07242097095366
det(A): 3.937e-25, nnz: 14 non zeros per row
--------------------------------------------------------------------------------

Size of A & B are not power of 2:
Next 2 power of 60 = 64
Value to be padded = 4
--------------------------------------------------

==================== Print (N)^2 padded matrix system =======================
Padded shape of A: (60, 60)x(60, 60) -> (64, 64)x(64, 64)
Padded shape of B: (60,) -> (64,)
Determinant of padded matrix: 3.9368208447569773e-25
Condition # of padded matrix: 338.07242097095366


Matrix is not Hermitian. Making it Hermitian.......

==================== Print Hermitian matrix system info =======================
Shape of hermitian A: 64x64 -> 128x128
Shape of           B: 64 -> 128
Determinant of Hermitian matrix: 1.5498558363713482e-49
Condition # of Hermitian matrix: 338.07242097095826

=================================== Generating HHL circuit ===================================
Time elapsed for generating HHL circuit: 5 min 19.27 sec

Generated circuit: num_qubits=18, gates=23, depth=5
============================== Generated Circuit saved ==============================

============================== Transpiling circuit ==============================
This is using the AerSimulator('aer_simulator_statevector') transpiler.
Time elapsed for transpiling the circuit:  0 min 43.73 sec
Transpiled circuit, num_qubits: 18, (original: 18)
Transpiled circuit depth: 464199 (original: 5)
Transpiled circuit gates: 464351 (original: 23)
============================== Transpiled Circuit saved ==============================
Time elapsed for running the circuit:  2 min 25.04 sec
total_qubits: 18, nq:7

Time elapsed for extracting shots-based hhl counts solution:  0 min 0.00 sec

[HHL info]: linear system residual (e=||Ax-b||_2): 10.383207509817149
[HHL info]: Fidelity(true_sol, hhl_sol): 0.9154481259869481
[HHL info]: L2 error (absolute): 1.044408191002419
[HHL info]: L2 error (relative): 0.9365767528984947
[HHL info]: L2 error (normalized): 0.29397097129389826

========================================================================================
 Compare system solutions using LU of A, LU sol of A_herm, HHL of Ax=b hermition system
LU sol 	    Herm LU sol    HHL sol    L1_diff(%)
-2.044e-04  -2.044e-04  -0.000e+00  1.000e+02
-1.811e-04  -1.811e-04  -0.000e+00  1.000e+02
-5.521e-04  -5.521e-04  -0.000e+00  1.000e+02
 9.342e-04   9.342e-04   0.000e+00  1.000e+02
-6.502e-04  -6.502e-04  -0.000e+00  1.000e+02
-1.196e-03  -1.196e-03  -4.911e-03  3.105e+02
-1.560e-03  -1.560e-03  -0.000e+00  1.000e+02
-1.635e-03  -1.635e-03  -0.000e+00  1.000e+02
 4.434e-03   4.434e-03   0.000e+00  1.000e+02
-3.949e-03  -3.949e-03  -0.000e+00  1.000e+02
-4.054e-03  -4.054e-03  -0.000e+00  1.000e+02
-1.140e-02  -1.140e-02  -0.000e+00  1.000e+02
-1.104e-02  -1.104e-02  -0.000e+00  1.000e+02
-1.027e-02  -1.027e-02  -4.911e-03  5.219e+01
 1.227e-02   1.227e-02   0.000e+00  1.000e+02
-9.421e-03  -9.421e-03  -0.000e+00  1.000e+02
-2.394e-02  -2.394e-02  -0.000e+00  1.000e+02
-2.067e-04  -2.067e-04  -4.911e-03  2.276e+03
 1.377e-02   1.377e-02   0.000e+00  1.000e+02
-3.200e-02  -3.200e-02  -6.945e-03  7.830e+01
-2.367e-02  -2.367e-02  -0.000e+00  1.000e+02
-4.117e-02  -4.117e-02  -0.000e+00  1.000e+02
-4.114e-02  -4.114e-02  -4.911e-03  8.806e+01
-6.711e-02  -6.711e-02  -0.000e+00  1.000e+02
-5.371e-02  -5.371e-02  -4.911e-03  9.086e+01
-5.495e-02  -5.495e-02  -0.000e+00  1.000e+02
-1.033e-01  -1.033e-01  -1.389e-02  8.656e+01
-9.125e-02  -9.125e-02  -6.945e-03  9.239e+01
-7.157e-02  -7.157e-02  -4.911e-03  9.314e+01
-1.773e-01  -1.773e-01  -1.203e-02  9.321e+01
-7.483e-02  -7.483e-02  -8.506e-03  8.863e+01
-8.456e-02  -8.456e-02  -4.911e-03  9.419e+01
-2.057e-01  -2.057e-01  -1.473e-02  9.284e+01
-9.733e-02  -9.733e-02  -8.506e-03  9.126e+01
-1.180e-01  -1.180e-01  -9.822e-03  9.167e+01
-2.722e-01  -2.722e-01  -1.701e-02  9.375e+01
-9.465e-02  -9.465e-02  -6.945e-03  9.266e+01
-1.243e-01  -1.243e-01  -0.000e+00  1.000e+02
-2.448e-01  -2.448e-01  -1.473e-02  9.398e+01
-1.182e-01  -1.182e-01  -4.911e-03  9.584e+01
-1.219e-01  -1.219e-01  -0.000e+00  1.000e+02
-2.854e-01  -2.854e-01  -2.196e-02  9.230e+01
-1.085e-01  -1.085e-01  -8.506e-03  9.216e+01
-1.491e-01  -1.491e-01  -1.203e-02  9.193e+01
-3.087e-01  -3.087e-01  -2.083e-02  9.325e+01
-1.326e-01  -1.326e-01  -6.945e-03  9.476e+01
-1.414e-01  -1.414e-01  -1.203e-02  9.150e+01
-2.999e-01  -2.999e-01  -1.837e-02  9.387e+01
-1.225e-01  -1.225e-01  -6.945e-03  9.433e+01
-1.433e-01  -1.433e-01  -4.911e-03  9.657e+01
-3.259e-01  -3.259e-01  -2.083e-02  9.361e+01
-1.158e-01  -1.158e-01  -6.945e-03  9.400e+01
-1.459e-01  -1.459e-01  -4.911e-03  9.663e+01
-3.355e-01  -3.355e-01  -2.141e-02  9.362e+01
-1.387e-01  -1.387e-01  -4.911e-03  9.646e+01
-1.428e-01  -1.428e-01  -1.203e-02  9.157e+01
-3.262e-01  -3.262e-01  -1.964e-02  9.398e+01
-1.343e-01  -1.343e-01  -6.945e-03  9.483e+01
-1.420e-01  -1.420e-01  -8.506e-03  9.401e+01
-3.067e-01  -3.067e-01  -2.196e-02  9.284e+01
========================================================================================

step: 14/15 res:10.536480764308392, res/res0:0.4695862402911442  dq_norm: [0.0240581  0.02821063 0.06421757]
Completed: 14 steps in 7854.32s
Saved metadata to /lustre/orion/stf006/scratch/4klornl/fvm_euler_1d_solver/output_parallel_shots/nelem20/statevector/shots_50000/trial_7/metadata_nelem20_HHL_statevector_nshots50000.pkl

Solution summary:
  x/L: [0.0250, 0.9750]
  Mach: [1.5000, 1.9080]
  p/p_in: [1.0000, 0.4898]
  rho/rho_in: [1.0000, 0.6042]
Saved combined plot to /lustre/orion/stf006/scratch/4klornl/fvm_euler_1d_solver/output_parallel_shots/nelem20/statevector/shots_50000/trial_7/solution_plot_nelem20_HHL_statevector_nshots50000.png
