
------------------------------------------------------------
Using ideal local simulator with 'statevector' method
Backend: aer_simulator_statevector
Shots: 5000
------------------------------------------------------------

A info: before HHL prepare:
Spectral radius (A): 2.241e+01, lambda_min:2.3074021727489433
condition number(A): 9.710e+00, norm2_cond:95.97789014324577
det(A): 9.333e+14
--------------------------------------------------------------------------------

A_hhl info: after scaling by spectral radius:
Spectral radius (A): 1.000e+00, lambda_min:0.1029832130561069
condition number(A): 9.710e+00, norm2_cond:95.9778901432457
det(A): 5.184e-06, nnz: 10 non zeros per row
--------------------------------------------------------------------------------

Size of A & B are not power of 2:
Next 2 power of 15 = 16
Value to be padded = 1
--------------------------------------------------

==================== Print (N)^2 padded matrix system =======================
Padded shape of A: (15, 15)x(15, 15) -> (16, 16)x(16, 16)
Padded shape of B: (15,) -> (16,)
Determinant of padded matrix: 5.183984510966138e-06
Condition # of padded matrix: 95.9778901432457


Matrix is not Hermitian. Making it Hermitian.......

==================== Print Hermitian matrix system info =======================
Shape of hermitian A: 16x16 -> 32x32
Shape of           B: 16 -> 32
Determinant of Hermitian matrix: 2.6873695409936828e-11
Condition # of Hermitian matrix: 95.9778901432459

=================================== Generating HHL circuit ===================================
Time elapsed for generating HHL circuit: 4 min 6.92 sec

Generated circuit: num_qubits=14, gates=19, depth=5
============================== Generated Circuit saved ==============================

============================== Transpiling circuit ==============================
Time elapsed for transpiling the circuit:  0 min 42.61 sec
Transpiled circuit, num_qubits: 14, (original: 14)
Transpiled circuit depth: 689027 (original: 5)
Transpiled circuit gates: 689127 (original: 19)
============================== Transpiled Circuit saved ==============================
Time elapsed for running the circuit:  1 min 0.59 sec
total_qubits: 14, nq:5

Time elapsed for extracting shots-based hhl counts solution:  0 min 0.00 sec

[HHL info]: linear system residual (e=||Ax-b||_2): 8.672296317842418
[HHL info]: Fidelity(true_sol, hhl_sol): 0.9596880899180096
[HHL info]: L2 error (absolute): 1.8259052113473007
[HHL info]: L2 error (relative): 0.6751150109597687
[HHL info]: L2 error (normalized): 0.2018082593202291

========================================================================================
 Compare system solutions using LU of A, LU sol of A_herm, HHL of Ax=b hermition system
LU sol 	    Herm LU sol    HHL sol    L1_diff(%)
-1.705e-02  -1.705e-02  -0.000e+00  1.000e+02
-7.527e-03  -7.527e-03  -0.000e+00  1.000e+02
-3.946e-02  -3.946e-02  -0.000e+00  1.000e+02
-1.283e-01  -1.283e-01  -0.000e+00  1.000e+02
-6.877e-02  -6.877e-02  -0.000e+00  1.000e+02
-2.800e-01  -2.800e-01  -1.083e-01  6.132e+01
-4.114e-01  -4.114e-01  -0.000e+00  1.000e+02
-4.227e-01  -4.227e-01  -1.532e-01  6.376e+01
-1.109e+00  -1.109e+00  -4.195e-01  6.219e+01
-5.252e-01  -5.252e-01  -1.532e-01  7.083e+01
-5.558e-01  -5.558e-01  -2.166e-01  6.102e+01
-1.428e+00  -1.428e+00  -4.466e-01  6.872e+01
-5.637e-01  -5.637e-01  -2.653e-01  5.294e+01
-5.958e-01  -5.958e-01  -1.876e-01  6.851e+01
-1.529e+00  -1.529e+00  -4.844e-01  6.833e+01
========================================================================================

step: 0/15 res:12.375368413827264, res/res0:1.0  dq_norm: [0.30635844 0.3249422  0.7885383 ]

A info: before HHL prepare:
Spectral radius (A): 2.188e+01, lambda_min:2.892436641440262
condition number(A): 7.565e+00, norm2_cond:80.34097709928817
det(A): 2.005e+15
--------------------------------------------------------------------------------

A_hhl info: after scaling by spectral radius:
Spectral radius (A): 1.000e+00, lambda_min:0.1321903485530304
condition number(A): 7.565e+00, norm2_cond:80.34097709928777
det(A): 1.589e-05, nnz: 11 non zeros per row
--------------------------------------------------------------------------------

Size of A & B are not power of 2:
Next 2 power of 15 = 16
Value to be padded = 1
--------------------------------------------------

==================== Print (N)^2 padded matrix system =======================
Padded shape of A: (15, 15)x(15, 15) -> (16, 16)x(16, 16)
Padded shape of B: (15,) -> (16,)
Determinant of padded matrix: 1.5891439972845446e-05
Condition # of padded matrix: 80.34097709928777


Matrix is not Hermitian. Making it Hermitian.......

==================== Print Hermitian matrix system info =======================
Shape of hermitian A: 16x16 -> 32x32
Shape of           B: 16 -> 32
Determinant of Hermitian matrix: 2.5253786441054917e-10
Condition # of Hermitian matrix: 80.34097709928822

=================================== Generating HHL circuit ===================================
Time elapsed for generating HHL circuit: 4 min 6.45 sec

Generated circuit: num_qubits=14, gates=19, depth=5
============================== Generated Circuit saved ==============================

============================== Transpiling circuit ==============================
Time elapsed for transpiling the circuit:  0 min 42.18 sec
Transpiled circuit, num_qubits: 14, (original: 14)
Transpiled circuit depth: 689027 (original: 5)
Transpiled circuit gates: 689127 (original: 19)
============================== Transpiled Circuit saved ==============================
Time elapsed for running the circuit:  1 min 0.50 sec
total_qubits: 14, nq:5

Time elapsed for extracting shots-based hhl counts solution:  0 min 0.00 sec

[HHL info]: linear system residual (e=||Ax-b||_2): 8.18372871693988
[HHL info]: Fidelity(true_sol, hhl_sol): 0.9595240839371916
[HHL info]: L2 error (absolute): 1.3701000018827836
[HHL info]: L2 error (relative): 0.7900804975217175
[HHL info]: L2 error (normalized): 0.20222263915209115

========================================================================================
 Compare system solutions using LU of A, LU sol of A_herm, HHL of Ax=b hermition system
LU sol 	    Herm LU sol    HHL sol    L1_diff(%)
-2.250e-02  -2.250e-02  -0.000e+00  1.000e+02
-1.327e-02  -1.327e-02  -0.000e+00  1.000e+02
-5.432e-02  -5.432e-02  -0.000e+00  1.000e+02
-1.512e-01  -1.512e-01  -3.683e-02  7.565e+01
-7.784e-02  -7.784e-02  -0.000e+00  1.000e+02
-1.961e-01  -1.961e-01  -3.683e-02  8.122e+01
-4.375e-01  -4.375e-01  -6.378e-02  8.542e+01
-2.613e-01  -2.613e-01  -3.683e-02  8.591e+01
-6.877e-01  -6.877e-01  -1.688e-01  7.546e+01
-3.531e-01  -3.531e-01  -6.378e-02  8.193e+01
-3.391e-01  -3.391e-01  -1.042e-01  6.929e+01
-9.254e-01  -9.254e-01  -2.083e-01  7.749e+01
-2.546e-01  -2.546e-01  -8.234e-02  6.766e+01
-4.119e-01  -4.119e-01  -5.208e-02  8.736e+01
-9.344e-01  -9.344e-01  -1.878e-01  7.990e+01
========================================================================================

step: 1/15 res:8.828329776934913, res/res0:0.7133791481367804  dq_norm: [0.12756576 0.12213492 0.32937338]

A info: before HHL prepare:
Spectral radius (A): 2.223e+01, lambda_min:3.3211939318933132
condition number(A): 6.694e+00, norm2_cond:77.10176963562787
det(A): 3.896e+15
--------------------------------------------------------------------------------

A_hhl info: after scaling by spectral radius:
Spectral radius (A): 1.000e+00, lambda_min:0.14939230710374024
condition number(A): 6.694e+00, norm2_cond:77.10176963562779
det(A): 2.433e-05, nnz: 11 non zeros per row
--------------------------------------------------------------------------------

Size of A & B are not power of 2:
Next 2 power of 15 = 16
Value to be padded = 1
--------------------------------------------------

==================== Print (N)^2 padded matrix system =======================
Padded shape of A: (15, 15)x(15, 15) -> (16, 16)x(16, 16)
Padded shape of B: (15,) -> (16,)
Determinant of padded matrix: 2.432829276415328e-05
Condition # of padded matrix: 77.10176963562779


Matrix is not Hermitian. Making it Hermitian.......

==================== Print Hermitian matrix system info =======================
Shape of hermitian A: 16x16 -> 32x32
Shape of           B: 16 -> 32
Determinant of Hermitian matrix: 5.918658288183487e-10
Condition # of Hermitian matrix: 77.1017696356279

=================================== Generating HHL circuit ===================================
Time elapsed for generating HHL circuit: 4 min 5.41 sec

Generated circuit: num_qubits=14, gates=19, depth=5
============================== Generated Circuit saved ==============================

============================== Transpiling circuit ==============================
Time elapsed for transpiling the circuit:  0 min 42.10 sec
Transpiled circuit, num_qubits: 14, (original: 14)
Transpiled circuit depth: 689027 (original: 5)
Transpiled circuit gates: 689127 (original: 19)
============================== Transpiled Circuit saved ==============================
Time elapsed for running the circuit:  1 min 0.19 sec
total_qubits: 14, nq:5

Time elapsed for extracting shots-based hhl counts solution:  0 min 0.00 sec

[HHL info]: linear system residual (e=||Ax-b||_2): 3.737250373565119
[HHL info]: Fidelity(true_sol, hhl_sol): 0.9496978958189782
[HHL info]: L2 error (absolute): 0.6693951027455578
[HHL info]: L2 error (relative): 0.49876038873220135
[HHL info]: L2 error (normalized): 0.22572352122337982

========================================================================================
 Compare system solutions using LU of A, LU sol of A_herm, HHL of Ax=b hermition system
LU sol 	    Herm LU sol    HHL sol    L1_diff(%)
-1.581e-02  -1.581e-02  -0.000e+00  1.000e+02
-7.827e-03  -7.827e-03  -0.000e+00  1.000e+02
-3.797e-02  -3.797e-02  -0.000e+00  1.000e+02
-1.006e-01  -1.006e-01  -8.199e-02  1.853e+01
-8.124e-02  -8.124e-02  -0.000e+00  1.000e+02
-1.400e-01  -1.400e-01  -0.000e+00  1.000e+02
-3.599e-01  -3.599e-01  -1.640e-01  5.443e+01
-2.263e-01  -2.263e-01  -8.199e-02  6.376e+01
-4.864e-01  -4.864e-01  -2.840e-01  4.161e+01
-2.847e-01  -2.847e-01  -1.159e-01  5.927e+01
-2.373e-01  -2.373e-01  -1.640e-01  3.089e+01
-7.061e-01  -7.061e-01  -4.181e-01  4.080e+01
-1.749e-01  -1.749e-01  -0.000e+00  1.000e+02
-3.601e-01  -3.601e-01  -1.640e-01  5.446e+01
-7.414e-01  -7.414e-01  -3.757e-01  4.933e+01
========================================================================================

step: 2/15 res:8.217283891715685, res/res0:0.6640031728295327  dq_norm: [0.21691736 0.24596117 0.62975453]

A info: before HHL prepare:
Spectral radius (A): 2.281e+01, lambda_min:3.3598724861731304
condition number(A): 6.790e+00, norm2_cond:68.5219079858614
det(A): 3.386e+15
--------------------------------------------------------------------------------

A_hhl info: after scaling by spectral radius:
Spectral radius (A): 1.000e+00, lambda_min:0.14727067582576056
condition number(A): 6.790e+00, norm2_cond:68.52190798586156
det(A): 1.434e-05, nnz: 12 non zeros per row
--------------------------------------------------------------------------------

Size of A & B are not power of 2:
Next 2 power of 15 = 16
Value to be padded = 1
--------------------------------------------------

==================== Print (N)^2 padded matrix system =======================
Padded shape of A: (15, 15)x(15, 15) -> (16, 16)x(16, 16)
Padded shape of B: (15,) -> (16,)
Determinant of padded matrix: 1.434145163780584e-05
Condition # of padded matrix: 68.52190798586156


Matrix is not Hermitian. Making it Hermitian.......

==================== Print Hermitian matrix system info =======================
Shape of hermitian A: 16x16 -> 32x32
Shape of           B: 16 -> 32
Determinant of Hermitian matrix: 2.0567723507952454e-10
Condition # of Hermitian matrix: 68.52190798586155

=================================== Generating HHL circuit ===================================
Time elapsed for generating HHL circuit: 4 min 4.19 sec

Generated circuit: num_qubits=14, gates=19, depth=5
============================== Generated Circuit saved ==============================

============================== Transpiling circuit ==============================
Time elapsed for transpiling the circuit:  0 min 42.08 sec
Transpiled circuit, num_qubits: 14, (original: 14)
Transpiled circuit depth: 689027 (original: 5)
Transpiled circuit gates: 689127 (original: 19)
============================== Transpiled Circuit saved ==============================
Time elapsed for running the circuit:  1 min 0.42 sec
total_qubits: 14, nq:5

Time elapsed for extracting shots-based hhl counts solution:  0 min 0.00 sec

[HHL info]: linear system residual (e=||Ax-b||_2): 3.362246560626292
[HHL info]: Fidelity(true_sol, hhl_sol): 0.9622841988981522
[HHL info]: L2 error (absolute): 0.2481949482924838
[HHL info]: L2 error (relative): 0.3889025225727863
[HHL info]: L2 error (normalized): 0.19513659356198945

========================================================================================
 Compare system solutions using LU of A, LU sol of A_herm, HHL of Ax=b hermition system
LU sol 	    Herm LU sol    HHL sol    L1_diff(%)
-1.041e-02  -1.041e-02  -0.000e+00  1.000e+02
-1.329e-03  -1.329e-03  -0.000e+00  1.000e+02
-2.166e-02  -2.166e-02  -0.000e+00  1.000e+02
 2.638e-04   2.638e-04   0.000e+00  1.000e+02
-7.638e-02  -7.638e-02  -0.000e+00  1.000e+02
-1.166e-01  -1.166e-01  -5.059e-02  5.660e+01
-1.712e-01  -1.712e-01  -1.131e-01  3.394e+01
-1.558e-01  -1.558e-01  -1.131e-01  2.740e+01
-1.735e-01  -1.735e-01  -1.431e-01  1.752e+01
-1.628e-01  -1.628e-01  -1.012e-01  3.787e+01
-6.283e-02  -6.283e-02  -5.059e-02  1.948e+01
-2.691e-01  -2.691e-01  -1.339e-01  5.025e+01
-1.716e-01  -1.716e-01  -1.131e-01  3.409e+01
-1.897e-01  -1.897e-01  -1.131e-01  4.037e+01
-3.678e-01  -3.678e-01  -2.530e-01  3.122e+01
========================================================================================

step: 3/15 res:4.261673262489448, res/res0:0.3443673852753983  dq_norm: [0.18929683 0.16779371 0.32394499]

A info: before HHL prepare:
Spectral radius (A): 2.363e+01, lambda_min:3.9712676713478676
condition number(A): 5.949e+00, norm2_cond:66.21170595362828
det(A): 8.122e+15
--------------------------------------------------------------------------------

A_hhl info: after scaling by spectral radius:
Spectral radius (A): 1.000e+00, lambda_min:0.16809325135636602
condition number(A): 5.949e+00, norm2_cond:66.21170595362798
det(A): 2.037e-05, nnz: 11 non zeros per row
--------------------------------------------------------------------------------

Size of A & B are not power of 2:
Next 2 power of 15 = 16
Value to be padded = 1
--------------------------------------------------

==================== Print (N)^2 padded matrix system =======================
Padded shape of A: (15, 15)x(15, 15) -> (16, 16)x(16, 16)
Padded shape of B: (15,) -> (16,)
Determinant of padded matrix: 2.0368512124814106e-05
Condition # of padded matrix: 66.21170595362798


Matrix is not Hermitian. Making it Hermitian.......

==================== Print Hermitian matrix system info =======================
Shape of hermitian A: 16x16 -> 32x32
Shape of           B: 16 -> 32
Determinant of Hermitian matrix: 4.148762861786977e-10
Condition # of Hermitian matrix: 66.21170595362825

=================================== Generating HHL circuit ===================================
Time elapsed for generating HHL circuit: 4 min 5.58 sec

Generated circuit: num_qubits=14, gates=19, depth=5
============================== Generated Circuit saved ==============================

============================== Transpiling circuit ==============================
Time elapsed for transpiling the circuit:  0 min 42.12 sec
Transpiled circuit, num_qubits: 14, (original: 14)
Transpiled circuit depth: 689027 (original: 5)
Transpiled circuit gates: 689127 (original: 19)
============================== Transpiled Circuit saved ==============================
Time elapsed for running the circuit:  1 min 0.28 sec
total_qubits: 14, nq:5

Time elapsed for extracting shots-based hhl counts solution:  0 min 0.00 sec

[HHL info]: linear system residual (e=||Ax-b||_2): 2.0142263503669016
[HHL info]: Fidelity(true_sol, hhl_sol): 0.7633149373678819
[HHL info]: L2 error (absolute): 0.12695961950938886
[HHL info]: L2 error (relative): 0.5591302590460719
[HHL info]: L2 error (normalized): 0.5026351221430834

========================================================================================
 Compare system solutions using LU of A, LU sol of A_herm, HHL of Ax=b hermition system
LU sol 	    Herm LU sol    HHL sol    L1_diff(%)
-1.293e-02  -1.293e-02  -0.000e+00  1.000e+02
-4.160e-03  -4.160e-03  -0.000e+00  1.000e+02
-2.929e-02  -2.929e-02  -0.000e+00  1.000e+02
 2.986e-03   2.986e-03   0.000e+00  1.000e+02
-7.121e-02  -7.121e-02  -4.095e-02  4.250e+01
-5.877e-02  -5.877e-02  -0.000e+00  1.000e+02
-4.199e-02  -4.199e-02  -0.000e+00  1.000e+02
-3.606e-02  -3.606e-02  -0.000e+00  1.000e+02
-2.026e-02  -2.026e-02  -0.000e+00  1.000e+02
-4.994e-02  -4.994e-02  -5.791e-02  1.596e+01
-1.783e-02  -1.783e-02  -0.000e+00  1.000e+02
-1.199e-01  -1.199e-01  -5.791e-02  5.168e+01
-5.468e-02  -5.468e-02  -4.095e-02  2.512e+01
-7.837e-02  -7.837e-02  -7.092e-02  9.504e+00
-1.105e-01  -1.105e-01  -5.791e-02  4.757e+01
========================================================================================

step: 4/15 res:3.2777552597861677, res/res0:0.26486122676750873  dq_norm: [0.07092406 0.08189605 0.08189605]

A info: before HHL prepare:
Spectral radius (A): 2.394e+01, lambda_min:4.014972513125072
condition number(A): 5.963e+00, norm2_cond:70.83909838640805
det(A): 9.236e+15
--------------------------------------------------------------------------------

A_hhl info: after scaling by spectral radius:
Spectral radius (A): 1.000e+00, lambda_min:0.16769209236763433
condition number(A): 5.963e+00, norm2_cond:70.8390983864078
det(A): 1.896e-05, nnz: 11 non zeros per row
--------------------------------------------------------------------------------

Size of A & B are not power of 2:
Next 2 power of 15 = 16
Value to be padded = 1
--------------------------------------------------

==================== Print (N)^2 padded matrix system =======================
Padded shape of A: (15, 15)x(15, 15) -> (16, 16)x(16, 16)
Padded shape of B: (15,) -> (16,)
Determinant of padded matrix: 1.8964071729278536e-05
Condition # of padded matrix: 70.8390983864078


Matrix is not Hermitian. Making it Hermitian.......

==================== Print Hermitian matrix system info =======================
Shape of hermitian A: 16x16 -> 32x32
Shape of           B: 16 -> 32
Determinant of Hermitian matrix: 3.59636016553224e-10
Condition # of Hermitian matrix: 70.83909838640801

=================================== Generating HHL circuit ===================================
Time elapsed for generating HHL circuit: 4 min 4.77 sec

Generated circuit: num_qubits=14, gates=19, depth=5
============================== Generated Circuit saved ==============================

============================== Transpiling circuit ==============================
Time elapsed for transpiling the circuit:  0 min 42.08 sec
Transpiled circuit, num_qubits: 14, (original: 14)
Transpiled circuit depth: 689027 (original: 5)
Transpiled circuit gates: 689127 (original: 19)
============================== Transpiled Circuit saved ==============================
Time elapsed for running the circuit:  1 min 0.03 sec
total_qubits: 14, nq:5

Time elapsed for extracting shots-based hhl counts solution:  0 min 0.00 sec

[HHL info]: linear system residual (e=||Ax-b||_2): 0.9872165842663535
[HHL info]: Fidelity(true_sol, hhl_sol): 0.8432753906408014
[HHL info]: L2 error (absolute): 0.05264776369345071
[HHL info]: L2 error (relative): 0.4237865212675083
[HHL info]: L2 error (normalized): 0.4042269842772651

========================================================================================
 Compare system solutions using LU of A, LU sol of A_herm, HHL of Ax=b hermition system
LU sol 	    Herm LU sol    HHL sol    L1_diff(%)
-1.246e-02  -1.246e-02  -0.000e+00  1.000e+02
-4.448e-03  -4.448e-03  -0.000e+00  1.000e+02
-2.838e-02  -2.838e-02  -0.000e+00  1.000e+02
 4.714e-03   4.714e-03   0.000e+00  1.000e+02
-2.965e-02  -2.965e-02  -3.602e-02  2.149e+01
-5.388e-02  -5.388e-02  -3.602e-02  3.315e+01
-4.011e-02  -4.011e-02  -3.602e-02  1.020e+01
-3.601e-02  -3.601e-02  -2.547e-02  2.927e+01
-1.786e-02  -1.786e-02  -0.000e+00  1.000e+02
 7.740e-03   7.740e-03   0.000e+00  1.000e+02
-1.957e-02  -1.957e-02  -2.547e-02  3.016e+01
-5.900e-02  -5.900e-02  -3.602e-02  3.896e+01
-1.566e-02  -1.566e-02  -0.000e+00  1.000e+02
-7.981e-03  -7.981e-03  -0.000e+00  1.000e+02
-5.649e-02  -5.649e-02  -5.094e-02  9.836e+00
========================================================================================

step: 5/15 res:2.0690756293646775, res/res0:0.1671930531823889  dq_norm: [0.03601796 0.05093709 0.07203592]

A info: before HHL prepare:
Spectral radius (A): 2.419e+01, lambda_min:4.0314369922918685
condition number(A): 6.000e+00, norm2_cond:68.48755382766859
det(A): 9.320e+15
--------------------------------------------------------------------------------

A_hhl info: after scaling by spectral radius:
Spectral radius (A): 1.000e+00, lambda_min:0.16668019748574991
condition number(A): 6.000e+00, norm2_cond:68.48755382766849
det(A): 1.644e-05, nnz: 12 non zeros per row
--------------------------------------------------------------------------------

Size of A & B are not power of 2:
Next 2 power of 15 = 16
Value to be padded = 1
--------------------------------------------------

==================== Print (N)^2 padded matrix system =======================
Padded shape of A: (15, 15)x(15, 15) -> (16, 16)x(16, 16)
Padded shape of B: (15,) -> (16,)
Determinant of padded matrix: 1.6435756761266998e-05
Condition # of padded matrix: 68.48755382766849


Matrix is not Hermitian. Making it Hermitian.......

==================== Print Hermitian matrix system info =======================
Shape of hermitian A: 16x16 -> 32x32
Shape of           B: 16 -> 32
Determinant of Hermitian matrix: 2.7013410031553574e-10
Condition # of Hermitian matrix: 68.48755382766869

=================================== Generating HHL circuit ===================================
Time elapsed for generating HHL circuit: 4 min 5.28 sec

Generated circuit: num_qubits=14, gates=19, depth=5
============================== Generated Circuit saved ==============================

============================== Transpiling circuit ==============================
Time elapsed for transpiling the circuit:  0 min 42.28 sec
Transpiled circuit, num_qubits: 14, (original: 14)
Transpiled circuit depth: 689027 (original: 5)
Transpiled circuit gates: 689127 (original: 19)
============================== Transpiled Circuit saved ==============================
Time elapsed for running the circuit:  0 min 57.71 sec
total_qubits: 14, nq:5

Time elapsed for extracting shots-based hhl counts solution:  0 min 0.00 sec

[HHL info]: linear system residual (e=||Ax-b||_2): 0.7752880920969993
[HHL info]: Fidelity(true_sol, hhl_sol): 0.3892260047322763
[HHL info]: L2 error (absolute): 0.04230659737002482
[HHL info]: L2 error (relative): 0.8015091111764381
[HHL info]: L2 error (normalized): 0.8673179348921066

========================================================================================
 Compare system solutions using LU of A, LU sol of A_herm, HHL of Ax=b hermition system
LU sol 	    Herm LU sol    HHL sol    L1_diff(%)
-1.254e-02  -1.254e-02  -1.258e-02  3.705e-01
-4.539e-03  -4.539e-03  -0.000e+00  1.000e+02
-2.887e-02  -2.887e-02  -0.000e+00  1.000e+02
 4.833e-03   4.833e-03   0.000e+00  1.000e+02
 6.199e-03   6.199e-03   0.000e+00  1.000e+02
-1.809e-02  -1.809e-02  -0.000e+00  1.000e+02
-3.276e-03  -3.276e-03  -0.000e+00  1.000e+02
-1.008e-02  -1.008e-02  -0.000e+00  1.000e+02
-1.769e-02  -1.769e-02  -1.258e-02  2.888e+01
 8.930e-03   8.930e-03   0.000e+00  1.000e+02
 6.360e-03   6.360e-03   0.000e+00  1.000e+02
-2.342e-02  -2.342e-02  -8.898e-03  6.200e+01
-1.482e-02  -1.482e-02  -1.258e-02  1.509e+01
-7.933e-03  -7.933e-03  -0.000e+00  1.000e+02
-3.003e-03  -3.003e-03  -0.000e+00  1.000e+02
========================================================================================

step: 6/15 res:1.0092386030017753, res/res0:0.08155220671039833  dq_norm: [0.01779553 0.         0.01541138]

A info: before HHL prepare:
Spectral radius (A): 2.421e+01, lambda_min:4.150846518804037
condition number(A): 5.833e+00, norm2_cond:67.34518263540302
det(A): 1.080e+16
--------------------------------------------------------------------------------

A_hhl info: after scaling by spectral radius:
Spectral radius (A): 1.000e+00, lambda_min:0.1714474243887876
condition number(A): 5.833e+00, norm2_cond:67.34518263540326
det(A): 1.876e-05, nnz: 11 non zeros per row
--------------------------------------------------------------------------------

Size of A & B are not power of 2:
Next 2 power of 15 = 16
Value to be padded = 1
--------------------------------------------------

==================== Print (N)^2 padded matrix system =======================
Padded shape of A: (15, 15)x(15, 15) -> (16, 16)x(16, 16)
Padded shape of B: (15,) -> (16,)
Determinant of padded matrix: 1.8761918284115233e-05
Condition # of padded matrix: 67.34518263540326


Matrix is not Hermitian. Making it Hermitian.......

==================== Print Hermitian matrix system info =======================
Shape of hermitian A: 16x16 -> 32x32
Shape of           B: 16 -> 32
Determinant of Hermitian matrix: 3.520095776998188e-10
Condition # of Hermitian matrix: 67.3451826354033

=================================== Generating HHL circuit ===================================
Time elapsed for generating HHL circuit: 3 min 52.32 sec

Generated circuit: num_qubits=14, gates=19, depth=5
============================== Generated Circuit saved ==============================

============================== Transpiling circuit ==============================
Time elapsed for transpiling the circuit:  0 min 40.01 sec
Transpiled circuit, num_qubits: 14, (original: 14)
Transpiled circuit depth: 689027 (original: 5)
Transpiled circuit gates: 689127 (original: 19)
============================== Transpiled Circuit saved ==============================
Time elapsed for running the circuit:  0 min 56.67 sec
total_qubits: 14, nq:5

Time elapsed for extracting shots-based hhl counts solution:  0 min 0.00 sec

[HHL info]: linear system residual (e=||Ax-b||_2): 0.4818672046201867
[HHL info]: Fidelity(true_sol, hhl_sol): 0.6397413505773332
[HHL info]: L2 error (absolute): 0.025857666233473596
[HHL info]: L2 error (relative): 0.613122739586501
[HHL info]: L2 error (normalized): 0.6327111066282113

========================================================================================
 Compare system solutions using LU of A, LU sol of A_herm, HHL of Ax=b hermition system
LU sol 	    Herm LU sol    HHL sol    L1_diff(%)
 6.283e-05   6.283e-05   0.000e+00  1.000e+02
-4.513e-03  -4.513e-03  -0.000e+00  1.000e+02
-2.870e-02  -2.870e-02  -2.464e-02  1.414e+01
 4.835e-03   4.835e-03   0.000e+00  1.000e+02
 6.278e-03   6.278e-03   0.000e+00  1.000e+02
-1.813e-02  -1.813e-02  -0.000e+00  1.000e+02
-3.368e-03  -3.368e-03  -0.000e+00  1.000e+02
-1.019e-02  -1.019e-02  -8.214e-03  1.939e+01
-5.492e-03  -5.492e-03  -0.000e+00  1.000e+02
 8.962e-03   8.962e-03   0.000e+00  1.000e+02
 6.462e-03   6.462e-03   8.214e-03  2.711e+01
-1.410e-02  -1.410e-02  -8.214e-03  4.174e+01
-1.951e-03  -1.951e-03  -0.000e+00  1.000e+02
-7.866e-03  -7.866e-03  -0.000e+00  1.000e+02
-3.359e-03  -3.359e-03  -0.000e+00  1.000e+02
========================================================================================

step: 7/15 res:0.7728157736762966, res/res0:0.06244790036414698  dq_norm: [0.         0.01161646 0.02597519]

A info: before HHL prepare:
Spectral radius (A): 2.417e+01, lambda_min:4.160883040398674
condition number(A): 5.808e+00, norm2_cond:67.37542412295926
det(A): 1.061e+16
--------------------------------------------------------------------------------

A_hhl info: after scaling by spectral radius:
Spectral radius (A): 1.000e+00, lambda_min:0.17216702570637935
condition number(A): 5.808e+00, norm2_cond:67.37542412295934
det(A): 1.893e-05, nnz: 11 non zeros per row
--------------------------------------------------------------------------------

Size of A & B are not power of 2:
Next 2 power of 15 = 16
Value to be padded = 1
--------------------------------------------------

==================== Print (N)^2 padded matrix system =======================
Padded shape of A: (15, 15)x(15, 15) -> (16, 16)x(16, 16)
Padded shape of B: (15,) -> (16,)
Determinant of padded matrix: 1.893080186776952e-05
Condition # of padded matrix: 67.37542412295934


Matrix is not Hermitian. Making it Hermitian.......

==================== Print Hermitian matrix system info =======================
Shape of hermitian A: 16x16 -> 32x32
Shape of           B: 16 -> 32
Determinant of Hermitian matrix: 3.5837525935674345e-10
Condition # of Hermitian matrix: 67.37542412295939

=================================== Generating HHL circuit ===================================
Time elapsed for generating HHL circuit: 3 min 52.96 sec

Generated circuit: num_qubits=14, gates=19, depth=5
============================== Generated Circuit saved ==============================

============================== Transpiling circuit ==============================
Time elapsed for transpiling the circuit:  0 min 40.16 sec
Transpiled circuit, num_qubits: 14, (original: 14)
Transpiled circuit depth: 689027 (original: 5)
Transpiled circuit gates: 689127 (original: 19)
============================== Transpiled Circuit saved ==============================
Time elapsed for running the circuit:  0 min 56.73 sec
total_qubits: 14, nq:5

Time elapsed for extracting shots-based hhl counts solution:  0 min 0.00 sec

[HHL info]: linear system residual (e=||Ax-b||_2): 0.46779751015223625
[HHL info]: Fidelity(true_sol, hhl_sol): 0.7530823915014365
[HHL info]: L2 error (absolute): 0.025205897209024507
[HHL info]: L2 error (relative): 0.9740319006816122
[HHL info]: L2 error (normalized): 0.5141921846921101

========================================================================================
 Compare system solutions using LU of A, LU sol of A_herm, HHL of Ax=b hermition system
LU sol 	    Herm LU sol    HHL sol    L1_diff(%)
 6.656e-05   6.656e-05   0.000e+00  1.000e+02
-4.518e-03  -4.518e-03  -2.750e-04  9.391e+01
-4.092e-03  -4.092e-03  -0.000e+00  1.000e+02
 4.853e-03   4.853e-03   0.000e+00  1.000e+02
 6.297e-03   6.297e-03   0.000e+00  1.000e+02
-1.811e-02  -1.811e-02  -5.500e-04  9.696e+01
-3.430e-03  -3.430e-03  -0.000e+00  1.000e+02
-2.058e-03  -2.058e-03  -0.000e+00  1.000e+02
-5.559e-03  -5.559e-03  -0.000e+00  1.000e+02
 8.888e-03   8.888e-03   2.750e-04  9.691e+01
-1.664e-03  -1.664e-03  -0.000e+00  1.000e+02
-6.057e-03  -6.057e-03  -2.750e-04  9.546e+01
-1.934e-03  -1.934e-03  -0.000e+00  1.000e+02
-7.832e-03  -7.832e-03  -2.750e-04  9.649e+01
-3.290e-03  -3.290e-03  -0.000e+00  1.000e+02
========================================================================================

step: 8/15 res:0.4811610327970683, res/res0:0.038880542114564993  dq_norm: [0.00027499 0.00038889 0.00061489]

A info: before HHL prepare:
Spectral radius (A): 2.416e+01, lambda_min:4.158291496818179
condition number(A): 5.811e+00, norm2_cond:67.38455612429175
det(A): 1.058e+16
--------------------------------------------------------------------------------

A_hhl info: after scaling by spectral radius:
Spectral radius (A): 1.000e+00, lambda_min:0.17208453908154223
condition number(A): 5.811e+00, norm2_cond:67.38455612429192
det(A): 1.891e-05, nnz: 11 non zeros per row
--------------------------------------------------------------------------------

Size of A & B are not power of 2:
Next 2 power of 15 = 16
Value to be padded = 1
--------------------------------------------------

==================== Print (N)^2 padded matrix system =======================
Padded shape of A: (15, 15)x(15, 15) -> (16, 16)x(16, 16)
Padded shape of B: (15,) -> (16,)
Determinant of padded matrix: 1.891160910876576e-05
Condition # of padded matrix: 67.38455612429192


Matrix is not Hermitian. Making it Hermitian.......

==================== Print Hermitian matrix system info =======================
Shape of hermitian A: 16x16 -> 32x32
Shape of           B: 16 -> 32
Determinant of Hermitian matrix: 3.5764895908275086e-10
Condition # of Hermitian matrix: 67.38455612429206

=================================== Generating HHL circuit ===================================
Time elapsed for generating HHL circuit: 3 min 52.17 sec

Generated circuit: num_qubits=14, gates=19, depth=5
============================== Generated Circuit saved ==============================

============================== Transpiling circuit ==============================
Time elapsed for transpiling the circuit:  0 min 40.13 sec
Transpiled circuit, num_qubits: 14, (original: 14)
Transpiled circuit depth: 689027 (original: 5)
Transpiled circuit gates: 689127 (original: 19)
============================== Transpiled Circuit saved ==============================
Time elapsed for running the circuit:  0 min 56.38 sec
total_qubits: 14, nq:5

Time elapsed for extracting shots-based hhl counts solution:  0 min 0.00 sec

[HHL info]: linear system residual (e=||Ax-b||_2): 0.4261824856319605
[HHL info]: Fidelity(true_sol, hhl_sol): 0.7566654397823261
[HHL info]: L2 error (absolute): 0.019245005957920766
[HHL info]: L2 error (relative): 0.7633520751484144
[HHL info]: L2 error (normalized): 0.5101662771455102

========================================================================================
 Compare system solutions using LU of A, LU sol of A_herm, HHL of Ax=b hermition system
LU sol 	    Herm LU sol    HHL sol    L1_diff(%)
 6.587e-05   6.587e-05   0.000e+00  1.000e+02
-4.244e-03  -4.244e-03  -0.000e+00  1.000e+02
-4.095e-03  -4.095e-03  -0.000e+00  1.000e+02
 4.852e-03   4.852e-03   0.000e+00  1.000e+02
 6.296e-03   6.296e-03   2.957e-03  5.303e+01
-1.757e-02  -1.757e-02  -5.122e-03  7.084e+01
-3.428e-03  -3.428e-03  -0.000e+00  1.000e+02
-2.056e-03  -2.056e-03  -0.000e+00  1.000e+02
-5.558e-03  -5.558e-03  -2.957e-03  4.679e+01
 8.621e-03   8.621e-03   2.091e-03  7.575e+01
-1.665e-03  -1.665e-03  -0.000e+00  1.000e+02
-5.784e-03  -5.784e-03  -0.000e+00  1.000e+02
-1.932e-03  -1.932e-03  -0.000e+00  1.000e+02
-7.557e-03  -7.557e-03  -2.091e-03  7.233e+01
-3.289e-03  -3.289e-03  -0.000e+00  1.000e+02
========================================================================================

step: 9/15 res:0.46780143703438065, res/res0:0.03780101095913202  dq_norm: [0.00209099 0.0036217  0.00591421]

A info: before HHL prepare:
Spectral radius (A): 2.413e+01, lambda_min:4.143018568000714
condition number(A): 5.824e+00, norm2_cond:67.46720092090926
det(A): 1.038e+16
--------------------------------------------------------------------------------

A_hhl info: after scaling by spectral radius:
Spectral radius (A): 1.000e+00, lambda_min:0.17170365539176277
condition number(A): 5.824e+00, norm2_cond:67.46720092090928
det(A): 1.898e-05, nnz: 11 non zeros per row
--------------------------------------------------------------------------------

Size of A & B are not power of 2:
Next 2 power of 15 = 16
Value to be padded = 1
--------------------------------------------------

==================== Print (N)^2 padded matrix system =======================
Padded shape of A: (15, 15)x(15, 15) -> (16, 16)x(16, 16)
Padded shape of B: (15,) -> (16,)
Determinant of padded matrix: 1.8980088437489023e-05
Condition # of padded matrix: 67.46720092090928


Matrix is not Hermitian. Making it Hermitian.......

==================== Print Hermitian matrix system info =======================
Shape of hermitian A: 16x16 -> 32x32
Shape of           B: 16 -> 32
Determinant of Hermitian matrix: 3.602437570949019e-10
Condition # of Hermitian matrix: 67.4672009209094

=================================== Generating HHL circuit ===================================
Time elapsed for generating HHL circuit: 3 min 52.51 sec

Generated circuit: num_qubits=14, gates=19, depth=5
============================== Generated Circuit saved ==============================

============================== Transpiling circuit ==============================
Time elapsed for transpiling the circuit:  0 min 40.40 sec
Transpiled circuit, num_qubits: 14, (original: 14)
Transpiled circuit depth: 689027 (original: 5)
Transpiled circuit gates: 689127 (original: 19)
============================== Transpiled Circuit saved ==============================
Time elapsed for running the circuit:  0 min 53.37 sec
total_qubits: 14, nq:5

Time elapsed for extracting shots-based hhl counts solution:  0 min 0.00 sec

[HHL info]: linear system residual (e=||Ax-b||_2): 0.2719311723196841
[HHL info]: Fidelity(true_sol, hhl_sol): 0.7366524370968793
[HHL info]: L2 error (absolute): 0.013943365193260502
[HHL info]: L2 error (relative): 0.7250366376117977
[HHL info]: L2 error (normalized): 0.5323822126910107

========================================================================================
 Compare system solutions using LU of A, LU sol of A_herm, HHL of Ax=b hermition system
LU sol 	    Herm LU sol    HHL sol    L1_diff(%)
 6.456e-05   6.456e-05   0.000e+00  1.000e+02
-4.246e-03  -4.246e-03  -2.219e-03  4.775e+01
-4.084e-03  -4.084e-03  -2.219e-03  4.567e+01
 4.845e-03   4.845e-03   0.000e+00  1.000e+02
 3.330e-03   3.330e-03   0.000e+00  1.000e+02
-1.242e-02  -1.242e-02  -3.138e-03  7.475e+01
-3.417e-03  -3.417e-03  -2.219e-03  3.507e+01
-2.047e-03  -2.047e-03  -0.000e+00  1.000e+02
-2.573e-03  -2.573e-03  -0.000e+00  1.000e+02
 6.582e-03   6.582e-03   2.219e-03  6.629e+01
-1.677e-03  -1.677e-03  -0.000e+00  1.000e+02
-5.761e-03  -5.761e-03  -3.138e-03  4.554e+01
-1.925e-03  -1.925e-03  -0.000e+00  1.000e+02
-5.470e-03  -5.470e-03  -2.219e-03  5.944e+01
-3.279e-03  -3.279e-03  -0.000e+00  1.000e+02
========================================================================================

step: 10/15 res:0.42620328478341835, res/res0:0.03443964418119563  dq_norm: [0.00313766 0.00313766 0.00496108]

A info: before HHL prepare:
Spectral radius (A): 2.413e+01, lambda_min:4.127984611746006
condition number(A): 5.845e+00, norm2_cond:67.59710891211238
det(A): 1.022e+16
--------------------------------------------------------------------------------

A_hhl info: after scaling by spectral radius:
Spectral radius (A): 1.000e+00, lambda_min:0.1710895700590731
condition number(A): 5.845e+00, norm2_cond:67.59710891211233
det(A): 1.870e-05, nnz: 11 non zeros per row
--------------------------------------------------------------------------------

Size of A & B are not power of 2:
Next 2 power of 15 = 16
Value to be padded = 1
--------------------------------------------------

==================== Print (N)^2 padded matrix system =======================
Padded shape of A: (15, 15)x(15, 15) -> (16, 16)x(16, 16)
Padded shape of B: (15,) -> (16,)
Determinant of padded matrix: 1.86971395836101e-05
Condition # of padded matrix: 67.59710891211233


Matrix is not Hermitian. Making it Hermitian.......

==================== Print Hermitian matrix system info =======================
Shape of hermitian A: 16x16 -> 32x32
Shape of           B: 16 -> 32
Determinant of Hermitian matrix: 3.495830286089984e-10
Condition # of Hermitian matrix: 67.59710891211246

=================================== Generating HHL circuit ===================================
Time elapsed for generating HHL circuit: 3 min 41.85 sec

Generated circuit: num_qubits=14, gates=19, depth=5
============================== Generated Circuit saved ==============================

============================== Transpiling circuit ==============================
Time elapsed for transpiling the circuit:  0 min 38.04 sec
Transpiled circuit, num_qubits: 14, (original: 14)
Transpiled circuit depth: 689027 (original: 5)
Transpiled circuit gates: 689127 (original: 19)
============================== Transpiled Circuit saved ==============================
Time elapsed for running the circuit:  0 min 53.42 sec
total_qubits: 14, nq:5

Time elapsed for extracting shots-based hhl counts solution:  0 min 0.00 sec

[HHL info]: linear system residual (e=||Ax-b||_2): 0.24859305036706736
[HHL info]: Fidelity(true_sol, hhl_sol): 0.7330485899040371
[HHL info]: L2 error (absolute): 0.012942677298664423
[HHL info]: L2 error (relative): 0.9261783565522475
[HHL info]: L2 error (normalized): 0.5363160111505303

========================================================================================
 Compare system solutions using LU of A, LU sol of A_herm, HHL of Ax=b hermition system
LU sol 	    Herm LU sol    HHL sol    L1_diff(%)
 5.924e-05   5.924e-05   0.000e+00  1.000e+02
-2.039e-03  -2.039e-03  -0.000e+00  1.000e+02
-1.891e-03  -1.891e-03  -0.000e+00  1.000e+02
 4.832e-03   4.832e-03   3.687e-04  9.237e+01
 3.311e-03   3.311e-03   0.000e+00  1.000e+02
-9.308e-03  -9.308e-03  -8.245e-04  9.114e+01
-1.184e-03  -1.184e-03  -0.000e+00  1.000e+02
-2.032e-03  -2.032e-03  -3.687e-04  8.185e+01
-2.557e-03  -2.557e-03  -0.000e+00  1.000e+02
 4.413e-03   4.413e-03   3.687e-04  9.164e+01
-1.686e-03  -1.686e-03  -3.687e-04  7.812e+01
-2.649e-03  -2.649e-03  -3.687e-04  8.608e+01
-1.923e-03  -1.923e-03  -0.000e+00  1.000e+02
-3.258e-03  -3.258e-03  -3.687e-04  8.868e+01
-3.299e-03  -3.299e-03  -0.000e+00  1.000e+02
========================================================================================

step: 11/15 res:0.27221172381326747, res/res0:0.021996252128471543  dq_norm: [0.00052145 0.00063865 0.00090318]

A info: before HHL prepare:
Spectral radius (A): 2.412e+01, lambda_min:4.121679461930349
condition number(A): 5.852e+00, norm2_cond:67.6144034350478
det(A): 1.015e+16
--------------------------------------------------------------------------------

A_hhl info: after scaling by spectral radius:
Spectral radius (A): 1.000e+00, lambda_min:0.170881961036636
condition number(A): 5.852e+00, norm2_cond:67.61440343504766
det(A): 1.866e-05, nnz: 11 non zeros per row
--------------------------------------------------------------------------------

Size of A & B are not power of 2:
Next 2 power of 15 = 16
Value to be padded = 1
--------------------------------------------------

==================== Print (N)^2 padded matrix system =======================
Padded shape of A: (15, 15)x(15, 15) -> (16, 16)x(16, 16)
Padded shape of B: (15,) -> (16,)
Determinant of padded matrix: 1.865689588911621e-05
Condition # of padded matrix: 67.61440343504766


Matrix is not Hermitian. Making it Hermitian.......

==================== Print Hermitian matrix system info =======================
Shape of hermitian A: 16x16 -> 32x32
Shape of           B: 16 -> 32
Determinant of Hermitian matrix: 3.4807976421731895e-10
Condition # of Hermitian matrix: 67.61440343504763

=================================== Generating HHL circuit ===================================
Time elapsed for generating HHL circuit: 3 min 40.73 sec

Generated circuit: num_qubits=14, gates=19, depth=5
============================== Generated Circuit saved ==============================

============================== Transpiling circuit ==============================
Time elapsed for transpiling the circuit:  0 min 38.38 sec
Transpiled circuit, num_qubits: 14, (original: 14)
Transpiled circuit depth: 689027 (original: 5)
Transpiled circuit gates: 689127 (original: 19)
============================== Transpiled Circuit saved ==============================
Time elapsed for running the circuit:  0 min 52.93 sec
total_qubits: 14, nq:5

Time elapsed for extracting shots-based hhl counts solution:  0 min 0.00 sec

[HHL info]: linear system residual (e=||Ax-b||_2): 0.14269949261635573
[HHL info]: Fidelity(true_sol, hhl_sol): 0.5325538009919362
[HHL info]: L2 error (absolute): 0.008863962498595163
[HHL info]: L2 error (relative): 0.6845616615911898
[HHL info]: L2 error (normalized): 0.7351695874183867

========================================================================================
 Compare system solutions using LU of A, LU sol of A_herm, HHL of Ax=b hermition system
LU sol 	    Herm LU sol    HHL sol    L1_diff(%)
 5.875e-05   5.875e-05   0.000e+00  1.000e+02
-2.039e-03  -2.039e-03  -0.000e+00  1.000e+02
-1.893e-03  -1.893e-03  -4.502e-03  1.378e+02
 4.466e-03   4.466e-03   4.502e-03  8.118e-01
 3.314e-03   3.314e-03   0.000e+00  1.000e+02
-8.488e-03  -8.488e-03  -4.502e-03  4.696e+01
-1.180e-03  -1.180e-03  -0.000e+00  1.000e+02
-1.662e-03  -1.662e-03  -0.000e+00  1.000e+02
-2.550e-03  -2.550e-03  -0.000e+00  1.000e+02
 4.051e-03   4.051e-03   4.502e-03  1.114e+01
-1.318e-03  -1.318e-03  -0.000e+00  1.000e+02
-2.277e-03  -2.277e-03  -0.000e+00  1.000e+02
-1.923e-03  -1.923e-03  -0.000e+00  1.000e+02
-2.889e-03  -2.889e-03  -0.000e+00  1.000e+02
-3.302e-03  -3.302e-03  -0.000e+00  1.000e+02
========================================================================================

step: 12/15 res:0.24860309540767558, res/res0:0.020088540970619188  dq_norm: [0.00636731 0.         0.00636731]

A info: before HHL prepare:
Spectral radius (A): 2.408e+01, lambda_min:4.098036175309871
condition number(A): 5.875e+00, norm2_cond:67.33788162918775
det(A): 9.821e+15
--------------------------------------------------------------------------------

A_hhl info: after scaling by spectral radius:
Spectral radius (A): 1.000e+00, lambda_min:0.17021412224072882
condition number(A): 5.875e+00, norm2_cond:67.3378816291881
det(A): 1.856e-05, nnz: 11 non zeros per row
--------------------------------------------------------------------------------

Size of A & B are not power of 2:
Next 2 power of 15 = 16
Value to be padded = 1
--------------------------------------------------

==================== Print (N)^2 padded matrix system =======================
Padded shape of A: (15, 15)x(15, 15) -> (16, 16)x(16, 16)
Padded shape of B: (15,) -> (16,)
Determinant of padded matrix: 1.855541617344041e-05
Condition # of padded matrix: 67.3378816291881


Matrix is not Hermitian. Making it Hermitian.......

==================== Print Hermitian matrix system info =======================
Shape of hermitian A: 16x16 -> 32x32
Shape of           B: 16 -> 32
Determinant of Hermitian matrix: 3.4430346936957757e-10
Condition # of Hermitian matrix: 67.33788162918805

=================================== Generating HHL circuit ===================================
Time elapsed for generating HHL circuit: 3 min 39.87 sec

Generated circuit: num_qubits=14, gates=19, depth=5
============================== Generated Circuit saved ==============================

============================== Transpiling circuit ==============================
Time elapsed for transpiling the circuit:  0 min 38.51 sec
Transpiled circuit, num_qubits: 14, (original: 14)
Transpiled circuit depth: 689027 (original: 5)
Transpiled circuit gates: 689127 (original: 19)
============================== Transpiled Circuit saved ==============================
Time elapsed for running the circuit:  0 min 53.51 sec
total_qubits: 14, nq:5

Time elapsed for extracting shots-based hhl counts solution:  0 min 0.00 sec

[HHL info]: linear system residual (e=||Ax-b||_2): 0.10850534699734207
[HHL info]: Fidelity(true_sol, hhl_sol): 0.6936500684726736
[HHL info]: L2 error (absolute): 0.0063423286295842115
[HHL info]: L2 error (relative): 0.7161007932753584
[HHL info]: L2 error (normalized): 0.5781754554299984

========================================================================================
 Compare system solutions using LU of A, LU sol of A_herm, HHL of Ax=b hermition system
LU sol 	    Herm LU sol    HHL sol    L1_diff(%)
 5.208e-05   5.208e-05   0.000e+00  1.000e+02
-2.045e-03  -2.045e-03  -1.117e-03  4.535e+01
 2.585e-03   2.585e-03   1.117e-03  5.678e+01
-2.923e-05  -2.923e-05  -0.000e+00  1.000e+02
 3.326e-03   3.326e-03   0.000e+00  1.000e+02
-4.021e-03  -4.021e-03  -1.117e-03  7.221e+01
-1.167e-03  -1.167e-03  -0.000e+00  1.000e+02
-1.657e-03  -1.657e-03  -1.117e-03  3.255e+01
-2.538e-03  -2.538e-03  -1.117e-03  5.597e+01
-4.177e-04  -4.177e-04  -0.000e+00  1.000e+02
-1.315e-03  -1.315e-03  -0.000e+00  1.000e+02
-2.253e-03  -2.253e-03  -0.000e+00  1.000e+02
-1.911e-03  -1.911e-03  -1.117e-03  4.152e+01
-2.886e-03  -2.886e-03  -1.580e-03  4.525e+01
-3.292e-03  -3.292e-03  -1.117e-03  6.606e+01
========================================================================================

step: 13/15 res:0.14264426790172066, res/res0:0.0115264663751215  dq_norm: [0.00111739 0.00223479 0.00223479]

A info: before HHL prepare:
Spectral radius (A): 2.407e+01, lambda_min:4.097134637925284
condition number(A): 5.875e+00, norm2_cond:67.380741694622
det(A): 9.816e+15
--------------------------------------------------------------------------------

A_hhl info: after scaling by spectral radius:
Spectral radius (A): 1.000e+00, lambda_min:0.1702227628334319
condition number(A): 5.875e+00, norm2_cond:67.38074169462195
det(A): 1.862e-05, nnz: 11 non zeros per row
--------------------------------------------------------------------------------

Size of A & B are not power of 2:
Next 2 power of 15 = 16
Value to be padded = 1
--------------------------------------------------

==================== Print (N)^2 padded matrix system =======================
Padded shape of A: (15, 15)x(15, 15) -> (16, 16)x(16, 16)
Padded shape of B: (15,) -> (16,)
Determinant of padded matrix: 1.86202630127409e-05
Condition # of padded matrix: 67.38074169462195


Matrix is not Hermitian. Making it Hermitian.......

==================== Print Hermitian matrix system info =======================
Shape of hermitian A: 16x16 -> 32x32
Shape of           B: 16 -> 32
Determinant of Hermitian matrix: 3.467141946636457e-10
Condition # of Hermitian matrix: 67.38074169462212

=================================== Generating HHL circuit ===================================
Time elapsed for generating HHL circuit: 3 min 34.83 sec

Generated circuit: num_qubits=14, gates=19, depth=5
============================== Generated Circuit saved ==============================

============================== Transpiling circuit ==============================
Time elapsed for transpiling the circuit:  0 min 37.89 sec
Transpiled circuit, num_qubits: 14, (original: 14)
Transpiled circuit depth: 689027 (original: 5)
Transpiled circuit gates: 689127 (original: 19)
============================== Transpiled Circuit saved ==============================
Time elapsed for running the circuit:  0 min 52.93 sec
total_qubits: 14, nq:5

Time elapsed for extracting shots-based hhl counts solution:  0 min 0.00 sec

[HHL info]: linear system residual (e=||Ax-b||_2): 0.0880664119699624
[HHL info]: Fidelity(true_sol, hhl_sol): 0.8091784374971075
[HHL info]: L2 error (absolute): 0.005015342166219529
[HHL info]: L2 error (relative): 0.7902202576954417
[HHL info]: L2 error (normalized): 0.4482332861492935

========================================================================================
 Compare system solutions using LU of A, LU sol of A_herm, HHL of Ax=b hermition system
LU sol 	    Herm LU sol    HHL sol    L1_diff(%)
 5.126e-05   5.126e-05   0.000e+00  1.000e+02
-9.275e-04  -9.275e-04  -0.000e+00  1.000e+02
 1.465e-03   1.465e-03   0.000e+00  1.000e+02
-3.019e-05  -3.019e-05  -0.000e+00  1.000e+02
 3.327e-03   3.327e-03   7.349e-04  7.791e+01
-2.906e-03  -2.906e-03  -7.349e-04  7.471e+01
-1.168e-03  -1.168e-03  -4.243e-04  6.369e+01
-5.395e-04  -5.395e-04  -0.000e+00  1.000e+02
-1.423e-03  -1.423e-03  -4.243e-04  7.018e+01
-4.186e-04  -4.186e-04  -0.000e+00  1.000e+02
-1.315e-03  -1.315e-03  -6.000e-04  5.437e+01
-2.256e-03  -2.256e-03  -4.243e-04  8.119e+01
-7.936e-04  -7.936e-04  -0.000e+00  1.000e+02
-1.305e-03  -1.305e-03  -0.000e+00  1.000e+02
-2.179e-03  -2.179e-03  -6.000e-04  7.247e+01
========================================================================================

step: 14/15 res:0.10851531656917404, res/res0:0.008768653420283436  dq_norm: [0.0004243  0.00094876 0.00112259]
Completed: 14 steps in 5827.87s
Saved metadata to /lustre/orion/ard189/proj-shared/nozzle_1d_results/nelem5_test/statevector/shots_5000/trial_4/metadata_nelem5_HHL_statevector_nshots5000.pkl

Solution summary:
  x/L: [0.1000, 0.9000]
  Mach: [1.5227, 2.1521]
  p/p_in: [0.9781, 0.3656]
  rho/rho_in: [0.9874, 0.4846]
Saved combined plot to /lustre/orion/ard189/proj-shared/nozzle_1d_results/nelem5_test/statevector/shots_5000/trial_4/solution_plot_nelem5_HHL_statevector_nshots5000.png
