
------------------------------------------------------------
Using ideal local simulator with 'statevector' method
Backend: aer_simulator_statevector
Shots: 50000
------------------------------------------------------------

A info: before HHL prepare:
Spectral radius (A): 2.241e+01, lambda_min:2.3074021727489433
condition number(A): 9.710e+00, norm2_cond:95.97789014324577
det(A): 9.333e+14
--------------------------------------------------------------------------------

A_hhl info: after scaling by spectral radius:
Spectral radius (A): 1.000e+00, lambda_min:0.1029832130561069
condition number(A): 9.710e+00, norm2_cond:95.9778901432457
det(A): 5.184e-06, nnz: 10 non zeros per row
--------------------------------------------------------------------------------

Size of A & B are not power of 2:
Next 2 power of 15 = 16
Value to be padded = 1
--------------------------------------------------

==================== Print (N)^2 padded matrix system =======================
Padded shape of A: (15, 15)x(15, 15) -> (16, 16)x(16, 16)
Padded shape of B: (15,) -> (16,)
Determinant of padded matrix: 5.183984510966138e-06
Condition # of padded matrix: 95.9778901432457


Matrix is not Hermitian. Making it Hermitian.......

==================== Print Hermitian matrix system info =======================
Shape of hermitian A: 16x16 -> 32x32
Shape of           B: 16 -> 32
Determinant of Hermitian matrix: 2.6873695409936828e-11
Condition # of Hermitian matrix: 95.9778901432459

=================================== Generating HHL circuit ===================================
Time elapsed for generating HHL circuit: 3 min 57.79 sec

Generated circuit: num_qubits=14, gates=19, depth=5
============================== Generated Circuit saved ==============================

============================== Transpiling circuit ==============================
Time elapsed for transpiling the circuit:  0 min 42.06 sec
Transpiled circuit, num_qubits: 14, (original: 14)
Transpiled circuit depth: 689027 (original: 5)
Transpiled circuit gates: 689127 (original: 19)
============================== Transpiled Circuit saved ==============================
Time elapsed for running the circuit:  1 min 2.30 sec
total_qubits: 14, nq:5

Time elapsed for extracting shots-based hhl counts solution:  0 min 0.00 sec

[HHL info]: linear system residual (e=||Ax-b||_2): 2.015488581421424
[HHL info]: Fidelity(true_sol, hhl_sol): 0.9973450736678531
[HHL info]: L2 error (absolute): 0.2744767805568912
[HHL info]: L2 error (relative): 0.10148576912003869
[HHL info]: L2 error (normalized): 0.05154309685780648

========================================================================================
 Compare system solutions using LU of A, LU sol of A_herm, HHL of Ax=b hermition system
LU sol 	    Herm LU sol    HHL sol    L1_diff(%)
-1.705e-02  -1.705e-02  -0.000e+00  1.000e+02
-7.527e-03  -7.527e-03  -0.000e+00  1.000e+02
-3.946e-02  -3.946e-02  -9.236e-02  1.340e+02
-1.283e-01  -1.283e-01  -1.306e-01  1.839e+00
-6.877e-02  -6.877e-02  -9.236e-02  3.431e+01
-2.800e-01  -2.800e-01  -2.771e-01  1.047e+00
-4.114e-01  -4.114e-01  -3.200e-01  2.224e+01
-4.227e-01  -4.227e-01  -3.330e-01  2.122e+01
-1.109e+00  -1.109e+00  -1.041e+00  6.181e+00
-5.252e-01  -5.252e-01  -4.332e-01  1.751e+01
-5.558e-01  -5.558e-01  -5.225e-01  5.989e+00
-1.428e+00  -1.428e+00  -1.286e+00  9.894e+00
-5.637e-01  -5.637e-01  -4.887e-01  1.330e+01
-5.958e-01  -5.958e-01  -5.768e-01  3.183e+00
-1.529e+00  -1.529e+00  -1.407e+00  8.007e+00
========================================================================================

step: 0/15 res:12.375368413827264, res/res0:1.0  dq_norm: [0.7388952  0.85153464 2.19152816]

A info: before HHL prepare:
Spectral radius (A): 2.345e+01, lambda_min:3.956613846489485
condition number(A): 5.926e+00, norm2_cond:63.12462788293974
det(A): 6.828e+15
--------------------------------------------------------------------------------

A_hhl info: after scaling by spectral radius:
Spectral radius (A): 1.000e+00, lambda_min:0.1687568326476977
condition number(A): 5.926e+00, norm2_cond:63.12462788293954
det(A): 1.920e-05, nnz: 11 non zeros per row
--------------------------------------------------------------------------------

Size of A & B are not power of 2:
Next 2 power of 15 = 16
Value to be padded = 1
--------------------------------------------------

==================== Print (N)^2 padded matrix system =======================
Padded shape of A: (15, 15)x(15, 15) -> (16, 16)x(16, 16)
Padded shape of B: (15,) -> (16,)
Determinant of padded matrix: 1.9201295333791603e-05
Condition # of padded matrix: 63.12462788293954


Matrix is not Hermitian. Making it Hermitian.......

==================== Print Hermitian matrix system info =======================
Shape of hermitian A: 16x16 -> 32x32
Shape of           B: 16 -> 32
Determinant of Hermitian matrix: 3.6868974249548854e-10
Condition # of Hermitian matrix: 63.124627882939755

=================================== Generating HHL circuit ===================================
Time elapsed for generating HHL circuit: 3 min 57.45 sec

Generated circuit: num_qubits=14, gates=19, depth=5
============================== Generated Circuit saved ==============================

============================== Transpiling circuit ==============================
Time elapsed for transpiling the circuit:  0 min 42.06 sec
Transpiled circuit, num_qubits: 14, (original: 14)
Transpiled circuit depth: 688517 (original: 5)
Transpiled circuit gates: 688617 (original: 19)
============================== Transpiled Circuit saved ==============================
Time elapsed for running the circuit:  1 min 2.85 sec
total_qubits: 14, nq:5

Time elapsed for extracting shots-based hhl counts solution:  0 min 0.00 sec

[HHL info]: linear system residual (e=||Ax-b||_2): 0.9907522119835486
[HHL info]: Fidelity(true_sol, hhl_sol): 0.9857121549939012
[HHL info]: L2 error (absolute): 0.06451815372278016
[HHL info]: L2 error (relative): 0.41720436191168353
[HHL info]: L2 error (normalized): 0.1197466012800132

========================================================================================
 Compare system solutions using LU of A, LU sol of A_herm, HHL of Ax=b hermition system
LU sol 	    Herm LU sol    HHL sol    L1_diff(%)
-1.239e-02  -1.239e-02  -6.406e-03  4.829e+01
-4.210e-03  -4.210e-03  -0.000e+00  1.000e+02
 6.451e-02   6.451e-02   3.680e-02  4.296e+01
 1.748e-02   1.748e-02   1.281e-02  2.669e+01
 2.230e-02   2.230e-02   9.060e-03  5.938e+01
 2.738e-02   2.738e-02   1.569e-02  4.269e+01
-6.134e-02  -6.134e-02  -3.203e-02  4.778e+01
-8.930e-02  -8.930e-02  -5.398e-02  3.955e+01
 1.064e-02   1.064e-02   6.406e-03  3.979e+01
-5.113e-02  -5.113e-02  -3.203e-02  3.736e+01
-3.116e-02  -3.116e-02  -2.125e-02  3.182e+01
-3.797e-02  -3.797e-02  -2.397e-02  3.687e+01
-2.793e-02  -2.793e-02  -2.125e-02  2.394e+01
-1.820e-02  -1.820e-02  -6.406e-03  6.481e+01
-6.288e-03  -6.288e-03  -0.000e+00  1.000e+02
========================================================================================

step: 1/15 res:2.1683870223380657, res/res0:0.1752179773424184  dq_norm: [0.05204365 0.0590616  0.04707525]

A info: before HHL prepare:
Spectral radius (A): 2.379e+01, lambda_min:4.087900716608021
condition number(A): 5.820e+00, norm2_cond:64.94050024542136
det(A): 8.938e+15
--------------------------------------------------------------------------------

A_hhl info: after scaling by spectral radius:
Spectral radius (A): 1.000e+00, lambda_min:0.17182579369905207
condition number(A): 5.820e+00, norm2_cond:64.94050024542165
det(A): 2.019e-05, nnz: 11 non zeros per row
--------------------------------------------------------------------------------

Size of A & B are not power of 2:
Next 2 power of 15 = 16
Value to be padded = 1
--------------------------------------------------

==================== Print (N)^2 padded matrix system =======================
Padded shape of A: (15, 15)x(15, 15) -> (16, 16)x(16, 16)
Padded shape of B: (15,) -> (16,)
Determinant of padded matrix: 2.0186726731456622e-05
Condition # of padded matrix: 64.94050024542165


Matrix is not Hermitian. Making it Hermitian.......

==================== Print Hermitian matrix system info =======================
Shape of hermitian A: 16x16 -> 32x32
Shape of           B: 16 -> 32
Determinant of Hermitian matrix: 4.0750393613050686e-10
Condition # of Hermitian matrix: 64.94050024542143

=================================== Generating HHL circuit ===================================
Time elapsed for generating HHL circuit: 3 min 55.39 sec

Generated circuit: num_qubits=14, gates=19, depth=5
============================== Generated Circuit saved ==============================

============================== Transpiling circuit ==============================
Time elapsed for transpiling the circuit:  0 min 42.60 sec
Transpiled circuit, num_qubits: 14, (original: 14)
Transpiled circuit depth: 689027 (original: 5)
Transpiled circuit gates: 689127 (original: 19)
============================== Transpiled Circuit saved ==============================
Time elapsed for running the circuit:  1 min 2.58 sec
total_qubits: 14, nq:5

Time elapsed for extracting shots-based hhl counts solution:  0 min 0.00 sec

[HHL info]: linear system residual (e=||Ax-b||_2): 0.7744428314640796
[HHL info]: Fidelity(true_sol, hhl_sol): 0.9561379462661386
[HHL info]: L2 error (absolute): 0.04852251294873331
[HHL info]: L2 error (relative): 0.7750101307979577
[HHL info]: L2 error (normalized): 0.21060358540141463

========================================================================================
 Compare system solutions using LU of A, LU sol of A_herm, HHL of Ax=b hermition system
LU sol 	    Herm LU sol    HHL sol    L1_diff(%)
-6.104e-03  -6.104e-03  -0.000e+00  1.000e+02
-4.502e-03  -4.502e-03  -0.000e+00  1.000e+02
 2.696e-02   2.696e-02   6.837e-03  7.464e+01
 3.989e-03   3.989e-03   0.000e+00  1.000e+02
 1.275e-02   1.275e-02   2.703e-03  7.880e+01
 1.167e-02   1.167e-02   3.418e-03  7.070e+01
-2.852e-02  -2.852e-02  -6.508e-03  7.718e+01
-3.405e-02  -3.405e-02  -8.017e-03  7.645e+01
 1.958e-03   1.958e-03   0.000e+00  1.000e+02
-1.789e-02  -1.789e-02  -2.960e-03  8.345e+01
-1.053e-02  -1.053e-02  -2.093e-03  8.012e+01
-1.346e-02  -1.346e-02  -3.418e-03  7.459e+01
-6.331e-03  -6.331e-03  -2.093e-03  6.694e+01
-1.228e-02  -1.228e-02  -2.960e-03  7.589e+01
-6.421e-03  -6.421e-03  -0.000e+00  1.000e+02
========================================================================================

step: 2/15 res:0.9741938254605407, res/res0:0.07872038980044045  dq_norm: [0.00745029 0.0092044  0.0083734 ]

A info: before HHL prepare:
Spectral radius (A): 2.385e+01, lambda_min:4.0937209061879445
condition number(A): 5.826e+00, norm2_cond:65.47246802414708
det(A): 9.177e+15
--------------------------------------------------------------------------------

A_hhl info: after scaling by spectral radius:
Spectral radius (A): 1.000e+00, lambda_min:0.17164704946977632
condition number(A): 5.826e+00, norm2_cond:65.4724680241468
det(A): 1.997e-05, nnz: 11 non zeros per row
--------------------------------------------------------------------------------

Size of A & B are not power of 2:
Next 2 power of 15 = 16
Value to be padded = 1
--------------------------------------------------

==================== Print (N)^2 padded matrix system =======================
Padded shape of A: (15, 15)x(15, 15) -> (16, 16)x(16, 16)
Padded shape of B: (15,) -> (16,)
Determinant of padded matrix: 1.9974529915952084e-05
Condition # of padded matrix: 65.4724680241468


Matrix is not Hermitian. Making it Hermitian.......

==================== Print Hermitian matrix system info =======================
Shape of hermitian A: 16x16 -> 32x32
Shape of           B: 16 -> 32
Determinant of Hermitian matrix: 3.989818453632647e-10
Condition # of Hermitian matrix: 65.4724680241468

=================================== Generating HHL circuit ===================================
Time elapsed for generating HHL circuit: 3 min 56.87 sec

Generated circuit: num_qubits=14, gates=19, depth=5
============================== Generated Circuit saved ==============================

============================== Transpiling circuit ==============================
Time elapsed for transpiling the circuit:  0 min 41.67 sec
Transpiled circuit, num_qubits: 14, (original: 14)
Transpiled circuit depth: 689027 (original: 5)
Transpiled circuit gates: 689127 (original: 19)
============================== Transpiled Circuit saved ==============================
Time elapsed for running the circuit:  1 min 2.97 sec
total_qubits: 14, nq:5

Time elapsed for extracting shots-based hhl counts solution:  0 min 0.00 sec

[HHL info]: linear system residual (e=||Ax-b||_2): 0.6411028147984557
[HHL info]: Fidelity(true_sol, hhl_sol): 0.9682071570022281
[HHL info]: L2 error (absolute): 0.039406968781653874
[HHL info]: L2 error (relative): 0.8147482323716013
[HHL info]: L2 error (normalized): 0.1790241263596815

========================================================================================
 Compare system solutions using LU of A, LU sol of A_herm, HHL of Ax=b hermition system
LU sol 	    Herm LU sol    HHL sol    L1_diff(%)
-6.112e-03  -6.112e-03  -7.670e-04  8.745e+01
-4.513e-03  -4.513e-03  -7.670e-04  8.300e+01
 2.007e-02   2.007e-02   3.911e-03  8.051e+01
 3.925e-03   3.925e-03   0.000e+00  1.000e+02
 9.973e-03   9.973e-03   2.426e-03  7.568e+01
 8.148e-03   8.148e-03   1.534e-03  8.117e+01
-2.194e-02  -2.194e-02  -4.473e-03  7.961e+01
-2.595e-02  -2.595e-02  -4.131e-03  8.408e+01
 1.624e-03   1.624e-03   0.000e+00  1.000e+02
-1.489e-02  -1.489e-02  -2.301e-03  8.454e+01
-8.459e-03  -8.459e-03  -2.029e-03  7.601e+01
-1.007e-02  -1.007e-02  -2.301e-03  7.715e+01
-4.225e-03  -4.225e-03  -1.085e-03  7.433e+01
-9.346e-03  -9.346e-03  -2.170e-03  7.679e+01
-6.367e-03  -6.367e-03  -1.085e-03  8.296e+01
========================================================================================

step: 3/15 res:0.7738586931429398, res/res0:0.0625321741757838  dq_norm: [0.00520228 0.00568848 0.00491142]

A info: before HHL prepare:
Spectral radius (A): 2.389e+01, lambda_min:4.098840947934506
condition number(A): 5.829e+00, norm2_cond:65.81955500053836
det(A): 9.351e+15
--------------------------------------------------------------------------------

A_hhl info: after scaling by spectral radius:
Spectral radius (A): 1.000e+00, lambda_min:0.1715468595365739
condition number(A): 5.829e+00, norm2_cond:65.81955500053841
det(A): 1.980e-05, nnz: 11 non zeros per row
--------------------------------------------------------------------------------

Size of A & B are not power of 2:
Next 2 power of 15 = 16
Value to be padded = 1
--------------------------------------------------

==================== Print (N)^2 padded matrix system =======================
Padded shape of A: (15, 15)x(15, 15) -> (16, 16)x(16, 16)
Padded shape of B: (15,) -> (16,)
Determinant of padded matrix: 1.9800995942462405e-05
Condition # of padded matrix: 65.81955500053841


Matrix is not Hermitian. Making it Hermitian.......

==================== Print Hermitian matrix system info =======================
Shape of hermitian A: 16x16 -> 32x32
Shape of           B: 16 -> 32
Determinant of Hermitian matrix: 3.9207944031341407e-10
Condition # of Hermitian matrix: 65.81955500053844

=================================== Generating HHL circuit ===================================
Time elapsed for generating HHL circuit: 3 min 54.97 sec

Generated circuit: num_qubits=14, gates=19, depth=5
============================== Generated Circuit saved ==============================

============================== Transpiling circuit ==============================
Time elapsed for transpiling the circuit:  0 min 42.25 sec
Transpiled circuit, num_qubits: 14, (original: 14)
Transpiled circuit depth: 689027 (original: 5)
Transpiled circuit gates: 689127 (original: 19)
============================== Transpiled Circuit saved ==============================
Time elapsed for running the circuit:  1 min 2.89 sec
total_qubits: 14, nq:5

Time elapsed for extracting shots-based hhl counts solution:  0 min 0.00 sec

[HHL info]: linear system residual (e=||Ax-b||_2): 0.2409102990877106
[HHL info]: Fidelity(true_sol, hhl_sol): 0.9728194570677823
[HHL info]: L2 error (absolute): 0.014427037495058727
[HHL info]: L2 error (relative): 0.3669460959123713
[HHL info]: L2 error (normalized): 0.1654321369660349

========================================================================================
 Compare system solutions using LU of A, LU sol of A_herm, HHL of Ax=b hermition system
LU sol 	    Herm LU sol    HHL sol    L1_diff(%)
-5.347e-03  -5.347e-03  -2.960e-03  4.464e+01
-3.750e-03  -3.750e-03  -2.093e-03  4.419e+01
 1.613e-02   1.613e-02   1.025e-02  3.642e+01
 3.897e-03   3.897e-03   2.960e-03  2.405e+01
 7.519e-03   7.519e-03   5.127e-03  3.182e+01
 6.575e-03   6.575e-03   3.625e-03  4.487e+01
-1.742e-02  -1.742e-02  -1.047e-02  3.991e+01
-2.178e-02  -2.178e-02  -1.700e-02  2.193e+01
 1.410e-03   1.410e-03   2.093e-03  4.849e+01
-1.255e-02  -1.255e-02  -6.942e-03  4.470e+01
-6.430e-03  -6.430e-03  -4.186e-03  3.489e+01
-7.790e-03  -7.790e-03  -4.186e-03  4.626e+01
-3.122e-03  -3.122e-03  -2.093e-03  3.295e+01
-7.186e-03  -7.186e-03  -2.960e-03  5.881e+01
-5.234e-03  -5.234e-03  -2.093e-03  6.001e+01
========================================================================================

step: 4/15 res:0.6407719545712239, res/res0:0.051778010411009316  dq_norm: [0.01340205 0.01860343 0.01202365]

A info: before HHL prepare:
Spectral radius (A): 2.398e+01, lambda_min:4.102668645458952
condition number(A): 5.846e+00, norm2_cond:66.68855637041375
det(A): 9.666e+15
--------------------------------------------------------------------------------

A_hhl info: after scaling by spectral radius:
Spectral radius (A): 1.000e+00, lambda_min:0.1710614598305016
condition number(A): 5.846e+00, norm2_cond:66.68855637041376
det(A): 1.934e-05, nnz: 11 non zeros per row
--------------------------------------------------------------------------------

Size of A & B are not power of 2:
Next 2 power of 15 = 16
Value to be padded = 1
--------------------------------------------------

==================== Print (N)^2 padded matrix system =======================
Padded shape of A: (15, 15)x(15, 15) -> (16, 16)x(16, 16)
Padded shape of B: (15,) -> (16,)
Determinant of padded matrix: 1.934323841629745e-05
Condition # of padded matrix: 66.68855637041376


Matrix is not Hermitian. Making it Hermitian.......

==================== Print Hermitian matrix system info =======================
Shape of hermitian A: 16x16 -> 32x32
Shape of           B: 16 -> 32
Determinant of Hermitian matrix: 3.741608724297281e-10
Condition # of Hermitian matrix: 66.6885563704139

=================================== Generating HHL circuit ===================================
Time elapsed for generating HHL circuit: 3 min 57.07 sec

Generated circuit: num_qubits=14, gates=19, depth=5
============================== Generated Circuit saved ==============================

============================== Transpiling circuit ==============================
Time elapsed for transpiling the circuit:  0 min 41.51 sec
Transpiled circuit, num_qubits: 14, (original: 14)
Transpiled circuit depth: 689027 (original: 5)
Transpiled circuit gates: 689127 (original: 19)
============================== Transpiled Circuit saved ==============================
Time elapsed for running the circuit:  1 min 2.71 sec
total_qubits: 14, nq:5

Time elapsed for extracting shots-based hhl counts solution:  0 min 0.00 sec

[HHL info]: linear system residual (e=||Ax-b||_2): 0.1412722952999225
[HHL info]: Fidelity(true_sol, hhl_sol): 0.9599517712034034
[HHL info]: L2 error (absolute): 0.009359674291292789
[HHL info]: L2 error (relative): 0.6544496552576127
[HHL info]: L2 error (normalized): 0.20114032340903412

========================================================================================
 Compare system solutions using LU of A, LU sol of A_herm, HHL of Ax=b hermition system
LU sol 	    Herm LU sol    HHL sol    L1_diff(%)
-2.396e-03  -2.396e-03  -4.599e-04  8.080e+01
-1.676e-03  -1.676e-03  -6.504e-04  6.119e+01
 5.799e-03   5.799e-03   2.300e-03  6.035e+01
 8.709e-04   8.709e-04   0.000e+00  1.000e+02
 2.352e-03   2.352e-03   1.028e-03  5.627e+01
 2.898e-03   2.898e-03   7.966e-04  7.251e+01
-6.896e-03  -6.896e-03  -2.642e-03  6.169e+01
-4.682e-03  -4.682e-03  -1.301e-03  7.222e+01
-1.028e-03  -1.028e-03  -0.000e+00  1.000e+02
-5.545e-03  -5.545e-03  -1.781e-03  6.787e+01
-2.266e-03  -2.266e-03  -1.028e-03  5.461e+01
-3.585e-03  -3.585e-03  -1.028e-03  7.131e+01
-1.002e-03  -1.002e-03  -0.000e+00  1.000e+02
-4.256e-03  -4.256e-03  -1.781e-03  5.814e+01
-3.047e-03  -3.047e-03  -1.127e-03  6.303e+01
========================================================================================

step: 5/15 res:0.23872905706024858, res/res0:0.01929066263542599  dq_norm: [0.00321955 0.00272102 0.0028723 ]

A info: before HHL prepare:
Spectral radius (A): 2.401e+01, lambda_min:4.100518483151329
condition number(A): 5.857e+00, norm2_cond:66.9769978613202
det(A): 9.715e+15
--------------------------------------------------------------------------------

A_hhl info: after scaling by spectral radius:
Spectral radius (A): 1.000e+00, lambda_min:0.17074937794229494
condition number(A): 5.857e+00, norm2_cond:66.97699786132036
det(A): 1.907e-05, nnz: 11 non zeros per row
--------------------------------------------------------------------------------

Size of A & B are not power of 2:
Next 2 power of 15 = 16
Value to be padded = 1
--------------------------------------------------

==================== Print (N)^2 padded matrix system =======================
Padded shape of A: (15, 15)x(15, 15) -> (16, 16)x(16, 16)
Padded shape of B: (15,) -> (16,)
Determinant of padded matrix: 1.9065678181647387e-05
Condition # of padded matrix: 66.97699786132036


Matrix is not Hermitian. Making it Hermitian.......

==================== Print Hermitian matrix system info =======================
Shape of hermitian A: 16x16 -> 32x32
Shape of           B: 16 -> 32
Determinant of Hermitian matrix: 3.6350008452614266e-10
Condition # of Hermitian matrix: 66.97699786132009

=================================== Generating HHL circuit ===================================
Time elapsed for generating HHL circuit: 3 min 55.18 sec

Generated circuit: num_qubits=14, gates=19, depth=5
============================== Generated Circuit saved ==============================

============================== Transpiling circuit ==============================
Time elapsed for transpiling the circuit:  0 min 42.25 sec
Transpiled circuit, num_qubits: 14, (original: 14)
Transpiled circuit depth: 689027 (original: 5)
Transpiled circuit gates: 689127 (original: 19)
============================== Transpiled Circuit saved ==============================
Time elapsed for running the circuit:  1 min 2.70 sec
total_qubits: 14, nq:5

Time elapsed for extracting shots-based hhl counts solution:  0 min 0.00 sec

[HHL info]: linear system residual (e=||Ax-b||_2): 0.06321414968458364
[HHL info]: Fidelity(true_sol, hhl_sol): 0.9618863347326978
[HHL info]: L2 error (absolute): 0.004175010514832935
[HHL info]: L2 error (relative): 0.4472608167818595
[HHL info]: L2 error (normalized): 0.19617318435102474

========================================================================================
 Compare system solutions using LU of A, LU sol of A_herm, HHL of Ax=b hermition system
LU sol 	    Herm LU sol    HHL sol    L1_diff(%)
-1.936e-03  -1.936e-03  -1.305e-03  3.259e+01
-1.027e-03  -1.027e-03  -7.535e-04  2.660e+01
 3.493e-03   3.493e-03   1.896e-03  4.571e+01
 8.760e-04   8.760e-04   4.350e-04  5.034e+01
 1.328e-03   1.328e-03   8.701e-04  3.448e+01
 2.115e-03   2.115e-03   8.701e-04  5.887e+01
-4.233e-03  -4.233e-03  -2.717e-03  3.582e+01
-3.383e-03  -3.383e-03  -1.946e-03  4.249e+01
-1.060e-03  -1.060e-03  -9.728e-04  8.269e+00
-3.747e-03  -3.747e-03  -2.261e-03  3.967e+01
-1.229e-03  -1.229e-03  -7.535e-04  3.869e+01
-2.544e-03  -2.544e-03  -1.376e-03  4.592e+01
-9.830e-04  -9.830e-04  -4.350e-04  5.574e+01
-2.472e-03  -2.472e-03  -6.152e-04  7.511e+01
-1.882e-03  -1.882e-03  -1.151e-03  3.883e+01
========================================================================================

step: 6/15 res:0.14110673161551554, res/res0:0.011402224717435804  dq_norm: [0.00381747 0.00246097 0.00291835]

A info: before HHL prepare:
Spectral radius (A): 2.405e+01, lambda_min:4.111348464409343
condition number(A): 5.850e+00, norm2_cond:67.13269582564186
det(A): 9.890e+15
--------------------------------------------------------------------------------

A_hhl info: after scaling by spectral radius:
Spectral radius (A): 1.000e+00, lambda_min:0.17094414370840988
condition number(A): 5.850e+00, norm2_cond:67.13269582564178
det(A): 1.898e-05, nnz: 11 non zeros per row
--------------------------------------------------------------------------------

Size of A & B are not power of 2:
Next 2 power of 15 = 16
Value to be padded = 1
--------------------------------------------------

==================== Print (N)^2 padded matrix system =======================
Padded shape of A: (15, 15)x(15, 15) -> (16, 16)x(16, 16)
Padded shape of B: (15,) -> (16,)
Determinant of padded matrix: 1.8978559232583534e-05
Condition # of padded matrix: 67.13269582564178


Matrix is not Hermitian. Making it Hermitian.......

==================== Print Hermitian matrix system info =======================
Shape of hermitian A: 16x16 -> 32x32
Shape of           B: 16 -> 32
Determinant of Hermitian matrix: 3.6018571054468167e-10
Condition # of Hermitian matrix: 67.13269582564175

=================================== Generating HHL circuit ===================================
Time elapsed for generating HHL circuit: 3 min 55.59 sec

Generated circuit: num_qubits=14, gates=19, depth=5
============================== Generated Circuit saved ==============================

============================== Transpiling circuit ==============================
Time elapsed for transpiling the circuit:  0 min 41.50 sec
Transpiled circuit, num_qubits: 14, (original: 14)
Transpiled circuit depth: 689027 (original: 5)
Transpiled circuit gates: 689127 (original: 19)
============================== Transpiled Circuit saved ==============================
Time elapsed for running the circuit:  1 min 2.04 sec
total_qubits: 14, nq:5

Time elapsed for extracting shots-based hhl counts solution:  0 min 0.00 sec

[HHL info]: linear system residual (e=||Ax-b||_2): 0.026583446257318608
[HHL info]: Fidelity(true_sol, hhl_sol): 0.9817595237837226
[HHL info]: L2 error (absolute): 0.0016903707776490388
[HHL info]: L2 error (relative): 0.40582999042313594
[HHL info]: L2 error (normalized): 0.13536773001603988

========================================================================================
 Compare system solutions using LU of A, LU sol of A_herm, HHL of Ax=b hermition system
LU sol 	    Herm LU sol    HHL sol    L1_diff(%)
-6.307e-04  -6.307e-04  -3.968e-04  3.709e+01
-2.739e-04  -2.739e-04  -1.984e-04  2.756e+01
 1.592e-03   1.592e-03   1.031e-03  3.524e+01
 4.436e-04   4.436e-04   2.806e-04  3.675e+01
 4.620e-04   4.620e-04   1.984e-04  5.705e+01
 1.255e-03   1.255e-03   9.720e-04  2.256e+01
-1.503e-03  -1.503e-03  -9.515e-04  3.671e+01
-1.435e-03  -1.435e-03  -8.180e-04  4.299e+01
-9.762e-05  -9.762e-05  -0.000e+00  1.000e+02
-1.477e-03  -1.477e-03  -7.424e-04  4.974e+01
-4.755e-04  -4.755e-04  -1.984e-04  5.828e+01
-1.163e-03  -1.163e-03  -5.612e-04  5.173e+01
-5.451e-04  -5.451e-04  -3.436e-04  3.695e+01
-1.857e-03  -1.857e-03  -1.140e-03  3.861e+01
-7.246e-04  -7.246e-04  -4.436e-04  3.878e+01
========================================================================================

step: 7/15 res:0.06300937147349729, res/res0:0.005091514803154917  dq_norm: [0.00134563 0.00144439 0.00158722]

A info: before HHL prepare:
Spectral radius (A): 2.406e+01, lambda_min:4.108849077032096
condition number(A): 5.856e+00, norm2_cond:67.28069374667035
det(A): 9.902e+15
--------------------------------------------------------------------------------

A_hhl info: after scaling by spectral radius:
Spectral radius (A): 1.000e+00, lambda_min:0.1707576082500356
condition number(A): 5.856e+00, norm2_cond:67.28069374667027
det(A): 1.886e-05, nnz: 11 non zeros per row
--------------------------------------------------------------------------------

Size of A & B are not power of 2:
Next 2 power of 15 = 16
Value to be padded = 1
--------------------------------------------------

==================== Print (N)^2 padded matrix system =======================
Padded shape of A: (15, 15)x(15, 15) -> (16, 16)x(16, 16)
Padded shape of B: (15,) -> (16,)
Determinant of padded matrix: 1.8863974243176694e-05
Condition # of padded matrix: 67.28069374667027


Matrix is not Hermitian. Making it Hermitian.......

==================== Print Hermitian matrix system info =======================
Shape of hermitian A: 16x16 -> 32x32
Shape of           B: 16 -> 32
Determinant of Hermitian matrix: 3.558495242472325e-10
Condition # of Hermitian matrix: 67.28069374667038

=================================== Generating HHL circuit ===================================
Time elapsed for generating HHL circuit: 3 min 54.56 sec

Generated circuit: num_qubits=14, gates=19, depth=5
============================== Generated Circuit saved ==============================

============================== Transpiling circuit ==============================
Time elapsed for transpiling the circuit:  0 min 41.68 sec
Transpiled circuit, num_qubits: 14, (original: 14)
Transpiled circuit depth: 689027 (original: 5)
Transpiled circuit gates: 689127 (original: 19)
============================== Transpiled Circuit saved ==============================
Time elapsed for running the circuit:  1 min 3.10 sec
total_qubits: 14, nq:5

Time elapsed for extracting shots-based hhl counts solution:  0 min 0.00 sec

[HHL info]: linear system residual (e=||Ax-b||_2): 0.010286470607437245
[HHL info]: Fidelity(true_sol, hhl_sol): 0.9740240011464744
[HHL info]: L2 error (absolute): 0.0006813495249644976
[HHL info]: L2 error (relative): 0.40388573739780625
[HHL info]: L2 error (normalized): 0.1617000746232266

========================================================================================
 Compare system solutions using LU of A, LU sol of A_herm, HHL of Ax=b hermition system
LU sol 	    Herm LU sol    HHL sol    L1_diff(%)
-2.340e-04  -2.340e-04  -1.650e-04  2.948e+01
-7.567e-05  -7.567e-05  -0.000e+00  1.000e+02
 5.602e-04   5.602e-04   3.087e-04  4.490e+01
 1.630e-04   1.630e-04   0.000e+00  1.000e+02
 2.639e-04   2.639e-04   1.429e-04  4.585e+01
 2.839e-04   2.839e-04   1.429e-04  4.966e+01
-5.506e-04  -5.506e-04  -2.736e-04  5.031e+01
-6.166e-04  -6.166e-04  -4.041e-04  3.446e+01
-9.982e-05  -9.982e-05  -0.000e+00  1.000e+02
-7.328e-04  -7.328e-04  -4.950e-04  3.246e+01
-2.766e-04  -2.766e-04  -1.650e-04  4.035e+01
-5.995e-04  -5.995e-04  -4.041e-04  3.259e+01
-1.993e-04  -1.993e-04  -1.167e-04  4.145e+01
-7.167e-04  -7.167e-04  -4.593e-04  3.592e+01
-2.743e-04  -2.743e-04  -1.429e-04  4.792e+01
========================================================================================

step: 8/15 res:0.02655498096809615, res/res0:0.0021457931659170405  dq_norm: [0.00060055 0.00064954 0.00054719]

A info: before HHL prepare:
Spectral radius (A): 2.407e+01, lambda_min:4.108057469131349
condition number(A): 5.858e+00, norm2_cond:67.35174201617222
det(A): 9.907e+15
--------------------------------------------------------------------------------

A_hhl info: after scaling by spectral radius:
Spectral radius (A): 1.000e+00, lambda_min:0.17070039722611477
condition number(A): 5.858e+00, norm2_cond:67.351742016172
det(A): 1.883e-05, nnz: 11 non zeros per row
--------------------------------------------------------------------------------

Size of A & B are not power of 2:
Next 2 power of 15 = 16
Value to be padded = 1
--------------------------------------------------

==================== Print (N)^2 padded matrix system =======================
Padded shape of A: (15, 15)x(15, 15) -> (16, 16)x(16, 16)
Padded shape of B: (15,) -> (16,)
Determinant of padded matrix: 1.8832816878621693e-05
Condition # of padded matrix: 67.351742016172


Matrix is not Hermitian. Making it Hermitian.......

==================== Print Hermitian matrix system info =======================
Shape of hermitian A: 16x16 -> 32x32
Shape of           B: 16 -> 32
Determinant of Hermitian matrix: 3.5467499158369816e-10
Condition # of Hermitian matrix: 67.35174201617204

=================================== Generating HHL circuit ===================================
Time elapsed for generating HHL circuit: 3 min 55.56 sec

Generated circuit: num_qubits=14, gates=19, depth=5
============================== Generated Circuit saved ==============================

============================== Transpiling circuit ==============================
Time elapsed for transpiling the circuit:  0 min 41.28 sec
Transpiled circuit, num_qubits: 14, (original: 14)
Transpiled circuit depth: 689027 (original: 5)
Transpiled circuit gates: 689127 (original: 19)
============================== Transpiled Circuit saved ==============================
Time elapsed for running the circuit:  1 min 2.66 sec
total_qubits: 14, nq:5

Time elapsed for extracting shots-based hhl counts solution:  0 min 0.00 sec

[HHL info]: linear system residual (e=||Ax-b||_2): 0.003134182794018136
[HHL info]: Fidelity(true_sol, hhl_sol): 0.9712647470960984
[HHL info]: L2 error (absolute): 0.0002247439673165
[HHL info]: L2 error (relative): 0.3301728218934609
[HHL info]: L2 error (normalized): 0.17013142521305338

========================================================================================
 Compare system solutions using LU of A, LU sol of A_herm, HHL of Ax=b hermition system
LU sol 	    Herm LU sol    HHL sol    L1_diff(%)
-6.898e-05  -6.898e-05  -7.332e-05  6.290e+00
-7.569e-05  -7.569e-05  -6.349e-05  1.611e+01
 2.514e-04   2.514e-04   1.680e-04  3.318e+01
 1.629e-04   1.629e-04   1.159e-04  2.885e+01
 1.210e-04   1.210e-04   5.184e-05  5.715e+01
 1.410e-04   1.410e-04   1.159e-04  1.779e+01
-2.768e-04  -2.768e-04  -2.041e-04  2.627e+01
-2.125e-04  -2.125e-04  -1.322e-04  3.779e+01
-1.002e-04  -1.002e-04  -8.197e-05  1.818e+01
-2.374e-04  -2.374e-04  -1.598e-04  3.270e+01
-1.115e-04  -1.115e-04  -9.699e-05  1.302e+01
-1.949e-04  -1.949e-04  -1.466e-04  2.477e+01
-8.214e-05  -8.214e-05  -0.000e+00  1.000e+02
-2.574e-04  -2.574e-04  -1.796e-04  3.023e+01
-1.301e-04  -1.301e-04  -8.197e-05  3.702e+01
========================================================================================

step: 9/15 res:0.010281205928126862, res/res0:0.000830779786453828  dq_norm: [0.00029327 0.00025661 0.00027677]

A info: before HHL prepare:
Spectral radius (A): 2.407e+01, lambda_min:4.107258304117012
condition number(A): 5.860e+00, norm2_cond:67.37780328457168
det(A): 9.904e+15
--------------------------------------------------------------------------------

A_hhl info: after scaling by spectral radius:
Spectral radius (A): 1.000e+00, lambda_min:0.1706524985983673
condition number(A): 5.860e+00, norm2_cond:67.37780328457161
det(A): 1.880e-05, nnz: 11 non zeros per row
--------------------------------------------------------------------------------

Size of A & B are not power of 2:
Next 2 power of 15 = 16
Value to be padded = 1
--------------------------------------------------

==================== Print (N)^2 padded matrix system =======================
Padded shape of A: (15, 15)x(15, 15) -> (16, 16)x(16, 16)
Padded shape of B: (15,) -> (16,)
Determinant of padded matrix: 1.8802603055526334e-05
Condition # of padded matrix: 67.37780328457161


Matrix is not Hermitian. Making it Hermitian.......

==================== Print Hermitian matrix system info =======================
Shape of hermitian A: 16x16 -> 32x32
Shape of           B: 16 -> 32
Determinant of Hermitian matrix: 3.5353788166368827e-10
Condition # of Hermitian matrix: 67.37780328457193

=================================== Generating HHL circuit ===================================
Time elapsed for generating HHL circuit: 3 min 54.42 sec

Generated circuit: num_qubits=14, gates=19, depth=5
============================== Generated Circuit saved ==============================

============================== Transpiling circuit ==============================
Time elapsed for transpiling the circuit:  0 min 41.63 sec
Transpiled circuit, num_qubits: 14, (original: 14)
Transpiled circuit depth: 689027 (original: 5)
Transpiled circuit gates: 689127 (original: 19)
============================== Transpiled Circuit saved ==============================
Time elapsed for running the circuit:  1 min 2.21 sec
total_qubits: 14, nq:5

Time elapsed for extracting shots-based hhl counts solution:  0 min 0.00 sec

[HHL info]: linear system residual (e=||Ax-b||_2): 0.0021596375773176003
[HHL info]: Fidelity(true_sol, hhl_sol): 0.9813548676413021
[HHL info]: L2 error (absolute): 0.00016017498810990226
[HHL info]: L2 error (relative): 0.7129533134654383
[HHL info]: L2 error (normalized): 0.13686804737292604

========================================================================================
 Compare system solutions using LU of A, LU sol of A_herm, HHL of Ax=b hermition system
LU sol 	    Herm LU sol    HHL sol    L1_diff(%)
 4.333e-06   4.333e-06   0.000e+00  1.000e+02
-1.221e-05  -1.221e-05  -5.012e-06  5.895e+01
 8.340e-05   8.340e-05   2.241e-05  7.312e+01
 4.702e-05   4.702e-05   1.326e-05  7.180e+01
 6.918e-05   6.918e-05   1.807e-05  7.388e+01
 2.514e-05   2.514e-05   5.012e-06  8.006e+01
-7.268e-05  -7.268e-05  -2.067e-05  7.157e+01
-8.028e-05  -8.028e-05  -2.241e-05  7.208e+01
-1.827e-05  -1.827e-05  -5.012e-06  7.257e+01
-7.761e-05  -7.761e-05  -2.297e-05  7.041e+01
-1.450e-05  -1.450e-05  -0.000e+00  1.000e+02
-4.823e-05  -4.823e-05  -1.504e-05  6.882e+01
-8.210e-05  -8.210e-05  -2.126e-05  7.410e+01
-7.781e-05  -7.781e-05  -2.835e-05  6.356e+01
-4.804e-05  -4.804e-05  -1.585e-05  6.700e+01
========================================================================================

step: 10/15 res:0.0031340228213534173, res/res0:0.00025324683003794104  dq_norm: [3.97823924e-05 4.07185768e-05 3.20931651e-05]

A info: before HHL prepare:
Spectral radius (A): 2.407e+01, lambda_min:4.10736641032585
condition number(A): 5.860e+00, norm2_cond:67.38058789616088
det(A): 9.906e+15
--------------------------------------------------------------------------------

A_hhl info: after scaling by spectral radius:
Spectral radius (A): 1.000e+00, lambda_min:0.1706552142848916
condition number(A): 5.860e+00, norm2_cond:67.38058789616109
det(A): 1.880e-05, nnz: 11 non zeros per row
--------------------------------------------------------------------------------

Size of A & B are not power of 2:
Next 2 power of 15 = 16
Value to be padded = 1
--------------------------------------------------

==================== Print (N)^2 padded matrix system =======================
Padded shape of A: (15, 15)x(15, 15) -> (16, 16)x(16, 16)
Padded shape of B: (15,) -> (16,)
Determinant of padded matrix: 1.8802954590980424e-05
Condition # of padded matrix: 67.38058789616109


Matrix is not Hermitian. Making it Hermitian.......

==================== Print Hermitian matrix system info =======================
Shape of hermitian A: 16x16 -> 32x32
Shape of           B: 16 -> 32
Determinant of Hermitian matrix: 3.535511013504692e-10
Condition # of Hermitian matrix: 67.38058789616106

=================================== Generating HHL circuit ===================================
Time elapsed for generating HHL circuit: 3 min 50.03 sec

Generated circuit: num_qubits=14, gates=19, depth=5
============================== Generated Circuit saved ==============================

============================== Transpiling circuit ==============================
Time elapsed for transpiling the circuit:  0 min 41.34 sec
Transpiled circuit, num_qubits: 14, (original: 14)
Transpiled circuit depth: 689027 (original: 5)
Transpiled circuit gates: 689127 (original: 19)
============================== Transpiled Circuit saved ==============================
Time elapsed for running the circuit:  1 min 2.79 sec
total_qubits: 14, nq:5

Time elapsed for extracting shots-based hhl counts solution:  0 min 0.00 sec

[HHL info]: linear system residual (e=||Ax-b||_2): 0.0014676108423990867
[HHL info]: Fidelity(true_sol, hhl_sol): 0.962474931258735
[HHL info]: L2 error (absolute): 0.00011191499141893656
[HHL info]: L2 error (relative): 0.6987120968097411
[HHL info]: L2 error (normalized): 0.19463778039651614

========================================================================================
 Compare system solutions using LU of A, LU sol of A_herm, HHL of Ax=b hermition system
LU sol 	    Herm LU sol    HHL sol    L1_diff(%)
 4.332e-06   4.332e-06   0.000e+00  1.000e+02
-7.198e-06  -7.198e-06  -0.000e+00  1.000e+02
 6.098e-05   6.098e-05   1.728e-05  7.166e+01
 3.376e-05   3.376e-05   7.729e-06  7.711e+01
 5.111e-05   5.111e-05   1.339e-05  7.380e+01
 2.013e-05   2.013e-05   4.888e-06  7.572e+01
-5.201e-05  -5.201e-05  -1.621e-05  6.883e+01
-5.786e-05  -5.786e-05  -2.240e-05  6.128e+01
-1.326e-05  -1.326e-05  -6.913e-06  4.787e+01
-5.464e-05  -5.464e-05  -1.693e-05  6.901e+01
-1.450e-05  -1.450e-05  -0.000e+00  1.000e+02
-3.319e-05  -3.319e-05  -1.425e-05  5.706e+01
-6.083e-05  -6.083e-05  -1.829e-05  6.993e+01
-4.946e-05  -4.946e-05  -1.383e-05  7.205e+01
-3.219e-05  -3.219e-05  -8.467e-06  7.370e+01
========================================================================================

step: 11/15 res:0.0021596242121408376, res/res0:0.00017450989254815585  dq_norm: [3.07228434e-05 2.95331174e-05 2.54006448e-05]

A info: before HHL prepare:
Spectral radius (A): 2.407e+01, lambda_min:4.107514195156546
condition number(A): 5.860e+00, norm2_cond:67.38191097750868
det(A): 9.908e+15
--------------------------------------------------------------------------------

A_hhl info: after scaling by spectral radius:
Spectral radius (A): 1.000e+00, lambda_min:0.17065996357718863
condition number(A): 5.860e+00, norm2_cond:67.38191097750877
det(A): 1.880e-05, nnz: 11 non zeros per row
--------------------------------------------------------------------------------

Size of A & B are not power of 2:
Next 2 power of 15 = 16
Value to be padded = 1
--------------------------------------------------

==================== Print (N)^2 padded matrix system =======================
Padded shape of A: (15, 15)x(15, 15) -> (16, 16)x(16, 16)
Padded shape of B: (15,) -> (16,)
Determinant of padded matrix: 1.8804437568302936e-05
Condition # of padded matrix: 67.38191097750877


Matrix is not Hermitian. Making it Hermitian.......

==================== Print Hermitian matrix system info =======================
Shape of hermitian A: 16x16 -> 32x32
Shape of           B: 16 -> 32
Determinant of Hermitian matrix: 3.536068722602028e-10
Condition # of Hermitian matrix: 67.38191097750891

=================================== Generating HHL circuit ===================================
Time elapsed for generating HHL circuit: 3 min 49.28 sec

Generated circuit: num_qubits=14, gates=19, depth=5
============================== Generated Circuit saved ==============================

============================== Transpiling circuit ==============================
Time elapsed for transpiling the circuit:  0 min 41.59 sec
Transpiled circuit, num_qubits: 14, (original: 14)
Transpiled circuit depth: 689027 (original: 5)
Transpiled circuit gates: 689127 (original: 19)
============================== Transpiled Circuit saved ==============================
Time elapsed for running the circuit:  1 min 2.20 sec
total_qubits: 14, nq:5

Time elapsed for extracting shots-based hhl counts solution:  0 min 0.00 sec

[HHL info]: linear system residual (e=||Ax-b||_2): 0.001404583779280029
[HHL info]: Fidelity(true_sol, hhl_sol): 0.9845558714545
[HHL info]: L2 error (absolute): 0.00010690617328945181
[HHL info]: L2 error (relative): 0.9552558862626245
[HHL info]: L2 error (normalized): 0.12451595793744039

========================================================================================
 Compare system solutions using LU of A, LU sol of A_herm, HHL of Ax=b hermition system
LU sol 	    Herm LU sol    HHL sol    L1_diff(%)
 4.332e-06   4.332e-06   3.435e-07  9.207e+01
-7.198e-06  -7.198e-06  -0.000e+00  1.000e+02
 4.370e-05   4.370e-05   2.089e-06  9.522e+01
 2.603e-05   2.603e-05   1.139e-06  9.562e+01
 3.772e-05   3.772e-05   1.752e-06  9.536e+01
 1.524e-05   1.524e-05   7.681e-07  9.496e+01
-3.579e-05  -3.579e-05  -1.374e-06  9.616e+01
-3.546e-05  -3.546e-05  -1.718e-06  9.516e+01
-6.348e-06  -6.348e-06  -5.950e-07  9.063e+01
-3.771e-05  -3.771e-05  -1.647e-06  9.563e+01
-1.450e-05  -1.450e-05  -4.858e-07  9.665e+01
-1.894e-05  -1.894e-05  -9.088e-07  9.520e+01
-4.254e-05  -4.254e-05  -1.752e-06  9.588e+01
-3.564e-05  -3.564e-05  -1.611e-06  9.548e+01
-2.372e-05  -2.372e-05  -1.190e-06  9.498e+01
========================================================================================

step: 12/15 res:0.001467603242284061, res/res0:0.00011859067085584914  dq_norm: [3.01423365e-06 2.97483021e-06 2.74803043e-06]

A info: before HHL prepare:
Spectral radius (A): 2.407e+01, lambda_min:4.107526002873516
condition number(A): 5.860e+00, norm2_cond:67.38204213257973
det(A): 9.908e+15
--------------------------------------------------------------------------------

A_hhl info: after scaling by spectral radius:
Spectral radius (A): 1.000e+00, lambda_min:0.17066033344293532
condition number(A): 5.860e+00, norm2_cond:67.38204213257961
det(A): 1.880e-05, nnz: 11 non zeros per row
--------------------------------------------------------------------------------

Size of A & B are not power of 2:
Next 2 power of 15 = 16
Value to be padded = 1
--------------------------------------------------

==================== Print (N)^2 padded matrix system =======================
Padded shape of A: (15, 15)x(15, 15) -> (16, 16)x(16, 16)
Padded shape of B: (15,) -> (16,)
Determinant of padded matrix: 1.8804553936893207e-05
Condition # of padded matrix: 67.38204213257961


Matrix is not Hermitian. Making it Hermitian.......

==================== Print Hermitian matrix system info =======================
Shape of hermitian A: 16x16 -> 32x32
Shape of           B: 16 -> 32
Determinant of Hermitian matrix: 3.536112487655245e-10
Condition # of Hermitian matrix: 67.38204213257973

=================================== Generating HHL circuit ===================================
Time elapsed for generating HHL circuit: 3 min 50.10 sec

Generated circuit: num_qubits=14, gates=19, depth=5
============================== Generated Circuit saved ==============================

============================== Transpiling circuit ==============================
Time elapsed for transpiling the circuit:  0 min 41.34 sec
Transpiled circuit, num_qubits: 14, (original: 14)
Transpiled circuit depth: 689027 (original: 5)
Transpiled circuit gates: 689127 (original: 19)
============================== Transpiled Circuit saved ==============================
Time elapsed for running the circuit:  1 min 2.61 sec
total_qubits: 14, nq:5

Time elapsed for extracting shots-based hhl counts solution:  0 min 0.00 sec

[HHL info]: linear system residual (e=||Ax-b||_2): 0.0012248004732544773
[HHL info]: Fidelity(true_sol, hhl_sol): 0.9825636971924059
[HHL info]: L2 error (absolute): 9.43108461695141e-05
[HHL info]: L2 error (relative): 0.8821839265713782
[HHL info]: L2 error (normalized): 0.13233661214370965

========================================================================================
 Compare system solutions using LU of A, LU sol of A_herm, HHL of Ax=b hermition system
LU sol 	    Herm LU sol    HHL sol    L1_diff(%)
 3.989e-06   3.989e-06   0.000e+00  1.000e+02
-7.198e-06  -7.198e-06  -1.186e-06  8.352e+01
 4.161e-05   4.161e-05   5.033e-06  8.790e+01
 2.489e-05   2.489e-05   3.024e-06  8.785e+01
 3.597e-05   3.597e-05   3.844e-06  8.931e+01
 1.447e-05   1.447e-05   1.186e-06  9.180e+01
-3.442e-05  -3.442e-05  -4.439e-06  8.710e+01
-3.374e-05  -3.374e-05  -4.359e-06  8.708e+01
-5.753e-06  -5.753e-06  -1.186e-06  7.938e+01
-3.606e-05  -3.606e-05  -4.517e-06  8.747e+01
-1.401e-05  -1.401e-05  -1.186e-06  9.153e+01
-1.803e-05  -1.803e-05  -1.186e-06  9.342e+01
-4.079e-05  -4.079e-05  -4.745e-06  8.837e+01
-3.403e-05  -3.403e-05  -4.359e-06  8.719e+01
-2.254e-05  -2.254e-05  -2.219e-06  9.015e+01
========================================================================================

step: 13/15 res:0.0014045837223034714, res/res0:0.0001134983359957268  dq_norm: [8.47185360e-06 7.45575969e-06 5.87186952e-06]

A info: before HHL prepare:
Spectral radius (A): 2.407e+01, lambda_min:4.107556578535574
condition number(A): 5.860e+00, norm2_cond:67.3824914718802
det(A): 9.908e+15
--------------------------------------------------------------------------------

A_hhl info: after scaling by spectral radius:
Spectral radius (A): 1.000e+00, lambda_min:0.17066118664548952
condition number(A): 5.860e+00, norm2_cond:67.38249147188046
det(A): 1.880e-05, nnz: 11 non zeros per row
--------------------------------------------------------------------------------

Size of A & B are not power of 2:
Next 2 power of 15 = 16
Value to be padded = 1
--------------------------------------------------

==================== Print (N)^2 padded matrix system =======================
Padded shape of A: (15, 15)x(15, 15) -> (16, 16)x(16, 16)
Padded shape of B: (15,) -> (16,)
Determinant of padded matrix: 1.8804784952327653e-05
Condition # of padded matrix: 67.38249147188046


Matrix is not Hermitian. Making it Hermitian.......

==================== Print Hermitian matrix system info =======================
Shape of hermitian A: 16x16 -> 32x32
Shape of           B: 16 -> 32
Determinant of Hermitian matrix: 3.536199371032873e-10
Condition # of Hermitian matrix: 67.38249147188057

=================================== Generating HHL circuit ===================================
Time elapsed for generating HHL circuit: 3 min 48.82 sec

Generated circuit: num_qubits=14, gates=19, depth=5
============================== Generated Circuit saved ==============================

============================== Transpiling circuit ==============================
Time elapsed for transpiling the circuit:  0 min 41.74 sec
Transpiled circuit, num_qubits: 14, (original: 14)
Transpiled circuit depth: 689027 (original: 5)
Transpiled circuit gates: 689127 (original: 19)
============================== Transpiled Circuit saved ==============================
Time elapsed for running the circuit:  1 min 2.37 sec
total_qubits: 14, nq:5

Time elapsed for extracting shots-based hhl counts solution:  0 min 0.00 sec

[HHL info]: linear system residual (e=||Ax-b||_2): 0.0011408666585182301
[HHL info]: Fidelity(true_sol, hhl_sol): 0.990188809302418
[HHL info]: L2 error (absolute): 8.794171555192911e-05
[HHL info]: L2 error (relative): 0.9324680396593993
[HHL info]: L2 error (normalized): 0.0991734558390841

========================================================================================
 Compare system solutions using LU of A, LU sol of A_herm, HHL of Ax=b hermition system
LU sol 	    Herm LU sol    HHL sol    L1_diff(%)
 3.989e-06   3.989e-06   0.000e+00  1.000e+02
-6.012e-06  -6.012e-06  -6.535e-07  8.913e+01
 3.658e-05   3.658e-05   2.488e-06  9.320e+01
 2.187e-05   2.187e-05   1.223e-06  9.441e+01
 3.212e-05   3.212e-05   2.167e-06  9.325e+01
 1.329e-05   1.329e-05   1.033e-06  9.222e+01
-2.998e-05  -2.998e-05  -2.167e-06  9.277e+01
-2.938e-05  -2.938e-05  -2.167e-06  9.262e+01
-4.567e-06  -4.567e-06  -4.621e-07  8.988e+01
-3.154e-05  -3.154e-05  -2.216e-06  9.297e+01
-1.283e-05  -1.283e-05  -1.033e-06  9.194e+01
-1.685e-05  -1.685e-05  -1.033e-06  9.387e+01
-3.604e-05  -3.604e-05  -2.310e-06  9.359e+01
-2.967e-05  -2.967e-05  -1.790e-06  9.397e+01
-2.032e-05  -2.032e-05  -1.386e-06  9.318e+01
========================================================================================

step: 14/15 res:0.0012247999687166162, res/res0:9.897078840482203e-05  dq_norm: [4.05473043e-06 3.75395093e-06 3.23455592e-06]
Completed: 14 steps in 5984.41s
Saved metadata to /lustre/orion/ard189/proj-shared/nozzle_1d_results/nelem5/statevector/shots_50000/trial_0/metadata_nelem5_HHL_statevector_nshots50000.pkl

Solution summary:
  x/L: [0.1000, 0.9000]
  Mach: [1.5204, 2.1516]
  p/p_in: [0.9797, 0.3653]
  rho/rho_in: [0.9875, 0.4838]
Saved combined plot to /lustre/orion/ard189/proj-shared/nozzle_1d_results/nelem5/statevector/shots_50000/trial_0/solution_plot_nelem5_HHL_statevector_nshots50000.png
