
------------------------------------------------------------
Using ideal local simulator with 'statevector' method
Backend: aer_simulator_statevector
Shots: 150000
------------------------------------------------------------

A info: before HHL prepare:
Spectral radius (A): 2.241e+01, lambda_min:2.3074021727489433
condition number(A): 9.710e+00, norm2_cond:95.97789014324577
det(A): 9.333e+14
--------------------------------------------------------------------------------

A_hhl info: after scaling by spectral radius:
Spectral radius (A): 1.000e+00, lambda_min:0.1029832130561069
condition number(A): 9.710e+00, norm2_cond:95.9778901432457
det(A): 5.184e-06, nnz: 10 non zeros per row
--------------------------------------------------------------------------------

Size of A & B are not power of 2:
Next 2 power of 15 = 16
Value to be padded = 1
--------------------------------------------------

==================== Print (N)^2 padded matrix system =======================
Padded shape of A: (15, 15)x(15, 15) -> (16, 16)x(16, 16)
Padded shape of B: (15,) -> (16,)
Determinant of padded matrix: 5.183984510966138e-06
Condition # of padded matrix: 95.9778901432457


Matrix is not Hermitian. Making it Hermitian.......

==================== Print Hermitian matrix system info =======================
Shape of hermitian A: 16x16 -> 32x32
Shape of           B: 16 -> 32
Determinant of Hermitian matrix: 2.6873695409936828e-11
Condition # of Hermitian matrix: 95.9778901432459

=================================== Generating HHL circuit ===================================
Time elapsed for generating HHL circuit: 4 min 34.71 sec

Generated circuit: num_qubits=14, gates=19, depth=5
============================== Generated Circuit saved ==============================

============================== Transpiling circuit ==============================
Time elapsed for transpiling the circuit:  0 min 46.94 sec
Transpiled circuit, num_qubits: 14, (original: 14)
Transpiled circuit depth: 689027 (original: 5)
Transpiled circuit gates: 689127 (original: 19)
============================== Transpiled Circuit saved ==============================
Time elapsed for running the circuit:  1 min 5.90 sec
total_qubits: 14, nq:5

Time elapsed for extracting shots-based hhl counts solution:  0 min 0.00 sec

[HHL info]: linear system residual (e=||Ax-b||_2): 2.0075814833883316
[HHL info]: Fidelity(true_sol, hhl_sol): 0.9975626756697784
[HHL info]: L2 error (absolute): 0.402548767333445
[HHL info]: L2 error (relative): 0.14883944346137695
[HHL info]: L2 error (normalized): 0.049384322211982565

========================================================================================
 Compare system solutions using LU of A, LU sol of A_herm, HHL of Ax=b hermition system
LU sol 	    Herm LU sol    HHL sol    L1_diff(%)
-1.705e-02  -1.705e-02  -0.000e+00  1.000e+02
-7.527e-03  -7.527e-03  -0.000e+00  1.000e+02
-3.946e-02  -3.946e-02  -0.000e+00  1.000e+02
-1.283e-01  -1.283e-01  -1.014e-01  2.091e+01
-6.877e-02  -6.877e-02  -0.000e+00  1.000e+02
-2.800e-01  -2.800e-01  -2.684e-01  4.153e+00
-4.114e-01  -4.114e-01  -3.208e-01  2.203e+01
-4.227e-01  -4.227e-01  -3.248e-01  2.317e+01
-1.109e+00  -1.109e+00  -9.664e-01  1.290e+01
-5.252e-01  -5.252e-01  -3.929e-01  2.519e+01
-5.558e-01  -5.558e-01  -4.676e-01  1.586e+01
-1.428e+00  -1.428e+00  -1.233e+00  1.364e+01
-5.637e-01  -5.637e-01  -5.097e-01  9.579e+00
-5.958e-01  -5.958e-01  -5.344e-01  1.030e+01
-1.529e+00  -1.529e+00  -1.314e+00  1.409e+01
========================================================================================

step: 0/15 res:12.375368413827264, res/res0:1.0  dq_norm: [0.72620396 0.78082886 2.06213982]

A info: before HHL prepare:
Spectral radius (A): 2.353e+01, lambda_min:4.395514811008554
condition number(A): 5.353e+00, norm2_cond:63.79990316837009
det(A): 1.188e+16
--------------------------------------------------------------------------------

A_hhl info: after scaling by spectral radius:
Spectral radius (A): 1.000e+00, lambda_min:0.18682255472030138
condition number(A): 5.353e+00, norm2_cond:63.799903168369994
det(A): 3.171e-05, nnz: 12 non zeros per row
--------------------------------------------------------------------------------

Size of A & B are not power of 2:
Next 2 power of 15 = 16
Value to be padded = 1
--------------------------------------------------

==================== Print (N)^2 padded matrix system =======================
Padded shape of A: (15, 15)x(15, 15) -> (16, 16)x(16, 16)
Padded shape of B: (15,) -> (16,)
Determinant of padded matrix: 3.171102013628932e-05
Condition # of padded matrix: 63.799903168369994


Matrix is not Hermitian. Making it Hermitian.......

==================== Print Hermitian matrix system info =======================
Shape of hermitian A: 16x16 -> 32x32
Shape of           B: 16 -> 32
Determinant of Hermitian matrix: 1.0055887980841536e-09
Condition # of Hermitian matrix: 63.799903168370165

=================================== Generating HHL circuit ===================================
Time elapsed for generating HHL circuit: 4 min 35.44 sec

Generated circuit: num_qubits=14, gates=19, depth=5
============================== Generated Circuit saved ==============================

============================== Transpiling circuit ==============================
Time elapsed for transpiling the circuit:  0 min 47.00 sec
Transpiled circuit, num_qubits: 14, (original: 14)
Transpiled circuit depth: 688517 (original: 5)
Transpiled circuit gates: 688617 (original: 19)
============================== Transpiled Circuit saved ==============================
Time elapsed for running the circuit:  1 min 6.55 sec
total_qubits: 14, nq:5

Time elapsed for extracting shots-based hhl counts solution:  0 min 0.00 sec

[HHL info]: linear system residual (e=||Ax-b||_2): 0.5521685783709724
[HHL info]: Fidelity(true_sol, hhl_sol): 0.9956698116959539
[HHL info]: L2 error (absolute): 0.06564483862315001
[HHL info]: L2 error (relative): 0.2644989902733698
[HHL info]: L2 error (normalized): 0.06583985201570623

========================================================================================
 Compare system solutions using LU of A, LU sol of A_herm, HHL of Ax=b hermition system
LU sol 	    Herm LU sol    HHL sol    L1_diff(%)
-1.277e-02  -1.277e-02  -1.261e-02  1.202e+00
-4.017e-03  -4.017e-03  -0.000e+00  1.000e+02
-2.948e-02  -2.948e-02  -2.123e-02  2.799e+01
-1.232e-02  -1.232e-02  -0.000e+00  1.000e+02
-6.978e-02  -6.978e-02  -5.400e-02  2.261e+01
 1.519e-02   1.519e-02   1.362e-02  1.034e+01
-5.892e-02  -5.892e-02  -4.277e-02  2.741e+01
-9.487e-02  -9.487e-02  -7.003e-02  2.618e+01
-6.244e-02  -6.244e-02  -4.605e-02  2.625e+01
-9.225e-02  -9.225e-02  -7.227e-02  2.166e+01
-8.812e-02  -8.812e-02  -6.285e-02  2.867e+01
-9.269e-02  -9.269e-02  -6.927e-02  2.526e+01
-9.802e-03  -9.802e-03  -5.149e-03  4.747e+01
-6.147e-02  -6.147e-02  -4.576e-02  2.555e+01
-1.009e-01  -1.009e-01  -7.227e-02  2.839e+01
========================================================================================

step: 1/15 res:2.426652493428823, res/res0:0.19608729310373274  dq_norm: [0.08507294 0.11775001 0.11304039]

A info: before HHL prepare:
Spectral radius (A): 2.392e+01, lambda_min:4.178808589835903
condition number(A): 5.725e+00, norm2_cond:66.22890250231866
det(A): 1.026e+16
--------------------------------------------------------------------------------

A_hhl info: after scaling by spectral radius:
Spectral radius (A): 1.000e+00, lambda_min:0.1746637248648819
condition number(A): 5.725e+00, norm2_cond:66.22890250231875
det(A): 2.130e-05, nnz: 11 non zeros per row
--------------------------------------------------------------------------------

Size of A & B are not power of 2:
Next 2 power of 15 = 16
Value to be padded = 1
--------------------------------------------------

==================== Print (N)^2 padded matrix system =======================
Padded shape of A: (15, 15)x(15, 15) -> (16, 16)x(16, 16)
Padded shape of B: (15,) -> (16,)
Determinant of padded matrix: 2.1304035606059992e-05
Condition # of padded matrix: 66.22890250231875


Matrix is not Hermitian. Making it Hermitian.......

==================== Print Hermitian matrix system info =======================
Shape of hermitian A: 16x16 -> 32x32
Shape of           B: 16 -> 32
Determinant of Hermitian matrix: 4.5386193310427363e-10
Condition # of Hermitian matrix: 66.22890250231875

=================================== Generating HHL circuit ===================================
Time elapsed for generating HHL circuit: 4 min 37.75 sec

Generated circuit: num_qubits=14, gates=19, depth=5
============================== Generated Circuit saved ==============================

============================== Transpiling circuit ==============================
Time elapsed for transpiling the circuit:  0 min 46.89 sec
Transpiled circuit, num_qubits: 14, (original: 14)
Transpiled circuit depth: 689027 (original: 5)
Transpiled circuit gates: 689127 (original: 19)
============================== Transpiled Circuit saved ==============================
Time elapsed for running the circuit:  1 min 6.67 sec
total_qubits: 14, nq:5

Time elapsed for extracting shots-based hhl counts solution:  0 min 0.00 sec

[HHL info]: linear system residual (e=||Ax-b||_2): 0.12513195171416372
[HHL info]: Fidelity(true_sol, hhl_sol): 0.995799785531663
[HHL info]: L2 error (absolute): 0.006206758863255446
[HHL info]: L2 error (relative): 0.09509454716986465
[HHL info]: L2 error (normalized): 0.0648431507989678

========================================================================================
 Compare system solutions using LU of A, LU sol of A_herm, HHL of Ax=b hermition system
LU sol 	    Herm LU sol    HHL sol    L1_diff(%)
 9.457e-05   9.457e-05   0.000e+00  1.000e+02
-4.543e-03  -4.543e-03  -6.120e-03  3.471e+01
-7.561e-03  -7.561e-03  -8.211e-03  8.598e+00
-1.251e-02  -1.251e-02  -1.369e-02  9.354e+00
-1.669e-02  -1.669e-02  -1.816e-02  8.749e+00
 5.039e-03   5.039e-03   5.121e-03  1.621e+00
-1.671e-02  -1.671e-02  -1.698e-02  1.648e+00
-2.599e-02  -2.599e-02  -2.523e-02  2.925e+00
-2.080e-02  -2.080e-02  -2.257e-02  8.494e+00
-1.790e-02  -1.790e-02  -2.002e-02  1.183e+01
-2.391e-02  -2.391e-02  -2.785e-02  1.644e+01
-2.175e-02  -2.175e-02  -2.298e-02  5.651e+00
-1.546e-03  -1.546e-03  -0.000e+00  1.000e+02
-1.545e-02  -1.545e-02  -1.499e-02  2.980e+00
-2.697e-02  -2.697e-02  -2.903e-02  7.653e+00
========================================================================================

step: 2/15 res:0.6239994188730064, res/res0:0.05042269433981444  dq_norm: [0.02960585 0.04476581 0.04442986]

A info: before HHL prepare:
Spectral radius (A): 2.408e+01, lambda_min:4.102128837763125
condition number(A): 5.870e+00, norm2_cond:67.35306957783112
det(A): 9.858e+15
--------------------------------------------------------------------------------

A_hhl info: after scaling by spectral radius:
Spectral radius (A): 1.000e+00, lambda_min:0.1703441739893623
condition number(A): 5.870e+00, norm2_cond:67.35306957783119
det(A): 1.856e-05, nnz: 11 non zeros per row
--------------------------------------------------------------------------------

Size of A & B are not power of 2:
Next 2 power of 15 = 16
Value to be padded = 1
--------------------------------------------------

==================== Print (N)^2 padded matrix system =======================
Padded shape of A: (15, 15)x(15, 15) -> (16, 16)x(16, 16)
Padded shape of B: (15,) -> (16,)
Determinant of padded matrix: 1.855963833896365e-05
Condition # of padded matrix: 67.35306957783119


Matrix is not Hermitian. Making it Hermitian.......

==================== Print Hermitian matrix system info =======================
Shape of hermitian A: 16x16 -> 32x32
Shape of           B: 16 -> 32
Determinant of Hermitian matrix: 3.4446017527313186e-10
Condition # of Hermitian matrix: 67.35306957783129

=================================== Generating HHL circuit ===================================
Time elapsed for generating HHL circuit: 4 min 36.19 sec

Generated circuit: num_qubits=14, gates=19, depth=5
============================== Generated Circuit saved ==============================

============================== Transpiling circuit ==============================
Time elapsed for transpiling the circuit:  0 min 46.91 sec
Transpiled circuit, num_qubits: 14, (original: 14)
Transpiled circuit depth: 689027 (original: 5)
Transpiled circuit gates: 689127 (original: 19)
============================== Transpiled Circuit saved ==============================
Time elapsed for running the circuit:  1 min 6.58 sec
total_qubits: 14, nq:5

Time elapsed for extracting shots-based hhl counts solution:  0 min 0.00 sec

[HHL info]: linear system residual (e=||Ax-b||_2): 0.026005856091742774
[HHL info]: Fidelity(true_sol, hhl_sol): 0.978857987080695
[HHL info]: L2 error (absolute): 0.0012668026300283438
[HHL info]: L2 error (relative): 0.20235484368690035
[HHL info]: L2 error (normalized): 0.14579079604066847

========================================================================================
 Compare system solutions using LU of A, LU sol of A_herm, HHL of Ax=b hermition system
LU sol 	    Herm LU sol    HHL sol    L1_diff(%)
 8.284e-05   8.284e-05   0.000e+00  1.000e+02
 1.582e-03   1.582e-03   1.578e-03  2.462e-01
 6.663e-04   6.663e-04   0.000e+00  1.000e+02
 1.156e-03   1.156e-03   1.019e-03  1.188e+01
 1.469e-03   1.469e-03   9.111e-04  3.800e+01
-2.520e-04  -2.520e-04  -0.000e+00  1.000e+02
 2.472e-04   2.472e-04   3.221e-04  3.031e+01
-7.905e-04  -7.905e-04  -7.203e-04  8.875e+00
 1.535e-03   1.535e-03   1.289e-03  1.603e+01
 2.199e-03   2.199e-03   1.764e-03  1.975e+01
 4.023e-03   4.023e-03   3.514e-03  1.265e+01
 1.390e-03   1.390e-03   1.068e-03  2.314e+01
-1.349e-03  -1.349e-03  -1.116e-03  1.726e+01
-4.228e-04  -4.228e-04  -4.556e-04  7.742e+00
 2.166e-03   2.166e-03   1.878e-03  1.328e+01
========================================================================================

step: 3/15 res:0.12464478450609029, res/res0:0.010072005966854449  dq_norm: [0.00234516 0.00404914 0.00251594]

A info: before HHL prepare:
Spectral radius (A): 2.407e+01, lambda_min:4.105146479890553
condition number(A): 5.863e+00, norm2_cond:67.39617576681509
det(A): 9.885e+15
--------------------------------------------------------------------------------

A_hhl info: after scaling by spectral radius:
Spectral radius (A): 1.000e+00, lambda_min:0.17055109817485575
condition number(A): 5.863e+00, norm2_cond:67.39617576681503
det(A): 1.874e-05, nnz: 11 non zeros per row
--------------------------------------------------------------------------------

Size of A & B are not power of 2:
Next 2 power of 15 = 16
Value to be padded = 1
--------------------------------------------------

==================== Print (N)^2 padded matrix system =======================
Padded shape of A: (15, 15)x(15, 15) -> (16, 16)x(16, 16)
Padded shape of B: (15,) -> (16,)
Determinant of padded matrix: 1.8744409581708636e-05
Condition # of padded matrix: 67.39617576681503


Matrix is not Hermitian. Making it Hermitian.......

==================== Print Hermitian matrix system info =======================
Shape of hermitian A: 16x16 -> 32x32
Shape of           B: 16 -> 32
Determinant of Hermitian matrix: 3.5135289056685305e-10
Condition # of Hermitian matrix: 67.39617576681519

=================================== Generating HHL circuit ===================================
Time elapsed for generating HHL circuit: 4 min 37.73 sec

Generated circuit: num_qubits=14, gates=19, depth=5
============================== Generated Circuit saved ==============================

============================== Transpiling circuit ==============================
Time elapsed for transpiling the circuit:  0 min 46.61 sec
Transpiled circuit, num_qubits: 14, (original: 14)
Transpiled circuit depth: 689027 (original: 5)
Transpiled circuit gates: 689127 (original: 19)
============================== Transpiled Circuit saved ==============================
Time elapsed for running the circuit:  1 min 6.71 sec
total_qubits: 14, nq:5

Time elapsed for extracting shots-based hhl counts solution:  0 min 0.00 sec

[HHL info]: linear system residual (e=||Ax-b||_2): 0.004248638016153938
[HHL info]: Fidelity(true_sol, hhl_sol): 0.9852733777696374
[HHL info]: L2 error (absolute): 0.00019885358064915598
[HHL info]: L2 error (relative): 0.15701471295927424
[HHL info]: L2 error (normalized): 0.12157813750975234

========================================================================================
 Compare system solutions using LU of A, LU sol of A_herm, HHL of Ax=b hermition system
LU sol 	    Herm LU sol    HHL sol    L1_diff(%)
 8.301e-05   8.301e-05   7.124e-05  1.418e+01
 3.984e-06   3.984e-06   0.000e+00  1.000e+02
 6.676e-04   6.676e-04   6.490e-04  2.783e+00
 1.386e-04   1.386e-04   1.234e-04  1.097e+01
 5.597e-04   5.597e-04   4.884e-04  1.273e+01
-2.503e-04  -2.503e-04  -2.666e-04  6.497e+00
-7.503e-05  -7.503e-05  -7.124e-05  5.050e+00
-7.211e-05  -7.211e-05  -7.124e-05  1.209e+00
 2.463e-04   2.463e-04   1.234e-04  4.991e+01
 4.343e-04   4.343e-04   3.342e-04  2.305e+01
 5.088e-04   5.088e-04   4.672e-04  8.176e+00
 3.269e-04   3.269e-04   2.666e-04  1.846e+01
-2.314e-04  -2.314e-04  -2.137e-04  7.656e+00
 3.338e-05   3.338e-05   0.000e+00  1.000e+02
 2.752e-04   2.752e-04   2.363e-04  1.415e+01
========================================================================================

step: 4/15 res:0.02595684113647255, res/res0:0.0020974600729842044  dq_norm: [0.00042745 0.0006796  0.0007965 ]

A info: before HHL prepare:
Spectral radius (A): 2.407e+01, lambda_min:4.10765694235931
condition number(A): 5.860e+00, norm2_cond:67.38909348154245
det(A): 9.910e+15
--------------------------------------------------------------------------------

A_hhl info: after scaling by spectral radius:
Spectral radius (A): 1.000e+00, lambda_min:0.17066089567288784
condition number(A): 5.860e+00, norm2_cond:67.38909348154262
det(A): 1.880e-05, nnz: 11 non zeros per row
--------------------------------------------------------------------------------

Size of A & B are not power of 2:
Next 2 power of 15 = 16
Value to be padded = 1
--------------------------------------------------

==================== Print (N)^2 padded matrix system =======================
Padded shape of A: (15, 15)x(15, 15) -> (16, 16)x(16, 16)
Padded shape of B: (15,) -> (16,)
Determinant of padded matrix: 1.8800654496146142e-05
Condition # of padded matrix: 67.38909348154262


Matrix is not Hermitian. Making it Hermitian.......

==================== Print Hermitian matrix system info =======================
Shape of hermitian A: 16x16 -> 32x32
Shape of           B: 16 -> 32
Determinant of Hermitian matrix: 3.5346460948346267e-10
Condition # of Hermitian matrix: 67.38909348154277

=================================== Generating HHL circuit ===================================
Time elapsed for generating HHL circuit: 4 min 37.67 sec

Generated circuit: num_qubits=14, gates=19, depth=5
============================== Generated Circuit saved ==============================

============================== Transpiling circuit ==============================
Time elapsed for transpiling the circuit:  0 min 47.18 sec
Transpiled circuit, num_qubits: 14, (original: 14)
Transpiled circuit depth: 689027 (original: 5)
Transpiled circuit gates: 689127 (original: 19)
============================== Transpiled Circuit saved ==============================
Time elapsed for running the circuit:  1 min 7.52 sec
total_qubits: 14, nq:5

Time elapsed for extracting shots-based hhl counts solution:  0 min 0.00 sec

[HHL info]: linear system residual (e=||Ax-b||_2): 0.00109631798097377
[HHL info]: Fidelity(true_sol, hhl_sol): 0.972043148232675
[HHL info]: L2 error (absolute): 4.119950088514871e-05
[HHL info]: L2 error (relative): 0.20729013356472212
[HHL info]: L2 error (normalized): 0.16779460113445535

========================================================================================
 Compare system solutions using LU of A, LU sol of A_herm, HHL of Ax=b hermition system
LU sol 	    Herm LU sol    HHL sol    L1_diff(%)
 1.179e-05   1.179e-05   0.000e+00  1.000e+02
 3.982e-06   3.982e-06   0.000e+00  1.000e+02
 1.865e-05   1.865e-05   0.000e+00  1.000e+02
 1.521e-05   1.521e-05   0.000e+00  1.000e+02
 7.121e-05   7.121e-05   8.413e-05  1.814e+01
 1.638e-05   1.638e-05   1.590e-05  2.933e+00
-3.856e-06  -3.856e-06  -0.000e+00  1.000e+02
-9.756e-07  -9.756e-07  -0.000e+00  1.000e+02
 1.228e-04   1.228e-04   1.311e-04  6.790e+00
 1.002e-04   1.002e-04   1.067e-04  6.490e+00
 4.169e-05   4.169e-05   5.273e-05  2.650e+01
 6.040e-05   6.040e-05   6.745e-05  1.168e+01
-1.754e-05  -1.754e-05  -3.555e-05  1.027e+02
 3.341e-05   3.341e-05   4.497e-05  3.460e+01
 3.872e-05   3.872e-05   4.497e-05  1.613e+01
========================================================================================

step: 5/15 res:0.004244672991153269, res/res0:0.00034299366687222057  dq_norm: [0.00011242 0.000109   0.00015497]

A info: before HHL prepare:
Spectral radius (A): 2.407e+01, lambda_min:4.108099176456096
condition number(A): 5.859e+00, norm2_cond:67.38328198942331
det(A): 9.915e+15
--------------------------------------------------------------------------------

A_hhl info: after scaling by spectral radius:
Spectral radius (A): 1.000e+00, lambda_min:0.17068048648212203
condition number(A): 5.859e+00, norm2_cond:67.38328198942327
det(A): 1.881e-05, nnz: 11 non zeros per row
--------------------------------------------------------------------------------

Size of A & B are not power of 2:
Next 2 power of 15 = 16
Value to be padded = 1
--------------------------------------------------

==================== Print (N)^2 padded matrix system =======================
Padded shape of A: (15, 15)x(15, 15) -> (16, 16)x(16, 16)
Padded shape of B: (15,) -> (16,)
Determinant of padded matrix: 1.8812801690222473e-05
Condition # of padded matrix: 67.38328198942327


Matrix is not Hermitian. Making it Hermitian.......

==================== Print Hermitian matrix system info =======================
Shape of hermitian A: 16x16 -> 32x32
Shape of           B: 16 -> 32
Determinant of Hermitian matrix: 3.539215074356375e-10
Condition # of Hermitian matrix: 67.38328198942338

=================================== Generating HHL circuit ===================================
Time elapsed for generating HHL circuit: 4 min 38.84 sec

Generated circuit: num_qubits=14, gates=19, depth=5
============================== Generated Circuit saved ==============================

============================== Transpiling circuit ==============================
Time elapsed for transpiling the circuit:  0 min 46.99 sec
Transpiled circuit, num_qubits: 14, (original: 14)
Transpiled circuit depth: 689027 (original: 5)
Transpiled circuit gates: 689127 (original: 19)
============================== Transpiled Circuit saved ==============================
Time elapsed for running the circuit:  1 min 6.78 sec
total_qubits: 14, nq:5

Time elapsed for extracting shots-based hhl counts solution:  0 min 0.00 sec

[HHL info]: linear system residual (e=||Ax-b||_2): 0.00024291190062130248
[HHL info]: Fidelity(true_sol, hhl_sol): 0.9726260878086426
[HHL info]: L2 error (absolute): 6.987528965694311e-06
[HHL info]: L2 error (relative): 0.16960466880862052
[HHL info]: L2 error (normalized): 0.16602365403059025

========================================================================================
 Compare system solutions using LU of A, LU sol of A_herm, HHL of Ax=b hermition system
LU sol 	    Herm LU sol    HHL sol    L1_diff(%)
 1.179e-05   1.179e-05   1.232e-05  4.512e+00
 3.982e-06   3.982e-06   0.000e+00  1.000e+02
 1.865e-05   1.865e-05   1.823e-05  2.254e+00
 1.521e-05   1.521e-05   1.270e-05  1.648e+01
-1.292e-05  -1.292e-05  -1.111e-05  1.402e+01
 4.816e-07   4.816e-07   0.000e+00  1.000e+02
-3.854e-06  -3.854e-06  -4.357e-06  1.305e+01
-9.781e-07  -9.781e-07  -0.000e+00  1.000e+02
-8.332e-06  -8.332e-06  -8.152e-06  2.168e+00
-6.491e-06  -6.491e-06  -4.357e-06  3.288e+01
-1.104e-05  -1.104e-05  -1.232e-05  1.161e+01
-7.052e-06  -7.052e-06  -6.889e-06  2.299e+00
 1.802e-05   1.802e-05   1.797e-05  2.840e-01
-1.156e-05  -1.156e-05  -8.152e-06  2.947e+01
-6.242e-06  -6.242e-06  -8.152e-06  3.059e+01
========================================================================================

step: 6/15 res:0.0010963914735294931, res/res0:8.859465325528988e-05  dq_norm: [2.59613607e-05 1.84862800e-05 2.26409766e-05]

A info: before HHL prepare:
Spectral radius (A): 2.407e+01, lambda_min:4.107843485872853
condition number(A): 5.859e+00, norm2_cond:67.38447566857486
det(A): 9.912e+15
--------------------------------------------------------------------------------

A_hhl info: after scaling by spectral radius:
Spectral radius (A): 1.000e+00, lambda_min:0.1706701915668193
condition number(A): 5.859e+00, norm2_cond:67.38447566857485
det(A): 1.881e-05, nnz: 11 non zeros per row
--------------------------------------------------------------------------------

Size of A & B are not power of 2:
Next 2 power of 15 = 16
Value to be padded = 1
--------------------------------------------------

==================== Print (N)^2 padded matrix system =======================
Padded shape of A: (15, 15)x(15, 15) -> (16, 16)x(16, 16)
Padded shape of B: (15,) -> (16,)
Determinant of padded matrix: 1.8807593042878224e-05
Condition # of padded matrix: 67.38447566857485


Matrix is not Hermitian. Making it Hermitian.......

==================== Print Hermitian matrix system info =======================
Shape of hermitian A: 16x16 -> 32x32
Shape of           B: 16 -> 32
Determinant of Hermitian matrix: 3.537255560665201e-10
Condition # of Hermitian matrix: 67.38447566857474

=================================== Generating HHL circuit ===================================
Time elapsed for generating HHL circuit: 4 min 40.42 sec

Generated circuit: num_qubits=14, gates=19, depth=5
============================== Generated Circuit saved ==============================

============================== Transpiling circuit ==============================
Time elapsed for transpiling the circuit:  0 min 47.00 sec
Transpiled circuit, num_qubits: 14, (original: 14)
Transpiled circuit depth: 689027 (original: 5)
Transpiled circuit gates: 689127 (original: 19)
============================== Transpiled Circuit saved ==============================
Time elapsed for running the circuit:  1 min 7.83 sec
total_qubits: 14, nq:5

Time elapsed for extracting shots-based hhl counts solution:  0 min 0.00 sec

[HHL info]: linear system residual (e=||Ax-b||_2): 0.0002385089424221942
[HHL info]: Fidelity(true_sol, hhl_sol): 0.9740183317553273
[HHL info]: L2 error (absolute): 6.865426781508632e-06
[HHL info]: L2 error (relative): 0.982454136952244
[HHL info]: L2 error (normalized): 0.16171783580937052

========================================================================================
 Compare system solutions using LU of A, LU sol of A_herm, HHL of Ax=b hermition system
LU sol 	    Herm LU sol    HHL sol    L1_diff(%)
-5.319e-07  -5.319e-07  -1.340e-08  9.748e+01
 3.982e-06   3.982e-06   7.698e-08  9.807e+01
 4.205e-07   4.205e-07   0.000e+00  1.000e+02
 2.506e-06   2.506e-06   4.020e-08  9.840e+01
-1.812e-06  -1.812e-06  -3.282e-08  9.819e+01
 4.815e-07   4.815e-07   0.000e+00  1.000e+02
 5.026e-07   5.026e-07   1.340e-08  9.733e+01
-9.785e-07  -9.785e-07  -1.895e-08  9.806e+01
-1.813e-07  -1.813e-07  -1.340e-08  9.261e+01
-2.134e-06  -2.134e-06  -3.545e-08  9.834e+01
 1.282e-06   1.282e-06   2.680e-08  9.791e+01
-1.608e-07  -1.608e-07  -0.000e+00  1.000e+02
 5.299e-08   5.299e-08   0.000e+00  1.000e+02
-3.406e-06  -3.406e-06  -5.525e-08  9.838e+01
 1.911e-06   1.911e-06   2.996e-08  9.843e+01
========================================================================================

step: 7/15 res:0.0002429255158967438, res/res0:1.9629760324978925e-05  dq_norm: [5.68508459e-08 1.05510705e-07 3.28228512e-08]

A info: before HHL prepare:
Spectral radius (A): 2.407e+01, lambda_min:4.107843097187325
condition number(A): 5.859e+00, norm2_cond:67.3844837929681
det(A): 9.912e+15
--------------------------------------------------------------------------------

A_hhl info: after scaling by spectral radius:
Spectral radius (A): 1.000e+00, lambda_min:0.1706701769013599
condition number(A): 5.859e+00, norm2_cond:67.38448379296794
det(A): 1.881e-05, nnz: 11 non zeros per row
--------------------------------------------------------------------------------

Size of A & B are not power of 2:
Next 2 power of 15 = 16
Value to be padded = 1
--------------------------------------------------

==================== Print (N)^2 padded matrix system =======================
Padded shape of A: (15, 15)x(15, 15) -> (16, 16)x(16, 16)
Padded shape of B: (15,) -> (16,)
Determinant of padded matrix: 1.8807587280728613e-05
Condition # of padded matrix: 67.38448379296794


Matrix is not Hermitian. Making it Hermitian.......

==================== Print Hermitian matrix system info =======================
Shape of hermitian A: 16x16 -> 32x32
Shape of           B: 16 -> 32
Determinant of Hermitian matrix: 3.5372533932222594e-10
Condition # of Hermitian matrix: 67.38448379296794

=================================== Generating HHL circuit ===================================
Time elapsed for generating HHL circuit: 4 min 38.52 sec

Generated circuit: num_qubits=14, gates=19, depth=5
============================== Generated Circuit saved ==============================

============================== Transpiling circuit ==============================
Time elapsed for transpiling the circuit:  0 min 46.51 sec
Transpiled circuit, num_qubits: 14, (original: 14)
Transpiled circuit depth: 689027 (original: 5)
Transpiled circuit gates: 689127 (original: 19)
============================== Transpiled Circuit saved ==============================
Time elapsed for running the circuit:  1 min 7.83 sec
total_qubits: 14, nq:5

Time elapsed for extracting shots-based hhl counts solution:  0 min 0.00 sec

[HHL info]: linear system residual (e=||Ax-b||_2): 0.00019274176547870803
[HHL info]: Fidelity(true_sol, hhl_sol): 0.9653346533352238
[HHL info]: L2 error (absolute): 5.519643873727076e-06
[HHL info]: L2 error (relative): 0.8039766932165154
[HHL info]: L2 error (normalized): 0.18700559065197597

========================================================================================
 Compare system solutions using LU of A, LU sol of A_herm, HHL of Ax=b hermition system
LU sol 	    Herm LU sol    HHL sol    L1_diff(%)
-5.185e-07  -5.185e-07  -1.300e-07  7.493e+01
 3.905e-06   3.905e-06   8.623e-07  7.792e+01
 4.205e-07   4.205e-07   1.300e-07  6.908e+01
 2.466e-06   2.466e-06   5.035e-07  7.958e+01
-1.779e-06  -1.779e-06  -3.900e-07  7.808e+01
 4.815e-07   4.815e-07   1.300e-07  7.300e+01
 4.892e-07   4.892e-07   1.300e-07  7.343e+01
-9.596e-07  -9.596e-07  -1.300e-07  8.645e+01
-1.679e-07  -1.679e-07  -0.000e+00  1.000e+02
-2.098e-06  -2.098e-06  -4.312e-07  7.945e+01
 1.256e-06   1.256e-06   1.300e-07  8.965e+01
-1.608e-07  -1.608e-07  -1.300e-07  1.914e+01
 5.299e-08   5.299e-08   0.000e+00  1.000e+02
-3.351e-06  -3.351e-06  -5.200e-07  8.448e+01
 1.882e-06   1.882e-06   4.111e-07  7.815e+01
========================================================================================

step: 8/15 res:0.00023850894244360635, res/res0:1.9272876125216217e-05  dq_norm: [6.87893568e-07 1.09539665e-06 4.68720458e-07]

A info: before HHL prepare:
Spectral radius (A): 2.407e+01, lambda_min:4.107837198493998
condition number(A): 5.859e+00, norm2_cond:67.38458164989945
det(A): 9.912e+15
--------------------------------------------------------------------------------

A_hhl info: after scaling by spectral radius:
Spectral radius (A): 1.000e+00, lambda_min:0.17066994151745482
condition number(A): 5.859e+00, norm2_cond:67.38458164989933
det(A): 1.881e-05, nnz: 11 non zeros per row
--------------------------------------------------------------------------------

Size of A & B are not power of 2:
Next 2 power of 15 = 16
Value to be padded = 1
--------------------------------------------------

==================== Print (N)^2 padded matrix system =======================
Padded shape of A: (15, 15)x(15, 15) -> (16, 16)x(16, 16)
Padded shape of B: (15,) -> (16,)
Determinant of padded matrix: 1.8807509800085703e-05
Condition # of padded matrix: 67.38458164989933


Matrix is not Hermitian. Making it Hermitian.......

==================== Print Hermitian matrix system info =======================
Shape of hermitian A: 16x16 -> 32x32
Shape of           B: 16 -> 32
Determinant of Hermitian matrix: 3.537224248803198e-10
Condition # of Hermitian matrix: 67.38458164989935

=================================== Generating HHL circuit ===================================
Time elapsed for generating HHL circuit: 4 min 38.28 sec

Generated circuit: num_qubits=14, gates=19, depth=5
============================== Generated Circuit saved ==============================

============================== Transpiling circuit ==============================
Time elapsed for transpiling the circuit:  0 min 46.83 sec
Transpiled circuit, num_qubits: 14, (original: 14)
Transpiled circuit depth: 689027 (original: 5)
Transpiled circuit gates: 689127 (original: 19)
============================== Transpiled Circuit saved ==============================
Time elapsed for running the circuit:  1 min 7.54 sec
total_qubits: 14, nq:5

Time elapsed for extracting shots-based hhl counts solution:  0 min 0.00 sec

[HHL info]: linear system residual (e=||Ax-b||_2): 5.8123806969635746e-05
[HHL info]: Fidelity(true_sol, hhl_sol): 0.9675253886896886
[HHL info]: L2 error (absolute): 1.974423532686543e-06
[HHL info]: L2 error (relative): 0.3577079384919434
[HHL info]: L2 error (normalized): 0.18094925054133923

========================================================================================
 Compare system solutions using LU of A, LU sol of A_herm, HHL of Ax=b hermition system
LU sol 	    Herm LU sol    HHL sol    L1_diff(%)
-3.885e-07  -3.885e-07  -5.461e-07  4.056e+01
 3.042e-06   3.042e-06   1.811e-06  4.047e+01
 2.905e-07   2.905e-07   0.000e+00  1.000e+02
 1.962e-06   1.962e-06   1.445e-06  2.637e+01
-1.389e-06  -1.389e-06  -1.022e-06  2.647e+01
 3.515e-07   3.515e-07   3.861e-07  9.856e+00
 3.592e-07   3.592e-07   0.000e+00  1.000e+02
-8.296e-07  -8.296e-07  -5.461e-07  3.417e+01
-1.679e-07  -1.679e-07  -0.000e+00  1.000e+02
-1.667e-06  -1.667e-06  -1.445e-06  1.333e+01
 1.126e-06   1.126e-06   6.688e-07  4.058e+01
-3.076e-08  -3.076e-08  -0.000e+00  1.000e+02
 5.300e-08   5.300e-08   0.000e+00  1.000e+02
-2.831e-06  -2.831e-06  -1.892e-06  3.318e+01
 1.470e-06   1.470e-06   7.723e-07  4.748e+01
========================================================================================

step: 9/15 res:0.00019274177004305785, res/res0:1.5574628859348005e-05  dq_norm: [2.11493179e-06 2.94069332e-06 8.63417287e-07]

A info: before HHL prepare:
Spectral radius (A): 2.407e+01, lambda_min:4.107820630670885
condition number(A): 5.859e+00, norm2_cond:67.38490499025022
det(A): 9.912e+15
--------------------------------------------------------------------------------

A_hhl info: after scaling by spectral radius:
Spectral radius (A): 1.000e+00, lambda_min:0.17066924840406314
condition number(A): 5.859e+00, norm2_cond:67.38490499025025
det(A): 1.881e-05, nnz: 11 non zeros per row
--------------------------------------------------------------------------------

Size of A & B are not power of 2:
Next 2 power of 15 = 16
Value to be padded = 1
--------------------------------------------------

==================== Print (N)^2 padded matrix system =======================
Padded shape of A: (15, 15)x(15, 15) -> (16, 16)x(16, 16)
Padded shape of B: (15,) -> (16,)
Determinant of padded matrix: 1.880724529168956e-05
Condition # of padded matrix: 67.38490499025025


Matrix is not Hermitian. Making it Hermitian.......

==================== Print Hermitian matrix system info =======================
Shape of hermitian A: 16x16 -> 32x32
Shape of           B: 16 -> 32
Determinant of Hermitian matrix: 3.537124754617791e-10
Condition # of Hermitian matrix: 67.38490499025036

=================================== Generating HHL circuit ===================================
Time elapsed for generating HHL circuit: 4 min 36.90 sec

Generated circuit: num_qubits=14, gates=19, depth=5
============================== Generated Circuit saved ==============================

============================== Transpiling circuit ==============================
Time elapsed for transpiling the circuit:  0 min 46.38 sec
Transpiled circuit, num_qubits: 14, (original: 14)
Transpiled circuit depth: 689027 (original: 5)
Transpiled circuit gates: 689127 (original: 19)
============================== Transpiled Circuit saved ==============================
Time elapsed for running the circuit:  1 min 6.32 sec
total_qubits: 14, nq:5

Time elapsed for extracting shots-based hhl counts solution:  0 min 0.00 sec

[HHL info]: linear system residual (e=||Ax-b||_2): 2.1796327761095885e-05
[HHL info]: Fidelity(true_sol, hhl_sol): 0.976485989206771
[HHL info]: L2 error (absolute): 7.541966470683438e-07
[HHL info]: L2 error (relative): 0.38197870425366537
[HHL info]: L2 error (normalized): 0.15379820336938638

========================================================================================
 Compare system solutions using LU of A, LU sol of A_herm, HHL of Ax=b hermition system
LU sol 	    Herm LU sol    HHL sol    L1_diff(%)
 1.576e-07   1.576e-07   1.085e-07  3.117e+01
 1.231e-06   1.231e-06   7.437e-07  3.960e+01
 2.905e-07   2.905e-07   2.657e-07  8.536e+00
 5.175e-07   5.175e-07   2.426e-07  5.313e+01
-3.678e-07  -3.678e-07  -2.657e-07  2.777e+01
-3.464e-08  -3.464e-08  -0.000e+00  1.000e+02
 3.592e-07   3.592e-07   2.426e-07  3.248e+01
-2.835e-07  -2.835e-07  -2.169e-07  2.347e+01
-1.679e-07  -1.679e-07  -0.000e+00  1.000e+02
-2.222e-07  -2.222e-07  -1.085e-07  5.118e+01
 4.568e-07   4.568e-07   3.068e-07  3.283e+01
-3.075e-08  -3.075e-08  -0.000e+00  1.000e+02
 5.301e-08   5.301e-08   0.000e+00  1.000e+02
-9.392e-07  -9.392e-07  -6.598e-07  2.974e+01
 6.982e-07   6.982e-07   4.201e-07  3.983e+01
========================================================================================

step: 10/15 res:5.8123825899103534e-05, res/res0:4.696734994504127e-06  dq_norm: [3.75760376e-07 1.09552034e-06 4.97084255e-07]

A info: before HHL prepare:
Spectral radius (A): 2.407e+01, lambda_min:4.10781374512483
condition number(A): 5.859e+00, norm2_cond:67.38500292109434
det(A): 9.912e+15
--------------------------------------------------------------------------------

A_hhl info: after scaling by spectral radius:
Spectral radius (A): 1.000e+00, lambda_min:0.17066899747988581
condition number(A): 5.859e+00, norm2_cond:67.38500292109431
det(A): 1.881e-05, nnz: 11 non zeros per row
--------------------------------------------------------------------------------

Size of A & B are not power of 2:
Next 2 power of 15 = 16
Value to be padded = 1
--------------------------------------------------

==================== Print (N)^2 padded matrix system =======================
Padded shape of A: (15, 15)x(15, 15) -> (16, 16)x(16, 16)
Padded shape of B: (15,) -> (16,)
Determinant of padded matrix: 1.8807175608280577e-05
Condition # of padded matrix: 67.38500292109431


Matrix is not Hermitian. Making it Hermitian.......

==================== Print Hermitian matrix system info =======================
Shape of hermitian A: 16x16 -> 32x32
Shape of           B: 16 -> 32
Determinant of Hermitian matrix: 3.5370985436070383e-10
Condition # of Hermitian matrix: 67.38500292109433

=================================== Generating HHL circuit ===================================
Time elapsed for generating HHL circuit: 4 min 28.74 sec

Generated circuit: num_qubits=14, gates=19, depth=5
============================== Generated Circuit saved ==============================

============================== Transpiling circuit ==============================
Time elapsed for transpiling the circuit:  0 min 45.29 sec
Transpiled circuit, num_qubits: 14, (original: 14)
Transpiled circuit depth: 689027 (original: 5)
Transpiled circuit gates: 689127 (original: 19)
============================== Transpiled Circuit saved ==============================
Time elapsed for running the circuit:  1 min 4.58 sec
total_qubits: 14, nq:5

Time elapsed for extracting shots-based hhl counts solution:  0 min 0.00 sec

[HHL info]: linear system residual (e=||Ax-b||_2): 2.4725200739453344e-06
[HHL info]: Fidelity(true_sol, hhl_sol): 0.9791007719038032
[HHL info]: L2 error (absolute): 1.1264842076394334e-07
[HHL info]: L2 error (relative): 0.14936161055313713
[HHL info]: L2 error (normalized): 0.14494681314350083

========================================================================================
 Compare system solutions using LU of A, LU sol of A_herm, HHL of Ax=b hermition system
LU sol 	    Herm LU sol    HHL sol    L1_diff(%)
 4.912e-08   4.912e-08   9.918e-08  1.019e+02
 4.876e-07   4.876e-07   5.008e-07  2.712e+00
 2.480e-08   2.480e-08   0.000e+00  1.000e+02
 2.750e-07   2.750e-07   2.891e-07  5.150e+00
-1.021e-07  -1.021e-07  -7.013e-08  3.134e+01
-3.464e-08  -3.464e-08  -7.013e-08  1.025e+02
 1.167e-07   1.167e-07   1.215e-07  4.124e+00
-6.654e-08  -6.654e-08  -7.013e-08  5.389e+00
-1.679e-07  -1.679e-07  -1.215e-07  2.765e+01
-1.137e-07  -1.137e-07  -1.215e-07  6.818e+00
 1.500e-07   1.500e-07   1.984e-07  3.226e+01
-3.075e-08  -3.075e-08  -0.000e+00  1.000e+02
 5.302e-08   5.302e-08   7.013e-08  3.228e+01
-2.793e-07  -2.793e-07  -2.529e-07  9.482e+00
 2.781e-07   2.781e-07   2.975e-07  6.973e+00
========================================================================================

step: 11/15 res:2.1796332359811574e-05, res/res0:1.7612673522881199e-06  dq_norm: [3.57586015e-07 6.03267199e-07 3.28931293e-07]

A info: before HHL prepare:
Spectral radius (A): 2.407e+01, lambda_min:4.107810386757648
condition number(A): 5.859e+00, norm2_cond:67.38504954593661
det(A): 9.912e+15
--------------------------------------------------------------------------------

A_hhl info: after scaling by spectral radius:
Spectral radius (A): 1.000e+00, lambda_min:0.170668879032214
condition number(A): 5.859e+00, norm2_cond:67.38504954593662
det(A): 1.881e-05, nnz: 11 non zeros per row
--------------------------------------------------------------------------------

Size of A & B are not power of 2:
Next 2 power of 15 = 16
Value to be padded = 1
--------------------------------------------------

==================== Print (N)^2 padded matrix system =======================
Padded shape of A: (15, 15)x(15, 15) -> (16, 16)x(16, 16)
Padded shape of B: (15,) -> (16,)
Determinant of padded matrix: 1.8807140856096313e-05
Condition # of padded matrix: 67.38504954593662


Matrix is not Hermitian. Making it Hermitian.......

==================== Print Hermitian matrix system info =======================
Shape of hermitian A: 16x16 -> 32x32
Shape of           B: 16 -> 32
Determinant of Hermitian matrix: 3.537085471810497e-10
Condition # of Hermitian matrix: 67.38504954593688

=================================== Generating HHL circuit ===================================
Time elapsed for generating HHL circuit: 4 min 23.32 sec

Generated circuit: num_qubits=14, gates=19, depth=5
============================== Generated Circuit saved ==============================

============================== Transpiling circuit ==============================
Time elapsed for transpiling the circuit:  0 min 43.58 sec
Transpiled circuit, num_qubits: 14, (original: 14)
Transpiled circuit depth: 689027 (original: 5)
Transpiled circuit gates: 689127 (original: 19)
============================== Transpiled Circuit saved ==============================
Time elapsed for running the circuit:  1 min 2.37 sec
total_qubits: 14, nq:5

Time elapsed for extracting shots-based hhl counts solution:  0 min 0.00 sec

[HHL info]: linear system residual (e=||Ax-b||_2): 6.027333638353648e-07
[HHL info]: Fidelity(true_sol, hhl_sol): 0.98717569610013
[HHL info]: L2 error (absolute): 2.075126281813567e-08
[HHL info]: L2 error (relative): 0.18421306330727982
[HHL info]: L2 error (normalized): 0.11342700362061076

========================================================================================
 Compare system solutions using LU of A, LU sol of A_herm, HHL of Ax=b hermition system
LU sol 	    Herm LU sol    HHL sol    L1_diff(%)
-5.006e-08  -5.006e-08  -5.546e-08  1.080e+01
-1.322e-08  -1.322e-08  -8.770e-09  3.367e+01
 2.480e-08   2.480e-08   3.397e-08  3.697e+01
-1.416e-08  -1.416e-08  -1.961e-08  3.846e+01
-3.201e-08  -3.201e-08  -3.721e-08  1.623e+01
 3.549e-08   3.549e-08   4.296e-08  2.105e+01
-4.811e-09  -4.811e-09  -8.770e-09  8.229e+01
 3.586e-09   3.586e-09   0.000e+00  1.000e+02
-4.643e-08  -4.643e-08  -5.188e-08  1.174e+01
 7.752e-09   7.753e-09   1.519e-08  9.593e+01
-4.838e-08  -4.838e-08  -5.188e-08  7.232e+00
-3.075e-08  -3.075e-08  -3.721e-08  2.102e+01
-1.711e-08  -1.711e-08  -1.754e-08  2.496e+00
-2.649e-08  -2.649e-08  -2.480e-08  6.352e+00
-1.940e-08  -1.939e-08  -2.320e-08  1.963e+01
========================================================================================

step: 12/15 res:2.4725207344310175e-06, res/res0:1.9979370728619419e-07  dq_norm: [6.38448205e-08 6.90531642e-08 8.72580163e-08]

A info: before HHL prepare:
Spectral radius (A): 2.407e+01, lambda_min:4.1078101808650205
condition number(A): 5.859e+00, norm2_cond:67.38504888343205
det(A): 9.912e+15
--------------------------------------------------------------------------------

A_hhl info: after scaling by spectral radius:
Spectral radius (A): 1.000e+00, lambda_min:0.17066886907893586
condition number(A): 5.859e+00, norm2_cond:67.38504888343172
det(A): 1.881e-05, nnz: 11 non zeros per row
--------------------------------------------------------------------------------

Size of A & B are not power of 2:
Next 2 power of 15 = 16
Value to be padded = 1
--------------------------------------------------

==================== Print (N)^2 padded matrix system =======================
Padded shape of A: (15, 15)x(15, 15) -> (16, 16)x(16, 16)
Padded shape of B: (15,) -> (16,)
Determinant of padded matrix: 1.8807138236857492e-05
Condition # of padded matrix: 67.38504888343172


Matrix is not Hermitian. Making it Hermitian.......

==================== Print Hermitian matrix system info =======================
Shape of hermitian A: 16x16 -> 32x32
Shape of           B: 16 -> 32
Determinant of Hermitian matrix: 3.537084486602672e-10
Condition # of Hermitian matrix: 67.385048883432

=================================== Generating HHL circuit ===================================
Time elapsed for generating HHL circuit: 4 min 8.86 sec

Generated circuit: num_qubits=14, gates=19, depth=5
============================== Generated Circuit saved ==============================

============================== Transpiling circuit ==============================
Time elapsed for transpiling the circuit:  0 min 41.76 sec
Transpiled circuit, num_qubits: 14, (original: 14)
Transpiled circuit depth: 689027 (original: 5)
Transpiled circuit gates: 689127 (original: 19)
============================== Transpiled Circuit saved ==============================
Time elapsed for running the circuit:  1 min 2.05 sec
total_qubits: 14, nq:5

Time elapsed for extracting shots-based hhl counts solution:  0 min 0.00 sec

[HHL info]: linear system residual (e=||Ax-b||_2): 3.2394654512351535e-07
[HHL info]: Fidelity(true_sol, hhl_sol): 0.7932929354316951
[HHL info]: L2 error (absolute): 1.0014722840563926e-08
[HHL info]: L2 error (relative): 0.4826077699417704
[HHL info]: L2 error (normalized): 0.4676110636503547

========================================================================================
 Compare system solutions using LU of A, LU sol of A_herm, HHL of Ax=b hermition system
LU sol 	    Herm LU sol    HHL sol    L1_diff(%)
 5.404e-09   5.405e-09   5.221e-09  3.394e+00
-4.452e-09  -4.452e-09  -0.000e+00  1.000e+02
-9.169e-09  -9.168e-09  -6.395e-09  3.025e+01
 5.447e-09   5.447e-09   5.221e-09  4.152e+00
 5.195e-09   5.195e-09   5.221e-09  5.006e-01
-7.470e-09  -7.470e-09  -9.768e-09  3.077e+01
 3.959e-09   3.959e-09   6.395e-09  6.153e+01
 3.586e-09   3.586e-09   0.000e+00  1.000e+02
 5.451e-09   5.451e-09   5.221e-09  4.219e+00
-7.438e-09  -7.437e-09  -1.167e-08  5.698e+01
 3.499e-09   3.499e-09   0.000e+00  1.000e+02
 6.461e-09   6.461e-09   7.384e-09  1.428e+01
 4.265e-10   4.271e-10   0.000e+00  1.000e+02
-1.683e-09  -1.682e-09  -0.000e+00  1.000e+02
 3.807e-09   3.808e-09   0.000e+00  1.000e+02
========================================================================================

step: 13/15 res:6.027333842879098e-07, res/res0:4.8704278057246596e-08  dq_norm: [1.52221257e-08 5.22114596e-09 1.47676315e-08]

A info: before HHL prepare:
Spectral radius (A): 2.407e+01, lambda_min:4.10781008505514
condition number(A): 5.859e+00, norm2_cond:67.3850485041397
det(A): 9.912e+15
--------------------------------------------------------------------------------

A_hhl info: after scaling by spectral radius:
Spectral radius (A): 1.000e+00, lambda_min:0.1706688656125039
condition number(A): 5.859e+00, norm2_cond:67.38504850413956
det(A): 1.881e-05, nnz: 11 non zeros per row
--------------------------------------------------------------------------------

Size of A & B are not power of 2:
Next 2 power of 15 = 16
Value to be padded = 1
--------------------------------------------------

==================== Print (N)^2 padded matrix system =======================
Padded shape of A: (15, 15)x(15, 15) -> (16, 16)x(16, 16)
Padded shape of B: (15,) -> (16,)
Determinant of padded matrix: 1.8807139439332698e-05
Condition # of padded matrix: 67.38504850413956


Matrix is not Hermitian. Making it Hermitian.......

==================== Print Hermitian matrix system info =======================
Shape of hermitian A: 16x16 -> 32x32
Shape of           B: 16 -> 32
Determinant of Hermitian matrix: 3.537084938905047e-10
Condition # of Hermitian matrix: 67.38504850413965

=================================== Generating HHL circuit ===================================
Time elapsed for generating HHL circuit: 3 min 33.19 sec

Generated circuit: num_qubits=14, gates=19, depth=5
============================== Generated Circuit saved ==============================

============================== Transpiling circuit ==============================
Time elapsed for transpiling the circuit:  0 min 36.86 sec
Transpiled circuit, num_qubits: 14, (original: 14)
Transpiled circuit depth: 689027 (original: 5)
Transpiled circuit gates: 689127 (original: 19)
============================== Transpiled Circuit saved ==============================
Time elapsed for running the circuit:  0 min 54.47 sec
total_qubits: 14, nq:5

Time elapsed for extracting shots-based hhl counts solution:  0 min 0.00 sec

[HHL info]: linear system residual (e=||Ax-b||_2): 2.774363580407799e-07
[HHL info]: Fidelity(true_sol, hhl_sol): 0.6897830269223628
[HHL info]: L2 error (absolute): 8.856071325679097e-09
[HHL info]: L2 error (relative): 0.8843050345075143
[HHL info]: L2 error (normalized): 0.582182259636381

========================================================================================
 Compare system solutions using LU of A, LU sol of A_herm, HHL of Ax=b hermition system
LU sol 	    Herm LU sol    HHL sol    L1_diff(%)
 1.833e-10   1.834e-10   0.000e+00  1.000e+02
-4.452e-09  -4.452e-09  -4.550e-10  8.978e+01
-2.774e-09  -2.774e-09  -0.000e+00  1.000e+02
 2.259e-10   2.262e-10   0.000e+00  1.000e+02
-2.626e-11  -2.601e-11  -0.000e+00  1.000e+02
 2.298e-09   2.298e-09   4.550e-10  8.020e+01
-2.436e-09  -2.436e-09  -6.435e-10  7.358e+01
 3.586e-09   3.586e-09   4.550e-10  8.731e+01
 2.295e-10   2.300e-10   0.000e+00  1.000e+02
 4.237e-09   4.238e-09   7.881e-10  8.140e+01
 3.499e-09   3.499e-09   4.550e-10  8.700e+01
-9.231e-10  -9.224e-10  -0.000e+00  1.000e+02
 4.265e-10   4.271e-10   0.000e+00  1.000e+02
-1.683e-09  -1.682e-09  -4.550e-10  7.296e+01
 3.807e-09   3.808e-09   0.000e+00  1.000e+02
========================================================================================

step: 14/15 res:3.239465507676663e-07, res/res0:2.6176719749669342e-08  dq_norm: [1.01739873e-09 9.09989140e-10 4.54994709e-10]
Completed: 14 steps in 6685.28s
Saved metadata to /lustre/orion/ard189/proj-shared/nozzle_1d_results/nelem5/statevector/shots_150000/trial_9/metadata_nelem5_HHL_statevector_nshots150000.pkl

Solution summary:
  x/L: [0.1000, 0.9000]
  Mach: [1.5204, 2.1516]
  p/p_in: [0.9797, 0.3653]
  rho/rho_in: [0.9875, 0.4838]
Saved combined plot to /lustre/orion/ard189/proj-shared/nozzle_1d_results/nelem5/statevector/shots_150000/trial_9/solution_plot_nelem5_HHL_statevector_nshots150000.png
