
------------------------------------------------------------
Using ideal local simulator with 'statevector' method
Backend: aer_simulator_statevector
Shots: 150000
------------------------------------------------------------

A info: before HHL prepare:
Spectral radius (A): 9.808e+01, lambda_min:5.866129498146235
condition number(A): 1.672e+01, norm2_cond:401.8614855890083
det(A): 2.657e+93
--------------------------------------------------------------------------------

A_hhl info: after scaling by spectral radius:
Spectral radius (A): 1.000e+00, lambda_min:0.05980937346031271
condition number(A): 1.672e+01, norm2_cond:401.8614855890105
det(A): 8.499e-27, nnz: 12 non zeros per row
--------------------------------------------------------------------------------

Size of A & B are not power of 2:
Next 2 power of 60 = 64
Value to be padded = 4
--------------------------------------------------

==================== Print (N)^2 padded matrix system =======================
Padded shape of A: (60, 60)x(60, 60) -> (64, 64)x(64, 64)
Padded shape of B: (60,) -> (64,)
Determinant of padded matrix: 8.499054744892335e-27
Condition # of padded matrix: 401.8614855890105


Matrix is not Hermitian. Making it Hermitian.......

==================== Print Hermitian matrix system info =======================
Shape of hermitian A: 64x64 -> 128x128
Shape of           B: 64 -> 128
Determinant of Hermitian matrix: 7.223393155667588e-53
Condition # of Hermitian matrix: 401.86148558902164

=================================== Generating HHL circuit ===================================
Time elapsed for generating HHL circuit: 4 min 41.73 sec

Generated circuit: num_qubits=18, gates=23, depth=5
============================== Generated Circuit saved ==============================

============================== Transpiling circuit ==============================
This is using the AerSimulator('aer_simulator_statevector') transpiler.
Time elapsed for transpiling the circuit:  0 min 49.07 sec
Transpiled circuit, num_qubits: 18, (original: 18)
Transpiled circuit depth: 464201 (original: 5)
Transpiled circuit gates: 464353 (original: 23)
============================== Transpiled Circuit saved ==============================
Time elapsed for running the circuit:  2 min 30.79 sec
total_qubits: 18, nq:7

Time elapsed for extracting shots-based hhl counts solution:  0 min 0.00 sec

[HHL info]: linear system residual (e=||Ax-b||_2): 18.330419523447926
[HHL info]: Fidelity(true_sol, hhl_sol): 0.9939810507658096
[HHL info]: L2 error (absolute): 3.7867055403502072
[HHL info]: L2 error (relative): 0.7000291818666033
[HHL info]: L2 error (normalized): 0.0776404117148666

========================================================================================
 Compare system solutions using LU of A, LU sol of A_herm, HHL of Ax=b hermition system
LU sol 	    Herm LU sol    HHL sol    L1_diff(%)
-2.338e-04  -2.338e-04  -0.000e+00  1.000e+02
-1.963e-04  -1.963e-04  -0.000e+00  1.000e+02
-6.159e-04  -6.159e-04  -0.000e+00  1.000e+02
-8.210e-04  -8.210e-04  -0.000e+00  1.000e+02
-7.266e-04  -7.266e-04  -0.000e+00  1.000e+02
-2.219e-03  -2.219e-03  -0.000e+00  1.000e+02
-1.793e-03  -1.793e-03  -0.000e+00  1.000e+02
-1.753e-03  -1.753e-03  -0.000e+00  1.000e+02
-5.094e-03  -5.094e-03  -0.000e+00  1.000e+02
-3.854e-03  -3.854e-03  -0.000e+00  1.000e+02
-3.983e-03  -3.983e-03  -0.000e+00  1.000e+02
-1.127e-02  -1.127e-02  -0.000e+00  1.000e+02
-9.906e-03  -9.906e-03  -0.000e+00  1.000e+02
-9.642e-03  -9.642e-03  -0.000e+00  1.000e+02
-2.806e-02  -2.806e-02  -0.000e+00  1.000e+02
-2.691e-02  -2.691e-02  -0.000e+00  1.000e+02
-2.384e-02  -2.384e-02  -0.000e+00  1.000e+02
-7.270e-02  -7.270e-02  -0.000e+00  1.000e+02
-6.552e-02  -6.552e-02  -0.000e+00  1.000e+02
-5.523e-02  -5.523e-02  -0.000e+00  1.000e+02
-1.723e-01  -1.723e-01  -8.750e-02  4.921e+01
-1.346e-01  -1.346e-01  -4.677e-02  6.525e+01
-1.143e-01  -1.143e-01  -0.000e+00  1.000e+02
-3.520e-01  -3.520e-01  -1.146e-01  6.745e+01
-2.317e-01  -2.317e-01  -4.677e-02  7.981e+01
-2.062e-01  -2.062e-01  -6.615e-02  6.793e+01
-6.108e-01  -6.108e-01  -2.012e-01  6.706e+01
-3.379e-01  -3.379e-01  -1.323e-01  6.085e+01
-3.187e-01  -3.187e-01  -1.046e-01  6.718e+01
-9.014e-01  -9.014e-01  -2.883e-01  6.801e+01
-4.286e-01  -4.286e-01  -1.442e-01  6.636e+01
-4.234e-01  -4.234e-01  -1.551e-01  6.336e+01
-1.154e+00  -1.154e+00  -3.653e-01  6.834e+01
-4.911e-01  -4.911e-01  -1.403e-01  7.143e+01
-4.997e-01  -4.997e-01  -1.403e-01  7.192e+01
-1.329e+00  -1.329e+00  -4.157e-01  6.873e+01
-5.282e-01  -5.282e-01  -1.479e-01  7.200e+01
-5.462e-01  -5.462e-01  -1.841e-01  6.629e+01
-1.433e+00  -1.433e+00  -4.375e-01  6.948e+01
-5.481e-01  -5.481e-01  -1.364e-01  7.512e+01
-5.715e-01  -5.715e-01  -1.719e-01  6.993e+01
-1.489e+00  -1.489e+00  -4.559e-01  6.938e+01
-5.581e-01  -5.581e-01  -1.686e-01  6.978e+01
-5.842e-01  -5.842e-01  -1.871e-01  6.798e+01
-1.517e+00  -1.517e+00  -4.274e-01  7.182e+01
-5.629e-01  -5.629e-01  -1.781e-01  6.836e+01
-5.904e-01  -5.904e-01  -1.620e-01  7.256e+01
-1.530e+00  -1.530e+00  -4.781e-01  6.875e+01
-5.652e-01  -5.652e-01  -1.620e-01  7.133e+01
-5.933e-01  -5.933e-01  -1.900e-01  6.798e+01
-1.536e+00  -1.536e+00  -4.450e-01  7.104e+01
-5.662e-01  -5.662e-01  -1.479e-01  7.388e+01
-5.946e-01  -5.946e-01  -2.012e-01  6.617e+01
-1.539e+00  -1.539e+00  -4.747e-01  6.916e+01
-5.667e-01  -5.667e-01  -1.516e-01  7.326e+01
-5.952e-01  -5.952e-01  -1.479e-01  7.515e+01
-1.541e+00  -1.541e+00  -4.535e-01  7.057e+01
-5.670e-01  -5.670e-01  -1.281e-01  7.741e+01
-5.955e-01  -5.955e-01  -1.811e-01  6.958e+01
-1.541e+00  -1.541e+00  -4.474e-01  7.097e+01
========================================================================================

step: 0/15 res:22.437797065296795, res/res0:1.0  dq_norm: [0.50048776 0.56127017 1.44579281]

A info: before HHL prepare:
Spectral radius (A): 9.899e+01, lambda_min:6.481977857226285
condition number(A): 1.527e+01, norm2_cond:374.38936665429543
det(A): 1.313e+94
--------------------------------------------------------------------------------

A_hhl info: after scaling by spectral radius:
Spectral radius (A): 1.000e+00, lambda_min:0.06547856143890463
condition number(A): 1.527e+01, norm2_cond:374.38936665429407
det(A): 2.409e-26, nnz: 14 non zeros per row
--------------------------------------------------------------------------------

Size of A & B are not power of 2:
Next 2 power of 60 = 64
Value to be padded = 4
--------------------------------------------------

==================== Print (N)^2 padded matrix system =======================
Padded shape of A: (60, 60)x(60, 60) -> (64, 64)x(64, 64)
Padded shape of B: (60,) -> (64,)
Determinant of padded matrix: 2.4092665875911104e-26
Condition # of padded matrix: 374.38936665429407


Matrix is not Hermitian. Making it Hermitian.......

==================== Print Hermitian matrix system info =======================
Shape of hermitian A: 64x64 -> 128x128
Shape of           B: 64 -> 128
Determinant of Hermitian matrix: 5.804565490083408e-52
Condition # of Hermitian matrix: 374.38936665429753

=================================== Generating HHL circuit ===================================
Time elapsed for generating HHL circuit: 5 min 0.62 sec

Generated circuit: num_qubits=18, gates=23, depth=5
============================== Generated Circuit saved ==============================

============================== Transpiling circuit ==============================
This is using the AerSimulator('aer_simulator_statevector') transpiler.
Time elapsed for transpiling the circuit:  0 min 46.24 sec
Transpiled circuit, num_qubits: 18, (original: 18)
Transpiled circuit depth: 464193 (original: 5)
Transpiled circuit gates: 464345 (original: 23)
============================== Transpiled Circuit saved ==============================
Time elapsed for running the circuit:  2 min 29.69 sec
total_qubits: 18, nq:7

Time elapsed for extracting shots-based hhl counts solution:  0 min 0.00 sec

[HHL info]: linear system residual (e=||Ax-b||_2): 16.429895402306425
[HHL info]: Fidelity(true_sol, hhl_sol): 0.991126391967587
[HHL info]: L2 error (absolute): 2.7962758412715236
[HHL info]: L2 error (relative): 0.7705147303742502
[HHL info]: L2 error (normalized): 0.0943047246388665

========================================================================================
 Compare system solutions using LU of A, LU sol of A_herm, HHL of Ax=b hermition system
LU sol 	    Herm LU sol    HHL sol    L1_diff(%)
-2.090e-04  -2.090e-04  -0.000e+00  1.000e+02
-1.837e-04  -1.837e-04  -0.000e+00  1.000e+02
-5.638e-04  -5.638e-04  -0.000e+00  1.000e+02
-7.549e-04  -7.549e-04  -0.000e+00  1.000e+02
-6.928e-04  -6.928e-04  -0.000e+00  1.000e+02
-2.077e-03  -2.077e-03  -0.000e+00  1.000e+02
-1.792e-03  -1.792e-03  -0.000e+00  1.000e+02
-1.762e-03  -1.762e-03  -0.000e+00  1.000e+02
-5.089e-03  -5.089e-03  -0.000e+00  1.000e+02
-4.151e-03  -4.151e-03  -0.000e+00  1.000e+02
-4.120e-03  -4.120e-03  -0.000e+00  1.000e+02
-1.188e-02  -1.188e-02  -0.000e+00  1.000e+02
-1.057e-02  -1.057e-02  -0.000e+00  1.000e+02
-9.928e-03  -9.928e-03  -0.000e+00  1.000e+02
-2.965e-02  -2.965e-02  -1.936e-02  3.470e+01
-2.719e-02  -2.719e-02  -0.000e+00  1.000e+02
-2.384e-02  -2.384e-02  -0.000e+00  1.000e+02
-7.305e-02  -7.305e-02  -2.738e-02  6.252e+01
-6.415e-02  -6.415e-02  -0.000e+00  1.000e+02
-5.522e-02  -5.522e-02  -0.000e+00  1.000e+02
-7.995e-02  -7.995e-02  -0.000e+00  1.000e+02
-8.324e-02  -8.324e-02  -1.936e-02  7.674e+01
-1.148e-01  -1.148e-01  -0.000e+00  1.000e+02
-2.254e-01  -2.254e-01  -4.742e-02  7.896e+01
-1.748e-01  -1.748e-01  -3.353e-02  8.081e+01
-1.381e-01  -1.381e-01  -1.936e-02  8.598e+01
-3.817e-01  -3.817e-01  -8.439e-02  7.789e+01
-1.873e-01  -1.873e-01  -4.742e-02  7.468e+01
-2.147e-01  -2.147e-01  -6.421e-02  7.009e+01
-5.724e-01  -5.724e-01  -1.500e-01  7.380e+01
-2.644e-01  -2.644e-01  -8.658e-02  6.725e+01
-2.679e-01  -2.679e-01  -5.476e-02  7.956e+01
-7.402e-01  -7.402e-01  -1.620e-01  7.812e+01
-3.350e-01  -3.350e-01  -6.981e-02  7.916e+01
-3.632e-01  -3.632e-01  -9.285e-02  7.444e+01
-8.696e-01  -8.696e-01  -2.012e-01  7.686e+01
-3.664e-01  -3.664e-01  -9.285e-02  7.466e+01
-3.610e-01  -3.610e-01  -6.421e-02  8.221e+01
-9.555e-01  -9.555e-01  -2.156e-01  7.744e+01
-3.921e-01  -3.921e-01  -1.024e-01  7.387e+01
-3.961e-01  -3.961e-01  -8.658e-02  7.814e+01
-9.793e-01  -9.793e-01  -2.331e-01  7.619e+01
-3.621e-01  -3.621e-01  -8.658e-02  7.609e+01
-3.967e-01  -3.967e-01  -8.439e-02  7.873e+01
-1.024e+00  -1.024e+00  -2.147e-01  7.903e+01
-3.612e-01  -3.612e-01  -9.872e-02  7.267e+01
-4.333e-01  -4.333e-01  -1.178e-01  7.282e+01
-9.920e-01  -9.920e-01  -2.403e-01  7.578e+01
-3.834e-01  -3.834e-01  -9.680e-02  7.475e+01
-3.999e-01  -3.999e-01  -8.439e-02  7.890e+01
-1.044e+00  -1.044e+00  -2.283e-01  7.814e+01
-3.965e-01  -3.965e-01  -7.244e-02  8.173e+01
-3.904e-01  -3.904e-01  -8.872e-02  7.727e+01
-1.004e+00  -1.004e+00  -2.434e-01  7.576e+01
-4.014e-01  -4.014e-01  -9.081e-02  7.738e+01
-4.536e-01  -4.536e-01  -1.043e-01  7.702e+01
-1.043e+00  -1.043e+00  -2.410e-01  7.690e+01
-4.389e-01  -4.389e-01  -1.006e-01  7.708e+01
-4.156e-01  -4.156e-01  -8.872e-02  7.865e+01
-1.078e+00  -1.078e+00  -2.449e-01  7.728e+01
========================================================================================

step: 1/15 res:18.456466997866393, res/res0:0.8225614548592166  dq_norm: [0.29233725 0.28716274 0.73058666]

A info: before HHL prepare:
Spectral radius (A): 1.001e+02, lambda_min:6.517034519510341
condition number(A): 1.536e+01, norm2_cond:359.8180281784977
det(A): 6.644e+94
--------------------------------------------------------------------------------

A_hhl info: after scaling by spectral radius:
Spectral radius (A): 1.000e+00, lambda_min:0.06510591522000625
condition number(A): 1.536e+01, norm2_cond:359.8180281784948
det(A): 6.261e-26, nnz: 24 non zeros per row
--------------------------------------------------------------------------------

Size of A & B are not power of 2:
Next 2 power of 60 = 64
Value to be padded = 4
--------------------------------------------------

==================== Print (N)^2 padded matrix system =======================
Padded shape of A: (60, 60)x(60, 60) -> (64, 64)x(64, 64)
Padded shape of B: (60,) -> (64,)
Determinant of padded matrix: 6.261320284047428e-26
Condition # of padded matrix: 359.8180281784948


Matrix is not Hermitian. Making it Hermitian.......

==================== Print Hermitian matrix system info =======================
Shape of hermitian A: 64x64 -> 128x128
Shape of           B: 64 -> 128
Determinant of Hermitian matrix: 3.9204131699423204e-51
Condition # of Hermitian matrix: 359.81802817849604

=================================== Generating HHL circuit ===================================
Time elapsed for generating HHL circuit: 4 min 57.70 sec

Generated circuit: num_qubits=18, gates=23, depth=5
============================== Generated Circuit saved ==============================

============================== Transpiling circuit ==============================
This is using the AerSimulator('aer_simulator_statevector') transpiler.
Time elapsed for transpiling the circuit:  0 min 48.36 sec
Transpiled circuit, num_qubits: 18, (original: 18)
Transpiled circuit depth: 464199 (original: 5)
Transpiled circuit gates: 464351 (original: 23)
============================== Transpiled Circuit saved ==============================
Time elapsed for running the circuit:  2 min 28.13 sec
total_qubits: 18, nq:7

Time elapsed for extracting shots-based hhl counts solution:  0 min 0.00 sec

[HHL info]: linear system residual (e=||Ax-b||_2): 11.29414479472113
[HHL info]: Fidelity(true_sol, hhl_sol): 0.9904362347129301
[HHL info]: L2 error (absolute): 1.9185193679558101
[HHL info]: L2 error (relative): 0.712669992555057
[HHL info]: L2 error (normalized): 0.0979119078107104

========================================================================================
 Compare system solutions using LU of A, LU sol of A_herm, HHL of Ax=b hermition system
LU sol 	    Herm LU sol    HHL sol    L1_diff(%)
-2.106e-04  -2.106e-04  -0.000e+00  1.000e+02
-1.849e-04  -1.849e-04  -0.000e+00  1.000e+02
-5.666e-04  -5.666e-04  -0.000e+00  1.000e+02
-7.451e-04  -7.451e-04  -0.000e+00  1.000e+02
-6.886e-04  -6.886e-04  -0.000e+00  1.000e+02
-2.056e-03  -2.056e-03  -0.000e+00  1.000e+02
-1.738e-03  -1.738e-03  -0.000e+00  1.000e+02
-1.727e-03  -1.727e-03  -2.035e-02  1.078e+03
-4.983e-03  -4.983e-03  -0.000e+00  1.000e+02
-4.063e-03  -4.063e-03  -0.000e+00  1.000e+02
-4.065e-03  -4.065e-03  -0.000e+00  1.000e+02
-1.170e-02  -1.170e-02  -0.000e+00  1.000e+02
-1.069e-02  -1.069e-02  -0.000e+00  1.000e+02
-1.009e-02  -1.009e-02  -0.000e+00  1.000e+02
-1.042e-02  -1.042e-02  -0.000e+00  1.000e+02
-2.758e-02  -2.758e-02  -2.035e-02  2.620e+01
-2.397e-02  -2.397e-02  -0.000e+00  1.000e+02
-4.595e-02  -4.595e-02  -2.035e-02  5.571e+01
-6.417e-02  -6.417e-02  -2.035e-02  6.828e+01
-5.498e-02  -5.498e-02  -2.035e-02  6.298e+01
-8.047e-02  -8.047e-02  -2.878e-02  6.423e+01
-6.279e-02  -6.279e-02  -2.878e-02  5.416e+01
-1.150e-01  -1.150e-01  -3.525e-02  6.936e+01
-1.756e-01  -1.756e-01  -4.985e-02  7.160e+01
-1.383e-01  -1.383e-01  -5.757e-02  5.836e+01
-1.189e-01  -1.189e-01  -2.035e-02  8.288e+01
-2.910e-01  -2.910e-01  -7.338e-02  7.478e+01
-1.346e-01  -1.346e-01  -2.035e-02  8.488e+01
-1.502e-01  -1.502e-01  -4.551e-02  6.969e+01
-4.073e-01  -4.073e-01  -1.221e-01  7.002e+01
-1.695e-01  -1.695e-01  -3.525e-02  7.920e+01
-2.146e-01  -2.146e-01  -7.050e-02  6.714e+01
-5.604e-01  -5.604e-01  -1.653e-01  7.049e+01
-2.516e-01  -2.516e-01  -7.615e-02  6.973e+01
-2.663e-01  -2.663e-01  -9.546e-02  6.416e+01
-6.361e-01  -6.361e-01  -2.056e-01  6.768e+01
-2.552e-01  -2.552e-01  -4.985e-02  8.047e+01
-2.989e-01  -2.989e-01  -8.392e-02  7.193e+01
-6.983e-01  -6.983e-01  -2.076e-01  7.028e+01
-2.746e-01  -2.746e-01  -7.883e-02  7.129e+01
-3.113e-01  -3.113e-01  -7.615e-02  7.554e+01
-7.131e-01  -7.131e-01  -2.095e-01  7.061e+01
-2.641e-01  -2.641e-01  -6.750e-02  7.445e+01
-3.114e-01  -3.114e-01  -1.096e-01  6.480e+01
-7.834e-01  -7.834e-01  -2.356e-01  6.992e+01
-2.499e-01  -2.499e-01  -6.436e-02  7.424e+01
-3.139e-01  -3.139e-01  -1.018e-01  6.758e+01
-7.242e-01  -7.242e-01  -2.144e-01  7.039e+01
-2.761e-01  -2.761e-01  -6.436e-02  7.669e+01
-3.188e-01  -3.188e-01  -8.392e-02  7.368e+01
-7.898e-01  -7.898e-01  -2.144e-01  7.285e+01
-3.166e-01  -3.166e-01  -9.971e-02  6.851e+01
-3.016e-01  -3.016e-01  -8.141e-02  7.301e+01
-7.381e-01  -7.381e-01  -2.066e-01  7.202e+01
-2.944e-01  -2.944e-01  -7.615e-02  7.414e+01
-3.458e-01  -3.458e-01  -1.096e-01  6.831e+01
-7.660e-01  -7.660e-01  -2.125e-01  7.226e+01
-3.131e-01  -3.131e-01  -7.338e-02  7.656e+01
-3.262e-01  -3.262e-01  -9.761e-02  7.008e+01
-7.781e-01  -7.781e-01  -2.154e-01  7.232e+01
========================================================================================

step: 2/15 res:16.519688160436885, res/res0:0.7362437636975915  dq_norm: [0.23471936 0.29842989 0.67991588]

A info: before HHL prepare:
Spectral radius (A): 1.002e+02, lambda_min:6.6011769476338245
condition number(A): 1.517e+01, norm2_cond:347.05741086516014
det(A): 1.427e+95
--------------------------------------------------------------------------------

A_hhl info: after scaling by spectral radius:
Spectral radius (A): 1.000e+00, lambda_min:0.06590914256830972
condition number(A): 1.517e+01, norm2_cond:347.0574108651564
det(A): 1.300e-25, nnz: 21 non zeros per row
--------------------------------------------------------------------------------

Size of A & B are not power of 2:
Next 2 power of 60 = 64
Value to be padded = 4
--------------------------------------------------

==================== Print (N)^2 padded matrix system =======================
Padded shape of A: (60, 60)x(60, 60) -> (64, 64)x(64, 64)
Padded shape of B: (60,) -> (64,)
Determinant of padded matrix: 1.299556700215045e-25
Condition # of padded matrix: 347.0574108651564


Matrix is not Hermitian. Making it Hermitian.......

==================== Print Hermitian matrix system info =======================
Shape of hermitian A: 64x64 -> 128x128
Shape of           B: 64 -> 128
Determinant of Hermitian matrix: 1.6888476170739367e-50
Condition # of Hermitian matrix: 347.05741086516

=================================== Generating HHL circuit ===================================
Time elapsed for generating HHL circuit: 5 min 4.31 sec

Generated circuit: num_qubits=18, gates=23, depth=5
============================== Generated Circuit saved ==============================

============================== Transpiling circuit ==============================
This is using the AerSimulator('aer_simulator_statevector') transpiler.
Time elapsed for transpiling the circuit:  0 min 50.08 sec
Transpiled circuit, num_qubits: 18, (original: 18)
Transpiled circuit depth: 464199 (original: 5)
Transpiled circuit gates: 464351 (original: 23)
============================== Transpiled Circuit saved ==============================
Time elapsed for running the circuit:  2 min 26.72 sec
total_qubits: 18, nq:7

Time elapsed for extracting shots-based hhl counts solution:  0 min 0.00 sec

[HHL info]: linear system residual (e=||Ax-b||_2): 10.224775329119797
[HHL info]: Fidelity(true_sol, hhl_sol): 0.9916200529697781
[HHL info]: L2 error (absolute): 1.4006669039407285
[HHL info]: L2 error (relative): 0.7466811637702864
[HHL info]: L2 error (normalized): 0.0916382936030501

========================================================================================
 Compare system solutions using LU of A, LU sol of A_herm, HHL of Ax=b hermition system
LU sol 	    Herm LU sol    HHL sol    L1_diff(%)
-2.812e-04  -2.812e-04  -0.000e+00  1.000e+02
-2.181e-04  -2.181e-04  -0.000e+00  1.000e+02
-7.126e-04  -7.126e-04  -0.000e+00  1.000e+02
-9.282e-04  -9.282e-04  -0.000e+00  1.000e+02
-7.017e-04  -7.017e-04  -0.000e+00  1.000e+02
-2.557e-03  -2.557e-03  -0.000e+00  1.000e+02
-1.899e-03  -1.899e-03  -0.000e+00  1.000e+02
 1.871e-02   1.871e-02   0.000e+00  1.000e+02
-5.480e-03  -5.480e-03  -0.000e+00  1.000e+02
-4.176e-03  -4.176e-03  -0.000e+00  1.000e+02
-4.091e-03  -4.091e-03  -0.000e+00  1.000e+02
-1.198e-02  -1.198e-02  -0.000e+00  1.000e+02
-1.076e-02  -1.076e-02  -0.000e+00  1.000e+02
-1.000e-02  -1.000e-02  -0.000e+00  1.000e+02
-1.058e-02  -1.058e-02  -1.205e-02  1.388e+01
-7.375e-03  -7.375e-03  -0.000e+00  1.000e+02
-2.425e-02  -2.425e-02  -1.205e-02  5.032e+01
-2.649e-02  -2.649e-02  -1.205e-02  5.453e+01
-4.362e-02  -4.362e-02  -1.205e-02  7.239e+01
-3.464e-02  -3.464e-02  -1.205e-02  6.523e+01
-5.176e-02  -5.176e-02  -1.703e-02  6.709e+01
-3.225e-02  -3.225e-02  -1.205e-02  6.264e+01
-7.868e-02  -7.868e-02  -1.205e-02  8.469e+01
-1.221e-01  -1.221e-01  -3.407e-02  7.210e+01
-7.868e-02  -7.868e-02  -2.086e-02  7.348e+01
-1.003e-01  -1.003e-01  -2.409e-02  7.599e+01
-2.150e-01  -2.150e-01  -6.374e-02  7.036e+01
-1.147e-01  -1.147e-01  -2.950e-02  7.428e+01
-1.040e-01  -1.040e-01  -2.950e-02  7.164e+01
-2.843e-01  -2.843e-01  -7.806e-02  7.254e+01
-1.331e-01  -1.331e-01  -2.409e-02  8.190e+01
-1.440e-01  -1.440e-01  -3.407e-02  7.634e+01
-3.902e-01  -3.902e-01  -9.173e-02  7.649e+01
-1.707e-01  -1.707e-01  -3.187e-02  8.134e+01
-1.696e-01  -1.696e-01  -5.250e-02  6.904e+01
-4.197e-01  -4.197e-01  -1.130e-01  7.308e+01
-2.002e-01  -2.002e-01  -4.507e-02  7.749e+01
-2.143e-01  -2.143e-01  -6.023e-02  7.189e+01
-4.747e-01  -4.747e-01  -1.222e-01  7.425e+01
-1.922e-01  -1.922e-01  -5.110e-02  7.341e+01
-2.382e-01  -2.382e-01  -5.901e-02  7.523e+01
-4.933e-01  -4.933e-01  -1.420e-01  7.121e+01
-1.965e-01  -1.965e-01  -4.665e-02  7.626e+01
-2.021e-01  -2.021e-01  -4.665e-02  7.691e+01
-5.449e-01  -5.449e-01  -1.347e-01  7.529e+01
-1.807e-01  -1.807e-01  -4.818e-02  7.334e+01
-2.090e-01  -2.090e-01  -4.818e-02  7.694e+01
-4.964e-01  -4.964e-01  -1.319e-01  7.342e+01
-2.015e-01  -2.015e-01  -4.343e-02  7.844e+01
-2.348e-01  -2.348e-01  -7.126e-02  6.965e+01
-5.484e-01  -5.484e-01  -1.394e-01  7.457e+01
-2.066e-01  -2.066e-01  -5.520e-02  7.328e+01
-2.231e-01  -2.231e-01  -5.250e-02  7.646e+01
-5.134e-01  -5.134e-01  -1.286e-01  7.495e+01
-2.120e-01  -2.120e-01  -5.520e-02  7.397e+01
-2.350e-01  -2.350e-01  -4.818e-02  7.949e+01
-5.402e-01  -5.402e-01  -1.368e-01  7.467e+01
-2.330e-01  -2.330e-01  -6.023e-02  7.416e+01
-2.284e-01  -2.284e-01  -5.520e-02  7.583e+01
-5.461e-01  -5.461e-01  -1.240e-01  7.729e+01
========================================================================================

step: 3/15 res:11.314585686805591, res/res0:0.5042645520805243  dq_norm: [0.15472417 0.17496752 0.4169122 ]

A info: before HHL prepare:
Spectral radius (A): 1.003e+02, lambda_min:6.5210624893419915
condition number(A): 1.538e+01, norm2_cond:340.9853033522364
det(A): 3.186e+95
--------------------------------------------------------------------------------

A_hhl info: after scaling by spectral radius:
Spectral radius (A): 1.000e+00, lambda_min:0.0650139296438802
condition number(A): 1.538e+01, norm2_cond:340.985303352234
det(A): 2.658e-25, nnz: 14 non zeros per row
--------------------------------------------------------------------------------

Size of A & B are not power of 2:
Next 2 power of 60 = 64
Value to be padded = 4
--------------------------------------------------

==================== Print (N)^2 padded matrix system =======================
Padded shape of A: (60, 60)x(60, 60) -> (64, 64)x(64, 64)
Padded shape of B: (60,) -> (64,)
Determinant of padded matrix: 2.6578386897657005e-25
Condition # of padded matrix: 340.985303352234


Matrix is not Hermitian. Making it Hermitian.......

==================== Print Hermitian matrix system info =======================
Shape of hermitian A: 64x64 -> 128x128
Shape of           B: 64 -> 128
Determinant of Hermitian matrix: 7.064106500815656e-50
Condition # of Hermitian matrix: 340.98530335223643

=================================== Generating HHL circuit ===================================
Time elapsed for generating HHL circuit: 5 min 7.66 sec

Generated circuit: num_qubits=18, gates=23, depth=5
============================== Generated Circuit saved ==============================

============================== Transpiling circuit ==============================
This is using the AerSimulator('aer_simulator_statevector') transpiler.
Time elapsed for transpiling the circuit:  0 min 51.05 sec
Transpiled circuit, num_qubits: 18, (original: 18)
Transpiled circuit depth: 464202 (original: 5)
Transpiled circuit gates: 464354 (original: 23)
============================== Transpiled Circuit saved ==============================
Time elapsed for running the circuit:  2 min 28.13 sec
total_qubits: 18, nq:7

Time elapsed for extracting shots-based hhl counts solution:  0 min 0.00 sec

[HHL info]: linear system residual (e=||Ax-b||_2): 7.819299995895035
[HHL info]: Fidelity(true_sol, hhl_sol): 0.9885637328345632
[HHL info]: L2 error (absolute): 0.8883522333140915
[HHL info]: L2 error (relative): 0.6488779530755531
[HHL info]: L2 error (normalized): 0.10709412929931184

========================================================================================
 Compare system solutions using LU of A, LU sol of A_herm, HHL of Ax=b hermition system
LU sol 	    Herm LU sol    HHL sol    L1_diff(%)
-2.833e-04  -2.833e-04  -0.000e+00  1.000e+02
-2.193e-04  -2.193e-04  -0.000e+00  1.000e+02
-7.168e-04  -7.168e-04  -0.000e+00  1.000e+02
-9.235e-04  -9.235e-04  -0.000e+00  1.000e+02
-6.993e-04  -6.993e-04  -0.000e+00  1.000e+02
-2.546e-03  -2.546e-03  -0.000e+00  1.000e+02
-1.862e-03  -1.862e-03  -0.000e+00  1.000e+02
 1.873e-02   1.873e-02   0.000e+00  1.000e+02
-5.405e-03  -5.405e-03  -0.000e+00  1.000e+02
-4.108e-03  -4.108e-03  -0.000e+00  1.000e+02
-4.061e-03  -4.061e-03  -0.000e+00  1.000e+02
-1.184e-02  -1.184e-02  -2.035e-02  7.191e+01
-1.079e-02  -1.079e-02  -0.000e+00  1.000e+02
-1.008e-02  -1.008e-02  -0.000e+00  1.000e+02
 1.475e-03   1.475e-03   0.000e+00  1.000e+02
-7.523e-03  -7.523e-03  -0.000e+00  1.000e+02
-1.226e-02  -1.226e-02  -0.000e+00  1.000e+02
-1.474e-02  -1.474e-02  -1.439e-02  2.356e+00
-3.180e-02  -3.180e-02  -0.000e+00  1.000e+02
-2.277e-02  -2.277e-02  -0.000e+00  1.000e+02
-3.556e-02  -3.556e-02  -2.035e-02  4.277e+01
-2.004e-02  -2.004e-02  -0.000e+00  1.000e+02
-6.629e-02  -6.629e-02  -2.878e-02  5.658e+01
-8.788e-02  -8.788e-02  -3.218e-02  6.339e+01
-5.666e-02  -5.666e-02  -3.218e-02  4.321e+01
-7.596e-02  -7.596e-02  -3.218e-02  5.764e+01
-1.487e-01  -1.487e-01  -5.188e-02  6.510e+01
-8.395e-02  -8.395e-02  -3.525e-02  5.801e+01
-7.494e-02  -7.494e-02  -3.525e-02  5.297e+01
-2.030e-01  -2.030e-01  -7.337e-02  6.385e+01
-1.087e-01  -1.087e-01  -2.878e-02  7.352e+01
-1.103e-01  -1.103e-01  -3.807e-02  6.548e+01
-2.961e-01  -2.961e-01  -9.865e-02  6.668e+01
-1.382e-01  -1.382e-01  -5.384e-02  6.103e+01
-1.169e-01  -1.169e-01  -3.525e-02  6.985e+01
-3.035e-01  -3.035e-01  -1.124e-01  6.297e+01
-1.523e-01  -1.523e-01  -6.105e-02  5.992e+01
-1.536e-01  -1.536e-01  -5.756e-02  6.252e+01
-3.470e-01  -3.470e-01  -1.319e-01  6.199e+01
-1.361e-01  -1.361e-01  -3.807e-02  7.203e+01
-1.783e-01  -1.783e-01  -6.435e-02  6.392e+01
-3.397e-01  -3.397e-01  -1.195e-01  6.481e+01
-1.452e-01  -1.452e-01  -4.317e-02  7.027e+01
-1.566e-01  -1.566e-01  -6.105e-02  6.102e+01
-3.974e-01  -3.974e-01  -1.530e-01  6.151e+01
-1.300e-01  -1.300e-01  -5.933e-02  5.436e+01
-1.614e-01  -1.614e-01  -5.384e-02  6.665e+01
-3.577e-01  -3.577e-01  -1.246e-01  6.516e+01
-1.548e-01  -1.548e-01  -5.188e-02  6.649e+01
-1.624e-01  -1.624e-01  -6.272e-02  6.137e+01
-4.009e-01  -4.009e-01  -1.358e-01  6.614e+01
-1.455e-01  -1.455e-01  -6.272e-02  5.688e+01
-1.706e-01  -1.706e-01  -5.188e-02  6.960e+01
-3.725e-01  -3.725e-01  -1.334e-01  6.417e+01
-1.494e-01  -1.494e-01  -4.550e-02  6.955e+01
-1.866e-01  -1.866e-01  -5.573e-02  7.014e+01
-3.872e-01  -3.872e-01  -1.358e-01  6.494e+01
-1.640e-01  -1.640e-01  -4.985e-02  6.960e+01
-1.731e-01  -1.731e-01  -5.573e-02  6.781e+01
-4.062e-01  -4.062e-01  -1.303e-01  6.792e+01
========================================================================================

step: 4/15 res:10.222934602888698, res/res0:0.4556122231223805  dq_norm: [0.16657435 0.18087738 0.41804876]

A info: before HHL prepare:
Spectral radius (A): 1.009e+02, lambda_min:6.507308288593599
condition number(A): 1.551e+01, norm2_cond:338.09914860453586
det(A): 8.359e+95
--------------------------------------------------------------------------------

A_hhl info: after scaling by spectral radius:
Spectral radius (A): 1.000e+00, lambda_min:0.06449503504576137
condition number(A): 1.551e+01, norm2_cond:338.099148604537
det(A): 4.894e-25, nnz: 14 non zeros per row
--------------------------------------------------------------------------------

Size of A & B are not power of 2:
Next 2 power of 60 = 64
Value to be padded = 4
--------------------------------------------------

==================== Print (N)^2 padded matrix system =======================
Padded shape of A: (60, 60)x(60, 60) -> (64, 64)x(64, 64)
Padded shape of B: (60,) -> (64,)
Determinant of padded matrix: 4.893972641442845e-25
Condition # of padded matrix: 338.099148604537


Matrix is not Hermitian. Making it Hermitian.......

==================== Print Hermitian matrix system info =======================
Shape of hermitian A: 64x64 -> 128x128
Shape of           B: 64 -> 128
Determinant of Hermitian matrix: 2.3950968215192087e-49
Condition # of Hermitian matrix: 338.09914860454086

=================================== Generating HHL circuit ===================================
Time elapsed for generating HHL circuit: 5 min 4.76 sec

Generated circuit: num_qubits=18, gates=23, depth=5
============================== Generated Circuit saved ==============================

============================== Transpiling circuit ==============================
This is using the AerSimulator('aer_simulator_statevector') transpiler.
Time elapsed for transpiling the circuit:  0 min 41.80 sec
Transpiled circuit, num_qubits: 18, (original: 18)
Transpiled circuit depth: 464201 (original: 5)
Transpiled circuit gates: 464353 (original: 23)
============================== Transpiled Circuit saved ==============================
Time elapsed for running the circuit:  2 min 25.75 sec
total_qubits: 18, nq:7

Time elapsed for extracting shots-based hhl counts solution:  0 min 0.00 sec

[HHL info]: linear system residual (e=||Ax-b||_2): 6.894483759531629
[HHL info]: Fidelity(true_sol, hhl_sol): 0.9724650614726345
[HHL info]: L2 error (absolute): 0.6989735828628751
[HHL info]: L2 error (relative): 0.8079735509744712
[HHL info]: L2 error (normalized): 0.16651467520836633

========================================================================================
 Compare system solutions using LU of A, LU sol of A_herm, HHL of Ax=b hermition system
LU sol 	    Herm LU sol    HHL sol    L1_diff(%)
-2.863e-04  -2.863e-04  -6.072e-03  2.021e+03
-2.168e-04  -2.168e-04  -0.000e+00  1.000e+02
-7.203e-04  -7.203e-04  -0.000e+00  1.000e+02
-9.332e-04  -9.332e-04  -0.000e+00  1.000e+02
-6.995e-04  -6.995e-04  -0.000e+00  1.000e+02
-2.599e-03  -2.599e-03  -0.000e+00  1.000e+02
-1.882e-03  -1.882e-03  -0.000e+00  1.000e+02
 1.872e-02   1.872e-02   0.000e+00  1.000e+02
-5.418e-03  -5.418e-03  -0.000e+00  1.000e+02
-4.129e-03  -4.129e-03  -0.000e+00  1.000e+02
-4.072e-03  -4.072e-03  -0.000e+00  1.000e+02
 8.493e-03   8.493e-03   0.000e+00  1.000e+02
-1.075e-02  -1.075e-02  -8.587e-03  2.013e+01
-1.004e-02  -1.004e-02  -6.072e-03  3.950e+01
 1.520e-03   1.520e-03   0.000e+00  1.000e+02
-7.424e-03  -7.424e-03  -8.587e-03  1.567e+01
-1.228e-02  -1.228e-02  -6.072e-03  5.057e+01
-1.101e-04  -1.101e-04  -6.072e-03  5.417e+03
-3.173e-02  -3.173e-02  -0.000e+00  1.000e+02
-2.286e-02  -2.286e-02  -8.587e-03  6.244e+01
-1.460e-02  -1.460e-02  -6.072e-03  5.842e+01
-1.978e-02  -1.978e-02  -0.000e+00  1.000e+02
-3.755e-02  -3.755e-02  -1.052e-02  7.199e+01
-5.503e-02  -5.503e-02  -1.214e-02  7.793e+01
-2.407e-02  -2.407e-02  -0.000e+00  1.000e+02
-4.399e-02  -4.399e-02  -6.072e-03  8.620e+01
-9.626e-02  -9.626e-02  -2.103e-02  7.815e+01
-4.717e-02  -4.717e-02  -1.487e-02  6.847e+01
-3.940e-02  -3.940e-02  -6.072e-03  8.459e+01
-1.267e-01  -1.267e-01  -2.576e-02  7.967e+01
-7.572e-02  -7.572e-02  -1.358e-02  8.207e+01
-7.077e-02  -7.077e-02  -8.587e-03  8.787e+01
-1.869e-01  -1.869e-01  -3.888e-02  7.920e+01
-7.917e-02  -7.917e-02  -1.821e-02  7.699e+01
-8.328e-02  -8.328e-02  -1.606e-02  8.071e+01
-1.817e-01  -1.817e-01  -3.381e-02  8.140e+01
-8.850e-02  -8.850e-02  -1.214e-02  8.628e+01
-9.672e-02  -9.672e-02  -2.503e-02  7.412e+01
-2.109e-01  -2.109e-01  -4.420e-02  7.904e+01
-9.651e-02  -9.651e-02  -2.352e-02  7.563e+01
-1.130e-01  -1.130e-01  -2.429e-02  7.852e+01
-2.160e-01  -2.160e-01  -3.840e-02  8.222e+01
-9.959e-02  -9.959e-02  -2.272e-02  7.719e+01
-9.554e-02  -9.554e-02  -1.821e-02  8.093e+01
-2.370e-01  -2.370e-01  -4.503e-02  8.100e+01
-6.751e-02  -6.751e-02  -1.052e-02  8.442e+01
-1.073e-01  -1.073e-01  -1.821e-02  8.303e+01
-2.259e-01  -2.259e-01  -4.250e-02  8.118e+01
-9.938e-02  -9.938e-02  -1.717e-02  8.272e+01
-1.000e-01  -1.000e-01  -2.576e-02  7.425e+01
-2.569e-01  -2.569e-01  -5.152e-02  7.995e+01
-7.982e-02  -7.982e-02  -6.072e-03  9.239e+01
-1.193e-01  -1.193e-01  -2.352e-02  8.028e+01
-2.332e-01  -2.332e-01  -4.742e-02  7.966e+01
-1.009e-01  -1.009e-01  -1.920e-02  8.097e+01
-1.304e-01  -1.304e-01  -2.848e-02  7.816e+01
-2.442e-01  -2.442e-01  -4.503e-02  8.156e+01
-1.099e-01  -1.099e-01  -1.606e-02  8.539e+01
-1.173e-01  -1.173e-01  -1.821e-02  8.447e+01
-2.667e-01  -2.667e-01  -4.781e-02  8.208e+01
========================================================================================

step: 5/15 res:7.811912345230411, res/res0:0.3481586147916736  dq_norm: [0.0566325  0.07002158 0.14303838]

A info: before HHL prepare:
Spectral radius (A): 1.011e+02, lambda_min:6.459964898993681
condition number(A): 1.565e+01, norm2_cond:337.59379367990954
det(A): 1.072e+96
--------------------------------------------------------------------------------

A_hhl info: after scaling by spectral radius:
Spectral radius (A): 1.000e+00, lambda_min:0.0638989637821756
condition number(A): 1.565e+01, norm2_cond:337.5937936799145
det(A): 5.572e-25, nnz: 17 non zeros per row
--------------------------------------------------------------------------------

Size of A & B are not power of 2:
Next 2 power of 60 = 64
Value to be padded = 4
--------------------------------------------------

==================== Print (N)^2 padded matrix system =======================
Padded shape of A: (60, 60)x(60, 60) -> (64, 64)x(64, 64)
Padded shape of B: (60,) -> (64,)
Determinant of padded matrix: 5.5715086979075505e-25
Condition # of padded matrix: 337.5937936799145


Matrix is not Hermitian. Making it Hermitian.......

==================== Print Hermitian matrix system info =======================
Shape of hermitian A: 64x64 -> 128x128
Shape of           B: 64 -> 128
Determinant of Hermitian matrix: 3.1041709170860813e-49
Condition # of Hermitian matrix: 337.5937936799108

=================================== Generating HHL circuit ===================================
Time elapsed for generating HHL circuit: 5 min 20.18 sec

Generated circuit: num_qubits=18, gates=23, depth=5
============================== Generated Circuit saved ==============================

============================== Transpiling circuit ==============================
This is using the AerSimulator('aer_simulator_statevector') transpiler.
Time elapsed for transpiling the circuit:  0 min 42.69 sec
Transpiled circuit, num_qubits: 18, (original: 18)
Transpiled circuit depth: 464201 (original: 5)
Transpiled circuit gates: 464353 (original: 23)
============================== Transpiled Circuit saved ==============================
Time elapsed for running the circuit:  2 min 26.59 sec
total_qubits: 18, nq:7

Time elapsed for extracting shots-based hhl counts solution:  0 min 0.00 sec

[HHL info]: linear system residual (e=||Ax-b||_2): 4.9954729668686655
[HHL info]: Fidelity(true_sol, hhl_sol): 0.9824599750515098
[HHL info]: L2 error (absolute): 0.4635341559813457
[HHL info]: L2 error (relative): 0.667141475797064
[HHL info]: L2 error (normalized): 0.13273138318738298

========================================================================================
 Compare system solutions using LU of A, LU sol of A_herm, HHL of Ax=b hermition system
LU sol 	    Herm LU sol    HHL sol    L1_diff(%)
 5.770e-03   5.770e-03   0.000e+00  1.000e+02
-2.218e-04  -2.218e-04  -0.000e+00  1.000e+02
-7.209e-04  -7.209e-04  -0.000e+00  1.000e+02
-9.397e-04  -9.397e-04  -0.000e+00  1.000e+02
-7.098e-04  -7.098e-04  -0.000e+00  1.000e+02
-2.611e-03  -2.611e-03  -0.000e+00  1.000e+02
-1.874e-03  -1.874e-03  -0.000e+00  1.000e+02
 1.873e-02   1.873e-02   0.000e+00  1.000e+02
-5.405e-03  -5.405e-03  -0.000e+00  1.000e+02
-4.117e-03  -4.117e-03  -0.000e+00  1.000e+02
-4.067e-03  -4.067e-03  -0.000e+00  1.000e+02
 8.451e-03   8.451e-03   0.000e+00  1.000e+02
-2.113e-03  -2.113e-03  -0.000e+00  1.000e+02
-3.885e-03  -3.885e-03  -0.000e+00  1.000e+02
 1.562e-03   1.562e-03   0.000e+00  1.000e+02
 1.023e-03   1.023e-03   0.000e+00  1.000e+02
-6.308e-03  -6.308e-03  -0.000e+00  1.000e+02
 5.534e-03   5.534e-03   9.130e-03  6.498e+01
-3.207e-02  -3.207e-02  -1.826e-02  4.306e+01
-1.431e-02  -1.431e-02  -0.000e+00  1.000e+02
-8.776e-03  -8.776e-03  -0.000e+00  1.000e+02
-1.993e-02  -1.993e-02  -9.130e-03  5.418e+01
-2.715e-02  -2.715e-02  -9.130e-03  6.637e+01
-4.326e-02  -4.326e-02  -2.236e-02  4.831e+01
-2.359e-02  -2.359e-02  -0.000e+00  1.000e+02
-3.758e-02  -3.758e-02  -1.291e-02  6.564e+01
-7.409e-02  -7.409e-02  -3.292e-02  5.557e+01
-3.119e-02  -3.119e-02  -0.000e+00  1.000e+02
-3.333e-02  -3.333e-02  -1.581e-02  5.256e+01
-9.845e-02  -9.845e-02  -4.184e-02  5.750e+01
-6.130e-02  -6.130e-02  -2.042e-02  6.669e+01
-6.246e-02  -6.246e-02  -1.581e-02  7.468e+01
-1.459e-01  -1.459e-01  -5.324e-02  6.352e+01
-6.067e-02  -6.067e-02  -1.826e-02  6.990e+01
-6.742e-02  -6.742e-02  -2.739e-02  5.937e+01
-1.477e-01  -1.477e-01  -5.245e-02  6.449e+01
-7.592e-02  -7.592e-02  -2.416e-02  6.818e+01
-7.113e-02  -7.113e-02  -2.739e-02  6.149e+01
-1.657e-01  -1.657e-01  -5.165e-02  6.883e+01
-7.175e-02  -7.175e-02  -2.236e-02  6.883e+01
-8.894e-02  -8.894e-02  -2.887e-02  6.754e+01
-1.762e-01  -1.762e-01  -5.478e-02  6.891e+01
-7.572e-02  -7.572e-02  -2.042e-02  7.304e+01
-7.732e-02  -7.732e-02  -2.887e-02  6.266e+01
-1.898e-01  -1.898e-01  -6.584e-02  6.531e+01
-5.673e-02  -5.673e-02  -2.042e-02  6.401e+01
-8.936e-02  -8.936e-02  -3.416e-02  6.177e+01
-1.827e-01  -1.827e-01  -5.702e-02  6.879e+01
-8.251e-02  -8.251e-02  -2.416e-02  7.072e+01
-7.438e-02  -7.438e-02  -2.739e-02  6.317e+01
-2.058e-01  -2.058e-01  -6.893e-02  6.650e+01
-7.406e-02  -7.406e-02  -2.042e-02  7.243e+01
-9.556e-02  -9.556e-02  -2.739e-02  7.134e+01
-1.859e-01  -1.859e-01  -5.987e-02  6.780e+01
-8.099e-02  -8.099e-02  -2.042e-02  7.479e+01
-1.016e-01  -1.016e-01  -3.764e-02  6.294e+01
-1.982e-01  -1.982e-01  -6.391e-02  6.775e+01
-9.255e-02  -9.255e-02  -3.416e-02  6.309e+01
-9.903e-02  -9.903e-02  -3.292e-02  6.676e+01
-2.157e-01  -2.157e-01  -7.417e-02  6.561e+01
========================================================================================

step: 6/15 res:6.89347059149011, res/res0:0.3072258195146898  dq_norm: [0.07528827 0.09532045 0.20044552]

A info: before HHL prepare:
Spectral radius (A): 1.011e+02, lambda_min:6.560227679677874
condition number(A): 1.542e+01, norm2_cond:335.7910100608388
det(A): 1.587e+96
--------------------------------------------------------------------------------

A_hhl info: after scaling by spectral radius:
Spectral radius (A): 1.000e+00, lambda_min:0.06486964106010334
condition number(A): 1.542e+01, norm2_cond:335.7910100608376
det(A): 8.091e-25, nnz: 17 non zeros per row
--------------------------------------------------------------------------------

Size of A & B are not power of 2:
Next 2 power of 60 = 64
Value to be padded = 4
--------------------------------------------------

==================== Print (N)^2 padded matrix system =======================
Padded shape of A: (60, 60)x(60, 60) -> (64, 64)x(64, 64)
Padded shape of B: (60,) -> (64,)
Determinant of padded matrix: 8.091215976118604e-25
Condition # of padded matrix: 335.7910100608376


Matrix is not Hermitian. Making it Hermitian.......

==================== Print Hermitian matrix system info =======================
Shape of hermitian A: 64x64 -> 128x128
Shape of           B: 64 -> 128
Determinant of Hermitian matrix: 6.546777597219973e-49
Condition # of Hermitian matrix: 335.79101006084323

=================================== Generating HHL circuit ===================================
Time elapsed for generating HHL circuit: 5 min 2.17 sec

Generated circuit: num_qubits=18, gates=23, depth=5
============================== Generated Circuit saved ==============================

============================== Transpiling circuit ==============================
This is using the AerSimulator('aer_simulator_statevector') transpiler.
Time elapsed for transpiling the circuit:  0 min 57.54 sec
Transpiled circuit, num_qubits: 18, (original: 18)
Transpiled circuit depth: 464198 (original: 5)
Transpiled circuit gates: 464350 (original: 23)
============================== Transpiled Circuit saved ==============================
Time elapsed for running the circuit:  2 min 25.28 sec
total_qubits: 18, nq:7

Time elapsed for extracting shots-based hhl counts solution:  0 min 0.00 sec

[HHL info]: linear system residual (e=||Ax-b||_2): 4.55819438549935
[HHL info]: Fidelity(true_sol, hhl_sol): 0.9718323876856136
[HHL info]: L2 error (absolute): 0.39204095068265693
[HHL info]: L2 error (relative): 0.8560551928863003
[HHL info]: L2 error (normalized): 0.16843042971711464

========================================================================================
 Compare system solutions using LU of A, LU sol of A_herm, HHL of Ax=b hermition system
LU sol 	    Herm LU sol    HHL sol    L1_diff(%)
 5.771e-03   5.771e-03   0.000e+00  1.000e+02
-2.211e-04  -2.211e-04  -0.000e+00  1.000e+02
-7.173e-04  -7.173e-04  -0.000e+00  1.000e+02
-9.355e-04  -9.355e-04  -0.000e+00  1.000e+02
-7.074e-04  -7.074e-04  -0.000e+00  1.000e+02
-2.602e-03  -2.602e-03  -0.000e+00  1.000e+02
-1.873e-03  -1.873e-03  -0.000e+00  1.000e+02
 1.873e-02   1.873e-02   3.978e-03  7.877e+01
-5.406e-03  -5.406e-03  -0.000e+00  1.000e+02
-4.146e-03  -4.146e-03  -0.000e+00  1.000e+02
-4.087e-03  -4.087e-03  -0.000e+00  1.000e+02
 8.392e-03   8.392e-03   0.000e+00  1.000e+02
-2.204e-03  -2.204e-03  -0.000e+00  1.000e+02
-3.971e-03  -3.971e-03  -0.000e+00  1.000e+02
 1.412e-03   1.412e-03   0.000e+00  1.000e+02
 1.073e-03   1.073e-03   0.000e+00  1.000e+02
-6.254e-03  -6.254e-03  -0.000e+00  1.000e+02
-3.632e-03  -3.632e-03  -3.978e-03  9.512e+00
-1.344e-02  -1.344e-02  -4.872e-03  6.375e+01
-1.431e-02  -1.431e-02  -0.000e+00  1.000e+02
-8.991e-03  -8.991e-03  -4.872e-03  4.581e+01
-1.082e-02  -1.082e-02  -0.000e+00  1.000e+02
-1.811e-02  -1.811e-02  -2.813e-03  8.447e+01
-2.124e-02  -2.124e-02  -0.000e+00  1.000e+02
-2.383e-02  -2.383e-02  -4.872e-03  7.956e+01
-2.469e-02  -2.469e-02  -3.978e-03  8.389e+01
-4.149e-02  -4.149e-02  -6.890e-03  8.339e+01
-3.109e-02  -3.109e-02  -3.978e-03  8.721e+01
-1.736e-02  -1.736e-02  -2.813e-03  8.379e+01
-5.573e-02  -5.573e-02  -6.890e-03  8.764e+01
-4.032e-02  -4.032e-02  -4.872e-03  8.792e+01
-4.678e-02  -4.678e-02  -3.978e-03  9.150e+01
-9.149e-02  -9.149e-02  -1.289e-02  8.591e+01
-4.179e-02  -4.179e-02  -6.289e-03  8.495e+01
-3.985e-02  -3.985e-02  -8.894e-03  7.768e+01
-9.400e-02  -9.400e-02  -1.319e-02  8.596e+01
-5.088e-02  -5.088e-02  -5.625e-03  8.894e+01
-4.380e-02  -4.380e-02  -6.289e-03  8.564e+01
-1.128e-01  -1.128e-01  -1.928e-02  8.291e+01
-4.889e-02  -4.889e-02  -4.872e-03  9.003e+01
-6.026e-02  -6.026e-02  -8.438e-03  8.600e+01
-1.204e-01  -1.204e-01  -1.844e-02  8.468e+01
-5.491e-02  -5.491e-02  -7.955e-03  8.551e+01
-4.836e-02  -4.836e-02  -7.955e-03  8.355e+01
-1.229e-01  -1.229e-01  -1.462e-02  8.811e+01
-3.550e-02  -3.550e-02  -5.625e-03  8.415e+01
-5.485e-02  -5.485e-02  -9.329e-03  8.299e+01
-1.236e-01  -1.236e-01  -1.757e-02  8.579e+01
-5.760e-02  -5.760e-02  -7.442e-03  8.708e+01
-4.753e-02  -4.753e-02  -6.890e-03  8.551e+01
-1.347e-01  -1.347e-01  -2.009e-02  8.509e+01
-5.351e-02  -5.351e-02  -5.625e-03  8.949e+01
-6.828e-02  -6.828e-02  -1.014e-02  8.515e+01
-1.256e-01  -1.256e-01  -1.969e-02  8.432e+01
-5.960e-02  -5.960e-02  -6.890e-03  8.844e+01
-6.333e-02  -6.333e-02  -1.089e-02  8.280e+01
-1.322e-01  -1.322e-01  -1.969e-02  8.511e+01
-5.599e-02  -5.599e-02  -8.894e-03  8.411e+01
-6.599e-02  -6.599e-02  -9.329e-03  8.586e+01
-1.371e-01  -1.371e-01  -1.887e-02  8.624e+01
========================================================================================

step: 7/15 res:4.9926831872547925, res/res0:0.22251218213291885  dq_norm: [0.02214696 0.02755839 0.05695215]

A info: before HHL prepare:
Spectral radius (A): 1.012e+02, lambda_min:6.597321540676382
condition number(A): 1.534e+01, norm2_cond:335.34334799813405
det(A): 1.837e+96
--------------------------------------------------------------------------------

A_hhl info: after scaling by spectral radius:
Spectral radius (A): 1.000e+00, lambda_min:0.06518619051228332
condition number(A): 1.534e+01, norm2_cond:335.34334799813774
det(A): 8.942e-25, nnz: 14 non zeros per row
--------------------------------------------------------------------------------

Size of A & B are not power of 2:
Next 2 power of 60 = 64
Value to be padded = 4
--------------------------------------------------

==================== Print (N)^2 padded matrix system =======================
Padded shape of A: (60, 60)x(60, 60) -> (64, 64)x(64, 64)
Padded shape of B: (60,) -> (64,)
Determinant of padded matrix: 8.941903905197566e-25
Condition # of padded matrix: 335.34334799813774


Matrix is not Hermitian. Making it Hermitian.......

==================== Print Hermitian matrix system info =======================
Shape of hermitian A: 64x64 -> 128x128
Shape of           B: 64 -> 128
Determinant of Hermitian matrix: 7.995764544978862e-49
Condition # of Hermitian matrix: 335.3433479981392

=================================== Generating HHL circuit ===================================
Time elapsed for generating HHL circuit: 5 min 6.43 sec

Generated circuit: num_qubits=18, gates=23, depth=5
============================== Generated Circuit saved ==============================

============================== Transpiling circuit ==============================
This is using the AerSimulator('aer_simulator_statevector') transpiler.
Time elapsed for transpiling the circuit:  0 min 44.27 sec
Transpiled circuit, num_qubits: 18, (original: 18)
Transpiled circuit depth: 464201 (original: 5)
Transpiled circuit gates: 464353 (original: 23)
============================== Transpiled Circuit saved ==============================
Time elapsed for running the circuit:  2 min 26.12 sec
total_qubits: 18, nq:7

Time elapsed for extracting shots-based hhl counts solution:  0 min 0.00 sec

[HHL info]: linear system residual (e=||Ax-b||_2): 3.39497372567598
[HHL info]: Fidelity(true_sol, hhl_sol): 0.9670853834016441
[HHL info]: L2 error (absolute): 0.25576467649589335
[HHL info]: L2 error (relative): 0.654710754551002
[HHL info]: L2 error (normalized): 0.18218125809924954

========================================================================================
 Compare system solutions using LU of A, LU sol of A_herm, HHL of Ax=b hermition system
LU sol 	    Herm LU sol    HHL sol    L1_diff(%)
 5.799e-03   5.799e-03   0.000e+00  1.000e+02
-2.078e-04  -2.078e-04  -0.000e+00  1.000e+02
-6.608e-04  -6.608e-04  -0.000e+00  1.000e+02
-8.594e-04  -8.594e-04  -0.000e+00  1.000e+02
-6.964e-04  -6.964e-04  -0.000e+00  1.000e+02
-2.397e-03  -2.397e-03  -0.000e+00  1.000e+02
-1.804e-03  -1.804e-03  -0.000e+00  1.000e+02
 1.473e-02   1.473e-02   0.000e+00  1.000e+02
-5.212e-03  -5.212e-03  -6.279e-03  2.048e+01
-4.122e-03  -4.122e-03  -0.000e+00  1.000e+02
-4.095e-03  -4.095e-03  -0.000e+00  1.000e+02
 8.469e-03   8.469e-03   0.000e+00  1.000e+02
-2.223e-03  -2.223e-03  -0.000e+00  1.000e+02
-3.992e-03  -3.992e-03  -0.000e+00  1.000e+02
 1.376e-03   1.376e-03   0.000e+00  1.000e+02
 1.043e-03   1.043e-03   0.000e+00  1.000e+02
-6.257e-03  -6.257e-03  -0.000e+00  1.000e+02
 2.516e-04   2.516e-04   0.000e+00  1.000e+02
-8.580e-03  -8.580e-03  -6.279e-03  2.682e+01
-1.434e-02  -1.434e-02  -6.279e-03  5.620e+01
-4.231e-03  -4.231e-03  -0.000e+00  1.000e+02
-1.081e-02  -1.081e-02  -0.000e+00  1.000e+02
-1.527e-02  -1.527e-02  -0.000e+00  1.000e+02
-2.122e-02  -2.122e-02  -1.404e-02  3.382e+01
-1.884e-02  -1.884e-02  -1.088e-02  4.228e+01
-2.068e-02  -2.068e-02  -1.404e-02  3.211e+01
-3.446e-02  -3.446e-02  -8.880e-03  7.423e+01
-2.700e-02  -2.700e-02  -6.279e-03  7.674e+01
-1.458e-02  -1.458e-02  -0.000e+00  1.000e+02
-4.866e-02  -4.866e-02  -1.776e-02  6.351e+01
-3.533e-02  -3.533e-02  -1.088e-02  6.922e+01
-4.279e-02  -4.279e-02  -1.776e-02  5.850e+01
-7.839e-02  -7.839e-02  -3.322e-02  5.761e+01
-3.535e-02  -3.535e-02  -1.088e-02  6.924e+01
-3.096e-02  -3.096e-02  -1.404e-02  5.465e+01
-8.058e-02  -8.058e-02  -3.139e-02  6.104e+01
-4.512e-02  -4.512e-02  -1.088e-02  7.590e+01
-3.753e-02  -3.753e-02  -1.538e-02  5.902e+01
-9.304e-02  -9.304e-02  -3.661e-02  6.065e+01
-4.389e-02  -4.389e-02  -1.404e-02  6.801e+01
-5.184e-02  -5.184e-02  -2.264e-02  5.633e+01
-1.016e-01  -1.016e-01  -3.715e-02  6.345e+01
-4.670e-02  -4.670e-02  -1.404e-02  6.994e+01
-4.039e-02  -4.039e-02  -1.404e-02  6.524e+01
-1.079e-01  -1.079e-01  -4.020e-02  6.275e+01
-2.958e-02  -2.958e-02  -1.256e-02  5.755e+01
-4.546e-02  -4.546e-02  -1.538e-02  6.617e+01
-1.054e-01  -1.054e-01  -3.552e-02  6.629e+01
-4.991e-02  -4.991e-02  -1.884e-02  6.226e+01
-4.078e-02  -4.078e-02  -1.088e-02  7.333e+01
-1.141e-01  -1.141e-01  -3.263e-02  7.140e+01
-4.779e-02  -4.779e-02  -1.661e-02  6.524e+01
-5.809e-02  -5.809e-02  -2.664e-02  5.414e+01
-1.056e-01  -1.056e-01  -3.322e-02  6.854e+01
-5.251e-02  -5.251e-02  -1.986e-02  6.219e+01
-5.240e-02  -5.240e-02  -1.538e-02  7.065e+01
-1.122e-01  -1.122e-01  -3.971e-02  6.459e+01
-4.678e-02  -4.678e-02  -1.256e-02  7.316e+01
-5.666e-02  -5.666e-02  -2.349e-02  5.853e+01
-1.177e-01  -1.177e-01  -3.552e-02  6.981e+01
========================================================================================

step: 8/15 res:4.558516377382575, res/res0:0.20316238551033874  dq_norm: [0.04781879 0.05956701 0.11543644]

A info: before HHL prepare:
Spectral radius (A): 1.013e+02, lambda_min:6.5924616181753946
condition number(A): 1.537e+01, norm2_cond:336.37615443795374
det(A): 2.371e+96
--------------------------------------------------------------------------------

A_hhl info: after scaling by spectral radius:
Spectral radius (A): 1.000e+00, lambda_min:0.06505885998608314
condition number(A): 1.537e+01, norm2_cond:336.3761544379528
det(A): 1.073e-24, nnz: 14 non zeros per row
--------------------------------------------------------------------------------

Size of A & B are not power of 2:
Next 2 power of 60 = 64
Value to be padded = 4
--------------------------------------------------

==================== Print (N)^2 padded matrix system =======================
Padded shape of A: (60, 60)x(60, 60) -> (64, 64)x(64, 64)
Padded shape of B: (60,) -> (64,)
Determinant of padded matrix: 1.0728564011263034e-24
Condition # of padded matrix: 336.3761544379528


Matrix is not Hermitian. Making it Hermitian.......

==================== Print Hermitian matrix system info =======================
Shape of hermitian A: 64x64 -> 128x128
Shape of           B: 64 -> 128
Determinant of Hermitian matrix: 1.1510208574377655e-48
Condition # of Hermitian matrix: 336.3761544379557

=================================== Generating HHL circuit ===================================
Time elapsed for generating HHL circuit: 5 min 17.32 sec

Generated circuit: num_qubits=18, gates=23, depth=5
============================== Generated Circuit saved ==============================

============================== Transpiling circuit ==============================
This is using the AerSimulator('aer_simulator_statevector') transpiler.
Time elapsed for transpiling the circuit:  0 min 44.82 sec
Transpiled circuit, num_qubits: 18, (original: 18)
Transpiled circuit depth: 464204 (original: 5)
Transpiled circuit gates: 464356 (original: 23)
============================== Transpiled Circuit saved ==============================
Time elapsed for running the circuit:  2 min 27.16 sec
total_qubits: 18, nq:7

Time elapsed for extracting shots-based hhl counts solution:  0 min 0.00 sec

[HHL info]: linear system residual (e=||Ax-b||_2): 3.121938433809855
[HHL info]: Fidelity(true_sol, hhl_sol): 0.9708217540860862
[HHL info]: L2 error (absolute): 0.21427639139633256
[HHL info]: L2 error (relative): 0.8449464324836108
[HHL info]: L2 error (normalized): 0.1714475179698421

========================================================================================
 Compare system solutions using LU of A, LU sol of A_herm, HHL of Ax=b hermition system
LU sol 	    Herm LU sol    HHL sol    L1_diff(%)
 5.807e-03   5.807e-03   0.000e+00  1.000e+02
-2.051e-04  -2.051e-04  -0.000e+00  1.000e+02
-6.469e-04  -6.469e-04  -0.000e+00  1.000e+02
-8.467e-04  -8.467e-04  -0.000e+00  1.000e+02
-7.024e-04  -7.024e-04  -0.000e+00  1.000e+02
-2.345e-03  -2.345e-03  -0.000e+00  1.000e+02
-1.794e-03  -1.794e-03  -0.000e+00  1.000e+02
 1.473e-02   1.473e-02   2.064e-03  8.599e+01
 1.141e-03   1.141e-03   0.000e+00  1.000e+02
-4.116e-03  -4.116e-03  -0.000e+00  1.000e+02
-4.093e-03  -4.093e-03  -0.000e+00  1.000e+02
 8.498e-03   8.498e-03   0.000e+00  1.000e+02
-2.233e-03  -2.233e-03  -0.000e+00  1.000e+02
-4.006e-03  -4.006e-03  -0.000e+00  1.000e+02
 1.349e-03   1.349e-03   0.000e+00  1.000e+02
 1.014e-03   1.014e-03   0.000e+00  1.000e+02
-6.262e-03  -6.262e-03  -0.000e+00  1.000e+02
 2.254e-04   2.254e-04   0.000e+00  1.000e+02
-2.338e-03  -2.338e-03  -0.000e+00  1.000e+02
-8.076e-03  -8.076e-03  -0.000e+00  1.000e+02
-4.355e-03  -4.355e-03  -2.064e-03  5.261e+01
-1.080e-02  -1.080e-02  -0.000e+00  1.000e+02
-1.525e-02  -1.525e-02  -2.064e-03  8.647e+01
-7.110e-03  -7.110e-03  -2.064e-03  7.097e+01
-7.784e-03  -7.784e-03  -2.064e-03  7.349e+01
-6.566e-03  -6.566e-03  -0.000e+00  1.000e+02
-2.536e-02  -2.536e-02  -5.837e-03  7.698e+01
-2.057e-02  -2.057e-02  -2.919e-03  8.581e+01
-1.472e-02  -1.472e-02  -3.575e-03  7.572e+01
-3.053e-02  -3.053e-02  -4.615e-03  8.489e+01
-2.427e-02  -2.427e-02  -4.128e-03  8.299e+01
-2.493e-02  -2.493e-02  -5.460e-03  7.810e+01
-4.476e-02  -4.476e-02  -5.460e-03  8.780e+01
-2.427e-02  -2.427e-02  -5.055e-03  7.917e+01
-1.698e-02  -1.698e-02  -2.919e-03  8.281e+01
-4.860e-02  -4.860e-02  -6.845e-03  8.592e+01
-3.408e-02  -3.408e-02  -4.615e-03  8.646e+01
-2.217e-02  -2.217e-02  -2.919e-03  8.683e+01
-5.596e-02  -5.596e-02  -6.845e-03  8.777e+01
-2.959e-02  -2.959e-02  -4.615e-03  8.441e+01
-2.920e-02  -2.920e-02  -3.575e-03  8.776e+01
-6.397e-02  -6.397e-02  -9.680e-03  8.487e+01
-3.229e-02  -3.229e-02  -5.460e-03  8.309e+01
-2.637e-02  -2.637e-02  -2.919e-03  8.893e+01
-6.685e-02  -6.685e-02  -1.011e-02  8.488e+01
-1.648e-02  -1.648e-02  -2.919e-03  8.229e+01
-2.999e-02  -2.999e-02  -4.128e-03  8.623e+01
-6.826e-02  -6.826e-02  -9.457e-03  8.614e+01
-3.030e-02  -3.030e-02  -3.575e-03  8.820e+01
-3.004e-02  -3.004e-02  -4.615e-03  8.464e+01
-8.019e-02  -8.019e-02  -1.221e-02  8.477e+01
-3.052e-02  -3.052e-02  -4.615e-03  8.488e+01
-3.123e-02  -3.123e-02  -4.615e-03  8.522e+01
-7.144e-02  -7.144e-02  -1.221e-02  8.291e+01
-3.222e-02  -3.222e-02  -6.526e-03  7.974e+01
-3.730e-02  -3.730e-02  -6.526e-03  8.250e+01
-7.184e-02  -7.184e-02  -1.186e-02  8.350e+01
-3.442e-02  -3.442e-02  -5.055e-03  8.531e+01
-3.322e-02  -3.322e-02  -5.837e-03  8.243e+01
-8.268e-02  -8.268e-02  -1.502e-02  8.183e+01
========================================================================================

step: 9/15 res:3.396127321322894, res/res0:0.15135743100981522  dq_norm: [0.01544401 0.01502464 0.03372266]

A info: before HHL prepare:
Spectral radius (A): 1.015e+02, lambda_min:6.594744050523375
condition number(A): 1.538e+01, norm2_cond:336.38287915925025
det(A): 2.726e+96
--------------------------------------------------------------------------------

A_hhl info: after scaling by spectral radius:
Spectral radius (A): 1.000e+00, lambda_min:0.06500113872467424
condition number(A): 1.538e+01, norm2_cond:336.3828791592431
det(A): 1.145e-24, nnz: 14 non zeros per row
--------------------------------------------------------------------------------

Size of A & B are not power of 2:
Next 2 power of 60 = 64
Value to be padded = 4
--------------------------------------------------

==================== Print (N)^2 padded matrix system =======================
Padded shape of A: (60, 60)x(60, 60) -> (64, 64)x(64, 64)
Padded shape of B: (60,) -> (64,)
Determinant of padded matrix: 1.1454355928791392e-24
Condition # of padded matrix: 336.3828791592431


Matrix is not Hermitian. Making it Hermitian.......

==================== Print Hermitian matrix system info =======================
Shape of hermitian A: 64x64 -> 128x128
Shape of           B: 64 -> 128
Determinant of Hermitian matrix: 1.3120226974344225e-48
Condition # of Hermitian matrix: 336.3828791592471

=================================== Generating HHL circuit ===================================
Time elapsed for generating HHL circuit: 5 min 8.09 sec

Generated circuit: num_qubits=18, gates=23, depth=5
============================== Generated Circuit saved ==============================

============================== Transpiling circuit ==============================
This is using the AerSimulator('aer_simulator_statevector') transpiler.
Time elapsed for transpiling the circuit:  0 min 57.66 sec
Transpiled circuit, num_qubits: 18, (original: 18)
Transpiled circuit depth: 464205 (original: 5)
Transpiled circuit gates: 464357 (original: 23)
============================== Transpiled Circuit saved ==============================
Time elapsed for running the circuit:  2 min 23.61 sec
total_qubits: 18, nq:7

Time elapsed for extracting shots-based hhl counts solution:  0 min 0.00 sec

[HHL info]: linear system residual (e=||Ax-b||_2): 2.3550427520079067
[HHL info]: Fidelity(true_sol, hhl_sol): 0.9601365799026527
[HHL info]: L2 error (absolute): 0.15521765621369893
[HHL info]: L2 error (relative): 0.727437271273855
[HHL info]: L2 error (normalized): 0.20067091082586597

========================================================================================
 Compare system solutions using LU of A, LU sol of A_herm, HHL of Ax=b hermition system
LU sol 	    Herm LU sol    HHL sol    L1_diff(%)
 5.818e-03   5.818e-03   0.000e+00  1.000e+02
-1.996e-04  -1.996e-04  -0.000e+00  1.000e+02
-6.244e-04  -6.244e-04  -0.000e+00  1.000e+02
-8.159e-04  -8.159e-04  -0.000e+00  1.000e+02
-6.973e-04  -6.973e-04  -0.000e+00  1.000e+02
-2.264e-03  -2.264e-03  -0.000e+00  1.000e+02
-1.767e-03  -1.767e-03  -0.000e+00  1.000e+02
 1.265e-02   1.265e-02   3.392e-03  7.319e+01
 1.213e-03   1.213e-03   0.000e+00  1.000e+02
-4.107e-03  -4.107e-03  -0.000e+00  1.000e+02
-4.097e-03  -4.097e-03  -0.000e+00  1.000e+02
 8.525e-03   8.525e-03   0.000e+00  1.000e+02
-2.232e-03  -2.232e-03  -0.000e+00  1.000e+02
-4.008e-03  -4.008e-03  -0.000e+00  1.000e+02
 1.355e-03   1.355e-03   0.000e+00  1.000e+02
 1.016e-03   1.016e-03   0.000e+00  1.000e+02
-6.262e-03  -6.262e-03  -0.000e+00  1.000e+02
 2.242e-04   2.242e-04   0.000e+00  1.000e+02
-2.332e-03  -2.332e-03  -0.000e+00  1.000e+02
-8.076e-03  -8.076e-03  -3.392e-03  5.800e+01
-2.262e-03  -2.262e-03  -0.000e+00  1.000e+02
-1.079e-02  -1.079e-02  -0.000e+00  1.000e+02
-1.318e-02  -1.318e-02  -4.797e-03  6.361e+01
-5.009e-03  -5.009e-03  -0.000e+00  1.000e+02
-5.724e-03  -5.724e-03  -0.000e+00  1.000e+02
-6.601e-03  -6.601e-03  -3.392e-03  4.861e+01
-1.949e-02  -1.949e-02  -7.585e-03  6.109e+01
-1.765e-02  -1.765e-02  -5.876e-03  6.672e+01
-1.116e-02  -1.116e-02  -0.000e+00  1.000e+02
-2.600e-02  -2.600e-02  -5.876e-03  7.740e+01
-2.004e-02  -2.004e-02  -3.392e-03  8.307e+01
-1.941e-02  -1.941e-02  -3.392e-03  8.253e+01
-3.918e-02  -3.918e-02  -1.073e-02  7.262e+01
-1.901e-02  -1.901e-02  -4.797e-03  7.477e+01
-1.409e-02  -1.409e-02  -3.392e-03  7.593e+01
-4.147e-02  -4.147e-02  -1.357e-02  6.728e+01
-2.922e-02  -2.922e-02  -7.585e-03  7.404e+01
-1.923e-02  -1.923e-02  -0.000e+00  1.000e+02
-4.876e-02  -4.876e-02  -1.517e-02  6.888e+01
-2.477e-02  -2.477e-02  -7.585e-03  6.938e+01
-2.568e-02  -2.568e-02  -7.585e-03  7.046e+01
-5.393e-02  -5.393e-02  -1.479e-02  7.258e+01
-2.668e-02  -2.668e-02  -7.585e-03  7.157e+01
-2.347e-02  -2.347e-02  -3.392e-03  8.555e+01
-5.647e-02  -5.647e-02  -1.591e-02  7.182e+01
-1.347e-02  -1.347e-02  -0.000e+00  1.000e+02
-2.582e-02  -2.582e-02  -5.876e-03  7.725e+01
-5.861e-02  -5.861e-02  -1.555e-02  7.348e+01
-2.662e-02  -2.662e-02  -8.309e-03  6.879e+01
-2.542e-02  -2.542e-02  -8.975e-03  6.469e+01
-6.767e-02  -6.767e-02  -1.949e-02  7.120e+01
-2.578e-02  -2.578e-02  -7.585e-03  7.058e+01
-2.663e-02  -2.663e-02  -7.585e-03  7.151e+01
-5.900e-02  -5.900e-02  -1.795e-02  6.957e+01
-2.554e-02  -2.554e-02  -5.876e-03  7.699e+01
-3.077e-02  -3.077e-02  -6.785e-03  7.795e+01
-5.977e-02  -5.977e-02  -1.730e-02  7.106e+01
-2.920e-02  -2.920e-02  -5.876e-03  7.988e+01
-2.739e-02  -2.739e-02  -7.585e-03  7.230e+01
-6.725e-02  -6.725e-02  -1.949e-02  7.102e+01
========================================================================================

step: 10/15 res:3.1217743951074834, res/res0:0.1391301644284744  dq_norm: [0.02091127 0.02063429 0.05211283]

A info: before HHL prepare:
Spectral radius (A): 1.015e+02, lambda_min:6.570236395083473
condition number(A): 1.546e+01, norm2_cond:336.19219689401007
det(A): 3.213e+96
--------------------------------------------------------------------------------

A_hhl info: after scaling by spectral radius:
Spectral radius (A): 1.000e+00, lambda_min:0.0647037445466816
condition number(A): 1.546e+01, norm2_cond:336.19219689400785
det(A): 1.282e-24, nnz: 14 non zeros per row
--------------------------------------------------------------------------------

Size of A & B are not power of 2:
Next 2 power of 60 = 64
Value to be padded = 4
--------------------------------------------------

==================== Print (N)^2 padded matrix system =======================
Padded shape of A: (60, 60)x(60, 60) -> (64, 64)x(64, 64)
Padded shape of B: (60,) -> (64,)
Determinant of padded matrix: 1.2817929099557033e-24
Condition # of padded matrix: 336.19219689400785


Matrix is not Hermitian. Making it Hermitian.......

==================== Print Hermitian matrix system info =======================
Shape of hermitian A: 64x64 -> 128x128
Shape of           B: 64 -> 128
Determinant of Hermitian matrix: 1.6429930640127095e-48
Condition # of Hermitian matrix: 336.1921968940099

=================================== Generating HHL circuit ===================================
Time elapsed for generating HHL circuit: 4 min 53.98 sec

Generated circuit: num_qubits=18, gates=23, depth=5
============================== Generated Circuit saved ==============================

============================== Transpiling circuit ==============================
This is using the AerSimulator('aer_simulator_statevector') transpiler.
Time elapsed for transpiling the circuit:  1 min 0.15 sec
Transpiled circuit, num_qubits: 18, (original: 18)
Transpiled circuit depth: 464205 (original: 5)
Transpiled circuit gates: 464357 (original: 23)
============================== Transpiled Circuit saved ==============================
Time elapsed for running the circuit:  2 min 24.87 sec
total_qubits: 18, nq:7

Time elapsed for extracting shots-based hhl counts solution:  0 min 0.00 sec

[HHL info]: linear system residual (e=||Ax-b||_2): 2.300279830491376
[HHL info]: Fidelity(true_sol, hhl_sol): 0.9427547983770334
[HHL info]: L2 error (absolute): 0.1500018572466273
[HHL info]: L2 error (relative): 0.9731615316650346
[HHL info]: L2 error (normalized): 0.2410161367211385

========================================================================================
 Compare system solutions using LU of A, LU sol of A_herm, HHL of Ax=b hermition system
LU sol 	    Herm LU sol    HHL sol    L1_diff(%)
 5.833e-03   5.833e-03   2.639e-04  9.547e+01
-1.924e-04  -1.924e-04  -0.000e+00  1.000e+02
-5.947e-04  -5.947e-04  -0.000e+00  1.000e+02
-7.749e-04  -7.749e-04  -0.000e+00  1.000e+02
-6.904e-04  -6.904e-04  -0.000e+00  1.000e+02
-2.155e-03  -2.155e-03  -0.000e+00  1.000e+02
-1.732e-03  -1.732e-03  -0.000e+00  1.000e+02
 9.243e-03   9.243e-03   2.639e-04  9.714e+01
 1.304e-03   1.304e-03   0.000e+00  1.000e+02
-4.093e-03  -4.093e-03  -0.000e+00  1.000e+02
-4.100e-03  -4.100e-03  -0.000e+00  1.000e+02
 8.567e-03   8.567e-03   2.639e-04  9.692e+01
-2.219e-03  -2.219e-03  -2.639e-04  8.811e+01
-4.001e-03  -4.001e-03  -0.000e+00  1.000e+02
 1.385e-03   1.385e-03   0.000e+00  1.000e+02
 1.022e-03   1.022e-03   0.000e+00  1.000e+02
-6.269e-03  -6.269e-03  -3.733e-04  9.405e+01
 2.397e-04   2.397e-04   0.000e+00  1.000e+02
-2.353e-03  -2.353e-03  -0.000e+00  1.000e+02
-4.700e-03  -4.700e-03  -3.733e-04  9.206e+01
-2.272e-03  -2.272e-03  -0.000e+00  1.000e+02
-1.083e-02  -1.083e-02  -2.639e-04  9.756e+01
-8.393e-03  -8.393e-03  -0.000e+00  1.000e+02
-5.034e-03  -5.034e-03  -2.639e-04  9.476e+01
-5.688e-03  -5.688e-03  -2.639e-04  9.536e+01
-3.187e-03  -3.187e-03  -0.000e+00  1.000e+02
-1.178e-02  -1.178e-02  -0.000e+00  1.000e+02
-1.170e-02  -1.170e-02  -5.279e-04  9.549e+01
-1.123e-02  -1.123e-02  -3.733e-04  9.668e+01
-2.010e-02  -2.010e-02  -2.639e-04  9.869e+01
-1.653e-02  -1.653e-02  -5.279e-04  9.681e+01
-1.596e-02  -1.596e-02  -5.279e-04  9.669e+01
-2.821e-02  -2.821e-02  -7.918e-04  9.719e+01
-1.392e-02  -1.392e-02  -4.572e-04  9.672e+01
-1.067e-02  -1.067e-02  -0.000e+00  1.000e+02
-2.724e-02  -2.724e-02  -8.754e-04  9.679e+01
-2.126e-02  -2.126e-02  -5.902e-04  9.722e+01
-1.926e-02  -1.926e-02  -5.902e-04  9.694e+01
-3.294e-02  -3.294e-02  -1.088e-03  9.670e+01
-1.699e-02  -1.699e-02  -4.572e-04  9.731e+01
-1.817e-02  -1.817e-02  -3.733e-04  9.795e+01
-3.884e-02  -3.884e-02  -1.210e-03  9.689e+01
-1.901e-02  -1.901e-02  -3.733e-04  9.804e+01
-2.012e-02  -2.012e-02  -7.465e-04  9.629e+01
-4.039e-02  -4.039e-02  -9.517e-04  9.764e+01
-1.335e-02  -1.335e-02  -2.639e-04  9.802e+01
-1.984e-02  -1.984e-02  -3.733e-04  9.812e+01
-4.280e-02  -4.280e-02  -1.120e-03  9.738e+01
-1.811e-02  -1.811e-02  -4.572e-04  9.748e+01
-1.646e-02  -1.646e-02  -7.465e-04  9.546e+01
-4.780e-02  -4.780e-02  -1.371e-03  9.713e+01
-1.806e-02  -1.806e-02  -3.733e-04  9.793e+01
-1.904e-02  -1.904e-02  -3.733e-04  9.804e+01
-4.081e-02  -4.081e-02  -1.120e-03  9.726e+01
-1.955e-02  -1.955e-02  -5.902e-04  9.698e+01
-2.397e-02  -2.397e-02  -4.572e-04  9.809e+01
-4.222e-02  -4.222e-02  -1.088e-03  9.742e+01
-2.320e-02  -2.320e-02  -5.279e-04  9.772e+01
-1.980e-02  -1.980e-02  -5.279e-04  9.733e+01
-4.739e-02  -4.739e-02  -1.238e-03  9.739e+01
========================================================================================

step: 11/15 res:2.355496469177708, res/res0:0.10497895414255323  dq_norm: [0.00166934 0.0017706  0.00350163]

A info: before HHL prepare:
Spectral radius (A): 1.016e+02, lambda_min:6.567277172566258
condition number(A): 1.546e+01, norm2_cond:336.1896022195809
det(A): 3.260e+96
--------------------------------------------------------------------------------

A_hhl info: after scaling by spectral radius:
Spectral radius (A): 1.000e+00, lambda_min:0.06466472632326441
condition number(A): 1.546e+01, norm2_cond:336.18960221957855
det(A): 1.289e-24, nnz: 14 non zeros per row
--------------------------------------------------------------------------------

Size of A & B are not power of 2:
Next 2 power of 60 = 64
Value to be padded = 4
--------------------------------------------------

==================== Print (N)^2 padded matrix system =======================
Padded shape of A: (60, 60)x(60, 60) -> (64, 64)x(64, 64)
Padded shape of B: (60,) -> (64,)
Determinant of padded matrix: 1.2886199088834124e-24
Condition # of padded matrix: 336.18960221957855


Matrix is not Hermitian. Making it Hermitian.......

==================== Print Hermitian matrix system info =======================
Shape of hermitian A: 64x64 -> 128x128
Shape of           B: 64 -> 128
Determinant of Hermitian matrix: 1.6605412695707412e-48
Condition # of Hermitian matrix: 336.1896022195789

=================================== Generating HHL circuit ===================================
Time elapsed for generating HHL circuit: 5 min 9.86 sec

Generated circuit: num_qubits=18, gates=23, depth=5
============================== Generated Circuit saved ==============================

============================== Transpiling circuit ==============================
This is using the AerSimulator('aer_simulator_statevector') transpiler.
Time elapsed for transpiling the circuit:  0 min 45.51 sec
Transpiled circuit, num_qubits: 18, (original: 18)
Transpiled circuit depth: 464205 (original: 5)
Transpiled circuit gates: 464357 (original: 23)
============================== Transpiled Circuit saved ==============================
Time elapsed for running the circuit:  2 min 24.58 sec
total_qubits: 18, nq:7

Time elapsed for extracting shots-based hhl counts solution:  0 min 0.00 sec

[HHL info]: linear system residual (e=||Ax-b||_2): 1.760107597529086
[HHL info]: Fidelity(true_sol, hhl_sol): 0.9594700948155511
[HHL info]: L2 error (absolute): 0.11225702081141219
[HHL info]: L2 error (relative): 0.7485687778378993
[HHL info]: L2 error (normalized): 0.20235887092235105

========================================================================================
 Compare system solutions using LU of A, LU sol of A_herm, HHL of Ax=b hermition system
LU sol 	    Herm LU sol    HHL sol    L1_diff(%)
 5.571e-03   5.571e-03   0.000e+00  1.000e+02
-1.918e-04  -1.918e-04  -0.000e+00  1.000e+02
-5.927e-04  -5.927e-04  -0.000e+00  1.000e+02
-7.730e-04  -7.730e-04  -0.000e+00  1.000e+02
-6.902e-04  -6.902e-04  -0.000e+00  1.000e+02
-2.149e-03  -2.149e-03  -0.000e+00  1.000e+02
-1.732e-03  -1.732e-03  -0.000e+00  1.000e+02
 8.977e-03   8.977e-03   3.414e-03  6.197e+01
 1.307e-03   1.307e-03   0.000e+00  1.000e+02
-4.095e-03  -4.095e-03  -0.000e+00  1.000e+02
-4.100e-03  -4.100e-03  -0.000e+00  1.000e+02
 8.299e-03   8.299e-03   0.000e+00  1.000e+02
-1.955e-03  -1.955e-03  -0.000e+00  1.000e+02
-4.000e-03  -4.000e-03  -2.414e-03  3.966e+01
 1.388e-03   1.388e-03   0.000e+00  1.000e+02
 1.023e-03   1.023e-03   0.000e+00  1.000e+02
-5.899e-03  -5.899e-03  -0.000e+00  1.000e+02
 2.436e-04   2.436e-04   0.000e+00  1.000e+02
-2.353e-03  -2.353e-03  -0.000e+00  1.000e+02
-4.325e-03  -4.325e-03  -0.000e+00  1.000e+02
-2.269e-03  -2.269e-03  -0.000e+00  1.000e+02
-1.056e-02  -1.056e-02  -4.181e-03  6.041e+01
-8.393e-03  -8.393e-03  -3.414e-03  5.933e+01
-4.769e-03  -4.769e-03  -0.000e+00  1.000e+02
-5.424e-03  -5.424e-03  -2.414e-03  5.550e+01
-3.189e-03  -3.189e-03  -2.414e-03  2.431e+01
-1.178e-02  -1.178e-02  -2.414e-03  7.951e+01
-1.117e-02  -1.117e-02  -3.414e-03  6.943e+01
-1.086e-02  -1.086e-02  -4.181e-03  6.149e+01
-1.984e-02  -1.984e-02  -6.386e-03  6.782e+01
-1.599e-02  -1.599e-02  -5.912e-03  6.303e+01
-1.542e-02  -1.542e-02  -4.828e-03  6.870e+01
-2.740e-02  -2.740e-02  -7.633e-03  7.214e+01
-1.346e-02  -1.346e-02  -4.828e-03  6.412e+01
-1.068e-02  -1.068e-02  -2.414e-03  7.740e+01
-2.635e-02  -2.635e-02  -7.241e-03  7.252e+01
-2.066e-02  -2.066e-02  -6.827e-03  6.696e+01
-1.867e-02  -1.867e-02  -4.181e-03  7.761e+01
-3.184e-02  -3.184e-02  -5.397e-03  8.305e+01
-1.653e-02  -1.653e-02  -3.414e-03  7.935e+01
-1.780e-02  -1.780e-02  -3.414e-03  8.082e+01
-3.763e-02  -3.763e-02  -9.655e-03  7.434e+01
-1.863e-02  -1.863e-02  -4.828e-03  7.409e+01
-1.938e-02  -1.938e-02  -4.828e-03  7.509e+01
-3.944e-02  -3.944e-02  -1.052e-02  7.332e+01
-1.308e-02  -1.308e-02  -3.414e-03  7.391e+01
-1.946e-02  -1.946e-02  -4.828e-03  7.520e+01
-4.168e-02  -4.168e-02  -1.106e-02  7.346e+01
-1.765e-02  -1.765e-02  -4.828e-03  7.264e+01
-1.571e-02  -1.571e-02  -4.181e-03  7.339e+01
-4.642e-02  -4.642e-02  -1.322e-02  7.152e+01
-1.768e-02  -1.768e-02  -5.397e-03  6.947e+01
-1.867e-02  -1.867e-02  -4.828e-03  7.414e+01
-3.968e-02  -3.968e-02  -9.031e-03  7.724e+01
-1.895e-02  -1.895e-02  -3.414e-03  8.199e+01
-2.352e-02  -2.352e-02  -5.912e-03  7.486e+01
-4.112e-02  -4.112e-02  -9.348e-03  7.726e+01
-2.266e-02  -2.266e-02  -6.386e-03  7.182e+01
-1.927e-02  -1.927e-02  -4.828e-03  7.495e+01
-4.613e-02  -4.613e-02  -9.952e-03  7.843e+01
========================================================================================

step: 12/15 res:2.300279199172266, res/res0:0.1025180498993803  dq_norm: [0.01706784 0.01601105 0.03091117]

A info: before HHL prepare:
Spectral radius (A): 1.017e+02, lambda_min:6.56362825324311
condition number(A): 1.550e+01, norm2_cond:336.8887536819039
det(A): 3.865e+96
--------------------------------------------------------------------------------

A_hhl info: after scaling by spectral radius:
Spectral radius (A): 1.000e+00, lambda_min:0.06451299654483307
condition number(A): 1.550e+01, norm2_cond:336.8887536819098
det(A): 1.372e-24, nnz: 14 non zeros per row
--------------------------------------------------------------------------------

Size of A & B are not power of 2:
Next 2 power of 60 = 64
Value to be padded = 4
--------------------------------------------------

==================== Print (N)^2 padded matrix system =======================
Padded shape of A: (60, 60)x(60, 60) -> (64, 64)x(64, 64)
Padded shape of B: (60,) -> (64,)
Determinant of padded matrix: 1.3720372926286264e-24
Condition # of padded matrix: 336.8887536819098


Matrix is not Hermitian. Making it Hermitian.......

==================== Print Hermitian matrix system info =======================
Shape of hermitian A: 64x64 -> 128x128
Shape of           B: 64 -> 128
Determinant of Hermitian matrix: 1.8824863323637444e-48
Condition # of Hermitian matrix: 336.88875368190986

=================================== Generating HHL circuit ===================================
Time elapsed for generating HHL circuit: 5 min 7.23 sec

Generated circuit: num_qubits=18, gates=23, depth=5
============================== Generated Circuit saved ==============================

============================== Transpiling circuit ==============================
This is using the AerSimulator('aer_simulator_statevector') transpiler.
Time elapsed for transpiling the circuit:  0 min 46.05 sec
Transpiled circuit, num_qubits: 18, (original: 18)
Transpiled circuit depth: 464205 (original: 5)
Transpiled circuit gates: 464357 (original: 23)
============================== Transpiled Circuit saved ==============================
Time elapsed for running the circuit:  2 min 23.46 sec
total_qubits: 18, nq:7

Time elapsed for extracting shots-based hhl counts solution:  0 min 0.00 sec

[HHL info]: linear system residual (e=||Ax-b||_2): 1.5991572379966355
[HHL info]: Fidelity(true_sol, hhl_sol): 0.9469355870242051
[HHL info]: L2 error (absolute): 0.1036888852465727
[HHL info]: L2 error (relative): 0.9277153707686054
[HHL info]: L2 error (normalized): 0.23192173664079466

========================================================================================
 Compare system solutions using LU of A, LU sol of A_herm, HHL of Ax=b hermition system
LU sol 	    Herm LU sol    HHL sol    L1_diff(%)
 5.581e-03   5.581e-03   8.938e-04  8.398e+01
-1.870e-04  -1.870e-04  -0.000e+00  1.000e+02
-5.731e-04  -5.731e-04  -0.000e+00  1.000e+02
-7.423e-04  -7.423e-04  -0.000e+00  1.000e+02
-6.832e-04  -6.832e-04  -0.000e+00  1.000e+02
-2.069e-03  -2.069e-03  -7.298e-04  6.472e+01
-1.701e-03  -1.701e-03  -0.000e+00  1.000e+02
 5.553e-03   5.553e-03   7.298e-04  8.686e+01
 1.378e-03   1.378e-03   0.000e+00  1.000e+02
-4.076e-03  -4.076e-03  -0.000e+00  1.000e+02
-4.101e-03  -4.101e-03  -0.000e+00  1.000e+02
 8.359e-03   8.359e-03   0.000e+00  1.000e+02
-1.947e-03  -1.947e-03  -5.160e-04  7.350e+01
-1.591e-03  -1.591e-03  -0.000e+00  1.000e+02
 1.416e-03   1.416e-03   0.000e+00  1.000e+02
 1.017e-03   1.017e-03   0.000e+00  1.000e+02
-5.905e-03  -5.905e-03  -5.160e-04  9.126e+01
 2.364e-04   2.364e-04   0.000e+00  1.000e+02
-2.359e-03  -2.359e-03  -0.000e+00  1.000e+02
-4.329e-03  -4.329e-03  -0.000e+00  1.000e+02
-2.287e-03  -2.287e-03  -0.000e+00  1.000e+02
-6.366e-03  -6.366e-03  -7.298e-04  8.854e+01
-4.978e-03  -4.978e-03  -0.000e+00  1.000e+02
-4.821e-03  -4.821e-03  -5.160e-04  8.930e+01
-3.012e-03  -3.012e-03  -0.000e+00  1.000e+02
-7.797e-04  -7.797e-04  -0.000e+00  1.000e+02
-9.386e-03  -9.386e-03  -0.000e+00  1.000e+02
-7.733e-03  -7.733e-03  -8.938e-04  8.844e+01
-6.675e-03  -6.675e-03  -5.160e-04  9.227e+01
-1.345e-02  -1.345e-02  -1.032e-03  9.233e+01
-9.997e-03  -9.997e-03  -5.160e-04  9.484e+01
-1.057e-02  -1.057e-02  -8.938e-04  9.155e+01
-1.966e-02  -1.966e-02  -1.460e-03  9.258e+01
-8.535e-03  -8.535e-03  -1.032e-03  8.791e+01
-8.288e-03  -8.288e-03  -5.160e-04  9.377e+01
-1.900e-02  -1.900e-02  -1.365e-03  9.281e+01
-1.372e-02  -1.372e-02  -1.264e-03  9.078e+01
-1.449e-02  -1.449e-02  -8.938e-04  9.383e+01
-2.637e-02  -2.637e-02  -2.128e-03  9.193e+01
-1.306e-02  -1.306e-02  -8.938e-04  9.316e+01
-1.441e-02  -1.441e-02  -1.154e-03  9.199e+01
-2.788e-02  -2.788e-02  -1.931e-03  9.308e+01
-1.376e-02  -1.376e-02  -1.032e-03  9.250e+01
-1.455e-02  -1.455e-02  -1.154e-03  9.207e+01
-2.885e-02  -2.885e-02  -2.128e-03  9.262e+01
-9.588e-03  -9.588e-03  -5.160e-04  9.462e+01
-1.460e-02  -1.460e-02  -1.032e-03  9.293e+01
-3.041e-02  -3.041e-02  -2.308e-03  9.241e+01
-1.274e-02  -1.274e-02  -8.938e-04  9.298e+01
-1.157e-02  -1.157e-02  -7.298e-04  9.369e+01
-3.300e-02  -3.300e-02  -2.779e-03  9.158e+01
-1.226e-02  -1.226e-02  -8.938e-04  9.271e+01
-1.387e-02  -1.387e-02  -1.032e-03  9.256e+01
-3.063e-02  -3.063e-02  -2.475e-03  9.192e+01
-1.545e-02  -1.545e-02  -5.160e-04  9.666e+01
-1.754e-02  -1.754e-02  -1.032e-03  9.412e+01
-3.160e-02  -3.160e-02  -2.249e-03  9.288e+01
-1.604e-02  -1.604e-02  -8.938e-04  9.443e+01
-1.443e-02  -1.443e-02  -8.938e-04  9.381e+01
-3.581e-02  -3.581e-02  -2.475e-03  9.309e+01
========================================================================================

step: 13/15 res:1.7590937427846485, res/res0:0.07839868315349612  dq_norm: [0.00318097 0.00318097 0.00699966]

A info: before HHL prepare:
Spectral radius (A): 1.018e+02, lambda_min:6.56575781096139
condition number(A): 1.550e+01, norm2_cond:336.78870416887474
det(A): 3.970e+96
--------------------------------------------------------------------------------

A_hhl info: after scaling by spectral radius:
Spectral radius (A): 1.000e+00, lambda_min:0.06451770535463165
condition number(A): 1.550e+01, norm2_cond:336.7887041688725
det(A): 1.388e-24, nnz: 14 non zeros per row
--------------------------------------------------------------------------------

Size of A & B are not power of 2:
Next 2 power of 60 = 64
Value to be padded = 4
--------------------------------------------------

==================== Print (N)^2 padded matrix system =======================
Padded shape of A: (60, 60)x(60, 60) -> (64, 64)x(64, 64)
Padded shape of B: (60,) -> (64,)
Determinant of padded matrix: 1.3882712806588965e-24
Condition # of padded matrix: 336.7887041688725


Matrix is not Hermitian. Making it Hermitian.......

==================== Print Hermitian matrix system info =======================
Shape of hermitian A: 64x64 -> 128x128
Shape of           B: 64 -> 128
Determinant of Hermitian matrix: 1.9272971487021282e-48
Condition # of Hermitian matrix: 336.7887041688754

=================================== Generating HHL circuit ===================================
Time elapsed for generating HHL circuit: 5 min 5.05 sec

Generated circuit: num_qubits=18, gates=23, depth=5
============================== Generated Circuit saved ==============================

============================== Transpiling circuit ==============================
This is using the AerSimulator('aer_simulator_statevector') transpiler.
Time elapsed for transpiling the circuit:  1 min 0.80 sec
Transpiled circuit, num_qubits: 18, (original: 18)
Transpiled circuit depth: 464203 (original: 5)
Transpiled circuit gates: 464355 (original: 23)
============================== Transpiled Circuit saved ==============================
Time elapsed for running the circuit:  2 min 22.40 sec
total_qubits: 18, nq:7

Time elapsed for extracting shots-based hhl counts solution:  0 min 0.00 sec

[HHL info]: linear system residual (e=||Ax-b||_2): 1.4245358194713003
[HHL info]: Fidelity(true_sol, hhl_sol): 0.9428845519622998
[HHL info]: L2 error (absolute): 0.08324152023353465
[HHL info]: L2 error (relative): 0.8032895861696028
[HHL info]: L2 error (normalized): 0.24073875431186323

========================================================================================
 Compare system solutions using LU of A, LU sol of A_herm, HHL of Ax=b hermition system
LU sol 	    Herm LU sol    HHL sol    L1_diff(%)
 4.693e-03   4.693e-03   0.000e+00  1.000e+02
-1.860e-04  -1.860e-04  -0.000e+00  1.000e+02
-5.703e-04  -5.703e-04  -0.000e+00  1.000e+02
-7.390e-04  -7.390e-04  -0.000e+00  1.000e+02
-6.828e-04  -6.828e-04  -0.000e+00  1.000e+02
-1.327e-03  -1.327e-03  -0.000e+00  1.000e+02
-1.702e-03  -1.702e-03  -0.000e+00  1.000e+02
 4.821e-03   4.821e-03   0.000e+00  1.000e+02
 1.382e-03   1.382e-03   0.000e+00  1.000e+02
-4.080e-03  -4.080e-03  -0.000e+00  1.000e+02
-4.102e-03  -4.102e-03  -1.273e-03  6.896e+01
 8.351e-03   8.351e-03   1.800e-03  7.844e+01
-1.434e-03  -1.434e-03  -1.273e-03  1.119e+01
-1.592e-03  -1.592e-03  -0.000e+00  1.000e+02
 1.417e-03   1.417e-03   0.000e+00  1.000e+02
 1.015e-03   1.015e-03   0.000e+00  1.000e+02
-5.392e-03  -5.392e-03  -1.273e-03  7.639e+01
 2.388e-04   2.388e-04   0.000e+00  1.000e+02
-2.362e-03  -2.362e-03  -1.273e-03  4.610e+01
-4.330e-03  -4.330e-03  -0.000e+00  1.000e+02
-2.291e-03  -2.291e-03  -0.000e+00  1.000e+02
-5.636e-03  -5.636e-03  -0.000e+00  1.000e+02
-4.979e-03  -4.979e-03  -0.000e+00  1.000e+02
-4.307e-03  -4.307e-03  -0.000e+00  1.000e+02
-3.013e-03  -3.013e-03  -0.000e+00  1.000e+02
-7.810e-04  -7.810e-04  -0.000e+00  1.000e+02
-9.386e-03  -9.386e-03  -1.273e-03  8.644e+01
-6.839e-03  -6.839e-03  -1.273e-03  8.138e+01
-6.162e-03  -6.162e-03  -1.800e-03  7.078e+01
-1.242e-02  -1.242e-02  -3.119e-03  7.490e+01
-9.476e-03  -9.476e-03  -1.273e-03  8.657e+01
-9.675e-03  -9.675e-03  -1.273e-03  8.684e+01
-1.819e-02  -1.819e-02  -4.764e-03  7.381e+01
-7.493e-03  -7.493e-03  -1.273e-03  8.301e+01
-7.776e-03  -7.776e-03  -0.000e+00  1.000e+02
-1.762e-02  -1.762e-02  -4.590e-03  7.394e+01
-1.244e-02  -1.244e-02  -2.546e-03  7.953e+01
-1.360e-02  -1.360e-02  -3.601e-03  7.352e+01
-2.423e-02  -2.423e-02  -5.549e-03  7.710e+01
-1.217e-02  -1.217e-02  -1.800e-03  8.520e+01
-1.326e-02  -1.326e-02  -2.847e-03  7.852e+01
-2.595e-02  -2.595e-02  -4.931e-03  8.100e+01
-1.272e-02  -1.272e-02  -1.273e-03  8.999e+01
-1.339e-02  -1.339e-02  -2.546e-03  8.099e+01
-2.671e-02  -2.671e-02  -5.401e-03  7.978e+01
-9.062e-03  -9.062e-03  -1.273e-03  8.595e+01
-1.356e-02  -1.356e-02  -2.546e-03  8.122e+01
-2.808e-02  -2.808e-02  -6.615e-03  7.644e+01
-1.183e-02  -1.183e-02  -2.546e-03  7.848e+01
-1.085e-02  -1.085e-02  -1.273e-03  8.827e+01
-3.018e-02  -3.018e-02  -6.366e-03  7.891e+01
-1.136e-02  -1.136e-02  -2.205e-03  8.059e+01
-1.284e-02  -1.284e-02  -1.273e-03  9.008e+01
-2.814e-02  -2.814e-02  -6.366e-03  7.738e+01
-1.492e-02  -1.492e-02  -3.368e-03  7.743e+01
-1.650e-02  -1.650e-02  -3.119e-03  8.110e+01
-2.933e-02  -2.933e-02  -5.401e-03  8.158e+01
-1.513e-02  -1.513e-02  -3.368e-03  7.774e+01
-1.354e-02  -1.354e-02  -1.800e-03  8.670e+01
-3.328e-02  -3.328e-02  -6.106e-03  8.165e+01
========================================================================================

step: 14/15 res:1.5991309220413272, res/res0:0.07126951533555885  dq_norm: [0.00742355 0.00763877 0.01827282]
Completed: 14 steps in 7710.35s
Saved metadata to /lustre/orion/stf006/scratch/4klornl/fvm_euler_1d_solver/output_parallel_shots/nelem20/statevector/shots_150000/trial_0/metadata_nelem20_HHL_statevector_nshots150000.pkl

Solution summary:
  x/L: [0.0250, 0.9750]
  Mach: [1.5060, 2.1301]
  p/p_in: [0.9969, 0.3744]
  rho/rho_in: [0.9951, 0.4941]
Saved combined plot to /lustre/orion/stf006/scratch/4klornl/fvm_euler_1d_solver/output_parallel_shots/nelem20/statevector/shots_150000/trial_0/solution_plot_nelem20_HHL_statevector_nshots150000.png
