
------------------------------------------------------------
Using ideal local simulator with 'statevector' method
Backend: aer_simulator_statevector
Shots: 100000
------------------------------------------------------------

A info: before HHL prepare:
Spectral radius (A): 9.808e+01, lambda_min:5.866129498146235
condition number(A): 1.672e+01, norm2_cond:401.8614855890083
det(A): 2.657e+93
--------------------------------------------------------------------------------

A_hhl info: after scaling by spectral radius:
Spectral radius (A): 1.000e+00, lambda_min:0.05980937346031271
condition number(A): 1.672e+01, norm2_cond:401.8614855890105
det(A): 8.499e-27, nnz: 12 non zeros per row
--------------------------------------------------------------------------------

Size of A & B are not power of 2:
Next 2 power of 60 = 64
Value to be padded = 4
--------------------------------------------------

==================== Print (N)^2 padded matrix system =======================
Padded shape of A: (60, 60)x(60, 60) -> (64, 64)x(64, 64)
Padded shape of B: (60,) -> (64,)
Determinant of padded matrix: 8.499054744892335e-27
Condition # of padded matrix: 401.8614855890105


Matrix is not Hermitian. Making it Hermitian.......

==================== Print Hermitian matrix system info =======================
Shape of hermitian A: 64x64 -> 128x128
Shape of           B: 64 -> 128
Determinant of Hermitian matrix: 7.223393155667588e-53
Condition # of Hermitian matrix: 401.86148558902164

=================================== Generating HHL circuit ===================================
Time elapsed for generating HHL circuit: 4 min 39.02 sec

Generated circuit: num_qubits=18, gates=23, depth=5
============================== Generated Circuit saved ==============================

============================== Transpiling circuit ==============================
This is using the AerSimulator('aer_simulator_statevector') transpiler.
Time elapsed for transpiling the circuit:  0 min 51.00 sec
Transpiled circuit, num_qubits: 18, (original: 18)
Transpiled circuit depth: 464201 (original: 5)
Transpiled circuit gates: 464353 (original: 23)
============================== Transpiled Circuit saved ==============================
Time elapsed for running the circuit:  2 min 34.11 sec
total_qubits: 18, nq:7

Time elapsed for extracting shots-based hhl counts solution:  0 min 0.00 sec

[HHL info]: linear system residual (e=||Ax-b||_2): 19.868388005063657
[HHL info]: Fidelity(true_sol, hhl_sol): 0.9912865608894207
[HHL info]: L2 error (absolute): 4.4081614461250425
[HHL info]: L2 error (relative): 0.81491460526435
[HHL info]: L2 error (normalized): 0.093447863880845

========================================================================================
 Compare system solutions using LU of A, LU sol of A_herm, HHL of Ax=b hermition system
LU sol 	    Herm LU sol    HHL sol    L1_diff(%)
-2.338e-04  -2.338e-04  -0.000e+00  1.000e+02
-1.963e-04  -1.963e-04  -0.000e+00  1.000e+02
-6.159e-04  -6.159e-04  -0.000e+00  1.000e+02
-8.210e-04  -8.210e-04  -0.000e+00  1.000e+02
-7.266e-04  -7.266e-04  -0.000e+00  1.000e+02
-2.219e-03  -2.219e-03  -0.000e+00  1.000e+02
-1.793e-03  -1.793e-03  -0.000e+00  1.000e+02
-1.753e-03  -1.753e-03  -0.000e+00  1.000e+02
-5.094e-03  -5.094e-03  -0.000e+00  1.000e+02
-3.854e-03  -3.854e-03  -0.000e+00  1.000e+02
-3.983e-03  -3.983e-03  -0.000e+00  1.000e+02
-1.127e-02  -1.127e-02  -0.000e+00  1.000e+02
-9.906e-03  -9.906e-03  -0.000e+00  1.000e+02
-9.642e-03  -9.642e-03  -0.000e+00  1.000e+02
-2.806e-02  -2.806e-02  -0.000e+00  1.000e+02
-2.691e-02  -2.691e-02  -2.508e-02  6.815e+00
-2.384e-02  -2.384e-02  -0.000e+00  1.000e+02
-7.270e-02  -7.270e-02  -2.508e-02  6.551e+01
-6.552e-02  -6.552e-02  -3.547e-02  4.587e+01
-5.523e-02  -5.523e-02  -0.000e+00  1.000e+02
-1.723e-01  -1.723e-01  -0.000e+00  1.000e+02
-1.346e-01  -1.346e-01  -2.508e-02  8.137e+01
-1.143e-01  -1.143e-01  -3.547e-02  6.897e+01
-3.520e-01  -3.520e-01  -8.318e-02  7.637e+01
-2.317e-01  -2.317e-01  -5.608e-02  7.579e+01
-2.062e-01  -2.062e-01  -5.016e-02  7.568e+01
-6.108e-01  -6.108e-01  -1.254e-01  7.947e+01
-3.379e-01  -3.379e-01  -7.093e-02  7.901e+01
-3.187e-01  -3.187e-01  -5.016e-02  8.426e+01
-9.014e-01  -9.014e-01  -1.791e-01  8.013e+01
-4.286e-01  -4.286e-01  -7.931e-02  8.150e+01
-4.234e-01  -4.234e-01  -9.384e-02  7.784e+01
-1.154e+00  -1.154e+00  -2.243e-01  8.056e+01
-4.911e-01  -4.911e-01  -8.688e-02  8.231e+01
-4.997e-01  -4.997e-01  -9.713e-02  8.056e+01
-1.329e+00  -1.329e+00  -2.642e-01  8.012e+01
-5.282e-01  -5.282e-01  -1.034e-01  8.042e+01
-5.462e-01  -5.462e-01  -9.384e-02  8.282e+01
-1.433e+00  -1.433e+00  -2.804e-01  8.044e+01
-5.481e-01  -5.481e-01  -1.034e-01  8.113e+01
-5.715e-01  -5.715e-01  -9.713e-02  8.300e+01
-1.489e+00  -1.489e+00  -2.903e-01  8.050e+01
-5.581e-01  -5.581e-01  -1.034e-01  8.147e+01
-5.842e-01  -5.842e-01  -1.149e-01  8.033e+01
-1.517e+00  -1.517e+00  -2.793e-01  8.159e+01
-5.629e-01  -5.629e-01  -8.688e-02  8.457e+01
-5.904e-01  -5.904e-01  -7.931e-02  8.657e+01
-1.530e+00  -1.530e+00  -2.859e-01  8.131e+01
-5.652e-01  -5.652e-01  -1.254e-01  7.781e+01
-5.933e-01  -5.933e-01  -1.064e-01  8.207e+01
-1.536e+00  -1.536e+00  -2.759e-01  8.204e+01
-5.662e-01  -5.662e-01  -9.384e-02  8.343e+01
-5.946e-01  -5.946e-01  -1.279e-01  7.849e+01
-1.539e+00  -1.539e+00  -2.533e-01  8.355e+01
-5.667e-01  -5.667e-01  -1.093e-01  8.071e+01
-5.952e-01  -5.952e-01  -8.688e-02  8.540e+01
-1.541e+00  -1.541e+00  -2.736e-01  8.224e+01
-5.670e-01  -5.670e-01  -1.064e-01  8.123e+01
-5.955e-01  -5.955e-01  -1.064e-01  8.213e+01
-1.541e+00  -1.541e+00  -2.815e-01  8.174e+01
========================================================================================

step: 0/15 res:22.437797065296795, res/res0:1.0  dq_norm: [0.33459109 0.32985831 0.89020422]

A info: before HHL prepare:
Spectral radius (A): 9.898e+01, lambda_min:6.460637618966563
condition number(A): 1.532e+01, norm2_cond:380.83502260846996
det(A): 1.267e+94
--------------------------------------------------------------------------------

A_hhl info: after scaling by spectral radius:
Spectral radius (A): 1.000e+00, lambda_min:0.06527152804152667
condition number(A): 1.532e+01, norm2_cond:380.83502260846666
det(A): 2.342e-26, nnz: 21 non zeros per row
--------------------------------------------------------------------------------

Size of A & B are not power of 2:
Next 2 power of 60 = 64
Value to be padded = 4
--------------------------------------------------

==================== Print (N)^2 padded matrix system =======================
Padded shape of A: (60, 60)x(60, 60) -> (64, 64)x(64, 64)
Padded shape of B: (60,) -> (64,)
Determinant of padded matrix: 2.3422156425846487e-26
Condition # of padded matrix: 380.83502260846666


Matrix is not Hermitian. Making it Hermitian.......

==================== Print Hermitian matrix system info =======================
Shape of hermitian A: 64x64 -> 128x128
Shape of           B: 64 -> 128
Determinant of Hermitian matrix: 5.4859741163685305e-52
Condition # of Hermitian matrix: 380.8350226084708

=================================== Generating HHL circuit ===================================
Time elapsed for generating HHL circuit: 4 min 56.73 sec

Generated circuit: num_qubits=18, gates=23, depth=5
============================== Generated Circuit saved ==============================

============================== Transpiling circuit ==============================
This is using the AerSimulator('aer_simulator_statevector') transpiler.
Time elapsed for transpiling the circuit:  0 min 47.10 sec
Transpiled circuit, num_qubits: 18, (original: 18)
Transpiled circuit depth: 464203 (original: 5)
Transpiled circuit gates: 464355 (original: 23)
============================== Transpiled Circuit saved ==============================
Time elapsed for running the circuit:  2 min 31.65 sec
total_qubits: 18, nq:7

Time elapsed for extracting shots-based hhl counts solution:  0 min 0.00 sec

[HHL info]: linear system residual (e=||Ax-b||_2): 17.544289421655897
[HHL info]: Fidelity(true_sol, hhl_sol): 0.9909649009750319
[HHL info]: L2 error (absolute): 3.4729028074204935
[HHL info]: L2 error (relative): 0.8134961467103397
[HHL info]: L2 error (normalized): 0.09516091633542835

========================================================================================
 Compare system solutions using LU of A, LU sol of A_herm, HHL of Ax=b hermition system
LU sol 	    Herm LU sol    HHL sol    L1_diff(%)
-2.287e-04  -2.287e-04  -0.000e+00  1.000e+02
-1.941e-04  -1.941e-04  -0.000e+00  1.000e+02
-6.055e-04  -6.055e-04  -0.000e+00  1.000e+02
-8.081e-04  -8.081e-04  -0.000e+00  1.000e+02
-7.213e-04  -7.213e-04  -0.000e+00  1.000e+02
-2.187e-03  -2.187e-03  -0.000e+00  1.000e+02
-1.795e-03  -1.795e-03  -0.000e+00  1.000e+02
-1.762e-03  -1.762e-03  -0.000e+00  1.000e+02
-5.105e-03  -5.105e-03  -0.000e+00  1.000e+02
-3.868e-03  -3.868e-03  -0.000e+00  1.000e+02
-3.926e-03  -3.926e-03  -0.000e+00  1.000e+02
-1.129e-02  -1.129e-02  -0.000e+00  1.000e+02
-1.010e-02  -1.010e-02  -2.085e-02  1.065e+02
-9.805e-03  -9.805e-03  -0.000e+00  1.000e+02
-2.860e-02  -2.860e-02  -0.000e+00  1.000e+02
-2.169e-03  -2.169e-03  -0.000e+00  1.000e+02
-2.396e-02  -2.396e-02  -0.000e+00  1.000e+02
-4.721e-02  -4.721e-02  -0.000e+00  1.000e+02
-2.998e-02  -2.998e-02  -0.000e+00  1.000e+02
-5.593e-02  -5.593e-02  -0.000e+00  1.000e+02
-1.725e-01  -1.725e-01  -4.171e-02  7.582e+01
-1.060e-01  -1.060e-01  -0.000e+00  1.000e+02
-7.720e-02  -7.720e-02  -0.000e+00  1.000e+02
-2.600e-01  -2.600e-01  -3.612e-02  8.611e+01
-1.670e-01  -1.670e-01  -3.612e-02  7.837e+01
-1.562e-01  -1.562e-01  -2.949e-02  8.112e+01
-4.654e-01  -4.654e-01  -9.557e-02  7.946e+01
-2.578e-01  -2.578e-01  -5.108e-02  8.018e+01
-2.709e-01  -2.709e-01  -5.108e-02  8.114e+01
-6.996e-01  -6.996e-01  -1.460e-01  7.913e+01
-3.382e-01  -3.382e-01  -7.803e-02  7.693e+01
-3.278e-01  -3.278e-01  -5.899e-02  8.200e+01
-9.020e-01  -9.020e-01  -1.642e-01  8.179e+01
-3.879e-01  -3.879e-01  -6.917e-02  8.217e+01
-4.015e-01  -4.015e-01  -6.595e-02  8.357e+01
-1.023e+00  -1.023e+00  -1.911e-01  8.131e+01
-4.062e-01  -4.062e-01  -7.224e-02  8.222e+01
-4.539e-01  -4.539e-01  -1.142e-01  7.484e+01
-1.105e+00  -1.105e+00  -2.187e-01  8.020e+01
-4.271e-01  -4.271e-01  -9.326e-02  7.816e+01
-4.749e-01  -4.749e-01  -7.803e-02  8.357e+01
-1.155e+00  -1.155e+00  -2.033e-01  8.240e+01
-4.343e-01  -4.343e-01  -7.224e-02  8.337e+01
-4.660e-01  -4.660e-01  -8.077e-02  8.267e+01
-1.187e+00  -1.187e+00  -2.350e-01  8.019e+01
-4.576e-01  -4.576e-01  -9.090e-02  8.013e+01
-5.144e-01  -5.144e-01  -1.084e-01  7.894e+01
-1.192e+00  -1.192e+00  -2.085e-01  8.251e+01
-4.238e-01  -4.238e-01  -6.595e-02  8.444e+01
-4.875e-01  -4.875e-01  -8.599e-02  8.236e+01
-1.228e+00  -1.228e+00  -2.396e-01  8.049e+01
-4.558e-01  -4.558e-01  -7.224e-02  8.415e+01
-4.630e-01  -4.630e-01  -8.077e-02  8.256e+01
-1.248e+00  -1.248e+00  -2.256e-01  8.192e+01
-4.381e-01  -4.381e-01  -7.803e-02  8.219e+01
-5.106e-01  -5.106e-01  -9.782e-02  8.084e+01
-1.220e+00  -1.220e+00  -2.167e-01  8.224e+01
-4.438e-01  -4.438e-01  -5.899e-02  8.671e+01
-4.896e-01  -4.896e-01  -9.326e-02  8.095e+01
-1.219e+00  -1.219e+00  -2.414e-01  8.019e+01
========================================================================================

step: 1/15 res:19.91413135759255, res/res0:0.8875261372424368  dq_norm: [0.24851116 0.28441874 0.70598267]

A info: before HHL prepare:
Spectral radius (A): 9.957e+01, lambda_min:6.680229425539978
condition number(A): 1.490e+01, norm2_cond:367.7739942877656
det(A): 3.046e+94
--------------------------------------------------------------------------------

A_hhl info: after scaling by spectral radius:
Spectral radius (A): 1.000e+00, lambda_min:0.06709186018391686
condition number(A): 1.490e+01, norm2_cond:367.7739942877724
det(A): 3.948e-26, nnz: 14 non zeros per row
--------------------------------------------------------------------------------

Size of A & B are not power of 2:
Next 2 power of 60 = 64
Value to be padded = 4
--------------------------------------------------

==================== Print (N)^2 padded matrix system =======================
Padded shape of A: (60, 60)x(60, 60) -> (64, 64)x(64, 64)
Padded shape of B: (60,) -> (64,)
Determinant of padded matrix: 3.9480663813866373e-26
Condition # of padded matrix: 367.7739942877724


Matrix is not Hermitian. Making it Hermitian.......

==================== Print Hermitian matrix system info =======================
Shape of hermitian A: 64x64 -> 128x128
Shape of           B: 64 -> 128
Determinant of Hermitian matrix: 1.5587228151835597e-51
Condition # of Hermitian matrix: 367.7739942877707

=================================== Generating HHL circuit ===================================
Time elapsed for generating HHL circuit: 5 min 7.28 sec

Generated circuit: num_qubits=18, gates=23, depth=5
============================== Generated Circuit saved ==============================

============================== Transpiling circuit ==============================
This is using the AerSimulator('aer_simulator_statevector') transpiler.
Time elapsed for transpiling the circuit:  0 min 49.85 sec
Transpiled circuit, num_qubits: 18, (original: 18)
Transpiled circuit depth: 464203 (original: 5)
Transpiled circuit gates: 464355 (original: 23)
============================== Transpiled Circuit saved ==============================
Time elapsed for running the circuit:  2 min 30.40 sec
total_qubits: 18, nq:7

Time elapsed for extracting shots-based hhl counts solution:  0 min 0.00 sec

[HHL info]: linear system residual (e=||Ax-b||_2): 13.659981480554034
[HHL info]: Fidelity(true_sol, hhl_sol): 0.9882005905674253
[HHL info]: L2 error (absolute): 2.3048888642479026
[HHL info]: L2 error (relative): 0.6765302138602571
[HHL info]: L2 error (normalized): 0.10878613341536712

========================================================================================
 Compare system solutions using LU of A, LU sol of A_herm, HHL of Ax=b hermition system
LU sol 	    Herm LU sol    HHL sol    L1_diff(%)
-2.178e-04  -2.178e-04  -0.000e+00  1.000e+02
-1.884e-04  -1.884e-04  -0.000e+00  1.000e+02
-5.804e-04  -5.804e-04  -0.000e+00  1.000e+02
-7.526e-04  -7.526e-04  -0.000e+00  1.000e+02
-6.937e-04  -6.937e-04  -0.000e+00  1.000e+02
-2.077e-03  -2.077e-03  -0.000e+00  1.000e+02
-1.683e-03  -1.683e-03  -0.000e+00  1.000e+02
-1.675e-03  -1.675e-03  -0.000e+00  1.000e+02
-4.860e-03  -4.860e-03  -0.000e+00  1.000e+02
-3.953e-03  -3.953e-03  -0.000e+00  1.000e+02
-4.049e-03  -4.049e-03  -0.000e+00  1.000e+02
-1.147e-02  -1.147e-02  -0.000e+00  1.000e+02
 1.036e-02   1.036e-02   0.000e+00  1.000e+02
-9.790e-03  -9.790e-03  -0.000e+00  1.000e+02
-2.863e-02  -2.863e-02  -4.240e-02  4.811e+01
-2.573e-03  -2.573e-03  -0.000e+00  1.000e+02
-2.414e-02  -2.414e-02  -0.000e+00  1.000e+02
-4.844e-02  -4.844e-02  -0.000e+00  1.000e+02
-3.018e-02  -3.018e-02  -0.000e+00  1.000e+02
-5.604e-02  -5.604e-02  -2.998e-02  4.650e+01
-1.306e-01  -1.306e-01  -5.997e-02  5.408e+01
-1.051e-01  -1.051e-01  -6.704e-02  3.622e+01
-7.756e-02  -7.756e-02  -0.000e+00  1.000e+02
-2.205e-01  -2.205e-01  -9.481e-02  5.700e+01
-1.260e-01  -1.260e-01  -2.998e-02  7.621e+01
-1.257e-01  -1.257e-01  -4.240e-02  6.628e+01
-3.580e-01  -3.580e-01  -1.081e-01  6.981e+01
-1.969e-01  -1.969e-01  -9.481e-02  5.185e+01
-2.183e-01  -2.183e-01  -7.933e-02  6.366e+01
-5.302e-01  -5.302e-01  -1.943e-01  6.335e+01
-2.504e-01  -2.504e-01  -7.344e-02  7.067e+01
-2.720e-01  -2.720e-01  -4.240e-02  8.441e+01
-7.153e-01  -7.153e-01  -2.203e-01  6.920e+01
-3.128e-01  -3.128e-01  -1.039e-01  6.680e+01
-3.356e-01  -3.356e-01  -9.944e-02  7.037e+01
-8.163e-01  -8.163e-01  -2.579e-01  6.840e+01
-3.250e-01  -3.250e-01  -1.081e-01  6.674e+01
-3.366e-01  -3.366e-01  -1.039e-01  6.915e+01
-8.659e-01  -8.659e-01  -2.844e-01  6.715e+01
-3.223e-01  -3.223e-01  -1.081e-01  6.646e+01
-3.986e-01  -3.986e-01  -1.696e-01  5.745e+01
-9.246e-01  -9.246e-01  -3.187e-01  6.553e+01
-3.547e-01  -3.547e-01  -1.039e-01  7.072e+01
-3.864e-01  -3.864e-01  -1.406e-01  6.361e+01
-9.309e-01  -9.309e-01  -3.043e-01  6.731e+01
-3.581e-01  -3.581e-01  -1.039e-01  7.100e+01
-4.047e-01  -4.047e-01  -1.307e-01  6.770e+01
-9.667e-01  -9.667e-01  -3.284e-01  6.603e+01
-3.488e-01  -3.488e-01  -1.272e-01  6.353e+01
-4.006e-01  -4.006e-01  -1.438e-01  6.411e+01
-9.589e-01  -9.589e-01  -3.058e-01  6.811e+01
-3.755e-01  -3.755e-01  -8.995e-02  7.604e+01
-3.833e-01  -3.833e-01  -1.199e-01  6.871e+01
-9.994e-01  -9.994e-01  -3.243e-01  6.755e+01
-3.560e-01  -3.560e-01  -9.481e-02  7.337e+01
-4.136e-01  -4.136e-01  -1.307e-01  6.840e+01
-9.918e-01  -9.918e-01  -3.072e-01  6.902e+01
-3.848e-01  -3.848e-01  -9.944e-02  7.416e+01
-3.965e-01  -3.965e-01  -1.039e-01  7.380e+01
-9.663e-01  -9.663e-01  -3.201e-01  6.687e+01
========================================================================================

step: 2/15 res:17.579513803874278, res/res0:0.7834777074021881  dq_norm: [0.34447323 0.40001706 0.97846054]

A info: before HHL prepare:
Spectral radius (A): 1.006e+02, lambda_min:6.7251963020046235
condition number(A): 1.495e+01, norm2_cond:350.6586180212587
det(A): 1.407e+95
--------------------------------------------------------------------------------

A_hhl info: after scaling by spectral radius:
Spectral radius (A): 1.000e+00, lambda_min:0.06687714763843654
condition number(A): 1.495e+01, norm2_cond:350.65861802125255
det(A): 1.006e-25, nnz: 20 non zeros per row
--------------------------------------------------------------------------------

Size of A & B are not power of 2:
Next 2 power of 60 = 64
Value to be padded = 4
--------------------------------------------------

==================== Print (N)^2 padded matrix system =======================
Padded shape of A: (60, 60)x(60, 60) -> (64, 64)x(64, 64)
Padded shape of B: (60,) -> (64,)
Determinant of padded matrix: 1.0057979754953802e-25
Condition # of padded matrix: 350.65861802125255


Matrix is not Hermitian. Making it Hermitian.......

==================== Print Hermitian matrix system info =======================
Shape of hermitian A: 64x64 -> 128x128
Shape of           B: 64 -> 128
Determinant of Hermitian matrix: 1.0116295675106918e-50
Condition # of Hermitian matrix: 350.6586180212579

=================================== Generating HHL circuit ===================================
Time elapsed for generating HHL circuit: 4 min 60.00 sec

Generated circuit: num_qubits=18, gates=23, depth=5
============================== Generated Circuit saved ==============================

============================== Transpiling circuit ==============================
This is using the AerSimulator('aer_simulator_statevector') transpiler.
Time elapsed for transpiling the circuit:  0 min 52.53 sec
Transpiled circuit, num_qubits: 18, (original: 18)
Transpiled circuit depth: 464205 (original: 5)
Transpiled circuit gates: 464357 (original: 23)
============================== Transpiled Circuit saved ==============================
Time elapsed for running the circuit:  2 min 29.83 sec
total_qubits: 18, nq:7

Time elapsed for extracting shots-based hhl counts solution:  0 min 0.00 sec

[HHL info]: linear system residual (e=||Ax-b||_2): 12.983800699898268
[HHL info]: Fidelity(true_sol, hhl_sol): 0.9874575190963295
[HHL info]: L2 error (absolute): 1.680298112943242
[HHL info]: L2 error (relative): 0.755713138908563
[HHL info]: L2 error (normalized): 0.11216977288570285

========================================================================================
 Compare system solutions using LU of A, LU sol of A_herm, HHL of Ax=b hermition system
LU sol 	    Herm LU sol    HHL sol    L1_diff(%)
-1.887e-04  -1.887e-04  -0.000e+00  1.000e+02
-1.733e-04  -1.733e-04  -0.000e+00  1.000e+02
-5.191e-04  -5.191e-04  -0.000e+00  1.000e+02
-6.991e-04  -6.991e-04  -0.000e+00  1.000e+02
-6.712e-04  -6.712e-04  -0.000e+00  1.000e+02
-1.959e-03  -1.959e-03  -0.000e+00  1.000e+02
-1.753e-03  -1.753e-03  -0.000e+00  1.000e+02
-1.726e-03  -1.726e-03  -0.000e+00  1.000e+02
-4.995e-03  -4.995e-03  -0.000e+00  1.000e+02
-4.341e-03  -4.341e-03  -0.000e+00  1.000e+02
-4.200e-03  -4.200e-03  -0.000e+00  1.000e+02
-1.239e-02  -1.239e-02  -0.000e+00  1.000e+02
 9.760e-03   9.760e-03   0.000e+00  1.000e+02
-9.928e-03  -9.928e-03  -0.000e+00  1.000e+02
 1.190e-02   1.190e-02   0.000e+00  1.000e+02
-2.985e-03  -2.985e-03  -0.000e+00  1.000e+02
-2.436e-02  -2.436e-02  -0.000e+00  1.000e+02
-4.998e-02  -4.998e-02  -2.939e-02  4.120e+01
-2.915e-02  -2.915e-02  -0.000e+00  1.000e+02
-2.546e-02  -2.546e-02  -0.000e+00  1.000e+02
-6.817e-02  -6.817e-02  -2.400e-02  6.480e+01
-3.604e-02  -3.604e-02  -0.000e+00  1.000e+02
-7.873e-02  -7.873e-02  -0.000e+00  1.000e+02
-1.225e-01  -1.225e-01  -3.794e-02  6.902e+01
-9.345e-02  -9.345e-02  -1.697e-02  8.184e+01
-8.275e-02  -8.275e-02  -2.400e-02  7.100e+01
-2.439e-01  -2.439e-01  -6.787e-02  7.218e+01
-9.411e-02  -9.411e-02  -1.697e-02  8.197e+01
-1.380e-01  -1.380e-01  -1.697e-02  8.770e+01
-3.171e-01  -3.171e-01  -8.817e-02  7.220e+01
-1.649e-01  -1.649e-01  -5.628e-02  6.588e+01
-2.290e-01  -2.290e-01  -5.090e-02  7.777e+01
-4.637e-01  -4.637e-01  -1.224e-01  7.361e+01
-1.964e-01  -1.964e-01  -6.118e-02  6.886e+01
-2.374e-01  -2.374e-01  -6.572e-02  7.232e+01
-5.288e-01  -5.288e-01  -1.460e-01  7.239e+01
-2.106e-01  -2.106e-01  -5.628e-02  7.327e+01
-2.357e-01  -2.357e-01  -6.349e-02  7.306e+01
-5.654e-01  -5.654e-01  -1.357e-01  7.599e+01
-2.102e-01  -2.102e-01  -4.489e-02  7.864e+01
-2.269e-01  -2.269e-01  -5.878e-02  7.410e+01
-5.966e-01  -5.966e-01  -1.469e-01  7.537e+01
-2.432e-01  -2.432e-01  -5.878e-02  7.584e+01
-2.444e-01  -2.444e-01  -6.118e-02  7.496e+01
-6.063e-01  -6.063e-01  -1.546e-01  7.450e+01
-2.445e-01  -2.445e-01  -6.349e-02  7.404e+01
-2.738e-01  -2.738e-01  -6.349e-02  7.681e+01
-6.128e-01  -6.128e-01  -1.469e-01  7.602e+01
-2.131e-01  -2.131e-01  -6.118e-02  7.130e+01
-2.590e-01  -2.590e-01  -7.199e-02  7.220e+01
-6.330e-01  -6.330e-01  -1.555e-01  7.543e+01
-2.803e-01  -2.803e-01  -5.628e-02  7.992e+01
-2.638e-01  -2.638e-01  -5.878e-02  7.772e+01
-6.534e-01  -6.534e-01  -1.479e-01  7.736e+01
-2.498e-01  -2.498e-01  -4.156e-02  8.336e+01
-2.801e-01  -2.801e-01  -6.787e-02  7.577e+01
-6.529e-01  -6.529e-01  -1.440e-01  7.795e+01
-2.673e-01  -2.673e-01  -6.349e-02  7.625e+01
-2.921e-01  -2.921e-01  -7.588e-02  7.402e+01
-5.989e-01  -5.989e-01  -1.460e-01  7.563e+01
========================================================================================

step: 3/15 res:13.726927080394258, res/res0:0.6117769512063588  dq_norm: [0.18116883 0.20502531 0.47449804]

A info: before HHL prepare:
Spectral radius (A): 1.009e+02, lambda_min:6.7651509938562695
condition number(A): 1.491e+01, norm2_cond:344.5197562837122
det(A): 3.264e+95
--------------------------------------------------------------------------------

A_hhl info: after scaling by spectral radius:
Spectral radius (A): 1.000e+00, lambda_min:0.06704781244684169
condition number(A): 1.491e+01, norm2_cond:344.5197562837092
det(A): 1.906e-25, nnz: 20 non zeros per row
--------------------------------------------------------------------------------

Size of A & B are not power of 2:
Next 2 power of 60 = 64
Value to be padded = 4
--------------------------------------------------

==================== Print (N)^2 padded matrix system =======================
Padded shape of A: (60, 60)x(60, 60) -> (64, 64)x(64, 64)
Padded shape of B: (60,) -> (64,)
Determinant of padded matrix: 1.9064478764599238e-25
Condition # of padded matrix: 344.5197562837092


Matrix is not Hermitian. Making it Hermitian.......

==================== Print Hermitian matrix system info =======================
Shape of hermitian A: 64x64 -> 128x128
Shape of           B: 64 -> 128
Determinant of Hermitian matrix: 3.634543505658501e-50
Condition # of Hermitian matrix: 344.5197562837161

=================================== Generating HHL circuit ===================================
Time elapsed for generating HHL circuit: 5 min 3.83 sec

Generated circuit: num_qubits=18, gates=23, depth=5
============================== Generated Circuit saved ==============================

============================== Transpiling circuit ==============================
This is using the AerSimulator('aer_simulator_statevector') transpiler.
Time elapsed for transpiling the circuit:  0 min 53.00 sec
Transpiled circuit, num_qubits: 18, (original: 18)
Transpiled circuit depth: 464203 (original: 5)
Transpiled circuit gates: 464355 (original: 23)
============================== Transpiled Circuit saved ==============================
Time elapsed for running the circuit:  2 min 30.14 sec
total_qubits: 18, nq:7

Time elapsed for extracting shots-based hhl counts solution:  0 min 0.00 sec

[HHL info]: linear system residual (e=||Ax-b||_2): 11.891453060024135
[HHL info]: Fidelity(true_sol, hhl_sol): 0.9817443577116711
[HHL info]: L2 error (absolute): 1.345709008142752
[HHL info]: L2 error (relative): 0.817518536796091
[HHL info]: L2 error (normalized): 0.13542425447655568

========================================================================================
 Compare system solutions using LU of A, LU sol of A_herm, HHL of Ax=b hermition system
LU sol 	    Herm LU sol    HHL sol    L1_diff(%)
-1.874e-04  -1.874e-04  -0.000e+00  1.000e+02
-1.727e-04  -1.727e-04  -0.000e+00  1.000e+02
-5.173e-04  -5.173e-04  -0.000e+00  1.000e+02
-6.886e-04  -6.886e-04  -0.000e+00  1.000e+02
-6.634e-04  -6.634e-04  -0.000e+00  1.000e+02
-1.936e-03  -1.936e-03  -0.000e+00  1.000e+02
-1.740e-03  -1.740e-03  -0.000e+00  1.000e+02
-1.730e-03  -1.730e-03  -0.000e+00  1.000e+02
-4.971e-03  -4.971e-03  -0.000e+00  1.000e+02
-4.332e-03  -4.332e-03  -0.000e+00  1.000e+02
-4.190e-03  -4.190e-03  -0.000e+00  1.000e+02
-1.232e-02  -1.232e-02  -0.000e+00  1.000e+02
 9.758e-03   9.758e-03   0.000e+00  1.000e+02
-9.909e-03  -9.909e-03  -0.000e+00  1.000e+02
 1.174e-02   1.174e-02   0.000e+00  1.000e+02
-3.066e-03  -3.066e-03  -0.000e+00  1.000e+02
-2.442e-02  -2.442e-02  -1.181e-02  5.165e+01
-2.080e-02  -2.080e-02  -0.000e+00  1.000e+02
-2.923e-02  -2.923e-02  -0.000e+00  1.000e+02
-2.538e-02  -2.538e-02  -0.000e+00  1.000e+02
-4.457e-02  -4.457e-02  -2.045e-02  5.412e+01
-3.604e-02  -3.604e-02  -0.000e+00  1.000e+02
-7.887e-02  -7.887e-02  -2.361e-02  7.006e+01
-8.448e-02  -8.448e-02  -1.670e-02  8.023e+01
-7.654e-02  -7.654e-02  -2.045e-02  7.328e+01
-5.899e-02  -5.899e-02  -1.670e-02  7.169e+01
-1.754e-01  -1.754e-01  -2.892e-02  8.351e+01
-7.646e-02  -7.646e-02  -1.181e-02  8.456e+01
-1.206e-01  -1.206e-01  -3.124e-02  7.411e+01
-2.267e-01  -2.267e-01  -4.257e-02  8.122e+01
-1.061e-01  -1.061e-01  -2.361e-02  7.773e+01
-1.778e-01  -1.778e-01  -3.340e-02  8.122e+01
-3.358e-01  -3.358e-01  -6.135e-02  8.173e+01
-1.318e-01  -1.318e-01  -3.542e-02  7.313e+01
-1.721e-01  -1.721e-01  -3.542e-02  7.942e+01
-3.756e-01  -3.756e-01  -7.278e-02  8.062e+01
-1.502e-01  -1.502e-01  -3.340e-02  7.777e+01
-1.720e-01  -1.720e-01  -3.542e-02  7.941e+01
-4.207e-01  -4.207e-01  -7.743e-02  8.159e+01
-1.600e-01  -1.600e-01  -1.670e-02  8.956e+01
-1.676e-01  -1.676e-01  -3.124e-02  8.136e+01
-4.347e-01  -4.347e-01  -8.514e-02  8.041e+01
-1.778e-01  -1.778e-01  -3.542e-02  8.008e+01
-1.840e-01  -1.840e-01  -2.892e-02  8.428e+01
-4.372e-01  -4.372e-01  -8.008e-02  8.168e+01
-1.741e-01  -1.741e-01  -3.734e-02  7.855e+01
-2.093e-01  -2.093e-01  -3.124e-02  8.507e+01
-4.512e-01  -4.512e-01  -7.652e-02  8.304e+01
-1.460e-01  -1.460e-01  -2.640e-02  8.191e+01
-1.876e-01  -1.876e-01  -4.090e-02  7.819e+01
-4.635e-01  -4.635e-01  -8.265e-02  8.217e+01
-2.197e-01  -2.197e-01  -3.340e-02  8.480e+01
-2.060e-01  -2.060e-01  -4.090e-02  8.015e+01
-4.947e-01  -4.947e-01  -8.596e-02  8.263e+01
-2.052e-01  -2.052e-01  -2.640e-02  8.713e+01
-2.113e-01  -2.113e-01  -4.573e-02  7.836e+01
-5.004e-01  -5.004e-01  -9.808e-02  8.040e+01
-1.986e-01  -1.986e-01  -3.124e-02  8.427e+01
-2.160e-01  -2.160e-01  -4.418e-02  7.955e+01
-4.452e-01  -4.452e-01  -6.985e-02  8.431e+01
========================================================================================

step: 4/15 res:13.027247577925957, res/res0:0.5805938764850683  dq_norm: [0.09948958 0.1255127  0.25814421]

A info: before HHL prepare:
Spectral radius (A): 1.012e+02, lambda_min:6.663629238396924
condition number(A): 1.519e+01, norm2_cond:344.1938011753656
det(A): 4.478e+95
--------------------------------------------------------------------------------

A_hhl info: after scaling by spectral radius:
Spectral radius (A): 1.000e+00, lambda_min:0.06584051353741727
condition number(A): 1.519e+01, norm2_cond:344.1938011753681
det(A): 2.178e-25, nnz: 19 non zeros per row
--------------------------------------------------------------------------------

Size of A & B are not power of 2:
Next 2 power of 60 = 64
Value to be padded = 4
--------------------------------------------------

==================== Print (N)^2 padded matrix system =======================
Padded shape of A: (60, 60)x(60, 60) -> (64, 64)x(64, 64)
Padded shape of B: (60,) -> (64,)
Determinant of padded matrix: 2.1780141535022634e-25
Condition # of padded matrix: 344.1938011753681


Matrix is not Hermitian. Making it Hermitian.......

==================== Print Hermitian matrix system info =======================
Shape of hermitian A: 64x64 -> 128x128
Shape of           B: 64 -> 128
Determinant of Hermitian matrix: 4.743745652856045e-50
Condition # of Hermitian matrix: 344.19380117536707

=================================== Generating HHL circuit ===================================
Time elapsed for generating HHL circuit: 5 min 4.69 sec

Generated circuit: num_qubits=18, gates=23, depth=5
============================== Generated Circuit saved ==============================

============================== Transpiling circuit ==============================
This is using the AerSimulator('aer_simulator_statevector') transpiler.
Time elapsed for transpiling the circuit:  0 min 54.47 sec
Transpiled circuit, num_qubits: 18, (original: 18)
Transpiled circuit depth: 464201 (original: 5)
Transpiled circuit gates: 464353 (original: 23)
============================== Transpiled Circuit saved ==============================
Time elapsed for running the circuit:  2 min 30.71 sec
total_qubits: 18, nq:7

Time elapsed for extracting shots-based hhl counts solution:  0 min 0.00 sec

[HHL info]: linear system residual (e=||Ax-b||_2): 11.89912732614701
[HHL info]: Fidelity(true_sol, hhl_sol): 0.9636563699225447
[HHL info]: L2 error (absolute): 1.318141580096183
[HHL info]: L2 error (relative): 0.9887723808993155
[HHL info]: L2 error (normalized): 0.19152019582767202

========================================================================================
 Compare system solutions using LU of A, LU sol of A_herm, HHL of Ax=b hermition system
LU sol 	    Herm LU sol    HHL sol    L1_diff(%)
-1.924e-04  -1.924e-04  -0.000e+00  1.000e+02
-1.755e-04  -1.755e-04  -0.000e+00  1.000e+02
-5.277e-04  -5.277e-04  -0.000e+00  1.000e+02
-7.142e-04  -7.142e-04  -0.000e+00  1.000e+02
-6.776e-04  -6.776e-04  -0.000e+00  1.000e+02
-1.989e-03  -1.989e-03  -0.000e+00  1.000e+02
-1.778e-03  -1.778e-03  -0.000e+00  1.000e+02
-1.746e-03  -1.746e-03  -0.000e+00  1.000e+02
-5.056e-03  -5.056e-03  -0.000e+00  1.000e+02
-4.307e-03  -4.307e-03  -0.000e+00  1.000e+02
-4.154e-03  -4.154e-03  -0.000e+00  1.000e+02
-1.228e-02  -1.228e-02  -0.000e+00  1.000e+02
 9.873e-03   9.873e-03   0.000e+00  1.000e+02
-9.916e-03  -9.916e-03  -0.000e+00  1.000e+02
 1.204e-02   1.204e-02   0.000e+00  1.000e+02
-2.872e-03  -2.872e-03  -0.000e+00  1.000e+02
-1.257e-02  -1.257e-02  -0.000e+00  1.000e+02
-2.040e-02  -2.040e-02  -6.727e-04  9.670e+01
-2.906e-02  -2.906e-02  -6.727e-04  9.768e+01
-2.549e-02  -2.549e-02  -0.000e+00  1.000e+02
-2.317e-02  -2.317e-02  -1.165e-03  9.497e+01
-3.570e-02  -3.570e-02  -0.000e+00  1.000e+02
-5.513e-02  -5.513e-02  -0.000e+00  1.000e+02
-6.683e-02  -6.683e-02  -6.727e-04  9.899e+01
-5.565e-02  -5.565e-02  -6.727e-04  9.879e+01
-4.253e-02  -4.253e-02  -6.727e-04  9.842e+01
-1.460e-01  -1.460e-01  -1.648e-03  9.887e+01
-6.458e-02  -6.458e-02  -6.727e-04  9.896e+01
-8.940e-02  -8.940e-02  -1.648e-03  9.816e+01
-1.843e-01  -1.843e-01  -1.903e-03  9.897e+01
-8.159e-02  -8.159e-02  -9.513e-04  9.883e+01
-1.438e-01  -1.438e-01  -9.513e-04  9.934e+01
-2.723e-01  -2.723e-01  -2.330e-03  9.914e+01
-9.494e-02  -9.494e-02  -1.504e-03  9.842e+01
-1.372e-01  -1.372e-01  -1.345e-03  9.902e+01
-2.998e-01  -2.998e-01  -3.083e-03  9.897e+01
-1.153e-01  -1.153e-01  -1.165e-03  9.899e+01
-1.365e-01  -1.365e-01  -1.648e-03  9.879e+01
-3.395e-01  -3.395e-01  -3.980e-03  9.883e+01
-1.408e-01  -1.408e-01  -1.165e-03  9.917e+01
-1.355e-01  -1.355e-01  -1.648e-03  9.878e+01
-3.412e-01  -3.412e-01  -4.201e-03  9.877e+01
-1.389e-01  -1.389e-01  -1.648e-03  9.881e+01
-1.561e-01  -1.561e-01  -1.648e-03  9.894e+01
-3.500e-01  -3.500e-01  -4.757e-03  9.864e+01
-1.342e-01  -1.342e-01  -2.330e-03  9.826e+01
-1.780e-01  -1.780e-01  -2.018e-03  9.887e+01
-3.695e-01  -3.695e-01  -3.922e-03  9.894e+01
-1.178e-01  -1.178e-01  -0.000e+00  1.000e+02
-1.464e-01  -1.464e-01  -1.165e-03  9.920e+01
-3.765e-01  -3.765e-01  -4.462e-03  9.881e+01
-1.848e-01  -1.848e-01  -1.780e-03  9.904e+01
-1.656e-01  -1.656e-01  -2.231e-03  9.865e+01
-4.051e-01  -4.051e-01  -4.660e-03  9.885e+01
-1.783e-01  -1.783e-01  -2.127e-03  9.881e+01
-1.653e-01  -1.653e-01  -2.330e-03  9.859e+01
-3.995e-01  -3.995e-01  -4.851e-03  9.879e+01
-1.665e-01  -1.665e-01  -1.780e-03  9.893e+01
-1.718e-01  -1.718e-01  -1.648e-03  9.904e+01
-3.753e-01  -3.753e-01  -3.684e-03  9.902e+01
========================================================================================

step: 5/15 res:11.903062856020911, res/res0:0.5304915995710947  dq_norm: [0.00512292 0.00570782 0.01318164]

A info: before HHL prepare:
Spectral radius (A): 1.012e+02, lambda_min:6.669789338714867
condition number(A): 1.518e+01, norm2_cond:343.92740083155786
det(A): 4.594e+95
--------------------------------------------------------------------------------

A_hhl info: after scaling by spectral radius:
Spectral radius (A): 1.000e+00, lambda_min:0.06589451811579768
condition number(A): 1.518e+01, norm2_cond:343.92740083155854
det(A): 2.220e-25, nnz: 14 non zeros per row
--------------------------------------------------------------------------------

Size of A & B are not power of 2:
Next 2 power of 60 = 64
Value to be padded = 4
--------------------------------------------------

==================== Print (N)^2 padded matrix system =======================
Padded shape of A: (60, 60)x(60, 60) -> (64, 64)x(64, 64)
Padded shape of B: (60,) -> (64,)
Determinant of padded matrix: 2.22020333487826e-25
Condition # of padded matrix: 343.92740083155854


Matrix is not Hermitian. Making it Hermitian.......

==================== Print Hermitian matrix system info =======================
Shape of hermitian A: 64x64 -> 128x128
Shape of           B: 64 -> 128
Determinant of Hermitian matrix: 4.929302848204687e-50
Condition # of Hermitian matrix: 343.9274008315613

=================================== Generating HHL circuit ===================================
Time elapsed for generating HHL circuit: 5 min 7.70 sec

Generated circuit: num_qubits=18, gates=23, depth=5
============================== Generated Circuit saved ==============================

============================== Transpiling circuit ==============================
This is using the AerSimulator('aer_simulator_statevector') transpiler.
Time elapsed for transpiling the circuit:  0 min 44.88 sec
Transpiled circuit, num_qubits: 18, (original: 18)
Transpiled circuit depth: 464205 (original: 5)
Transpiled circuit gates: 464357 (original: 23)
============================== Transpiled Circuit saved ==============================
Time elapsed for running the circuit:  2 min 31.95 sec
total_qubits: 18, nq:7

Time elapsed for extracting shots-based hhl counts solution:  0 min 0.00 sec

[HHL info]: linear system residual (e=||Ax-b||_2): 9.455064286152174
[HHL info]: Fidelity(true_sol, hhl_sol): 0.9782618096705883
[HHL info]: L2 error (absolute): 0.9763253928019247
[HHL info]: L2 error (relative): 0.7411213193222844
[HHL info]: L2 error (normalized): 0.1478432592960423

========================================================================================
 Compare system solutions using LU of A, LU sol of A_herm, HHL of Ax=b hermition system
LU sol 	    Herm LU sol    HHL sol    L1_diff(%)
-1.924e-04  -1.924e-04  -0.000e+00  1.000e+02
-1.755e-04  -1.755e-04  -0.000e+00  1.000e+02
-5.276e-04  -5.276e-04  -0.000e+00  1.000e+02
-7.141e-04  -7.141e-04  -0.000e+00  1.000e+02
-6.775e-04  -6.775e-04  -0.000e+00  1.000e+02
-1.989e-03  -1.989e-03  -0.000e+00  1.000e+02
-1.779e-03  -1.779e-03  -0.000e+00  1.000e+02
-1.746e-03  -1.746e-03  -0.000e+00  1.000e+02
-5.058e-03  -5.058e-03  -0.000e+00  1.000e+02
-4.308e-03  -4.308e-03  -0.000e+00  1.000e+02
-4.155e-03  -4.155e-03  -0.000e+00  1.000e+02
-1.228e-02  -1.228e-02  -0.000e+00  1.000e+02
 9.870e-03   9.870e-03   0.000e+00  1.000e+02
-9.919e-03  -9.919e-03  -0.000e+00  1.000e+02
 1.203e-02   1.203e-02   0.000e+00  1.000e+02
-2.866e-03  -2.866e-03  -0.000e+00  1.000e+02
-1.257e-02  -1.257e-02  -0.000e+00  1.000e+02
-1.971e-02  -1.971e-02  -0.000e+00  1.000e+02
-2.836e-02  -2.836e-02  -1.577e-02  4.441e+01
-2.549e-02  -2.549e-02  -0.000e+00  1.000e+02
-2.200e-02  -2.200e-02  -1.577e-02  2.832e+01
-3.570e-02  -3.570e-02  -0.000e+00  1.000e+02
-5.513e-02  -5.513e-02  -0.000e+00  1.000e+02
-6.614e-02  -6.614e-02  -1.577e-02  7.616e+01
-5.498e-02  -5.498e-02  -2.230e-02  5.944e+01
-4.186e-02  -4.186e-02  -0.000e+00  1.000e+02
-1.444e-01  -1.444e-01  -4.172e-02  7.111e+01
-6.391e-02  -6.391e-02  -0.000e+00  1.000e+02
-8.775e-02  -8.775e-02  -3.526e-02  5.982e+01
-1.824e-01  -1.824e-01  -4.730e-02  7.406e+01
-8.062e-02  -8.062e-02  -2.230e-02  7.234e+01
-1.428e-01  -1.428e-01  -4.460e-02  6.877e+01
-2.699e-01  -2.699e-01  -7.225e-02  7.323e+01
-9.340e-02  -9.340e-02  -2.731e-02  7.076e+01
-1.359e-01  -1.359e-01  -4.172e-02  6.930e+01
-2.967e-01  -2.967e-01  -8.779e-02  7.041e+01
-1.140e-01  -1.140e-01  -2.731e-02  7.605e+01
-1.348e-01  -1.348e-01  -4.172e-02  6.906e+01
-3.353e-01  -3.353e-01  -9.591e-02  7.139e+01
-1.395e-01  -1.395e-01  -3.862e-02  7.231e+01
-1.338e-01  -1.338e-01  -3.526e-02  7.365e+01
-3.366e-01  -3.366e-01  -8.636e-02  7.434e+01
-1.371e-01  -1.371e-01  -3.862e-02  7.183e+01
-1.545e-01  -1.545e-01  -3.153e-02  7.959e+01
-3.450e-01  -3.450e-01  -9.328e-02  7.296e+01
-1.318e-01  -1.318e-01  -2.731e-02  7.929e+01
-1.761e-01  -1.761e-01  -3.526e-02  7.998e+01
-3.655e-01  -3.655e-01  -1.046e-01  7.139e+01
-1.177e-01  -1.177e-01  -2.731e-02  7.681e+01
-1.452e-01  -1.452e-01  -4.172e-02  7.126e+01
-3.718e-01  -3.718e-01  -9.719e-02  7.386e+01
-1.829e-01  -1.829e-01  -5.462e-02  7.013e+01
-1.634e-01  -1.634e-01  -3.862e-02  7.636e+01
-4.001e-01  -4.001e-01  -1.022e-01  7.446e+01
-1.759e-01  -1.759e-01  -2.731e-02  8.448e+01
-1.630e-01  -1.630e-01  -4.460e-02  7.264e+01
-3.942e-01  -3.942e-01  -9.591e-02  7.567e+01
-1.645e-01  -1.645e-01  -3.526e-02  7.856e+01
-1.702e-01  -1.702e-01  -4.730e-02  7.220e+01
-3.712e-01  -3.712e-01  -8.491e-02  7.713e+01
========================================================================================

step: 6/15 res:11.8992084461543, res/res0:0.5303198175616847  dq_norm: [0.11036849 0.13285449 0.29998625]

A info: before HHL prepare:
Spectral radius (A): 1.013e+02, lambda_min:6.796630784002776
condition number(A): 1.490e+01, norm2_cond:338.1274811903028
det(A): 7.639e+95
--------------------------------------------------------------------------------

A_hhl info: after scaling by spectral radius:
Spectral radius (A): 1.000e+00, lambda_min:0.06712504015863348
condition number(A): 1.490e+01, norm2_cond:338.12748119030607
det(A): 3.618e-25, nnz: 14 non zeros per row
--------------------------------------------------------------------------------

Size of A & B are not power of 2:
Next 2 power of 60 = 64
Value to be padded = 4
--------------------------------------------------

==================== Print (N)^2 padded matrix system =======================
Padded shape of A: (60, 60)x(60, 60) -> (64, 64)x(64, 64)
Padded shape of B: (60,) -> (64,)
Determinant of padded matrix: 3.618362139154581e-25
Condition # of padded matrix: 338.12748119030607


Matrix is not Hermitian. Making it Hermitian.......

==================== Print Hermitian matrix system info =======================
Shape of hermitian A: 64x64 -> 128x128
Shape of           B: 64 -> 128
Determinant of Hermitian matrix: 1.30925445700662e-49
Condition # of Hermitian matrix: 338.12748119030925

=================================== Generating HHL circuit ===================================
Time elapsed for generating HHL circuit: 5 min 13.47 sec

Generated circuit: num_qubits=18, gates=23, depth=5
============================== Generated Circuit saved ==============================

============================== Transpiling circuit ==============================
This is using the AerSimulator('aer_simulator_statevector') transpiler.
Time elapsed for transpiling the circuit:  0 min 45.31 sec
Transpiled circuit, num_qubits: 18, (original: 18)
Transpiled circuit depth: 464205 (original: 5)
Transpiled circuit gates: 464357 (original: 23)
============================== Transpiled Circuit saved ==============================
Time elapsed for running the circuit:  2 min 30.09 sec
total_qubits: 18, nq:7

Time elapsed for extracting shots-based hhl counts solution:  0 min 0.00 sec

[HHL info]: linear system residual (e=||Ax-b||_2): 7.765556738419842
[HHL info]: Fidelity(true_sol, hhl_sol): 0.9832962218096888
[HHL info]: L2 error (absolute): 0.6097629732561186
[HHL info]: L2 error (relative): 0.6354654037954952
[HHL info]: L2 error (normalized): 0.12951494498290042

========================================================================================
 Compare system solutions using LU of A, LU sol of A_herm, HHL of Ax=b hermition system
LU sol 	    Herm LU sol    HHL sol    L1_diff(%)
-1.895e-04  -1.895e-04  -0.000e+00  1.000e+02
-1.742e-04  -1.742e-04  -0.000e+00  1.000e+02
-5.214e-04  -5.214e-04  -0.000e+00  1.000e+02
-7.037e-04  -7.037e-04  -0.000e+00  1.000e+02
-6.718e-04  -6.718e-04  -0.000e+00  1.000e+02
-1.967e-03  -1.967e-03  -0.000e+00  1.000e+02
-1.770e-03  -1.770e-03  -0.000e+00  1.000e+02
-1.740e-03  -1.740e-03  -0.000e+00  1.000e+02
-5.042e-03  -5.042e-03  -0.000e+00  1.000e+02
-4.338e-03  -4.338e-03  -0.000e+00  1.000e+02
-4.169e-03  -4.169e-03  -0.000e+00  1.000e+02
-1.234e-02  -1.234e-02  -0.000e+00  1.000e+02
 9.736e-03   9.736e-03   0.000e+00  1.000e+02
-1.003e-02  -1.003e-02  -0.000e+00  1.000e+02
 1.174e-02   1.174e-02   0.000e+00  1.000e+02
-2.903e-03  -2.903e-03  -0.000e+00  1.000e+02
-1.254e-02  -1.254e-02  -0.000e+00  1.000e+02
-1.985e-02  -1.985e-02  -0.000e+00  1.000e+02
-1.218e-02  -1.218e-02  -1.673e-02  3.731e+01
-2.528e-02  -2.528e-02  -1.673e-02  3.382e+01
-5.914e-03  -5.914e-03  -0.000e+00  1.000e+02
-3.510e-02  -3.510e-02  -2.366e-02  3.259e+01
-5.498e-02  -5.498e-02  -1.673e-02  6.957e+01
-4.915e-02  -4.915e-02  -2.366e-02  5.186e+01
-3.257e-02  -3.257e-02  -1.673e-02  4.863e+01
-4.226e-02  -4.226e-02  -1.673e-02  6.041e+01
-1.021e-01  -1.021e-01  -3.741e-02  6.337e+01
-6.474e-02  -6.474e-02  -2.366e-02  6.346e+01
-5.233e-02  -5.233e-02  -2.366e-02  5.479e+01
-1.363e-01  -1.363e-01  -4.098e-02  6.993e+01
-5.887e-02  -5.887e-02  -1.673e-02  7.158e+01
-9.844e-02  -9.844e-02  -2.366e-02  7.597e+01
-1.986e-01  -1.986e-01  -8.023e-02  5.961e+01
-6.562e-02  -6.562e-02  -2.898e-02  5.584e+01
-9.393e-02  -9.393e-02  -4.098e-02  5.637e+01
-2.074e-01  -2.074e-01  -8.365e-02  5.967e+01
-8.406e-02  -8.406e-02  -2.898e-02  6.553e+01
-9.216e-02  -9.216e-02  -4.098e-02  5.554e+01
-2.324e-01  -2.324e-01  -7.482e-02  6.781e+01
-9.720e-02  -9.720e-02  -2.366e-02  7.566e+01
-9.930e-02  -9.930e-02  -3.741e-02  6.233e+01
-2.429e-01  -2.429e-01  -9.163e-02  6.228e+01
-9.671e-02  -9.671e-02  -3.741e-02  6.132e+01
-1.241e-01  -1.241e-01  -4.098e-02  6.699e+01
-2.477e-01  -2.477e-01  -9.163e-02  6.300e+01
-1.028e-01  -1.028e-01  -2.898e-02  7.180e+01
-1.399e-01  -1.399e-01  -4.426e-02  6.835e+01
-2.561e-01  -2.561e-01  -8.365e-02  6.734e+01
-8.590e-02  -8.590e-02  -2.898e-02  6.627e+01
-1.025e-01  -1.025e-01  -3.741e-02  6.352e+01
-2.632e-01  -2.632e-01  -1.084e-01  5.881e+01
-1.228e-01  -1.228e-01  -2.898e-02  7.640e+01
-1.263e-01  -1.263e-01  -4.732e-02  6.255e+01
-2.890e-01  -2.890e-01  -1.122e-01  6.116e+01
-1.469e-01  -1.469e-01  -6.032e-02  5.893e+01
-1.180e-01  -1.180e-01  -4.426e-02  6.250e+01
-2.932e-01  -2.932e-01  -1.071e-01  6.347e+01
-1.273e-01  -1.273e-01  -4.426e-02  6.524e+01
-1.228e-01  -1.228e-01  -5.019e-02  5.912e+01
-2.835e-01  -2.835e-01  -1.058e-01  6.268e+01
========================================================================================

step: 7/15 res:9.431711750956445, res/res0:0.42034927597878635  dq_norm: [0.11710497 0.13590932 0.30573877]

A info: before HHL prepare:
Spectral radius (A): 1.015e+02, lambda_min:6.788271287830074
condition number(A): 1.495e+01, norm2_cond:332.85683045111324
det(A): 1.430e+96
--------------------------------------------------------------------------------

A_hhl info: after scaling by spectral radius:
Spectral radius (A): 1.000e+00, lambda_min:0.06689285433039444
condition number(A): 1.495e+01, norm2_cond:332.8568304511093
det(A): 5.922e-25, nnz: 14 non zeros per row
--------------------------------------------------------------------------------

Size of A & B are not power of 2:
Next 2 power of 60 = 64
Value to be padded = 4
--------------------------------------------------

==================== Print (N)^2 padded matrix system =======================
Padded shape of A: (60, 60)x(60, 60) -> (64, 64)x(64, 64)
Padded shape of B: (60,) -> (64,)
Determinant of padded matrix: 5.921908436543138e-25
Condition # of padded matrix: 332.8568304511093


Matrix is not Hermitian. Making it Hermitian.......

==================== Print Hermitian matrix system info =======================
Shape of hermitian A: 64x64 -> 128x128
Shape of           B: 64 -> 128
Determinant of Hermitian matrix: 3.5068999530799796e-49
Condition # of Hermitian matrix: 332.8568304511078

=================================== Generating HHL circuit ===================================
Time elapsed for generating HHL circuit: 5 min 12.99 sec

Generated circuit: num_qubits=18, gates=23, depth=5
============================== Generated Circuit saved ==============================

============================== Transpiling circuit ==============================
This is using the AerSimulator('aer_simulator_statevector') transpiler.
Time elapsed for transpiling the circuit:  0 min 44.88 sec
Transpiled circuit, num_qubits: 18, (original: 18)
Transpiled circuit depth: 464198 (original: 5)
Transpiled circuit gates: 464350 (original: 23)
============================== Transpiled Circuit saved ==============================
Time elapsed for running the circuit:  2 min 32.24 sec
total_qubits: 18, nq:7

Time elapsed for extracting shots-based hhl counts solution:  0 min 0.00 sec

[HHL info]: linear system residual (e=||Ax-b||_2): 7.6023339294938035
[HHL info]: Fidelity(true_sol, hhl_sol): 0.9514416968734009
[HHL info]: L2 error (absolute): 0.5205355085327181
[HHL info]: L2 error (relative): 0.871865155598341
[HHL info]: L2 error (normalized): 0.22172627722225435

========================================================================================
 Compare system solutions using LU of A, LU sol of A_herm, HHL of Ax=b hermition system
LU sol 	    Herm LU sol    HHL sol    L1_diff(%)
-1.920e-04  -1.920e-04  -0.000e+00  1.000e+02
-1.755e-04  -1.755e-04  -0.000e+00  1.000e+02
-5.268e-04  -5.268e-04  -0.000e+00  1.000e+02
-7.063e-04  -7.063e-04  -0.000e+00  1.000e+02
-6.732e-04  -6.732e-04  -0.000e+00  1.000e+02
-1.971e-03  -1.971e-03  -0.000e+00  1.000e+02
-1.756e-03  -1.756e-03  -0.000e+00  1.000e+02
-1.734e-03  -1.734e-03  -0.000e+00  1.000e+02
-5.015e-03  -5.015e-03  -4.639e-03  7.506e+00
-4.282e-03  -4.282e-03  -0.000e+00  1.000e+02
-4.132e-03  -4.132e-03  -0.000e+00  1.000e+02
-1.221e-02  -1.221e-02  -0.000e+00  1.000e+02
 9.779e-03   9.779e-03   0.000e+00  1.000e+02
-1.004e-02  -1.004e-02  -0.000e+00  1.000e+02
 1.182e-02   1.182e-02   0.000e+00  1.000e+02
-3.018e-03  -3.018e-03  -0.000e+00  1.000e+02
-1.262e-02  -1.262e-02  -0.000e+00  1.000e+02
-1.999e-02  -1.999e-02  -4.639e-03  7.679e+01
 4.200e-03   4.200e-03   0.000e+00  1.000e+02
-8.656e-03  -8.656e-03  -0.000e+00  1.000e+02
-6.581e-03  -6.581e-03  -0.000e+00  1.000e+02
-1.146e-02  -1.146e-02  -4.639e-03  5.952e+01
-3.805e-02  -3.805e-02  -4.639e-03  8.781e+01
-2.575e-02  -2.575e-02  -4.639e-03  8.198e+01
-1.561e-02  -1.561e-02  -4.639e-03  7.029e+01
-2.560e-02  -2.560e-02  -4.639e-03  8.188e+01
-6.433e-02  -6.433e-02  -9.278e-03  8.558e+01
-4.074e-02  -4.074e-02  -4.639e-03  8.861e+01
-2.884e-02  -2.884e-02  -4.639e-03  8.392e+01
-9.494e-02  -9.494e-02  -1.539e-02  8.380e+01
-4.192e-02  -4.192e-02  -8.035e-03  8.083e+01
-7.467e-02  -7.467e-02  -1.136e-02  8.478e+01
-1.180e-01  -1.180e-01  -1.392e-02  8.821e+01
-3.617e-02  -3.617e-02  -0.000e+00  1.000e+02
-5.291e-02  -5.291e-02  -0.000e+00  1.000e+02
-1.228e-01  -1.228e-01  -1.607e-02  8.691e+01
-5.412e-02  -5.412e-02  -0.000e+00  1.000e+02
-5.085e-02  -5.085e-02  -8.035e-03  8.420e+01
-1.554e-01  -1.554e-01  -2.022e-02  8.699e+01
-7.262e-02  -7.262e-02  -1.227e-02  8.310e+01
-6.207e-02  -6.207e-02  -8.035e-03  8.706e+01
-1.482e-01  -1.482e-01  -2.319e-02  8.435e+01
-5.868e-02  -5.868e-02  -8.035e-03  8.631e+01
-8.350e-02  -8.350e-02  -1.037e-02  8.758e+01
-1.549e-01  -1.549e-01  -1.467e-02  9.053e+01
-7.369e-02  -7.369e-02  -1.136e-02  8.458e+01
-9.614e-02  -9.614e-02  -9.278e-03  9.035e+01
-1.721e-01  -1.721e-01  -2.225e-02  8.707e+01
-5.546e-02  -5.546e-02  -8.035e-03  8.551e+01
-6.428e-02  -6.428e-02  -4.639e-03  9.278e+01
-1.497e-01  -1.497e-01  -2.176e-02  8.546e+01
-8.952e-02  -8.952e-02  -1.037e-02  8.841e+01
-7.803e-02  -7.803e-02  -1.037e-02  8.671e+01
-1.665e-01  -1.665e-01  -1.968e-02  8.818e+01
-8.082e-02  -8.082e-02  -1.037e-02  8.717e+01
-7.514e-02  -7.514e-02  -1.136e-02  8.488e+01
-1.775e-01  -1.775e-01  -2.273e-02  8.720e+01
-8.008e-02  -8.008e-02  -1.312e-02  8.362e+01
-7.286e-02  -7.286e-02  -1.037e-02  8.576e+01
-1.723e-01  -1.723e-01  -2.273e-02  8.681e+01
========================================================================================

step: 8/15 res:7.772004187625356, res/res0:0.3463800017892956  dq_norm: [0.03041961 0.02970375 0.06625741]

A info: before HHL prepare:
Spectral radius (A): 1.015e+02, lambda_min:6.79322764228207
condition number(A): 1.494e+01, norm2_cond:331.9251511452091
det(A): 1.794e+96
--------------------------------------------------------------------------------

A_hhl info: after scaling by spectral radius:
Spectral radius (A): 1.000e+00, lambda_min:0.06692491134429714
condition number(A): 1.494e+01, norm2_cond:331.9251511452085
det(A): 7.322e-25, nnz: 14 non zeros per row
--------------------------------------------------------------------------------

Size of A & B are not power of 2:
Next 2 power of 60 = 64
Value to be padded = 4
--------------------------------------------------

==================== Print (N)^2 padded matrix system =======================
Padded shape of A: (60, 60)x(60, 60) -> (64, 64)x(64, 64)
Padded shape of B: (60,) -> (64,)
Determinant of padded matrix: 7.321566220190366e-25
Condition # of padded matrix: 331.9251511452085


Matrix is not Hermitian. Making it Hermitian.......

==================== Print Hermitian matrix system info =======================
Shape of hermitian A: 64x64 -> 128x128
Shape of           B: 64 -> 128
Determinant of Hermitian matrix: 5.360533191662882e-49
Condition # of Hermitian matrix: 331.9251511452086

=================================== Generating HHL circuit ===================================
Time elapsed for generating HHL circuit: 5 min 20.75 sec

Generated circuit: num_qubits=18, gates=23, depth=5
============================== Generated Circuit saved ==============================

============================== Transpiling circuit ==============================
This is using the AerSimulator('aer_simulator_statevector') transpiler.
Time elapsed for transpiling the circuit:  0 min 45.72 sec
Transpiled circuit, num_qubits: 18, (original: 18)
Transpiled circuit depth: 464202 (original: 5)
Transpiled circuit gates: 464354 (original: 23)
============================== Transpiled Circuit saved ==============================
Time elapsed for running the circuit:  2 min 28.33 sec
total_qubits: 18, nq:7

Time elapsed for extracting shots-based hhl counts solution:  0 min 0.00 sec

[HHL info]: linear system residual (e=||Ax-b||_2): 7.56972342188303
[HHL info]: Fidelity(true_sol, hhl_sol): 0.9494877412536136
[HHL info]: L2 error (absolute): 0.4884147995838842
[HHL info]: L2 error (relative): 0.9437811245762338
[HHL info]: L2 error (normalized): 0.22620072566354413

========================================================================================
 Compare system solutions using LU of A, LU sol of A_herm, HHL of Ax=b hermition system
LU sol 	    Herm LU sol    HHL sol    L1_diff(%)
-1.914e-04  -1.914e-04  -0.000e+00  1.000e+02
-1.748e-04  -1.748e-04  -0.000e+00  1.000e+02
-5.257e-04  -5.257e-04  -0.000e+00  1.000e+02
-7.008e-04  -7.008e-04  -0.000e+00  1.000e+02
-6.704e-04  -6.704e-04  -0.000e+00  1.000e+02
-1.961e-03  -1.961e-03  -0.000e+00  1.000e+02
-1.744e-03  -1.744e-03  -0.000e+00  1.000e+02
-1.731e-03  -1.731e-03  -0.000e+00  1.000e+02
-3.435e-04  -3.435e-04  -0.000e+00  1.000e+02
-4.269e-03  -4.269e-03  -0.000e+00  1.000e+02
-4.128e-03  -4.128e-03  -0.000e+00  1.000e+02
-1.217e-02  -1.217e-02  -2.049e-03  8.317e+01
 9.786e-03   9.786e-03   0.000e+00  1.000e+02
-1.003e-02  -1.003e-02  -0.000e+00  1.000e+02
 1.183e-02   1.183e-02   0.000e+00  1.000e+02
-3.045e-03  -3.045e-03  -0.000e+00  1.000e+02
-1.264e-02  -1.264e-02  -0.000e+00  1.000e+02
-1.544e-02  -1.544e-02  -2.049e-03  8.673e+01
 4.149e-03   4.149e-03   0.000e+00  1.000e+02
-8.679e-03  -8.679e-03  -0.000e+00  1.000e+02
-6.657e-03  -6.657e-03  -0.000e+00  1.000e+02
-6.809e-03  -6.809e-03  -0.000e+00  1.000e+02
-3.334e-02  -3.334e-02  -2.049e-03  9.385e+01
-2.105e-02  -2.105e-02  -2.049e-03  9.027e+01
-1.086e-02  -1.086e-02  -0.000e+00  1.000e+02
-2.093e-02  -2.093e-02  -0.000e+00  1.000e+02
-5.470e-02  -5.470e-02  -2.049e-03  9.625e+01
-3.602e-02  -3.602e-02  -0.000e+00  1.000e+02
-2.426e-02  -2.426e-02  -2.049e-03  9.155e+01
-7.931e-02  -7.931e-02  -5.421e-03  9.316e+01
-3.396e-02  -3.396e-02  -2.049e-03  9.397e+01
-6.342e-02  -6.342e-02  -2.049e-03  9.677e+01
-1.043e-01  -1.043e-01  -7.098e-03  9.319e+01
-3.628e-02  -3.628e-02  -3.549e-03  9.022e+01
-5.287e-02  -5.287e-02  -2.898e-03  9.452e+01
-1.067e-01  -1.067e-01  -7.667e-03  9.281e+01
-5.396e-02  -5.396e-02  -2.049e-03  9.620e+01
-4.268e-02  -4.268e-02  -4.098e-03  9.040e+01
-1.342e-01  -1.342e-01  -7.388e-03  9.450e+01
-5.981e-02  -5.981e-02  -4.098e-03  9.315e+01
-5.420e-02  -5.420e-02  -2.049e-03  9.622e+01
-1.243e-01  -1.243e-01  -6.796e-03  9.453e+01
-5.034e-02  -5.034e-02  -2.049e-03  9.593e+01
-7.308e-02  -7.308e-02  -4.098e-03  9.439e+01
-1.398e-01  -1.398e-01  -8.448e-03  9.396e+01
-6.177e-02  -6.177e-02  -4.098e-03  9.337e+01
-8.672e-02  -8.672e-02  -3.549e-03  9.591e+01
-1.489e-01  -1.489e-01  -9.164e-03  9.384e+01
-4.693e-02  -4.693e-02  -2.898e-03  9.383e+01
-5.978e-02  -5.978e-02  -5.019e-03  9.160e+01
-1.267e-01  -1.267e-01  -6.147e-03  9.515e+01
-7.847e-02  -7.847e-02  -4.582e-03  9.416e+01
-6.764e-02  -6.764e-02  -3.549e-03  9.475e+01
-1.460e-01  -1.460e-01  -9.390e-03  9.357e+01
-6.955e-02  -6.955e-02  -2.049e-03  9.705e+01
-6.365e-02  -6.365e-02  -2.898e-03  9.545e+01
-1.532e-01  -1.532e-01  -7.667e-03  9.499e+01
-6.572e-02  -6.572e-02  -4.098e-03  9.376e+01
-6.246e-02  -6.246e-02  -2.049e-03  9.672e+01
-1.476e-01  -1.476e-01  -8.196e-03  9.445e+01
========================================================================================

step: 9/15 res:7.600226740390123, res/res0:0.33872428377315794  dq_norm: [0.0104482  0.01103453 0.0257563 ]

A info: before HHL prepare:
Spectral radius (A): 1.015e+02, lambda_min:6.7954201190933805
condition number(A): 1.494e+01, norm2_cond:331.7335672941146
det(A): 1.932e+96
--------------------------------------------------------------------------------

A_hhl info: after scaling by spectral radius:
Spectral radius (A): 1.000e+00, lambda_min:0.06694549420513131
condition number(A): 1.494e+01, norm2_cond:331.7335672941091
det(A): 7.878e-25, nnz: 14 non zeros per row
--------------------------------------------------------------------------------

Size of A & B are not power of 2:
Next 2 power of 60 = 64
Value to be padded = 4
--------------------------------------------------

==================== Print (N)^2 padded matrix system =======================
Padded shape of A: (60, 60)x(60, 60) -> (64, 64)x(64, 64)
Padded shape of B: (60,) -> (64,)
Determinant of padded matrix: 7.87754926923379e-25
Condition # of padded matrix: 331.7335672941091


Matrix is not Hermitian. Making it Hermitian.......

==================== Print Hermitian matrix system info =======================
Shape of hermitian A: 64x64 -> 128x128
Shape of           B: 64 -> 128
Determinant of Hermitian matrix: 6.205578248920405e-49
Condition # of Hermitian matrix: 331.7335672941104

=================================== Generating HHL circuit ===================================
Time elapsed for generating HHL circuit: 5 min 13.00 sec

Generated circuit: num_qubits=18, gates=23, depth=5
============================== Generated Circuit saved ==============================

============================== Transpiling circuit ==============================
This is using the AerSimulator('aer_simulator_statevector') transpiler.
Time elapsed for transpiling the circuit:  0 min 45.32 sec
Transpiled circuit, num_qubits: 18, (original: 18)
Transpiled circuit depth: 464202 (original: 5)
Transpiled circuit gates: 464354 (original: 23)
============================== Transpiled Circuit saved ==============================
Time elapsed for running the circuit:  2 min 27.23 sec
total_qubits: 18, nq:7

Time elapsed for extracting shots-based hhl counts solution:  0 min 0.00 sec

[HHL info]: linear system residual (e=||Ax-b||_2): 6.747257244773454
[HHL info]: Fidelity(true_sol, hhl_sol): 0.9467981613506051
[HHL info]: L2 error (absolute): 0.3486003889945976
[HHL info]: L2 error (relative): 0.7152773407888559
[HHL info]: L2 error (normalized): 0.23222601226679865

========================================================================================
 Compare system solutions using LU of A, LU sol of A_herm, HHL of Ax=b hermition system
LU sol 	    Herm LU sol    HHL sol    L1_diff(%)
-1.905e-04  -1.905e-04  -0.000e+00  1.000e+02
-1.742e-04  -1.742e-04  -0.000e+00  1.000e+02
-5.238e-04  -5.238e-04  -0.000e+00  1.000e+02
-6.996e-04  -6.996e-04  -0.000e+00  1.000e+02
-6.704e-04  -6.704e-04  -0.000e+00  1.000e+02
-1.959e-03  -1.959e-03  -0.000e+00  1.000e+02
-1.747e-03  -1.747e-03  -0.000e+00  1.000e+02
-1.733e-03  -1.733e-03  -0.000e+00  1.000e+02
-3.430e-04  -3.430e-04  -0.000e+00  1.000e+02
-4.277e-03  -4.277e-03  -0.000e+00  1.000e+02
-4.132e-03  -4.132e-03  -0.000e+00  1.000e+02
-1.015e-02  -1.015e-02  -0.000e+00  1.000e+02
 9.779e-03   9.779e-03   0.000e+00  1.000e+02
-1.003e-02  -1.003e-02  -0.000e+00  1.000e+02
 1.181e-02   1.181e-02   0.000e+00  1.000e+02
-3.033e-03  -3.033e-03  -0.000e+00  1.000e+02
-1.263e-02  -1.263e-02  -1.012e-02  1.986e+01
-1.337e-02  -1.337e-02  -0.000e+00  1.000e+02
 4.189e-03   4.189e-03   0.000e+00  1.000e+02
-8.668e-03  -8.668e-03  -0.000e+00  1.000e+02
-6.556e-03  -6.556e-03  -0.000e+00  1.000e+02
-6.779e-03  -6.779e-03  -0.000e+00  1.000e+02
-3.131e-02  -3.131e-02  -0.000e+00  1.000e+02
-1.894e-02  -1.894e-02  -1.012e-02  4.655e+01
-1.087e-02  -1.087e-02  -0.000e+00  1.000e+02
-2.094e-02  -2.094e-02  -0.000e+00  1.000e+02
-5.266e-02  -5.266e-02  -1.432e-02  7.281e+01
-3.610e-02  -3.610e-02  -0.000e+00  1.000e+02
-2.222e-02  -2.222e-02  -1.432e-02  3.558e+01
-7.396e-02  -7.396e-02  -1.432e-02  8.064e+01
-3.195e-02  -3.195e-02  -1.432e-02  5.519e+01
-6.135e-02  -6.135e-02  -2.025e-02  6.700e+01
-9.724e-02  -9.724e-02  -2.863e-02  7.055e+01
-3.268e-02  -3.268e-02  -0.000e+00  1.000e+02
-4.994e-02  -4.994e-02  -1.012e-02  7.973e+01
-9.887e-02  -9.887e-02  -2.480e-02  7.492e+01
-5.179e-02  -5.179e-02  -1.012e-02  8.045e+01
-3.858e-02  -3.858e-02  -1.432e-02  6.289e+01
-1.265e-01  -1.265e-01  -3.507e-02  7.229e+01
-5.554e-02  -5.554e-02  -1.754e-02  6.843e+01
-5.219e-02  -5.219e-02  -1.012e-02  8.060e+01
-1.172e-01  -1.172e-01  -3.358e-02  7.136e+01
-4.824e-02  -4.824e-02  -1.432e-02  7.032e+01
-6.899e-02  -6.899e-02  -1.432e-02  7.925e+01
-1.313e-01  -1.313e-01  -4.295e-02  6.728e+01
-5.759e-02  -5.759e-02  -1.754e-02  6.955e+01
-8.316e-02  -8.316e-02  -2.863e-02  6.557e+01
-1.396e-01  -1.396e-01  -4.960e-02  6.447e+01
-4.390e-02  -4.390e-02  -1.432e-02  6.739e+01
-5.473e-02  -5.473e-02  -2.480e-02  5.469e+01
-1.204e-01  -1.204e-01  -3.650e-02  6.969e+01
-7.360e-02  -7.360e-02  -2.025e-02  7.249e+01
-6.414e-02  -6.414e-02  -1.012e-02  8.422e+01
-1.362e-01  -1.362e-01  -4.174e-02  6.934e+01
-6.721e-02  -6.721e-02  -1.754e-02  7.391e+01
-6.068e-02  -6.068e-02  -1.754e-02  7.110e+01
-1.448e-01  -1.448e-01  -4.413e-02  6.953e+01
-6.115e-02  -6.115e-02  -1.754e-02  7.132e+01
-6.040e-02  -6.040e-02  -2.264e-02  6.252e+01
-1.384e-01  -1.384e-01  -3.358e-02  7.574e+01
========================================================================================

step: 10/15 res:7.56960768869943, res/res0:0.3373596644390234  dq_norm: [0.04855285 0.06074381 0.12148763]

A info: before HHL prepare:
Spectral radius (A): 1.015e+02, lambda_min:6.737521010921079
condition number(A): 1.506e+01, norm2_cond:332.0665422776937
det(A): 2.372e+96
--------------------------------------------------------------------------------

A_hhl info: after scaling by spectral radius:
Spectral radius (A): 1.000e+00, lambda_min:0.06639884745768236
condition number(A): 1.506e+01, norm2_cond:332.06654227769496
det(A): 9.878e-25, nnz: 14 non zeros per row
--------------------------------------------------------------------------------

Size of A & B are not power of 2:
Next 2 power of 60 = 64
Value to be padded = 4
--------------------------------------------------

==================== Print (N)^2 padded matrix system =======================
Padded shape of A: (60, 60)x(60, 60) -> (64, 64)x(64, 64)
Padded shape of B: (60,) -> (64,)
Determinant of padded matrix: 9.877929812291798e-25
Condition # of padded matrix: 332.06654227769496


Matrix is not Hermitian. Making it Hermitian.......

==================== Print Hermitian matrix system info =======================
Shape of hermitian A: 64x64 -> 128x128
Shape of           B: 64 -> 128
Determinant of Hermitian matrix: 9.757349737656585e-49
Condition # of Hermitian matrix: 332.06654227769855

=================================== Generating HHL circuit ===================================
Time elapsed for generating HHL circuit: 5 min 19.24 sec

Generated circuit: num_qubits=18, gates=23, depth=5
============================== Generated Circuit saved ==============================

============================== Transpiling circuit ==============================
This is using the AerSimulator('aer_simulator_statevector') transpiler.
Time elapsed for transpiling the circuit:  0 min 45.30 sec
Transpiled circuit, num_qubits: 18, (original: 18)
Transpiled circuit depth: 464198 (original: 5)
Transpiled circuit gates: 464350 (original: 23)
============================== Transpiled Circuit saved ==============================
Time elapsed for running the circuit:  2 min 30.76 sec
total_qubits: 18, nq:7

Time elapsed for extracting shots-based hhl counts solution:  0 min 0.00 sec

[HHL info]: linear system residual (e=||Ax-b||_2): 6.357867790321723
[HHL info]: Fidelity(true_sol, hhl_sol): 0.8794332405345817
[HHL info]: L2 error (absolute): 0.2749228793322703
[HHL info]: L2 error (relative): 0.7955845547908678
[HHL info]: L2 error (normalized): 0.3527576519366626

========================================================================================
 Compare system solutions using LU of A, LU sol of A_herm, HHL of Ax=b hermition system
LU sol 	    Herm LU sol    HHL sol    L1_diff(%)
-1.933e-04  -1.933e-04  -0.000e+00  1.000e+02
-1.758e-04  -1.758e-04  -0.000e+00  1.000e+02
-5.297e-04  -5.297e-04  -0.000e+00  1.000e+02
-7.133e-04  -7.133e-04  -0.000e+00  1.000e+02
-6.786e-04  -6.786e-04  -0.000e+00  1.000e+02
-1.986e-03  -1.986e-03  -0.000e+00  1.000e+02
-1.764e-03  -1.764e-03  -0.000e+00  1.000e+02
-1.740e-03  -1.740e-03  -0.000e+00  1.000e+02
-3.819e-04  -3.819e-04  -0.000e+00  1.000e+02
-4.249e-03  -4.249e-03  -0.000e+00  1.000e+02
-4.098e-03  -4.098e-03  -0.000e+00  1.000e+02
-1.011e-02  -1.011e-02  -6.888e-03  3.185e+01
 9.850e-03   9.850e-03   0.000e+00  1.000e+02
-1.002e-02  -1.002e-02  -0.000e+00  1.000e+02
 1.198e-02   1.198e-02   0.000e+00  1.000e+02
-3.011e-03  -3.011e-03  -0.000e+00  1.000e+02
-2.533e-03  -2.533e-03  -0.000e+00  1.000e+02
-1.332e-02  -1.332e-02  -0.000e+00  1.000e+02
 4.203e-03   4.203e-03   0.000e+00  1.000e+02
-8.618e-03  -8.618e-03  -0.000e+00  1.000e+02
-6.560e-03  -6.560e-03  -0.000e+00  1.000e+02
-6.843e-03  -6.843e-03  -0.000e+00  1.000e+02
-3.134e-02  -3.134e-02  -0.000e+00  1.000e+02
-9.135e-03  -9.135e-03  -0.000e+00  1.000e+02
-1.113e-02  -1.113e-02  -6.888e-03  3.811e+01
-2.096e-02  -2.096e-02  -0.000e+00  1.000e+02
-3.883e-02  -3.883e-02  -1.193e-02  6.927e+01
-3.658e-02  -3.658e-02  -9.741e-03  7.337e+01
-7.891e-03  -7.891e-03  -0.000e+00  1.000e+02
-6.056e-02  -6.056e-02  -1.540e-02  7.457e+01
-1.804e-02  -1.804e-02  -0.000e+00  1.000e+02
-4.137e-02  -4.137e-02  -0.000e+00  1.000e+02
-6.946e-02  -6.946e-02  -1.378e-02  8.017e+01
-3.257e-02  -3.257e-02  -6.888e-03  7.885e+01
-3.947e-02  -3.947e-02  -9.741e-03  7.532e+01
-7.329e-02  -7.329e-02  -1.540e-02  7.898e+01
-4.084e-02  -4.084e-02  -6.888e-03  8.313e+01
-2.431e-02  -2.431e-02  -9.741e-03  5.993e+01
-8.946e-02  -8.946e-02  -2.577e-02  7.119e+01
-3.729e-02  -3.729e-02  -9.741e-03  7.387e+01
-4.222e-02  -4.222e-02  -0.000e+00  1.000e+02
-8.238e-02  -8.238e-02  -1.822e-02  7.788e+01
-3.386e-02  -3.386e-02  -0.000e+00  1.000e+02
-5.496e-02  -5.496e-02  -6.888e-03  8.747e+01
-8.820e-02  -8.820e-02  -2.178e-02  7.530e+01
-4.001e-02  -4.001e-02  -1.193e-02  7.018e+01
-5.441e-02  -5.441e-02  -1.193e-02  7.807e+01
-9.005e-02  -9.005e-02  -1.948e-02  7.837e+01
-2.860e-02  -2.860e-02  -0.000e+00  1.000e+02
-2.943e-02  -2.943e-02  -0.000e+00  1.000e+02
-8.204e-02  -8.204e-02  -2.178e-02  7.345e+01
-5.167e-02  -5.167e-02  -9.741e-03  8.115e+01
-5.435e-02  -5.435e-02  -1.193e-02  7.805e+01
-9.158e-02  -9.158e-02  -1.948e-02  7.873e+01
-4.873e-02  -4.873e-02  -1.540e-02  6.839e+01
-4.327e-02  -4.327e-02  -6.888e-03  8.408e+01
-9.897e-02  -9.897e-02  -2.066e-02  7.912e+01
-4.311e-02  -4.311e-02  -9.741e-03  7.740e+01
-3.778e-02  -3.778e-02  -0.000e+00  1.000e+02
-1.044e-01  -1.044e-01  -2.066e-02  8.021e+01
========================================================================================

step: 11/15 res:6.747459097635792, res/res0:0.3007184296212254  dq_norm: [0.03002488 0.02386135 0.06642719]

A info: before HHL prepare:
Spectral radius (A): 1.015e+02, lambda_min:6.71585618815431
condition number(A): 1.511e+01, norm2_cond:330.20395871201015
det(A): 3.245e+96
--------------------------------------------------------------------------------

A_hhl info: after scaling by spectral radius:
Spectral radius (A): 1.000e+00, lambda_min:0.06616046662064762
condition number(A): 1.511e+01, norm2_cond:330.203958712009
det(A): 1.321e-24, nnz: 14 non zeros per row
--------------------------------------------------------------------------------

Size of A & B are not power of 2:
Next 2 power of 60 = 64
Value to be padded = 4
--------------------------------------------------

==================== Print (N)^2 padded matrix system =======================
Padded shape of A: (60, 60)x(60, 60) -> (64, 64)x(64, 64)
Padded shape of B: (60,) -> (64,)
Determinant of padded matrix: 1.3214456798035136e-24
Condition # of padded matrix: 330.203958712009


Matrix is not Hermitian. Making it Hermitian.......

==================== Print Hermitian matrix system info =======================
Shape of hermitian A: 64x64 -> 128x128
Shape of           B: 64 -> 128
Determinant of Hermitian matrix: 1.746218684671321e-48
Condition # of Hermitian matrix: 330.2039587120046

=================================== Generating HHL circuit ===================================
Time elapsed for generating HHL circuit: 5 min 16.72 sec

Generated circuit: num_qubits=18, gates=23, depth=5
============================== Generated Circuit saved ==============================

============================== Transpiling circuit ==============================
This is using the AerSimulator('aer_simulator_statevector') transpiler.
Time elapsed for transpiling the circuit:  0 min 45.67 sec
Transpiled circuit, num_qubits: 18, (original: 18)
Transpiled circuit depth: 464203 (original: 5)
Transpiled circuit gates: 464355 (original: 23)
============================== Transpiled Circuit saved ==============================
Time elapsed for running the circuit:  2 min 27.25 sec
total_qubits: 18, nq:7

Time elapsed for extracting shots-based hhl counts solution:  0 min 0.00 sec

[HHL info]: linear system residual (e=||Ax-b||_2): 5.308404558207593
[HHL info]: Fidelity(true_sol, hhl_sol): 0.8243897429219953
[HHL info]: L2 error (absolute): 0.2206203147386019
[HHL info]: L2 error (relative): 0.809701669305347
[HHL info]: L2 error (normalized): 0.4290475297265262

========================================================================================
 Compare system solutions using LU of A, LU sol of A_herm, HHL of Ax=b hermition system
LU sol 	    Herm LU sol    HHL sol    L1_diff(%)
-1.916e-04  -1.916e-04  -0.000e+00  1.000e+02
-1.743e-04  -1.743e-04  -0.000e+00  1.000e+02
-5.258e-04  -5.258e-04  -0.000e+00  1.000e+02
-7.117e-04  -7.117e-04  -0.000e+00  1.000e+02
-6.805e-04  -6.805e-04  -0.000e+00  1.000e+02
-1.984e-03  -1.984e-03  -0.000e+00  1.000e+02
-1.766e-03  -1.766e-03  -0.000e+00  1.000e+02
-1.742e-03  -1.742e-03  -0.000e+00  1.000e+02
-3.702e-04  -3.702e-04  -0.000e+00  1.000e+02
-4.251e-03  -4.251e-03  -0.000e+00  1.000e+02
-4.093e-03  -4.093e-03  -0.000e+00  1.000e+02
-3.255e-03  -3.255e-03  -0.000e+00  1.000e+02
 9.852e-03   9.852e-03   0.000e+00  1.000e+02
-1.002e-02  -1.002e-02  -0.000e+00  1.000e+02
 1.200e-02   1.200e-02   0.000e+00  1.000e+02
-3.049e-03  -3.049e-03  -0.000e+00  1.000e+02
-2.559e-03  -2.559e-03  -0.000e+00  1.000e+02
-1.339e-02  -1.339e-02  -0.000e+00  1.000e+02
 4.088e-03   4.088e-03   0.000e+00  1.000e+02
-8.708e-03  -8.708e-03  -0.000e+00  1.000e+02
-6.792e-03  -6.792e-03  -0.000e+00  1.000e+02
-6.780e-03  -6.780e-03  -0.000e+00  1.000e+02
-3.117e-02  -3.117e-02  -1.108e-02  6.446e+01
-9.061e-03  -9.061e-03  -6.396e-03  2.941e+01
-3.938e-03  -3.938e-03  -0.000e+00  1.000e+02
-2.099e-02  -2.099e-02  -6.396e-03  6.953e+01
-2.619e-02  -2.619e-02  -0.000e+00  1.000e+02
-2.648e-02  -2.648e-02  -6.396e-03  7.584e+01
-8.019e-03  -8.019e-03  -0.000e+00  1.000e+02
-4.445e-02  -4.445e-02  -1.108e-02  7.508e+01
-1.790e-02  -1.790e-02  -0.000e+00  1.000e+02
-4.134e-02  -4.134e-02  -9.045e-03  7.812e+01
-5.552e-02  -5.552e-02  -1.430e-02  7.424e+01
-2.537e-02  -2.537e-02  -6.396e-03  7.479e+01
-2.946e-02  -2.946e-02  -0.000e+00  1.000e+02
-5.740e-02  -5.740e-02  -9.045e-03  8.424e+01
-3.359e-02  -3.359e-02  -0.000e+00  1.000e+02
-1.470e-02  -1.470e-02  -0.000e+00  1.000e+02
-6.273e-02  -6.273e-02  -1.692e-02  7.303e+01
-2.738e-02  -2.738e-02  -6.396e-03  7.664e+01
-4.226e-02  -4.226e-02  -1.279e-02  6.973e+01
-6.384e-02  -6.384e-02  -1.279e-02  7.996e+01
-3.386e-02  -3.386e-02  -6.396e-03  8.111e+01
-4.803e-02  -4.803e-02  -9.045e-03  8.117e+01
-6.626e-02  -6.626e-02  -1.430e-02  7.842e+01
-2.805e-02  -2.805e-02  -9.045e-03  6.776e+01
-4.260e-02  -4.260e-02  -9.045e-03  7.877e+01
-7.063e-02  -7.063e-02  -1.279e-02  8.189e+01
-2.861e-02  -2.861e-02  -9.045e-03  6.838e+01
-2.941e-02  -2.941e-02  -0.000e+00  1.000e+02
-5.967e-02  -5.967e-02  -0.000e+00  1.000e+02
-4.138e-02  -4.138e-02  -6.396e-03  8.454e+01
-4.224e-02  -4.224e-02  -6.396e-03  8.486e+01
-7.156e-02  -7.156e-02  -1.430e-02  8.002e+01
-3.241e-02  -3.241e-02  -6.396e-03  8.027e+01
-3.642e-02  -3.642e-02  -1.108e-02  6.958e+01
-7.678e-02  -7.678e-02  -2.216e-02  7.114e+01
-3.247e-02  -3.247e-02  -6.396e-03  8.030e+01
-3.779e-02  -3.779e-02  -0.000e+00  1.000e+02
-8.165e-02  -8.165e-02  -1.692e-02  7.928e+01
========================================================================================

step: 12/15 res:6.3577806849485405, res/res0:0.28335137653873077  dq_norm: [0.02121223 0.02713478 0.04743199]

A info: before HHL prepare:
Spectral radius (A): 1.015e+02, lambda_min:6.701699573837209
condition number(A): 1.515e+01, norm2_cond:331.6235904871832
det(A): 3.835e+96
--------------------------------------------------------------------------------

A_hhl info: after scaling by spectral radius:
Spectral radius (A): 1.000e+00, lambda_min:0.0660040473086773
condition number(A): 1.515e+01, norm2_cond:331.6235904871851
det(A): 1.538e-24, nnz: 14 non zeros per row
--------------------------------------------------------------------------------

Size of A & B are not power of 2:
Next 2 power of 60 = 64
Value to be padded = 4
--------------------------------------------------

==================== Print (N)^2 padded matrix system =======================
Padded shape of A: (60, 60)x(60, 60) -> (64, 64)x(64, 64)
Padded shape of B: (60,) -> (64,)
Determinant of padded matrix: 1.5376592233943076e-24
Condition # of padded matrix: 331.6235904871851


Matrix is not Hermitian. Making it Hermitian.......

==================== Print Hermitian matrix system info =======================
Shape of hermitian A: 64x64 -> 128x128
Shape of           B: 64 -> 128
Determinant of Hermitian matrix: 2.3643958872896857e-48
Condition # of Hermitian matrix: 331.62359048718463

=================================== Generating HHL circuit ===================================
Time elapsed for generating HHL circuit: 5 min 7.01 sec

Generated circuit: num_qubits=18, gates=23, depth=5
============================== Generated Circuit saved ==============================

============================== Transpiling circuit ==============================
This is using the AerSimulator('aer_simulator_statevector') transpiler.
Time elapsed for transpiling the circuit:  1 min 0.54 sec
Transpiled circuit, num_qubits: 18, (original: 18)
Transpiled circuit depth: 464200 (original: 5)
Transpiled circuit gates: 464352 (original: 23)
============================== Transpiled Circuit saved ==============================
Time elapsed for running the circuit:  2 min 27.46 sec
total_qubits: 18, nq:7

Time elapsed for extracting shots-based hhl counts solution:  0 min 0.00 sec

[HHL info]: linear system residual (e=||Ax-b||_2): 4.738141459983894
[HHL info]: Fidelity(true_sol, hhl_sol): 0.6921619821768473
[HHL info]: L2 error (absolute): 0.1870308487479469
[HHL info]: L2 error (relative): 0.8513307358388039
[HHL info]: L2 error (normalized): 0.5797193651435637

========================================================================================
 Compare system solutions using LU of A, LU sol of A_herm, HHL of Ax=b hermition system
LU sol 	    Herm LU sol    HHL sol    L1_diff(%)
-1.901e-04  -1.901e-04  -0.000e+00  1.000e+02
-1.735e-04  -1.735e-04  -0.000e+00  1.000e+02
-5.226e-04  -5.226e-04  -0.000e+00  1.000e+02
-7.091e-04  -7.091e-04  -0.000e+00  1.000e+02
-6.791e-04  -6.791e-04  -0.000e+00  1.000e+02
-1.978e-03  -1.978e-03  -4.789e-03  1.421e+02
-1.771e-03  -1.771e-03  -0.000e+00  1.000e+02
-1.745e-03  -1.745e-03  -0.000e+00  1.000e+02
-3.807e-04  -3.807e-04  -0.000e+00  1.000e+02
-4.279e-03  -4.279e-03  -0.000e+00  1.000e+02
-4.108e-03  -4.108e-03  -0.000e+00  1.000e+02
-3.312e-03  -3.312e-03  -0.000e+00  1.000e+02
 9.812e-03   9.812e-03   0.000e+00  1.000e+02
-1.004e-02  -1.004e-02  -0.000e+00  1.000e+02
 1.191e-02   1.191e-02   0.000e+00  1.000e+02
-3.010e-03  -3.010e-03  -0.000e+00  1.000e+02
-2.520e-03  -2.520e-03  -4.789e-03  9.008e+01
-1.332e-02  -1.332e-02  -0.000e+00  1.000e+02
 4.270e-03   4.270e-03   0.000e+00  1.000e+02
-8.655e-03  -8.655e-03  -0.000e+00  1.000e+02
-6.357e-03  -6.357e-03  -4.789e-03  2.466e+01
-6.607e-03  -6.607e-03  -0.000e+00  1.000e+02
-2.019e-02  -2.019e-02  -4.789e-03  7.628e+01
-2.086e-03  -2.086e-03  -4.789e-03  1.296e+02
-3.772e-03  -3.772e-03  -0.000e+00  1.000e+02
-1.460e-02  -1.460e-02  -4.789e-03  6.720e+01
-2.578e-02  -2.578e-02  -1.071e-02  5.845e+01
-1.986e-02  -1.986e-02  -0.000e+00  1.000e+02
-8.082e-03  -8.082e-03  -4.789e-03  4.074e+01
-3.292e-02  -3.292e-02  -1.173e-02  6.437e+01
-1.760e-02  -1.760e-02  -4.789e-03  7.279e+01
-3.208e-02  -3.208e-02  -4.789e-03  8.507e+01
-4.064e-02  -4.064e-02  -6.773e-03  8.333e+01
-1.867e-02  -1.867e-02  -0.000e+00  1.000e+02
-2.955e-02  -2.955e-02  -4.789e-03  8.379e+01
-4.765e-02  -4.765e-02  -6.773e-03  8.579e+01
-3.367e-02  -3.367e-02  -4.789e-03  8.578e+01
-1.477e-02  -1.477e-02  -0.000e+00  1.000e+02
-4.547e-02  -4.547e-02  -6.773e-03  8.510e+01
-2.106e-02  -2.106e-02  -0.000e+00  1.000e+02
-2.947e-02  -2.947e-02  -6.773e-03  7.702e+01
-5.109e-02  -5.109e-02  -6.773e-03  8.674e+01
-2.749e-02  -2.749e-02  -0.000e+00  1.000e+02
-3.900e-02  -3.900e-02  -6.773e-03  8.263e+01
-5.212e-02  -5.212e-02  -9.579e-03  8.162e+01
-1.884e-02  -1.884e-02  -0.000e+00  1.000e+02
-3.339e-02  -3.339e-02  -9.579e-03  7.131e+01
-5.746e-02  -5.746e-02  -6.773e-03  8.821e+01
-1.940e-02  -1.940e-02  -6.773e-03  6.508e+01
-2.961e-02  -2.961e-02  -8.296e-03  7.198e+01
-5.973e-02  -5.973e-02  -1.355e-02  7.732e+01
-3.494e-02  -3.494e-02  -1.071e-02  6.935e+01
-3.589e-02  -3.589e-02  -0.000e+00  1.000e+02
-5.723e-02  -5.723e-02  -1.071e-02  8.129e+01
-2.588e-02  -2.588e-02  -4.789e-03  8.149e+01
-2.528e-02  -2.528e-02  -0.000e+00  1.000e+02
-5.426e-02  -5.426e-02  -0.000e+00  1.000e+02
-2.581e-02  -2.581e-02  -0.000e+00  1.000e+02
-3.778e-02  -3.778e-02  -6.773e-03  8.207e+01
-6.411e-02  -6.411e-02  -8.296e-03  8.706e+01
========================================================================================

step: 13/15 res:5.312670461637539, res/res0:0.23677326460244752  dq_norm: [0.01514551 0.02087665 0.03176949]

A info: before HHL prepare:
Spectral radius (A): 1.015e+02, lambda_min:6.673040135489701
condition number(A): 1.521e+01, norm2_cond:332.72814061109005
det(A): 3.702e+96
--------------------------------------------------------------------------------

A_hhl info: after scaling by spectral radius:
Spectral radius (A): 1.000e+00, lambda_min:0.065763767294732
condition number(A): 1.521e+01, norm2_cond:332.7281406110907
det(A): 1.542e-24, nnz: 14 non zeros per row
--------------------------------------------------------------------------------

Size of A & B are not power of 2:
Next 2 power of 60 = 64
Value to be padded = 4
--------------------------------------------------

==================== Print (N)^2 padded matrix system =======================
Padded shape of A: (60, 60)x(60, 60) -> (64, 64)x(64, 64)
Padded shape of B: (60,) -> (64,)
Determinant of padded matrix: 1.5424372176903315e-24
Condition # of padded matrix: 332.7281406110907


Matrix is not Hermitian. Making it Hermitian.......

==================== Print Hermitian matrix system info =======================
Shape of hermitian A: 64x64 -> 128x128
Shape of           B: 64 -> 128
Determinant of Hermitian matrix: 2.3791125705161895e-48
Condition # of Hermitian matrix: 332.72814061108954

=================================== Generating HHL circuit ===================================
Time elapsed for generating HHL circuit: 5 min 14.75 sec

Generated circuit: num_qubits=18, gates=23, depth=5
============================== Generated Circuit saved ==============================

============================== Transpiling circuit ==============================
This is using the AerSimulator('aer_simulator_statevector') transpiler.
Time elapsed for transpiling the circuit:  0 min 46.24 sec
Transpiled circuit, num_qubits: 18, (original: 18)
Transpiled circuit depth: 464199 (original: 5)
Transpiled circuit gates: 464351 (original: 23)
============================== Transpiled Circuit saved ==============================
Time elapsed for running the circuit:  2 min 26.26 sec
total_qubits: 18, nq:7

Time elapsed for extracting shots-based hhl counts solution:  0 min 0.00 sec

[HHL info]: linear system residual (e=||Ax-b||_2): 3.5323055122782745
[HHL info]: Fidelity(true_sol, hhl_sol): 0.8136237733338336
[HHL info]: L2 error (absolute): 0.12836928204119627
[HHL info]: L2 error (relative): 0.6872253952335101
[HHL info]: L2 error (normalized): 0.4426941138947439

========================================================================================
 Compare system solutions using LU of A, LU sol of A_herm, HHL of Ax=b hermition system
LU sol 	    Herm LU sol    HHL sol    L1_diff(%)
-1.893e-04  -1.893e-04  -0.000e+00  1.000e+02
-1.734e-04  -1.734e-04  -0.000e+00  1.000e+02
-5.212e-04  -5.212e-04  -0.000e+00  1.000e+02
-7.095e-04  -7.095e-04  -0.000e+00  1.000e+02
-6.801e-04  -6.801e-04  -0.000e+00  1.000e+02
 2.813e-03   2.813e-03   0.000e+00  1.000e+02
-1.777e-03  -1.777e-03  -0.000e+00  1.000e+02
-1.748e-03  -1.748e-03  -0.000e+00  1.000e+02
-3.946e-04  -3.946e-04  -0.000e+00  1.000e+02
-4.288e-03  -4.288e-03  -0.000e+00  1.000e+02
-4.104e-03  -4.104e-03  -0.000e+00  1.000e+02
-3.337e-03  -3.337e-03  -0.000e+00  1.000e+02
 9.792e-03   9.792e-03   0.000e+00  1.000e+02
-1.005e-02  -1.005e-02  -0.000e+00  1.000e+02
 1.186e-02   1.186e-02   0.000e+00  1.000e+02
-3.027e-03  -3.027e-03  -0.000e+00  1.000e+02
 2.281e-03   2.281e-03   0.000e+00  1.000e+02
-1.338e-02  -1.338e-02  -7.671e-03  4.266e+01
 4.310e-03   4.310e-03   0.000e+00  1.000e+02
-8.629e-03  -8.629e-03  -0.000e+00  1.000e+02
-1.519e-03  -1.519e-03  -0.000e+00  1.000e+02
-6.583e-03  -6.583e-03  -0.000e+00  1.000e+02
-1.544e-02  -1.544e-02  -7.671e-03  5.032e+01
 2.790e-03   2.790e-03   0.000e+00  1.000e+02
-3.784e-03  -3.784e-03  -0.000e+00  1.000e+02
-9.802e-03  -9.802e-03  -7.671e-03  2.174e+01
-1.504e-02  -1.504e-02  -7.671e-03  4.899e+01
-1.995e-02  -1.995e-02  -0.000e+00  1.000e+02
-3.315e-03  -3.315e-03  -0.000e+00  1.000e+02
-2.127e-02  -2.127e-02  -0.000e+00  1.000e+02
-1.285e-02  -1.285e-02  -0.000e+00  1.000e+02
-2.730e-02  -2.730e-02  -1.329e-02  5.133e+01
-3.392e-02  -3.392e-02  -1.085e-02  6.802e+01
-1.856e-02  -1.856e-02  -7.671e-03  5.867e+01
-2.471e-02  -2.471e-02  -7.671e-03  6.895e+01
-4.057e-02  -4.057e-02  -7.671e-03  8.109e+01
-2.866e-02  -2.866e-02  -1.329e-02  5.363e+01
-1.484e-02  -1.484e-02  -0.000e+00  1.000e+02
-3.839e-02  -3.839e-02  -1.329e-02  6.539e+01
-2.106e-02  -2.106e-02  -7.671e-03  6.358e+01
-2.269e-02  -2.269e-02  -7.671e-03  6.620e+01
-4.429e-02  -4.429e-02  -1.879e-02  5.758e+01
-2.763e-02  -2.763e-02  -1.085e-02  6.073e+01
-3.224e-02  -3.224e-02  -1.715e-02  4.680e+01
-4.262e-02  -4.262e-02  -1.329e-02  6.882e+01
-1.890e-02  -1.890e-02  -0.000e+00  1.000e+02
-2.379e-02  -2.379e-02  -1.329e-02  4.415e+01
-5.082e-02  -5.082e-02  -1.879e-02  6.302e+01
-1.242e-02  -1.242e-02  -0.000e+00  1.000e+02
-2.121e-02  -2.121e-02  -7.671e-03  6.383e+01
-4.580e-02  -4.580e-02  -1.329e-02  7.099e+01
-2.382e-02  -2.382e-02  -0.000e+00  1.000e+02
-3.593e-02  -3.593e-02  -2.301e-02  3.595e+01
-4.620e-02  -4.620e-02  -1.329e-02  7.124e+01
-2.100e-02  -2.100e-02  -7.671e-03  6.347e+01
-2.533e-02  -2.533e-02  -1.329e-02  4.755e+01
-5.431e-02  -5.431e-02  -2.030e-02  6.263e+01
-2.594e-02  -2.594e-02  -0.000e+00  1.000e+02
-3.102e-02  -3.102e-02  -0.000e+00  1.000e+02
-5.599e-02  -5.599e-02  -2.170e-02  6.125e+01
========================================================================================

step: 14/15 res:4.738707259007775, res/res0:0.21119307056827122  dq_norm: [0.02169689 0.04059117 0.05088372]
Completed: 14 steps in 7801.66s
Saved metadata to /lustre/orion/stf006/scratch/4klornl/fvm_euler_1d_solver/output_parallel_shots/nelem20/statevector/shots_100000/trial_6/metadata_nelem20_HHL_statevector_nshots100000.pkl

Solution summary:
  x/L: [0.0250, 0.9750]
  Mach: [1.5000, 2.1509]
  p/p_in: [1.0000, 0.3721]
  rho/rho_in: [1.0000, 0.5083]
Saved combined plot to /lustre/orion/stf006/scratch/4klornl/fvm_euler_1d_solver/output_parallel_shots/nelem20/statevector/shots_100000/trial_6/solution_plot_nelem20_HHL_statevector_nshots100000.png
