
------------------------------------------------------------
Using ideal local simulator with 'statevector' method
Backend: aer_simulator_statevector
Shots: 5000
------------------------------------------------------------

A info: before HHL prepare:
Spectral radius (A): 2.241e+01, lambda_min:2.3074021727489433
condition number(A): 9.710e+00, norm2_cond:95.97789014324577
det(A): 9.333e+14
--------------------------------------------------------------------------------

A_hhl info: after scaling by spectral radius:
Spectral radius (A): 1.000e+00, lambda_min:0.1029832130561069
condition number(A): 9.710e+00, norm2_cond:95.9778901432457
det(A): 5.184e-06, nnz: 10 non zeros per row
--------------------------------------------------------------------------------

Size of A & B are not power of 2:
Next 2 power of 15 = 16
Value to be padded = 1
--------------------------------------------------

==================== Print (N)^2 padded matrix system =======================
Padded shape of A: (15, 15)x(15, 15) -> (16, 16)x(16, 16)
Padded shape of B: (15,) -> (16,)
Determinant of padded matrix: 5.183984510966138e-06
Condition # of padded matrix: 95.9778901432457


Matrix is not Hermitian. Making it Hermitian.......

==================== Print Hermitian matrix system info =======================
Shape of hermitian A: 16x16 -> 32x32
Shape of           B: 16 -> 32
Determinant of Hermitian matrix: 2.6873695409936828e-11
Condition # of Hermitian matrix: 95.9778901432459

=================================== Generating HHL circuit ===================================
Time elapsed for generating HHL circuit: 0 min 7.69 sec

Generated circuit: num_qubits=14, gates=19, depth=5
============================== Generated Circuit saved ==============================

============================== Transpiling circuit ==============================
This is using the AerSimulator('aer_simulator_statevector') transpiler.
Time elapsed for transpiling the circuit:  0 min 1.88 sec
Transpiled circuit, num_qubits: 14, (original: 14)
Transpiled circuit depth: 22395 (original: 5)
Transpiled circuit gates: 22499 (original: 19)
============================== Transpiled Circuit saved ==============================
Time elapsed for running the circuit:  0 min 1.90 sec
total_qubits: 14, nq:5

Time elapsed for extracting shots-based hhl counts solution:  0 min 0.00 sec

[HHL info]: linear system residual (e=||Ax-b||_2): 9.318982988602794
[HHL info]: Fidelity(true_sol, hhl_sol): 0.9559632485471553
[HHL info]: L2 error (absolute): 1.7410601623901127
[HHL info]: L2 error (relative): 0.6437441786730542
[HHL info]: L2 error (normalized): 0.21102733991667216

========================================================================================
 Compare system solutions using LU of A, LU sol of A_herm, HHL of Ax=b hermition system
LU sol 	    Herm LU sol    HHL sol    L1_diff(%)
-1.705e-02  -1.705e-02  -0.000e+00  1.000e+02
-7.527e-03  -7.527e-03  -0.000e+00  1.000e+02
-3.946e-02  -3.946e-02  -0.000e+00  1.000e+02
-1.283e-01  -1.283e-01  -0.000e+00  1.000e+02
-6.877e-02  -6.877e-02  -0.000e+00  1.000e+02
-2.800e-01  -2.800e-01  -1.300e-01  5.358e+01
-4.114e-01  -4.114e-01  -1.300e-01  6.841e+01
-4.227e-01  -4.227e-01  -2.251e-01  4.674e+01
-1.109e+00  -1.109e+00  -4.863e-01  5.616e+01
-5.252e-01  -5.252e-01  -2.251e-01  5.713e+01
-5.558e-01  -5.558e-01  -2.251e-01  5.949e+01
-1.428e+00  -1.428e+00  -5.199e-01  6.358e+01
-5.637e-01  -5.637e-01  -2.906e-01  4.844e+01
-5.958e-01  -5.958e-01  -1.300e-01  7.818e+01
-1.529e+00  -1.529e+00  -4.503e-01  7.056e+01
========================================================================================

step: 0/15 res:12.375368413827264, res/res0:1.0  dq_norm: [0.38994448 0.34389871 0.85234566]

A info: before HHL prepare:
Spectral radius (A): 2.282e+01, lambda_min:3.376722267960982
condition number(A): 6.759e+00, norm2_cond:77.8786706760057
det(A): 4.664e+15
--------------------------------------------------------------------------------

A_hhl info: after scaling by spectral radius:
Spectral radius (A): 1.000e+00, lambda_min:0.14794420530598387
condition number(A): 6.759e+00, norm2_cond:77.87867067600517
det(A): 1.962e-05, nnz: 11 non zeros per row
--------------------------------------------------------------------------------

Size of A & B are not power of 2:
Next 2 power of 15 = 16
Value to be padded = 1
--------------------------------------------------

==================== Print (N)^2 padded matrix system =======================
Padded shape of A: (15, 15)x(15, 15) -> (16, 16)x(16, 16)
Padded shape of B: (15,) -> (16,)
Determinant of padded matrix: 1.9624291793033614e-05
Condition # of padded matrix: 77.87867067600517


Matrix is not Hermitian. Making it Hermitian.......

==================== Print Hermitian matrix system info =======================
Shape of hermitian A: 16x16 -> 32x32
Shape of           B: 16 -> 32
Determinant of Hermitian matrix: 3.851128283781252e-10
Condition # of Hermitian matrix: 77.87867067600553

=================================== Generating HHL circuit ===================================
Time elapsed for generating HHL circuit: 0 min 8.47 sec

Generated circuit: num_qubits=14, gates=19, depth=5
============================== Generated Circuit saved ==============================

============================== Transpiling circuit ==============================
This is using the AerSimulator('aer_simulator_statevector') transpiler.
Time elapsed for transpiling the circuit:  0 min 1.65 sec
Transpiled circuit, num_qubits: 14, (original: 14)
Transpiled circuit depth: 22391 (original: 5)
Transpiled circuit gates: 22495 (original: 19)
============================== Transpiled Circuit saved ==============================
Time elapsed for running the circuit:  0 min 1.98 sec
total_qubits: 14, nq:5

Time elapsed for extracting shots-based hhl counts solution:  0 min 0.00 sec

[HHL info]: linear system residual (e=||Ax-b||_2): 4.404453879117321
[HHL info]: Fidelity(true_sol, hhl_sol): 0.9674312932435997
[HHL info]: L2 error (absolute): 0.85375306281809
[HHL info]: L2 error (relative): 0.5339761274524575
[HHL info]: L2 error (normalized): 0.18121339675563433

========================================================================================
 Compare system solutions using LU of A, LU sol of A_herm, HHL of Ax=b hermition system
LU sol 	    Herm LU sol    HHL sol    L1_diff(%)
-1.960e-02  -1.960e-02  -0.000e+00  1.000e+02
-1.024e-02  -1.024e-02  -0.000e+00  1.000e+02
-4.493e-02  -4.493e-02  -0.000e+00  1.000e+02
-1.347e-01  -1.347e-01  -9.002e-02  3.319e+01
-7.291e-02  -7.291e-02  -0.000e+00  1.000e+02
-1.488e-01  -1.488e-01  -9.002e-02  3.951e+01
-2.719e-01  -2.719e-01  -9.002e-02  6.690e+01
-1.897e-01  -1.897e-01  -9.002e-02  5.255e+01
-5.927e-01  -5.927e-01  -2.546e-01  5.705e+01
-2.650e-01  -2.650e-01  -1.273e-01  5.196e+01
-3.313e-01  -3.313e-01  -1.800e-01  4.566e+01
-8.241e-01  -8.241e-01  -3.819e-01  5.366e+01
-2.273e-01  -2.273e-01  -0.000e+00  1.000e+02
-4.679e-01  -4.679e-01  -2.546e-01  4.559e+01
-9.577e-01  -9.577e-01  -4.847e-01  4.938e+01
========================================================================================

step: 1/15 res:9.781822012975008, res/res0:0.7904267320272719  dq_norm: [0.18003095 0.32455541 0.67361414]

A info: before HHL prepare:
Spectral radius (A): 2.282e+01, lambda_min:2.917426741222836
condition number(A): 7.821e+00, norm2_cond:81.64344924019296
det(A): 2.209e+15
--------------------------------------------------------------------------------

A_hhl info: after scaling by spectral radius:
Spectral radius (A): 1.000e+00, lambda_min:0.12786126633290884
condition number(A): 7.821e+00, norm2_cond:81.64344924019325
det(A): 9.337e-06, nnz: 11 non zeros per row
--------------------------------------------------------------------------------

Size of A & B are not power of 2:
Next 2 power of 15 = 16
Value to be padded = 1
--------------------------------------------------

==================== Print (N)^2 padded matrix system =======================
Padded shape of A: (15, 15)x(15, 15) -> (16, 16)x(16, 16)
Padded shape of B: (15,) -> (16,)
Determinant of padded matrix: 9.337176319015441e-06
Condition # of padded matrix: 81.64344924019325


Matrix is not Hermitian. Making it Hermitian.......

==================== Print Hermitian matrix system info =======================
Shape of hermitian A: 16x16 -> 32x32
Shape of           B: 16 -> 32
Determinant of Hermitian matrix: 8.718286161238273e-11
Condition # of Hermitian matrix: 81.64344924019316

=================================== Generating HHL circuit ===================================
Time elapsed for generating HHL circuit: 0 min 8.85 sec

Generated circuit: num_qubits=14, gates=19, depth=5
============================== Generated Circuit saved ==============================

============================== Transpiling circuit ==============================
This is using the AerSimulator('aer_simulator_statevector') transpiler.
Time elapsed for transpiling the circuit:  0 min 1.68 sec
Transpiled circuit, num_qubits: 14, (original: 14)
Transpiled circuit depth: 22397 (original: 5)
Transpiled circuit gates: 22501 (original: 19)
============================== Transpiled Circuit saved ==============================
Time elapsed for running the circuit:  0 min 1.99 sec
total_qubits: 14, nq:5

Time elapsed for extracting shots-based hhl counts solution:  0 min 0.00 sec

[HHL info]: linear system residual (e=||Ax-b||_2): 2.0545052307190654
[HHL info]: Fidelity(true_sol, hhl_sol): 0.9743902506942297
[HHL info]: L2 error (absolute): 0.44388484981251924
[HHL info]: L2 error (relative): 0.49772944503570987
[HHL info]: L2 error (normalized): 0.16054858420233442

========================================================================================
 Compare system solutions using LU of A, LU sol of A_herm, HHL of Ax=b hermition system
LU sol 	    Herm LU sol    HHL sol    L1_diff(%)
-1.220e-02  -1.220e-02  -0.000e+00  1.000e+02
-4.188e-03  -4.188e-03  -0.000e+00  1.000e+02
-2.896e-02  -2.896e-02  -4.366e-02  5.079e+01
-2.913e-02  -2.913e-02  -0.000e+00  1.000e+02
-7.404e-02  -7.404e-02  -0.000e+00  1.000e+02
-3.820e-02  -3.820e-02  -0.000e+00  1.000e+02
-1.741e-01  -1.741e-01  -7.563e-02  5.657e+01
-1.042e-01  -1.042e-01  -6.175e-02  4.072e+01
-3.165e-01  -3.165e-01  -1.746e-01  4.482e+01
-1.471e-01  -1.471e-01  -6.175e-02  5.803e+01
-1.545e-01  -1.545e-01  -6.175e-02  6.004e+01
-4.634e-01  -4.634e-01  -2.656e-01  4.269e+01
-2.542e-01  -2.542e-01  -1.448e-01  4.304e+01
-2.133e-01  -2.133e-01  -9.763e-02  5.422e+01
-5.242e-01  -5.242e-01  -2.470e-01  5.289e+01
========================================================================================

step: 2/15 res:4.059685144502175, res/res0:0.3280455990276784  dq_norm: [0.17464894 0.13098671 0.40490691]

A info: before HHL prepare:
Spectral radius (A): 2.323e+01, lambda_min:3.7391504755791094
condition number(A): 6.212e+00, norm2_cond:69.31555971256424
det(A): 5.900e+15
--------------------------------------------------------------------------------

A_hhl info: after scaling by spectral radius:
Spectral radius (A): 1.000e+00, lambda_min:0.1609779223401549
condition number(A): 6.212e+00, norm2_cond:69.3155597125643
det(A): 1.909e-05, nnz: 11 non zeros per row
--------------------------------------------------------------------------------

Size of A & B are not power of 2:
Next 2 power of 15 = 16
Value to be padded = 1
--------------------------------------------------

==================== Print (N)^2 padded matrix system =======================
Padded shape of A: (15, 15)x(15, 15) -> (16, 16)x(16, 16)
Padded shape of B: (15,) -> (16,)
Determinant of padded matrix: 1.9086432509227377e-05
Condition # of padded matrix: 69.3155597125643


Matrix is not Hermitian. Making it Hermitian.......

==================== Print Hermitian matrix system info =======================
Shape of hermitian A: 16x16 -> 32x32
Shape of           B: 16 -> 32
Determinant of Hermitian matrix: 3.6429190592929295e-10
Condition # of Hermitian matrix: 69.31555971256441

=================================== Generating HHL circuit ===================================
Time elapsed for generating HHL circuit: 0 min 8.83 sec

Generated circuit: num_qubits=14, gates=19, depth=5
============================== Generated Circuit saved ==============================

============================== Transpiling circuit ==============================
This is using the AerSimulator('aer_simulator_statevector') transpiler.
Time elapsed for transpiling the circuit:  0 min 1.72 sec
Transpiled circuit, num_qubits: 14, (original: 14)
Transpiled circuit depth: 22395 (original: 5)
Transpiled circuit gates: 22499 (original: 19)
============================== Transpiled Circuit saved ==============================
Time elapsed for running the circuit:  0 min 2.00 sec
total_qubits: 14, nq:5

Time elapsed for extracting shots-based hhl counts solution:  0 min 0.00 sec

[HHL info]: linear system residual (e=||Ax-b||_2): 1.426108325087654
[HHL info]: Fidelity(true_sol, hhl_sol): 0.9429721131622482
[HHL info]: L2 error (absolute): 0.19370346271254996
[HHL info]: L2 error (relative): 0.5079570771192401
[HHL info]: L2 error (normalized): 0.2405513992698278

========================================================================================
 Compare system solutions using LU of A, LU sol of A_herm, HHL of Ax=b hermition system
LU sol 	    Herm LU sol    HHL sol    L1_diff(%)
-1.260e-02  -1.260e-02  -0.000e+00  1.000e+02
-4.155e-03  -4.155e-03  -0.000e+00  1.000e+02
 1.408e-02   1.408e-02   0.000e+00  1.000e+02
-2.681e-02  -2.681e-02  -0.000e+00  1.000e+02
-7.303e-02  -7.303e-02  -4.027e-02  4.486e+01
-3.567e-02  -3.567e-02  -0.000e+00  1.000e+02
-8.996e-02  -8.996e-02  -6.041e-02  3.285e+01
-4.315e-02  -4.315e-02  -2.014e-02  5.333e+01
-1.245e-01  -1.245e-01  -6.041e-02  5.149e+01
-7.085e-02  -7.085e-02  -5.696e-02  1.961e+01
-8.800e-02  -8.800e-02  -2.848e-02  6.764e+01
-1.594e-01  -1.594e-01  -9.865e-02  3.810e+01
-8.187e-02  -8.187e-02  -5.328e-02  3.493e+01
-1.138e-01  -1.138e-01  -4.503e-02  6.044e+01
-2.333e-01  -2.333e-01  -1.084e-01  5.353e+01
========================================================================================

step: 3/15 res:2.1308427246301274, res/res0:0.17218418501782065  dq_norm: [0.09864915 0.06975549 0.15855633]

A info: before HHL prepare:
Spectral radius (A): 2.400e+01, lambda_min:4.245372275660906
condition number(A): 5.653e+00, norm2_cond:67.64994394550556
det(A): 1.067e+16
--------------------------------------------------------------------------------

A_hhl info: after scaling by spectral radius:
Spectral radius (A): 1.000e+00, lambda_min:0.1768952807894375
condition number(A): 5.653e+00, norm2_cond:67.64994394550541
det(A): 2.115e-05, nnz: 11 non zeros per row
--------------------------------------------------------------------------------

Size of A & B are not power of 2:
Next 2 power of 15 = 16
Value to be padded = 1
--------------------------------------------------

==================== Print (N)^2 padded matrix system =======================
Padded shape of A: (15, 15)x(15, 15) -> (16, 16)x(16, 16)
Padded shape of B: (15,) -> (16,)
Determinant of padded matrix: 2.11451737163978e-05
Condition # of padded matrix: 67.64994394550541


Matrix is not Hermitian. Making it Hermitian.......

==================== Print Hermitian matrix system info =======================
Shape of hermitian A: 16x16 -> 32x32
Shape of           B: 16 -> 32
Determinant of Hermitian matrix: 4.471183714966371e-10
Condition # of Hermitian matrix: 67.64994394550568

=================================== Generating HHL circuit ===================================
Time elapsed for generating HHL circuit: 0 min 8.63 sec

Generated circuit: num_qubits=14, gates=19, depth=5
============================== Generated Circuit saved ==============================

============================== Transpiling circuit ==============================
This is using the AerSimulator('aer_simulator_statevector') transpiler.
Time elapsed for transpiling the circuit:  0 min 1.91 sec
Transpiled circuit, num_qubits: 14, (original: 14)
Transpiled circuit depth: 22397 (original: 5)
Transpiled circuit gates: 22501 (original: 19)
============================== Transpiled Circuit saved ==============================
Time elapsed for running the circuit:  0 min 1.96 sec
total_qubits: 14, nq:5

Time elapsed for extracting shots-based hhl counts solution:  0 min 0.00 sec

[HHL info]: linear system residual (e=||Ax-b||_2): 0.9842743181035605
[HHL info]: Fidelity(true_sol, hhl_sol): 0.9252396671965957
[HHL info]: L2 error (absolute): 0.06501682957132458
[HHL info]: L2 error (relative): 0.34801462772806313
[HHL info]: L2 error (normalized): 0.27606596292778685

========================================================================================
 Compare system solutions using LU of A, LU sol of A_herm, HHL of Ax=b hermition system
LU sol 	    Herm LU sol    HHL sol    L1_diff(%)
-1.253e-02  -1.253e-02  -0.000e+00  1.000e+02
-4.492e-03  -4.492e-03  -0.000e+00  1.000e+02
 1.517e-02   1.517e-02   1.973e-02  3.002e+01
-2.402e-02  -2.402e-02  -0.000e+00  1.000e+02
-3.037e-02  -3.037e-02  -1.973e-02  3.505e+01
-2.977e-02  -2.977e-02  -3.417e-02  1.475e+01
-2.475e-02  -2.475e-02  -0.000e+00  1.000e+02
-2.410e-02  -2.410e-02  -1.973e-02  1.815e+01
-5.858e-02  -5.858e-02  -3.417e-02  4.168e+01
-1.247e-02  -1.247e-02  -0.000e+00  1.000e+02
-5.857e-02  -5.857e-02  -3.417e-02  4.167e+01
-5.925e-02  -5.925e-02  -5.918e-02  1.319e-01
-2.755e-02  -2.755e-02  -1.973e-02  2.839e+01
-6.818e-02  -6.818e-02  -5.219e-02  2.346e+01
-1.224e-01  -1.224e-01  -9.039e-02  2.614e+01
========================================================================================

step: 4/15 res:1.4393897748107323, res/res0:0.11631086256813747  dq_norm: [0.0197255  0.06833113 0.11998552]

A info: before HHL prepare:
Spectral radius (A): 2.372e+01, lambda_min:4.062186790405003
condition number(A): 5.840e+00, norm2_cond:66.56946384631463
det(A): 8.384e+15
--------------------------------------------------------------------------------

A_hhl info: after scaling by spectral radius:
Spectral radius (A): 1.000e+00, lambda_min:0.1712344294256622
condition number(A): 5.840e+00, norm2_cond:66.56946384631443
det(A): 1.977e-05, nnz: 13 non zeros per row
--------------------------------------------------------------------------------

Size of A & B are not power of 2:
Next 2 power of 15 = 16
Value to be padded = 1
--------------------------------------------------

==================== Print (N)^2 padded matrix system =======================
Padded shape of A: (15, 15)x(15, 15) -> (16, 16)x(16, 16)
Padded shape of B: (15,) -> (16,)
Determinant of padded matrix: 1.9766749311705037e-05
Condition # of padded matrix: 66.56946384631443


Matrix is not Hermitian. Making it Hermitian.......

==================== Print Hermitian matrix system info =======================
Shape of hermitian A: 16x16 -> 32x32
Shape of           B: 16 -> 32
Determinant of Hermitian matrix: 3.907243783517916e-10
Condition # of Hermitian matrix: 66.56946384631468

=================================== Generating HHL circuit ===================================
Time elapsed for generating HHL circuit: 0 min 8.41 sec

Generated circuit: num_qubits=14, gates=19, depth=5
============================== Generated Circuit saved ==============================

============================== Transpiling circuit ==============================
This is using the AerSimulator('aer_simulator_statevector') transpiler.
Time elapsed for transpiling the circuit:  0 min 1.96 sec
Transpiled circuit, num_qubits: 14, (original: 14)
Transpiled circuit depth: 22395 (original: 5)
Transpiled circuit gates: 22499 (original: 19)
============================== Transpiled Circuit saved ==============================
Time elapsed for running the circuit:  0 min 1.99 sec
total_qubits: 14, nq:5

Time elapsed for extracting shots-based hhl counts solution:  0 min 0.00 sec

[HHL info]: linear system residual (e=||Ax-b||_2): 0.3457318273917742
[HHL info]: Fidelity(true_sol, hhl_sol): 0.7872651127543864
[HHL info]: L2 error (absolute): 0.030350055005838428
[HHL info]: L2 error (relative): 0.4642758507813998
[HHL info]: L2 error (normalized): 0.474806036977368

========================================================================================
 Compare system solutions using LU of A, LU sol of A_herm, HHL of Ax=b hermition system
LU sol 	    Herm LU sol    HHL sol    L1_diff(%)
-1.274e-02  -1.274e-02  -1.251e-02  1.785e+00
-4.670e-03  -4.670e-03  -0.000e+00  1.000e+02
-5.042e-03  -5.042e-03  -0.000e+00  1.000e+02
-2.454e-02  -2.454e-02  -1.251e-02  4.902e+01
-1.074e-02  -1.074e-02  -1.251e-02  1.647e+01
 4.282e-03   4.282e-03   1.251e-02  1.921e+02
-2.486e-02  -2.486e-02  -2.167e-02  1.284e+01
-4.003e-03  -4.003e-03  -0.000e+00  1.000e+02
-2.392e-02  -2.392e-02  -2.167e-02  9.395e+00
-1.208e-02  -1.208e-02  -0.000e+00  1.000e+02
-2.473e-02  -2.473e-02  -1.251e-02  4.941e+01
 7.565e-04   7.565e-04   0.000e+00  1.000e+02
-7.839e-03  -7.839e-03  -0.000e+00  1.000e+02
-1.613e-02  -1.613e-02  -0.000e+00  1.000e+02
-3.228e-02  -3.228e-02  -3.539e-02  9.611e+00
========================================================================================

step: 5/15 res:0.9814737791505693, res/res0:0.07930865137347731  dq_norm: [0.02797455 0.01769266 0.04333798]

A info: before HHL prepare:
Spectral radius (A): 2.401e+01, lambda_min:4.131279693324523
condition number(A): 5.813e+00, norm2_cond:65.13802205444497
det(A): 9.508e+15
--------------------------------------------------------------------------------

A_hhl info: after scaling by spectral radius:
Spectral radius (A): 1.000e+00, lambda_min:0.17203213229522896
condition number(A): 5.813e+00, norm2_cond:65.13802205444502
det(A): 1.866e-05, nnz: 11 non zeros per row
--------------------------------------------------------------------------------

Size of A & B are not power of 2:
Next 2 power of 15 = 16
Value to be padded = 1
--------------------------------------------------

==================== Print (N)^2 padded matrix system =======================
Padded shape of A: (15, 15)x(15, 15) -> (16, 16)x(16, 16)
Padded shape of B: (15,) -> (16,)
Determinant of padded matrix: 1.8661929362730832e-05
Condition # of padded matrix: 65.13802205444502


Matrix is not Hermitian. Making it Hermitian.......

==================== Print Hermitian matrix system info =======================
Shape of hermitian A: 16x16 -> 32x32
Shape of           B: 16 -> 32
Determinant of Hermitian matrix: 3.4826760753955394e-10
Condition # of Hermitian matrix: 65.13802205444499

=================================== Generating HHL circuit ===================================
Time elapsed for generating HHL circuit: 0 min 8.39 sec

Generated circuit: num_qubits=14, gates=19, depth=5
============================== Generated Circuit saved ==============================

============================== Transpiling circuit ==============================
This is using the AerSimulator('aer_simulator_statevector') transpiler.
Time elapsed for transpiling the circuit:  0 min 1.91 sec
Transpiled circuit, num_qubits: 14, (original: 14)
Transpiled circuit depth: 22395 (original: 5)
Transpiled circuit gates: 22499 (original: 19)
============================== Transpiled Circuit saved ==============================
Time elapsed for running the circuit:  0 min 1.98 sec
total_qubits: 14, nq:5

Time elapsed for extracting shots-based hhl counts solution:  0 min 0.00 sec

[HHL info]: linear system residual (e=||Ax-b||_2): 0.2177950635034595
[HHL info]: Fidelity(true_sol, hhl_sol): 0.8957765660646149
[HHL info]: L2 error (absolute): 0.012146747667945395
[HHL info]: L2 error (relative): 0.404710450294754
[HHL info]: L2 error (normalized): 0.32724689349468

========================================================================================
 Compare system solutions using LU of A, LU sol of A_herm, HHL of Ax=b hermition system
LU sol 	    Herm LU sol    HHL sol    L1_diff(%)
-7.968e-05  -7.968e-05  -0.000e+00  1.000e+02
-4.565e-03  -4.565e-03  -6.262e-03  3.717e+01
-4.979e-03  -4.979e-03  -0.000e+00  1.000e+02
-1.154e-02  -1.154e-02  -8.084e-03  2.997e+01
 1.876e-03   1.876e-03   0.000e+00  1.000e+02
-8.327e-03  -8.327e-03  -5.113e-03  3.860e+01
-2.581e-03  -2.581e-03  -3.615e-03  4.006e+01
-4.054e-03  -4.054e-03  -0.000e+00  1.000e+02
-1.561e-03  -1.561e-03  -0.000e+00  1.000e+02
-1.188e-02  -1.188e-02  -9.565e-03  1.945e+01
-1.225e-02  -1.225e-02  -8.856e-03  2.771e+01
 1.501e-03   1.501e-03   0.000e+00  1.000e+02
-7.793e-03  -7.793e-03  -6.262e-03  1.964e+01
-1.611e-02  -1.611e-02  -9.565e-03  4.064e+01
 3.124e-03   3.124e-03   0.000e+00  1.000e+02
========================================================================================

step: 6/15 res:0.34332834700543013, res/res0:0.027742878880423635  dq_norm: [0.01446156 0.01446156 0.00511293]

A info: before HHL prepare:
Spectral radius (A): 2.411e+01, lambda_min:4.154263063581848
condition number(A): 5.803e+00, norm2_cond:66.39183418976718
det(A): 1.020e+16
--------------------------------------------------------------------------------

A_hhl info: after scaling by spectral radius:
Spectral radius (A): 1.000e+00, lambda_min:0.1723115967385069
condition number(A): 5.803e+00, norm2_cond:66.39183418976724
det(A): 1.888e-05, nnz: 11 non zeros per row
--------------------------------------------------------------------------------

Size of A & B are not power of 2:
Next 2 power of 15 = 16
Value to be padded = 1
--------------------------------------------------

==================== Print (N)^2 padded matrix system =======================
Padded shape of A: (15, 15)x(15, 15) -> (16, 16)x(16, 16)
Padded shape of B: (15,) -> (16,)
Determinant of padded matrix: 1.8876188780282077e-05
Condition # of padded matrix: 66.39183418976724


Matrix is not Hermitian. Making it Hermitian.......

==================== Print Hermitian matrix system info =======================
Shape of hermitian A: 16x16 -> 32x32
Shape of           B: 16 -> 32
Determinant of Hermitian matrix: 3.5631050286884697e-10
Condition # of Hermitian matrix: 66.3918341897672

=================================== Generating HHL circuit ===================================
Time elapsed for generating HHL circuit: 0 min 8.61 sec

Generated circuit: num_qubits=14, gates=19, depth=5
============================== Generated Circuit saved ==============================

============================== Transpiling circuit ==============================
This is using the AerSimulator('aer_simulator_statevector') transpiler.
Time elapsed for transpiling the circuit:  0 min 1.93 sec
Transpiled circuit, num_qubits: 14, (original: 14)
Transpiled circuit depth: 22397 (original: 5)
Transpiled circuit gates: 22501 (original: 19)
============================== Transpiled Circuit saved ==============================
Time elapsed for running the circuit:  0 min 1.98 sec
total_qubits: 14, nq:5

Time elapsed for extracting shots-based hhl counts solution:  0 min 0.00 sec

[HHL info]: linear system residual (e=||Ax-b||_2): 0.2117554704533266
[HHL info]: Fidelity(true_sol, hhl_sol): 0.5109922734325828
[HHL info]: L2 error (absolute): 0.01134042383050409
[HHL info]: L2 error (relative): 0.9423968055170872
[HHL info]: L2 error (normalized): 0.7551989994393206

========================================================================================
 Compare system solutions using LU of A, LU sol of A_herm, HHL of Ax=b hermition system
LU sol 	    Herm LU sol    HHL sol    L1_diff(%)
-2.126e-05  -2.126e-05  -0.000e+00  1.000e+02
 1.733e-03   1.733e-03   0.000e+00  1.000e+02
-4.853e-03  -4.853e-03  -7.070e-04  8.543e+01
-3.370e-03  -3.370e-03  -3.535e-04  8.951e+01
 1.824e-03   1.824e-03   0.000e+00  1.000e+02
-3.146e-03  -3.146e-03  -0.000e+00  1.000e+02
 1.014e-03   1.014e-03   0.000e+00  1.000e+02
-4.061e-03  -4.061e-03  -0.000e+00  1.000e+02
-1.627e-03  -1.627e-03  -0.000e+00  1.000e+02
-2.279e-03  -2.279e-03  -0.000e+00  1.000e+02
-3.375e-03  -3.375e-03  -3.535e-04  8.953e+01
 1.327e-03   1.327e-03   3.535e-04  7.335e+01
-1.529e-03  -1.529e-03  -0.000e+00  1.000e+02
-6.553e-03  -6.553e-03  -3.535e-04  9.461e+01
 3.145e-03   3.145e-03   0.000e+00  1.000e+02
========================================================================================

step: 7/15 res:0.21752327886168907, res/res0:0.017577115410854813  dq_norm: [0.00035351 0.00049994 0.00079047]

A info: before HHL prepare:
Spectral radius (A): 2.411e+01, lambda_min:4.15082183317915
condition number(A): 5.808e+00, norm2_cond:66.44021773951093
det(A): 1.018e+16
--------------------------------------------------------------------------------

A_hhl info: after scaling by spectral radius:
Spectral radius (A): 1.000e+00, lambda_min:0.17217430940267273
condition number(A): 5.808e+00, norm2_cond:66.44021773951101
det(A): 1.885e-05, nnz: 11 non zeros per row
--------------------------------------------------------------------------------

Size of A & B are not power of 2:
Next 2 power of 15 = 16
Value to be padded = 1
--------------------------------------------------

==================== Print (N)^2 padded matrix system =======================
Padded shape of A: (15, 15)x(15, 15) -> (16, 16)x(16, 16)
Padded shape of B: (15,) -> (16,)
Determinant of padded matrix: 1.8849307745821924e-05
Condition # of padded matrix: 66.44021773951101


Matrix is not Hermitian. Making it Hermitian.......

==================== Print Hermitian matrix system info =======================
Shape of hermitian A: 16x16 -> 32x32
Shape of           B: 16 -> 32
Determinant of Hermitian matrix: 3.552964024967024e-10
Condition # of Hermitian matrix: 66.44021773951091

=================================== Generating HHL circuit ===================================
Time elapsed for generating HHL circuit: 0 min 8.70 sec

Generated circuit: num_qubits=14, gates=19, depth=5
============================== Generated Circuit saved ==============================

============================== Transpiling circuit ==============================
This is using the AerSimulator('aer_simulator_statevector') transpiler.
Time elapsed for transpiling the circuit:  0 min 1.64 sec
Transpiled circuit, num_qubits: 14, (original: 14)
Transpiled circuit depth: 22397 (original: 5)
Transpiled circuit gates: 22501 (original: 19)
============================== Transpiled Circuit saved ==============================
Time elapsed for running the circuit:  0 min 1.96 sec
total_qubits: 14, nq:5

Time elapsed for extracting shots-based hhl counts solution:  0 min 0.00 sec

[HHL info]: linear system residual (e=||Ax-b||_2): 0.09878899931526947
[HHL info]: Fidelity(true_sol, hhl_sol): 0.7099739372302135
[HHL info]: L2 error (absolute): 0.007656475093315114
[HHL info]: L2 error (relative): 0.6750810410407768
[HHL info]: L2 error (normalized): 0.5610712757446071

========================================================================================
 Compare system solutions using LU of A, LU sol of A_herm, HHL of Ax=b hermition system
LU sol 	    Herm LU sol    HHL sol    L1_diff(%)
-2.077e-05  -2.077e-05  -0.000e+00  1.000e+02
 1.733e-03   1.733e-03   0.000e+00  1.000e+02
-4.144e-03  -4.144e-03  -4.273e-03  3.131e+00
-3.015e-03  -3.015e-03  -4.273e-03  4.173e+01
 1.824e-03   1.824e-03   0.000e+00  1.000e+02
-3.145e-03  -3.145e-03  -0.000e+00  1.000e+02
 1.014e-03   1.014e-03   0.000e+00  1.000e+02
-4.061e-03  -4.061e-03  -4.273e-03  5.225e+00
-1.627e-03  -1.627e-03  -0.000e+00  1.000e+02
-2.278e-03  -2.278e-03  -4.273e-03  8.759e+01
-3.021e-03  -3.021e-03  -6.043e-03  1.001e+02
 9.770e-04   9.770e-04   0.000e+00  1.000e+02
-1.527e-03  -1.527e-03  -4.273e-03  1.799e+02
-6.199e-03  -6.199e-03  -8.547e-03  3.787e+01
 3.155e-03   3.155e-03   0.000e+00  1.000e+02
========================================================================================

step: 8/15 res:0.21175544212400366, res/res0:0.017111041469068895  dq_norm: [0.00740173 0.01130633 0.00427339]

A info: before HHL prepare:
Spectral radius (A): 2.411e+01, lambda_min:4.119770025005488
condition number(A): 5.851e+00, norm2_cond:67.47234019839219
det(A): 1.017e+16
--------------------------------------------------------------------------------

A_hhl info: after scaling by spectral radius:
Spectral radius (A): 1.000e+00, lambda_min:0.17090101758146667
condition number(A): 5.851e+00, norm2_cond:67.47234019839222
det(A): 1.885e-05, nnz: 11 non zeros per row
--------------------------------------------------------------------------------

Size of A & B are not power of 2:
Next 2 power of 15 = 16
Value to be padded = 1
--------------------------------------------------

==================== Print (N)^2 padded matrix system =======================
Padded shape of A: (15, 15)x(15, 15) -> (16, 16)x(16, 16)
Padded shape of B: (15,) -> (16,)
Determinant of padded matrix: 1.8849042967936665e-05
Condition # of padded matrix: 67.47234019839222


Matrix is not Hermitian. Making it Hermitian.......

==================== Print Hermitian matrix system info =======================
Shape of hermitian A: 16x16 -> 32x32
Shape of           B: 16 -> 32
Determinant of Hermitian matrix: 3.5528642080712267e-10
Condition # of Hermitian matrix: 67.47234019839237

=================================== Generating HHL circuit ===================================
Time elapsed for generating HHL circuit: 0 min 8.85 sec

Generated circuit: num_qubits=14, gates=19, depth=5
============================== Generated Circuit saved ==============================

============================== Transpiling circuit ==============================
This is using the AerSimulator('aer_simulator_statevector') transpiler.
Time elapsed for transpiling the circuit:  0 min 1.61 sec
Transpiled circuit, num_qubits: 14, (original: 14)
Transpiled circuit depth: 22395 (original: 5)
Transpiled circuit gates: 22499 (original: 19)
============================== Transpiled Circuit saved ==============================
Time elapsed for running the circuit:  0 min 1.96 sec
total_qubits: 14, nq:5

Time elapsed for extracting shots-based hhl counts solution:  0 min 0.00 sec

[HHL info]: linear system residual (e=||Ax-b||_2): 0.10614030364691489
[HHL info]: Fidelity(true_sol, hhl_sol): 0.7904245126807996
[HHL info]: L2 error (absolute): 0.004989708810185199
[HHL info]: L2 error (relative): 0.649085701068747
[HHL info]: L2 error (normalized): 0.4710451853071115

========================================================================================
 Compare system solutions using LU of A, LU sol of A_herm, HHL of Ax=b hermition system
LU sol 	    Herm LU sol    HHL sol    L1_diff(%)
-1.795e-05  -1.795e-05  -0.000e+00  1.000e+02
 1.724e-03   1.724e-03   0.000e+00  1.000e+02
 1.421e-04   1.421e-04   0.000e+00  1.000e+02
 1.268e-03   1.268e-03   8.513e-04  3.288e+01
 1.821e-03   1.821e-03   0.000e+00  1.000e+02
-3.124e-03  -3.124e-03  -1.204e-03  6.146e+01
 1.028e-03   1.028e-03   0.000e+00  1.000e+02
 2.075e-04   2.075e-04   6.020e-04  1.901e+02
-1.593e-03  -1.593e-03  -8.513e-04  4.656e+01
 2.009e-03   2.009e-03   1.346e-03  3.299e+01
 3.026e-03   3.026e-03   8.513e-04  7.187e+01
 9.980e-04   9.980e-04   0.000e+00  1.000e+02
 2.761e-03   2.761e-03   1.346e-03  5.124e+01
 2.347e-03   2.347e-03   1.043e-03  5.557e+01
 3.235e-03   3.235e-03   1.475e-03  5.442e+01
========================================================================================

step: 9/15 res:0.09893746702328238, res/res0:0.00799470882117234  dq_norm: [0.0020853  0.00147453 0.0020853 ]

A info: before HHL prepare:
Spectral radius (A): 2.409e+01, lambda_min:4.1112683150116505
condition number(A): 5.861e+00, norm2_cond:67.3981937506224
det(A): 1.002e+16
--------------------------------------------------------------------------------

A_hhl info: after scaling by spectral radius:
Spectral radius (A): 1.000e+00, lambda_min:0.17063329460012003
condition number(A): 5.861e+00, norm2_cond:67.39819375062235
det(A): 1.872e-05, nnz: 11 non zeros per row
--------------------------------------------------------------------------------

Size of A & B are not power of 2:
Next 2 power of 15 = 16
Value to be padded = 1
--------------------------------------------------

==================== Print (N)^2 padded matrix system =======================
Padded shape of A: (15, 15)x(15, 15) -> (16, 16)x(16, 16)
Padded shape of B: (15,) -> (16,)
Determinant of padded matrix: 1.8722793858607518e-05
Condition # of padded matrix: 67.39819375062235


Matrix is not Hermitian. Making it Hermitian.......

==================== Print Hermitian matrix system info =======================
Shape of hermitian A: 16x16 -> 32x32
Shape of           B: 16 -> 32
Determinant of Hermitian matrix: 3.5054300987191137e-10
Condition # of Hermitian matrix: 67.3981937506223

=================================== Generating HHL circuit ===================================
Time elapsed for generating HHL circuit: 0 min 8.77 sec

Generated circuit: num_qubits=14, gates=19, depth=5
============================== Generated Circuit saved ==============================

============================== Transpiling circuit ==============================
This is using the AerSimulator('aer_simulator_statevector') transpiler.
Time elapsed for transpiling the circuit:  0 min 1.65 sec
Transpiled circuit, num_qubits: 14, (original: 14)
Transpiled circuit depth: 22395 (original: 5)
Transpiled circuit gates: 22499 (original: 19)
============================== Transpiled Circuit saved ==============================
Time elapsed for running the circuit:  0 min 1.98 sec
total_qubits: 14, nq:5

Time elapsed for extracting shots-based hhl counts solution:  0 min 0.00 sec

[HHL info]: linear system residual (e=||Ax-b||_2): 0.10474358716338286
[HHL info]: Fidelity(true_sol, hhl_sol): 0.4294965050001628
[HHL info]: L2 error (absolute): 0.0043631524722681616
[HHL info]: L2 error (relative): 0.8732356313522069
[HHL info]: L2 error (normalized): 0.8302290904993785

========================================================================================
 Compare system solutions using LU of A, LU sol of A_herm, HHL of Ax=b hermition system
LU sol 	    Herm LU sol    HHL sol    L1_diff(%)
-1.798e-05  -1.798e-05  -0.000e+00  1.000e+02
 1.725e-03   1.725e-03   0.000e+00  1.000e+02
 1.424e-04   1.424e-04   0.000e+00  1.000e+02
 4.173e-04   4.173e-04   0.000e+00  1.000e+02
 1.822e-03   1.822e-03   3.836e-04  7.895e+01
-1.924e-03  -1.924e-03  -3.836e-04  8.006e+01
 1.027e-03   1.027e-03   0.000e+00  1.000e+02
-3.948e-04  -3.948e-04  -0.000e+00  1.000e+02
-7.462e-04  -7.462e-04  -0.000e+00  1.000e+02
 6.641e-04   6.641e-04   0.000e+00  1.000e+02
 2.178e-03   2.178e-03   0.000e+00  1.000e+02
 9.949e-04   9.949e-04   0.000e+00  1.000e+02
 1.420e-03   1.420e-03   6.644e-04  5.321e+01
 1.305e-03   1.305e-03   0.000e+00  1.000e+02
 1.765e-03   1.765e-03   6.644e-04  6.235e+01
========================================================================================

step: 10/15 res:0.10610009137824968, res/res0:0.008573489518073803  dq_norm: [0.00066439 0.00038359 0.00076717]

A info: before HHL prepare:
Spectral radius (A): 2.409e+01, lambda_min:4.104907133134347
condition number(A): 5.869e+00, norm2_cond:67.47031186667348
det(A): 9.951e+15
--------------------------------------------------------------------------------

A_hhl info: after scaling by spectral radius:
Spectral radius (A): 1.000e+00, lambda_min:0.170397864309536
condition number(A): 5.869e+00, norm2_cond:67.47031186667338
det(A): 1.863e-05, nnz: 11 non zeros per row
--------------------------------------------------------------------------------

Size of A & B are not power of 2:
Next 2 power of 15 = 16
Value to be padded = 1
--------------------------------------------------

==================== Print (N)^2 padded matrix system =======================
Padded shape of A: (15, 15)x(15, 15) -> (16, 16)x(16, 16)
Padded shape of B: (15,) -> (16,)
Determinant of padded matrix: 1.863267881255113e-05
Condition # of padded matrix: 67.47031186667338


Matrix is not Hermitian. Making it Hermitian.......

==================== Print Hermitian matrix system info =======================
Shape of hermitian A: 16x16 -> 32x32
Shape of           B: 16 -> 32
Determinant of Hermitian matrix: 3.471767197316942e-10
Condition # of Hermitian matrix: 67.4703118666734

=================================== Generating HHL circuit ===================================
Time elapsed for generating HHL circuit: 0 min 8.63 sec

Generated circuit: num_qubits=14, gates=19, depth=5
============================== Generated Circuit saved ==============================

============================== Transpiling circuit ==============================
This is using the AerSimulator('aer_simulator_statevector') transpiler.
Time elapsed for transpiling the circuit:  0 min 1.90 sec
Transpiled circuit, num_qubits: 14, (original: 14)
Transpiled circuit depth: 22395 (original: 5)
Transpiled circuit gates: 22499 (original: 19)
============================== Transpiled Circuit saved ==============================
Time elapsed for running the circuit:  0 min 1.96 sec
total_qubits: 14, nq:5

Time elapsed for extracting shots-based hhl counts solution:  0 min 0.00 sec

[HHL info]: linear system residual (e=||Ax-b||_2): 0.05817232526123902
[HHL info]: Fidelity(true_sol, hhl_sol): 0.75009362550897
[HHL info]: L2 error (absolute): 0.002293690892647141
[HHL info]: L2 error (relative): 0.5255365863561082
[HHL info]: L2 error (normalized): 0.5175336572427754

========================================================================================
 Compare system solutions using LU of A, LU sol of A_herm, HHL of Ax=b hermition system
LU sol 	    Herm LU sol    HHL sol    L1_diff(%)
-1.803e-05  -1.803e-05  -0.000e+00  1.000e+02
 1.725e-03   1.725e-03   9.264e-04  4.630e+01
 1.430e-04   1.430e-04   0.000e+00  1.000e+02
 4.170e-04   4.170e-04   0.000e+00  1.000e+02
 1.438e-03   1.438e-03   1.310e-03  8.917e+00
-1.540e-03  -1.540e-03  -9.264e-04  3.985e+01
 1.026e-03   1.026e-03   0.000e+00  1.000e+02
-3.955e-04  -3.955e-04  -0.000e+00  1.000e+02
-7.469e-04  -7.469e-04  -1.310e-03  7.540e+01
 6.642e-04   6.642e-04   0.000e+00  1.000e+02
 2.179e-03   2.179e-03   1.605e-03  2.635e+01
 9.949e-04   9.949e-04   0.000e+00  1.000e+02
 7.575e-04   7.575e-04   0.000e+00  1.000e+02
 1.305e-03   1.305e-03   9.264e-04  2.903e+01
 1.102e-03   1.102e-03   9.264e-04  1.596e+01
========================================================================================

step: 11/15 res:0.10474573975757215, res/res0:0.008464050220964532  dq_norm: [0.         0.00245094 0.00185274]

A info: before HHL prepare:
Spectral radius (A): 2.409e+01, lambda_min:4.118160558914048
condition number(A): 5.849e+00, norm2_cond:67.402100844069
det(A): 1.006e+16
--------------------------------------------------------------------------------

A_hhl info: after scaling by spectral radius:
Spectral radius (A): 1.000e+00, lambda_min:0.17096011864832195
condition number(A): 5.849e+00, norm2_cond:67.40210084406908
det(A): 1.885e-05, nnz: 11 non zeros per row
--------------------------------------------------------------------------------

Size of A & B are not power of 2:
Next 2 power of 15 = 16
Value to be padded = 1
--------------------------------------------------

==================== Print (N)^2 padded matrix system =======================
Padded shape of A: (15, 15)x(15, 15) -> (16, 16)x(16, 16)
Padded shape of B: (15,) -> (16,)
Determinant of padded matrix: 1.8849516666787585e-05
Condition # of padded matrix: 67.40210084406908


Matrix is not Hermitian. Making it Hermitian.......

==================== Print Hermitian matrix system info =======================
Shape of hermitian A: 16x16 -> 32x32
Shape of           B: 16 -> 32
Determinant of Hermitian matrix: 3.553042785715042e-10
Condition # of Hermitian matrix: 67.40210084406921

=================================== Generating HHL circuit ===================================
Time elapsed for generating HHL circuit: 0 min 8.59 sec

Generated circuit: num_qubits=14, gates=19, depth=5
============================== Generated Circuit saved ==============================

============================== Transpiling circuit ==============================
This is using the AerSimulator('aer_simulator_statevector') transpiler.
Time elapsed for transpiling the circuit:  0 min 1.63 sec
Transpiled circuit, num_qubits: 14, (original: 14)
Transpiled circuit depth: 22395 (original: 5)
Transpiled circuit gates: 22499 (original: 19)
============================== Transpiled Circuit saved ==============================
Time elapsed for running the circuit:  0 min 1.93 sec
total_qubits: 14, nq:5

Time elapsed for extracting shots-based hhl counts solution:  0 min 0.00 sec

[HHL info]: linear system residual (e=||Ax-b||_2): 0.0468507730889397
[HHL info]: Fidelity(true_sol, hhl_sol): 0.4576029001124913
[HHL info]: L2 error (absolute): 0.0017169431774719409
[HHL info]: L2 error (relative): 0.7489488614861355
[HHL info]: L2 error (normalized): 0.804408447743932

========================================================================================
 Compare system solutions using LU of A, LU sol of A_herm, HHL of Ax=b hermition system
LU sol 	    Herm LU sol    HHL sol    L1_diff(%)
-1.881e-05  -1.881e-05  -0.000e+00  1.000e+02
 7.971e-04   7.971e-04   5.057e-04  3.656e+01
 1.432e-04   1.432e-04   0.000e+00  1.000e+02
 4.156e-04   4.156e-04   0.000e+00  1.000e+02
 1.286e-04   1.286e-04   0.000e+00  1.000e+02
-6.172e-04  -6.172e-04  -0.000e+00  1.000e+02
 1.026e-03   1.026e-03   8.759e-04  1.460e+01
-3.953e-04  -3.953e-04  -0.000e+00  1.000e+02
 5.609e-04   5.609e-04   5.057e-04  9.834e+00
 6.640e-04   6.640e-04   5.057e-04  2.384e+01
 5.733e-04   5.733e-04   0.000e+00  1.000e+02
 9.951e-04   9.951e-04   0.000e+00  1.000e+02
 7.565e-04   7.565e-04   0.000e+00  1.000e+02
 3.786e-04   3.786e-04   0.000e+00  1.000e+02
 1.746e-04   1.746e-04   0.000e+00  1.000e+02
========================================================================================

step: 12/15 res:0.05817167277119333, res/res0:0.004700601293307509  dq_norm: [0.00101142 0.00050571 0.00050571]

A info: before HHL prepare:
Spectral radius (A): 2.408e+01, lambda_min:4.113665093906943
condition number(A): 5.852e+00, norm2_cond:67.36832341854009
det(A): 9.995e+15
--------------------------------------------------------------------------------

A_hhl info: after scaling by spectral radius:
Spectral radius (A): 1.000e+00, lambda_min:0.1708675088487795
condition number(A): 5.852e+00, norm2_cond:67.36832341853997
det(A): 1.889e-05, nnz: 11 non zeros per row
--------------------------------------------------------------------------------

Size of A & B are not power of 2:
Next 2 power of 15 = 16
Value to be padded = 1
--------------------------------------------------

==================== Print (N)^2 padded matrix system =======================
Padded shape of A: (15, 15)x(15, 15) -> (16, 16)x(16, 16)
Padded shape of B: (15,) -> (16,)
Determinant of padded matrix: 1.8890590808100417e-05
Condition # of padded matrix: 67.36832341853997


Matrix is not Hermitian. Making it Hermitian.......

==================== Print Hermitian matrix system info =======================
Shape of hermitian A: 16x16 -> 32x32
Shape of           B: 16 -> 32
Determinant of Hermitian matrix: 3.56854421079088e-10
Condition # of Hermitian matrix: 67.36832341854026

=================================== Generating HHL circuit ===================================
Time elapsed for generating HHL circuit: 0 min 8.92 sec

Generated circuit: num_qubits=14, gates=19, depth=5
============================== Generated Circuit saved ==============================

============================== Transpiling circuit ==============================
This is using the AerSimulator('aer_simulator_statevector') transpiler.
Time elapsed for transpiling the circuit:  0 min 1.62 sec
Transpiled circuit, num_qubits: 14, (original: 14)
Transpiled circuit depth: 22395 (original: 5)
Transpiled circuit gates: 22499 (original: 19)
============================== Transpiled Circuit saved ==============================
Time elapsed for running the circuit:  0 min 1.94 sec
total_qubits: 14, nq:5

Time elapsed for extracting shots-based hhl counts solution:  0 min 0.00 sec

[HHL info]: linear system residual (e=||Ax-b||_2): 0.04076302462660197
[HHL info]: Fidelity(true_sol, hhl_sol): 0.1537160017210037
[HHL info]: L2 error (absolute): 0.0018453150696335853
[HHL info]: L2 error (relative): 1.0746397595473327
[HHL info]: L2 error (normalized): 1.102663753720199

========================================================================================
 Compare system solutions using LU of A, LU sol of A_herm, HHL of Ax=b hermition system
LU sol 	    Herm LU sol    HHL sol    L1_diff(%)
-1.851e-05  -1.851e-05  -0.000e+00  1.000e+02
 2.917e-04   2.917e-04   0.000e+00  1.000e+02
 1.441e-04   1.441e-04   0.000e+00  1.000e+02
 4.170e-04   4.170e-04   0.000e+00  1.000e+02
 1.293e-04   1.293e-04   0.000e+00  1.000e+02
-6.147e-04  -6.147e-04  -0.000e+00  1.000e+02
 1.519e-04   1.519e-04   0.000e+00  1.000e+02
-3.957e-04  -3.957e-04  -0.000e+00  1.000e+02
 5.807e-05   5.807e-05   0.000e+00  1.000e+02
 1.589e-04   1.589e-04   0.000e+00  1.000e+02
 5.734e-04   5.734e-04   1.151e-03  1.007e+02
 9.956e-04   9.956e-04   0.000e+00  1.000e+02
 7.563e-04   7.563e-04   0.000e+00  1.000e+02
 3.787e-04   3.787e-04   1.151e-03  2.038e+02
 1.745e-04   1.745e-04   0.000e+00  1.000e+02
========================================================================================

step: 13/15 res:0.04684888554829477, res/res0:0.0037856558270984086  dq_norm: [0.         0.00162709 0.        ]

A info: before HHL prepare:
Spectral radius (A): 2.408e+01, lambda_min:4.125968683381903
condition number(A): 5.836e+00, norm2_cond:67.24083328547107
det(A): 1.009e+16
--------------------------------------------------------------------------------

A_hhl info: after scaling by spectral radius:
Spectral radius (A): 1.000e+00, lambda_min:0.17134510814262105
condition number(A): 5.836e+00, norm2_cond:67.24083328547096
det(A): 1.902e-05, nnz: 11 non zeros per row
--------------------------------------------------------------------------------

Size of A & B are not power of 2:
Next 2 power of 15 = 16
Value to be padded = 1
--------------------------------------------------

==================== Print (N)^2 padded matrix system =======================
Padded shape of A: (15, 15)x(15, 15) -> (16, 16)x(16, 16)
Padded shape of B: (15,) -> (16,)
Determinant of padded matrix: 1.9018138095426614e-05
Condition # of padded matrix: 67.24083328547096


Matrix is not Hermitian. Making it Hermitian.......

==================== Print Hermitian matrix system info =======================
Shape of hermitian A: 16x16 -> 32x32
Shape of           B: 16 -> 32
Determinant of Hermitian matrix: 3.61689576616717e-10
Condition # of Hermitian matrix: 67.24083328547114

=================================== Generating HHL circuit ===================================
Time elapsed for generating HHL circuit: 0 min 8.86 sec

Generated circuit: num_qubits=14, gates=19, depth=5
============================== Generated Circuit saved ==============================

============================== Transpiling circuit ==============================
This is using the AerSimulator('aer_simulator_statevector') transpiler.
Time elapsed for transpiling the circuit:  0 min 1.61 sec
Transpiled circuit, num_qubits: 14, (original: 14)
Transpiled circuit depth: 22397 (original: 5)
Transpiled circuit gates: 22501 (original: 19)
============================== Transpiled Circuit saved ==============================
Time elapsed for running the circuit:  0 min 1.87 sec
total_qubits: 14, nq:5

Time elapsed for extracting shots-based hhl counts solution:  0 min 0.00 sec

[HHL info]: linear system residual (e=||Ax-b||_2): 0.020006125832044728
[HHL info]: Fidelity(true_sol, hhl_sol): 0.7546482302876829
[HHL info]: L2 error (absolute): 0.0009117558094826964
[HHL info]: L2 error (relative): 0.4953698069839384
[HHL info]: L2 error (normalized): 0.5124355265930668

========================================================================================
 Compare system solutions using LU of A, LU sol of A_herm, HHL of Ax=b hermition system
LU sol 	    Herm LU sol    HHL sol    L1_diff(%)
-1.837e-05  -1.837e-05  -0.000e+00  1.000e+02
 2.917e-04   2.917e-04   4.582e-04  5.707e+01
 1.444e-04   1.444e-04   4.582e-04  2.173e+02
 4.174e-04   4.174e-04   4.582e-04  9.794e+00
 1.294e-04   1.294e-04   0.000e+00  1.000e+02
-6.140e-04  -6.140e-04  -4.582e-04  2.537e+01
 1.517e-04   1.517e-04   0.000e+00  1.000e+02
-3.958e-04  -3.958e-04  -0.000e+00  1.000e+02
 5.746e-05   5.746e-05   0.000e+00  1.000e+02
 1.571e-04   1.571e-04   0.000e+00  1.000e+02
-5.777e-04  -5.777e-04  -0.000e+00  1.000e+02
 9.907e-04   9.907e-04   9.164e-04  7.494e+00
 7.529e-04   7.529e-04   4.582e-04  3.914e+01
-7.719e-04  -7.719e-04  -7.937e-04  2.821e+00
 1.670e-04   1.670e-04   0.000e+00  1.000e+02
========================================================================================

step: 14/15 res:0.04076668608832199, res/res0:0.0032941795932937643  dq_norm: [0.00064803 0.00091645 0.00112242]
Completed: 14 steps in 195.48s
Saved metadata to /lustre/orion/stf006/scratch/4klornl/fvm_euler_1d_solver/output_parallel_shots/trials2/statevector/shots_5000/trial_5/metadata_nelem5_HHL_statevector_nshots5000.pkl

Solution summary:
  x/L: [0.1000, 0.9000]
  Mach: [1.5205, 2.1533]
  p/p_in: [0.9798, 0.3649]
  rho/rho_in: [0.9875, 0.4835]
Saved combined plot to /lustre/orion/stf006/scratch/4klornl/fvm_euler_1d_solver/output_parallel_shots/trials2/statevector/shots_5000/trial_5/solution_plot_nelem5_HHL_statevector_nshots5000.png
