
------------------------------------------------------------
Using ideal local simulator with 'statevector' method
Backend: aer_simulator_statevector
Shots: 10000
------------------------------------------------------------

A info: before HHL prepare:
Spectral radius (A): 2.241e+01, lambda_min:2.3074021727489433
condition number(A): 9.710e+00, norm2_cond:95.97789014324577
det(A): 9.333e+14
--------------------------------------------------------------------------------

A_hhl info: after scaling by spectral radius:
Spectral radius (A): 1.000e+00, lambda_min:0.1029832130561069
condition number(A): 9.710e+00, norm2_cond:95.9778901432457
det(A): 5.184e-06, nnz: 10 non zeros per row
--------------------------------------------------------------------------------

Size of A & B are not power of 2:
Next 2 power of 15 = 16
Value to be padded = 1
--------------------------------------------------

==================== Print (N)^2 padded matrix system =======================
Padded shape of A: (15, 15)x(15, 15) -> (16, 16)x(16, 16)
Padded shape of B: (15,) -> (16,)
Determinant of padded matrix: 5.183984510966138e-06
Condition # of padded matrix: 95.9778901432457


Matrix is not Hermitian. Making it Hermitian.......

==================== Print Hermitian matrix system info =======================
Shape of hermitian A: 16x16 -> 32x32
Shape of           B: 16 -> 32
Determinant of Hermitian matrix: 2.6873695409936828e-11
Condition # of Hermitian matrix: 95.9778901432459

=================================== Generating HHL circuit ===================================
Time elapsed for generating HHL circuit: 0 min 7.84 sec

Generated circuit: num_qubits=14, gates=19, depth=5
============================== Generated Circuit saved ==============================

============================== Transpiling circuit ==============================
This is using the AerSimulator('aer_simulator_statevector') transpiler.
Time elapsed for transpiling the circuit:  0 min 2.01 sec
Transpiled circuit, num_qubits: 14, (original: 14)
Transpiled circuit depth: 22395 (original: 5)
Transpiled circuit gates: 22499 (original: 19)
============================== Transpiled Circuit saved ==============================
Time elapsed for running the circuit:  0 min 2.01 sec
total_qubits: 14, nq:5

Time elapsed for extracting shots-based hhl counts solution:  0 min 0.00 sec

[HHL info]: linear system residual (e=||Ax-b||_2): 8.95740454502443
[HHL info]: Fidelity(true_sol, hhl_sol): 0.9865195068783769
[HHL info]: L2 error (absolute): 0.9529383631468711
[HHL info]: L2 error (relative): 0.35234194496064414
[HHL info]: L2 error (normalized): 0.11630233387815432

========================================================================================
 Compare system solutions using LU of A, LU sol of A_herm, HHL of Ax=b hermition system
LU sol 	    Herm LU sol    HHL sol    L1_diff(%)
-1.705e-02  -1.705e-02  -0.000e+00  1.000e+02
-7.527e-03  -7.527e-03  -0.000e+00  1.000e+02
-3.946e-02  -3.946e-02  -0.000e+00  1.000e+02
-1.283e-01  -1.283e-01  -0.000e+00  1.000e+02
-6.877e-02  -6.877e-02  -0.000e+00  1.000e+02
-2.800e-01  -2.800e-01  -2.470e-01  1.180e+01
-4.114e-01  -4.114e-01  -2.470e-01  3.997e+01
-4.227e-01  -4.227e-01  -4.033e-01  4.598e+00
-1.109e+00  -1.109e+00  -6.838e-01  3.836e+01
-5.252e-01  -5.252e-01  -4.033e-01  2.321e+01
-5.558e-01  -5.558e-01  -2.852e-01  4.869e+01
-1.428e+00  -1.428e+00  -9.565e-01  3.301e+01
-5.637e-01  -5.637e-01  -3.493e-01  3.805e+01
-5.958e-01  -5.958e-01  -4.033e-01  3.231e+01
-1.529e+00  -1.529e+00  -9.981e-01  3.473e+01
========================================================================================

step: 0/15 res:12.375368413827264, res/res0:1.0  dq_norm: [0.587891   0.63765732 1.56193506]

A info: before HHL prepare:
Spectral radius (A): 2.307e+01, lambda_min:3.2168374951310756
condition number(A): 7.171e+00, norm2_cond:81.38254871917594
det(A): 3.095e+15
--------------------------------------------------------------------------------

A_hhl info: after scaling by spectral radius:
Spectral radius (A): 1.000e+00, lambda_min:0.13945551802251835
condition number(A): 7.171e+00, norm2_cond:81.3825487191761
det(A): 1.111e-05, nnz: 12 non zeros per row
--------------------------------------------------------------------------------

Size of A & B are not power of 2:
Next 2 power of 15 = 16
Value to be padded = 1
--------------------------------------------------

==================== Print (N)^2 padded matrix system =======================
Padded shape of A: (15, 15)x(15, 15) -> (16, 16)x(16, 16)
Padded shape of B: (15,) -> (16,)
Determinant of padded matrix: 1.1111682160648565e-05
Condition # of padded matrix: 81.3825487191761


Matrix is not Hermitian. Making it Hermitian.......

==================== Print Hermitian matrix system info =======================
Shape of hermitian A: 16x16 -> 32x32
Shape of           B: 16 -> 32
Determinant of Hermitian matrix: 1.2346948043927468e-10
Condition # of Hermitian matrix: 81.38254871917611

=================================== Generating HHL circuit ===================================
Time elapsed for generating HHL circuit: 0 min 8.60 sec

Generated circuit: num_qubits=14, gates=19, depth=5
============================== Generated Circuit saved ==============================

============================== Transpiling circuit ==============================
This is using the AerSimulator('aer_simulator_statevector') transpiler.
Time elapsed for transpiling the circuit:  0 min 1.63 sec
Transpiled circuit, num_qubits: 14, (original: 14)
Transpiled circuit depth: 22397 (original: 5)
Transpiled circuit gates: 22501 (original: 19)
============================== Transpiled Circuit saved ==============================
Time elapsed for running the circuit:  0 min 1.98 sec
total_qubits: 14, nq:5

Time elapsed for extracting shots-based hhl counts solution:  0 min 0.00 sec

[HHL info]: linear system residual (e=||Ax-b||_2): 4.312081407840779
[HHL info]: Fidelity(true_sol, hhl_sol): 0.9271580147119747
[HHL info]: L2 error (absolute): 0.46770456135392935
[HHL info]: L2 error (relative): 0.5432219407111113
[HHL info]: L2 error (normalized): 0.27243183393827347

========================================================================================
 Compare system solutions using LU of A, LU sol of A_herm, HHL of Ax=b hermition system
LU sol 	    Herm LU sol    HHL sol    L1_diff(%)
-1.879e-02  -1.879e-02  -0.000e+00  1.000e+02
-1.003e-02  -1.003e-02  -0.000e+00  1.000e+02
-4.314e-02  -4.314e-02  -0.000e+00  1.000e+02
-1.294e-01  -1.294e-01  -6.776e-02  4.766e+01
-6.856e-02  -6.856e-02  -0.000e+00  1.000e+02
-1.578e-02  -1.578e-02  -0.000e+00  1.000e+02
-1.459e-01  -1.459e-01  -0.000e+00  1.000e+02
-1.354e-02  -1.354e-02  -0.000e+00  1.000e+02
-3.838e-01  -3.838e-01  -1.793e-01  5.329e+01
-9.630e-02  -9.630e-02  -0.000e+00  1.000e+02
-2.767e-01  -2.767e-01  -1.793e-01  3.522e+01
-4.070e-01  -4.070e-01  -1.793e-01  5.595e+01
-1.928e-01  -1.928e-01  -1.355e-01  2.973e+01
-1.950e-01  -1.950e-01  -9.582e-02  5.085e+01
-4.710e-01  -4.710e-01  -2.247e-01  5.229e+01
========================================================================================

step: 1/15 res:9.30785215060354, res/res0:0.7521272772941191  dq_norm: [0.1515074  0.20326851 0.33878084]

A info: before HHL prepare:
Spectral radius (A): 2.288e+01, lambda_min:3.8234972045876203
condition number(A): 5.984e+00, norm2_cond:70.70591555482773
det(A): 6.378e+15
--------------------------------------------------------------------------------

A_hhl info: after scaling by spectral radius:
Spectral radius (A): 1.000e+00, lambda_min:0.16710272737167808
condition number(A): 5.984e+00, norm2_cond:70.70591555482773
det(A): 2.586e-05, nnz: 13 non zeros per row
--------------------------------------------------------------------------------

Size of A & B are not power of 2:
Next 2 power of 15 = 16
Value to be padded = 1
--------------------------------------------------

==================== Print (N)^2 padded matrix system =======================
Padded shape of A: (15, 15)x(15, 15) -> (16, 16)x(16, 16)
Padded shape of B: (15,) -> (16,)
Determinant of padded matrix: 2.5855713899091703e-05
Condition # of padded matrix: 70.70591555482773


Matrix is not Hermitian. Making it Hermitian.......

==================== Print Hermitian matrix system info =======================
Shape of hermitian A: 16x16 -> 32x32
Shape of           B: 16 -> 32
Determinant of Hermitian matrix: 6.685179412316863e-10
Condition # of Hermitian matrix: 70.7059155548278

=================================== Generating HHL circuit ===================================
Time elapsed for generating HHL circuit: 0 min 9.03 sec

Generated circuit: num_qubits=14, gates=19, depth=5
============================== Generated Circuit saved ==============================

============================== Transpiling circuit ==============================
This is using the AerSimulator('aer_simulator_statevector') transpiler.
Time elapsed for transpiling the circuit:  0 min 1.65 sec
Transpiled circuit, num_qubits: 14, (original: 14)
Transpiled circuit depth: 22375 (original: 5)
Transpiled circuit gates: 22479 (original: 19)
============================== Transpiled Circuit saved ==============================
Time elapsed for running the circuit:  0 min 1.99 sec
total_qubits: 14, nq:5

Time elapsed for extracting shots-based hhl counts solution:  0 min 0.00 sec

[HHL info]: linear system residual (e=||Ax-b||_2): 0.7320911327673352
[HHL info]: Fidelity(true_sol, hhl_sol): 0.9736890463073545
[HHL info]: L2 error (absolute): 0.07770019955689089
[HHL info]: L2 error (relative): 0.18111025454646668
[HHL info]: L2 error (normalized): 0.16274622938940395

========================================================================================
 Compare system solutions using LU of A, LU sol of A_herm, HHL of Ax=b hermition system
LU sol 	    Herm LU sol    HHL sol    L1_diff(%)
-1.470e-02  -1.470e-02  -0.000e+00  1.000e+02
-6.436e-03  -6.436e-03  -0.000e+00  1.000e+02
-3.514e-02  -3.514e-02  -0.000e+00  1.000e+02
-6.087e-02  -6.087e-02  -6.525e-02  7.194e+00
-7.896e-02  -7.896e-02  -7.992e-02  1.213e+00
-2.645e-02  -2.645e-02  -0.000e+00  1.000e+02
-1.546e-01  -1.546e-01  -1.384e-01  1.047e+01
-1.310e-02  -1.310e-02  -0.000e+00  1.000e+02
-2.041e-01  -2.041e-01  -1.530e-01  2.503e+01
-8.791e-02  -8.791e-02  -7.992e-02  9.090e+00
-9.322e-02  -9.322e-02  -9.228e-02  1.006e+00
-2.028e-01  -2.028e-01  -1.787e-01  1.189e+01
-3.536e-02  -3.536e-02  -4.614e-02  3.047e+01
-9.928e-02  -9.928e-02  -1.032e-01  3.916e+00
-1.937e-01  -1.937e-01  -1.958e-01  1.040e+00
========================================================================================

step: 2/15 res:4.295785275640366, res/res0:0.3471238295290339  dq_norm: [0.17869727 0.1598317  0.3060544 ]

A info: before HHL prepare:
Spectral radius (A): 2.434e+01, lambda_min:4.266762997304474
condition number(A): 5.704e+00, norm2_cond:67.54803342249848
det(A): 1.260e+16
--------------------------------------------------------------------------------

A_hhl info: after scaling by spectral radius:
Spectral radius (A): 1.000e+00, lambda_min:0.17532432562760458
condition number(A): 5.704e+00, norm2_cond:67.54803342249852
det(A): 2.025e-05, nnz: 12 non zeros per row
--------------------------------------------------------------------------------

Size of A & B are not power of 2:
Next 2 power of 15 = 16
Value to be padded = 1
--------------------------------------------------

==================== Print (N)^2 padded matrix system =======================
Padded shape of A: (15, 15)x(15, 15) -> (16, 16)x(16, 16)
Padded shape of B: (15,) -> (16,)
Determinant of padded matrix: 2.025103897124136e-05
Condition # of padded matrix: 67.54803342249852


Matrix is not Hermitian. Making it Hermitian.......

==================== Print Hermitian matrix system info =======================
Shape of hermitian A: 16x16 -> 32x32
Shape of           B: 16 -> 32
Determinant of Hermitian matrix: 4.1010457941473776e-10
Condition # of Hermitian matrix: 67.54803342249855

=================================== Generating HHL circuit ===================================
Time elapsed for generating HHL circuit: 0 min 8.72 sec

Generated circuit: num_qubits=14, gates=19, depth=5
============================== Generated Circuit saved ==============================

============================== Transpiling circuit ==============================
This is using the AerSimulator('aer_simulator_statevector') transpiler.
Time elapsed for transpiling the circuit:  0 min 1.64 sec
Transpiled circuit, num_qubits: 14, (original: 14)
Transpiled circuit depth: 22397 (original: 5)
Transpiled circuit gates: 22501 (original: 19)
============================== Transpiled Circuit saved ==============================
Time elapsed for running the circuit:  0 min 1.97 sec
total_qubits: 14, nq:5

Time elapsed for extracting shots-based hhl counts solution:  0 min 0.00 sec

[HHL info]: linear system residual (e=||Ax-b||_2): 0.706277297227412
[HHL info]: Fidelity(true_sol, hhl_sol): 0.8762881573005272
[HHL info]: L2 error (absolute): 0.0382738232260186
[HHL info]: L2 error (relative): 0.7667793389303205
[HHL info]: L2 error (normalized): 0.35748386676128324

========================================================================================
 Compare system solutions using LU of A, LU sol of A_herm, HHL of Ax=b hermition system
LU sol 	    Herm LU sol    HHL sol    L1_diff(%)
-1.270e-02  -1.270e-02  -0.000e+00  1.000e+02
-4.749e-03  -4.749e-03  -0.000e+00  1.000e+02
-2.926e-02  -2.926e-02  -7.222e-03  7.532e+01
 1.848e-02   1.848e-02   3.230e-03  8.253e+01
 8.990e-03   8.990e-03   3.230e-03  6.407e+01
-3.288e-03  -3.288e-03  -0.000e+00  1.000e+02
 4.831e-03   4.831e-03   0.000e+00  1.000e+02
-1.753e-02  -1.753e-02  -5.107e-03  7.087e+01
-1.763e-02  -1.763e-02  -4.568e-03  7.409e+01
 3.111e-05   3.111e-05   0.000e+00  1.000e+02
 2.223e-03   2.223e-03   0.000e+00  1.000e+02
-9.883e-03  -9.883e-03  -3.230e-03  6.732e+01
 1.423e-02   1.423e-02   4.568e-03  6.790e+01
 6.636e-03   6.636e-03   2.284e-03  6.558e+01
 5.242e-03   5.242e-03   2.284e-03  5.643e+01
========================================================================================

step: 3/15 res:0.857829478603026, res/res0:0.06931749018837732  dq_norm: [0.00559427 0.00645971 0.00941657]

A info: before HHL prepare:
Spectral radius (A): 2.428e+01, lambda_min:4.227988482475672
condition number(A): 5.742e+00, norm2_cond:67.56007019500886
det(A): 1.186e+16
--------------------------------------------------------------------------------

A_hhl info: after scaling by spectral radius:
Spectral radius (A): 1.000e+00, lambda_min:0.1741466159565615
condition number(A): 5.742e+00, norm2_cond:67.5600701950085
det(A): 1.977e-05, nnz: 13 non zeros per row
--------------------------------------------------------------------------------

Size of A & B are not power of 2:
Next 2 power of 15 = 16
Value to be padded = 1
--------------------------------------------------

==================== Print (N)^2 padded matrix system =======================
Padded shape of A: (15, 15)x(15, 15) -> (16, 16)x(16, 16)
Padded shape of B: (15,) -> (16,)
Determinant of padded matrix: 1.9767113493609783e-05
Condition # of padded matrix: 67.5600701950085


Matrix is not Hermitian. Making it Hermitian.......

==================== Print Hermitian matrix system info =======================
Shape of hermitian A: 16x16 -> 32x32
Shape of           B: 16 -> 32
Determinant of Hermitian matrix: 3.9073877586924855e-10
Condition # of Hermitian matrix: 67.56007019500862

=================================== Generating HHL circuit ===================================
Time elapsed for generating HHL circuit: 0 min 8.84 sec

Generated circuit: num_qubits=14, gates=19, depth=5
============================== Generated Circuit saved ==============================

============================== Transpiling circuit ==============================
This is using the AerSimulator('aer_simulator_statevector') transpiler.
Time elapsed for transpiling the circuit:  0 min 1.73 sec
Transpiled circuit, num_qubits: 14, (original: 14)
Transpiled circuit depth: 22397 (original: 5)
Transpiled circuit gates: 22501 (original: 19)
============================== Transpiled Circuit saved ==============================
Time elapsed for running the circuit:  0 min 1.98 sec
total_qubits: 14, nq:5

Time elapsed for extracting shots-based hhl counts solution:  0 min 0.00 sec

[HHL info]: linear system residual (e=||Ax-b||_2): 0.6873241946378171
[HHL info]: Fidelity(true_sol, hhl_sol): 0.756706861835921
[HHL info]: L2 error (absolute): 0.03703235800745043
[HHL info]: L2 error (relative): 0.9662717030026919
[HHL info]: L2 error (normalized): 0.510119605634965

========================================================================================
 Compare system solutions using LU of A, LU sol of A_herm, HHL of Ax=b hermition system
LU sol 	    Herm LU sol    HHL sol    L1_diff(%)
-1.268e-02  -1.268e-02  -5.938e-04  9.532e+01
-4.713e-03  -4.713e-03  -0.000e+00  1.000e+02
-2.197e-02  -2.197e-02  -8.398e-04  9.618e+01
 1.540e-02   1.540e-02   4.849e-04  9.685e+01
 5.840e-03   5.840e-03   3.428e-04  9.413e+01
-3.187e-03  -3.187e-03  -0.000e+00  1.000e+02
 4.903e-03   4.903e-03   0.000e+00  1.000e+02
-1.245e-02  -1.245e-02  -0.000e+00  1.000e+02
-1.298e-02  -1.298e-02  -5.938e-04  9.543e+01
 1.162e-04   1.162e-04   0.000e+00  1.000e+02
 2.305e-03   2.305e-03   3.428e-04  8.513e+01
-6.483e-03  -6.483e-03  -0.000e+00  1.000e+02
 9.889e-03   9.889e-03   5.938e-04  9.400e+01
 4.388e-03   4.388e-03   0.000e+00  1.000e+02
 3.104e-03   3.104e-03   0.000e+00  1.000e+02
========================================================================================

step: 4/15 res:0.7065887457940379, res/res0:0.057096380662457785  dq_norm: [0.0009697  0.00048485 0.00102853]

A info: before HHL prepare:
Spectral radius (A): 2.427e+01, lambda_min:4.222852463609902
condition number(A): 5.748e+00, norm2_cond:67.58051957134492
det(A): 1.178e+16
--------------------------------------------------------------------------------

A_hhl info: after scaling by spectral radius:
Spectral radius (A): 1.000e+00, lambda_min:0.17396605758790498
condition number(A): 5.748e+00, norm2_cond:67.58051957134495
det(A): 1.968e-05, nnz: 11 non zeros per row
--------------------------------------------------------------------------------

Size of A & B are not power of 2:
Next 2 power of 15 = 16
Value to be padded = 1
--------------------------------------------------

==================== Print (N)^2 padded matrix system =======================
Padded shape of A: (15, 15)x(15, 15) -> (16, 16)x(16, 16)
Padded shape of B: (15,) -> (16,)
Determinant of padded matrix: 1.9679194018409082e-05
Condition # of padded matrix: 67.58051957134495


Matrix is not Hermitian. Making it Hermitian.......

==================== Print Hermitian matrix system info =======================
Shape of hermitian A: 16x16 -> 32x32
Shape of           B: 16 -> 32
Determinant of Hermitian matrix: 3.8727067721418776e-10
Condition # of Hermitian matrix: 67.58051957134533

=================================== Generating HHL circuit ===================================
Time elapsed for generating HHL circuit: 0 min 8.95 sec

Generated circuit: num_qubits=14, gates=19, depth=5
============================== Generated Circuit saved ==============================

============================== Transpiling circuit ==============================
This is using the AerSimulator('aer_simulator_statevector') transpiler.
Time elapsed for transpiling the circuit:  0 min 1.64 sec
Transpiled circuit, num_qubits: 14, (original: 14)
Transpiled circuit depth: 22395 (original: 5)
Transpiled circuit gates: 22499 (original: 19)
============================== Transpiled Circuit saved ==============================
Time elapsed for running the circuit:  0 min 2.00 sec
total_qubits: 14, nq:5

Time elapsed for extracting shots-based hhl counts solution:  0 min 0.00 sec

[HHL info]: linear system residual (e=||Ax-b||_2): 0.5355160150139471
[HHL info]: Fidelity(true_sol, hhl_sol): 0.7765153609742467
[HHL info]: L2 error (absolute): 0.028182449910314055
[HHL info]: L2 error (relative): 0.7609704826654028
[HHL info]: L2 error (normalized): 0.4874400681608989

========================================================================================
 Compare system solutions using LU of A, LU sol of A_herm, HHL of Ax=b hermition system
LU sol 	    Herm LU sol    HHL sol    L1_diff(%)
-1.208e-02  -1.208e-02  -4.816e-03  6.014e+01
-4.704e-03  -4.704e-03  -3.046e-03  3.525e+01
-2.111e-02  -2.111e-02  -3.730e-03  8.233e+01
 1.493e-02   1.493e-02   2.154e-03  8.557e+01
 5.505e-03   5.505e-03   0.000e+00  1.000e+02
-3.193e-03  -3.193e-03  -0.000e+00  1.000e+02
 4.901e-03   4.901e-03   0.000e+00  1.000e+02
-1.245e-02  -1.245e-02  -3.730e-03  7.004e+01
-1.240e-02  -1.240e-02  -5.275e-03  5.746e+01
 1.236e-04   1.236e-04   0.000e+00  1.000e+02
 1.976e-03   1.976e-03   0.000e+00  1.000e+02
-6.464e-03  -6.464e-03  -2.154e-03  6.668e+01
 9.325e-03   9.325e-03   3.046e-03  6.734e+01
 4.394e-03   4.394e-03   0.000e+00  1.000e+02
 3.129e-03   3.129e-03   2.154e-03  3.116e+01
========================================================================================

step: 5/15 res:0.6873292601423753, res/res0:0.05554010492119229  dq_norm: [0.00609146 0.00481573 0.00714288]

A info: before HHL prepare:
Spectral radius (A): 2.423e+01, lambda_min:4.179396292791423
condition number(A): 5.799e+00, norm2_cond:67.75498335438364
det(A): 1.119e+16
--------------------------------------------------------------------------------

A_hhl info: after scaling by spectral radius:
Spectral radius (A): 1.000e+00, lambda_min:0.1724580409346249
condition number(A): 5.799e+00, norm2_cond:67.7549833543835
det(A): 1.916e-05, nnz: 11 non zeros per row
--------------------------------------------------------------------------------

Size of A & B are not power of 2:
Next 2 power of 15 = 16
Value to be padded = 1
--------------------------------------------------

==================== Print (N)^2 padded matrix system =======================
Padded shape of A: (15, 15)x(15, 15) -> (16, 16)x(16, 16)
Padded shape of B: (15,) -> (16,)
Determinant of padded matrix: 1.9156069398991512e-05
Condition # of padded matrix: 67.7549833543835


Matrix is not Hermitian. Making it Hermitian.......

==================== Print Hermitian matrix system info =======================
Shape of hermitian A: 16x16 -> 32x32
Shape of           B: 16 -> 32
Determinant of Hermitian matrix: 3.669549948189803e-10
Condition # of Hermitian matrix: 67.75498335438368

=================================== Generating HHL circuit ===================================
Time elapsed for generating HHL circuit: 0 min 8.69 sec

Generated circuit: num_qubits=14, gates=19, depth=5
============================== Generated Circuit saved ==============================

============================== Transpiling circuit ==============================
This is using the AerSimulator('aer_simulator_statevector') transpiler.
Time elapsed for transpiling the circuit:  0 min 1.92 sec
Transpiled circuit, num_qubits: 14, (original: 14)
Transpiled circuit depth: 22389 (original: 5)
Transpiled circuit gates: 22493 (original: 19)
============================== Transpiled Circuit saved ==============================
Time elapsed for running the circuit:  0 min 1.96 sec
total_qubits: 14, nq:5

Time elapsed for extracting shots-based hhl counts solution:  0 min 0.00 sec

[HHL info]: linear system residual (e=||Ax-b||_2): 0.42755406067518287
[HHL info]: Fidelity(true_sol, hhl_sol): 0.8145589643844486
[HHL info]: L2 error (absolute): 0.021527826074434004
[HHL info]: L2 error (relative): 0.7652299516131416
[HHL info]: L2 error (normalized): 0.4415219039354026

========================================================================================
 Compare system solutions using LU of A, LU sol of A_herm, HHL of Ax=b hermition system
LU sol 	    Herm LU sol    HHL sol    L1_diff(%)
-7.201e-03  -7.201e-03  -2.148e-03  7.017e+01
-1.593e-03  -1.593e-03  -0.000e+00  1.000e+02
-1.720e-02  -1.720e-02  -5.038e-03  7.071e+01
 1.291e-02   1.291e-02   4.019e-03  6.888e+01
 5.562e-03   5.562e-03   0.000e+00  1.000e+02
-3.061e-03  -3.061e-03  -0.000e+00  1.000e+02
 4.953e-03   4.953e-03   1.519e-03  6.933e+01
-8.720e-03  -8.720e-03  -0.000e+00  1.000e+02
-7.068e-03  -7.068e-03  -2.148e-03  6.961e+01
 1.722e-04   1.722e-04   0.000e+00  1.000e+02
 2.034e-03   2.034e-03   0.000e+00  1.000e+02
-4.200e-03  -4.200e-03  -1.519e-03  6.383e+01
 6.401e-03   6.401e-03   1.519e-03  7.627e+01
 4.419e-03   4.419e-03   0.000e+00  1.000e+02
 1.112e-03   1.112e-03   0.000e+00  1.000e+02
========================================================================================

step: 6/15 res:0.5355619595730958, res/res0:0.04327644573188633  dq_norm: [0.00503784 0.         0.00568345]

A info: before HHL prepare:
Spectral radius (A): 2.420e+01, lambda_min:4.152646288101227
condition number(A): 5.827e+00, norm2_cond:67.70453049234217
det(A): 1.078e+16
--------------------------------------------------------------------------------

A_hhl info: after scaling by spectral radius:
Spectral radius (A): 1.000e+00, lambda_min:0.17162427315675036
condition number(A): 5.827e+00, norm2_cond:67.70453049234234
det(A): 1.889e-05, nnz: 11 non zeros per row
--------------------------------------------------------------------------------

Size of A & B are not power of 2:
Next 2 power of 15 = 16
Value to be padded = 1
--------------------------------------------------

==================== Print (N)^2 padded matrix system =======================
Padded shape of A: (15, 15)x(15, 15) -> (16, 16)x(16, 16)
Padded shape of B: (15,) -> (16,)
Determinant of padded matrix: 1.8890406127111857e-05
Condition # of padded matrix: 67.70453049234234


Matrix is not Hermitian. Making it Hermitian.......

==================== Print Hermitian matrix system info =======================
Shape of hermitian A: 16x16 -> 32x32
Shape of           B: 16 -> 32
Determinant of Hermitian matrix: 3.568474436472277e-10
Condition # of Hermitian matrix: 67.70453049234234

=================================== Generating HHL circuit ===================================
Time elapsed for generating HHL circuit: 0 min 8.65 sec

Generated circuit: num_qubits=14, gates=19, depth=5
============================== Generated Circuit saved ==============================

============================== Transpiling circuit ==============================
This is using the AerSimulator('aer_simulator_statevector') transpiler.
Time elapsed for transpiling the circuit:  0 min 1.69 sec
Transpiled circuit, num_qubits: 14, (original: 14)
Transpiled circuit depth: 22395 (original: 5)
Transpiled circuit gates: 22499 (original: 19)
============================== Transpiled Circuit saved ==============================
Time elapsed for running the circuit:  0 min 2.00 sec
total_qubits: 14, nq:5

Time elapsed for extracting shots-based hhl counts solution:  0 min 0.00 sec

[HHL info]: linear system residual (e=||Ax-b||_2): 0.35994573080348063
[HHL info]: Fidelity(true_sol, hhl_sol): 0.7272038868972506
[HHL info]: L2 error (absolute): 0.01864912402379979
[HHL info]: L2 error (relative): 0.8670311071180236
[HHL info]: L2 error (normalized): 0.5426555017327545

========================================================================================
 Compare system solutions using LU of A, LU sol of A_herm, HHL of Ax=b hermition system
LU sol 	    Herm LU sol    HHL sol    L1_diff(%)
-5.009e-03  -5.009e-03  -1.121e-03  7.761e+01
-1.540e-03  -1.540e-03  -0.000e+00  1.000e+02
-1.205e-02  -1.205e-02  -1.374e-03  8.861e+01
 9.010e-03   9.010e-03   2.098e-03  7.671e+01
 5.588e-03   5.588e-03   0.000e+00  1.000e+02
-3.027e-03  -3.027e-03  -0.000e+00  1.000e+02
 3.478e-03   3.478e-03   1.121e-03  6.775e+01
-8.705e-03  -8.705e-03  -7.930e-04  9.089e+01
-4.903e-03  -4.903e-03  -7.930e-04  8.383e+01
 1.938e-04   1.938e-04   0.000e+00  1.000e+02
 2.059e-03   2.059e-03   7.930e-04  6.149e+01
-2.646e-03  -2.646e-03  -7.930e-04  7.003e+01
 4.919e-03   4.919e-03   7.930e-04  8.388e+01
 4.432e-03   4.432e-03   0.000e+00  1.000e+02
 1.127e-03   1.127e-03   0.000e+00  1.000e+02
========================================================================================

step: 7/15 res:0.4276969579260001, res/res0:0.03456034144794632  dq_norm: [0.00274701 0.00112146 0.00177319]

A info: before HHL prepare:
Spectral radius (A): 2.417e+01, lambda_min:4.138419388832203
condition number(A): 5.841e+00, norm2_cond:67.686619167212
det(A): 1.054e+16
--------------------------------------------------------------------------------

A_hhl info: after scaling by spectral radius:
Spectral radius (A): 1.000e+00, lambda_min:0.17121274183252444
condition number(A): 5.841e+00, norm2_cond:67.68661916721172
det(A): 1.877e-05, nnz: 11 non zeros per row
--------------------------------------------------------------------------------

Size of A & B are not power of 2:
Next 2 power of 15 = 16
Value to be padded = 1
--------------------------------------------------

==================== Print (N)^2 padded matrix system =======================
Padded shape of A: (15, 15)x(15, 15) -> (16, 16)x(16, 16)
Padded shape of B: (15,) -> (16,)
Determinant of padded matrix: 1.8772695923940148e-05
Condition # of padded matrix: 67.68661916721172


Matrix is not Hermitian. Making it Hermitian.......

==================== Print Hermitian matrix system info =======================
Shape of hermitian A: 16x16 -> 32x32
Shape of           B: 16 -> 32
Determinant of Hermitian matrix: 3.524141122527203e-10
Condition # of Hermitian matrix: 67.686619167212

=================================== Generating HHL circuit ===================================
Time elapsed for generating HHL circuit: 0 min 8.76 sec

Generated circuit: num_qubits=14, gates=19, depth=5
============================== Generated Circuit saved ==============================

============================== Transpiling circuit ==============================
This is using the AerSimulator('aer_simulator_statevector') transpiler.
Time elapsed for transpiling the circuit:  0 min 1.71 sec
Transpiled circuit, num_qubits: 14, (original: 14)
Transpiled circuit depth: 22395 (original: 5)
Transpiled circuit gates: 22499 (original: 19)
============================== Transpiled Circuit saved ==============================
Time elapsed for running the circuit:  0 min 1.98 sec
total_qubits: 14, nq:5

Time elapsed for extracting shots-based hhl counts solution:  0 min 0.00 sec

[HHL info]: linear system residual (e=||Ax-b||_2): 0.3554915353408491
[HHL info]: Fidelity(true_sol, hhl_sol): 0.8007444512643156
[HHL info]: L2 error (absolute): 0.018437357182297602
[HHL info]: L2 error (relative): 0.9895404592573638
[HHL info]: L2 error (normalized): 0.45859948727061967

========================================================================================
 Compare system solutions using LU of A, LU sol of A_herm, HHL of Ax=b hermition system
LU sol 	    Herm LU sol    HHL sol    L1_diff(%)
-3.868e-03  -3.868e-03  -4.649e-05  9.880e+01
-1.517e-03  -1.517e-03  -0.000e+00  1.000e+02
-1.063e-02  -1.063e-02  -9.299e-05  9.913e+01
 6.968e-03   6.968e-03   1.139e-04  9.837e+01
 5.605e-03   5.605e-03   8.053e-05  9.856e+01
-2.994e-03  -2.994e-03  -0.000e+00  1.000e+02
 2.389e-03   2.389e-03   4.649e-05  9.805e+01
-7.908e-03  -7.908e-03  -9.299e-05  9.882e+01
-4.071e-03  -4.071e-03  -0.000e+00  1.000e+02
 2.110e-04   2.110e-04   0.000e+00  1.000e+02
 1.276e-03   1.276e-03   0.000e+00  1.000e+02
-1.815e-03  -1.815e-03  -4.649e-05  9.744e+01
 4.143e-03   4.143e-03   0.000e+00  1.000e+02
 4.438e-03   4.438e-03   6.575e-05  9.852e+01
 1.140e-03   1.140e-03   0.000e+00  1.000e+02
========================================================================================

step: 8/15 res:0.3599832252883467, res/res0:0.02908868756473785  dq_norm: [0.0001315  0.00013948 0.00010396]

A info: before HHL prepare:
Spectral radius (A): 2.417e+01, lambda_min:4.138502305565418
condition number(A): 5.840e+00, norm2_cond:67.67794146121997
det(A): 1.054e+16
--------------------------------------------------------------------------------

A_hhl info: after scaling by spectral radius:
Spectral radius (A): 1.000e+00, lambda_min:0.1712245319275222
condition number(A): 5.840e+00, norm2_cond:67.67794146121959
det(A): 1.878e-05, nnz: 11 non zeros per row
--------------------------------------------------------------------------------

Size of A & B are not power of 2:
Next 2 power of 15 = 16
Value to be padded = 1
--------------------------------------------------

==================== Print (N)^2 padded matrix system =======================
Padded shape of A: (15, 15)x(15, 15) -> (16, 16)x(16, 16)
Padded shape of B: (15,) -> (16,)
Determinant of padded matrix: 1.8782298346446097e-05
Condition # of padded matrix: 67.67794146121959


Matrix is not Hermitian. Making it Hermitian.......

==================== Print Hermitian matrix system info =======================
Shape of hermitian A: 16x16 -> 32x32
Shape of           B: 16 -> 32
Determinant of Hermitian matrix: 3.527747311749118e-10
Condition # of Hermitian matrix: 67.67794146121999

=================================== Generating HHL circuit ===================================
Time elapsed for generating HHL circuit: 0 min 8.82 sec

Generated circuit: num_qubits=14, gates=19, depth=5
============================== Generated Circuit saved ==============================

============================== Transpiling circuit ==============================
This is using the AerSimulator('aer_simulator_statevector') transpiler.
Time elapsed for transpiling the circuit:  0 min 1.71 sec
Transpiled circuit, num_qubits: 14, (original: 14)
Transpiled circuit depth: 22395 (original: 5)
Transpiled circuit gates: 22499 (original: 19)
============================== Transpiled Circuit saved ==============================
Time elapsed for running the circuit:  0 min 1.98 sec
total_qubits: 14, nq:5

Time elapsed for extracting shots-based hhl counts solution:  0 min 0.00 sec

[HHL info]: linear system residual (e=||Ax-b||_2): 0.24947203263645976
[HHL info]: Fidelity(true_sol, hhl_sol): 0.8742780786628678
[HHL info]: L2 error (absolute): 0.010932475679893274
[HHL info]: L2 error (relative): 0.5929837678130707
[HHL info]: L2 error (normalized): 0.3604763962289918

========================================================================================
 Compare system solutions using LU of A, LU sol of A_herm, HHL of Ax=b hermition system
LU sol 	    Herm LU sol    HHL sol    L1_diff(%)
-3.821e-03  -3.821e-03  -2.307e-03  3.963e+01
-1.516e-03  -1.516e-03  -0.000e+00  1.000e+02
-1.054e-02  -1.054e-02  -4.893e-03  5.355e+01
 6.857e-03   6.857e-03   2.825e-03  5.880e+01
 5.526e-03   5.526e-03   2.307e-03  5.826e+01
-2.992e-03  -2.992e-03  -2.307e-03  2.290e+01
 2.344e-03   2.344e-03   0.000e+00  1.000e+02
-7.815e-03  -7.815e-03  -3.262e-03  5.825e+01
-4.067e-03  -4.067e-03  -1.631e-03  5.989e+01
 2.118e-04   2.118e-04   0.000e+00  1.000e+02
 1.276e-03   1.276e-03   0.000e+00  1.000e+02
-1.767e-03  -1.767e-03  -1.631e-03  7.664e+00
 4.143e-03   4.143e-03   2.825e-03  3.181e+01
 4.373e-03   4.373e-03   0.000e+00  1.000e+02
 1.140e-03   1.140e-03   0.000e+00  1.000e+02
========================================================================================

step: 9/15 res:0.35549172616521796, res/res0:0.02872574894562488  dq_norm: [0.00461363 0.00399552 0.00588124]

A info: before HHL prepare:
Spectral radius (A): 2.413e+01, lambda_min:4.103863575121928
condition number(A): 5.879e+00, norm2_cond:67.83766098898751
det(A): 1.007e+16
--------------------------------------------------------------------------------

A_hhl info: after scaling by spectral radius:
Spectral radius (A): 1.000e+00, lambda_min:0.17008511753429292
condition number(A): 5.879e+00, norm2_cond:67.83766098898751
det(A): 1.841e-05, nnz: 11 non zeros per row
--------------------------------------------------------------------------------

Size of A & B are not power of 2:
Next 2 power of 15 = 16
Value to be padded = 1
--------------------------------------------------

==================== Print (N)^2 padded matrix system =======================
Padded shape of A: (15, 15)x(15, 15) -> (16, 16)x(16, 16)
Padded shape of B: (15,) -> (16,)
Determinant of padded matrix: 1.8407622009391413e-05
Condition # of padded matrix: 67.83766098898751


Matrix is not Hermitian. Making it Hermitian.......

==================== Print Hermitian matrix system info =======================
Shape of hermitian A: 16x16 -> 32x32
Shape of           B: 16 -> 32
Determinant of Hermitian matrix: 3.3884054804063356e-10
Condition # of Hermitian matrix: 67.8376609889876

=================================== Generating HHL circuit ===================================
Time elapsed for generating HHL circuit: 0 min 8.98 sec

Generated circuit: num_qubits=14, gates=19, depth=5
============================== Generated Circuit saved ==============================

============================== Transpiling circuit ==============================
This is using the AerSimulator('aer_simulator_statevector') transpiler.
Time elapsed for transpiling the circuit:  0 min 1.70 sec
Transpiled circuit, num_qubits: 14, (original: 14)
Transpiled circuit depth: 22391 (original: 5)
Transpiled circuit gates: 22495 (original: 19)
============================== Transpiled Circuit saved ==============================
Time elapsed for running the circuit:  0 min 1.99 sec
total_qubits: 14, nq:5

Time elapsed for extracting shots-based hhl counts solution:  0 min 0.00 sec

[HHL info]: linear system residual (e=||Ax-b||_2): 0.19775263341513394
[HHL info]: Fidelity(true_sol, hhl_sol): 0.570703516624621
[HHL info]: L2 error (absolute): 0.0077091065551288356
[HHL info]: L2 error (relative): 0.7054598005128775
[HHL info]: L2 error (normalized): 0.6993579696843198

========================================================================================
 Compare system solutions using LU of A, LU sol of A_herm, HHL of Ax=b hermition system
LU sol 	    Herm LU sol    HHL sol    L1_diff(%)
-1.503e-03  -1.503e-03  -3.208e-03  1.135e+02
-1.500e-03  -1.500e-03  -3.208e-03  1.139e+02
-5.601e-03  -5.601e-03  -5.556e-03  7.967e-01
 4.081e-03   4.081e-03   0.000e+00  1.000e+02
 3.252e-03   3.252e-03   5.556e-03  7.086e+01
-6.544e-04  -6.544e-04  -0.000e+00  1.000e+02
 2.373e-03   2.373e-03   0.000e+00  1.000e+02
-4.551e-03  -4.551e-03  -5.556e-03  2.208e+01
-2.378e-03  -2.378e-03  -3.208e-03  3.492e+01
 2.197e-04   2.197e-04   0.000e+00  1.000e+02
 1.284e-03   1.284e-03   0.000e+00  1.000e+02
-1.095e-04  -1.095e-04  -0.000e+00  1.000e+02
 1.325e-03   1.325e-03   0.000e+00  1.000e+02
 4.380e-03   4.380e-03   0.000e+00  1.000e+02
 1.107e-03   1.107e-03   0.000e+00  1.000e+02
========================================================================================

step: 10/15 res:0.2493852483771078, res/res0:0.020151743369390466  dq_norm: [0.00320801 0.00848761 0.00641603]

A info: before HHL prepare:
Spectral radius (A): 2.409e+01, lambda_min:4.1020127619861215
condition number(A): 5.873e+00, norm2_cond:67.89379721010059
det(A): 1.002e+16
--------------------------------------------------------------------------------

A_hhl info: after scaling by spectral radius:
Spectral radius (A): 1.000e+00, lambda_min:0.17026033461372303
condition number(A): 5.873e+00, norm2_cond:67.89379721010066
det(A): 1.874e-05, nnz: 11 non zeros per row
--------------------------------------------------------------------------------

Size of A & B are not power of 2:
Next 2 power of 15 = 16
Value to be padded = 1
--------------------------------------------------

==================== Print (N)^2 padded matrix system =======================
Padded shape of A: (15, 15)x(15, 15) -> (16, 16)x(16, 16)
Padded shape of B: (15,) -> (16,)
Determinant of padded matrix: 1.8739527820939067e-05
Condition # of padded matrix: 67.89379721010066


Matrix is not Hermitian. Making it Hermitian.......

==================== Print Hermitian matrix system info =======================
Shape of hermitian A: 16x16 -> 32x32
Shape of           B: 16 -> 32
Determinant of Hermitian matrix: 3.511699029517493e-10
Condition # of Hermitian matrix: 67.89379721010079

=================================== Generating HHL circuit ===================================
Time elapsed for generating HHL circuit: 0 min 8.60 sec

Generated circuit: num_qubits=14, gates=19, depth=5
============================== Generated Circuit saved ==============================

============================== Transpiling circuit ==============================
This is using the AerSimulator('aer_simulator_statevector') transpiler.
Time elapsed for transpiling the circuit:  0 min 1.99 sec
Transpiled circuit, num_qubits: 14, (original: 14)
Transpiled circuit depth: 22391 (original: 5)
Transpiled circuit gates: 22495 (original: 19)
============================== Transpiled Circuit saved ==============================
Time elapsed for running the circuit:  0 min 1.99 sec
total_qubits: 14, nq:5

Time elapsed for extracting shots-based hhl counts solution:  0 min 0.00 sec

[HHL info]: linear system residual (e=||Ax-b||_2): 0.14447715982376116
[HHL info]: Fidelity(true_sol, hhl_sol): 0.804615223202204
[HHL info]: L2 error (absolute): 0.005873628243175194
[HHL info]: L2 error (relative): 0.7601081761316557
[HHL info]: L2 error (normalized): 0.45386458577222466

========================================================================================
 Compare system solutions using LU of A, LU sol of A_herm, HHL of Ax=b hermition system
LU sol 	    Herm LU sol    HHL sol    L1_diff(%)
 1.697e-03   1.697e-03   6.215e-04  6.338e+01
 1.709e-03   1.709e-03   0.000e+00  1.000e+02
-4.774e-05  -4.774e-05  -0.000e+00  1.000e+02
 4.093e-03   4.093e-03   1.077e-03  7.370e+01
-2.272e-03  -2.272e-03  -1.077e-03  5.261e+01
-6.305e-04  -6.305e-04  -0.000e+00  1.000e+02
 2.401e-03   2.401e-03   6.215e-04  7.411e+01
 1.006e-03   1.006e-03   0.000e+00  1.000e+02
 8.823e-04   8.823e-04   0.000e+00  1.000e+02
 2.379e-04   2.379e-04   0.000e+00  1.000e+02
 1.290e-03   1.290e-03   6.215e-04  5.181e+01
-7.262e-05  -7.262e-05  -0.000e+00  1.000e+02
 1.337e-03   1.337e-03   0.000e+00  1.000e+02
 4.387e-03   4.387e-03   1.077e-03  7.546e+01
 1.131e-03   1.131e-03   0.000e+00  1.000e+02
========================================================================================

step: 11/15 res:0.19758180644982004, res/res0:0.01596573126898248  dq_norm: [0.00138983 0.00164447 0.        ]

A info: before HHL prepare:
Spectral radius (A): 2.409e+01, lambda_min:4.10661244719726
condition number(A): 5.866e+00, norm2_cond:67.72689007024961
det(A): 1.002e+16
--------------------------------------------------------------------------------

A_hhl info: after scaling by spectral radius:
Spectral radius (A): 1.000e+00, lambda_min:0.17048180957408468
condition number(A): 5.866e+00, norm2_cond:67.72689007024975
det(A): 1.879e-05, nnz: 11 non zeros per row
--------------------------------------------------------------------------------

Size of A & B are not power of 2:
Next 2 power of 15 = 16
Value to be padded = 1
--------------------------------------------------

==================== Print (N)^2 padded matrix system =======================
Padded shape of A: (15, 15)x(15, 15) -> (16, 16)x(16, 16)
Padded shape of B: (15,) -> (16,)
Determinant of padded matrix: 1.8785728470738213e-05
Condition # of padded matrix: 67.72689007024975


Matrix is not Hermitian. Making it Hermitian.......

==================== Print Hermitian matrix system info =======================
Shape of hermitian A: 16x16 -> 32x32
Shape of           B: 16 -> 32
Determinant of Hermitian matrix: 3.529035941763055e-10
Condition # of Hermitian matrix: 67.72689007024982

=================================== Generating HHL circuit ===================================
Time elapsed for generating HHL circuit: 0 min 8.35 sec

Generated circuit: num_qubits=14, gates=19, depth=5
============================== Generated Circuit saved ==============================

============================== Transpiling circuit ==============================
This is using the AerSimulator('aer_simulator_statevector') transpiler.
Time elapsed for transpiling the circuit:  0 min 1.94 sec
Transpiled circuit, num_qubits: 14, (original: 14)
Transpiled circuit depth: 22391 (original: 5)
Transpiled circuit gates: 22495 (original: 19)
============================== Transpiled Circuit saved ==============================
Time elapsed for running the circuit:  0 min 1.99 sec
total_qubits: 14, nq:5

Time elapsed for extracting shots-based hhl counts solution:  0 min 0.00 sec

[HHL info]: linear system residual (e=||Ax-b||_2): 0.05359504113900812
[HHL info]: Fidelity(true_sol, hhl_sol): 0.8097791630768856
[HHL info]: L2 error (absolute): 0.0026796715030034776
[HHL info]: L2 error (relative): 0.45550022678819146
[HHL info]: L2 error (normalized): 0.4474878669705287

========================================================================================
 Compare system solutions using LU of A, LU sol of A_herm, HHL of Ax=b hermition system
LU sol 	    Herm LU sol    HHL sol    L1_diff(%)
 1.083e-03   1.083e-03   0.000e+00  1.000e+02
 1.711e-03   1.711e-03   2.022e-03  1.820e+01
-3.647e-05  -3.647e-05  -0.000e+00  1.000e+02
 3.027e-03   3.027e-03   2.477e-03  1.817e+01
-1.204e-03  -1.204e-03  -1.430e-03  1.875e+01
-6.254e-04  -6.254e-04  -0.000e+00  1.000e+02
 1.782e-03   1.782e-03   1.430e-03  1.974e+01
 1.005e-03   1.005e-03   1.430e-03  4.230e+01
 8.819e-04   8.819e-04   1.430e-03  6.215e+01
 2.391e-04   2.391e-04   0.000e+00  1.000e+02
 6.669e-04   6.669e-04   0.000e+00  1.000e+02
-6.963e-05  -6.963e-05  -0.000e+00  1.000e+02
 1.338e-03   1.338e-03   0.000e+00  1.000e+02
 3.308e-03   3.308e-03   4.290e-03  2.966e+01
 1.140e-03   1.140e-03   0.000e+00  1.000e+02
========================================================================================

step: 12/15 res:0.14452570185269967, res/res0:0.01167849691579428  dq_norm: [0.00285991 0.00515577 0.00142995]

A info: before HHL prepare:
Spectral radius (A): 2.409e+01, lambda_min:4.1298072501361744
condition number(A): 5.833e+00, norm2_cond:67.19319471579182
det(A): 1.019e+16
--------------------------------------------------------------------------------

A_hhl info: after scaling by spectral radius:
Spectral radius (A): 1.000e+00, lambda_min:0.17145090480204328
condition number(A): 5.833e+00, norm2_cond:67.19319471579178
det(A): 1.912e-05, nnz: 11 non zeros per row
--------------------------------------------------------------------------------

Size of A & B are not power of 2:
Next 2 power of 15 = 16
Value to be padded = 1
--------------------------------------------------

==================== Print (N)^2 padded matrix system =======================
Padded shape of A: (15, 15)x(15, 15) -> (16, 16)x(16, 16)
Padded shape of B: (15,) -> (16,)
Determinant of padded matrix: 1.9116823105538976e-05
Condition # of padded matrix: 67.19319471579178


Matrix is not Hermitian. Making it Hermitian.......

==================== Print Hermitian matrix system info =======================
Shape of hermitian A: 16x16 -> 32x32
Shape of           B: 16 -> 32
Determinant of Hermitian matrix: 3.654529256484702e-10
Condition # of Hermitian matrix: 67.19319471579198

=================================== Generating HHL circuit ===================================
Time elapsed for generating HHL circuit: 0 min 8.61 sec

Generated circuit: num_qubits=14, gates=19, depth=5
============================== Generated Circuit saved ==============================

============================== Transpiling circuit ==============================
This is using the AerSimulator('aer_simulator_statevector') transpiler.
Time elapsed for transpiling the circuit:  0 min 1.74 sec
Transpiled circuit, num_qubits: 14, (original: 14)
Transpiled circuit depth: 22389 (original: 5)
Transpiled circuit gates: 22493 (original: 19)
============================== Transpiled Circuit saved ==============================
Time elapsed for running the circuit:  0 min 1.97 sec
total_qubits: 14, nq:5

Time elapsed for extracting shots-based hhl counts solution:  0 min 0.00 sec

[HHL info]: linear system residual (e=||Ax-b||_2): 0.04100173899775701
[HHL info]: Fidelity(true_sol, hhl_sol): 0.6209317954547475
[HHL info]: L2 error (absolute): 0.0016519412052058194
[HHL info]: L2 error (relative): 0.6204489498848301
[HHL info]: L2 error (normalized): 0.6511647165482097

========================================================================================
 Compare system solutions using LU of A, LU sol of A_herm, HHL of Ax=b hermition system
LU sol 	    Herm LU sol    HHL sol    L1_diff(%)
 1.090e-03   1.090e-03   8.469e-04  2.228e+01
-3.061e-04  -3.061e-04  -0.000e+00  1.000e+02
-2.486e-05  -2.486e-05  -0.000e+00  1.000e+02
 5.623e-04   5.623e-04   5.988e-04  6.500e+00
 2.205e-04   2.205e-04   0.000e+00  1.000e+02
-6.195e-04  -6.195e-04  -0.000e+00  1.000e+02
 3.565e-04   3.565e-04   5.988e-04  6.796e+01
-4.236e-04  -4.236e-04  -0.000e+00  1.000e+02
-5.441e-04  -5.441e-04  -8.469e-04  5.564e+01
 2.347e-04   2.347e-04   0.000e+00  1.000e+02
 6.615e-04   6.615e-04   0.000e+00  1.000e+02
-7.900e-05  -7.900e-05  -0.000e+00  1.000e+02
 1.324e-03   1.324e-03   1.037e-03  2.164e+01
-9.836e-04  -9.836e-04  -0.000e+00  1.000e+02
 1.112e-03   1.112e-03   5.988e-04  4.616e+01
========================================================================================

step: 13/15 res:0.05358903283120429, res/res0:0.004330297978953751  dq_norm: [0.00158439 0.         0.00103723]

A info: before HHL prepare:
Spectral radius (A): 2.407e+01, lambda_min:4.117277264458136
condition number(A): 5.847e+00, norm2_cond:67.22912342895495
det(A): 1.001e+16
--------------------------------------------------------------------------------

A_hhl info: after scaling by spectral radius:
Spectral radius (A): 1.000e+00, lambda_min:0.1710318143899484
condition number(A): 5.847e+00, norm2_cond:67.22912342895472
det(A): 1.895e-05, nnz: 11 non zeros per row
--------------------------------------------------------------------------------

Size of A & B are not power of 2:
Next 2 power of 15 = 16
Value to be padded = 1
--------------------------------------------------

==================== Print (N)^2 padded matrix system =======================
Padded shape of A: (15, 15)x(15, 15) -> (16, 16)x(16, 16)
Padded shape of B: (15,) -> (16,)
Determinant of padded matrix: 1.8949471592037273e-05
Condition # of padded matrix: 67.22912342895472


Matrix is not Hermitian. Making it Hermitian.......

==================== Print Hermitian matrix system info =======================
Shape of hermitian A: 16x16 -> 32x32
Shape of           B: 16 -> 32
Determinant of Hermitian matrix: 3.5908247361742895e-10
Condition # of Hermitian matrix: 67.22912342895489

=================================== Generating HHL circuit ===================================
Time elapsed for generating HHL circuit: 0 min 8.56 sec

Generated circuit: num_qubits=14, gates=19, depth=5
============================== Generated Circuit saved ==============================

============================== Transpiling circuit ==============================
This is using the AerSimulator('aer_simulator_statevector') transpiler.
Time elapsed for transpiling the circuit:  0 min 1.62 sec
Transpiled circuit, num_qubits: 14, (original: 14)
Transpiled circuit depth: 22397 (original: 5)
Transpiled circuit gates: 22501 (original: 19)
============================== Transpiled Circuit saved ==============================
Time elapsed for running the circuit:  0 min 1.86 sec
total_qubits: 14, nq:5

Time elapsed for extracting shots-based hhl counts solution:  0 min 0.00 sec

[HHL info]: linear system residual (e=||Ax-b||_2): 0.029336837936698463
[HHL info]: Fidelity(true_sol, hhl_sol): 0.6243495398759062
[HHL info]: L2 error (absolute): 0.0010377368053360457
[HHL info]: L2 error (relative): 0.6241173637632581
[HHL info]: L2 error (normalized): 0.6478303468556236

========================================================================================
 Compare system solutions using LU of A, LU sol of A_herm, HHL of Ax=b hermition system
LU sol 	    Herm LU sol    HHL sol    L1_diff(%)
 2.430e-04   2.430e-04   0.000e+00  1.000e+02
-3.066e-04  -3.066e-04  -0.000e+00  1.000e+02
-2.627e-05  -2.627e-05  -0.000e+00  1.000e+02
-3.759e-05  -3.759e-05  -0.000e+00  1.000e+02
 2.198e-04   2.198e-04   0.000e+00  1.000e+02
-6.225e-04  -6.225e-04  -4.767e-04  2.342e+01
-2.437e-04  -2.437e-04  -0.000e+00  1.000e+02
-4.251e-04  -4.251e-04  -0.000e+00  1.000e+02
 2.998e-04   2.998e-04   0.000e+00  1.000e+02
 2.382e-04   2.382e-04   3.371e-04  4.153e+01
 6.650e-04   6.650e-04   0.000e+00  1.000e+02
-7.161e-05  -7.161e-05  -0.000e+00  1.000e+02
 2.974e-04   2.974e-04   3.371e-04  1.335e+01
-9.828e-04  -9.828e-04  -8.257e-04  1.598e+01
 5.342e-04   5.342e-04   3.371e-04  3.690e+01
========================================================================================

step: 14/15 res:0.04103234439213321, res/res0:0.003315646291894381  dq_norm: [0.00047671 0.00082568 0.00058385]
Completed: 14 steps in 196.77s
Saved metadata to /lustre/orion/stf006/scratch/4klornl/fvm_euler_1d_solver/output_parallel_shots/trials2/statevector/shots_10000/trial_3/metadata_nelem5_HHL_statevector_nshots10000.pkl

Solution summary:
  x/L: [0.1000, 0.9000]
  Mach: [1.5212, 2.1526]
  p/p_in: [0.9793, 0.3650]
  rho/rho_in: [0.9872, 0.4838]
Saved combined plot to /lustre/orion/stf006/scratch/4klornl/fvm_euler_1d_solver/output_parallel_shots/trials2/statevector/shots_10000/trial_3/solution_plot_nelem5_HHL_statevector_nshots10000.png
