
------------------------------------------------------------
Using ideal local simulator with 'statevector' method
Backend: aer_simulator_statevector
Shots: 50000
------------------------------------------------------------

A info: before HHL prepare:
Spectral radius (A): 4.814e+01, lambda_min:3.3136108943482814
condition number(A): 1.453e+01, norm2_cond:197.88017001682982
det(A): 1.276e+38
--------------------------------------------------------------------------------

A_hhl info: after scaling by spectral radius:
Spectral radius (A): 1.000e+00, lambda_min:0.0688269177323334
condition number(A): 1.453e+01, norm2_cond:197.88017001683053
det(A): 4.260e-13, nnz: 11 non zeros per row
--------------------------------------------------------------------------------

Size of A & B are not power of 2:
Next 2 power of 30 = 32
Value to be padded = 2
--------------------------------------------------

==================== Print (N)^2 padded matrix system =======================
Padded shape of A: (30, 30)x(30, 30) -> (32, 32)x(32, 32)
Padded shape of B: (30,) -> (32,)
Determinant of padded matrix: 4.2602079269883554e-13
Condition # of padded matrix: 197.88017001683053


Matrix is not Hermitian. Making it Hermitian.......

==================== Print Hermitian matrix system info =======================
Shape of hermitian A: 32x32 -> 64x64
Shape of           B: 32 -> 64
Determinant of Hermitian matrix: 1.8149371581174162e-25
Condition # of Hermitian matrix: 197.88017001683153

=================================== Generating HHL circuit ===================================
Time elapsed for generating HHL circuit: 0 min 50.32 sec

Generated circuit: num_qubits=16, gates=21, depth=5
============================== Generated Circuit saved ==============================

============================== Transpiling circuit ==============================
This is using the AerSimulator('aer_simulator_statevector') transpiler.
Time elapsed for transpiling the circuit:  0 min 9.71 sec
Transpiled circuit, num_qubits: 16, (original: 16)
Transpiled circuit depth: 103094 (original: 5)
Transpiled circuit gates: 103221 (original: 21)
============================== Transpiled Circuit saved ==============================
Time elapsed for running the circuit:  0 min 20.32 sec
total_qubits: 16, nq:6

Time elapsed for extracting shots-based hhl counts solution:  0 min 0.00 sec

[HHL info]: linear system residual (e=||Ax-b||_2): 11.389543051784141
[HHL info]: Fidelity(true_sol, hhl_sol): 0.9895305703518802
[HHL info]: L2 error (absolute): 2.0823254484268525
[HHL info]: L2 error (relative): 0.5482771292866564
[HHL info]: L2 error (normalized): 0.10245475233415594

========================================================================================
 Compare system solutions using LU of A, LU sol of A_herm, HHL of Ax=b hermition system
LU sol 	    Herm LU sol    HHL sol    L1_diff(%)
 4.852e-03   4.852e-03   0.000e+00  1.000e+02
 2.224e-03   2.224e-03   0.000e+00  1.000e+02
 1.012e-02   1.012e-02   0.000e+00  1.000e+02
 6.205e-03   6.205e-03   0.000e+00  1.000e+02
 1.905e-03   1.905e-03   0.000e+00  1.000e+02
 1.125e-02   1.125e-02   0.000e+00  1.000e+02
-2.568e-02  -2.568e-02  -0.000e+00  1.000e+02
-1.823e-02  -1.823e-02  -6.072e-02  2.330e+02
-6.491e-02  -6.491e-02  -0.000e+00  1.000e+02
-1.285e-01  -1.285e-01  -6.072e-02  5.277e+01
-9.623e-02  -9.623e-02  -0.000e+00  1.000e+02
-3.195e-01  -3.195e-01  -1.606e-01  4.973e+01
-3.070e-01  -3.070e-01  -1.358e-01  5.577e+01
-2.851e-01  -2.851e-01  -1.214e-01  5.741e+01
-8.110e-01  -8.110e-01  -4.336e-01  4.654e+01
-4.538e-01  -4.538e-01  -2.503e-01  4.483e+01
-4.624e-01  -4.624e-01  -2.189e-01  5.266e+01
-1.229e+00  -1.229e+00  -5.431e-01  5.580e+01
-5.244e-01  -5.244e-01  -2.189e-01  5.825e+01
-5.482e-01  -5.482e-01  -3.155e-01  4.245e+01
-1.427e+00  -1.427e+00  -6.511e-01  5.437e+01
-5.516e-01  -5.516e-01  -2.189e-01  6.031e+01
-5.798e-01  -5.798e-01  -2.429e-01  5.811e+01
-1.501e+00  -1.501e+00  -6.339e-01  5.777e+01
-5.614e-01  -5.614e-01  -2.974e-01  4.702e+01
-5.902e-01  -5.902e-01  -3.381e-01  4.272e+01
-1.527e+00  -1.527e+00  -6.623e-01  5.661e+01
-5.649e-01  -5.649e-01  -2.576e-01  5.440e+01
-5.937e-01  -5.937e-01  -3.155e-01  4.686e+01
-1.535e+00  -1.535e+00  -6.734e-01  5.614e+01
========================================================================================

step: 0/15 res:15.852040985520478, res/res0:1.0  dq_norm: [0.57919298 0.66233252 1.49217949]

A info: before HHL prepare:
Spectral radius (A): 4.921e+01, lambda_min:3.6541082722374227
condition number(A): 1.347e+01, norm2_cond:181.75440748111177
det(A): 5.636e+38
--------------------------------------------------------------------------------

A_hhl info: after scaling by spectral radius:
Spectral radius (A): 1.000e+00, lambda_min:0.0742545370373009
condition number(A): 1.347e+01, norm2_cond:181.7544074811112
det(A): 9.755e-13, nnz: 17 non zeros per row
--------------------------------------------------------------------------------

Size of A & B are not power of 2:
Next 2 power of 30 = 32
Value to be padded = 2
--------------------------------------------------

==================== Print (N)^2 padded matrix system =======================
Padded shape of A: (30, 30)x(30, 30) -> (32, 32)x(32, 32)
Padded shape of B: (30,) -> (32,)
Determinant of padded matrix: 9.75514171050107e-13
Condition # of padded matrix: 181.7544074811112


Matrix is not Hermitian. Making it Hermitian.......

==================== Print Hermitian matrix system info =======================
Shape of hermitian A: 32x32 -> 64x64
Shape of           B: 32 -> 64
Determinant of Hermitian matrix: 9.516278979195506e-25
Condition # of Hermitian matrix: 181.75440748111293

=================================== Generating HHL circuit ===================================
Time elapsed for generating HHL circuit: 0 min 51.32 sec

Generated circuit: num_qubits=16, gates=21, depth=5
============================== Generated Circuit saved ==============================

============================== Transpiling circuit ==============================
This is using the AerSimulator('aer_simulator_statevector') transpiler.
Time elapsed for transpiling the circuit:  0 min 9.98 sec
Transpiled circuit, num_qubits: 16, (original: 16)
Transpiled circuit depth: 103106 (original: 5)
Transpiled circuit gates: 103233 (original: 21)
============================== Transpiled Circuit saved ==============================
Time elapsed for running the circuit:  0 min 20.43 sec
total_qubits: 16, nq:6

Time elapsed for extracting shots-based hhl counts solution:  0 min 0.00 sec

[HHL info]: linear system residual (e=||Ax-b||_2): 9.064370488249622
[HHL info]: Fidelity(true_sol, hhl_sol): 0.9820805820548449
[HHL info]: L2 error (absolute): 1.3013145864880211
[HHL info]: L2 error (relative): 0.670657169709733
[HHL info]: L2 error (normalized): 0.13416565037619493

========================================================================================
 Compare system solutions using LU of A, LU sol of A_herm, HHL of Ax=b hermition system
LU sol 	    Herm LU sol    HHL sol    L1_diff(%)
 2.784e-03   2.784e-03   0.000e+00  1.000e+02
 1.275e-03   1.275e-03   0.000e+00  1.000e+02
 5.789e-03   5.789e-03   0.000e+00  1.000e+02
 2.317e-03   2.317e-03   0.000e+00  1.000e+02
 1.364e-03   1.364e-03   0.000e+00  1.000e+02
 9.603e-04   9.603e-04   0.000e+00  1.000e+02
-2.366e-02  -2.366e-02  -0.000e+00  1.000e+02
 4.593e-02   4.593e-02   4.138e-02  9.897e+00
-6.242e-02  -6.242e-02  -2.926e-02  5.312e+01
-5.391e-02  -5.391e-02  -0.000e+00  1.000e+02
-9.350e-02  -9.350e-02  -0.000e+00  1.000e+02
-1.276e-01  -1.276e-01  -6.543e-02  4.870e+01
-1.496e-01  -1.496e-01  -6.543e-02  5.626e+01
-1.639e-01  -1.639e-01  -7.168e-02  5.628e+01
-3.213e-01  -3.213e-01  -1.171e-01  6.357e+01
-1.829e-01  -1.829e-01  -7.168e-02  6.080e+01
-2.478e-01  -2.478e-01  -5.853e-02  7.638e+01
-6.428e-01  -6.428e-01  -2.090e-01  6.749e+01
-2.841e-01  -2.841e-01  -1.171e-01  5.879e+01
-2.239e-01  -2.239e-01  -7.742e-02  6.541e+01
-7.173e-01  -7.173e-01  -2.286e-01  6.814e+01
-3.045e-01  -3.045e-01  -1.207e-01  6.038e+01
-3.373e-01  -3.373e-01  -1.242e-01  6.319e+01
-7.970e-01  -7.970e-01  -2.941e-01  6.310e+01
-2.355e-01  -2.355e-01  -7.168e-02  6.956e+01
-2.527e-01  -2.527e-01  -6.543e-02  7.411e+01
-8.084e-01  -8.084e-01  -2.534e-01  6.865e+01
-2.835e-01  -2.835e-01  -7.168e-02  7.471e+01
-2.775e-01  -2.775e-01  -9.254e-02  6.665e+01
-8.079e-01  -8.079e-01  -2.483e-01  6.926e+01
========================================================================================

step: 1/15 res:11.742296672148573, res/res0:0.7407435221038216  dq_norm: [0.21898454 0.21101879 0.57194087]

A info: before HHL prepare:
Spectral radius (A): 4.998e+01, lambda_min:4.1848281138259695
condition number(A): 1.194e+01, norm2_cond:171.4233658111884
det(A): 1.533e+39
--------------------------------------------------------------------------------

A_hhl info: after scaling by spectral radius:
Spectral radius (A): 1.000e+00, lambda_min:0.08372695613988022
condition number(A): 1.194e+01, norm2_cond:171.42336581118903
det(A): 1.664e-12, nnz: 18 non zeros per row
--------------------------------------------------------------------------------

Size of A & B are not power of 2:
Next 2 power of 30 = 32
Value to be padded = 2
--------------------------------------------------

==================== Print (N)^2 padded matrix system =======================
Padded shape of A: (30, 30)x(30, 30) -> (32, 32)x(32, 32)
Padded shape of B: (30,) -> (32,)
Determinant of padded matrix: 1.663618718975096e-12
Condition # of padded matrix: 171.42336581118903


Matrix is not Hermitian. Making it Hermitian.......

==================== Print Hermitian matrix system info =======================
Shape of hermitian A: 32x32 -> 64x64
Shape of           B: 32 -> 64
Determinant of Hermitian matrix: 2.7676272421243197e-24
Condition # of Hermitian matrix: 171.423365811189

=================================== Generating HHL circuit ===================================
Time elapsed for generating HHL circuit: 0 min 51.35 sec

Generated circuit: num_qubits=16, gates=21, depth=5
============================== Generated Circuit saved ==============================

============================== Transpiling circuit ==============================
This is using the AerSimulator('aer_simulator_statevector') transpiler.
Time elapsed for transpiling the circuit:  0 min 9.88 sec
Transpiled circuit, num_qubits: 16, (original: 16)
Transpiled circuit depth: 103106 (original: 5)
Transpiled circuit gates: 103233 (original: 21)
============================== Transpiled Circuit saved ==============================
Time elapsed for running the circuit:  0 min 20.40 sec
total_qubits: 16, nq:6

Time elapsed for extracting shots-based hhl counts solution:  0 min 0.00 sec

[HHL info]: linear system residual (e=||Ax-b||_2): 5.4508044939342275
[HHL info]: Fidelity(true_sol, hhl_sol): 0.9868779854825069
[HHL info]: L2 error (absolute): 0.5762774665852072
[HHL info]: L2 error (relative): 0.4654652494186719
[HHL info]: L2 error (normalized): 0.1147403420859001

========================================================================================
 Compare system solutions using LU of A, LU sol of A_herm, HHL of Ax=b hermition system
LU sol 	    Herm LU sol    HHL sol    L1_diff(%)
 3.542e-03   3.542e-03   0.000e+00  1.000e+02
 1.584e-03   1.584e-03   0.000e+00  1.000e+02
 7.371e-03   7.371e-03   0.000e+00  1.000e+02
 3.482e-03   3.482e-03   0.000e+00  1.000e+02
 9.750e-04   9.750e-04   0.000e+00  1.000e+02
 4.900e-03   4.900e-03   0.000e+00  1.000e+02
-2.423e-02  -2.423e-02  -3.328e-02  3.735e+01
 2.759e-03   2.759e-03   0.000e+00  1.000e+02
-3.284e-02  -3.284e-02  -3.328e-02  1.321e+00
-5.565e-02  -5.565e-02  -3.328e-02  4.020e+01
-9.460e-02  -9.460e-02  -3.328e-02  6.482e+01
-6.543e-02  -6.543e-02  -5.764e-02  1.191e+01
-8.113e-02  -8.113e-02  -5.764e-02  2.895e+01
-9.169e-02  -9.169e-02  -4.706e-02  4.867e+01
-2.009e-01  -2.009e-01  -1.200e-01  4.028e+01
-9.918e-02  -9.918e-02  -4.706e-02  5.255e+01
-1.862e-01  -1.862e-01  -8.805e-02  5.273e+01
-3.976e-01  -3.976e-01  -2.105e-01  4.707e+01
-1.499e-01  -1.499e-01  -1.052e-01  2.978e+01
-1.511e-01  -1.511e-01  -9.413e-02  3.772e+01
-4.546e-01  -4.546e-01  -2.423e-01  4.671e+01
-1.701e-01  -1.701e-01  -9.983e-02  4.132e+01
-2.125e-01  -2.125e-01  -1.451e-01  3.174e+01
-4.698e-01  -4.698e-01  -2.620e-01  4.422e+01
-1.561e-01  -1.561e-01  -7.441e-02  5.233e+01
-1.895e-01  -1.895e-01  -1.052e-01  4.447e+01
-5.266e-01  -5.266e-01  -2.843e-01  4.600e+01
-2.079e-01  -2.079e-01  -1.331e-01  3.597e+01
-1.859e-01  -1.859e-01  -7.441e-02  5.997e+01
-5.428e-01  -5.428e-01  -2.641e-01  5.134e+01
========================================================================================

step: 2/15 res:9.015326147788748, res/res0:0.5687170602210466  dq_norm: [0.22814446 0.23997316 0.58403161]

A info: before HHL prepare:
Spectral radius (A): 5.051e+01, lambda_min:4.402688649176845
condition number(A): 1.147e+01, norm2_cond:158.76370857017486
det(A): 6.791e+39
--------------------------------------------------------------------------------

A_hhl info: after scaling by spectral radius:
Spectral radius (A): 1.000e+00, lambda_min:0.08715943898002286
condition number(A): 1.147e+01, norm2_cond:158.76370857017486
det(A): 5.368e-12, nnz: 17 non zeros per row
--------------------------------------------------------------------------------

Size of A & B are not power of 2:
Next 2 power of 30 = 32
Value to be padded = 2
--------------------------------------------------

==================== Print (N)^2 padded matrix system =======================
Padded shape of A: (30, 30)x(30, 30) -> (32, 32)x(32, 32)
Padded shape of B: (30,) -> (32,)
Determinant of padded matrix: 5.3684254188194015e-12
Condition # of padded matrix: 158.76370857017486


Matrix is not Hermitian. Making it Hermitian.......

==================== Print Hermitian matrix system info =======================
Shape of hermitian A: 32x32 -> 64x64
Shape of           B: 32 -> 64
Determinant of Hermitian matrix: 2.881999147742647e-23
Condition # of Hermitian matrix: 158.76370857017503

=================================== Generating HHL circuit ===================================
Time elapsed for generating HHL circuit: 0 min 51.37 sec

Generated circuit: num_qubits=16, gates=21, depth=5
============================== Generated Circuit saved ==============================

============================== Transpiling circuit ==============================
This is using the AerSimulator('aer_simulator_statevector') transpiler.
Time elapsed for transpiling the circuit:  0 min 9.66 sec
Transpiled circuit, num_qubits: 16, (original: 16)
Transpiled circuit depth: 103110 (original: 5)
Transpiled circuit gates: 103237 (original: 21)
============================== Transpiled Circuit saved ==============================
Time elapsed for running the circuit:  0 min 20.43 sec
total_qubits: 16, nq:6

Time elapsed for extracting shots-based hhl counts solution:  0 min 0.00 sec

[HHL info]: linear system residual (e=||Ax-b||_2): 2.327008673274398
[HHL info]: Fidelity(true_sol, hhl_sol): 0.9835901234922332
[HHL info]: L2 error (absolute): 0.2571463791735983
[HHL info]: L2 error (relative): 0.48814232880549707
[HHL info]: L2 error (normalized): 0.12836571043427583

========================================================================================
 Compare system solutions using LU of A, LU sol of A_herm, HHL of Ax=b hermition system
LU sol 	    Herm LU sol    HHL sol    L1_diff(%)
 3.712e-03   3.712e-03   0.000e+00  1.000e+02
 1.619e-03   1.619e-03   0.000e+00  1.000e+02
 7.696e-03   7.696e-03   0.000e+00  1.000e+02
 3.691e-03   3.691e-03   0.000e+00  1.000e+02
 8.790e-04   8.790e-04   0.000e+00  1.000e+02
 5.712e-03   5.712e-03   0.000e+00  1.000e+02
 8.539e-03   8.539e-03   0.000e+00  1.000e+02
 2.059e-03   2.059e-03   0.000e+00  1.000e+02
-8.175e-04  -8.175e-04  -0.000e+00  1.000e+02
-2.318e-02  -2.318e-02  -0.000e+00  1.000e+02
-6.150e-02  -6.150e-02  -3.086e-02  4.982e+01
-1.084e-02  -1.084e-02  -0.000e+00  1.000e+02
-2.304e-02  -2.304e-02  -1.782e-02  2.267e+01
-4.462e-02  -4.462e-02  -2.520e-02  4.353e+01
-8.074e-02  -8.074e-02  -3.086e-02  6.178e+01
-4.865e-02  -4.865e-02  -1.782e-02  6.338e+01
-9.647e-02  -9.647e-02  -6.425e-02  3.340e+01
-1.770e-01  -1.770e-01  -9.086e-02  4.867e+01
-4.209e-02  -4.209e-02  -0.000e+00  1.000e+02
-6.141e-02  -6.141e-02  -3.564e-02  4.197e+01
-2.047e-01  -2.047e-01  -1.039e-01  4.924e+01
-6.786e-02  -6.786e-02  -3.984e-02  4.129e+01
-6.649e-02  -6.649e-02  -3.086e-02  5.359e+01
-2.024e-01  -2.024e-01  -1.098e-01  4.573e+01
-7.049e-02  -7.049e-02  -3.564e-02  4.945e+01
-8.108e-02  -8.108e-02  -4.365e-02  4.617e+01
-2.107e-01  -2.107e-01  -1.054e-01  4.996e+01
-5.376e-02  -5.376e-02  -2.520e-02  5.313e+01
-1.110e-01  -1.110e-01  -5.910e-02  4.675e+01
-2.286e-01  -2.286e-01  -1.209e-01  4.714e+01
========================================================================================

step: 3/15 res:5.571815220950141, res/res0:0.35148882254591257  dq_norm: [0.06424534 0.11547676 0.24038405]

A info: before HHL prepare:
Spectral radius (A): 5.030e+01, lambda_min:4.3532223835883395
condition number(A): 1.155e+01, norm2_cond:155.93560254385378
det(A): 6.010e+39
--------------------------------------------------------------------------------

A_hhl info: after scaling by spectral radius:
Spectral radius (A): 1.000e+00, lambda_min:0.08654973817690569
condition number(A): 1.155e+01, norm2_cond:155.93560254385395
det(A): 5.402e-12, nnz: 13 non zeros per row
--------------------------------------------------------------------------------

Size of A & B are not power of 2:
Next 2 power of 30 = 32
Value to be padded = 2
--------------------------------------------------

==================== Print (N)^2 padded matrix system =======================
Padded shape of A: (30, 30)x(30, 30) -> (32, 32)x(32, 32)
Padded shape of B: (30,) -> (32,)
Determinant of padded matrix: 5.4018231232611325e-12
Condition # of padded matrix: 155.93560254385395


Matrix is not Hermitian. Making it Hermitian.......

==================== Print Hermitian matrix system info =======================
Shape of hermitian A: 32x32 -> 64x64
Shape of           B: 32 -> 64
Determinant of Hermitian matrix: 2.917969305499907e-23
Condition # of Hermitian matrix: 155.93560254385483

=================================== Generating HHL circuit ===================================
Time elapsed for generating HHL circuit: 0 min 51.35 sec

Generated circuit: num_qubits=16, gates=21, depth=5
============================== Generated Circuit saved ==============================

============================== Transpiling circuit ==============================
This is using the AerSimulator('aer_simulator_statevector') transpiler.
Time elapsed for transpiling the circuit:  0 min 10.61 sec
Transpiled circuit, num_qubits: 16, (original: 16)
Transpiled circuit depth: 103104 (original: 5)
Transpiled circuit gates: 103231 (original: 21)
============================== Transpiled Circuit saved ==============================
Time elapsed for running the circuit:  0 min 20.00 sec
total_qubits: 16, nq:6

Time elapsed for extracting shots-based hhl counts solution:  0 min 0.00 sec

[HHL info]: linear system residual (e=||Ax-b||_2): 1.3430483648503078
[HHL info]: Fidelity(true_sol, hhl_sol): 0.9720847957852568
[HHL info]: L2 error (absolute): 0.15211899565395845
[HHL info]: L2 error (relative): 0.6002533153960848
[HHL info]: L2 error (normalized): 0.16766868045225397

========================================================================================
 Compare system solutions using LU of A, LU sol of A_herm, HHL of Ax=b hermition system
LU sol 	    Herm LU sol    HHL sol    L1_diff(%)
 3.776e-03   3.776e-03   0.000e+00  1.000e+02
 1.665e-03   1.665e-03   0.000e+00  1.000e+02
 7.815e-03   7.815e-03   0.000e+00  1.000e+02
 4.105e-03   4.105e-03   0.000e+00  1.000e+02
 1.105e-03   1.105e-03   0.000e+00  1.000e+02
 6.587e-03   6.587e-03   0.000e+00  1.000e+02
 9.249e-03   9.249e-03   0.000e+00  1.000e+02
 2.224e-03   2.224e-03   0.000e+00  1.000e+02
 1.116e-03   1.116e-03   0.000e+00  1.000e+02
-2.283e-02  -2.283e-02  -1.043e-02  5.432e+01
-3.068e-02  -3.068e-02  -1.703e-02  4.450e+01
-9.147e-03  -9.147e-03  -0.000e+00  1.000e+02
-5.756e-03  -5.756e-03  -0.000e+00  1.000e+02
-1.988e-02  -1.988e-02  -8.514e-03  5.717e+01
-5.060e-02  -5.060e-02  -2.171e-02  5.710e+01
-3.159e-02  -3.159e-02  -8.514e-03  7.305e+01
-3.204e-02  -3.204e-02  -1.204e-02  6.241e+01
-8.839e-02  -8.839e-02  -3.459e-02  6.087e+01
-4.113e-02  -4.113e-02  -1.593e-02  6.127e+01
-2.486e-02  -2.486e-02  -8.514e-03  6.575e+01
-9.694e-02  -9.694e-02  -3.994e-02  5.881e+01
-2.629e-02  -2.629e-02  -1.204e-02  5.420e+01
-3.647e-02  -3.647e-02  -1.204e-02  6.698e+01
-8.750e-02  -8.750e-02  -3.128e-02  6.425e+01
-3.410e-02  -3.410e-02  -1.593e-02  5.329e+01
-3.745e-02  -3.745e-02  -1.346e-02  6.405e+01
-1.028e-01  -1.028e-01  -4.383e-02  5.736e+01
-2.818e-02  -2.818e-02  -0.000e+00  1.000e+02
-5.183e-02  -5.183e-02  -2.253e-02  5.654e+01
-1.078e-01  -1.078e-01  -4.854e-02  5.498e+01
========================================================================================

step: 4/15 res:2.3129802430056245, res/res0:0.14591056414239276  dq_norm: [0.02887321 0.03759788 0.09229221]

A info: before HHL prepare:
Spectral radius (A): 5.033e+01, lambda_min:4.324768367146939
condition number(A): 1.164e+01, norm2_cond:155.07658917268046
det(A): 5.880e+39
--------------------------------------------------------------------------------

A_hhl info: after scaling by spectral radius:
Spectral radius (A): 1.000e+00, lambda_min:0.08592313793827851
condition number(A): 1.164e+01, norm2_cond:155.0765891726795
det(A): 5.174e-12, nnz: 13 non zeros per row
--------------------------------------------------------------------------------

Size of A & B are not power of 2:
Next 2 power of 30 = 32
Value to be padded = 2
--------------------------------------------------

==================== Print (N)^2 padded matrix system =======================
Padded shape of A: (30, 30)x(30, 30) -> (32, 32)x(32, 32)
Padded shape of B: (30,) -> (32,)
Determinant of padded matrix: 5.1735939256495785e-12
Condition # of padded matrix: 155.0765891726795


Matrix is not Hermitian. Making it Hermitian.......

==================== Print Hermitian matrix system info =======================
Shape of hermitian A: 32x32 -> 64x64
Shape of           B: 32 -> 64
Determinant of Hermitian matrix: 2.6766074107517834e-23
Condition # of Hermitian matrix: 155.07658917267972

=================================== Generating HHL circuit ===================================
Time elapsed for generating HHL circuit: 0 min 51.53 sec

Generated circuit: num_qubits=16, gates=21, depth=5
============================== Generated Circuit saved ==============================

============================== Transpiling circuit ==============================
This is using the AerSimulator('aer_simulator_statevector') transpiler.
Time elapsed for transpiling the circuit:  0 min 9.88 sec
Transpiled circuit, num_qubits: 16, (original: 16)
Transpiled circuit depth: 103100 (original: 5)
Transpiled circuit gates: 103227 (original: 21)
============================== Transpiled Circuit saved ==============================
Time elapsed for running the circuit:  0 min 20.32 sec
total_qubits: 16, nq:6

Time elapsed for extracting shots-based hhl counts solution:  0 min 0.00 sec

[HHL info]: linear system residual (e=||Ax-b||_2): 0.5899412524627412
[HHL info]: Fidelity(true_sol, hhl_sol): 0.9855327108509851
[HHL info]: L2 error (absolute): 0.07159908853717789
[HHL info]: L2 error (relative): 0.4751421817646728
[HHL info]: L2 error (normalized): 0.12049894906280088

========================================================================================
 Compare system solutions using LU of A, LU sol of A_herm, HHL of Ax=b hermition system
LU sol 	    Herm LU sol    HHL sol    L1_diff(%)
 3.775e-03   3.775e-03   0.000e+00  1.000e+02
 1.669e-03   1.669e-03   0.000e+00  1.000e+02
 7.814e-03   7.814e-03   0.000e+00  1.000e+02
 4.056e-03   4.056e-03   0.000e+00  1.000e+02
 1.069e-03   1.069e-03   0.000e+00  1.000e+02
 6.468e-03   6.468e-03   0.000e+00  1.000e+02
 9.101e-03   9.101e-03   4.409e-03  5.156e+01
 2.118e-03   2.118e-03   0.000e+00  1.000e+02
 8.622e-04   8.622e-04   0.000e+00  1.000e+02
-1.254e-02  -1.254e-02  -6.235e-03  5.028e+01
-1.374e-02  -1.374e-02  -6.235e-03  5.462e+01
-9.516e-03  -9.516e-03  -6.235e-03  3.448e+01
-5.565e-03  -5.565e-03  -0.000e+00  1.000e+02
-1.115e-02  -1.115e-02  -4.409e-03  6.045e+01
-2.871e-02  -2.871e-02  -1.707e-02  4.052e+01
-2.248e-02  -2.248e-02  -1.080e-02  5.195e+01
-1.995e-02  -1.995e-02  -9.858e-03  5.058e+01
-5.224e-02  -5.224e-02  -2.823e-02  4.596e+01
-2.447e-02  -2.447e-02  -1.323e-02  4.594e+01
-1.641e-02  -1.641e-02  -1.080e-02  3.419e+01
-5.524e-02  -5.524e-02  -3.054e-02  4.471e+01
-1.388e-02  -1.388e-02  -6.235e-03  5.509e+01
-2.446e-02  -2.446e-02  -1.080e-02  5.585e+01
-5.514e-02  -5.514e-02  -2.924e-02  4.696e+01
-1.825e-02  -1.825e-02  -8.817e-03  5.168e+01
-2.417e-02  -2.417e-02  -1.394e-02  4.233e+01
-5.885e-02  -5.885e-02  -2.957e-02  4.974e+01
-2.872e-02  -2.872e-02  -1.922e-02  3.308e+01
-2.937e-02  -2.937e-02  -1.650e-02  4.384e+01
-6.013e-02  -6.013e-02  -3.117e-02  4.816e+01
========================================================================================

step: 5/15 res:1.3387648309254818, res/res0:0.08445378309003441  dq_norm: [0.02890924 0.02924346 0.06900577]

A info: before HHL prepare:
Spectral radius (A): 5.036e+01, lambda_min:4.247090804202833
condition number(A): 1.186e+01, norm2_cond:154.6253471469961
det(A): 6.888e+39
--------------------------------------------------------------------------------

A_hhl info: after scaling by spectral radius:
Spectral radius (A): 1.000e+00, lambda_min:0.08432886162540652
condition number(A): 1.186e+01, norm2_cond:154.6253471469965
det(A): 5.951e-12, nnz: 13 non zeros per row
--------------------------------------------------------------------------------

Size of A & B are not power of 2:
Next 2 power of 30 = 32
Value to be padded = 2
--------------------------------------------------

==================== Print (N)^2 padded matrix system =======================
Padded shape of A: (30, 30)x(30, 30) -> (32, 32)x(32, 32)
Padded shape of B: (30,) -> (32,)
Determinant of padded matrix: 5.9514527173562126e-12
Condition # of padded matrix: 154.6253471469965


Matrix is not Hermitian. Making it Hermitian.......

==================== Print Hermitian matrix system info =======================
Shape of hermitian A: 32x32 -> 64x64
Shape of           B: 32 -> 64
Determinant of Hermitian matrix: 3.541978944692665e-23
Condition # of Hermitian matrix: 154.62534714699672

=================================== Generating HHL circuit ===================================
Time elapsed for generating HHL circuit: 0 min 52.27 sec

Generated circuit: num_qubits=16, gates=21, depth=5
============================== Generated Circuit saved ==============================

============================== Transpiling circuit ==============================
This is using the AerSimulator('aer_simulator_statevector') transpiler.
Time elapsed for transpiling the circuit:  0 min 9.57 sec
Transpiled circuit, num_qubits: 16, (original: 16)
Transpiled circuit depth: 103108 (original: 5)
Transpiled circuit gates: 103235 (original: 21)
============================== Transpiled Circuit saved ==============================
Time elapsed for running the circuit:  0 min 20.51 sec
total_qubits: 16, nq:6

Time elapsed for extracting shots-based hhl counts solution:  0 min 0.00 sec

[HHL info]: linear system residual (e=||Ax-b||_2): 0.3614787594685616
[HHL info]: Fidelity(true_sol, hhl_sol): 0.9807933184559005
[HHL info]: L2 error (absolute): 0.04042289022046366
[HHL info]: L2 error (relative): 0.5716589207375865
[HHL info]: L2 error (normalized): 0.13892372775990566

========================================================================================
 Compare system solutions using LU of A, LU sol of A_herm, HHL of Ax=b hermition system
LU sol 	    Herm LU sol    HHL sol    L1_diff(%)
 3.775e-03   3.775e-03   1.548e-03  5.898e+01
 1.676e-03   1.676e-03   1.548e-03  7.629e+00
 7.824e-03   7.824e-03   1.548e-03  8.021e+01
 4.030e-03   4.030e-03   0.000e+00  1.000e+02
 1.034e-03   1.034e-03   0.000e+00  1.000e+02
 6.377e-03   6.377e-03   1.548e-03  7.572e+01
 4.665e-03   4.665e-03   2.190e-03  5.306e+01
 2.095e-03   2.095e-03   0.000e+00  1.000e+02
 7.616e-04   7.616e-04   0.000e+00  1.000e+02
-6.326e-03  -6.326e-03  -3.462e-03  4.527e+01
-7.528e-03  -7.528e-03  -3.097e-03  5.886e+01
-3.425e-03  -3.425e-03  -1.548e-03  5.479e+01
-5.417e-03  -5.417e-03  -3.793e-03  2.998e+01
-6.599e-03  -6.599e-03  -3.097e-03  5.308e+01
-1.131e-02  -1.131e-02  -4.645e-03  5.892e+01
-1.139e-02  -1.139e-02  -4.645e-03  5.923e+01
-1.016e-02  -1.016e-02  -4.645e-03  5.427e+01
-2.343e-02  -2.343e-02  -1.073e-02  5.422e+01
-1.110e-02  -1.110e-02  -5.364e-03  5.168e+01
-5.692e-03  -5.692e-03  -2.190e-03  6.153e+01
-2.435e-02  -2.435e-02  -1.117e-02  5.415e+01
-7.631e-03  -7.631e-03  -3.793e-03  5.030e+01
-1.366e-02  -1.366e-02  -6.925e-03  4.930e+01
-2.587e-02  -2.587e-02  -1.050e-02  5.941e+01
-9.276e-03  -9.276e-03  -4.379e-03  5.279e+01
-1.016e-02  -1.016e-02  -3.097e-03  6.951e+01
-2.889e-02  -2.889e-02  -1.305e-02  5.484e+01
-9.121e-03  -9.121e-03  -3.793e-03  5.842e+01
-1.287e-02  -1.287e-02  -5.364e-03  5.832e+01
-2.847e-02  -2.847e-02  -1.159e-02  5.930e+01
========================================================================================

step: 6/15 res:0.5906923192865455, res/res0:0.037262855920325584  dq_norm: [0.01148302 0.01158694 0.0261395 ]

A info: before HHL prepare:
Spectral radius (A): 5.043e+01, lambda_min:4.213401463452955
condition number(A): 1.197e+01, norm2_cond:154.5195197415333
det(A): 7.303e+39
--------------------------------------------------------------------------------

A_hhl info: after scaling by spectral radius:
Spectral radius (A): 1.000e+00, lambda_min:0.08354619777156658
condition number(A): 1.197e+01, norm2_cond:154.51951974153266
det(A): 6.058e-12, nnz: 13 non zeros per row
--------------------------------------------------------------------------------

Size of A & B are not power of 2:
Next 2 power of 30 = 32
Value to be padded = 2
--------------------------------------------------

==================== Print (N)^2 padded matrix system =======================
Padded shape of A: (30, 30)x(30, 30) -> (32, 32)x(32, 32)
Padded shape of B: (30,) -> (32,)
Determinant of padded matrix: 6.057615943316957e-12
Condition # of padded matrix: 154.51951974153266


Matrix is not Hermitian. Making it Hermitian.......

==================== Print Hermitian matrix system info =======================
Shape of hermitian A: 32x32 -> 64x64
Shape of           B: 32 -> 64
Determinant of Hermitian matrix: 3.669471091672805e-23
Condition # of Hermitian matrix: 154.51951974153357

=================================== Generating HHL circuit ===================================
Time elapsed for generating HHL circuit: 0 min 51.28 sec

Generated circuit: num_qubits=16, gates=21, depth=5
============================== Generated Circuit saved ==============================

============================== Transpiling circuit ==============================
This is using the AerSimulator('aer_simulator_statevector') transpiler.
Time elapsed for transpiling the circuit:  0 min 9.53 sec
Transpiled circuit, num_qubits: 16, (original: 16)
Transpiled circuit depth: 103108 (original: 5)
Transpiled circuit gates: 103235 (original: 21)
============================== Transpiled Circuit saved ==============================
Time elapsed for running the circuit:  0 min 20.41 sec
total_qubits: 16, nq:6

Time elapsed for extracting shots-based hhl counts solution:  0 min 0.00 sec

[HHL info]: linear system residual (e=||Ax-b||_2): 0.20646699376444203
[HHL info]: Fidelity(true_sol, hhl_sol): 0.9856589774174552
[HHL info]: L2 error (absolute): 0.012828555259461295
[HHL info]: L2 error (relative): 0.3187425483751766
[HHL info]: L2 error (normalized): 0.11997004139978482

========================================================================================
 Compare system solutions using LU of A, LU sol of A_herm, HHL of Ax=b hermition system
LU sol 	    Herm LU sol    HHL sol    L1_diff(%)
 2.229e-03   2.229e-03   1.538e-03  3.099e+01
 1.308e-04   1.308e-04   0.000e+00  1.000e+02
 6.282e-03   6.282e-03   4.615e-03  2.654e+01
 4.021e-03   4.021e-03   2.664e-03  3.374e+01
 1.022e-03   1.022e-03   0.000e+00  1.000e+02
 4.805e-03   4.805e-03   3.076e-03  3.597e+01
 2.464e-03   2.464e-03   1.538e-03  3.756e+01
 2.089e-03   2.089e-03   1.538e-03  2.637e+01
 7.353e-04   7.353e-04   0.000e+00  1.000e+02
-2.865e-03  -2.865e-03  -3.439e-03  2.003e+01
-4.428e-03  -4.428e-03  -2.175e-03  5.087e+01
-1.918e-03  -1.918e-03  -2.175e-03  1.339e+01
-1.596e-03  -1.596e-03  -1.538e-03  3.599e+00
-3.482e-03  -3.482e-03  -1.538e-03  5.583e+01
-6.616e-03  -6.616e-03  -6.153e-03  6.996e+00
-6.682e-03  -6.682e-03  -5.102e-03  2.365e+01
-5.525e-03  -5.525e-03  -3.439e-03  3.774e+01
-1.256e-02  -1.256e-02  -9.100e-03  2.755e+01
-5.686e-03  -5.686e-03  -3.768e-03  3.374e+01
-3.516e-03  -3.516e-03  -2.664e-03  2.423e+01
-1.307e-02  -1.307e-02  -9.356e-03  2.842e+01
-3.806e-03  -3.806e-03  -3.076e-03  1.918e+01
-6.723e-03  -6.723e-03  -4.864e-03  2.765e+01
-1.529e-02  -1.529e-02  -9.849e-03  3.559e+01
-4.879e-03  -4.879e-03  -3.768e-03  2.277e+01
-7.071e-03  -7.071e-03  -4.070e-03  4.245e+01
-1.577e-02  -1.577e-02  -1.141e-02  2.767e+01
-5.331e-03  -5.331e-03  -3.076e-03  4.229e+01
-7.510e-03  -7.510e-03  -4.864e-03  3.523e+01
-1.688e-02  -1.688e-02  -1.120e-02  3.365e+01
========================================================================================

step: 7/15 res:0.36144124949469186, res/res0:0.022800928273200807  dq_norm: [0.00996851 0.00960589 0.02441775]

A info: before HHL prepare:
Spectral radius (A): 5.048e+01, lambda_min:4.2059829459933935
condition number(A): 1.200e+01, norm2_cond:153.96128624200088
det(A): 7.628e+39
--------------------------------------------------------------------------------

A_hhl info: after scaling by spectral radius:
Spectral radius (A): 1.000e+00, lambda_min:0.08332720186417858
condition number(A): 1.200e+01, norm2_cond:153.96128624200034
det(A): 6.166e-12, nnz: 13 non zeros per row
--------------------------------------------------------------------------------

Size of A & B are not power of 2:
Next 2 power of 30 = 32
Value to be padded = 2
--------------------------------------------------

==================== Print (N)^2 padded matrix system =======================
Padded shape of A: (30, 30)x(30, 30) -> (32, 32)x(32, 32)
Padded shape of B: (30,) -> (32,)
Determinant of padded matrix: 6.166007016389794e-12
Condition # of padded matrix: 153.96128624200034


Matrix is not Hermitian. Making it Hermitian.......

==================== Print Hermitian matrix system info =======================
Shape of hermitian A: 32x32 -> 64x64
Shape of           B: 32 -> 64
Determinant of Hermitian matrix: 3.801964252616925e-23
Condition # of Hermitian matrix: 153.96128624200077

=================================== Generating HHL circuit ===================================
Time elapsed for generating HHL circuit: 0 min 52.14 sec

Generated circuit: num_qubits=16, gates=21, depth=5
============================== Generated Circuit saved ==============================

============================== Transpiling circuit ==============================
This is using the AerSimulator('aer_simulator_statevector') transpiler.
Time elapsed for transpiling the circuit:  0 min 9.44 sec
Transpiled circuit, num_qubits: 16, (original: 16)
Transpiled circuit depth: 103110 (original: 5)
Transpiled circuit gates: 103237 (original: 21)
============================== Transpiled Circuit saved ==============================
Time elapsed for running the circuit:  0 min 19.93 sec
total_qubits: 16, nq:6

Time elapsed for extracting shots-based hhl counts solution:  0 min 0.00 sec

[HHL info]: linear system residual (e=||Ax-b||_2): 0.16719489483104835
[HHL info]: Fidelity(true_sol, hhl_sol): 0.8421984011827008
[HHL info]: L2 error (absolute): 0.007620071497943956
[HHL info]: L2 error (relative): 0.5952847605094771
[HHL info]: L2 error (normalized): 0.40567553171493465

========================================================================================
 Compare system solutions using LU of A, LU sol of A_herm, HHL of Ax=b hermition system
LU sol 	    Herm LU sol    HHL sol    L1_diff(%)
 6.917e-04   6.917e-04   0.000e+00  1.000e+02
 1.263e-04   1.263e-04   0.000e+00  1.000e+02
 1.672e-03   1.672e-03   6.165e-04  6.312e+01
 1.350e-03   1.350e-03   6.165e-04  5.434e+01
 1.013e-03   1.013e-03   0.000e+00  1.000e+02
 1.701e-03   1.701e-03   0.000e+00  1.000e+02
 9.081e-04   9.081e-04   6.165e-04  3.210e+01
 5.432e-04   5.432e-04   0.000e+00  1.000e+02
 6.942e-04   6.942e-04   0.000e+00  1.000e+02
 5.571e-04   5.571e-04   0.000e+00  1.000e+02
-2.257e-03  -2.257e-03  -1.068e-03  5.269e+01
 2.119e-04   2.119e-04   0.000e+00  1.000e+02
-5.221e-05  -5.221e-05  -0.000e+00  1.000e+02
-1.936e-03  -1.936e-03  -0.000e+00  1.000e+02
-4.543e-04  -4.543e-04  -0.000e+00  1.000e+02
-1.555e-03  -1.555e-03  -1.233e-03  2.069e+01
-2.094e-03  -2.094e-03  -0.000e+00  1.000e+02
-3.424e-03  -3.424e-03  -2.223e-03  3.508e+01
-1.908e-03  -1.908e-03  -1.068e-03  4.403e+01
-8.585e-04  -8.585e-04  -6.165e-04  2.819e+01
-3.692e-03  -3.692e-03  -2.307e-03  3.751e+01
-7.285e-04  -7.285e-04  -0.000e+00  1.000e+02
-1.859e-03  -1.859e-03  -0.000e+00  1.000e+02
-5.437e-03  -5.437e-03  -2.388e-03  5.608e+01
-1.113e-03  -1.113e-03  -0.000e+00  1.000e+02
-3.006e-03  -3.006e-03  -1.631e-03  4.573e+01
-4.363e-03  -4.363e-03  -1.631e-03  6.262e+01
-2.259e-03  -2.259e-03  -1.068e-03  5.273e+01
-2.650e-03  -2.650e-03  -1.850e-03  3.020e+01
-5.683e-03  -5.683e-03  -2.388e-03  5.798e+01
========================================================================================

step: 8/15 res:0.2064333616738006, res/res0:0.013022509963376977  dq_norm: [0.00213573 0.00275722 0.00497065]

A info: before HHL prepare:
Spectral radius (A): 5.048e+01, lambda_min:4.184805562680349
condition number(A): 1.206e+01, norm2_cond:153.9756041602568
det(A): 7.625e+39
--------------------------------------------------------------------------------

A_hhl info: after scaling by spectral radius:
Spectral radius (A): 1.000e+00, lambda_min:0.0828988782616222
condition number(A): 1.206e+01, norm2_cond:153.9756041602588
det(A): 6.144e-12, nnz: 13 non zeros per row
--------------------------------------------------------------------------------

Size of A & B are not power of 2:
Next 2 power of 30 = 32
Value to be padded = 2
--------------------------------------------------

==================== Print (N)^2 padded matrix system =======================
Padded shape of A: (30, 30)x(30, 30) -> (32, 32)x(32, 32)
Padded shape of B: (30,) -> (32,)
Determinant of padded matrix: 6.143888632395467e-12
Condition # of padded matrix: 153.9756041602588


Matrix is not Hermitian. Making it Hermitian.......

==================== Print Hermitian matrix system info =======================
Shape of hermitian A: 32x32 -> 64x64
Shape of           B: 32 -> 64
Determinant of Hermitian matrix: 3.774736752727744e-23
Condition # of Hermitian matrix: 153.97560416025814

=================================== Generating HHL circuit ===================================
Time elapsed for generating HHL circuit: 0 min 51.56 sec

Generated circuit: num_qubits=16, gates=21, depth=5
============================== Generated Circuit saved ==============================

============================== Transpiling circuit ==============================
This is using the AerSimulator('aer_simulator_statevector') transpiler.
Time elapsed for transpiling the circuit:  0 min 9.50 sec
Transpiled circuit, num_qubits: 16, (original: 16)
Transpiled circuit depth: 103110 (original: 5)
Transpiled circuit gates: 103237 (original: 21)
============================== Transpiled Circuit saved ==============================
Time elapsed for running the circuit:  0 min 20.07 sec
total_qubits: 16, nq:6

Time elapsed for extracting shots-based hhl counts solution:  0 min 0.00 sec

[HHL info]: linear system residual (e=||Ax-b||_2): 0.11184971705997299
[HHL info]: Fidelity(true_sol, hhl_sol): 0.8838273875609094
[HHL info]: L2 error (absolute): 0.005743089319151327
[HHL info]: L2 error (relative): 0.7534877059725926
[HHL info]: L2 error (normalized): 0.34606085288610444

========================================================================================
 Compare system solutions using LU of A, LU sol of A_herm, HHL of Ax=b hermition system
LU sol 	    Herm LU sol    HHL sol    L1_diff(%)
 6.918e-04   6.918e-04   0.000e+00  1.000e+02
 1.262e-04   1.262e-04   0.000e+00  1.000e+02
 1.055e-03   1.055e-03   0.000e+00  1.000e+02
 7.353e-04   7.353e-04   0.000e+00  1.000e+02
 1.014e-03   1.014e-03   0.000e+00  1.000e+02
 1.704e-03   1.704e-03   6.053e-04  6.447e+01
 2.944e-04   2.944e-04   0.000e+00  1.000e+02
 5.438e-04   5.438e-04   2.707e-04  5.022e+01
 6.998e-04   6.998e-04   0.000e+00  1.000e+02
 5.580e-04   5.580e-04   2.707e-04  5.149e+01
-1.192e-03  -1.192e-03  -2.707e-04  7.728e+01
 2.158e-04   2.158e-04   0.000e+00  1.000e+02
-5.172e-05  -5.172e-05  -0.000e+00  1.000e+02
-1.934e-03  -1.934e-03  -6.053e-04  6.870e+01
-4.542e-04  -4.542e-04  -0.000e+00  1.000e+02
-3.200e-04  -3.200e-04  -0.000e+00  1.000e+02
-2.094e-03  -2.094e-03  -5.414e-04  7.415e+01
-1.199e-03  -1.199e-03  -4.689e-04  6.090e+01
-8.388e-04  -8.388e-04  -2.707e-04  6.773e+01
-2.419e-04  -2.419e-04  -0.000e+00  1.000e+02
-1.381e-03  -1.381e-03  -4.689e-04  6.604e+01
-7.285e-04  -7.285e-04  -0.000e+00  1.000e+02
-1.860e-03  -1.860e-03  -4.689e-04  7.479e+01
-3.053e-03  -3.053e-03  -8.560e-04  7.196e+01
-1.113e-03  -1.113e-03  -2.707e-04  7.568e+01
-1.373e-03  -1.373e-03  -2.707e-04  8.029e+01
-2.733e-03  -2.733e-03  -6.631e-04  7.574e+01
-1.190e-03  -1.190e-03  -2.707e-04  7.726e+01
-8.001e-04  -8.001e-04  -0.000e+00  1.000e+02
-3.295e-03  -3.295e-03  -8.978e-04  7.276e+01
========================================================================================

step: 9/15 res:0.16725458288829428, res/res0:0.01055098097721722  dq_norm: [0.00054139 0.00104839 0.00166867]

A info: before HHL prepare:
Spectral radius (A): 5.048e+01, lambda_min:4.185449356809319
condition number(A): 1.206e+01, norm2_cond:153.97739037225577
det(A): 7.627e+39
--------------------------------------------------------------------------------

A_hhl info: after scaling by spectral radius:
Spectral radius (A): 1.000e+00, lambda_min:0.08291589325157787
condition number(A): 1.206e+01, norm2_cond:153.9773903722564
det(A): 6.155e-12, nnz: 13 non zeros per row
--------------------------------------------------------------------------------

Size of A & B are not power of 2:
Next 2 power of 30 = 32
Value to be padded = 2
--------------------------------------------------

==================== Print (N)^2 padded matrix system =======================
Padded shape of A: (30, 30)x(30, 30) -> (32, 32)x(32, 32)
Padded shape of B: (30,) -> (32,)
Determinant of padded matrix: 6.154932681903125e-12
Condition # of padded matrix: 153.9773903722564


Matrix is not Hermitian. Making it Hermitian.......

==================== Print Hermitian matrix system info =======================
Shape of hermitian A: 32x32 -> 64x64
Shape of           B: 32 -> 64
Determinant of Hermitian matrix: 3.788319631875947e-23
Condition # of Hermitian matrix: 153.97739037225702

=================================== Generating HHL circuit ===================================
Time elapsed for generating HHL circuit: 0 min 51.55 sec

Generated circuit: num_qubits=16, gates=21, depth=5
============================== Generated Circuit saved ==============================

============================== Transpiling circuit ==============================
This is using the AerSimulator('aer_simulator_statevector') transpiler.
Time elapsed for transpiling the circuit:  0 min 9.72 sec
Transpiled circuit, num_qubits: 16, (original: 16)
Transpiled circuit depth: 103110 (original: 5)
Transpiled circuit gates: 103237 (original: 21)
============================== Transpiled Circuit saved ==============================
Time elapsed for running the circuit:  0 min 20.37 sec
total_qubits: 16, nq:6

Time elapsed for extracting shots-based hhl counts solution:  0 min 0.00 sec

[HHL info]: linear system residual (e=||Ax-b||_2): 0.07768155675679218
[HHL info]: Fidelity(true_sol, hhl_sol): 0.8164882956761461
[HHL info]: L2 error (absolute): 0.004383023102207557
[HHL info]: L2 error (relative): 0.7635730539375781
[HHL info]: L2 error (normalized): 0.43909584596251555

========================================================================================
 Compare system solutions using LU of A, LU sol of A_herm, HHL of Ax=b hermition system
LU sol 	    Herm LU sol    HHL sol    L1_diff(%)
 6.917e-04   6.917e-04   2.046e-04  7.041e+01
 1.261e-04   1.261e-04   0.000e+00  1.000e+02
 1.055e-03   1.055e-03   4.093e-04  6.121e+01
 7.353e-04   7.353e-04   0.000e+00  1.000e+02
 1.014e-03   1.014e-03   2.894e-04  7.147e+01
 1.098e-03   1.098e-03   2.894e-04  7.365e+01
 2.955e-04   2.955e-04   2.046e-04  3.075e+01
 2.738e-04   2.738e-04   2.046e-04  2.526e+01
 7.021e-04   7.021e-04   0.000e+00  1.000e+02
 2.895e-04   2.895e-04   0.000e+00  1.000e+02
-9.208e-04  -9.208e-04  -2.046e-04  7.778e+01
 2.205e-04   2.205e-04   0.000e+00  1.000e+02
-5.029e-05  -5.029e-05  -0.000e+00  1.000e+02
-1.329e-03  -1.329e-03  -4.576e-04  6.556e+01
-4.500e-04  -4.500e-04  -0.000e+00  1.000e+02
-3.192e-04  -3.192e-04  -0.000e+00  1.000e+02
-1.553e-03  -1.553e-03  -3.545e-04  7.717e+01
-7.286e-04  -7.286e-04  -2.046e-04  7.191e+01
-5.677e-04  -5.677e-04  -2.894e-04  4.902e+01
-2.420e-04  -2.420e-04  -0.000e+00  1.000e+02
-9.107e-04  -9.107e-04  -0.000e+00  1.000e+02
-7.282e-04  -7.282e-04  -0.000e+00  1.000e+02
-1.391e-03  -1.391e-03  -2.046e-04  8.529e+01
-2.196e-03  -2.196e-03  -7.379e-04  6.640e+01
-8.415e-04  -8.415e-04  -2.046e-04  7.568e+01
-1.102e-03  -1.102e-03  -2.894e-04  7.375e+01
-2.069e-03  -2.069e-03  -7.089e-04  6.573e+01
-9.183e-04  -9.183e-04  -0.000e+00  1.000e+02
-7.999e-04  -7.999e-04  -2.046e-04  7.442e+01
-2.394e-03  -2.394e-03  -4.576e-04  8.088e+01
========================================================================================

step: 10/15 res:0.11185102883523533, res/res0:0.00705593866035307  dq_norm: [0.0004576  0.00081857 0.0012448 ]

A info: before HHL prepare:
Spectral radius (A): 5.048e+01, lambda_min:4.186836936631493
condition number(A): 1.206e+01, norm2_cond:153.99695960486883
det(A): 7.610e+39
--------------------------------------------------------------------------------

A_hhl info: after scaling by spectral radius:
Spectral radius (A): 1.000e+00, lambda_min:0.08294371357526321
condition number(A): 1.206e+01, norm2_cond:153.9969596048697
det(A): 6.142e-12, nnz: 13 non zeros per row
--------------------------------------------------------------------------------

Size of A & B are not power of 2:
Next 2 power of 30 = 32
Value to be padded = 2
--------------------------------------------------

==================== Print (N)^2 padded matrix system =======================
Padded shape of A: (30, 30)x(30, 30) -> (32, 32)x(32, 32)
Padded shape of B: (30,) -> (32,)
Determinant of padded matrix: 6.14159565783808e-12
Condition # of padded matrix: 153.9969596048697


Matrix is not Hermitian. Making it Hermitian.......

==================== Print Hermitian matrix system info =======================
Shape of hermitian A: 32x32 -> 64x64
Shape of           B: 32 -> 64
Determinant of Hermitian matrix: 3.7719197224375554e-23
Condition # of Hermitian matrix: 153.99695960486963

=================================== Generating HHL circuit ===================================
Time elapsed for generating HHL circuit: 0 min 52.79 sec

Generated circuit: num_qubits=16, gates=21, depth=5
============================== Generated Circuit saved ==============================

============================== Transpiling circuit ==============================
This is using the AerSimulator('aer_simulator_statevector') transpiler.
Time elapsed for transpiling the circuit:  0 min 9.40 sec
Transpiled circuit, num_qubits: 16, (original: 16)
Transpiled circuit depth: 103110 (original: 5)
Transpiled circuit gates: 103237 (original: 21)
============================== Transpiled Circuit saved ==============================
Time elapsed for running the circuit:  0 min 20.09 sec
total_qubits: 16, nq:6

Time elapsed for extracting shots-based hhl counts solution:  0 min 0.00 sec

[HHL info]: linear system residual (e=||Ax-b||_2): 0.06489025262346398
[HHL info]: Fidelity(true_sol, hhl_sol): 0.907238074747832
[HHL info]: L2 error (absolute): 0.0028681371325215486
[HHL info]: L2 error (relative): 0.6543698803364076
[HHL info]: L2 error (normalized): 0.3082516532397846

========================================================================================
 Compare system solutions using LU of A, LU sol of A_herm, HHL of Ax=b hermition system
LU sol 	    Herm LU sol    HHL sol    L1_diff(%)
 4.870e-04   4.870e-04   1.744e-04  6.418e+01
 1.261e-04   1.261e-04   0.000e+00  1.000e+02
 6.459e-04   6.459e-04   2.467e-04  6.181e+01
 7.352e-04   7.352e-04   2.467e-04  6.645e+01
 7.249e-04   7.249e-04   1.744e-04  7.594e+01
 8.089e-04   8.089e-04   1.744e-04  7.844e+01
 9.110e-05   9.110e-05   0.000e+00  1.000e+02
 6.938e-05   6.938e-05   0.000e+00  1.000e+02
 7.025e-04   7.025e-04   0.000e+00  1.000e+02
 2.901e-04   2.901e-04   0.000e+00  1.000e+02
-7.161e-04  -7.161e-04  -3.489e-04  5.128e+01
 2.222e-04   2.222e-04   0.000e+00  1.000e+02
-4.980e-05  -4.980e-05  -0.000e+00  1.000e+02
-8.713e-04  -8.713e-04  -3.900e-04  5.524e+01
-4.484e-04  -4.484e-04  -2.467e-04  4.498e+01
-3.189e-04  -3.189e-04  -1.744e-04  4.530e+01
-1.198e-03  -1.198e-03  -3.021e-04  7.478e+01
-5.231e-04  -5.231e-04  -1.744e-04  6.666e+01
-2.780e-04  -2.780e-04  -1.744e-04  3.725e+01
-2.420e-04  -2.420e-04  -1.744e-04  2.793e+01
-9.102e-04  -9.102e-04  -4.615e-04  4.930e+01
-7.281e-04  -7.281e-04  -3.900e-04  4.643e+01
-1.186e-03  -1.186e-03  -3.900e-04  6.712e+01
-1.458e-03  -1.458e-03  -5.516e-04  6.217e+01
-6.369e-04  -6.369e-04  -3.021e-04  5.257e+01
-8.130e-04  -8.130e-04  -3.021e-04  6.284e+01
-1.360e-03  -1.360e-03  -3.489e-04  7.435e+01
-9.188e-04  -9.188e-04  -2.467e-04  7.315e+01
-5.953e-04  -5.953e-04  -3.021e-04  4.925e+01
-1.937e-03  -1.937e-03  -7.993e-04  5.873e+01
========================================================================================

step: 11/15 res:0.07767929177128961, res/res0:0.004900270687051793  dq_norm: [0.00067556 0.00087214 0.00120847]

A info: before HHL prepare:
Spectral radius (A): 5.048e+01, lambda_min:4.185410044368133
condition number(A): 1.206e+01, norm2_cond:154.0378266130565
det(A): 7.619e+39
--------------------------------------------------------------------------------

A_hhl info: after scaling by spectral radius:
Spectral radius (A): 1.000e+00, lambda_min:0.08291184827819821
condition number(A): 1.206e+01, norm2_cond:154.03782661305507
det(A): 6.141e-12, nnz: 13 non zeros per row
--------------------------------------------------------------------------------

Size of A & B are not power of 2:
Next 2 power of 30 = 32
Value to be padded = 2
--------------------------------------------------

==================== Print (N)^2 padded matrix system =======================
Padded shape of A: (30, 30)x(30, 30) -> (32, 32)x(32, 32)
Padded shape of B: (30,) -> (32,)
Determinant of padded matrix: 6.141431080845599e-12
Condition # of padded matrix: 154.03782661305507


Matrix is not Hermitian. Making it Hermitian.......

==================== Print Hermitian matrix system info =======================
Shape of hermitian A: 32x32 -> 64x64
Shape of           B: 32 -> 64
Determinant of Hermitian matrix: 3.7717175720777685e-23
Condition # of Hermitian matrix: 154.03782661305655

=================================== Generating HHL circuit ===================================
Time elapsed for generating HHL circuit: 0 min 52.20 sec

Generated circuit: num_qubits=16, gates=21, depth=5
============================== Generated Circuit saved ==============================

============================== Transpiling circuit ==============================
This is using the AerSimulator('aer_simulator_statevector') transpiler.
Time elapsed for transpiling the circuit:  0 min 9.47 sec
Transpiled circuit, num_qubits: 16, (original: 16)
Transpiled circuit depth: 103106 (original: 5)
Transpiled circuit gates: 103233 (original: 21)
============================== Transpiled Circuit saved ==============================
Time elapsed for running the circuit:  0 min 20.36 sec
total_qubits: 16, nq:6

Time elapsed for extracting shots-based hhl counts solution:  0 min 0.00 sec

[HHL info]: linear system residual (e=||Ax-b||_2): 0.04847490633207138
[HHL info]: Fidelity(true_sol, hhl_sol): 0.8253070540504589
[HHL info]: L2 error (absolute): 0.002255661121304644
[HHL info]: L2 error (relative): 0.7865181922525947
[HHL info]: L2 error (normalized): 0.4278688626282197

========================================================================================
 Compare system solutions using LU of A, LU sol of A_herm, HHL of Ax=b hermition system
LU sol 	    Herm LU sol    HHL sol    L1_diff(%)
 3.126e-04   3.126e-04   9.823e-05  6.857e+01
 1.260e-04   1.260e-04   0.000e+00  1.000e+02
 3.990e-04   3.990e-04   1.701e-04  5.736e+01
 4.885e-04   4.885e-04   1.389e-04  7.156e+01
 5.505e-04   5.505e-04   1.701e-04  6.909e+01
 6.345e-04   6.345e-04   9.823e-05  8.452e+01
 9.146e-05   9.146e-05   0.000e+00  1.000e+02
 6.956e-05   6.956e-05   0.000e+00  1.000e+02
 7.033e-04   7.033e-04   1.965e-04  7.207e+01
 2.906e-04   2.906e-04   9.823e-05  6.620e+01
-3.673e-04  -3.673e-04  -9.823e-05  7.326e+01
 2.234e-04   2.234e-04   0.000e+00  1.000e+02
-4.956e-05  -4.956e-05  -0.000e+00  1.000e+02
-4.813e-04  -4.813e-04  -1.701e-04  6.465e+01
-2.009e-04  -2.009e-04  -0.000e+00  1.000e+02
-1.444e-04  -1.444e-04  -0.000e+00  1.000e+02
-8.958e-04  -8.958e-04  -2.599e-04  7.099e+01
-3.485e-04  -3.485e-04  -0.000e+00  1.000e+02
-1.036e-04  -1.036e-04  -0.000e+00  1.000e+02
-6.768e-05  -6.768e-05  -0.000e+00  1.000e+02
-4.488e-04  -4.488e-04  -9.823e-05  7.811e+01
-3.380e-04  -3.380e-04  -0.000e+00  1.000e+02
-7.962e-04  -7.962e-04  -1.965e-04  7.532e+01
-9.065e-04  -9.065e-04  -1.965e-04  7.833e+01
-3.347e-04  -3.347e-04  -0.000e+00  1.000e+02
-5.109e-04  -5.109e-04  -1.389e-04  7.281e+01
-1.011e-03  -1.011e-03  -2.947e-04  7.086e+01
-6.718e-04  -6.718e-04  -0.000e+00  1.000e+02
-2.931e-04  -2.931e-04  -9.823e-05  6.649e+01
-1.137e-03  -1.137e-03  -1.701e-04  8.503e+01
========================================================================================

step: 12/15 res:0.06489198510846643, res/res0:0.004093604424044819  dq_norm: [0.00019646 0.00045014 0.00049115]

A info: before HHL prepare:
Spectral radius (A): 5.048e+01, lambda_min:4.184767905083564
condition number(A): 1.206e+01, norm2_cond:154.04886267795249
det(A): 7.594e+39
--------------------------------------------------------------------------------

A_hhl info: after scaling by spectral radius:
Spectral radius (A): 1.000e+00, lambda_min:0.08290180294438713
condition number(A): 1.206e+01, norm2_cond:154.04886267795183
det(A): 6.127e-12, nnz: 13 non zeros per row
--------------------------------------------------------------------------------

Size of A & B are not power of 2:
Next 2 power of 30 = 32
Value to be padded = 2
--------------------------------------------------

==================== Print (N)^2 padded matrix system =======================
Padded shape of A: (30, 30)x(30, 30) -> (32, 32)x(32, 32)
Padded shape of B: (30,) -> (32,)
Determinant of padded matrix: 6.127266197194788e-12
Condition # of padded matrix: 154.04886267795183


Matrix is not Hermitian. Making it Hermitian.......

==================== Print Hermitian matrix system info =======================
Shape of hermitian A: 32x32 -> 64x64
Shape of           B: 32 -> 64
Determinant of Hermitian matrix: 3.7543391051285605e-23
Condition # of Hermitian matrix: 154.0488626779518

=================================== Generating HHL circuit ===================================
Time elapsed for generating HHL circuit: 0 min 51.69 sec

Generated circuit: num_qubits=16, gates=21, depth=5
============================== Generated Circuit saved ==============================

============================== Transpiling circuit ==============================
This is using the AerSimulator('aer_simulator_statevector') transpiler.
Time elapsed for transpiling the circuit:  0 min 9.56 sec
Transpiled circuit, num_qubits: 16, (original: 16)
Transpiled circuit depth: 103106 (original: 5)
Transpiled circuit gates: 103233 (original: 21)
============================== Transpiled Circuit saved ==============================
Time elapsed for running the circuit:  0 min 20.37 sec
total_qubits: 16, nq:6

Time elapsed for extracting shots-based hhl counts solution:  0 min 0.00 sec

[HHL info]: linear system residual (e=||Ax-b||_2): 0.03335448152241203
[HHL info]: Fidelity(true_sol, hhl_sol): 0.8685097675700826
[HHL info]: L2 error (absolute): 0.0013923263091210878
[HHL info]: L2 error (relative): 0.617211824404908
[HHL info]: L2 error (normalized): 0.36894792452952

========================================================================================
 Compare system solutions using LU of A, LU sol of A_herm, HHL of Ax=b hermition system
LU sol 	    Herm LU sol    HHL sol    L1_diff(%)
 2.143e-04   2.143e-04   0.000e+00  1.000e+02
 1.260e-04   1.260e-04   0.000e+00  1.000e+02
 2.288e-04   2.288e-04   2.164e-04  5.443e+00
 3.496e-04   3.496e-04   1.249e-04  6.427e+01
 3.804e-04   3.804e-04   1.767e-04  5.356e+01
 5.363e-04   5.363e-04   1.767e-04  6.706e+01
 9.158e-05   9.158e-05   0.000e+00  1.000e+02
 6.961e-05   6.961e-05   0.000e+00  1.000e+02
 5.072e-04   5.072e-04   2.164e-04  5.734e+01
 1.926e-04   1.926e-04   0.000e+00  1.000e+02
-2.690e-04  -2.690e-04  -0.000e+00  1.000e+02
 2.239e-04   2.239e-04   0.000e+00  1.000e+02
-4.940e-05  -4.940e-05  -0.000e+00  1.000e+02
-3.112e-04  -3.112e-04  -1.249e-04  5.986e+01
-2.004e-04  -2.004e-04  -1.767e-04  1.187e+01
-1.443e-04  -1.443e-04  -0.000e+00  1.000e+02
-6.359e-04  -6.359e-04  -2.164e-04  6.598e+01
-3.482e-04  -3.482e-04  -2.164e-04  3.786e+01
-1.035e-04  -1.035e-04  -0.000e+00  1.000e+02
-6.764e-05  -6.764e-05  -0.000e+00  1.000e+02
-3.504e-04  -3.504e-04  -2.164e-04  3.825e+01
-3.381e-04  -3.381e-04  -1.249e-04  6.305e+01
-5.997e-04  -5.997e-04  -3.305e-04  4.489e+01
-7.100e-04  -7.100e-04  -3.305e-04  5.345e+01
-3.347e-04  -3.347e-04  -1.249e-04  6.268e+01
-3.720e-04  -3.720e-04  -0.000e+00  1.000e+02
-7.165e-04  -7.165e-04  -2.793e-04  6.102e+01
-6.720e-04  -6.720e-04  -3.060e-04  5.447e+01
-1.949e-04  -1.949e-04  -0.000e+00  1.000e+02
-9.668e-04  -9.668e-04  -4.143e-04  5.715e+01
========================================================================================

step: 13/15 res:0.0484756543703621, res/res0:0.003058007130731026  dq_norm: [0.00037474 0.00045038 0.00078008]

A info: before HHL prepare:
Spectral radius (A): 5.048e+01, lambda_min:4.184819510944849
condition number(A): 1.206e+01, norm2_cond:154.0409759498541
det(A): 7.617e+39
--------------------------------------------------------------------------------

A_hhl info: after scaling by spectral radius:
Spectral radius (A): 1.000e+00, lambda_min:0.08290467915387552
condition number(A): 1.206e+01, norm2_cond:154.04097594985453
det(A): 6.150e-12, nnz: 13 non zeros per row
--------------------------------------------------------------------------------

Size of A & B are not power of 2:
Next 2 power of 30 = 32
Value to be padded = 2
--------------------------------------------------

==================== Print (N)^2 padded matrix system =======================
Padded shape of A: (30, 30)x(30, 30) -> (32, 32)x(32, 32)
Padded shape of B: (30,) -> (32,)
Determinant of padded matrix: 6.149875476250583e-12
Condition # of padded matrix: 154.04097594985453


Matrix is not Hermitian. Making it Hermitian.......

==================== Print Hermitian matrix system info =======================
Shape of hermitian A: 32x32 -> 64x64
Shape of           B: 32 -> 64
Determinant of Hermitian matrix: 3.7820968373388333e-23
Condition # of Hermitian matrix: 154.04097594985492

=================================== Generating HHL circuit ===================================
Time elapsed for generating HHL circuit: 0 min 52.42 sec

Generated circuit: num_qubits=16, gates=21, depth=5
============================== Generated Circuit saved ==============================

============================== Transpiling circuit ==============================
This is using the AerSimulator('aer_simulator_statevector') transpiler.
Time elapsed for transpiling the circuit:  0 min 9.45 sec
Transpiled circuit, num_qubits: 16, (original: 16)
Transpiled circuit depth: 103106 (original: 5)
Transpiled circuit gates: 103233 (original: 21)
============================== Transpiled Circuit saved ==============================
Time elapsed for running the circuit:  0 min 19.17 sec
total_qubits: 16, nq:6

Time elapsed for extracting shots-based hhl counts solution:  0 min 0.00 sec

[HHL info]: linear system residual (e=||Ax-b||_2): 0.024027456792497192
[HHL info]: Fidelity(true_sol, hhl_sol): 0.8745990362201949
[HHL info]: L2 error (absolute): 0.0009476386627402429
[HHL info]: L2 error (relative): 0.6811448505786106
[HHL info]: L2 error (normalized): 0.3600000056129873

========================================================================================
 Compare system solutions using LU of A, LU sol of A_herm, HHL of Ax=b hermition system
LU sol 	    Herm LU sol    HHL sol    L1_diff(%)
 2.143e-04   2.143e-04   6.346e-05  7.039e+01
 1.259e-04   1.259e-04   0.000e+00  1.000e+02
 1.245e-05   1.245e-05   0.000e+00  1.000e+02
 2.247e-04   2.247e-04   6.346e-05  7.176e+01
 2.037e-04   2.037e-04   0.000e+00  1.000e+02
 3.596e-04   3.596e-04   1.419e-04  6.053e+01
 9.158e-05   9.158e-05   0.000e+00  1.000e+02
 6.961e-05   6.961e-05   0.000e+00  1.000e+02
 2.908e-04   2.908e-04   6.346e-05  7.818e+01
 1.926e-04   1.926e-04   0.000e+00  1.000e+02
-2.690e-04  -2.690e-04  -6.346e-05  7.641e+01
 2.239e-04   2.239e-04   6.346e-05  7.166e+01
-4.933e-05  -4.933e-05  -0.000e+00  1.000e+02
-1.863e-04  -1.863e-04  -8.975e-05  5.182e+01
-2.362e-05  -2.362e-05  -0.000e+00  1.000e+02
-1.443e-04  -1.443e-04  -6.346e-05  5.602e+01
-4.196e-04  -4.196e-04  -1.904e-04  5.463e+01
-1.317e-04  -1.317e-04  -0.000e+00  1.000e+02
-1.036e-04  -1.036e-04  -8.975e-05  1.338e+01
-6.773e-05  -6.773e-05  -0.000e+00  1.000e+02
-1.341e-04  -1.341e-04  -0.000e+00  1.000e+02
-2.132e-04  -2.132e-04  -8.975e-05  5.790e+01
-2.693e-04  -2.693e-04  -8.975e-05  6.667e+01
-3.797e-04  -3.797e-04  -1.269e-04  6.657e+01
-2.095e-04  -2.095e-04  -6.346e-05  6.971e+01
-3.718e-04  -3.718e-04  -1.795e-04  5.172e+01
-4.365e-04  -4.365e-04  -1.555e-04  6.439e+01
-3.651e-04  -3.651e-04  -1.099e-04  6.990e+01
-1.948e-04  -1.948e-04  -8.975e-05  5.394e+01
-5.510e-04  -5.510e-04  -1.795e-04  6.742e+01
========================================================================================

step: 14/15 res:0.033353014458462546, res/res0:0.0021040202008642136  dq_norm: [0.00021048 0.00031091 0.00031732]
Completed: 14 steps in 1271.69s
Saved metadata to /lustre/orion/stf006/scratch/4klornl/fvm_euler_1d_solver/output_parallel_shots/nelem10/statevector/shots_50000/trial_7/metadata_nelem10_HHL_statevector_nshots50000.pkl

Solution summary:
  x/L: [0.0500, 0.9500]
  Mach: [1.4948, 2.1634]
  p/p_in: [1.0054, 0.3627]
  rho/rho_in: [1.0036, 0.4843]
Saved combined plot to /lustre/orion/stf006/scratch/4klornl/fvm_euler_1d_solver/output_parallel_shots/nelem10/statevector/shots_50000/trial_7/solution_plot_nelem10_HHL_statevector_nshots50000.png
