
------------------------------------------------------------
Using ideal local simulator with 'statevector' method
Backend: aer_simulator_statevector
Shots: 1000
------------------------------------------------------------

A info: before HHL prepare:
Spectral radius (A): 9.808e+01, lambda_min:5.866129498146235
condition number(A): 1.672e+01, norm2_cond:401.8614855890083
det(A): 2.657e+93
--------------------------------------------------------------------------------

A_hhl info: after scaling by spectral radius:
Spectral radius (A): 1.000e+00, lambda_min:0.05980937346031271
condition number(A): 1.672e+01, norm2_cond:401.8614855890105
det(A): 8.499e-27, nnz: 12 non zeros per row
--------------------------------------------------------------------------------

Size of A & B are not power of 2:
Next 2 power of 60 = 64
Value to be padded = 4
--------------------------------------------------

==================== Print (N)^2 padded matrix system =======================
Padded shape of A: (60, 60)x(60, 60) -> (64, 64)x(64, 64)
Padded shape of B: (60,) -> (64,)
Determinant of padded matrix: 8.499054744892335e-27
Condition # of padded matrix: 401.8614855890105


Matrix is not Hermitian. Making it Hermitian.......

==================== Print Hermitian matrix system info =======================
Shape of hermitian A: 64x64 -> 128x128
Shape of           B: 64 -> 128
Determinant of Hermitian matrix: 7.223393155667588e-53
Condition # of Hermitian matrix: 401.86148558902164

=================================== Generating HHL circuit ===================================
Time elapsed for generating HHL circuit: 4 min 56.40 sec

Generated circuit: num_qubits=18, gates=23, depth=5
============================== Generated Circuit saved ==============================

============================== Transpiling circuit ==============================
This is using the AerSimulator('aer_simulator_statevector') transpiler.
Time elapsed for transpiling the circuit:  0 min 43.50 sec
Transpiled circuit, num_qubits: 18, (original: 18)
Transpiled circuit depth: 464201 (original: 5)
Transpiled circuit gates: 464353 (original: 23)
============================== Transpiled Circuit saved ==============================
Time elapsed for running the circuit:  2 min 33.72 sec
total_qubits: 18, nq:7

Time elapsed for extracting shots-based hhl counts solution:  0 min 0.00 sec

[HHL info]: linear system residual (e=||Ax-b||_2): 22.384550990110903
[HHL info]: Fidelity(true_sol, hhl_sol): 0.4291874202558432
[HHL info]: L2 error (absolute): 5.395174201912013
[HHL info]: L2 error (relative): 0.9973786824319543
[HHL info]: L2 error (normalized): 0.8305131266923964

========================================================================================
 Compare system solutions using LU of A, LU sol of A_herm, HHL of Ax=b hermition system
LU sol 	    Herm LU sol    HHL sol    L1_diff(%)
-2.338e-04  -2.338e-04  -0.000e+00  1.000e+02
-1.963e-04  -1.963e-04  -0.000e+00  1.000e+02
-6.159e-04  -6.159e-04  -0.000e+00  1.000e+02
-8.210e-04  -8.210e-04  -0.000e+00  1.000e+02
-7.266e-04  -7.266e-04  -0.000e+00  1.000e+02
-2.219e-03  -2.219e-03  -0.000e+00  1.000e+02
-1.793e-03  -1.793e-03  -0.000e+00  1.000e+02
-1.753e-03  -1.753e-03  -0.000e+00  1.000e+02
-5.094e-03  -5.094e-03  -0.000e+00  1.000e+02
-3.854e-03  -3.854e-03  -0.000e+00  1.000e+02
-3.983e-03  -3.983e-03  -0.000e+00  1.000e+02
-1.127e-02  -1.127e-02  -0.000e+00  1.000e+02
-9.906e-03  -9.906e-03  -0.000e+00  1.000e+02
-9.642e-03  -9.642e-03  -0.000e+00  1.000e+02
-2.806e-02  -2.806e-02  -0.000e+00  1.000e+02
-2.691e-02  -2.691e-02  -0.000e+00  1.000e+02
-2.384e-02  -2.384e-02  -0.000e+00  1.000e+02
-7.270e-02  -7.270e-02  -0.000e+00  1.000e+02
-6.552e-02  -6.552e-02  -0.000e+00  1.000e+02
-5.523e-02  -5.523e-02  -0.000e+00  1.000e+02
-1.723e-01  -1.723e-01  -0.000e+00  1.000e+02
-1.346e-01  -1.346e-01  -0.000e+00  1.000e+02
-1.143e-01  -1.143e-01  -0.000e+00  1.000e+02
-3.520e-01  -3.520e-01  -0.000e+00  1.000e+02
-2.317e-01  -2.317e-01  -0.000e+00  1.000e+02
-2.062e-01  -2.062e-01  -0.000e+00  1.000e+02
-6.108e-01  -6.108e-01  -0.000e+00  1.000e+02
-3.379e-01  -3.379e-01  -4.623e-03  9.863e+01
-3.187e-01  -3.187e-01  -0.000e+00  1.000e+02
-9.014e-01  -9.014e-01  -0.000e+00  1.000e+02
-4.286e-01  -4.286e-01  -0.000e+00  1.000e+02
-4.234e-01  -4.234e-01  -0.000e+00  1.000e+02
-1.154e+00  -1.154e+00  -4.623e-03  9.960e+01
-4.911e-01  -4.911e-01  -0.000e+00  1.000e+02
-4.997e-01  -4.997e-01  -0.000e+00  1.000e+02
-1.329e+00  -1.329e+00  -9.245e-03  9.930e+01
-5.282e-01  -5.282e-01  -0.000e+00  1.000e+02
-5.462e-01  -5.462e-01  -0.000e+00  1.000e+02
-1.433e+00  -1.433e+00  -0.000e+00  1.000e+02
-5.481e-01  -5.481e-01  -4.623e-03  9.916e+01
-5.715e-01  -5.715e-01  -0.000e+00  1.000e+02
-1.489e+00  -1.489e+00  -1.034e-02  9.931e+01
-5.581e-01  -5.581e-01  -0.000e+00  1.000e+02
-5.842e-01  -5.842e-01  -4.623e-03  9.921e+01
-1.517e+00  -1.517e+00  -0.000e+00  1.000e+02
-5.629e-01  -5.629e-01  -0.000e+00  1.000e+02
-5.904e-01  -5.904e-01  -0.000e+00  1.000e+02
-1.530e+00  -1.530e+00  -6.537e-03  9.957e+01
-5.652e-01  -5.652e-01  -0.000e+00  1.000e+02
-5.933e-01  -5.933e-01  -0.000e+00  1.000e+02
-1.536e+00  -1.536e+00  -9.245e-03  9.940e+01
-5.662e-01  -5.662e-01  -0.000e+00  1.000e+02
-5.946e-01  -5.946e-01  -4.623e-03  9.922e+01
-1.539e+00  -1.539e+00  -0.000e+00  1.000e+02
-5.667e-01  -5.667e-01  -0.000e+00  1.000e+02
-5.952e-01  -5.952e-01  -0.000e+00  1.000e+02
-1.541e+00  -1.541e+00  -6.537e-03  9.958e+01
-5.670e-01  -5.670e-01  -0.000e+00  1.000e+02
-5.955e-01  -5.955e-01  -0.000e+00  1.000e+02
-1.541e+00  -1.541e+00  -0.000e+00  1.000e+02
========================================================================================

step: 0/15 res:22.437797065296795, res/res0:1.0  dq_norm: [0.00653742 0.00653742 0.01961225]

A info: before HHL prepare:
Spectral radius (A): 9.810e+01, lambda_min:5.867433563173287
condition number(A): 1.672e+01, norm2_cond:401.65323801036516
det(A): 2.676e+93
--------------------------------------------------------------------------------

A_hhl info: after scaling by spectral radius:
Spectral radius (A): 1.000e+00, lambda_min:0.059812721555364094
condition number(A): 1.672e+01, norm2_cond:401.6532380103682
det(A): 8.475e-27, nnz: 13 non zeros per row
--------------------------------------------------------------------------------

Size of A & B are not power of 2:
Next 2 power of 60 = 64
Value to be padded = 4
--------------------------------------------------

==================== Print (N)^2 padded matrix system =======================
Padded shape of A: (60, 60)x(60, 60) -> (64, 64)x(64, 64)
Padded shape of B: (60,) -> (64,)
Determinant of padded matrix: 8.474968589279125e-27
Condition # of padded matrix: 401.6532380103682


Matrix is not Hermitian. Making it Hermitian.......

==================== Print Hermitian matrix system info =======================
Shape of hermitian A: 64x64 -> 128x128
Shape of           B: 64 -> 128
Determinant of Hermitian matrix: 7.182509258926576e-53
Condition # of Hermitian matrix: 401.6532380103713

=================================== Generating HHL circuit ===================================
Time elapsed for generating HHL circuit: 4 min 55.32 sec

Generated circuit: num_qubits=18, gates=23, depth=5
============================== Generated Circuit saved ==============================

============================== Transpiling circuit ==============================
This is using the AerSimulator('aer_simulator_statevector') transpiler.
Time elapsed for transpiling the circuit:  0 min 54.78 sec
Transpiled circuit, num_qubits: 18, (original: 18)
Transpiled circuit depth: 464196 (original: 5)
Transpiled circuit gates: 464348 (original: 23)
============================== Transpiled Circuit saved ==============================
Time elapsed for running the circuit:  2 min 32.98 sec
total_qubits: 18, nq:7

Time elapsed for extracting shots-based hhl counts solution:  0 min 0.00 sec

[HHL info]: linear system residual (e=||Ax-b||_2): 22.394111881546657
[HHL info]: Fidelity(true_sol, hhl_sol): 0.2583926351713718
[HHL info]: L2 error (absolute): 5.392100611199205
[HHL info]: L2 error (relative): 0.9995402851970804
[HHL info]: L2 error (normalized): 0.9916417126146249

========================================================================================
 Compare system solutions using LU of A, LU sol of A_herm, HHL of Ax=b hermition system
LU sol 	    Herm LU sol    HHL sol    L1_diff(%)
-2.338e-04  -2.338e-04  -0.000e+00  1.000e+02
-1.963e-04  -1.963e-04  -0.000e+00  1.000e+02
-6.159e-04  -6.159e-04  -0.000e+00  1.000e+02
-8.173e-04  -8.173e-04  -0.000e+00  1.000e+02
-7.248e-04  -7.248e-04  -0.000e+00  1.000e+02
-2.211e-03  -2.211e-03  -0.000e+00  1.000e+02
-1.780e-03  -1.780e-03  -0.000e+00  1.000e+02
-1.746e-03  -1.746e-03  -0.000e+00  1.000e+02
-5.067e-03  -5.067e-03  -0.000e+00  1.000e+02
-3.836e-03  -3.836e-03  -0.000e+00  1.000e+02
-3.973e-03  -3.973e-03  -0.000e+00  1.000e+02
-1.123e-02  -1.123e-02  -0.000e+00  1.000e+02
-9.918e-03  -9.918e-03  -0.000e+00  1.000e+02
-9.649e-03  -9.649e-03  -0.000e+00  1.000e+02
-2.809e-02  -2.809e-02  -0.000e+00  1.000e+02
-2.701e-02  -2.701e-02  -0.000e+00  1.000e+02
-2.389e-02  -2.389e-02  -0.000e+00  1.000e+02
-7.290e-02  -7.290e-02  -0.000e+00  1.000e+02
-6.567e-02  -6.567e-02  -0.000e+00  1.000e+02
-5.531e-02  -5.531e-02  -0.000e+00  1.000e+02
-1.726e-01  -1.726e-01  -0.000e+00  1.000e+02
-1.344e-01  -1.344e-01  -0.000e+00  1.000e+02
-1.141e-01  -1.141e-01  -0.000e+00  1.000e+02
-3.516e-01  -3.516e-01  -0.000e+00  1.000e+02
-2.310e-01  -2.310e-01  -0.000e+00  1.000e+02
-2.061e-01  -2.061e-01  -0.000e+00  1.000e+02
-6.094e-01  -6.094e-01  -0.000e+00  1.000e+02
-3.324e-01  -3.324e-01  -1.305e-03  9.961e+01
-3.190e-01  -3.190e-01  -0.000e+00  1.000e+02
-9.003e-01  -9.003e-01  -1.305e-03  9.986e+01
-4.283e-01  -4.283e-01  -0.000e+00  1.000e+02
-4.234e-01  -4.234e-01  -0.000e+00  1.000e+02
-1.148e+00  -1.148e+00  -0.000e+00  1.000e+02
-4.904e-01  -4.904e-01  -0.000e+00  1.000e+02
-4.992e-01  -4.992e-01  -0.000e+00  1.000e+02
-1.317e+00  -1.317e+00  -0.000e+00  1.000e+02
-5.274e-01  -5.274e-01  -0.000e+00  1.000e+02
-5.465e-01  -5.465e-01  -0.000e+00  1.000e+02
-1.431e+00  -1.431e+00  -1.305e-03  9.991e+01
-5.433e-01  -5.433e-01  -1.845e-03  9.966e+01
-5.719e-01  -5.719e-01  -0.000e+00  1.000e+02
-1.478e+00  -1.478e+00  -0.000e+00  1.000e+02
-5.583e-01  -5.583e-01  -0.000e+00  1.000e+02
-5.790e-01  -5.790e-01  -1.305e-03  9.977e+01
-1.518e+00  -1.518e+00  -0.000e+00  1.000e+02
-5.632e-01  -5.632e-01  -0.000e+00  1.000e+02
-5.908e-01  -5.908e-01  -1.305e-03  9.978e+01
-1.523e+00  -1.523e+00  -0.000e+00  1.000e+02
-5.662e-01  -5.662e-01  -0.000e+00  1.000e+02
-5.934e-01  -5.934e-01  -0.000e+00  1.000e+02
-1.529e+00  -1.529e+00  -0.000e+00  1.000e+02
-5.671e-01  -5.671e-01  -1.305e-03  9.977e+01
-5.895e-01  -5.895e-01  -0.000e+00  1.000e+02
-1.541e+00  -1.541e+00  -1.845e-03  9.988e+01
-5.671e-01  -5.671e-01  -1.845e-03  9.967e+01
-5.954e-01  -5.954e-01  -0.000e+00  1.000e+02
-1.534e+00  -1.534e+00  -0.000e+00  1.000e+02
-5.674e-01  -5.674e-01  -1.305e-03  9.977e+01
-5.955e-01  -5.955e-01  -0.000e+00  1.000e+02
-1.542e+00  -1.542e+00  -1.305e-03  9.992e+01
========================================================================================

step: 1/15 res:22.384686124367708, res/res0:0.9976329699045531  dq_norm: [0.00345206 0.0018452  0.00291752]

A info: before HHL prepare:
Spectral radius (A): 9.811e+01, lambda_min:5.870886869098205
condition number(A): 1.671e+01, norm2_cond:401.52707857246804
det(A): 2.733e+93
--------------------------------------------------------------------------------

A_hhl info: after scaling by spectral radius:
Spectral radius (A): 1.000e+00, lambda_min:0.05984028092481124
condition number(A): 1.671e+01, norm2_cond:401.52707857246753
det(A): 8.591e-27, nnz: 13 non zeros per row
--------------------------------------------------------------------------------

Size of A & B are not power of 2:
Next 2 power of 60 = 64
Value to be padded = 4
--------------------------------------------------

==================== Print (N)^2 padded matrix system =======================
Padded shape of A: (60, 60)x(60, 60) -> (64, 64)x(64, 64)
Padded shape of B: (60,) -> (64,)
Determinant of padded matrix: 8.591387087894852e-27
Condition # of padded matrix: 401.52707857246753


Matrix is not Hermitian. Making it Hermitian.......

==================== Print Hermitian matrix system info =======================
Shape of hermitian A: 64x64 -> 128x128
Shape of           B: 64 -> 128
Determinant of Hermitian matrix: 7.381193209404428e-53
Condition # of Hermitian matrix: 401.5270785724716

=================================== Generating HHL circuit ===================================
Time elapsed for generating HHL circuit: 5 min 2.90 sec

Generated circuit: num_qubits=18, gates=23, depth=5
============================== Generated Circuit saved ==============================

============================== Transpiling circuit ==============================
This is using the AerSimulator('aer_simulator_statevector') transpiler.
Time elapsed for transpiling the circuit:  0 min 48.73 sec
Transpiled circuit, num_qubits: 18, (original: 18)
Transpiled circuit depth: 464202 (original: 5)
Transpiled circuit gates: 464354 (original: 23)
============================== Transpiled Circuit saved ==============================
Time elapsed for running the circuit:  2 min 29.55 sec
total_qubits: 18, nq:7

Time elapsed for extracting shots-based hhl counts solution:  0 min 0.00 sec

[HHL info]: linear system residual (e=||Ax-b||_2): 22.396133767914222
[HHL info]: Fidelity(true_sol, hhl_sol): 0.5202246311284348
[HHL info]: L2 error (absolute): 5.3890786594054925
[HHL info]: L2 error (relative): 0.9996748073137465
[HHL info]: L2 error (normalized): 0.7466378078565409

========================================================================================
 Compare system solutions using LU of A, LU sol of A_herm, HHL of Ax=b hermition system
LU sol 	    Herm LU sol    HHL sol    L1_diff(%)
-2.338e-04  -2.338e-04  -0.000e+00  1.000e+02
-1.962e-04  -1.962e-04  -0.000e+00  1.000e+02
-6.158e-04  -6.158e-04  -0.000e+00  1.000e+02
-8.160e-04  -8.160e-04  -0.000e+00  1.000e+02
-7.241e-04  -7.241e-04  -0.000e+00  1.000e+02
-2.208e-03  -2.208e-03  -0.000e+00  1.000e+02
-1.776e-03  -1.776e-03  -0.000e+00  1.000e+02
-1.744e-03  -1.744e-03  -0.000e+00  1.000e+02
-5.058e-03  -5.058e-03  -0.000e+00  1.000e+02
-3.831e-03  -3.831e-03  -0.000e+00  1.000e+02
-3.971e-03  -3.971e-03  -0.000e+00  1.000e+02
-1.122e-02  -1.122e-02  -0.000e+00  1.000e+02
-9.924e-03  -9.924e-03  -0.000e+00  1.000e+02
-9.652e-03  -9.652e-03  -0.000e+00  1.000e+02
-2.810e-02  -2.810e-02  -0.000e+00  1.000e+02
-2.704e-02  -2.704e-02  -0.000e+00  1.000e+02
-2.390e-02  -2.390e-02  -0.000e+00  1.000e+02
-7.297e-02  -7.297e-02  -0.000e+00  1.000e+02
-6.571e-02  -6.571e-02  -0.000e+00  1.000e+02
-5.533e-02  -5.533e-02  -0.000e+00  1.000e+02
-1.727e-01  -1.727e-01  -0.000e+00  1.000e+02
-1.343e-01  -1.343e-01  -5.183e-04  9.961e+01
-1.140e-01  -1.140e-01  -0.000e+00  1.000e+02
-3.515e-01  -3.515e-01  -0.000e+00  1.000e+02
-2.308e-01  -2.308e-01  -0.000e+00  1.000e+02
-2.061e-01  -2.061e-01  -5.183e-04  9.975e+01
-6.089e-01  -6.089e-01  -7.329e-04  9.988e+01
-3.310e-01  -3.310e-01  -5.183e-04  9.984e+01
-3.191e-01  -3.191e-01  -0.000e+00  1.000e+02
-8.987e-01  -8.987e-01  -0.000e+00  1.000e+02
-4.282e-01  -4.282e-01  -0.000e+00  1.000e+02
-4.234e-01  -4.234e-01  -0.000e+00  1.000e+02
-1.148e+00  -1.148e+00  -0.000e+00  1.000e+02
-4.901e-01  -4.901e-01  -0.000e+00  1.000e+02
-4.990e-01  -4.990e-01  -0.000e+00  1.000e+02
-1.317e+00  -1.317e+00  -5.183e-04  9.996e+01
-5.271e-01  -5.271e-01  -0.000e+00  1.000e+02
-5.465e-01  -5.465e-01  -0.000e+00  1.000e+02
-1.429e+00  -1.429e+00  -5.183e-04  9.996e+01
-5.415e-01  -5.415e-01  -5.183e-04  9.990e+01
-5.722e-01  -5.722e-01  -0.000e+00  1.000e+02
-1.479e+00  -1.479e+00  -5.183e-04  9.996e+01
-5.590e-01  -5.590e-01  -0.000e+00  1.000e+02
-5.776e-01  -5.776e-01  -0.000e+00  1.000e+02
-1.520e+00  -1.520e+00  -1.159e-03  9.992e+01
-5.636e-01  -5.636e-01  -5.183e-04  9.991e+01
-5.893e-01  -5.893e-01  -0.000e+00  1.000e+02
-1.524e+00  -1.524e+00  -7.329e-04  9.995e+01
-5.660e-01  -5.660e-01  -0.000e+00  1.000e+02
-5.933e-01  -5.933e-01  -0.000e+00  1.000e+02
-1.528e+00  -1.528e+00  -7.329e-04  9.995e+01
-5.650e-01  -5.650e-01  -0.000e+00  1.000e+02
-5.896e-01  -5.896e-01  -5.183e-04  9.991e+01
-1.538e+00  -1.538e+00  -0.000e+00  1.000e+02
-5.644e-01  -5.644e-01  -0.000e+00  1.000e+02
-5.954e-01  -5.954e-01  -0.000e+00  1.000e+02
-1.533e+00  -1.533e+00  -5.183e-04  9.997e+01
-5.653e-01  -5.653e-01  -0.000e+00  1.000e+02
-5.956e-01  -5.956e-01  -0.000e+00  1.000e+02
-1.539e+00  -1.539e+00  -5.183e-04  9.997e+01
========================================================================================

step: 2/15 res:22.3941413343682, res/res0:0.9980543664424119  dq_norm: [0.00103654 0.00073294 0.00207307]

A info: before HHL prepare:
Spectral radius (A): 9.811e+01, lambda_min:5.872919994299614
condition number(A): 1.671e+01, norm2_cond:401.4396344596751
det(A): 2.745e+93
--------------------------------------------------------------------------------

A_hhl info: after scaling by spectral radius:
Spectral radius (A): 1.000e+00, lambda_min:0.05985785637404578
condition number(A): 1.671e+01, norm2_cond:401.4396344596799
det(A): 8.602e-27, nnz: 14 non zeros per row
--------------------------------------------------------------------------------

Size of A & B are not power of 2:
Next 2 power of 60 = 64
Value to be padded = 4
--------------------------------------------------

==================== Print (N)^2 padded matrix system =======================
Padded shape of A: (60, 60)x(60, 60) -> (64, 64)x(64, 64)
Padded shape of B: (60,) -> (64,)
Determinant of padded matrix: 8.601818767373538e-27
Condition # of padded matrix: 401.43963445968


Matrix is not Hermitian. Making it Hermitian.......

==================== Print Hermitian matrix system info =======================
Shape of hermitian A: 64x64 -> 128x128
Shape of           B: 64 -> 128
Determinant of Hermitian matrix: 7.399128610673434e-53
Condition # of Hermitian matrix: 401.4396344596761

=================================== Generating HHL circuit ===================================
Time elapsed for generating HHL circuit: 5 min 6.30 sec

Generated circuit: num_qubits=18, gates=23, depth=5
============================== Generated Circuit saved ==============================

============================== Transpiling circuit ==============================
This is using the AerSimulator('aer_simulator_statevector') transpiler.
Time elapsed for transpiling the circuit:  0 min 50.52 sec
Transpiled circuit, num_qubits: 18, (original: 18)
Transpiled circuit depth: 464199 (original: 5)
Transpiled circuit gates: 464351 (original: 23)
============================== Transpiled Circuit saved ==============================
Time elapsed for running the circuit:  2 min 29.89 sec
total_qubits: 18, nq:7

Time elapsed for extracting shots-based hhl counts solution:  0 min 0.00 sec

[HHL info]: linear system residual (e=||Ax-b||_2): 22.35800129362938
[HHL info]: Fidelity(true_sol, hhl_sol): 0.4424725257303534
[HHL info]: L2 error (absolute): 5.378073907246367
[HHL info]: L2 error (relative): 0.99806394176625
[HHL info]: L2 error (normalized): 0.8183079083861828

========================================================================================
 Compare system solutions using LU of A, LU sol of A_herm, HHL of Ax=b hermition system
LU sol 	    Herm LU sol    HHL sol    L1_diff(%)
-2.336e-04  -2.336e-04  -0.000e+00  1.000e+02
-1.962e-04  -1.962e-04  -0.000e+00  1.000e+02
-6.155e-04  -6.155e-04  -0.000e+00  1.000e+02
-8.159e-04  -8.159e-04  -0.000e+00  1.000e+02
-7.241e-04  -7.241e-04  -0.000e+00  1.000e+02
-2.208e-03  -2.208e-03  -0.000e+00  1.000e+02
-1.777e-03  -1.777e-03  -0.000e+00  1.000e+02
-1.745e-03  -1.745e-03  -0.000e+00  1.000e+02
-5.060e-03  -5.060e-03  -0.000e+00  1.000e+02
-3.834e-03  -3.834e-03  -0.000e+00  1.000e+02
-3.972e-03  -3.972e-03  -0.000e+00  1.000e+02
-1.122e-02  -1.122e-02  -0.000e+00  1.000e+02
-9.927e-03  -9.927e-03  -0.000e+00  1.000e+02
-9.653e-03  -9.653e-03  -0.000e+00  1.000e+02
-2.811e-02  -2.811e-02  -0.000e+00  1.000e+02
-2.703e-02  -2.703e-02  -0.000e+00  1.000e+02
-2.390e-02  -2.390e-02  -0.000e+00  1.000e+02
-7.295e-02  -7.295e-02  -0.000e+00  1.000e+02
-6.569e-02  -6.569e-02  -0.000e+00  1.000e+02
-5.534e-02  -5.534e-02  -0.000e+00  1.000e+02
-1.727e-01  -1.727e-01  -0.000e+00  1.000e+02
-1.338e-01  -1.338e-01  -0.000e+00  1.000e+02
-1.140e-01  -1.140e-01  -0.000e+00  1.000e+02
-3.515e-01  -3.515e-01  -0.000e+00  1.000e+02
-2.307e-01  -2.307e-01  -0.000e+00  1.000e+02
-2.055e-01  -2.055e-01  -0.000e+00  1.000e+02
-6.081e-01  -6.081e-01  -0.000e+00  1.000e+02
-3.304e-01  -3.304e-01  -0.000e+00  1.000e+02
-3.192e-01  -3.192e-01  -0.000e+00  1.000e+02
-8.986e-01  -8.986e-01  -0.000e+00  1.000e+02
-4.282e-01  -4.282e-01  -0.000e+00  1.000e+02
-4.234e-01  -4.234e-01  -0.000e+00  1.000e+02
-1.148e+00  -1.148e+00  -0.000e+00  1.000e+02
-4.901e-01  -4.901e-01  -0.000e+00  1.000e+02
-4.990e-01  -4.990e-01  -4.197e-03  9.916e+01
-1.316e+00  -1.316e+00  -4.197e-03  9.968e+01
-5.269e-01  -5.269e-01  -0.000e+00  1.000e+02
-5.465e-01  -5.465e-01  -0.000e+00  1.000e+02
-1.428e+00  -1.428e+00  -0.000e+00  1.000e+02
-5.408e-01  -5.408e-01  -0.000e+00  1.000e+02
-5.722e-01  -5.722e-01  -0.000e+00  1.000e+02
-1.478e+00  -1.478e+00  -4.197e-03  9.972e+01
-5.588e-01  -5.588e-01  -0.000e+00  1.000e+02
-5.776e-01  -5.776e-01  -0.000e+00  1.000e+02
-1.518e+00  -1.518e+00  -7.269e-03  9.952e+01
-5.629e-01  -5.629e-01  -0.000e+00  1.000e+02
-5.894e-01  -5.894e-01  -0.000e+00  1.000e+02
-1.523e+00  -1.523e+00  -0.000e+00  1.000e+02
-5.661e-01  -5.661e-01  -4.197e-03  9.926e+01
-5.934e-01  -5.934e-01  -0.000e+00  1.000e+02
-1.527e+00  -1.527e+00  -4.197e-03  9.973e+01
-5.651e-01  -5.651e-01  -0.000e+00  1.000e+02
-5.890e-01  -5.890e-01  -0.000e+00  1.000e+02
-1.538e+00  -1.538e+00  -7.269e-03  9.953e+01
-5.645e-01  -5.645e-01  -0.000e+00  1.000e+02
-5.954e-01  -5.954e-01  -0.000e+00  1.000e+02
-1.532e+00  -1.532e+00  -5.935e-03  9.961e+01
-5.653e-01  -5.653e-01  -4.197e-03  9.926e+01
-5.956e-01  -5.956e-01  -0.000e+00  1.000e+02
-1.539e+00  -1.539e+00  -0.000e+00  1.000e+02
========================================================================================

step: 3/15 res:22.396133547403675, res/res0:0.9981431547057906  dq_norm: [0.00593508 0.00419673 0.01391899]

A info: before HHL prepare:
Spectral radius (A): 9.810e+01, lambda_min:5.889238259417754
condition number(A): 1.666e+01, norm2_cond:399.98454749311924
det(A): 2.831e+93
--------------------------------------------------------------------------------

A_hhl info: after scaling by spectral radius:
Spectral radius (A): 1.000e+00, lambda_min:0.06003344058644179
condition number(A): 1.666e+01, norm2_cond:399.98454749311963
det(A): 8.954e-27, nnz: 14 non zeros per row
--------------------------------------------------------------------------------

Size of A & B are not power of 2:
Next 2 power of 60 = 64
Value to be padded = 4
--------------------------------------------------

==================== Print (N)^2 padded matrix system =======================
Padded shape of A: (60, 60)x(60, 60) -> (64, 64)x(64, 64)
Padded shape of B: (60,) -> (64,)
Determinant of padded matrix: 8.954257967612416e-27
Condition # of padded matrix: 399.98454749311963


Matrix is not Hermitian. Making it Hermitian.......

==================== Print Hermitian matrix system info =======================
Shape of hermitian A: 64x64 -> 128x128
Shape of           B: 64 -> 128
Determinant of Hermitian matrix: 8.017873575055043e-53
Condition # of Hermitian matrix: 399.984547493119

=================================== Generating HHL circuit ===================================
Time elapsed for generating HHL circuit: 5 min 9.52 sec

Generated circuit: num_qubits=18, gates=23, depth=5
============================== Generated Circuit saved ==============================

============================== Transpiling circuit ==============================
This is using the AerSimulator('aer_simulator_statevector') transpiler.
Time elapsed for transpiling the circuit:  0 min 42.40 sec
Transpiled circuit, num_qubits: 18, (original: 18)
Transpiled circuit depth: 464201 (original: 5)
Transpiled circuit gates: 464353 (original: 23)
============================== Transpiled Circuit saved ==============================
Time elapsed for running the circuit:  2 min 30.61 sec
total_qubits: 18, nq:7

Time elapsed for extracting shots-based hhl counts solution:  0 min 0.00 sec

[HHL info]: linear system residual (e=||Ax-b||_2): 22.284760114462927
[HHL info]: Fidelity(true_sol, hhl_sol): 0.5381656606859099
[HHL info]: L2 error (absolute): 5.348554214837007
[HHL info]: L2 error (relative): 0.9956230234133192
[HHL info]: L2 error (normalized): 0.7299345843540476

========================================================================================
 Compare system solutions using LU of A, LU sol of A_herm, HHL of Ax=b hermition system
LU sol 	    Herm LU sol    HHL sol    L1_diff(%)
-2.333e-04  -2.333e-04  -0.000e+00  1.000e+02
-1.960e-04  -1.960e-04  -0.000e+00  1.000e+02
-6.148e-04  -6.148e-04  -0.000e+00  1.000e+02
-8.147e-04  -8.147e-04  -0.000e+00  1.000e+02
-7.235e-04  -7.235e-04  -0.000e+00  1.000e+02
-2.206e-03  -2.206e-03  -0.000e+00  1.000e+02
-1.776e-03  -1.776e-03  -0.000e+00  1.000e+02
-1.744e-03  -1.744e-03  -0.000e+00  1.000e+02
-5.058e-03  -5.058e-03  -0.000e+00  1.000e+02
-3.837e-03  -3.837e-03  -0.000e+00  1.000e+02
-3.974e-03  -3.974e-03  -0.000e+00  1.000e+02
-1.123e-02  -1.123e-02  -0.000e+00  1.000e+02
-9.938e-03  -9.938e-03  -0.000e+00  1.000e+02
-9.659e-03  -9.659e-03  -0.000e+00  1.000e+02
-2.813e-02  -2.813e-02  -0.000e+00  1.000e+02
-2.705e-02  -2.705e-02  -0.000e+00  1.000e+02
-2.390e-02  -2.390e-02  -0.000e+00  1.000e+02
-7.298e-02  -7.298e-02  -0.000e+00  1.000e+02
-6.568e-02  -6.568e-02  -0.000e+00  1.000e+02
-5.533e-02  -5.533e-02  -0.000e+00  1.000e+02
-1.726e-01  -1.726e-01  -0.000e+00  1.000e+02
-1.337e-01  -1.337e-01  -0.000e+00  1.000e+02
-1.140e-01  -1.140e-01  -0.000e+00  1.000e+02
-3.513e-01  -3.513e-01  -0.000e+00  1.000e+02
-2.306e-01  -2.306e-01  -0.000e+00  1.000e+02
-2.055e-01  -2.055e-01  -0.000e+00  1.000e+02
-6.078e-01  -6.078e-01  -0.000e+00  1.000e+02
-3.306e-01  -3.306e-01  -0.000e+00  1.000e+02
-3.194e-01  -3.194e-01  -0.000e+00  1.000e+02
-8.991e-01  -8.991e-01  -0.000e+00  1.000e+02
-4.290e-01  -4.290e-01  -0.000e+00  1.000e+02
-4.235e-01  -4.235e-01  -0.000e+00  1.000e+02
-1.149e+00  -1.149e+00  -0.000e+00  1.000e+02
-4.906e-01  -4.906e-01  -0.000e+00  1.000e+02
-4.944e-01  -4.944e-01  -0.000e+00  1.000e+02
-1.313e+00  -1.313e+00  -0.000e+00  1.000e+02
-5.269e-01  -5.269e-01  -0.000e+00  1.000e+02
-5.466e-01  -5.466e-01  -0.000e+00  1.000e+02
-1.428e+00  -1.428e+00  -7.569e-03  9.947e+01
-5.406e-01  -5.406e-01  -0.000e+00  1.000e+02
-5.724e-01  -5.724e-01  -0.000e+00  1.000e+02
-1.472e+00  -1.472e+00  -1.070e-02  9.927e+01
-5.582e-01  -5.582e-01  -0.000e+00  1.000e+02
-5.773e-01  -5.773e-01  -0.000e+00  1.000e+02
-1.508e+00  -1.508e+00  -1.514e-02  9.900e+01
-5.617e-01  -5.617e-01  -0.000e+00  1.000e+02
-5.893e-01  -5.893e-01  -7.569e-03  9.872e+01
-1.520e+00  -1.520e+00  -1.311e-02  9.914e+01
-5.607e-01  -5.607e-01  -7.569e-03  9.865e+01
-5.939e-01  -5.939e-01  -0.000e+00  1.000e+02
-1.521e+00  -1.521e+00  -1.070e-02  9.930e+01
-5.644e-01  -5.644e-01  -0.000e+00  1.000e+02
-5.889e-01  -5.889e-01  -0.000e+00  1.000e+02
-1.528e+00  -1.528e+00  -7.569e-03  9.950e+01
-5.629e-01  -5.629e-01  -7.569e-03  9.866e+01
-5.951e-01  -5.951e-01  -0.000e+00  1.000e+02
-1.522e+00  -1.522e+00  -0.000e+00  1.000e+02
-5.585e-01  -5.585e-01  -0.000e+00  1.000e+02
-5.955e-01  -5.955e-01  -0.000e+00  1.000e+02
-1.534e+00  -1.534e+00  -1.070e-02  9.930e+01
========================================================================================

step: 4/15 res:22.35816906198347, res/res0:0.9964511666149044  dq_norm: [0.01070429 0.00756908 0.02931491]

A info: before HHL prepare:
Spectral radius (A): 9.808e+01, lambda_min:5.9140167714804415
condition number(A): 1.658e+01, norm2_cond:397.99905705530705
det(A): 2.926e+93
--------------------------------------------------------------------------------

A_hhl info: after scaling by spectral radius:
Spectral radius (A): 1.000e+00, lambda_min:0.0602996003718411
condition number(A): 1.658e+01, norm2_cond:397.9990570553079
det(A): 9.379e-27, nnz: 14 non zeros per row
--------------------------------------------------------------------------------

Size of A & B are not power of 2:
Next 2 power of 60 = 64
Value to be padded = 4
--------------------------------------------------

==================== Print (N)^2 padded matrix system =======================
Padded shape of A: (60, 60)x(60, 60) -> (64, 64)x(64, 64)
Padded shape of B: (60,) -> (64,)
Determinant of padded matrix: 9.378541045595412e-27
Condition # of padded matrix: 397.9990570553079


Matrix is not Hermitian. Making it Hermitian.......

==================== Print Hermitian matrix system info =======================
Shape of hermitian A: 64x64 -> 128x128
Shape of           B: 64 -> 128
Determinant of Hermitian matrix: 8.795703214391788e-53
Condition # of Hermitian matrix: 397.99905705531387

=================================== Generating HHL circuit ===================================
Time elapsed for generating HHL circuit: 5 min 10.92 sec

Generated circuit: num_qubits=18, gates=23, depth=5
============================== Generated Circuit saved ==============================

============================== Transpiling circuit ==============================
This is using the AerSimulator('aer_simulator_statevector') transpiler.
Time elapsed for transpiling the circuit:  0 min 43.46 sec
Transpiled circuit, num_qubits: 18, (original: 18)
Transpiled circuit depth: 464200 (original: 5)
Transpiled circuit gates: 464352 (original: 23)
============================== Transpiled Circuit saved ==============================
Time elapsed for running the circuit:  2 min 30.85 sec
total_qubits: 18, nq:7

Time elapsed for extracting shots-based hhl counts solution:  0 min 0.00 sec

[HHL info]: linear system residual (e=||Ax-b||_2): 22.06206212801468
[HHL info]: Fidelity(true_sol, hhl_sol): 0.4859512785830773
[HHL info]: L2 error (absolute): 5.301279574803217
[HHL info]: L2 error (relative): 0.9926693787225718
[HHL info]: L2 error (normalized): 0.7783289054007189

========================================================================================
 Compare system solutions using LU of A, LU sol of A_herm, HHL of Ax=b hermition system
LU sol 	    Herm LU sol    HHL sol    L1_diff(%)
-2.333e-04  -2.333e-04  -0.000e+00  1.000e+02
-1.960e-04  -1.960e-04  -0.000e+00  1.000e+02
-6.147e-04  -6.147e-04  -0.000e+00  1.000e+02
-8.149e-04  -8.149e-04  -0.000e+00  1.000e+02
-7.236e-04  -7.236e-04  -0.000e+00  1.000e+02
-2.206e-03  -2.206e-03  -0.000e+00  1.000e+02
-1.777e-03  -1.777e-03  -0.000e+00  1.000e+02
-1.745e-03  -1.745e-03  -0.000e+00  1.000e+02
-5.059e-03  -5.059e-03  -0.000e+00  1.000e+02
-3.838e-03  -3.838e-03  -0.000e+00  1.000e+02
-3.974e-03  -3.974e-03  -0.000e+00  1.000e+02
-1.123e-02  -1.123e-02  -0.000e+00  1.000e+02
-9.938e-03  -9.938e-03  -0.000e+00  1.000e+02
-9.659e-03  -9.659e-03  -0.000e+00  1.000e+02
-2.813e-02  -2.813e-02  -0.000e+00  1.000e+02
-2.704e-02  -2.704e-02  -0.000e+00  1.000e+02
-2.390e-02  -2.390e-02  -0.000e+00  1.000e+02
-7.296e-02  -7.296e-02  -0.000e+00  1.000e+02
-6.566e-02  -6.566e-02  -0.000e+00  1.000e+02
-5.532e-02  -5.532e-02  -0.000e+00  1.000e+02
-1.726e-01  -1.726e-01  -0.000e+00  1.000e+02
-1.337e-01  -1.337e-01  -0.000e+00  1.000e+02
-1.140e-01  -1.140e-01  -0.000e+00  1.000e+02
-3.513e-01  -3.513e-01  -0.000e+00  1.000e+02
-2.307e-01  -2.307e-01  -0.000e+00  1.000e+02
-2.055e-01  -2.055e-01  -0.000e+00  1.000e+02
-6.079e-01  -6.079e-01  -0.000e+00  1.000e+02
-3.307e-01  -3.307e-01  -0.000e+00  1.000e+02
-3.194e-01  -3.194e-01  -0.000e+00  1.000e+02
-8.993e-01  -8.993e-01  -0.000e+00  1.000e+02
-4.290e-01  -4.290e-01  -0.000e+00  1.000e+02
-4.235e-01  -4.235e-01  -1.507e-02  9.644e+01
-1.149e+00  -1.149e+00  -1.507e-02  9.869e+01
-4.902e-01  -4.902e-01  -0.000e+00  1.000e+02
-4.942e-01  -4.942e-01  -0.000e+00  1.000e+02
-1.312e+00  -1.312e+00  -1.507e-02  9.885e+01
-5.262e-01  -5.262e-01  -0.000e+00  1.000e+02
-5.465e-01  -5.465e-01  -1.507e-02  9.724e+01
-1.418e+00  -1.418e+00  -0.000e+00  1.000e+02
-5.408e-01  -5.408e-01  -1.507e-02  9.721e+01
-5.731e-01  -5.731e-01  -1.507e-02  9.737e+01
-1.460e+00  -1.460e+00  -0.000e+00  1.000e+02
-5.587e-01  -5.587e-01  -0.000e+00  1.000e+02
-5.771e-01  -5.771e-01  -0.000e+00  1.000e+02
-1.492e+00  -1.492e+00  -1.507e-02  9.899e+01
-5.609e-01  -5.609e-01  -0.000e+00  1.000e+02
-5.812e-01  -5.812e-01  -0.000e+00  1.000e+02
-1.504e+00  -1.504e+00  -2.131e-02  9.858e+01
-5.506e-01  -5.506e-01  -0.000e+00  1.000e+02
-5.940e-01  -5.940e-01  -0.000e+00  1.000e+02
-1.504e+00  -1.504e+00  -1.507e-02  9.900e+01
-5.621e-01  -5.621e-01  -0.000e+00  1.000e+02
-5.887e-01  -5.887e-01  -0.000e+00  1.000e+02
-1.515e+00  -1.515e+00  -1.507e-02  9.901e+01
-5.534e-01  -5.534e-01  -0.000e+00  1.000e+02
-5.957e-01  -5.957e-01  -0.000e+00  1.000e+02
-1.519e+00  -1.519e+00  -0.000e+00  1.000e+02
-5.582e-01  -5.582e-01  -0.000e+00  1.000e+02
-5.956e-01  -5.956e-01  -1.507e-02  9.747e+01
-1.521e+00  -1.521e+00  -2.131e-02  9.860e+01
========================================================================================

step: 5/15 res:22.28477379908908, res/res0:0.9931801118549027  dq_norm: [0.01506825 0.0301365  0.04520475]

A info: before HHL prepare:
Spectral radius (A): 9.801e+01, lambda_min:5.923929895181801
condition number(A): 1.654e+01, norm2_cond:397.76518831130124
det(A): 2.627e+93
--------------------------------------------------------------------------------

A_hhl info: after scaling by spectral radius:
Spectral radius (A): 1.000e+00, lambda_min:0.060442399246447454
condition number(A): 1.654e+01, norm2_cond:397.76518831130124
det(A): 8.776e-27, nnz: 14 non zeros per row
--------------------------------------------------------------------------------

Size of A & B are not power of 2:
Next 2 power of 60 = 64
Value to be padded = 4
--------------------------------------------------

==================== Print (N)^2 padded matrix system =======================
Padded shape of A: (60, 60)x(60, 60) -> (64, 64)x(64, 64)
Padded shape of B: (60,) -> (64,)
Determinant of padded matrix: 8.775848777756622e-27
Condition # of padded matrix: 397.76518831130124


Matrix is not Hermitian. Making it Hermitian.......

==================== Print Hermitian matrix system info =======================
Shape of hermitian A: 64x64 -> 128x128
Shape of           B: 64 -> 128
Determinant of Hermitian matrix: 7.701552177005566e-53
Condition # of Hermitian matrix: 397.7651883113006

=================================== Generating HHL circuit ===================================
Time elapsed for generating HHL circuit: 5 min 16.05 sec

Generated circuit: num_qubits=18, gates=23, depth=5
============================== Generated Circuit saved ==============================

============================== Transpiling circuit ==============================
This is using the AerSimulator('aer_simulator_statevector') transpiler.
Time elapsed for transpiling the circuit:  0 min 54.54 sec
Transpiled circuit, num_qubits: 18, (original: 18)
Transpiled circuit depth: 464201 (original: 5)
Transpiled circuit gates: 464353 (original: 23)
============================== Transpiled Circuit saved ==============================
Time elapsed for running the circuit:  2 min 30.64 sec
total_qubits: 18, nq:7

Time elapsed for extracting shots-based hhl counts solution:  0 min 0.00 sec

[HHL info]: linear system residual (e=||Ax-b||_2): 22.281490932269275
[HHL info]: Fidelity(true_sol, hhl_sol): 0.5158531197686553
[HHL info]: L2 error (absolute): 5.285486721745966
[HHL info]: L2 error (relative): 0.9963105280300284
[HHL info]: L2 error (normalized): 0.7506941381534042

========================================================================================
 Compare system solutions using LU of A, LU sol of A_herm, HHL of Ax=b hermition system
LU sol 	    Herm LU sol    HHL sol    L1_diff(%)
-2.314e-04  -2.314e-04  -0.000e+00  1.000e+02
-1.951e-04  -1.951e-04  -0.000e+00  1.000e+02
-6.107e-04  -6.107e-04  -0.000e+00  1.000e+02
-8.117e-04  -8.117e-04  -0.000e+00  1.000e+02
-7.220e-04  -7.220e-04  -0.000e+00  1.000e+02
-2.199e-03  -2.199e-03  -0.000e+00  1.000e+02
-1.783e-03  -1.783e-03  -0.000e+00  1.000e+02
-1.748e-03  -1.748e-03  -0.000e+00  1.000e+02
-5.072e-03  -5.072e-03  -0.000e+00  1.000e+02
-3.870e-03  -3.870e-03  -0.000e+00  1.000e+02
-3.990e-03  -3.990e-03  -0.000e+00  1.000e+02
-1.130e-02  -1.130e-02  -0.000e+00  1.000e+02
-9.989e-03  -9.989e-03  -0.000e+00  1.000e+02
-9.685e-03  -9.685e-03  -0.000e+00  1.000e+02
-2.824e-02  -2.824e-02  -0.000e+00  1.000e+02
-2.702e-02  -2.702e-02  -0.000e+00  1.000e+02
-2.389e-02  -2.389e-02  -0.000e+00  1.000e+02
-7.292e-02  -7.292e-02  -0.000e+00  1.000e+02
-6.540e-02  -6.540e-02  -0.000e+00  1.000e+02
-5.517e-02  -5.517e-02  -0.000e+00  1.000e+02
-1.721e-01  -1.721e-01  -0.000e+00  1.000e+02
-1.333e-01  -1.333e-01  -0.000e+00  1.000e+02
-1.138e-01  -1.138e-01  -0.000e+00  1.000e+02
-3.503e-01  -3.503e-01  -6.263e-03  9.821e+01
-2.310e-01  -2.310e-01  -0.000e+00  1.000e+02
-2.058e-01  -2.058e-01  -0.000e+00  1.000e+02
-6.084e-01  -6.084e-01  -0.000e+00  1.000e+02
-3.324e-01  -3.324e-01  -0.000e+00  1.000e+02
-3.196e-01  -3.196e-01  -0.000e+00  1.000e+02
-9.037e-01  -9.037e-01  -0.000e+00  1.000e+02
-4.317e-01  -4.317e-01  -6.263e-03  9.855e+01
-4.083e-01  -4.083e-01  -0.000e+00  1.000e+02
-1.139e+00  -1.139e+00  -0.000e+00  1.000e+02
-4.936e-01  -4.936e-01  -0.000e+00  1.000e+02
-4.949e-01  -4.949e-01  -0.000e+00  1.000e+02
-1.303e+00  -1.303e+00  -6.263e-03  9.952e+01
-5.285e-01  -5.285e-01  -0.000e+00  1.000e+02
-5.304e-01  -5.304e-01  -0.000e+00  1.000e+02
-1.426e+00  -1.426e+00  -1.085e-02  9.924e+01
-5.244e-01  -5.244e-01  -6.263e-03  9.881e+01
-5.579e-01  -5.579e-01  -0.000e+00  1.000e+02
-1.462e+00  -1.462e+00  -6.263e-03  9.957e+01
-5.571e-01  -5.571e-01  -0.000e+00  1.000e+02
-5.773e-01  -5.773e-01  -0.000e+00  1.000e+02
-1.471e+00  -1.471e+00  -8.857e-03  9.940e+01
-5.584e-01  -5.584e-01  -0.000e+00  1.000e+02
-5.810e-01  -5.810e-01  -0.000e+00  1.000e+02
-1.474e+00  -1.474e+00  -0.000e+00  1.000e+02
-5.476e-01  -5.476e-01  -0.000e+00  1.000e+02
-5.935e-01  -5.935e-01  -0.000e+00  1.000e+02
-1.480e+00  -1.480e+00  -8.857e-03  9.940e+01
-5.607e-01  -5.607e-01  -0.000e+00  1.000e+02
-5.890e-01  -5.890e-01  -6.263e-03  9.894e+01
-1.494e+00  -1.494e+00  -0.000e+00  1.000e+02
-5.561e-01  -5.561e-01  -6.263e-03  9.887e+01
-5.970e-01  -5.970e-01  -6.263e-03  9.895e+01
-1.525e+00  -1.525e+00  -1.085e-02  9.929e+01
-5.645e-01  -5.645e-01  -0.000e+00  1.000e+02
-5.808e-01  -5.808e-01  -0.000e+00  1.000e+02
-1.512e+00  -1.512e+00  -6.263e-03  9.959e+01
========================================================================================

step: 6/15 res:22.06190868209726, res/res0:0.983247536195035  dq_norm: [0.01084756 0.00885699 0.0234334 ]

A info: before HHL prepare:
Spectral radius (A): 9.804e+01, lambda_min:5.929316534722606
condition number(A): 1.653e+01, norm2_cond:397.26353344157644
det(A): 2.715e+93
--------------------------------------------------------------------------------

A_hhl info: after scaling by spectral radius:
Spectral radius (A): 1.000e+00, lambda_min:0.060478303388662
condition number(A): 1.653e+01, norm2_cond:397.2635334415772
det(A): 8.901e-27, nnz: 14 non zeros per row
--------------------------------------------------------------------------------

Size of A & B are not power of 2:
Next 2 power of 60 = 64
Value to be padded = 4
--------------------------------------------------

==================== Print (N)^2 padded matrix system =======================
Padded shape of A: (60, 60)x(60, 60) -> (64, 64)x(64, 64)
Padded shape of B: (60,) -> (64,)
Determinant of padded matrix: 8.901426707535982e-27
Condition # of padded matrix: 397.2635334415772


Matrix is not Hermitian. Making it Hermitian.......

==================== Print Hermitian matrix system info =======================
Shape of hermitian A: 64x64 -> 128x128
Shape of           B: 64 -> 128
Determinant of Hermitian matrix: 7.923539742963486e-53
Condition # of Hermitian matrix: 397.2635334415807

=================================== Generating HHL circuit ===================================
Time elapsed for generating HHL circuit: 5 min 6.79 sec

Generated circuit: num_qubits=18, gates=23, depth=5
============================== Generated Circuit saved ==============================

============================== Transpiling circuit ==============================
This is using the AerSimulator('aer_simulator_statevector') transpiler.
Time elapsed for transpiling the circuit:  0 min 55.66 sec
Transpiled circuit, num_qubits: 18, (original: 18)
Transpiled circuit depth: 464196 (original: 5)
Transpiled circuit gates: 464348 (original: 23)
============================== Transpiled Circuit saved ==============================
Time elapsed for running the circuit:  2 min 29.87 sec
total_qubits: 18, nq:7

Time elapsed for extracting shots-based hhl counts solution:  0 min 0.00 sec

[HHL info]: linear system residual (e=||Ax-b||_2): 22.273009168930415
[HHL info]: Fidelity(true_sol, hhl_sol): 0.4758625871356272
[HHL info]: L2 error (absolute): 5.273903304360233
[HHL info]: L2 error (relative): 0.9985070146309405
[HHL info]: L2 error (normalized): 0.787619273202567

========================================================================================
 Compare system solutions using LU of A, LU sol of A_herm, HHL of Ax=b hermition system
LU sol 	    Herm LU sol    HHL sol    L1_diff(%)
-2.316e-04  -2.316e-04  -0.000e+00  1.000e+02
-1.951e-04  -1.951e-04  -0.000e+00  1.000e+02
-6.112e-04  -6.112e-04  -0.000e+00  1.000e+02
-8.124e-04  -8.124e-04  -0.000e+00  1.000e+02
-7.222e-04  -7.222e-04  -0.000e+00  1.000e+02
-2.201e-03  -2.201e-03  -0.000e+00  1.000e+02
-1.783e-03  -1.783e-03  -0.000e+00  1.000e+02
-1.748e-03  -1.748e-03  -0.000e+00  1.000e+02
-5.073e-03  -5.073e-03  -0.000e+00  1.000e+02
-3.870e-03  -3.870e-03  -0.000e+00  1.000e+02
-3.991e-03  -3.991e-03  -0.000e+00  1.000e+02
-1.130e-02  -1.130e-02  -0.000e+00  1.000e+02
-9.979e-03  -9.979e-03  -0.000e+00  1.000e+02
-9.676e-03  -9.676e-03  -0.000e+00  1.000e+02
-2.822e-02  -2.822e-02  -0.000e+00  1.000e+02
-2.700e-02  -2.700e-02  -0.000e+00  1.000e+02
-2.387e-02  -2.387e-02  -0.000e+00  1.000e+02
-7.289e-02  -7.289e-02  -0.000e+00  1.000e+02
-6.546e-02  -6.546e-02  -0.000e+00  1.000e+02
-5.525e-02  -5.525e-02  -0.000e+00  1.000e+02
-1.721e-01  -1.721e-01  -0.000e+00  1.000e+02
-1.335e-01  -1.335e-01  -0.000e+00  1.000e+02
-1.140e-01  -1.140e-01  -0.000e+00  1.000e+02
-3.441e-01  -3.441e-01  -0.000e+00  1.000e+02
-2.307e-01  -2.307e-01  -0.000e+00  1.000e+02
-2.055e-01  -2.055e-01  -0.000e+00  1.000e+02
-6.079e-01  -6.079e-01  -0.000e+00  1.000e+02
-3.315e-01  -3.315e-01  -0.000e+00  1.000e+02
-3.195e-01  -3.195e-01  -0.000e+00  1.000e+02
-9.018e-01  -9.018e-01  -0.000e+00  1.000e+02
-4.242e-01  -4.242e-01  -0.000e+00  1.000e+02
-4.089e-01  -4.089e-01  -0.000e+00  1.000e+02
-1.137e+00  -1.137e+00  -3.173e-03  9.972e+01
-4.925e-01  -4.925e-01  -0.000e+00  1.000e+02
-4.944e-01  -4.944e-01  -0.000e+00  1.000e+02
-1.293e+00  -1.293e+00  -3.173e-03  9.975e+01
-5.267e-01  -5.267e-01  -3.173e-03  9.940e+01
-5.303e-01  -5.303e-01  -3.173e-03  9.940e+01
-1.410e+00  -1.410e+00  -3.173e-03  9.977e+01
-5.163e-01  -5.163e-01  -0.000e+00  1.000e+02
-5.583e-01  -5.583e-01  -0.000e+00  1.000e+02
-1.451e+00  -1.451e+00  -0.000e+00  1.000e+02
-5.566e-01  -5.566e-01  -0.000e+00  1.000e+02
-5.771e-01  -5.771e-01  -0.000e+00  1.000e+02
-1.459e+00  -1.459e+00  -4.487e-03  9.969e+01
-5.590e-01  -5.590e-01  -0.000e+00  1.000e+02
-5.814e-01  -5.814e-01  -3.173e-03  9.945e+01
-1.475e+00  -1.475e+00  -3.173e-03  9.978e+01
-5.492e-01  -5.492e-01  -0.000e+00  1.000e+02
-5.936e-01  -5.936e-01  -0.000e+00  1.000e+02
-1.473e+00  -1.473e+00  -0.000e+00  1.000e+02
-5.618e-01  -5.618e-01  -0.000e+00  1.000e+02
-5.822e-01  -5.822e-01  -0.000e+00  1.000e+02
-1.498e+00  -1.498e+00  -0.000e+00  1.000e+02
-5.497e-01  -5.497e-01  -0.000e+00  1.000e+02
-5.908e-01  -5.908e-01  -0.000e+00  1.000e+02
-1.514e+00  -1.514e+00  -3.173e-03  9.979e+01
-5.645e-01  -5.645e-01  -0.000e+00  1.000e+02
-5.808e-01  -5.808e-01  -0.000e+00  1.000e+02
-1.505e+00  -1.505e+00  -5.496e-03  9.963e+01
========================================================================================

step: 7/15 res:22.282124121954283, res/res0:0.9930620219583284  dq_norm: [0.00317309 0.00448742 0.01003419]

A info: before HHL prepare:
Spectral radius (A): 9.803e+01, lambda_min:5.928138983769848
condition number(A): 1.654e+01, norm2_cond:396.97315974043033
det(A): 2.712e+93
--------------------------------------------------------------------------------

A_hhl info: after scaling by spectral radius:
Spectral radius (A): 1.000e+00, lambda_min:0.06046971437259989
condition number(A): 1.654e+01, norm2_cond:396.97315974042846
det(A): 8.922e-27, nnz: 14 non zeros per row
--------------------------------------------------------------------------------

Size of A & B are not power of 2:
Next 2 power of 60 = 64
Value to be padded = 4
--------------------------------------------------

==================== Print (N)^2 padded matrix system =======================
Padded shape of A: (60, 60)x(60, 60) -> (64, 64)x(64, 64)
Padded shape of B: (60,) -> (64,)
Determinant of padded matrix: 8.921718503711708e-27
Condition # of padded matrix: 396.97315974042846


Matrix is not Hermitian. Making it Hermitian.......

==================== Print Hermitian matrix system info =======================
Shape of hermitian A: 64x64 -> 128x128
Shape of           B: 64 -> 128
Determinant of Hermitian matrix: 7.959706105947641e-53
Condition # of Hermitian matrix: 396.97315974042647

=================================== Generating HHL circuit ===================================
Time elapsed for generating HHL circuit: 5 min 12.14 sec

Generated circuit: num_qubits=18, gates=23, depth=5
============================== Generated Circuit saved ==============================

============================== Transpiling circuit ==============================
This is using the AerSimulator('aer_simulator_statevector') transpiler.
Time elapsed for transpiling the circuit:  0 min 44.91 sec
Transpiled circuit, num_qubits: 18, (original: 18)
Transpiled circuit depth: 464203 (original: 5)
Transpiled circuit gates: 464355 (original: 23)
============================== Transpiled Circuit saved ==============================
Time elapsed for running the circuit:  2 min 33.12 sec
total_qubits: 18, nq:7

Time elapsed for extracting shots-based hhl counts solution:  0 min 0.00 sec

[HHL info]: linear system residual (e=||Ax-b||_2): 22.236726927856058
[HHL info]: Fidelity(true_sol, hhl_sol): 0.4948441030158082
[HHL info]: L2 error (absolute): 5.260238469162048
[HHL info]: L2 error (relative): 0.997517589553931
[HHL info]: L2 error (normalized): 0.7701278282381927

========================================================================================
 Compare system solutions using LU of A, LU sol of A_herm, HHL of Ax=b hermition system
LU sol 	    Herm LU sol    HHL sol    L1_diff(%)
-2.317e-04  -2.317e-04  -0.000e+00  1.000e+02
-1.952e-04  -1.952e-04  -0.000e+00  1.000e+02
-6.115e-04  -6.115e-04  -0.000e+00  1.000e+02
-8.127e-04  -8.127e-04  -0.000e+00  1.000e+02
-7.224e-04  -7.224e-04  -0.000e+00  1.000e+02
-2.201e-03  -2.201e-03  -0.000e+00  1.000e+02
-1.783e-03  -1.783e-03  -0.000e+00  1.000e+02
-1.748e-03  -1.748e-03  -0.000e+00  1.000e+02
-5.073e-03  -5.073e-03  -0.000e+00  1.000e+02
-3.868e-03  -3.868e-03  -0.000e+00  1.000e+02
-3.990e-03  -3.990e-03  -0.000e+00  1.000e+02
-1.129e-02  -1.129e-02  -0.000e+00  1.000e+02
-9.975e-03  -9.975e-03  -0.000e+00  1.000e+02
-9.674e-03  -9.674e-03  -0.000e+00  1.000e+02
-2.821e-02  -2.821e-02  -0.000e+00  1.000e+02
-2.700e-02  -2.700e-02  -0.000e+00  1.000e+02
-2.387e-02  -2.387e-02  -0.000e+00  1.000e+02
-7.289e-02  -7.289e-02  -0.000e+00  1.000e+02
-6.548e-02  -6.548e-02  -0.000e+00  1.000e+02
-5.526e-02  -5.526e-02  -0.000e+00  1.000e+02
-1.722e-01  -1.722e-01  -0.000e+00  1.000e+02
-1.335e-01  -1.335e-01  -0.000e+00  1.000e+02
-1.140e-01  -1.140e-01  -0.000e+00  1.000e+02
-3.442e-01  -3.442e-01  -0.000e+00  1.000e+02
-2.307e-01  -2.307e-01  -0.000e+00  1.000e+02
-2.055e-01  -2.055e-01  -0.000e+00  1.000e+02
-6.079e-01  -6.079e-01  -4.066e-03  9.933e+01
-3.314e-01  -3.314e-01  -0.000e+00  1.000e+02
-3.195e-01  -3.195e-01  -0.000e+00  1.000e+02
-9.015e-01  -9.015e-01  -0.000e+00  1.000e+02
-4.240e-01  -4.240e-01  -0.000e+00  1.000e+02
-4.088e-01  -4.088e-01  -0.000e+00  1.000e+02
-1.133e+00  -1.133e+00  -0.000e+00  1.000e+02
-4.923e-01  -4.923e-01  -0.000e+00  1.000e+02
-4.944e-01  -4.944e-01  -0.000e+00  1.000e+02
-1.289e+00  -1.289e+00  -7.043e-03  9.945e+01
-5.231e-01  -5.231e-01  -0.000e+00  1.000e+02
-5.269e-01  -5.269e-01  -0.000e+00  1.000e+02
-1.406e+00  -1.406e+00  -5.750e-03  9.959e+01
-5.164e-01  -5.164e-01  -0.000e+00  1.000e+02
-5.585e-01  -5.585e-01  -0.000e+00  1.000e+02
-1.451e+00  -1.451e+00  -8.132e-03  9.944e+01
-5.572e-01  -5.572e-01  -0.000e+00  1.000e+02
-5.772e-01  -5.772e-01  -5.750e-03  9.900e+01
-1.456e+00  -1.456e+00  -4.066e-03  9.972e+01
-5.596e-01  -5.596e-01  -0.000e+00  1.000e+02
-5.780e-01  -5.780e-01  -0.000e+00  1.000e+02
-1.473e+00  -1.473e+00  -4.066e-03  9.972e+01
-5.494e-01  -5.494e-01  -0.000e+00  1.000e+02
-5.936e-01  -5.936e-01  -0.000e+00  1.000e+02
-1.474e+00  -1.474e+00  -0.000e+00  1.000e+02
-5.618e-01  -5.618e-01  -5.750e-03  9.898e+01
-5.822e-01  -5.822e-01  -0.000e+00  1.000e+02
-1.498e+00  -1.498e+00  -0.000e+00  1.000e+02
-5.494e-01  -5.494e-01  -4.066e-03  9.926e+01
-5.908e-01  -5.908e-01  -4.066e-03  9.931e+01
-1.510e+00  -1.510e+00  -4.066e-03  9.973e+01
-5.641e-01  -5.641e-01  -0.000e+00  1.000e+02
-5.808e-01  -5.808e-01  -4.066e-03  9.930e+01
-1.497e+00  -1.497e+00  -4.066e-03  9.973e+01
========================================================================================

step: 8/15 res:22.27299014558395, res/res0:0.9926549420500936  dq_norm: [0.00704252 0.008132   0.01521358]

A info: before HHL prepare:
Spectral radius (A): 9.800e+01, lambda_min:5.932653157417983
condition number(A): 1.652e+01, norm2_cond:397.02722608938655
det(A): 2.686e+93
--------------------------------------------------------------------------------

A_hhl info: after scaling by spectral radius:
Spectral radius (A): 1.000e+00, lambda_min:0.060534538880917685
condition number(A): 1.652e+01, norm2_cond:397.0272260893851
det(A): 9.003e-27, nnz: 14 non zeros per row
--------------------------------------------------------------------------------

Size of A & B are not power of 2:
Next 2 power of 60 = 64
Value to be padded = 4
--------------------------------------------------

==================== Print (N)^2 padded matrix system =======================
Padded shape of A: (60, 60)x(60, 60) -> (64, 64)x(64, 64)
Padded shape of B: (60,) -> (64,)
Determinant of padded matrix: 9.002600936004126e-27
Condition # of padded matrix: 397.0272260893851


Matrix is not Hermitian. Making it Hermitian.......

==================== Print Hermitian matrix system info =======================
Shape of hermitian A: 64x64 -> 128x128
Shape of           B: 64 -> 128
Determinant of Hermitian matrix: 8.104682361294696e-53
Condition # of Hermitian matrix: 397.0272260893846

=================================== Generating HHL circuit ===================================
Time elapsed for generating HHL circuit: 5 min 11.40 sec

Generated circuit: num_qubits=18, gates=23, depth=5
============================== Generated Circuit saved ==============================

============================== Transpiling circuit ==============================
This is using the AerSimulator('aer_simulator_statevector') transpiler.
Time elapsed for transpiling the circuit:  0 min 58.69 sec
Transpiled circuit, num_qubits: 18, (original: 18)
Transpiled circuit depth: 464200 (original: 5)
Transpiled circuit gates: 464352 (original: 23)
============================== Transpiled Circuit saved ==============================
Time elapsed for running the circuit:  2 min 33.10 sec
total_qubits: 18, nq:7

Time elapsed for extracting shots-based hhl counts solution:  0 min 0.00 sec

[HHL info]: linear system residual (e=||Ax-b||_2): 21.860128063245565
[HHL info]: Fidelity(true_sol, hhl_sol): 0.605122972629905
[HHL info]: L2 error (absolute): 5.200218116200503
[HHL info]: L2 error (relative): 0.9884562473122622
[HHL info]: L2 error (normalized): 0.666488551905962

========================================================================================
 Compare system solutions using LU of A, LU sol of A_herm, HHL of Ax=b hermition system
LU sol 	    Herm LU sol    HHL sol    L1_diff(%)
-2.315e-04  -2.315e-04  -0.000e+00  1.000e+02
-1.951e-04  -1.951e-04  -0.000e+00  1.000e+02
-6.109e-04  -6.109e-04  -0.000e+00  1.000e+02
-8.119e-04  -8.119e-04  -0.000e+00  1.000e+02
-7.220e-04  -7.220e-04  -0.000e+00  1.000e+02
-2.200e-03  -2.200e-03  -0.000e+00  1.000e+02
-1.783e-03  -1.783e-03  -0.000e+00  1.000e+02
-1.748e-03  -1.748e-03  -0.000e+00  1.000e+02
-5.072e-03  -5.072e-03  -0.000e+00  1.000e+02
-3.870e-03  -3.870e-03  -0.000e+00  1.000e+02
-3.992e-03  -3.992e-03  -0.000e+00  1.000e+02
-1.130e-02  -1.130e-02  -0.000e+00  1.000e+02
-9.984e-03  -9.984e-03  -0.000e+00  1.000e+02
-9.680e-03  -9.680e-03  -0.000e+00  1.000e+02
-2.823e-02  -2.823e-02  -0.000e+00  1.000e+02
-2.700e-02  -2.700e-02  -0.000e+00  1.000e+02
-2.386e-02  -2.386e-02  -0.000e+00  1.000e+02
-7.290e-02  -7.290e-02  -0.000e+00  1.000e+02
-6.544e-02  -6.544e-02  -0.000e+00  1.000e+02
-5.523e-02  -5.523e-02  -0.000e+00  1.000e+02
-1.721e-01  -1.721e-01  -0.000e+00  1.000e+02
-1.335e-01  -1.335e-01  -0.000e+00  1.000e+02
-1.140e-01  -1.140e-01  -0.000e+00  1.000e+02
-3.441e-01  -3.441e-01  -0.000e+00  1.000e+02
-2.308e-01  -2.308e-01  -0.000e+00  1.000e+02
-2.056e-01  -2.056e-01  -0.000e+00  1.000e+02
-6.036e-01  -6.036e-01  -0.000e+00  1.000e+02
-3.313e-01  -3.313e-01  -0.000e+00  1.000e+02
-3.194e-01  -3.194e-01  -0.000e+00  1.000e+02
-9.015e-01  -9.015e-01  -1.901e-02  9.789e+01
-4.236e-01  -4.236e-01  -0.000e+00  1.000e+02
-4.087e-01  -4.087e-01  -0.000e+00  1.000e+02
-1.132e+00  -1.132e+00  -1.901e-02  9.832e+01
-4.918e-01  -4.918e-01  -0.000e+00  1.000e+02
-4.943e-01  -4.943e-01  -0.000e+00  1.000e+02
-1.279e+00  -1.279e+00  -0.000e+00  1.000e+02
-5.232e-01  -5.232e-01  -0.000e+00  1.000e+02
-5.273e-01  -5.273e-01  -0.000e+00  1.000e+02
-1.399e+00  -1.399e+00  -1.901e-02  9.864e+01
-5.177e-01  -5.177e-01  -0.000e+00  1.000e+02
-5.589e-01  -5.589e-01  -0.000e+00  1.000e+02
-1.445e+00  -1.445e+00  -3.292e-02  9.772e+01
-5.584e-01  -5.584e-01  -1.901e-02  9.660e+01
-5.711e-01  -5.711e-01  -0.000e+00  1.000e+02
-1.454e+00  -1.454e+00  -1.901e-02  9.869e+01
-5.593e-01  -5.593e-01  -0.000e+00  1.000e+02
-5.776e-01  -5.776e-01  -0.000e+00  1.000e+02
-1.467e+00  -1.467e+00  -1.901e-02  9.870e+01
-5.479e-01  -5.479e-01  -0.000e+00  1.000e+02
-5.932e-01  -5.932e-01  -0.000e+00  1.000e+02
-1.471e+00  -1.471e+00  -2.688e-02  9.817e+01
-5.546e-01  -5.546e-01  -0.000e+00  1.000e+02
-5.828e-01  -5.828e-01  -1.901e-02  9.674e+01
-1.496e+00  -1.496e+00  -2.688e-02  9.820e+01
-5.461e-01  -5.461e-01  -1.901e-02  9.652e+01
-5.870e-01  -5.870e-01  -0.000e+00  1.000e+02
-1.508e+00  -1.508e+00  -2.688e-02  9.822e+01
-5.664e-01  -5.664e-01  -0.000e+00  1.000e+02
-5.768e-01  -5.768e-01  -0.000e+00  1.000e+02
-1.498e+00  -1.498e+00  -0.000e+00  1.000e+02
========================================================================================

step: 9/15 res:22.236773246769477, res/res0:0.9910408397962459  dq_norm: [0.02688093 0.01900769 0.07112025]

A info: before HHL prepare:
Spectral radius (A): 9.794e+01, lambda_min:5.978719551115527
condition number(A): 1.638e+01, norm2_cond:393.67375295659156
det(A): 2.861e+93
--------------------------------------------------------------------------------

A_hhl info: after scaling by spectral radius:
Spectral radius (A): 1.000e+00, lambda_min:0.06104645451038778
condition number(A): 1.638e+01, norm2_cond:393.6737529565951
det(A): 9.991e-27, nnz: 14 non zeros per row
--------------------------------------------------------------------------------

Size of A & B are not power of 2:
Next 2 power of 60 = 64
Value to be padded = 4
--------------------------------------------------

==================== Print (N)^2 padded matrix system =======================
Padded shape of A: (60, 60)x(60, 60) -> (64, 64)x(64, 64)
Padded shape of B: (60,) -> (64,)
Determinant of padded matrix: 9.991082933075647e-27
Condition # of padded matrix: 393.6737529565951


Matrix is not Hermitian. Making it Hermitian.......

==================== Print Hermitian matrix system info =======================
Shape of hermitian A: 64x64 -> 128x128
Shape of           B: 64 -> 128
Determinant of Hermitian matrix: 9.982173817559831e-53
Condition # of Hermitian matrix: 393.6737529565971

=================================== Generating HHL circuit ===================================
Time elapsed for generating HHL circuit: 5 min 6.93 sec

Generated circuit: num_qubits=18, gates=23, depth=5
============================== Generated Circuit saved ==============================

============================== Transpiling circuit ==============================
This is using the AerSimulator('aer_simulator_statevector') transpiler.
Time elapsed for transpiling the circuit:  0 min 57.45 sec
Transpiled circuit, num_qubits: 18, (original: 18)
Transpiled circuit depth: 464200 (original: 5)
Transpiled circuit gates: 464352 (original: 23)
============================== Transpiled Circuit saved ==============================
Time elapsed for running the circuit:  2 min 32.50 sec
total_qubits: 18, nq:7

Time elapsed for extracting shots-based hhl counts solution:  0 min 0.00 sec

[HHL info]: linear system residual (e=||Ax-b||_2): 21.965599240621803
[HHL info]: Fidelity(true_sol, hhl_sol): 0.4993898338810566
[HHL info]: L2 error (absolute): 5.162372026295907
[HHL info]: L2 error (relative): 0.9958309388957735
[HHL info]: L2 error (normalized): 0.765930549231527

========================================================================================
 Compare system solutions using LU of A, LU sol of A_herm, HHL of Ax=b hermition system
LU sol 	    Herm LU sol    HHL sol    L1_diff(%)
-2.316e-04  -2.316e-04  -0.000e+00  1.000e+02
-1.951e-04  -1.951e-04  -0.000e+00  1.000e+02
-6.111e-04  -6.111e-04  -0.000e+00  1.000e+02
-8.087e-04  -8.087e-04  -0.000e+00  1.000e+02
-7.204e-04  -7.204e-04  -0.000e+00  1.000e+02
-2.193e-03  -2.193e-03  -0.000e+00  1.000e+02
-1.771e-03  -1.771e-03  -0.000e+00  1.000e+02
-1.742e-03  -1.742e-03  -0.000e+00  1.000e+02
-5.046e-03  -5.046e-03  -0.000e+00  1.000e+02
-3.852e-03  -3.852e-03  -0.000e+00  1.000e+02
-3.982e-03  -3.982e-03  -0.000e+00  1.000e+02
-1.126e-02  -1.126e-02  -0.000e+00  1.000e+02
-9.993e-03  -9.993e-03  -0.000e+00  1.000e+02
-9.684e-03  -9.684e-03  -0.000e+00  1.000e+02
-2.825e-02  -2.825e-02  -0.000e+00  1.000e+02
-2.710e-02  -2.710e-02  -0.000e+00  1.000e+02
-2.392e-02  -2.392e-02  -0.000e+00  1.000e+02
-7.310e-02  -7.310e-02  -0.000e+00  1.000e+02
-6.558e-02  -6.558e-02  -0.000e+00  1.000e+02
-5.528e-02  -5.528e-02  -0.000e+00  1.000e+02
-1.724e-01  -1.724e-01  -0.000e+00  1.000e+02
-1.333e-01  -1.333e-01  -0.000e+00  1.000e+02
-1.138e-01  -1.138e-01  -0.000e+00  1.000e+02
-3.439e-01  -3.439e-01  -0.000e+00  1.000e+02
-2.302e-01  -2.302e-01  -0.000e+00  1.000e+02
-2.054e-01  -2.054e-01  -0.000e+00  1.000e+02
-6.020e-01  -6.020e-01  -1.119e-02  9.814e+01
-3.310e-01  -3.310e-01  -0.000e+00  1.000e+02
-3.197e-01  -3.197e-01  -0.000e+00  1.000e+02
-8.790e-01  -8.790e-01  -0.000e+00  1.000e+02
-4.239e-01  -4.239e-01  -0.000e+00  1.000e+02
-4.089e-01  -4.089e-01  -0.000e+00  1.000e+02
-1.112e+00  -1.112e+00  -0.000e+00  1.000e+02
-4.918e-01  -4.918e-01  -7.913e-03  9.839e+01
-4.945e-01  -4.945e-01  -0.000e+00  1.000e+02
-1.279e+00  -1.279e+00  -0.000e+00  1.000e+02
-5.206e-01  -5.206e-01  -0.000e+00  1.000e+02
-5.259e-01  -5.259e-01  -0.000e+00  1.000e+02
-1.371e+00  -1.371e+00  -0.000e+00  1.000e+02
-5.121e-01  -5.121e-01  -0.000e+00  1.000e+02
-5.583e-01  -5.583e-01  -0.000e+00  1.000e+02
-1.396e+00  -1.396e+00  -7.913e-03  9.943e+01
-5.339e-01  -5.339e-01  -0.000e+00  1.000e+02
-5.725e-01  -5.725e-01  -0.000e+00  1.000e+02
-1.424e+00  -1.424e+00  -1.371e-02  9.904e+01
-5.593e-01  -5.593e-01  -0.000e+00  1.000e+02
-5.789e-01  -5.789e-01  -0.000e+00  1.000e+02
-1.445e+00  -1.445e+00  -1.371e-02  9.905e+01
-5.484e-01  -5.484e-01  -0.000e+00  1.000e+02
-5.919e-01  -5.919e-01  -0.000e+00  1.000e+02
-1.442e+00  -1.442e+00  -1.119e-02  9.922e+01
-5.521e-01  -5.521e-01  -0.000e+00  1.000e+02
-5.618e-01  -5.618e-01  -0.000e+00  1.000e+02
-1.461e+00  -1.461e+00  -7.913e-03  9.946e+01
-5.246e-01  -5.246e-01  -0.000e+00  1.000e+02
-5.897e-01  -5.897e-01  -0.000e+00  1.000e+02
-1.476e+00  -1.476e+00  -7.913e-03  9.946e+01
-5.693e-01  -5.693e-01  -0.000e+00  1.000e+02
-5.773e-01  -5.773e-01  -0.000e+00  1.000e+02
-1.504e+00  -1.504e+00  -7.913e-03  9.947e+01
========================================================================================

step: 10/15 res:21.861373561809543, res/res0:0.9743101561258537  dq_norm: [0.00791317 0.         0.02960838]

A info: before HHL prepare:
Spectral radius (A): 9.795e+01, lambda_min:5.995017270768163
condition number(A): 1.634e+01, norm2_cond:391.792804964054
det(A): 2.938e+93
--------------------------------------------------------------------------------

A_hhl info: after scaling by spectral radius:
Spectral radius (A): 1.000e+00, lambda_min:0.06120528261449243
condition number(A): 1.634e+01, norm2_cond:391.79280496405164
det(A): 1.019e-26, nnz: 14 non zeros per row
--------------------------------------------------------------------------------

Size of A & B are not power of 2:
Next 2 power of 60 = 64
Value to be padded = 4
--------------------------------------------------

==================== Print (N)^2 padded matrix system =======================
Padded shape of A: (60, 60)x(60, 60) -> (64, 64)x(64, 64)
Padded shape of B: (60,) -> (64,)
Determinant of padded matrix: 1.0185400056904227e-26
Condition # of padded matrix: 391.79280496405164


Matrix is not Hermitian. Making it Hermitian.......

==================== Print Hermitian matrix system info =======================
Shape of hermitian A: 64x64 -> 128x128
Shape of           B: 64 -> 128
Determinant of Hermitian matrix: 1.0374237431917874e-52
Condition # of Hermitian matrix: 391.7928049640507

=================================== Generating HHL circuit ===================================
Time elapsed for generating HHL circuit: 5 min 12.71 sec

Generated circuit: num_qubits=18, gates=23, depth=5
============================== Generated Circuit saved ==============================

============================== Transpiling circuit ==============================
This is using the AerSimulator('aer_simulator_statevector') transpiler.
Time elapsed for transpiling the circuit:  0 min 44.89 sec
Transpiled circuit, num_qubits: 18, (original: 18)
Transpiled circuit depth: 464203 (original: 5)
Transpiled circuit gates: 464355 (original: 23)
============================== Transpiled Circuit saved ==============================
Time elapsed for running the circuit:  2 min 30.67 sec
total_qubits: 18, nq:7

Time elapsed for extracting shots-based hhl counts solution:  0 min 0.00 sec

[HHL info]: linear system residual (e=||Ax-b||_2): 22.511806047212524
[HHL info]: Fidelity(true_sol, hhl_sol): 0.5096777984642279
[HHL info]: L2 error (absolute): 5.13171697504625
[HHL info]: L2 error (relative): 0.9954586358750169
[HHL info]: L2 error (normalized): 0.7564162597185191

========================================================================================
 Compare system solutions using LU of A, LU sol of A_herm, HHL of Ax=b hermition system
LU sol 	    Herm LU sol    HHL sol    L1_diff(%)
-2.311e-04  -2.311e-04  -0.000e+00  1.000e+02
-1.949e-04  -1.949e-04  -0.000e+00  1.000e+02
-6.101e-04  -6.101e-04  -0.000e+00  1.000e+02
-8.068e-04  -8.068e-04  -0.000e+00  1.000e+02
-7.194e-04  -7.194e-04  -0.000e+00  1.000e+02
-2.189e-03  -2.189e-03  -0.000e+00  1.000e+02
-1.768e-03  -1.768e-03  -0.000e+00  1.000e+02
-1.740e-03  -1.740e-03  -0.000e+00  1.000e+02
-5.042e-03  -5.042e-03  -0.000e+00  1.000e+02
-3.857e-03  -3.857e-03  -0.000e+00  1.000e+02
-3.985e-03  -3.985e-03  -0.000e+00  1.000e+02
-1.127e-02  -1.127e-02  -0.000e+00  1.000e+02
-1.001e-02  -1.001e-02  -0.000e+00  1.000e+02
-9.699e-03  -9.699e-03  -0.000e+00  1.000e+02
-2.829e-02  -2.829e-02  -0.000e+00  1.000e+02
-2.710e-02  -2.710e-02  -0.000e+00  1.000e+02
-2.391e-02  -2.391e-02  -0.000e+00  1.000e+02
-7.312e-02  -7.312e-02  -0.000e+00  1.000e+02
-6.551e-02  -6.551e-02  -0.000e+00  1.000e+02
-5.522e-02  -5.522e-02  -0.000e+00  1.000e+02
-1.723e-01  -1.723e-01  -0.000e+00  1.000e+02
-1.333e-01  -1.333e-01  -0.000e+00  1.000e+02
-1.139e-01  -1.139e-01  -0.000e+00  1.000e+02
-3.436e-01  -3.436e-01  -0.000e+00  1.000e+02
-2.303e-01  -2.303e-01  -0.000e+00  1.000e+02
-2.056e-01  -2.056e-01  -0.000e+00  1.000e+02
-5.903e-01  -5.903e-01  -0.000e+00  1.000e+02
-3.305e-01  -3.305e-01  -0.000e+00  1.000e+02
-3.192e-01  -3.192e-01  -0.000e+00  1.000e+02
-8.779e-01  -8.779e-01  -0.000e+00  1.000e+02
-4.225e-01  -4.225e-01  -0.000e+00  1.000e+02
-4.089e-01  -4.089e-01  -7.971e-03  9.805e+01
-1.109e+00  -1.109e+00  -0.000e+00  1.000e+02
-4.824e-01  -4.824e-01  -0.000e+00  1.000e+02
-4.951e-01  -4.951e-01  -0.000e+00  1.000e+02
-1.278e+00  -1.278e+00  -7.971e-03  9.938e+01
-5.202e-01  -5.202e-01  -0.000e+00  1.000e+02
-5.258e-01  -5.258e-01  -0.000e+00  1.000e+02
-1.370e+00  -1.370e+00  -1.381e-02  9.899e+01
-5.115e-01  -5.115e-01  -7.971e-03  9.844e+01
-5.582e-01  -5.582e-01  -0.000e+00  1.000e+02
-1.385e+00  -1.385e+00  -7.971e-03  9.942e+01
-5.332e-01  -5.332e-01  -0.000e+00  1.000e+02
-5.725e-01  -5.725e-01  -7.971e-03  9.861e+01
-1.407e+00  -1.407e+00  -1.127e-02  9.920e+01
-5.587e-01  -5.587e-01  -0.000e+00  1.000e+02
-5.789e-01  -5.789e-01  -0.000e+00  1.000e+02
-1.427e+00  -1.427e+00  -0.000e+00  1.000e+02
-5.480e-01  -5.480e-01  -0.000e+00  1.000e+02
-5.920e-01  -5.920e-01  -0.000e+00  1.000e+02
-1.428e+00  -1.428e+00  -7.971e-03  9.944e+01
-5.518e-01  -5.518e-01  -0.000e+00  1.000e+02
-5.618e-01  -5.618e-01  -7.971e-03  9.858e+01
-1.451e+00  -1.451e+00  -7.971e-03  9.945e+01
-5.243e-01  -5.243e-01  -7.971e-03  9.848e+01
-5.896e-01  -5.896e-01  -0.000e+00  1.000e+02
-1.466e+00  -1.466e+00  -0.000e+00  1.000e+02
-5.689e-01  -5.689e-01  -0.000e+00  1.000e+02
-5.773e-01  -5.773e-01  -7.971e-03  9.862e+01
-1.494e+00  -1.494e+00  -1.127e-02  9.925e+01
========================================================================================

step: 11/15 res:21.966438213607557, res/res0:0.9789926412865967  dq_norm: [0.01127261 0.01594188 0.02643662]

A info: before HHL prepare:
Spectral radius (A): 9.792e+01, lambda_min:5.99289526808854
condition number(A): 1.634e+01, norm2_cond:392.24619941850443
det(A): 2.827e+93
--------------------------------------------------------------------------------

A_hhl info: after scaling by spectral radius:
Spectral radius (A): 1.000e+00, lambda_min:0.06120007026129523
condition number(A): 1.634e+01, norm2_cond:392.2461994185077
det(A): 9.959e-27, nnz: 14 non zeros per row
--------------------------------------------------------------------------------

Size of A & B are not power of 2:
Next 2 power of 60 = 64
Value to be padded = 4
--------------------------------------------------

==================== Print (N)^2 padded matrix system =======================
Padded shape of A: (60, 60)x(60, 60) -> (64, 64)x(64, 64)
Padded shape of B: (60,) -> (64,)
Determinant of padded matrix: 9.959200740402347e-27
Condition # of padded matrix: 392.2461994185077


Matrix is not Hermitian. Making it Hermitian.......

==================== Print Hermitian matrix system info =======================
Shape of hermitian A: 64x64 -> 128x128
Shape of           B: 64 -> 128
Determinant of Hermitian matrix: 9.918567938762785e-53
Condition # of Hermitian matrix: 392.2461994185121

=================================== Generating HHL circuit ===================================
Time elapsed for generating HHL circuit: 5 min 13.34 sec

Generated circuit: num_qubits=18, gates=23, depth=5
============================== Generated Circuit saved ==============================

============================== Transpiling circuit ==============================
This is using the AerSimulator('aer_simulator_statevector') transpiler.
Time elapsed for transpiling the circuit:  0 min 45.71 sec
Transpiled circuit, num_qubits: 18, (original: 18)
Transpiled circuit depth: 464203 (original: 5)
Transpiled circuit gates: 464355 (original: 23)
============================== Transpiled Circuit saved ==============================
Time elapsed for running the circuit:  2 min 31.16 sec
total_qubits: 18, nq:7

Time elapsed for extracting shots-based hhl counts solution:  0 min 0.00 sec

[HHL info]: linear system residual (e=||Ax-b||_2): 20.789077974529462
[HHL info]: Fidelity(true_sol, hhl_sol): 0.7231114093208164
[HHL info]: L2 error (absolute): 4.892216642387227
[HHL info]: L2 error (relative): 0.9529018151065755
[HHL info]: L2 error (normalized): 0.5470656697588905

========================================================================================
 Compare system solutions using LU of A, LU sol of A_herm, HHL of Ax=b hermition system
LU sol 	    Herm LU sol    HHL sol    L1_diff(%)
-2.299e-04  -2.299e-04  -0.000e+00  1.000e+02
-1.943e-04  -1.943e-04  -0.000e+00  1.000e+02
-6.076e-04  -6.076e-04  -0.000e+00  1.000e+02
-8.065e-04  -8.065e-04  -0.000e+00  1.000e+02
-7.193e-04  -7.193e-04  -0.000e+00  1.000e+02
-2.188e-03  -2.188e-03  -0.000e+00  1.000e+02
-1.778e-03  -1.778e-03  -0.000e+00  1.000e+02
-1.745e-03  -1.745e-03  -0.000e+00  1.000e+02
-5.062e-03  -5.062e-03  -0.000e+00  1.000e+02
-3.885e-03  -3.885e-03  -0.000e+00  1.000e+02
-3.999e-03  -3.999e-03  -0.000e+00  1.000e+02
-1.133e-02  -1.133e-02  -0.000e+00  1.000e+02
-1.004e-02  -1.004e-02  -0.000e+00  1.000e+02
-9.713e-03  -9.713e-03  -0.000e+00  1.000e+02
-2.835e-02  -2.835e-02  -0.000e+00  1.000e+02
-2.705e-02  -2.705e-02  -0.000e+00  1.000e+02
-2.388e-02  -2.388e-02  -0.000e+00  1.000e+02
-7.300e-02  -7.300e-02  -0.000e+00  1.000e+02
-6.527e-02  -6.527e-02  -0.000e+00  1.000e+02
-5.509e-02  -5.509e-02  -0.000e+00  1.000e+02
-1.718e-01  -1.718e-01  -0.000e+00  1.000e+02
-1.331e-01  -1.331e-01  -0.000e+00  1.000e+02
-1.139e-01  -1.139e-01  -0.000e+00  1.000e+02
-3.432e-01  -3.432e-01  -0.000e+00  1.000e+02
-2.310e-01  -2.310e-01  -0.000e+00  1.000e+02
-2.061e-01  -2.061e-01  -0.000e+00  1.000e+02
-5.914e-01  -5.914e-01  -0.000e+00  1.000e+02
-3.322e-01  -3.322e-01  -0.000e+00  1.000e+02
-3.196e-01  -3.196e-01  -0.000e+00  1.000e+02
-8.821e-01  -8.821e-01  -6.586e-02  9.253e+01
-4.233e-01  -4.233e-01  -0.000e+00  1.000e+02
-4.002e-01  -4.002e-01  -0.000e+00  1.000e+02
-1.111e+00  -1.111e+00  -6.586e-02  9.407e+01
-4.810e-01  -4.810e-01  -0.000e+00  1.000e+02
-4.945e-01  -4.945e-01  -6.586e-02  8.668e+01
-1.266e+00  -1.266e+00  -6.586e-02  9.480e+01
-5.184e-01  -5.184e-01  -0.000e+00  1.000e+02
-5.262e-01  -5.262e-01  -0.000e+00  1.000e+02
-1.350e+00  -1.350e+00  -6.586e-02  9.512e+01
-5.030e-01  -5.030e-01  -0.000e+00  1.000e+02
-5.592e-01  -5.592e-01  -6.586e-02  8.822e+01
-1.377e+00  -1.377e+00  -6.586e-02  9.522e+01
-5.338e-01  -5.338e-01  -0.000e+00  1.000e+02
-5.638e-01  -5.638e-01  -0.000e+00  1.000e+02
-1.396e+00  -1.396e+00  -6.586e-02  9.528e+01
-5.591e-01  -5.591e-01  -0.000e+00  1.000e+02
-5.794e-01  -5.794e-01  -0.000e+00  1.000e+02
-1.428e+00  -1.428e+00  -6.586e-02  9.539e+01
-5.479e-01  -5.479e-01  -0.000e+00  1.000e+02
-5.913e-01  -5.913e-01  -0.000e+00  1.000e+02
-1.419e+00  -1.419e+00  -9.315e-02  9.343e+01
-5.509e-01  -5.509e-01  -0.000e+00  1.000e+02
-5.530e-01  -5.530e-01  -0.000e+00  1.000e+02
-1.441e+00  -1.441e+00  -1.141e-01  9.208e+01
-5.173e-01  -5.173e-01  -0.000e+00  1.000e+02
-5.915e-01  -5.915e-01  -0.000e+00  1.000e+02
-1.470e+00  -1.470e+00  -9.315e-02  9.366e+01
-5.740e-01  -5.740e-01  -0.000e+00  1.000e+02
-5.697e-01  -5.697e-01  -0.000e+00  1.000e+02
-1.493e+00  -1.493e+00  -1.141e-01  9.236e+01
========================================================================================

step: 12/15 res:22.511620308612162, res/res0:1.0032901288437779  dq_norm: [0.         0.09314672 0.27156704]

A info: before HHL prepare:
Spectral radius (A): 9.734e+01, lambda_min:6.108372242349345
condition number(A): 1.593e+01, norm2_cond:376.2231864063088
det(A): 2.284e+93
--------------------------------------------------------------------------------

A_hhl info: after scaling by spectral radius:
Spectral radius (A): 1.000e+00, lambda_min:0.06275517850522494
condition number(A): 1.593e+01, norm2_cond:376.2231864063154
det(A): 1.154e-26, nnz: 14 non zeros per row
--------------------------------------------------------------------------------

Size of A & B are not power of 2:
Next 2 power of 60 = 64
Value to be padded = 4
--------------------------------------------------

==================== Print (N)^2 padded matrix system =======================
Padded shape of A: (60, 60)x(60, 60) -> (64, 64)x(64, 64)
Padded shape of B: (60,) -> (64,)
Determinant of padded matrix: 1.1537123539287681e-26
Condition # of padded matrix: 376.2231864063154


Matrix is not Hermitian. Making it Hermitian.......

==================== Print Hermitian matrix system info =======================
Shape of hermitian A: 64x64 -> 128x128
Shape of           B: 64 -> 128
Determinant of Hermitian matrix: 1.3310521956079725e-52
Condition # of Hermitian matrix: 376.22318640631306

=================================== Generating HHL circuit ===================================
Time elapsed for generating HHL circuit: 5 min 16.19 sec

Generated circuit: num_qubits=18, gates=23, depth=5
============================== Generated Circuit saved ==============================

============================== Transpiling circuit ==============================
This is using the AerSimulator('aer_simulator_statevector') transpiler.
Time elapsed for transpiling the circuit:  0 min 46.33 sec
Transpiled circuit, num_qubits: 18, (original: 18)
Transpiled circuit depth: 464202 (original: 5)
Transpiled circuit gates: 464354 (original: 23)
============================== Transpiled Circuit saved ==============================
Time elapsed for running the circuit:  2 min 27.92 sec
total_qubits: 18, nq:7

Time elapsed for extracting shots-based hhl counts solution:  0 min 0.00 sec

[HHL info]: linear system residual (e=||Ax-b||_2): 20.33281290291265
[HHL info]: Fidelity(true_sol, hhl_sol): 0.37303533109152937
[HHL info]: L2 error (absolute): 4.817046450716977
[HHL info]: L2 error (relative): 0.9919170254464649
[HHL info]: L2 error (normalized): 0.8823081279791745

========================================================================================
 Compare system solutions using LU of A, LU sol of A_herm, HHL of Ax=b hermition system
LU sol 	    Herm LU sol    HHL sol    L1_diff(%)
-2.269e-04  -2.269e-04  -0.000e+00  1.000e+02
-1.928e-04  -1.928e-04  -0.000e+00  1.000e+02
-6.013e-04  -6.013e-04  -0.000e+00  1.000e+02
-7.797e-04  -7.797e-04  -0.000e+00  1.000e+02
-7.060e-04  -7.060e-04  -0.000e+00  1.000e+02
-2.131e-03  -2.131e-03  -0.000e+00  1.000e+02
-1.710e-03  -1.710e-03  -0.000e+00  1.000e+02
-1.711e-03  -1.711e-03  -0.000e+00  1.000e+02
-4.917e-03  -4.917e-03  -0.000e+00  1.000e+02
-3.828e-03  -3.828e-03  -0.000e+00  1.000e+02
-3.968e-03  -3.968e-03  -0.000e+00  1.000e+02
-1.121e-02  -1.121e-02  -0.000e+00  1.000e+02
-1.019e-02  -1.019e-02  -0.000e+00  1.000e+02
-9.788e-03  -9.788e-03  -0.000e+00  1.000e+02
-2.866e-02  -2.866e-02  -0.000e+00  1.000e+02
-2.762e-02  -2.762e-02  -0.000e+00  1.000e+02
-2.421e-02  -2.421e-02  -0.000e+00  1.000e+02
-7.418e-02  -7.418e-02  -0.000e+00  1.000e+02
-6.570e-02  -6.570e-02  -0.000e+00  1.000e+02
-5.525e-02  -5.525e-02  -0.000e+00  1.000e+02
-1.728e-01  -1.728e-01  -0.000e+00  1.000e+02
-1.313e-01  -1.313e-01  -0.000e+00  1.000e+02
-1.126e-01  -1.126e-01  -0.000e+00  1.000e+02
-3.401e-01  -3.401e-01  -0.000e+00  1.000e+02
-2.267e-01  -2.267e-01  -0.000e+00  1.000e+02
-2.045e-01  -2.045e-01  -0.000e+00  1.000e+02
-5.815e-01  -5.815e-01  -0.000e+00  1.000e+02
-3.321e-01  -3.321e-01  -0.000e+00  1.000e+02
-3.223e-01  -3.223e-01  -0.000e+00  1.000e+02
-8.057e-01  -8.057e-01  -0.000e+00  1.000e+02
-4.326e-01  -4.326e-01  -0.000e+00  1.000e+02
-4.019e-01  -4.019e-01  -1.570e-02  9.609e+01
-1.059e+00  -1.059e+00  -0.000e+00  1.000e+02
-4.938e-01  -4.938e-01  -0.000e+00  1.000e+02
-4.262e-01  -4.262e-01  -0.000e+00  1.000e+02
-1.220e+00  -1.220e+00  -2.220e-02  9.818e+01
-5.322e-01  -5.322e-01  -0.000e+00  1.000e+02
-5.298e-01  -5.298e-01  -1.570e-02  9.704e+01
-1.308e+00  -1.308e+00  -0.000e+00  1.000e+02
-5.106e-01  -5.106e-01  -0.000e+00  1.000e+02
-4.879e-01  -4.879e-01  -0.000e+00  1.000e+02
-1.324e+00  -1.324e+00  -2.220e-02  9.832e+01
-5.318e-01  -5.318e-01  -2.220e-02  9.583e+01
-5.646e-01  -5.646e-01  -2.220e-02  9.607e+01
-1.316e+00  -1.316e+00  -2.220e-02  9.831e+01
-5.536e-01  -5.536e-01  -0.000e+00  1.000e+02
-5.794e-01  -5.794e-01  -0.000e+00  1.000e+02
-1.340e+00  -1.340e+00  -0.000e+00  1.000e+02
-5.413e-01  -5.413e-01  -0.000e+00  1.000e+02
-5.921e-01  -5.921e-01  -0.000e+00  1.000e+02
-1.295e+00  -1.295e+00  -2.220e-02  9.829e+01
-5.439e-01  -5.439e-01  -0.000e+00  1.000e+02
-5.530e-01  -5.530e-01  -1.570e-02  9.716e+01
-1.294e+00  -1.294e+00  -0.000e+00  1.000e+02
-5.078e-01  -5.078e-01  -0.000e+00  1.000e+02
-5.903e-01  -5.903e-01  -0.000e+00  1.000e+02
-1.341e+00  -1.341e+00  -1.570e-02  9.883e+01
-5.623e-01  -5.623e-01  -1.570e-02  9.721e+01
-5.694e-01  -5.694e-01  -0.000e+00  1.000e+02
-1.332e+00  -1.332e+00  -0.000e+00  1.000e+02
========================================================================================

step: 13/15 res:20.774363359839242, res/res0:0.9258646603934979  dq_norm: [0.02718586 0.03509679 0.04708728]

A info: before HHL prepare:
Spectral radius (A): 9.728e+01, lambda_min:6.111703950379661
condition number(A): 1.592e+01, norm2_cond:375.0858680636101
det(A): 2.341e+93
--------------------------------------------------------------------------------

A_hhl info: after scaling by spectral radius:
Spectral radius (A): 1.000e+00, lambda_min:0.06282898237186595
condition number(A): 1.592e+01, norm2_cond:375.0858680636115
det(A): 1.228e-26, nnz: 14 non zeros per row
--------------------------------------------------------------------------------

Size of A & B are not power of 2:
Next 2 power of 60 = 64
Value to be padded = 4
--------------------------------------------------

==================== Print (N)^2 padded matrix system =======================
Padded shape of A: (60, 60)x(60, 60) -> (64, 64)x(64, 64)
Padded shape of B: (60,) -> (64,)
Determinant of padded matrix: 1.2283543682002866e-26
Condition # of padded matrix: 375.0858680636115


Matrix is not Hermitian. Making it Hermitian.......

==================== Print Hermitian matrix system info =======================
Shape of hermitian A: 64x64 -> 128x128
Shape of           B: 64 -> 128
Determinant of Hermitian matrix: 1.508854453876704e-52
Condition # of Hermitian matrix: 375.0858680636171

=================================== Generating HHL circuit ===================================
Time elapsed for generating HHL circuit: 5 min 20.84 sec

Generated circuit: num_qubits=18, gates=23, depth=5
============================== Generated Circuit saved ==============================

============================== Transpiling circuit ==============================
This is using the AerSimulator('aer_simulator_statevector') transpiler.
Time elapsed for transpiling the circuit:  0 min 46.04 sec
Transpiled circuit, num_qubits: 18, (original: 18)
Transpiled circuit depth: 464203 (original: 5)
Transpiled circuit gates: 464355 (original: 23)
============================== Transpiled Circuit saved ==============================
Time elapsed for running the circuit:  2 min 25.27 sec
total_qubits: 18, nq:7

Time elapsed for extracting shots-based hhl counts solution:  0 min 0.00 sec

[HHL info]: linear system residual (e=||Ax-b||_2): 20.321407051424398
[HHL info]: Fidelity(true_sol, hhl_sol): 0.46974986954648956
[HHL info]: L2 error (absolute): 4.809147400231195
[HHL info]: L2 error (relative): 0.9988588213635476
[HHL info]: L2 error (normalized): 0.7932427000863937

========================================================================================
 Compare system solutions using LU of A, LU sol of A_herm, HHL of Ax=b hermition system
LU sol 	    Herm LU sol    HHL sol    L1_diff(%)
-2.245e-04  -2.245e-04  -0.000e+00  1.000e+02
-1.916e-04  -1.916e-04  -0.000e+00  1.000e+02
-5.960e-04  -5.960e-04  -0.000e+00  1.000e+02
-7.759e-04  -7.759e-04  -0.000e+00  1.000e+02
-7.041e-04  -7.041e-04  -0.000e+00  1.000e+02
-2.123e-03  -2.123e-03  -0.000e+00  1.000e+02
-1.719e-03  -1.719e-03  -0.000e+00  1.000e+02
-1.715e-03  -1.715e-03  -0.000e+00  1.000e+02
-4.936e-03  -4.936e-03  -0.000e+00  1.000e+02
-3.872e-03  -3.872e-03  -0.000e+00  1.000e+02
-3.991e-03  -3.991e-03  -0.000e+00  1.000e+02
-1.131e-02  -1.131e-02  -0.000e+00  1.000e+02
-1.026e-02  -1.026e-02  -0.000e+00  1.000e+02
-9.822e-03  -9.822e-03  -0.000e+00  1.000e+02
-2.880e-02  -2.880e-02  -0.000e+00  1.000e+02
-2.758e-02  -2.758e-02  -0.000e+00  1.000e+02
-2.419e-02  -2.419e-02  -0.000e+00  1.000e+02
-7.410e-02  -7.410e-02  -0.000e+00  1.000e+02
-6.534e-02  -6.534e-02  -0.000e+00  1.000e+02
-5.505e-02  -5.505e-02  -0.000e+00  1.000e+02
-1.720e-01  -1.720e-01  -0.000e+00  1.000e+02
-1.308e-01  -1.308e-01  -0.000e+00  1.000e+02
-1.123e-01  -1.123e-01  -1.946e-03  9.827e+01
-3.390e-01  -3.390e-01  -0.000e+00  1.000e+02
-2.272e-01  -2.272e-01  -0.000e+00  1.000e+02
-2.050e-01  -2.050e-01  -0.000e+00  1.000e+02
-5.823e-01  -5.823e-01  -2.751e-03  9.953e+01
-3.345e-01  -3.345e-01  -0.000e+00  1.000e+02
-3.227e-01  -3.227e-01  -0.000e+00  1.000e+02
-8.120e-01  -8.120e-01  -0.000e+00  1.000e+02
-4.358e-01  -4.358e-01  -0.000e+00  1.000e+02
-3.857e-01  -3.857e-01  -0.000e+00  1.000e+02
-1.066e+00  -1.066e+00  -0.000e+00  1.000e+02
-4.971e-01  -4.971e-01  -0.000e+00  1.000e+02
-4.272e-01  -4.272e-01  -0.000e+00  1.000e+02
-1.203e+00  -1.203e+00  -0.000e+00  1.000e+02
-5.334e-01  -5.334e-01  -0.000e+00  1.000e+02
-5.121e-01  -5.121e-01  -0.000e+00  1.000e+02
-1.310e+00  -1.310e+00  -3.370e-03  9.974e+01
-5.093e-01  -5.093e-01  -0.000e+00  1.000e+02
-4.887e-01  -4.887e-01  -0.000e+00  1.000e+02
-1.297e+00  -1.297e+00  -0.000e+00  1.000e+02
-5.063e-01  -5.063e-01  -0.000e+00  1.000e+02
-5.417e-01  -5.417e-01  -0.000e+00  1.000e+02
-1.291e+00  -1.291e+00  -2.751e-03  9.979e+01
-5.536e-01  -5.536e-01  -0.000e+00  1.000e+02
-5.807e-01  -5.807e-01  -0.000e+00  1.000e+02
-1.339e+00  -1.339e+00  -1.946e-03  9.985e+01
-5.447e-01  -5.447e-01  -0.000e+00  1.000e+02
-5.936e-01  -5.936e-01  -0.000e+00  1.000e+02
-1.278e+00  -1.278e+00  -3.370e-03  9.974e+01
-5.460e-01  -5.460e-01  -0.000e+00  1.000e+02
-5.359e-01  -5.359e-01  -0.000e+00  1.000e+02
-1.299e+00  -1.299e+00  -1.946e-03  9.985e+01
-5.039e-01  -5.039e-01  -0.000e+00  1.000e+02
-5.890e-01  -5.890e-01  -0.000e+00  1.000e+02
-1.315e+00  -1.315e+00  -2.751e-03  9.979e+01
-5.371e-01  -5.371e-01  -0.000e+00  1.000e+02
-5.691e-01  -5.691e-01  -0.000e+00  1.000e+02
-1.318e+00  -1.318e+00  -2.751e-03  9.979e+01
========================================================================================

step: 14/15 res:20.324905293811852, res/res0:0.9058333683411004  dq_norm: [0.         0.00194554 0.00778216]
Completed: 14 steps in 7845.89s
Saved metadata to /lustre/orion/stf006/scratch/4klornl/fvm_euler_1d_solver/output_parallel_shots/nelem20/statevector/shots_1000/trial_7/metadata_nelem20_HHL_statevector_nshots1000.pkl

Solution summary:
  x/L: [0.0250, 0.9750]
  Mach: [1.5000, 1.5646]
  p/p_in: [1.0000, 0.9054]
  rho/rho_in: [1.0000, 0.9788]
Saved combined plot to /lustre/orion/stf006/scratch/4klornl/fvm_euler_1d_solver/output_parallel_shots/nelem20/statevector/shots_1000/trial_7/solution_plot_nelem20_HHL_statevector_nshots1000.png
