
------------------------------------------------------------
Using ideal local simulator with 'statevector' method
Backend: aer_simulator_statevector
Shots: 5000
------------------------------------------------------------

A info: before HHL prepare:
Spectral radius (A): 2.241e+01, lambda_min:2.3074021727489433
condition number(A): 9.710e+00, norm2_cond:95.97789014324577
det(A): 9.333e+14
--------------------------------------------------------------------------------

A_hhl info: after scaling by spectral radius:
Spectral radius (A): 1.000e+00, lambda_min:0.1029832130561069
condition number(A): 9.710e+00, norm2_cond:95.9778901432457
det(A): 5.184e-06, nnz: 10 non zeros per row
--------------------------------------------------------------------------------

Size of A & B are not power of 2:
Next 2 power of 15 = 16
Value to be padded = 1
--------------------------------------------------

==================== Print (N)^2 padded matrix system =======================
Padded shape of A: (15, 15)x(15, 15) -> (16, 16)x(16, 16)
Padded shape of B: (15,) -> (16,)
Determinant of padded matrix: 5.183984510966138e-06
Condition # of padded matrix: 95.9778901432457


Matrix is not Hermitian. Making it Hermitian.......

==================== Print Hermitian matrix system info =======================
Shape of hermitian A: 16x16 -> 32x32
Shape of           B: 16 -> 32
Determinant of Hermitian matrix: 2.6873695409936828e-11
Condition # of Hermitian matrix: 95.9778901432459

=================================== Generating HHL circuit ===================================
Time elapsed for generating HHL circuit: 0 min 8.09 sec

Generated circuit: num_qubits=14, gates=19, depth=5
============================== Generated Circuit saved ==============================

============================== Transpiling circuit ==============================
This is using the AerSimulator('aer_simulator_statevector') transpiler.
Time elapsed for transpiling the circuit:  0 min 1.60 sec
Transpiled circuit, num_qubits: 14, (original: 14)
Transpiled circuit depth: 22395 (original: 5)
Transpiled circuit gates: 22499 (original: 19)
============================== Transpiled Circuit saved ==============================
Time elapsed for running the circuit:  0 min 1.91 sec
total_qubits: 14, nq:5

Time elapsed for extracting shots-based hhl counts solution:  0 min 0.00 sec

[HHL info]: linear system residual (e=||Ax-b||_2): 12.374545780630722
[HHL info]: Fidelity(true_sol, hhl_sol): 0.9321814725647422
[HHL info]: L2 error (absolute): 2.681231980887484
[HHL info]: L2 error (relative): 0.9913657877272108
[HHL info]: L2 error (normalized): 0.26269581477219317

========================================================================================
 Compare system solutions using LU of A, LU sol of A_herm, HHL of Ax=b hermition system
LU sol 	    Herm LU sol    HHL sol    L1_diff(%)
-1.705e-02  -1.705e-02  -0.000e+00  1.000e+02
-7.527e-03  -7.527e-03  -0.000e+00  1.000e+02
-3.946e-02  -3.946e-02  -0.000e+00  1.000e+02
-1.283e-01  -1.283e-01  -0.000e+00  1.000e+02
-6.877e-02  -6.877e-02  -0.000e+00  1.000e+02
-2.800e-01  -2.800e-01  -2.892e-03  9.897e+01
-4.114e-01  -4.114e-01  -5.784e-03  9.859e+01
-4.227e-01  -4.227e-01  -0.000e+00  1.000e+02
-1.109e+00  -1.109e+00  -9.145e-03  9.918e+01
-5.252e-01  -5.252e-01  -5.009e-03  9.905e+01
-5.558e-01  -5.558e-01  -2.892e-03  9.948e+01
-1.428e+00  -1.428e+00  -1.356e-02  9.905e+01
-5.637e-01  -5.637e-01  -7.083e-03  9.874e+01
-5.958e-01  -5.958e-01  -7.651e-03  9.872e+01
-1.529e+00  -1.529e+00  -1.157e-02  9.924e+01
========================================================================================

step: 0/15 res:12.375368413827264, res/res0:1.0  dq_norm: [0.01042637 0.00817912 0.02024229]

A info: before HHL prepare:
Spectral radius (A): 2.244e+01, lambda_min:2.320626419610212
condition number(A): 9.670e+00, norm2_cond:96.15267257703835
det(A): 9.624e+14
--------------------------------------------------------------------------------

A_hhl info: after scaling by spectral radius:
Spectral radius (A): 1.000e+00, lambda_min:0.10341545858072557
condition number(A): 9.670e+00, norm2_cond:96.15267257703832
det(A): 5.225e-06, nnz: 11 non zeros per row
--------------------------------------------------------------------------------

Size of A & B are not power of 2:
Next 2 power of 15 = 16
Value to be padded = 1
--------------------------------------------------

==================== Print (N)^2 padded matrix system =======================
Padded shape of A: (15, 15)x(15, 15) -> (16, 16)x(16, 16)
Padded shape of B: (15,) -> (16,)
Determinant of padded matrix: 5.224862982874714e-06
Condition # of padded matrix: 96.15267257703832


Matrix is not Hermitian. Making it Hermitian.......

==================== Print Hermitian matrix system info =======================
Shape of hermitian A: 16x16 -> 32x32
Shape of           B: 16 -> 32
Determinant of Hermitian matrix: 2.7299193189814552e-11
Condition # of Hermitian matrix: 96.15267257703854

=================================== Generating HHL circuit ===================================
Time elapsed for generating HHL circuit: 0 min 8.63 sec

Generated circuit: num_qubits=14, gates=19, depth=5
============================== Generated Circuit saved ==============================

============================== Transpiling circuit ==============================
This is using the AerSimulator('aer_simulator_statevector') transpiler.
Time elapsed for transpiling the circuit:  0 min 1.96 sec
Transpiled circuit, num_qubits: 14, (original: 14)
Transpiled circuit depth: 22399 (original: 5)
Transpiled circuit gates: 22503 (original: 19)
============================== Transpiled Circuit saved ==============================
Time elapsed for running the circuit:  0 min 2.00 sec
total_qubits: 14, nq:5

Time elapsed for extracting shots-based hhl counts solution:  0 min 0.00 sec

[HHL info]: linear system residual (e=||Ax-b||_2): 11.345171130744037
[HHL info]: Fidelity(true_sol, hhl_sol): 0.9316611882652561
[HHL info]: L2 error (absolute): 1.8320777881465002
[HHL info]: L2 error (relative): 0.6840510569263373
[HHL info]: L2 error (normalized): 0.2637196320964331

========================================================================================
 Compare system solutions using LU of A, LU sol of A_herm, HHL of Ax=b hermition system
LU sol 	    Herm LU sol    HHL sol    L1_diff(%)
-1.663e-02  -1.663e-02  -0.000e+00  1.000e+02
-7.248e-03  -7.248e-03  -0.000e+00  1.000e+02
-3.852e-02  -3.852e-02  -0.000e+00  1.000e+02
-1.269e-01  -1.269e-01  -0.000e+00  1.000e+02
-6.853e-02  -6.853e-02  -0.000e+00  1.000e+02
-2.739e-01  -2.739e-01  -1.429e-01  4.784e+01
-4.038e-01  -4.038e-01  -1.750e-01  5.667e+01
-4.230e-01  -4.230e-01  -1.429e-01  6.623e+01
-1.096e+00  -1.096e+00  -3.030e-01  7.235e+01
-5.195e-01  -5.195e-01  -1.750e-01  6.632e+01
-5.530e-01  -5.530e-01  -1.429e-01  7.417e+01
-1.412e+00  -1.412e+00  -5.249e-01  6.283e+01
-5.566e-01  -5.566e-01  -2.259e-01  5.942e+01
-5.881e-01  -5.881e-01  -0.000e+00  1.000e+02
-1.519e+00  -1.519e+00  -5.051e-01  6.674e+01
========================================================================================

step: 1/15 res:12.374680367522595, res/res0:0.9999444019538117  dq_norm: [0.33502342 0.20202672 0.80176869]

A info: before HHL prepare:
Spectral radius (A): 2.360e+01, lambda_min:3.851325535177946
condition number(A): 6.128e+00, norm2_cond:66.96582772680124
det(A): 7.342e+15
--------------------------------------------------------------------------------

A_hhl info: after scaling by spectral radius:
Spectral radius (A): 1.000e+00, lambda_min:0.16319276658487944
condition number(A): 6.128e+00, norm2_cond:66.96582772680095
det(A): 1.872e-05, nnz: 11 non zeros per row
--------------------------------------------------------------------------------

Size of A & B are not power of 2:
Next 2 power of 15 = 16
Value to be padded = 1
--------------------------------------------------

==================== Print (N)^2 padded matrix system =======================
Padded shape of A: (15, 15)x(15, 15) -> (16, 16)x(16, 16)
Padded shape of B: (15,) -> (16,)
Determinant of padded matrix: 1.871508454219136e-05
Condition # of padded matrix: 66.96582772680095


Matrix is not Hermitian. Making it Hermitian.......

==================== Print Hermitian matrix system info =======================
Shape of hermitian A: 16x16 -> 32x32
Shape of           B: 16 -> 32
Determinant of Hermitian matrix: 3.5025438942136997e-10
Condition # of Hermitian matrix: 66.96582772680124

=================================== Generating HHL circuit ===================================
Time elapsed for generating HHL circuit: 0 min 8.58 sec

Generated circuit: num_qubits=14, gates=19, depth=5
============================== Generated Circuit saved ==============================

============================== Transpiling circuit ==============================
This is using the AerSimulator('aer_simulator_statevector') transpiler.
Time elapsed for transpiling the circuit:  0 min 1.72 sec
Transpiled circuit, num_qubits: 14, (original: 14)
Transpiled circuit depth: 22385 (original: 5)
Transpiled circuit gates: 22489 (original: 19)
============================== Transpiled Circuit saved ==============================
Time elapsed for running the circuit:  0 min 1.97 sec
total_qubits: 14, nq:5

Time elapsed for extracting shots-based hhl counts solution:  0 min 0.00 sec

[HHL info]: linear system residual (e=||Ax-b||_2): 9.626715288754962
[HHL info]: Fidelity(true_sol, hhl_sol): 0.952995714123495
[HHL info]: L2 error (absolute): 0.9773811347788167
[HHL info]: L2 error (relative): 0.5816311929620382
[HHL info]: L2 error (normalized): 0.21810550748743673

========================================================================================
 Compare system solutions using LU of A, LU sol of A_herm, HHL of Ax=b hermition system
LU sol 	    Herm LU sol    HHL sol    L1_diff(%)
-1.472e-02  -1.472e-02  -0.000e+00  1.000e+02
-5.747e-03  -5.747e-03  -0.000e+00  1.000e+02
-3.177e-02  -3.177e-02  -0.000e+00  1.000e+02
-1.197e-01  -1.197e-01  -0.000e+00  1.000e+02
-7.003e-02  -7.003e-02  -0.000e+00  1.000e+02
-1.093e-01  -1.093e-01  -8.470e-02  2.252e+01
-2.038e-01  -2.038e-01  -1.467e-01  2.803e+01
-2.764e-01  -2.764e-01  -8.470e-02  6.936e+01
-7.372e-01  -7.372e-01  -3.280e-01  5.551e+01
-3.063e-01  -3.063e-01  -1.694e-01  4.470e+01
-4.096e-01  -4.096e-01  -2.075e-01  4.935e+01
-7.911e-01  -7.911e-01  -2.541e-01  6.788e+01
-2.858e-01  -2.858e-01  -8.470e-02  7.036e+01
-5.884e-01  -5.884e-01  -3.169e-01  4.614e+01
-9.025e-01  -9.025e-01  -3.881e-01  5.700e+01
========================================================================================

step: 2/15 res:11.583925854264669, res/res0:0.9360469496262996  dq_norm: [0.23956119 0.38813348 0.57444754]

A info: before HHL prepare:
Spectral radius (A): 2.443e+01, lambda_min:3.5997751504868325
condition number(A): 6.787e+00, norm2_cond:79.98054236812169
det(A): 6.290e+15
--------------------------------------------------------------------------------

A_hhl info: after scaling by spectral radius:
Spectral radius (A): 1.000e+00, lambda_min:0.14733525052696836
condition number(A): 6.787e+00, norm2_cond:79.98054236812185
det(A): 9.531e-06, nnz: 12 non zeros per row
--------------------------------------------------------------------------------

Size of A & B are not power of 2:
Next 2 power of 15 = 16
Value to be padded = 1
--------------------------------------------------

==================== Print (N)^2 padded matrix system =======================
Padded shape of A: (15, 15)x(15, 15) -> (16, 16)x(16, 16)
Padded shape of B: (15,) -> (16,)
Determinant of padded matrix: 9.531296833694576e-06
Condition # of padded matrix: 79.98054236812185


Matrix is not Hermitian. Making it Hermitian.......

==================== Print Hermitian matrix system info =======================
Shape of hermitian A: 16x16 -> 32x32
Shape of           B: 16 -> 32
Determinant of Hermitian matrix: 9.084561933199625e-11
Condition # of Hermitian matrix: 79.98054236812182

=================================== Generating HHL circuit ===================================
Time elapsed for generating HHL circuit: 0 min 8.84 sec

Generated circuit: num_qubits=14, gates=19, depth=5
============================== Generated Circuit saved ==============================

============================== Transpiling circuit ==============================
This is using the AerSimulator('aer_simulator_statevector') transpiler.
Time elapsed for transpiling the circuit:  0 min 1.99 sec
Transpiled circuit, num_qubits: 14, (original: 14)
Transpiled circuit depth: 22383 (original: 5)
Transpiled circuit gates: 22487 (original: 19)
============================== Transpiled Circuit saved ==============================
Time elapsed for running the circuit:  0 min 1.98 sec
total_qubits: 14, nq:5

Time elapsed for extracting shots-based hhl counts solution:  0 min 0.00 sec

[HHL info]: linear system residual (e=||Ax-b||_2): 4.5685485205851615
[HHL info]: Fidelity(true_sol, hhl_sol): 0.8739403294476038
[HHL info]: L2 error (absolute): 0.5737820789437565
[HHL info]: L2 error (relative): 0.5871072077991191
[HHL info]: L2 error (normalized): 0.3609771256921395

========================================================================================
 Compare system solutions using LU of A, LU sol of A_herm, HHL of Ax=b hermition system
LU sol 	    Herm LU sol    HHL sol    L1_diff(%)
-1.202e-02  -1.202e-02  -0.000e+00  1.000e+02
-2.738e-03  -2.738e-03  -0.000e+00  1.000e+02
-2.356e-02  -2.356e-02  -0.000e+00  1.000e+02
-1.182e-01  -1.182e-01  -9.522e-02  1.943e+01
-7.269e-02  -7.269e-02  -0.000e+00  1.000e+02
-2.139e-02  -2.139e-02  -0.000e+00  1.000e+02
-5.924e-02  -5.924e-02  -0.000e+00  1.000e+02
-1.948e-01  -1.948e-01  -0.000e+00  1.000e+02
-3.927e-01  -3.927e-01  -1.904e-01  5.150e+01
-1.388e-01  -1.388e-01  -0.000e+00  1.000e+02
-2.014e-01  -2.014e-01  -1.347e-01  3.314e+01
-5.457e-01  -5.457e-01  -1.904e-01  6.510e+01
-2.036e-01  -2.036e-01  -1.649e-01  1.901e+01
-2.712e-01  -2.712e-01  -1.347e-01  5.034e+01
-5.162e-01  -5.162e-01  -2.519e-01  5.119e+01
========================================================================================

step: 3/15 res:9.940417516085569, res/res0:0.8032421487330371  dq_norm: [0.19043963 0.19043963 0.36878477]

A info: before HHL prepare:
Spectral radius (A): 2.413e+01, lambda_min:4.308357401107889
condition number(A): 5.600e+00, norm2_cond:67.29415662694774
det(A): 1.575e+16
--------------------------------------------------------------------------------

A_hhl info: after scaling by spectral radius:
Spectral radius (A): 1.000e+00, lambda_min:0.17857787425687452
condition number(A): 5.600e+00, norm2_cond:67.29415662694767
det(A): 2.883e-05, nnz: 11 non zeros per row
--------------------------------------------------------------------------------

Size of A & B are not power of 2:
Next 2 power of 15 = 16
Value to be padded = 1
--------------------------------------------------

==================== Print (N)^2 padded matrix system =======================
Padded shape of A: (15, 15)x(15, 15) -> (16, 16)x(16, 16)
Padded shape of B: (15,) -> (16,)
Determinant of padded matrix: 2.8833655220915183e-05
Condition # of padded matrix: 67.29415662694767


Matrix is not Hermitian. Making it Hermitian.......

==================== Print Hermitian matrix system info =======================
Shape of hermitian A: 16x16 -> 32x32
Shape of           B: 16 -> 32
Determinant of Hermitian matrix: 8.313796733986123e-10
Condition # of Hermitian matrix: 67.29415662694768

=================================== Generating HHL circuit ===================================
Time elapsed for generating HHL circuit: 0 min 8.69 sec

Generated circuit: num_qubits=14, gates=19, depth=5
============================== Generated Circuit saved ==============================

============================== Transpiling circuit ==============================
This is using the AerSimulator('aer_simulator_statevector') transpiler.
Time elapsed for transpiling the circuit:  0 min 1.99 sec
Transpiled circuit, num_qubits: 14, (original: 14)
Transpiled circuit depth: 22395 (original: 5)
Transpiled circuit gates: 22499 (original: 19)
============================== Transpiled Circuit saved ==============================
Time elapsed for running the circuit:  0 min 1.99 sec
total_qubits: 14, nq:5

Time elapsed for extracting shots-based hhl counts solution:  0 min 0.00 sec

[HHL info]: linear system residual (e=||Ax-b||_2): 1.4107681265907037
[HHL info]: Fidelity(true_sol, hhl_sol): 0.9354755527559108
[HHL info]: L2 error (absolute): 0.2541712803612089
[HHL info]: L2 error (relative): 0.4286181924837172
[HHL info]: L2 error (normalized): 0.25612554926290815

========================================================================================
 Compare system solutions using LU of A, LU sol of A_herm, HHL of Ax=b hermition system
LU sol 	    Herm LU sol    HHL sol    L1_diff(%)
-1.437e-02  -1.437e-02  -0.000e+00  1.000e+02
-5.327e-03  -5.327e-03  -0.000e+00  1.000e+02
-3.234e-02  -3.234e-02  -0.000e+00  1.000e+02
-2.285e-02  -2.285e-02  -0.000e+00  1.000e+02
-6.945e-02  -6.945e-02  -0.000e+00  1.000e+02
-3.387e-02  -3.387e-02  -0.000e+00  1.000e+02
-5.954e-02  -5.954e-02  -0.000e+00  1.000e+02
-1.942e-01  -1.942e-01  -9.445e-02  5.137e+01
-2.194e-01  -2.194e-01  -1.566e-01  2.860e+01
-1.440e-01  -1.440e-01  -8.179e-02  4.319e+01
-6.517e-02  -6.517e-02  -0.000e+00  1.000e+02
-3.719e-01  -3.719e-01  -2.499e-01  3.281e+01
-4.168e-02  -4.168e-02  -0.000e+00  1.000e+02
-1.356e-01  -1.356e-01  -1.056e-01  2.210e+01
-2.666e-01  -2.666e-01  -1.493e-01  4.399e+01
========================================================================================

step: 4/15 res:4.9240286227303764, res/res0:0.3978894573537426  dq_norm: [0.08179288 0.14166943 0.33056199]

A info: before HHL prepare:
Spectral radius (A): 2.361e+01, lambda_min:3.9994271996609476
condition number(A): 5.904e+00, norm2_cond:68.9337357069986
det(A): 7.998e+15
--------------------------------------------------------------------------------

A_hhl info: after scaling by spectral radius:
Spectral radius (A): 1.000e+00, lambda_min:0.16938678615509045
condition number(A): 5.904e+00, norm2_cond:68.93373570699858
det(A): 2.024e-05, nnz: 11 non zeros per row
--------------------------------------------------------------------------------

Size of A & B are not power of 2:
Next 2 power of 15 = 16
Value to be padded = 1
--------------------------------------------------

==================== Print (N)^2 padded matrix system =======================
Padded shape of A: (15, 15)x(15, 15) -> (16, 16)x(16, 16)
Padded shape of B: (15,) -> (16,)
Determinant of padded matrix: 2.0239762758888942e-05
Condition # of padded matrix: 68.93373570699858


Matrix is not Hermitian. Making it Hermitian.......

==================== Print Hermitian matrix system info =======================
Shape of hermitian A: 16x16 -> 32x32
Shape of           B: 16 -> 32
Determinant of Hermitian matrix: 4.096479965361092e-10
Condition # of Hermitian matrix: 68.93373570699876

=================================== Generating HHL circuit ===================================
Time elapsed for generating HHL circuit: 0 min 8.83 sec

Generated circuit: num_qubits=14, gates=19, depth=5
============================== Generated Circuit saved ==============================

============================== Transpiling circuit ==============================
This is using the AerSimulator('aer_simulator_statevector') transpiler.
Time elapsed for transpiling the circuit:  0 min 1.73 sec
Transpiled circuit, num_qubits: 14, (original: 14)
Transpiled circuit depth: 22397 (original: 5)
Transpiled circuit gates: 22501 (original: 19)
============================== Transpiled Circuit saved ==============================
Time elapsed for running the circuit:  0 min 1.99 sec
total_qubits: 14, nq:5

Time elapsed for extracting shots-based hhl counts solution:  0 min 0.00 sec

[HHL info]: linear system residual (e=||Ax-b||_2): 0.776948467982153
[HHL info]: Fidelity(true_sol, hhl_sol): 0.9695511011998855
[HHL info]: L2 error (absolute): 0.09543241218631875
[HHL info]: L2 error (relative): 0.4211291764475409
[HHL info]: L2 error (normalized): 0.17516928971947976

========================================================================================
 Compare system solutions using LU of A, LU sol of A_herm, HHL of Ax=b hermition system
LU sol 	    Herm LU sol    HHL sol    L1_diff(%)
-1.283e-02  -1.283e-02  -0.000e+00  1.000e+02
-4.355e-03  -4.355e-03  -0.000e+00  1.000e+02
-2.934e-02  -2.934e-02  -2.397e-02  1.830e+01
-1.873e-02  -1.873e-02  -0.000e+00  1.000e+02
-6.985e-02  -6.985e-02  -3.914e-02  4.397e+01
-2.208e-02  -2.208e-02  -1.957e-02  1.136e+01
-5.287e-02  -5.287e-02  -4.151e-02  2.148e+01
-9.898e-02  -9.898e-02  -5.535e-02  4.408e+01
-4.573e-02  -4.573e-02  -3.661e-02  1.994e+01
-5.245e-02  -5.245e-02  -2.767e-02  4.723e+01
-6.636e-02  -6.636e-02  -4.151e-02  3.745e+01
-9.205e-02  -9.205e-02  -5.535e-02  3.987e+01
-3.451e-02  -3.451e-02  -1.384e-02  5.990e+01
-3.046e-02  -3.046e-02  -1.384e-02  5.458e+01
-1.103e-01  -1.103e-01  -6.341e-02  4.250e+01
========================================================================================

step: 5/15 res:1.4015806463087481, res/res0:0.11325567041242442  dq_norm: [0.05177364 0.08068339 0.09685961]

A info: before HHL prepare:
Spectral radius (A): 2.392e+01, lambda_min:4.050543134459498
condition number(A): 5.904e+00, norm2_cond:67.43283072691627
det(A): 8.756e+15
--------------------------------------------------------------------------------

A_hhl info: after scaling by spectral radius:
Spectral radius (A): 1.000e+00, lambda_min:0.16937054914637312
condition number(A): 5.904e+00, norm2_cond:67.43283072691628
det(A): 1.829e-05, nnz: 12 non zeros per row
--------------------------------------------------------------------------------

Size of A & B are not power of 2:
Next 2 power of 15 = 16
Value to be padded = 1
--------------------------------------------------

==================== Print (N)^2 padded matrix system =======================
Padded shape of A: (15, 15)x(15, 15) -> (16, 16)x(16, 16)
Padded shape of B: (15,) -> (16,)
Determinant of padded matrix: 1.8287471654535204e-05
Condition # of padded matrix: 67.43283072691628


Matrix is not Hermitian. Making it Hermitian.......

==================== Print Hermitian matrix system info =======================
Shape of hermitian A: 16x16 -> 32x32
Shape of           B: 16 -> 32
Determinant of Hermitian matrix: 3.3443161951542734e-10
Condition # of Hermitian matrix: 67.43283072691638

=================================== Generating HHL circuit ===================================
Time elapsed for generating HHL circuit: 0 min 8.95 sec

Generated circuit: num_qubits=14, gates=19, depth=5
============================== Generated Circuit saved ==============================

============================== Transpiling circuit ==============================
This is using the AerSimulator('aer_simulator_statevector') transpiler.
Time elapsed for transpiling the circuit:  0 min 1.71 sec
Transpiled circuit, num_qubits: 14, (original: 14)
Transpiled circuit depth: 22391 (original: 5)
Transpiled circuit gates: 22495 (original: 19)
============================== Transpiled Circuit saved ==============================
Time elapsed for running the circuit:  0 min 2.01 sec
total_qubits: 14, nq:5

Time elapsed for extracting shots-based hhl counts solution:  0 min 0.00 sec

[HHL info]: linear system residual (e=||Ax-b||_2): 0.773708085347405
[HHL info]: Fidelity(true_sol, hhl_sol): 0.8784449598625231
[HHL info]: L2 error (absolute): 0.08124259424553776
[HHL info]: L2 error (relative): 0.8615429066533262
[HHL info]: L2 error (normalized): 0.3542486519266959

========================================================================================
 Compare system solutions using LU of A, LU sol of A_herm, HHL of Ax=b hermition system
LU sol 	    Herm LU sol    HHL sol    L1_diff(%)
-1.268e-02  -1.268e-02  -0.000e+00  1.000e+02
-4.532e-03  -4.532e-03  -1.883e-03  5.845e+01
-4.860e-03  -4.860e-03  -0.000e+00  1.000e+02
-1.893e-02  -1.893e-02  -3.261e-03  8.278e+01
-3.136e-02  -3.136e-02  -5.325e-03  8.302e+01
-9.010e-04  -9.010e-04  -0.000e+00  1.000e+02
-1.155e-02  -1.155e-02  -2.663e-03  7.696e+01
-4.352e-02  -4.352e-02  -4.612e-03  8.940e+01
-1.055e-02  -1.055e-02  -0.000e+00  1.000e+02
-2.455e-02  -2.455e-02  -2.663e-03  8.916e+01
-2.482e-02  -2.482e-02  -3.261e-03  8.686e+01
-3.646e-02  -3.646e-02  -6.522e-03  8.211e+01
-2.013e-02  -2.013e-02  -1.883e-03  9.065e+01
-1.682e-02  -1.682e-02  -0.000e+00  1.000e+02
-4.438e-02  -4.438e-02  -7.988e-03  8.200e+01
========================================================================================

step: 6/15 res:0.7798437121387816, res/res0:0.06301579767657224  dq_norm: [0.00532515 0.00798773 0.01031211]

A info: before HHL prepare:
Spectral radius (A): 2.396e+01, lambda_min:4.077157043397298
condition number(A): 5.876e+00, norm2_cond:67.04435589476198
det(A): 9.016e+15
--------------------------------------------------------------------------------

A_hhl info: after scaling by spectral radius:
Spectral radius (A): 1.000e+00, lambda_min:0.17017676869029183
condition number(A): 5.876e+00, norm2_cond:67.0443558947621
det(A): 1.833e-05, nnz: 11 non zeros per row
--------------------------------------------------------------------------------

Size of A & B are not power of 2:
Next 2 power of 15 = 16
Value to be padded = 1
--------------------------------------------------

==================== Print (N)^2 padded matrix system =======================
Padded shape of A: (15, 15)x(15, 15) -> (16, 16)x(16, 16)
Padded shape of B: (15,) -> (16,)
Determinant of padded matrix: 1.8330413477199147e-05
Condition # of padded matrix: 67.0443558947621


Matrix is not Hermitian. Making it Hermitian.......

==================== Print Hermitian matrix system info =======================
Shape of hermitian A: 16x16 -> 32x32
Shape of           B: 16 -> 32
Determinant of Hermitian matrix: 3.360040582450854e-10
Condition # of Hermitian matrix: 67.04435589476216

=================================== Generating HHL circuit ===================================
Time elapsed for generating HHL circuit: 0 min 9.05 sec

Generated circuit: num_qubits=14, gates=19, depth=5
============================== Generated Circuit saved ==============================

============================== Transpiling circuit ==============================
This is using the AerSimulator('aer_simulator_statevector') transpiler.
Time elapsed for transpiling the circuit:  0 min 1.68 sec
Transpiled circuit, num_qubits: 14, (original: 14)
Transpiled circuit depth: 22395 (original: 5)
Transpiled circuit gates: 22499 (original: 19)
============================== Transpiled Circuit saved ==============================
Time elapsed for running the circuit:  0 min 1.99 sec
total_qubits: 14, nq:5

Time elapsed for extracting shots-based hhl counts solution:  0 min 0.00 sec

[HHL info]: linear system residual (e=||Ax-b||_2): 0.45587612282945544
[HHL info]: Fidelity(true_sol, hhl_sol): 0.8915459333814345
[HHL info]: L2 error (absolute): 0.048252846279455454
[HHL info]: L2 error (relative): 0.5964837807076
[HHL info]: L2 error (normalized): 0.33401466803924146

========================================================================================
 Compare system solutions using LU of A, LU sol of A_herm, HHL of Ax=b hermition system
LU sol 	    Herm LU sol    HHL sol    L1_diff(%)
-1.267e-02  -1.267e-02  -1.044e-02  1.766e+01
-2.654e-03  -2.654e-03  -0.000e+00  1.000e+02
-4.861e-03  -4.861e-03  -0.000e+00  1.000e+02
-1.567e-02  -1.567e-02  -6.025e-03  6.155e+01
-2.607e-02  -2.607e-02  -1.044e-02  5.996e+01
-7.859e-04  -7.859e-04  -0.000e+00  1.000e+02
-8.885e-03  -8.885e-03  -0.000e+00  1.000e+02
-3.890e-02  -3.890e-02  -1.594e-02  5.902e+01
-1.047e-02  -1.047e-02  -6.025e-03  4.248e+01
-2.179e-02  -2.179e-02  -1.044e-02  5.212e+01
-2.155e-02  -2.155e-02  -6.025e-03  7.204e+01
-2.968e-02  -2.968e-02  -1.594e-02  4.629e+01
-1.811e-02  -1.811e-02  -0.000e+00  1.000e+02
-1.682e-02  -1.682e-02  -1.044e-02  3.797e+01
-3.597e-02  -3.597e-02  -1.594e-02  5.568e+01
========================================================================================

step: 7/15 res:0.7737052309436345, res/res0:0.06251977355915782  dq_norm: [0.0159411  0.02254412 0.02333538]

A info: before HHL prepare:
Spectral radius (A): 2.393e+01, lambda_min:4.001071867348395
condition number(A): 5.982e+00, norm2_cond:67.9713904533555
det(A): 8.393e+15
--------------------------------------------------------------------------------

A_hhl info: after scaling by spectral radius:
Spectral radius (A): 1.000e+00, lambda_min:0.1671715588751812
condition number(A): 5.982e+00, norm2_cond:67.9713904533557
det(A): 1.733e-05, nnz: 11 non zeros per row
--------------------------------------------------------------------------------

Size of A & B are not power of 2:
Next 2 power of 15 = 16
Value to be padded = 1
--------------------------------------------------

==================== Print (N)^2 padded matrix system =======================
Padded shape of A: (15, 15)x(15, 15) -> (16, 16)x(16, 16)
Padded shape of B: (15,) -> (16,)
Determinant of padded matrix: 1.7326965767152163e-05
Condition # of padded matrix: 67.9713904533557


Matrix is not Hermitian. Making it Hermitian.......

==================== Print Hermitian matrix system info =======================
Shape of hermitian A: 16x16 -> 32x32
Shape of           B: 16 -> 32
Determinant of Hermitian matrix: 3.002237426960629e-10
Condition # of Hermitian matrix: 67.97139045335565

=================================== Generating HHL circuit ===================================
Time elapsed for generating HHL circuit: 0 min 8.98 sec

Generated circuit: num_qubits=14, gates=19, depth=5
============================== Generated Circuit saved ==============================

============================== Transpiling circuit ==============================
This is using the AerSimulator('aer_simulator_statevector') transpiler.
Time elapsed for transpiling the circuit:  0 min 1.67 sec
Transpiled circuit, num_qubits: 14, (original: 14)
Transpiled circuit depth: 22395 (original: 5)
Transpiled circuit gates: 22499 (original: 19)
============================== Transpiled Circuit saved ==============================
Time elapsed for running the circuit:  0 min 1.99 sec
total_qubits: 14, nq:5

Time elapsed for extracting shots-based hhl counts solution:  0 min 0.00 sec

[HHL info]: linear system residual (e=||Ax-b||_2): 0.23597643943681534
[HHL info]: Fidelity(true_sol, hhl_sol): 0.9119954252476039
[HHL info]: L2 error (absolute): 0.02467408627435329
[HHL info]: L2 error (relative): 0.507230782236057
[HHL info]: L2 error (normalized): 0.3000516098576574

========================================================================================
 Compare system solutions using LU of A, LU sol of A_herm, HHL of Ax=b hermition system
LU sol 	    Herm LU sol    HHL sol    L1_diff(%)
-2.107e-03  -2.107e-03  -3.816e-03  8.114e+01
-2.658e-03  -2.658e-03  -0.000e+00  1.000e+02
-4.827e-03  -4.827e-03  -0.000e+00  1.000e+02
-9.447e-03  -9.447e-03  -3.816e-03  5.960e+01
-1.572e-02  -1.572e-02  -7.633e-03  5.144e+01
 5.128e-05   5.128e-05   0.000e+00  1.000e+02
-8.628e-03  -8.628e-03  -3.816e-03  5.577e+01
-2.286e-02  -2.286e-02  -1.010e-02  5.584e+01
-3.609e-03  -3.609e-03  -0.000e+00  1.000e+02
-1.131e-02  -1.131e-02  -3.816e-03  6.625e+01
-1.582e-02  -1.582e-02  -7.633e-03  5.175e+01
-1.369e-02  -1.369e-02  -1.010e-02  2.627e+01
-1.865e-02  -1.865e-02  -1.266e-02  3.213e+01
-6.507e-03  -6.507e-03  -0.000e+00  1.000e+02
-2.072e-02  -2.072e-02  -1.266e-02  3.890e+01
========================================================================================

step: 8/15 res:0.45560178050505473, res/res0:0.036815209476592316  dq_norm: [0.01478087 0.01478087 0.01619163]

A info: before HHL prepare:
Spectral radius (A): 2.401e+01, lambda_min:4.112356353322623
condition number(A): 5.839e+00, norm2_cond:66.76830390761347
det(A): 9.679e+15
--------------------------------------------------------------------------------

A_hhl info: after scaling by spectral radius:
Spectral radius (A): 1.000e+00, lambda_min:0.17126421528533628
condition number(A): 5.839e+00, norm2_cond:66.76830390761327
det(A): 1.903e-05, nnz: 11 non zeros per row
--------------------------------------------------------------------------------

Size of A & B are not power of 2:
Next 2 power of 15 = 16
Value to be padded = 1
--------------------------------------------------

==================== Print (N)^2 padded matrix system =======================
Padded shape of A: (15, 15)x(15, 15) -> (16, 16)x(16, 16)
Padded shape of B: (15,) -> (16,)
Determinant of padded matrix: 1.903181154412337e-05
Condition # of padded matrix: 66.76830390761327


Matrix is not Hermitian. Making it Hermitian.......

==================== Print Hermitian matrix system info =======================
Shape of hermitian A: 16x16 -> 32x32
Shape of           B: 16 -> 32
Determinant of Hermitian matrix: 3.622098506510276e-10
Condition # of Hermitian matrix: 66.76830390761351

=================================== Generating HHL circuit ===================================
Time elapsed for generating HHL circuit: 0 min 9.04 sec

Generated circuit: num_qubits=14, gates=19, depth=5
============================== Generated Circuit saved ==============================

============================== Transpiling circuit ==============================
This is using the AerSimulator('aer_simulator_statevector') transpiler.
Time elapsed for transpiling the circuit:  0 min 1.67 sec
Transpiled circuit, num_qubits: 14, (original: 14)
Transpiled circuit depth: 22397 (original: 5)
Transpiled circuit gates: 22501 (original: 19)
============================== Transpiled Circuit saved ==============================
Time elapsed for running the circuit:  0 min 1.97 sec
total_qubits: 14, nq:5

Time elapsed for extracting shots-based hhl counts solution:  0 min 0.00 sec

[HHL info]: linear system residual (e=||Ax-b||_2): 0.1678920758404515
[HHL info]: Fidelity(true_sol, hhl_sol): 0.8687898998654937
[HHL info]: L2 error (absolute): 0.012243585798420283
[HHL info]: L2 error (relative): 0.5098457417963369
[HHL info]: L2 error (normalized): 0.3685403700423744

========================================================================================
 Compare system solutions using LU of A, LU sol of A_herm, HHL of Ax=b hermition system
LU sol 	    Herm LU sol    HHL sol    L1_diff(%)
 1.713e-03   1.713e-03   0.000e+00  1.000e+02
-2.660e-03  -2.660e-03  -0.000e+00  1.000e+02
-4.829e-03  -4.829e-03  -3.818e-03  2.093e+01
-5.656e-03  -5.656e-03  -3.818e-03  3.248e+01
-8.147e-03  -8.147e-03  -4.409e-03  4.588e+01
 8.779e-05   8.779e-05   0.000e+00  1.000e+02
-4.859e-03  -4.859e-03  -0.000e+00  1.000e+02
-1.284e-02  -1.284e-02  -5.833e-03  5.456e+01
-3.573e-03  -3.573e-03  -2.205e-03  3.830e+01
-7.239e-03  -7.239e-03  -5.400e-03  2.540e+01
-7.984e-03  -7.984e-03  -5.833e-03  2.694e+01
-3.107e-03  -3.107e-03  -3.818e-03  2.291e+01
-5.279e-03  -5.279e-03  -3.118e-03  4.094e+01
-6.457e-03  -6.457e-03  -3.118e-03  5.172e+01
-6.964e-03  -6.964e-03  -2.205e-03  6.834e+01
========================================================================================

step: 9/15 res:0.23737320211862384, res/res0:0.0191811018614526  dq_norm: [0.0073116  0.00985896 0.00623536]

A info: before HHL prepare:
Spectral radius (A): 2.402e+01, lambda_min:4.110983805177865
condition number(A): 5.843e+00, norm2_cond:67.09919912434513
det(A): 9.814e+15
--------------------------------------------------------------------------------

A_hhl info: after scaling by spectral radius:
Spectral radius (A): 1.000e+00, lambda_min:0.1711411955108471
condition number(A): 5.843e+00, norm2_cond:67.0991991243448
det(A): 1.919e-05, nnz: 11 non zeros per row
--------------------------------------------------------------------------------

Size of A & B are not power of 2:
Next 2 power of 15 = 16
Value to be padded = 1
--------------------------------------------------

==================== Print (N)^2 padded matrix system =======================
Padded shape of A: (15, 15)x(15, 15) -> (16, 16)x(16, 16)
Padded shape of B: (15,) -> (16,)
Determinant of padded matrix: 1.9185270279897032e-05
Condition # of padded matrix: 67.0991991243448


Matrix is not Hermitian. Making it Hermitian.......

==================== Print Hermitian matrix system info =======================
Shape of hermitian A: 16x16 -> 32x32
Shape of           B: 16 -> 32
Determinant of Hermitian matrix: 3.680745957126978e-10
Condition # of Hermitian matrix: 67.09919912434489

=================================== Generating HHL circuit ===================================
Time elapsed for generating HHL circuit: 0 min 8.95 sec

Generated circuit: num_qubits=14, gates=19, depth=5
============================== Generated Circuit saved ==============================

============================== Transpiling circuit ==============================
This is using the AerSimulator('aer_simulator_statevector') transpiler.
Time elapsed for transpiling the circuit:  0 min 1.67 sec
Transpiled circuit, num_qubits: 14, (original: 14)
Transpiled circuit depth: 22397 (original: 5)
Transpiled circuit gates: 22501 (original: 19)
============================== Transpiled Circuit saved ==============================
Time elapsed for running the circuit:  0 min 1.99 sec
total_qubits: 14, nq:5

Time elapsed for extracting shots-based hhl counts solution:  0 min 0.00 sec

[HHL info]: linear system residual (e=||Ax-b||_2): 0.12612619229222727
[HHL info]: Fidelity(true_sol, hhl_sol): 0.8342132678258867
[HHL info]: L2 error (absolute): 0.007897080592927505
[HHL info]: L2 error (relative): 0.6460709615898448
[HHL info]: L2 error (normalized): 0.4162865311653357

========================================================================================
 Compare system solutions using LU of A, LU sol of A_herm, HHL of Ax=b hermition system
LU sol 	    Herm LU sol    HHL sol    L1_diff(%)
 1.723e-03   1.723e-03   0.000e+00  1.000e+02
-2.650e-03  -2.650e-03  -1.553e-03  4.140e+01
-9.893e-04  -9.893e-04  -0.000e+00  1.000e+02
-1.822e-03  -1.822e-03  -0.000e+00  1.000e+02
-3.743e-03  -3.743e-03  -1.553e-03  5.851e+01
 1.326e-04   1.326e-04   0.000e+00  1.000e+02
-4.854e-03  -4.854e-03  -1.553e-03  6.800e+01
-7.002e-03  -7.002e-03  -2.906e-03  5.850e+01
-1.304e-03  -1.304e-03  -0.000e+00  1.000e+02
-1.817e-03  -1.817e-03  -1.098e-03  3.956e+01
-2.152e-03  -2.152e-03  -0.000e+00  1.000e+02
 7.049e-04   7.049e-04   0.000e+00  1.000e+02
-2.151e-03  -2.151e-03  -0.000e+00  1.000e+02
-3.340e-03  -3.340e-03  -2.196e-03  3.423e+01
-4.752e-03  -4.752e-03  -1.902e-03  5.997e+01
========================================================================================

step: 10/15 res:0.1678071343721418, res/res0:0.013559768789157605  dq_norm: [0.00190219 0.00425343 0.00190219]

A info: before HHL prepare:
Spectral radius (A): 2.403e+01, lambda_min:4.096002318100479
condition number(A): 5.867e+00, norm2_cond:67.3668401535581
det(A): 9.687e+15
--------------------------------------------------------------------------------

A_hhl info: after scaling by spectral radius:
Spectral radius (A): 1.000e+00, lambda_min:0.17043444700160976
condition number(A): 5.867e+00, norm2_cond:67.3668401535579
det(A): 1.880e-05, nnz: 11 non zeros per row
--------------------------------------------------------------------------------

Size of A & B are not power of 2:
Next 2 power of 15 = 16
Value to be padded = 1
--------------------------------------------------

==================== Print (N)^2 padded matrix system =======================
Padded shape of A: (15, 15)x(15, 15) -> (16, 16)x(16, 16)
Padded shape of B: (15,) -> (16,)
Determinant of padded matrix: 1.8799490392447496e-05
Condition # of padded matrix: 67.3668401535579


Matrix is not Hermitian. Making it Hermitian.......

==================== Print Hermitian matrix system info =======================
Shape of hermitian A: 16x16 -> 32x32
Shape of           B: 16 -> 32
Determinant of Hermitian matrix: 3.5342083901572577e-10
Condition # of Hermitian matrix: 67.36684015355803

=================================== Generating HHL circuit ===================================
Time elapsed for generating HHL circuit: 0 min 9.06 sec

Generated circuit: num_qubits=14, gates=19, depth=5
============================== Generated Circuit saved ==============================

============================== Transpiling circuit ==============================
This is using the AerSimulator('aer_simulator_statevector') transpiler.
Time elapsed for transpiling the circuit:  0 min 1.65 sec
Transpiled circuit, num_qubits: 14, (original: 14)
Transpiled circuit depth: 22395 (original: 5)
Transpiled circuit gates: 22499 (original: 19)
============================== Transpiled Circuit saved ==============================
Time elapsed for running the circuit:  0 min 1.96 sec
total_qubits: 14, nq:5

Time elapsed for extracting shots-based hhl counts solution:  0 min 0.00 sec

[HHL info]: linear system residual (e=||Ax-b||_2): 0.11777032805153295
[HHL info]: Fidelity(true_sol, hhl_sol): 0.7018477971864018
[HHL info]: L2 error (absolute): 0.007278684695227453
[HHL info]: L2 error (relative): 0.9198174252176043
[HHL info]: L2 error (normalized): 0.5696251946902724

========================================================================================
 Compare system solutions using LU of A, LU sol of A_herm, HHL of Ax=b hermition system
LU sol 	    Herm LU sol    HHL sol    L1_diff(%)
 1.722e-03   1.722e-03   2.648e-04  8.462e+01
-1.103e-03  -1.103e-03  -0.000e+00  1.000e+02
-9.912e-04  -9.912e-04  -0.000e+00  1.000e+02
-1.827e-03  -1.827e-03  -0.000e+00  1.000e+02
-2.193e-03  -2.193e-03  -1.872e-04  9.146e+01
 1.289e-04   1.289e-04   0.000e+00  1.000e+02
-3.302e-03  -3.302e-03  -1.872e-04  9.433e+01
-4.093e-03  -4.093e-03  -5.296e-04  8.706e+01
-1.318e-03  -1.318e-03  -0.000e+00  1.000e+02
-7.243e-04  -7.243e-04  -0.000e+00  1.000e+02
-2.158e-03  -2.158e-03  -0.000e+00  1.000e+02
 6.897e-04   6.897e-04   1.872e-04  7.285e+01
-2.163e-03  -2.163e-03  -1.872e-04  9.135e+01
-1.147e-03  -1.147e-03  -0.000e+00  1.000e+02
-2.872e-03  -2.872e-03  -3.243e-04  8.871e+01
========================================================================================

step: 11/15 res:0.12617406516114998, res/res0:0.01019558052269159  dq_norm: [0.00037445 0.00056168 0.00037445]

A info: before HHL prepare:
Spectral radius (A): 2.403e+01, lambda_min:4.097166844566158
condition number(A): 5.866e+00, norm2_cond:67.3520034615301
det(A): 9.700e+15
--------------------------------------------------------------------------------

A_hhl info: after scaling by spectral radius:
Spectral radius (A): 1.000e+00, lambda_min:0.1704733534713961
condition number(A): 5.866e+00, norm2_cond:67.35200346153043
det(A): 1.881e-05, nnz: 11 non zeros per row
--------------------------------------------------------------------------------

Size of A & B are not power of 2:
Next 2 power of 15 = 16
Value to be padded = 1
--------------------------------------------------

==================== Print (N)^2 padded matrix system =======================
Padded shape of A: (15, 15)x(15, 15) -> (16, 16)x(16, 16)
Padded shape of B: (15,) -> (16,)
Determinant of padded matrix: 1.8808740375604056e-05
Condition # of padded matrix: 67.35200346153043


Matrix is not Hermitian. Making it Hermitian.......

==================== Print Hermitian matrix system info =======================
Shape of hermitian A: 16x16 -> 32x32
Shape of           B: 16 -> 32
Determinant of Hermitian matrix: 3.5376871451687945e-10
Condition # of Hermitian matrix: 67.3520034615303

=================================== Generating HHL circuit ===================================
Time elapsed for generating HHL circuit: 0 min 8.94 sec

Generated circuit: num_qubits=14, gates=19, depth=5
============================== Generated Circuit saved ==============================

============================== Transpiling circuit ==============================
This is using the AerSimulator('aer_simulator_statevector') transpiler.
Time elapsed for transpiling the circuit:  0 min 1.66 sec
Transpiled circuit, num_qubits: 14, (original: 14)
Transpiled circuit depth: 22395 (original: 5)
Transpiled circuit gates: 22499 (original: 19)
============================== Transpiled Circuit saved ==============================
Time elapsed for running the circuit:  0 min 1.96 sec
total_qubits: 14, nq:5

Time elapsed for extracting shots-based hhl counts solution:  0 min 0.00 sec

[HHL info]: linear system residual (e=||Ax-b||_2): 0.08543643346056987
[HHL info]: Fidelity(true_sol, hhl_sol): 0.7450353614613476
[HHL info]: L2 error (absolute): 0.004458024479169293
[HHL info]: L2 error (relative): 0.6125970205593892
[HHL info]: L2 error (normalized): 0.5231552175346218

========================================================================================
 Compare system solutions using LU of A, LU sol of A_herm, HHL of Ax=b hermition system
LU sol 	    Herm LU sol    HHL sol    L1_diff(%)
 1.457e-03   1.457e-03   0.000e+00  1.000e+02
-1.103e-03  -1.103e-03  -0.000e+00  1.000e+02
-9.913e-04  -9.913e-04  -0.000e+00  1.000e+02
-1.828e-03  -1.828e-03  -1.680e-03  8.081e+00
-2.006e-03  -2.006e-03  -0.000e+00  1.000e+02
 1.280e-04   1.280e-04   0.000e+00  1.000e+02
-3.115e-03  -3.115e-03  -1.680e-03  4.606e+01
-3.563e-03  -3.563e-03  -1.940e-03  4.555e+01
-1.319e-03  -1.319e-03  -0.000e+00  1.000e+02
-7.240e-04  -7.240e-04  -0.000e+00  1.000e+02
-2.157e-03  -2.157e-03  -9.701e-04  5.503e+01
 5.030e-04   5.030e-04   0.000e+00  1.000e+02
-1.974e-03  -1.974e-03  -1.372e-03  3.051e+01
-1.147e-03  -1.147e-03  -9.701e-04  1.542e+01
-2.544e-03  -2.544e-03  -9.701e-04  6.186e+01
========================================================================================

step: 12/15 res:0.11777124590206609, res/res0:0.009516585039236306  dq_norm: [0.00274389 0.00237627 0.00097011]

A info: before HHL prepare:
Spectral radius (A): 2.405e+01, lambda_min:4.10430954533201
condition number(A): 5.860e+00, norm2_cond:67.42947567332574
det(A): 9.857e+15
--------------------------------------------------------------------------------

A_hhl info: after scaling by spectral radius:
Spectral radius (A): 1.000e+00, lambda_min:0.1706489107138768
condition number(A): 5.860e+00, norm2_cond:67.42947567332556
det(A): 1.891e-05, nnz: 11 non zeros per row
--------------------------------------------------------------------------------

Size of A & B are not power of 2:
Next 2 power of 15 = 16
Value to be padded = 1
--------------------------------------------------

==================== Print (N)^2 padded matrix system =======================
Padded shape of A: (15, 15)x(15, 15) -> (16, 16)x(16, 16)
Padded shape of B: (15,) -> (16,)
Determinant of padded matrix: 1.8910242123391517e-05
Condition # of padded matrix: 67.42947567332556


Matrix is not Hermitian. Making it Hermitian.......

==================== Print Hermitian matrix system info =======================
Shape of hermitian A: 16x16 -> 32x32
Shape of           B: 16 -> 32
Determinant of Hermitian matrix: 3.5759725716529095e-10
Condition # of Hermitian matrix: 67.42947567332571

=================================== Generating HHL circuit ===================================
Time elapsed for generating HHL circuit: 0 min 9.02 sec

Generated circuit: num_qubits=14, gates=19, depth=5
============================== Generated Circuit saved ==============================

============================== Transpiling circuit ==============================
This is using the AerSimulator('aer_simulator_statevector') transpiler.
Time elapsed for transpiling the circuit:  0 min 1.67 sec
Transpiled circuit, num_qubits: 14, (original: 14)
Transpiled circuit depth: 22395 (original: 5)
Transpiled circuit gates: 22499 (original: 19)
============================== Transpiled Circuit saved ==============================
Time elapsed for running the circuit:  0 min 1.95 sec
total_qubits: 14, nq:5

Time elapsed for extracting shots-based hhl counts solution:  0 min 0.00 sec

[HHL info]: linear system residual (e=||Ax-b||_2): 0.08452324650522045
[HHL info]: Fidelity(true_sol, hhl_sol): 0.5294257703199441
[HHL info]: L2 error (absolute): 0.00440989096968427
[HHL info]: L2 error (relative): 0.9912831773232166
[HHL info]: L2 error (normalized): 0.7380833293223927

========================================================================================
 Compare system solutions using LU of A, LU sol of A_herm, HHL of Ax=b hermition system
LU sol 	    Herm LU sol    HHL sol    L1_diff(%)
 1.458e-03   1.458e-03   2.522e-05  9.827e+01
-1.100e-03  -1.100e-03  -1.783e-05  9.838e+01
-9.868e-04  -9.868e-04  -0.000e+00  1.000e+02
-1.463e-04  -1.463e-04  -0.000e+00  1.000e+02
-2.005e-03  -2.005e-03  -2.522e-05  9.874e+01
 1.205e-04   1.205e-04   0.000e+00  1.000e+02
-1.433e-03  -1.433e-03  -0.000e+00  1.000e+02
-1.621e-03  -1.621e-03  -0.000e+00  1.000e+02
-1.320e-03  -1.320e-03  -1.783e-05  9.865e+01
-7.208e-04  -7.208e-04  -1.783e-05  9.753e+01
-1.183e-03  -1.183e-03  -2.522e-05  9.787e+01
 5.089e-04   5.089e-04   0.000e+00  1.000e+02
-5.945e-04  -5.945e-04  -0.000e+00  1.000e+02
-1.750e-04  -1.750e-04  -0.000e+00  1.000e+02
-1.562e-03  -1.562e-03  -0.000e+00  1.000e+02
========================================================================================

step: 13/15 res:0.08538729649395776, res/res0:0.006899778143053318  dq_norm: [3.08910341e-05 3.98801535e-05 1.78349468e-05]

A info: before HHL prepare:
Spectral radius (A): 2.405e+01, lambda_min:4.104280619364342
condition number(A): 5.860e+00, norm2_cond:67.42943429249166
det(A): 9.857e+15
--------------------------------------------------------------------------------

A_hhl info: after scaling by spectral radius:
Spectral radius (A): 1.000e+00, lambda_min:0.17064711850545536
condition number(A): 5.860e+00, norm2_cond:67.4294342924917
det(A): 1.891e-05, nnz: 11 non zeros per row
--------------------------------------------------------------------------------

Size of A & B are not power of 2:
Next 2 power of 15 = 16
Value to be padded = 1
--------------------------------------------------

==================== Print (N)^2 padded matrix system =======================
Padded shape of A: (15, 15)x(15, 15) -> (16, 16)x(16, 16)
Padded shape of B: (15,) -> (16,)
Determinant of padded matrix: 1.890859376412345e-05
Condition # of padded matrix: 67.4294342924917


Matrix is not Hermitian. Making it Hermitian.......

==================== Print Hermitian matrix system info =======================
Shape of hermitian A: 16x16 -> 32x32
Shape of           B: 16 -> 32
Determinant of Hermitian matrix: 3.5753491813664813e-10
Condition # of Hermitian matrix: 67.42943429249195

=================================== Generating HHL circuit ===================================
Time elapsed for generating HHL circuit: 0 min 8.79 sec

Generated circuit: num_qubits=14, gates=19, depth=5
============================== Generated Circuit saved ==============================

============================== Transpiling circuit ==============================
This is using the AerSimulator('aer_simulator_statevector') transpiler.
Time elapsed for transpiling the circuit:  0 min 1.61 sec
Transpiled circuit, num_qubits: 14, (original: 14)
Transpiled circuit depth: 22395 (original: 5)
Transpiled circuit gates: 22499 (original: 19)
============================== Transpiled Circuit saved ==============================
Time elapsed for running the circuit:  0 min 1.84 sec
total_qubits: 14, nq:5

Time elapsed for extracting shots-based hhl counts solution:  0 min 0.00 sec

[HHL info]: linear system residual (e=||Ax-b||_2): 0.07334415095732447
[HHL info]: Fidelity(true_sol, hhl_sol): 0.7128493188784171
[HHL info]: L2 error (absolute): 0.0036620614956941527
[HHL info]: L2 error (relative): 0.8303938048285106
[HHL info]: L2 error (normalized): 0.5580250100181435

========================================================================================
 Compare system solutions using LU of A, LU sol of A_herm, HHL of Ax=b hermition system
LU sol 	    Herm LU sol    HHL sol    L1_diff(%)
 1.432e-03   1.432e-03   4.141e-04  7.109e+01
-1.082e-03  -1.082e-03  -2.391e-04  7.790e+01
-9.868e-04  -9.868e-04  -0.000e+00  1.000e+02
-1.464e-04  -1.464e-04  -0.000e+00  1.000e+02
-1.980e-03  -1.980e-03  -3.381e-04  8.292e+01
 1.204e-04   1.204e-04   0.000e+00  1.000e+02
-1.433e-03  -1.433e-03  -2.391e-04  8.331e+01
-1.621e-03  -1.621e-03  -5.346e-04  6.703e+01
-1.302e-03  -1.302e-03  -3.381e-04  7.403e+01
-7.030e-04  -7.030e-04  -0.000e+00  1.000e+02
-1.158e-03  -1.158e-03  -2.391e-04  7.936e+01
 5.088e-04   5.088e-04   0.000e+00  1.000e+02
-5.945e-04  -5.945e-04  -0.000e+00  1.000e+02
-1.750e-04  -1.750e-04  -0.000e+00  1.000e+02
-1.562e-03  -1.562e-03  -0.000e+00  1.000e+02
========================================================================================

step: 14/15 res:0.08452325293728159, res/res0:0.00682995852009076  dq_norm: [0.00047813 0.00071719 0.00033809]
Completed: 14 steps in 198.66s
Saved metadata to /lustre/orion/stf006/scratch/4klornl/fvm_euler_1d_solver/output_parallel_shots/trials2/statevector/shots_5000/trial_9/metadata_nelem5_HHL_statevector_nshots5000.pkl

Solution summary:
  x/L: [0.1000, 0.9000]
  Mach: [1.5227, 2.1470]
  p/p_in: [0.9789, 0.3665]
  rho/rho_in: [0.9865, 0.4844]
Saved combined plot to /lustre/orion/stf006/scratch/4klornl/fvm_euler_1d_solver/output_parallel_shots/trials2/statevector/shots_5000/trial_9/solution_plot_nelem5_HHL_statevector_nshots5000.png
