
------------------------------------------------------------
Using ideal local simulator with 'statevector' method
Backend: aer_simulator_statevector
Shots: 50000
------------------------------------------------------------

A info: before HHL prepare:
Spectral radius (A): 2.241e+01, lambda_min:2.3074021727489433
condition number(A): 9.710e+00, norm2_cond:95.97789014324577
det(A): 9.333e+14
--------------------------------------------------------------------------------

A_hhl info: after scaling by spectral radius:
Spectral radius (A): 1.000e+00, lambda_min:0.1029832130561069
condition number(A): 9.710e+00, norm2_cond:95.9778901432457
det(A): 5.184e-06, nnz: 10 non zeros per row
--------------------------------------------------------------------------------

Size of A & B are not power of 2:
Next 2 power of 15 = 16
Value to be padded = 1
--------------------------------------------------

==================== Print (N)^2 padded matrix system =======================
Padded shape of A: (15, 15)x(15, 15) -> (16, 16)x(16, 16)
Padded shape of B: (15,) -> (16,)
Determinant of padded matrix: 5.183984510966138e-06
Condition # of padded matrix: 95.9778901432457


Matrix is not Hermitian. Making it Hermitian.......

==================== Print Hermitian matrix system info =======================
Shape of hermitian A: 16x16 -> 32x32
Shape of           B: 16 -> 32
Determinant of Hermitian matrix: 2.6873695409936828e-11
Condition # of Hermitian matrix: 95.9778901432459

=================================== Generating HHL circuit ===================================
Time elapsed for generating HHL circuit: 4 min 32.31 sec

Generated circuit: num_qubits=14, gates=19, depth=5
============================== Generated Circuit saved ==============================

============================== Transpiling circuit ==============================
Time elapsed for transpiling the circuit:  0 min 45.53 sec
Transpiled circuit, num_qubits: 14, (original: 14)
Transpiled circuit depth: 689027 (original: 5)
Transpiled circuit gates: 689127 (original: 19)
============================== Transpiled Circuit saved ==============================
Time elapsed for running the circuit:  1 min 1.98 sec
total_qubits: 14, nq:5

Time elapsed for extracting shots-based hhl counts solution:  0 min 0.00 sec

[HHL info]: linear system residual (e=||Ax-b||_2): 4.385555831664871
[HHL info]: Fidelity(true_sol, hhl_sol): 0.9929161907071723
[HHL info]: L2 error (absolute): 0.5062826204494801
[HHL info]: L2 error (relative): 0.187194272040707
[HHL info]: L2 error (normalized): 0.08424012709252053

========================================================================================
 Compare system solutions using LU of A, LU sol of A_herm, HHL of Ax=b hermition system
LU sol 	    Herm LU sol    HHL sol    L1_diff(%)
-1.705e-02  -1.705e-02  -0.000e+00  1.000e+02
-7.527e-03  -7.527e-03  -0.000e+00  1.000e+02
-3.946e-02  -3.946e-02  -0.000e+00  1.000e+02
-1.283e-01  -1.283e-01  -0.000e+00  1.000e+02
-6.877e-02  -6.877e-02  -0.000e+00  1.000e+02
-2.800e-01  -2.800e-01  -2.602e-01  7.081e+00
-4.114e-01  -4.114e-01  -2.967e-01  2.790e+01
-4.227e-01  -4.227e-01  -4.114e-01  2.680e+00
-1.109e+00  -1.109e+00  -9.381e-01  1.544e+01
-5.252e-01  -5.252e-01  -4.275e-01  1.860e+01
-5.558e-01  -5.558e-01  -5.005e-01  9.946e+00
-1.428e+00  -1.428e+00  -1.143e+00  1.994e+01
-5.637e-01  -5.637e-01  -4.654e-01  1.744e+01
-5.958e-01  -5.958e-01  -4.031e-01  3.234e+01
-1.529e+00  -1.529e+00  -1.306e+00  1.459e+01
========================================================================================

step: 0/15 res:12.375368413827264, res/res0:1.0  dq_norm: [0.6981609  0.76302453 1.99006476]

A info: before HHL prepare:
Spectral radius (A): 2.332e+01, lambda_min:3.7413836859482568
condition number(A): 6.232e+00, norm2_cond:61.00608046706174
det(A): 9.237e+15
--------------------------------------------------------------------------------

A_hhl info: after scaling by spectral radius:
Spectral radius (A): 1.000e+00, lambda_min:0.1604521475769104
condition number(A): 6.232e+00, norm2_cond:61.006080467061786
det(A): 2.820e-05, nnz: 11 non zeros per row
--------------------------------------------------------------------------------

Size of A & B are not power of 2:
Next 2 power of 15 = 16
Value to be padded = 1
--------------------------------------------------

==================== Print (N)^2 padded matrix system =======================
Padded shape of A: (15, 15)x(15, 15) -> (16, 16)x(16, 16)
Padded shape of B: (15,) -> (16,)
Determinant of padded matrix: 2.8198013174209848e-05
Condition # of padded matrix: 61.006080467061786


Matrix is not Hermitian. Making it Hermitian.......

==================== Print Hermitian matrix system info =======================
Shape of hermitian A: 16x16 -> 32x32
Shape of           B: 16 -> 32
Determinant of Hermitian matrix: 7.951279469729151e-10
Condition # of Hermitian matrix: 61.00608046706181

=================================== Generating HHL circuit ===================================
Time elapsed for generating HHL circuit: 2 min 11.73 sec

Generated circuit: num_qubits=13, gates=18, depth=5
============================== Generated Circuit saved ==============================

============================== Transpiling circuit ==============================
Time elapsed for transpiling the circuit:  0 min 23.77 sec
Transpiled circuit, num_qubits: 13, (original: 13)
Transpiled circuit depth: 343170 (original: 5)
Transpiled circuit gates: 343251 (original: 18)
============================== Transpiled Circuit saved ==============================
Time elapsed for running the circuit:  0 min 25.81 sec
total_qubits: 13, nq:5

Time elapsed for extracting shots-based hhl counts solution:  0 min 0.00 sec

[HHL info]: linear system residual (e=||Ax-b||_2): 0.6142493044102765
[HHL info]: Fidelity(true_sol, hhl_sol): 0.9894464981466252
[HHL info]: L2 error (absolute): 0.03991776421404777
[HHL info]: L2 error (relative): 0.10323152628374481
[HHL info]: L2 error (normalized): 0.10286638837070666

========================================================================================
 Compare system solutions using LU of A, LU sol of A_herm, HHL of Ax=b hermition system
LU sol 	    Herm LU sol    HHL sol    L1_diff(%)
-1.484e-02  -1.484e-02  -0.000e+00  1.000e+02
-7.470e-03  -7.470e-03  -0.000e+00  1.000e+02
-3.403e-02  -3.403e-02  -3.238e-02  4.845e+00
-1.249e-01  -1.249e-01  -1.295e-01  3.694e+00
-7.455e-02  -7.455e-02  -8.255e-02  1.073e+01
 1.260e-02   1.260e-02   0.000e+00  1.000e+02
-9.179e-02  -9.179e-02  -9.714e-02  5.830e+00
-7.802e-03  -7.802e-03  -2.290e-02  1.935e+02
-1.086e-01  -1.086e-01  -1.212e-01  1.152e+01
-6.281e-02  -6.281e-02  -5.608e-02  1.071e+01
-5.885e-02  -5.885e-02  -6.476e-02  1.005e+01
-1.932e-01  -1.932e-01  -1.713e-01  1.129e+01
-6.195e-02  -6.195e-02  -5.608e-02  9.471e+00
-1.948e-01  -1.948e-01  -2.022e-01  3.786e+00
-1.413e-01  -1.413e-01  -1.448e-01  2.492e+00
========================================================================================

step: 1/15 res:4.59871271215913, res/res0:0.37160208556061164  dq_norm: [0.1802866  0.22896422 0.25701169]

A info: before HHL prepare:
Spectral radius (A): 2.417e+01, lambda_min:4.138215807040937
condition number(A): 5.841e+00, norm2_cond:66.63873043417561
det(A): 1.038e+16
--------------------------------------------------------------------------------

A_hhl info: after scaling by spectral radius:
Spectral radius (A): 1.000e+00, lambda_min:0.17119204748801703
condition number(A): 5.841e+00, norm2_cond:66.63873043417563
det(A): 1.846e-05, nnz: 11 non zeros per row
--------------------------------------------------------------------------------

Size of A & B are not power of 2:
Next 2 power of 15 = 16
Value to be padded = 1
--------------------------------------------------

==================== Print (N)^2 padded matrix system =======================
Padded shape of A: (15, 15)x(15, 15) -> (16, 16)x(16, 16)
Padded shape of B: (15,) -> (16,)
Determinant of padded matrix: 1.8455147407684236e-05
Condition # of padded matrix: 66.63873043417563


Matrix is not Hermitian. Making it Hermitian.......

==================== Print Hermitian matrix system info =======================
Shape of hermitian A: 16x16 -> 32x32
Shape of           B: 16 -> 32
Determinant of Hermitian matrix: 3.4059246583935297e-10
Condition # of Hermitian matrix: 66.63873043417591

=================================== Generating HHL circuit ===================================
Time elapsed for generating HHL circuit: 4 min 15.85 sec

Generated circuit: num_qubits=14, gates=19, depth=5
============================== Generated Circuit saved ==============================

============================== Transpiling circuit ==============================
Time elapsed for transpiling the circuit:  0 min 45.53 sec
Transpiled circuit, num_qubits: 14, (original: 14)
Transpiled circuit depth: 689027 (original: 5)
Transpiled circuit gates: 689127 (original: 19)
============================== Transpiled Circuit saved ==============================
Time elapsed for running the circuit:  1 min 2.11 sec
total_qubits: 14, nq:5

Time elapsed for extracting shots-based hhl counts solution:  0 min 0.00 sec

[HHL info]: linear system residual (e=||Ax-b||_2): 0.11936298606658252
[HHL info]: Fidelity(true_sol, hhl_sol): 0.9856286167328702
[HHL info]: L2 error (absolute): 0.008429782691735154
[HHL info]: L2 error (relative): 0.14353477830316838
[HHL info]: L2 error (normalized): 0.12009742638817743

========================================================================================
 Compare system solutions using LU of A, LU sol of A_herm, HHL of Ax=b hermition system
LU sol 	    Herm LU sol    HHL sol    L1_diff(%)
-1.264e-02  -1.264e-02  -1.297e-02  2.632e+00
-4.660e-03  -4.660e-03  -6.116e-03  3.125e+01
 3.357e-03   3.357e-03   6.116e-03  8.222e+01
 1.538e-02   1.538e-02   1.297e-02  1.563e+01
 1.181e-02   1.181e-02   8.650e-03  2.676e+01
 1.031e-02   1.031e-02   9.671e-03  6.164e+00
 1.338e-02   1.338e-02   9.671e-03  2.772e+01
 1.338e-02   1.338e-02   1.368e-02  2.230e+00
 2.553e-02   2.553e-02   2.205e-02  1.361e+01
 5.588e-04   5.588e-04   0.000e+00  1.000e+02
 1.093e-02   1.093e-02   1.297e-02  1.869e+01
-9.830e-03  -9.830e-03  -9.671e-03  1.620e+00
 5.272e-03   5.272e-03   4.325e-03  1.796e+01
 9.730e-03   9.730e-03   9.671e-03  6.098e-01
 3.776e-02   3.776e-02   3.405e-02  9.812e+00
========================================================================================

step: 2/15 res:0.9241888560090005, res/res0:0.07467970448268711  dq_norm: [0.02118754 0.0236884  0.0432489 ]

A info: before HHL prepare:
Spectral radius (A): 2.413e+01, lambda_min:4.143434212624926
condition number(A): 5.825e+00, norm2_cond:67.20252794235174
det(A): 1.031e+16
--------------------------------------------------------------------------------

A_hhl info: after scaling by spectral radius:
Spectral radius (A): 1.000e+00, lambda_min:0.17168470937734573
condition number(A): 5.825e+00, norm2_cond:67.20252794235196
det(A): 1.879e-05, nnz: 11 non zeros per row
--------------------------------------------------------------------------------

Size of A & B are not power of 2:
Next 2 power of 15 = 16
Value to be padded = 1
--------------------------------------------------

==================== Print (N)^2 padded matrix system =======================
Padded shape of A: (15, 15)x(15, 15) -> (16, 16)x(16, 16)
Padded shape of B: (15,) -> (16,)
Determinant of padded matrix: 1.879395332176526e-05
Condition # of padded matrix: 67.20252794235196


Matrix is not Hermitian. Making it Hermitian.......

==================== Print Hermitian matrix system info =======================
Shape of hermitian A: 16x16 -> 32x32
Shape of           B: 16 -> 32
Determinant of Hermitian matrix: 3.532126814606914e-10
Condition # of Hermitian matrix: 67.20252794235189

=================================== Generating HHL circuit ===================================
Time elapsed for generating HHL circuit: 4 min 14.75 sec

Generated circuit: num_qubits=14, gates=19, depth=5
============================== Generated Circuit saved ==============================

============================== Transpiling circuit ==============================
Time elapsed for transpiling the circuit:  0 min 44.81 sec
Transpiled circuit, num_qubits: 14, (original: 14)
Transpiled circuit depth: 689027 (original: 5)
Transpiled circuit gates: 689127 (original: 19)
============================== Transpiled Circuit saved ==============================
Time elapsed for running the circuit:  1 min 1.91 sec
total_qubits: 14, nq:5

Time elapsed for extracting shots-based hhl counts solution:  0 min 0.00 sec

[HHL info]: linear system residual (e=||Ax-b||_2): 0.08298094239828448
[HHL info]: Fidelity(true_sol, hhl_sol): 0.9891992361734601
[HHL info]: L2 error (absolute): 0.006124381686040134
[HHL info]: L2 error (relative): 0.7047409693710901
[HHL info]: L2 error (normalized): 0.10406770161794991

========================================================================================
 Compare system solutions using LU of A, LU sol of A_herm, HHL of Ax=b hermition system
LU sol 	    Herm LU sol    HHL sol    L1_diff(%)
 4.435e-04   4.435e-04   0.000e+00  1.000e+02
 1.576e-03   1.576e-03   4.360e-04  7.232e+01
-2.517e-03  -2.517e-03  -7.340e-04  7.084e+01
 2.561e-03   2.561e-03   6.661e-04  7.399e+01
 3.207e-03   3.207e-03   9.586e-04  7.011e+01
 6.006e-04   6.006e-04   0.000e+00  1.000e+02
 3.817e-03   3.817e-03   1.140e-03  7.013e+01
-2.102e-04  -2.102e-04  -0.000e+00  1.000e+02
 3.744e-03   3.744e-03   1.126e-03  6.993e+01
 6.425e-04   6.425e-04   1.780e-04  7.229e+01
-2.022e-03  -2.022e-03  -6.418e-04  6.826e+01
 1.571e-04   1.571e-04   0.000e+00  1.000e+02
 9.683e-04   9.683e-04   3.083e-04  6.816e+01
 7.694e-05   7.694e-05   0.000e+00  1.000e+02
 3.900e-03   3.900e-03   1.220e-03  6.871e+01
========================================================================================

step: 3/15 res:0.11898163505542907, res/res0:0.009614391351976911  dq_norm: [0.00136734 0.00123331 0.00181538]

A info: before HHL prepare:
Spectral radius (A): 2.411e+01, lambda_min:4.132692006535803
condition number(A): 5.835e+00, norm2_cond:67.2641814216282
det(A): 1.019e+16
--------------------------------------------------------------------------------

A_hhl info: after scaling by spectral radius:
Spectral radius (A): 1.000e+00, lambda_min:0.17137704217922356
condition number(A): 5.835e+00, norm2_cond:67.26418142162811
det(A): 1.880e-05, nnz: 11 non zeros per row
--------------------------------------------------------------------------------

Size of A & B are not power of 2:
Next 2 power of 15 = 16
Value to be padded = 1
--------------------------------------------------

==================== Print (N)^2 padded matrix system =======================
Padded shape of A: (15, 15)x(15, 15) -> (16, 16)x(16, 16)
Padded shape of B: (15,) -> (16,)
Determinant of padded matrix: 1.8800280406985635e-05
Condition # of padded matrix: 67.26418142162811


Matrix is not Hermitian. Making it Hermitian.......

==================== Print Hermitian matrix system info =======================
Shape of hermitian A: 16x16 -> 32x32
Shape of           B: 16 -> 32
Determinant of Hermitian matrix: 3.534505433812893e-10
Condition # of Hermitian matrix: 67.26418142162815

=================================== Generating HHL circuit ===================================
Time elapsed for generating HHL circuit: 4 min 15.62 sec

Generated circuit: num_qubits=14, gates=19, depth=5
============================== Generated Circuit saved ==============================

============================== Transpiling circuit ==============================
Time elapsed for transpiling the circuit:  0 min 44.65 sec
Transpiled circuit, num_qubits: 14, (original: 14)
Transpiled circuit depth: 689027 (original: 5)
Transpiled circuit gates: 689127 (original: 19)
============================== Transpiled Circuit saved ==============================
Time elapsed for running the circuit:  1 min 1.90 sec
total_qubits: 14, nq:5

Time elapsed for extracting shots-based hhl counts solution:  0 min 0.00 sec

[HHL info]: linear system residual (e=||Ax-b||_2): 0.06773938223349375
[HHL info]: Fidelity(true_sol, hhl_sol): 0.9840929288890236
[HHL info]: L2 error (absolute): 0.004777212402037094
[HHL info]: L2 error (relative): 0.777109476143662
[HHL info]: L2 error (normalized): 0.1263757810175255

========================================================================================
 Compare system solutions using LU of A, LU sol of A_herm, HHL of Ax=b hermition system
LU sol 	    Herm LU sol    HHL sol    L1_diff(%)
 4.444e-04   4.444e-04   1.447e-04  6.743e+01
 1.141e-03   1.141e-03   2.895e-04  7.462e+01
-1.779e-03  -1.779e-03  -3.964e-04  7.772e+01
 1.903e-03   1.903e-03   3.545e-04  8.137e+01
 2.254e-03   2.254e-03   4.908e-04  7.822e+01
 6.121e-04   6.121e-04   1.447e-04  7.636e+01
 2.690e-03   2.690e-03   5.967e-04  7.782e+01
-2.110e-04  -2.110e-04  -0.000e+00  1.000e+02
 2.641e-03   2.641e-03   5.789e-04  7.808e+01
 4.696e-04   4.696e-04   0.000e+00  1.000e+02
-1.379e-03  -1.379e-03  -3.394e-04  7.539e+01
 1.671e-04   1.671e-04   1.023e-04  3.876e+01
 6.617e-04   6.617e-04   1.773e-04  7.321e+01
 7.814e-05   7.814e-05   0.000e+00  1.000e+02
 2.684e-03   2.684e-03   6.473e-04  7.589e+01
========================================================================================

step: 4/15 res:0.08301074832583868, res/res0:0.0067077395637845415  dq_norm: [0.00073086 0.00066325 0.00097089]

A info: before HHL prepare:
Spectral radius (A): 2.411e+01, lambda_min:4.127119168689925
condition number(A): 5.841e+00, norm2_cond:67.30299820136547
det(A): 1.013e+16
--------------------------------------------------------------------------------

A_hhl info: after scaling by spectral radius:
Spectral radius (A): 1.000e+00, lambda_min:0.171212594086437
condition number(A): 5.841e+00, norm2_cond:67.30299820136564
det(A): 1.880e-05, nnz: 11 non zeros per row
--------------------------------------------------------------------------------

Size of A & B are not power of 2:
Next 2 power of 15 = 16
Value to be padded = 1
--------------------------------------------------

==================== Print (N)^2 padded matrix system =======================
Padded shape of A: (15, 15)x(15, 15) -> (16, 16)x(16, 16)
Padded shape of B: (15,) -> (16,)
Determinant of padded matrix: 1.879635837642265e-05
Condition # of padded matrix: 67.30299820136564


Matrix is not Hermitian. Making it Hermitian.......

==================== Print Hermitian matrix system info =======================
Shape of hermitian A: 16x16 -> 32x32
Shape of           B: 16 -> 32
Determinant of Hermitian matrix: 3.533030882149139e-10
Condition # of Hermitian matrix: 67.30299820136582

=================================== Generating HHL circuit ===================================
Time elapsed for generating HHL circuit: 4 min 16.89 sec

Generated circuit: num_qubits=14, gates=19, depth=5
============================== Generated Circuit saved ==============================

============================== Transpiling circuit ==============================
Time elapsed for transpiling the circuit:  0 min 44.50 sec
Transpiled circuit, num_qubits: 14, (original: 14)
Transpiled circuit depth: 689027 (original: 5)
Transpiled circuit gates: 689127 (original: 19)
============================== Transpiled Circuit saved ==============================
Time elapsed for running the circuit:  1 min 1.88 sec
total_qubits: 14, nq:5

Time elapsed for extracting shots-based hhl counts solution:  0 min 0.00 sec

[HHL info]: linear system residual (e=||Ax-b||_2): 0.04203500116453414
[HHL info]: Fidelity(true_sol, hhl_sol): 0.9808582464429192
[HHL info]: L2 error (absolute): 0.0028620751714861013
[HHL info]: L2 error (relative): 0.598002438425176
[HHL info]: L2 error (normalized): 0.13868757182589883

========================================================================================
 Compare system solutions using LU of A, LU sol of A_herm, HHL of Ax=b hermition system
LU sol 	    Herm LU sol    HHL sol    L1_diff(%)
 3.001e-04   3.001e-04   1.487e-04  5.045e+01
 8.517e-04   8.517e-04   4.205e-04  5.062e+01
-1.381e-03  -1.381e-03  -5.361e-04  6.118e+01
 1.552e-03   1.552e-03   6.481e-04  5.824e+01
 1.765e-03   1.765e-03   6.813e-04  6.139e+01
 4.718e-04   4.718e-04   0.000e+00  1.000e+02
 2.098e-03   2.098e-03   7.868e-04  6.250e+01
-2.113e-04  -2.113e-04  -0.000e+00  1.000e+02
 2.070e-03   2.070e-03   8.921e-04  5.691e+01
 4.715e-04   4.715e-04   2.575e-04  4.538e+01
-1.039e-03  -1.039e-03  -3.642e-04  6.496e+01
 6.867e-05   6.867e-05   0.000e+00  1.000e+02
 4.853e-04   4.853e-04   2.103e-04  5.667e+01
 7.858e-05   7.858e-05   0.000e+00  1.000e+02
 2.039e-03   2.039e-03   8.921e-04  5.625e+01
========================================================================================

step: 5/15 res:0.0677461070663357, res/res0:0.005474269920775977  dq_norm: [0.00108242 0.00087962 0.00137078]

A info: before HHL prepare:
Spectral radius (A): 2.409e+01, lambda_min:4.1190719249770735
condition number(A): 5.849e+00, norm2_cond:67.34146780431016
det(A): 1.004e+16
--------------------------------------------------------------------------------

A_hhl info: after scaling by spectral radius:
Spectral radius (A): 1.000e+00, lambda_min:0.17098055240253807
condition number(A): 5.849e+00, norm2_cond:67.34146780431013
det(A): 1.879e-05, nnz: 11 non zeros per row
--------------------------------------------------------------------------------

Size of A & B are not power of 2:
Next 2 power of 15 = 16
Value to be padded = 1
--------------------------------------------------

==================== Print (N)^2 padded matrix system =======================
Padded shape of A: (15, 15)x(15, 15) -> (16, 16)x(16, 16)
Padded shape of B: (15,) -> (16,)
Determinant of padded matrix: 1.8792889239990103e-05
Condition # of padded matrix: 67.34146780431013


Matrix is not Hermitian. Making it Hermitian.......

==================== Print Hermitian matrix system info =======================
Shape of hermitian A: 16x16 -> 32x32
Shape of           B: 16 -> 32
Determinant of Hermitian matrix: 3.531726859865371e-10
Condition # of Hermitian matrix: 67.3414678043101

=================================== Generating HHL circuit ===================================
Time elapsed for generating HHL circuit: 4 min 16.24 sec

Generated circuit: num_qubits=14, gates=19, depth=5
============================== Generated Circuit saved ==============================

============================== Transpiling circuit ==============================
Time elapsed for transpiling the circuit:  0 min 44.47 sec
Transpiled circuit, num_qubits: 14, (original: 14)
Transpiled circuit depth: 689027 (original: 5)
Transpiled circuit gates: 689127 (original: 19)
============================== Transpiled Circuit saved ==============================
Time elapsed for running the circuit:  1 min 1.87 sec
total_qubits: 14, nq:5

Time elapsed for extracting shots-based hhl counts solution:  0 min 0.00 sec

[HHL info]: linear system residual (e=||Ax-b||_2): 0.022725332459132632
[HHL info]: Fidelity(true_sol, hhl_sol): 0.9894685083538419
[HHL info]: L2 error (absolute): 0.0015608730394382963
[HHL info]: L2 error (relative): 0.543626225255454
[HHL info]: L2 error (normalized): 0.10275877919883816

========================================================================================
 Compare system solutions using LU of A, LU sol of A_herm, HHL of Ax=b hermition system
LU sol 	    Herm LU sol    HHL sol    L1_diff(%)
 1.519e-04   1.519e-04   9.918e-05  3.470e+01
 4.318e-04   4.318e-04   2.218e-04  4.863e+01
-8.433e-04  -8.433e-04  -3.436e-04  5.926e+01
 9.073e-04   9.073e-04   3.711e-04  5.910e+01
 1.086e-03   1.086e-03   5.154e-04  5.253e+01
 4.765e-04   4.765e-04   1.984e-04  5.837e+01
 1.316e-03   1.316e-03   6.273e-04  5.235e+01
-2.117e-04  -2.117e-04  -9.918e-05  5.315e+01
 1.187e-03   1.187e-03   5.341e-04  5.500e+01
 2.159e-04   2.159e-04   9.918e-05  5.407e+01
-6.749e-04  -6.749e-04  -2.429e-04  6.400e+01
 7.241e-05   7.241e-05   0.000e+00  1.000e+02
 2.756e-04   2.756e-04   1.403e-04  4.910e+01
 7.906e-05   7.906e-05   0.000e+00  1.000e+02
 1.148e-03   1.148e-03   5.951e-04  4.817e+01
========================================================================================

step: 6/15 res:0.0420497523552384, res/res0:0.0033978586292635385  dq_norm: [0.00075535 0.00061939 0.00089264]

A info: before HHL prepare:
Spectral radius (A): 2.408e+01, lambda_min:4.1136931013599645
condition number(A): 5.854e+00, norm2_cond:67.36882288218771
det(A): 9.979e+15
--------------------------------------------------------------------------------

A_hhl info: after scaling by spectral radius:
Spectral radius (A): 1.000e+00, lambda_min:0.17083181355444282
condition number(A): 5.854e+00, norm2_cond:67.36882288218754
det(A): 1.880e-05, nnz: 11 non zeros per row
--------------------------------------------------------------------------------

Size of A & B are not power of 2:
Next 2 power of 15 = 16
Value to be padded = 1
--------------------------------------------------

==================== Print (N)^2 padded matrix system =======================
Padded shape of A: (15, 15)x(15, 15) -> (16, 16)x(16, 16)
Padded shape of B: (15,) -> (16,)
Determinant of padded matrix: 1.8798493078432968e-05
Condition # of padded matrix: 67.36882288218754


Matrix is not Hermitian. Making it Hermitian.......

==================== Print Hermitian matrix system info =======================
Shape of hermitian A: 16x16 -> 32x32
Shape of           B: 16 -> 32
Determinant of Hermitian matrix: 3.5338334201989214e-10
Condition # of Hermitian matrix: 67.36882288218771

=================================== Generating HHL circuit ===================================
Time elapsed for generating HHL circuit: 4 min 15.71 sec

Generated circuit: num_qubits=14, gates=19, depth=5
============================== Generated Circuit saved ==============================

============================== Transpiling circuit ==============================
Time elapsed for transpiling the circuit:  0 min 44.46 sec
Transpiled circuit, num_qubits: 14, (original: 14)
Transpiled circuit depth: 689027 (original: 5)
Transpiled circuit gates: 689127 (original: 19)
============================== Transpiled Circuit saved ==============================
Time elapsed for running the circuit:  1 min 1.72 sec
total_qubits: 14, nq:5

Time elapsed for extracting shots-based hhl counts solution:  0 min 0.00 sec

[HHL info]: linear system residual (e=||Ax-b||_2): 0.017389832252789082
[HHL info]: Fidelity(true_sol, hhl_sol): 0.9813434038441134
[HHL info]: L2 error (absolute): 0.0011518215260611683
[HHL info]: L2 error (relative): 0.7358845141357695
[HHL info]: L2 error (normalized): 0.13691031594832917

========================================================================================
 Compare system solutions using LU of A, LU sol of A_herm, HHL of Ax=b hermition system
LU sol 	    Herm LU sol    HHL sol    L1_diff(%)
 5.294e-05   5.294e-05   0.000e+00  1.000e+02
 2.102e-04   2.102e-04   5.629e-05  7.322e+01
-4.990e-04  -4.990e-04  -1.453e-04  7.087e+01
 5.379e-04   5.379e-04   1.453e-04  7.298e+01
 5.714e-04   5.714e-04   1.379e-04  7.587e+01
 2.807e-04   2.807e-04   9.750e-05  6.527e+01
 6.915e-04   6.915e-04   1.839e-04  7.341e+01
-1.127e-04  -1.127e-04  -0.000e+00  1.000e+02
 6.569e-04   6.569e-04   1.750e-04  7.336e+01
 1.176e-04   1.176e-04   3.250e-05  7.237e+01
-4.318e-04  -4.318e-04  -9.750e-05  7.742e+01
 7.405e-05   7.405e-05   0.000e+00  1.000e+02
 1.355e-04   1.355e-04   3.250e-05  7.602e+01
 7.929e-05   7.929e-05   0.000e+00  1.000e+02
 5.535e-04   5.535e-04   1.592e-04  7.123e+01
========================================================================================

step: 7/15 res:0.02273443131751278, res/res0:0.0018370710719295526  dq_norm: [0.00023883 0.00017801 0.00029431]

A info: before HHL prepare:
Spectral radius (A): 2.408e+01, lambda_min:4.112061059578872
condition number(A): 5.855e+00, norm2_cond:67.3751119931696
det(A): 9.960e+15
--------------------------------------------------------------------------------

A_hhl info: after scaling by spectral radius:
Spectral radius (A): 1.000e+00, lambda_min:0.17078481682635774
condition number(A): 5.855e+00, norm2_cond:67.37511199316943
det(A): 1.880e-05, nnz: 11 non zeros per row
--------------------------------------------------------------------------------

Size of A & B are not power of 2:
Next 2 power of 15 = 16
Value to be padded = 1
--------------------------------------------------

==================== Print (N)^2 padded matrix system =======================
Padded shape of A: (15, 15)x(15, 15) -> (16, 16)x(16, 16)
Padded shape of B: (15,) -> (16,)
Determinant of padded matrix: 1.879864836499904e-05
Condition # of padded matrix: 67.37511199316943


Matrix is not Hermitian. Making it Hermitian.......

==================== Print Hermitian matrix system info =======================
Shape of hermitian A: 16x16 -> 32x32
Shape of           B: 16 -> 32
Determinant of Hermitian matrix: 3.533891803508824e-10
Condition # of Hermitian matrix: 67.37511199316944

=================================== Generating HHL circuit ===================================
Time elapsed for generating HHL circuit: 4 min 15.64 sec

Generated circuit: num_qubits=14, gates=19, depth=5
============================== Generated Circuit saved ==============================

============================== Transpiling circuit ==============================
Time elapsed for transpiling the circuit:  0 min 44.60 sec
Transpiled circuit, num_qubits: 14, (original: 14)
Transpiled circuit depth: 689027 (original: 5)
Transpiled circuit gates: 689127 (original: 19)
============================== Transpiled Circuit saved ==============================
Time elapsed for running the circuit:  1 min 1.59 sec
total_qubits: 14, nq:5

Time elapsed for extracting shots-based hhl counts solution:  0 min 0.00 sec

[HHL info]: linear system residual (e=||Ax-b||_2): 0.01047998677018236
[HHL info]: Fidelity(true_sol, hhl_sol): 0.9826298397069777
[HHL info]: L2 error (absolute): 0.0007171072002469212
[HHL info]: L2 error (relative): 0.6221897492463668
[HHL info]: L2 error (normalized): 0.13208426564476852

========================================================================================
 Compare system solutions using LU of A, LU sol of A_herm, HHL of Ax=b hermition system
LU sol 	    Herm LU sol    HHL sol    L1_diff(%)
 5.299e-05   5.299e-05   0.000e+00  1.000e+02
 1.540e-04   1.540e-04   5.766e-05  6.255e+01
-3.535e-04  -3.535e-04  -1.373e-04  6.117e+01
 3.929e-04   3.929e-04   1.451e-04  6.307e+01
 4.337e-04   4.337e-04   1.730e-04  6.011e+01
 1.837e-04   1.837e-04   1.053e-04  4.268e+01
 5.081e-04   5.081e-04   1.970e-04  6.123e+01
-1.128e-04  -1.128e-04  -4.708e-05  5.825e+01
 4.826e-04   4.826e-04   1.793e-04  6.285e+01
 8.529e-05   8.529e-05   4.708e-05  4.480e+01
-3.342e-04  -3.342e-04  -1.053e-04  6.850e+01
 7.434e-05   7.434e-05   0.000e+00  1.000e+02
 1.031e-04   1.031e-04   4.708e-05  5.431e+01
 7.932e-05   7.932e-05   3.329e-05  5.803e+01
 3.943e-04   3.943e-04   1.451e-04  6.320e+01
========================================================================================

step: 8/15 res:0.017390477966615556, res/res0:0.00140524931340103  dq_norm: [0.00025354 0.00021831 0.00028832]

A info: before HHL prepare:
Spectral radius (A): 2.407e+01, lambda_min:4.110419570395294
condition number(A): 5.857e+00, norm2_cond:67.37771504561746
det(A): 9.941e+15
--------------------------------------------------------------------------------

A_hhl info: after scaling by spectral radius:
Spectral radius (A): 1.000e+00, lambda_min:0.17074053226354338
condition number(A): 5.857e+00, norm2_cond:67.3777150456176
det(A): 1.880e-05, nnz: 11 non zeros per row
--------------------------------------------------------------------------------

Size of A & B are not power of 2:
Next 2 power of 15 = 16
Value to be padded = 1
--------------------------------------------------

==================== Print (N)^2 padded matrix system =======================
Padded shape of A: (15, 15)x(15, 15) -> (16, 16)x(16, 16)
Padded shape of B: (15,) -> (16,)
Determinant of padded matrix: 1.8801674468729997e-05
Condition # of padded matrix: 67.3777150456176


Matrix is not Hermitian. Making it Hermitian.......

==================== Print Hermitian matrix system info =======================
Shape of hermitian A: 16x16 -> 32x32
Shape of           B: 16 -> 32
Determinant of Hermitian matrix: 3.5350296282809466e-10
Condition # of Hermitian matrix: 67.37771504561788

=================================== Generating HHL circuit ===================================
Time elapsed for generating HHL circuit: 4 min 10.87 sec

Generated circuit: num_qubits=14, gates=19, depth=5
============================== Generated Circuit saved ==============================

============================== Transpiling circuit ==============================
Time elapsed for transpiling the circuit:  0 min 44.53 sec
Transpiled circuit, num_qubits: 14, (original: 14)
Transpiled circuit depth: 689027 (original: 5)
Transpiled circuit gates: 689127 (original: 19)
============================== Transpiled Circuit saved ==============================
Time elapsed for running the circuit:  1 min 1.90 sec
total_qubits: 14, nq:5

Time elapsed for extracting shots-based hhl counts solution:  0 min 0.00 sec

[HHL info]: linear system residual (e=||Ax-b||_2): 0.00949654720226884
[HHL info]: Fidelity(true_sol, hhl_sol): 0.9860192345525173
[HHL info]: L2 error (absolute): 0.0006463127576679998
[HHL info]: L2 error (relative): 0.9004906224745329
[HHL info]: L2 error (normalized): 0.11844819753970523

========================================================================================
 Compare system solutions using LU of A, LU sol of A_herm, HHL of Ax=b hermition system
LU sol 	    Herm LU sol    HHL sol    L1_diff(%)
 5.303e-05   5.303e-05   0.000e+00  1.000e+02
 9.636e-05   9.636e-05   1.042e-05  8.919e+01
-2.161e-04  -2.161e-04  -2.387e-05  8.895e+01
 2.480e-04   2.480e-04   2.498e-05  8.993e+01
 2.609e-04   2.609e-04   2.552e-05  9.022e+01
 7.881e-05   7.881e-05   9.021e-06  8.855e+01
 3.115e-04   3.115e-04   3.125e-05  8.997e+01
-6.573e-05  -6.573e-05  -5.208e-06  9.208e+01
 3.040e-04   3.040e-04   2.805e-05  9.077e+01
 3.833e-05   3.833e-05   5.208e-06  8.641e+01
-2.289e-04  -2.289e-04  -2.387e-05  8.957e+01
 7.458e-05   7.458e-05   9.021e-06  8.790e+01
 5.599e-05   5.599e-05   7.366e-06  8.684e+01
 4.606e-05   4.606e-05   0.000e+00  1.000e+02
 2.492e-04   2.492e-04   2.498e-05  8.998e+01
========================================================================================

step: 9/15 res:0.010481015161931801, res/res0:0.0008469255064941047  dq_norm: [4.10114067e-05 3.68293304e-05 4.62937505e-05]

A info: before HHL prepare:
Spectral radius (A): 2.407e+01, lambda_min:4.110095928509638
condition number(A): 5.857e+00, norm2_cond:67.37899753108066
det(A): 9.938e+15
--------------------------------------------------------------------------------

A_hhl info: after scaling by spectral radius:
Spectral radius (A): 1.000e+00, lambda_min:0.17073092114008054
condition number(A): 5.857e+00, norm2_cond:67.37899753108044
det(A): 1.880e-05, nnz: 11 non zeros per row
--------------------------------------------------------------------------------

Size of A & B are not power of 2:
Next 2 power of 15 = 16
Value to be padded = 1
--------------------------------------------------

==================== Print (N)^2 padded matrix system =======================
Padded shape of A: (15, 15)x(15, 15) -> (16, 16)x(16, 16)
Padded shape of B: (15,) -> (16,)
Determinant of padded matrix: 1.8801489589937353e-05
Condition # of padded matrix: 67.37899753108044


Matrix is not Hermitian. Making it Hermitian.......

==================== Print Hermitian matrix system info =======================
Shape of hermitian A: 16x16 -> 32x32
Shape of           B: 16 -> 32
Determinant of Hermitian matrix: 3.5349601080052387e-10
Condition # of Hermitian matrix: 67.37899753108043

=================================== Generating HHL circuit ===================================
Time elapsed for generating HHL circuit: 4 min 10.47 sec

Generated circuit: num_qubits=14, gates=19, depth=5
============================== Generated Circuit saved ==============================

============================== Transpiling circuit ==============================
Time elapsed for transpiling the circuit:  0 min 43.85 sec
Transpiled circuit, num_qubits: 14, (original: 14)
Transpiled circuit depth: 689027 (original: 5)
Transpiled circuit gates: 689127 (original: 19)
============================== Transpiled Circuit saved ==============================
Time elapsed for running the circuit:  1 min 1.53 sec
total_qubits: 14, nq:5

Time elapsed for extracting shots-based hhl counts solution:  0 min 0.00 sec

[HHL info]: linear system residual (e=||Ax-b||_2): 0.008369205513110392
[HHL info]: Fidelity(true_sol, hhl_sol): 0.9687283085366588
[HHL info]: L2 error (absolute): 0.0005694751737254293
[HHL info]: L2 error (relative): 0.881015313608941
[HHL info]: L2 error (normalized): 0.17753892578462294

========================================================================================
 Compare system solutions using LU of A, LU sol of A_herm, HHL of Ax=b hermition system
LU sol 	    Herm LU sol    HHL sol    L1_diff(%)
 5.303e-05   5.303e-05   0.000e+00  1.000e+02
 8.595e-05   8.595e-05   1.191e-05  8.615e+01
-1.922e-04  -1.922e-04  -2.147e-05  8.883e+01
 2.231e-04   2.231e-04   3.206e-05  8.563e+01
 2.354e-04   2.354e-04   2.228e-05  9.054e+01
 6.983e-05   6.983e-05   8.420e-06  8.794e+01
 2.803e-04   2.803e-04   3.859e-05  8.623e+01
-6.052e-05  -6.052e-05  -1.031e-05  8.296e+01
 2.760e-04   2.760e-04   2.977e-05  8.922e+01
 3.313e-05   3.313e-05   0.000e+00  1.000e+02
-2.050e-04  -2.050e-04  -2.147e-05  8.953e+01
 6.559e-05   6.559e-05   5.954e-06  9.092e+01
 4.863e-05   4.863e-05   5.954e-06  8.776e+01
 4.607e-05   4.607e-05   5.954e-06  8.708e+01
 2.242e-04   2.242e-04   2.977e-05  8.672e+01
========================================================================================

step: 10/15 res:0.009496569840649793, res/res0:0.000767376737652438  dq_norm: [5.05213049e-05 3.52242969e-05 4.83704668e-05]

A info: before HHL prepare:
Spectral radius (A): 2.407e+01, lambda_min:4.1097986287388615
condition number(A): 5.857e+00, norm2_cond:67.37979273611974
det(A): 9.934e+15
--------------------------------------------------------------------------------

A_hhl info: after scaling by spectral radius:
Spectral radius (A): 1.000e+00, lambda_min:0.1707228667872098
condition number(A): 5.857e+00, norm2_cond:67.37979273611964
det(A): 1.880e-05, nnz: 11 non zeros per row
--------------------------------------------------------------------------------

Size of A & B are not power of 2:
Next 2 power of 15 = 16
Value to be padded = 1
--------------------------------------------------

==================== Print (N)^2 padded matrix system =======================
Padded shape of A: (15, 15)x(15, 15) -> (16, 16)x(16, 16)
Padded shape of B: (15,) -> (16,)
Determinant of padded matrix: 1.8802123939798404e-05
Condition # of padded matrix: 67.37979273611964


Matrix is not Hermitian. Making it Hermitian.......

==================== Print Hermitian matrix system info =======================
Shape of hermitian A: 16x16 -> 32x32
Shape of           B: 16 -> 32
Determinant of Hermitian matrix: 3.535198646475389e-10
Condition # of Hermitian matrix: 67.37979273611997

=================================== Generating HHL circuit ===================================
Time elapsed for generating HHL circuit: 4 min 9.46 sec

Generated circuit: num_qubits=14, gates=19, depth=5
============================== Generated Circuit saved ==============================

============================== Transpiling circuit ==============================
Time elapsed for transpiling the circuit:  0 min 44.46 sec
Transpiled circuit, num_qubits: 14, (original: 14)
Transpiled circuit depth: 689027 (original: 5)
Transpiled circuit gates: 689127 (original: 19)
============================== Transpiled Circuit saved ==============================
Time elapsed for running the circuit:  1 min 1.77 sec
total_qubits: 14, nq:5

Time elapsed for extracting shots-based hhl counts solution:  0 min 0.00 sec

[HHL info]: linear system residual (e=||Ax-b||_2): 0.007117472292011746
[HHL info]: Fidelity(true_sol, hhl_sol): 0.9494523539742468
[HHL info]: L2 error (absolute): 0.000493045437874803
[HHL info]: L2 error (relative): 0.8656780291952937
[HHL info]: L2 error (normalized): 0.22628098683606165

========================================================================================
 Compare system solutions using LU of A, LU sol of A_herm, HHL of Ax=b hermition system
LU sol 	    Herm LU sol    HHL sol    L1_diff(%)
 5.304e-05   5.304e-05   0.000e+00  1.000e+02
 7.405e-05   7.405e-05   1.258e-05  8.301e+01
-1.707e-04  -1.707e-04  -2.594e-05  8.480e+01
 1.911e-04   1.911e-04   1.541e-05  9.193e+01
 2.131e-04   2.131e-04   3.446e-05  8.383e+01
 6.145e-05   6.145e-05   6.292e-06  8.976e+01
 2.417e-04   2.417e-04   3.018e-05  8.752e+01
-5.021e-05  -5.021e-05  -6.292e-06  8.747e+01
 2.463e-04   2.463e-04   3.827e-05  8.446e+01
 3.315e-05   3.315e-05   0.000e+00  1.000e+02
-1.836e-04  -1.836e-04  -2.670e-05  8.546e+01
 5.966e-05   5.966e-05   6.292e-06  8.945e+01
 4.267e-05   4.267e-05   0.000e+00  1.000e+02
 4.012e-05   4.012e-05   8.898e-06  7.782e+01
 1.945e-04   1.945e-04   2.594e-05  8.666e+01
========================================================================================

step: 11/15 res:0.008369230766097517, res/res0:0.0006762813426020026  dq_norm: [3.38840870e-05 4.66635885e-05 5.37598712e-05]

A info: before HHL prepare:
Spectral radius (A): 2.407e+01, lambda_min:4.1096543522232505
condition number(A): 5.858e+00, norm2_cond:67.38038938232032
det(A): 9.933e+15
--------------------------------------------------------------------------------

A_hhl info: after scaling by spectral radius:
Spectral radius (A): 1.000e+00, lambda_min:0.17072002768940597
condition number(A): 5.858e+00, norm2_cond:67.38038938232005
det(A): 1.880e-05, nnz: 11 non zeros per row
--------------------------------------------------------------------------------

Size of A & B are not power of 2:
Next 2 power of 15 = 16
Value to be padded = 1
--------------------------------------------------

==================== Print (N)^2 padded matrix system =======================
Padded shape of A: (15, 15)x(15, 15) -> (16, 16)x(16, 16)
Padded shape of B: (15,) -> (16,)
Determinant of padded matrix: 1.8804725506190563e-05
Condition # of padded matrix: 67.38038938232005


Matrix is not Hermitian. Making it Hermitian.......

==================== Print Hermitian matrix system info =======================
Shape of hermitian A: 16x16 -> 32x32
Shape of           B: 16 -> 32
Determinant of Hermitian matrix: 3.536177013631739e-10
Condition # of Hermitian matrix: 67.38038938232019

=================================== Generating HHL circuit ===================================
Time elapsed for generating HHL circuit: 4 min 9.58 sec

Generated circuit: num_qubits=14, gates=19, depth=5
============================== Generated Circuit saved ==============================

============================== Transpiling circuit ==============================
Time elapsed for transpiling the circuit:  0 min 44.10 sec
Transpiled circuit, num_qubits: 14, (original: 14)
Transpiled circuit depth: 689027 (original: 5)
Transpiled circuit gates: 689127 (original: 19)
============================== Transpiled Circuit saved ==============================
Time elapsed for running the circuit:  1 min 1.50 sec
total_qubits: 14, nq:5

Time elapsed for extracting shots-based hhl counts solution:  0 min 0.00 sec

[HHL info]: linear system residual (e=||Ax-b||_2): 0.005860620086203279
[HHL info]: Fidelity(true_sol, hhl_sol): 0.9614030433492644
[HHL info]: L2 error (absolute): 0.00040461376058355426
[HHL info]: L2 error (relative): 0.8205489820841947
[HHL info]: L2 error (normalized): 0.19742531113856912

========================================================================================
 Compare system solutions using LU of A, LU sol of A_herm, HHL of Ax=b hermition system
LU sol 	    Herm LU sol    HHL sol    L1_diff(%)
 5.304e-05   5.304e-05   1.403e-05  7.355e+01
 6.147e-05   6.147e-05   7.014e-06  8.859e+01
-1.448e-04  -1.448e-04  -3.137e-05  7.833e+01
 1.757e-04   1.757e-04   3.058e-05  8.260e+01
 1.787e-04   1.787e-04   2.430e-05  8.640e+01
 5.519e-05   5.519e-05   7.014e-06  8.729e+01
 2.116e-04   2.116e-04   4.029e-05  8.095e+01
-4.392e-05  -4.392e-05  -7.014e-06  8.403e+01
 2.081e-04   2.081e-04   4.546e-05  7.816e+01
 3.316e-05   3.316e-05   7.014e-06  7.884e+01
-1.569e-04  -1.569e-04  -2.430e-05  8.451e+01
 5.339e-05   5.339e-05   0.000e+00  1.000e+02
 4.268e-05   4.268e-05   7.014e-06  8.356e+01
 3.122e-05   3.122e-05   7.014e-06  7.753e+01
 1.685e-04   1.685e-04   3.058e-05  8.186e+01
========================================================================================

step: 12/15 res:0.007117487629841162, res/res0:0.0005751333933532549  dq_norm: [5.34201646e-05 3.64479501e-05 6.35181955e-05]

A info: before HHL prepare:
Spectral radius (A): 2.407e+01, lambda_min:4.109339958299796
condition number(A): 5.858e+00, norm2_cond:67.38083979903094
det(A): 9.929e+15
--------------------------------------------------------------------------------

A_hhl info: after scaling by spectral radius:
Spectral radius (A): 1.000e+00, lambda_min:0.17071162287531388
condition number(A): 5.858e+00, norm2_cond:67.3808397990309
det(A): 1.881e-05, nnz: 11 non zeros per row
--------------------------------------------------------------------------------

Size of A & B are not power of 2:
Next 2 power of 15 = 16
Value to be padded = 1
--------------------------------------------------

==================== Print (N)^2 padded matrix system =======================
Padded shape of A: (15, 15)x(15, 15) -> (16, 16)x(16, 16)
Padded shape of B: (15,) -> (16,)
Determinant of padded matrix: 1.8805127345342598e-05
Condition # of padded matrix: 67.3808397990309


Matrix is not Hermitian. Making it Hermitian.......

==================== Print Hermitian matrix system info =======================
Shape of hermitian A: 16x16 -> 32x32
Shape of           B: 16 -> 32
Determinant of Hermitian matrix: 3.536328144745482e-10
Condition # of Hermitian matrix: 67.38083979903085

=================================== Generating HHL circuit ===================================
Time elapsed for generating HHL circuit: 4 min 10.67 sec

Generated circuit: num_qubits=14, gates=19, depth=5
============================== Generated Circuit saved ==============================

============================== Transpiling circuit ==============================
Time elapsed for transpiling the circuit:  0 min 43.88 sec
Transpiled circuit, num_qubits: 14, (original: 14)
Transpiled circuit depth: 689027 (original: 5)
Transpiled circuit gates: 689127 (original: 19)
============================== Transpiled Circuit saved ==============================
Time elapsed for running the circuit:  1 min 1.80 sec
total_qubits: 14, nq:5

Time elapsed for extracting shots-based hhl counts solution:  0 min 0.00 sec

[HHL info]: linear system residual (e=||Ax-b||_2): 0.004161543308301836
[HHL info]: Fidelity(true_sol, hhl_sol): 0.979088254885608
[HHL info]: L2 error (absolute): 0.00030735885164055477
[HHL info]: L2 error (relative): 0.7595209777138475
[HHL info]: L2 error (normalized): 0.14499044326561986

========================================================================================
 Compare system solutions using LU of A, LU sol of A_herm, HHL of Ax=b hermition system
LU sol 	    Herm LU sol    HHL sol    L1_diff(%)
 3.902e-05   3.902e-05   7.356e-06  8.115e+01
 5.446e-05   5.446e-05   1.645e-05  6.980e+01
-1.134e-04  -1.134e-04  -2.652e-05  7.661e+01
 1.451e-04   1.451e-04   2.942e-05  7.973e+01
 1.544e-04   1.544e-04   3.751e-05  7.571e+01
 4.821e-05   4.821e-05   1.471e-05  6.949e+01
 1.713e-04   1.713e-04   4.161e-05  7.571e+01
-3.691e-05  -3.691e-05  -1.471e-05  6.015e+01
 1.627e-04   1.627e-04   4.289e-05  7.364e+01
 2.615e-05   2.615e-05   7.356e-06  7.188e+01
-1.326e-04  -1.326e-04  -3.121e-05  7.646e+01
 5.342e-05   5.342e-05   1.471e-05  7.246e+01
 3.566e-05   3.566e-05   0.000e+00  1.000e+02
 2.421e-05   2.421e-05   1.040e-05  5.704e+01
 1.380e-04   1.380e-04   3.289e-05  7.616e+01
========================================================================================

step: 13/15 res:0.005860651628355532, res/res0:0.0004735739116911704  dq_norm: [5.20113033e-05 5.45499151e-05 6.37005769e-05]

A info: before HHL prepare:
Spectral radius (A): 2.407e+01, lambda_min:4.109075629051502
condition number(A): 5.858e+00, norm2_cond:67.38108717658109
det(A): 9.926e+15
--------------------------------------------------------------------------------

A_hhl info: after scaling by spectral radius:
Spectral radius (A): 1.000e+00, lambda_min:0.17070541565140193
condition number(A): 5.858e+00, norm2_cond:67.38108717658092
det(A): 1.881e-05, nnz: 11 non zeros per row
--------------------------------------------------------------------------------

Size of A & B are not power of 2:
Next 2 power of 15 = 16
Value to be padded = 1
--------------------------------------------------

==================== Print (N)^2 padded matrix system =======================
Padded shape of A: (15, 15)x(15, 15) -> (16, 16)x(16, 16)
Padded shape of B: (15,) -> (16,)
Determinant of padded matrix: 1.880769023020467e-05
Condition # of padded matrix: 67.38108717658092


Matrix is not Hermitian. Making it Hermitian.......

==================== Print Hermitian matrix system info =======================
Shape of hermitian A: 16x16 -> 32x32
Shape of           B: 16 -> 32
Determinant of Hermitian matrix: 3.5372921179533743e-10
Condition # of Hermitian matrix: 67.38108717658147

=================================== Generating HHL circuit ===================================
Time elapsed for generating HHL circuit: 4 min 7.79 sec

Generated circuit: num_qubits=14, gates=19, depth=5
============================== Generated Circuit saved ==============================

============================== Transpiling circuit ==============================
Time elapsed for transpiling the circuit:  0 min 43.65 sec
Transpiled circuit, num_qubits: 14, (original: 14)
Transpiled circuit depth: 689027 (original: 5)
Transpiled circuit gates: 689127 (original: 19)
============================== Transpiled Circuit saved ==============================
Time elapsed for running the circuit:  1 min 2.16 sec
total_qubits: 14, nq:5

Time elapsed for extracting shots-based hhl counts solution:  0 min 0.00 sec

[HHL info]: linear system residual (e=||Ax-b||_2): 0.004134670948832983
[HHL info]: Fidelity(true_sol, hhl_sol): 0.9874088893108209
[HHL info]: L2 error (absolute): 0.00030540671252640445
[HHL info]: L2 error (relative): 0.9934764214965843
[HHL info]: L2 error (normalized): 0.11238770483983328

========================================================================================
 Compare system solutions using LU of A, LU sol of A_herm, HHL of Ax=b hermition system
LU sol 	    Herm LU sol    HHL sol    L1_diff(%)
 3.167e-05   3.167e-05   1.911e-07  9.940e+01
 3.801e-05   3.801e-05   2.341e-07  9.938e+01
-8.687e-05  -8.687e-05  -5.891e-07  9.932e+01
 1.157e-04   1.157e-04   7.152e-07  9.938e+01
 1.169e-04   1.169e-04   7.278e-07  9.938e+01
 3.354e-05   3.354e-05   2.341e-07  9.930e+01
 1.297e-04   1.297e-04   8.440e-07  9.935e+01
-2.221e-05  -2.221e-05  -1.911e-07  9.914e+01
 1.199e-04   1.199e-04   7.764e-07  9.935e+01
 1.881e-05   1.881e-05   2.341e-07  9.876e+01
-1.014e-04  -1.014e-04  -7.278e-07  9.928e+01
 3.873e-05   3.873e-05   3.311e-07  9.915e+01
 3.566e-05   3.566e-05   3.311e-07  9.907e+01
 1.381e-05   1.381e-05   0.000e+00  1.000e+02
 1.051e-04   1.051e-04   6.193e-07  9.941e+01
========================================================================================

step: 14/15 res:0.004161582806627577, res/res0:0.0003362795084126749  dq_norm: [1.19363472e-06 1.07273986e-06 1.22385811e-06]
Completed: 14 steps in 6094.93s
Saved metadata to /lustre/orion/ard189/proj-shared/nozzle_1d_results/nelem5/statevector/shots_50000/trial_5/metadata_nelem5_HHL_statevector_nshots50000.pkl

Solution summary:
  x/L: [0.1000, 0.9000]
  Mach: [1.5203, 2.1519]
  p/p_in: [0.9798, 0.3652]
  rho/rho_in: [0.9874, 0.4837]
Saved combined plot to /lustre/orion/ard189/proj-shared/nozzle_1d_results/nelem5/statevector/shots_50000/trial_5/solution_plot_nelem5_HHL_statevector_nshots50000.png
