
------------------------------------------------------------
Using ideal local simulator with 'statevector' method
Backend: aer_simulator_statevector
Shots: 100000
------------------------------------------------------------

A info: before HHL prepare:
Spectral radius (A): 2.241e+01, lambda_min:2.3074021727489433
condition number(A): 9.710e+00, norm2_cond:95.97789014324577
det(A): 9.333e+14
--------------------------------------------------------------------------------

A_hhl info: after scaling by spectral radius:
Spectral radius (A): 1.000e+00, lambda_min:0.1029832130561069
condition number(A): 9.710e+00, norm2_cond:95.9778901432457
det(A): 5.184e-06, nnz: 10 non zeros per row
--------------------------------------------------------------------------------

Size of A & B are not power of 2:
Next 2 power of 15 = 16
Value to be padded = 1
--------------------------------------------------

==================== Print (N)^2 padded matrix system =======================
Padded shape of A: (15, 15)x(15, 15) -> (16, 16)x(16, 16)
Padded shape of B: (15,) -> (16,)
Determinant of padded matrix: 5.183984510966138e-06
Condition # of padded matrix: 95.9778901432457


Matrix is not Hermitian. Making it Hermitian.......

==================== Print Hermitian matrix system info =======================
Shape of hermitian A: 16x16 -> 32x32
Shape of           B: 16 -> 32
Determinant of Hermitian matrix: 2.6873695409936828e-11
Condition # of Hermitian matrix: 95.9778901432459

=================================== Generating HHL circuit ===================================
Time elapsed for generating HHL circuit: 4 min 41.87 sec

Generated circuit: num_qubits=14, gates=19, depth=5
============================== Generated Circuit saved ==============================

============================== Transpiling circuit ==============================
Time elapsed for transpiling the circuit:  0 min 49.49 sec
Transpiled circuit, num_qubits: 14, (original: 14)
Transpiled circuit depth: 689027 (original: 5)
Transpiled circuit gates: 689127 (original: 19)
============================== Transpiled Circuit saved ==============================
Time elapsed for running the circuit:  1 min 10.15 sec
total_qubits: 14, nq:5

Time elapsed for extracting shots-based hhl counts solution:  0 min 0.00 sec

[HHL info]: linear system residual (e=||Ax-b||_2): 3.5465293248985463
[HHL info]: Fidelity(true_sol, hhl_sol): 0.9950086633319704
[HHL info]: L2 error (absolute): 0.30819674143802483
[HHL info]: L2 error (relative): 0.1139534764349391
[HHL info]: L2 error (normalized): 0.07069356845601725

========================================================================================
 Compare system solutions using LU of A, LU sol of A_herm, HHL of Ax=b hermition system
LU sol 	    Herm LU sol    HHL sol    L1_diff(%)
-1.705e-02  -1.705e-02  -0.000e+00  1.000e+02
-7.527e-03  -7.527e-03  -0.000e+00  1.000e+02
-3.946e-02  -3.946e-02  -0.000e+00  1.000e+02
-1.283e-01  -1.283e-01  -1.304e-01  1.666e+00
-6.877e-02  -6.877e-02  -1.304e-01  8.962e+01
-2.800e-01  -2.800e-01  -2.608e-01  6.864e+00
-4.114e-01  -4.114e-01  -4.517e-01  9.789e+00
-4.227e-01  -4.227e-01  -3.630e-01  1.413e+01
-1.109e+00  -1.109e+00  -1.063e+00  4.153e+00
-5.252e-01  -5.252e-01  -3.966e-01  2.449e+01
-5.558e-01  -5.558e-01  -4.879e-01  1.221e+01
-1.428e+00  -1.428e+00  -1.291e+00  9.585e+00
-5.637e-01  -5.637e-01  -4.835e-01  1.423e+01
-5.958e-01  -5.958e-01  -4.610e-01  2.262e+01
-1.529e+00  -1.529e+00  -1.398e+00  8.560e+00
========================================================================================

step: 0/15 res:12.375368413827264, res/res0:1.0  dq_norm: [0.78238448 0.77419174 2.19556099]

A info: before HHL prepare:
Spectral radius (A): 2.542e+01, lambda_min:4.868870719705108
condition number(A): 5.221e+00, norm2_cond:56.16050066264233
det(A): 2.099e+16
--------------------------------------------------------------------------------

A_hhl info: after scaling by spectral radius:
Spectral radius (A): 1.000e+00, lambda_min:0.19151729043746588
condition number(A): 5.221e+00, norm2_cond:56.16050066264239
det(A): 1.753e-05, nnz: 11 non zeros per row
--------------------------------------------------------------------------------

Size of A & B are not power of 2:
Next 2 power of 15 = 16
Value to be padded = 1
--------------------------------------------------

==================== Print (N)^2 padded matrix system =======================
Padded shape of A: (15, 15)x(15, 15) -> (16, 16)x(16, 16)
Padded shape of B: (15,) -> (16,)
Determinant of padded matrix: 1.7526004430279807e-05
Condition # of padded matrix: 56.16050066264239


Matrix is not Hermitian. Making it Hermitian.......

==================== Print Hermitian matrix system info =======================
Shape of hermitian A: 16x16 -> 32x32
Shape of           B: 16 -> 32
Determinant of Hermitian matrix: 3.0716083129018744e-10
Condition # of Hermitian matrix: 56.160500662642654

=================================== Generating HHL circuit ===================================
Time elapsed for generating HHL circuit: 2 min 18.57 sec

Generated circuit: num_qubits=13, gates=18, depth=5
============================== Generated Circuit saved ==============================

============================== Transpiling circuit ==============================
Time elapsed for transpiling the circuit:  0 min 24.16 sec
Transpiled circuit, num_qubits: 13, (original: 13)
Transpiled circuit depth: 343170 (original: 5)
Transpiled circuit gates: 343251 (original: 18)
============================== Transpiled Circuit saved ==============================
Time elapsed for running the circuit:  0 min 28.19 sec
total_qubits: 13, nq:5

Time elapsed for extracting shots-based hhl counts solution:  0 min 0.00 sec

[HHL info]: linear system residual (e=||Ax-b||_2): 4.073196234379368
[HHL info]: Fidelity(true_sol, hhl_sol): 0.98974640013974
[HHL info]: L2 error (absolute): 0.22138515768510197
[HHL info]: L2 error (relative): 0.97493493347492
[HHL info]: L2 error (normalized): 0.10139043130789381

========================================================================================
 Compare system solutions using LU of A, LU sol of A_herm, HHL of Ax=b hermition system
LU sol 	    Herm LU sol    HHL sol    L1_diff(%)
-1.373e-02  -1.373e-02  -3.189e-04  9.768e+01
-5.190e-03  -5.190e-03  -0.000e+00  1.000e+02
-3.345e-02  -3.345e-02  -9.566e-04  9.714e+01
 1.189e-02   1.189e-02   3.189e-04  9.732e+01
 6.066e-02   6.066e-02   1.747e-03  9.712e+01
 4.900e-03   4.900e-03   0.000e+00  1.000e+02
 5.974e-02   5.974e-02   1.687e-03  9.718e+01
-5.725e-02  -5.725e-02  -1.562e-03  9.727e+01
 6.604e-03   6.604e-03   0.000e+00  1.000e+02
-1.010e-01  -1.010e-01  -2.610e-03  9.742e+01
-7.008e-02  -7.008e-02  -1.775e-03  9.747e+01
-4.519e-02  -4.519e-02  -8.436e-04  9.813e+01
-4.452e-02  -4.452e-02  -9.019e-04  9.797e+01
-1.357e-01  -1.357e-01  -3.252e-03  9.760e+01
-4.418e-02  -4.418e-02  -1.105e-03  9.750e+01
========================================================================================

step: 1/15 res:4.193169307673889, res/res0:0.33883187695557987  dq_norm: [0.00326742 0.0043837  0.00168729]

A info: before HHL prepare:
Spectral radius (A): 2.538e+01, lambda_min:4.856039236538612
condition number(A): 5.227e+00, norm2_cond:56.336952160725616
det(A): 2.067e+16
--------------------------------------------------------------------------------

A_hhl info: after scaling by spectral radius:
Spectral radius (A): 1.000e+00, lambda_min:0.1913068506403208
condition number(A): 5.227e+00, norm2_cond:56.336952160725765
det(A): 1.767e-05, nnz: 11 non zeros per row
--------------------------------------------------------------------------------

Size of A & B are not power of 2:
Next 2 power of 15 = 16
Value to be padded = 1
--------------------------------------------------

==================== Print (N)^2 padded matrix system =======================
Padded shape of A: (15, 15)x(15, 15) -> (16, 16)x(16, 16)
Padded shape of B: (15,) -> (16,)
Determinant of padded matrix: 1.7666797787992034e-05
Condition # of padded matrix: 56.336952160725765


Matrix is not Hermitian. Making it Hermitian.......

==================== Print Hermitian matrix system info =======================
Shape of hermitian A: 16x16 -> 32x32
Shape of           B: 16 -> 32
Determinant of Hermitian matrix: 3.1211574408179795e-10
Condition # of Hermitian matrix: 56.33695216072577

=================================== Generating HHL circuit ===================================
Time elapsed for generating HHL circuit: 2 min 19.05 sec

Generated circuit: num_qubits=13, gates=18, depth=5
============================== Generated Circuit saved ==============================

============================== Transpiling circuit ==============================
Time elapsed for transpiling the circuit:  0 min 24.60 sec
Transpiled circuit, num_qubits: 13, (original: 13)
Transpiled circuit depth: 343170 (original: 5)
Transpiled circuit gates: 343251 (original: 18)
============================== Transpiled Circuit saved ==============================
Time elapsed for running the circuit:  0 min 29.17 sec
total_qubits: 13, nq:5

Time elapsed for extracting shots-based hhl counts solution:  0 min 0.00 sec

[HHL info]: linear system residual (e=||Ax-b||_2): 3.982396959587463
[HHL info]: Fidelity(true_sol, hhl_sol): 0.9851804323195318
[HHL info]: L2 error (absolute): 0.21553575256368307
[HHL info]: L2 error (relative): 0.9763711012606725
[HHL info]: L2 error (normalized): 0.1219626304166721

========================================================================================
 Compare system solutions using LU of A, LU sol of A_herm, HHL of Ax=b hermition system
LU sol 	    Herm LU sol    HHL sol    L1_diff(%)
-1.336e-02  -1.336e-02  -0.000e+00  1.000e+02
-5.168e-03  -5.168e-03  -0.000e+00  1.000e+02
-3.225e-02  -3.225e-02  -8.403e-04  9.739e+01
 1.175e-02   1.175e-02   0.000e+00  1.000e+02
 5.882e-02   5.882e-02   1.112e-03  9.811e+01
 5.070e-03   5.070e-03   0.000e+00  1.000e+02
 5.859e-02   5.859e-02   1.225e-03  9.791e+01
-5.571e-02  -5.571e-02  -1.329e-03  9.761e+01
 7.651e-03   7.651e-03   0.000e+00  1.000e+02
-9.769e-02  -9.769e-02  -2.414e-03  9.753e+01
-6.817e-02  -6.817e-02  -1.707e-03  9.750e+01
-4.392e-02  -4.392e-02  -9.854e-04  9.776e+01
-4.313e-02  -4.313e-02  -1.112e-03  9.742e+01
-1.324e-01  -1.324e-01  -3.268e-03  9.753e+01
-4.203e-02  -4.203e-02  -8.913e-04  9.788e+01
========================================================================================

step: 2/15 res:4.0732723311706325, res/res0:0.3291435208199118  dq_norm: [0.00292606 0.00407358 0.00157208]

A info: before HHL prepare:
Spectral radius (A): 2.536e+01, lambda_min:4.845806863401361
condition number(A): 5.233e+00, norm2_cond:56.514519216328466
det(A): 2.046e+16
--------------------------------------------------------------------------------

A_hhl info: after scaling by spectral radius:
Spectral radius (A): 1.000e+00, lambda_min:0.1911130018647148
condition number(A): 5.233e+00, norm2_cond:56.514519216328424
det(A): 1.777e-05, nnz: 11 non zeros per row
--------------------------------------------------------------------------------

Size of A & B are not power of 2:
Next 2 power of 15 = 16
Value to be padded = 1
--------------------------------------------------

==================== Print (N)^2 padded matrix system =======================
Padded shape of A: (15, 15)x(15, 15) -> (16, 16)x(16, 16)
Padded shape of B: (15,) -> (16,)
Determinant of padded matrix: 1.7769261046925828e-05
Condition # of padded matrix: 56.514519216328424


Matrix is not Hermitian. Making it Hermitian.......

==================== Print Hermitian matrix system info =======================
Shape of hermitian A: 16x16 -> 32x32
Shape of           B: 16 -> 32
Determinant of Hermitian matrix: 3.157466381537933e-10
Condition # of Hermitian matrix: 56.51451921632858

=================================== Generating HHL circuit ===================================
Time elapsed for generating HHL circuit: 2 min 16.41 sec

Generated circuit: num_qubits=13, gates=18, depth=5
============================== Generated Circuit saved ==============================

============================== Transpiling circuit ==============================
Time elapsed for transpiling the circuit:  0 min 24.39 sec
Transpiled circuit, num_qubits: 13, (original: 13)
Transpiled circuit depth: 343170 (original: 5)
Transpiled circuit gates: 343251 (original: 18)
============================== Transpiled Circuit saved ==============================
Time elapsed for running the circuit:  0 min 28.16 sec
total_qubits: 13, nq:5

Time elapsed for extracting shots-based hhl counts solution:  0 min 0.00 sec

[HHL info]: linear system residual (e=||Ax-b||_2): 2.99996929578118
[HHL info]: Fidelity(true_sol, hhl_sol): 0.9818690472436424
[HHL info]: L2 error (absolute): 0.16394158191189248
[HHL info]: L2 error (relative): 0.7624378686672191
[HHL info]: L2 error (normalized): 0.13495884260125598

========================================================================================
 Compare system solutions using LU of A, LU sol of A_herm, HHL of Ax=b hermition system
LU sol 	    Herm LU sol    HHL sol    L1_diff(%)
-1.332e-02  -1.332e-02  -6.442e-03  5.162e+01
-5.153e-03  -5.153e-03  -0.000e+00  1.000e+02
-3.123e-02  -3.123e-02  -6.442e-03  7.937e+01
 1.187e-02   1.187e-02   4.990e-03  5.796e+01
 5.761e-02   5.761e-02   1.320e-02  7.708e+01
 5.195e-03   5.195e-03   0.000e+00  1.000e+02
 5.777e-02   5.777e-02   1.188e-02  7.944e+01
-5.439e-02  -5.439e-02  -1.351e-02  7.515e+01
 8.463e-03   8.463e-03   2.881e-03  6.596e+01
-9.471e-02  -9.471e-02  -2.445e-02  7.419e+01
-6.636e-02  -6.636e-02  -1.630e-02  7.544e+01
-4.263e-02  -4.263e-02  -8.149e-03  8.088e+01
-4.164e-02  -4.164e-02  -7.057e-03  8.305e+01
-1.291e-01  -1.291e-01  -3.208e-02  7.514e+01
-4.024e-02  -4.024e-02  -7.057e-03  8.246e+01
========================================================================================

step: 3/15 res:3.9824078455647336, res/res0:0.32180115471270365  dq_norm: [0.02924025 0.04064331 0.0128848 ]

A info: before HHL prepare:
Spectral radius (A): 2.509e+01, lambda_min:4.702295478803715
condition number(A): 5.336e+00, norm2_cond:58.76041777228483
det(A): 1.765e+16
--------------------------------------------------------------------------------

A_hhl info: after scaling by spectral radius:
Spectral radius (A): 1.000e+00, lambda_min:0.18740858082969117
condition number(A): 5.336e+00, norm2_cond:58.76041777228479
det(A): 1.794e-05, nnz: 11 non zeros per row
--------------------------------------------------------------------------------

Size of A & B are not power of 2:
Next 2 power of 15 = 16
Value to be padded = 1
--------------------------------------------------

==================== Print (N)^2 padded matrix system =======================
Padded shape of A: (15, 15)x(15, 15) -> (16, 16)x(16, 16)
Padded shape of B: (15,) -> (16,)
Determinant of padded matrix: 1.794498035577716e-05
Condition # of padded matrix: 58.76041777228479


Matrix is not Hermitian. Making it Hermitian.......

==================== Print Hermitian matrix system info =======================
Shape of hermitian A: 16x16 -> 32x32
Shape of           B: 16 -> 32
Determinant of Hermitian matrix: 3.220223199692293e-10
Condition # of Hermitian matrix: 58.76041777228493

=================================== Generating HHL circuit ===================================
Time elapsed for generating HHL circuit: 2 min 19.36 sec

Generated circuit: num_qubits=13, gates=18, depth=5
============================== Generated Circuit saved ==============================

============================== Transpiling circuit ==============================
Time elapsed for transpiling the circuit:  0 min 24.80 sec
Transpiled circuit, num_qubits: 13, (original: 13)
Transpiled circuit depth: 343170 (original: 5)
Transpiled circuit gates: 343251 (original: 18)
============================== Transpiled Circuit saved ==============================
Time elapsed for running the circuit:  0 min 29.07 sec
total_qubits: 13, nq:5

Time elapsed for extracting shots-based hhl counts solution:  0 min 0.00 sec

[HHL info]: linear system residual (e=||Ax-b||_2): 2.0984642164318137
[HHL info]: Fidelity(true_sol, hhl_sol): 0.9853207964233152
[HHL info]: L2 error (absolute): 0.10867213997977407
[HHL info]: L2 error (relative): 0.6859032313409389
[HHL info]: L2 error (normalized): 0.12138151580355393

========================================================================================
 Compare system solutions using LU of A, LU sol of A_herm, HHL of Ax=b hermition system
LU sol 	    Herm LU sol    HHL sol    L1_diff(%)
-6.439e-03  -6.439e-03  -3.084e-03  5.210e+01
-4.877e-03  -4.877e-03  -3.084e-03  3.676e+01
-2.297e-02  -2.297e-02  -6.169e-03  7.314e+01
 7.903e-03   7.903e-03   0.000e+00  1.000e+02
 4.350e-02   4.350e-02   1.413e-02  6.751e+01
 5.796e-03   5.796e-03   0.000e+00  1.000e+02
 4.924e-02   4.924e-02   1.632e-02  6.685e+01
-4.104e-02  -4.104e-02  -1.023e-02  7.508e+01
 1.260e-02   1.260e-02   5.342e-03  5.759e+01
-6.481e-02  -6.481e-02  -1.851e-02  7.144e+01
-4.876e-02  -4.876e-02  -1.745e-02  6.422e+01
-3.063e-02  -3.063e-02  -1.023e-02  6.660e+01
-3.007e-02  -3.007e-02  -8.161e-03  7.286e+01
-9.662e-02  -9.662e-02  -3.191e-02  6.698e+01
-2.231e-02  -2.231e-02  -6.169e-03  7.235e+01
========================================================================================

step: 4/15 res:3.0021514024978417, res/res0:0.2425908710033613  dq_norm: [0.02617253 0.04045234 0.01446741]

A info: before HHL prepare:
Spectral radius (A): 2.475e+01, lambda_min:4.5433762854899005
condition number(A): 5.447e+00, norm2_cond:60.89447815857362
det(A): 1.507e+16
--------------------------------------------------------------------------------

A_hhl info: after scaling by spectral radius:
Spectral radius (A): 1.000e+00, lambda_min:0.18357188324034868
condition number(A): 5.447e+00, norm2_cond:60.89447815857338
det(A): 1.881e-05, nnz: 11 non zeros per row
--------------------------------------------------------------------------------

Size of A & B are not power of 2:
Next 2 power of 15 = 16
Value to be padded = 1
--------------------------------------------------

==================== Print (N)^2 padded matrix system =======================
Padded shape of A: (15, 15)x(15, 15) -> (16, 16)x(16, 16)
Padded shape of B: (15,) -> (16,)
Determinant of padded matrix: 1.8810695706194647e-05
Condition # of padded matrix: 60.89447815857338


Matrix is not Hermitian. Making it Hermitian.......

==================== Print Hermitian matrix system info =======================
Shape of hermitian A: 16x16 -> 32x32
Shape of           B: 16 -> 32
Determinant of Hermitian matrix: 3.5384227295104844e-10
Condition # of Hermitian matrix: 60.894478158573634

=================================== Generating HHL circuit ===================================
Time elapsed for generating HHL circuit: 2 min 17.63 sec

Generated circuit: num_qubits=13, gates=18, depth=5
============================== Generated Circuit saved ==============================

============================== Transpiling circuit ==============================
Time elapsed for transpiling the circuit:  0 min 23.65 sec
Transpiled circuit, num_qubits: 13, (original: 13)
Transpiled circuit depth: 343170 (original: 5)
Transpiled circuit gates: 343251 (original: 18)
============================== Transpiled Circuit saved ==============================
Time elapsed for running the circuit:  0 min 27.82 sec
total_qubits: 13, nq:5

Time elapsed for extracting shots-based hhl counts solution:  0 min 0.00 sec

[HHL info]: linear system residual (e=||Ax-b||_2): 2.0834078193479657
[HHL info]: Fidelity(true_sol, hhl_sol): 0.9779896016343796
[HHL info]: L2 error (absolute): 0.10540272206144798
[HHL info]: L2 error (relative): 0.9898586185158991
[HHL info]: L2 error (normalized): 0.14877118096585587

========================================================================================
 Compare system solutions using LU of A, LU sol of A_herm, HHL of Ax=b hermition system
LU sol 	    Herm LU sol    HHL sol    L1_diff(%)
-3.105e-03  -3.105e-03  -7.363e-05  9.763e+01
-1.734e-03  -1.734e-03  -0.000e+00  1.000e+02
-1.578e-02  -1.578e-02  -1.275e-04  9.919e+01
 9.290e-03   9.290e-03   0.000e+00  1.000e+02
 2.942e-02   2.942e-02   3.036e-04  9.897e+01
 7.900e-03   7.900e-03   1.473e-04  9.814e+01
 3.639e-02   3.639e-02   3.374e-04  9.907e+01
-3.103e-02  -3.103e-02  -3.124e-04  9.899e+01
 1.387e-02   1.387e-02   1.275e-04  9.908e+01
-4.255e-02  -4.255e-02  -4.479e-04  9.895e+01
-3.024e-02  -3.024e-02  -3.607e-04  9.881e+01
-1.705e-02  -1.705e-02  -1.473e-04  9.914e+01
-1.886e-02  -1.886e-02  -1.275e-04  9.932e+01
-6.437e-02  -6.437e-02  -6.748e-04  9.895e+01
-8.333e-03  -8.333e-03  -7.363e-05  9.912e+01
========================================================================================

step: 5/15 res:2.10523149464443, res/res0:0.17011465228721676  dq_norm: [0.00057975 0.00088047 0.00028516]

A info: before HHL prepare:
Spectral radius (A): 2.474e+01, lambda_min:4.539329749165837
condition number(A): 5.451e+00, norm2_cond:60.953092352826395
det(A): 1.501e+16
--------------------------------------------------------------------------------

A_hhl info: after scaling by spectral radius:
Spectral radius (A): 1.000e+00, lambda_min:0.18345773523699965
condition number(A): 5.451e+00, norm2_cond:60.95309235282663
det(A): 1.881e-05, nnz: 11 non zeros per row
--------------------------------------------------------------------------------

Size of A & B are not power of 2:
Next 2 power of 15 = 16
Value to be padded = 1
--------------------------------------------------

==================== Print (N)^2 padded matrix system =======================
Padded shape of A: (15, 15)x(15, 15) -> (16, 16)x(16, 16)
Padded shape of B: (15,) -> (16,)
Determinant of padded matrix: 1.881494290822533e-05
Condition # of padded matrix: 60.95309235282663


Matrix is not Hermitian. Making it Hermitian.......

==================== Print Hermitian matrix system info =======================
Shape of hermitian A: 16x16 -> 32x32
Shape of           B: 16 -> 32
Determinant of Hermitian matrix: 3.5400207663977995e-10
Condition # of Hermitian matrix: 60.95309235282673

=================================== Generating HHL circuit ===================================
Time elapsed for generating HHL circuit: 2 min 18.02 sec

Generated circuit: num_qubits=13, gates=18, depth=5
============================== Generated Circuit saved ==============================

============================== Transpiling circuit ==============================
Time elapsed for transpiling the circuit:  0 min 24.43 sec
Transpiled circuit, num_qubits: 13, (original: 13)
Transpiled circuit depth: 343170 (original: 5)
Transpiled circuit gates: 343251 (original: 18)
============================== Transpiled Circuit saved ==============================
Time elapsed for running the circuit:  0 min 29.29 sec
total_qubits: 13, nq:5

Time elapsed for extracting shots-based hhl counts solution:  0 min 0.00 sec

[HHL info]: linear system residual (e=||Ax-b||_2): 1.9278943741224541
[HHL info]: Fidelity(true_sol, hhl_sol): 0.9894547007158478
[HHL info]: L2 error (absolute): 0.09690786859850882
[HHL info]: L2 error (relative): 0.9197160372783779
[HHL info]: L2 error (normalized): 0.10282629856099058

========================================================================================
 Compare system solutions using LU of A, LU sol of A_herm, HHL of Ax=b hermition system
LU sol 	    Herm LU sol    HHL sol    L1_diff(%)
-3.025e-03  -3.025e-03  -0.000e+00  1.000e+02
-1.732e-03  -1.732e-03  -5.685e-04  6.718e+01
-1.563e-02  -1.563e-02  -1.137e-03  9.273e+01
 9.318e-03   9.318e-03   9.846e-04  8.943e+01
 2.911e-02   2.911e-02   1.798e-03  9.382e+01
 7.801e-03   7.801e-03   8.040e-04  8.969e+01
 3.612e-02   3.612e-02   2.899e-03  9.198e+01
-3.072e-02  -3.072e-02  -2.412e-03  9.215e+01
 1.387e-02   1.387e-02   9.846e-04  9.290e+01
-4.202e-02  -4.202e-02  -3.458e-03  9.177e+01
-2.985e-02  -2.985e-02  -2.605e-03  9.127e+01
-1.683e-02  -1.683e-02  -1.504e-03  9.107e+01
-1.866e-02  -1.866e-02  -1.392e-03  9.254e+01
-6.368e-02  -6.368e-02  -5.241e-03  9.177e+01
-8.087e-03  -8.087e-03  -5.685e-04  9.297e+01
========================================================================================

step: 6/15 res:2.0834102146653612, res/res0:0.168351369025711  dq_norm: [0.0048237  0.00660513 0.0023439 ]

A info: before HHL prepare:
Spectral radius (A): 2.469e+01, lambda_min:4.508480993725969
condition number(A): 5.476e+00, norm2_cond:61.35876855483765
det(A): 1.455e+16
--------------------------------------------------------------------------------

A_hhl info: after scaling by spectral radius:
Spectral radius (A): 1.000e+00, lambda_min:0.18260727071198565
condition number(A): 5.476e+00, norm2_cond:61.35876855483775
det(A): 1.884e-05, nnz: 11 non zeros per row
--------------------------------------------------------------------------------

Size of A & B are not power of 2:
Next 2 power of 15 = 16
Value to be padded = 1
--------------------------------------------------

==================== Print (N)^2 padded matrix system =======================
Padded shape of A: (15, 15)x(15, 15) -> (16, 16)x(16, 16)
Padded shape of B: (15,) -> (16,)
Determinant of padded matrix: 1.884204769437326e-05
Condition # of padded matrix: 61.35876855483775


Matrix is not Hermitian. Making it Hermitian.......

==================== Print Hermitian matrix system info =======================
Shape of hermitian A: 16x16 -> 32x32
Shape of           B: 16 -> 32
Determinant of Hermitian matrix: 3.5502276131703663e-10
Condition # of Hermitian matrix: 61.3587685548378

=================================== Generating HHL circuit ===================================
Time elapsed for generating HHL circuit: 2 min 17.51 sec

Generated circuit: num_qubits=13, gates=18, depth=5
============================== Generated Circuit saved ==============================

============================== Transpiling circuit ==============================
Time elapsed for transpiling the circuit:  0 min 23.79 sec
Transpiled circuit, num_qubits: 13, (original: 13)
Transpiled circuit depth: 343170 (original: 5)
Transpiled circuit gates: 343251 (original: 18)
============================== Transpiled Circuit saved ==============================
Time elapsed for running the circuit:  0 min 28.12 sec
total_qubits: 13, nq:5

Time elapsed for extracting shots-based hhl counts solution:  0 min 0.00 sec

[HHL info]: linear system residual (e=||Ax-b||_2): 1.6353121452738288
[HHL info]: Fidelity(true_sol, hhl_sol): 0.9738292485003411
[HHL info]: L2 error (absolute): 0.08230383488371204
[HHL info]: L2 error (relative): 0.8512176675036299
[HHL info]: L2 error (normalized): 0.16230913856523282

========================================================================================
 Compare system solutions using LU of A, LU sol of A_herm, HHL of Ax=b hermition system
LU sol 	    Herm LU sol    HHL sol    L1_diff(%)
-2.963e-03  -2.963e-03  -0.000e+00  1.000e+02
-1.112e-03  -1.112e-03  -0.000e+00  1.000e+02
-1.429e-02  -1.429e-02  -1.630e-03  8.859e+01
 8.571e-03   8.571e-03   0.000e+00  1.000e+02
 2.729e-02   2.729e-02   4.415e-03  8.382e+01
 7.355e-03   7.355e-03   9.412e-04  8.720e+01
 3.375e-02   3.375e-02   3.993e-03  8.817e+01
-2.832e-02  -2.832e-02  -4.891e-03  8.273e+01
 1.394e-02   1.394e-02   2.306e-03  8.346e+01
-3.796e-02  -3.796e-02  -5.647e-03  8.512e+01
-2.711e-02  -2.711e-02  -3.522e-03  8.701e+01
-1.478e-02  -1.478e-02  -2.105e-03  8.576e+01
-1.680e-02  -1.680e-02  -2.662e-03  8.415e+01
-5.840e-02  -5.840e-02  -9.459e-03  8.380e+01
-6.323e-03  -6.323e-03  -0.000e+00  1.000e+02
========================================================================================

step: 7/15 res:1.9280241696743878, res/res0:0.15579529475018822  dq_norm: [0.0074114  0.01205387 0.00364544]

A info: before HHL prepare:
Spectral radius (A): 2.461e+01, lambda_min:4.461807943629457
condition number(A): 5.515e+00, norm2_cond:62.224998640482966
det(A): 1.395e+16
--------------------------------------------------------------------------------

A_hhl info: after scaling by spectral radius:
Spectral radius (A): 1.000e+00, lambda_min:0.18131699347214097
condition number(A): 5.515e+00, norm2_cond:62.224998640482816
det(A): 1.898e-05, nnz: 11 non zeros per row
--------------------------------------------------------------------------------

Size of A & B are not power of 2:
Next 2 power of 15 = 16
Value to be padded = 1
--------------------------------------------------

==================== Print (N)^2 padded matrix system =======================
Padded shape of A: (15, 15)x(15, 15) -> (16, 16)x(16, 16)
Padded shape of B: (15,) -> (16,)
Determinant of padded matrix: 1.8981616623472758e-05
Condition # of padded matrix: 62.224998640482816


Matrix is not Hermitian. Making it Hermitian.......

==================== Print Hermitian matrix system info =======================
Shape of hermitian A: 16x16 -> 32x32
Shape of           B: 16 -> 32
Determinant of Hermitian matrix: 3.6030176964049734e-10
Condition # of Hermitian matrix: 62.22499864048292

=================================== Generating HHL circuit ===================================
Time elapsed for generating HHL circuit: 2 min 17.74 sec

Generated circuit: num_qubits=13, gates=18, depth=5
============================== Generated Circuit saved ==============================

============================== Transpiling circuit ==============================
Time elapsed for transpiling the circuit:  0 min 24.83 sec
Transpiled circuit, num_qubits: 13, (original: 13)
Transpiled circuit depth: 343170 (original: 5)
Transpiled circuit gates: 343251 (original: 18)
============================== Transpiled Circuit saved ==============================
Time elapsed for running the circuit:  0 min 29.23 sec
total_qubits: 13, nq:5

Time elapsed for extracting shots-based hhl counts solution:  0 min 0.00 sec

[HHL info]: linear system residual (e=||Ax-b||_2): 1.4545265629268747
[HHL info]: Fidelity(true_sol, hhl_sol): 0.9795323868973952
[HHL info]: L2 error (absolute): 0.07272132683986274
[HHL info]: L2 error (relative): 0.8859750982682095
[HHL info]: L2 error (normalized): 0.14343440871708632

========================================================================================
 Compare system solutions using LU of A, LU sol of A_herm, HHL of Ax=b hermition system
LU sol 	    Herm LU sol    HHL sol    L1_diff(%)
-2.889e-03  -2.889e-03  -0.000e+00  1.000e+02
-1.091e-03  -1.091e-03  -0.000e+00  1.000e+02
-1.239e-02  -1.239e-02  -1.405e-03  8.866e+01
 8.904e-03   8.904e-03   0.000e+00  1.000e+02
 2.288e-02   2.288e-02   2.666e-03  8.834e+01
 7.032e-03   7.032e-03   8.888e-04  8.736e+01
 3.053e-02   3.053e-02   3.205e-03  8.950e+01
-2.346e-02  -2.346e-02  -2.514e-03  8.928e+01
 1.330e-02   1.330e-02   1.778e-03  8.664e+01
-3.142e-02  -3.142e-02  -3.718e-03  8.817e+01
-2.338e-02  -2.338e-02  -2.666e-03  8.860e+01
-1.181e-02  -1.181e-02  -1.089e-03  9.078e+01
-1.342e-02  -1.342e-02  -1.778e-03  8.676e+01
-4.888e-02  -4.888e-02  -5.896e-03  8.794e+01
-4.377e-03  -4.377e-03  -0.000e+00  1.000e+02
========================================================================================

step: 8/15 res:1.6353794061779745, res/res0:0.13214793705460356  dq_norm: [0.00522068 0.00743647 0.00266648]

A info: before HHL prepare:
Spectral radius (A): 2.455e+01, lambda_min:4.430875982217616
condition number(A): 5.541e+00, norm2_cond:62.772614540092114
det(A): 1.357e+16
--------------------------------------------------------------------------------

A_hhl info: after scaling by spectral radius:
Spectral radius (A): 1.000e+00, lambda_min:0.18046619335847172
condition number(A): 5.541e+00, norm2_cond:62.77261454009205
det(A): 1.910e-05, nnz: 11 non zeros per row
--------------------------------------------------------------------------------

Size of A & B are not power of 2:
Next 2 power of 15 = 16
Value to be padded = 1
--------------------------------------------------

==================== Print (N)^2 padded matrix system =======================
Padded shape of A: (15, 15)x(15, 15) -> (16, 16)x(16, 16)
Padded shape of B: (15,) -> (16,)
Determinant of padded matrix: 1.9100359259450615e-05
Condition # of padded matrix: 62.77261454009205


Matrix is not Hermitian. Making it Hermitian.......

==================== Print Hermitian matrix system info =======================
Shape of hermitian A: 16x16 -> 32x32
Shape of           B: 16 -> 32
Determinant of Hermitian matrix: 3.6482372384008085e-10
Condition # of Hermitian matrix: 62.77261454009214

=================================== Generating HHL circuit ===================================
Time elapsed for generating HHL circuit: 2 min 16.74 sec

Generated circuit: num_qubits=13, gates=18, depth=5
============================== Generated Circuit saved ==============================

============================== Transpiling circuit ==============================
Time elapsed for transpiling the circuit:  0 min 24.47 sec
Transpiled circuit, num_qubits: 13, (original: 13)
Transpiled circuit depth: 343170 (original: 5)
Transpiled circuit gates: 343251 (original: 18)
============================== Transpiled Circuit saved ==============================
Time elapsed for running the circuit:  0 min 28.31 sec
total_qubits: 13, nq:5

Time elapsed for extracting shots-based hhl counts solution:  0 min 0.00 sec

[HHL info]: linear system residual (e=||Ax-b||_2): 1.1016019809769042
[HHL info]: Fidelity(true_sol, hhl_sol): 0.9579471989179421
[HHL info]: L2 error (absolute): 0.05160078312644983
[HHL info]: L2 error (relative): 0.7101381456282081
[HHL info]: L2 error (normalized): 0.20616609402727135

========================================================================================
 Compare system solutions using LU of A, LU sol of A_herm, HHL of Ax=b hermition system
LU sol 	    Herm LU sol    HHL sol    L1_diff(%)
-2.847e-03  -2.847e-03  -0.000e+00  1.000e+02
-1.074e-03  -1.074e-03  -0.000e+00  1.000e+02
-1.084e-02  -1.084e-02  -4.918e-03  5.462e+01
 9.108e-03   9.108e-03   2.199e-03  7.585e+01
 2.022e-02   2.022e-02   4.665e-03  7.692e+01
 6.502e-03   6.502e-03   0.000e+00  1.000e+02
 2.781e-02   2.781e-02   7.930e-03  7.149e+01
-2.096e-02  -2.096e-02  -4.115e-03  8.037e+01
 1.249e-02   1.249e-02   3.809e-03  6.951e+01
-2.719e-02  -2.719e-02  -7.776e-03  7.140e+01
-2.059e-02  -2.059e-02  -7.294e-03  6.458e+01
-1.025e-02  -1.025e-02  -2.694e-03  7.372e+01
-1.125e-02  -1.125e-02  -2.199e-03  8.045e+01
-4.294e-02  -4.294e-02  -1.417e-02  6.701e+01
-3.331e-03  -3.331e-03  -0.000e+00  1.000e+02
========================================================================================

step: 9/15 res:1.4546165370882331, res/res0:0.11754127137443109  dq_norm: [0.01153319 0.01710649 0.00677868]

A info: before HHL prepare:
Spectral radius (A): 2.441e+01, lambda_min:4.326213013550196
condition number(A): 5.643e+00, norm2_cond:64.15242223172143
det(A): 1.226e+16
--------------------------------------------------------------------------------

A_hhl info: after scaling by spectral radius:
Spectral radius (A): 1.000e+00, lambda_min:0.17721938789463013
condition number(A): 5.643e+00, norm2_cond:64.15242223172137
det(A): 1.881e-05, nnz: 11 non zeros per row
--------------------------------------------------------------------------------

Size of A & B are not power of 2:
Next 2 power of 15 = 16
Value to be padded = 1
--------------------------------------------------

==================== Print (N)^2 padded matrix system =======================
Padded shape of A: (15, 15)x(15, 15) -> (16, 16)x(16, 16)
Padded shape of B: (15,) -> (16,)
Determinant of padded matrix: 1.881169520150745e-05
Condition # of padded matrix: 64.15242223172137


Matrix is not Hermitian. Making it Hermitian.......

==================== Print Hermitian matrix system info =======================
Shape of hermitian A: 16x16 -> 32x32
Shape of           B: 16 -> 32
Determinant of Hermitian matrix: 3.538798763544171e-10
Condition # of Hermitian matrix: 64.15242223172146

=================================== Generating HHL circuit ===================================
Time elapsed for generating HHL circuit: 4 min 39.29 sec

Generated circuit: num_qubits=14, gates=19, depth=5
============================== Generated Circuit saved ==============================

============================== Transpiling circuit ==============================
Time elapsed for transpiling the circuit:  0 min 47.50 sec
Transpiled circuit, num_qubits: 14, (original: 14)
Transpiled circuit depth: 689027 (original: 5)
Transpiled circuit gates: 689127 (original: 19)
============================== Transpiled Circuit saved ==============================
Time elapsed for running the circuit:  1 min 7.39 sec
total_qubits: 14, nq:5

Time elapsed for extracting shots-based hhl counts solution:  0 min 0.00 sec

[HHL info]: linear system residual (e=||Ax-b||_2): 1.0846466174999665
[HHL info]: Fidelity(true_sol, hhl_sol): 0.9827249813074314
[HHL info]: L2 error (absolute): 0.05061227067980232
[HHL info]: L2 error (relative): 0.9844138361317534
[HHL info]: L2 error (normalized): 0.13172044912653352

========================================================================================
 Compare system solutions using LU of A, LU sol of A_herm, HHL of Ax=b hermition system
LU sol 	    Herm LU sol    HHL sol    L1_diff(%)
-2.762e-03  -2.762e-03  -9.039e-05  9.673e+01
-1.001e-03  -1.001e-03  -0.000e+00  1.000e+02
-5.601e-03  -5.601e-03  -1.107e-04  9.802e+01
 7.286e-03   7.286e-03   9.039e-05  9.876e+01
 1.555e-02   1.555e-02   2.712e-04  9.826e+01
 7.016e-03   7.016e-03   1.278e-04  9.818e+01
 2.073e-02   2.073e-02   3.131e-04  9.849e+01
-1.690e-02  -1.690e-02  -2.557e-04  9.849e+01
 1.027e-02   1.027e-02   1.691e-04  9.835e+01
-1.844e-02  -1.844e-02  -2.998e-04  9.837e+01
-1.296e-02  -1.296e-02  -1.278e-04  9.901e+01
-6.500e-03  -6.500e-03  -9.039e-05  9.861e+01
-8.107e-03  -8.107e-03  -1.429e-04  9.824e+01
-2.867e-02  -2.867e-02  -4.564e-04  9.841e+01
-8.319e-04  -8.319e-04  -0.000e+00  1.000e+02
========================================================================================

step: 10/15 res:1.1030165848730789, res/res0:0.0891299998504008  dq_norm: [0.00047401 0.00060297 0.00025566]

A info: before HHL prepare:
Spectral radius (A): 2.441e+01, lambda_min:4.32358687282279
condition number(A): 5.645e+00, norm2_cond:64.19904962239512
det(A): 1.223e+16
--------------------------------------------------------------------------------

A_hhl info: after scaling by spectral radius:
Spectral radius (A): 1.000e+00, lambda_min:0.17714821465004935
condition number(A): 5.645e+00, norm2_cond:64.19904962239528
det(A): 1.882e-05, nnz: 11 non zeros per row
--------------------------------------------------------------------------------

Size of A & B are not power of 2:
Next 2 power of 15 = 16
Value to be padded = 1
--------------------------------------------------

==================== Print (N)^2 padded matrix system =======================
Padded shape of A: (15, 15)x(15, 15) -> (16, 16)x(16, 16)
Padded shape of B: (15,) -> (16,)
Determinant of padded matrix: 1.88226240119834e-05
Condition # of padded matrix: 64.19904962239528


Matrix is not Hermitian. Making it Hermitian.......

==================== Print Hermitian matrix system info =======================
Shape of hermitian A: 16x16 -> 32x32
Shape of           B: 16 -> 32
Determinant of Hermitian matrix: 3.5429117469649527e-10
Condition # of Hermitian matrix: 64.19904962239521

=================================== Generating HHL circuit ===================================
Time elapsed for generating HHL circuit: 4 min 40.20 sec

Generated circuit: num_qubits=14, gates=19, depth=5
============================== Generated Circuit saved ==============================

============================== Transpiling circuit ==============================
Time elapsed for transpiling the circuit:  0 min 47.51 sec
Transpiled circuit, num_qubits: 14, (original: 14)
Transpiled circuit depth: 689027 (original: 5)
Transpiled circuit gates: 689127 (original: 19)
============================== Transpiled Circuit saved ==============================
Time elapsed for running the circuit:  1 min 7.31 sec
total_qubits: 14, nq:5

Time elapsed for extracting shots-based hhl counts solution:  0 min 0.00 sec

[HHL info]: linear system residual (e=||Ax-b||_2): 0.8221277253137947
[HHL info]: Fidelity(true_sol, hhl_sol): 0.9867235398457316
[HHL info]: L2 error (absolute): 0.039111769864771766
[HHL info]: L2 error (relative): 0.7726148881881257
[HHL info]: L2 error (normalized): 0.11541586209783328

========================================================================================
 Compare system solutions using LU of A, LU sol of A_herm, HHL of Ax=b hermition system
LU sol 	    Herm LU sol    HHL sol    L1_diff(%)
-2.667e-03  -2.667e-03  -8.777e-04  6.709e+01
-9.983e-04  -9.983e-04  -0.000e+00  1.000e+02
-5.477e-03  -5.477e-03  -1.520e-03  7.225e+01
 7.213e-03   7.213e-03   1.520e-03  7.892e+01
 1.528e-02   1.528e-02   3.619e-03  7.632e+01
 6.917e-03   6.917e-03   1.755e-03  7.462e+01
 2.045e-02   2.045e-02   5.042e-03  7.534e+01
-1.665e-02  -1.665e-02  -3.724e-03  7.763e+01
 1.017e-02   1.017e-02   2.322e-03  7.717e+01
-1.811e-02  -1.811e-02  -4.727e-03  7.389e+01
-1.283e-02  -1.283e-02  -2.776e-03  7.836e+01
-6.375e-03  -6.375e-03  -1.241e-03  8.053e+01
-7.941e-03  -7.941e-03  -2.322e-03  7.076e+01
-2.821e-02  -2.821e-02  -5.620e-03  8.008e+01
-7.733e-04  -7.733e-04  -0.000e+00  1.000e+02
========================================================================================

step: 11/15 res:1.0846477028685373, res/res0:0.08764568993813851  dq_norm: [0.00749918 0.00813957 0.00351085]

A info: before HHL prepare:
Spectral radius (A): 2.433e+01, lambda_min:4.291156784572021
condition number(A): 5.670e+00, norm2_cond:64.77496233853657
det(A): 1.186e+16
--------------------------------------------------------------------------------

A_hhl info: after scaling by spectral radius:
Spectral radius (A): 1.000e+00, lambda_min:0.17635270458723404
condition number(A): 5.670e+00, norm2_cond:64.77496233853661
det(A): 1.910e-05, nnz: 11 non zeros per row
--------------------------------------------------------------------------------

Size of A & B are not power of 2:
Next 2 power of 15 = 16
Value to be padded = 1
--------------------------------------------------

==================== Print (N)^2 padded matrix system =======================
Padded shape of A: (15, 15)x(15, 15) -> (16, 16)x(16, 16)
Padded shape of B: (15,) -> (16,)
Determinant of padded matrix: 1.9100271468138862e-05
Condition # of padded matrix: 64.77496233853661


Matrix is not Hermitian. Making it Hermitian.......

==================== Print Hermitian matrix system info =======================
Shape of hermitian A: 16x16 -> 32x32
Shape of           B: 16 -> 32
Determinant of Hermitian matrix: 3.648203701565995e-10
Condition # of Hermitian matrix: 64.77496233853658

=================================== Generating HHL circuit ===================================
Time elapsed for generating HHL circuit: 4 min 41.05 sec

Generated circuit: num_qubits=14, gates=19, depth=5
============================== Generated Circuit saved ==============================

============================== Transpiling circuit ==============================
Time elapsed for transpiling the circuit:  0 min 47.91 sec
Transpiled circuit, num_qubits: 14, (original: 14)
Transpiled circuit depth: 689027 (original: 5)
Transpiled circuit gates: 689127 (original: 19)
============================== Transpiled Circuit saved ==============================
Time elapsed for running the circuit:  1 min 7.31 sec
total_qubits: 14, nq:5

Time elapsed for extracting shots-based hhl counts solution:  0 min 0.00 sec

[HHL info]: linear system residual (e=||Ax-b||_2): 0.6896072872586155
[HHL info]: Fidelity(true_sol, hhl_sol): 0.985571650185867
[HHL info]: L2 error (absolute): 0.03281133033510311
[HHL info]: L2 error (relative): 0.8343915407940476
[HHL info]: L2 error (normalized): 0.12033608357794523

========================================================================================
 Compare system solutions using LU of A, LU sol of A_herm, HHL of Ax=b hermition system
LU sol 	    Herm LU sol    HHL sol    L1_diff(%)
-1.731e-03  -1.731e-03  -0.000e+00  1.000e+02
-9.553e-04  -9.553e-04  -0.000e+00  1.000e+02
-3.778e-03  -3.778e-03  -6.831e-04  8.192e+01
 5.938e-03   5.938e-03   4.830e-04  9.187e+01
 1.170e-02   1.170e-02   1.871e-03  8.401e+01
 5.569e-03   5.569e-03   9.660e-04  8.265e+01
 1.589e-02   1.589e-02   2.556e-03  8.392e+01
-1.292e-02  -1.292e-02  -2.105e-03  8.370e+01
 8.809e-03   8.809e-03   1.366e-03  8.449e+01
-1.295e-02  -1.295e-02  -2.213e-03  8.291e+01
-9.985e-03  -9.985e-03  -2.049e-03  7.948e+01
-4.737e-03  -4.737e-03  -6.831e-04  8.558e+01
-5.376e-03  -5.376e-03  -6.831e-04  8.729e+01
-2.256e-02  -2.256e-02  -3.894e-03  8.274e+01
-1.874e-04  -1.874e-04  -0.000e+00  1.000e+02
========================================================================================

step: 12/15 res:0.8224395018676144, res/res0:0.06645777922447021  dq_norm: [0.0034829  0.00522435 0.00193196]

A info: before HHL prepare:
Spectral radius (A): 2.429e+01, lambda_min:4.2602371215788875
condition number(A): 5.701e+00, norm2_cond:65.20476199618362
det(A): 1.151e+16
--------------------------------------------------------------------------------

A_hhl info: after scaling by spectral radius:
Spectral radius (A): 1.000e+00, lambda_min:0.17539491927448678
condition number(A): 5.701e+00, norm2_cond:65.20476199618358
det(A): 1.905e-05, nnz: 11 non zeros per row
--------------------------------------------------------------------------------

Size of A & B are not power of 2:
Next 2 power of 15 = 16
Value to be padded = 1
--------------------------------------------------

==================== Print (N)^2 padded matrix system =======================
Padded shape of A: (15, 15)x(15, 15) -> (16, 16)x(16, 16)
Padded shape of B: (15,) -> (16,)
Determinant of padded matrix: 1.9046736497744942e-05
Condition # of padded matrix: 65.20476199618358


Matrix is not Hermitian. Making it Hermitian.......

==================== Print Hermitian matrix system info =======================
Shape of hermitian A: 16x16 -> 32x32
Shape of           B: 16 -> 32
Determinant of Hermitian matrix: 3.627781712145305e-10
Condition # of Hermitian matrix: 65.2047619961835

=================================== Generating HHL circuit ===================================
Time elapsed for generating HHL circuit: 4 min 41.69 sec

Generated circuit: num_qubits=14, gates=19, depth=5
============================== Generated Circuit saved ==============================

============================== Transpiling circuit ==============================
Time elapsed for transpiling the circuit:  0 min 47.98 sec
Transpiled circuit, num_qubits: 14, (original: 14)
Transpiled circuit depth: 689027 (original: 5)
Transpiled circuit gates: 689127 (original: 19)
============================== Transpiled Circuit saved ==============================
Time elapsed for running the circuit:  1 min 7.33 sec
total_qubits: 14, nq:5

Time elapsed for extracting shots-based hhl counts solution:  0 min 0.00 sec

[HHL info]: linear system residual (e=||Ax-b||_2): 0.6492319133339927
[HHL info]: Fidelity(true_sol, hhl_sol): 0.9902541587836329
[HHL info]: L2 error (absolute): 0.030889315534423943
[HHL info]: L2 error (relative): 0.9389927288784581
[HHL info]: L2 error (normalized): 0.09884180790784852

========================================================================================
 Compare system solutions using LU of A, LU sol of A_herm, HHL of Ax=b hermition system
LU sol 	    Herm LU sol    HHL sol    L1_diff(%)
-1.709e-03  -1.709e-03  -2.132e-04  8.752e+01
-9.405e-04  -9.405e-04  -0.000e+00  1.000e+02
-3.028e-03  -3.028e-03  -3.016e-04  9.004e+01
 5.559e-03   5.559e-03   3.016e-04  9.458e+01
 9.848e-03   9.848e-03   5.840e-04  9.407e+01
 4.793e-03   4.793e-03   3.016e-04  9.371e+01
 1.354e-02   1.354e-02   7.835e-04  9.421e+01
-1.083e-02  -1.083e-02  -6.397e-04  9.409e+01
 7.837e-03   7.837e-03   4.524e-04  9.423e+01
-1.055e-02  -1.055e-02  -6.743e-04  9.361e+01
-7.878e-03  -7.878e-03  -5.437e-04  9.310e+01
-3.823e-03  -3.823e-03  -2.132e-04  9.442e+01
-4.527e-03  -4.527e-03  -3.016e-04  9.334e+01
-1.865e-02  -1.865e-02  -1.138e-03  9.390e+01
 2.519e-04   2.519e-04   0.000e+00  1.000e+02
========================================================================================

step: 13/15 res:0.6897777887616123, res/res0:0.05573795992941179  dq_norm: [0.00113842 0.00153033 0.00065727]

A info: before HHL prepare:
Spectral radius (A): 2.428e+01, lambda_min:4.251781315140048
condition number(A): 5.710e+00, norm2_cond:65.32883590999263
det(A): 1.142e+16
--------------------------------------------------------------------------------

A_hhl info: after scaling by spectral radius:
Spectral radius (A): 1.000e+00, lambda_min:0.17513780304177254
condition number(A): 5.710e+00, norm2_cond:65.32883590999272
det(A): 1.905e-05, nnz: 11 non zeros per row
--------------------------------------------------------------------------------

Size of A & B are not power of 2:
Next 2 power of 15 = 16
Value to be padded = 1
--------------------------------------------------

==================== Print (N)^2 padded matrix system =======================
Padded shape of A: (15, 15)x(15, 15) -> (16, 16)x(16, 16)
Padded shape of B: (15,) -> (16,)
Determinant of padded matrix: 1.904595327258882e-05
Condition # of padded matrix: 65.32883590999272


Matrix is not Hermitian. Making it Hermitian.......

==================== Print Hermitian matrix system info =======================
Shape of hermitian A: 16x16 -> 32x32
Shape of           B: 16 -> 32
Determinant of Hermitian matrix: 3.627483360616368e-10
Condition # of Hermitian matrix: 65.3288359099929

=================================== Generating HHL circuit ===================================
Time elapsed for generating HHL circuit: 4 min 38.76 sec

Generated circuit: num_qubits=14, gates=19, depth=5
============================== Generated Circuit saved ==============================

============================== Transpiling circuit ==============================
Time elapsed for transpiling the circuit:  0 min 48.24 sec
Transpiled circuit, num_qubits: 14, (original: 14)
Transpiled circuit depth: 689027 (original: 5)
Transpiled circuit gates: 689127 (original: 19)
============================== Transpiled Circuit saved ==============================
Time elapsed for running the circuit:  1 min 7.13 sec
total_qubits: 14, nq:5

Time elapsed for extracting shots-based hhl counts solution:  0 min 0.00 sec

[HHL info]: linear system residual (e=||Ax-b||_2): 0.5794982683909666
[HHL info]: Fidelity(true_sol, hhl_sol): 0.9804163687756378
[HHL info]: L2 error (absolute): 0.02773300601399094
[HHL info]: L2 error (relative): 0.8969706359240268
[HHL info]: L2 error (normalized): 0.14028706770131283

========================================================================================
 Compare system solutions using LU of A, LU sol of A_herm, HHL of Ax=b hermition system
LU sol 	    Herm LU sol    HHL sol    L1_diff(%)
-1.488e-03  -1.488e-03  -2.485e-04  8.330e+01
-9.345e-04  -9.345e-04  -0.000e+00  1.000e+02
-2.704e-03  -2.704e-03  -2.485e-04  9.081e+01
 5.288e-03   5.288e-03   6.087e-04  8.849e+01
 9.270e-03   9.270e-03   1.111e-03  8.801e+01
 4.542e-03   4.542e-03   4.970e-04  8.906e+01
 1.281e-02   1.281e-02   1.217e-03  9.049e+01
-1.019e-02  -1.019e-02  -1.192e-03  8.830e+01
 7.494e-03   7.494e-03   4.970e-04  9.337e+01
-9.831e-03  -9.831e-03  -8.960e-04  9.089e+01
-7.321e-03  -7.321e-03  -7.858e-04  8.927e+01
-3.552e-03  -3.552e-03  -2.485e-04  9.300e+01
-4.187e-03  -4.187e-03  -5.557e-04  8.673e+01
-1.751e-02  -1.751e-02  -1.860e-03  8.938e+01
 3.556e-04   3.556e-04   0.000e+00  1.000e+02
========================================================================================

step: 14/15 res:0.6492445327221663, res/res0:0.05246264280881945  dq_norm: [0.00173947 0.00259437 0.00078581]
Completed: 14 steps in 4788.29s
Saved metadata to /lustre/orion/ard189/proj-shared/nozzle_1d_results/nelem5/statevector/shots_100000/trial_4/metadata_nelem5_HHL_statevector_nshots100000.pkl

Solution summary:
  x/L: [0.1000, 0.9000]
  Mach: [1.5194, 2.2239]
  p/p_in: [0.9810, 0.3514]
  rho/rho_in: [0.9887, 0.4871]
Saved combined plot to /lustre/orion/ard189/proj-shared/nozzle_1d_results/nelem5/statevector/shots_100000/trial_4/solution_plot_nelem5_HHL_statevector_nshots100000.png
