
------------------------------------------------------------
Using ideal local simulator with 'statevector' method
Backend: aer_simulator_statevector
Shots: 10000
------------------------------------------------------------

A info: before HHL prepare:
Spectral radius (A): 2.241e+01, lambda_min:2.3074021727489433
condition number(A): 9.710e+00, norm2_cond:95.97789014324577
det(A): 9.333e+14
--------------------------------------------------------------------------------

A_hhl info: after scaling by spectral radius:
Spectral radius (A): 1.000e+00, lambda_min:0.1029832130561069
condition number(A): 9.710e+00, norm2_cond:95.9778901432457
det(A): 5.184e-06, nnz: 10 non zeros per row
--------------------------------------------------------------------------------

Size of A & B are not power of 2:
Next 2 power of 15 = 16
Value to be padded = 1
--------------------------------------------------

==================== Print (N)^2 padded matrix system =======================
Padded shape of A: (15, 15)x(15, 15) -> (16, 16)x(16, 16)
Padded shape of B: (15,) -> (16,)
Determinant of padded matrix: 5.183984510966138e-06
Condition # of padded matrix: 95.9778901432457


Matrix is not Hermitian. Making it Hermitian.......

==================== Print Hermitian matrix system info =======================
Shape of hermitian A: 16x16 -> 32x32
Shape of           B: 16 -> 32
Determinant of Hermitian matrix: 2.6873695409936828e-11
Condition # of Hermitian matrix: 95.9778901432459

=================================== Generating HHL circuit ===================================
Time elapsed for generating HHL circuit: 0 min 7.27 sec

Generated circuit: num_qubits=14, gates=19, depth=5
============================== Generated Circuit saved ==============================

============================== Transpiling circuit ==============================
This is using the AerSimulator('aer_simulator_statevector') transpiler.
Time elapsed for transpiling the circuit:  0 min 1.72 sec
Transpiled circuit, num_qubits: 14, (original: 14)
Transpiled circuit depth: 22395 (original: 5)
Transpiled circuit gates: 22499 (original: 19)
============================== Transpiled Circuit saved ==============================
Time elapsed for running the circuit:  0 min 1.99 sec
total_qubits: 14, nq:5

Time elapsed for extracting shots-based hhl counts solution:  0 min 0.00 sec

[HHL info]: linear system residual (e=||Ax-b||_2): 5.564094870417573
[HHL info]: Fidelity(true_sol, hhl_sol): 0.9847304782386478
[HHL info]: L2 error (absolute): 0.4512335162962807
[HHL info]: L2 error (relative): 0.1668402710100129
[HHL info]: L2 error (normalized): 0.12380735299257924

========================================================================================
 Compare system solutions using LU of A, LU sol of A_herm, HHL of Ax=b hermition system
LU sol 	    Herm LU sol    HHL sol    L1_diff(%)
-1.705e-02  -1.705e-02  -0.000e+00  1.000e+02
-7.527e-03  -7.527e-03  -0.000e+00  1.000e+02
-3.946e-02  -3.946e-02  -0.000e+00  1.000e+02
-1.283e-01  -1.283e-01  -0.000e+00  1.000e+02
-6.877e-02  -6.877e-02  -0.000e+00  1.000e+02
-2.800e-01  -2.800e-01  -2.653e-01  5.241e+00
-4.114e-01  -4.114e-01  -4.596e-01  1.170e+01
-4.227e-01  -4.227e-01  -4.195e-01  7.540e-01
-1.109e+00  -1.109e+00  -1.061e+00  4.334e+00
-5.252e-01  -5.252e-01  -4.596e-01  1.249e+01
-5.558e-01  -5.558e-01  -4.964e-01  1.068e+01
-1.428e+00  -1.428e+00  -1.126e+00  2.115e+01
-5.637e-01  -5.637e-01  -3.752e-01  3.344e+01
-5.958e-01  -5.958e-01  -4.195e-01  2.958e+01
-1.529e+00  -1.529e+00  -1.429e+00  6.563e+00
========================================================================================

step: 0/15 res:12.375368413827264, res/res0:1.0  dq_norm: [0.75049386 0.77359136 2.12271718]

A info: before HHL prepare:
Spectral radius (A): 2.542e+01, lambda_min:4.320383193190401
condition number(A): 5.883e+00, norm2_cond:67.31385072837818
det(A): 9.863e+15
--------------------------------------------------------------------------------

A_hhl info: after scaling by spectral radius:
Spectral radius (A): 1.000e+00, lambda_min:0.16999201353148924
condition number(A): 5.883e+00, norm2_cond:67.31385072837831
det(A): 8.272e-06, nnz: 11 non zeros per row
--------------------------------------------------------------------------------

Size of A & B are not power of 2:
Next 2 power of 15 = 16
Value to be padded = 1
--------------------------------------------------

==================== Print (N)^2 padded matrix system =======================
Padded shape of A: (15, 15)x(15, 15) -> (16, 16)x(16, 16)
Padded shape of B: (15,) -> (16,)
Determinant of padded matrix: 8.272183998226011e-06
Condition # of padded matrix: 67.31385072837831


Matrix is not Hermitian. Making it Hermitian.......

==================== Print Hermitian matrix system info =======================
Shape of hermitian A: 16x16 -> 32x32
Shape of           B: 16 -> 32
Determinant of Hermitian matrix: 6.842902810050622e-11
Condition # of Hermitian matrix: 67.31385072837843

=================================== Generating HHL circuit ===================================
Time elapsed for generating HHL circuit: 0 min 8.68 sec

Generated circuit: num_qubits=14, gates=19, depth=5
============================== Generated Circuit saved ==============================

============================== Transpiling circuit ==============================
This is using the AerSimulator('aer_simulator_statevector') transpiler.
Time elapsed for transpiling the circuit:  0 min 1.58 sec
Transpiled circuit, num_qubits: 14, (original: 14)
Transpiled circuit depth: 22383 (original: 5)
Transpiled circuit gates: 22487 (original: 19)
============================== Transpiled Circuit saved ==============================
Time elapsed for running the circuit:  0 min 2.02 sec
total_qubits: 14, nq:5

Time elapsed for extracting shots-based hhl counts solution:  0 min 0.00 sec

[HHL info]: linear system residual (e=||Ax-b||_2): 5.286099053267935
[HHL info]: Fidelity(true_sol, hhl_sol): 0.8424582860461903
[HHL info]: L2 error (absolute): 0.3154450232879669
[HHL info]: L2 error (relative): 0.88937459512431
[HHL info]: L2 error (normalized): 0.4053263766041903

========================================================================================
 Compare system solutions using LU of A, LU sol of A_herm, HHL of Ax=b hermition system
LU sol 	    Herm LU sol    HHL sol    L1_diff(%)
-1.225e-02  -1.225e-02  -0.000e+00  1.000e+02
-1.745e-03  -1.745e-03  -0.000e+00  1.000e+02
-2.248e-02  -2.248e-02  -0.000e+00  1.000e+02
-1.277e-01  -1.277e-01  -1.006e-02  9.212e+01
-8.090e-02  -8.090e-02  -0.000e+00  1.000e+02
-7.126e-03  -7.126e-03  -0.000e+00  1.000e+02
 6.190e-02   6.190e-02   1.742e-02  7.186e+01
-3.934e-03  -3.934e-03  -0.000e+00  1.000e+02
 1.423e-02   1.423e-02   0.000e+00  1.000e+02
-2.493e-02  -2.493e-02  -0.000e+00  1.000e+02
-5.838e-02  -5.838e-02  -1.006e-02  8.277e+01
-2.047e-01  -2.047e-01  -2.754e-02  8.655e+01
-1.372e-01  -1.372e-01  -1.232e-02  9.102e+01
-1.763e-01  -1.763e-01  -1.882e-02  8.933e+01
 4.840e-02   4.840e-02   1.006e-02  7.922e+01
========================================================================================

step: 1/15 res:6.389557423382395, res/res0:0.5163125015529401  dq_norm: [0.02358633 0.02133464 0.02932166]

A info: before HHL prepare:
Spectral radius (A): 2.493e+01, lambda_min:4.232844593335105
condition number(A): 5.890e+00, norm2_cond:66.06996436186598
det(A): 8.888e+15
--------------------------------------------------------------------------------

A_hhl info: after scaling by spectral radius:
Spectral radius (A): 1.000e+00, lambda_min:0.16977756753429626
condition number(A): 5.890e+00, norm2_cond:66.06996436186611
det(A): 9.943e-06, nnz: 13 non zeros per row
--------------------------------------------------------------------------------

Size of A & B are not power of 2:
Next 2 power of 15 = 16
Value to be padded = 1
--------------------------------------------------

==================== Print (N)^2 padded matrix system =======================
Padded shape of A: (15, 15)x(15, 15) -> (16, 16)x(16, 16)
Padded shape of B: (15,) -> (16,)
Determinant of padded matrix: 9.942994279801759e-06
Condition # of padded matrix: 66.06996436186611


Matrix is not Hermitian. Making it Hermitian.......

==================== Print Hermitian matrix system info =======================
Shape of hermitian A: 16x16 -> 32x32
Shape of           B: 16 -> 32
Determinant of Hermitian matrix: 9.886313524817048e-11
Condition # of Hermitian matrix: 66.06996436186601

=================================== Generating HHL circuit ===================================
Time elapsed for generating HHL circuit: 0 min 8.67 sec

Generated circuit: num_qubits=14, gates=19, depth=5
============================== Generated Circuit saved ==============================

============================== Transpiling circuit ==============================
This is using the AerSimulator('aer_simulator_statevector') transpiler.
Time elapsed for transpiling the circuit:  0 min 1.65 sec
Transpiled circuit, num_qubits: 14, (original: 14)
Transpiled circuit depth: 22391 (original: 5)
Transpiled circuit gates: 22495 (original: 19)
============================== Transpiled Circuit saved ==============================
Time elapsed for running the circuit:  0 min 2.00 sec
total_qubits: 14, nq:5

Time elapsed for extracting shots-based hhl counts solution:  0 min 0.00 sec

[HHL info]: linear system residual (e=||Ax-b||_2): 3.8199015648246846
[HHL info]: Fidelity(true_sol, hhl_sol): 0.8115346496594055
[HHL info]: L2 error (absolute): 0.14434584180335805
[HHL info]: L2 error (relative): 0.46104424306397085
[HHL info]: L2 error (normalized): 0.4453039867461628

========================================================================================
 Compare system solutions using LU of A, LU sol of A_herm, HHL of Ax=b hermition system
LU sol 	    Herm LU sol    HHL sol    L1_diff(%)
-1.230e-02  -1.230e-02  -0.000e+00  1.000e+02
-2.589e-03  -2.589e-03  -0.000e+00  1.000e+02
-2.403e-02  -2.403e-02  -0.000e+00  1.000e+02
-1.135e-01  -1.135e-01  -1.139e-01  3.529e-01
-7.772e-02  -7.772e-02  -0.000e+00  1.000e+02
 1.257e-03   1.257e-03   0.000e+00  1.000e+02
 5.046e-02   5.046e-02   0.000e+00  1.000e+02
-3.374e-03  -3.374e-03  -0.000e+00  1.000e+02
 1.859e-02   1.859e-02   0.000e+00  1.000e+02
-2.419e-02  -2.419e-02  -5.094e-02  1.106e+02
-4.779e-02  -4.779e-02  -0.000e+00  1.000e+02
-1.755e-01  -1.755e-01  -1.019e-01  4.196e+01
-1.261e-01  -1.261e-01  -8.823e-02  3.005e+01
-1.573e-01  -1.573e-01  -1.441e-01  8.409e+00
 3.348e-02   3.348e-02   0.000e+00  1.000e+02
========================================================================================

step: 2/15 res:5.297220838801019, res/res0:0.42804550633679084  dq_norm: [0.15282413 0.14408397 0.10188275]

A info: before HHL prepare:
Spectral radius (A): 2.489e+01, lambda_min:4.4154098739005745
condition number(A): 5.637e+00, norm2_cond:76.45026903290098
det(A): 1.359e+16
--------------------------------------------------------------------------------

A_hhl info: after scaling by spectral radius:
Spectral radius (A): 1.000e+00, lambda_min:0.177391888844226
condition number(A): 5.637e+00, norm2_cond:76.45026903290109
det(A): 1.558e-05, nnz: 11 non zeros per row
--------------------------------------------------------------------------------

Size of A & B are not power of 2:
Next 2 power of 15 = 16
Value to be padded = 1
--------------------------------------------------

==================== Print (N)^2 padded matrix system =======================
Padded shape of A: (15, 15)x(15, 15) -> (16, 16)x(16, 16)
Padded shape of B: (15,) -> (16,)
Determinant of padded matrix: 1.5579904938900783e-05
Condition # of padded matrix: 76.45026903290109


Matrix is not Hermitian. Making it Hermitian.......

==================== Print Hermitian matrix system info =======================
Shape of hermitian A: 16x16 -> 32x32
Shape of           B: 16 -> 32
Determinant of Hermitian matrix: 2.4273343790518585e-10
Condition # of Hermitian matrix: 76.45026903290116

=================================== Generating HHL circuit ===================================
Time elapsed for generating HHL circuit: 0 min 8.79 sec

Generated circuit: num_qubits=14, gates=19, depth=5
============================== Generated Circuit saved ==============================

============================== Transpiling circuit ==============================
This is using the AerSimulator('aer_simulator_statevector') transpiler.
Time elapsed for transpiling the circuit:  0 min 1.65 sec
Transpiled circuit, num_qubits: 14, (original: 14)
Transpiled circuit depth: 22397 (original: 5)
Transpiled circuit gates: 22501 (original: 19)
============================== Transpiled Circuit saved ==============================
Time elapsed for running the circuit:  0 min 1.99 sec
total_qubits: 14, nq:5

Time elapsed for extracting shots-based hhl counts solution:  0 min 0.00 sec

[HHL info]: linear system residual (e=||Ax-b||_2): 2.044901688985226
[HHL info]: Fidelity(true_sol, hhl_sol): 0.7627586986415937
[HHL info]: L2 error (absolute): 0.07083843104078115
[HHL info]: L2 error (relative): 0.4871141655294679
[HHL info]: L2 error (normalized): 0.5032681637502203

========================================================================================
 Compare system solutions using LU of A, LU sol of A_herm, HHL of Ax=b hermition system
LU sol 	    Herm LU sol    HHL sol    L1_diff(%)
-1.491e-02  -1.491e-02  -0.000e+00  1.000e+02
-5.482e-03  -5.482e-03  -0.000e+00  1.000e+02
-3.456e-02  -3.456e-02  -3.640e-02  5.316e+00
 3.877e-03   3.877e-03   0.000e+00  1.000e+02
-7.094e-02  -7.094e-02  -7.280e-02  2.633e+00
-9.369e-04  -9.369e-04  -0.000e+00  1.000e+02
 5.578e-02   5.578e-02   0.000e+00  1.000e+02
 1.310e-03   1.310e-03   0.000e+00  1.000e+02
 2.500e-02   2.500e-02   0.000e+00  1.000e+02
 2.419e-02   2.419e-02   0.000e+00  1.000e+02
-5.016e-02  -5.016e-02  -5.148e-02  2.631e+00
-7.456e-02  -7.456e-02  -6.305e-02  1.544e+01
-4.487e-02  -4.487e-02  -5.148e-02  1.474e+01
-1.387e-02  -1.387e-02  -0.000e+00  1.000e+02
 7.033e-03   7.033e-03   0.000e+00  1.000e+02
========================================================================================

step: 3/15 res:3.887466899419857, res/res0:0.3141293874593913  dq_norm: [0.05148055 0.08916693 0.07280449]

A info: before HHL prepare:
Spectral radius (A): 2.516e+01, lambda_min:4.647178637346177
condition number(A): 5.413e+00, norm2_cond:68.44258124884784
det(A): 1.913e+16
--------------------------------------------------------------------------------

A_hhl info: after scaling by spectral radius:
Spectral radius (A): 1.000e+00, lambda_min:0.1847348467260108
condition number(A): 5.413e+00, norm2_cond:68.44258124884782
det(A): 1.871e-05, nnz: 11 non zeros per row
--------------------------------------------------------------------------------

Size of A & B are not power of 2:
Next 2 power of 15 = 16
Value to be padded = 1
--------------------------------------------------

==================== Print (N)^2 padded matrix system =======================
Padded shape of A: (15, 15)x(15, 15) -> (16, 16)x(16, 16)
Padded shape of B: (15,) -> (16,)
Determinant of padded matrix: 1.8706665702928654e-05
Condition # of padded matrix: 68.44258124884782


Matrix is not Hermitian. Making it Hermitian.......

==================== Print Hermitian matrix system info =======================
Shape of hermitian A: 16x16 -> 32x32
Shape of           B: 16 -> 32
Determinant of Hermitian matrix: 3.499393417211284e-10
Condition # of Hermitian matrix: 68.44258124884792

=================================== Generating HHL circuit ===================================
Time elapsed for generating HHL circuit: 0 min 8.72 sec

Generated circuit: num_qubits=14, gates=19, depth=5
============================== Generated Circuit saved ==============================

============================== Transpiling circuit ==============================
This is using the AerSimulator('aer_simulator_statevector') transpiler.
Time elapsed for transpiling the circuit:  0 min 1.90 sec
Transpiled circuit, num_qubits: 14, (original: 14)
Transpiled circuit depth: 22397 (original: 5)
Transpiled circuit gates: 22501 (original: 19)
============================== Transpiled Circuit saved ==============================
Time elapsed for running the circuit:  0 min 2.00 sec
total_qubits: 14, nq:5

Time elapsed for extracting shots-based hhl counts solution:  0 min 0.00 sec

[HHL info]: linear system residual (e=||Ax-b||_2): 0.9131238289049599
[HHL info]: Fidelity(true_sol, hhl_sol): 0.655800198949984
[HHL info]: L2 error (absolute): 0.0413809204126252
[HHL info]: L2 error (relative): 0.5906570232826985
[HHL info]: L2 error (normalized): 0.6167415723334537

========================================================================================
 Compare system solutions using LU of A, LU sol of A_herm, HHL of Ax=b hermition system
LU sol 	    Herm LU sol    HHL sol    L1_diff(%)
-1.311e-02  -1.311e-02  -0.000e+00  1.000e+02
-4.811e-03  -4.811e-03  -0.000e+00  1.000e+02
 6.576e-03   6.576e-03   0.000e+00  1.000e+02
 6.000e-03   6.000e-03   0.000e+00  1.000e+02
-1.978e-04  -1.978e-04  -0.000e+00  1.000e+02
 7.012e-03   7.012e-03   0.000e+00  1.000e+02
 5.557e-02   5.557e-02   4.024e-02  2.760e+01
-6.600e-04  -6.600e-04  -0.000e+00  1.000e+02
 2.224e-02   2.224e-02   2.323e-02  4.470e+00
 2.504e-02   2.504e-02   0.000e+00  1.000e+02
 2.887e-03   2.887e-03   0.000e+00  1.000e+02
-8.369e-03  -8.369e-03  -2.323e-02  1.776e+02
 9.899e-03   9.899e-03   0.000e+00  1.000e+02
-1.365e-02  -1.365e-02  -0.000e+00  1.000e+02
 3.453e-03   3.453e-03   0.000e+00  1.000e+02
========================================================================================

step: 4/15 res:2.0163127357879813, res/res0:0.16292951194366964  dq_norm: [0.04023584 0.         0.03285242]

A info: before HHL prepare:
Spectral radius (A): 2.455e+01, lambda_min:4.540936728095608
condition number(A): 5.407e+00, norm2_cond:66.85034382017038
det(A): 1.541e+16
--------------------------------------------------------------------------------

A_hhl info: after scaling by spectral radius:
Spectral radius (A): 1.000e+00, lambda_min:0.18495686521305496
condition number(A): 5.407e+00, norm2_cond:66.8503438201705
det(A): 2.171e-05, nnz: 11 non zeros per row
--------------------------------------------------------------------------------

Size of A & B are not power of 2:
Next 2 power of 15 = 16
Value to be padded = 1
--------------------------------------------------

==================== Print (N)^2 padded matrix system =======================
Padded shape of A: (15, 15)x(15, 15) -> (16, 16)x(16, 16)
Padded shape of B: (15,) -> (16,)
Determinant of padded matrix: 2.1712930593716945e-05
Condition # of padded matrix: 66.8503438201705


Matrix is not Hermitian. Making it Hermitian.......

==================== Print Hermitian matrix system info =======================
Shape of hermitian A: 16x16 -> 32x32
Shape of           B: 16 -> 32
Determinant of Hermitian matrix: 4.714513549675709e-10
Condition # of Hermitian matrix: 66.85034382017068

=================================== Generating HHL circuit ===================================
Time elapsed for generating HHL circuit: 0 min 8.45 sec

Generated circuit: num_qubits=14, gates=19, depth=5
============================== Generated Circuit saved ==============================

============================== Transpiling circuit ==============================
This is using the AerSimulator('aer_simulator_statevector') transpiler.
Time elapsed for transpiling the circuit:  0 min 1.66 sec
Transpiled circuit, num_qubits: 14, (original: 14)
Transpiled circuit depth: 22397 (original: 5)
Transpiled circuit gates: 22501 (original: 19)
============================== Transpiled Circuit saved ==============================
Time elapsed for running the circuit:  0 min 2.01 sec
total_qubits: 14, nq:5

Time elapsed for extracting shots-based hhl counts solution:  0 min 0.00 sec

[HHL info]: linear system residual (e=||Ax-b||_2): 0.38040854255851503
[HHL info]: Fidelity(true_sol, hhl_sol): 0.758884111239757
[HHL info]: L2 error (absolute): 0.030004133358897244
[HHL info]: L2 error (relative): 0.6364512228456496
[HHL info]: L2 error (normalized): 0.5076621957321567

========================================================================================
 Compare system solutions using LU of A, LU sol of A_herm, HHL of Ax=b hermition system
LU sol 	    Herm LU sol    HHL sol    L1_diff(%)
-1.267e-02  -1.267e-02  -1.380e-02  8.958e+00
-4.620e-03  -4.620e-03  -0.000e+00  1.000e+02
 7.403e-03   7.403e-03   1.380e-02  8.642e+01
 9.335e-03   9.335e-03   2.390e-02  1.561e+02
 1.703e-03   1.703e-03   1.380e-02  7.103e+02
 1.407e-02   1.407e-02   2.390e-02  6.991e+01
 2.051e-02   2.051e-02   2.760e-02  3.456e+01
-1.282e-03  -1.282e-03  -0.000e+00  1.000e+02
 3.704e-03   3.704e-03   1.380e-02  2.726e+02
 2.635e-02   2.635e-02   2.390e-02  9.266e+00
 3.629e-03   3.629e-03   0.000e+00  1.000e+02
 1.605e-02   1.605e-02   1.380e-02  1.403e+01
 1.029e-02   1.029e-02   1.380e-02  3.413e+01
-1.318e-02  -1.318e-02  -0.000e+00  1.000e+02
 4.166e-03   4.166e-03   0.000e+00  1.000e+02
========================================================================================

step: 5/15 res:0.9586212321518374, res/res0:0.07746203588418017  dq_norm: [0.04780774 0.01380091 0.03380518]

A info: before HHL prepare:
Spectral radius (A): 2.403e+01, lambda_min:4.1687263188168515
condition number(A): 5.764e+00, norm2_cond:65.97147405685412
det(A): 1.017e+16
--------------------------------------------------------------------------------

A_hhl info: after scaling by spectral radius:
Spectral radius (A): 1.000e+00, lambda_min:0.17349180479562265
condition number(A): 5.764e+00, norm2_cond:65.97147405685418
det(A): 1.979e-05, nnz: 11 non zeros per row
--------------------------------------------------------------------------------

Size of A & B are not power of 2:
Next 2 power of 15 = 16
Value to be padded = 1
--------------------------------------------------

==================== Print (N)^2 padded matrix system =======================
Padded shape of A: (15, 15)x(15, 15) -> (16, 16)x(16, 16)
Padded shape of B: (15,) -> (16,)
Determinant of padded matrix: 1.9786806956167174e-05
Condition # of padded matrix: 65.97147405685418


Matrix is not Hermitian. Making it Hermitian.......

==================== Print Hermitian matrix system info =======================
Shape of hermitian A: 16x16 -> 32x32
Shape of           B: 16 -> 32
Determinant of Hermitian matrix: 3.9151772952062286e-10
Condition # of Hermitian matrix: 65.97147405685438

=================================== Generating HHL circuit ===================================
Time elapsed for generating HHL circuit: 0 min 8.97 sec

Generated circuit: num_qubits=14, gates=19, depth=5
============================== Generated Circuit saved ==============================

============================== Transpiling circuit ==============================
This is using the AerSimulator('aer_simulator_statevector') transpiler.
Time elapsed for transpiling the circuit:  0 min 1.66 sec
Transpiled circuit, num_qubits: 14, (original: 14)
Transpiled circuit depth: 22397 (original: 5)
Transpiled circuit gates: 22501 (original: 19)
============================== Transpiled Circuit saved ==============================
Time elapsed for running the circuit:  0 min 1.99 sec
total_qubits: 14, nq:5

Time elapsed for extracting shots-based hhl counts solution:  0 min 0.00 sec

[HHL info]: linear system residual (e=||Ax-b||_2): 0.2515312181904618
[HHL info]: Fidelity(true_sol, hhl_sol): 0.8806915665235681
[HHL info]: L2 error (absolute): 0.015714367519176372
[HHL info]: L2 error (relative): 0.5438695950332588
[HHL info]: L2 error (normalized): 0.3508512910921647

========================================================================================
 Compare system solutions using LU of A, LU sol of A_herm, HHL of Ax=b hermition system
LU sol 	    Herm LU sol    HHL sol    L1_diff(%)
 1.246e-03   1.246e-03   0.000e+00  1.000e+02
-4.580e-03  -4.580e-03  -0.000e+00  1.000e+02
-6.255e-03  -6.255e-03  -2.368e-03  6.214e+01
-1.398e-02  -1.398e-02  -6.698e-03  5.210e+01
-1.170e-02  -1.170e-02  -4.736e-03  5.953e+01
-8.393e-03  -8.393e-03  -4.736e-03  4.357e+01
-6.009e-03  -6.009e-03  -2.368e-03  6.059e+01
-1.312e-03  -1.312e-03  -0.000e+00  1.000e+02
-9.184e-03  -9.184e-03  -4.736e-03  4.843e+01
 3.567e-03   3.567e-03   0.000e+00  1.000e+02
 3.611e-03   3.611e-03   2.368e-03  3.442e+01
 3.579e-03   3.579e-03   0.000e+00  1.000e+02
-2.871e-03  -2.871e-03  -0.000e+00  1.000e+02
-1.313e-02  -1.313e-02  -8.203e-03  3.750e+01
 5.383e-03   5.383e-03   5.295e-03  1.624e+00
========================================================================================

step: 6/15 res:0.36964840058411663, res/res0:0.02986968858002648  dq_norm: [0.00710422 0.00976381 0.00886052]

A info: before HHL prepare:
Spectral radius (A): 2.404e+01, lambda_min:4.119066017901055
condition number(A): 5.836e+00, norm2_cond:67.0672972279947
det(A): 9.844e+15
--------------------------------------------------------------------------------

A_hhl info: after scaling by spectral radius:
Spectral radius (A): 1.000e+00, lambda_min:0.1713541911786355
condition number(A): 5.836e+00, norm2_cond:67.0672972279949
det(A): 1.904e-05, nnz: 11 non zeros per row
--------------------------------------------------------------------------------

Size of A & B are not power of 2:
Next 2 power of 15 = 16
Value to be padded = 1
--------------------------------------------------

==================== Print (N)^2 padded matrix system =======================
Padded shape of A: (15, 15)x(15, 15) -> (16, 16)x(16, 16)
Padded shape of B: (15,) -> (16,)
Determinant of padded matrix: 1.9036859427455616e-05
Condition # of padded matrix: 67.0672972279949


Matrix is not Hermitian. Making it Hermitian.......

==================== Print Hermitian matrix system info =======================
Shape of hermitian A: 16x16 -> 32x32
Shape of           B: 16 -> 32
Determinant of Hermitian matrix: 3.624020168607058e-10
Condition # of Hermitian matrix: 67.06729722799481

=================================== Generating HHL circuit ===================================
Time elapsed for generating HHL circuit: 0 min 8.78 sec

Generated circuit: num_qubits=14, gates=19, depth=5
============================== Generated Circuit saved ==============================

============================== Transpiling circuit ==============================
This is using the AerSimulator('aer_simulator_statevector') transpiler.
Time elapsed for transpiling the circuit:  0 min 1.66 sec
Transpiled circuit, num_qubits: 14, (original: 14)
Transpiled circuit depth: 22395 (original: 5)
Transpiled circuit gates: 22499 (original: 19)
============================== Transpiled Circuit saved ==============================
Time elapsed for running the circuit:  0 min 2.01 sec
total_qubits: 14, nq:5

Time elapsed for extracting shots-based hhl counts solution:  0 min 0.00 sec

[HHL info]: linear system residual (e=||Ax-b||_2): 0.23908759654220993
[HHL info]: Fidelity(true_sol, hhl_sol): 0.681239147593162
[HHL info]: L2 error (absolute): 0.015064306380701805
[HHL info]: L2 error (relative): 0.9606146078267788
[HHL info]: L2 error (normalized): 0.5909786345773976

========================================================================================
 Compare system solutions using LU of A, LU sol of A_herm, HHL of Ax=b hermition system
LU sol 	    Herm LU sol    HHL sol    L1_diff(%)
 1.264e-03   1.264e-03   1.734e-04  8.629e+01
-4.550e-03  -4.550e-03  -0.000e+00  1.000e+02
-3.834e-03  -3.834e-03  -1.734e-04  9.548e+01
-7.228e-03  -7.228e-03  -4.903e-04  9.322e+01
-6.954e-03  -6.954e-03  -3.876e-04  9.443e+01
-3.691e-03  -3.691e-03  -1.734e-04  9.530e+01
-3.611e-03  -3.611e-03  -1.734e-04  9.520e+01
-1.298e-03  -1.298e-03  -0.000e+00  1.000e+02
-4.392e-03  -4.392e-03  -1.734e-04  9.605e+01
 3.635e-03   3.635e-03   1.734e-04  9.523e+01
 1.283e-03   1.283e-03   0.000e+00  1.000e+02
 3.717e-03   3.717e-03   0.000e+00  1.000e+02
-2.754e-03  -2.754e-03  -0.000e+00  1.000e+02
-4.910e-03  -4.910e-03  -0.000e+00  1.000e+02
 5.662e-04   5.662e-04   0.000e+00  1.000e+02
========================================================================================

step: 7/15 res:0.25127913082803316, res/res0:0.02030477981950611  dq_norm: [0.00057495 0.00038763 0.00030026]

A info: before HHL prepare:
Spectral radius (A): 2.404e+01, lambda_min:4.119358841816797
condition number(A): 5.836e+00, norm2_cond:67.06176269160765
det(A): 9.851e+15
--------------------------------------------------------------------------------

A_hhl info: after scaling by spectral radius:
Spectral radius (A): 1.000e+00, lambda_min:0.1713534631778672
condition number(A): 5.836e+00, norm2_cond:67.06176269160771
det(A): 1.903e-05, nnz: 11 non zeros per row
--------------------------------------------------------------------------------

Size of A & B are not power of 2:
Next 2 power of 15 = 16
Value to be padded = 1
--------------------------------------------------

==================== Print (N)^2 padded matrix system =======================
Padded shape of A: (15, 15)x(15, 15) -> (16, 16)x(16, 16)
Padded shape of B: (15,) -> (16,)
Determinant of padded matrix: 1.9029469140453824e-05
Condition # of padded matrix: 67.06176269160771


Matrix is not Hermitian. Making it Hermitian.......

==================== Print Hermitian matrix system info =======================
Shape of hermitian A: 16x16 -> 32x32
Shape of           B: 16 -> 32
Determinant of Hermitian matrix: 3.621206957674844e-10
Condition # of Hermitian matrix: 67.06176269160775

=================================== Generating HHL circuit ===================================
Time elapsed for generating HHL circuit: 0 min 8.83 sec

Generated circuit: num_qubits=14, gates=19, depth=5
============================== Generated Circuit saved ==============================

============================== Transpiling circuit ==============================
This is using the AerSimulator('aer_simulator_statevector') transpiler.
Time elapsed for transpiling the circuit:  0 min 1.67 sec
Transpiled circuit, num_qubits: 14, (original: 14)
Transpiled circuit depth: 22397 (original: 5)
Transpiled circuit gates: 22501 (original: 19)
============================== Transpiled Circuit saved ==============================
Time elapsed for running the circuit:  0 min 2.00 sec
total_qubits: 14, nq:5

Time elapsed for extracting shots-based hhl counts solution:  0 min 0.00 sec

[HHL info]: linear system residual (e=||Ax-b||_2): 0.23388492968238173
[HHL info]: Fidelity(true_sol, hhl_sol): 0.7742146860623975
[HHL info]: L2 error (absolute): 0.00874246092309619
[HHL info]: L2 error (relative): 0.5804493393052969
[HHL info]: L2 error (normalized): 0.49011284070064454

========================================================================================
 Compare system solutions using LU of A, LU sol of A_herm, HHL of Ax=b hermition system
LU sol 	    Herm LU sol    HHL sol    L1_diff(%)
 1.092e-03   1.092e-03   0.000e+00  1.000e+02
-4.549e-03  -4.549e-03  -1.412e-03  6.896e+01
-3.656e-03  -3.656e-03  -2.823e-03  2.278e+01
-6.734e-03  -6.734e-03  -3.458e-03  4.865e+01
-6.565e-03  -6.565e-03  -3.458e-03  4.733e+01
-3.520e-03  -3.520e-03  -3.458e-03  1.777e+00
-3.435e-03  -3.435e-03  -0.000e+00  1.000e+02
-1.296e-03  -1.296e-03  -0.000e+00  1.000e+02
-4.215e-03  -4.215e-03  -1.996e-03  5.264e+01
 3.464e-03   3.464e-03   0.000e+00  1.000e+02
 1.284e-03   1.284e-03   0.000e+00  1.000e+02
 3.722e-03   3.722e-03   1.996e-03  4.636e+01
-2.753e-03  -2.753e-03  -0.000e+00  1.000e+02
-4.909e-03  -4.909e-03  -3.735e-03  2.392e+01
 5.675e-04   5.675e-04   0.000e+00  1.000e+02
========================================================================================

step: 8/15 res:0.23908293644388304, res/res0:0.01931925809794483  dq_norm: [0.00345792 0.00528206 0.00528206]

A info: before HHL prepare:
Spectral radius (A): 2.403e+01, lambda_min:4.092022469623255
condition number(A): 5.874e+00, norm2_cond:67.47979991631603
det(A): 9.640e+15
--------------------------------------------------------------------------------

A_hhl info: after scaling by spectral radius:
Spectral radius (A): 1.000e+00, lambda_min:0.17025365198861747
condition number(A): 5.874e+00, norm2_cond:67.47979991631622
det(A): 1.868e-05, nnz: 11 non zeros per row
--------------------------------------------------------------------------------

Size of A & B are not power of 2:
Next 2 power of 15 = 16
Value to be padded = 1
--------------------------------------------------

==================== Print (N)^2 padded matrix system =======================
Padded shape of A: (15, 15)x(15, 15) -> (16, 16)x(16, 16)
Padded shape of B: (15,) -> (16,)
Determinant of padded matrix: 1.868293534390378e-05
Condition # of padded matrix: 67.47979991631622


Matrix is not Hermitian. Making it Hermitian.......

==================== Print Hermitian matrix system info =======================
Shape of hermitian A: 16x16 -> 32x32
Shape of           B: 16 -> 32
Determinant of Hermitian matrix: 3.490520730644878e-10
Condition # of Hermitian matrix: 67.47979991631625

=================================== Generating HHL circuit ===================================
Time elapsed for generating HHL circuit: 0 min 8.87 sec

Generated circuit: num_qubits=14, gates=19, depth=5
============================== Generated Circuit saved ==============================

============================== Transpiling circuit ==============================
This is using the AerSimulator('aer_simulator_statevector') transpiler.
Time elapsed for transpiling the circuit:  0 min 1.65 sec
Transpiled circuit, num_qubits: 14, (original: 14)
Transpiled circuit depth: 22393 (original: 5)
Transpiled circuit gates: 22497 (original: 19)
============================== Transpiled Circuit saved ==============================
Time elapsed for running the circuit:  0 min 2.00 sec
total_qubits: 14, nq:5

Time elapsed for extracting shots-based hhl counts solution:  0 min 0.00 sec

[HHL info]: linear system residual (e=||Ax-b||_2): 0.16689254890924468
[HHL info]: Fidelity(true_sol, hhl_sol): 0.7368227490875255
[HHL info]: L2 error (absolute): 0.005502495456355094
[HHL info]: L2 error (relative): 0.6304433790145519
[HHL info]: L2 error (normalized): 0.5321958275412321

========================================================================================
 Compare system solutions using LU of A, LU sol of A_herm, HHL of Ax=b hermition system
LU sol 	    Herm LU sol    HHL sol    L1_diff(%)
 1.096e-03   1.096e-03   0.000e+00  1.000e+02
-3.130e-03  -3.130e-03  -1.148e-03  6.334e+01
-8.192e-04  -8.192e-04  -0.000e+00  1.000e+02
-3.263e-03  -3.263e-03  -1.623e-03  5.026e+01
-3.099e-03  -3.099e-03  -1.623e-03  4.763e+01
-6.475e-05  -6.475e-05  -0.000e+00  1.000e+02
-3.427e-03  -3.427e-03  -2.811e-03  1.799e+01
-1.286e-03  -1.286e-03  -0.000e+00  1.000e+02
-2.201e-03  -2.201e-03  -0.000e+00  1.000e+02
 3.462e-03   3.462e-03   1.148e-03  6.685e+01
 1.274e-03   1.274e-03   1.148e-03  9.955e+00
 1.734e-03   1.734e-03   0.000e+00  1.000e+02
-2.774e-03  -2.774e-03  -1.148e-03  5.864e+01
-1.177e-03  -1.177e-03  -0.000e+00  1.000e+02
 5.621e-04   5.621e-04   0.000e+00  1.000e+02
========================================================================================

step: 9/15 res:0.2338992643938416, res/res0:0.018900387978147054  dq_norm: [0.00362878 0.00229504 0.        ]

A info: before HHL prepare:
Spectral radius (A): 2.407e+01, lambda_min:4.110159919707184
condition number(A): 5.857e+00, norm2_cond:67.43325579854343
det(A): 9.891e+15
--------------------------------------------------------------------------------

A_hhl info: after scaling by spectral radius:
Spectral radius (A): 1.000e+00, lambda_min:0.17073142610519795
condition number(A): 5.857e+00, norm2_cond:67.43325579854309
det(A): 1.871e-05, nnz: 11 non zeros per row
--------------------------------------------------------------------------------

Size of A & B are not power of 2:
Next 2 power of 15 = 16
Value to be padded = 1
--------------------------------------------------

==================== Print (N)^2 padded matrix system =======================
Padded shape of A: (15, 15)x(15, 15) -> (16, 16)x(16, 16)
Padded shape of B: (15,) -> (16,)
Determinant of padded matrix: 1.8708750309431848e-05
Condition # of padded matrix: 67.43325579854309


Matrix is not Hermitian. Making it Hermitian.......

==================== Print Hermitian matrix system info =======================
Shape of hermitian A: 16x16 -> 32x32
Shape of           B: 16 -> 32
Determinant of Hermitian matrix: 3.500173381406675e-10
Condition # of Hermitian matrix: 67.43325579854321

=================================== Generating HHL circuit ===================================
Time elapsed for generating HHL circuit: 0 min 8.69 sec

Generated circuit: num_qubits=14, gates=19, depth=5
============================== Generated Circuit saved ==============================

============================== Transpiling circuit ==============================
This is using the AerSimulator('aer_simulator_statevector') transpiler.
Time elapsed for transpiling the circuit:  0 min 1.63 sec
Transpiled circuit, num_qubits: 14, (original: 14)
Transpiled circuit depth: 22395 (original: 5)
Transpiled circuit gates: 22499 (original: 19)
============================== Transpiled Circuit saved ==============================
Time elapsed for running the circuit:  0 min 2.00 sec
total_qubits: 14, nq:5

Time elapsed for extracting shots-based hhl counts solution:  0 min 0.00 sec

[HHL info]: linear system residual (e=||Ax-b||_2): 0.12621509194161293
[HHL info]: Fidelity(true_sol, hhl_sol): 0.5001928784301568
[HHL info]: L2 error (absolute): 0.004599730658721559
[HHL info]: L2 error (relative): 0.8355738725100872
[HHL info]: L2 error (normalized): 0.7651886647326603

========================================================================================
 Compare system solutions using LU of A, LU sol of A_herm, HHL of Ax=b hermition system
LU sol 	    Herm LU sol    HHL sol    L1_diff(%)
 1.098e-03   1.098e-03   0.000e+00  1.000e+02
-1.979e-03  -1.979e-03  -6.446e-04  6.742e+01
-8.080e-04  -8.080e-04  -0.000e+00  1.000e+02
-1.638e-03  -1.638e-03  -0.000e+00  1.000e+02
-1.480e-03  -1.480e-03  -0.000e+00  1.000e+02
-8.841e-05  -8.841e-05  -0.000e+00  1.000e+02
-6.122e-04  -6.122e-04  -0.000e+00  1.000e+02
-1.286e-03  -1.286e-03  -6.446e-04  4.986e+01
-2.202e-03  -2.202e-03  -9.116e-04  5.860e+01
 2.327e-03   2.327e-03   6.446e-04  7.230e+01
 1.352e-04   1.352e-04   0.000e+00  1.000e+02
 1.747e-03   1.747e-03   0.000e+00  1.000e+02
-1.608e-03  -1.608e-03  -0.000e+00  1.000e+02
-1.174e-03  -1.174e-03  -0.000e+00  1.000e+02
 5.639e-04   5.639e-04   0.000e+00  1.000e+02
========================================================================================

step: 10/15 res:0.16676375747642283, res/res0:0.013475458014655476  dq_norm: [0.00064463 0.00091165 0.00091165]

A info: before HHL prepare:
Spectral radius (A): 2.407e+01, lambda_min:4.107156224865661
condition number(A): 5.860e+00, norm2_cond:67.38485380554874
det(A): 9.847e+15
--------------------------------------------------------------------------------

A_hhl info: after scaling by spectral radius:
Spectral radius (A): 1.000e+00, lambda_min:0.1706596583550305
condition number(A): 5.860e+00, norm2_cond:67.38485380554897
det(A): 1.871e-05, nnz: 11 non zeros per row
--------------------------------------------------------------------------------

Size of A & B are not power of 2:
Next 2 power of 15 = 16
Value to be padded = 1
--------------------------------------------------

==================== Print (N)^2 padded matrix system =======================
Padded shape of A: (15, 15)x(15, 15) -> (16, 16)x(16, 16)
Padded shape of B: (15,) -> (16,)
Determinant of padded matrix: 1.8713902134238364e-05
Condition # of padded matrix: 67.38485380554897


Matrix is not Hermitian. Making it Hermitian.......

==================== Print Hermitian matrix system info =======================
Shape of hermitian A: 16x16 -> 32x32
Shape of           B: 16 -> 32
Determinant of Hermitian matrix: 3.5021013308985236e-10
Condition # of Hermitian matrix: 67.38485380554886

=================================== Generating HHL circuit ===================================
Time elapsed for generating HHL circuit: 0 min 8.73 sec

Generated circuit: num_qubits=14, gates=19, depth=5
============================== Generated Circuit saved ==============================

============================== Transpiling circuit ==============================
This is using the AerSimulator('aer_simulator_statevector') transpiler.
Time elapsed for transpiling the circuit:  0 min 1.64 sec
Transpiled circuit, num_qubits: 14, (original: 14)
Transpiled circuit depth: 22394 (original: 5)
Transpiled circuit gates: 22498 (original: 19)
============================== Transpiled Circuit saved ==============================
Time elapsed for running the circuit:  0 min 2.00 sec
total_qubits: 14, nq:5

Time elapsed for extracting shots-based hhl counts solution:  0 min 0.00 sec

[HHL info]: linear system residual (e=||Ax-b||_2): 0.06468375184046551
[HHL info]: Fidelity(true_sol, hhl_sol): 0.6831711139505025
[HHL info]: L2 error (absolute): 0.002594775289252326
[HHL info]: L2 error (relative): 0.5638019784160008
[HHL info]: L2 error (normalized): 0.5889963345686495

========================================================================================
 Compare system solutions using LU of A, LU sol of A_herm, HHL of Ax=b hermition system
LU sol 	    Herm LU sol    HHL sol    L1_diff(%)
 1.098e-03   1.098e-03   0.000e+00  1.000e+02
-1.335e-03  -1.335e-03  -1.768e-03  3.242e+01
-8.088e-04  -8.088e-04  -0.000e+00  1.000e+02
-1.639e-03  -1.639e-03  -1.250e-03  2.373e+01
-1.479e-03  -1.479e-03  -1.768e-03  1.948e+01
-8.839e-05  -8.839e-05  -0.000e+00  1.000e+02
-6.120e-04  -6.120e-04  -0.000e+00  1.000e+02
-6.424e-04  -6.424e-04  -1.250e-03  9.458e+01
-1.292e-03  -1.292e-03  -0.000e+00  1.000e+02
 1.685e-03   1.685e-03   1.250e-03  2.582e+01
 1.356e-04   1.356e-04   0.000e+00  1.000e+02
 1.750e-03   1.750e-03   1.768e-03  9.936e-01
-1.607e-03  -1.607e-03  -1.250e-03  2.224e+01
-1.174e-03  -1.174e-03  -0.000e+00  1.000e+02
 5.637e-04   5.637e-04   0.000e+00  1.000e+02
========================================================================================

step: 11/15 res:0.1262360355240699, res/res0:0.01020058807970708  dq_norm: [0.00216496 0.00279496 0.00176769]

A info: before HHL prepare:
Spectral radius (A): 2.407e+01, lambda_min:4.110386799567
condition number(A): 5.855e+00, norm2_cond:67.28604536984787
det(A): 9.920e+15
--------------------------------------------------------------------------------

A_hhl info: after scaling by spectral radius:
Spectral radius (A): 1.000e+00, lambda_min:0.17079252676961512
condition number(A): 5.855e+00, norm2_cond:67.28604536984777
det(A): 1.885e-05, nnz: 11 non zeros per row
--------------------------------------------------------------------------------

Size of A & B are not power of 2:
Next 2 power of 15 = 16
Value to be padded = 1
--------------------------------------------------

==================== Print (N)^2 padded matrix system =======================
Padded shape of A: (15, 15)x(15, 15) -> (16, 16)x(16, 16)
Padded shape of B: (15,) -> (16,)
Determinant of padded matrix: 1.884931816602266e-05
Condition # of padded matrix: 67.28604536984777


Matrix is not Hermitian. Making it Hermitian.......

==================== Print Hermitian matrix system info =======================
Shape of hermitian A: 16x16 -> 32x32
Shape of           B: 16 -> 32
Determinant of Hermitian matrix: 3.5529679532395194e-10
Condition # of Hermitian matrix: 67.28604536984801

=================================== Generating HHL circuit ===================================
Time elapsed for generating HHL circuit: 0 min 8.73 sec

Generated circuit: num_qubits=14, gates=19, depth=5
============================== Generated Circuit saved ==============================

============================== Transpiling circuit ==============================
This is using the AerSimulator('aer_simulator_statevector') transpiler.
Time elapsed for transpiling the circuit:  0 min 1.62 sec
Transpiled circuit, num_qubits: 14, (original: 14)
Transpiled circuit depth: 22395 (original: 5)
Transpiled circuit gates: 22499 (original: 19)
============================== Transpiled Circuit saved ==============================
Time elapsed for running the circuit:  0 min 1.98 sec
total_qubits: 14, nq:5

Time elapsed for extracting shots-based hhl counts solution:  0 min 0.00 sec

[HHL info]: linear system residual (e=||Ax-b||_2): 0.045988018633557566
[HHL info]: Fidelity(true_sol, hhl_sol): 0.819041739458357
[HHL info]: L2 error (absolute): 0.0019473979075097384
[HHL info]: L2 error (relative): 0.7502833973109546
[HHL info]: L2 error (normalized): 0.43586867684557534

========================================================================================
 Compare system solutions using LU of A, LU sol of A_herm, HHL of Ax=b hermition system
LU sol 	    Herm LU sol    HHL sol    L1_diff(%)
 1.097e-03   1.097e-03   3.041e-04  7.229e+01
 4.326e-04   4.326e-04   0.000e+00  1.000e+02
-8.084e-04  -8.084e-04  -2.150e-04  7.340e+01
-3.894e-04  -3.894e-04  -0.000e+00  1.000e+02
 2.895e-04   2.895e-04   0.000e+00  1.000e+02
-9.327e-05  -9.327e-05  -0.000e+00  1.000e+02
-6.133e-04  -6.133e-04  -3.041e-04  5.042e+01
 6.061e-04   6.061e-04   2.150e-04  6.452e+01
-1.298e-03  -1.298e-03  -3.041e-04  7.658e+01
 4.364e-04   4.364e-04   2.150e-04  5.073e+01
 1.370e-04   1.370e-04   0.000e+00  1.000e+02
-1.259e-05  -1.259e-05  -0.000e+00  1.000e+02
-3.545e-04  -3.545e-04  -0.000e+00  1.000e+02
-1.173e-03  -1.173e-03  -3.724e-04  6.824e+01
 5.558e-04   5.558e-04   0.000e+00  1.000e+02
========================================================================================

step: 12/15 res:0.0646578450389339, res/res0:0.005224720822589032  dq_norm: [0.0004808  0.00043004 0.00037243]

A info: before HHL prepare:
Spectral radius (A): 2.407e+01, lambda_min:4.108330080028862
condition number(A): 5.858e+00, norm2_cond:67.31293381190774
det(A): 9.903e+15
--------------------------------------------------------------------------------

A_hhl info: after scaling by spectral radius:
Spectral radius (A): 1.000e+00, lambda_min:0.17069606393775183
condition number(A): 5.858e+00, norm2_cond:67.31293381190801
det(A): 1.880e-05, nnz: 11 non zeros per row
--------------------------------------------------------------------------------

Size of A & B are not power of 2:
Next 2 power of 15 = 16
Value to be padded = 1
--------------------------------------------------

==================== Print (N)^2 padded matrix system =======================
Padded shape of A: (15, 15)x(15, 15) -> (16, 16)x(16, 16)
Padded shape of B: (15,) -> (16,)
Determinant of padded matrix: 1.8798806195675355e-05
Condition # of padded matrix: 67.31293381190801


Matrix is not Hermitian. Making it Hermitian.......

==================== Print Hermitian matrix system info =======================
Shape of hermitian A: 16x16 -> 32x32
Shape of           B: 16 -> 32
Determinant of Hermitian matrix: 3.5339511438256333e-10
Condition # of Hermitian matrix: 67.31293381190815

=================================== Generating HHL circuit ===================================
Time elapsed for generating HHL circuit: 0 min 8.73 sec

Generated circuit: num_qubits=14, gates=19, depth=5
============================== Generated Circuit saved ==============================

============================== Transpiling circuit ==============================
This is using the AerSimulator('aer_simulator_statevector') transpiler.
Time elapsed for transpiling the circuit:  0 min 1.65 sec
Transpiled circuit, num_qubits: 14, (original: 14)
Transpiled circuit depth: 22395 (original: 5)
Transpiled circuit gates: 22499 (original: 19)
============================== Transpiled Circuit saved ==============================
Time elapsed for running the circuit:  0 min 1.97 sec
total_qubits: 14, nq:5

Time elapsed for extracting shots-based hhl counts solution:  0 min 0.00 sec

[HHL info]: linear system residual (e=||Ax-b||_2): 0.04233620170184161
[HHL info]: Fidelity(true_sol, hhl_sol): 0.5454907372955763
[HHL info]: L2 error (absolute): 0.00183139878440568
[HHL info]: L2 error (relative): 0.9408014947546418
[HHL info]: L2 error (normalized): 0.7230858213745543

========================================================================================
 Compare system solutions using LU of A, LU sol of A_herm, HHL of Ax=b hermition system
LU sol 	    Herm LU sol    HHL sol    L1_diff(%)
 7.938e-04   7.938e-04   1.069e-04  8.653e+01
 4.329e-04   4.329e-04   5.345e-05  8.765e+01
-5.927e-04  -5.927e-04  -0.000e+00  1.000e+02
-3.887e-04  -3.887e-04  -5.345e-05  8.625e+01
 2.894e-04   2.894e-04   0.000e+00  1.000e+02
-9.186e-05  -9.186e-05  -0.000e+00  1.000e+02
-3.084e-04  -3.084e-04  -0.000e+00  1.000e+02
 3.912e-04   3.912e-04   0.000e+00  1.000e+02
-9.918e-04  -9.918e-04  -5.345e-05  9.461e+01
 2.222e-04   2.222e-04   0.000e+00  1.000e+02
 1.370e-04   1.370e-04   0.000e+00  1.000e+02
-1.071e-05  -1.071e-05  -0.000e+00  1.000e+02
-3.540e-04  -3.540e-04  -5.345e-05  8.490e+01
-8.002e-04  -8.002e-04  -0.000e+00  1.000e+02
 5.581e-04   5.581e-04   5.345e-05  9.042e+01
========================================================================================

step: 13/15 res:0.04598783318833903, res/res0:0.003716077909806373  dq_norm: [1.30926495e-04 5.34505176e-05 7.55904470e-05]

A info: before HHL prepare:
Spectral radius (A): 2.407e+01, lambda_min:4.108900519924594
condition number(A): 5.858e+00, norm2_cond:67.31162734231567
det(A): 9.909e+15
--------------------------------------------------------------------------------

A_hhl info: after scaling by spectral radius:
Spectral radius (A): 1.000e+00, lambda_min:0.17071896955549332
condition number(A): 5.858e+00, norm2_cond:67.3116273423157
det(A): 1.881e-05, nnz: 11 non zeros per row
--------------------------------------------------------------------------------

Size of A & B are not power of 2:
Next 2 power of 15 = 16
Value to be padded = 1
--------------------------------------------------

==================== Print (N)^2 padded matrix system =======================
Padded shape of A: (15, 15)x(15, 15) -> (16, 16)x(16, 16)
Padded shape of B: (15,) -> (16,)
Determinant of padded matrix: 1.8809946196172377e-05
Condition # of padded matrix: 67.3116273423157


Matrix is not Hermitian. Making it Hermitian.......

==================== Print Hermitian matrix system info =======================
Shape of hermitian A: 16x16 -> 32x32
Shape of           B: 16 -> 32
Determinant of Hermitian matrix: 3.5381407590289974e-10
Condition # of Hermitian matrix: 67.31162734231575

=================================== Generating HHL circuit ===================================
Time elapsed for generating HHL circuit: 0 min 8.67 sec

Generated circuit: num_qubits=14, gates=19, depth=5
============================== Generated Circuit saved ==============================

============================== Transpiling circuit ==============================
This is using the AerSimulator('aer_simulator_statevector') transpiler.
Time elapsed for transpiling the circuit:  0 min 1.58 sec
Transpiled circuit, num_qubits: 14, (original: 14)
Transpiled circuit depth: 22395 (original: 5)
Transpiled circuit gates: 22499 (original: 19)
============================== Transpiled Circuit saved ==============================
Time elapsed for running the circuit:  0 min 1.91 sec
total_qubits: 14, nq:5

Time elapsed for extracting shots-based hhl counts solution:  0 min 0.00 sec

[HHL info]: linear system residual (e=||Ax-b||_2): 0.02468717460349337
[HHL info]: Fidelity(true_sol, hhl_sol): 0.7765713378220395
[HHL info]: L2 error (absolute): 0.0012252822201701174
[HHL info]: L2 error (relative): 0.669098717116493
[HHL info]: L2 error (normalized): 0.48737490481165724

========================================================================================
 Compare system solutions using LU of A, LU sol of A_herm, HHL of Ax=b hermition system
LU sol 	    Herm LU sol    HHL sol    L1_diff(%)
 6.870e-04   6.870e-04   4.141e-04  3.973e+01
 3.796e-04   3.796e-04   0.000e+00  1.000e+02
-5.926e-04  -5.926e-04  -2.928e-04  5.058e+01
-3.351e-04  -3.351e-04  -2.071e-04  3.822e+01
 2.895e-04   2.895e-04   0.000e+00  1.000e+02
-9.169e-05  -9.169e-05  -0.000e+00  1.000e+02
-3.084e-04  -3.084e-04  -2.071e-04  3.285e+01
 3.912e-04   3.912e-04   0.000e+00  1.000e+02
-9.383e-04  -9.383e-04  -2.928e-04  6.879e+01
 2.222e-04   2.222e-04   0.000e+00  1.000e+02
 1.370e-04   1.370e-04   0.000e+00  1.000e+02
-1.071e-05  -1.071e-05  -0.000e+00  1.000e+02
-3.006e-04  -3.006e-04  -0.000e+00  1.000e+02
-8.002e-04  -8.002e-04  -2.928e-04  6.341e+01
 5.043e-04   5.043e-04   2.071e-04  5.894e+01
========================================================================================

step: 14/15 res:0.042336122565815516, res/res0:0.003420998967474169  dq_norm: [0.00050717 0.00029282 0.00046298]
Completed: 14 steps in 195.12s
Saved metadata to /lustre/orion/stf006/scratch/4klornl/fvm_euler_1d_solver/output_parallel_shots/trials2/statevector/shots_10000/trial_7/metadata_nelem5_HHL_statevector_nshots10000.pkl

Solution summary:
  x/L: [0.1000, 0.9000]
  Mach: [1.5200, 2.1533]
  p/p_in: [0.9801, 0.3649]
  rho/rho_in: [0.9872, 0.4841]
Saved combined plot to /lustre/orion/stf006/scratch/4klornl/fvm_euler_1d_solver/output_parallel_shots/trials2/statevector/shots_10000/trial_7/solution_plot_nelem5_HHL_statevector_nshots10000.png
