
------------------------------------------------------------
Using ideal local simulator with 'statevector' method
Backend: aer_simulator_statevector
Shots: 1000
------------------------------------------------------------

A info: before HHL prepare:
Spectral radius (A): 2.241e+01, lambda_min:2.3074021727489433
condition number(A): 9.710e+00, norm2_cond:95.97789014324577
det(A): 9.333e+14
--------------------------------------------------------------------------------

A_hhl info: after scaling by spectral radius:
Spectral radius (A): 1.000e+00, lambda_min:0.1029832130561069
condition number(A): 9.710e+00, norm2_cond:95.9778901432457
det(A): 5.184e-06, nnz: 10 non zeros per row
--------------------------------------------------------------------------------

Size of A & B are not power of 2:
Next 2 power of 15 = 16
Value to be padded = 1
--------------------------------------------------

==================== Print (N)^2 padded matrix system =======================
Padded shape of A: (15, 15)x(15, 15) -> (16, 16)x(16, 16)
Padded shape of B: (15,) -> (16,)
Determinant of padded matrix: 5.183984510966138e-06
Condition # of padded matrix: 95.9778901432457


Matrix is not Hermitian. Making it Hermitian.......

==================== Print Hermitian matrix system info =======================
Shape of hermitian A: 16x16 -> 32x32
Shape of           B: 16 -> 32
Determinant of Hermitian matrix: 2.6873695409936828e-11
Condition # of Hermitian matrix: 95.9778901432459

=================================== Generating HHL circuit ===================================
Time elapsed for generating HHL circuit: 0 min 8.75 sec

Generated circuit: num_qubits=14, gates=19, depth=5
============================== Generated Circuit saved ==============================

============================== Transpiling circuit ==============================
This is using the AerSimulator('aer_simulator_statevector') transpiler.
Time elapsed for transpiling the circuit:  0 min 1.64 sec
Transpiled circuit, num_qubits: 14, (original: 14)
Transpiled circuit depth: 22395 (original: 5)
Transpiled circuit gates: 22499 (original: 19)
============================== Transpiled Circuit saved ==============================
Time elapsed for running the circuit:  0 min 1.83 sec
total_qubits: 14, nq:5

Time elapsed for extracting shots-based hhl counts solution:  0 min 0.00 sec

[HHL info]: linear system residual (e=||Ax-b||_2): 8.156170318583733
[HHL info]: Fidelity(true_sol, hhl_sol): 0.8719886178905829
[HHL info]: L2 error (absolute): 2.0591720349564806
[HHL info]: L2 error (relative): 0.7613637018549871
[HHL info]: L2 error (normalized): 0.36385901686115507

========================================================================================
 Compare system solutions using LU of A, LU sol of A_herm, HHL of Ax=b hermition system
LU sol 	    Herm LU sol    HHL sol    L1_diff(%)
-1.705e-02  -1.705e-02  -0.000e+00  1.000e+02
-7.527e-03  -7.527e-03  -0.000e+00  1.000e+02
-3.946e-02  -3.946e-02  -0.000e+00  1.000e+02
-1.283e-01  -1.283e-01  -0.000e+00  1.000e+02
-6.877e-02  -6.877e-02  -0.000e+00  1.000e+02
-2.800e-01  -2.800e-01  -0.000e+00  1.000e+02
-4.114e-01  -4.114e-01  -0.000e+00  1.000e+02
-4.227e-01  -4.227e-01  -1.717e-01  5.938e+01
-1.109e+00  -1.109e+00  -3.434e-01  6.905e+01
-5.252e-01  -5.252e-01  -0.000e+00  1.000e+02
-5.558e-01  -5.558e-01  -0.000e+00  1.000e+02
-1.428e+00  -1.428e+00  -3.839e-01  7.311e+01
-5.637e-01  -5.637e-01  -1.717e-01  6.954e+01
-5.958e-01  -5.958e-01  -1.717e-01  7.118e+01
-1.529e+00  -1.529e+00  -3.839e-01  7.490e+01
========================================================================================

step: 0/15 res:12.375368413827264, res/res0:1.0  dq_norm: [0.17169326 0.24281093 0.64241735]

A info: before HHL prepare:
Spectral radius (A): 2.165e+01, lambda_min:2.4480308824529953
condition number(A): 8.845e+00, norm2_cond:83.22004494135751
det(A): 9.052e+14
--------------------------------------------------------------------------------

A_hhl info: after scaling by spectral radius:
Spectral radius (A): 1.000e+00, lambda_min:0.11306333456642026
condition number(A): 8.845e+00, norm2_cond:83.22004494135739
det(A): 8.400e-06, nnz: 12 non zeros per row
--------------------------------------------------------------------------------

Size of A & B are not power of 2:
Next 2 power of 15 = 16
Value to be padded = 1
--------------------------------------------------

==================== Print (N)^2 padded matrix system =======================
Padded shape of A: (15, 15)x(15, 15) -> (16, 16)x(16, 16)
Padded shape of B: (15,) -> (16,)
Determinant of padded matrix: 8.400456801977074e-06
Condition # of padded matrix: 83.22004494135739


Matrix is not Hermitian. Making it Hermitian.......

==================== Print Hermitian matrix system info =======================
Shape of hermitian A: 16x16 -> 32x32
Shape of           B: 16 -> 32
Determinant of Hermitian matrix: 7.056767448188338e-11
Condition # of Hermitian matrix: 83.2200449413577

=================================== Generating HHL circuit ===================================
Time elapsed for generating HHL circuit: 0 min 8.79 sec

Generated circuit: num_qubits=14, gates=19, depth=5
============================== Generated Circuit saved ==============================

============================== Transpiling circuit ==============================
This is using the AerSimulator('aer_simulator_statevector') transpiler.
Time elapsed for transpiling the circuit:  0 min 2.00 sec
Transpiled circuit, num_qubits: 14, (original: 14)
Transpiled circuit depth: 22383 (original: 5)
Transpiled circuit gates: 22487 (original: 19)
============================== Transpiled Circuit saved ==============================
Time elapsed for running the circuit:  0 min 2.00 sec
total_qubits: 14, nq:5

Time elapsed for extracting shots-based hhl counts solution:  0 min 0.00 sec

[HHL info]: linear system residual (e=||Ax-b||_2): 5.273449698141404
[HHL info]: Fidelity(true_sol, hhl_sol): 0.6956465569410276
[HHL info]: L2 error (absolute): 1.4785151282683742
[HHL info]: L2 error (relative): 0.7317584014843803
[HHL info]: L2 error (normalized): 0.5761001840564365

========================================================================================
 Compare system solutions using LU of A, LU sol of A_herm, HHL of Ax=b hermition system
LU sol 	    Herm LU sol    HHL sol    L1_diff(%)
-2.583e-02  -2.583e-02  -0.000e+00  1.000e+02
-1.223e-02  -1.223e-02  -0.000e+00  1.000e+02
-5.940e-02  -5.940e-02  -0.000e+00  1.000e+02
-1.556e-01  -1.556e-01  -0.000e+00  1.000e+02
-7.557e-02  -7.557e-02  -0.000e+00  1.000e+02
-3.415e-01  -3.415e-01  -0.000e+00  1.000e+02
-4.342e-01  -4.342e-01  -1.683e-01  6.125e+01
-2.354e-01  -2.354e-01  -0.000e+00  1.000e+02
-7.593e-01  -7.593e-01  -2.380e-01  6.866e+01
-5.226e-01  -5.226e-01  -0.000e+00  1.000e+02
-5.622e-01  -5.622e-01  -0.000e+00  1.000e+02
-9.915e-01  -9.915e-01  -3.365e-01  6.606e+01
-3.715e-01  -3.715e-01  -0.000e+00  1.000e+02
-4.289e-01  -4.289e-01  -0.000e+00  1.000e+02
-1.103e+00  -1.103e+00  -5.580e-01  4.941e+01
========================================================================================

step: 1/15 res:8.15513578167687, res/res0:0.6589812528380943  dq_norm: [0.16825787 0.         0.69374495]

A info: before HHL prepare:
Spectral radius (A): 2.253e+01, lambda_min:3.2786573271526462
condition number(A): 6.872e+00, norm2_cond:56.75736313917
det(A): 1.841e+15
--------------------------------------------------------------------------------

A_hhl info: after scaling by spectral radius:
Spectral radius (A): 1.000e+00, lambda_min:0.14551204779886656
condition number(A): 6.872e+00, norm2_cond:56.75736313917008
det(A): 9.399e-06, nnz: 13 non zeros per row
--------------------------------------------------------------------------------

Size of A & B are not power of 2:
Next 2 power of 15 = 16
Value to be padded = 1
--------------------------------------------------

==================== Print (N)^2 padded matrix system =======================
Padded shape of A: (15, 15)x(15, 15) -> (16, 16)x(16, 16)
Padded shape of B: (15,) -> (16,)
Determinant of padded matrix: 9.39920620651892e-06
Condition # of padded matrix: 56.75736313917008


Matrix is not Hermitian. Making it Hermitian.......

==================== Print Hermitian matrix system info =======================
Shape of hermitian A: 16x16 -> 32x32
Shape of           B: 16 -> 32
Determinant of Hermitian matrix: 8.83450773126638e-11
Condition # of Hermitian matrix: 56.75736313917027

=================================== Generating HHL circuit ===================================
Time elapsed for generating HHL circuit: 0 min 7.58 sec

Generated circuit: num_qubits=13, gates=18, depth=5
============================== Generated Circuit saved ==============================

============================== Transpiling circuit ==============================
This is using the AerSimulator('aer_simulator_statevector') transpiler.
Time elapsed for transpiling the circuit:  0 min 1.53 sec
Transpiled circuit, num_qubits: 13, (original: 13)
Transpiled circuit depth: 19302 (original: 5)
Transpiled circuit gates: 19387 (original: 18)
============================== Transpiled Circuit saved ==============================
Time elapsed for running the circuit:  0 min 1.40 sec
total_qubits: 13, nq:5

Time elapsed for extracting shots-based hhl counts solution:  0 min 0.00 sec

[HHL info]: linear system residual (e=||Ax-b||_2): 4.282295556851714
[HHL info]: Fidelity(true_sol, hhl_sol): 0.948437697309115
[HHL info]: L2 error (absolute): 0.9051932894120636
[HHL info]: L2 error (relative): 0.675909270802502
[HHL info]: L2 error (normalized): 0.22857095029815702

========================================================================================
 Compare system solutions using LU of A, LU sol of A_herm, HHL of Ax=b hermition system
LU sol 	    Herm LU sol    HHL sol    L1_diff(%)
-1.427e-02  -1.427e-02  -0.000e+00  1.000e+02
-4.038e-03  -4.038e-03  -0.000e+00  1.000e+02
-3.337e-02  -3.337e-02  -0.000e+00  1.000e+02
-1.161e-01  -1.161e-01  -0.000e+00  1.000e+02
-6.712e-02  -6.712e-02  -0.000e+00  1.000e+02
-2.574e-01  -2.574e-01  -7.141e-02  7.226e+01
-2.133e-01  -2.133e-01  -7.141e-02  6.652e+01
-2.432e-01  -2.432e-01  -0.000e+00  1.000e+02
-4.419e-01  -4.419e-01  -1.597e-01  6.386e+01
-5.050e-01  -5.050e-01  -1.597e-01  6.838e+01
-5.636e-01  -5.636e-01  -2.142e-01  6.199e+01
-5.719e-01  -5.719e-01  -1.889e-01  6.696e+01
-3.545e-01  -3.545e-01  -1.010e-01  7.151e+01
-4.265e-01  -4.265e-01  -1.597e-01  6.256e+01
-4.480e-01  -4.480e-01  -1.597e-01  6.436e+01
========================================================================================

step: 2/15 res:5.270939687698353, res/res0:0.4259218401780281  dq_norm: [0.20198711 0.26720383 0.30298067]

A info: before HHL prepare:
Spectral radius (A): 2.299e+01, lambda_min:3.3946920052501874
condition number(A): 6.772e+00, norm2_cond:60.06608816178138
det(A): 2.498e+15
--------------------------------------------------------------------------------

A_hhl info: after scaling by spectral radius:
Spectral radius (A): 1.000e+00, lambda_min:0.14766570531326248
condition number(A): 6.772e+00, norm2_cond:60.06608816178122
det(A): 9.437e-06, nnz: 11 non zeros per row
--------------------------------------------------------------------------------

Size of A & B are not power of 2:
Next 2 power of 15 = 16
Value to be padded = 1
--------------------------------------------------

==================== Print (N)^2 padded matrix system =======================
Padded shape of A: (15, 15)x(15, 15) -> (16, 16)x(16, 16)
Padded shape of B: (15,) -> (16,)
Determinant of padded matrix: 9.437202498764569e-06
Condition # of padded matrix: 60.06608816178122


Matrix is not Hermitian. Making it Hermitian.......

==================== Print Hermitian matrix system info =======================
Shape of hermitian A: 16x16 -> 32x32
Shape of           B: 16 -> 32
Determinant of Hermitian matrix: 8.906079100268853e-11
Condition # of Hermitian matrix: 60.06608816178136

=================================== Generating HHL circuit ===================================
Time elapsed for generating HHL circuit: 0 min 7.83 sec

Generated circuit: num_qubits=13, gates=18, depth=5
============================== Generated Circuit saved ==============================

============================== Transpiling circuit ==============================
This is using the AerSimulator('aer_simulator_statevector') transpiler.
Time elapsed for transpiling the circuit:  0 min 1.51 sec
Transpiled circuit, num_qubits: 13, (original: 13)
Transpiled circuit depth: 19306 (original: 5)
Transpiled circuit gates: 19391 (original: 18)
============================== Transpiled Circuit saved ==============================
Time elapsed for running the circuit:  0 min 1.38 sec
total_qubits: 13, nq:5

Time elapsed for extracting shots-based hhl counts solution:  0 min 0.00 sec

[HHL info]: linear system residual (e=||Ax-b||_2): 2.407464303327216
[HHL info]: Fidelity(true_sol, hhl_sol): 0.9668916145364401
[HHL info]: L2 error (absolute): 0.4822223742445377
[HHL info]: L2 error (relative): 0.5284166355100667
[HHL info]: L2 error (normalized): 0.18272126148141826

========================================================================================
 Compare system solutions using LU of A, LU sol of A_herm, HHL of Ax=b hermition system
LU sol 	    Herm LU sol    HHL sol    L1_diff(%)
-1.264e-02  -1.264e-02  -0.000e+00  1.000e+02
-3.319e-03  -3.319e-03  -0.000e+00  1.000e+02
-2.923e-02  -2.923e-02  -0.000e+00  1.000e+02
-1.115e-01  -1.115e-01  -7.740e-02  3.056e+01
-6.480e-02  -6.480e-02  -0.000e+00  1.000e+02
-1.703e-01  -1.703e-01  -7.740e-02  5.456e+01
-1.414e-01  -1.414e-01  -7.740e-02  4.527e+01
-2.513e-01  -2.513e-01  -1.341e-01  4.666e+01
-2.905e-01  -2.905e-01  -1.341e-01  5.385e+01
-3.424e-01  -3.424e-01  -1.341e-01  6.085e+01
-3.421e-01  -3.421e-01  -1.731e-01  4.942e+01
-4.017e-01  -4.017e-01  -1.896e-01  5.280e+01
-2.541e-01  -2.541e-01  -1.341e-01  4.724e+01
-2.636e-01  -2.636e-01  -1.731e-01  3.435e+01
-2.982e-01  -2.982e-01  -1.095e-01  6.329e+01
========================================================================================

step: 3/15 res:4.321805086407723, res/res0:0.34922637790555616  dq_norm: [0.21891295 0.27906035 0.26811251]

A info: before HHL prepare:
Spectral radius (A): 2.332e+01, lambda_min:3.472815372296645
condition number(A): 6.716e+00, norm2_cond:68.96390945809219
det(A): 3.970e+15
--------------------------------------------------------------------------------

A_hhl info: after scaling by spectral radius:
Spectral radius (A): 1.000e+00, lambda_min:0.14889303087618638
condition number(A): 6.716e+00, norm2_cond:68.9639094580922
det(A): 1.207e-05, nnz: 13 non zeros per row
--------------------------------------------------------------------------------

Size of A & B are not power of 2:
Next 2 power of 15 = 16
Value to be padded = 1
--------------------------------------------------

==================== Print (N)^2 padded matrix system =======================
Padded shape of A: (15, 15)x(15, 15) -> (16, 16)x(16, 16)
Padded shape of B: (15,) -> (16,)
Determinant of padded matrix: 1.2069710207491239e-05
Condition # of padded matrix: 68.9639094580922


Matrix is not Hermitian. Making it Hermitian.......

==================== Print Hermitian matrix system info =======================
Shape of hermitian A: 16x16 -> 32x32
Shape of           B: 16 -> 32
Determinant of Hermitian matrix: 1.456779044928182e-10
Condition # of Hermitian matrix: 68.96390945809235

=================================== Generating HHL circuit ===================================
Time elapsed for generating HHL circuit: 0 min 9.02 sec

Generated circuit: num_qubits=14, gates=19, depth=5
============================== Generated Circuit saved ==============================

============================== Transpiling circuit ==============================
This is using the AerSimulator('aer_simulator_statevector') transpiler.
Time elapsed for transpiling the circuit:  0 min 1.69 sec
Transpiled circuit, num_qubits: 14, (original: 14)
Transpiled circuit depth: 22393 (original: 5)
Transpiled circuit gates: 22497 (original: 19)
============================== Transpiled Circuit saved ==============================
Time elapsed for running the circuit:  0 min 1.95 sec
total_qubits: 14, nq:5

Time elapsed for extracting shots-based hhl counts solution:  0 min 0.00 sec

[HHL info]: linear system residual (e=||Ax-b||_2): 2.8132898544626235
[HHL info]: Fidelity(true_sol, hhl_sol): 0.7870186765164511
[HHL info]: L2 error (absolute): 0.41673092322240884
[HHL info]: L2 error (relative): 0.8355158389827081
[HHL info]: L2 error (normalized): 0.4750984509481054

========================================================================================
 Compare system solutions using LU of A, LU sol of A_herm, HHL of Ax=b hermition system
LU sol 	    Herm LU sol    HHL sol    L1_diff(%)
-1.186e-02  -1.186e-02  -0.000e+00  1.000e+02
-4.079e-03  -4.079e-03  -0.000e+00  1.000e+02
-2.748e-02  -2.748e-02  -0.000e+00  1.000e+02
-3.412e-02  -3.412e-02  -0.000e+00  1.000e+02
-6.808e-02  -6.808e-02  -0.000e+00  1.000e+02
-9.669e-02  -9.669e-02  -0.000e+00  1.000e+02
-6.529e-02  -6.529e-02  -2.934e-02  5.505e+01
-1.170e-01  -1.170e-01  -2.075e-02  8.226e+01
-1.605e-01  -1.605e-01  -2.934e-02  8.171e+01
-2.034e-01  -2.034e-01  -2.934e-02  8.557e+01
-1.680e-01  -1.680e-01  -5.083e-02  6.974e+01
-2.273e-01  -2.273e-01  -2.075e-02  9.087e+01
-1.176e-01  -1.176e-01  -2.934e-02  7.505e+01
-9.097e-02  -9.097e-02  -2.934e-02  6.774e+01
-2.136e-01  -2.136e-01  -3.594e-02  8.318e+01
========================================================================================

step: 4/15 res:2.4580773093893997, res/res0:0.198626596574122  dq_norm: [0.05082694 0.06225003 0.05082694]

A info: before HHL prepare:
Spectral radius (A): 2.358e+01, lambda_min:3.55931929611863
condition number(A): 6.624e+00, norm2_cond:69.75571021111617
det(A): 4.902e+15
--------------------------------------------------------------------------------

A_hhl info: after scaling by spectral radius:
Spectral radius (A): 1.000e+00, lambda_min:0.15096494368280827
condition number(A): 6.624e+00, norm2_cond:69.7557102111164
det(A): 1.268e-05, nnz: 11 non zeros per row
--------------------------------------------------------------------------------

Size of A & B are not power of 2:
Next 2 power of 15 = 16
Value to be padded = 1
--------------------------------------------------

==================== Print (N)^2 padded matrix system =======================
Padded shape of A: (15, 15)x(15, 15) -> (16, 16)x(16, 16)
Padded shape of B: (15,) -> (16,)
Determinant of padded matrix: 1.2675593300714986e-05
Condition # of padded matrix: 69.7557102111164


Matrix is not Hermitian. Making it Hermitian.......

==================== Print Hermitian matrix system info =======================
Shape of hermitian A: 16x16 -> 32x32
Shape of           B: 16 -> 32
Determinant of Hermitian matrix: 1.6067066552513064e-10
Condition # of Hermitian matrix: 69.75571021111632

=================================== Generating HHL circuit ===================================
Time elapsed for generating HHL circuit: 0 min 8.82 sec

Generated circuit: num_qubits=14, gates=19, depth=5
============================== Generated Circuit saved ==============================

============================== Transpiling circuit ==============================
This is using the AerSimulator('aer_simulator_statevector') transpiler.
Time elapsed for transpiling the circuit:  0 min 1.98 sec
Transpiled circuit, num_qubits: 14, (original: 14)
Transpiled circuit depth: 22393 (original: 5)
Transpiled circuit gates: 22497 (original: 19)
============================== Transpiled Circuit saved ==============================
Time elapsed for running the circuit:  0 min 1.96 sec
total_qubits: 14, nq:5

Time elapsed for extracting shots-based hhl counts solution:  0 min 0.00 sec

[HHL info]: linear system residual (e=||Ax-b||_2): 2.066087360816011
[HHL info]: Fidelity(true_sol, hhl_sol): 0.6629063289443958
[HHL info]: L2 error (absolute): 0.33614501246652845
[HHL info]: L2 error (relative): 0.8038182968606055
[HHL info]: L2 error (normalized): 0.609605450384753

========================================================================================
 Compare system solutions using LU of A, LU sol of A_herm, HHL of Ax=b hermition system
LU sol 	    Herm LU sol    HHL sol    L1_diff(%)
-1.204e-02  -1.204e-02  -0.000e+00  1.000e+02
-4.303e-03  -4.303e-03  -0.000e+00  1.000e+02
-2.802e-02  -2.802e-02  -0.000e+00  1.000e+02
-3.469e-02  -3.469e-02  -0.000e+00  1.000e+02
-6.793e-02  -6.793e-02  -0.000e+00  1.000e+02
-9.720e-02  -9.720e-02  -3.257e-02  6.649e+01
-3.759e-02  -3.759e-02  -0.000e+00  1.000e+02
-9.739e-02  -9.739e-02  -0.000e+00  1.000e+02
-1.359e-01  -1.359e-01  -0.000e+00  1.000e+02
-1.733e-01  -1.733e-01  -6.513e-02  6.242e+01
-1.148e-01  -1.148e-01  -0.000e+00  1.000e+02
-2.124e-01  -2.124e-01  -4.606e-02  7.832e+01
-8.488e-02  -8.488e-02  -3.257e-02  6.163e+01
-6.095e-02  -6.095e-02  -0.000e+00  1.000e+02
-1.733e-01  -1.733e-01  -5.641e-02  6.744e+01
========================================================================================

step: 5/15 res:2.819059237259431, res/res0:0.22779598497525422  dq_norm: [0.07282121 0.         0.07977164]

A info: before HHL prepare:
Spectral radius (A): 2.391e+01, lambda_min:4.016625265533488
condition number(A): 5.952e+00, norm2_cond:66.8176168945602
det(A): 8.324e+15
--------------------------------------------------------------------------------

A_hhl info: after scaling by spectral radius:
Spectral radius (A): 1.000e+00, lambda_min:0.16801422138668612
condition number(A): 5.952e+00, norm2_cond:66.81761689456015
det(A): 1.748e-05, nnz: 11 non zeros per row
--------------------------------------------------------------------------------

Size of A & B are not power of 2:
Next 2 power of 15 = 16
Value to be padded = 1
--------------------------------------------------

==================== Print (N)^2 padded matrix system =======================
Padded shape of A: (15, 15)x(15, 15) -> (16, 16)x(16, 16)
Padded shape of B: (15,) -> (16,)
Determinant of padded matrix: 1.7481718467741065e-05
Condition # of padded matrix: 66.81761689456015


Matrix is not Hermitian. Making it Hermitian.......

==================== Print Hermitian matrix system info =======================
Shape of hermitian A: 16x16 -> 32x32
Shape of           B: 16 -> 32
Determinant of Hermitian matrix: 3.0561048058535897e-10
Condition # of Hermitian matrix: 66.8176168945604

=================================== Generating HHL circuit ===================================
Time elapsed for generating HHL circuit: 0 min 8.80 sec

Generated circuit: num_qubits=14, gates=19, depth=5
============================== Generated Circuit saved ==============================

============================== Transpiling circuit ==============================
This is using the AerSimulator('aer_simulator_statevector') transpiler.
Time elapsed for transpiling the circuit:  0 min 1.69 sec
Transpiled circuit, num_qubits: 14, (original: 14)
Transpiled circuit depth: 22389 (original: 5)
Transpiled circuit gates: 22493 (original: 19)
============================== Transpiled Circuit saved ==============================
Time elapsed for running the circuit:  0 min 1.94 sec
total_qubits: 14, nq:5

Time elapsed for extracting shots-based hhl counts solution:  0 min 0.00 sec

[HHL info]: linear system residual (e=||Ax-b||_2): 1.296495964902834
[HHL info]: Fidelity(true_sol, hhl_sol): 0.7399408366719015
[HHL info]: L2 error (absolute): 0.22278338561785116
[HHL info]: L2 error (relative): 0.6868064710813654
[HHL info]: L2 error (normalized): 0.5287756839512487

========================================================================================
 Compare system solutions using LU of A, LU sol of A_herm, HHL of Ax=b hermition system
LU sol 	    Herm LU sol    HHL sol    L1_diff(%)
-1.268e-02  -1.268e-02  -0.000e+00  1.000e+02
-4.577e-03  -4.577e-03  -0.000e+00  1.000e+02
-2.909e-02  -2.909e-02  -0.000e+00  1.000e+02
-3.647e-02  -3.647e-02  -0.000e+00  1.000e+02
-6.988e-02  -6.988e-02  -0.000e+00  1.000e+02
-6.884e-02  -6.884e-02  -3.914e-02  4.315e+01
-3.431e-02  -3.431e-02  -0.000e+00  1.000e+02
-9.463e-02  -9.463e-02  -3.914e-02  5.864e+01
-1.301e-01  -1.301e-01  -5.535e-02  5.745e+01
-9.678e-02  -9.678e-02  -3.914e-02  5.956e+01
-1.165e-01  -1.165e-01  -5.535e-02  5.251e+01
-1.582e-01  -1.582e-01  -7.827e-02  5.052e+01
-4.818e-02  -4.818e-02  -0.000e+00  1.000e+02
-6.171e-02  -6.171e-02  -0.000e+00  1.000e+02
-1.099e-01  -1.099e-01  -0.000e+00  1.000e+02
========================================================================================

step: 6/15 res:2.0840700412662176, res/res0:0.16840468675967996  dq_norm: [0.0391359  0.06778536 0.10354385]

A info: before HHL prepare:
Spectral radius (A): 2.367e+01, lambda_min:3.983818810812531
condition number(A): 5.942e+00, norm2_cond:66.74929851580748
det(A): 7.712e+15
--------------------------------------------------------------------------------

A_hhl info: after scaling by spectral radius:
Spectral radius (A): 1.000e+00, lambda_min:0.16830195831435643
condition number(A): 5.942e+00, norm2_cond:66.74929851580733
det(A): 1.879e-05, nnz: 12 non zeros per row
--------------------------------------------------------------------------------

Size of A & B are not power of 2:
Next 2 power of 15 = 16
Value to be padded = 1
--------------------------------------------------

==================== Print (N)^2 padded matrix system =======================
Padded shape of A: (15, 15)x(15, 15) -> (16, 16)x(16, 16)
Padded shape of B: (15,) -> (16,)
Determinant of padded matrix: 1.879296636371747e-05
Condition # of padded matrix: 66.74929851580733


Matrix is not Hermitian. Making it Hermitian.......

==================== Print Hermitian matrix system info =======================
Shape of hermitian A: 16x16 -> 32x32
Shape of           B: 16 -> 32
Determinant of Hermitian matrix: 3.531755847478137e-10
Condition # of Hermitian matrix: 66.74929851580744

=================================== Generating HHL circuit ===================================
Time elapsed for generating HHL circuit: 0 min 9.00 sec

Generated circuit: num_qubits=14, gates=19, depth=5
============================== Generated Circuit saved ==============================

============================== Transpiling circuit ==============================
This is using the AerSimulator('aer_simulator_statevector') transpiler.
Time elapsed for transpiling the circuit:  0 min 1.66 sec
Transpiled circuit, num_qubits: 14, (original: 14)
Transpiled circuit depth: 22379 (original: 5)
Transpiled circuit gates: 22483 (original: 19)
============================== Transpiled Circuit saved ==============================
Time elapsed for running the circuit:  0 min 1.96 sec
total_qubits: 14, nq:5

Time elapsed for extracting shots-based hhl counts solution:  0 min 0.00 sec

[HHL info]: linear system residual (e=||Ax-b||_2): 1.2896586356463509
[HHL info]: Fidelity(true_sol, hhl_sol): 0.6497926532895705
[HHL info]: L2 error (absolute): 0.21467330688522857
[HHL info]: L2 error (relative): 0.9690330995458296
[HHL info]: L2 error (normalized): 0.6227404377390398

========================================================================================
 Compare system solutions using LU of A, LU sol of A_herm, HHL of Ax=b hermition system
LU sol 	    Herm LU sol    HHL sol    L1_diff(%)
-1.247e-02  -1.247e-02  -0.000e+00  1.000e+02
-4.378e-03  -4.378e-03  -0.000e+00  1.000e+02
-2.877e-02  -2.877e-02  -0.000e+00  1.000e+02
-3.646e-02  -3.646e-02  -0.000e+00  1.000e+02
-7.058e-02  -7.058e-02  -0.000e+00  1.000e+02
-2.950e-02  -2.950e-02  -0.000e+00  1.000e+02
-3.398e-02  -3.398e-02  -0.000e+00  1.000e+02
-5.531e-02  -5.531e-02  -3.367e-03  9.391e+01
-7.372e-02  -7.372e-02  -2.381e-03  9.677e+01
-5.627e-02  -5.627e-02  -0.000e+00  1.000e+02
-6.071e-02  -6.071e-02  -0.000e+00  1.000e+02
-7.918e-02  -7.918e-02  -4.124e-03  9.479e+01
-4.790e-02  -4.790e-02  -2.381e-03  9.503e+01
-6.169e-02  -6.169e-02  -2.381e-03  9.614e+01
-1.097e-01  -1.097e-01  -5.324e-03  9.514e+01
========================================================================================

step: 7/15 res:1.2960276699310236, res/res0:0.10472639089135675  dq_norm: [0.00238105 0.00412409 0.00714314]

A info: before HHL prepare:
Spectral radius (A): 2.365e+01, lambda_min:3.9901219043071308
condition number(A): 5.928e+00, norm2_cond:66.5644362343356
det(A): 7.727e+15
--------------------------------------------------------------------------------

A_hhl info: after scaling by spectral radius:
Spectral radius (A): 1.000e+00, lambda_min:0.16868105263054622
condition number(A): 5.928e+00, norm2_cond:66.56443623433552
det(A): 1.902e-05, nnz: 11 non zeros per row
--------------------------------------------------------------------------------

Size of A & B are not power of 2:
Next 2 power of 15 = 16
Value to be padded = 1
--------------------------------------------------

==================== Print (N)^2 padded matrix system =======================
Padded shape of A: (15, 15)x(15, 15) -> (16, 16)x(16, 16)
Padded shape of B: (15,) -> (16,)
Determinant of padded matrix: 1.901899730768003e-05
Condition # of padded matrix: 66.56443623433552


Matrix is not Hermitian. Making it Hermitian.......

==================== Print Hermitian matrix system info =======================
Shape of hermitian A: 16x16 -> 32x32
Shape of           B: 16 -> 32
Determinant of Hermitian matrix: 3.61722258589539e-10
Condition # of Hermitian matrix: 66.56443623433579

=================================== Generating HHL circuit ===================================
Time elapsed for generating HHL circuit: 0 min 8.87 sec

Generated circuit: num_qubits=14, gates=19, depth=5
============================== Generated Circuit saved ==============================

============================== Transpiling circuit ==============================
This is using the AerSimulator('aer_simulator_statevector') transpiler.
Time elapsed for transpiling the circuit:  0 min 2.00 sec
Transpiled circuit, num_qubits: 14, (original: 14)
Transpiled circuit depth: 22381 (original: 5)
Transpiled circuit gates: 22485 (original: 19)
============================== Transpiled Circuit saved ==============================
Time elapsed for running the circuit:  0 min 1.93 sec
total_qubits: 14, nq:5

Time elapsed for extracting shots-based hhl counts solution:  0 min 0.00 sec

[HHL info]: linear system residual (e=||Ax-b||_2): 1.2378821452232303
[HHL info]: Fidelity(true_sol, hhl_sol): 0.7570241211556266
[HHL info]: L2 error (absolute): 0.19505188358647607
[HHL info]: L2 error (relative): 0.9090931036001214
[HHL info]: L2 error (normalized): 0.5097620404202636

========================================================================================
 Compare system solutions using LU of A, LU sol of A_herm, HHL of Ax=b hermition system
LU sol 	    Herm LU sol    HHL sol    L1_diff(%)
-1.246e-02  -1.246e-02  -0.000e+00  1.000e+02
-4.371e-03  -4.371e-03  -0.000e+00  1.000e+02
-2.875e-02  -2.875e-02  -0.000e+00  1.000e+02
-3.648e-02  -3.648e-02  -9.573e-03  7.376e+01
-7.064e-02  -7.064e-02  -5.527e-03  9.218e+01
-2.948e-02  -2.948e-02  -0.000e+00  1.000e+02
-3.398e-02  -3.398e-02  -0.000e+00  1.000e+02
-5.188e-02  -5.188e-02  -7.817e-03  8.493e+01
-7.126e-02  -7.126e-02  -5.527e-03  9.224e+01
-5.624e-02  -5.624e-02  -5.527e-03  9.017e+01
-6.076e-02  -6.076e-02  -5.527e-03  9.090e+01
-7.490e-02  -7.490e-02  -1.236e-02  8.350e+01
-4.547e-02  -4.547e-02  -0.000e+00  1.000e+02
-5.934e-02  -5.934e-02  -5.527e-03  9.069e+01
-1.042e-01  -1.042e-01  -7.817e-03  9.250e+01
========================================================================================

step: 8/15 res:1.2897075662487854, res/res0:0.10421569064624917  dq_norm: [0.01105449 0.0123593  0.01563341]

A info: before HHL prepare:
Spectral radius (A): 2.365e+01, lambda_min:3.9649732970205003
condition number(A): 5.964e+00, norm2_cond:66.96162181022424
det(A): 7.525e+15
--------------------------------------------------------------------------------

A_hhl info: after scaling by spectral radius:
Spectral radius (A): 1.000e+00, lambda_min:0.16767618123306738
condition number(A): 5.964e+00, norm2_cond:66.96162181022453
det(A): 1.862e-05, nnz: 11 non zeros per row
--------------------------------------------------------------------------------

Size of A & B are not power of 2:
Next 2 power of 15 = 16
Value to be padded = 1
--------------------------------------------------

==================== Print (N)^2 padded matrix system =======================
Padded shape of A: (15, 15)x(15, 15) -> (16, 16)x(16, 16)
Padded shape of B: (15,) -> (16,)
Determinant of padded matrix: 1.861852927427136e-05
Condition # of padded matrix: 66.96162181022453


Matrix is not Hermitian. Making it Hermitian.......

==================== Print Hermitian matrix system info =======================
Shape of hermitian A: 16x16 -> 32x32
Shape of           B: 16 -> 32
Determinant of Hermitian matrix: 3.466496323368996e-10
Condition # of Hermitian matrix: 66.96162181022451

=================================== Generating HHL circuit ===================================
Time elapsed for generating HHL circuit: 0 min 8.90 sec

Generated circuit: num_qubits=14, gates=19, depth=5
============================== Generated Circuit saved ==============================

============================== Transpiling circuit ==============================
This is using the AerSimulator('aer_simulator_statevector') transpiler.
Time elapsed for transpiling the circuit:  0 min 1.66 sec
Transpiled circuit, num_qubits: 14, (original: 14)
Transpiled circuit depth: 22393 (original: 5)
Transpiled circuit gates: 22497 (original: 19)
============================== Transpiled Circuit saved ==============================
Time elapsed for running the circuit:  0 min 1.95 sec
total_qubits: 14, nq:5

Time elapsed for extracting shots-based hhl counts solution:  0 min 0.00 sec

[HHL info]: linear system residual (e=||Ax-b||_2): 0.8611777565824134
[HHL info]: Fidelity(true_sol, hhl_sol): 0.672709885581142
[HHL info]: L2 error (absolute): 0.14520418481111932
[HHL info]: L2 error (relative): 0.7434070464866547
[HHL info]: L2 error (normalized): 0.5996850292328023

========================================================================================
 Compare system solutions using LU of A, LU sol of A_herm, HHL of Ax=b hermition system
LU sol 	    Herm LU sol    HHL sol    L1_diff(%)
-1.252e-02  -1.252e-02  -0.000e+00  1.000e+02
-4.396e-03  -4.396e-03  -0.000e+00  1.000e+02
-2.894e-02  -2.894e-02  -0.000e+00  1.000e+02
-2.699e-02  -2.699e-02  -0.000e+00  1.000e+02
-6.512e-02  -6.512e-02  -2.314e-02  6.446e+01
-2.988e-02  -2.988e-02  -1.637e-02  4.524e+01
-3.405e-02  -3.405e-02  -0.000e+00  1.000e+02
-4.397e-02  -4.397e-02  -1.637e-02  6.278e+01
-6.581e-02  -6.581e-02  -2.835e-02  5.693e+01
-5.063e-02  -5.063e-02  -0.000e+00  1.000e+02
-5.532e-02  -5.532e-02  -3.273e-02  4.083e+01
-6.249e-02  -6.249e-02  -0.000e+00  1.000e+02
-4.564e-02  -4.564e-02  -0.000e+00  1.000e+02
-5.383e-02  -5.383e-02  -1.637e-02  6.960e+01
-9.665e-02  -9.665e-02  -3.659e-02  6.214e+01
========================================================================================

step: 9/15 res:1.2383914126834636, res/res0:0.10006905421092616  dq_norm: [0.         0.04628876 0.04909665]

A info: before HHL prepare:
Spectral radius (A): 2.348e+01, lambda_min:3.7738085724405033
condition number(A): 6.222e+00, norm2_cond:66.55618212219761
det(A): 6.037e+15
--------------------------------------------------------------------------------

A_hhl info: after scaling by spectral radius:
Spectral radius (A): 1.000e+00, lambda_min:0.1607298889329847
condition number(A): 6.222e+00, norm2_cond:66.5561821221978
det(A): 1.662e-05, nnz: 11 non zeros per row
--------------------------------------------------------------------------------

Size of A & B are not power of 2:
Next 2 power of 15 = 16
Value to be padded = 1
--------------------------------------------------

==================== Print (N)^2 padded matrix system =======================
Padded shape of A: (15, 15)x(15, 15) -> (16, 16)x(16, 16)
Padded shape of B: (15,) -> (16,)
Determinant of padded matrix: 1.6618203074871934e-05
Condition # of padded matrix: 66.5561821221978


Matrix is not Hermitian. Making it Hermitian.......

==================== Print Hermitian matrix system info =======================
Shape of hermitian A: 16x16 -> 32x32
Shape of           B: 16 -> 32
Determinant of Hermitian matrix: 2.761646734376849e-10
Condition # of Hermitian matrix: 66.55618212219795

=================================== Generating HHL circuit ===================================
Time elapsed for generating HHL circuit: 0 min 8.71 sec

Generated circuit: num_qubits=14, gates=19, depth=5
============================== Generated Circuit saved ==============================

============================== Transpiling circuit ==============================
This is using the AerSimulator('aer_simulator_statevector') transpiler.
Time elapsed for transpiling the circuit:  0 min 1.63 sec
Transpiled circuit, num_qubits: 14, (original: 14)
Transpiled circuit depth: 22393 (original: 5)
Transpiled circuit gates: 22497 (original: 19)
============================== Transpiled Circuit saved ==============================
Time elapsed for running the circuit:  0 min 1.96 sec
total_qubits: 14, nq:5

Time elapsed for extracting shots-based hhl counts solution:  0 min 0.00 sec

[HHL info]: linear system residual (e=||Ax-b||_2): 0.4941124329474907
[HHL info]: Fidelity(true_sol, hhl_sol): 0.865863315794994
[HHL info]: L2 error (absolute): 0.08207105133722843
[HHL info]: L2 error (relative): 0.5564541383950925
[HHL info]: L2 error (normalized): 0.3727793782200202

========================================================================================
 Compare system solutions using LU of A, LU sol of A_herm, HHL of Ax=b hermition system
LU sol 	    Herm LU sol    HHL sol    L1_diff(%)
-1.233e-02  -1.233e-02  -0.000e+00  1.000e+02
-4.367e-03  -4.367e-03  -0.000e+00  1.000e+02
-2.836e-02  -2.836e-02  -0.000e+00  1.000e+02
-2.730e-02  -2.730e-02  -0.000e+00  1.000e+02
-4.256e-02  -4.256e-02  -2.614e-02  3.859e+01
-1.324e-02  -1.324e-02  -0.000e+00  1.000e+02
-3.539e-02  -3.539e-02  -1.509e-02  5.736e+01
-2.811e-02  -2.811e-02  -1.509e-02  4.631e+01
-3.927e-02  -3.927e-02  -1.509e-02  6.157e+01
-5.199e-02  -5.199e-02  -2.614e-02  4.972e+01
-2.194e-02  -2.194e-02  -1.509e-02  3.122e+01
-6.496e-02  -6.496e-02  -3.696e-02  4.310e+01
-4.602e-02  -4.602e-02  -2.614e-02  4.320e+01
-3.736e-02  -3.736e-02  -3.018e-02  1.922e+01
-5.953e-02  -5.953e-02  -2.134e-02  6.415e+01
========================================================================================

step: 10/15 res:0.8601127755785295, res/res0:0.06950199354206757  dq_norm: [0.03992616 0.04527201 0.04527201]

A info: before HHL prepare:
Spectral radius (A): 2.371e+01, lambda_min:3.8175896022183125
condition number(A): 6.211e+00, norm2_cond:68.22959398521053
det(A): 6.886e+15
--------------------------------------------------------------------------------

A_hhl info: after scaling by spectral radius:
Spectral radius (A): 1.000e+00, lambda_min:0.16099346629797356
condition number(A): 6.211e+00, norm2_cond:68.22959398521043
det(A): 1.634e-05, nnz: 11 non zeros per row
--------------------------------------------------------------------------------

Size of A & B are not power of 2:
Next 2 power of 15 = 16
Value to be padded = 1
--------------------------------------------------

==================== Print (N)^2 padded matrix system =======================
Padded shape of A: (15, 15)x(15, 15) -> (16, 16)x(16, 16)
Padded shape of B: (15,) -> (16,)
Determinant of padded matrix: 1.6339801382008805e-05
Condition # of padded matrix: 68.22959398521043


Matrix is not Hermitian. Making it Hermitian.......

==================== Print Hermitian matrix system info =======================
Shape of hermitian A: 16x16 -> 32x32
Shape of           B: 16 -> 32
Determinant of Hermitian matrix: 2.6698910920349775e-10
Condition # of Hermitian matrix: 68.22959398521057

=================================== Generating HHL circuit ===================================
Time elapsed for generating HHL circuit: 0 min 8.95 sec

Generated circuit: num_qubits=14, gates=19, depth=5
============================== Generated Circuit saved ==============================

============================== Transpiling circuit ==============================
This is using the AerSimulator('aer_simulator_statevector') transpiler.
Time elapsed for transpiling the circuit:  0 min 1.69 sec
Transpiled circuit, num_qubits: 14, (original: 14)
Transpiled circuit depth: 22393 (original: 5)
Transpiled circuit gates: 22497 (original: 19)
============================== Transpiled Circuit saved ==============================
Time elapsed for running the circuit:  0 min 1.94 sec
total_qubits: 14, nq:5

Time elapsed for extracting shots-based hhl counts solution:  0 min 0.00 sec

[HHL info]: linear system residual (e=||Ax-b||_2): 0.49760842104136027
[HHL info]: Fidelity(true_sol, hhl_sol): 0.761458575922519
[HHL info]: L2 error (absolute): 0.08075902730104388
[HHL info]: L2 error (relative): 0.9932180405063109
[HHL info]: L2 error (normalized): 0.5047456024877854

========================================================================================
 Compare system solutions using LU of A, LU sol of A_herm, HHL of Ax=b hermition system
LU sol 	    Herm LU sol    HHL sol    L1_diff(%)
-1.256e-02  -1.256e-02  -1.582e-04  9.874e+01
-4.491e-03  -4.491e-03  -0.000e+00  1.000e+02
-2.875e-02  -2.875e-02  -2.237e-04  9.922e+01
-2.723e-02  -2.723e-02  -1.582e-04  9.942e+01
-1.591e-02  -1.591e-02  -0.000e+00  1.000e+02
-1.258e-02  -1.258e-02  -0.000e+00  1.000e+02
-1.919e-02  -1.919e-02  -1.582e-04  9.918e+01
-1.266e-02  -1.266e-02  -2.237e-04  9.823e+01
-2.269e-02  -2.269e-02  -1.582e-04  9.930e+01
-2.462e-02  -2.462e-02  -0.000e+00  1.000e+02
-7.327e-03  -7.327e-03  -0.000e+00  1.000e+02
-2.725e-02  -2.725e-02  -2.739e-04  9.899e+01
-1.959e-02  -1.959e-02  -2.237e-04  9.886e+01
-7.247e-03  -7.247e-03  -0.000e+00  1.000e+02
-3.964e-02  -3.964e-02  -2.739e-04  9.931e+01
========================================================================================

step: 11/15 res:0.49721456647871604, res/res0:0.040177758742371464  dq_norm: [0.00035365 0.00022367 0.00047447]

A info: before HHL prepare:
Spectral radius (A): 2.371e+01, lambda_min:3.8201731338016773
condition number(A): 6.208e+00, norm2_cond:68.20465622977706
det(A): 6.908e+15
--------------------------------------------------------------------------------

A_hhl info: after scaling by spectral radius:
Spectral radius (A): 1.000e+00, lambda_min:0.16109168204687738
condition number(A): 6.208e+00, norm2_cond:68.20465622977729
det(A): 1.638e-05, nnz: 11 non zeros per row
--------------------------------------------------------------------------------

Size of A & B are not power of 2:
Next 2 power of 15 = 16
Value to be padded = 1
--------------------------------------------------

==================== Print (N)^2 padded matrix system =======================
Padded shape of A: (15, 15)x(15, 15) -> (16, 16)x(16, 16)
Padded shape of B: (15,) -> (16,)
Determinant of padded matrix: 1.637624596873411e-05
Condition # of padded matrix: 68.20465622977729


Matrix is not Hermitian. Making it Hermitian.......

==================== Print Hermitian matrix system info =======================
Shape of hermitian A: 16x16 -> 32x32
Shape of           B: 16 -> 32
Determinant of Hermitian matrix: 2.681814320284802e-10
Condition # of Hermitian matrix: 68.20465622977731

=================================== Generating HHL circuit ===================================
Time elapsed for generating HHL circuit: 0 min 9.03 sec

Generated circuit: num_qubits=14, gates=19, depth=5
============================== Generated Circuit saved ==============================

============================== Transpiling circuit ==============================
This is using the AerSimulator('aer_simulator_statevector') transpiler.
Time elapsed for transpiling the circuit:  0 min 1.70 sec
Transpiled circuit, num_qubits: 14, (original: 14)
Transpiled circuit depth: 22393 (original: 5)
Transpiled circuit gates: 22497 (original: 19)
============================== Transpiled Circuit saved ==============================
Time elapsed for running the circuit:  0 min 1.94 sec
total_qubits: 14, nq:5

Time elapsed for extracting shots-based hhl counts solution:  0 min 0.00 sec

[HHL info]: linear system residual (e=||Ax-b||_2): 0.42176625746232554
[HHL info]: Fidelity(true_sol, hhl_sol): 0.8011499973299488
[HHL info]: L2 error (absolute): 0.06339722757446649
[HHL info]: L2 error (relative): 0.7852787158654101
[HHL info]: L2 error (normalized): 0.4581051665576723

========================================================================================
 Compare system solutions using LU of A, LU sol of A_herm, HHL of Ax=b hermition system
LU sol 	    Herm LU sol    HHL sol    L1_diff(%)
-1.241e-02  -1.241e-02  -0.000e+00  1.000e+02
-4.493e-03  -4.493e-03  -0.000e+00  1.000e+02
-2.853e-02  -2.853e-02  -4.280e-03  8.500e+01
-2.707e-02  -2.707e-02  -9.571e-03  6.464e+01
-1.592e-02  -1.592e-02  -4.280e-03  7.311e+01
-1.260e-02  -1.260e-02  -4.280e-03  6.603e+01
-1.903e-02  -1.903e-02  -0.000e+00  1.000e+02
-1.244e-02  -1.244e-02  -0.000e+00  1.000e+02
-2.254e-02  -2.254e-02  -4.280e-03  8.101e+01
-2.461e-02  -2.461e-02  -8.561e-03  6.522e+01
-7.326e-03  -7.326e-03  -4.280e-03  4.157e+01
-2.696e-02  -2.696e-02  -4.280e-03  8.412e+01
-1.935e-02  -1.935e-02  -6.053e-03  6.872e+01
-7.248e-03  -7.248e-03  -0.000e+00  1.000e+02
-3.933e-02  -3.933e-02  -9.571e-03  7.566e+01
========================================================================================

step: 12/15 res:0.49760916260189664, res/res0:0.040209644348519535  dq_norm: [0.01419652 0.00605342 0.01284124]

A info: before HHL prepare:
Spectral radius (A): 2.379e+01, lambda_min:3.914833490264342
condition number(A): 6.076e+00, norm2_cond:67.714398851737
det(A): 7.760e+15
--------------------------------------------------------------------------------

A_hhl info: after scaling by spectral radius:
Spectral radius (A): 1.000e+00, lambda_min:0.16457262242186232
condition number(A): 6.076e+00, norm2_cond:67.71439885173713
det(A): 1.756e-05, nnz: 11 non zeros per row
--------------------------------------------------------------------------------

Size of A & B are not power of 2:
Next 2 power of 15 = 16
Value to be padded = 1
--------------------------------------------------

==================== Print (N)^2 padded matrix system =======================
Padded shape of A: (15, 15)x(15, 15) -> (16, 16)x(16, 16)
Padded shape of B: (15,) -> (16,)
Determinant of padded matrix: 1.7559317601201302e-05
Condition # of padded matrix: 67.71439885173713


Matrix is not Hermitian. Making it Hermitian.......

==================== Print Hermitian matrix system info =======================
Shape of hermitian A: 16x16 -> 32x32
Shape of           B: 16 -> 32
Determinant of Hermitian matrix: 3.083296346198578e-10
Condition # of Hermitian matrix: 67.7143988517372

=================================== Generating HHL circuit ===================================
Time elapsed for generating HHL circuit: 0 min 8.97 sec

Generated circuit: num_qubits=14, gates=19, depth=5
============================== Generated Circuit saved ==============================

============================== Transpiling circuit ==============================
This is using the AerSimulator('aer_simulator_statevector') transpiler.
Time elapsed for transpiling the circuit:  0 min 1.64 sec
Transpiled circuit, num_qubits: 14, (original: 14)
Transpiled circuit depth: 22391 (original: 5)
Transpiled circuit gates: 22495 (original: 19)
============================== Transpiled Circuit saved ==============================
Time elapsed for running the circuit:  0 min 1.93 sec
total_qubits: 14, nq:5

Time elapsed for extracting shots-based hhl counts solution:  0 min 0.00 sec

[HHL info]: linear system residual (e=||Ax-b||_2): 0.43408884552688365
[HHL info]: Fidelity(true_sol, hhl_sol): 0.542834045222865
[HHL info]: L2 error (absolute): 0.06075981513292688
[HHL info]: L2 error (relative): 0.9703397130555553
[HHL info]: L2 error (normalized): 0.7255718807820619

========================================================================================
 Compare system solutions using LU of A, LU sol of A_herm, HHL of Ax=b hermition system
LU sol 	    Herm LU sol    HHL sol    L1_diff(%)
-1.239e-02  -1.239e-02  -8.077e-04  9.348e+01
-4.512e-03  -4.512e-03  -0.000e+00  1.000e+02
-2.425e-02  -2.425e-02  -0.000e+00  1.000e+02
-1.739e-02  -1.739e-02  -8.077e-04  9.535e+01
-1.166e-02  -1.166e-02  -0.000e+00  1.000e+02
-8.560e-03  -8.560e-03  -0.000e+00  1.000e+02
-1.892e-02  -1.892e-02  -0.000e+00  1.000e+02
-1.238e-02  -1.238e-02  -8.077e-04  9.347e+01
-1.808e-02  -1.808e-02  -1.399e-03  9.226e+01
-1.565e-02  -1.565e-02  -0.000e+00  1.000e+02
-3.089e-03  -3.089e-03  -0.000e+00  1.000e+02
-2.229e-02  -2.229e-02  -8.077e-04  9.638e+01
-1.293e-02  -1.293e-02  -0.000e+00  1.000e+02
-7.275e-03  -7.275e-03  -0.000e+00  1.000e+02
-2.895e-02  -2.895e-02  -1.399e-03  9.517e+01
========================================================================================

step: 13/15 res:0.42093578148607164, res/res0:0.03401400002086007  dq_norm: [0.00114223 0.00080768 0.00213691]

A info: before HHL prepare:
Spectral radius (A): 2.378e+01, lambda_min:3.917317755061588
condition number(A): 6.072e+00, norm2_cond:67.63277237946399
det(A): 7.769e+15
--------------------------------------------------------------------------------

A_hhl info: after scaling by spectral radius:
Spectral radius (A): 1.000e+00, lambda_min:0.16470098591982907
condition number(A): 6.072e+00, norm2_cond:67.63277237946409
det(A): 1.762e-05, nnz: 11 non zeros per row
--------------------------------------------------------------------------------

Size of A & B are not power of 2:
Next 2 power of 15 = 16
Value to be padded = 1
--------------------------------------------------

==================== Print (N)^2 padded matrix system =======================
Padded shape of A: (15, 15)x(15, 15) -> (16, 16)x(16, 16)
Padded shape of B: (15,) -> (16,)
Determinant of padded matrix: 1.7619844163008923e-05
Condition # of padded matrix: 67.63277237946409


Matrix is not Hermitian. Making it Hermitian.......

==================== Print Hermitian matrix system info =======================
Shape of hermitian A: 16x16 -> 32x32
Shape of           B: 16 -> 32
Determinant of Hermitian matrix: 3.104589083287196e-10
Condition # of Hermitian matrix: 67.63277237946409

=================================== Generating HHL circuit ===================================
Time elapsed for generating HHL circuit: 0 min 8.47 sec

Generated circuit: num_qubits=14, gates=19, depth=5
============================== Generated Circuit saved ==============================

============================== Transpiling circuit ==============================
This is using the AerSimulator('aer_simulator_statevector') transpiler.
Time elapsed for transpiling the circuit:  0 min 1.56 sec
Transpiled circuit, num_qubits: 14, (original: 14)
Transpiled circuit depth: 22391 (original: 5)
Transpiled circuit gates: 22495 (original: 19)
============================== Transpiled Circuit saved ==============================
Time elapsed for running the circuit:  0 min 1.88 sec
total_qubits: 14, nq:5

Time elapsed for extracting shots-based hhl counts solution:  0 min 0.00 sec

[HHL info]: linear system residual (e=||Ax-b||_2): 0.4027663212443077
[HHL info]: Fidelity(true_sol, hhl_sol): 0.6065487959585987
[HHL info]: L2 error (absolute): 0.052257689191130136
[HHL info]: L2 error (relative): 0.8598276847103706
[HHL info]: L2 error (normalized): 0.6651128826225232

========================================================================================
 Compare system solutions using LU of A, LU sol of A_herm, HHL of Ax=b hermition system
LU sol 	    Herm LU sol    HHL sol    L1_diff(%)
-1.158e-02  -1.158e-02  -0.000e+00  1.000e+02
-4.519e-03  -4.519e-03  -0.000e+00  1.000e+02
-2.426e-02  -2.426e-02  -4.943e-03  7.963e+01
-1.659e-02  -1.659e-02  -3.495e-03  7.893e+01
-1.168e-02  -1.168e-02  -3.495e-03  7.007e+01
-8.611e-03  -8.611e-03  -0.000e+00  1.000e+02
-1.894e-02  -1.894e-02  -0.000e+00  1.000e+02
-1.157e-02  -1.157e-02  -0.000e+00  1.000e+02
-1.669e-02  -1.669e-02  -0.000e+00  1.000e+02
-1.566e-02  -1.566e-02  -6.053e-03  6.135e+01
-3.098e-03  -3.098e-03  -0.000e+00  1.000e+02
-2.147e-02  -2.147e-02  -3.495e-03  8.372e+01
-1.293e-02  -1.293e-02  -4.943e-03  6.178e+01
-7.282e-03  -7.282e-03  -0.000e+00  1.000e+02
-2.753e-02  -2.753e-02  -3.495e-03  8.730e+01
========================================================================================

step: 14/15 res:0.4341053739844884, res/res0:0.03507817783424154  dq_norm: [0.00856081 0.00349494 0.00698987]
Completed: 14 steps in 194.34s
Saved metadata to /lustre/orion/stf006/scratch/4klornl/fvm_euler_1d_solver/output_parallel_shots/trials2/statevector/shots_1000/trial_3/metadata_nelem5_HHL_statevector_nshots1000.pkl

Solution summary:
  x/L: [0.1000, 0.9000]
  Mach: [1.5052, 2.1136]
  p/p_in: [0.9941, 0.3785]
  rho/rho_in: [0.9990, 0.4916]
Saved combined plot to /lustre/orion/stf006/scratch/4klornl/fvm_euler_1d_solver/output_parallel_shots/trials2/statevector/shots_1000/trial_3/solution_plot_nelem5_HHL_statevector_nshots1000.png
