
------------------------------------------------------------
Using ideal local simulator with 'statevector' method
Backend: aer_simulator_statevector
Shots: 150000
------------------------------------------------------------

A info: before HHL prepare:
Spectral radius (A): 2.241e+01, lambda_min:2.3074021727489433
condition number(A): 9.710e+00, norm2_cond:95.97789014324577
det(A): 9.333e+14
--------------------------------------------------------------------------------

A_hhl info: after scaling by spectral radius:
Spectral radius (A): 1.000e+00, lambda_min:0.1029832130561069
condition number(A): 9.710e+00, norm2_cond:95.9778901432457
det(A): 5.184e-06, nnz: 10 non zeros per row
--------------------------------------------------------------------------------

Size of A & B are not power of 2:
Next 2 power of 15 = 16
Value to be padded = 1
--------------------------------------------------

==================== Print (N)^2 padded matrix system =======================
Padded shape of A: (15, 15)x(15, 15) -> (16, 16)x(16, 16)
Padded shape of B: (15,) -> (16,)
Determinant of padded matrix: 5.183984510966138e-06
Condition # of padded matrix: 95.9778901432457


Matrix is not Hermitian. Making it Hermitian.......

==================== Print Hermitian matrix system info =======================
Shape of hermitian A: 16x16 -> 32x32
Shape of           B: 16 -> 32
Determinant of Hermitian matrix: 2.6873695409936828e-11
Condition # of Hermitian matrix: 95.9778901432459

=================================== Generating HHL circuit ===================================
Time elapsed for generating HHL circuit: 0 min 8.63 sec

Generated circuit: num_qubits=14, gates=19, depth=5
============================== Generated Circuit saved ==============================

============================== Transpiling circuit ==============================
This is using the AerSimulator('aer_simulator_statevector') transpiler.
Time elapsed for transpiling the circuit:  0 min 1.98 sec
Transpiled circuit, num_qubits: 14, (original: 14)
Transpiled circuit depth: 22395 (original: 5)
Transpiled circuit gates: 22499 (original: 19)
============================== Transpiled Circuit saved ==============================
Time elapsed for running the circuit:  0 min 2.31 sec
total_qubits: 14, nq:5

Time elapsed for extracting shots-based hhl counts solution:  0 min 0.00 sec

[HHL info]: linear system residual (e=||Ax-b||_2): 2.7659069166305486
[HHL info]: Fidelity(true_sol, hhl_sol): 0.9988350489830785
[HHL info]: L2 error (absolute): 0.09872182770858184
[HHL info]: L2 error (relative): 0.03650166907967194
[HHL info]: L2 error (normalized): 0.03413635148056023

========================================================================================
 Compare system solutions using LU of A, LU sol of A_herm, HHL of Ax=b hermition system
LU sol 	    Herm LU sol    HHL sol    L1_diff(%)
-1.705e-02  -1.705e-02  -0.000e+00  1.000e+02
-7.527e-03  -7.527e-03  -0.000e+00  1.000e+02
-3.946e-02  -3.946e-02  -5.933e-02  5.033e+01
-1.283e-01  -1.283e-01  -1.570e-01  2.238e+01
-6.877e-02  -6.877e-02  -5.933e-02  1.373e+01
-2.800e-01  -2.800e-01  -2.845e-01  1.607e+00
-4.114e-01  -4.114e-01  -4.671e-01  1.354e+01
-4.227e-01  -4.227e-01  -3.980e-01  5.856e+00
-1.109e+00  -1.109e+00  -1.126e+00  1.460e+00
-5.252e-01  -5.252e-01  -5.437e-01  3.529e+00
-5.558e-01  -5.558e-01  -5.372e-01  3.336e+00
-1.428e+00  -1.428e+00  -1.437e+00  6.751e-01
-5.637e-01  -5.637e-01  -5.306e-01  5.872e+00
-5.958e-01  -5.958e-01  -5.782e-01  2.942e+00
-1.529e+00  -1.529e+00  -1.573e+00  2.858e+00
========================================================================================

step: 0/15 res:12.375368413827264, res/res0:1.0  dq_norm: [0.90557013 0.88592419 2.42729104]

A info: before HHL prepare:
Spectral radius (A): 2.556e+01, lambda_min:6.060577554348073
condition number(A): 4.218e+00, norm2_cond:61.953357272417776
det(A): 3.352e+16
--------------------------------------------------------------------------------

A_hhl info: after scaling by spectral radius:
Spectral radius (A): 1.000e+00, lambda_min:0.23708451224637972
condition number(A): 4.218e+00, norm2_cond:61.95335727241777
det(A): 2.577e-05, nnz: 11 non zeros per row
--------------------------------------------------------------------------------

Size of A & B are not power of 2:
Next 2 power of 15 = 16
Value to be padded = 1
--------------------------------------------------

==================== Print (N)^2 padded matrix system =======================
Padded shape of A: (15, 15)x(15, 15) -> (16, 16)x(16, 16)
Padded shape of B: (15,) -> (16,)
Determinant of padded matrix: 2.57728293436048e-05
Condition # of padded matrix: 61.95335727241777


Matrix is not Hermitian. Making it Hermitian.......

==================== Print Hermitian matrix system info =======================
Shape of hermitian A: 16x16 -> 32x32
Shape of           B: 16 -> 32
Determinant of Hermitian matrix: 6.642387323745838e-10
Condition # of Hermitian matrix: 61.95335727241787

=================================== Generating HHL circuit ===================================
Time elapsed for generating HHL circuit: 0 min 7.44 sec

Generated circuit: num_qubits=13, gates=18, depth=5
============================== Generated Circuit saved ==============================

============================== Transpiling circuit ==============================
This is using the AerSimulator('aer_simulator_statevector') transpiler.
Time elapsed for transpiling the circuit:  0 min 1.50 sec
Transpiled circuit, num_qubits: 13, (original: 13)
Transpiled circuit depth: 19308 (original: 5)
Transpiled circuit gates: 19393 (original: 18)
============================== Transpiled Circuit saved ==============================
Time elapsed for running the circuit:  0 min 1.73 sec
total_qubits: 13, nq:5

Time elapsed for extracting shots-based hhl counts solution:  0 min 0.00 sec

[HHL info]: linear system residual (e=||Ax-b||_2): 0.6880913871042312
[HHL info]: Fidelity(true_sol, hhl_sol): 0.9889412102764655
[HHL info]: L2 error (absolute): 0.027209241527353878
[HHL info]: L2 error (relative): 0.12697508895048543
[HHL info]: L2 error (normalized): 0.10530685716294536

========================================================================================
 Compare system solutions using LU of A, LU sol of A_herm, HHL of Ax=b hermition system
LU sol 	    Herm LU sol    HHL sol    L1_diff(%)
-1.587e-02  -1.587e-02  -9.573e-03  3.968e+01
-7.108e-03  -7.108e-03  -0.000e+00  1.000e+02
 2.294e-02   2.294e-02   2.345e-02  2.235e+00
 2.862e-02   2.862e-02   3.452e-02  2.061e+01
-1.775e-02  -1.775e-02  -1.658e-02  6.567e+00
 6.642e-03   6.642e-03   9.573e-03  4.413e+01
 6.953e-02   6.953e-02   8.400e-02  2.082e+01
-1.990e-02  -1.990e-02  -1.915e-02  3.773e+00
 5.958e-02   5.958e-02   6.277e-02  5.361e+00
 5.315e-02   5.315e-02   5.823e-02  9.548e+00
-1.644e-02  -1.644e-02  -0.000e+00  1.000e+02
 9.132e-02   9.132e-02   9.621e-02  5.352e+00
 1.329e-02   1.329e-02   1.658e-02  2.477e+01
-1.857e-02  -1.857e-02  -1.658e-02  1.072e+01
 1.522e-01   1.522e-01   1.593e-01  4.653e+00
========================================================================================

step: 1/15 res:3.6145425790671353, res/res0:0.2920755534864343  dq_norm: [0.10956661 0.0302721  0.19804527]

A info: before HHL prepare:
Spectral radius (A): 2.406e+01, lambda_min:4.213699910922396
condition number(A): 5.710e+00, norm2_cond:66.86631825992075
det(A): 1.033e+16
--------------------------------------------------------------------------------

A_hhl info: after scaling by spectral radius:
Spectral radius (A): 1.000e+00, lambda_min:0.17514020234871788
condition number(A): 5.710e+00, norm2_cond:66.86631825992075
det(A): 1.972e-05, nnz: 11 non zeros per row
--------------------------------------------------------------------------------

Size of A & B are not power of 2:
Next 2 power of 15 = 16
Value to be padded = 1
--------------------------------------------------

==================== Print (N)^2 padded matrix system =======================
Padded shape of A: (15, 15)x(15, 15) -> (16, 16)x(16, 16)
Padded shape of B: (15,) -> (16,)
Determinant of padded matrix: 1.97158264971025e-05
Condition # of padded matrix: 66.86631825992075


Matrix is not Hermitian. Making it Hermitian.......

==================== Print Hermitian matrix system info =======================
Shape of hermitian A: 16x16 -> 32x32
Shape of           B: 16 -> 32
Determinant of Hermitian matrix: 3.887138144638504e-10
Condition # of Hermitian matrix: 66.86631825992077

=================================== Generating HHL circuit ===================================
Time elapsed for generating HHL circuit: 0 min 8.51 sec

Generated circuit: num_qubits=14, gates=19, depth=5
============================== Generated Circuit saved ==============================

============================== Transpiling circuit ==============================
This is using the AerSimulator('aer_simulator_statevector') transpiler.
Time elapsed for transpiling the circuit:  0 min 1.67 sec
Transpiled circuit, num_qubits: 14, (original: 14)
Transpiled circuit depth: 22397 (original: 5)
Transpiled circuit gates: 22501 (original: 19)
============================== Transpiled Circuit saved ==============================
Time elapsed for running the circuit:  0 min 2.33 sec
total_qubits: 14, nq:5

Time elapsed for extracting shots-based hhl counts solution:  0 min 0.00 sec

[HHL info]: linear system residual (e=||Ax-b||_2): 0.38342553546241853
[HHL info]: Fidelity(true_sol, hhl_sol): 0.9898377056479499
[HHL info]: L2 error (absolute): 0.03355389029798567
[HHL info]: L2 error (relative): 0.7152552796314585
[HHL info]: L2 error (normalized): 0.10093683387746269

========================================================================================
 Compare system solutions using LU of A, LU sol of A_herm, HHL of Ax=b hermition system
LU sol 	    Herm LU sol    HHL sol    L1_diff(%)
-2.999e-03  -2.999e-03  -7.588e-04  7.470e+01
-4.570e-03  -4.570e-03  -1.518e-03  6.679e+01
 7.010e-03   7.010e-03   2.234e-03  6.813e+01
 8.301e-03   8.301e-03   2.277e-03  7.257e+01
 5.139e-03   5.139e-03   1.385e-03  7.304e+01
 2.467e-02   2.467e-02   6.872e-03  7.214e+01
 2.633e-03   2.633e-03   8.762e-04  6.672e+01
-3.687e-03  -3.687e-03  -1.580e-03  5.716e+01
 2.854e-02   2.854e-02   7.983e-03  7.203e+01
 2.433e-03   2.433e-03   0.000e+00  1.000e+02
-1.704e-02  -1.704e-02  -5.034e-03  7.047e+01
 1.676e-02   1.676e-02   5.090e-03  6.963e+01
-2.183e-03  -2.183e-03  -0.000e+00  1.000e+02
-7.405e-04  -7.405e-04  -0.000e+00  1.000e+02
 6.495e-04   6.495e-04   7.588e-04  1.684e+01
========================================================================================

step: 2/15 res:0.5102546609554993, res/res0:0.041231472380683296  dq_norm: [0.00255464 0.00566172 0.01193417]

A info: before HHL prepare:
Spectral radius (A): 2.406e+01, lambda_min:4.178563031923331
condition number(A): 5.758e+00, norm2_cond:67.07587239485281
det(A): 1.016e+16
--------------------------------------------------------------------------------

A_hhl info: after scaling by spectral radius:
Spectral radius (A): 1.000e+00, lambda_min:0.17365967847657984
condition number(A): 5.758e+00, norm2_cond:67.07587239485281
det(A): 1.936e-05, nnz: 11 non zeros per row
--------------------------------------------------------------------------------

Size of A & B are not power of 2:
Next 2 power of 15 = 16
Value to be padded = 1
--------------------------------------------------

==================== Print (N)^2 padded matrix system =======================
Padded shape of A: (15, 15)x(15, 15) -> (16, 16)x(16, 16)
Padded shape of B: (15,) -> (16,)
Determinant of padded matrix: 1.9361120865128554e-05
Condition # of padded matrix: 67.07587239485281


Matrix is not Hermitian. Making it Hermitian.......

==================== Print Hermitian matrix system info =======================
Shape of hermitian A: 16x16 -> 32x32
Shape of           B: 16 -> 32
Determinant of Hermitian matrix: 3.7485300115411354e-10
Condition # of Hermitian matrix: 67.07587239485294

=================================== Generating HHL circuit ===================================
Time elapsed for generating HHL circuit: 0 min 8.89 sec

Generated circuit: num_qubits=14, gates=19, depth=5
============================== Generated Circuit saved ==============================

============================== Transpiling circuit ==============================
This is using the AerSimulator('aer_simulator_statevector') transpiler.
Time elapsed for transpiling the circuit:  0 min 1.67 sec
Transpiled circuit, num_qubits: 14, (original: 14)
Transpiled circuit depth: 22397 (original: 5)
Transpiled circuit gates: 22501 (original: 19)
============================== Transpiled Circuit saved ==============================
Time elapsed for running the circuit:  0 min 2.33 sec
total_qubits: 14, nq:5

Time elapsed for extracting shots-based hhl counts solution:  0 min 0.00 sec

[HHL info]: linear system residual (e=||Ax-b||_2): 0.3064965555533364
[HHL info]: Fidelity(true_sol, hhl_sol): 0.9917576276330676
[HHL info]: L2 error (absolute): 0.02637201019294796
[HHL info]: L2 error (relative): 0.7749290490317793
[HHL info]: L2 error (normalized): 0.09088138918453258

========================================================================================
 Compare system solutions using LU of A, LU sol of A_herm, HHL of Ax=b hermition system
LU sol 	    Herm LU sol    HHL sol    L1_diff(%)
-2.218e-03  -2.218e-03  -4.491e-04  7.975e+01
-3.036e-03  -3.036e-03  -7.334e-04  7.585e+01
 4.825e-03   4.825e-03   1.069e-03  7.784e+01
 6.111e-03   6.111e-03   1.490e-03  7.563e+01
 3.792e-03   3.792e-03   1.037e-03  7.265e+01
 1.799e-02   1.799e-02   4.141e-03  7.698e+01
 1.854e-03   1.854e-03   4.491e-04  7.578e+01
-2.119e-03  -2.119e-03  -5.186e-04  7.553e+01
 2.098e-02   2.098e-02   4.844e-03  7.691e+01
 2.471e-03   2.471e-03   2.593e-04  8.951e+01
-1.203e-02  -1.203e-02  -2.501e-03  7.921e+01
 1.189e-02   1.189e-02   2.593e-03  7.819e+01
-2.197e-03  -2.197e-03  -0.000e+00  1.000e+02
-7.373e-04  -7.373e-04  -0.000e+00  1.000e+02
-1.236e-04  -1.236e-04  -0.000e+00  1.000e+02
========================================================================================

step: 3/15 res:0.38357403021697445, res/res0:0.030994958484500467  dq_norm: [0.00163991 0.00285221 0.00696236]

A info: before HHL prepare:
Spectral radius (A): 2.406e+01, lambda_min:4.160813164300128
condition number(A): 5.783e+00, norm2_cond:67.16435827446523
det(A): 1.007e+16
--------------------------------------------------------------------------------

A_hhl info: after scaling by spectral radius:
Spectral radius (A): 1.000e+00, lambda_min:0.17290777603787633
condition number(A): 5.783e+00, norm2_cond:67.164358274465
det(A): 1.917e-05, nnz: 11 non zeros per row
--------------------------------------------------------------------------------

Size of A & B are not power of 2:
Next 2 power of 15 = 16
Value to be padded = 1
--------------------------------------------------

==================== Print (N)^2 padded matrix system =======================
Padded shape of A: (15, 15)x(15, 15) -> (16, 16)x(16, 16)
Padded shape of B: (15,) -> (16,)
Determinant of padded matrix: 1.9169896488076474e-05
Condition # of padded matrix: 67.164358274465


Matrix is not Hermitian. Making it Hermitian.......

==================== Print Hermitian matrix system info =======================
Shape of hermitian A: 16x16 -> 32x32
Shape of           B: 16 -> 32
Determinant of Hermitian matrix: 3.6748493136356676e-10
Condition # of Hermitian matrix: 67.16435827446513

=================================== Generating HHL circuit ===================================
Time elapsed for generating HHL circuit: 0 min 8.73 sec

Generated circuit: num_qubits=14, gates=19, depth=5
============================== Generated Circuit saved ==============================

============================== Transpiling circuit ==============================
This is using the AerSimulator('aer_simulator_statevector') transpiler.
Time elapsed for transpiling the circuit:  0 min 1.64 sec
Transpiled circuit, num_qubits: 14, (original: 14)
Transpiled circuit depth: 22395 (original: 5)
Transpiled circuit gates: 22499 (original: 19)
============================== Transpiled Circuit saved ==============================
Time elapsed for running the circuit:  0 min 2.32 sec
total_qubits: 14, nq:5

Time elapsed for extracting shots-based hhl counts solution:  0 min 0.00 sec

[HHL info]: linear system residual (e=||Ax-b||_2): 0.22769786129265585
[HHL info]: Fidelity(true_sol, hhl_sol): 0.9962321083276976
[HHL info]: L2 error (absolute): 0.019895816856679238
[HHL info]: L2 error (relative): 0.7490431260503756
[HHL info]: L2 error (normalized): 0.06141211302830817

========================================================================================
 Compare system solutions using LU of A, LU sol of A_herm, HHL of Ax=b hermition system
LU sol 	    Herm LU sol    HHL sol    L1_diff(%)
-1.761e-03  -1.761e-03  -5.148e-04  7.076e+01
-2.297e-03  -2.297e-03  -5.148e-04  7.759e+01
 3.774e-03   3.774e-03   9.631e-04  7.448e+01
 4.655e-03   4.655e-03   1.261e-03  7.291e+01
 2.769e-03   2.769e-03   5.756e-04  7.922e+01
 1.392e-02   1.392e-02   3.336e-03  7.603e+01
 1.446e-03   1.446e-03   2.574e-04  8.220e+01
-1.603e-03  -1.603e-03  -2.574e-04  8.395e+01
 1.630e-02   1.630e-02   4.151e-03  7.454e+01
 2.231e-03   2.231e-03   6.305e-04  7.174e+01
-9.533e-03  -9.533e-03  -2.428e-03  7.453e+01
 9.389e-03   9.389e-03   2.509e-03  7.328e+01
-2.201e-03  -2.201e-03  -4.458e-04  7.974e+01
-7.364e-04  -7.364e-04  -0.000e+00  1.000e+02
-1.229e-04  -1.229e-04  -0.000e+00  1.000e+02
========================================================================================

step: 4/15 res:0.3065377892727315, res/res0:0.02476999302341822  dq_norm: [0.00158676 0.00256116 0.00596494]

A info: before HHL prepare:
Spectral radius (A): 2.407e+01, lambda_min:4.147611429174592
condition number(A): 5.803e+00, norm2_cond:67.19912332125585
det(A): 1.004e+16
--------------------------------------------------------------------------------

A_hhl info: after scaling by spectral radius:
Spectral radius (A): 1.000e+00, lambda_min:0.17233551931836247
condition number(A): 5.803e+00, norm2_cond:67.19912332125583
det(A): 1.906e-05, nnz: 11 non zeros per row
--------------------------------------------------------------------------------

Size of A & B are not power of 2:
Next 2 power of 15 = 16
Value to be padded = 1
--------------------------------------------------

==================== Print (N)^2 padded matrix system =======================
Padded shape of A: (15, 15)x(15, 15) -> (16, 16)x(16, 16)
Padded shape of B: (15,) -> (16,)
Determinant of padded matrix: 1.906233371105004e-05
Condition # of padded matrix: 67.19912332125583


Matrix is not Hermitian. Making it Hermitian.......

==================== Print Hermitian matrix system info =======================
Shape of hermitian A: 16x16 -> 32x32
Shape of           B: 16 -> 32
Determinant of Hermitian matrix: 3.6337256651143223e-10
Condition # of Hermitian matrix: 67.19912332125588

=================================== Generating HHL circuit ===================================
Time elapsed for generating HHL circuit: 0 min 8.74 sec

Generated circuit: num_qubits=14, gates=19, depth=5
============================== Generated Circuit saved ==============================

============================== Transpiling circuit ==============================
This is using the AerSimulator('aer_simulator_statevector') transpiler.
Time elapsed for transpiling the circuit:  0 min 1.70 sec
Transpiled circuit, num_qubits: 14, (original: 14)
Transpiled circuit depth: 22395 (original: 5)
Transpiled circuit gates: 22499 (original: 19)
============================== Transpiled Circuit saved ==============================
Time elapsed for running the circuit:  0 min 2.33 sec
total_qubits: 14, nq:5

Time elapsed for extracting shots-based hhl counts solution:  0 min 0.00 sec

[HHL info]: linear system residual (e=||Ax-b||_2): 0.16067555404854234
[HHL info]: Fidelity(true_sol, hhl_sol): 0.99307022247823
[HHL info]: L2 error (absolute): 0.014620325656106572
[HHL info]: L2 error (relative): 0.729715417874302
[HHL info]: L2 error (normalized): 0.08331761371102135

========================================================================================
 Compare system solutions using LU of A, LU sol of A_herm, HHL of Ax=b hermition system
LU sol 	    Herm LU sol    HHL sol    L1_diff(%)
-1.241e-03  -1.241e-03  -0.000e+00  1.000e+02
-1.778e-03  -1.778e-03  -4.074e-04  7.709e+01
 2.823e-03   2.823e-03   7.512e-04  7.339e+01
 3.418e-03   3.418e-03   8.925e-04  7.388e+01
 2.205e-03   2.205e-03   4.820e-04  7.814e+01
 1.063e-02   1.063e-02   2.898e-03  7.274e+01
 1.219e-03   1.219e-03   1.822e-04  8.506e+01
-1.349e-03  -1.349e-03  -3.156e-04  7.661e+01
 1.228e-02   1.228e-02   3.359e-03  7.263e+01
 1.621e-03   1.621e-03   4.463e-04  7.247e+01
-7.108e-03  -7.108e-03  -1.987e-03  7.204e+01
 6.961e-03   6.961e-03   1.919e-03  7.243e+01
-1.746e-03  -1.746e-03  -4.463e-04  7.445e+01
-7.345e-04  -7.345e-04  -0.000e+00  1.000e+02
-1.084e-04  -1.084e-04  -0.000e+00  1.000e+02
========================================================================================

step: 5/15 res:0.22771897130809182, res/res0:0.01840098522268287  dq_norm: [0.00110819 0.00210895 0.00489196]

A info: before HHL prepare:
Spectral radius (A): 2.407e+01, lambda_min:4.1383468705551
condition number(A): 5.816e+00, norm2_cond:67.2270384633011
det(A): 1.002e+16
--------------------------------------------------------------------------------

A_hhl info: after scaling by spectral radius:
Spectral radius (A): 1.000e+00, lambda_min:0.17192752549827583
condition number(A): 5.816e+00, norm2_cond:67.22703846330111
det(A): 1.899e-05, nnz: 11 non zeros per row
--------------------------------------------------------------------------------

Size of A & B are not power of 2:
Next 2 power of 15 = 16
Value to be padded = 1
--------------------------------------------------

==================== Print (N)^2 padded matrix system =======================
Padded shape of A: (15, 15)x(15, 15) -> (16, 16)x(16, 16)
Padded shape of B: (15,) -> (16,)
Determinant of padded matrix: 1.898975522397529e-05
Condition # of padded matrix: 67.22703846330111


Matrix is not Hermitian. Making it Hermitian.......

==================== Print Hermitian matrix system info =======================
Shape of hermitian A: 16x16 -> 32x32
Shape of           B: 16 -> 32
Determinant of Hermitian matrix: 3.606108034664955e-10
Condition # of Hermitian matrix: 67.22703846330113

=================================== Generating HHL circuit ===================================
Time elapsed for generating HHL circuit: 0 min 8.77 sec

Generated circuit: num_qubits=14, gates=19, depth=5
============================== Generated Circuit saved ==============================

============================== Transpiling circuit ==============================
This is using the AerSimulator('aer_simulator_statevector') transpiler.
Time elapsed for transpiling the circuit:  0 min 1.71 sec
Transpiled circuit, num_qubits: 14, (original: 14)
Transpiled circuit depth: 22395 (original: 5)
Transpiled circuit gates: 22499 (original: 19)
============================== Transpiled Circuit saved ==============================
Time elapsed for running the circuit:  0 min 2.33 sec
total_qubits: 14, nq:5

Time elapsed for extracting shots-based hhl counts solution:  0 min 0.00 sec

[HHL info]: linear system residual (e=||Ax-b||_2): 0.13153144940781078
[HHL info]: Fidelity(true_sol, hhl_sol): 0.991156082976534
[HHL info]: L2 error (absolute): 0.012423628020659496
[HHL info]: L2 error (relative): 0.8450048873051995
[HHL info]: L2 error (normalized): 0.09414646932934068

========================================================================================
 Compare system solutions using LU of A, LU sol of A_herm, HHL of Ax=b hermition system
LU sol 	    Herm LU sol    HHL sol    L1_diff(%)
-1.238e-03  -1.238e-03  -2.025e-04  8.365e+01
-1.369e-03  -1.369e-03  -2.025e-04  8.521e+01
 2.078e-03   2.078e-03   2.964e-04  8.573e+01
 2.539e-03   2.539e-03   3.749e-04  8.523e+01
 1.730e-03   1.730e-03   3.061e-04  8.231e+01
 7.763e-03   7.763e-03   1.239e-03  8.404e+01
 1.055e-03   1.055e-03   0.000e+00  1.000e+02
-1.036e-03  -1.036e-03  -2.025e-04  8.046e+01
 8.989e-03   8.989e-03   1.407e-03  8.435e+01
 1.186e-03   1.186e-03   1.875e-04  8.420e+01
-5.121e-03  -5.121e-03  -7.805e-04  8.476e+01
 5.089e-03   5.089e-03   7.729e-04  8.481e+01
-1.294e-03  -1.294e-03  -2.165e-04  8.328e+01
-7.331e-04  -7.331e-04  -0.000e+00  1.000e+02
-9.963e-05  -9.963e-05  -0.000e+00  1.000e+02
========================================================================================

step: 6/15 res:0.16068604862057595, res/res0:0.01298434464714909  dq_norm: [0.00051339 0.00088591 0.00204926]

A info: before HHL prepare:
Spectral radius (A): 2.407e+01, lambda_min:4.135061283433655
condition number(A): 5.822e+00, norm2_cond:67.24260562650069
det(A): 1.002e+16
--------------------------------------------------------------------------------

A_hhl info: after scaling by spectral radius:
Spectral radius (A): 1.000e+00, lambda_min:0.17177621619493189
condition number(A): 5.822e+00, norm2_cond:67.2426056265008
det(A): 1.897e-05, nnz: 11 non zeros per row
--------------------------------------------------------------------------------

Size of A & B are not power of 2:
Next 2 power of 15 = 16
Value to be padded = 1
--------------------------------------------------

==================== Print (N)^2 padded matrix system =======================
Padded shape of A: (15, 15)x(15, 15) -> (16, 16)x(16, 16)
Padded shape of B: (15,) -> (16,)
Determinant of padded matrix: 1.8968300147941957e-05
Condition # of padded matrix: 67.2426056265008


Matrix is not Hermitian. Making it Hermitian.......

==================== Print Hermitian matrix system info =======================
Shape of hermitian A: 16x16 -> 32x32
Shape of           B: 16 -> 32
Determinant of Hermitian matrix: 3.5979641050241484e-10
Condition # of Hermitian matrix: 67.24260562650093

=================================== Generating HHL circuit ===================================
Time elapsed for generating HHL circuit: 0 min 8.98 sec

Generated circuit: num_qubits=14, gates=19, depth=5
============================== Generated Circuit saved ==============================

============================== Transpiling circuit ==============================
This is using the AerSimulator('aer_simulator_statevector') transpiler.
Time elapsed for transpiling the circuit:  0 min 1.73 sec
Transpiled circuit, num_qubits: 14, (original: 14)
Transpiled circuit depth: 22395 (original: 5)
Transpiled circuit gates: 22499 (original: 19)
============================== Transpiled Circuit saved ==============================
Time elapsed for running the circuit:  0 min 2.32 sec
total_qubits: 14, nq:5

Time elapsed for extracting shots-based hhl counts solution:  0 min 0.00 sec

[HHL info]: linear system residual (e=||Ax-b||_2): 0.08572205569621576
[HHL info]: Fidelity(true_sol, hhl_sol): 0.9959366566817077
[HHL info]: L2 error (absolute): 0.008477527133776754
[HHL info]: L2 error (relative): 0.6809166828333804
[HHL info]: L2 error (normalized): 0.06377679370656346

========================================================================================
 Compare system solutions using LU of A, LU sol of A_herm, HHL of Ax=b hermition system
LU sol 	    Herm LU sol    HHL sol    L1_diff(%)
-1.035e-03  -1.035e-03  -2.605e-04  7.482e+01
-1.165e-03  -1.165e-03  -3.190e-04  7.263e+01
 1.783e-03   1.783e-03   5.824e-04  6.734e+01
 2.168e-03   2.168e-03   6.892e-04  6.822e+01
 1.427e-03   1.427e-03   5.370e-04  6.236e+01
 6.534e-03   6.534e-03   2.022e-03  6.906e+01
 1.060e-03   1.060e-03   3.446e-04  6.750e+01
-8.350e-04  -8.350e-04  -3.907e-04  5.321e+01
 7.606e-03   7.606e-03   2.384e-03  6.866e+01
 1.002e-03   1.002e-03   3.907e-04  6.102e+01
-4.340e-03  -4.340e-03  -1.513e-03  6.513e+01
 4.331e-03   4.331e-03   1.415e-03  6.733e+01
-1.076e-03  -1.076e-03  -2.912e-04  7.293e+01
-7.325e-04  -7.325e-04  -1.842e-04  7.485e+01
-9.670e-05  -9.670e-05  -0.000e+00  1.000e+02
========================================================================================

step: 7/15 res:0.13153206791984678, res/res0:0.01062853755310292  dq_norm: [0.00094815 0.00169311 0.00348009]

A info: before HHL prepare:
Spectral radius (A): 2.407e+01, lambda_min:4.125462825040072
condition number(A): 5.834e+00, norm2_cond:67.28313367668439
det(A): 9.975e+15
--------------------------------------------------------------------------------

A_hhl info: after scaling by spectral radius:
Spectral radius (A): 1.000e+00, lambda_min:0.17139557427275243
condition number(A): 5.834e+00, norm2_cond:67.28313367668436
det(A): 1.892e-05, nnz: 11 non zeros per row
--------------------------------------------------------------------------------

Size of A & B are not power of 2:
Next 2 power of 15 = 16
Value to be padded = 1
--------------------------------------------------

==================== Print (N)^2 padded matrix system =======================
Padded shape of A: (15, 15)x(15, 15) -> (16, 16)x(16, 16)
Padded shape of B: (15,) -> (16,)
Determinant of padded matrix: 1.8915738510641754e-05
Condition # of padded matrix: 67.28313367668436


Matrix is not Hermitian. Making it Hermitian.......

==================== Print Hermitian matrix system info =======================
Shape of hermitian A: 16x16 -> 32x32
Shape of           B: 16 -> 32
Determinant of Hermitian matrix: 3.578051634029768e-10
Condition # of Hermitian matrix: 67.2831336766844

=================================== Generating HHL circuit ===================================
Time elapsed for generating HHL circuit: 0 min 8.82 sec

Generated circuit: num_qubits=14, gates=19, depth=5
============================== Generated Circuit saved ==============================

============================== Transpiling circuit ==============================
This is using the AerSimulator('aer_simulator_statevector') transpiler.
Time elapsed for transpiling the circuit:  0 min 1.70 sec
Transpiled circuit, num_qubits: 14, (original: 14)
Transpiled circuit depth: 22395 (original: 5)
Transpiled circuit gates: 22499 (original: 19)
============================== Transpiled Circuit saved ==============================
Time elapsed for running the circuit:  0 min 2.29 sec
total_qubits: 14, nq:5

Time elapsed for extracting shots-based hhl counts solution:  0 min 0.00 sec

[HHL info]: linear system residual (e=||Ax-b||_2): 0.06410831734095919
[HHL info]: Fidelity(true_sol, hhl_sol): 0.9969695696028239
[HHL info]: L2 error (absolute): 0.006422571914783532
[HHL info]: L2 error (relative): 0.7536472353557824
[HHL info]: L2 error (normalized): 0.055070225708850014

========================================================================================
 Compare system solutions using LU of A, LU sol of A_herm, HHL of Ax=b hermition system
LU sol 	    Herm LU sol    HHL sol    L1_diff(%)
-7.721e-04  -7.721e-04  -1.674e-04  7.833e+01
-8.447e-04  -8.447e-04  -2.367e-04  7.198e+01
 1.205e-03   1.205e-03   2.608e-04  7.835e+01
 1.488e-03   1.488e-03   3.225e-04  7.832e+01
 8.940e-04   8.940e-04   2.367e-04  7.353e+01
 4.530e-03   4.530e-03   1.166e-03  7.425e+01
 7.256e-04   7.256e-04   1.414e-04  8.051e+01
-4.457e-04  -4.457e-04  -1.096e-04  7.542e+01
 5.261e-03   5.261e-03   1.268e-03  7.589e+01
 6.169e-04   6.169e-04   1.549e-04  7.488e+01
-2.828e-03  -2.828e-03  -6.634e-04  7.654e+01
 2.938e-03   2.938e-03   7.695e-04  7.381e+01
-7.837e-04  -7.837e-04  -2.000e-04  7.448e+01
-5.476e-04  -5.476e-04  -1.265e-04  7.690e+01
-9.571e-05  -9.571e-05  -0.000e+00  1.000e+02
========================================================================================

step: 8/15 res:0.08573714454425574, res/res0:0.0069280478509601215  dq_norm: [0.00046483 0.00076169 0.00190502]

A info: before HHL prepare:
Spectral radius (A): 2.407e+01, lambda_min:4.1214909916574785
condition number(A): 5.840e+00, norm2_cond:67.30874447286737
det(A): 9.965e+15
--------------------------------------------------------------------------------

A_hhl info: after scaling by spectral radius:
Spectral radius (A): 1.000e+00, lambda_min:0.17122730641887077
condition number(A): 5.840e+00, norm2_cond:67.30874447286745
det(A): 1.889e-05, nnz: 11 non zeros per row
--------------------------------------------------------------------------------

Size of A & B are not power of 2:
Next 2 power of 15 = 16
Value to be padded = 1
--------------------------------------------------

==================== Print (N)^2 padded matrix system =======================
Padded shape of A: (15, 15)x(15, 15) -> (16, 16)x(16, 16)
Padded shape of B: (15,) -> (16,)
Determinant of padded matrix: 1.8890422452415037e-05
Condition # of padded matrix: 67.30874447286745


Matrix is not Hermitian. Making it Hermitian.......

==================== Print Hermitian matrix system info =======================
Shape of hermitian A: 16x16 -> 32x32
Shape of           B: 16 -> 32
Determinant of Hermitian matrix: 3.5684806043070483e-10
Condition # of Hermitian matrix: 67.30874447286746

=================================== Generating HHL circuit ===================================
Time elapsed for generating HHL circuit: 0 min 8.70 sec

Generated circuit: num_qubits=14, gates=19, depth=5
============================== Generated Circuit saved ==============================

============================== Transpiling circuit ==============================
This is using the AerSimulator('aer_simulator_statevector') transpiler.
Time elapsed for transpiling the circuit:  0 min 1.69 sec
Transpiled circuit, num_qubits: 14, (original: 14)
Transpiled circuit depth: 22395 (original: 5)
Transpiled circuit gates: 22499 (original: 19)
============================== Transpiled Circuit saved ==============================
Time elapsed for running the circuit:  0 min 2.31 sec
total_qubits: 14, nq:5

Time elapsed for extracting shots-based hhl counts solution:  0 min 0.00 sec

[HHL info]: linear system residual (e=||Ax-b||_2): 0.04828575079354358
[HHL info]: Fidelity(true_sol, hhl_sol): 0.9948791845009204
[HHL info]: L2 error (absolute): 0.005033203923002237
[HHL info]: L2 error (relative): 0.7820461906180082
[HHL info]: L2 error (normalized): 0.07160578207147625

========================================================================================
 Compare system solutions using LU of A, LU sol of A_herm, HHL of Ax=b hermition system
LU sol 	    Herm LU sol    HHL sol    L1_diff(%)
-6.041e-04  -6.041e-04  -1.065e-04  8.237e+01
-6.075e-04  -6.075e-04  -1.305e-04  7.852e+01
 9.452e-04   9.452e-04   1.375e-04  8.545e+01
 1.167e-03   1.167e-03   2.499e-04  7.860e+01
 6.585e-04   6.585e-04   1.305e-04  8.018e+01
 3.369e-03   3.369e-03   7.646e-04  7.730e+01
 5.869e-04   5.869e-04   9.726e-05  8.343e+01
-3.367e-04  -3.367e-04  -6.151e-05  8.173e+01
 4.004e-03   4.004e-03   8.764e-04  7.811e+01
 4.635e-04   4.635e-04   1.305e-04  7.185e+01
-2.164e-03  -2.164e-03  -4.765e-04  7.799e+01
 2.176e-03   2.176e-03   4.623e-04  7.875e+01
-5.832e-04  -5.832e-04  -1.568e-04  7.311e+01
-4.208e-04  -4.208e-04  -7.533e-05  8.210e+01
-9.535e-05  -9.535e-05  -0.000e+00  1.000e+02
========================================================================================

step: 9/15 res:0.064110066158189, res/res0:0.005180457180293513  dq_norm: [0.00035335 0.00052011 0.00125908]

A info: before HHL prepare:
Spectral radius (A): 2.407e+01, lambda_min:4.118852273444399
condition number(A): 5.844e+00, norm2_cond:67.3214857520644
det(A): 9.958e+15
--------------------------------------------------------------------------------

A_hhl info: after scaling by spectral radius:
Spectral radius (A): 1.000e+00, lambda_min:0.17111678013359444
condition number(A): 5.844e+00, norm2_cond:67.3214857520642
det(A): 1.888e-05, nnz: 11 non zeros per row
--------------------------------------------------------------------------------

Size of A & B are not power of 2:
Next 2 power of 15 = 16
Value to be padded = 1
--------------------------------------------------

==================== Print (N)^2 padded matrix system =======================
Padded shape of A: (15, 15)x(15, 15) -> (16, 16)x(16, 16)
Padded shape of B: (15,) -> (16,)
Determinant of padded matrix: 1.8875854397583866e-05
Condition # of padded matrix: 67.3214857520642


Matrix is not Hermitian. Making it Hermitian.......

==================== Print Hermitian matrix system info =======================
Shape of hermitian A: 16x16 -> 32x32
Shape of           B: 16 -> 32
Determinant of Hermitian matrix: 3.562978792387874e-10
Condition # of Hermitian matrix: 67.32148575206445

=================================== Generating HHL circuit ===================================
Time elapsed for generating HHL circuit: 0 min 8.71 sec

Generated circuit: num_qubits=14, gates=19, depth=5
============================== Generated Circuit saved ==============================

============================== Transpiling circuit ==============================
This is using the AerSimulator('aer_simulator_statevector') transpiler.
Time elapsed for transpiling the circuit:  0 min 1.71 sec
Transpiled circuit, num_qubits: 14, (original: 14)
Transpiled circuit depth: 22395 (original: 5)
Transpiled circuit gates: 22499 (original: 19)
============================== Transpiled Circuit saved ==============================
Time elapsed for running the circuit:  0 min 2.29 sec
total_qubits: 14, nq:5

Time elapsed for extracting shots-based hhl counts solution:  0 min 0.00 sec

[HHL info]: linear system residual (e=||Ax-b||_2): 0.03420843891327685
[HHL info]: Fidelity(true_sol, hhl_sol): 0.9955069823637445
[HHL info]: L2 error (absolute): 0.003672236440258152
[HHL info]: L2 error (relative): 0.7285450191481254
[HHL info]: L2 error (normalized): 0.06706769570922137

========================================================================================
 Compare system solutions using LU of A, LU sol of A_herm, HHL of Ax=b hermition system
LU sol 	    Herm LU sol    HHL sol    L1_diff(%)
-4.972e-04  -4.972e-04  -1.358e-04  7.268e+01
-4.768e-04  -4.768e-04  -1.109e-04  7.674e+01
 8.085e-04   8.085e-04   2.353e-04  7.090e+01
 9.190e-04   9.190e-04   2.571e-04  7.202e+01
 5.286e-04   5.286e-04   1.240e-04  7.654e+01
 2.607e-03   2.607e-03   6.893e-04  7.356e+01
 4.912e-04   4.912e-04   1.176e-04  7.605e+01
-2.755e-04  -2.755e-04  -7.843e-05  7.153e+01
 3.134e-03   3.134e-03   8.411e-04  7.316e+01
 3.338e-04   3.338e-04   1.109e-04  6.678e+01
-1.688e-03  -1.688e-03  -5.068e-04  6.998e+01
 1.717e-03   1.717e-03   4.851e-04  7.175e+01
-4.261e-04  -4.261e-04  -6.792e-05  8.406e+01
-3.454e-04  -3.454e-04  -6.792e-05  8.033e+01
-9.505e-05  -9.505e-05  -0.000e+00  1.000e+02
========================================================================================

step: 10/15 res:0.048286773119910614, res/res0:0.0039018453031231595  dq_norm: [0.00033961 0.00054337 0.00121375]

A info: before HHL prepare:
Spectral radius (A): 2.407e+01, lambda_min:4.115318673509702
condition number(A): 5.849e+00, norm2_cond:67.3389836544288
det(A): 9.940e+15
--------------------------------------------------------------------------------

A_hhl info: after scaling by spectral radius:
Spectral radius (A): 1.000e+00, lambda_min:0.17097375552779145
condition number(A): 5.849e+00, norm2_cond:67.33898365442863
det(A): 1.885e-05, nnz: 11 non zeros per row
--------------------------------------------------------------------------------

Size of A & B are not power of 2:
Next 2 power of 15 = 16
Value to be padded = 1
--------------------------------------------------

==================== Print (N)^2 padded matrix system =======================
Padded shape of A: (15, 15)x(15, 15) -> (16, 16)x(16, 16)
Padded shape of B: (15,) -> (16,)
Determinant of padded matrix: 1.884899958582343e-05
Condition # of padded matrix: 67.33898365442863


Matrix is not Hermitian. Making it Hermitian.......

==================== Print Hermitian matrix system info =======================
Shape of hermitian A: 16x16 -> 32x32
Shape of           B: 16 -> 32
Determinant of Hermitian matrix: 3.552847853863705e-10
Condition # of Hermitian matrix: 67.33898365442882

=================================== Generating HHL circuit ===================================
Time elapsed for generating HHL circuit: 0 min 8.87 sec

Generated circuit: num_qubits=14, gates=19, depth=5
============================== Generated Circuit saved ==============================

============================== Transpiling circuit ==============================
This is using the AerSimulator('aer_simulator_statevector') transpiler.
Time elapsed for transpiling the circuit:  0 min 1.66 sec
Transpiled circuit, num_qubits: 14, (original: 14)
Transpiled circuit depth: 22395 (original: 5)
Transpiled circuit gates: 22499 (original: 19)
============================== Transpiled Circuit saved ==============================
Time elapsed for running the circuit:  0 min 2.25 sec
total_qubits: 14, nq:5

Time elapsed for extracting shots-based hhl counts solution:  0 min 0.00 sec

[HHL info]: linear system residual (e=||Ax-b||_2): 0.025757454805333858
[HHL info]: Fidelity(true_sol, hhl_sol): 0.9957194256092321
[HHL info]: L2 error (absolute): 0.00282264621312157
[HHL info]: L2 error (relative): 0.7674086004145756
[HHL info]: L2 error (normalized): 0.0654611720842185

========================================================================================
 Compare system solutions using LU of A, LU sol of A_herm, HHL of Ax=b hermition system
LU sol 	    Herm LU sol    HHL sol    L1_diff(%)
-3.611e-04  -3.611e-04  -1.043e-04  7.111e+01
-3.656e-04  -3.656e-04  -7.773e-05  7.874e+01
 5.739e-04   5.739e-04   1.369e-04  7.615e+01
 6.629e-04   6.629e-04   1.277e-04  8.073e+01
 4.051e-04   4.051e-04   1.071e-04  7.355e+01
 1.920e-03   1.920e-03   4.418e-04  7.700e+01
 3.748e-04   3.748e-04   8.515e-05  7.728e+01
-1.972e-04  -1.972e-04  -6.504e-05  6.702e+01
 2.298e-03   2.298e-03   5.295e-04  7.696e+01
 2.235e-04   2.235e-04   6.953e-05  6.890e+01
-1.181e-03  -1.181e-03  -2.919e-04  7.529e+01
 1.235e-03   1.235e-03   2.919e-04  7.636e+01
-3.582e-04  -3.582e-04  -6.953e-05  8.059e+01
-2.774e-04  -2.774e-04  -7.375e-05  7.341e+01
-9.506e-05  -9.506e-05  -0.000e+00  1.000e+02
========================================================================================

step: 11/15 res:0.03421052274514765, res/res0:0.002764404387906828  dq_norm: [0.00021003 0.00033525 0.00076124]

A info: before HHL prepare:
Spectral radius (A): 2.407e+01, lambda_min:4.113248697736956
condition number(A): 5.852e+00, norm2_cond:67.35254613501304
det(A): 9.931e+15
--------------------------------------------------------------------------------

A_hhl info: after scaling by spectral radius:
Spectral radius (A): 1.000e+00, lambda_min:0.17089107113442814
condition number(A): 5.852e+00, norm2_cond:67.35254613501351
det(A): 1.884e-05, nnz: 11 non zeros per row
--------------------------------------------------------------------------------

Size of A & B are not power of 2:
Next 2 power of 15 = 16
Value to be padded = 1
--------------------------------------------------

==================== Print (N)^2 padded matrix system =======================
Padded shape of A: (15, 15)x(15, 15) -> (16, 16)x(16, 16)
Padded shape of B: (15,) -> (16,)
Determinant of padded matrix: 1.883744927726539e-05
Condition # of padded matrix: 67.35254613501351


Matrix is not Hermitian. Making it Hermitian.......

==================== Print Hermitian matrix system info =======================
Shape of hermitian A: 16x16 -> 32x32
Shape of           B: 16 -> 32
Determinant of Hermitian matrix: 3.548494952735476e-10
Condition # of Hermitian matrix: 67.3525461350134

=================================== Generating HHL circuit ===================================
Time elapsed for generating HHL circuit: 0 min 8.60 sec

Generated circuit: num_qubits=14, gates=19, depth=5
============================== Generated Circuit saved ==============================

============================== Transpiling circuit ==============================
This is using the AerSimulator('aer_simulator_statevector') transpiler.
Time elapsed for transpiling the circuit:  0 min 1.53 sec
Transpiled circuit, num_qubits: 14, (original: 14)
Transpiled circuit depth: 22395 (original: 5)
Transpiled circuit gates: 22499 (original: 19)
============================== Transpiled Circuit saved ==============================
Time elapsed for running the circuit:  0 min 2.11 sec
total_qubits: 14, nq:5

Time elapsed for extracting shots-based hhl counts solution:  0 min 0.00 sec

[HHL info]: linear system residual (e=||Ax-b||_2): 0.021202954117168115
[HHL info]: Fidelity(true_sol, hhl_sol): 0.993969765098313
[HHL info]: L2 error (absolute): 0.0023581335569508107
[HHL info]: L2 error (relative): 0.8346364909362047
[HHL info]: L2 error (normalized): 0.07771327652911492

========================================================================================
 Compare system solutions using LU of A, LU sol of A_herm, HHL of Ax=b hermition system
LU sol 	    Herm LU sol    HHL sol    L1_diff(%)
-2.566e-04  -2.566e-04  -3.777e-05  8.528e+01
-2.877e-04  -2.877e-04  -6.263e-05  7.823e+01
 4.373e-04   4.373e-04   6.404e-05  8.535e+01
 5.357e-04   5.357e-04   8.123e-05  8.484e+01
 2.982e-04   2.982e-04   4.223e-05  8.584e+01
 1.480e-03   1.480e-03   2.470e-04  8.331e+01
 2.902e-04   2.902e-04   3.271e-05  8.873e+01
-1.323e-04  -1.323e-04  -1.335e-05  8.990e+01
 1.771e-03   1.771e-03   3.048e-04  8.278e+01
 1.543e-04   1.543e-04   2.986e-05  8.064e+01
-8.895e-04  -8.895e-04  -1.375e-04  8.454e+01
 9.442e-04   9.442e-04   1.523e-04  8.387e+01
-2.886e-04  -2.886e-04  -4.626e-05  8.397e+01
-2.036e-04  -2.036e-04  -4.223e-05  7.926e+01
-9.507e-05  -9.507e-05  -0.000e+00  1.000e+02
========================================================================================

step: 12/15 res:0.025758275048401152, res/res0:0.002081414806174245  dq_norm: [0.00011012 0.000163   0.00042565]

A info: before HHL prepare:
Spectral radius (A): 2.407e+01, lambda_min:4.1123253284524655
condition number(A): 5.853e+00, norm2_cond:67.35984515811252
det(A): 9.928e+15
--------------------------------------------------------------------------------

A_hhl info: after scaling by spectral radius:
Spectral radius (A): 1.000e+00, lambda_min:0.17085178828519912
condition number(A): 5.853e+00, norm2_cond:67.3598451581124
det(A): 1.883e-05, nnz: 11 non zeros per row
--------------------------------------------------------------------------------

Size of A & B are not power of 2:
Next 2 power of 15 = 16
Value to be padded = 1
--------------------------------------------------

==================== Print (N)^2 padded matrix system =======================
Padded shape of A: (15, 15)x(15, 15) -> (16, 16)x(16, 16)
Padded shape of B: (15,) -> (16,)
Determinant of padded matrix: 1.883012655585131e-05
Condition # of padded matrix: 67.3598451581124


Matrix is not Hermitian. Making it Hermitian.......

==================== Print Hermitian matrix system info =======================
Shape of hermitian A: 16x16 -> 32x32
Shape of           B: 16 -> 32
Determinant of Hermitian matrix: 3.5457366610937544e-10
Condition # of Hermitian matrix: 67.35984515811258

=================================== Generating HHL circuit ===================================
Time elapsed for generating HHL circuit: 0 min 7.57 sec

Generated circuit: num_qubits=14, gates=19, depth=5
============================== Generated Circuit saved ==============================

============================== Transpiling circuit ==============================
This is using the AerSimulator('aer_simulator_statevector') transpiler.
Time elapsed for transpiling the circuit:  0 min 1.39 sec
Transpiled circuit, num_qubits: 14, (original: 14)
Transpiled circuit depth: 22395 (original: 5)
Transpiled circuit gates: 22499 (original: 19)
============================== Transpiled Circuit saved ==============================
Time elapsed for running the circuit:  0 min 2.07 sec
total_qubits: 14, nq:5

Time elapsed for extracting shots-based hhl counts solution:  0 min 0.00 sec

[HHL info]: linear system residual (e=||Ax-b||_2): 0.01613310867512608
[HHL info]: Fidelity(true_sol, hhl_sol): 0.997088129972284
[HHL info]: L2 error (absolute): 0.0018114012667526274
[HHL info]: L2 error (relative): 0.7678451250776123
[HHL info]: L2 error (normalized): 0.053981412229723656

========================================================================================
 Compare system solutions using LU of A, LU sol of A_herm, HHL of Ax=b hermition system
LU sol 	    Herm LU sol    HHL sol    L1_diff(%)
-2.188e-04  -2.188e-04  -5.530e-05  7.472e+01
-2.251e-04  -2.251e-04  -6.507e-05  7.109e+01
 3.734e-04   3.734e-04   8.400e-05  7.750e+01
 4.547e-04   4.547e-04   1.006e-04  7.788e+01
 2.561e-04   2.561e-04   5.739e-05  7.759e+01
 1.233e-03   1.233e-03   2.731e-04  7.786e+01
 2.577e-04   2.577e-04   5.940e-05  7.695e+01
-1.190e-04  -1.190e-04  -3.067e-05  7.421e+01
 1.467e-03   1.467e-03   3.484e-04  7.624e+01
 1.245e-04   1.245e-04   2.169e-05  8.258e+01
-7.520e-04  -7.520e-04  -1.769e-04  7.648e+01
 7.924e-04   7.924e-04   1.897e-04  7.606e+01
-2.423e-04  -2.423e-04  -6.324e-05  7.390e+01
-1.613e-04  -1.613e-04  -2.169e-05  8.656e+01
-9.508e-05  -9.508e-05  -2.656e-05  7.206e+01
========================================================================================

step: 13/15 res:0.021203070620086632, res/res0:0.0017133284368646342  dq_norm: [0.0001455  0.00020056 0.00048958]

A info: before HHL prepare:
Spectral radius (A): 2.407e+01, lambda_min:4.111491714500615
condition number(A): 5.854e+00, norm2_cond:67.36392865819072
det(A): 9.927e+15
--------------------------------------------------------------------------------

A_hhl info: after scaling by spectral radius:
Spectral radius (A): 1.000e+00, lambda_min:0.17081736262332065
condition number(A): 5.854e+00, norm2_cond:67.36392865819072
det(A): 1.883e-05, nnz: 11 non zeros per row
--------------------------------------------------------------------------------

Size of A & B are not power of 2:
Next 2 power of 15 = 16
Value to be padded = 1
--------------------------------------------------

==================== Print (N)^2 padded matrix system =======================
Padded shape of A: (15, 15)x(15, 15) -> (16, 16)x(16, 16)
Padded shape of B: (15,) -> (16,)
Determinant of padded matrix: 1.882759376063335e-05
Condition # of padded matrix: 67.36392865819072


Matrix is not Hermitian. Making it Hermitian.......

==================== Print Hermitian matrix system info =======================
Shape of hermitian A: 16x16 -> 32x32
Shape of           B: 16 -> 32
Determinant of Hermitian matrix: 3.544782868154424e-10
Condition # of Hermitian matrix: 67.36392865819076

=================================== Generating HHL circuit ===================================
Time elapsed for generating HHL circuit: 0 min 7.38 sec

Generated circuit: num_qubits=14, gates=19, depth=5
============================== Generated Circuit saved ==============================

============================== Transpiling circuit ==============================
This is using the AerSimulator('aer_simulator_statevector') transpiler.
Time elapsed for transpiling the circuit:  0 min 1.34 sec
Transpiled circuit, num_qubits: 14, (original: 14)
Transpiled circuit depth: 22395 (original: 5)
Transpiled circuit gates: 22499 (original: 19)
============================== Transpiled Circuit saved ==============================
Time elapsed for running the circuit:  0 min 1.82 sec
total_qubits: 14, nq:5

Time elapsed for extracting shots-based hhl counts solution:  0 min 0.00 sec

[HHL info]: linear system residual (e=||Ax-b||_2): 0.011914052728969223
[HHL info]: Fidelity(true_sol, hhl_sol): 0.9948849227289718
[HHL info]: L2 error (absolute): 0.0013684503758262512
[HHL info]: L2 error (relative): 0.7550549418386426
[HHL info]: L2 error (normalized): 0.07156559967910157

========================================================================================
 Compare system solutions using LU of A, LU sol of A_herm, HHL of Ax=b hermition system
LU sol 	    Herm LU sol    HHL sol    L1_diff(%)
-1.634e-04  -1.634e-04  -4.776e-05  7.078e+01
-1.599e-04  -1.599e-04  -4.446e-05  7.220e+01
 2.895e-04   2.895e-04   6.165e-05  7.870e+01
 3.543e-04   3.543e-04   8.363e-05  7.640e+01
 1.988e-04   1.988e-04   4.932e-05  7.519e+01
 9.607e-04   9.607e-04   2.323e-04  7.582e+01
 1.985e-04   1.985e-04   4.614e-05  7.676e+01
-8.835e-05  -8.835e-05  -1.233e-05  8.604e+01
 1.119e-03   1.119e-03   2.793e-04  7.504e+01
 1.029e-04   1.029e-04   2.466e-05  7.603e+01
-5.751e-04  -5.751e-04  -1.485e-04  7.418e+01
 6.031e-04   6.031e-04   1.505e-04  7.504e+01
-1.790e-04  -1.790e-04  -2.757e-05  8.460e+01
-1.396e-04  -1.396e-04  -2.466e-05  8.234e+01
-6.840e-05  -6.840e-05  -0.000e+00  1.000e+02
========================================================================================

step: 14/15 res:0.01613320822399536, res/res0:0.0013036547829937233  dq_norm: [0.00011301 0.00016497 0.00039804]
Completed: 14 steps in 197.60s
Saved metadata to /lustre/orion/stf006/scratch/4klornl/fvm_euler_1d_solver/output_parallel_shots/trials2/statevector/shots_150000/trial_8/metadata_nelem5_HHL_statevector_nshots150000.pkl

Solution summary:
  x/L: [0.1000, 0.9000]
  Mach: [1.5205, 2.1513]
  p/p_in: [0.9796, 0.3653]
  rho/rho_in: [0.9876, 0.4839]
Saved combined plot to /lustre/orion/stf006/scratch/4klornl/fvm_euler_1d_solver/output_parallel_shots/trials2/statevector/shots_150000/trial_8/solution_plot_nelem5_HHL_statevector_nshots150000.png
