
------------------------------------------------------------
Using ideal local simulator with 'statevector' method
Backend: aer_simulator_statevector
Shots: 150000
------------------------------------------------------------

A info: before HHL prepare:
Spectral radius (A): 4.814e+01, lambda_min:3.3136108943482814
condition number(A): 1.453e+01, norm2_cond:197.88017001682982
det(A): 1.276e+38
--------------------------------------------------------------------------------

A_hhl info: after scaling by spectral radius:
Spectral radius (A): 1.000e+00, lambda_min:0.0688269177323334
condition number(A): 1.453e+01, norm2_cond:197.88017001683053
det(A): 4.260e-13, nnz: 11 non zeros per row
--------------------------------------------------------------------------------

Size of A & B are not power of 2:
Next 2 power of 30 = 32
Value to be padded = 2
--------------------------------------------------

==================== Print (N)^2 padded matrix system =======================
Padded shape of A: (30, 30)x(30, 30) -> (32, 32)x(32, 32)
Padded shape of B: (30,) -> (32,)
Determinant of padded matrix: 4.2602079269883554e-13
Condition # of padded matrix: 197.88017001683053


Matrix is not Hermitian. Making it Hermitian.......

==================== Print Hermitian matrix system info =======================
Shape of hermitian A: 32x32 -> 64x64
Shape of           B: 32 -> 64
Determinant of Hermitian matrix: 1.8149371581174162e-25
Condition # of Hermitian matrix: 197.88017001683153

=================================== Generating HHL circuit ===================================
Time elapsed for generating HHL circuit: 0 min 51.33 sec

Generated circuit: num_qubits=16, gates=21, depth=5
============================== Generated Circuit saved ==============================

============================== Transpiling circuit ==============================
This is using the AerSimulator('aer_simulator_statevector') transpiler.
Time elapsed for transpiling the circuit:  0 min 9.78 sec
Transpiled circuit, num_qubits: 16, (original: 16)
Transpiled circuit depth: 103094 (original: 5)
Transpiled circuit gates: 103221 (original: 21)
============================== Transpiled Circuit saved ==============================
Time elapsed for running the circuit:  0 min 20.60 sec
total_qubits: 16, nq:6

Time elapsed for extracting shots-based hhl counts solution:  0 min 0.00 sec

[HHL info]: linear system residual (e=||Ax-b||_2): 7.221094060998352
[HHL info]: Fidelity(true_sol, hhl_sol): 0.9979911092541031
[HHL info]: L2 error (absolute): 0.7794731262071336
[HHL info]: L2 error (relative): 0.20523558808533443
[HHL info]: L2 error (normalized): 0.04483191576403462

========================================================================================
 Compare system solutions using LU of A, LU sol of A_herm, HHL of Ax=b hermition system
LU sol 	    Herm LU sol    HHL sol    L1_diff(%)
 4.852e-03   4.852e-03   0.000e+00  1.000e+02
 2.224e-03   2.224e-03   0.000e+00  1.000e+02
 1.012e-02   1.012e-02   0.000e+00  1.000e+02
 6.205e-03   6.205e-03   0.000e+00  1.000e+02
 1.905e-03   1.905e-03   0.000e+00  1.000e+02
 1.125e-02   1.125e-02   0.000e+00  1.000e+02
-2.568e-02  -2.568e-02  -0.000e+00  1.000e+02
-1.823e-02  -1.823e-02  -0.000e+00  1.000e+02
-6.491e-02  -6.491e-02  -6.079e-02  6.341e+00
-1.285e-01  -1.285e-01  -6.079e-02  5.271e+01
-9.623e-02  -9.623e-02  -1.053e-01  9.413e+00
-3.195e-01  -3.195e-01  -1.922e-01  3.984e+01
-3.070e-01  -3.070e-01  -2.506e-01  1.834e+01
-2.851e-01  -2.851e-01  -1.922e-01  3.257e+01
-8.110e-01  -8.110e-01  -6.604e-01  1.858e+01
-4.538e-01  -4.538e-01  -3.893e-01  1.422e+01
-4.624e-01  -4.624e-01  -3.796e-01  1.790e+01
-1.229e+00  -1.229e+00  -1.024e+00  1.663e+01
-5.244e-01  -5.244e-01  -4.168e-01  2.052e+01
-5.482e-01  -5.482e-01  -4.787e-01  1.269e+01
-1.427e+00  -1.427e+00  -1.155e+00  1.906e+01
-5.516e-01  -5.516e-01  -4.590e-01  1.679e+01
-5.798e-01  -5.798e-01  -4.384e-01  2.439e+01
-1.501e+00  -1.501e+00  -1.207e+00  1.961e+01
-5.614e-01  -5.614e-01  -4.508e-01  1.969e+01
-5.902e-01  -5.902e-01  -4.901e-01  1.696e+01
-1.527e+00  -1.527e+00  -1.204e+00  2.116e+01
-5.649e-01  -5.649e-01  -4.212e-01  2.545e+01
-5.937e-01  -5.937e-01  -4.508e-01  2.406e+01
-1.535e+00  -1.535e+00  -1.182e+00  2.302e+01
========================================================================================

step: 0/15 res:15.852040985520478, res/res0:1.0  dq_norm: [0.99147226 1.02807019 2.67618811]

A info: before HHL prepare:
Spectral radius (A): 5.046e+01, lambda_min:3.585471453040311
condition number(A): 1.407e+01, norm2_cond:158.53260372741798
det(A): 5.857e+39
--------------------------------------------------------------------------------

A_hhl info: after scaling by spectral radius:
Spectral radius (A): 1.000e+00, lambda_min:0.07105150681135686
condition number(A): 1.407e+01, norm2_cond:158.53260372741738
det(A): 4.770e-12, nnz: 18 non zeros per row
--------------------------------------------------------------------------------

Size of A & B are not power of 2:
Next 2 power of 30 = 32
Value to be padded = 2
--------------------------------------------------

==================== Print (N)^2 padded matrix system =======================
Padded shape of A: (30, 30)x(30, 30) -> (32, 32)x(32, 32)
Padded shape of B: (30,) -> (32,)
Determinant of padded matrix: 4.769901858369969e-12
Condition # of padded matrix: 158.53260372741738


Matrix is not Hermitian. Making it Hermitian.......

==================== Print Hermitian matrix system info =======================
Shape of hermitian A: 32x32 -> 64x64
Shape of           B: 32 -> 64
Determinant of Hermitian matrix: 2.275196373848161e-23
Condition # of Hermitian matrix: 158.53260372741812

=================================== Generating HHL circuit ===================================
Time elapsed for generating HHL circuit: 0 min 53.02 sec

Generated circuit: num_qubits=16, gates=21, depth=5
============================== Generated Circuit saved ==============================

============================== Transpiling circuit ==============================
This is using the AerSimulator('aer_simulator_statevector') transpiler.
Time elapsed for transpiling the circuit:  0 min 9.60 sec
Transpiled circuit, num_qubits: 16, (original: 16)
Transpiled circuit depth: 103108 (original: 5)
Transpiled circuit gates: 103235 (original: 21)
============================== Transpiled Circuit saved ==============================
Time elapsed for running the circuit:  0 min 20.60 sec
total_qubits: 16, nq:6

Time elapsed for extracting shots-based hhl counts solution:  0 min 0.00 sec

[HHL info]: linear system residual (e=||Ax-b||_2): 4.642237572485213
[HHL info]: Fidelity(true_sol, hhl_sol): 0.9670987158840778
[HHL info]: L2 error (absolute): 0.23878165520894531
[HHL info]: L2 error (relative): 0.4429719966023103
[HHL info]: L2 error (normalized): 0.18214404569090809

========================================================================================
 Compare system solutions using LU of A, LU sol of A_herm, HHL of Ax=b hermition system
LU sol 	    Herm LU sol    HHL sol    L1_diff(%)
 3.786e-03   3.786e-03   1.563e-02  3.130e+02
 1.737e-03   1.737e-03   0.000e+00  1.000e+02
 7.994e-03   7.994e-03   0.000e+00  1.000e+02
 2.606e-03   2.606e-03   0.000e+00  1.000e+02
 4.495e-05   4.495e-05   0.000e+00  1.000e+02
 2.983e-03   2.983e-03   0.000e+00  1.000e+02
-2.766e-02  -2.766e-02  -3.126e-02  1.302e+01
-1.756e-02  -1.756e-02  -0.000e+00  1.000e+02
-7.347e-03  -7.347e-03  -0.000e+00  1.000e+02
-6.055e-02  -6.055e-02  -5.185e-02  1.438e+01
 1.021e-02   1.021e-02   0.000e+00  1.000e+02
-1.106e-01  -1.106e-01  -8.123e-02  2.658e+01
-3.398e-02  -3.398e-02  -0.000e+00  1.000e+02
-9.219e-02  -9.219e-02  -4.943e-02  4.638e+01
-9.786e-02  -9.786e-02  -6.445e-02  3.413e+01
-2.946e-02  -2.946e-02  -1.563e-02  4.693e+01
-8.255e-02  -8.255e-02  -4.422e-02  4.644e+01
-1.178e-01  -1.178e-01  -6.814e-02  4.218e+01
-6.603e-02  -6.603e-02  -2.211e-02  6.652e+01
-6.972e-02  -6.972e-02  -3.496e-02  4.986e+01
-1.687e-01  -1.687e-01  -1.025e-01  3.924e+01
-4.746e-02  -4.746e-02  -3.829e-02  1.931e+01
-1.411e-01  -1.411e-01  -8.843e-02  3.734e+01
-1.821e-01  -1.821e-01  -1.049e-01  4.243e+01
-6.285e-02  -6.285e-02  -4.136e-02  3.419e+01
-9.985e-02  -9.985e-02  -4.422e-02  5.572e+01
-2.055e-01  -2.055e-01  -1.001e-01  5.130e+01
-9.497e-02  -9.497e-02  -3.496e-02  6.319e+01
-1.428e-01  -1.428e-01  -7.497e-02  4.750e+01
-2.322e-01  -2.322e-01  -1.433e-01  3.830e+01
========================================================================================

step: 1/15 res:7.681715937929392, res/res0:0.4845884479447158  dq_norm: [0.09508834 0.14496916 0.25970537]

A info: before HHL prepare:
Spectral radius (A): 5.030e+01, lambda_min:4.354190247784078
condition number(A): 1.155e+01, norm2_cond:152.73250204893455
det(A): 6.523e+39
--------------------------------------------------------------------------------

A_hhl info: after scaling by spectral radius:
Spectral radius (A): 1.000e+00, lambda_min:0.08657130397818526
condition number(A): 1.155e+01, norm2_cond:152.7325020489348
det(A): 5.867e-12, nnz: 13 non zeros per row
--------------------------------------------------------------------------------

Size of A & B are not power of 2:
Next 2 power of 30 = 32
Value to be padded = 2
--------------------------------------------------

==================== Print (N)^2 padded matrix system =======================
Padded shape of A: (30, 30)x(30, 30) -> (32, 32)x(32, 32)
Padded shape of B: (30,) -> (32,)
Determinant of padded matrix: 5.8672209481735116e-12
Condition # of padded matrix: 152.7325020489348


Matrix is not Hermitian. Making it Hermitian.......

==================== Print Hermitian matrix system info =======================
Shape of hermitian A: 32x32 -> 64x64
Shape of           B: 32 -> 64
Determinant of Hermitian matrix: 3.44242816546851e-23
Condition # of Hermitian matrix: 152.73250204893458

=================================== Generating HHL circuit ===================================
Time elapsed for generating HHL circuit: 0 min 52.13 sec

Generated circuit: num_qubits=16, gates=21, depth=5
============================== Generated Circuit saved ==============================

============================== Transpiling circuit ==============================
This is using the AerSimulator('aer_simulator_statevector') transpiler.
Time elapsed for transpiling the circuit:  0 min 10.09 sec
Transpiled circuit, num_qubits: 16, (original: 16)
Transpiled circuit depth: 103108 (original: 5)
Transpiled circuit gates: 103235 (original: 21)
============================== Transpiled Circuit saved ==============================
Time elapsed for running the circuit:  0 min 20.63 sec
total_qubits: 16, nq:6

Time elapsed for extracting shots-based hhl counts solution:  0 min 0.00 sec

[HHL info]: linear system residual (e=||Ax-b||_2): 2.8337706564667515
[HHL info]: Fidelity(true_sol, hhl_sol): 0.9257405609250862
[HHL info]: L2 error (absolute): 0.11840587328766757
[HHL info]: L2 error (relative): 0.5046290363701713
[HHL info]: L2 error (normalized): 0.27512133560131613

========================================================================================
 Compare system solutions using LU of A, LU sol of A_herm, HHL of Ax=b hermition system
LU sol 	    Herm LU sol    HHL sol    L1_diff(%)
-1.204e-02  -1.204e-02  -0.000e+00  1.000e+02
 1.581e-03   1.581e-03   0.000e+00  1.000e+02
 7.566e-03   7.566e-03   0.000e+00  1.000e+02
 3.691e-03   3.691e-03   0.000e+00  1.000e+02
 9.886e-04   9.886e-04   0.000e+00  1.000e+02
 5.608e-03   5.608e-03   0.000e+00  1.000e+02
 6.645e-03   6.645e-03   0.000e+00  1.000e+02
-1.727e-02  -1.727e-02  -0.000e+00  1.000e+02
-2.112e-03  -2.112e-03  -0.000e+00  1.000e+02
-4.519e-03  -4.519e-03  -0.000e+00  1.000e+02
 1.064e-02   1.064e-02   0.000e+00  1.000e+02
-2.046e-02  -2.046e-02  -1.797e-02  1.218e+01
-3.147e-02  -3.147e-02  -2.377e-02  2.447e+01
-4.314e-02  -4.314e-02  -2.201e-02  4.899e+01
-2.697e-02  -2.697e-02  -1.271e-02  5.289e+01
-1.268e-02  -1.268e-02  -1.271e-02  1.887e-01
-3.773e-02  -3.773e-02  -1.271e-02  6.632e+01
-4.662e-02  -4.662e-02  -2.841e-02  3.905e+01
-4.354e-02  -4.354e-02  -3.362e-02  2.279e+01
-3.465e-02  -3.465e-02  -1.797e-02  4.814e+01
-6.471e-02  -6.471e-02  -3.916e-02  3.948e+01
-8.731e-03  -8.731e-03  -0.000e+00  1.000e+02
-5.201e-02  -5.201e-02  -3.112e-02  4.015e+01
-7.472e-02  -7.472e-02  -5.161e-02  3.093e+01
-2.154e-02  -2.154e-02  -0.000e+00  1.000e+02
-5.607e-02  -5.607e-02  -3.239e-02  4.222e+01
-1.053e-01  -1.053e-01  -4.117e-02  6.092e+01
-6.113e-02  -6.113e-02  -3.112e-02  4.909e+01
-6.774e-02  -6.774e-02  -2.541e-02  6.249e+01
-8.882e-02  -8.882e-02  -4.754e-02  4.648e+01
========================================================================================

step: 2/15 res:4.669222073340468, res/res0:0.29455021455000113  dq_norm: [0.05315246 0.06026923 0.09718121]

A info: before HHL prepare:
Spectral radius (A): 5.052e+01, lambda_min:4.282956814384844
condition number(A): 1.180e+01, norm2_cond:152.22487890514145
det(A): 7.850e+39
--------------------------------------------------------------------------------

A_hhl info: after scaling by spectral radius:
Spectral radius (A): 1.000e+00, lambda_min:0.08476912825800151
condition number(A): 1.180e+01, norm2_cond:152.2248789051411
det(A): 6.162e-12, nnz: 14 non zeros per row
--------------------------------------------------------------------------------

Size of A & B are not power of 2:
Next 2 power of 30 = 32
Value to be padded = 2
--------------------------------------------------

==================== Print (N)^2 padded matrix system =======================
Padded shape of A: (30, 30)x(30, 30) -> (32, 32)x(32, 32)
Padded shape of B: (30,) -> (32,)
Determinant of padded matrix: 6.161728007009373e-12
Condition # of padded matrix: 152.2248789051411


Matrix is not Hermitian. Making it Hermitian.......

==================== Print Hermitian matrix system info =======================
Shape of hermitian A: 32x32 -> 64x64
Shape of           B: 32 -> 64
Determinant of Hermitian matrix: 3.7966892032363155e-23
Condition # of Hermitian matrix: 152.22487890514074

=================================== Generating HHL circuit ===================================
Time elapsed for generating HHL circuit: 0 min 51.89 sec

Generated circuit: num_qubits=16, gates=21, depth=5
============================== Generated Circuit saved ==============================

============================== Transpiling circuit ==============================
This is using the AerSimulator('aer_simulator_statevector') transpiler.
Time elapsed for transpiling the circuit:  0 min 11.15 sec
Transpiled circuit, num_qubits: 16, (original: 16)
Transpiled circuit depth: 103108 (original: 5)
Transpiled circuit gates: 103235 (original: 21)
============================== Transpiled Circuit saved ==============================
Time elapsed for running the circuit:  0 min 20.65 sec
total_qubits: 16, nq:6

Time elapsed for extracting shots-based hhl counts solution:  0 min 0.00 sec

[HHL info]: linear system residual (e=||Ax-b||_2): 1.810628341249306
[HHL info]: Fidelity(true_sol, hhl_sol): 0.9128986599255613
[HHL info]: L2 error (absolute): 0.04295800794957726
[HHL info]: L2 error (relative): 0.36648555321980003
[HHL info]: L2 error (normalized): 0.29847176053018865

========================================================================================
 Compare system solutions using LU of A, LU sol of A_herm, HHL of Ax=b hermition system
LU sol 	    Herm LU sol    HHL sol    L1_diff(%)
-1.202e-02  -1.202e-02  -1.023e-02  1.487e+01
 1.594e-03   1.594e-03   0.000e+00  1.000e+02
 7.603e-03   7.603e-03   0.000e+00  1.000e+02
 3.782e-03   3.782e-03   0.000e+00  1.000e+02
 1.033e-03   1.033e-03   0.000e+00  1.000e+02
 5.802e-03   5.802e-03   0.000e+00  1.000e+02
 6.769e-03   6.769e-03   0.000e+00  1.000e+02
-1.725e-02  -1.725e-02  -2.171e-02  2.587e+01
-1.734e-03  -1.734e-03  -0.000e+00  1.000e+02
-4.638e-03  -4.638e-03  -0.000e+00  1.000e+02
 1.036e-02   1.036e-02   0.000e+00  1.000e+02
-2.667e-03  -2.667e-03  -0.000e+00  1.000e+02
-7.869e-03  -7.869e-03  -0.000e+00  1.000e+02
-2.114e-02  -2.114e-02  -1.772e-02  1.618e+01
-1.483e-02  -1.483e-02  -1.772e-02  1.953e+01
-1.058e-04  -1.058e-04  -0.000e+00  1.000e+02
-2.520e-02  -2.520e-02  -1.914e-02  2.403e+01
-1.887e-02  -1.887e-02  -1.447e-02  2.330e+01
-8.961e-03  -8.961e-03  -7.236e-03  1.925e+01
-1.612e-02  -1.612e-02  -0.000e+00  1.000e+02
-2.400e-02  -2.400e-02  -1.772e-02  2.616e+01
-7.959e-03  -7.959e-03  -0.000e+00  1.000e+02
-2.160e-02  -2.160e-02  -1.772e-02  1.793e+01
-2.338e-02  -2.338e-02  -2.047e-02  1.246e+01
-2.103e-02  -2.103e-02  -2.047e-02  2.688e+00
-2.312e-02  -2.312e-02  -1.914e-02  1.720e+01
-6.312e-02  -6.312e-02  -3.618e-02  4.268e+01
-2.859e-02  -2.859e-02  -1.914e-02  3.305e+01
-4.219e-02  -4.219e-02  -3.394e-02  1.957e+01
-4.162e-02  -4.162e-02  -3.154e-02  2.422e+01
========================================================================================

step: 3/15 res:2.8275125708172006, res/res0:0.17836899194241917  dq_norm: [0.03069846 0.05462831 0.05966708]

A info: before HHL prepare:
Spectral radius (A): 5.042e+01, lambda_min:4.0928161860239625
condition number(A): 1.232e+01, norm2_cond:154.91233421437448
det(A): 7.112e+39
--------------------------------------------------------------------------------

A_hhl info: after scaling by spectral radius:
Spectral radius (A): 1.000e+00, lambda_min:0.08118207656595462
condition number(A): 1.232e+01, norm2_cond:154.91233421437482
det(A): 5.959e-12, nnz: 13 non zeros per row
--------------------------------------------------------------------------------

Size of A & B are not power of 2:
Next 2 power of 30 = 32
Value to be padded = 2
--------------------------------------------------

==================== Print (N)^2 padded matrix system =======================
Padded shape of A: (30, 30)x(30, 30) -> (32, 32)x(32, 32)
Padded shape of B: (30,) -> (32,)
Determinant of padded matrix: 5.958801275964465e-12
Condition # of padded matrix: 154.91233421437482


Matrix is not Hermitian. Making it Hermitian.......

==================== Print Hermitian matrix system info =======================
Shape of hermitian A: 32x32 -> 64x64
Shape of           B: 32 -> 64
Determinant of Hermitian matrix: 3.550731264643649e-23
Condition # of Hermitian matrix: 154.9123342143758

=================================== Generating HHL circuit ===================================
Time elapsed for generating HHL circuit: 0 min 52.56 sec

Generated circuit: num_qubits=16, gates=21, depth=5
============================== Generated Circuit saved ==============================

============================== Transpiling circuit ==============================
This is using the AerSimulator('aer_simulator_statevector') transpiler.
Time elapsed for transpiling the circuit:  0 min 9.77 sec
Transpiled circuit, num_qubits: 16, (original: 16)
Transpiled circuit depth: 103108 (original: 5)
Transpiled circuit gates: 103235 (original: 21)
============================== Transpiled Circuit saved ==============================
Time elapsed for running the circuit:  0 min 20.30 sec
total_qubits: 16, nq:6

Time elapsed for extracting shots-based hhl counts solution:  0 min 0.00 sec

[HHL info]: linear system residual (e=||Ax-b||_2): 0.9185720826675615
[HHL info]: Fidelity(true_sol, hhl_sol): 0.7909768932471458
[HHL info]: L2 error (absolute): 0.02254053993660107
[HHL info]: L2 error (relative): 0.5243654956444704
[HHL info]: L2 error (normalized): 0.4703853370703493

========================================================================================
 Compare system solutions using LU of A, LU sol of A_herm, HHL of Ax=b hermition system
LU sol 	    Herm LU sol    HHL sol    L1_diff(%)
-1.634e-03  -1.634e-03  -0.000e+00  1.000e+02
 1.658e-03   1.658e-03   0.000e+00  1.000e+02
 7.797e-03   7.797e-03   6.661e-03  1.457e+01
 3.965e-03   3.965e-03   0.000e+00  1.000e+02
 1.012e-03   1.012e-03   0.000e+00  1.000e+02
 6.280e-03   6.280e-03   5.439e-03  1.340e+01
 6.886e-03   6.886e-03   3.846e-03  4.415e+01
 4.398e-03   4.398e-03   0.000e+00  1.000e+02
-1.437e-03  -1.437e-03  -0.000e+00  1.000e+02
-4.508e-03  -4.508e-03  -0.000e+00  1.000e+02
 1.043e-02   1.043e-02   0.000e+00  1.000e+02
-2.247e-03  -2.247e-03  -0.000e+00  1.000e+02
-7.734e-03  -7.734e-03  -6.661e-03  1.387e+01
-3.531e-03  -3.531e-03  -0.000e+00  1.000e+02
 3.553e-03   3.553e-03   0.000e+00  1.000e+02
-8.975e-06  -8.975e-06  -0.000e+00  1.000e+02
-6.083e-03  -6.083e-03  -3.846e-03  3.678e+01
-4.134e-03  -4.134e-03  -3.846e-03  6.970e+00
-1.705e-03  -1.705e-03  -0.000e+00  1.000e+02
-1.612e-02  -1.612e-02  -1.088e-02  3.253e+01
-6.181e-03  -6.181e-03  -3.846e-03  3.778e+01
-7.889e-03  -7.889e-03  -5.439e-03  3.106e+01
-3.755e-03  -3.755e-03  -0.000e+00  1.000e+02
-2.551e-03  -2.551e-03  -0.000e+00  1.000e+02
-5.426e-04  -5.426e-04  -0.000e+00  1.000e+02
-4.118e-03  -4.118e-03  -0.000e+00  1.000e+02
-2.669e-02  -2.669e-02  -1.720e-02  3.557e+01
-9.585e-03  -9.585e-03  -6.661e-03  3.051e+01
-8.290e-03  -8.290e-03  -8.599e-03  3.726e+00
-1.046e-02  -1.046e-02  -0.000e+00  1.000e+02
========================================================================================

step: 4/15 res:1.8177035657728748, res/res0:0.11466684746987445  dq_norm: [0.01153687 0.014389   0.01998244]

A info: before HHL prepare:
Spectral radius (A): 5.046e+01, lambda_min:4.063213344333547
condition number(A): 1.242e+01, norm2_cond:155.32812436712442
det(A): 7.264e+39
--------------------------------------------------------------------------------

A_hhl info: after scaling by spectral radius:
Spectral radius (A): 1.000e+00, lambda_min:0.0805233632464039
condition number(A): 1.242e+01, norm2_cond:155.32812436712499
det(A): 5.926e-12, nnz: 18 non zeros per row
--------------------------------------------------------------------------------

Size of A & B are not power of 2:
Next 2 power of 30 = 32
Value to be padded = 2
--------------------------------------------------

==================== Print (N)^2 padded matrix system =======================
Padded shape of A: (30, 30)x(30, 30) -> (32, 32)x(32, 32)
Padded shape of B: (30,) -> (32,)
Determinant of padded matrix: 5.9255172317393195e-12
Condition # of padded matrix: 155.32812436712499


Matrix is not Hermitian. Making it Hermitian.......

==================== Print Hermitian matrix system info =======================
Shape of hermitian A: 32x32 -> 64x64
Shape of           B: 32 -> 64
Determinant of Hermitian matrix: 3.5111754463638856e-23
Condition # of Hermitian matrix: 155.32812436712604

=================================== Generating HHL circuit ===================================
Time elapsed for generating HHL circuit: 0 min 52.83 sec

Generated circuit: num_qubits=16, gates=21, depth=5
============================== Generated Circuit saved ==============================

============================== Transpiling circuit ==============================
This is using the AerSimulator('aer_simulator_statevector') transpiler.
Time elapsed for transpiling the circuit:  0 min 9.67 sec
Transpiled circuit, num_qubits: 16, (original: 16)
Transpiled circuit depth: 103108 (original: 5)
Transpiled circuit gates: 103235 (original: 21)
============================== Transpiled Circuit saved ==============================
Time elapsed for running the circuit:  0 min 20.31 sec
total_qubits: 16, nq:6

Time elapsed for extracting shots-based hhl counts solution:  0 min 0.00 sec

[HHL info]: linear system residual (e=||Ax-b||_2): 0.8257938693172694
[HHL info]: Fidelity(true_sol, hhl_sol): 0.7696681911744297
[HHL info]: L2 error (absolute): 0.020879218648454802
[HHL info]: L2 error (relative): 0.9230370211496987
[HHL info]: L2 error (normalized): 0.49536380016783355

========================================================================================
 Compare system solutions using LU of A, LU sol of A_herm, HHL of Ax=b hermition system
LU sol 	    Herm LU sol    HHL sol    L1_diff(%)
-1.632e-03  -1.632e-03  -0.000e+00  1.000e+02
 1.661e-03   1.661e-03   0.000e+00  1.000e+02
 1.148e-03   1.148e-03   0.000e+00  1.000e+02
 3.949e-03   3.949e-03   4.737e-04  8.801e+01
 9.848e-04   9.848e-04   0.000e+00  1.000e+02
 7.897e-04   7.897e-04   0.000e+00  1.000e+02
 3.058e-03   3.058e-03   0.000e+00  1.000e+02
 4.432e-03   4.432e-03   6.116e-04  8.620e+01
-1.394e-03  -1.394e-03  -2.735e-04  8.038e+01
-4.497e-03  -4.497e-03  -6.699e-04  8.510e+01
 1.037e-02   1.037e-02   9.474e-04  9.086e+01
-2.298e-03  -2.298e-03  -0.000e+00  1.000e+02
-1.019e-03  -1.019e-03  -0.000e+00  1.000e+02
-3.474e-03  -3.474e-03  -4.737e-04  8.636e+01
 3.561e-03   3.561e-03   0.000e+00  1.000e+02
 6.237e-05   6.237e-05   0.000e+00  1.000e+02
-2.273e-03  -2.273e-03  -4.737e-04  7.916e+01
-1.402e-04  -1.402e-04  -0.000e+00  1.000e+02
-1.667e-03  -1.667e-03  -0.000e+00  1.000e+02
-5.237e-03  -5.237e-03  -5.470e-04  8.956e+01
-2.239e-03  -2.239e-03  -0.000e+00  1.000e+02
-2.416e-03  -2.416e-03  -0.000e+00  1.000e+02
-3.780e-03  -3.780e-03  -4.737e-04  8.747e+01
-2.540e-03  -2.540e-03  -0.000e+00  1.000e+02
-5.332e-04  -5.332e-04  -0.000e+00  1.000e+02
-4.104e-03  -4.104e-03  -0.000e+00  1.000e+02
-9.504e-03  -9.504e-03  -7.736e-04  9.186e+01
-2.923e-03  -2.923e-03  -2.735e-04  9.064e+01
 3.094e-04   3.094e-04   0.000e+00  1.000e+02
-1.072e-02  -1.072e-02  -6.116e-04  9.430e+01
========================================================================================

step: 5/15 res:0.9176281217561677, res/res0:0.05788706467478508  dq_norm: [0.00086488 0.00149801 0.00102334]

A info: before HHL prepare:
Spectral radius (A): 5.046e+01, lambda_min:4.0815276531275355
condition number(A): 1.236e+01, norm2_cond:155.17802616295617
det(A): 7.284e+39
--------------------------------------------------------------------------------

A_hhl info: after scaling by spectral radius:
Spectral radius (A): 1.000e+00, lambda_min:0.08088702351655262
condition number(A): 1.236e+01, norm2_cond:155.17802616295643
det(A): 5.943e-12, nnz: 13 non zeros per row
--------------------------------------------------------------------------------

Size of A & B are not power of 2:
Next 2 power of 30 = 32
Value to be padded = 2
--------------------------------------------------

==================== Print (N)^2 padded matrix system =======================
Padded shape of A: (30, 30)x(30, 30) -> (32, 32)x(32, 32)
Padded shape of B: (30,) -> (32,)
Determinant of padded matrix: 5.9433805717179606e-12
Condition # of padded matrix: 155.17802616295643


Matrix is not Hermitian. Making it Hermitian.......

==================== Print Hermitian matrix system info =======================
Shape of hermitian A: 32x32 -> 64x64
Shape of           B: 32 -> 64
Determinant of Hermitian matrix: 3.532377262027401e-23
Condition # of Hermitian matrix: 155.178026162956

=================================== Generating HHL circuit ===================================
Time elapsed for generating HHL circuit: 0 min 51.84 sec

Generated circuit: num_qubits=16, gates=21, depth=5
============================== Generated Circuit saved ==============================

============================== Transpiling circuit ==============================
This is using the AerSimulator('aer_simulator_statevector') transpiler.
Time elapsed for transpiling the circuit:  0 min 10.66 sec
Transpiled circuit, num_qubits: 16, (original: 16)
Transpiled circuit depth: 103108 (original: 5)
Transpiled circuit gates: 103235 (original: 21)
============================== Transpiled Circuit saved ==============================
Time elapsed for running the circuit:  0 min 20.40 sec
total_qubits: 16, nq:6

Time elapsed for extracting shots-based hhl counts solution:  0 min 0.00 sec

[HHL info]: linear system residual (e=||Ax-b||_2): 0.5412106102414467
[HHL info]: Fidelity(true_sol, hhl_sol): 0.8126762342741064
[HHL info]: L2 error (absolute): 0.014084071245630091
[HHL info]: L2 error (relative): 0.674995860098627
[HHL info]: L2 error (normalized): 0.44387932875491465

========================================================================================
 Compare system solutions using LU of A, LU sol of A_herm, HHL of Ax=b hermition system
LU sol 	    Herm LU sol    HHL sol    L1_diff(%)
-1.630e-03  -1.630e-03  -1.316e-03  1.930e+01
 1.663e-03   1.663e-03   0.000e+00  1.000e+02
 1.152e-03   1.152e-03   0.000e+00  1.000e+02
 3.491e-03   3.491e-03   1.316e-03  6.232e+01
 9.920e-04   9.920e-04   0.000e+00  1.000e+02
 8.161e-04   8.161e-04   0.000e+00  1.000e+02
 3.085e-03   3.085e-03   1.316e-03  5.736e+01
 3.823e-03   3.823e-03   1.316e-03  6.559e+01
-1.049e-03  -1.049e-03  -0.000e+00  1.000e+02
-3.798e-03  -3.798e-03  -1.316e-03  6.536e+01
 9.421e-03   9.421e-03   3.481e-03  6.305e+01
-2.242e-03  -2.242e-03  -1.316e-03  4.131e+01
-1.005e-03  -1.005e-03  -0.000e+00  1.000e+02
-2.998e-03  -2.998e-03  -1.316e-03  5.612e+01
 3.595e-03   3.595e-03   0.000e+00  1.000e+02
 6.755e-05   6.755e-05   0.000e+00  1.000e+02
-1.796e-03  -1.796e-03  -0.000e+00  1.000e+02
-1.270e-04  -1.270e-04  -0.000e+00  1.000e+02
-1.667e-03  -1.667e-03  -0.000e+00  1.000e+02
-4.688e-03  -4.688e-03  -0.000e+00  1.000e+02
-2.235e-03  -2.235e-03  -1.316e-03  4.114e+01
-2.418e-03  -2.418e-03  -0.000e+00  1.000e+02
-3.305e-03  -3.305e-03  -2.279e-03  3.107e+01
-2.545e-03  -2.545e-03  -0.000e+00  1.000e+02
-5.319e-04  -5.319e-04  -0.000e+00  1.000e+02
-4.099e-03  -4.099e-03  -2.279e-03  4.441e+01
-8.727e-03  -8.727e-03  -3.481e-03  6.011e+01
-2.643e-03  -2.643e-03  -0.000e+00  1.000e+02
 3.117e-04   3.117e-04   0.000e+00  1.000e+02
-1.009e-02  -1.009e-02  -3.947e-03  6.089e+01
========================================================================================

step: 6/15 res:0.825776805098009, res/res0:0.05209277504721868  dq_norm: [0.00263109 0.00509509 0.00558139]

A info: before HHL prepare:
Spectral radius (A): 5.045e+01, lambda_min:4.111006276774778
condition number(A): 1.227e+01, norm2_cond:154.67093093227766
det(A): 7.245e+39
--------------------------------------------------------------------------------

A_hhl info: after scaling by spectral radius:
Spectral radius (A): 1.000e+00, lambda_min:0.08148935274514027
condition number(A): 1.227e+01, norm2_cond:154.67093093227783
det(A): 5.951e-12, nnz: 13 non zeros per row
--------------------------------------------------------------------------------

Size of A & B are not power of 2:
Next 2 power of 30 = 32
Value to be padded = 2
--------------------------------------------------

==================== Print (N)^2 padded matrix system =======================
Padded shape of A: (30, 30)x(30, 30) -> (32, 32)x(32, 32)
Padded shape of B: (30,) -> (32,)
Determinant of padded matrix: 5.951197757118087e-12
Condition # of padded matrix: 154.67093093227783


Matrix is not Hermitian. Making it Hermitian.......

==================== Print Hermitian matrix system info =======================
Shape of hermitian A: 32x32 -> 64x64
Shape of           B: 32 -> 64
Determinant of Hermitian matrix: 3.54167547443271e-23
Condition # of Hermitian matrix: 154.67093093227766

=================================== Generating HHL circuit ===================================
Time elapsed for generating HHL circuit: 0 min 52.36 sec

Generated circuit: num_qubits=16, gates=21, depth=5
============================== Generated Circuit saved ==============================

============================== Transpiling circuit ==============================
This is using the AerSimulator('aer_simulator_statevector') transpiler.
Time elapsed for transpiling the circuit:  0 min 9.59 sec
Transpiled circuit, num_qubits: 16, (original: 16)
Transpiled circuit depth: 103108 (original: 5)
Transpiled circuit gates: 103235 (original: 21)
============================== Transpiled Circuit saved ==============================
Time elapsed for running the circuit:  0 min 20.54 sec
total_qubits: 16, nq:6

Time elapsed for extracting shots-based hhl counts solution:  0 min 0.00 sec

[HHL info]: linear system residual (e=||Ax-b||_2): 0.27636029505144394
[HHL info]: Fidelity(true_sol, hhl_sol): 0.8834835554836039
[HHL info]: L2 error (absolute): 0.007349774534166119
[HHL info]: L2 error (relative): 0.5225586502772899
[HHL info]: L2 error (normalized): 0.3465889225388043

========================================================================================
 Compare system solutions using LU of A, LU sol of A_herm, HHL of Ax=b hermition system
LU sol 	    Herm LU sol    HHL sol    L1_diff(%)
-3.084e-04  -3.084e-04  -0.000e+00  1.000e+02
 1.671e-03   1.671e-03   1.434e-03  1.417e+01
 1.167e-03   1.167e-03   0.000e+00  1.000e+02
 2.207e-03   2.207e-03   1.434e-03  3.504e+01
 1.006e-03   1.006e-03   0.000e+00  1.000e+02
 8.615e-04   8.615e-04   0.000e+00  1.000e+02
 1.833e-03   1.833e-03   1.014e-03  4.468e+01
 2.521e-03   2.521e-03   1.756e-03  3.035e+01
-8.835e-04  -8.835e-04  -1.014e-03  1.477e+01
-2.417e-03  -2.417e-03  -1.014e-03  5.805e+01
 5.935e-03   5.935e-03   3.656e-03  3.840e+01
-7.818e-04  -7.818e-04  -1.014e-03  2.969e+01
-9.778e-04  -9.778e-04  -0.000e+00  1.000e+02
-1.678e-03  -1.678e-03  -0.000e+00  1.000e+02
 3.669e-03   3.669e-03   2.683e-03  2.689e+01
 7.421e-05   7.421e-05   0.000e+00  1.000e+02
-1.787e-03  -1.787e-03  -0.000e+00  1.000e+02
-1.123e-04  -1.123e-04  -0.000e+00  1.000e+02
-1.670e-03  -1.670e-03  -1.014e-03  3.928e+01
-4.685e-03  -4.685e-03  -1.756e-03  6.252e+01
-9.207e-04  -9.207e-04  -1.014e-03  1.013e+01
-2.425e-03  -2.425e-03  -1.434e-03  4.087e+01
-1.022e-03  -1.022e-03  -0.000e+00  1.000e+02
-2.554e-03  -2.554e-03  -1.014e-03  6.030e+01
-5.283e-04  -5.283e-04  -0.000e+00  1.000e+02
-1.811e-03  -1.811e-03  -1.014e-03  4.402e+01
-5.248e-03  -5.248e-03  -2.028e-03  6.136e+01
-2.633e-03  -2.633e-03  -1.434e-03  4.555e+01
 3.171e-04   3.171e-04   0.000e+00  1.000e+02
-6.095e-03  -6.095e-03  -3.363e-03  4.483e+01
========================================================================================

step: 7/15 res:0.5412858552713123, res/res0:0.0341461301901586  dq_norm: [0.00304186 0.00475586 0.00517017]

A info: before HHL prepare:
Spectral radius (A): 5.046e+01, lambda_min:4.150720252554091
condition number(A): 1.216e+01, norm2_cond:154.283444959945
det(A): 7.483e+39
--------------------------------------------------------------------------------

A_hhl info: after scaling by spectral radius:
Spectral radius (A): 1.000e+00, lambda_min:0.08225233038565236
condition number(A): 1.216e+01, norm2_cond:154.28344495994452
det(A): 6.093e-12, nnz: 13 non zeros per row
--------------------------------------------------------------------------------

Size of A & B are not power of 2:
Next 2 power of 30 = 32
Value to be padded = 2
--------------------------------------------------

==================== Print (N)^2 padded matrix system =======================
Padded shape of A: (30, 30)x(30, 30) -> (32, 32)x(32, 32)
Padded shape of B: (30,) -> (32,)
Determinant of padded matrix: 6.093054972751176e-12
Condition # of padded matrix: 154.28344495994452


Matrix is not Hermitian. Making it Hermitian.......

==================== Print Hermitian matrix system info =======================
Shape of hermitian A: 32x32 -> 64x64
Shape of           B: 32 -> 64
Determinant of Hermitian matrix: 3.7125318900968356e-23
Condition # of Hermitian matrix: 154.28344495994543

=================================== Generating HHL circuit ===================================
Time elapsed for generating HHL circuit: 0 min 52.27 sec

Generated circuit: num_qubits=16, gates=21, depth=5
============================== Generated Circuit saved ==============================

============================== Transpiling circuit ==============================
This is using the AerSimulator('aer_simulator_statevector') transpiler.
Time elapsed for transpiling the circuit:  0 min 9.47 sec
Transpiled circuit, num_qubits: 16, (original: 16)
Transpiled circuit depth: 103110 (original: 5)
Transpiled circuit gates: 103237 (original: 21)
============================== Transpiled Circuit saved ==============================
Time elapsed for running the circuit:  0 min 20.49 sec
total_qubits: 16, nq:6

Time elapsed for extracting shots-based hhl counts solution:  0 min 0.00 sec

[HHL info]: linear system residual (e=||Ax-b||_2): 0.22738657788807318
[HHL info]: Fidelity(true_sol, hhl_sol): 0.7936328291953464
[HHL info]: L2 error (absolute): 0.006001481148546892
[HHL info]: L2 error (relative): 0.8195573951906523
[HHL info]: L2 error (normalized): 0.46720290283309496

========================================================================================
 Compare system solutions using LU of A, LU sol of A_herm, HHL of Ax=b hermition system
LU sol 	    Herm LU sol    HHL sol    L1_diff(%)
-3.060e-04  -3.060e-04  -0.000e+00  1.000e+02
 2.400e-04   2.400e-04   1.957e-04  1.846e+01
 1.173e-03   1.173e-03   1.957e-04  8.332e+01
 7.906e-04   7.906e-04   1.957e-04  7.525e+01
 1.013e-03   1.013e-03   0.000e+00  1.000e+02
 8.868e-04   8.868e-04   0.000e+00  1.000e+02
 8.540e-04   8.540e-04   3.390e-04  6.031e+01
 7.730e-04   7.730e-04   2.768e-04  6.420e+01
 2.237e-04   2.237e-04   0.000e+00  1.000e+02
-1.368e-03  -1.368e-03  -0.000e+00  1.000e+02
 2.275e-03   2.275e-03   5.178e-04  7.724e+01
 3.051e-04   3.051e-04   0.000e+00  1.000e+02
-9.638e-04  -9.638e-04  -1.957e-04  7.970e+01
-1.674e-03  -1.674e-03  -4.794e-04  7.137e+01
 1.022e-03   1.022e-03   2.768e-04  7.291e+01
 7.720e-05   7.720e-05   0.000e+00  1.000e+02
-1.784e-03  -1.784e-03  -3.390e-04  8.100e+01
-1.013e-04  -1.013e-04  -0.000e+00  1.000e+02
-6.575e-04  -6.575e-04  -0.000e+00  1.000e+02
-2.926e-03  -2.926e-03  -7.322e-04  7.498e+01
 8.479e-05   8.479e-05   0.000e+00  1.000e+02
-9.928e-04  -9.928e-04  -1.957e-04  8.029e+01
-1.024e-03  -1.024e-03  -0.000e+00  1.000e+02
-1.548e-03  -1.548e-03  -0.000e+00  1.000e+02
-5.184e-04  -5.184e-04  -1.957e-04  6.225e+01
-7.854e-04  -7.854e-04  -0.000e+00  1.000e+02
-3.201e-03  -3.201e-03  -5.535e-04  8.271e+01
-1.173e-03  -1.173e-03  -2.768e-04  7.640e+01
 3.214e-04   3.214e-04   1.957e-04  3.910e+01
-2.668e-03  -2.668e-03  -5.178e-04  8.060e+01
========================================================================================

step: 8/15 res:0.27627786003734317, res/res0:0.017428535561427077  dq_norm: [0.0005871  0.00114112 0.00083029]

A info: before HHL prepare:
Spectral radius (A): 5.047e+01, lambda_min:4.154996010042344
condition number(A): 1.215e+01, norm2_cond:154.24996758268566
det(A): 7.512e+39
--------------------------------------------------------------------------------

A_hhl info: after scaling by spectral radius:
Spectral radius (A): 1.000e+00, lambda_min:0.08233388663475502
condition number(A): 1.215e+01, norm2_cond:154.24996758268637
det(A): 6.110e-12, nnz: 13 non zeros per row
--------------------------------------------------------------------------------

Size of A & B are not power of 2:
Next 2 power of 30 = 32
Value to be padded = 2
--------------------------------------------------

==================== Print (N)^2 padded matrix system =======================
Padded shape of A: (30, 30)x(30, 30) -> (32, 32)x(32, 32)
Padded shape of B: (30,) -> (32,)
Determinant of padded matrix: 6.109557492748576e-12
Condition # of padded matrix: 154.24996758268637


Matrix is not Hermitian. Making it Hermitian.......

==================== Print Hermitian matrix system info =======================
Shape of hermitian A: 32x32 -> 64x64
Shape of           B: 32 -> 64
Determinant of Hermitian matrix: 3.732669275719921e-23
Condition # of Hermitian matrix: 154.24996758268682

=================================== Generating HHL circuit ===================================
Time elapsed for generating HHL circuit: 0 min 51.94 sec

Generated circuit: num_qubits=16, gates=21, depth=5
============================== Generated Circuit saved ==============================

============================== Transpiling circuit ==============================
This is using the AerSimulator('aer_simulator_statevector') transpiler.
Time elapsed for transpiling the circuit:  0 min 10.34 sec
Transpiled circuit, num_qubits: 16, (original: 16)
Transpiled circuit depth: 103110 (original: 5)
Transpiled circuit gates: 103237 (original: 21)
============================== Transpiled Circuit saved ==============================
Time elapsed for running the circuit:  0 min 20.60 sec
total_qubits: 16, nq:6

Time elapsed for extracting shots-based hhl counts solution:  0 min 0.00 sec

[HHL info]: linear system residual (e=||Ax-b||_2): 0.11957411428062244
[HHL info]: Fidelity(true_sol, hhl_sol): 0.8590536534256882
[HHL info]: L2 error (absolute): 0.0034855663355892793
[HHL info]: L2 error (relative): 0.5812016756938438
[HHL info]: L2 error (normalized): 0.3824879782987822

========================================================================================
 Compare system solutions using LU of A, LU sol of A_herm, HHL of Ax=b hermition system
LU sol 	    Herm LU sol    HHL sol    L1_diff(%)
-3.060e-04  -3.060e-04  -3.488e-04  1.402e+01
 4.449e-05   4.449e-05   0.000e+00  1.000e+02
 9.778e-04   9.778e-04   3.488e-04  6.433e+01
 5.957e-04   5.957e-04   0.000e+00  1.000e+02
 1.014e-03   1.014e-03   7.800e-04  2.305e+01
 8.875e-04   8.875e-04   0.000e+00  1.000e+02
 5.170e-04   5.170e-04   3.488e-04  3.252e+01
 4.967e-04   4.967e-04   3.488e-04  2.977e+01
 2.290e-04   2.290e-04   0.000e+00  1.000e+02
-1.366e-03  -1.366e-03  -6.977e-04  4.892e+01
 1.757e-03   1.757e-03   9.867e-04  4.385e+01
 3.089e-04   3.089e-04   0.000e+00  1.000e+02
-7.662e-04  -7.662e-04  -3.488e-04  5.447e+01
-1.194e-03  -1.194e-03  -3.488e-04  7.079e+01
 7.498e-04   7.498e-04   0.000e+00  1.000e+02
 7.865e-05   7.865e-05   0.000e+00  1.000e+02
-1.446e-03  -1.446e-03  -7.800e-04  4.605e+01
-9.624e-05  -9.624e-05  -0.000e+00  1.000e+02
-6.573e-04  -6.573e-04  -3.488e-04  4.693e+01
-2.194e-03  -2.194e-03  -8.545e-04  6.106e+01
 8.671e-05   8.671e-05   0.000e+00  1.000e+02
-7.971e-04  -7.971e-04  -0.000e+00  1.000e+02
-1.024e-03  -1.024e-03  -6.977e-04  3.185e+01
-1.548e-03  -1.548e-03  -6.977e-04  5.492e+01
-3.215e-04  -3.215e-04  -0.000e+00  1.000e+02
-7.844e-04  -7.844e-04  -4.933e-04  3.710e+01
-2.644e-03  -2.644e-03  -1.560e-03  4.100e+01
-8.932e-04  -8.932e-04  -3.488e-04  6.094e+01
 1.260e-04   1.260e-04   0.000e+00  1.000e+02
-2.143e-03  -2.143e-03  -6.042e-04  7.181e+01
========================================================================================

step: 9/15 res:0.2273843738792832, res/res0:0.014344170197830042  dq_norm: [0.00104652 0.00197334 0.00184589]

A info: before HHL prepare:
Spectral radius (A): 5.047e+01, lambda_min:4.169737622978174
condition number(A): 1.210e+01, norm2_cond:154.16708184965808
det(A): 7.547e+39
--------------------------------------------------------------------------------

A_hhl info: after scaling by spectral radius:
Spectral radius (A): 1.000e+00, lambda_min:0.08262064039091715
condition number(A): 1.210e+01, norm2_cond:154.1670818496581
det(A): 6.126e-12, nnz: 13 non zeros per row
--------------------------------------------------------------------------------

Size of A & B are not power of 2:
Next 2 power of 30 = 32
Value to be padded = 2
--------------------------------------------------

==================== Print (N)^2 padded matrix system =======================
Padded shape of A: (30, 30)x(30, 30) -> (32, 32)x(32, 32)
Padded shape of B: (30,) -> (32,)
Determinant of padded matrix: 6.125976810758629e-12
Condition # of padded matrix: 154.1670818496581


Matrix is not Hermitian. Making it Hermitian.......

==================== Print Hermitian matrix system info =======================
Shape of hermitian A: 32x32 -> 64x64
Shape of           B: 32 -> 64
Determinant of Hermitian matrix: 3.7527591885951666e-23
Condition # of Hermitian matrix: 154.16708184965867

=================================== Generating HHL circuit ===================================
Time elapsed for generating HHL circuit: 0 min 52.26 sec

Generated circuit: num_qubits=16, gates=21, depth=5
============================== Generated Circuit saved ==============================

============================== Transpiling circuit ==============================
This is using the AerSimulator('aer_simulator_statevector') transpiler.
Time elapsed for transpiling the circuit:  0 min 9.56 sec
Transpiled circuit, num_qubits: 16, (original: 16)
Transpiled circuit depth: 103106 (original: 5)
Transpiled circuit gates: 103233 (original: 21)
============================== Transpiled Circuit saved ==============================
Time elapsed for running the circuit:  0 min 20.43 sec
total_qubits: 16, nq:6

Time elapsed for extracting shots-based hhl counts solution:  0 min 0.00 sec

[HHL info]: linear system residual (e=||Ax-b||_2): 0.04756897900960148
[HHL info]: Fidelity(true_sol, hhl_sol): 0.849561271872369
[HHL info]: L2 error (absolute): 0.001351845871675392
[HHL info]: L2 error (relative): 0.3878648916714077
[HHL info]: L2 error (normalized): 0.3956855284565538

========================================================================================
 Compare system solutions using LU of A, LU sol of A_herm, HHL of Ax=b hermition system
LU sol 	    Herm LU sol    HHL sol    L1_diff(%)
 4.290e-05   4.290e-05   0.000e+00  1.000e+02
 4.467e-05   4.467e-05   0.000e+00  1.000e+02
 6.288e-04   6.288e-04   7.963e-04  2.665e+01
 5.967e-04   5.967e-04   0.000e+00  1.000e+02
 2.343e-04   2.343e-04   0.000e+00  1.000e+02
 8.893e-04   8.893e-04   7.963e-04  1.045e+01
 1.721e-04   1.721e-04   0.000e+00  1.000e+02
 1.493e-04   1.493e-04   0.000e+00  1.000e+02
 2.389e-04   2.389e-04   0.000e+00  1.000e+02
-6.630e-04  -6.630e-04  -7.963e-04  2.011e+01
 7.697e-04   7.697e-04   7.963e-04  3.459e+00
 3.162e-04   3.162e-04   0.000e+00  1.000e+02
-4.145e-04  -4.145e-04  -3.982e-04  3.936e+00
-8.446e-04  -8.446e-04  -7.963e-04  5.708e+00
 7.561e-04   7.561e-04   0.000e+00  1.000e+02
 8.029e-05   8.029e-05   0.000e+00  1.000e+02
-6.656e-04  -6.656e-04  -3.982e-04  4.017e+01
-9.114e-05  -9.114e-05  -0.000e+00  1.000e+02
-3.087e-04  -3.087e-04  -0.000e+00  1.000e+02
-1.340e-03  -1.340e-03  -1.436e-03  7.154e+00
 8.713e-05   8.713e-05   0.000e+00  1.000e+02
-7.984e-04  -7.984e-04  -6.897e-04  1.362e+01
-3.259e-04  -3.259e-04  -5.631e-04  7.279e+01
-8.521e-04  -8.521e-04  -8.903e-04  4.486e+00
-3.211e-04  -3.211e-04  -0.000e+00  1.000e+02
-2.899e-04  -2.899e-04  -5.631e-04  9.426e+01
-1.083e-03  -1.083e-03  -7.963e-04  2.645e+01
-5.423e-04  -5.423e-04  -3.982e-04  2.657e+01
 1.264e-04   1.264e-04   0.000e+00  1.000e+02
-1.534e-03  -1.534e-03  -1.436e-03  6.426e+00
========================================================================================

step: 10/15 res:0.11952654705342135, res/res0:0.007540136135315251  dq_norm: [0.00119452 0.0020303  0.00218089]

A info: before HHL prepare:
Spectral radius (A): 5.047e+01, lambda_min:4.182579946988004
condition number(A): 1.207e+01, norm2_cond:154.0593596434792
det(A): 7.591e+39
--------------------------------------------------------------------------------

A_hhl info: after scaling by spectral radius:
Spectral radius (A): 1.000e+00, lambda_min:0.08286510378194387
condition number(A): 1.207e+01, norm2_cond:154.05935964347745
det(A): 6.140e-12, nnz: 13 non zeros per row
--------------------------------------------------------------------------------

Size of A & B are not power of 2:
Next 2 power of 30 = 32
Value to be padded = 2
--------------------------------------------------

==================== Print (N)^2 padded matrix system =======================
Padded shape of A: (30, 30)x(30, 30) -> (32, 32)x(32, 32)
Padded shape of B: (30,) -> (32,)
Determinant of padded matrix: 6.139645705247643e-12
Condition # of padded matrix: 154.05935964347745


Matrix is not Hermitian. Making it Hermitian.......

==================== Print Hermitian matrix system info =======================
Shape of hermitian A: 32x32 -> 64x64
Shape of           B: 32 -> 64
Determinant of Hermitian matrix: 3.769524938596609e-23
Condition # of Hermitian matrix: 154.0593596434793

=================================== Generating HHL circuit ===================================
Time elapsed for generating HHL circuit: 0 min 52.33 sec

Generated circuit: num_qubits=16, gates=21, depth=5
============================== Generated Circuit saved ==============================

============================== Transpiling circuit ==============================
This is using the AerSimulator('aer_simulator_statevector') transpiler.
Time elapsed for transpiling the circuit:  0 min 9.54 sec
Transpiled circuit, num_qubits: 16, (original: 16)
Transpiled circuit depth: 103105 (original: 5)
Transpiled circuit gates: 103232 (original: 21)
============================== Transpiled Circuit saved ==============================
Time elapsed for running the circuit:  0 min 20.18 sec
total_qubits: 16, nq:6

Time elapsed for extracting shots-based hhl counts solution:  0 min 0.00 sec

[HHL info]: linear system residual (e=||Ax-b||_2): 0.03907340074432135
[HHL info]: Fidelity(true_sol, hhl_sol): 0.8439610085290362
[HHL info]: L2 error (absolute): 0.0010940969185504698
[HHL info]: L2 error (relative): 0.8082103940583342
[HHL info]: L2 error (normalized): 0.40330260386250694

========================================================================================
 Compare system solutions using LU of A, LU sol of A_herm, HHL of Ax=b hermition system
LU sol 	    Herm LU sol    HHL sol    L1_diff(%)
 4.292e-05   4.292e-05   0.000e+00  1.000e+02
 4.466e-05   4.466e-05   0.000e+00  1.000e+02
-1.674e-04  -1.674e-04  -3.733e-05  7.770e+01
 5.969e-04   5.969e-04   1.238e-04  7.926e+01
 2.343e-04   2.343e-04   3.733e-05  8.407e+01
 9.357e-05   9.357e-05   0.000e+00  1.000e+02
 1.730e-04   1.730e-04   5.279e-05  6.948e+01
 1.496e-04   1.496e-04   0.000e+00  1.000e+02
 2.411e-04   2.411e-04   0.000e+00  1.000e+02
 1.346e-04   1.346e-04   0.000e+00  1.000e+02
-2.685e-05  -2.685e-05  -0.000e+00  1.000e+02
 3.177e-04   3.177e-04   7.465e-05  7.650e+01
-1.538e-05  -1.538e-05  -0.000e+00  1.000e+02
-4.793e-05  -4.793e-05  -0.000e+00  1.000e+02
 7.584e-04   7.584e-04   1.903e-04  7.491e+01
 8.066e-05   8.066e-05   0.000e+00  1.000e+02
-2.678e-04  -2.678e-04  -5.279e-05  8.029e+01
-8.948e-05  -8.948e-05  -0.000e+00  1.000e+02
-3.089e-04  -3.089e-04  -5.279e-05  8.291e+01
 9.609e-05   9.609e-05   0.000e+00  1.000e+02
 8.709e-05   8.709e-05   0.000e+00  1.000e+02
-1.087e-04  -1.087e-04  -3.733e-05  6.566e+01
 2.370e-04   2.370e-04   0.000e+00  1.000e+02
 3.794e-05   3.794e-05   0.000e+00  1.000e+02
-3.208e-04  -3.208e-04  -6.465e-05  7.985e+01
 2.738e-04   2.738e-04   8.346e-05  6.952e+01
-2.857e-04  -2.857e-04  -3.733e-05  8.693e+01
-1.428e-04  -1.428e-04  -0.000e+00  1.000e+02
 1.266e-04   1.266e-04   3.733e-05  7.051e+01
-9.489e-05  -9.489e-05  -0.000e+00  1.000e+02
========================================================================================

step: 11/15 res:0.04756298448321792, res/res0:0.003000432848152661  dq_norm: [0.0001627  0.00011198 0.00021114]

A info: before HHL prepare:
Spectral radius (A): 5.048e+01, lambda_min:4.182036512752572
condition number(A): 1.207e+01, norm2_cond:154.06655664600655
det(A): 7.597e+39
--------------------------------------------------------------------------------

A_hhl info: after scaling by spectral radius:
Spectral radius (A): 1.000e+00, lambda_min:0.08285229682480794
condition number(A): 1.207e+01, norm2_cond:154.0665566460056
det(A): 6.139e-12, nnz: 13 non zeros per row
--------------------------------------------------------------------------------

Size of A & B are not power of 2:
Next 2 power of 30 = 32
Value to be padded = 2
--------------------------------------------------

==================== Print (N)^2 padded matrix system =======================
Padded shape of A: (30, 30)x(30, 30) -> (32, 32)x(32, 32)
Padded shape of B: (30,) -> (32,)
Determinant of padded matrix: 6.139459048626817e-12
Condition # of padded matrix: 154.0665566460056


Matrix is not Hermitian. Making it Hermitian.......

==================== Print Hermitian matrix system info =======================
Shape of hermitian A: 32x32 -> 64x64
Shape of           B: 32 -> 64
Determinant of Hermitian matrix: 3.7692957409765165e-23
Condition # of Hermitian matrix: 154.0665566460052

=================================== Generating HHL circuit ===================================
Time elapsed for generating HHL circuit: 0 min 51.61 sec

Generated circuit: num_qubits=16, gates=21, depth=5
============================== Generated Circuit saved ==============================

============================== Transpiling circuit ==============================
This is using the AerSimulator('aer_simulator_statevector') transpiler.
Time elapsed for transpiling the circuit:  0 min 10.50 sec
Transpiled circuit, num_qubits: 16, (original: 16)
Transpiled circuit depth: 103104 (original: 5)
Transpiled circuit gates: 103231 (original: 21)
============================== Transpiled Circuit saved ==============================
Time elapsed for running the circuit:  0 min 20.22 sec
total_qubits: 16, nq:6

Time elapsed for extracting shots-based hhl counts solution:  0 min 0.00 sec

[HHL info]: linear system residual (e=||Ax-b||_2): 0.03055123001721231
[HHL info]: Fidelity(true_sol, hhl_sol): 0.8868989971958826
[HHL info]: L2 error (absolute): 0.0007234950600174812
[HHL info]: L2 error (relative): 0.6613067982550848
[HHL info]: L2 error (normalized): 0.3413117317584001

========================================================================================
 Compare system solutions using LU of A, LU sol of A_herm, HHL of Ax=b hermition system
LU sol 	    Herm LU sol    HHL sol    L1_diff(%)
 4.294e-05   4.294e-05   0.000e+00  1.000e+02
 4.467e-05   4.467e-05   0.000e+00  1.000e+02
-1.300e-04  -1.300e-04  -0.000e+00  1.000e+02
 4.732e-04   4.732e-04   1.591e-04  6.638e+01
 1.970e-04   1.970e-04   5.303e-05  7.308e+01
 9.355e-05   9.355e-05   0.000e+00  1.000e+02
 1.202e-04   1.202e-04   7.500e-05  3.761e+01
 1.496e-04   1.496e-04   5.303e-05  6.454e+01
 2.411e-04   2.411e-04   7.500e-05  6.889e+01
 1.346e-04   1.346e-04   0.000e+00  1.000e+02
-2.684e-05  -2.684e-05  -0.000e+00  1.000e+02
 2.431e-04   2.431e-04   9.186e-05  6.221e+01
-1.537e-05  -1.537e-05  -0.000e+00  1.000e+02
-4.794e-05  -4.794e-05  -0.000e+00  1.000e+02
 5.681e-04   5.681e-04   2.488e-04  5.622e+01
 8.068e-05   8.068e-05   0.000e+00  1.000e+02
-2.150e-04  -2.150e-04  -5.303e-05  7.533e+01
-8.942e-05  -8.942e-05  -0.000e+00  1.000e+02
-2.560e-04  -2.560e-04  -9.186e-05  6.412e+01
 9.613e-05   9.613e-05   0.000e+00  1.000e+02
 8.721e-05   8.721e-05   0.000e+00  1.000e+02
-7.121e-05  -7.121e-05  -0.000e+00  1.000e+02
 2.370e-04   2.370e-04   1.061e-04  5.525e+01
 3.823e-05   3.823e-05   0.000e+00  1.000e+02
-2.560e-04  -2.560e-04  -7.500e-05  7.071e+01
 1.903e-04   1.903e-04   7.500e-05  6.060e+01
-2.481e-04  -2.481e-04  -1.061e-04  5.724e+01
-1.428e-04  -1.428e-04  -7.500e-05  4.748e+01
 8.925e-05   8.925e-05   5.303e-05  4.058e+01
-9.482e-05  -9.482e-05  -0.000e+00  1.000e+02
========================================================================================

step: 12/15 res:0.03907340034063818, res/res0:0.002464881359840571  dq_norm: [0.000225   0.00016771 0.00029528]

A info: before HHL prepare:
Spectral radius (A): 5.048e+01, lambda_min:4.181613324808411
condition number(A): 1.207e+01, norm2_cond:154.07162198039032
det(A): 7.612e+39
--------------------------------------------------------------------------------

A_hhl info: after scaling by spectral radius:
Spectral radius (A): 1.000e+00, lambda_min:0.08284104865827548
condition number(A): 1.207e+01, norm2_cond:154.07162198039032
det(A): 6.145e-12, nnz: 13 non zeros per row
--------------------------------------------------------------------------------

Size of A & B are not power of 2:
Next 2 power of 30 = 32
Value to be padded = 2
--------------------------------------------------

==================== Print (N)^2 padded matrix system =======================
Padded shape of A: (30, 30)x(30, 30) -> (32, 32)x(32, 32)
Padded shape of B: (30,) -> (32,)
Determinant of padded matrix: 6.145098326879641e-12
Condition # of padded matrix: 154.07162198039032


Matrix is not Hermitian. Making it Hermitian.......

==================== Print Hermitian matrix system info =======================
Shape of hermitian A: 32x32 -> 64x64
Shape of           B: 32 -> 64
Determinant of Hermitian matrix: 3.776223344701789e-23
Condition # of Hermitian matrix: 154.0716219803912

=================================== Generating HHL circuit ===================================
Time elapsed for generating HHL circuit: 0 min 52.09 sec

Generated circuit: num_qubits=16, gates=21, depth=5
============================== Generated Circuit saved ==============================

============================== Transpiling circuit ==============================
This is using the AerSimulator('aer_simulator_statevector') transpiler.
Time elapsed for transpiling the circuit:  0 min 9.55 sec
Transpiled circuit, num_qubits: 16, (original: 16)
Transpiled circuit depth: 103106 (original: 5)
Transpiled circuit gates: 103233 (original: 21)
============================== Transpiled Circuit saved ==============================
Time elapsed for running the circuit:  0 min 20.16 sec
total_qubits: 16, nq:6

Time elapsed for extracting shots-based hhl counts solution:  0 min 0.00 sec

[HHL info]: linear system residual (e=||Ax-b||_2): 0.023983477237158875
[HHL info]: Fidelity(true_sol, hhl_sol): 0.8189904989859483
[HHL info]: L2 error (absolute): 0.0005109866991583491
[HHL info]: L2 error (relative): 0.7063528108245231
[HHL info]: L2 error (normalized): 0.43593362231870886

========================================================================================
 Compare system solutions using LU of A, LU sol of A_herm, HHL of Ax=b hermition system
LU sol 	    Herm LU sol    HHL sol    L1_diff(%)
 4.295e-05   4.295e-05   0.000e+00  1.000e+02
 4.467e-05   4.467e-05   0.000e+00  1.000e+02
-1.300e-04  -1.300e-04  -0.000e+00  1.000e+02
 3.142e-04   3.142e-04   1.093e-04  6.522e+01
 1.440e-04   1.440e-04   5.985e-05  5.843e+01
 9.354e-05   9.354e-05   0.000e+00  1.000e+02
 4.523e-05   4.523e-05   0.000e+00  1.000e+02
 9.654e-05   9.654e-05   4.887e-05  4.938e+01
 1.661e-04   1.661e-04   7.727e-05  5.349e+01
 1.347e-04   1.347e-04   5.985e-05  5.555e+01
-2.683e-05  -2.683e-05  -0.000e+00  1.000e+02
 1.512e-04   1.512e-04   3.456e-05  7.715e+01
-1.538e-05  -1.538e-05  -0.000e+00  1.000e+02
-4.797e-05  -4.797e-05  -0.000e+00  1.000e+02
 3.194e-04   3.194e-04   1.146e-04  6.412e+01
 8.071e-05   8.071e-05   0.000e+00  1.000e+02
-1.619e-04  -1.619e-04  -3.456e-05  7.865e+01
-8.935e-05  -8.935e-05  -0.000e+00  1.000e+02
-1.640e-04  -1.640e-04  -5.985e-05  6.352e+01
 9.615e-05   9.615e-05   3.456e-05  6.406e+01
 8.736e-05   8.736e-05   0.000e+00  1.000e+02
-7.107e-05  -7.107e-05  -0.000e+00  1.000e+02
 1.310e-04   1.310e-04   3.456e-05  7.362e+01
 3.855e-05   3.855e-05   0.000e+00  1.000e+02
-1.809e-04  -1.809e-04  -5.985e-05  6.691e+01
 1.153e-04   1.153e-04   4.887e-05  5.762e+01
-1.417e-04  -1.417e-04  -3.456e-05  7.562e+01
-6.773e-05  -6.773e-05  -0.000e+00  1.000e+02
 3.621e-05   3.621e-05   0.000e+00  1.000e+02
-9.470e-05  -9.470e-05  -6.911e-05  2.702e+01
========================================================================================

step: 13/15 res:0.030551334924165445, res/res0:0.0019272808436510826  dq_norm: [0.00015063 0.00010928 0.00016208]

A info: before HHL prepare:
Spectral radius (A): 5.048e+01, lambda_min:4.181591512053362
condition number(A): 1.207e+01, norm2_cond:154.07539313628334
det(A): 7.616e+39
--------------------------------------------------------------------------------

A_hhl info: after scaling by spectral radius:
Spectral radius (A): 1.000e+00, lambda_min:0.08283929301356198
condition number(A): 1.207e+01, norm2_cond:154.07539313628405
det(A): 6.146e-12, nnz: 13 non zeros per row
--------------------------------------------------------------------------------

Size of A & B are not power of 2:
Next 2 power of 30 = 32
Value to be padded = 2
--------------------------------------------------

==================== Print (N)^2 padded matrix system =======================
Padded shape of A: (30, 30)x(30, 30) -> (32, 32)x(32, 32)
Padded shape of B: (30,) -> (32,)
Determinant of padded matrix: 6.145711410808942e-12
Condition # of padded matrix: 154.07539313628405


Matrix is not Hermitian. Making it Hermitian.......

==================== Print Hermitian matrix system info =======================
Shape of hermitian A: 32x32 -> 64x64
Shape of           B: 32 -> 64
Determinant of Hermitian matrix: 3.7769768744946963e-23
Condition # of Hermitian matrix: 154.07539313628465

=================================== Generating HHL circuit ===================================
Time elapsed for generating HHL circuit: 0 min 52.74 sec

Generated circuit: num_qubits=16, gates=21, depth=5
============================== Generated Circuit saved ==============================

============================== Transpiling circuit ==============================
This is using the AerSimulator('aer_simulator_statevector') transpiler.
Time elapsed for transpiling the circuit:  0 min 8.98 sec
Transpiled circuit, num_qubits: 16, (original: 16)
Transpiled circuit depth: 103106 (original: 5)
Transpiled circuit gates: 103233 (original: 21)
============================== Transpiled Circuit saved ==============================
Time elapsed for running the circuit:  0 min 18.94 sec
total_qubits: 16, nq:6

Time elapsed for extracting shots-based hhl counts solution:  0 min 0.00 sec

[HHL info]: linear system residual (e=||Ax-b||_2): 0.022044624075636152
[HHL info]: Fidelity(true_sol, hhl_sol): 0.7407550503642979
[HHL info]: L2 error (absolute): 0.0004701285273926318
[HHL info]: L2 error (relative): 0.9200386875254882
[HHL info]: L2 error (normalized): 0.527880139942878

========================================================================================
 Compare system solutions using LU of A, LU sol of A_herm, HHL of Ax=b hermition system
LU sol 	    Herm LU sol    HHL sol    L1_diff(%)
 4.295e-05   4.295e-05   0.000e+00  1.000e+02
 4.467e-05   4.467e-05   0.000e+00  1.000e+02
-1.301e-04  -1.301e-04  -1.471e-05  8.869e+01
 2.049e-04   2.049e-04   1.801e-05  9.121e+01
 8.414e-05   8.414e-05   1.040e-05  8.764e+01
 9.354e-05   9.354e-05   1.040e-05  8.888e+01
 4.525e-05   4.525e-05   7.353e-06  8.375e+01
 4.768e-05   4.768e-05   0.000e+00  1.000e+02
 8.889e-05   8.889e-05   7.353e-06  9.173e+01
 7.483e-05   7.483e-05   0.000e+00  1.000e+02
-2.683e-05  -2.683e-05  -0.000e+00  1.000e+02
 1.167e-04   1.167e-04   1.040e-05  9.109e+01
-1.537e-05  -1.537e-05  -0.000e+00  1.000e+02
-4.798e-05  -4.798e-05  -0.000e+00  1.000e+02
 2.048e-04   2.048e-04   2.206e-05  8.923e+01
 8.074e-05   8.074e-05   7.353e-06  9.089e+01
-1.273e-04  -1.273e-04  -0.000e+00  1.000e+02
-8.929e-05  -8.929e-05  -1.040e-05  8.835e+01
-1.041e-04  -1.041e-04  -1.471e-05  8.588e+01
 6.160e-05   6.160e-05   7.353e-06  8.806e+01
 8.745e-05   8.745e-05   7.353e-06  9.159e+01
-7.101e-05  -7.101e-05  -1.040e-05  8.536e+01
 9.642e-05   9.642e-05   0.000e+00  1.000e+02
 3.867e-05   3.867e-05   1.040e-05  7.311e+01
-1.210e-04  -1.210e-04  -1.040e-05  9.141e+01
 6.642e-05   6.642e-05   7.353e-06  8.893e+01
-1.071e-04  -1.071e-04  -0.000e+00  1.000e+02
-6.773e-05  -6.773e-05  -0.000e+00  1.000e+02
 3.621e-05   3.621e-05   0.000e+00  1.000e+02
-2.557e-05  -2.557e-05  -0.000e+00  1.000e+02
========================================================================================

step: 14/15 res:0.02398348229005369, res/res0:0.0015129586349139903  dq_norm: [2.94133472e-05 1.47066736e-05 3.52653644e-05]
Completed: 14 steps in 1285.63s
Saved metadata to /lustre/orion/stf006/scratch/4klornl/fvm_euler_1d_solver/output_parallel_shots/nelem10/statevector/shots_150000/trial_7/metadata_nelem10_HHL_statevector_nshots150000.pkl

Solution summary:
  x/L: [0.0500, 0.9500]
  Mach: [1.4948, 2.1642]
  p/p_in: [1.0054, 0.3624]
  rho/rho_in: [1.0037, 0.4841]
Saved combined plot to /lustre/orion/stf006/scratch/4klornl/fvm_euler_1d_solver/output_parallel_shots/nelem10/statevector/shots_150000/trial_7/solution_plot_nelem10_HHL_statevector_nshots150000.png
