
------------------------------------------------------------
Using ideal local simulator with 'statevector' method
Backend: aer_simulator_statevector
Shots: 100000
------------------------------------------------------------

A info: before HHL prepare:
Spectral radius (A): 9.808e+01, lambda_min:5.866129498146235
condition number(A): 1.672e+01, norm2_cond:401.8614855890083
det(A): 2.657e+93
--------------------------------------------------------------------------------

A_hhl info: after scaling by spectral radius:
Spectral radius (A): 1.000e+00, lambda_min:0.05980937346031271
condition number(A): 1.672e+01, norm2_cond:401.8614855890105
det(A): 8.499e-27, nnz: 12 non zeros per row
--------------------------------------------------------------------------------

Size of A & B are not power of 2:
Next 2 power of 60 = 64
Value to be padded = 4
--------------------------------------------------

==================== Print (N)^2 padded matrix system =======================
Padded shape of A: (60, 60)x(60, 60) -> (64, 64)x(64, 64)
Padded shape of B: (60,) -> (64,)
Determinant of padded matrix: 8.499054744892335e-27
Condition # of padded matrix: 401.8614855890105


Matrix is not Hermitian. Making it Hermitian.......

==================== Print Hermitian matrix system info =======================
Shape of hermitian A: 64x64 -> 128x128
Shape of           B: 64 -> 128
Determinant of Hermitian matrix: 7.223393155667588e-53
Condition # of Hermitian matrix: 401.86148558902164

=================================== Generating HHL circuit ===================================
Time elapsed for generating HHL circuit: 4 min 47.73 sec

Generated circuit: num_qubits=18, gates=23, depth=5
============================== Generated Circuit saved ==============================

============================== Transpiling circuit ==============================
This is using the AerSimulator('aer_simulator_statevector') transpiler.
Time elapsed for transpiling the circuit:  0 min 51.33 sec
Transpiled circuit, num_qubits: 18, (original: 18)
Transpiled circuit depth: 464201 (original: 5)
Transpiled circuit gates: 464353 (original: 23)
============================== Transpiled Circuit saved ==============================
Time elapsed for running the circuit:  2 min 33.01 sec
total_qubits: 18, nq:7

Time elapsed for extracting shots-based hhl counts solution:  0 min 0.00 sec

[HHL info]: linear system residual (e=||Ax-b||_2): 20.410106875145477
[HHL info]: Fidelity(true_sol, hhl_sol): 0.9918089254571596
[HHL info]: L2 error (absolute): 4.334255123582632
[HHL info]: L2 error (relative): 0.8012519156380137
[HHL info]: L2 error (normalized): 0.09059755525556713

========================================================================================
 Compare system solutions using LU of A, LU sol of A_herm, HHL of Ax=b hermition system
LU sol 	    Herm LU sol    HHL sol    L1_diff(%)
-2.338e-04  -2.338e-04  -0.000e+00  1.000e+02
-1.963e-04  -1.963e-04  -0.000e+00  1.000e+02
-6.159e-04  -6.159e-04  -0.000e+00  1.000e+02
-8.210e-04  -8.210e-04  -0.000e+00  1.000e+02
-7.266e-04  -7.266e-04  -0.000e+00  1.000e+02
-2.219e-03  -2.219e-03  -0.000e+00  1.000e+02
-1.793e-03  -1.793e-03  -0.000e+00  1.000e+02
-1.753e-03  -1.753e-03  -0.000e+00  1.000e+02
-5.094e-03  -5.094e-03  -0.000e+00  1.000e+02
-3.854e-03  -3.854e-03  -0.000e+00  1.000e+02
-3.983e-03  -3.983e-03  -0.000e+00  1.000e+02
-1.127e-02  -1.127e-02  -0.000e+00  1.000e+02
-9.906e-03  -9.906e-03  -0.000e+00  1.000e+02
-9.642e-03  -9.642e-03  -0.000e+00  1.000e+02
-2.806e-02  -2.806e-02  -2.771e-02  1.266e+00
-2.691e-02  -2.691e-02  -0.000e+00  1.000e+02
-2.384e-02  -2.384e-02  -0.000e+00  1.000e+02
-7.270e-02  -7.270e-02  -3.919e-02  4.610e+01
-6.552e-02  -6.552e-02  -0.000e+00  1.000e+02
-5.523e-02  -5.523e-02  -2.771e-02  4.983e+01
-1.723e-01  -1.723e-01  -0.000e+00  1.000e+02
-1.346e-01  -1.346e-01  -4.799e-02  6.434e+01
-1.143e-01  -1.143e-01  -2.771e-02  7.575e+01
-3.520e-01  -3.520e-01  -5.542e-02  8.426e+01
-2.317e-01  -2.317e-01  -3.919e-02  8.309e+01
-2.062e-01  -2.062e-01  -3.919e-02  8.100e+01
-6.108e-01  -6.108e-01  -1.413e-01  7.687e+01
-3.379e-01  -3.379e-01  -9.190e-02  7.280e+01
-3.187e-01  -3.187e-01  -4.799e-02  8.494e+01
-9.014e-01  -9.014e-01  -1.920e-01  7.870e+01
-4.286e-01  -4.286e-01  -8.762e-02  7.955e+01
-4.234e-01  -4.234e-01  -9.190e-02  7.829e+01
-1.154e+00  -1.154e+00  -2.431e-01  7.893e+01
-4.911e-01  -4.911e-01  -1.300e-01  7.354e+01
-4.997e-01  -4.997e-01  -9.599e-02  8.079e+01
-1.329e+00  -1.329e+00  -2.672e-01  7.990e+01
-5.282e-01  -5.282e-01  -9.990e-02  8.109e+01
-5.462e-01  -5.462e-01  -1.037e-01  8.102e+01
-1.433e+00  -1.433e+00  -2.798e-01  8.048e+01
-5.481e-01  -5.481e-01  -1.208e-01  7.796e+01
-5.715e-01  -5.715e-01  -1.270e-01  7.778e+01
-1.489e+00  -1.489e+00  -2.839e-01  8.093e+01
-5.581e-01  -5.581e-01  -1.176e-01  7.893e+01
-5.842e-01  -5.842e-01  -1.300e-01  7.775e+01
-1.517e+00  -1.517e+00  -3.010e-01  8.016e+01
-5.629e-01  -5.629e-01  -9.990e-02  8.225e+01
-5.904e-01  -5.904e-01  -1.300e-01  7.799e+01
-1.530e+00  -1.530e+00  -3.098e-01  7.975e+01
-5.652e-01  -5.652e-01  -1.208e-01  7.863e+01
-5.933e-01  -5.933e-01  -1.176e-01  8.018e+01
-1.536e+00  -1.536e+00  -2.880e-01  8.126e+01
-5.662e-01  -5.662e-01  -1.073e-01  8.105e+01
-5.946e-01  -5.946e-01  -9.990e-02  8.320e+01
-1.539e+00  -1.539e+00  -3.267e-01  7.878e+01
-5.667e-01  -5.667e-01  -1.208e-01  7.869e+01
-5.952e-01  -5.952e-01  -1.270e-01  7.867e+01
-1.541e+00  -1.541e+00  -2.826e-01  8.166e+01
-5.670e-01  -5.670e-01  -1.176e-01  7.927e+01
-5.955e-01  -5.955e-01  -1.142e-01  8.082e+01
-1.541e+00  -1.541e+00  -2.893e-01  8.123e+01
========================================================================================

step: 0/15 res:22.437797065296795, res/res0:1.0  dq_norm: [0.37381007 0.36967945 0.94412917]

A info: before HHL prepare:
Spectral radius (A): 9.932e+01, lambda_min:6.129252097893903
condition number(A): 1.620e+01, norm2_cond:385.09410227717683
det(A): 1.322e+94
--------------------------------------------------------------------------------

A_hhl info: after scaling by spectral radius:
Spectral radius (A): 1.000e+00, lambda_min:0.06170978808969199
condition number(A): 1.620e+01, norm2_cond:385.0941022771752
det(A): 1.986e-26, nnz: 14 non zeros per row
--------------------------------------------------------------------------------

Size of A & B are not power of 2:
Next 2 power of 60 = 64
Value to be padded = 4
--------------------------------------------------

==================== Print (N)^2 padded matrix system =======================
Padded shape of A: (60, 60)x(60, 60) -> (64, 64)x(64, 64)
Padded shape of B: (60,) -> (64,)
Determinant of padded matrix: 1.9856819692111216e-26
Condition # of padded matrix: 385.0941022771752


Matrix is not Hermitian. Making it Hermitian.......

==================== Print Hermitian matrix system info =======================
Shape of hermitian A: 64x64 -> 128x128
Shape of           B: 64 -> 128
Determinant of Hermitian matrix: 3.942932882850046e-52
Condition # of Hermitian matrix: 385.09410227718377

=================================== Generating HHL circuit ===================================
Time elapsed for generating HHL circuit: 4 min 56.55 sec

Generated circuit: num_qubits=18, gates=23, depth=5
============================== Generated Circuit saved ==============================

============================== Transpiling circuit ==============================
This is using the AerSimulator('aer_simulator_statevector') transpiler.
Time elapsed for transpiling the circuit:  0 min 47.39 sec
Transpiled circuit, num_qubits: 18, (original: 18)
Transpiled circuit depth: 464196 (original: 5)
Transpiled circuit gates: 464348 (original: 23)
============================== Transpiled Circuit saved ==============================
Time elapsed for running the circuit:  2 min 33.65 sec
total_qubits: 18, nq:7

Time elapsed for extracting shots-based hhl counts solution:  0 min 0.00 sec

[HHL info]: linear system residual (e=||Ax-b||_2): 16.98078482725494
[HHL info]: Fidelity(true_sol, hhl_sol): 0.9893434509186344
[HHL info]: L2 error (absolute): 2.9782377691057125
[HHL info]: L2 error (relative): 0.709208048091175
[HHL info]: L2 error (normalized): 0.10336871808471756

========================================================================================
 Compare system solutions using LU of A, LU sol of A_herm, HHL of Ax=b hermition system
LU sol 	    Herm LU sol    HHL sol    L1_diff(%)
-2.152e-04  -2.152e-04  -0.000e+00  1.000e+02
-1.876e-04  -1.876e-04  -0.000e+00  1.000e+02
-5.761e-04  -5.761e-04  -0.000e+00  1.000e+02
-6.797e-04  -6.797e-04  -0.000e+00  1.000e+02
-6.545e-04  -6.545e-04  -0.000e+00  1.000e+02
-1.918e-03  -1.918e-03  -0.000e+00  1.000e+02
-1.467e-03  -1.467e-03  -0.000e+00  1.000e+02
-1.583e-03  -1.583e-03  -0.000e+00  1.000e+02
-4.415e-03  -4.415e-03  -0.000e+00  1.000e+02
-3.674e-03  -3.674e-03  -0.000e+00  1.000e+02
-3.893e-03  -3.893e-03  -0.000e+00  1.000e+02
-1.086e-02  -1.086e-02  -0.000e+00  1.000e+02
-1.091e-02  -1.091e-02  -0.000e+00  1.000e+02
-1.031e-02  -1.031e-02  -0.000e+00  1.000e+02
-2.422e-03  -2.422e-03  -0.000e+00  1.000e+02
-2.908e-02  -2.908e-02  -0.000e+00  1.000e+02
-2.437e-02  -2.437e-02  -0.000e+00  1.000e+02
-3.775e-02  -3.775e-02  -0.000e+00  1.000e+02
-6.616e-02  -6.616e-02  -0.000e+00  1.000e+02
-2.702e-02  -2.702e-02  -0.000e+00  1.000e+02
-1.749e-01  -1.749e-01  -9.612e-02  4.505e+01
-8.214e-02  -8.214e-02  -4.806e-02  4.149e+01
-8.600e-02  -8.600e-02  -3.398e-02  6.049e+01
-2.878e-01  -2.878e-01  -1.019e-01  6.458e+01
-1.825e-01  -1.825e-01  -8.324e-02  5.438e+01
-1.666e-01  -1.666e-01  -5.886e-02  6.467e+01
-4.432e-01  -4.432e-01  -1.442e-01  6.747e+01
-2.297e-01  -2.297e-01  -8.324e-02  6.376e+01
-2.710e-01  -2.710e-01  -7.599e-02  7.196e+01
-6.715e-01  -6.715e-01  -2.403e-01  6.421e+01
-3.213e-01  -3.213e-01  -7.599e-02  7.635e+01
-3.302e-01  -3.302e-01  -1.019e-01  6.912e+01
-8.637e-01  -8.637e-01  -2.632e-01  6.952e+01
-3.402e-01  -3.402e-01  -1.019e-01  7.003e+01
-4.055e-01  -4.055e-01  -1.225e-01  6.978e+01
-1.015e+00  -1.015e+00  -2.943e-01  7.100e+01
-4.125e-01  -4.125e-01  -1.401e-01  6.603e+01
-4.423e-01  -4.423e-01  -1.442e-01  6.741e+01
-1.114e+00  -1.114e+00  -3.259e-01  7.074e+01
-4.144e-01  -4.144e-01  -1.316e-01  6.824e+01
-4.466e-01  -4.466e-01  -1.225e-01  7.256e+01
-1.178e+00  -1.178e+00  -3.295e-01  7.203e+01
-4.299e-01  -4.299e-01  -1.359e-01  6.838e+01
-4.537e-01  -4.537e-01  -1.225e-01  7.299e+01
-1.190e+00  -1.190e+00  -3.660e-01  6.926e+01
-4.491e-01  -4.491e-01  -1.401e-01  6.880e+01
-4.579e-01  -4.579e-01  -1.401e-01  6.940e+01
-1.186e+00  -1.186e+00  -3.449e-01  7.091e+01
-4.255e-01  -4.255e-01  -1.316e-01  6.907e+01
-4.765e-01  -4.765e-01  -1.401e-01  7.059e+01
-1.203e+00  -1.203e+00  -3.515e-01  7.077e+01
-4.414e-01  -4.414e-01  -1.127e-01  7.446e+01
-4.960e-01  -4.960e-01  -1.733e-01  6.507e+01
-1.166e+00  -1.166e+00  -3.188e-01  7.265e+01
-4.272e-01  -4.272e-01  -8.324e-02  8.052e+01
-4.672e-01  -4.672e-01  -1.272e-01  7.279e+01
-1.217e+00  -1.217e+00  -3.596e-01  7.046e+01
-4.293e-01  -4.293e-01  -8.991e-02  7.906e+01
-4.811e-01  -4.811e-01  -1.401e-01  7.088e+01
-1.206e+00  -1.206e+00  -3.058e-01  7.463e+01
========================================================================================

step: 1/15 res:20.503930755654633, res/res0:0.9138121133721653  dq_norm: [0.39042969 0.43783443 1.08158484]

A info: before HHL prepare:
Spectral radius (A): 1.005e+02, lambda_min:6.302570962779147
condition number(A): 1.594e+01, norm2_cond:371.2986996581886
det(A): 5.571e+94
--------------------------------------------------------------------------------

A_hhl info: after scaling by spectral radius:
Spectral radius (A): 1.000e+00, lambda_min:0.06271950535690284
condition number(A): 1.594e+01, norm2_cond:371.29869965818546
det(A): 4.159e-26, nnz: 14 non zeros per row
--------------------------------------------------------------------------------

Size of A & B are not power of 2:
Next 2 power of 60 = 64
Value to be padded = 4
--------------------------------------------------

==================== Print (N)^2 padded matrix system =======================
Padded shape of A: (60, 60)x(60, 60) -> (64, 64)x(64, 64)
Padded shape of B: (60,) -> (64,)
Determinant of padded matrix: 4.159416736410787e-26
Condition # of padded matrix: 371.29869965818546


Matrix is not Hermitian. Making it Hermitian.......

==================== Print Hermitian matrix system info =======================
Shape of hermitian A: 64x64 -> 128x128
Shape of           B: 64 -> 128
Determinant of Hermitian matrix: 1.730074758713416e-51
Condition # of Hermitian matrix: 371.2986996581917

=================================== Generating HHL circuit ===================================
Time elapsed for generating HHL circuit: 5 min 3.28 sec

Generated circuit: num_qubits=18, gates=23, depth=5
============================== Generated Circuit saved ==============================

============================== Transpiling circuit ==============================
This is using the AerSimulator('aer_simulator_statevector') transpiler.
Time elapsed for transpiling the circuit:  0 min 49.19 sec
Transpiled circuit, num_qubits: 18, (original: 18)
Transpiled circuit depth: 464204 (original: 5)
Transpiled circuit gates: 464356 (original: 23)
============================== Transpiled Circuit saved ==============================
Time elapsed for running the circuit:  2 min 32.50 sec
total_qubits: 18, nq:7

Time elapsed for extracting shots-based hhl counts solution:  0 min 0.00 sec

[HHL info]: linear system residual (e=||Ax-b||_2): 13.253057083581428
[HHL info]: Fidelity(true_sol, hhl_sol): 0.9880085339059149
[HHL info]: L2 error (absolute): 1.9345491161724409
[HHL info]: L2 error (relative): 0.6724574560007989
[HHL info]: L2 error (normalized): 0.10967056158072874

========================================================================================
 Compare system solutions using LU of A, LU sol of A_herm, HHL of Ax=b hermition system
LU sol 	    Herm LU sol    HHL sol    L1_diff(%)
-2.069e-04  -2.069e-04  -0.000e+00  1.000e+02
-1.835e-04  -1.835e-04  -0.000e+00  1.000e+02
-5.592e-04  -5.592e-04  -0.000e+00  1.000e+02
-6.981e-04  -6.981e-04  -0.000e+00  1.000e+02
-6.648e-04  -6.648e-04  -0.000e+00  1.000e+02
-1.954e-03  -1.954e-03  -0.000e+00  1.000e+02
-1.608e-03  -1.608e-03  -0.000e+00  1.000e+02
-1.664e-03  -1.664e-03  -0.000e+00  1.000e+02
-4.713e-03  -4.713e-03  -0.000e+00  1.000e+02
-3.918e-03  -3.918e-03  -0.000e+00  1.000e+02
-3.969e-03  -3.969e-03  -0.000e+00  1.000e+02
-1.138e-02  -1.138e-02  -0.000e+00  1.000e+02
-1.098e-02  -1.098e-02  -0.000e+00  1.000e+02
-1.032e-02  -1.032e-02  -0.000e+00  1.000e+02
-2.756e-03  -2.756e-03  -0.000e+00  1.000e+02
-2.852e-02  -2.852e-02  -0.000e+00  1.000e+02
-2.421e-02  -2.421e-02  -0.000e+00  1.000e+02
-3.551e-02  -3.551e-02  -3.020e-02  1.494e+01
-6.497e-02  -6.497e-02  -3.020e-02  5.351e+01
-2.724e-02  -2.724e-02  -0.000e+00  1.000e+02
-7.315e-02  -7.315e-02  -4.271e-02  4.161e+01
-3.050e-02  -3.050e-02  -0.000e+00  1.000e+02
-5.145e-02  -5.145e-02  -0.000e+00  1.000e+02
-1.752e-01  -1.752e-01  -9.061e-02  4.830e+01
-9.295e-02  -9.295e-02  -3.020e-02  6.751e+01
-1.081e-01  -1.081e-01  -4.271e-02  6.047e+01
-2.863e-01  -2.863e-01  -1.130e-01  6.053e+01
-1.419e-01  -1.419e-01  -0.000e+00  1.000e+02
-1.965e-01  -1.965e-01  -7.398e-02  6.235e+01
-4.172e-01  -4.172e-01  -1.480e-01  6.453e+01
-2.408e-01  -2.408e-01  -6.041e-02  7.492e+01
-2.280e-01  -2.280e-01  -7.398e-02  6.755e+01
-5.847e-01  -5.847e-01  -1.957e-01  6.652e+01
-2.277e-01  -2.277e-01  -7.991e-02  6.491e+01
-2.819e-01  -2.819e-01  -8.543e-02  6.970e+01
-6.930e-01  -6.930e-01  -2.598e-01  6.251e+01
-2.529e-01  -2.529e-01  -7.991e-02  6.840e+01
-2.973e-01  -2.973e-01  -1.002e-01  6.631e+01
-7.452e-01  -7.452e-01  -2.472e-01  6.682e+01
-2.584e-01  -2.584e-01  -1.046e-01  5.951e+01
-3.228e-01  -3.228e-01  -1.317e-01  5.922e+01
-7.879e-01  -7.879e-01  -2.735e-01  6.529e+01
-2.679e-01  -2.679e-01  -9.551e-02  6.434e+01
-3.312e-01  -3.312e-01  -1.245e-01  6.239e+01
-7.607e-01  -7.607e-01  -2.509e-01  6.702e+01
-2.880e-01  -2.880e-01  -8.543e-02  7.034e+01
-3.195e-01  -3.195e-01  -1.046e-01  6.725e+01
-7.906e-01  -7.906e-01  -2.685e-01  6.604e+01
-2.832e-01  -2.832e-01  -1.002e-01  6.463e+01
-3.383e-01  -3.383e-01  -1.130e-01  6.660e+01
-8.271e-01  -8.271e-01  -2.509e-01  6.967e+01
-3.241e-01  -3.241e-01  -1.002e-01  6.909e+01
-3.205e-01  -3.205e-01  -1.002e-01  6.874e+01
-8.330e-01  -8.330e-01  -2.563e-01  6.923e+01
-3.434e-01  -3.434e-01  -1.245e-01  6.374e+01
-3.411e-01  -3.411e-01  -1.002e-01  7.063e+01
-8.409e-01  -8.409e-01  -2.435e-01  7.104e+01
-3.411e-01  -3.411e-01  -1.089e-01  6.807e+01
-3.412e-01  -3.412e-01  -1.089e-01  6.808e+01
-8.978e-01  -8.978e-01  -2.865e-01  6.808e+01
========================================================================================

step: 2/15 res:17.063851138324598, res/res0:0.7604958315946373  dq_norm: [0.30503942 0.34437178 0.83210238]

A info: before HHL prepare:
Spectral radius (A): 1.004e+02, lambda_min:6.593595011498203
condition number(A): 1.523e+01, norm2_cond:354.919485267711
det(A): 2.124e+95
--------------------------------------------------------------------------------

A_hhl info: after scaling by spectral radius:
Spectral radius (A): 1.000e+00, lambda_min:0.06564192087288404
condition number(A): 1.523e+01, norm2_cond:354.91948526770904
det(A): 1.624e-25, nnz: 14 non zeros per row
--------------------------------------------------------------------------------

Size of A & B are not power of 2:
Next 2 power of 60 = 64
Value to be padded = 4
--------------------------------------------------

==================== Print (N)^2 padded matrix system =======================
Padded shape of A: (60, 60)x(60, 60) -> (64, 64)x(64, 64)
Padded shape of B: (60,) -> (64,)
Determinant of padded matrix: 1.624172419592293e-25
Condition # of padded matrix: 354.91948526770904


Matrix is not Hermitian. Making it Hermitian.......

==================== Print Hermitian matrix system info =======================
Shape of hermitian A: 64x64 -> 128x128
Shape of           B: 64 -> 128
Determinant of Hermitian matrix: 2.637936048564358e-50
Condition # of Hermitian matrix: 354.91948526771

=================================== Generating HHL circuit ===================================
Time elapsed for generating HHL circuit: 4 min 59.24 sec

Generated circuit: num_qubits=18, gates=23, depth=5
============================== Generated Circuit saved ==============================

============================== Transpiling circuit ==============================
This is using the AerSimulator('aer_simulator_statevector') transpiler.
Time elapsed for transpiling the circuit:  0 min 52.18 sec
Transpiled circuit, num_qubits: 18, (original: 18)
Transpiled circuit depth: 464201 (original: 5)
Transpiled circuit gates: 464353 (original: 23)
============================== Transpiled Circuit saved ==============================
Time elapsed for running the circuit:  2 min 33.45 sec
total_qubits: 18, nq:7

Time elapsed for extracting shots-based hhl counts solution:  0 min 0.00 sec

[HHL info]: linear system residual (e=||Ax-b||_2): 12.685269943845823
[HHL info]: Fidelity(true_sol, hhl_sol): 0.9810152091371351
[HHL info]: L2 error (absolute): 1.592813159130926
[HHL info]: L2 error (relative): 0.8587580312608961
[HHL info]: L2 error (normalized): 0.13811503190163726

========================================================================================
 Compare system solutions using LU of A, LU sol of A_herm, HHL of Ax=b hermition system
LU sol 	    Herm LU sol    HHL sol    L1_diff(%)
-2.093e-04  -2.093e-04  -0.000e+00  1.000e+02
-1.844e-04  -1.844e-04  -0.000e+00  1.000e+02
-5.634e-04  -5.634e-04  -0.000e+00  1.000e+02
-7.535e-04  -7.535e-04  -0.000e+00  1.000e+02
-6.946e-04  -6.946e-04  -0.000e+00  1.000e+02
-2.074e-03  -2.074e-03  -0.000e+00  1.000e+02
-1.770e-03  -1.770e-03  -0.000e+00  1.000e+02
-1.736e-03  -1.736e-03  -0.000e+00  1.000e+02
-5.050e-03  -5.050e-03  -0.000e+00  1.000e+02
-4.123e-03  -4.123e-03  -9.425e-03  1.286e+02
-4.094e-03  -4.094e-03  -0.000e+00  1.000e+02
-1.187e-02  -1.187e-02  -0.000e+00  1.000e+02
-1.072e-02  -1.072e-02  -0.000e+00  1.000e+02
-1.009e-02  -1.009e-02  -0.000e+00  1.000e+02
-1.976e-03  -1.976e-03  -0.000e+00  1.000e+02
-2.758e-02  -2.758e-02  -0.000e+00  1.000e+02
-2.424e-02  -2.424e-02  -0.000e+00  1.000e+02
-3.715e-03  -3.715e-03  -0.000e+00  1.000e+02
-3.312e-02  -3.312e-02  -0.000e+00  1.000e+02
-2.710e-02  -2.710e-02  -0.000e+00  1.000e+02
-2.784e-02  -2.784e-02  -0.000e+00  1.000e+02
-3.072e-02  -3.072e-02  -1.333e-02  5.661e+01
-5.205e-02  -5.205e-02  -0.000e+00  1.000e+02
-8.544e-02  -8.544e-02  -1.333e-02  8.440e+01
-6.570e-02  -6.570e-02  -1.885e-02  7.131e+01
-6.665e-02  -6.665e-02  -0.000e+00  1.000e+02
-1.799e-01  -1.799e-01  -3.398e-02  8.111e+01
-1.428e-01  -1.428e-01  -1.885e-02  8.679e+01
-1.194e-01  -1.194e-01  -2.494e-02  7.911e+01
-2.637e-01  -2.637e-01  -4.617e-02  8.249e+01
-1.750e-01  -1.750e-01  -2.666e-02  8.477e+01
-1.549e-01  -1.549e-01  -1.633e-02  8.946e+01
-3.740e-01  -3.740e-01  -6.393e-02  8.291e+01
-1.420e-01  -1.420e-01  -1.633e-02  8.850e+01
-1.968e-01  -1.968e-01  -2.828e-02  8.563e+01
-4.149e-01  -4.149e-01  -6.035e-02  8.545e+01
-1.676e-01  -1.676e-01  -1.885e-02  8.876e+01
-1.977e-01  -1.977e-01  -3.527e-02  8.216e+01
-4.823e-01  -4.823e-01  -7.116e-02  8.525e+01
-1.487e-01  -1.487e-01  -1.885e-02  8.732e+01
-1.914e-01  -1.914e-01  -2.666e-02  8.607e+01
-5.015e-01  -5.015e-01  -7.301e-02  8.544e+01
-1.670e-01  -1.670e-01  -1.633e-02  9.022e+01
-2.067e-01  -2.067e-01  -2.309e-02  8.883e+01
-4.962e-01  -4.962e-01  -6.990e-02  8.591e+01
-1.959e-01  -1.959e-01  -2.309e-02  8.821e+01
-2.156e-01  -2.156e-01  -3.398e-02  8.424e+01
-5.036e-01  -5.036e-01  -6.462e-02  8.717e+01
-1.709e-01  -1.709e-01  -2.309e-02  8.649e+01
-2.231e-01  -2.231e-01  -2.666e-02  8.805e+01
-5.464e-01  -5.464e-01  -7.481e-02  8.631e+01
-2.056e-01  -2.056e-01  -3.398e-02  8.347e+01
-2.203e-01  -2.203e-01  -2.828e-02  8.717e+01
-5.366e-01  -5.366e-01  -8.108e-02  8.489e+01
-1.989e-01  -1.989e-01  -3.126e-02  8.428e+01
-2.424e-01  -2.424e-01  -2.828e-02  8.834e+01
-5.577e-01  -5.577e-01  -7.942e-02  8.576e+01
-2.142e-01  -2.142e-01  -3.126e-02  8.541e+01
-2.326e-01  -2.326e-01  -3.126e-02  8.656e+01
-5.684e-01  -5.684e-01  -7.301e-02  8.715e+01
========================================================================================

step: 3/15 res:13.183205064059587, res/res0:0.5875445359317054  dq_norm: [0.08430324 0.09282931 0.23336166]

A info: before HHL prepare:
Spectral radius (A): 1.005e+02, lambda_min:6.603881658487933
condition number(A): 1.522e+01, norm2_cond:348.9345623799922
det(A): 3.556e+95
--------------------------------------------------------------------------------

A_hhl info: after scaling by spectral radius:
Spectral radius (A): 1.000e+00, lambda_min:0.06570546497916345
condition number(A): 1.522e+01, norm2_cond:348.9345623799974
det(A): 2.625e-25, nnz: 22 non zeros per row
--------------------------------------------------------------------------------

Size of A & B are not power of 2:
Next 2 power of 60 = 64
Value to be padded = 4
--------------------------------------------------

==================== Print (N)^2 padded matrix system =======================
Padded shape of A: (60, 60)x(60, 60) -> (64, 64)x(64, 64)
Padded shape of B: (60,) -> (64,)
Determinant of padded matrix: 2.624940602608345e-25
Condition # of padded matrix: 348.9345623799974


Matrix is not Hermitian. Making it Hermitian.......

==================== Print Hermitian matrix system info =======================
Shape of hermitian A: 64x64 -> 128x128
Shape of           B: 64 -> 128
Determinant of Hermitian matrix: 6.890313167221861e-50
Condition # of Hermitian matrix: 348.93456237999465

=================================== Generating HHL circuit ===================================
Time elapsed for generating HHL circuit: 5 min 6.29 sec

Generated circuit: num_qubits=18, gates=23, depth=5
============================== Generated Circuit saved ==============================

============================== Transpiling circuit ==============================
This is using the AerSimulator('aer_simulator_statevector') transpiler.
Time elapsed for transpiling the circuit:  0 min 55.39 sec
Transpiled circuit, num_qubits: 18, (original: 18)
Transpiled circuit depth: 464196 (original: 5)
Transpiled circuit gates: 464348 (original: 23)
============================== Transpiled Circuit saved ==============================
Time elapsed for running the circuit:  2 min 34.03 sec
total_qubits: 18, nq:7

Time elapsed for extracting shots-based hhl counts solution:  0 min 0.00 sec

[HHL info]: linear system residual (e=||Ax-b||_2): 11.636374867190913
[HHL info]: Fidelity(true_sol, hhl_sol): 0.9712042914116614
[HHL info]: L2 error (absolute): 1.2661154204547507
[HHL info]: L2 error (relative): 0.8031907224099207
[HHL info]: L2 error (normalized): 0.17031161518924612

========================================================================================
 Compare system solutions using LU of A, LU sol of A_herm, HHL of Ax=b hermition system
LU sol 	    Herm LU sol    HHL sol    L1_diff(%)
-2.057e-04  -2.057e-04  -0.000e+00  1.000e+02
-1.809e-04  -1.809e-04  -0.000e+00  1.000e+02
-5.550e-04  -5.550e-04  -0.000e+00  1.000e+02
-7.390e-04  -7.390e-04  -0.000e+00  1.000e+02
-6.903e-04  -6.903e-04  -0.000e+00  1.000e+02
-2.050e-03  -2.050e-03  -0.000e+00  1.000e+02
-1.736e-03  -1.736e-03  -0.000e+00  1.000e+02
-1.706e-03  -1.706e-03  -0.000e+00  1.000e+02
-4.932e-03  -4.932e-03  -0.000e+00  1.000e+02
 5.317e-03   5.317e-03   0.000e+00  1.000e+02
-4.069e-03  -4.069e-03  -0.000e+00  1.000e+02
-1.178e-02  -1.178e-02  -0.000e+00  1.000e+02
-1.074e-02  -1.074e-02  -1.862e-02  7.333e+01
-1.011e-02  -1.011e-02  -0.000e+00  1.000e+02
-1.953e-03  -1.953e-03  -0.000e+00  1.000e+02
-2.771e-02  -2.771e-02  -0.000e+00  1.000e+02
-2.426e-02  -2.426e-02  -0.000e+00  1.000e+02
-3.818e-03  -3.818e-03  -0.000e+00  1.000e+02
-3.350e-02  -3.350e-02  -0.000e+00  1.000e+02
-2.734e-02  -2.734e-02  -0.000e+00  1.000e+02
-2.887e-02  -2.887e-02  -2.280e-02  2.102e+01
-1.728e-02  -1.728e-02  -1.862e-02  7.730e+00
-5.164e-02  -5.164e-02  -1.316e-02  7.451e+01
-7.144e-02  -7.144e-02  -1.862e-02  7.394e+01
-4.573e-02  -4.573e-02  -0.000e+00  1.000e+02
-6.667e-02  -6.667e-02  -1.862e-02  7.208e+01
-1.435e-01  -1.435e-01  -2.280e-02  8.411e+01
-1.220e-01  -1.220e-01  -1.862e-02  8.474e+01
-9.427e-02  -9.427e-02  -2.633e-02  7.207e+01
-2.141e-01  -2.141e-01  -4.163e-02  8.056e+01
-1.466e-01  -1.466e-01  -1.862e-02  8.730e+01
-1.393e-01  -1.393e-01  -2.280e-02  8.363e+01
-3.062e-01  -3.062e-01  -7.563e-02  7.530e+01
-1.252e-01  -1.252e-01  -2.280e-02  8.179e+01
-1.682e-01  -1.682e-01  -3.724e-02  7.787e+01
-3.535e-01  -3.535e-01  -6.713e-02  8.101e+01
-1.484e-01  -1.484e-01  -3.949e-02  7.338e+01
-1.621e-01  -1.621e-01  -4.163e-02  7.432e+01
-4.094e-01  -4.094e-01  -7.676e-02  8.125e+01
-1.293e-01  -1.293e-01  -2.633e-02  7.964e+01
-1.650e-01  -1.650e-01  -4.560e-02  7.236e+01
-4.257e-01  -4.257e-01  -7.211e-02  8.306e+01
-1.504e-01  -1.504e-01  -3.225e-02  7.857e+01
-1.840e-01  -1.840e-01  -3.724e-02  7.976e+01
-4.243e-01  -4.243e-01  -8.733e-02  7.942e+01
-1.716e-01  -1.716e-01  -2.944e-02  8.284e+01
-1.812e-01  -1.812e-01  -3.225e-02  8.220e+01
-4.361e-01  -4.361e-01  -9.215e-02  7.887e+01
-1.450e-01  -1.450e-01  -2.280e-02  8.427e+01
-1.961e-01  -1.961e-01  -4.366e-02  7.773e+01
-4.636e-01  -4.636e-01  -1.003e-01  7.837e+01
-1.677e-01  -1.677e-01  -2.944e-02  8.244e+01
-1.924e-01  -1.924e-01  -4.747e-02  7.533e+01
-4.464e-01  -4.464e-01  -8.633e-02  8.066e+01
-1.639e-01  -1.639e-01  -2.944e-02  8.204e+01
-2.141e-01  -2.141e-01  -3.949e-02  8.155e+01
-4.695e-01  -4.695e-01  -1.003e-01  7.865e+01
-1.791e-01  -1.791e-01  -2.633e-02  8.530e+01
-2.013e-01  -2.013e-01  -3.225e-02  8.398e+01
-4.872e-01  -4.872e-01  -8.115e-02  8.334e+01
========================================================================================

step: 4/15 res:12.68649471780867, res/res0:0.5654073205533228  dq_norm: [0.09493411 0.12695859 0.27331236]

A info: before HHL prepare:
Spectral radius (A): 1.007e+02, lambda_min:6.7391772424565275
condition number(A): 1.494e+01, norm2_cond:344.53072831908304
det(A): 5.013e+95
--------------------------------------------------------------------------------

A_hhl info: after scaling by spectral radius:
Spectral radius (A): 1.000e+00, lambda_min:0.06693312036452735
condition number(A): 1.494e+01, norm2_cond:344.53072831907883
det(A): 3.328e-25, nnz: 23 non zeros per row
--------------------------------------------------------------------------------

Size of A & B are not power of 2:
Next 2 power of 60 = 64
Value to be padded = 4
--------------------------------------------------

==================== Print (N)^2 padded matrix system =======================
Padded shape of A: (60, 60)x(60, 60) -> (64, 64)x(64, 64)
Padded shape of B: (60,) -> (64,)
Determinant of padded matrix: 3.328058273913496e-25
Condition # of padded matrix: 344.53072831907883


Matrix is not Hermitian. Making it Hermitian.......

==================== Print Hermitian matrix system info =======================
Shape of hermitian A: 64x64 -> 128x128
Shape of           B: 64 -> 128
Determinant of Hermitian matrix: 1.1075971874564394e-49
Condition # of Hermitian matrix: 344.5307283190823

=================================== Generating HHL circuit ===================================
Time elapsed for generating HHL circuit: 5 min 12.99 sec

Generated circuit: num_qubits=18, gates=23, depth=5
============================== Generated Circuit saved ==============================

============================== Transpiling circuit ==============================
This is using the AerSimulator('aer_simulator_statevector') transpiler.
Time elapsed for transpiling the circuit:  0 min 53.92 sec
Transpiled circuit, num_qubits: 18, (original: 18)
Transpiled circuit depth: 464201 (original: 5)
Transpiled circuit gates: 464353 (original: 23)
============================== Transpiled Circuit saved ==============================
Time elapsed for running the circuit:  2 min 30.47 sec
total_qubits: 18, nq:7

Time elapsed for extracting shots-based hhl counts solution:  0 min 0.00 sec

[HHL info]: linear system residual (e=||Ax-b||_2): 9.534382328402385
[HHL info]: Fidelity(true_sol, hhl_sol): 0.9604006284039097
[HHL info]: L2 error (absolute): 0.9808504950487105
[HHL info]: L2 error (relative): 0.7816499189492481
[HHL info]: L2 error (normalized): 0.19999839692263793

========================================================================================
 Compare system solutions using LU of A, LU sol of A_herm, HHL of Ax=b hermition system
LU sol 	    Herm LU sol    HHL sol    L1_diff(%)
-2.068e-04  -2.068e-04  -0.000e+00  1.000e+02
-1.851e-04  -1.851e-04  -0.000e+00  1.000e+02
-5.631e-04  -5.631e-04  -0.000e+00  1.000e+02
-7.437e-04  -7.437e-04  -0.000e+00  1.000e+02
-6.765e-04  -6.765e-04  -0.000e+00  1.000e+02
-2.038e-03  -2.038e-03  -0.000e+00  1.000e+02
-1.824e-03  -1.824e-03  -0.000e+00  1.000e+02
-1.818e-03  -1.818e-03  -0.000e+00  1.000e+02
-5.212e-03  -5.212e-03  -0.000e+00  1.000e+02
 5.320e-03   5.320e-03   0.000e+00  1.000e+02
-3.893e-03  -3.893e-03  -0.000e+00  1.000e+02
-1.148e-02  -1.148e-02  -0.000e+00  1.000e+02
 7.916e-03   7.916e-03   0.000e+00  1.000e+02
-1.009e-02  -1.009e-02  -0.000e+00  1.000e+02
-2.234e-03  -2.234e-03  -0.000e+00  1.000e+02
-2.771e-02  -2.771e-02  -1.833e-02  3.386e+01
-2.420e-02  -2.420e-02  -1.296e-02  4.645e+01
-3.428e-03  -3.428e-03  -0.000e+00  1.000e+02
-3.373e-02  -3.373e-02  -0.000e+00  1.000e+02
-2.734e-02  -2.734e-02  -0.000e+00  1.000e+02
-6.420e-03  -6.420e-03  -0.000e+00  1.000e+02
 3.341e-04   3.341e-04   0.000e+00  1.000e+02
-3.912e-02  -3.912e-02  -0.000e+00  1.000e+02
-5.452e-02  -5.452e-02  -1.296e-02  7.623e+01
-4.621e-02  -4.621e-02  -0.000e+00  1.000e+02
-4.762e-02  -4.762e-02  -1.296e-02  7.279e+01
-1.212e-01  -1.212e-01  -3.887e-02  6.794e+01
-1.026e-01  -1.026e-01  -3.428e-02  6.657e+01
-6.802e-02  -6.802e-02  -1.296e-02  8.095e+01
-1.713e-01  -1.713e-01  -3.665e-02  7.860e+01
-1.271e-01  -1.271e-01  -3.887e-02  6.943e+01
-1.165e-01  -1.165e-01  -2.897e-02  7.512e+01
-2.276e-01  -2.276e-01  -4.489e-02  8.028e+01
-1.015e-01  -1.015e-01  -2.592e-02  7.446e+01
-1.311e-01  -1.311e-01  -3.174e-02  7.579e+01
-2.841e-01  -2.841e-01  -6.078e-02  7.860e+01
-1.076e-01  -1.076e-01  -2.897e-02  7.308e+01
-1.208e-01  -1.208e-01  -2.244e-02  8.142e+01
-3.309e-01  -3.309e-01  -8.297e-02  7.493e+01
-1.012e-01  -1.012e-01  -1.296e-02  8.720e+01
-1.183e-01  -1.183e-01  -0.000e+00  1.000e+02
-3.499e-01  -3.499e-01  -8.497e-02  7.572e+01
-1.157e-01  -1.157e-01  -3.428e-02  7.038e+01
-1.471e-01  -1.471e-01  -2.244e-02  8.475e+01
-3.310e-01  -3.310e-01  -6.733e-02  7.966e+01
-1.410e-01  -1.410e-01  -3.665e-02  7.400e+01
-1.496e-01  -1.496e-01  -2.897e-02  8.063e+01
-3.397e-01  -3.397e-01  -8.692e-02  7.441e+01
-1.219e-01  -1.219e-01  -2.244e-02  8.159e+01
-1.522e-01  -1.522e-01  -4.848e-02  6.815e+01
-3.616e-01  -3.616e-01  -7.775e-02  7.850e+01
-1.373e-01  -1.373e-01  -3.174e-02  7.688e+01
-1.447e-01  -1.447e-01  -3.665e-02  7.468e+01
-3.580e-01  -3.580e-01  -6.214e-02  8.264e+01
-1.327e-01  -1.327e-01  -1.833e-02  8.619e+01
-1.744e-01  -1.744e-01  -3.428e-02  8.034e+01
-3.641e-01  -3.641e-01  -7.556e-02  7.925e+01
-1.505e-01  -1.505e-01  -4.098e-02  7.277e+01
-1.690e-01  -1.690e-01  -3.428e-02  7.972e+01
-3.999e-01  -3.999e-01  -8.692e-02  7.826e+01
========================================================================================

step: 5/15 res:11.65505505407993, res/res0:0.5194384734010323  dq_norm: [0.10366264 0.10120389 0.24102957]

A info: before HHL prepare:
Spectral radius (A): 1.012e+02, lambda_min:6.735399909729607
condition number(A): 1.502e+01, norm2_cond:341.836002866758
det(A): 1.085e+96
--------------------------------------------------------------------------------

A_hhl info: after scaling by spectral radius:
Spectral radius (A): 1.000e+00, lambda_min:0.06657153243041004
condition number(A): 1.502e+01, norm2_cond:341.8360028667572
det(A): 5.382e-25, nnz: 14 non zeros per row
--------------------------------------------------------------------------------

Size of A & B are not power of 2:
Next 2 power of 60 = 64
Value to be padded = 4
--------------------------------------------------

==================== Print (N)^2 padded matrix system =======================
Padded shape of A: (60, 60)x(60, 60) -> (64, 64)x(64, 64)
Padded shape of B: (60,) -> (64,)
Determinant of padded matrix: 5.381606165058537e-25
Condition # of padded matrix: 341.8360028667572


Matrix is not Hermitian. Making it Hermitian.......

==================== Print Hermitian matrix system info =======================
Shape of hermitian A: 64x64 -> 128x128
Shape of           B: 64 -> 128
Determinant of Hermitian matrix: 2.8961684915796473e-49
Condition # of Hermitian matrix: 341.836002866757

=================================== Generating HHL circuit ===================================
Time elapsed for generating HHL circuit: 5 min 16.39 sec

Generated circuit: num_qubits=18, gates=23, depth=5
============================== Generated Circuit saved ==============================

============================== Transpiling circuit ==============================
This is using the AerSimulator('aer_simulator_statevector') transpiler.
Time elapsed for transpiling the circuit:  0 min 43.98 sec
Transpiled circuit, num_qubits: 18, (original: 18)
Transpiled circuit depth: 464202 (original: 5)
Transpiled circuit gates: 464354 (original: 23)
============================== Transpiled Circuit saved ==============================
Time elapsed for running the circuit:  2 min 33.65 sec
total_qubits: 18, nq:7

Time elapsed for extracting shots-based hhl counts solution:  0 min 0.00 sec

[HHL info]: linear system residual (e=||Ax-b||_2): 7.857245209003234
[HHL info]: Fidelity(true_sol, hhl_sol): 0.9652942403432824
[HHL info]: L2 error (absolute): 0.748721318299172
[HHL info]: L2 error (relative): 0.7753806307608143
[HHL info]: L2 error (normalized): 0.18711553545122084

========================================================================================
 Compare system solutions using LU of A, LU sol of A_herm, HHL of Ax=b hermition system
LU sol 	    Herm LU sol    HHL sol    L1_diff(%)
-2.023e-04  -2.023e-04  -0.000e+00  1.000e+02
-1.819e-04  -1.819e-04  -0.000e+00  1.000e+02
-5.524e-04  -5.524e-04  -0.000e+00  1.000e+02
-7.295e-04  -7.295e-04  -0.000e+00  1.000e+02
-6.715e-04  -6.715e-04  -0.000e+00  1.000e+02
-2.014e-03  -2.014e-03  -0.000e+00  1.000e+02
-1.802e-03  -1.802e-03  -0.000e+00  1.000e+02
-1.793e-03  -1.793e-03  -0.000e+00  1.000e+02
-5.143e-03  -5.143e-03  -0.000e+00  1.000e+02
 5.238e-03   5.238e-03   0.000e+00  1.000e+02
-4.016e-03  -4.016e-03  -0.000e+00  1.000e+02
-1.173e-02  -1.173e-02  -1.050e-02  1.052e+01
 7.850e-03   7.850e-03   0.000e+00  1.000e+02
-1.001e-02  -1.001e-02  -0.000e+00  1.000e+02
-2.241e-03  -2.241e-03  -0.000e+00  1.000e+02
-9.442e-03  -9.442e-03  -0.000e+00  1.000e+02
-1.127e-02  -1.127e-02  -0.000e+00  1.000e+02
-4.500e-03  -4.500e-03  -1.050e-02  1.333e+02
-3.415e-02  -3.415e-02  -1.050e-02  6.926e+01
-2.744e-02  -2.744e-02  -0.000e+00  1.000e+02
-7.340e-03  -7.340e-03  -0.000e+00  1.000e+02
 1.447e-04   1.447e-04   0.000e+00  1.000e+02
-3.932e-02  -3.932e-02  -1.484e-02  6.225e+01
-4.253e-02  -4.253e-02  -2.099e-02  5.064e+01
-4.471e-02  -4.471e-02  -1.050e-02  7.652e+01
-3.358e-02  -3.358e-02  -1.050e-02  6.874e+01
-7.803e-02  -7.803e-02  -2.969e-02  6.195e+01
-6.528e-02  -6.528e-02  -1.484e-02  7.726e+01
-5.612e-02  -5.612e-02  -0.000e+00  1.000e+02
-1.325e-01  -1.325e-01  -3.785e-02  7.143e+01
-8.603e-02  -8.603e-02  -2.099e-02  7.560e+01
-8.749e-02  -8.749e-02  -2.347e-02  7.317e+01
-1.814e-01  -1.814e-01  -4.694e-02  7.412e+01
-7.370e-02  -7.370e-02  -1.484e-02  7.986e+01
-9.894e-02  -9.894e-02  -3.319e-02  6.645e+01
-2.199e-01  -2.199e-01  -5.142e-02  7.661e+01
-7.631e-02  -7.631e-02  -1.818e-02  7.617e+01
-9.847e-02  -9.847e-02  -2.099e-02  7.868e+01
-2.403e-01  -2.403e-01  -5.938e-02  7.529e+01
-8.552e-02  -8.552e-02  -1.484e-02  8.264e+01
-1.176e-01  -1.176e-01  -2.969e-02  7.476e+01
-2.557e-01  -2.557e-01  -5.034e-02  8.032e+01
-7.872e-02  -7.872e-02  -1.050e-02  8.667e+01
-1.252e-01  -1.252e-01  -2.571e-02  7.946e+01
-2.574e-01  -2.574e-01  -5.749e-02  7.767e+01
-1.029e-01  -1.029e-01  -2.347e-02  7.720e+01
-1.212e-01  -1.212e-01  -3.636e-02  7.000e+01
-2.496e-01  -2.496e-01  -5.844e-02  7.658e+01
-9.955e-02  -9.955e-02  -1.050e-02  8.946e+01
-1.037e-01  -1.037e-01  -1.818e-02  8.246e+01
-2.844e-01  -2.844e-01  -6.471e-02  7.725e+01
-1.052e-01  -1.052e-01  -3.319e-02  6.846e+01
-1.083e-01  -1.083e-01  -2.099e-02  8.061e+01
-2.960e-01  -2.960e-01  -6.121e-02  7.932e+01
-1.125e-01  -1.125e-01  -1.818e-02  8.384e+01
-1.390e-01  -1.390e-01  -2.571e-02  8.150e+01
-2.838e-01  -2.838e-01  -6.121e-02  7.844e+01
-1.049e-01  -1.049e-01  -1.818e-02  8.266e+01
-1.345e-01  -1.345e-01  -3.927e-02  7.081e+01
-3.028e-01  -3.028e-01  -6.721e-02  7.780e+01
========================================================================================

step: 6/15 res:9.536269912263627, res/res0:0.42500918804604076  dq_norm: [0.06470561 0.09090353 0.19183302]

A info: before HHL prepare:
Spectral radius (A): 1.012e+02, lambda_min:6.757456500664082
condition number(A): 1.497e+01, norm2_cond:338.57363141253603
det(A): 1.295e+96
--------------------------------------------------------------------------------

A_hhl info: after scaling by spectral radius:
Spectral radius (A): 1.000e+00, lambda_min:0.06679007940164393
condition number(A): 1.497e+01, norm2_cond:338.5736314125322
det(A): 6.427e-25, nnz: 14 non zeros per row
--------------------------------------------------------------------------------

Size of A & B are not power of 2:
Next 2 power of 60 = 64
Value to be padded = 4
--------------------------------------------------

==================== Print (N)^2 padded matrix system =======================
Padded shape of A: (60, 60)x(60, 60) -> (64, 64)x(64, 64)
Padded shape of B: (60,) -> (64,)
Determinant of padded matrix: 6.426702742351402e-25
Condition # of padded matrix: 338.5736314125322


Matrix is not Hermitian. Making it Hermitian.......

==================== Print Hermitian matrix system info =======================
Shape of hermitian A: 64x64 -> 128x128
Shape of           B: 64 -> 128
Determinant of Hermitian matrix: 4.130250813854644e-49
Condition # of Hermitian matrix: 338.57363141254314

=================================== Generating HHL circuit ===================================
Time elapsed for generating HHL circuit: 5 min 11.82 sec

Generated circuit: num_qubits=18, gates=23, depth=5
============================== Generated Circuit saved ==============================

============================== Transpiling circuit ==============================
This is using the AerSimulator('aer_simulator_statevector') transpiler.
Time elapsed for transpiling the circuit:  0 min 56.32 sec
Transpiled circuit, num_qubits: 18, (original: 18)
Transpiled circuit depth: 464197 (original: 5)
Transpiled circuit gates: 464349 (original: 23)
============================== Transpiled Circuit saved ==============================
Time elapsed for running the circuit:  2 min 32.27 sec
total_qubits: 18, nq:7

Time elapsed for extracting shots-based hhl counts solution:  0 min 0.00 sec

[HHL info]: linear system residual (e=||Ax-b||_2): 7.01421867064143
[HHL info]: Fidelity(true_sol, hhl_sol): 0.9415637266232884
[HHL info]: L2 error (absolute): 0.6386415309277897
[HHL info]: L2 error (relative): 0.8582391689569474
[HHL info]: L2 error (normalized): 0.24354848876095914

========================================================================================
 Compare system solutions using LU of A, LU sol of A_herm, HHL of Ax=b hermition system
LU sol 	    Herm LU sol    HHL sol    L1_diff(%)
-1.993e-04  -1.993e-04  -0.000e+00  1.000e+02
-1.802e-04  -1.802e-04  -0.000e+00  1.000e+02
-5.449e-04  -5.449e-04  -0.000e+00  1.000e+02
-7.309e-04  -7.309e-04  -0.000e+00  1.000e+02
-6.768e-04  -6.768e-04  -0.000e+00  1.000e+02
-2.018e-03  -2.018e-03  -0.000e+00  1.000e+02
-1.815e-03  -1.815e-03  -0.000e+00  1.000e+02
-1.789e-03  -1.789e-03  -0.000e+00  1.000e+02
-5.165e-03  -5.165e-03  -0.000e+00  1.000e+02
 5.193e-03   5.193e-03   0.000e+00  1.000e+02
-4.031e-03  -4.031e-03  -0.000e+00  1.000e+02
-1.439e-03  -1.439e-03  -0.000e+00  1.000e+02
 7.738e-03   7.738e-03   0.000e+00  1.000e+02
-1.005e-02  -1.005e-02  -0.000e+00  1.000e+02
-2.452e-03  -2.452e-03  -5.562e-03  1.268e+02
-9.619e-03  -9.619e-03  -5.562e-03  4.217e+01
-1.142e-02  -1.142e-02  -0.000e+00  1.000e+02
 5.368e-03   5.368e-03   0.000e+00  1.000e+02
-2.356e-02  -2.356e-02  -0.000e+00  1.000e+02
-2.751e-02  -2.751e-02  -0.000e+00  1.000e+02
-7.475e-03  -7.475e-03  -0.000e+00  1.000e+02
 7.993e-04   7.993e-04   0.000e+00  1.000e+02
-2.420e-02  -2.420e-02  -0.000e+00  1.000e+02
-2.055e-02  -2.055e-02  -0.000e+00  1.000e+02
-3.299e-02  -3.299e-02  -0.000e+00  1.000e+02
-2.279e-02  -2.279e-02  -5.562e-03  7.559e+01
-4.601e-02  -4.601e-02  -0.000e+00  1.000e+02
-4.955e-02  -4.955e-02  -1.362e-02  7.250e+01
-5.665e-02  -5.665e-02  -0.000e+00  1.000e+02
-9.301e-02  -9.301e-02  -1.244e-02  8.663e+01
-6.464e-02  -6.464e-02  -1.112e-02  8.279e+01
-6.392e-02  -6.392e-02  -1.112e-02  8.260e+01
-1.340e-01  -1.340e-01  -2.081e-02  8.447e+01
-5.854e-02  -5.854e-02  -5.562e-03  9.050e+01
-6.548e-02  -6.548e-02  -9.634e-03  8.529e+01
-1.677e-01  -1.677e-01  -3.473e-02  7.929e+01
-5.805e-02  -5.805e-02  -7.866e-03  8.645e+01
-7.775e-02  -7.775e-02  -0.000e+00  1.000e+02
-1.803e-01  -1.803e-01  -2.487e-02  8.620e+01
-7.118e-02  -7.118e-02  -1.112e-02  8.437e+01
-8.813e-02  -8.813e-02  -1.244e-02  8.589e+01
-2.063e-01  -2.063e-01  -3.473e-02  8.316e+01
-6.880e-02  -6.880e-02  -7.866e-03  8.857e+01
-9.976e-02  -9.976e-02  -1.573e-02  8.423e+01
-2.009e-01  -2.009e-01  -3.243e-02  8.386e+01
-7.851e-02  -7.851e-02  -9.634e-03  8.773e+01
-8.383e-02  -8.383e-02  -7.866e-03  9.062e+01
-1.892e-01  -1.892e-01  -2.609e-02  8.621e+01
-8.684e-02  -8.684e-02  -1.244e-02  8.568e+01
-8.512e-02  -8.512e-02  -9.634e-03  8.868e+01
-2.128e-01  -2.128e-01  -2.781e-02  8.693e+01
-6.994e-02  -6.994e-02  -1.112e-02  8.410e+01
-8.799e-02  -8.799e-02  -1.362e-02  8.452e+01
-2.297e-01  -2.297e-01  -3.383e-02  8.527e+01
-9.421e-02  -9.421e-02  -1.845e-02  8.042e+01
-1.137e-01  -1.137e-01  -1.759e-02  8.452e+01
-2.214e-01  -2.214e-01  -2.781e-02  8.744e+01
-8.754e-02  -8.754e-02  -7.866e-03  9.101e+01
-9.534e-02  -9.534e-02  -1.472e-02  8.456e+01
-2.373e-01  -2.373e-01  -3.097e-02  8.695e+01
========================================================================================

step: 7/15 res:7.863609497778913, res/res0:0.3504626356542412  dq_norm: [0.03731102 0.03893399 0.09504348]

A info: before HHL prepare:
Spectral radius (A): 1.013e+02, lambda_min:6.783798694652523
condition number(A): 1.493e+01, norm2_cond:336.8631350038693
det(A): 1.655e+96
--------------------------------------------------------------------------------

A_hhl info: after scaling by spectral radius:
Spectral radius (A): 1.000e+00, lambda_min:0.0669877475316696
condition number(A): 1.493e+01, norm2_cond:336.86313500386257
det(A): 7.763e-25, nnz: 14 non zeros per row
--------------------------------------------------------------------------------

Size of A & B are not power of 2:
Next 2 power of 60 = 64
Value to be padded = 4
--------------------------------------------------

==================== Print (N)^2 padded matrix system =======================
Padded shape of A: (60, 60)x(60, 60) -> (64, 64)x(64, 64)
Padded shape of B: (60,) -> (64,)
Determinant of padded matrix: 7.763026943163888e-25
Condition # of padded matrix: 336.86313500386257


Matrix is not Hermitian. Making it Hermitian.......

==================== Print Hermitian matrix system info =======================
Shape of hermitian A: 64x64 -> 128x128
Shape of           B: 64 -> 128
Determinant of Hermitian matrix: 6.026458732029016e-49
Condition # of Hermitian matrix: 336.863135003873

=================================== Generating HHL circuit ===================================
Time elapsed for generating HHL circuit: 5 min 8.23 sec

Generated circuit: num_qubits=18, gates=23, depth=5
============================== Generated Circuit saved ==============================

============================== Transpiling circuit ==============================
This is using the AerSimulator('aer_simulator_statevector') transpiler.
Time elapsed for transpiling the circuit:  0 min 55.47 sec
Transpiled circuit, num_qubits: 18, (original: 18)
Transpiled circuit depth: 464202 (original: 5)
Transpiled circuit gates: 464354 (original: 23)
============================== Transpiled Circuit saved ==============================
Time elapsed for running the circuit:  2 min 33.09 sec
total_qubits: 18, nq:7

Time elapsed for extracting shots-based hhl counts solution:  0 min 0.00 sec

[HHL info]: linear system residual (e=||Ax-b||_2): 6.006958296317268
[HHL info]: Fidelity(true_sol, hhl_sol): 0.9643139080307102
[HHL info]: L2 error (absolute): 0.4764335295685796
[HHL info]: L2 error (relative): 0.7497497487158221
[HHL info]: L2 error (normalized): 0.18976373990137885

========================================================================================
 Compare system solutions using LU of A, LU sol of A_herm, HHL of Ax=b hermition system
LU sol 	    Herm LU sol    HHL sol    L1_diff(%)
-1.959e-04  -1.959e-04  -0.000e+00  1.000e+02
-1.780e-04  -1.780e-04  -0.000e+00  1.000e+02
-5.373e-04  -5.373e-04  -0.000e+00  1.000e+02
-7.256e-04  -7.256e-04  -0.000e+00  1.000e+02
-6.760e-04  -6.760e-04  -0.000e+00  1.000e+02
-2.008e-03  -2.008e-03  -0.000e+00  1.000e+02
-1.820e-03  -1.820e-03  -0.000e+00  1.000e+02
-1.789e-03  -1.789e-03  -0.000e+00  1.000e+02
-5.163e-03  -5.163e-03  -0.000e+00  1.000e+02
 5.141e-03   5.141e-03   0.000e+00  1.000e+02
-4.078e-03  -4.078e-03  -0.000e+00  1.000e+02
-1.594e-03  -1.594e-03  -8.251e-03  4.175e+02
 7.713e-03   7.713e-03   0.000e+00  1.000e+02
-9.998e-03  -9.998e-03  -0.000e+00  1.000e+02
 3.038e-03   3.038e-03   0.000e+00  1.000e+02
-4.055e-03  -4.055e-03  -0.000e+00  1.000e+02
-1.143e-02  -1.143e-02  -0.000e+00  1.000e+02
 5.163e-03   5.163e-03   0.000e+00  1.000e+02
-2.364e-02  -2.364e-02  -8.251e-03  6.509e+01
-2.756e-02  -2.756e-02  -0.000e+00  1.000e+02
-7.668e-03  -7.668e-03  -0.000e+00  1.000e+02
 7.013e-04   7.013e-04   0.000e+00  1.000e+02
-2.420e-02  -2.420e-02  -0.000e+00  1.000e+02
-2.072e-02  -2.072e-02  -8.251e-03  6.018e+01
-3.293e-02  -3.293e-02  -0.000e+00  1.000e+02
-1.711e-02  -1.711e-02  -0.000e+00  1.000e+02
-4.605e-02  -4.605e-02  -8.251e-03  8.208e+01
-3.568e-02  -3.568e-02  -1.429e-02  5.995e+01
-5.683e-02  -5.683e-02  -1.650e-02  7.096e+01
-8.074e-02  -8.074e-02  -2.183e-02  7.296e+01
-5.325e-02  -5.325e-02  -1.650e-02  6.901e+01
-5.273e-02  -5.273e-02  -0.000e+00  1.000e+02
-1.128e-01  -1.128e-01  -2.975e-02  7.363e+01
-5.258e-02  -5.258e-02  -1.429e-02  7.282e+01
-5.570e-02  -5.570e-02  -8.251e-03  8.519e+01
-1.316e-01  -1.316e-01  -3.597e-02  7.268e+01
-4.988e-02  -4.988e-02  -8.251e-03  8.346e+01
-7.800e-02  -7.800e-02  -2.609e-02  6.655e+01
-1.542e-01  -1.542e-01  -3.087e-02  7.998e+01
-6.000e-02  -6.000e-02  -2.021e-02  6.631e+01
-7.583e-02  -7.583e-02  -2.183e-02  7.121e+01
-1.712e-01  -1.712e-01  -4.594e-02  7.317e+01
-6.051e-02  -6.051e-02  -1.167e-02  8.072e+01
-8.365e-02  -8.365e-02  -2.609e-02  6.881e+01
-1.673e-01  -1.673e-01  -4.444e-02  7.345e+01
-6.800e-02  -6.800e-02  -1.167e-02  8.284e+01
-7.613e-02  -7.613e-02  -2.021e-02  7.345e+01
-1.613e-01  -1.613e-01  -4.207e-02  7.391e+01
-7.349e-02  -7.349e-02  -1.845e-02  7.489e+01
-7.549e-02  -7.549e-02  -2.334e-02  6.908e+01
-1.829e-01  -1.829e-01  -4.811e-02  7.369e+01
-5.805e-02  -5.805e-02  -1.429e-02  7.538e+01
-7.430e-02  -7.430e-02  -1.845e-02  7.517e+01
-1.940e-01  -1.940e-01  -5.411e-02  7.211e+01
-7.522e-02  -7.522e-02  -1.429e-02  8.100e+01
-9.628e-02  -9.628e-02  -2.021e-02  7.901e+01
-1.932e-01  -1.932e-01  -4.366e-02  7.740e+01
-7.990e-02  -7.990e-02  -2.475e-02  6.902e+01
-8.066e-02  -8.066e-02  -2.334e-02  7.107e+01
-2.064e-01  -2.064e-01  -4.951e-02  7.601e+01
========================================================================================

step: 8/15 res:7.0202455395606576, res/res0:0.3128758816710422  dq_norm: [0.05347538 0.06652516 0.13881055]

A info: before HHL prepare:
Spectral radius (A): 1.014e+02, lambda_min:6.816926310141296
condition number(A): 1.488e+01, norm2_cond:334.7800847076009
det(A): 2.318e+96
--------------------------------------------------------------------------------

A_hhl info: after scaling by spectral radius:
Spectral radius (A): 1.000e+00, lambda_min:0.06719943950042409
condition number(A): 1.488e+01, norm2_cond:334.78008470759664
det(A): 9.812e-25, nnz: 14 non zeros per row
--------------------------------------------------------------------------------

Size of A & B are not power of 2:
Next 2 power of 60 = 64
Value to be padded = 4
--------------------------------------------------

==================== Print (N)^2 padded matrix system =======================
Padded shape of A: (60, 60)x(60, 60) -> (64, 64)x(64, 64)
Padded shape of B: (60,) -> (64,)
Determinant of padded matrix: 9.812309029473482e-25
Condition # of padded matrix: 334.78008470759664


Matrix is not Hermitian. Making it Hermitian.......

==================== Print Hermitian matrix system info =======================
Shape of hermitian A: 64x64 -> 128x128
Shape of           B: 64 -> 128
Determinant of Hermitian matrix: 9.628140848988135e-49
Condition # of Hermitian matrix: 334.7800847075975

=================================== Generating HHL circuit ===================================
Time elapsed for generating HHL circuit: 5 min 8.86 sec

Generated circuit: num_qubits=18, gates=23, depth=5
============================== Generated Circuit saved ==============================

============================== Transpiling circuit ==============================
This is using the AerSimulator('aer_simulator_statevector') transpiler.
Time elapsed for transpiling the circuit:  0 min 57.27 sec
Transpiled circuit, num_qubits: 18, (original: 18)
Transpiled circuit depth: 464202 (original: 5)
Transpiled circuit gates: 464354 (original: 23)
============================== Transpiled Circuit saved ==============================
Time elapsed for running the circuit:  2 min 32.08 sec
total_qubits: 18, nq:7

Time elapsed for extracting shots-based hhl counts solution:  0 min 0.00 sec

[HHL info]: linear system residual (e=||Ax-b||_2): 4.761358232271835
[HHL info]: Fidelity(true_sol, hhl_sol): 0.9541874717367967
[HHL info]: L2 error (absolute): 0.3618373554945775
[HHL info]: L2 error (relative): 0.7657856912455887
[HHL info]: L2 error (normalized): 0.21528957152910477

========================================================================================
 Compare system solutions using LU of A, LU sol of A_herm, HHL of Ax=b hermition system
LU sol 	    Herm LU sol    HHL sol    L1_diff(%)
-1.955e-04  -1.955e-04  -0.000e+00  1.000e+02
-1.779e-04  -1.779e-04  -0.000e+00  1.000e+02
-5.357e-04  -5.357e-04  -0.000e+00  1.000e+02
-7.295e-04  -7.295e-04  -0.000e+00  1.000e+02
-6.811e-04  -6.811e-04  -0.000e+00  1.000e+02
-2.017e-03  -2.017e-03  -0.000e+00  1.000e+02
-1.823e-03  -1.823e-03  -0.000e+00  1.000e+02
-1.780e-03  -1.780e-03  -0.000e+00  1.000e+02
-5.169e-03  -5.169e-03  -0.000e+00  1.000e+02
 5.137e-03   5.137e-03   0.000e+00  1.000e+02
-4.072e-03  -4.072e-03  -0.000e+00  1.000e+02
 6.566e-03   6.566e-03   0.000e+00  1.000e+02
 7.646e-03   7.646e-03   0.000e+00  1.000e+02
-1.004e-02  -1.004e-02  -0.000e+00  1.000e+02
 2.929e-03   2.929e-03   7.011e-03  1.394e+02
-4.203e-03  -4.203e-03  -7.011e-03  6.683e+01
-1.150e-02  -1.150e-02  -0.000e+00  1.000e+02
 4.702e-03   4.702e-03   0.000e+00  1.000e+02
-1.540e-02  -1.540e-02  -7.011e-03  5.446e+01
-2.748e-02  -2.748e-02  -7.011e-03  7.449e+01
-7.969e-03  -7.969e-03  -0.000e+00  1.000e+02
 7.164e-04   7.164e-04   0.000e+00  1.000e+02
-2.422e-02  -2.422e-02  -7.011e-03  7.105e+01
-1.250e-02  -1.250e-02  -0.000e+00  1.000e+02
-3.301e-02  -3.301e-02  -7.011e-03  7.876e+01
-1.724e-02  -1.724e-02  -0.000e+00  1.000e+02
-3.792e-02  -3.792e-02  -9.916e-03  7.385e+01
-2.095e-02  -2.095e-02  -7.011e-03  6.654e+01
-3.994e-02  -3.994e-02  -9.916e-03  7.517e+01
-5.816e-02  -5.816e-02  -1.402e-02  7.589e+01
-3.601e-02  -3.601e-02  -0.000e+00  1.000e+02
-5.308e-02  -5.308e-02  -1.214e-02  7.712e+01
-8.170e-02  -8.170e-02  -2.325e-02  7.154e+01
-3.800e-02  -3.800e-02  -1.402e-02  6.309e+01
-4.747e-02  -4.747e-02  -1.214e-02  7.441e+01
-9.507e-02  -9.507e-02  -1.855e-02  8.049e+01
-4.145e-02  -4.145e-02  -1.214e-02  7.070e+01
-5.172e-02  -5.172e-02  -1.402e-02  7.289e+01
-1.230e-01  -1.230e-01  -3.056e-02  7.516e+01
-3.971e-02  -3.971e-02  -7.011e-03  8.234e+01
-5.427e-02  -5.427e-02  -1.402e-02  7.416e+01
-1.252e-01  -1.252e-01  -2.805e-02  7.759e+01
-4.886e-02  -4.886e-02  -0.000e+00  1.000e+02
-5.729e-02  -5.729e-02  -1.214e-02  7.880e+01
-1.226e-01  -1.226e-01  -3.506e-02  7.141e+01
-5.602e-02  -5.602e-02  -1.402e-02  7.497e+01
-5.591e-02  -5.591e-02  -1.214e-02  7.828e+01
-1.184e-01  -1.184e-01  -2.217e-02  8.127e+01
-5.469e-02  -5.469e-02  -9.916e-03  8.187e+01
-5.243e-02  -5.243e-02  -1.214e-02  7.684e+01
-1.337e-01  -1.337e-01  -3.435e-02  7.431e+01
-4.355e-02  -4.355e-02  -9.916e-03  7.723e+01
-5.587e-02  -5.587e-02  -1.214e-02  7.827e+01
-1.389e-01  -1.389e-01  -3.213e-02  7.687e+01
-5.997e-02  -5.997e-02  -1.402e-02  7.662e+01
-7.567e-02  -7.567e-02  -1.983e-02  7.379e+01
-1.475e-01  -1.475e-01  -3.289e-02  7.770e+01
-5.323e-02  -5.323e-02  -7.011e-03  8.683e+01
-5.725e-02  -5.725e-02  -1.568e-02  7.261e+01
-1.530e-01  -1.530e-01  -4.148e-02  7.288e+01
========================================================================================

step: 9/15 res:6.011185335747027, res/res0:0.2679044345687647  dq_norm: [0.03505725 0.04597716 0.0984104 ]

A info: before HHL prepare:
Spectral radius (A): 1.015e+02, lambda_min:6.837857781596978
condition number(A): 1.484e+01, norm2_cond:333.1362115539608
det(A): 2.581e+96
--------------------------------------------------------------------------------

A_hhl info: after scaling by spectral radius:
Spectral radius (A): 1.000e+00, lambda_min:0.06736721999069356
condition number(A): 1.484e+01, norm2_cond:333.136211553966
det(A): 1.055e-24, nnz: 14 non zeros per row
--------------------------------------------------------------------------------

Size of A & B are not power of 2:
Next 2 power of 60 = 64
Value to be padded = 4
--------------------------------------------------

==================== Print (N)^2 padded matrix system =======================
Padded shape of A: (60, 60)x(60, 60) -> (64, 64)x(64, 64)
Padded shape of B: (60,) -> (64,)
Determinant of padded matrix: 1.0554909540846209e-24
Condition # of padded matrix: 333.136211553966


Matrix is not Hermitian. Making it Hermitian.......

==================== Print Hermitian matrix system info =======================
Shape of hermitian A: 64x64 -> 128x128
Shape of           B: 64 -> 128
Determinant of Hermitian matrix: 1.114061154154479e-48
Condition # of Hermitian matrix: 333.13621155396567

=================================== Generating HHL circuit ===================================
Time elapsed for generating HHL circuit: 5 min 15.18 sec

Generated circuit: num_qubits=18, gates=23, depth=5
============================== Generated Circuit saved ==============================

============================== Transpiling circuit ==============================
This is using the AerSimulator('aer_simulator_statevector') transpiler.
Time elapsed for transpiling the circuit:  0 min 45.52 sec
Transpiled circuit, num_qubits: 18, (original: 18)
Transpiled circuit depth: 464203 (original: 5)
Transpiled circuit gates: 464355 (original: 23)
============================== Transpiled Circuit saved ==============================
Time elapsed for running the circuit:  2 min 32.59 sec
total_qubits: 18, nq:7

Time elapsed for extracting shots-based hhl counts solution:  0 min 0.00 sec

[HHL info]: linear system residual (e=||Ax-b||_2): 3.5137775011906633
[HHL info]: Fidelity(true_sol, hhl_sol): 0.9598790354296987
[HHL info]: L2 error (absolute): 0.23343747332745426
[HHL info]: L2 error (relative): 0.6475994721020466
[HHL info]: L2 error (normalized): 0.20132478389504344

========================================================================================
 Compare system solutions using LU of A, LU sol of A_herm, HHL of Ax=b hermition system
LU sol 	    Herm LU sol    HHL sol    L1_diff(%)
-1.922e-04  -1.922e-04  -0.000e+00  1.000e+02
-1.761e-04  -1.761e-04  -0.000e+00  1.000e+02
-5.282e-04  -5.282e-04  -0.000e+00  1.000e+02
-7.131e-04  -7.131e-04  -0.000e+00  1.000e+02
-6.718e-04  -6.718e-04  -0.000e+00  1.000e+02
-1.985e-03  -1.985e-03  -0.000e+00  1.000e+02
-1.796e-03  -1.796e-03  -8.088e-03  3.504e+02
-1.761e-03  -1.761e-03  -0.000e+00  1.000e+02
-5.110e-03  -5.110e-03  -0.000e+00  1.000e+02
 5.092e-03   5.092e-03   0.000e+00  1.000e+02
-4.137e-03  -4.137e-03  -0.000e+00  1.000e+02
 6.470e-03   6.470e-03   0.000e+00  1.000e+02
 7.542e-03   7.542e-03   0.000e+00  1.000e+02
-1.004e-02  -1.004e-02  -8.088e-03  1.944e+01
-4.189e-03  -4.189e-03  -0.000e+00  1.000e+02
 2.751e-03   2.751e-03   0.000e+00  1.000e+02
-1.148e-02  -1.148e-02  -8.088e-03  2.954e+01
 4.495e-03   4.495e-03   0.000e+00  1.000e+02
-8.331e-03  -8.331e-03  -0.000e+00  1.000e+02
-2.054e-02  -2.054e-02  -1.144e-02  4.430e+01
-7.718e-03  -7.718e-03  -0.000e+00  1.000e+02
 9.425e-04   9.425e-04   0.000e+00  1.000e+02
-1.712e-02  -1.712e-02  -8.088e-03  5.275e+01
-1.199e-02  -1.199e-02  -0.000e+00  1.000e+02
-2.567e-02  -2.567e-02  -1.401e-02  4.543e+01
-1.729e-02  -1.729e-02  -8.088e-03  5.322e+01
-2.760e-02  -2.760e-02  -1.401e-02  4.924e+01
-1.386e-02  -1.386e-02  -0.000e+00  1.000e+02
-3.002e-02  -3.002e-02  -1.144e-02  6.190e+01
-4.396e-02  -4.396e-02  -1.144e-02  7.398e+01
-3.600e-02  -3.600e-02  -1.401e-02  6.108e+01
-4.080e-02  -4.080e-02  -1.144e-02  7.197e+01
-5.814e-02  -5.814e-02  -2.558e-02  5.601e+01
-2.377e-02  -2.377e-02  -8.088e-03  6.597e+01
-3.537e-02  -3.537e-02  -1.809e-02  4.886e+01
-7.606e-02  -7.606e-02  -3.335e-02  5.615e+01
-2.932e-02  -2.932e-02  -1.401e-02  5.221e+01
-3.788e-02  -3.788e-02  -2.140e-02  4.351e+01
-9.242e-02  -9.242e-02  -2.802e-02  6.968e+01
-3.293e-02  -3.293e-02  -8.088e-03  7.544e+01
-4.022e-02  -4.022e-02  -1.618e-02  5.978e+01
-9.733e-02  -9.733e-02  -3.335e-02  6.574e+01
-4.890e-02  -4.890e-02  -1.809e-02  6.301e+01
-4.494e-02  -4.494e-02  -1.144e-02  7.454e+01
-8.679e-02  -8.679e-02  -3.617e-02  5.832e+01
-4.149e-02  -4.149e-02  -1.144e-02  7.243e+01
-4.388e-02  -4.388e-02  -1.618e-02  6.314e+01
-9.550e-02  -9.550e-02  -3.879e-02  5.938e+01
-4.441e-02  -4.441e-02  -1.981e-02  5.539e+01
-4.030e-02  -4.030e-02  -1.618e-02  5.986e+01
-9.826e-02  -9.826e-02  -2.916e-02  7.032e+01
-3.340e-02  -3.340e-02  -8.088e-03  7.578e+01
-4.376e-02  -4.376e-02  -1.981e-02  5.472e+01
-1.062e-01  -1.062e-01  -3.335e-02  6.858e+01
-4.584e-02  -4.584e-02  -1.618e-02  6.471e+01
-5.589e-02  -5.589e-02  -1.809e-02  6.764e+01
-1.144e-01  -1.144e-01  -3.879e-02  6.611e+01
-4.636e-02  -4.636e-02  -1.809e-02  6.099e+01
-4.158e-02  -4.158e-02  -1.401e-02  6.631e+01
-1.110e-01  -1.110e-01  -3.707e-02  6.662e+01
========================================================================================

step: 10/15 res:4.757076499931938, res/res0:0.21201174456156505  dq_norm: [0.04785092 0.05719279 0.10791114]

A info: before HHL prepare:
Spectral radius (A): 1.017e+02, lambda_min:6.678962385809334
condition number(A): 1.522e+01, norm2_cond:335.43182989990777
det(A): 3.317e+96
--------------------------------------------------------------------------------

A_hhl info: after scaling by spectral radius:
Spectral radius (A): 1.000e+00, lambda_min:0.06570499718329019
condition number(A): 1.522e+01, norm2_cond:335.4318298999054
det(A): 1.242e-24, nnz: 14 non zeros per row
--------------------------------------------------------------------------------

Size of A & B are not power of 2:
Next 2 power of 60 = 64
Value to be padded = 4
--------------------------------------------------

==================== Print (N)^2 padded matrix system =======================
Padded shape of A: (60, 60)x(60, 60) -> (64, 64)x(64, 64)
Padded shape of B: (60,) -> (64,)
Determinant of padded matrix: 1.2418887715637573e-24
Condition # of padded matrix: 335.4318298999054


Matrix is not Hermitian. Making it Hermitian.......

==================== Print Hermitian matrix system info =======================
Shape of hermitian A: 64x64 -> 128x128
Shape of           B: 64 -> 128
Determinant of Hermitian matrix: 1.5422877209360727e-48
Condition # of Hermitian matrix: 335.43182989990726

=================================== Generating HHL circuit ===================================
Time elapsed for generating HHL circuit: 5 min 13.50 sec

Generated circuit: num_qubits=18, gates=23, depth=5
============================== Generated Circuit saved ==============================

============================== Transpiling circuit ==============================
This is using the AerSimulator('aer_simulator_statevector') transpiler.
Time elapsed for transpiling the circuit:  0 min 58.06 sec
Transpiled circuit, num_qubits: 18, (original: 18)
Transpiled circuit depth: 464198 (original: 5)
Transpiled circuit gates: 464350 (original: 23)
============================== Transpiled Circuit saved ==============================
Time elapsed for running the circuit:  2 min 32.24 sec
total_qubits: 18, nq:7

Time elapsed for extracting shots-based hhl counts solution:  0 min 0.00 sec

[HHL info]: linear system residual (e=||Ax-b||_2): 2.877920706886184
[HHL info]: Fidelity(true_sol, hhl_sol): 0.9387608236183864
[HHL info]: L2 error (absolute): 0.16105479511505744
[HHL info]: L2 error (relative): 0.6973799084859884
[HHL info]: L2 error (normalized): 0.2494124924387966

========================================================================================
 Compare system solutions using LU of A, LU sol of A_herm, HHL of Ax=b hermition system
LU sol 	    Herm LU sol    HHL sol    L1_diff(%)
-2.046e-04  -2.046e-04  -0.000e+00  1.000e+02
-1.797e-04  -1.797e-04  -0.000e+00  1.000e+02
-5.521e-04  -5.521e-04  -0.000e+00  1.000e+02
-7.694e-04  -7.694e-04  -0.000e+00  1.000e+02
-7.085e-04  -7.085e-04  -0.000e+00  1.000e+02
-2.103e-03  -2.103e-03  -0.000e+00  1.000e+02
 6.261e-03   6.261e-03   0.000e+00  1.000e+02
-1.731e-03  -1.731e-03  -0.000e+00  1.000e+02
-5.068e-03  -5.068e-03  -0.000e+00  1.000e+02
 5.224e-03   5.224e-03   0.000e+00  1.000e+02
-4.096e-03  -4.096e-03  -0.000e+00  1.000e+02
 6.771e-03   6.771e-03   0.000e+00  1.000e+02
 7.740e-03   7.740e-03   0.000e+00  1.000e+02
-1.973e-03  -1.973e-03  -0.000e+00  1.000e+02
-3.763e-03  -3.763e-03  -0.000e+00  1.000e+02
 2.939e-03   2.939e-03   0.000e+00  1.000e+02
-3.370e-03  -3.370e-03  -0.000e+00  1.000e+02
 5.012e-03   5.012e-03   0.000e+00  1.000e+02
-8.250e-03  -8.250e-03  -0.000e+00  1.000e+02
-9.199e-03  -9.199e-03  -0.000e+00  1.000e+02
-7.391e-03  -7.391e-03  -0.000e+00  1.000e+02
 1.030e-03   1.030e-03   0.000e+00  1.000e+02
-9.021e-03  -9.021e-03  -0.000e+00  1.000e+02
-1.178e-02  -1.178e-02  -7.569e-03  3.577e+01
-1.147e-02  -1.147e-02  -5.352e-03  5.334e+01
-9.224e-03  -9.224e-03  -0.000e+00  1.000e+02
-1.348e-02  -1.348e-02  -5.352e-03  6.030e+01
-1.374e-02  -1.374e-02  -0.000e+00  1.000e+02
-1.851e-02  -1.851e-02  -9.270e-03  4.993e+01
-3.237e-02  -3.237e-02  -7.569e-03  7.662e+01
-2.181e-02  -2.181e-02  -5.352e-03  7.546e+01
-2.939e-02  -2.939e-02  -9.270e-03  6.846e+01
-3.251e-02  -3.251e-02  -1.197e-02  6.318e+01
-1.573e-02  -1.573e-02  -7.569e-03  5.188e+01
-1.732e-02  -1.732e-02  -7.569e-03  5.631e+01
-4.292e-02  -4.292e-02  -1.070e-02  7.506e+01
-1.531e-02  -1.531e-02  -0.000e+00  1.000e+02
-1.644e-02  -1.644e-02  -0.000e+00  1.000e+02
-6.455e-02  -6.455e-02  -2.141e-02  6.683e+01
-2.451e-02  -2.451e-02  -7.569e-03  6.911e+01
-2.395e-02  -2.395e-02  -9.270e-03  6.129e+01
-6.316e-02  -6.316e-02  -1.775e-02  7.190e+01
-3.003e-02  -3.003e-02  -9.270e-03  6.913e+01
-3.346e-02  -3.346e-02  -1.311e-02  6.082e+01
-4.943e-02  -4.943e-02  -9.270e-03  8.125e+01
-2.955e-02  -2.955e-02  -7.569e-03  7.439e+01
-2.780e-02  -2.780e-02  -7.569e-03  7.278e+01
-5.572e-02  -5.572e-02  -1.775e-02  6.815e+01
-2.434e-02  -2.434e-02  -5.352e-03  7.801e+01
-2.433e-02  -2.433e-02  -5.352e-03  7.800e+01
-6.888e-02  -6.888e-02  -2.622e-02  6.194e+01
-2.520e-02  -2.520e-02  -1.070e-02  5.752e+01
-2.381e-02  -2.381e-02  -7.569e-03  6.821e+01
-7.256e-02  -7.256e-02  -2.393e-02  6.702e+01
-2.897e-02  -2.897e-02  -1.070e-02  6.306e+01
-3.759e-02  -3.759e-02  -1.311e-02  6.513e+01
-7.434e-02  -7.434e-02  -2.002e-02  7.306e+01
-2.717e-02  -2.717e-02  -1.070e-02  6.060e+01
-2.753e-02  -2.753e-02  -5.352e-03  8.056e+01
-7.166e-02  -7.166e-02  -2.453e-02  6.578e+01
========================================================================================

step: 11/15 res:3.5176441902866156, res/res0:0.15677315291023586  dq_norm: [0.02621872 0.02882072 0.06195241]

A info: before HHL prepare:
Spectral radius (A): 1.017e+02, lambda_min:6.685620704619974
condition number(A): 1.521e+01, norm2_cond:335.4434027622036
det(A): 4.121e+96
--------------------------------------------------------------------------------

A_hhl info: after scaling by spectral radius:
Spectral radius (A): 1.000e+00, lambda_min:0.06573848447577332
condition number(A): 1.521e+01, norm2_cond:335.4434027622012
det(A): 1.499e-24, nnz: 14 non zeros per row
--------------------------------------------------------------------------------

Size of A & B are not power of 2:
Next 2 power of 60 = 64
Value to be padded = 4
--------------------------------------------------

==================== Print (N)^2 padded matrix system =======================
Padded shape of A: (60, 60)x(60, 60) -> (64, 64)x(64, 64)
Padded shape of B: (60,) -> (64,)
Determinant of padded matrix: 1.4985971525141996e-24
Condition # of padded matrix: 335.4434027622012


Matrix is not Hermitian. Making it Hermitian.......

==================== Print Hermitian matrix system info =======================
Shape of hermitian A: 64x64 -> 128x128
Shape of           B: 64 -> 128
Determinant of Hermitian matrix: 2.245793425523603e-48
Condition # of Hermitian matrix: 335.4434027622037

=================================== Generating HHL circuit ===================================
Time elapsed for generating HHL circuit: 5 min 19.91 sec

Generated circuit: num_qubits=18, gates=23, depth=5
============================== Generated Circuit saved ==============================

============================== Transpiling circuit ==============================
This is using the AerSimulator('aer_simulator_statevector') transpiler.
Time elapsed for transpiling the circuit:  0 min 45.21 sec
Transpiled circuit, num_qubits: 18, (original: 18)
Transpiled circuit depth: 464204 (original: 5)
Transpiled circuit gates: 464356 (original: 23)
============================== Transpiled Circuit saved ==============================
Time elapsed for running the circuit:  2 min 29.18 sec
total_qubits: 18, nq:7

Time elapsed for extracting shots-based hhl counts solution:  0 min 0.00 sec

[HHL info]: linear system residual (e=||Ax-b||_2): 2.7861233092634334
[HHL info]: Fidelity(true_sol, hhl_sol): 0.9042348505788564
[HHL info]: L2 error (absolute): 0.139802029614623
[HHL info]: L2 error (relative): 0.8746724311996328
[HHL info]: L2 error (normalized): 0.3133284510650931

========================================================================================
 Compare system solutions using LU of A, LU sol of A_herm, HHL of Ax=b hermition system
LU sol 	    Herm LU sol    HHL sol    L1_diff(%)
-2.047e-04  -2.047e-04  -0.000e+00  1.000e+02
-1.797e-04  -1.797e-04  -0.000e+00  1.000e+02
-5.523e-04  -5.523e-04  -0.000e+00  1.000e+02
-7.695e-04  -7.695e-04  -0.000e+00  1.000e+02
-7.086e-04  -7.086e-04  -0.000e+00  1.000e+02
-2.104e-03  -2.104e-03  -0.000e+00  1.000e+02
 6.262e-03   6.262e-03   0.000e+00  1.000e+02
-1.731e-03  -1.731e-03  -1.716e-03  8.457e-01
-5.067e-03  -5.067e-03  -1.716e-03  6.613e+01
 5.226e-03   5.226e-03   0.000e+00  1.000e+02
-4.094e-03  -4.094e-03  -0.000e+00  1.000e+02
 6.776e-03   6.776e-03   0.000e+00  1.000e+02
 7.742e-03   7.742e-03   0.000e+00  1.000e+02
-1.973e-03  -1.973e-03  -0.000e+00  1.000e+02
-3.760e-03  -3.760e-03  -0.000e+00  1.000e+02
 2.935e-03   2.935e-03   0.000e+00  1.000e+02
-3.371e-03  -3.371e-03  -0.000e+00  1.000e+02
 5.009e-03   5.009e-03   0.000e+00  1.000e+02
-8.268e-03  -8.268e-03  -1.716e-03  7.924e+01
-9.214e-03  -9.214e-03  -1.716e-03  8.137e+01
-7.443e-03  -7.443e-03  -1.716e-03  7.694e+01
 1.033e-03   1.033e-03   0.000e+00  1.000e+02
-8.994e-03  -8.994e-03  -0.000e+00  1.000e+02
-4.240e-03  -4.240e-03  -0.000e+00  1.000e+02
-6.150e-03  -6.150e-03  -0.000e+00  1.000e+02
-9.281e-03  -9.281e-03  -0.000e+00  1.000e+02
-8.297e-03  -8.297e-03  -1.716e-03  7.932e+01
-1.382e-02  -1.382e-02  -2.427e-03  8.244e+01
-9.204e-03  -9.204e-03  -1.716e-03  8.135e+01
-2.491e-02  -2.491e-02  -3.838e-03  8.459e+01
-1.644e-02  -1.644e-02  -0.000e+00  1.000e+02
-2.009e-02  -2.009e-02  -2.427e-03  8.792e+01
-2.060e-02  -2.060e-02  -2.427e-03  8.822e+01
-8.090e-03  -8.090e-03  -2.427e-03  7.000e+01
-9.762e-03  -9.762e-03  -0.000e+00  1.000e+02
-3.203e-02  -3.203e-02  -5.149e-03  8.392e+01
-1.525e-02  -1.525e-02  -2.427e-03  8.409e+01
-1.647e-02  -1.647e-02  -1.716e-03  8.958e+01
-4.271e-02  -4.271e-02  -5.945e-03  8.608e+01
-1.688e-02  -1.688e-02  -2.427e-03  8.562e+01
-1.471e-02  -1.471e-02  -1.716e-03  8.833e+01
-4.537e-02  -4.537e-02  -5.149e-03  8.865e+01
-2.063e-02  -2.063e-02  -0.000e+00  1.000e+02
-2.030e-02  -2.030e-02  -2.973e-03  8.536e+01
-4.033e-02  -4.033e-02  -7.076e-03  8.245e+01
-2.175e-02  -2.175e-02  -2.973e-03  8.633e+01
-2.019e-02  -2.019e-02  -1.716e-03  9.150e+01
-3.752e-02  -3.752e-02  -5.692e-03  8.483e+01
-1.876e-02  -1.876e-02  -1.716e-03  9.085e+01
-1.902e-02  -1.902e-02  -1.716e-03  9.097e+01
-4.189e-02  -4.189e-02  -4.204e-03  8.996e+01
-1.431e-02  -1.431e-02  -1.716e-03  8.801e+01
-1.631e-02  -1.631e-02  -2.973e-03  8.178e+01
-4.814e-02  -4.814e-02  -5.692e-03  8.818e+01
-1.799e-02  -1.799e-02  -2.973e-03  8.347e+01
-2.438e-02  -2.438e-02  -2.427e-03  9.005e+01
-5.376e-02  -5.376e-02  -7.675e-03  8.572e+01
-1.603e-02  -1.603e-02  -2.427e-03  8.486e+01
-2.216e-02  -2.216e-02  -3.432e-03  8.451e+01
-4.610e-02  -4.610e-02  -4.854e-03  8.947e+01
========================================================================================

step: 12/15 res:2.877442110027836, res/res0:0.12824084742606948  dq_norm: [0.00748067 0.00786454 0.01824327]

A info: before HHL prepare:
Spectral radius (A): 1.017e+02, lambda_min:6.682241876695656
condition number(A): 1.522e+01, norm2_cond:335.3338751360895
det(A): 4.312e+96
--------------------------------------------------------------------------------

A_hhl info: after scaling by spectral radius:
Spectral radius (A): 1.000e+00, lambda_min:0.06569471437867672
condition number(A): 1.522e+01, norm2_cond:335.3338751360937
det(A): 1.553e-24, nnz: 14 non zeros per row
--------------------------------------------------------------------------------

Size of A & B are not power of 2:
Next 2 power of 60 = 64
Value to be padded = 4
--------------------------------------------------

==================== Print (N)^2 padded matrix system =======================
Padded shape of A: (60, 60)x(60, 60) -> (64, 64)x(64, 64)
Padded shape of B: (60,) -> (64,)
Determinant of padded matrix: 1.5531231869526933e-24
Condition # of padded matrix: 335.3338751360937


Matrix is not Hermitian. Making it Hermitian.......

==================== Print Hermitian matrix system info =======================
Shape of hermitian A: 64x64 -> 128x128
Shape of           B: 64 -> 128
Determinant of Hermitian matrix: 2.4121916338499192e-48
Condition # of Hermitian matrix: 335.33387513609165

=================================== Generating HHL circuit ===================================
Time elapsed for generating HHL circuit: 5 min 21.63 sec

Generated circuit: num_qubits=18, gates=23, depth=5
============================== Generated Circuit saved ==============================

============================== Transpiling circuit ==============================
This is using the AerSimulator('aer_simulator_statevector') transpiler.
Time elapsed for transpiling the circuit:  0 min 45.60 sec
Transpiled circuit, num_qubits: 18, (original: 18)
Transpiled circuit depth: 464203 (original: 5)
Transpiled circuit gates: 464355 (original: 23)
============================== Transpiled Circuit saved ==============================
Time elapsed for running the circuit:  2 min 31.97 sec
total_qubits: 18, nq:7

Time elapsed for extracting shots-based hhl counts solution:  0 min 0.00 sec

[HHL info]: linear system residual (e=||Ax-b||_2): 2.796205433530475
[HHL info]: Fidelity(true_sol, hhl_sol): 0.8031160790070817
[HHL info]: L2 error (absolute): 0.13748093672599787
[HHL info]: L2 error (relative): 0.9847308381387154
[HHL info]: L2 error (normalized): 0.455702887508768

========================================================================================
 Compare system solutions using LU of A, LU sol of A_herm, HHL of Ax=b hermition system
LU sol 	    Herm LU sol    HHL sol    L1_diff(%)
-2.028e-04  -2.028e-04  -0.000e+00  1.000e+02
-1.789e-04  -1.789e-04  -0.000e+00  1.000e+02
-5.484e-04  -5.484e-04  -0.000e+00  1.000e+02
-7.588e-04  -7.588e-04  -0.000e+00  1.000e+02
-7.026e-04  -7.026e-04  -0.000e+00  1.000e+02
-2.082e-03  -2.082e-03  -0.000e+00  1.000e+02
 6.274e-03   6.274e-03   0.000e+00  1.000e+02
-2.010e-05  -2.010e-05  -0.000e+00  1.000e+02
-3.341e-03  -3.341e-03  -0.000e+00  1.000e+02
 5.229e-03   5.229e-03   0.000e+00  1.000e+02
-4.092e-03  -4.092e-03  -0.000e+00  1.000e+02
 6.779e-03   6.779e-03   0.000e+00  1.000e+02
 7.739e-03   7.739e-03   0.000e+00  1.000e+02
-1.975e-03  -1.975e-03  -0.000e+00  1.000e+02
-3.767e-03  -3.767e-03  -2.337e-04  9.380e+01
 2.931e-03   2.931e-03   0.000e+00  1.000e+02
-3.374e-03  -3.374e-03  -0.000e+00  1.000e+02
 4.995e-03   4.995e-03   0.000e+00  1.000e+02
-6.549e-03  -6.549e-03  -0.000e+00  1.000e+02
-7.496e-03  -7.496e-03  -2.337e-04  9.688e+01
-5.727e-03  -5.727e-03  -2.337e-04  9.592e+01
 1.041e-03   1.041e-03   0.000e+00  1.000e+02
-8.990e-03  -8.990e-03  -0.000e+00  1.000e+02
-4.232e-03  -4.232e-03  -0.000e+00  1.000e+02
-6.139e-03  -6.139e-03  -0.000e+00  1.000e+02
-9.284e-03  -9.284e-03  -2.337e-04  9.748e+01
-6.559e-03  -6.559e-03  -2.337e-04  9.644e+01
-1.138e-02  -1.138e-02  -0.000e+00  1.000e+02
-7.485e-03  -7.485e-03  -2.337e-04  9.688e+01
-2.104e-02  -2.104e-02  -2.337e-04  9.889e+01
-1.643e-02  -1.643e-02  -4.048e-04  9.754e+01
-1.765e-02  -1.765e-02  -0.000e+00  1.000e+02
-1.815e-02  -1.815e-02  -4.048e-04  9.777e+01
-5.631e-03  -5.631e-03  -0.000e+00  1.000e+02
-9.757e-03  -9.757e-03  -0.000e+00  1.000e+02
-2.674e-02  -2.674e-02  -6.610e-04  9.753e+01
-1.279e-02  -1.279e-02  -2.337e-04  9.817e+01
-1.477e-02  -1.477e-02  -0.000e+00  1.000e+02
-3.665e-02  -3.665e-02  -5.725e-04  9.844e+01
-1.445e-02  -1.445e-02  -0.000e+00  1.000e+02
-1.300e-02  -1.300e-02  -0.000e+00  1.000e+02
-4.019e-02  -4.019e-02  -6.183e-04  9.846e+01
-2.063e-02  -2.063e-02  -0.000e+00  1.000e+02
-1.730e-02  -1.730e-02  -4.674e-04  9.730e+01
-3.314e-02  -3.314e-02  -6.610e-04  9.801e+01
-1.872e-02  -1.872e-02  -3.305e-04  9.823e+01
-1.850e-02  -1.850e-02  -2.337e-04  9.874e+01
-3.176e-02  -3.176e-02  -5.226e-04  9.835e+01
-1.702e-02  -1.702e-02  -4.048e-04  9.762e+01
-1.729e-02  -1.729e-02  -2.337e-04  9.865e+01
-3.764e-02  -3.764e-02  -7.011e-04  9.814e+01
-1.257e-02  -1.257e-02  -0.000e+00  1.000e+02
-1.334e-02  -1.334e-02  -0.000e+00  1.000e+02
-4.238e-02  -4.238e-02  -8.744e-04  9.794e+01
-1.499e-02  -1.499e-02  -3.305e-04  9.780e+01
-2.196e-02  -2.196e-02  -0.000e+00  1.000e+02
-4.603e-02  -4.603e-02  -6.610e-04  9.856e+01
-1.360e-02  -1.360e-02  -0.000e+00  1.000e+02
-1.873e-02  -1.873e-02  -4.048e-04  9.784e+01
-4.125e-02  -4.125e-02  -7.011e-04  9.830e+01
========================================================================================

step: 13/15 res:2.785855367633755, res/res0:0.12415904108262356  dq_norm: [0.0007751  0.00080957 0.00210332]

A info: before HHL prepare:
Spectral radius (A): 1.017e+02, lambda_min:6.681560810293663
condition number(A): 1.522e+01, norm2_cond:335.2532499721984
det(A): 4.319e+96
--------------------------------------------------------------------------------

A_hhl info: after scaling by spectral radius:
Spectral radius (A): 1.000e+00, lambda_min:0.06568944165921956
condition number(A): 1.522e+01, norm2_cond:335.2532499722027
det(A): 1.558e-24, nnz: 14 non zeros per row
--------------------------------------------------------------------------------

Size of A & B are not power of 2:
Next 2 power of 60 = 64
Value to be padded = 4
--------------------------------------------------

==================== Print (N)^2 padded matrix system =======================
Padded shape of A: (60, 60)x(60, 60) -> (64, 64)x(64, 64)
Padded shape of B: (60,) -> (64,)
Determinant of padded matrix: 1.5577164979606393e-24
Condition # of padded matrix: 335.2532499722027


Matrix is not Hermitian. Making it Hermitian.......

==================== Print Hermitian matrix system info =======================
Shape of hermitian A: 64x64 -> 128x128
Shape of           B: 64 -> 128
Determinant of Hermitian matrix: 2.4264806880187584e-48
Condition # of Hermitian matrix: 335.25324997220866

=================================== Generating HHL circuit ===================================
Time elapsed for generating HHL circuit: 5 min 10.85 sec

Generated circuit: num_qubits=18, gates=23, depth=5
============================== Generated Circuit saved ==============================

============================== Transpiling circuit ==============================
This is using the AerSimulator('aer_simulator_statevector') transpiler.
Time elapsed for transpiling the circuit:  0 min 59.51 sec
Transpiled circuit, num_qubits: 18, (original: 18)
Transpiled circuit depth: 464201 (original: 5)
Transpiled circuit gates: 464353 (original: 23)
============================== Transpiled Circuit saved ==============================
Time elapsed for running the circuit:  2 min 24.95 sec
total_qubits: 18, nq:7

Time elapsed for extracting shots-based hhl counts solution:  0 min 0.00 sec

[HHL info]: linear system residual (e=||Ax-b||_2): 2.786016214299783
[HHL info]: Fidelity(true_sol, hhl_sol): 0.841587859964176
[HHL info]: L2 error (absolute): 0.13644076016879061
[HHL info]: L2 error (relative): 0.9925360467711346
[HHL info]: L2 error (normalized): 0.40649482496918393

========================================================================================
 Compare system solutions using LU of A, LU sol of A_herm, HHL of Ax=b hermition system
LU sol 	    Herm LU sol    HHL sol    L1_diff(%)
-2.027e-04  -2.027e-04  -0.000e+00  1.000e+02
-1.788e-04  -1.788e-04  -0.000e+00  1.000e+02
-5.483e-04  -5.483e-04  -0.000e+00  1.000e+02
-7.588e-04  -7.588e-04  -0.000e+00  1.000e+02
-7.026e-04  -7.026e-04  -0.000e+00  1.000e+02
-2.082e-03  -2.082e-03  -0.000e+00  1.000e+02
 6.274e-03   6.274e-03   0.000e+00  1.000e+02
-2.034e-05  -2.034e-05  -0.000e+00  1.000e+02
-3.342e-03  -3.342e-03  -0.000e+00  1.000e+02
 5.228e-03   5.228e-03   0.000e+00  1.000e+02
-4.092e-03  -4.092e-03  -0.000e+00  1.000e+02
 6.777e-03   6.777e-03   0.000e+00  1.000e+02
 7.739e-03   7.739e-03   1.777e-04  9.770e+01
-1.975e-03  -1.975e-03  -0.000e+00  1.000e+02
-3.535e-03  -3.535e-03  -0.000e+00  1.000e+02
 2.931e-03   2.931e-03   0.000e+00  1.000e+02
-3.374e-03  -3.374e-03  -0.000e+00  1.000e+02
 4.996e-03   4.996e-03   0.000e+00  1.000e+02
-6.549e-03  -6.549e-03  -0.000e+00  1.000e+02
-7.262e-03  -7.262e-03  -0.000e+00  1.000e+02
-5.492e-03  -5.492e-03  -1.451e-04  9.736e+01
 1.040e-03   1.040e-03   0.000e+00  1.000e+02
-8.991e-03  -8.991e-03  -1.026e-04  9.886e+01
-4.234e-03  -4.234e-03  -0.000e+00  1.000e+02
-6.141e-03  -6.141e-03  -0.000e+00  1.000e+02
-9.049e-03  -9.049e-03  -0.000e+00  1.000e+02
-6.327e-03  -6.327e-03  -0.000e+00  1.000e+02
-1.138e-02  -1.138e-02  -0.000e+00  1.000e+02
-7.253e-03  -7.253e-03  -1.451e-04  9.800e+01
-2.081e-02  -2.081e-02  -2.052e-04  9.901e+01
-1.602e-02  -1.602e-02  -1.026e-04  9.936e+01
-1.765e-02  -1.765e-02  -1.026e-04  9.942e+01
-1.774e-02  -1.774e-02  -0.000e+00  1.000e+02
-5.624e-03  -5.624e-03  -1.026e-04  9.818e+01
-9.752e-03  -9.752e-03  -1.451e-04  9.851e+01
-2.607e-02  -2.607e-02  -2.052e-04  9.921e+01
-1.255e-02  -1.255e-02  -1.026e-04  9.918e+01
-1.478e-02  -1.478e-02  -0.000e+00  1.000e+02
-3.607e-02  -3.607e-02  -2.715e-04  9.925e+01
-1.445e-02  -1.445e-02  -1.026e-04  9.929e+01
-1.300e-02  -1.300e-02  -0.000e+00  1.000e+02
-3.958e-02  -3.958e-02  -3.245e-04  9.918e+01
-2.064e-02  -2.064e-02  -0.000e+00  1.000e+02
-1.683e-02  -1.683e-02  -1.026e-04  9.939e+01
-3.248e-02  -3.248e-02  -2.513e-04  9.923e+01
-1.839e-02  -1.839e-02  -1.451e-04  9.921e+01
-1.827e-02  -1.827e-02  -1.451e-04  9.921e+01
-3.123e-02  -3.123e-02  -2.294e-04  9.927e+01
-1.660e-02  -1.660e-02  -1.451e-04  9.913e+01
-1.706e-02  -1.706e-02  -1.777e-04  9.896e+01
-3.692e-02  -3.692e-02  -3.078e-04  9.917e+01
-1.256e-02  -1.256e-02  -1.451e-04  9.884e+01
-1.334e-02  -1.334e-02  -1.026e-04  9.923e+01
-4.148e-02  -4.148e-02  -3.403e-04  9.918e+01
-1.466e-02  -1.466e-02  -0.000e+00  1.000e+02
-2.197e-02  -2.197e-02  -2.052e-04  9.907e+01
-4.536e-02  -4.536e-02  -3.974e-04  9.912e+01
-1.361e-02  -1.361e-02  -1.026e-04  9.925e+01
-1.832e-02  -1.832e-02  -0.000e+00  1.000e+02
-4.056e-02  -4.056e-02  -3.974e-04  9.902e+01
========================================================================================

step: 14/15 res:2.7961997068939572, res/res0:0.12462006402663624  dq_norm: [0.0003839  0.00042303 0.00096248]
Completed: 14 steps in 7896.64s
Saved metadata to /lustre/orion/stf006/scratch/4klornl/fvm_euler_1d_solver/output_parallel_shots/nelem20/statevector/shots_100000/trial_2/metadata_nelem20_HHL_statevector_nshots100000.pkl

Solution summary:
  x/L: [0.0250, 0.9750]
  Mach: [1.5000, 2.1347]
  p/p_in: [1.0000, 0.3768]
  rho/rho_in: [1.0000, 0.4959]
Saved combined plot to /lustre/orion/stf006/scratch/4klornl/fvm_euler_1d_solver/output_parallel_shots/nelem20/statevector/shots_100000/trial_2/solution_plot_nelem20_HHL_statevector_nshots100000.png
