
------------------------------------------------------------
Using ideal local simulator with 'statevector' method
Backend: aer_simulator_statevector
Shots: 100000
------------------------------------------------------------

A info: before HHL prepare:
Spectral radius (A): 4.814e+01, lambda_min:3.3136108943482814
condition number(A): 1.453e+01, norm2_cond:197.88017001682982
det(A): 1.276e+38
--------------------------------------------------------------------------------

A_hhl info: after scaling by spectral radius:
Spectral radius (A): 1.000e+00, lambda_min:0.0688269177323334
condition number(A): 1.453e+01, norm2_cond:197.88017001683053
det(A): 4.260e-13, nnz: 11 non zeros per row
--------------------------------------------------------------------------------

Size of A & B are not power of 2:
Next 2 power of 30 = 32
Value to be padded = 2
--------------------------------------------------

==================== Print (N)^2 padded matrix system =======================
Padded shape of A: (30, 30)x(30, 30) -> (32, 32)x(32, 32)
Padded shape of B: (30,) -> (32,)
Determinant of padded matrix: 4.2602079269883554e-13
Condition # of padded matrix: 197.88017001683053


Matrix is not Hermitian. Making it Hermitian.......

==================== Print Hermitian matrix system info =======================
Shape of hermitian A: 32x32 -> 64x64
Shape of           B: 32 -> 64
Determinant of Hermitian matrix: 1.8149371581174162e-25
Condition # of Hermitian matrix: 197.88017001683153

=================================== Generating HHL circuit ===================================
Time elapsed for generating HHL circuit: 0 min 50.99 sec

Generated circuit: num_qubits=16, gates=21, depth=5
============================== Generated Circuit saved ==============================

============================== Transpiling circuit ==============================
This is using the AerSimulator('aer_simulator_statevector') transpiler.
Time elapsed for transpiling the circuit:  0 min 9.50 sec
Transpiled circuit, num_qubits: 16, (original: 16)
Transpiled circuit depth: 103094 (original: 5)
Transpiled circuit gates: 103221 (original: 21)
============================== Transpiled Circuit saved ==============================
Time elapsed for running the circuit:  0 min 20.36 sec
total_qubits: 16, nq:6

Time elapsed for extracting shots-based hhl counts solution:  0 min 0.00 sec

[HHL info]: linear system residual (e=||Ax-b||_2): 8.785419886619497
[HHL info]: Fidelity(true_sol, hhl_sol): 0.9962061180034567
[HHL info]: L2 error (absolute): 1.3485752394730568
[HHL info]: L2 error (relative): 0.3550804037303326
[HHL info]: L2 error (normalized): 0.06162375535332362

========================================================================================
 Compare system solutions using LU of A, LU sol of A_herm, HHL of Ax=b hermition system
LU sol 	    Herm LU sol    HHL sol    L1_diff(%)
 4.852e-03   4.852e-03   0.000e+00  1.000e+02
 2.224e-03   2.224e-03   0.000e+00  1.000e+02
 1.012e-02   1.012e-02   0.000e+00  1.000e+02
 6.205e-03   6.205e-03   0.000e+00  1.000e+02
 1.905e-03   1.905e-03   0.000e+00  1.000e+02
 1.125e-02   1.125e-02   0.000e+00  1.000e+02
-2.568e-02  -2.568e-02  -0.000e+00  1.000e+02
-1.823e-02  -1.823e-02  -0.000e+00  1.000e+02
-6.491e-02  -6.491e-02  -0.000e+00  1.000e+02
-1.285e-01  -1.285e-01  -6.096e-02  5.258e+01
-9.623e-02  -9.623e-02  -6.096e-02  3.666e+01
-3.195e-01  -3.195e-01  -1.928e-01  3.967e+01
-3.070e-01  -3.070e-01  -1.829e-01  4.042e+01
-2.851e-01  -2.851e-01  -2.022e-01  2.909e+01
-8.110e-01  -8.110e-01  -5.815e-01  2.830e+01
-4.538e-01  -4.538e-01  -2.793e-01  3.844e+01
-4.624e-01  -4.624e-01  -3.226e-01  3.024e+01
-1.229e+00  -1.229e+00  -8.403e-01  3.162e+01
-5.244e-01  -5.244e-01  -3.606e-01  3.123e+01
-5.482e-01  -5.482e-01  -3.658e-01  3.328e+01
-1.427e+00  -1.427e+00  -9.345e-01  3.451e+01
-5.516e-01  -5.516e-01  -3.448e-01  3.748e+01
-5.798e-01  -5.798e-01  -3.394e-01  4.146e+01
-1.501e+00  -1.501e+00  -9.810e-01  3.464e+01
-5.614e-01  -5.614e-01  -3.554e-01  3.669e+01
-5.902e-01  -5.902e-01  -4.267e-01  2.770e+01
-1.527e+00  -1.527e+00  -9.561e-01  3.737e+01
-5.649e-01  -5.649e-01  -4.179e-01  2.602e+01
-5.937e-01  -5.937e-01  -3.758e-01  3.670e+01
-1.535e+00  -1.535e+00  -9.205e-01  4.005e+01
========================================================================================

step: 0/15 res:15.852040985520478, res/res0:1.0  dq_norm: [0.81556872 0.84905322 2.16295215]

A info: before HHL prepare:
Spectral radius (A): 4.939e+01, lambda_min:3.8815913457702185
condition number(A): 1.273e+01, norm2_cond:171.5268411382086
det(A): 3.021e+39
--------------------------------------------------------------------------------

A_hhl info: after scaling by spectral radius:
Spectral radius (A): 1.000e+00, lambda_min:0.078583425954907
condition number(A): 1.273e+01, norm2_cond:171.52684113820777
det(A): 4.675e-12, nnz: 13 non zeros per row
--------------------------------------------------------------------------------

Size of A & B are not power of 2:
Next 2 power of 30 = 32
Value to be padded = 2
--------------------------------------------------

==================== Print (N)^2 padded matrix system =======================
Padded shape of A: (30, 30)x(30, 30) -> (32, 32)x(32, 32)
Padded shape of B: (30,) -> (32,)
Determinant of padded matrix: 4.674885459808732e-12
Condition # of padded matrix: 171.52684113820777


Matrix is not Hermitian. Making it Hermitian.......

==================== Print Hermitian matrix system info =======================
Shape of hermitian A: 32x32 -> 64x64
Shape of           B: 32 -> 64
Determinant of Hermitian matrix: 2.185455406233141e-23
Condition # of Hermitian matrix: 171.5268411382086

=================================== Generating HHL circuit ===================================
Time elapsed for generating HHL circuit: 0 min 51.80 sec

Generated circuit: num_qubits=16, gates=21, depth=5
============================== Generated Circuit saved ==============================

============================== Transpiling circuit ==============================
This is using the AerSimulator('aer_simulator_statevector') transpiler.
Time elapsed for transpiling the circuit:  0 min 9.37 sec
Transpiled circuit, num_qubits: 16, (original: 16)
Transpiled circuit depth: 103106 (original: 5)
Transpiled circuit gates: 103233 (original: 21)
============================== Transpiled Circuit saved ==============================
Time elapsed for running the circuit:  0 min 20.54 sec
total_qubits: 16, nq:6

Time elapsed for extracting shots-based hhl counts solution:  0 min 0.00 sec

[HHL info]: linear system residual (e=||Ax-b||_2): 3.984515893200788
[HHL info]: Fidelity(true_sol, hhl_sol): 0.9788364995542689
[HHL info]: L2 error (absolute): 0.4472820164346145
[HHL info]: L2 error (relative): 0.4036694574635573
[HHL info]: L2 error (normalized): 0.14586526202955866

========================================================================================
 Compare system solutions using LU of A, LU sol of A_herm, HHL of Ax=b hermition system
LU sol 	    Herm LU sol    HHL sol    L1_diff(%)
 3.905e-03   3.905e-03   0.000e+00  1.000e+02
 1.749e-03   1.749e-03   0.000e+00  1.000e+02
 8.124e-03   8.124e-03   0.000e+00  1.000e+02
 3.969e-03   3.969e-03   0.000e+00  1.000e+02
 1.005e-03   1.005e-03   0.000e+00  1.000e+02
 6.209e-03   6.209e-03   0.000e+00  1.000e+02
-2.538e-02  -2.538e-02  -0.000e+00  1.000e+02
-1.757e-02  -1.757e-02  -0.000e+00  1.000e+02
-6.454e-02  -6.454e-02  -2.770e-02  5.708e+01
-5.933e-02  -5.933e-02  -4.797e-02  1.915e+01
-3.490e-02  -3.490e-02  -4.797e-02  3.745e+01
-1.065e-01  -1.065e-01  -8.759e-02  1.779e+01
-1.033e-01  -1.033e-01  -8.309e-02  1.959e+01
-8.182e-02  -8.182e-02  -5.540e-02  3.229e+01
-1.741e-01  -1.741e-01  -1.239e-01  2.885e+01
-1.412e-01  -1.412e-01  -8.309e-02  4.117e+01
-1.382e-01  -1.382e-01  -9.595e-02  3.057e+01
-3.041e-01  -3.041e-01  -2.233e-01  2.656e+01
-1.241e-01  -1.241e-01  -6.785e-02  4.532e+01
-1.846e-01  -1.846e-01  -1.269e-01  3.125e+01
-3.931e-01  -3.931e-01  -2.350e-01  4.021e+01
-1.654e-01  -1.654e-01  -1.142e-01  3.097e+01
-2.395e-01  -2.395e-01  -1.567e-01  3.459e+01
-4.144e-01  -4.144e-01  -2.508e-01  3.948e+01
-1.611e-01  -1.611e-01  -8.309e-02  4.842e+01
-1.626e-01  -1.626e-01  -9.595e-02  4.098e+01
-4.651e-01  -4.651e-01  -2.756e-01  4.074e+01
-9.952e-02  -9.952e-02  -0.000e+00  1.000e+02
-2.177e-01  -2.177e-01  -1.142e-01  4.755e+01
-4.907e-01  -4.907e-01  -2.742e-01  4.412e+01
========================================================================================

step: 1/15 res:9.595935673464876, res/res0:0.6053438596474716  dq_norm: [0.20164496 0.27836212 0.58560289]

A info: before HHL prepare:
Spectral radius (A): 4.995e+01, lambda_min:3.987824191050924
condition number(A): 1.253e+01, norm2_cond:159.14651088680793
det(A): 2.994e+39
--------------------------------------------------------------------------------

A_hhl info: after scaling by spectral radius:
Spectral radius (A): 1.000e+00, lambda_min:0.07983227304213371
condition number(A): 1.253e+01, norm2_cond:159.14651088680722
det(A): 3.307e-12, nnz: 13 non zeros per row
--------------------------------------------------------------------------------

Size of A & B are not power of 2:
Next 2 power of 30 = 32
Value to be padded = 2
--------------------------------------------------

==================== Print (N)^2 padded matrix system =======================
Padded shape of A: (30, 30)x(30, 30) -> (32, 32)x(32, 32)
Padded shape of B: (30,) -> (32,)
Determinant of padded matrix: 3.3074602083308613e-12
Condition # of padded matrix: 159.14651088680722


Matrix is not Hermitian. Making it Hermitian.......

==================== Print Hermitian matrix system info =======================
Shape of hermitian A: 32x32 -> 64x64
Shape of           B: 32 -> 64
Determinant of Hermitian matrix: 1.0939293029692337e-23
Condition # of Hermitian matrix: 159.14651088680793

=================================== Generating HHL circuit ===================================
Time elapsed for generating HHL circuit: 0 min 51.77 sec

Generated circuit: num_qubits=16, gates=21, depth=5
============================== Generated Circuit saved ==============================

============================== Transpiling circuit ==============================
This is using the AerSimulator('aer_simulator_statevector') transpiler.
Time elapsed for transpiling the circuit:  0 min 9.59 sec
Transpiled circuit, num_qubits: 16, (original: 16)
Transpiled circuit depth: 103108 (original: 5)
Transpiled circuit gates: 103235 (original: 21)
============================== Transpiled Circuit saved ==============================
Time elapsed for running the circuit:  0 min 20.51 sec
total_qubits: 16, nq:6

Time elapsed for extracting shots-based hhl counts solution:  0 min 0.00 sec

[HHL info]: linear system residual (e=||Ax-b||_2): 1.915120230893369
[HHL info]: Fidelity(true_sol, hhl_sol): 0.9846065600290556
[HHL info]: L2 error (absolute): 0.11354073768023294
[HHL info]: L2 error (relative): 0.2557302583912531
[HHL info]: L2 error (normalized): 0.12431065864912604

========================================================================================
 Compare system solutions using LU of A, LU sol of A_herm, HHL of Ax=b hermition system
LU sol 	    Herm LU sol    HHL sol    L1_diff(%)
 3.765e-03   3.765e-03   0.000e+00  1.000e+02
 1.687e-03   1.687e-03   0.000e+00  1.000e+02
 7.824e-03   7.824e-03   1.385e-02  7.703e+01
 3.829e-03   3.829e-03   0.000e+00  1.000e+02
 9.132e-04   9.132e-04   0.000e+00  1.000e+02
 5.952e-03   5.952e-03   0.000e+00  1.000e+02
-2.457e-02  -2.457e-02  -1.959e-02  2.028e+01
-1.724e-02  -1.724e-02  -1.959e-02  1.360e+01
-3.470e-02  -3.470e-02  -4.156e-02  1.976e+01
-8.115e-03  -8.115e-03  -0.000e+00  1.000e+02
 1.415e-02   1.415e-02   0.000e+00  1.000e+02
-1.324e-02  -1.324e-02  -1.959e-02  4.794e+01
-1.676e-02  -1.676e-02  -1.385e-02  1.736e+01
-2.791e-02  -2.791e-02  -2.399e-02  1.403e+01
-4.744e-02  -4.744e-02  -1.959e-02  5.871e+01
-5.628e-02  -5.628e-02  -4.156e-02  2.616e+01
-4.257e-02  -4.257e-02  -3.393e-02  2.030e+01
-7.655e-02  -7.655e-02  -5.877e-02  2.323e+01
-5.309e-02  -5.309e-02  -4.798e-02  9.618e+00
-5.461e-02  -5.461e-02  -4.380e-02  1.979e+01
-1.512e-01  -1.512e-01  -1.329e-01  1.214e+01
-4.781e-02  -4.781e-02  -3.097e-02  3.521e+01
-8.470e-02  -8.470e-02  -5.711e-02  3.257e+01
-1.585e-01  -1.585e-01  -1.247e-01  2.132e+01
-7.837e-02  -7.837e-02  -6.038e-02  2.296e+01
-6.671e-02  -6.671e-02  -4.994e-02  2.513e+01
-1.835e-01  -1.835e-01  -1.399e-01  2.375e+01
-1.022e-01  -1.022e-01  -6.643e-02  3.499e+01
-1.034e-01  -1.034e-01  -6.195e-02  4.008e+01
-2.273e-01  -2.273e-01  -1.741e-01  2.341e+01
========================================================================================

step: 2/15 res:4.168113011342449, res/res0:0.2629385714527027  dq_norm: [0.1167177  0.1167177  0.29869918]

A info: before HHL prepare:
Spectral radius (A): 5.037e+01, lambda_min:4.023821497347348
condition number(A): 1.252e+01, norm2_cond:154.55214939204274
det(A): 6.135e+39
--------------------------------------------------------------------------------

A_hhl info: after scaling by spectral radius:
Spectral radius (A): 1.000e+00, lambda_min:0.07989032779407867
condition number(A): 1.252e+01, norm2_cond:154.55214939204373
det(A): 5.290e-12, nnz: 13 non zeros per row
--------------------------------------------------------------------------------

Size of A & B are not power of 2:
Next 2 power of 30 = 32
Value to be padded = 2
--------------------------------------------------

==================== Print (N)^2 padded matrix system =======================
Padded shape of A: (30, 30)x(30, 30) -> (32, 32)x(32, 32)
Padded shape of B: (30,) -> (32,)
Determinant of padded matrix: 5.290349799417917e-12
Condition # of padded matrix: 154.55214939204373


Matrix is not Hermitian. Making it Hermitian.......

==================== Print Hermitian matrix system info =======================
Shape of hermitian A: 32x32 -> 64x64
Shape of           B: 32 -> 64
Determinant of Hermitian matrix: 2.7987801000201796e-23
Condition # of Hermitian matrix: 154.55214939204356

=================================== Generating HHL circuit ===================================
Time elapsed for generating HHL circuit: 0 min 51.78 sec

Generated circuit: num_qubits=16, gates=21, depth=5
============================== Generated Circuit saved ==============================

============================== Transpiling circuit ==============================
This is using the AerSimulator('aer_simulator_statevector') transpiler.
Time elapsed for transpiling the circuit:  0 min 9.61 sec
Transpiled circuit, num_qubits: 16, (original: 16)
Transpiled circuit depth: 103108 (original: 5)
Transpiled circuit gates: 103235 (original: 21)
============================== Transpiled Circuit saved ==============================
Time elapsed for running the circuit:  0 min 20.54 sec
total_qubits: 16, nq:6

Time elapsed for extracting shots-based hhl counts solution:  0 min 0.00 sec

[HHL info]: linear system residual (e=||Ax-b||_2): 1.7538430413283987
[HHL info]: Fidelity(true_sol, hhl_sol): 0.9034860744113573
[HHL info]: L2 error (absolute): 0.0958099463948679
[HHL info]: L2 error (relative): 0.9269260080029926
[HHL info]: L2 error (normalized): 0.3145827558907133

========================================================================================
 Compare system solutions using LU of A, LU sol of A_herm, HHL of Ax=b hermition system
LU sol 	    Herm LU sol    HHL sol    L1_diff(%)
 3.778e-03   3.778e-03   7.053e-04  8.133e+01
 1.691e-03   1.691e-03   0.000e+00  1.000e+02
-5.962e-03  -5.962e-03  -7.053e-04  8.817e+01
 3.905e-03   3.905e-03   7.053e-04  8.194e+01
 9.339e-04   9.339e-04   0.000e+00  1.000e+02
 6.065e-03   6.065e-03   7.053e-04  8.837e+01
-4.903e-03  -4.903e-03  -0.000e+00  1.000e+02
 2.305e-03   2.305e-03   0.000e+00  1.000e+02
 7.044e-03   7.044e-03   7.053e-04  8.999e+01
-8.314e-03  -8.314e-03  -0.000e+00  1.000e+02
 1.403e-02   1.403e-02   1.577e-03  8.876e+01
 6.049e-03   6.049e-03   0.000e+00  1.000e+02
-2.352e-03  -2.352e-03  -0.000e+00  1.000e+02
-3.339e-03  -3.339e-03  -0.000e+00  1.000e+02
-2.682e-02  -2.682e-02  -2.116e-03  9.211e+01
-1.363e-02  -1.363e-02  -9.975e-04  9.268e+01
-9.404e-03  -9.404e-03  -9.975e-04  8.939e+01
-1.717e-02  -1.717e-02  -9.975e-04  9.419e+01
-4.966e-03  -4.966e-03  -0.000e+00  1.000e+02
-1.124e-02  -1.124e-02  -7.053e-04  9.373e+01
-1.820e-02  -1.820e-02  -1.222e-03  9.329e+01
-1.516e-02  -1.516e-02  -9.975e-04  9.342e+01
-2.628e-02  -2.628e-02  -2.639e-03  8.996e+01
-2.972e-02  -2.972e-02  -7.053e-04  9.763e+01
-1.427e-02  -1.427e-02  -1.222e-03  9.144e+01
-1.726e-02  -1.726e-02  -9.975e-04  9.422e+01
-3.615e-02  -3.615e-02  -2.732e-03  9.244e+01
-3.167e-02  -3.167e-02  -2.339e-03  9.261e+01
-4.150e-02  -4.150e-02  -4.113e-03  9.009e+01
-4.552e-02  -4.552e-02  -2.908e-03  9.361e+01
========================================================================================

step: 3/15 res:1.900861164377386, res/res0:0.11991270815623456  dq_norm: [0.00315441 0.00537177 0.00498756]

A info: before HHL prepare:
Spectral radius (A): 5.037e+01, lambda_min:4.03120732101008
condition number(A): 1.249e+01, norm2_cond:154.5785736399099
det(A): 6.145e+39
--------------------------------------------------------------------------------

A_hhl info: after scaling by spectral radius:
Spectral radius (A): 1.000e+00, lambda_min:0.08003644679827475
condition number(A): 1.249e+01, norm2_cond:154.5785736399114
det(A): 5.298e-12, nnz: 13 non zeros per row
--------------------------------------------------------------------------------

Size of A & B are not power of 2:
Next 2 power of 30 = 32
Value to be padded = 2
--------------------------------------------------

==================== Print (N)^2 padded matrix system =======================
Padded shape of A: (30, 30)x(30, 30) -> (32, 32)x(32, 32)
Padded shape of B: (30,) -> (32,)
Determinant of padded matrix: 5.297576249997361e-12
Condition # of padded matrix: 154.5785736399114


Matrix is not Hermitian. Making it Hermitian.......

==================== Print Hermitian matrix system info =======================
Shape of hermitian A: 32x32 -> 64x64
Shape of           B: 32 -> 64
Determinant of Hermitian matrix: 2.80643141245359e-23
Condition # of Hermitian matrix: 154.57857363991056

=================================== Generating HHL circuit ===================================
Time elapsed for generating HHL circuit: 0 min 51.89 sec

Generated circuit: num_qubits=16, gates=21, depth=5
============================== Generated Circuit saved ==============================

============================== Transpiling circuit ==============================
This is using the AerSimulator('aer_simulator_statevector') transpiler.
Time elapsed for transpiling the circuit:  0 min 10.47 sec
Transpiled circuit, num_qubits: 16, (original: 16)
Transpiled circuit depth: 103108 (original: 5)
Transpiled circuit gates: 103235 (original: 21)
============================== Transpiled Circuit saved ==============================
Time elapsed for running the circuit:  0 min 20.23 sec
total_qubits: 16, nq:6

Time elapsed for extracting shots-based hhl counts solution:  0 min 0.00 sec

[HHL info]: linear system residual (e=||Ax-b||_2): 0.828890347170833
[HHL info]: Fidelity(true_sol, hhl_sol): 0.9441551123698226
[HHL info]: L2 error (absolute): 0.044024884067330836
[HHL info]: L2 error (relative): 0.4592840765730263
[HHL info]: L2 error (normalized): 0.2380065365462985

========================================================================================
 Compare system solutions using LU of A, LU sol of A_herm, HHL of Ax=b hermition system
LU sol 	    Herm LU sol    HHL sol    L1_diff(%)
 3.074e-03   3.074e-03   0.000e+00  1.000e+02
 1.687e-03   1.687e-03   0.000e+00  1.000e+02
-5.269e-03  -5.269e-03  -6.117e-03  1.608e+01
 3.215e-03   3.215e-03   0.000e+00  1.000e+02
 9.428e-04   9.428e-04   0.000e+00  1.000e+02
 5.394e-03   5.394e-03   0.000e+00  1.000e+02
-4.868e-03  -4.868e-03  -7.492e-03  5.390e+01
 2.312e-03   2.312e-03   4.325e-03  8.712e+01
 6.402e-03   6.402e-03   0.000e+00  1.000e+02
-8.285e-03  -8.285e-03  -4.325e-03  4.779e+01
 1.245e-02   1.245e-02   7.492e-03  3.981e+01
 6.129e-03   6.129e-03   0.000e+00  1.000e+02
-2.339e-03  -2.339e-03  -0.000e+00  1.000e+02
-3.338e-03  -3.338e-03  -0.000e+00  1.000e+02
-2.467e-02  -2.467e-02  -1.618e-02  3.441e+01
-1.262e-02  -1.262e-02  -7.492e-03  4.064e+01
-8.400e-03  -8.400e-03  -7.492e-03  1.082e+01
-1.617e-02  -1.617e-02  -4.325e-03  7.325e+01
-4.958e-03  -4.958e-03  -4.325e-03  1.277e+01
-1.053e-02  -1.053e-02  -7.492e-03  2.887e+01
-1.696e-02  -1.696e-02  -9.672e-03  4.299e+01
-1.415e-02  -1.415e-02  -7.492e-03  4.705e+01
-2.362e-02  -2.362e-02  -1.675e-02  2.909e+01
-2.899e-02  -2.899e-02  -1.730e-02  4.032e+01
-1.305e-02  -1.305e-02  -8.651e-03  3.372e+01
-1.629e-02  -1.629e-02  -1.223e-02  2.491e+01
-3.343e-02  -3.343e-02  -1.982e-02  4.071e+01
-2.935e-02  -2.935e-02  -1.618e-02  4.485e+01
-3.740e-02  -3.740e-02  -1.730e-02  5.374e+01
-4.272e-02  -4.272e-02  -2.247e-02  4.739e+01
========================================================================================

step: 4/15 res:1.7538396928847448, res/res0:0.1106380998186121  dq_norm: [0.02329224 0.03027682 0.04011081]

A info: before HHL prepare:
Spectral radius (A): 5.043e+01, lambda_min:4.218301298495089
condition number(A): 1.196e+01, norm2_cond:154.01774642749328
det(A): 7.162e+39
--------------------------------------------------------------------------------

A_hhl info: after scaling by spectral radius:
Spectral radius (A): 1.000e+00, lambda_min:0.08363866348071447
condition number(A): 1.196e+01, norm2_cond:154.01774642749348
det(A): 5.931e-12, nnz: 13 non zeros per row
--------------------------------------------------------------------------------

Size of A & B are not power of 2:
Next 2 power of 30 = 32
Value to be padded = 2
--------------------------------------------------

==================== Print (N)^2 padded matrix system =======================
Padded shape of A: (30, 30)x(30, 30) -> (32, 32)x(32, 32)
Padded shape of B: (30,) -> (32,)
Determinant of padded matrix: 5.9307435070764286e-12
Condition # of padded matrix: 154.01774642749348


Matrix is not Hermitian. Making it Hermitian.......

==================== Print Hermitian matrix system info =======================
Shape of hermitian A: 32x32 -> 64x64
Shape of           B: 32 -> 64
Determinant of Hermitian matrix: 3.517371854672947e-23
Condition # of Hermitian matrix: 154.01774642749362

=================================== Generating HHL circuit ===================================
Time elapsed for generating HHL circuit: 0 min 50.66 sec

Generated circuit: num_qubits=16, gates=21, depth=5
============================== Generated Circuit saved ==============================

============================== Transpiling circuit ==============================
This is using the AerSimulator('aer_simulator_statevector') transpiler.
Time elapsed for transpiling the circuit:  0 min 10.66 sec
Transpiled circuit, num_qubits: 16, (original: 16)
Transpiled circuit depth: 103100 (original: 5)
Transpiled circuit gates: 103227 (original: 21)
============================== Transpiled Circuit saved ==============================
Time elapsed for running the circuit:  0 min 20.49 sec
total_qubits: 16, nq:6

Time elapsed for extracting shots-based hhl counts solution:  0 min 0.00 sec

[HHL info]: linear system residual (e=||Ax-b||_2): 0.6131338607517435
[HHL info]: Fidelity(true_sol, hhl_sol): 0.9636907306849116
[HHL info]: L2 error (absolute): 0.03281410216372317
[HHL info]: L2 error (relative): 0.742542466372058
[HHL info]: L2 error (normalized): 0.19142879357619036

========================================================================================
 Compare system solutions using LU of A, LU sol of A_herm, HHL of Ax=b hermition system
LU sol 	    Herm LU sol    HHL sol    L1_diff(%)
 3.065e-03   3.065e-03   9.401e-04  6.933e+01
 1.673e-03   1.673e-03   0.000e+00  1.000e+02
 7.969e-04   7.969e-04   0.000e+00  1.000e+02
 3.304e-03   3.304e-03   0.000e+00  1.000e+02
 1.031e-03   1.031e-03   0.000e+00  1.000e+02
 5.601e-03   5.601e-03   1.880e-03  6.643e+01
 2.826e-03   2.826e-03   0.000e+00  1.000e+02
-1.996e-03  -1.996e-03  -9.401e-04  5.291e+01
 6.653e-03   6.653e-03   1.330e-03  8.002e+01
-3.788e-03  -3.788e-03  -1.330e-03  6.490e+01
 4.940e-03   4.940e-03   1.880e-03  6.194e+01
 6.449e-03   6.449e-03   1.628e-03  7.475e+01
-2.243e-03  -2.243e-03  -0.000e+00  1.000e+02
-3.300e-03  -3.300e-03  -0.000e+00  1.000e+02
-8.316e-03  -8.316e-03  -2.303e-03  7.231e+01
-5.041e-03  -5.041e-03  -1.628e-03  6.770e+01
-8.712e-04  -8.712e-04  -0.000e+00  1.000e+02
-1.182e-02  -1.182e-02  -3.518e-03  7.024e+01
-6.175e-04  -6.175e-04  -0.000e+00  1.000e+02
-3.030e-03  -3.030e-03  -1.330e-03  5.612e+01
-7.284e-03  -7.284e-03  -1.628e-03  7.765e+01
-6.647e-03  -6.647e-03  -2.303e-03  6.536e+01
-6.841e-03  -6.841e-03  -1.628e-03  7.620e+01
-1.169e-02  -1.169e-02  -2.973e-03  7.458e+01
-4.383e-03  -4.383e-03  -1.330e-03  6.967e+01
-4.089e-03  -4.089e-03  -9.401e-04  7.701e+01
-1.358e-02  -1.358e-02  -3.641e-03  7.319e+01
-1.306e-02  -1.306e-02  -3.390e-03  7.404e+01
-2.009e-02  -2.009e-02  -5.149e-03  7.437e+01
-2.060e-02  -2.060e-02  -5.063e-03  7.542e+01
========================================================================================

step: 5/15 res:0.831129305986866, res/res0:0.05243042878491379  dq_norm: [0.00488501 0.00601971 0.00871833]

A info: before HHL prepare:
Spectral radius (A): 5.045e+01, lambda_min:4.220300656856466
condition number(A): 1.195e+01, norm2_cond:153.96406572227772
det(A): 7.355e+39
--------------------------------------------------------------------------------

A_hhl info: after scaling by spectral radius:
Spectral radius (A): 1.000e+00, lambda_min:0.08365371432337529
condition number(A): 1.195e+01, norm2_cond:153.96406572227602
det(A): 6.037e-12, nnz: 13 non zeros per row
--------------------------------------------------------------------------------

Size of A & B are not power of 2:
Next 2 power of 30 = 32
Value to be padded = 2
--------------------------------------------------

==================== Print (N)^2 padded matrix system =======================
Padded shape of A: (30, 30)x(30, 30) -> (32, 32)x(32, 32)
Padded shape of B: (30,) -> (32,)
Determinant of padded matrix: 6.037322223159326e-12
Condition # of padded matrix: 153.96406572227602


Matrix is not Hermitian. Making it Hermitian.......

==================== Print Hermitian matrix system info =======================
Shape of hermitian A: 32x32 -> 64x64
Shape of           B: 32 -> 64
Determinant of Hermitian matrix: 3.6449259626253724e-23
Condition # of Hermitian matrix: 153.96406572227772

=================================== Generating HHL circuit ===================================
Time elapsed for generating HHL circuit: 0 min 51.39 sec

Generated circuit: num_qubits=16, gates=21, depth=5
============================== Generated Circuit saved ==============================

============================== Transpiling circuit ==============================
This is using the AerSimulator('aer_simulator_statevector') transpiler.
Time elapsed for transpiling the circuit:  0 min 9.94 sec
Transpiled circuit, num_qubits: 16, (original: 16)
Transpiled circuit depth: 103100 (original: 5)
Transpiled circuit gates: 103227 (original: 21)
============================== Transpiled Circuit saved ==============================
Time elapsed for running the circuit:  0 min 20.61 sec
total_qubits: 16, nq:6

Time elapsed for extracting shots-based hhl counts solution:  0 min 0.00 sec

[HHL info]: linear system residual (e=||Ax-b||_2): 0.42289566011168406
[HHL info]: Fidelity(true_sol, hhl_sol): 0.8646832558660391
[HHL info]: L2 error (absolute): 0.021157272027870367
[HHL info]: L2 error (relative): 0.644693639535401
[HHL info]: L2 error (normalized): 0.3744770658017456

========================================================================================
 Compare system solutions using LU of A, LU sol of A_herm, HHL of Ax=b hermition system
LU sol 	    Herm LU sol    HHL sol    L1_diff(%)
 2.127e-03   2.127e-03   1.115e-03  4.759e+01
 1.672e-03   1.672e-03   0.000e+00  1.000e+02
 7.972e-04   7.972e-04   1.115e-03  3.983e+01
 3.304e-03   3.304e-03   0.000e+00  1.000e+02
 1.025e-03   1.025e-03   1.115e-03  8.789e+00
 3.733e-03   3.733e-03   1.576e-03  5.777e+01
 2.839e-03   2.839e-03   1.115e-03  6.073e+01
-1.049e-03  -1.049e-03  -0.000e+00  1.000e+02
 5.352e-03   5.352e-03   0.000e+00  1.000e+02
-2.430e-03  -2.430e-03  -1.576e-03  3.514e+01
 3.055e-03   3.055e-03   1.931e-03  3.680e+01
 4.854e-03   4.854e-03   0.000e+00  1.000e+02
-2.227e-03  -2.227e-03  -0.000e+00  1.000e+02
-3.300e-03  -3.300e-03  -1.931e-03  4.151e+01
-5.978e-03  -5.978e-03  -2.730e-03  5.433e+01
-3.403e-03  -3.403e-03  -0.000e+00  1.000e+02
-8.755e-04  -8.755e-04  -0.000e+00  1.000e+02
-8.277e-03  -8.277e-03  -4.859e-03  4.130e+01
-6.074e-04  -6.074e-04  -0.000e+00  1.000e+02
-1.693e-03  -1.693e-03  -0.000e+00  1.000e+02
-5.636e-03  -5.636e-03  -2.949e-03  4.768e+01
-4.327e-03  -4.327e-03  -1.115e-03  7.424e+01
-5.208e-03  -5.208e-03  -1.931e-03  6.293e+01
-8.692e-03  -8.692e-03  -3.861e-03  5.558e+01
-3.054e-03  -3.054e-03  -0.000e+00  1.000e+02
-3.157e-03  -3.157e-03  -1.115e-03  6.470e+01
-9.938e-03  -9.938e-03  -3.344e-03  6.635e+01
-9.670e-03  -9.670e-03  -4.859e-03  4.976e+01
-1.495e-02  -1.495e-02  -5.792e-03  6.125e+01
-1.558e-02  -1.558e-02  -5.108e-03  6.721e+01
========================================================================================

step: 6/15 res:0.6129766539437591, res/res0:0.03866862661430552  dq_norm: [0.00546058 0.00687108 0.0097809 ]

A info: before HHL prepare:
Spectral radius (A): 5.042e+01, lambda_min:4.236851162628059
condition number(A): 1.190e+01, norm2_cond:153.85436238206526
det(A): 7.475e+39
--------------------------------------------------------------------------------

A_hhl info: after scaling by spectral radius:
Spectral radius (A): 1.000e+00, lambda_min:0.08402535402978943
condition number(A): 1.190e+01, norm2_cond:153.85436238206594
det(A): 6.232e-12, nnz: 13 non zeros per row
--------------------------------------------------------------------------------

Size of A & B are not power of 2:
Next 2 power of 30 = 32
Value to be padded = 2
--------------------------------------------------

==================== Print (N)^2 padded matrix system =======================
Padded shape of A: (30, 30)x(30, 30) -> (32, 32)x(32, 32)
Padded shape of B: (30,) -> (32,)
Determinant of padded matrix: 6.23164154276066e-12
Condition # of padded matrix: 153.85436238206594


Matrix is not Hermitian. Making it Hermitian.......

==================== Print Hermitian matrix system info =======================
Shape of hermitian A: 32x32 -> 64x64
Shape of           B: 32 -> 64
Determinant of Hermitian matrix: 3.88333563174599e-23
Condition # of Hermitian matrix: 153.85436238206532

=================================== Generating HHL circuit ===================================
Time elapsed for generating HHL circuit: 0 min 52.41 sec

Generated circuit: num_qubits=16, gates=21, depth=5
============================== Generated Circuit saved ==============================

============================== Transpiling circuit ==============================
This is using the AerSimulator('aer_simulator_statevector') transpiler.
Time elapsed for transpiling the circuit:  0 min 9.56 sec
Transpiled circuit, num_qubits: 16, (original: 16)
Transpiled circuit depth: 103110 (original: 5)
Transpiled circuit gates: 103237 (original: 21)
============================== Transpiled Circuit saved ==============================
Time elapsed for running the circuit:  0 min 20.27 sec
total_qubits: 16, nq:6

Time elapsed for extracting shots-based hhl counts solution:  0 min 0.00 sec

[HHL info]: linear system residual (e=||Ax-b||_2): 0.39678757927684144
[HHL info]: Fidelity(true_sol, hhl_sol): 0.9297360954636286
[HHL info]: L2 error (absolute): 0.01811260042952777
[HHL info]: L2 error (relative): 0.8545972184608838
[HHL info]: L2 error (normalized): 0.26747621104337377

========================================================================================
 Compare system solutions using LU of A, LU sol of A_herm, HHL of Ax=b hermition system
LU sol 	    Herm LU sol    HHL sol    L1_diff(%)
 1.012e-03   1.012e-03   0.000e+00  1.000e+02
 1.671e-03   1.671e-03   4.053e-04  7.575e+01
-3.183e-04  -3.183e-04  -0.000e+00  1.000e+02
 3.302e-03   3.302e-03   2.866e-04  9.132e+01
-9.272e-05  -9.272e-05  -0.000e+00  1.000e+02
 2.154e-03   2.154e-03   2.866e-04  8.670e+01
 1.734e-03   1.734e-03   0.000e+00  1.000e+02
-1.044e-03  -1.044e-03  -0.000e+00  1.000e+02
 5.372e-03   5.372e-03   5.732e-04  8.933e+01
-8.378e-04  -8.378e-04  -0.000e+00  1.000e+02
 1.119e-03   1.119e-03   0.000e+00  1.000e+02
 4.870e-03   4.870e-03   6.408e-04  8.684e+01
-2.222e-03  -2.222e-03  -4.053e-04  8.176e+01
-1.367e-03  -1.367e-03  -2.866e-04  7.904e+01
-3.234e-03  -3.234e-03  -5.732e-04  8.228e+01
-3.403e-03  -3.403e-03  -4.964e-04  8.541e+01
-8.763e-04  -8.763e-04  -0.000e+00  1.000e+02
-3.400e-03  -3.400e-03  -6.408e-04  8.115e+01
-6.073e-04  -6.073e-04  -0.000e+00  1.000e+02
-1.693e-03  -1.693e-03  -0.000e+00  1.000e+02
-2.684e-03  -2.684e-03  -5.732e-04  7.864e+01
-3.213e-03  -3.213e-03  -5.732e-04  8.216e+01
-3.276e-03  -3.276e-03  -6.408e-04  8.044e+01
-4.828e-03  -4.828e-03  -7.020e-04  8.546e+01
-3.063e-03  -3.063e-03  -0.000e+00  1.000e+02
-2.050e-03  -2.050e-03  -4.964e-04  7.579e+01
-6.604e-03  -6.604e-03  -9.927e-04  8.497e+01
-4.818e-03  -4.818e-03  -7.582e-04  8.426e+01
-9.157e-03  -9.157e-03  -1.433e-03  8.435e+01
-1.053e-02  -1.053e-02  -1.621e-03  8.460e+01
========================================================================================

step: 7/15 res:0.4233167560521307, res/res0:0.026704243096443883  dq_norm: [0.00118161 0.00171949 0.00244855]

A info: before HHL prepare:
Spectral radius (A): 5.043e+01, lambda_min:4.230441729999988
condition number(A): 1.192e+01, norm2_cond:153.89177113022467
det(A): 7.489e+39
--------------------------------------------------------------------------------

A_hhl info: after scaling by spectral radius:
Spectral radius (A): 1.000e+00, lambda_min:0.08388783586862464
condition number(A): 1.192e+01, norm2_cond:153.8917711302258
det(A): 6.220e-12, nnz: 13 non zeros per row
--------------------------------------------------------------------------------

Size of A & B are not power of 2:
Next 2 power of 30 = 32
Value to be padded = 2
--------------------------------------------------

==================== Print (N)^2 padded matrix system =======================
Padded shape of A: (30, 30)x(30, 30) -> (32, 32)x(32, 32)
Padded shape of B: (30,) -> (32,)
Determinant of padded matrix: 6.220455316902727e-12
Condition # of padded matrix: 153.8917711302258


Matrix is not Hermitian. Making it Hermitian.......

==================== Print Hermitian matrix system info =======================
Shape of hermitian A: 32x32 -> 64x64
Shape of           B: 32 -> 64
Determinant of Hermitian matrix: 3.8694064349583404e-23
Condition # of Hermitian matrix: 153.89177113022558

=================================== Generating HHL circuit ===================================
Time elapsed for generating HHL circuit: 0 min 51.90 sec

Generated circuit: num_qubits=16, gates=21, depth=5
============================== Generated Circuit saved ==============================

============================== Transpiling circuit ==============================
This is using the AerSimulator('aer_simulator_statevector') transpiler.
Time elapsed for transpiling the circuit:  0 min 9.41 sec
Transpiled circuit, num_qubits: 16, (original: 16)
Transpiled circuit depth: 103110 (original: 5)
Transpiled circuit gates: 103237 (original: 21)
============================== Transpiled Circuit saved ==============================
Time elapsed for running the circuit:  0 min 20.49 sec
total_qubits: 16, nq:6

Time elapsed for extracting shots-based hhl counts solution:  0 min 0.00 sec

[HHL info]: linear system residual (e=||Ax-b||_2): 0.32376990107935966
[HHL info]: Fidelity(true_sol, hhl_sol): 0.931998415737344
[HHL info]: L2 error (absolute): 0.014127624592357276
[HHL info]: L2 error (relative): 0.779989252664611
[HHL info]: L2 error (normalized): 0.2630564564069164

========================================================================================
 Compare system solutions using LU of A, LU sol of A_herm, HHL of Ax=b hermition system
LU sol 	    Herm LU sol    HHL sol    L1_diff(%)
 1.013e-03   1.013e-03   3.924e-04  6.126e+01
 1.266e-03   1.266e-03   0.000e+00  1.000e+02
-3.172e-04  -3.172e-04  -0.000e+00  1.000e+02
 3.016e-03   3.016e-03   6.796e-04  7.747e+01
-9.362e-05  -9.362e-05  -0.000e+00  1.000e+02
 1.869e-03   1.869e-03   3.924e-04  7.901e+01
 1.734e-03   1.734e-03   0.000e+00  1.000e+02
-1.044e-03  -1.044e-03  -0.000e+00  1.000e+02
 4.799e-03   4.799e-03   1.241e-03  7.414e+01
-8.372e-04  -8.372e-04  -3.924e-04  5.313e+01
 1.119e-03   1.119e-03   0.000e+00  1.000e+02
 4.229e-03   4.229e-03   9.612e-04  7.727e+01
-1.814e-03  -1.814e-03  -7.848e-04  5.675e+01
-1.081e-03  -1.081e-03  -3.924e-04  6.370e+01
-2.658e-03  -2.658e-03  -7.848e-04  7.048e+01
-2.904e-03  -2.904e-03  -5.549e-04  8.089e+01
-8.766e-04  -8.766e-04  -0.000e+00  1.000e+02
-2.756e-03  -2.756e-03  -7.848e-04  7.152e+01
-6.065e-04  -6.065e-04  -0.000e+00  1.000e+02
-1.693e-03  -1.693e-03  -0.000e+00  1.000e+02
-2.110e-03  -2.110e-03  -3.924e-04  8.141e+01
-2.640e-03  -2.640e-03  -3.924e-04  8.514e+01
-2.635e-03  -2.635e-03  -3.924e-04  8.511e+01
-4.128e-03  -4.128e-03  -1.038e-03  7.485e+01
-3.064e-03  -3.064e-03  -5.549e-04  8.189e+01
-1.553e-03  -1.553e-03  -0.000e+00  1.000e+02
-5.613e-03  -5.613e-03  -1.415e-03  7.479e+01
-4.060e-03  -4.060e-03  -1.038e-03  7.443e+01
-7.724e-03  -7.724e-03  -1.618e-03  7.905e+01
-8.909e-03  -8.909e-03  -2.039e-03  7.711e+01
========================================================================================

step: 8/15 res:0.3967889964361791, res/res0:0.025030782900360454  dq_norm: [0.00179818 0.00171041 0.00335263]

A info: before HHL prepare:
Spectral radius (A): 5.044e+01, lambda_min:4.224727476127621
condition number(A): 1.194e+01, norm2_cond:153.85616907567115
det(A): 7.558e+39
--------------------------------------------------------------------------------

A_hhl info: after scaling by spectral radius:
Spectral radius (A): 1.000e+00, lambda_min:0.08375341311787793
condition number(A): 1.194e+01, norm2_cond:153.85616907567018
det(A): 6.230e-12, nnz: 13 non zeros per row
--------------------------------------------------------------------------------

Size of A & B are not power of 2:
Next 2 power of 30 = 32
Value to be padded = 2
--------------------------------------------------

==================== Print (N)^2 padded matrix system =======================
Padded shape of A: (30, 30)x(30, 30) -> (32, 32)x(32, 32)
Padded shape of B: (30,) -> (32,)
Determinant of padded matrix: 6.2304184693444845e-12
Condition # of padded matrix: 153.85616907567018


Matrix is not Hermitian. Making it Hermitian.......

==================== Print Hermitian matrix system info =======================
Shape of hermitian A: 32x32 -> 64x64
Shape of           B: 32 -> 64
Determinant of Hermitian matrix: 3.881811430314914e-23
Condition # of Hermitian matrix: 153.85616907567103

=================================== Generating HHL circuit ===================================
Time elapsed for generating HHL circuit: 0 min 52.42 sec

Generated circuit: num_qubits=16, gates=21, depth=5
============================== Generated Circuit saved ==============================

============================== Transpiling circuit ==============================
This is using the AerSimulator('aer_simulator_statevector') transpiler.
Time elapsed for transpiling the circuit:  0 min 9.48 sec
Transpiled circuit, num_qubits: 16, (original: 16)
Transpiled circuit depth: 103110 (original: 5)
Transpiled circuit gates: 103237 (original: 21)
============================== Transpiled Circuit saved ==============================
Time elapsed for running the circuit:  0 min 20.55 sec
total_qubits: 16, nq:6

Time elapsed for extracting shots-based hhl counts solution:  0 min 0.00 sec

[HHL info]: linear system residual (e=||Ax-b||_2): 0.24187607826246582
[HHL info]: Fidelity(true_sol, hhl_sol): 0.8643364857199937
[HHL info]: L2 error (absolute): 0.010017759480260199
[HHL info]: L2 error (relative): 0.7093327524505201
[HHL info]: L2 error (normalized): 0.3749747032291607

========================================================================================
 Compare system solutions using LU of A, LU sol of A_herm, HHL of Ax=b hermition system
LU sol 	    Herm LU sol    HHL sol    L1_diff(%)
 6.216e-04   6.216e-04   0.000e+00  1.000e+02
 1.266e-03   1.266e-03   0.000e+00  1.000e+02
-3.173e-04  -3.173e-04  -0.000e+00  1.000e+02
 2.338e-03   2.338e-03   0.000e+00  1.000e+02
-9.609e-05  -9.609e-05  -0.000e+00  1.000e+02
 1.478e-03   1.478e-03   0.000e+00  1.000e+02
 1.734e-03   1.734e-03   0.000e+00  1.000e+02
-1.044e-03  -1.044e-03  -0.000e+00  1.000e+02
 3.558e-03   3.558e-03   9.374e-04  7.365e+01
-4.431e-04  -4.431e-04  -4.687e-04  5.772e+00
 1.119e-03   1.119e-03   4.687e-04  5.811e+01
 3.267e-03   3.267e-03   9.374e-04  7.130e+01
-1.028e-03  -1.028e-03  -4.687e-04  5.439e+01
-6.899e-04  -6.899e-04  -8.119e-04  1.767e+01
-1.871e-03  -1.871e-03  -0.000e+00  1.000e+02
-2.347e-03  -2.347e-03  -8.119e-04  6.541e+01
-8.778e-04  -8.778e-04  -6.629e-04  2.448e+01
-1.970e-03  -1.970e-03  -1.048e-03  4.679e+01
-6.048e-04  -6.048e-04  -0.000e+00  1.000e+02
-1.692e-03  -1.692e-03  -4.687e-04  7.230e+01
-1.715e-03  -1.715e-03  -4.687e-04  7.267e+01
-2.244e-03  -2.244e-03  -9.374e-04  5.822e+01
-2.242e-03  -2.242e-03  -4.687e-04  7.909e+01
-3.081e-03  -3.081e-03  -9.374e-04  6.957e+01
-2.507e-03  -2.507e-03  -6.629e-04  7.356e+01
-1.556e-03  -1.556e-03  -4.687e-04  6.987e+01
-4.194e-03  -4.194e-03  -1.326e-03  6.839e+01
-3.022e-03  -3.022e-03  -8.119e-04  7.314e+01
-6.107e-03  -6.107e-03  -2.148e-03  6.483e+01
-6.869e-03  -6.869e-03  -2.344e-03  6.588e+01
========================================================================================

step: 9/15 res:0.3237583587244208, res/res0:0.02042376492844973  dq_norm: [0.0017538  0.00256731 0.00334736]

A info: before HHL prepare:
Spectral radius (A): 5.046e+01, lambda_min:4.228744621068874
condition number(A): 1.193e+01, norm2_cond:153.92746542086846
det(A): 7.597e+39
--------------------------------------------------------------------------------

A_hhl info: after scaling by spectral radius:
Spectral radius (A): 1.000e+00, lambda_min:0.08380876618827689
condition number(A): 1.193e+01, norm2_cond:153.9274654208692
det(A): 6.208e-12, nnz: 13 non zeros per row
--------------------------------------------------------------------------------

Size of A & B are not power of 2:
Next 2 power of 30 = 32
Value to be padded = 2
--------------------------------------------------

==================== Print (N)^2 padded matrix system =======================
Padded shape of A: (30, 30)x(30, 30) -> (32, 32)x(32, 32)
Padded shape of B: (30,) -> (32,)
Determinant of padded matrix: 6.208352142785084e-12
Condition # of padded matrix: 153.9274654208692


Matrix is not Hermitian. Making it Hermitian.......

==================== Print Hermitian matrix system info =======================
Shape of hermitian A: 32x32 -> 64x64
Shape of           B: 32 -> 64
Determinant of Hermitian matrix: 3.8543636328823054e-23
Condition # of Hermitian matrix: 153.92746542086914

=================================== Generating HHL circuit ===================================
Time elapsed for generating HHL circuit: 0 min 52.23 sec

Generated circuit: num_qubits=16, gates=21, depth=5
============================== Generated Circuit saved ==============================

============================== Transpiling circuit ==============================
This is using the AerSimulator('aer_simulator_statevector') transpiler.
Time elapsed for transpiling the circuit:  0 min 9.50 sec
Transpiled circuit, num_qubits: 16, (original: 16)
Transpiled circuit depth: 103110 (original: 5)
Transpiled circuit gates: 103237 (original: 21)
============================== Transpiled Circuit saved ==============================
Time elapsed for running the circuit:  0 min 20.37 sec
total_qubits: 16, nq:6

Time elapsed for extracting shots-based hhl counts solution:  0 min 0.00 sec

[HHL info]: linear system residual (e=||Ax-b||_2): 0.215954532325077
[HHL info]: Fidelity(true_sol, hhl_sol): 0.8710556059153395
[HHL info]: L2 error (absolute): 0.008778959234039839
[HHL info]: L2 error (relative): 0.876927293240131
[HHL info]: L2 error (normalized): 0.36522979633811803

========================================================================================
 Compare system solutions using LU of A, LU sol of A_herm, HHL of Ax=b hermition system
LU sol 	    Herm LU sol    HHL sol    L1_diff(%)
 6.216e-04   6.216e-04   1.655e-04  7.338e+01
 1.266e-03   1.266e-03   1.655e-04  8.693e+01
-3.172e-04  -3.172e-04  -0.000e+00  1.000e+02
 2.337e-03   2.337e-03   3.310e-04  8.584e+01
-9.714e-05  -9.714e-05  -0.000e+00  1.000e+02
 1.477e-03   1.477e-03   2.340e-04  8.416e+01
 1.734e-03   1.734e-03   2.340e-04  8.650e+01
-1.043e-03  -1.043e-03  -0.000e+00  1.000e+02
 2.622e-03   2.622e-03   4.053e-04  8.454e+01
 2.648e-05   2.648e-05   0.000e+00  1.000e+02
 6.496e-04   6.496e-04   1.655e-04  7.452e+01
 2.328e-03   2.328e-03   2.340e-04  8.995e+01
-5.586e-04  -5.586e-04  -1.655e-04  7.037e+01
 1.217e-04   1.217e-04   0.000e+00  1.000e+02
-1.873e-03  -1.873e-03  -1.655e-04  9.117e+01
-1.534e-03  -1.534e-03  -2.866e-04  8.132e+01
-2.154e-04  -2.154e-04  -0.000e+00  1.000e+02
-9.214e-04  -9.214e-04  -1.655e-04  8.204e+01
-6.031e-04  -6.031e-04  -0.000e+00  1.000e+02
-1.222e-03  -1.222e-03  -2.340e-04  8.085e+01
-1.243e-03  -1.243e-03  -1.655e-04  8.669e+01
-1.303e-03  -1.303e-03  -2.340e-04  8.204e+01
-1.773e-03  -1.773e-03  -3.700e-04  7.913e+01
-2.140e-03  -2.140e-03  -3.700e-04  8.271e+01
-1.842e-03  -1.842e-03  -0.000e+00  1.000e+02
-1.087e-03  -1.087e-03  -0.000e+00  1.000e+02
-2.866e-03  -2.866e-03  -3.700e-04  8.709e+01
-2.208e-03  -2.208e-03  -1.655e-04  9.251e+01
-3.959e-03  -3.959e-03  -5.732e-04  8.552e+01
-4.518e-03  -4.518e-03  -4.378e-04  9.031e+01
========================================================================================

step: 10/15 res:0.24185873850275003, res/res0:0.015257261744633885  dq_norm: [0.00061917 0.00075833 0.00090638]

A info: before HHL prepare:
Spectral radius (A): 5.046e+01, lambda_min:4.224033067508843
condition number(A): 1.195e+01, norm2_cond:153.9279717264282
det(A): 7.585e+39
--------------------------------------------------------------------------------

A_hhl info: after scaling by spectral radius:
Spectral radius (A): 1.000e+00, lambda_min:0.08370999916228826
condition number(A): 1.195e+01, norm2_cond:153.92797172642756
det(A): 6.186e-12, nnz: 13 non zeros per row
--------------------------------------------------------------------------------

Size of A & B are not power of 2:
Next 2 power of 30 = 32
Value to be padded = 2
--------------------------------------------------

==================== Print (N)^2 padded matrix system =======================
Padded shape of A: (30, 30)x(30, 30) -> (32, 32)x(32, 32)
Padded shape of B: (30,) -> (32,)
Determinant of padded matrix: 6.186290131297786e-12
Condition # of padded matrix: 153.92797172642756


Matrix is not Hermitian. Making it Hermitian.......

==================== Print Hermitian matrix system info =======================
Shape of hermitian A: 32x32 -> 64x64
Shape of           B: 32 -> 64
Determinant of Hermitian matrix: 3.827018558859292e-23
Condition # of Hermitian matrix: 153.9279717264286

=================================== Generating HHL circuit ===================================
Time elapsed for generating HHL circuit: 0 min 52.82 sec

Generated circuit: num_qubits=16, gates=21, depth=5
============================== Generated Circuit saved ==============================

============================== Transpiling circuit ==============================
This is using the AerSimulator('aer_simulator_statevector') transpiler.
Time elapsed for transpiling the circuit:  0 min 9.41 sec
Transpiled circuit, num_qubits: 16, (original: 16)
Transpiled circuit depth: 103110 (original: 5)
Transpiled circuit gates: 103237 (original: 21)
============================== Transpiled Circuit saved ==============================
Time elapsed for running the circuit:  0 min 20.39 sec
total_qubits: 16, nq:6

Time elapsed for extracting shots-based hhl counts solution:  0 min 0.00 sec

[HHL info]: linear system residual (e=||Ax-b||_2): 0.21201387246470516
[HHL info]: Fidelity(true_sol, hhl_sol): 0.8381046636313204
[HHL info]: L2 error (absolute): 0.008665351045087994
[HHL info]: L2 error (relative): 0.986983017656276
[HHL info]: L2 error (normalized): 0.41114337082881786

========================================================================================
 Compare system solutions using LU of A, LU sol of A_herm, HHL of Ax=b hermition system
LU sol 	    Herm LU sol    HHL sol    L1_diff(%)
 4.570e-04   4.570e-04   0.000e+00  1.000e+02
 1.101e-03   1.101e-03   2.160e-05  9.804e+01
-3.160e-04  -3.160e-04  -0.000e+00  1.000e+02
 2.008e-03   2.008e-03   3.054e-05  9.848e+01
-9.800e-05  -9.800e-05  -0.000e+00  1.000e+02
 1.245e-03   1.245e-03   0.000e+00  1.000e+02
 1.500e-03   1.500e-03   2.645e-05  9.824e+01
-1.043e-03  -1.043e-03  -1.527e-05  9.854e+01
 2.218e-03   2.218e-03   2.645e-05  9.881e+01
 2.705e-05   2.705e-05   0.000e+00  1.000e+02
 4.840e-04   4.840e-04   0.000e+00  1.000e+02
 2.095e-03   2.095e-03   2.160e-05  9.897e+01
-3.925e-04  -3.925e-04  -0.000e+00  1.000e+02
 1.214e-04   1.214e-04   0.000e+00  1.000e+02
-1.706e-03  -1.706e-03  -3.054e-05  9.821e+01
-1.247e-03  -1.247e-03  -0.000e+00  1.000e+02
-2.156e-04  -2.156e-04  -0.000e+00  1.000e+02
-7.556e-04  -7.556e-04  -0.000e+00  1.000e+02
-6.030e-04  -6.030e-04  -0.000e+00  1.000e+02
-9.879e-04  -9.879e-04  -2.645e-05  9.732e+01
-1.078e-03  -1.078e-03  -0.000e+00  1.000e+02
-1.069e-03  -1.069e-03  -1.527e-05  9.857e+01
-1.403e-03  -1.403e-03  -2.645e-05  9.812e+01
-1.770e-03  -1.770e-03  -0.000e+00  1.000e+02
-1.843e-03  -1.843e-03  -2.160e-05  9.883e+01
-1.087e-03  -1.087e-03  -1.527e-05  9.860e+01
-2.496e-03  -2.496e-03  -4.040e-05  9.838e+01
-2.043e-03  -2.043e-03  -1.527e-05  9.925e+01
-3.386e-03  -3.386e-03  -6.108e-05  9.820e+01
-4.080e-03  -4.080e-03  -5.714e-05  9.860e+01
========================================================================================

step: 11/15 res:0.21595600440488633, res/res0:0.01362323025799291  dq_norm: [5.06466688e-05 7.78648080e-05 8.36402207e-05]

A info: before HHL prepare:
Spectral radius (A): 5.046e+01, lambda_min:4.223412075836412
condition number(A): 1.195e+01, norm2_cond:153.93213946731106
det(A): 7.581e+39
--------------------------------------------------------------------------------

A_hhl info: after scaling by spectral radius:
Spectral radius (A): 1.000e+00, lambda_min:0.08369777904808638
condition number(A): 1.195e+01, norm2_cond:153.93213946731214
det(A): 6.184e-12, nnz: 13 non zeros per row
--------------------------------------------------------------------------------

Size of A & B are not power of 2:
Next 2 power of 30 = 32
Value to be padded = 2
--------------------------------------------------

==================== Print (N)^2 padded matrix system =======================
Padded shape of A: (30, 30)x(30, 30) -> (32, 32)x(32, 32)
Padded shape of B: (30,) -> (32,)
Determinant of padded matrix: 6.183985485654498e-12
Condition # of padded matrix: 153.93213946731214


Matrix is not Hermitian. Making it Hermitian.......

==================== Print Hermitian matrix system info =======================
Shape of hermitian A: 32x32 -> 64x64
Shape of           B: 32 -> 64
Determinant of Hermitian matrix: 3.8241676486785505e-23
Condition # of Hermitian matrix: 153.932139467312

=================================== Generating HHL circuit ===================================
Time elapsed for generating HHL circuit: 0 min 52.44 sec

Generated circuit: num_qubits=16, gates=21, depth=5
============================== Generated Circuit saved ==============================

============================== Transpiling circuit ==============================
This is using the AerSimulator('aer_simulator_statevector') transpiler.
Time elapsed for transpiling the circuit:  0 min 9.47 sec
Transpiled circuit, num_qubits: 16, (original: 16)
Transpiled circuit depth: 103110 (original: 5)
Transpiled circuit gates: 103237 (original: 21)
============================== Transpiled Circuit saved ==============================
Time elapsed for running the circuit:  0 min 20.57 sec
total_qubits: 16, nq:6

Time elapsed for extracting shots-based hhl counts solution:  0 min 0.00 sec

[HHL info]: linear system residual (e=||Ax-b||_2): 0.16921012159427717
[HHL info]: Fidelity(true_sol, hhl_sol): 0.8957285994744817
[HHL info]: L2 error (absolute): 0.006570200565076405
[HHL info]: L2 error (relative): 0.7582026845598901
[HHL info]: L2 error (normalized): 0.32732431968832504

========================================================================================
 Compare system solutions using LU of A, LU sol of A_herm, HHL of Ax=b hermition system
LU sol 	    Herm LU sol    HHL sol    L1_diff(%)
 4.571e-04   4.571e-04   0.000e+00  1.000e+02
 1.080e-03   1.080e-03   2.555e-04  7.634e+01
-3.158e-04  -3.158e-04  -0.000e+00  1.000e+02
 1.977e-03   1.977e-03   4.426e-04  7.762e+01
-9.805e-05  -9.805e-05  -0.000e+00  1.000e+02
 1.245e-03   1.245e-03   2.555e-04  7.948e+01
 1.474e-03   1.474e-03   5.110e-04  6.533e+01
-1.028e-03  -1.028e-03  -0.000e+00  1.000e+02
 2.191e-03   2.191e-03   6.259e-04  7.144e+01
 2.709e-05   2.709e-05   0.000e+00  1.000e+02
 4.840e-04   4.840e-04   0.000e+00  1.000e+02
 2.074e-03   2.074e-03   4.426e-04  7.866e+01
-3.925e-04  -3.925e-04  -0.000e+00  1.000e+02
 1.214e-04   1.214e-04   0.000e+00  1.000e+02
-1.676e-03  -1.676e-03  -4.426e-04  7.359e+01
-1.247e-03  -1.247e-03  -0.000e+00  1.000e+02
-2.156e-04  -2.156e-04  -0.000e+00  1.000e+02
-7.557e-04  -7.557e-04  -2.555e-04  6.619e+01
-6.030e-04  -6.030e-04  -0.000e+00  1.000e+02
-9.615e-04  -9.615e-04  -2.555e-04  7.342e+01
-1.078e-03  -1.078e-03  -4.426e-04  5.893e+01
-1.053e-03  -1.053e-03  -2.555e-04  7.574e+01
-1.377e-03  -1.377e-03  -3.614e-04  7.375e+01
-1.770e-03  -1.770e-03  -6.259e-04  6.464e+01
-1.821e-03  -1.821e-03  -2.555e-04  8.597e+01
-1.072e-03  -1.072e-03  -0.000e+00  1.000e+02
-2.456e-03  -2.456e-03  -6.259e-04  7.451e+01
-2.028e-03  -2.028e-03  -7.227e-04  6.435e+01
-3.325e-03  -3.325e-03  -9.896e-04  7.023e+01
-4.023e-03  -4.023e-03  -9.213e-04  7.710e+01
========================================================================================

step: 12/15 res:0.21201390586304114, res/res0:0.013374549438567451  dq_norm: [0.00105355 0.0011138  0.00165598]

A info: before HHL prepare:
Spectral radius (A): 5.046e+01, lambda_min:4.214470123921958
condition number(A): 1.197e+01, norm2_cond:153.96481749236168
det(A): 7.580e+39
--------------------------------------------------------------------------------

A_hhl info: after scaling by spectral radius:
Spectral radius (A): 1.000e+00, lambda_min:0.08352399656443676
condition number(A): 1.197e+01, norm2_cond:153.96481749236162
det(A): 6.190e-12, nnz: 13 non zeros per row
--------------------------------------------------------------------------------

Size of A & B are not power of 2:
Next 2 power of 30 = 32
Value to be padded = 2
--------------------------------------------------

==================== Print (N)^2 padded matrix system =======================
Padded shape of A: (30, 30)x(30, 30) -> (32, 32)x(32, 32)
Padded shape of B: (30,) -> (32,)
Determinant of padded matrix: 6.1902925546971864e-12
Condition # of padded matrix: 153.96481749236162


Matrix is not Hermitian. Making it Hermitian.......

==================== Print Hermitian matrix system info =======================
Shape of hermitian A: 32x32 -> 64x64
Shape of           B: 32 -> 64
Determinant of Hermitian matrix: 3.831972191274105e-23
Condition # of Hermitian matrix: 153.9648174923611

=================================== Generating HHL circuit ===================================
Time elapsed for generating HHL circuit: 0 min 52.27 sec

Generated circuit: num_qubits=16, gates=21, depth=5
============================== Generated Circuit saved ==============================

============================== Transpiling circuit ==============================
This is using the AerSimulator('aer_simulator_statevector') transpiler.
Time elapsed for transpiling the circuit:  0 min 9.34 sec
Transpiled circuit, num_qubits: 16, (original: 16)
Transpiled circuit depth: 103110 (original: 5)
Transpiled circuit gates: 103237 (original: 21)
============================== Transpiled Circuit saved ==============================
Time elapsed for running the circuit:  0 min 20.58 sec
total_qubits: 16, nq:6

Time elapsed for extracting shots-based hhl counts solution:  0 min 0.00 sec

[HHL info]: linear system residual (e=||Ax-b||_2): 0.12225475479514604
[HHL info]: Fidelity(true_sol, hhl_sol): 0.873674999281428
[HHL info]: L2 error (absolute): 0.005115908463540223
[HHL info]: L2 error (relative): 0.7783895163660811
[HHL info]: L2 error (normalized): 0.36137007154829337

========================================================================================
 Compare system solutions using LU of A, LU sol of A_herm, HHL of Ax=b hermition system
LU sol 	    Herm LU sol    HHL sol    L1_diff(%)
 4.583e-04   4.583e-04   1.850e-04  5.962e+01
 8.252e-04   8.252e-04   3.205e-04  6.116e+01
-3.132e-04  -3.132e-04  -0.000e+00  1.000e+02
 1.537e-03   1.537e-03   3.701e-04  7.592e+01
-9.887e-05  -9.887e-05  -0.000e+00  1.000e+02
 9.925e-04   9.925e-04   2.617e-04  7.363e+01
 9.643e-04   9.643e-04   2.617e-04  7.286e+01
-1.028e-03  -1.028e-03  -1.850e-04  8.200e+01
 1.568e-03   1.568e-03   3.701e-04  7.640e+01
 2.756e-05   2.756e-05   0.000e+00  1.000e+02
 4.840e-04   4.840e-04   0.000e+00  1.000e+02
 1.632e-03   1.632e-03   3.701e-04  7.732e+01
-3.925e-04  -3.925e-04  -1.850e-04  5.286e+01
 1.212e-04   1.212e-04   0.000e+00  1.000e+02
-1.233e-03  -1.233e-03  -5.234e-04  5.755e+01
-1.248e-03  -1.248e-03  -1.850e-04  8.517e+01
-2.158e-04  -2.158e-04  -0.000e+00  1.000e+02
-5.005e-04  -5.005e-04  -0.000e+00  1.000e+02
-6.031e-04  -6.031e-04  -1.850e-04  6.932e+01
-7.059e-04  -7.059e-04  -2.617e-04  6.293e+01
-6.352e-04  -6.352e-04  -2.617e-04  5.880e+01
-7.972e-04  -7.972e-04  -1.850e-04  7.679e+01
-1.015e-03  -1.015e-03  -2.617e-04  7.422e+01
-1.143e-03  -1.143e-03  -3.205e-04  7.195e+01
-1.565e-03  -1.565e-03  -3.701e-04  7.635e+01
-1.072e-03  -1.072e-03  -4.138e-04  6.142e+01
-1.830e-03  -1.830e-03  -2.617e-04  8.570e+01
-1.305e-03  -1.305e-03  -0.000e+00  1.000e+02
-2.335e-03  -2.335e-03  -4.533e-04  8.059e+01
-3.102e-03  -3.102e-03  -7.167e-04  7.690e+01
========================================================================================

step: 13/15 res:0.16922005298020318, res/res0:0.010674969433574618  dq_norm: [0.00071669 0.0008066  0.00117034]

A info: before HHL prepare:
Spectral radius (A): 5.046e+01, lambda_min:4.206140571228741
condition number(A): 1.200e+01, norm2_cond:153.9906202970629
det(A): 7.565e+39
--------------------------------------------------------------------------------

A_hhl info: after scaling by spectral radius:
Spectral radius (A): 1.000e+00, lambda_min:0.08335245275831198
condition number(A): 1.200e+01, norm2_cond:153.99062029706252
det(A): 6.163e-12, nnz: 13 non zeros per row
--------------------------------------------------------------------------------

Size of A & B are not power of 2:
Next 2 power of 30 = 32
Value to be padded = 2
--------------------------------------------------

==================== Print (N)^2 padded matrix system =======================
Padded shape of A: (30, 30)x(30, 30) -> (32, 32)x(32, 32)
Padded shape of B: (30,) -> (32,)
Determinant of padded matrix: 6.1634662662807236e-12
Condition # of padded matrix: 153.99062029706252


Matrix is not Hermitian. Making it Hermitian.......

==================== Print Hermitian matrix system info =======================
Shape of hermitian A: 32x32 -> 64x64
Shape of           B: 32 -> 64
Determinant of Hermitian matrix: 3.798831641558071e-23
Condition # of Hermitian matrix: 153.99062029706346

=================================== Generating HHL circuit ===================================
Time elapsed for generating HHL circuit: 0 min 52.71 sec

Generated circuit: num_qubits=16, gates=21, depth=5
============================== Generated Circuit saved ==============================

============================== Transpiling circuit ==============================
This is using the AerSimulator('aer_simulator_statevector') transpiler.
Time elapsed for transpiling the circuit:  0 min 9.02 sec
Transpiled circuit, num_qubits: 16, (original: 16)
Transpiled circuit depth: 103110 (original: 5)
Transpiled circuit gates: 103237 (original: 21)
============================== Transpiled Circuit saved ==============================
Time elapsed for running the circuit:  0 min 18.81 sec
total_qubits: 16, nq:6

Time elapsed for extracting shots-based hhl counts solution:  0 min 0.00 sec

[HHL info]: linear system residual (e=||Ax-b||_2): 0.1047085471347831
[HHL info]: Fidelity(true_sol, hhl_sol): 0.9085173766032695
[HHL info]: L2 error (absolute): 0.00436357007236807
[HHL info]: L2 error (relative): 0.852666447119429
[HHL info]: L2 error (normalized): 0.3060660751535577

========================================================================================
 Compare system solutions using LU of A, LU sol of A_herm, HHL of Ax=b hermition system
LU sol 	    Herm LU sol    HHL sol    L1_diff(%)
 2.740e-04   2.740e-04   0.000e+00  1.000e+02
 5.052e-04   5.052e-04   8.188e-05  8.379e+01
-3.119e-04  -3.119e-04  -0.000e+00  1.000e+02
 1.168e-03   1.168e-03   2.166e-04  8.146e+01
-9.943e-05  -9.943e-05  -0.000e+00  1.000e+02
 7.330e-04   7.330e-04   0.000e+00  1.000e+02
 7.034e-04   7.034e-04   1.158e-04  8.354e+01
-8.435e-04  -8.435e-04  -1.831e-04  7.830e+01
 1.200e-03   1.200e-03   1.831e-04  8.474e+01
 2.800e-05   2.800e-05   0.000e+00  1.000e+02
 4.840e-04   4.840e-04   0.000e+00  1.000e+02
 1.262e-03   1.262e-03   1.418e-04  8.876e+01
-2.071e-04  -2.071e-04  -0.000e+00  1.000e+02
 1.211e-04   1.211e-04   0.000e+00  1.000e+02
-7.086e-04  -7.086e-04  -1.418e-04  7.999e+01
-1.062e-03  -1.062e-03  -1.638e-04  8.458e+01
-2.160e-04  -2.160e-04  -8.188e-05  6.210e+01
-5.009e-04  -5.009e-04  -8.188e-05  8.365e+01
-4.181e-04  -4.181e-04  -0.000e+00  1.000e+02
-4.442e-04  -4.442e-04  -0.000e+00  1.000e+02
-3.738e-04  -3.738e-04  -0.000e+00  1.000e+02
-6.123e-04  -6.123e-04  -8.188e-05  8.663e+01
-7.537e-04  -7.537e-04  -1.158e-04  8.464e+01
-8.231e-04  -8.231e-04  -1.831e-04  7.776e+01
-1.195e-03  -1.195e-03  -1.158e-04  9.031e+01
-6.587e-04  -6.587e-04  -8.188e-05  8.757e+01
-1.569e-03  -1.569e-03  -2.952e-04  8.118e+01
-1.305e-03  -1.305e-03  -1.831e-04  8.597e+01
-1.882e-03  -1.882e-03  -3.171e-04  8.315e+01
-2.385e-03  -2.385e-03  -3.569e-04  8.504e+01
========================================================================================

step: 14/15 res:0.1222596798019894, res/res0:0.0077125513310029575  dq_norm: [0.00037521 0.00040939 0.00057315]
Completed: 14 steps in 1279.11s
Saved metadata to /lustre/orion/stf006/scratch/4klornl/fvm_euler_1d_solver/output_parallel_shots/nelem10/statevector/shots_100000/trial_7/metadata_nelem10_HHL_statevector_nshots100000.pkl

Solution summary:
  x/L: [0.0500, 0.9500]
  Mach: [1.4944, 2.1642]
  p/p_in: [1.0057, 0.3629]
  rho/rho_in: [1.0035, 0.4852]
Saved combined plot to /lustre/orion/stf006/scratch/4klornl/fvm_euler_1d_solver/output_parallel_shots/nelem10/statevector/shots_100000/trial_7/solution_plot_nelem10_HHL_statevector_nshots100000.png
