
------------------------------------------------------------
Using ideal local simulator with 'statevector' method
Backend: aer_simulator_statevector
Shots: 100000
------------------------------------------------------------

A info: before HHL prepare:
Spectral radius (A): 2.241e+01, lambda_min:2.3074021727489433
condition number(A): 9.710e+00, norm2_cond:95.97789014324577
det(A): 9.333e+14
--------------------------------------------------------------------------------

A_hhl info: after scaling by spectral radius:
Spectral radius (A): 1.000e+00, lambda_min:0.1029832130561069
condition number(A): 9.710e+00, norm2_cond:95.9778901432457
det(A): 5.184e-06, nnz: 10 non zeros per row
--------------------------------------------------------------------------------

Size of A & B are not power of 2:
Next 2 power of 15 = 16
Value to be padded = 1
--------------------------------------------------

==================== Print (N)^2 padded matrix system =======================
Padded shape of A: (15, 15)x(15, 15) -> (16, 16)x(16, 16)
Padded shape of B: (15,) -> (16,)
Determinant of padded matrix: 5.183984510966138e-06
Condition # of padded matrix: 95.9778901432457


Matrix is not Hermitian. Making it Hermitian.......

==================== Print Hermitian matrix system info =======================
Shape of hermitian A: 16x16 -> 32x32
Shape of           B: 16 -> 32
Determinant of Hermitian matrix: 2.6873695409936828e-11
Condition # of Hermitian matrix: 95.9778901432459

=================================== Generating HHL circuit ===================================
Time elapsed for generating HHL circuit: 4 min 40.20 sec

Generated circuit: num_qubits=14, gates=19, depth=5
============================== Generated Circuit saved ==============================

============================== Transpiling circuit ==============================
Time elapsed for transpiling the circuit:  0 min 50.34 sec
Transpiled circuit, num_qubits: 14, (original: 14)
Transpiled circuit depth: 689027 (original: 5)
Transpiled circuit gates: 689127 (original: 19)
============================== Transpiled Circuit saved ==============================
Time elapsed for running the circuit:  1 min 11.89 sec
total_qubits: 14, nq:5

Time elapsed for extracting shots-based hhl counts solution:  0 min 0.00 sec

[HHL info]: linear system residual (e=||Ax-b||_2): 1.3669091476421522
[HHL info]: Fidelity(true_sol, hhl_sol): 0.9966604400367493
[HHL info]: L2 error (absolute): 0.26570863278502127
[HHL info]: L2 error (relative): 0.09824381102587512
[HHL info]: L2 error (normalized): 0.05781308497044679

========================================================================================
 Compare system solutions using LU of A, LU sol of A_herm, HHL of Ax=b hermition system
LU sol 	    Herm LU sol    HHL sol    L1_diff(%)
-1.705e-02  -1.705e-02  -0.000e+00  1.000e+02
-7.527e-03  -7.527e-03  -0.000e+00  1.000e+02
-3.946e-02  -3.946e-02  -0.000e+00  1.000e+02
-1.283e-01  -1.283e-01  -6.535e-02  4.905e+01
-6.877e-02  -6.877e-02  -6.535e-02  4.962e+00
-2.800e-01  -2.800e-01  -2.168e-01  2.259e+01
-4.114e-01  -4.114e-01  -3.639e-01  1.156e+01
-4.227e-01  -4.227e-01  -4.286e-01  1.379e+00
-1.109e+00  -1.109e+00  -1.088e+00  1.958e+00
-5.252e-01  -5.252e-01  -4.847e-01  7.714e+00
-5.558e-01  -5.558e-01  -5.187e-01  6.662e+00
-1.428e+00  -1.428e+00  -1.333e+00  6.636e+00
-5.637e-01  -5.637e-01  -4.667e-01  1.721e+01
-5.958e-01  -5.958e-01  -5.735e-01  3.740e+00
-1.529e+00  -1.529e+00  -1.339e+00  1.242e+01
========================================================================================

step: 0/15 res:12.375368413827264, res/res0:1.0  dq_norm: [0.76773997 0.88650976 2.19107762]

A info: before HHL prepare:
Spectral radius (A): 2.361e+01, lambda_min:3.692391348336442
condition number(A): 6.394e+00, norm2_cond:70.48762302681796
det(A): 5.383e+15
--------------------------------------------------------------------------------

A_hhl info: after scaling by spectral radius:
Spectral radius (A): 1.000e+00, lambda_min:0.15639393954619943
condition number(A): 6.394e+00, norm2_cond:70.48762302681801
det(A): 1.364e-05, nnz: 11 non zeros per row
--------------------------------------------------------------------------------

Size of A & B are not power of 2:
Next 2 power of 15 = 16
Value to be padded = 1
--------------------------------------------------

==================== Print (N)^2 padded matrix system =======================
Padded shape of A: (15, 15)x(15, 15) -> (16, 16)x(16, 16)
Padded shape of B: (15,) -> (16,)
Determinant of padded matrix: 1.3637876754364615e-05
Condition # of padded matrix: 70.48762302681801


Matrix is not Hermitian. Making it Hermitian.......

==================== Print Hermitian matrix system info =======================
Shape of hermitian A: 16x16 -> 32x32
Shape of           B: 16 -> 32
Determinant of Hermitian matrix: 1.859916823672394e-10
Condition # of Hermitian matrix: 70.48762302681821

=================================== Generating HHL circuit ===================================
Time elapsed for generating HHL circuit: 4 min 40.54 sec

Generated circuit: num_qubits=14, gates=19, depth=5
============================== Generated Circuit saved ==============================

============================== Transpiling circuit ==============================
Time elapsed for transpiling the circuit:  0 min 48.12 sec
Transpiled circuit, num_qubits: 14, (original: 14)
Transpiled circuit depth: 689027 (original: 5)
Transpiled circuit gates: 689127 (original: 19)
============================== Transpiled Circuit saved ==============================
Time elapsed for running the circuit:  1 min 10.59 sec
total_qubits: 14, nq:5

Time elapsed for extracting shots-based hhl counts solution:  0 min 0.00 sec

[HHL info]: linear system residual (e=||Ax-b||_2): 1.3841766820812034
[HHL info]: Fidelity(true_sol, hhl_sol): 0.9895930192533747
[HHL info]: L2 error (absolute): 0.13099123748031435
[HHL info]: L2 error (relative): 0.9156179600142743
[HHL info]: L2 error (normalized): 0.10214792642611743

========================================================================================
 Compare system solutions using LU of A, LU sol of A_herm, HHL of Ax=b hermition system
LU sol 	    Herm LU sol    HHL sol    L1_diff(%)
-1.337e-02  -1.337e-02  -1.159e-03  9.134e+01
-4.784e-03  -4.784e-03  -0.000e+00  1.000e+02
-3.066e-02  -3.066e-02  -2.693e-03  9.122e+01
-5.028e-02  -5.028e-02  -5.024e-03  9.001e+01
-4.727e-03  -4.727e-03  -5.182e-04  8.904e+01
-3.294e-02  -3.294e-02  -2.693e-03  9.183e+01
-1.638e-02  -1.638e-02  -1.555e-03  9.051e+01
 8.796e-03   8.796e-03   0.000e+00  1.000e+02
 5.510e-02   5.510e-02   4.635e-03  9.159e+01
-4.442e-04  -4.442e-04  -0.000e+00  1.000e+02
-3.784e-02  -3.784e-02  -2.931e-03  9.225e+01
 4.957e-03   4.957e-03   5.182e-04  8.955e+01
-5.604e-02  -5.604e-02  -4.664e-03  9.168e+01
-2.254e-02  -2.254e-02  -1.939e-03  9.140e+01
-8.487e-02  -8.487e-02  -6.913e-03  9.185e+01
========================================================================================

step: 1/15 res:1.5035185834061109, res/res0:0.12149283424372219  dq_norm: [0.00712369 0.00355241 0.0091674 ]

A info: before HHL prepare:
Spectral radius (A): 2.365e+01, lambda_min:3.7323329317284943
condition number(A): 6.337e+00, norm2_cond:70.05664986953352
det(A): 5.699e+15
--------------------------------------------------------------------------------

A_hhl info: after scaling by spectral radius:
Spectral radius (A): 1.000e+00, lambda_min:0.15780144106185862
condition number(A): 6.337e+00, norm2_cond:70.05664986953344
det(A): 1.405e-05, nnz: 11 non zeros per row
--------------------------------------------------------------------------------

Size of A & B are not power of 2:
Next 2 power of 15 = 16
Value to be padded = 1
--------------------------------------------------

==================== Print (N)^2 padded matrix system =======================
Padded shape of A: (15, 15)x(15, 15) -> (16, 16)x(16, 16)
Padded shape of B: (15,) -> (16,)
Determinant of padded matrix: 1.4052120100163427e-05
Condition # of padded matrix: 70.05664986953344


Matrix is not Hermitian. Making it Hermitian.......

==================== Print Hermitian matrix system info =======================
Shape of hermitian A: 16x16 -> 32x32
Shape of           B: 16 -> 32
Determinant of Hermitian matrix: 1.974620793094156e-10
Condition # of Hermitian matrix: 70.05664986953344

=================================== Generating HHL circuit ===================================
Time elapsed for generating HHL circuit: 4 min 37.46 sec

Generated circuit: num_qubits=14, gates=19, depth=5
============================== Generated Circuit saved ==============================

============================== Transpiling circuit ==============================
Time elapsed for transpiling the circuit:  0 min 48.78 sec
Transpiled circuit, num_qubits: 14, (original: 14)
Transpiled circuit depth: 689027 (original: 5)
Transpiled circuit gates: 689127 (original: 19)
============================== Transpiled Circuit saved ==============================
Time elapsed for running the circuit:  1 min 10.51 sec
total_qubits: 14, nq:5

Time elapsed for extracting shots-based hhl counts solution:  0 min 0.00 sec

[HHL info]: linear system residual (e=||Ax-b||_2): 1.30018863554288
[HHL info]: Fidelity(true_sol, hhl_sol): 0.9915574237579419
[HHL info]: L2 error (absolute): 0.12141884860595793
[HHL info]: L2 error (relative): 0.941270950405692
[HHL info]: L2 error (normalized): 0.09198081938650896

========================================================================================
 Compare system solutions using LU of A, LU sol of A_herm, HHL of Ax=b hermition system
LU sol 	    Herm LU sol    HHL sol    L1_diff(%)
-1.207e-02  -1.207e-02  -7.262e-04  9.398e+01
-4.754e-03  -4.754e-03  -0.000e+00  1.000e+02
-2.765e-02  -2.765e-02  -1.688e-03  9.390e+01
-4.496e-02  -4.496e-02  -2.813e-03  9.374e+01
-4.319e-03  -4.319e-03  -0.000e+00  1.000e+02
-3.035e-02  -3.035e-02  -1.558e-03  9.487e+01
-1.486e-02  -1.486e-02  -9.186e-04  9.382e+01
 8.598e-03   8.598e-03   4.593e-04  9.466e+01
 5.028e-02   5.028e-02   2.639e-03  9.475e+01
-7.825e-05  -7.825e-05  -0.000e+00  1.000e+02
-3.449e-02  -3.449e-02  -2.130e-03  9.383e+01
 5.127e-03   5.127e-03   0.000e+00  1.000e+02
-5.020e-02  -5.020e-02  -3.182e-03  9.366e+01
-2.052e-02  -2.052e-02  -1.258e-03  9.387e+01
-7.594e-02  -7.594e-02  -4.465e-03  9.412e+01
========================================================================================

step: 2/15 res:1.3838029526582811, res/res0:0.11181913187425827  dq_norm: [0.00440559 0.00251577 0.00567211]

A info: before HHL prepare:
Spectral radius (A): 2.368e+01, lambda_min:3.760154956364117
condition number(A): 6.297e+00, norm2_cond:69.7541890619536
det(A): 5.922e+15
--------------------------------------------------------------------------------

A_hhl info: after scaling by spectral radius:
Spectral radius (A): 1.000e+00, lambda_min:0.15879811716280007
condition number(A): 6.297e+00, norm2_cond:69.75418906195344
det(A): 1.436e-05, nnz: 11 non zeros per row
--------------------------------------------------------------------------------

Size of A & B are not power of 2:
Next 2 power of 15 = 16
Value to be padded = 1
--------------------------------------------------

==================== Print (N)^2 padded matrix system =======================
Padded shape of A: (15, 15)x(15, 15) -> (16, 16)x(16, 16)
Padded shape of B: (15,) -> (16,)
Determinant of padded matrix: 1.4356947941353025e-05
Condition # of padded matrix: 69.75418906195344


Matrix is not Hermitian. Making it Hermitian.......

==================== Print Hermitian matrix system info =======================
Shape of hermitian A: 16x16 -> 32x32
Shape of           B: 16 -> 32
Determinant of Hermitian matrix: 2.0612195419072015e-10
Condition # of Hermitian matrix: 69.75418906195351

=================================== Generating HHL circuit ===================================
Time elapsed for generating HHL circuit: 4 min 38.96 sec

Generated circuit: num_qubits=14, gates=19, depth=5
============================== Generated Circuit saved ==============================

============================== Transpiling circuit ==============================
Time elapsed for transpiling the circuit:  0 min 48.31 sec
Transpiled circuit, num_qubits: 14, (original: 14)
Transpiled circuit depth: 689027 (original: 5)
Transpiled circuit gates: 689127 (original: 19)
============================== Transpiled Circuit saved ==============================
Time elapsed for running the circuit:  1 min 10.03 sec
total_qubits: 14, nq:5

Time elapsed for extracting shots-based hhl counts solution:  0 min 0.00 sec

[HHL info]: linear system residual (e=||Ax-b||_2): 1.2159725480567987
[HHL info]: Fidelity(true_sol, hhl_sol): 0.9925746067971366
[HHL info]: L2 error (absolute): 0.11286634053970984
[HHL info]: L2 error (relative): 0.9392259946025989
[HHL info]: L2 error (normalized): 0.08625096366940503

========================================================================================
 Compare system solutions using LU of A, LU sol of A_herm, HHL of Ax=b hermition system
LU sol 	    Herm LU sol    HHL sol    L1_diff(%)
-1.125e-02  -1.125e-02  -5.391e-04  9.521e+01
-4.735e-03  -4.735e-03  -5.391e-04  8.861e+01
-2.576e-02  -2.576e-02  -1.647e-03  9.361e+01
-4.198e-02  -4.198e-02  -2.677e-03  9.362e+01
-4.391e-03  -4.391e-03  -4.402e-04  8.998e+01
-2.882e-02  -2.882e-02  -1.587e-03  9.449e+01
-1.396e-02  -1.396e-02  -7.624e-04  9.454e+01
 8.012e-03   8.012e-03   4.402e-04  9.451e+01
 4.753e-02   4.753e-02   3.049e-03  9.358e+01
 1.605e-04   1.605e-04   0.000e+00  1.000e+02
-3.210e-02  -3.210e-02  -2.223e-03  9.308e+01
 5.589e-03   5.589e-03   5.391e-04  9.036e+01
-4.626e-02  -4.626e-02  -2.528e-03  9.453e+01
-1.920e-02  -1.920e-02  -1.165e-03  9.394e+01
-7.019e-02  -7.019e-02  -4.187e-03  9.403e+01
========================================================================================

step: 3/15 res:1.3000156589640508, res/res0:0.10504864303769054  dq_norm: [0.00379911 0.00264092 0.00568804]

A info: before HHL prepare:
Spectral radius (A): 2.370e+01, lambda_min:3.7807471107533184
condition number(A): 6.269e+00, norm2_cond:69.53041455706139
det(A): 6.103e+15
--------------------------------------------------------------------------------

A_hhl info: after scaling by spectral radius:
Spectral radius (A): 1.000e+00, lambda_min:0.15950317296967828
condition number(A): 6.269e+00, norm2_cond:69.53041455706114
det(A): 1.457e-05, nnz: 11 non zeros per row
--------------------------------------------------------------------------------

Size of A & B are not power of 2:
Next 2 power of 15 = 16
Value to be padded = 1
--------------------------------------------------

==================== Print (N)^2 padded matrix system =======================
Padded shape of A: (15, 15)x(15, 15) -> (16, 16)x(16, 16)
Padded shape of B: (15,) -> (16,)
Determinant of padded matrix: 1.4567955404365525e-05
Condition # of padded matrix: 69.53041455706114


Matrix is not Hermitian. Making it Hermitian.......

==================== Print Hermitian matrix system info =======================
Shape of hermitian A: 16x16 -> 32x32
Shape of           B: 16 -> 32
Determinant of Hermitian matrix: 2.122253246635827e-10
Condition # of Hermitian matrix: 69.5304145570614

=================================== Generating HHL circuit ===================================
Time elapsed for generating HHL circuit: 4 min 40.00 sec

Generated circuit: num_qubits=14, gates=19, depth=5
============================== Generated Circuit saved ==============================

============================== Transpiling circuit ==============================
Time elapsed for transpiling the circuit:  0 min 47.81 sec
Transpiled circuit, num_qubits: 14, (original: 14)
Transpiled circuit depth: 689027 (original: 5)
Transpiled circuit gates: 689127 (original: 19)
============================== Transpiled Circuit saved ==============================
Time elapsed for running the circuit:  1 min 9.71 sec
total_qubits: 14, nq:5

Time elapsed for extracting shots-based hhl counts solution:  0 min 0.00 sec

[HHL info]: linear system residual (e=||Ax-b||_2): 1.1462231413281525
[HHL info]: Fidelity(true_sol, hhl_sol): 0.987226279165393
[HHL info]: L2 error (absolute): 0.1053752952959892
[HHL info]: L2 error (relative): 0.9416820684595417
[HHL info]: L2 error (normalized): 0.11320236504630492

========================================================================================
 Compare system solutions using LU of A, LU sol of A_herm, HHL of Ax=b hermition system
LU sol 	    Herm LU sol    HHL sol    L1_diff(%)
-1.064e-02  -1.064e-02  -6.305e-04  9.407e+01
-4.163e-03  -4.163e-03  -0.000e+00  1.000e+02
-2.395e-02  -2.395e-02  -1.465e-03  9.388e+01
-3.914e-02  -3.914e-02  -2.393e-03  9.389e+01
-3.990e-03  -3.990e-03  -2.820e-04  9.293e+01
-2.723e-02  -2.723e-02  -1.465e-03  9.462e+01
-1.319e-02  -1.319e-02  -7.975e-04  9.395e+01
 7.485e-03   7.485e-03   0.000e+00  1.000e+02
 4.444e-02   4.444e-02   2.944e-03  9.338e+01
 3.518e-04   3.518e-04   0.000e+00  1.000e+02
-2.968e-02  -2.968e-02  -1.783e-03  9.399e+01
 5.418e-03   5.418e-03   4.884e-04  9.099e+01
-4.318e-02  -4.318e-02  -2.308e-03  9.465e+01
-1.800e-02  -1.800e-02  -7.975e-04  9.557e+01
-6.500e-02  -6.500e-02  -3.741e-03  9.424e+01
========================================================================================

step: 4/15 res:1.215865954924413, res/res0:0.09824886938847817  dq_norm: [0.00347636 0.00197379 0.00521453]

A info: before HHL prepare:
Spectral radius (A): 2.373e+01, lambda_min:3.801275363063902
condition number(A): 6.242e+00, norm2_cond:69.31454722522908
det(A): 6.285e+15
--------------------------------------------------------------------------------

A_hhl info: after scaling by spectral radius:
Spectral radius (A): 1.000e+00, lambda_min:0.1602171290315364
condition number(A): 6.242e+00, norm2_cond:69.31454722522912
det(A): 1.479e-05, nnz: 11 non zeros per row
--------------------------------------------------------------------------------

Size of A & B are not power of 2:
Next 2 power of 15 = 16
Value to be padded = 1
--------------------------------------------------

==================== Print (N)^2 padded matrix system =======================
Padded shape of A: (15, 15)x(15, 15) -> (16, 16)x(16, 16)
Padded shape of B: (15,) -> (16,)
Determinant of padded matrix: 1.4790412398467874e-05
Condition # of padded matrix: 69.31454722522912


Matrix is not Hermitian. Making it Hermitian.......

==================== Print Hermitian matrix system info =======================
Shape of hermitian A: 16x16 -> 32x32
Shape of           B: 16 -> 32
Determinant of Hermitian matrix: 2.18756298916753e-10
Condition # of Hermitian matrix: 69.31454722522923

=================================== Generating HHL circuit ===================================
Time elapsed for generating HHL circuit: 4 min 39.53 sec

Generated circuit: num_qubits=14, gates=19, depth=5
============================== Generated Circuit saved ==============================

============================== Transpiling circuit ==============================
Time elapsed for transpiling the circuit:  0 min 48.03 sec
Transpiled circuit, num_qubits: 14, (original: 14)
Transpiled circuit depth: 689027 (original: 5)
Transpiled circuit gates: 689127 (original: 19)
============================== Transpiled Circuit saved ==============================
Time elapsed for running the circuit:  1 min 9.72 sec
total_qubits: 14, nq:5

Time elapsed for extracting shots-based hhl counts solution:  0 min 0.00 sec

[HHL info]: linear system residual (e=||Ax-b||_2): 1.0924984798375414
[HHL info]: Fidelity(true_sol, hhl_sol): 0.9948530280262982
[HHL info]: L2 error (absolute): 0.0994513474469151
[HHL info]: L2 error (relative): 0.9515445993241819
[HHL info]: L2 error (normalized): 0.07178866137915632

========================================================================================
 Compare system solutions using LU of A, LU sol of A_herm, HHL of Ax=b hermition system
LU sol 	    Herm LU sol    HHL sol    L1_diff(%)
-9.949e-03  -9.949e-03  -5.792e-04  9.418e+01
-4.152e-03  -4.152e-03  -2.189e-04  9.473e+01
-2.235e-02  -2.235e-02  -9.791e-04  9.562e+01
-3.664e-02  -3.664e-02  -1.682e-03  9.541e+01
-3.751e-03  -3.751e-03  -3.096e-04  9.175e+01
-2.581e-02  -2.581e-02  -1.332e-03  9.484e+01
-1.240e-02  -1.240e-02  -5.792e-04  9.533e+01
 7.402e-03   7.402e-03   3.096e-04  9.582e+01
 4.143e-02   4.143e-02   1.909e-03  9.539e+01
 5.172e-04   5.172e-04   0.000e+00  1.000e+02
-2.772e-02  -2.772e-02  -1.501e-03  9.459e+01
 5.238e-03   5.238e-03   2.189e-04  9.582e+01
-4.036e-02  -4.036e-02  -1.946e-03  9.518e+01
-1.716e-02  -1.716e-02  -6.568e-04  9.617e+01
-6.034e-02  -6.034e-02  -3.026e-03  9.499e+01
========================================================================================

step: 5/15 res:1.146132898244391, res/res0:0.09261404266266467  dq_norm: [0.00269918 0.00170992 0.00394686]

A info: before HHL prepare:
Spectral radius (A): 2.374e+01, lambda_min:3.8187978997025933
condition number(A): 6.217e+00, norm2_cond:69.11996324637404
det(A): 6.438e+15
--------------------------------------------------------------------------------

A_hhl info: after scaling by spectral radius:
Spectral radius (A): 1.000e+00, lambda_min:0.16083650368185776
condition number(A): 6.217e+00, norm2_cond:69.11996324637387
det(A): 1.498e-05, nnz: 11 non zeros per row
--------------------------------------------------------------------------------

Size of A & B are not power of 2:
Next 2 power of 15 = 16
Value to be padded = 1
--------------------------------------------------

==================== Print (N)^2 padded matrix system =======================
Padded shape of A: (15, 15)x(15, 15) -> (16, 16)x(16, 16)
Padded shape of B: (15,) -> (16,)
Determinant of padded matrix: 1.4984159626501327e-05
Condition # of padded matrix: 69.11996324637387


Matrix is not Hermitian. Making it Hermitian.......

==================== Print Hermitian matrix system info =======================
Shape of hermitian A: 16x16 -> 32x32
Shape of           B: 16 -> 32
Determinant of Hermitian matrix: 2.2452503971247239e-10
Condition # of Hermitian matrix: 69.11996324637401

=================================== Generating HHL circuit ===================================
Time elapsed for generating HHL circuit: 4 min 38.38 sec

Generated circuit: num_qubits=14, gates=19, depth=5
============================== Generated Circuit saved ==============================

============================== Transpiling circuit ==============================
Time elapsed for transpiling the circuit:  0 min 48.33 sec
Transpiled circuit, num_qubits: 14, (original: 14)
Transpiled circuit depth: 689027 (original: 5)
Transpiled circuit gates: 689127 (original: 19)
============================== Transpiled Circuit saved ==============================
Time elapsed for running the circuit:  1 min 10.54 sec
total_qubits: 14, nq:5

Time elapsed for extracting shots-based hhl counts solution:  0 min 0.00 sec

[HHL info]: linear system residual (e=||Ax-b||_2): 1.0416862231875412
[HHL info]: Fidelity(true_sol, hhl_sol): 0.9928250311705842
[HHL info]: L2 error (absolute): 0.09395079698581064
[HHL info]: L2 error (relative): 0.9511533657828007
[HHL info]: L2 error (normalized): 0.08478139685696026

========================================================================================
 Compare system solutions using LU of A, LU sol of A_herm, HHL of Ax=b hermition system
LU sol 	    Herm LU sol    HHL sol    L1_diff(%)
-9.329e-03  -9.329e-03  -2.967e-04  9.682e+01
-3.922e-03  -3.922e-03  -2.098e-04  9.465e+01
-2.129e-02  -2.129e-02  -1.049e-03  9.507e+01
-3.488e-02  -3.488e-02  -1.743e-03  9.500e+01
-3.474e-03  -3.474e-03  -2.098e-04  9.396e+01
-2.449e-02  -2.449e-02  -1.259e-03  9.486e+01
-1.183e-02  -1.183e-02  -4.691e-04  9.603e+01
 7.028e-03   7.028e-03   2.098e-04  9.701e+01
 3.948e-02   3.948e-02   2.066e-03  9.477e+01
 6.532e-04   6.532e-04   0.000e+00  1.000e+02
-2.607e-02  -2.607e-02  -1.293e-03  9.504e+01
 5.281e-03   5.281e-03   4.691e-04  9.112e+01
-3.800e-02  -3.800e-02  -1.755e-03  9.538e+01
-1.647e-02  -1.647e-02  -6.293e-04  9.618e+01
-5.658e-02  -5.658e-02  -2.767e-03  9.511e+01
========================================================================================

step: 6/15 res:1.092437073834227, res/res0:0.08827511531807196  dq_norm: [0.00253479 0.00148337 0.00385106]

A info: before HHL prepare:
Spectral radius (A): 2.376e+01, lambda_min:3.8345937020487812
condition number(A): 6.196e+00, norm2_cond:68.9646709841837
det(A): 6.581e+15
--------------------------------------------------------------------------------

A_hhl info: after scaling by spectral radius:
Spectral radius (A): 1.000e+00, lambda_min:0.16139474811565654
condition number(A): 6.196e+00, norm2_cond:68.96467098418363
det(A): 1.516e-05, nnz: 11 non zeros per row
--------------------------------------------------------------------------------

Size of A & B are not power of 2:
Next 2 power of 15 = 16
Value to be padded = 1
--------------------------------------------------

==================== Print (N)^2 padded matrix system =======================
Padded shape of A: (15, 15)x(15, 15) -> (16, 16)x(16, 16)
Padded shape of B: (15,) -> (16,)
Determinant of padded matrix: 1.5164465025025319e-05
Condition # of padded matrix: 68.96467098418363


Matrix is not Hermitian. Making it Hermitian.......

==================== Print Hermitian matrix system info =======================
Shape of hermitian A: 16x16 -> 32x32
Shape of           B: 16 -> 32
Determinant of Hermitian matrix: 2.2996099949521692e-10
Condition # of Hermitian matrix: 68.96467098418363

=================================== Generating HHL circuit ===================================
Time elapsed for generating HHL circuit: 4 min 39.55 sec

Generated circuit: num_qubits=14, gates=19, depth=5
============================== Generated Circuit saved ==============================

============================== Transpiling circuit ==============================
Time elapsed for transpiling the circuit:  0 min 48.46 sec
Transpiled circuit, num_qubits: 14, (original: 14)
Transpiled circuit depth: 689027 (original: 5)
Transpiled circuit gates: 689127 (original: 19)
============================== Transpiled Circuit saved ==============================
Time elapsed for running the circuit:  1 min 9.98 sec
total_qubits: 14, nq:5

Time elapsed for extracting shots-based hhl counts solution:  0 min 0.00 sec

[HHL info]: linear system residual (e=||Ax-b||_2): 1.018950086361541
[HHL info]: Fidelity(true_sol, hhl_sol): 0.9935105059215071
[HHL info]: L2 error (absolute): 0.09148059945382299
[HHL info]: L2 error (relative): 0.9796322637999456
[HHL info]: L2 error (normalized): 0.08062292951121167

========================================================================================
 Compare system solutions using LU of A, LU sol of A_herm, HHL of Ax=b hermition system
LU sol 	    Herm LU sol    HHL sol    L1_diff(%)
-8.991e-03  -8.991e-03  -2.015e-04  9.776e+01
-3.697e-03  -3.697e-03  -8.227e-05  9.777e+01
-2.014e-02  -2.014e-02  -4.031e-04  9.800e+01
-3.305e-02  -3.305e-02  -6.582e-04  9.801e+01
-3.291e-03  -3.291e-03  -1.164e-04  9.646e+01
-2.323e-02  -2.323e-02  -4.506e-04  9.806e+01
-1.136e-02  -1.136e-02  -2.602e-04  9.771e+01
 6.764e-03   6.764e-03   8.227e-05  9.878e+01
 3.737e-02   3.737e-02   8.309e-04  9.778e+01
 7.626e-04   7.626e-04   8.227e-05  8.921e+01
-2.466e-02  -2.466e-02  -5.268e-04  9.786e+01
 5.022e-03   5.022e-03   1.164e-04  9.768e+01
-3.591e-02  -3.591e-02  -7.172e-04  9.800e+01
-1.582e-02  -1.582e-02  -3.770e-04  9.762e+01
-5.321e-02  -5.321e-02  -1.031e-03  9.806e+01
========================================================================================

step: 7/15 res:1.0416354097857297, res/res0:0.08417005255551731  dq_norm: [0.00103089 0.00066839 0.00146021]

A info: before HHL prepare:
Spectral radius (A): 2.377e+01, lambda_min:3.8396476028088293
condition number(A): 6.190e+00, norm2_cond:68.92150782402426
det(A): 6.633e+15
--------------------------------------------------------------------------------

A_hhl info: after scaling by spectral radius:
Spectral radius (A): 1.000e+00, lambda_min:0.16156373280100456
condition number(A): 6.190e+00, norm2_cond:68.92150782402457
det(A): 1.522e-05, nnz: 11 non zeros per row
--------------------------------------------------------------------------------

Size of A & B are not power of 2:
Next 2 power of 15 = 16
Value to be padded = 1
--------------------------------------------------

==================== Print (N)^2 padded matrix system =======================
Padded shape of A: (15, 15)x(15, 15) -> (16, 16)x(16, 16)
Padded shape of B: (15,) -> (16,)
Determinant of padded matrix: 1.5222424171726256e-05
Condition # of padded matrix: 68.92150782402457


Matrix is not Hermitian. Making it Hermitian.......

==================== Print Hermitian matrix system info =======================
Shape of hermitian A: 16x16 -> 32x32
Shape of           B: 16 -> 32
Determinant of Hermitian matrix: 2.3172219766395663e-10
Condition # of Hermitian matrix: 68.92150782402467

=================================== Generating HHL circuit ===================================
Time elapsed for generating HHL circuit: 4 min 39.46 sec

Generated circuit: num_qubits=14, gates=19, depth=5
============================== Generated Circuit saved ==============================

============================== Transpiling circuit ==============================
Time elapsed for transpiling the circuit:  0 min 48.28 sec
Transpiled circuit, num_qubits: 14, (original: 14)
Transpiled circuit depth: 689027 (original: 5)
Transpiled circuit gates: 689127 (original: 19)
============================== Transpiled Circuit saved ==============================
Time elapsed for running the circuit:  1 min 10.80 sec
total_qubits: 14, nq:5

Time elapsed for extracting shots-based hhl counts solution:  0 min 0.00 sec

[HHL info]: linear system residual (e=||Ax-b||_2): 0.9277189011351842
[HHL info]: Fidelity(true_sol, hhl_sol): 0.993020027723588
[HHL info]: L2 error (absolute): 0.08398589325742112
[HHL info]: L2 error (relative): 0.919929265764979
[HHL info]: L2 error (normalized): 0.08361934569254838

========================================================================================
 Compare system solutions using LU of A, LU sol of A_herm, HHL of Ax=b hermition system
LU sol 	    Herm LU sol    HHL sol    L1_diff(%)
-8.775e-03  -8.775e-03  -3.262e-04  9.628e+01
-3.610e-03  -3.610e-03  -3.262e-04  9.096e+01
-1.971e-02  -1.971e-02  -1.726e-03  9.124e+01
-3.236e-02  -3.236e-02  -2.899e-03  9.104e+01
-3.185e-03  -3.185e-03  -3.262e-04  8.976e+01
-2.279e-02  -2.279e-02  -1.695e-03  9.256e+01
-1.110e-02  -1.110e-02  -1.032e-03  9.071e+01
 6.663e-03   6.663e-03   4.613e-04  9.308e+01
 3.653e-02   3.653e-02   2.954e-03  9.191e+01
 7.213e-04   7.213e-04   0.000e+00  1.000e+02
-2.410e-02  -2.410e-02  -1.957e-03  9.188e+01
 4.985e-03   4.985e-03   3.262e-04  9.346e+01
-3.508e-02  -3.508e-02  -2.825e-03  9.195e+01
-1.543e-02  -1.543e-02  -1.032e-03  9.331e+01
-5.199e-02  -5.199e-02  -4.035e-03  9.224e+01
========================================================================================

step: 8/15 res:1.0189409794061706, res/res0:0.08233621378638603  dq_norm: [0.00419031 0.00230669 0.00556482]

A info: before HHL prepare:
Spectral radius (A): 2.379e+01, lambda_min:3.8660692623008273
condition number(A): 6.155e+00, norm2_cond:68.70691306971935
det(A): 6.882e+15
--------------------------------------------------------------------------------

A_hhl info: after scaling by spectral radius:
Spectral radius (A): 1.000e+00, lambda_min:0.16248095215922587
condition number(A): 6.155e+00, norm2_cond:68.70691306971929
det(A): 1.551e-05, nnz: 11 non zeros per row
--------------------------------------------------------------------------------

Size of A & B are not power of 2:
Next 2 power of 15 = 16
Value to be padded = 1
--------------------------------------------------

==================== Print (N)^2 padded matrix system =======================
Padded shape of A: (15, 15)x(15, 15) -> (16, 16)x(16, 16)
Padded shape of B: (15,) -> (16,)
Determinant of padded matrix: 1.5512762116455007e-05
Condition # of padded matrix: 68.70691306971929


Matrix is not Hermitian. Making it Hermitian.......

==================== Print Hermitian matrix system info =======================
Shape of hermitian A: 16x16 -> 32x32
Shape of           B: 16 -> 32
Determinant of Hermitian matrix: 2.4064578848172157e-10
Condition # of Hermitian matrix: 68.70691306971942

=================================== Generating HHL circuit ===================================
Time elapsed for generating HHL circuit: 4 min 39.17 sec

Generated circuit: num_qubits=14, gates=19, depth=5
============================== Generated Circuit saved ==============================

============================== Transpiling circuit ==============================
Time elapsed for transpiling the circuit:  0 min 47.87 sec
Transpiled circuit, num_qubits: 14, (original: 14)
Transpiled circuit depth: 689027 (original: 5)
Transpiled circuit gates: 689127 (original: 19)
============================== Transpiled Circuit saved ==============================
Time elapsed for running the circuit:  1 min 9.99 sec
total_qubits: 14, nq:5

Time elapsed for extracting shots-based hhl counts solution:  0 min 0.00 sec

[HHL info]: linear system residual (e=||Ax-b||_2): 0.8062123679322748
[HHL info]: Fidelity(true_sol, hhl_sol): 0.9877392142602598
[HHL info]: L2 error (absolute): 0.0723107059459922
[HHL info]: L2 error (relative): 0.8692878422216309
[HHL info]: L2 error (normalized): 0.11089905151957488

========================================================================================
 Compare system solutions using LU of A, LU sol of A_herm, HHL of Ax=b hermition system
LU sol 	    Herm LU sol    HHL sol    L1_diff(%)
-8.383e-03  -8.383e-03  -8.058e-04  9.039e+01
-3.255e-03  -3.255e-03  -4.652e-04  8.571e+01
-1.782e-02  -1.782e-02  -2.418e-03  8.644e+01
-2.933e-02  -2.933e-02  -3.975e-03  8.645e+01
-2.901e-03  -2.901e-03  -0.000e+00  1.000e+02
-2.110e-02  -2.110e-02  -2.868e-03  8.641e+01
-1.007e-02  -1.007e-02  -1.396e-03  8.613e+01
 6.128e-03   6.128e-03   0.000e+00  1.000e+02
 3.351e-02   3.351e-02   4.161e-03  8.758e+01
 8.818e-04   8.818e-04   0.000e+00  1.000e+02
-2.197e-02  -2.197e-02  -3.323e-03  8.488e+01
 4.963e-03   4.963e-03   4.652e-04  9.063e+01
-3.177e-02  -3.177e-02  -3.751e-03  8.820e+01
-1.436e-02  -1.436e-02  -2.132e-03  8.516e+01
-4.713e-02  -4.713e-02  -6.328e-03  8.657e+01
========================================================================================

step: 9/15 res:0.9275471083757695, res/res0:0.07495107033253258  dq_norm: [0.00569811 0.00397508 0.00846445]

A info: before HHL prepare:
Spectral radius (A): 2.383e+01, lambda_min:3.8945067909538813
condition number(A): 6.118e+00, norm2_cond:68.50407160808572
det(A): 7.185e+15
--------------------------------------------------------------------------------

A_hhl info: after scaling by spectral radius:
Spectral radius (A): 1.000e+00, lambda_min:0.1634525775219283
condition number(A): 6.118e+00, norm2_cond:68.50407160808578
det(A): 1.587e-05, nnz: 11 non zeros per row
--------------------------------------------------------------------------------

Size of A & B are not power of 2:
Next 2 power of 15 = 16
Value to be padded = 1
--------------------------------------------------

==================== Print (N)^2 padded matrix system =======================
Padded shape of A: (15, 15)x(15, 15) -> (16, 16)x(16, 16)
Padded shape of B: (15,) -> (16,)
Determinant of padded matrix: 1.586790927551251e-05
Condition # of padded matrix: 68.50407160808578


Matrix is not Hermitian. Making it Hermitian.......

==================== Print Hermitian matrix system info =======================
Shape of hermitian A: 16x16 -> 32x32
Shape of           B: 16 -> 32
Determinant of Hermitian matrix: 2.51790544775895e-10
Condition # of Hermitian matrix: 68.5040716080859

=================================== Generating HHL circuit ===================================
Time elapsed for generating HHL circuit: 4 min 36.35 sec

Generated circuit: num_qubits=14, gates=19, depth=5
============================== Generated Circuit saved ==============================

============================== Transpiling circuit ==============================
Time elapsed for transpiling the circuit:  0 min 47.18 sec
Transpiled circuit, num_qubits: 14, (original: 14)
Transpiled circuit depth: 689027 (original: 5)
Transpiled circuit gates: 689127 (original: 19)
============================== Transpiled Circuit saved ==============================
Time elapsed for running the circuit:  1 min 8.93 sec
total_qubits: 14, nq:5

Time elapsed for extracting shots-based hhl counts solution:  0 min 0.00 sec

[HHL info]: linear system residual (e=||Ax-b||_2): 0.8030430834847582
[HHL info]: Fidelity(true_sol, hhl_sol): 0.9944365911924462
[HHL info]: L2 error (absolute): 0.0712172505084897
[HHL info]: L2 error (relative): 0.9962786053811031
[HHL info]: L2 error (normalized): 0.07464025915383686

========================================================================================
 Compare system solutions using LU of A, LU sol of A_herm, HHL of Ax=b hermition system
LU sol 	    Herm LU sol    HHL sol    L1_diff(%)
-7.493e-03  -7.493e-03  -3.604e-05  9.952e+01
-2.763e-03  -2.763e-03  -1.699e-05  9.939e+01
-1.521e-02  -1.521e-02  -6.007e-05  9.960e+01
-2.519e-02  -2.519e-02  -9.907e-05  9.961e+01
-2.961e-03  -2.961e-03  -1.201e-05  9.959e+01
-1.821e-02  -1.821e-02  -6.470e-05  9.964e+01
-8.660e-03  -8.660e-03  -2.943e-05  9.966e+01
 6.044e-03   6.044e-03   1.699e-05  9.972e+01
 2.931e-02   2.931e-02   1.108e-04  9.962e+01
 1.049e-03   1.049e-03   0.000e+00  1.000e+02
-1.847e-02  -1.847e-02  -7.108e-05  9.962e+01
 4.815e-03   4.815e-03   1.201e-05  9.975e+01
-2.753e-02  -2.753e-02  -9.384e-05  9.966e+01
-1.220e-02  -1.220e-02  -3.799e-05  9.969e+01
-3.996e-02  -3.996e-02  -1.515e-04  9.962e+01
========================================================================================

step: 10/15 res:0.8059843416351968, res/res0:0.06512810889206767  dq_norm: [1.44172988e-04 8.49547481e-05 2.07748668e-04]

A info: before HHL prepare:
Spectral radius (A): 2.383e+01, lambda_min:3.8953550055718007
condition number(A): 6.117e+00, norm2_cond:68.49734560478547
det(A): 7.194e+15
--------------------------------------------------------------------------------

A_hhl info: after scaling by spectral radius:
Spectral radius (A): 1.000e+00, lambda_min:0.16348190421007264
condition number(A): 6.117e+00, norm2_cond:68.49734560478554
det(A): 1.588e-05, nnz: 11 non zeros per row
--------------------------------------------------------------------------------

Size of A & B are not power of 2:
Next 2 power of 15 = 16
Value to be padded = 1
--------------------------------------------------

==================== Print (N)^2 padded matrix system =======================
Padded shape of A: (15, 15)x(15, 15) -> (16, 16)x(16, 16)
Padded shape of B: (15,) -> (16,)
Determinant of padded matrix: 1.5878077271741478e-05
Condition # of padded matrix: 68.49734560478554


Matrix is not Hermitian. Making it Hermitian.......

==================== Print Hermitian matrix system info =======================
Shape of hermitian A: 16x16 -> 32x32
Shape of           B: 16 -> 32
Determinant of Hermitian matrix: 2.521133378473933e-10
Condition # of Hermitian matrix: 68.4973456047856

=================================== Generating HHL circuit ===================================
Time elapsed for generating HHL circuit: 4 min 34.13 sec

Generated circuit: num_qubits=14, gates=19, depth=5
============================== Generated Circuit saved ==============================

============================== Transpiling circuit ==============================
Time elapsed for transpiling the circuit:  0 min 46.91 sec
Transpiled circuit, num_qubits: 14, (original: 14)
Transpiled circuit depth: 689027 (original: 5)
Transpiled circuit gates: 689127 (original: 19)
============================== Transpiled Circuit saved ==============================
Time elapsed for running the circuit:  1 min 8.15 sec
total_qubits: 14, nq:5

Time elapsed for extracting shots-based hhl counts solution:  0 min 0.00 sec

[HHL info]: linear system residual (e=||Ax-b||_2): 0.8026806674588759
[HHL info]: Fidelity(true_sol, hhl_sol): 0.9932088754536729
[HHL info]: L2 error (absolute): 0.07116399640722992
[HHL info]: L2 error (relative): 0.9995541722279326
[HHL info]: L2 error (normalized): 0.08247844389008706

========================================================================================
 Compare system solutions using LU of A, LU sol of A_herm, HHL of Ax=b hermition system
LU sol 	    Herm LU sol    HHL sol    L1_diff(%)
-7.455e-03  -7.455e-03  -3.783e-06  9.995e+01
-2.746e-03  -2.746e-03  -1.338e-06  9.995e+01
-1.514e-02  -1.514e-02  -6.415e-06  9.996e+01
-2.509e-02  -2.509e-02  -1.189e-05  9.995e+01
-2.951e-03  -2.951e-03  -0.000e+00  1.000e+02
-1.815e-02  -1.815e-02  -8.025e-06  9.996e+01
-8.630e-03  -8.630e-03  -4.013e-06  9.995e+01
 6.024e-03   6.024e-03   1.892e-06  9.997e+01
 2.920e-02   2.920e-02   1.434e-05  9.995e+01
 1.053e-03   1.053e-03   0.000e+00  1.000e+02
-1.840e-02  -1.840e-02  -7.799e-06  9.996e+01
 4.812e-03   4.812e-03   1.892e-06  9.996e+01
-2.742e-02  -2.742e-02  -1.103e-05  9.996e+01
-1.216e-02  -1.216e-02  -5.515e-06  9.995e+01
-3.978e-02  -3.978e-02  -1.759e-05  9.996e+01
========================================================================================

step: 11/15 res:0.8030429239311939, res/res0:0.064890425648576  dq_norm: [1.71289946e-05 9.82894326e-06 2.49874916e-05]

A info: before HHL prepare:
Spectral radius (A): 2.383e+01, lambda_min:3.895450693930577
condition number(A): 6.117e+00, norm2_cond:68.49678633005601
det(A): 7.195e+15
--------------------------------------------------------------------------------

A_hhl info: after scaling by spectral radius:
Spectral radius (A): 1.000e+00, lambda_min:0.1634851555415898
condition number(A): 6.117e+00, norm2_cond:68.4967863300563
det(A): 1.588e-05, nnz: 11 non zeros per row
--------------------------------------------------------------------------------

Size of A & B are not power of 2:
Next 2 power of 15 = 16
Value to be padded = 1
--------------------------------------------------

==================== Print (N)^2 padded matrix system =======================
Padded shape of A: (15, 15)x(15, 15) -> (16, 16)x(16, 16)
Padded shape of B: (15,) -> (16,)
Determinant of padded matrix: 1.5879214926538215e-05
Condition # of padded matrix: 68.4967863300563


Matrix is not Hermitian. Making it Hermitian.......

==================== Print Hermitian matrix system info =======================
Shape of hermitian A: 16x16 -> 32x32
Shape of           B: 16 -> 32
Determinant of Hermitian matrix: 2.5214946668319317e-10
Condition # of Hermitian matrix: 68.49678633005634

=================================== Generating HHL circuit ===================================
Time elapsed for generating HHL circuit: 4 min 28.13 sec

Generated circuit: num_qubits=14, gates=19, depth=5
============================== Generated Circuit saved ==============================

============================== Transpiling circuit ==============================
Time elapsed for transpiling the circuit:  0 min 45.80 sec
Transpiled circuit, num_qubits: 14, (original: 14)
Transpiled circuit depth: 689027 (original: 5)
Transpiled circuit gates: 689127 (original: 19)
============================== Transpiled Circuit saved ==============================
Time elapsed for running the circuit:  1 min 6.22 sec
total_qubits: 14, nq:5

Time elapsed for extracting shots-based hhl counts solution:  0 min 0.00 sec

[HHL info]: linear system residual (e=||Ax-b||_2): 0.7725003729568981
[HHL info]: Fidelity(true_sol, hhl_sol): 0.9955868517253876
[HHL info]: L2 error (absolute): 0.06817831934532287
[HHL info]: L2 error (relative): 0.958076285999082
[HHL info]: L2 error (normalized): 0.06646824819040777

========================================================================================
 Compare system solutions using LU of A, LU sol of A_herm, HHL of Ax=b hermition system
LU sol 	    Herm LU sol    HHL sol    L1_diff(%)
-7.451e-03  -7.451e-03  -3.109e-04  9.583e+01
-2.744e-03  -2.744e-03  -1.269e-04  9.537e+01
-1.514e-02  -1.514e-02  -5.954e-04  9.607e+01
-2.508e-02  -2.508e-02  -1.007e-03  9.598e+01
-2.951e-03  -2.951e-03  -2.539e-04  9.140e+01
-1.814e-02  -1.814e-02  -7.616e-04  9.580e+01
-8.626e-03  -8.626e-03  -2.838e-04  9.671e+01
 6.022e-03   6.022e-03   2.539e-04  9.578e+01
 2.919e-02   2.919e-02   1.211e-03  9.585e+01
 1.054e-03   1.054e-03   0.000e+00  1.000e+02
-1.839e-02  -1.839e-02  -7.721e-04  9.580e+01
 4.810e-03   4.810e-03   1.795e-04  9.627e+01
-2.741e-02  -2.741e-02  -1.107e-03  9.596e+01
-1.215e-02  -1.215e-02  -5.077e-04  9.582e+01
-3.976e-02  -3.976e-02  -1.759e-03  9.558e+01
========================================================================================

step: 12/15 res:0.8026806650955538, res/res0:0.06486115307878039  dq_norm: [0.00155456 0.00099944 0.00235076]

A info: before HHL prepare:
Spectral radius (A): 2.384e+01, lambda_min:3.9046328022207795
condition number(A): 6.105e+00, norm2_cond:68.42168130608685
det(A): 7.290e+15
--------------------------------------------------------------------------------

A_hhl info: after scaling by spectral radius:
Spectral radius (A): 1.000e+00, lambda_min:0.16380262092873948
condition number(A): 6.105e+00, norm2_cond:68.42168130608695
det(A): 1.599e-05, nnz: 11 non zeros per row
--------------------------------------------------------------------------------

Size of A & B are not power of 2:
Next 2 power of 15 = 16
Value to be padded = 1
--------------------------------------------------

==================== Print (N)^2 padded matrix system =======================
Padded shape of A: (15, 15)x(15, 15) -> (16, 16)x(16, 16)
Padded shape of B: (15,) -> (16,)
Determinant of padded matrix: 1.5989583761263784e-05
Condition # of padded matrix: 68.42168130608695


Matrix is not Hermitian. Making it Hermitian.......

==================== Print Hermitian matrix system info =======================
Shape of hermitian A: 16x16 -> 32x32
Shape of           B: 16 -> 32
Determinant of Hermitian matrix: 2.556667888584714e-10
Condition # of Hermitian matrix: 68.42168130608707

=================================== Generating HHL circuit ===================================
Time elapsed for generating HHL circuit: 4 min 16.85 sec

Generated circuit: num_qubits=14, gates=19, depth=5
============================== Generated Circuit saved ==============================

============================== Transpiling circuit ==============================
Time elapsed for transpiling the circuit:  0 min 44.27 sec
Transpiled circuit, num_qubits: 14, (original: 14)
Transpiled circuit depth: 689027 (original: 5)
Transpiled circuit gates: 689127 (original: 19)
============================== Transpiled Circuit saved ==============================
Time elapsed for running the circuit:  1 min 4.88 sec
total_qubits: 14, nq:5

Time elapsed for extracting shots-based hhl counts solution:  0 min 0.00 sec

[HHL info]: linear system residual (e=||Ax-b||_2): 0.7581602155166929
[HHL info]: Fidelity(true_sol, hhl_sol): 0.9949782551113648
[HHL info]: L2 error (absolute): 0.06664950770350161
[HHL info]: L2 error (relative): 0.9809204861243035
[HHL info]: L2 error (normalized): 0.07090885169474527

========================================================================================
 Compare system solutions using LU of A, LU sol of A_herm, HHL of Ax=b hermition system
LU sol 	    Herm LU sol    HHL sol    L1_diff(%)
-7.124e-03  -7.124e-03  -1.215e-04  9.829e+01
-2.613e-03  -2.613e-03  -5.434e-05  9.792e+01
-1.451e-02  -1.451e-02  -2.490e-04  9.828e+01
-2.404e-02  -2.404e-02  -4.415e-04  9.816e+01
-2.707e-03  -2.707e-03  -0.000e+00  1.000e+02
-1.738e-02  -1.738e-02  -3.686e-04  9.788e+01
-8.344e-03  -8.344e-03  -1.438e-04  9.828e+01
 5.746e-03   5.746e-03   9.413e-05  9.836e+01
 2.796e-02   2.796e-02   5.269e-04  9.812e+01
 1.102e-03   1.102e-03   5.434e-05  9.507e+01
-1.757e-02  -1.757e-02  -3.261e-04  9.814e+01
 4.724e-03   4.724e-03   1.087e-04  9.770e+01
-2.616e-02  -2.616e-02  -5.184e-04  9.802e+01
-1.164e-02  -1.164e-02  -2.490e-04  9.786e+01
-3.775e-02  -3.775e-02  -7.209e-04  9.809e+01
========================================================================================

step: 13/15 res:0.7724812842861256, res/res0:0.06242087172314125  dq_norm: [0.00070855 0.00042444 0.00100352]

A info: before HHL prepare:
Spectral radius (A): 2.384e+01, lambda_min:3.9087358295737906
condition number(A): 6.100e+00, norm2_cond:68.39146385862863
det(A): 7.334e+15
--------------------------------------------------------------------------------

A_hhl info: after scaling by spectral radius:
Spectral radius (A): 1.000e+00, lambda_min:0.1639470123756596
condition number(A): 6.100e+00, norm2_cond:68.39146385862848
det(A): 1.604e-05, nnz: 11 non zeros per row
--------------------------------------------------------------------------------

Size of A & B are not power of 2:
Next 2 power of 15 = 16
Value to be padded = 1
--------------------------------------------------

==================== Print (N)^2 padded matrix system =======================
Padded shape of A: (15, 15)x(15, 15) -> (16, 16)x(16, 16)
Padded shape of B: (15,) -> (16,)
Determinant of padded matrix: 1.604429781314246e-05
Condition # of padded matrix: 68.39146385862848


Matrix is not Hermitian. Making it Hermitian.......

==================== Print Hermitian matrix system info =======================
Shape of hermitian A: 16x16 -> 32x32
Shape of           B: 16 -> 32
Determinant of Hermitian matrix: 2.574194923168071e-10
Condition # of Hermitian matrix: 68.39146385862865

=================================== Generating HHL circuit ===================================
Time elapsed for generating HHL circuit: 4 min 8.47 sec

Generated circuit: num_qubits=14, gates=19, depth=5
============================== Generated Circuit saved ==============================

============================== Transpiling circuit ==============================
Time elapsed for transpiling the circuit:  0 min 41.83 sec
Transpiled circuit, num_qubits: 14, (original: 14)
Transpiled circuit depth: 689027 (original: 5)
Transpiled circuit gates: 689127 (original: 19)
============================== Transpiled Circuit saved ==============================
Time elapsed for running the circuit:  1 min 2.50 sec
total_qubits: 14, nq:5

Time elapsed for extracting shots-based hhl counts solution:  0 min 0.00 sec

[HHL info]: linear system residual (e=||Ax-b||_2): 0.7201167742456837
[HHL info]: Fidelity(true_sol, hhl_sol): 0.9923217354740579
[HHL info]: L2 error (absolute): 0.06353777462482557
[HHL info]: L2 error (relative): 0.9547287553002677
[HHL info]: L2 error (normalized): 0.08771009246496105

========================================================================================
 Compare system solutions using LU of A, LU sol of A_herm, HHL of Ax=b hermition system
LU sol 	    Herm LU sol    HHL sol    L1_diff(%)
-6.994e-03  -6.994e-03  -3.291e-04  9.529e+01
-2.556e-03  -2.556e-03  -1.343e-04  9.474e+01
-1.424e-02  -1.424e-02  -6.156e-04  9.568e+01
-2.358e-02  -2.358e-02  -9.781e-04  9.585e+01
-2.714e-03  -2.714e-03  -1.343e-04  9.505e+01
-1.701e-02  -1.701e-02  -7.718e-04  9.546e+01
-8.200e-03  -8.200e-03  -4.030e-04  9.508e+01
 5.641e-03   5.641e-03   2.327e-04  9.587e+01
 2.742e-02   2.742e-02   1.289e-03  9.530e+01
 1.069e-03   1.069e-03   0.000e+00  1.000e+02
-1.722e-02  -1.722e-02  -9.872e-04  9.427e+01
 4.657e-03   4.657e-03   1.343e-04  9.712e+01
-2.558e-02  -2.558e-02  -1.083e-03  9.577e+01
-1.138e-02  -1.138e-02  -5.203e-04  9.543e+01
-3.693e-02  -3.693e-02  -1.662e-03  9.550e+01
========================================================================================

step: 14/15 res:0.7581555186581173, res/res0:0.06126326855942437  dq_norm: [0.00154935 0.00115569 0.00232694]
Completed: 14 steps in 6878.49s
Saved metadata to /lustre/orion/ard189/proj-shared/nozzle_1d_results/nelem5/statevector/shots_100000/trial_5/metadata_nelem5_HHL_statevector_nshots100000.pkl

Solution summary:
  x/L: [0.1000, 0.9000]
  Mach: [1.5105, 2.0473]
  p/p_in: [0.9893, 0.3943]
  rho/rho_in: [0.9939, 0.5068]
Saved combined plot to /lustre/orion/ard189/proj-shared/nozzle_1d_results/nelem5/statevector/shots_100000/trial_5/solution_plot_nelem5_HHL_statevector_nshots100000.png
