
------------------------------------------------------------
Using ideal local simulator with 'statevector' method
Backend: aer_simulator_statevector
Shots: 5000
------------------------------------------------------------

A info: before HHL prepare:
Spectral radius (A): 9.808e+01, lambda_min:5.866129498146235
condition number(A): 1.672e+01, norm2_cond:401.8614855890083
det(A): 2.657e+93
--------------------------------------------------------------------------------

A_hhl info: after scaling by spectral radius:
Spectral radius (A): 1.000e+00, lambda_min:0.05980937346031271
condition number(A): 1.672e+01, norm2_cond:401.8614855890105
det(A): 8.499e-27, nnz: 12 non zeros per row
--------------------------------------------------------------------------------

Size of A & B are not power of 2:
Next 2 power of 60 = 64
Value to be padded = 4
--------------------------------------------------

==================== Print (N)^2 padded matrix system =======================
Padded shape of A: (60, 60)x(60, 60) -> (64, 64)x(64, 64)
Padded shape of B: (60,) -> (64,)
Determinant of padded matrix: 8.499054744892335e-27
Condition # of padded matrix: 401.8614855890105


Matrix is not Hermitian. Making it Hermitian.......

==================== Print Hermitian matrix system info =======================
Shape of hermitian A: 64x64 -> 128x128
Shape of           B: 64 -> 128
Determinant of Hermitian matrix: 7.223393155667588e-53
Condition # of Hermitian matrix: 401.86148558902164

=================================== Generating HHL circuit ===================================
Time elapsed for generating HHL circuit: 4 min 48.65 sec

Generated circuit: num_qubits=18, gates=23, depth=5
============================== Generated Circuit saved ==============================

============================== Transpiling circuit ==============================
This is using the AerSimulator('aer_simulator_statevector') transpiler.
Time elapsed for transpiling the circuit:  0 min 51.89 sec
Transpiled circuit, num_qubits: 18, (original: 18)
Transpiled circuit depth: 464201 (original: 5)
Transpiled circuit gates: 464353 (original: 23)
============================== Transpiled Circuit saved ==============================
Time elapsed for running the circuit:  2 min 30.86 sec
total_qubits: 18, nq:7

Time elapsed for extracting shots-based hhl counts solution:  0 min 0.00 sec

[HHL info]: linear system residual (e=||Ax-b||_2): 22.419454112358945
[HHL info]: Fidelity(true_sol, hhl_sol): 0.787611699399873
[HHL info]: L2 error (absolute): 5.392255877942283
[HHL info]: L2 error (relative): 0.996839186577528
[HHL info]: L2 error (normalized): 0.47439456001214503

========================================================================================
 Compare system solutions using LU of A, LU sol of A_herm, HHL of Ax=b hermition system
LU sol 	    Herm LU sol    HHL sol    L1_diff(%)
-2.338e-04  -2.338e-04  -0.000e+00  1.000e+02
-1.963e-04  -1.963e-04  -0.000e+00  1.000e+02
-6.159e-04  -6.159e-04  -0.000e+00  1.000e+02
-8.210e-04  -8.210e-04  -0.000e+00  1.000e+02
-7.266e-04  -7.266e-04  -0.000e+00  1.000e+02
-2.219e-03  -2.219e-03  -0.000e+00  1.000e+02
-1.793e-03  -1.793e-03  -0.000e+00  1.000e+02
-1.753e-03  -1.753e-03  -0.000e+00  1.000e+02
-5.094e-03  -5.094e-03  -0.000e+00  1.000e+02
-3.854e-03  -3.854e-03  -0.000e+00  1.000e+02
-3.983e-03  -3.983e-03  -0.000e+00  1.000e+02
-1.127e-02  -1.127e-02  -0.000e+00  1.000e+02
-9.906e-03  -9.906e-03  -0.000e+00  1.000e+02
-9.642e-03  -9.642e-03  -0.000e+00  1.000e+02
-2.806e-02  -2.806e-02  -0.000e+00  1.000e+02
-2.691e-02  -2.691e-02  -0.000e+00  1.000e+02
-2.384e-02  -2.384e-02  -0.000e+00  1.000e+02
-7.270e-02  -7.270e-02  -0.000e+00  1.000e+02
-6.552e-02  -6.552e-02  -0.000e+00  1.000e+02
-5.523e-02  -5.523e-02  -0.000e+00  1.000e+02
-1.723e-01  -1.723e-01  -0.000e+00  1.000e+02
-1.346e-01  -1.346e-01  -0.000e+00  1.000e+02
-1.143e-01  -1.143e-01  -0.000e+00  1.000e+02
-3.520e-01  -3.520e-01  -0.000e+00  1.000e+02
-2.317e-01  -2.317e-01  -0.000e+00  1.000e+02
-2.062e-01  -2.062e-01  -0.000e+00  1.000e+02
-6.108e-01  -6.108e-01  -2.287e-03  9.963e+01
-3.379e-01  -3.379e-01  -0.000e+00  1.000e+02
-3.187e-01  -3.187e-01  -0.000e+00  1.000e+02
-9.014e-01  -9.014e-01  -0.000e+00  1.000e+02
-4.286e-01  -4.286e-01  -2.287e-03  9.947e+01
-4.234e-01  -4.234e-01  -0.000e+00  1.000e+02
-1.154e+00  -1.154e+00  -6.052e-03  9.948e+01
-4.911e-01  -4.911e-01  -0.000e+00  1.000e+02
-4.997e-01  -4.997e-01  -0.000e+00  1.000e+02
-1.329e+00  -1.329e+00  -6.052e-03  9.954e+01
-5.282e-01  -5.282e-01  -3.235e-03  9.939e+01
-5.462e-01  -5.462e-01  -0.000e+00  1.000e+02
-1.433e+00  -1.433e+00  -3.235e-03  9.977e+01
-5.481e-01  -5.481e-01  -2.287e-03  9.958e+01
-5.715e-01  -5.715e-01  -4.575e-03  9.920e+01
-1.489e+00  -1.489e+00  -4.575e-03  9.969e+01
-5.581e-01  -5.581e-01  -3.962e-03  9.929e+01
-5.842e-01  -5.842e-01  -0.000e+00  1.000e+02
-1.517e+00  -1.517e+00  -5.115e-03  9.966e+01
-5.629e-01  -5.629e-01  -0.000e+00  1.000e+02
-5.904e-01  -5.904e-01  -3.235e-03  9.945e+01
-1.530e+00  -1.530e+00  -5.115e-03  9.967e+01
-5.652e-01  -5.652e-01  -0.000e+00  1.000e+02
-5.933e-01  -5.933e-01  -2.287e-03  9.961e+01
-1.536e+00  -1.536e+00  -6.052e-03  9.961e+01
-5.662e-01  -5.662e-01  -0.000e+00  1.000e+02
-5.946e-01  -5.946e-01  -0.000e+00  1.000e+02
-1.539e+00  -1.539e+00  -5.115e-03  9.967e+01
-5.667e-01  -5.667e-01  -0.000e+00  1.000e+02
-5.952e-01  -5.952e-01  -2.287e-03  9.962e+01
-1.541e+00  -1.541e+00  -6.052e-03  9.961e+01
-5.670e-01  -5.670e-01  -2.287e-03  9.960e+01
-5.955e-01  -5.955e-01  -0.000e+00  1.000e+02
-1.541e+00  -1.541e+00  -5.115e-03  9.967e+01
========================================================================================

step: 0/15 res:22.437797065296795, res/res0:1.0  dq_norm: [0.00646978 0.00646978 0.01696392]

A info: before HHL prepare:
Spectral radius (A): 9.809e+01, lambda_min:5.868031912636031
condition number(A): 1.672e+01, norm2_cond:401.1996995646652
det(A): 2.730e+93
--------------------------------------------------------------------------------

A_hhl info: after scaling by spectral radius:
Spectral radius (A): 1.000e+00, lambda_min:0.05982123932735992
condition number(A): 1.672e+01, norm2_cond:401.19969956465945
det(A): 8.669e-27, nnz: 13 non zeros per row
--------------------------------------------------------------------------------

Size of A & B are not power of 2:
Next 2 power of 60 = 64
Value to be padded = 4
--------------------------------------------------

==================== Print (N)^2 padded matrix system =======================
Padded shape of A: (60, 60)x(60, 60) -> (64, 64)x(64, 64)
Padded shape of B: (60,) -> (64,)
Determinant of padded matrix: 8.668549633106857e-27
Condition # of padded matrix: 401.19969956465945


Matrix is not Hermitian. Making it Hermitian.......

==================== Print Hermitian matrix system info =======================
Shape of hermitian A: 64x64 -> 128x128
Shape of           B: 64 -> 128
Determinant of Hermitian matrix: 7.5143752741632755e-53
Condition # of Hermitian matrix: 401.199699564668

=================================== Generating HHL circuit ===================================
Time elapsed for generating HHL circuit: 4 min 55.62 sec

Generated circuit: num_qubits=18, gates=23, depth=5
============================== Generated Circuit saved ==============================

============================== Transpiling circuit ==============================
This is using the AerSimulator('aer_simulator_statevector') transpiler.
Time elapsed for transpiling the circuit:  0 min 47.33 sec
Transpiled circuit, num_qubits: 18, (original: 18)
Transpiled circuit depth: 464197 (original: 5)
Transpiled circuit gates: 464349 (original: 23)
============================== Transpiled Circuit saved ==============================
Time elapsed for running the circuit:  2 min 34.78 sec
total_qubits: 18, nq:7

Time elapsed for extracting shots-based hhl counts solution:  0 min 0.00 sec

[HHL info]: linear system residual (e=||Ax-b||_2): 22.131678335985043
[HHL info]: Fidelity(true_sol, hhl_sol): 0.8816288295028766
[HHL info]: L2 error (absolute): 5.314458740357886
[HHL info]: L2 error (relative): 0.9861289095262445
[HHL info]: L2 error (normalized): 0.3494254723245982

========================================================================================
 Compare system solutions using LU of A, LU sol of A_herm, HHL of Ax=b hermition system
LU sol 	    Herm LU sol    HHL sol    L1_diff(%)
-2.342e-04  -2.342e-04  -0.000e+00  1.000e+02
-1.964e-04  -1.964e-04  -0.000e+00  1.000e+02
-6.167e-04  -6.167e-04  -0.000e+00  1.000e+02
-8.213e-04  -8.213e-04  -0.000e+00  1.000e+02
-7.268e-04  -7.268e-04  -0.000e+00  1.000e+02
-2.220e-03  -2.220e-03  -0.000e+00  1.000e+02
-1.791e-03  -1.791e-03  -0.000e+00  1.000e+02
-1.752e-03  -1.752e-03  -0.000e+00  1.000e+02
-5.089e-03  -5.089e-03  -0.000e+00  1.000e+02
-3.846e-03  -3.846e-03  -0.000e+00  1.000e+02
-3.979e-03  -3.979e-03  -0.000e+00  1.000e+02
-1.125e-02  -1.125e-02  -0.000e+00  1.000e+02
-9.898e-03  -9.898e-03  -0.000e+00  1.000e+02
-9.638e-03  -9.638e-03  -0.000e+00  1.000e+02
-2.805e-02  -2.805e-02  -0.000e+00  1.000e+02
-2.692e-02  -2.692e-02  -0.000e+00  1.000e+02
-2.384e-02  -2.384e-02  -0.000e+00  1.000e+02
-7.273e-02  -7.273e-02  -0.000e+00  1.000e+02
-6.558e-02  -6.558e-02  -0.000e+00  1.000e+02
-5.526e-02  -5.526e-02  -0.000e+00  1.000e+02
-1.724e-01  -1.724e-01  -0.000e+00  1.000e+02
-1.347e-01  -1.347e-01  -0.000e+00  1.000e+02
-1.144e-01  -1.144e-01  -0.000e+00  1.000e+02
-3.522e-01  -3.522e-01  -0.000e+00  1.000e+02
-2.316e-01  -2.316e-01  -0.000e+00  1.000e+02
-2.061e-01  -2.061e-01  -0.000e+00  1.000e+02
-6.081e-01  -6.081e-01  -8.176e-03  9.866e+01
-3.374e-01  -3.374e-01  -0.000e+00  1.000e+02
-3.187e-01  -3.187e-01  -0.000e+00  1.000e+02
-9.003e-01  -9.003e-01  -1.635e-02  9.818e+01
-4.254e-01  -4.254e-01  -8.176e-03  9.808e+01
-4.234e-01  -4.234e-01  -8.176e-03  9.807e+01
-1.145e+00  -1.145e+00  -1.635e-02  9.857e+01
-4.905e-01  -4.905e-01  -0.000e+00  1.000e+02
-4.998e-01  -4.998e-01  -1.156e-02  9.769e+01
-1.321e+00  -1.321e+00  -2.453e-02  9.814e+01
-5.242e-01  -5.242e-01  -0.000e+00  1.000e+02
-5.462e-01  -5.462e-01  -8.176e-03  9.850e+01
-1.429e+00  -1.429e+00  -2.313e-02  9.838e+01
-5.450e-01  -5.450e-01  -1.635e-02  9.700e+01
-5.667e-01  -5.667e-01  -0.000e+00  1.000e+02
-1.483e+00  -1.483e+00  -1.635e-02  9.890e+01
-5.540e-01  -5.540e-01  -8.176e-03  9.852e+01
-5.848e-01  -5.848e-01  -1.156e-02  9.802e+01
-1.512e+00  -1.512e+00  -1.416e-02  9.906e+01
-5.638e-01  -5.638e-01  -8.176e-03  9.855e+01
-5.869e-01  -5.869e-01  -1.156e-02  9.803e+01
-1.527e+00  -1.527e+00  -2.163e-02  9.858e+01
-5.660e-01  -5.660e-01  -8.176e-03  9.856e+01
-5.911e-01  -5.911e-01  -0.000e+00  1.000e+02
-1.531e+00  -1.531e+00  -2.163e-02  9.859e+01
-5.668e-01  -5.668e-01  -1.156e-02  9.796e+01
-5.947e-01  -5.947e-01  -0.000e+00  1.000e+02
-1.535e+00  -1.535e+00  -2.313e-02  9.849e+01
-5.663e-01  -5.663e-01  -8.176e-03  9.856e+01
-5.925e-01  -5.925e-01  -1.156e-02  9.805e+01
-1.533e+00  -1.533e+00  -2.163e-02  9.859e+01
-5.630e-01  -5.630e-01  -8.176e-03  9.855e+01
-5.954e-01  -5.954e-01  -1.635e-02  9.725e+01
-1.532e+00  -1.532e+00  -2.163e-02  9.859e+01
========================================================================================

step: 1/15 res:22.419528725266172, res/res0:0.9991858229229251  dq_norm: [0.02832256 0.03059187 0.06791512]

A info: before HHL prepare:
Spectral radius (A): 9.806e+01, lambda_min:5.918605653232865
condition number(A): 1.657e+01, norm2_cond:399.3319123675346
det(A): 2.906e+93
--------------------------------------------------------------------------------

A_hhl info: after scaling by spectral radius:
Spectral radius (A): 1.000e+00, lambda_min:0.06035571533748392
condition number(A): 1.657e+01, norm2_cond:399.331912367531
det(A): 9.401e-27, nnz: 24 non zeros per row
--------------------------------------------------------------------------------

Size of A & B are not power of 2:
Next 2 power of 60 = 64
Value to be padded = 4
--------------------------------------------------

==================== Print (N)^2 padded matrix system =======================
Padded shape of A: (60, 60)x(60, 60) -> (64, 64)x(64, 64)
Padded shape of B: (60,) -> (64,)
Determinant of padded matrix: 9.401245573638075e-27
Condition # of padded matrix: 399.331912367531


Matrix is not Hermitian. Making it Hermitian.......

==================== Print Hermitian matrix system info =======================
Shape of hermitian A: 64x64 -> 128x128
Shape of           B: 64 -> 128
Determinant of Hermitian matrix: 8.838341833584572e-53
Condition # of Hermitian matrix: 399.33191236753885

=================================== Generating HHL circuit ===================================
Time elapsed for generating HHL circuit: 5 min 8.11 sec

Generated circuit: num_qubits=18, gates=23, depth=5
============================== Generated Circuit saved ==============================

============================== Transpiling circuit ==============================
This is using the AerSimulator('aer_simulator_statevector') transpiler.
Time elapsed for transpiling the circuit:  0 min 48.71 sec
Transpiled circuit, num_qubits: 18, (original: 18)
Transpiled circuit depth: 464199 (original: 5)
Transpiled circuit gates: 464351 (original: 23)
============================== Transpiled Circuit saved ==============================
Time elapsed for running the circuit:  2 min 30.81 sec
total_qubits: 18, nq:7

Time elapsed for extracting shots-based hhl counts solution:  0 min 0.00 sec

[HHL info]: linear system residual (e=||Ax-b||_2): 21.81479028075141
[HHL info]: Fidelity(true_sol, hhl_sol): 0.8300442319660735
[HHL info]: L2 error (absolute): 5.219348669575067
[HHL info]: L2 error (relative): 0.9843197020499004
[HHL info]: L2 error (normalized): 0.4217401260583577

========================================================================================
 Compare system solutions using LU of A, LU sol of A_herm, HHL of Ax=b hermition system
LU sol 	    Herm LU sol    HHL sol    L1_diff(%)
-2.327e-04  -2.327e-04  -0.000e+00  1.000e+02
-1.957e-04  -1.957e-04  -0.000e+00  1.000e+02
-6.135e-04  -6.135e-04  -0.000e+00  1.000e+02
-8.127e-04  -8.127e-04  -0.000e+00  1.000e+02
-7.224e-04  -7.224e-04  -0.000e+00  1.000e+02
-2.201e-03  -2.201e-03  -0.000e+00  1.000e+02
-1.774e-03  -1.774e-03  -0.000e+00  1.000e+02
-1.743e-03  -1.743e-03  -0.000e+00  1.000e+02
-5.054e-03  -5.054e-03  -0.000e+00  1.000e+02
-3.843e-03  -3.843e-03  -0.000e+00  1.000e+02
-3.977e-03  -3.977e-03  -0.000e+00  1.000e+02
-1.124e-02  -1.124e-02  -0.000e+00  1.000e+02
-9.962e-03  -9.962e-03  -0.000e+00  1.000e+02
-9.673e-03  -9.673e-03  -0.000e+00  1.000e+02
-2.818e-02  -2.818e-02  -0.000e+00  1.000e+02
-2.707e-02  -2.707e-02  -0.000e+00  1.000e+02
-2.391e-02  -2.391e-02  -0.000e+00  1.000e+02
-7.303e-02  -7.303e-02  -0.000e+00  1.000e+02
-6.557e-02  -6.557e-02  -0.000e+00  1.000e+02
-5.520e-02  -5.520e-02  -0.000e+00  1.000e+02
-1.724e-01  -1.724e-01  -0.000e+00  1.000e+02
-1.342e-01  -1.342e-01  -1.056e-02  9.213e+01
-1.141e-01  -1.141e-01  -0.000e+00  1.000e+02
-3.512e-01  -3.512e-01  -1.056e-02  9.699e+01
-2.307e-01  -2.307e-01  -0.000e+00  1.000e+02
-2.058e-01  -2.058e-01  -0.000e+00  1.000e+02
-5.967e-01  -5.967e-01  -1.056e-02  9.823e+01
-3.376e-01  -3.376e-01  -0.000e+00  1.000e+02
-3.194e-01  -3.194e-01  -0.000e+00  1.000e+02
-8.826e-01  -8.826e-01  -1.493e-02  9.831e+01
-4.190e-01  -4.190e-01  -1.056e-02  9.748e+01
-4.161e-01  -4.161e-01  -1.056e-02  9.746e+01
-1.133e+00  -1.133e+00  -2.585e-02  9.772e+01
-4.914e-01  -4.914e-01  -1.056e-02  9.785e+01
-4.862e-01  -4.862e-01  -0.000e+00  1.000e+02
-1.296e+00  -1.296e+00  -1.056e-02  9.919e+01
-5.219e-01  -5.219e-01  -1.056e-02  9.798e+01
-5.376e-01  -5.376e-01  -1.056e-02  9.804e+01
-1.398e+00  -1.398e+00  -1.828e-02  9.869e+01
-5.265e-01  -5.265e-01  -0.000e+00  1.000e+02
-5.690e-01  -5.690e-01  -0.000e+00  1.000e+02
-1.463e+00  -1.463e+00  -2.985e-02  9.796e+01
-5.448e-01  -5.448e-01  -0.000e+00  1.000e+02
-5.724e-01  -5.724e-01  -1.056e-02  9.816e+01
-1.497e+00  -1.497e+00  -1.828e-02  9.878e+01
-5.510e-01  -5.510e-01  -1.056e-02  9.808e+01
-5.736e-01  -5.736e-01  -1.493e-02  9.740e+01
-1.495e+00  -1.495e+00  -1.056e-02  9.929e+01
-5.515e-01  -5.515e-01  -1.828e-02  9.668e+01
-5.914e-01  -5.914e-01  -1.828e-02  9.691e+01
-1.494e+00  -1.494e+00  -2.793e-02  9.813e+01
-5.516e-01  -5.516e-01  -0.000e+00  1.000e+02
-5.960e-01  -5.960e-01  -1.493e-02  9.750e+01
-1.503e+00  -1.503e+00  -2.585e-02  9.828e+01
-5.587e-01  -5.587e-01  -0.000e+00  1.000e+02
-5.811e-01  -5.811e-01  -1.056e-02  9.818e+01
-1.513e+00  -1.513e+00  -2.985e-02  9.803e+01
-5.574e-01  -5.574e-01  -1.056e-02  9.811e+01
-5.791e-01  -5.791e-01  -1.056e-02  9.818e+01
-1.517e+00  -1.517e+00  -2.793e-02  9.816e+01
========================================================================================

step: 2/15 res:22.13474841018496, res/res0:0.9864938320713962  dq_norm: [0.03166536 0.03656401 0.07756398]

A info: before HHL prepare:
Spectral radius (A): 9.812e+01, lambda_min:5.92752461508106
condition number(A): 1.655e+01, norm2_cond:399.04599054410556
det(A): 3.079e+93
--------------------------------------------------------------------------------

A_hhl info: after scaling by spectral radius:
Spectral radius (A): 1.000e+00, lambda_min:0.06041194904355733
condition number(A): 1.655e+01, norm2_cond:399.0459905441033
det(A): 9.625e-27, nnz: 14 non zeros per row
--------------------------------------------------------------------------------

Size of A & B are not power of 2:
Next 2 power of 60 = 64
Value to be padded = 4
--------------------------------------------------

==================== Print (N)^2 padded matrix system =======================
Padded shape of A: (60, 60)x(60, 60) -> (64, 64)x(64, 64)
Padded shape of B: (60,) -> (64,)
Determinant of padded matrix: 9.625003094623918e-27
Condition # of padded matrix: 399.0459905441033


Matrix is not Hermitian. Making it Hermitian.......

==================== Print Hermitian matrix system info =======================
Shape of hermitian A: 64x64 -> 128x128
Shape of           B: 64 -> 128
Determinant of Hermitian matrix: 9.264068457152e-53
Condition # of Hermitian matrix: 399.0459905441064

=================================== Generating HHL circuit ===================================
Time elapsed for generating HHL circuit: 4 min 54.17 sec

Generated circuit: num_qubits=18, gates=23, depth=5
============================== Generated Circuit saved ==============================

============================== Transpiling circuit ==============================
This is using the AerSimulator('aer_simulator_statevector') transpiler.
Time elapsed for transpiling the circuit:  0 min 52.74 sec
Transpiled circuit, num_qubits: 18, (original: 18)
Transpiled circuit depth: 464201 (original: 5)
Transpiled circuit gates: 464353 (original: 23)
============================== Transpiled Circuit saved ==============================
Time elapsed for running the circuit:  2 min 32.96 sec
total_qubits: 18, nq:7

Time elapsed for extracting shots-based hhl counts solution:  0 min 0.00 sec

[HHL info]: linear system residual (e=||Ax-b||_2): 21.787528575674575
[HHL info]: Fidelity(true_sol, hhl_sol): 0.8814914423331507
[HHL info]: L2 error (absolute): 5.193649966101501
[HHL info]: L2 error (relative): 0.9949674165648003
[HHL info]: L2 error (normalized): 0.3496347898491728

========================================================================================
 Compare system solutions using LU of A, LU sol of A_herm, HHL of Ax=b hermition system
LU sol 	    Herm LU sol    HHL sol    L1_diff(%)
-2.256e-04  -2.256e-04  -0.000e+00  1.000e+02
-1.921e-04  -1.921e-04  -0.000e+00  1.000e+02
-5.985e-04  -5.985e-04  -0.000e+00  1.000e+02
-8.026e-04  -8.026e-04  -0.000e+00  1.000e+02
-7.171e-04  -7.171e-04  -0.000e+00  1.000e+02
-2.180e-03  -2.180e-03  -0.000e+00  1.000e+02
-1.804e-03  -1.804e-03  -0.000e+00  1.000e+02
-1.759e-03  -1.759e-03  -0.000e+00  1.000e+02
-5.117e-03  -5.117e-03  -0.000e+00  1.000e+02
-3.976e-03  -3.976e-03  -0.000e+00  1.000e+02
-4.047e-03  -4.047e-03  -0.000e+00  1.000e+02
-1.152e-02  -1.152e-02  -0.000e+00  1.000e+02
-1.014e-02  -1.014e-02  -0.000e+00  1.000e+02
-9.754e-03  -9.754e-03  -0.000e+00  1.000e+02
-2.856e-02  -2.856e-02  -0.000e+00  1.000e+02
-2.687e-02  -2.687e-02  -0.000e+00  1.000e+02
-2.374e-02  -2.374e-02  -0.000e+00  1.000e+02
-7.264e-02  -7.264e-02  -0.000e+00  1.000e+02
-6.470e-02  -6.470e-02  -0.000e+00  1.000e+02
-5.495e-02  -5.495e-02  -0.000e+00  1.000e+02
-1.705e-01  -1.705e-01  -0.000e+00  1.000e+02
-1.228e-01  -1.228e-01  -0.000e+00  1.000e+02
-1.147e-01  -1.147e-01  -3.091e-03  9.731e+01
-3.392e-01  -3.392e-01  -4.371e-03  9.871e+01
-2.305e-01  -2.305e-01  -0.000e+00  1.000e+02
-2.058e-01  -2.058e-01  -0.000e+00  1.000e+02
-5.844e-01  -5.844e-01  -4.371e-03  9.925e+01
-3.363e-01  -3.363e-01  -4.371e-03  9.870e+01
-3.191e-01  -3.191e-01  -0.000e+00  1.000e+02
-8.633e-01  -8.633e-01  -0.000e+00  1.000e+02
-4.050e-01  -4.050e-01  -3.091e-03  9.924e+01
-4.050e-01  -4.050e-01  -3.091e-03  9.924e+01
-1.099e+00  -1.099e+00  -5.354e-03  9.951e+01
-4.774e-01  -4.774e-01  -3.091e-03  9.935e+01
-4.868e-01  -4.868e-01  -3.091e-03  9.937e+01
-1.280e+00  -1.280e+00  -6.911e-03  9.946e+01
-5.101e-01  -5.101e-01  -3.091e-03  9.939e+01
-5.275e-01  -5.275e-01  -3.091e-03  9.941e+01
-1.377e+00  -1.377e+00  -6.911e-03  9.950e+01
-5.282e-01  -5.282e-01  -3.091e-03  9.941e+01
-5.695e-01  -5.695e-01  -3.091e-03  9.946e+01
-1.433e+00  -1.433e+00  -8.742e-03  9.939e+01
-5.465e-01  -5.465e-01  -0.000e+00  1.000e+02
-5.604e-01  -5.604e-01  -3.091e-03  9.945e+01
-1.482e+00  -1.482e+00  -6.911e-03  9.953e+01
-5.415e-01  -5.415e-01  -3.091e-03  9.943e+01
-5.594e-01  -5.594e-01  -0.000e+00  1.000e+02
-1.490e+00  -1.490e+00  -9.774e-03  9.934e+01
-5.362e-01  -5.362e-01  -0.000e+00  1.000e+02
-5.745e-01  -5.745e-01  -0.000e+00  1.000e+02
-1.475e+00  -1.475e+00  -8.178e-03  9.945e+01
-5.561e-01  -5.561e-01  -3.091e-03  9.944e+01
-5.801e-01  -5.801e-01  -3.091e-03  9.947e+01
-1.484e+00  -1.484e+00  -7.571e-03  9.949e+01
-5.597e-01  -5.597e-01  -3.091e-03  9.945e+01
-5.697e-01  -5.697e-01  -3.091e-03  9.946e+01
-1.482e+00  -1.482e+00  -6.911e-03  9.953e+01
-5.445e-01  -5.445e-01  -3.091e-03  9.943e+01
-5.684e-01  -5.684e-01  -3.091e-03  9.946e+01
-1.484e+00  -1.484e+00  -6.911e-03  9.953e+01
========================================================================================

step: 3/15 res:21.815505202666287, res/res0:0.9722659109172099  dq_norm: [0.00977432 0.00927273 0.02453335]

A info: before HHL prepare:
Spectral radius (A): 9.815e+01, lambda_min:5.940490861809973
condition number(A): 1.652e+01, norm2_cond:398.3178893655605
det(A): 3.190e+93
--------------------------------------------------------------------------------

A_hhl info: after scaling by spectral radius:
Spectral radius (A): 1.000e+00, lambda_min:0.060524627866248876
condition number(A): 1.652e+01, norm2_cond:398.317889365557
det(A): 9.780e-27, nnz: 22 non zeros per row
--------------------------------------------------------------------------------

Size of A & B are not power of 2:
Next 2 power of 60 = 64
Value to be padded = 4
--------------------------------------------------

==================== Print (N)^2 padded matrix system =======================
Padded shape of A: (60, 60)x(60, 60) -> (64, 64)x(64, 64)
Padded shape of B: (60,) -> (64,)
Determinant of padded matrix: 9.779533457467814e-27
Condition # of padded matrix: 398.317889365557


Matrix is not Hermitian. Making it Hermitian.......

==================== Print Hermitian matrix system info =======================
Shape of hermitian A: 64x64 -> 128x128
Shape of           B: 64 -> 128
Determinant of Hermitian matrix: 9.563927464573647e-53
Condition # of Hermitian matrix: 398.31788936556586

=================================== Generating HHL circuit ===================================
Time elapsed for generating HHL circuit: 5 min 5.06 sec

Generated circuit: num_qubits=18, gates=23, depth=5
============================== Generated Circuit saved ==============================

============================== Transpiling circuit ==============================
This is using the AerSimulator('aer_simulator_statevector') transpiler.
Time elapsed for transpiling the circuit:  0 min 54.13 sec
Transpiled circuit, num_qubits: 18, (original: 18)
Transpiled circuit depth: 464199 (original: 5)
Transpiled circuit gates: 464351 (original: 23)
============================== Transpiled Circuit saved ==============================
Time elapsed for running the circuit:  2 min 31.10 sec
total_qubits: 18, nq:7

Time elapsed for extracting shots-based hhl counts solution:  0 min 0.00 sec

[HHL info]: linear system residual (e=||Ax-b||_2): 21.219252520963785
[HHL info]: Fidelity(true_sol, hhl_sol): 0.8370487749950609
[HHL info]: L2 error (absolute): 5.057323859852752
[HHL info]: L2 error (relative): 0.9746185099342579
[HHL info]: L2 error (normalized): 0.4125440652458836

========================================================================================
 Compare system solutions using LU of A, LU sol of A_herm, HHL of Ax=b hermition system
LU sol 	    Herm LU sol    HHL sol    L1_diff(%)
-2.265e-04  -2.265e-04  -0.000e+00  1.000e+02
-1.927e-04  -1.927e-04  -0.000e+00  1.000e+02
-6.004e-04  -6.004e-04  -0.000e+00  1.000e+02
-7.990e-04  -7.990e-04  -0.000e+00  1.000e+02
-7.154e-04  -7.154e-04  -0.000e+00  1.000e+02
-2.172e-03  -2.172e-03  -0.000e+00  1.000e+02
-1.783e-03  -1.783e-03  -0.000e+00  1.000e+02
-1.748e-03  -1.748e-03  -0.000e+00  1.000e+02
-5.072e-03  -5.072e-03  -0.000e+00  1.000e+02
-3.935e-03  -3.935e-03  -0.000e+00  1.000e+02
-4.025e-03  -4.025e-03  -0.000e+00  1.000e+02
-1.143e-02  -1.143e-02  -0.000e+00  1.000e+02
-1.013e-02  -1.013e-02  -0.000e+00  1.000e+02
-9.756e-03  -9.756e-03  -0.000e+00  1.000e+02
-2.855e-02  -2.855e-02  -0.000e+00  1.000e+02
-2.701e-02  -2.701e-02  -0.000e+00  1.000e+02
-2.382e-02  -2.382e-02  -0.000e+00  1.000e+02
-7.294e-02  -7.294e-02  -0.000e+00  1.000e+02
-6.500e-02  -6.500e-02  -0.000e+00  1.000e+02
-5.507e-02  -5.507e-02  -0.000e+00  1.000e+02
-1.712e-01  -1.712e-01  -0.000e+00  1.000e+02
-1.228e-01  -1.228e-01  -0.000e+00  1.000e+02
-1.113e-01  -1.113e-01  -0.000e+00  1.000e+02
-3.345e-01  -3.345e-01  -0.000e+00  1.000e+02
-2.298e-01  -2.298e-01  -1.678e-02  9.270e+01
-2.057e-01  -2.057e-01  -0.000e+00  1.000e+02
-5.783e-01  -5.783e-01  -1.678e-02  9.710e+01
-3.311e-01  -3.311e-01  -0.000e+00  1.000e+02
-3.193e-01  -3.193e-01  -0.000e+00  1.000e+02
-8.622e-01  -8.622e-01  -2.373e-02  9.725e+01
-4.014e-01  -4.014e-01  -0.000e+00  1.000e+02
-4.018e-01  -4.018e-01  -2.373e-02  9.409e+01
-1.093e+00  -1.093e+00  -2.906e-02  9.734e+01
-4.739e-01  -4.739e-01  -1.678e-02  9.646e+01
-4.837e-01  -4.837e-01  -2.373e-02  9.509e+01
-1.272e+00  -1.272e+00  -3.751e-02  9.705e+01
-5.069e-01  -5.069e-01  -0.000e+00  1.000e+02
-5.247e-01  -5.247e-01  -0.000e+00  1.000e+02
-1.370e+00  -1.370e+00  -2.373e-02  9.827e+01
-5.250e-01  -5.250e-01  -1.678e-02  9.680e+01
-5.662e-01  -5.662e-01  -0.000e+00  1.000e+02
-1.424e+00  -1.424e+00  -4.439e-02  9.688e+01
-5.459e-01  -5.459e-01  -0.000e+00  1.000e+02
-5.570e-01  -5.570e-01  -0.000e+00  1.000e+02
-1.473e+00  -1.473e+00  -4.110e-02  9.721e+01
-5.374e-01  -5.374e-01  -1.678e-02  9.688e+01
-5.597e-01  -5.597e-01  -2.373e-02  9.576e+01
-1.476e+00  -1.476e+00  -3.751e-02  9.746e+01
-5.358e-01  -5.358e-01  -1.678e-02  9.687e+01
-5.745e-01  -5.745e-01  -1.678e-02  9.708e+01
-1.465e+00  -1.465e+00  -4.439e-02  9.697e+01
-5.524e-01  -5.524e-01  -0.000e+00  1.000e+02
-5.770e-01  -5.770e-01  -1.678e-02  9.709e+01
-1.476e+00  -1.476e+00  -5.305e-02  9.640e+01
-5.561e-01  -5.561e-01  -0.000e+00  1.000e+02
-5.666e-01  -5.666e-01  -0.000e+00  1.000e+02
-1.474e+00  -1.474e+00  -4.439e-02  9.699e+01
-5.409e-01  -5.409e-01  -0.000e+00  1.000e+02
-5.653e-01  -5.653e-01  -2.373e-02  9.580e+01
-1.476e+00  -1.476e+00  -3.355e-02  9.773e+01
========================================================================================

step: 4/15 res:21.787659266979976, res/res0:0.9710248828606107  dq_norm: [0.03751476 0.05305388 0.12886742]

A info: before HHL prepare:
Spectral radius (A): 9.811e+01, lambda_min:5.986599060592392
condition number(A): 1.639e+01, norm2_cond:396.3490488138664
det(A): 2.976e+93
--------------------------------------------------------------------------------

A_hhl info: after scaling by spectral radius:
Spectral radius (A): 1.000e+00, lambda_min:0.06101746091351293
condition number(A): 1.639e+01, norm2_cond:396.3490488138585
det(A): 9.336e-27, nnz: 14 non zeros per row
--------------------------------------------------------------------------------

Size of A & B are not power of 2:
Next 2 power of 60 = 64
Value to be padded = 4
--------------------------------------------------

==================== Print (N)^2 padded matrix system =======================
Padded shape of A: (60, 60)x(60, 60) -> (64, 64)x(64, 64)
Padded shape of B: (60,) -> (64,)
Determinant of padded matrix: 9.33552301168185e-27
Condition # of padded matrix: 396.3490488138585


Matrix is not Hermitian. Making it Hermitian.......

==================== Print Hermitian matrix system info =======================
Shape of hermitian A: 64x64 -> 128x128
Shape of           B: 64 -> 128
Determinant of Hermitian matrix: 8.715198990163393e-53
Condition # of Hermitian matrix: 396.3490488138639

=================================== Generating HHL circuit ===================================
Time elapsed for generating HHL circuit: 5 min 4.06 sec

Generated circuit: num_qubits=18, gates=23, depth=5
============================== Generated Circuit saved ==============================

============================== Transpiling circuit ==============================
This is using the AerSimulator('aer_simulator_statevector') transpiler.
Time elapsed for transpiling the circuit:  0 min 54.29 sec
Transpiled circuit, num_qubits: 18, (original: 18)
Transpiled circuit depth: 464198 (original: 5)
Transpiled circuit gates: 464350 (original: 23)
============================== Transpiled Circuit saved ==============================
Time elapsed for running the circuit:  2 min 30.24 sec
total_qubits: 18, nq:7

Time elapsed for extracting shots-based hhl counts solution:  0 min 0.00 sec

[HHL info]: linear system residual (e=||Ax-b||_2): 21.009503660687223
[HHL info]: Fidelity(true_sol, hhl_sol): 0.8164730283155099
[HHL info]: L2 error (absolute): 4.980448340498413
[HHL info]: L2 error (relative): 0.9859535722368344
[HHL info]: L2 error (normalized): 0.4391150853914966

========================================================================================
 Compare system solutions using LU of A, LU sol of A_herm, HHL of Ax=b hermition system
LU sol 	    Herm LU sol    HHL sol    L1_diff(%)
-2.141e-04  -2.141e-04  -0.000e+00  1.000e+02
-1.864e-04  -1.864e-04  -0.000e+00  1.000e+02
-5.739e-04  -5.739e-04  -0.000e+00  1.000e+02
-7.560e-04  -7.560e-04  -0.000e+00  1.000e+02
-6.938e-04  -6.938e-04  -0.000e+00  1.000e+02
-2.081e-03  -2.081e-03  -0.000e+00  1.000e+02
-1.744e-03  -1.744e-03  -0.000e+00  1.000e+02
-1.727e-03  -1.727e-03  -0.000e+00  1.000e+02
-4.990e-03  -4.990e-03  -0.000e+00  1.000e+02
-4.046e-03  -4.046e-03  -0.000e+00  1.000e+02
-4.083e-03  -4.083e-03  -0.000e+00  1.000e+02
-1.167e-02  -1.167e-02  -0.000e+00  1.000e+02
-1.055e-02  -1.055e-02  -0.000e+00  1.000e+02
-9.975e-03  -9.975e-03  -0.000e+00  1.000e+02
-2.942e-02  -2.942e-02  -0.000e+00  1.000e+02
-2.742e-02  -2.742e-02  -0.000e+00  1.000e+02
-2.402e-02  -2.402e-02  -0.000e+00  1.000e+02
-7.384e-02  -7.384e-02  -0.000e+00  1.000e+02
-6.394e-02  -6.394e-02  -0.000e+00  1.000e+02
-5.429e-02  -5.429e-02  -0.000e+00  1.000e+02
-1.690e-01  -1.690e-01  -0.000e+00  1.000e+02
-1.196e-01  -1.196e-01  -0.000e+00  1.000e+02
-1.103e-01  -1.103e-01  -0.000e+00  1.000e+02
-3.276e-01  -3.276e-01  -9.755e-03  9.702e+01
-2.115e-01  -2.115e-01  -9.755e-03  9.539e+01
-2.076e-01  -2.076e-01  -0.000e+00  1.000e+02
-5.586e-01  -5.586e-01  -1.380e-02  9.753e+01
-3.351e-01  -3.351e-01  -9.755e-03  9.709e+01
-3.205e-01  -3.205e-01  -0.000e+00  1.000e+02
-8.445e-01  -8.445e-01  -9.755e-03  9.884e+01
-4.053e-01  -4.053e-01  -0.000e+00  1.000e+02
-3.770e-01  -3.770e-01  -0.000e+00  1.000e+02
-1.073e+00  -1.073e+00  -2.181e-02  9.797e+01
-4.548e-01  -4.548e-01  -0.000e+00  1.000e+02
-4.580e-01  -4.580e-01  -0.000e+00  1.000e+02
-1.230e+00  -1.230e+00  -1.951e-02  9.841e+01
-5.014e-01  -5.014e-01  -0.000e+00  1.000e+02
-5.245e-01  -5.245e-01  -0.000e+00  1.000e+02
-1.330e+00  -1.330e+00  -1.380e-02  9.896e+01
-5.026e-01  -5.026e-01  -0.000e+00  1.000e+02
-5.678e-01  -5.678e-01  -0.000e+00  1.000e+02
-1.363e+00  -1.363e+00  -1.951e-02  9.857e+01
-5.439e-01  -5.439e-01  -0.000e+00  1.000e+02
-5.570e-01  -5.570e-01  -1.690e-02  9.697e+01
-1.422e+00  -1.422e+00  -2.581e-02  9.818e+01
-5.180e-01  -5.180e-01  -0.000e+00  1.000e+02
-5.356e-01  -5.356e-01  -9.755e-03  9.818e+01
-1.434e+00  -1.434e+00  -1.951e-02  9.864e+01
-5.163e-01  -5.163e-01  -0.000e+00  1.000e+02
-5.569e-01  -5.569e-01  -9.755e-03  9.825e+01
-1.414e+00  -1.414e+00  -2.581e-02  9.817e+01
-5.522e-01  -5.522e-01  -1.380e-02  9.750e+01
-5.596e-01  -5.596e-01  -9.755e-03  9.826e+01
-1.414e+00  -1.414e+00  -2.390e-02  9.831e+01
-5.622e-01  -5.622e-01  -9.755e-03  9.826e+01
-5.696e-01  -5.696e-01  -9.755e-03  9.829e+01
-1.436e+00  -1.436e+00  -1.380e-02  9.904e+01
-5.537e-01  -5.537e-01  -0.000e+00  1.000e+02
-5.422e-01  -5.422e-01  -9.755e-03  9.820e+01
-1.469e+00  -1.469e+00  -2.581e-02  9.824e+01
========================================================================================

step: 5/15 res:21.217367725098516, res/res0:0.9456083261361765  dq_norm: [0.02181385 0.02759258 0.07034755]

A info: before HHL prepare:
Spectral radius (A): 9.807e+01, lambda_min:6.000329636382471
condition number(A): 1.634e+01, norm2_cond:396.23459726749195
det(A): 2.895e+93
--------------------------------------------------------------------------------

A_hhl info: after scaling by spectral radius:
Spectral radius (A): 1.000e+00, lambda_min:0.061183070400396014
condition number(A): 1.634e+01, norm2_cond:396.23459726749275
det(A): 9.311e-27, nnz: 20 non zeros per row
--------------------------------------------------------------------------------

Size of A & B are not power of 2:
Next 2 power of 60 = 64
Value to be padded = 4
--------------------------------------------------

==================== Print (N)^2 padded matrix system =======================
Padded shape of A: (60, 60)x(60, 60) -> (64, 64)x(64, 64)
Padded shape of B: (60,) -> (64,)
Determinant of padded matrix: 9.311400067210847e-27
Condition # of padded matrix: 396.23459726749275


Matrix is not Hermitian. Making it Hermitian.......

==================== Print Hermitian matrix system info =======================
Shape of hermitian A: 64x64 -> 128x128
Shape of           B: 64 -> 128
Determinant of Hermitian matrix: 8.670217121165541e-53
Condition # of Hermitian matrix: 396.2345972674944

=================================== Generating HHL circuit ===================================
Time elapsed for generating HHL circuit: 5 min 4.52 sec

Generated circuit: num_qubits=18, gates=23, depth=5
============================== Generated Circuit saved ==============================

============================== Transpiling circuit ==============================
This is using the AerSimulator('aer_simulator_statevector') transpiler.
Time elapsed for transpiling the circuit:  0 min 55.68 sec
Transpiled circuit, num_qubits: 18, (original: 18)
Transpiled circuit depth: 464201 (original: 5)
Transpiled circuit gates: 464353 (original: 23)
============================== Transpiled Circuit saved ==============================
Time elapsed for running the circuit:  2 min 31.29 sec
total_qubits: 18, nq:7

Time elapsed for extracting shots-based hhl counts solution:  0 min 0.00 sec

[HHL info]: linear system residual (e=||Ax-b||_2): 20.938894725218066
[HHL info]: Fidelity(true_sol, hhl_sol): 0.8756239418871535
[HHL info]: L2 error (absolute): 4.948705538985075
[HHL info]: L2 error (relative): 0.9924810345224981
[HHL info]: L2 error (normalized): 0.35847510868327886

========================================================================================
 Compare system solutions using LU of A, LU sol of A_herm, HHL of Ax=b hermition system
LU sol 	    Herm LU sol    HHL sol    L1_diff(%)
-2.092e-04  -2.092e-04  -0.000e+00  1.000e+02
-1.839e-04  -1.839e-04  -0.000e+00  1.000e+02
-5.635e-04  -5.635e-04  -0.000e+00  1.000e+02
-7.293e-04  -7.293e-04  -0.000e+00  1.000e+02
-6.803e-04  -6.803e-04  -0.000e+00  1.000e+02
-2.024e-03  -2.024e-03  -0.000e+00  1.000e+02
-1.695e-03  -1.695e-03  -0.000e+00  1.000e+02
-1.703e-03  -1.703e-03  -0.000e+00  1.000e+02
-4.887e-03  -4.887e-03  -0.000e+00  1.000e+02
-4.045e-03  -4.045e-03  -0.000e+00  1.000e+02
-4.085e-03  -4.085e-03  -0.000e+00  1.000e+02
-1.167e-02  -1.167e-02  -0.000e+00  1.000e+02
-1.074e-02  -1.074e-02  -0.000e+00  1.000e+02
-1.007e-02  -1.007e-02  -0.000e+00  1.000e+02
-2.982e-02  -2.982e-02  -0.000e+00  1.000e+02
-2.780e-02  -2.780e-02  -0.000e+00  1.000e+02
-2.419e-02  -2.419e-02  -0.000e+00  1.000e+02
-7.470e-02  -7.470e-02  -0.000e+00  1.000e+02
-6.396e-02  -6.396e-02  -0.000e+00  1.000e+02
-5.425e-02  -5.425e-02  -0.000e+00  1.000e+02
-1.691e-01  -1.691e-01  -0.000e+00  1.000e+02
-1.183e-01  -1.183e-01  -0.000e+00  1.000e+02
-1.098e-01  -1.098e-01  -0.000e+00  1.000e+02
-3.142e-01  -3.142e-01  -0.000e+00  1.000e+02
-1.991e-01  -1.991e-01  -0.000e+00  1.000e+02
-2.078e-01  -2.078e-01  -4.826e-03  9.768e+01
-5.394e-01  -5.394e-01  -4.826e-03  9.911e+01
-3.230e-01  -3.230e-01  -0.000e+00  1.000e+02
-3.209e-01  -3.209e-01  -0.000e+00  1.000e+02
-8.299e-01  -8.299e-01  -6.825e-03  9.918e+01
-4.040e-01  -4.040e-01  -0.000e+00  1.000e+02
-3.767e-01  -3.767e-01  -0.000e+00  1.000e+02
-1.045e+00  -1.045e+00  -6.825e-03  9.935e+01
-4.533e-01  -4.533e-01  -0.000e+00  1.000e+02
-4.574e-01  -4.574e-01  -6.825e-03  9.851e+01
-1.204e+00  -1.204e+00  -1.079e-02  9.910e+01
-5.014e-01  -5.014e-01  -4.826e-03  9.904e+01
-5.250e-01  -5.250e-01  -4.826e-03  9.908e+01
-1.314e+00  -1.314e+00  -9.652e-03  9.927e+01
-5.065e-01  -5.065e-01  -4.826e-03  9.905e+01
-5.693e-01  -5.693e-01  -4.826e-03  9.915e+01
-1.349e+00  -1.349e+00  -8.359e-03  9.938e+01
-5.500e-01  -5.500e-01  -4.826e-03  9.912e+01
-5.396e-01  -5.396e-01  -4.826e-03  9.911e+01
-1.407e+00  -1.407e+00  -1.079e-02  9.923e+01
-5.215e-01  -5.215e-01  -0.000e+00  1.000e+02
-5.249e-01  -5.249e-01  -6.825e-03  9.870e+01
-1.421e+00  -1.421e+00  -1.448e-02  9.898e+01
-5.163e-01  -5.163e-01  -4.826e-03  9.907e+01
-5.461e-01  -5.461e-01  -0.000e+00  1.000e+02
-1.386e+00  -1.386e+00  -8.359e-03  9.940e+01
-5.369e-01  -5.369e-01  -4.826e-03  9.910e+01
-5.507e-01  -5.507e-01  -4.826e-03  9.912e+01
-1.388e+00  -1.388e+00  -8.359e-03  9.940e+01
-5.544e-01  -5.544e-01  -4.826e-03  9.913e+01
-5.608e-01  -5.608e-01  -8.359e-03  9.851e+01
-1.428e+00  -1.428e+00  -1.277e-02  9.911e+01
-5.589e-01  -5.589e-01  -0.000e+00  1.000e+02
-5.326e-01  -5.326e-01  -6.825e-03  9.872e+01
-1.451e+00  -1.451e+00  -1.079e-02  9.926e+01
========================================================================================

step: 6/15 res:21.008213454454605, res/res0:0.9362868107469765  dq_norm: [0.01182098 0.01805685 0.03378127]

A info: before HHL prepare:
Spectral radius (A): 9.803e+01, lambda_min:5.999510032953794
condition number(A): 1.634e+01, norm2_cond:396.3633145241519
det(A): 2.794e+93
--------------------------------------------------------------------------------

A_hhl info: after scaling by spectral radius:
Spectral radius (A): 1.000e+00, lambda_min:0.061203828344375225
condition number(A): 1.634e+01, norm2_cond:396.36331452415186
det(A): 9.248e-27, nnz: 14 non zeros per row
--------------------------------------------------------------------------------

Size of A & B are not power of 2:
Next 2 power of 60 = 64
Value to be padded = 4
--------------------------------------------------

==================== Print (N)^2 padded matrix system =======================
Padded shape of A: (60, 60)x(60, 60) -> (64, 64)x(64, 64)
Padded shape of B: (60,) -> (64,)
Determinant of padded matrix: 9.247976172755247e-27
Condition # of padded matrix: 396.36331452415186


Matrix is not Hermitian. Making it Hermitian.......

==================== Print Hermitian matrix system info =======================
Shape of hermitian A: 64x64 -> 128x128
Shape of           B: 64 -> 128
Determinant of Hermitian matrix: 8.552506329184271e-53
Condition # of Hermitian matrix: 396.3633145241582

=================================== Generating HHL circuit ===================================
Time elapsed for generating HHL circuit: 5 min 10.36 sec

Generated circuit: num_qubits=18, gates=23, depth=5
============================== Generated Circuit saved ==============================

============================== Transpiling circuit ==============================
This is using the AerSimulator('aer_simulator_statevector') transpiler.
Time elapsed for transpiling the circuit:  0 min 54.16 sec
Transpiled circuit, num_qubits: 18, (original: 18)
Transpiled circuit depth: 464201 (original: 5)
Transpiled circuit gates: 464353 (original: 23)
============================== Transpiled Circuit saved ==============================
Time elapsed for running the circuit:  2 min 28.89 sec
total_qubits: 18, nq:7

Time elapsed for extracting shots-based hhl counts solution:  0 min 0.00 sec

[HHL info]: linear system residual (e=||Ax-b||_2): 20.484395738314994
[HHL info]: Fidelity(true_sol, hhl_sol): 0.7714669414077737
[HHL info]: L2 error (absolute): 4.889013008398905
[HHL info]: L2 error (relative): 0.9875826098262305
[HHL info]: L2 error (normalized): 0.49329117475661555

========================================================================================
 Compare system solutions using LU of A, LU sol of A_herm, HHL of Ax=b hermition system
LU sol 	    Herm LU sol    HHL sol    L1_diff(%)
-2.104e-04  -2.104e-04  -0.000e+00  1.000e+02
-1.846e-04  -1.846e-04  -0.000e+00  1.000e+02
-5.660e-04  -5.660e-04  -0.000e+00  1.000e+02
-7.331e-04  -7.331e-04  -0.000e+00  1.000e+02
-6.822e-04  -6.822e-04  -0.000e+00  1.000e+02
-2.032e-03  -2.032e-03  -0.000e+00  1.000e+02
-1.697e-03  -1.697e-03  -0.000e+00  1.000e+02
-1.704e-03  -1.704e-03  -0.000e+00  1.000e+02
-4.891e-03  -4.891e-03  -0.000e+00  1.000e+02
-4.031e-03  -4.031e-03  -0.000e+00  1.000e+02
-4.077e-03  -4.077e-03  -0.000e+00  1.000e+02
-1.164e-02  -1.164e-02  -0.000e+00  1.000e+02
-1.070e-02  -1.070e-02  -0.000e+00  1.000e+02
-1.005e-02  -1.005e-02  -0.000e+00  1.000e+02
-2.973e-02  -2.973e-02  -0.000e+00  1.000e+02
-2.778e-02  -2.778e-02  -0.000e+00  1.000e+02
-2.419e-02  -2.419e-02  -0.000e+00  1.000e+02
-7.465e-02  -7.465e-02  -0.000e+00  1.000e+02
-6.409e-02  -6.409e-02  -0.000e+00  1.000e+02
-5.434e-02  -5.434e-02  -0.000e+00  1.000e+02
-1.693e-01  -1.693e-01  -0.000e+00  1.000e+02
-1.185e-01  -1.185e-01  -0.000e+00  1.000e+02
-1.098e-01  -1.098e-01  -0.000e+00  1.000e+02
-3.149e-01  -3.149e-01  -0.000e+00  1.000e+02
-1.990e-01  -1.990e-01  -0.000e+00  1.000e+02
-2.026e-01  -2.026e-01  -0.000e+00  1.000e+02
-5.342e-01  -5.342e-01  -0.000e+00  1.000e+02
-3.231e-01  -3.231e-01  -0.000e+00  1.000e+02
-3.214e-01  -3.214e-01  -0.000e+00  1.000e+02
-8.225e-01  -8.225e-01  -0.000e+00  1.000e+02
-4.049e-01  -4.049e-01  -0.000e+00  1.000e+02
-3.769e-01  -3.769e-01  -1.421e-02  9.623e+01
-1.039e+00  -1.039e+00  -1.641e-02  9.842e+01
-4.537e-01  -4.537e-01  -1.161e-02  9.744e+01
-4.500e-01  -4.500e-01  -0.000e+00  1.000e+02
-1.194e+00  -1.194e+00  -1.641e-02  9.863e+01
-4.960e-01  -4.960e-01  -1.161e-02  9.766e+01
-5.202e-01  -5.202e-01  -8.207e-03  9.842e+01
-1.303e+00  -1.303e+00  -1.835e-02  9.859e+01
-5.017e-01  -5.017e-01  -8.207e-03  9.836e+01
-5.651e-01  -5.651e-01  -1.421e-02  9.748e+01
-1.341e+00  -1.341e+00  -1.421e-02  9.894e+01
-5.453e-01  -5.453e-01  -1.161e-02  9.787e+01
-5.346e-01  -5.346e-01  -0.000e+00  1.000e+02
-1.397e+00  -1.397e+00  -1.421e-02  9.898e+01
-5.206e-01  -5.206e-01  -1.161e-02  9.777e+01
-5.172e-01  -5.172e-01  -0.000e+00  1.000e+02
-1.403e+00  -1.403e+00  -1.835e-02  9.869e+01
-5.096e-01  -5.096e-01  -0.000e+00  1.000e+02
-5.464e-01  -5.464e-01  -2.010e-02  9.632e+01
-1.373e+00  -1.373e+00  -1.835e-02  9.866e+01
-5.318e-01  -5.318e-01  -1.161e-02  9.782e+01
-5.462e-01  -5.462e-01  -0.000e+00  1.000e+02
-1.380e+00  -1.380e+00  -1.835e-02  9.867e+01
-5.514e-01  -5.514e-01  -8.207e-03  9.851e+01
-5.528e-01  -5.528e-01  -8.207e-03  9.852e+01
-1.419e+00  -1.419e+00  -1.421e-02  9.900e+01
-5.626e-01  -5.626e-01  -0.000e+00  1.000e+02
-5.258e-01  -5.258e-01  -0.000e+00  1.000e+02
-1.448e+00  -1.448e+00  -2.595e-02  9.821e+01
========================================================================================

step: 7/15 res:20.939015462338187, res/res0:0.9332028185032173  dq_norm: [0.02842888 0.0307067  0.05626237]

A info: before HHL prepare:
Spectral radius (A): 9.809e+01, lambda_min:6.02822184329964
condition number(A): 1.627e+01, norm2_cond:394.21045403693466
det(A): 3.128e+93
--------------------------------------------------------------------------------

A_hhl info: after scaling by spectral radius:
Spectral radius (A): 1.000e+00, lambda_min:0.06145378411660813
condition number(A): 1.627e+01, norm2_cond:394.21045403693387
det(A): 9.926e-27, nnz: 25 non zeros per row
--------------------------------------------------------------------------------

Size of A & B are not power of 2:
Next 2 power of 60 = 64
Value to be padded = 4
--------------------------------------------------

==================== Print (N)^2 padded matrix system =======================
Padded shape of A: (60, 60)x(60, 60) -> (64, 64)x(64, 64)
Padded shape of B: (60,) -> (64,)
Determinant of padded matrix: 9.926456593478533e-27
Condition # of padded matrix: 394.21045403693387


Matrix is not Hermitian. Making it Hermitian.......

==================== Print Hermitian matrix system info =======================
Shape of hermitian A: 64x64 -> 128x128
Shape of           B: 64 -> 128
Determinant of Hermitian matrix: 9.853454050221763e-53
Condition # of Hermitian matrix: 394.21045403693824

=================================== Generating HHL circuit ===================================
Time elapsed for generating HHL circuit: 5 min 11.94 sec

Generated circuit: num_qubits=18, gates=23, depth=5
============================== Generated Circuit saved ==============================

============================== Transpiling circuit ==============================
This is using the AerSimulator('aer_simulator_statevector') transpiler.
Time elapsed for transpiling the circuit:  0 min 43.44 sec
Transpiled circuit, num_qubits: 18, (original: 18)
Transpiled circuit depth: 464196 (original: 5)
Transpiled circuit gates: 464348 (original: 23)
============================== Transpiled Circuit saved ==============================
Time elapsed for running the circuit:  2 min 29.42 sec
total_qubits: 18, nq:7

Time elapsed for extracting shots-based hhl counts solution:  0 min 0.00 sec

[HHL info]: linear system residual (e=||Ax-b||_2): 21.170211707424716
[HHL info]: Fidelity(true_sol, hhl_sol): 0.8421014844588502
[HHL info]: L2 error (absolute): 4.792059383932409
[HHL info]: L2 error (relative): 0.9834014540010756
[HHL info]: L2 error (normalized): 0.40580567613322216

========================================================================================
 Compare system solutions using LU of A, LU sol of A_herm, HHL of Ax=b hermition system
LU sol 	    Herm LU sol    HHL sol    L1_diff(%)
-2.097e-04  -2.097e-04  -0.000e+00  1.000e+02
-1.842e-04  -1.842e-04  -0.000e+00  1.000e+02
-5.645e-04  -5.645e-04  -0.000e+00  1.000e+02
-7.354e-04  -7.354e-04  -0.000e+00  1.000e+02
-6.834e-04  -6.834e-04  -0.000e+00  1.000e+02
-2.037e-03  -2.037e-03  -0.000e+00  1.000e+02
-1.711e-03  -1.711e-03  -0.000e+00  1.000e+02
-1.711e-03  -1.711e-03  -0.000e+00  1.000e+02
-4.921e-03  -4.921e-03  -0.000e+00  1.000e+02
-4.059e-03  -4.059e-03  -0.000e+00  1.000e+02
-4.091e-03  -4.091e-03  -0.000e+00  1.000e+02
-1.170e-02  -1.170e-02  -0.000e+00  1.000e+02
-1.071e-02  -1.071e-02  -0.000e+00  1.000e+02
-1.006e-02  -1.006e-02  -0.000e+00  1.000e+02
-2.975e-02  -2.975e-02  -0.000e+00  1.000e+02
-2.768e-02  -2.768e-02  -0.000e+00  1.000e+02
-2.414e-02  -2.414e-02  -0.000e+00  1.000e+02
-7.444e-02  -7.444e-02  -0.000e+00  1.000e+02
-6.384e-02  -6.384e-02  -0.000e+00  1.000e+02
-5.420e-02  -5.420e-02  -0.000e+00  1.000e+02
-1.688e-01  -1.688e-01  -0.000e+00  1.000e+02
-1.184e-01  -1.184e-01  -0.000e+00  1.000e+02
-1.098e-01  -1.098e-01  -0.000e+00  1.000e+02
-3.147e-01  -3.147e-01  -0.000e+00  1.000e+02
-2.001e-01  -2.001e-01  -0.000e+00  1.000e+02
-2.034e-01  -2.034e-01  -1.026e-02  9.495e+01
-5.365e-01  -5.365e-01  -0.000e+00  1.000e+02
-3.246e-01  -3.246e-01  -1.026e-02  9.684e+01
-3.211e-01  -3.211e-01  -0.000e+00  1.000e+02
-8.259e-01  -8.259e-01  -1.026e-02  9.876e+01
-4.040e-01  -4.040e-01  -0.000e+00  1.000e+02
-3.612e-01  -3.612e-01  -0.000e+00  1.000e+02
-1.019e+00  -1.019e+00  -1.778e-02  9.826e+01
-4.400e-01  -4.400e-01  -1.026e-02  9.767e+01
-4.519e-01  -4.519e-01  -0.000e+00  1.000e+02
-1.173e+00  -1.173e+00  -1.778e-02  9.848e+01
-4.826e-01  -4.826e-01  -1.451e-02  9.699e+01
-5.116e-01  -5.116e-01  -1.026e-02  9.799e+01
-1.283e+00  -1.283e+00  -1.778e-02  9.861e+01
-4.888e-01  -4.888e-01  -1.451e-02  9.703e+01
-5.486e-01  -5.486e-01  -0.000e+00  1.000e+02
-1.318e+00  -1.318e+00  -2.052e-02  9.844e+01
-5.292e-01  -5.292e-01  -0.000e+00  1.000e+02
-5.371e-01  -5.371e-01  -1.451e-02  9.730e+01
-1.373e+00  -1.373e+00  -3.079e-02  9.776e+01
-5.085e-01  -5.085e-01  -1.026e-02  9.798e+01
-5.179e-01  -5.179e-01  -1.026e-02  9.802e+01
-1.384e+00  -1.384e+00  -2.514e-02  9.818e+01
-5.090e-01  -5.090e-01  -0.000e+00  1.000e+02
-5.241e-01  -5.241e-01  -1.026e-02  9.804e+01
-1.353e+00  -1.353e+00  -2.052e-02  9.848e+01
-5.172e-01  -5.172e-01  -0.000e+00  1.000e+02
-5.474e-01  -5.474e-01  -1.026e-02  9.813e+01
-1.356e+00  -1.356e+00  -2.903e-02  9.786e+01
-5.406e-01  -5.406e-01  -1.451e-02  9.732e+01
-5.441e-01  -5.441e-01  -1.451e-02  9.733e+01
-1.400e+00  -1.400e+00  -2.903e-02  9.793e+01
-5.599e-01  -5.599e-01  -0.000e+00  1.000e+02
-5.258e-01  -5.258e-01  -0.000e+00  1.000e+02
-1.410e+00  -1.410e+00  -2.715e-02  9.807e+01
========================================================================================

step: 8/15 res:20.486190573950772, res/res0:0.9130214750732166  dq_norm: [0.03078743 0.03078743 0.07679735]

A info: before HHL prepare:
Spectral radius (A): 9.821e+01, lambda_min:6.024546142426924
condition number(A): 1.630e+01, norm2_cond:393.39694102887995
det(A): 3.375e+93
--------------------------------------------------------------------------------

A_hhl info: after scaling by spectral radius:
Spectral radius (A): 1.000e+00, lambda_min:0.061344469478217506
condition number(A): 1.630e+01, norm2_cond:393.39694102888143
det(A): 9.985e-27, nnz: 14 non zeros per row
--------------------------------------------------------------------------------

Size of A & B are not power of 2:
Next 2 power of 60 = 64
Value to be padded = 4
--------------------------------------------------

==================== Print (N)^2 padded matrix system =======================
Padded shape of A: (60, 60)x(60, 60) -> (64, 64)x(64, 64)
Padded shape of B: (60,) -> (64,)
Determinant of padded matrix: 9.985318047451732e-27
Condition # of padded matrix: 393.39694102888143


Matrix is not Hermitian. Making it Hermitian.......

==================== Print Hermitian matrix system info =======================
Shape of hermitian A: 64x64 -> 128x128
Shape of           B: 64 -> 128
Determinant of Hermitian matrix: 9.970657650876527e-53
Condition # of Hermitian matrix: 393.3969410288849

=================================== Generating HHL circuit ===================================
Time elapsed for generating HHL circuit: 5 min 13.79 sec

Generated circuit: num_qubits=18, gates=23, depth=5
============================== Generated Circuit saved ==============================

============================== Transpiling circuit ==============================
This is using the AerSimulator('aer_simulator_statevector') transpiler.
Time elapsed for transpiling the circuit:  0 min 43.90 sec
Transpiled circuit, num_qubits: 18, (original: 18)
Transpiled circuit depth: 464204 (original: 5)
Transpiled circuit gates: 464356 (original: 23)
============================== Transpiled Circuit saved ==============================
Time elapsed for running the circuit:  2 min 30.69 sec
total_qubits: 18, nq:7

Time elapsed for extracting shots-based hhl counts solution:  0 min 0.00 sec

[HHL info]: linear system residual (e=||Ax-b||_2): 20.816600768286612
[HHL info]: Fidelity(true_sol, hhl_sol): 0.888900848873701
[HHL info]: L2 error (absolute): 4.650651667077581
[HHL info]: L2 error (relative): 0.9721462546570117
[HHL info]: L2 error (normalized): 0.33818520280904896

========================================================================================
 Compare system solutions using LU of A, LU sol of A_herm, HHL of Ax=b hermition system
LU sol 	    Herm LU sol    HHL sol    L1_diff(%)
-2.152e-04  -2.152e-04  -0.000e+00  1.000e+02
-1.870e-04  -1.870e-04  -0.000e+00  1.000e+02
-5.764e-04  -5.764e-04  -0.000e+00  1.000e+02
-7.482e-04  -7.482e-04  -0.000e+00  1.000e+02
-6.899e-04  -6.899e-04  -0.000e+00  1.000e+02
-2.065e-03  -2.065e-03  -0.000e+00  1.000e+02
-1.706e-03  -1.706e-03  -0.000e+00  1.000e+02
-1.709e-03  -1.709e-03  -0.000e+00  1.000e+02
-4.910e-03  -4.910e-03  -0.000e+00  1.000e+02
-3.979e-03  -3.979e-03  -0.000e+00  1.000e+02
-4.050e-03  -4.050e-03  -0.000e+00  1.000e+02
-1.153e-02  -1.153e-02  -0.000e+00  1.000e+02
-1.054e-02  -1.054e-02  -0.000e+00  1.000e+02
-9.966e-03  -9.966e-03  -0.000e+00  1.000e+02
-2.941e-02  -2.941e-02  -0.000e+00  1.000e+02
-2.769e-02  -2.769e-02  -0.000e+00  1.000e+02
-2.416e-02  -2.416e-02  -0.000e+00  1.000e+02
-7.441e-02  -7.441e-02  -0.000e+00  1.000e+02
-6.456e-02  -6.456e-02  -0.000e+00  1.000e+02
-5.465e-02  -5.465e-02  -0.000e+00  1.000e+02
-1.703e-01  -1.703e-01  -0.000e+00  1.000e+02
-1.194e-01  -1.194e-01  -0.000e+00  1.000e+02
-1.098e-01  -1.098e-01  -0.000e+00  1.000e+02
-3.172e-01  -3.172e-01  -0.000e+00  1.000e+02
-1.996e-01  -1.996e-01  -0.000e+00  1.000e+02
-1.924e-01  -1.924e-01  -0.000e+00  1.000e+02
-5.362e-01  -5.362e-01  -3.002e-02  9.440e+01
-3.119e-01  -3.119e-01  -0.000e+00  1.000e+02
-3.215e-01  -3.215e-01  -0.000e+00  1.000e+02
-8.108e-01  -8.108e-01  -2.122e-02  9.738e+01
-4.013e-01  -4.013e-01  -1.501e-02  9.626e+01
-3.609e-01  -3.609e-01  -0.000e+00  1.000e+02
-9.931e-01  -9.931e-01  -2.599e-02  9.738e+01
-4.251e-01  -4.251e-01  -0.000e+00  1.000e+02
-4.515e-01  -4.515e-01  -0.000e+00  1.000e+02
-1.145e+00  -1.145e+00  -3.676e-02  9.679e+01
-4.635e-01  -4.635e-01  -1.501e-02  9.676e+01
-5.015e-01  -5.015e-01  -0.000e+00  1.000e+02
-1.256e+00  -1.256e+00  -3.971e-02  9.684e+01
-4.729e-01  -4.729e-01  -2.122e-02  9.551e+01
-5.498e-01  -5.498e-01  -2.122e-02  9.614e+01
-1.294e+00  -1.294e+00  -3.002e-02  9.768e+01
-5.312e-01  -5.312e-01  -2.599e-02  9.511e+01
-5.219e-01  -5.219e-01  -0.000e+00  1.000e+02
-1.343e+00  -1.343e+00  -3.676e-02  9.726e+01
-5.010e-01  -5.010e-01  -2.122e-02  9.576e+01
-5.089e-01  -5.089e-01  -0.000e+00  1.000e+02
-1.365e+00  -1.365e+00  -3.971e-02  9.709e+01
-5.129e-01  -5.129e-01  -1.501e-02  9.707e+01
-5.132e-01  -5.132e-01  -1.501e-02  9.708e+01
-1.338e+00  -1.338e+00  -3.676e-02  9.725e+01
-5.188e-01  -5.188e-01  -2.122e-02  9.591e+01
-5.366e-01  -5.366e-01  -1.501e-02  9.720e+01
-1.328e+00  -1.328e+00  -4.746e-02  9.643e+01
-5.244e-01  -5.244e-01  -2.122e-02  9.595e+01
-5.295e-01  -5.295e-01  -1.501e-02  9.717e+01
-1.367e+00  -1.367e+00  -3.971e-02  9.710e+01
-5.584e-01  -5.584e-01  -2.122e-02  9.620e+01
-5.258e-01  -5.258e-01  -1.501e-02  9.715e+01
-1.374e+00  -1.374e+00  -3.356e-02  9.756e+01
========================================================================================

step: 9/15 res:21.17483054490823, res/res0:0.9437125437620647  dq_norm: [0.06003215 0.03676203 0.12284607]

A info: before HHL prepare:
Spectral radius (A): 9.832e+01, lambda_min:6.127312147012519
condition number(A): 1.605e+01, norm2_cond:386.92456516662804
det(A): 5.125e+93
--------------------------------------------------------------------------------

A_hhl info: after scaling by spectral radius:
Spectral radius (A): 1.000e+00, lambda_min:0.062320838325158855
condition number(A): 1.605e+01, norm2_cond:386.92456516662884
det(A): 1.417e-26, nnz: 14 non zeros per row
--------------------------------------------------------------------------------

Size of A & B are not power of 2:
Next 2 power of 60 = 64
Value to be padded = 4
--------------------------------------------------

==================== Print (N)^2 padded matrix system =======================
Padded shape of A: (60, 60)x(60, 60) -> (64, 64)x(64, 64)
Padded shape of B: (60,) -> (64,)
Determinant of padded matrix: 1.4172729490036386e-26
Condition # of padded matrix: 386.92456516662884


Matrix is not Hermitian. Making it Hermitian.......

==================== Print Hermitian matrix system info =======================
Shape of hermitian A: 64x64 -> 128x128
Shape of           B: 64 -> 128
Determinant of Hermitian matrix: 2.0086626119773565e-52
Condition # of Hermitian matrix: 386.924565166632

=================================== Generating HHL circuit ===================================
Time elapsed for generating HHL circuit: 5 min 17.34 sec

Generated circuit: num_qubits=18, gates=23, depth=5
============================== Generated Circuit saved ==============================

============================== Transpiling circuit ==============================
This is using the AerSimulator('aer_simulator_statevector') transpiler.
Time elapsed for transpiling the circuit:  0 min 44.20 sec
Transpiled circuit, num_qubits: 18, (original: 18)
Transpiled circuit depth: 464202 (original: 5)
Transpiled circuit gates: 464354 (original: 23)
============================== Transpiled Circuit saved ==============================
Time elapsed for running the circuit:  2 min 30.30 sec
total_qubits: 18, nq:7

Time elapsed for extracting shots-based hhl counts solution:  0 min 0.00 sec

[HHL info]: linear system residual (e=||Ax-b||_2): 20.508620110418974
[HHL info]: Fidelity(true_sol, hhl_sol): 0.8321948785337949
[HHL info]: L2 error (absolute): 4.51083396889064
[HHL info]: L2 error (relative): 0.9793285316210569
[HHL info]: L2 error (normalized): 0.41893398361148015

========================================================================================
 Compare system solutions using LU of A, LU sol of A_herm, HHL of Ax=b hermition system
LU sol 	    Herm LU sol    HHL sol    L1_diff(%)
-2.159e-04  -2.159e-04  -0.000e+00  1.000e+02
-1.874e-04  -1.874e-04  -0.000e+00  1.000e+02
-5.778e-04  -5.778e-04  -0.000e+00  1.000e+02
-7.425e-04  -7.425e-04  -0.000e+00  1.000e+02
-6.870e-04  -6.870e-04  -0.000e+00  1.000e+02
-2.052e-03  -2.052e-03  -0.000e+00  1.000e+02
-1.680e-03  -1.680e-03  -0.000e+00  1.000e+02
-1.695e-03  -1.695e-03  -0.000e+00  1.000e+02
-4.855e-03  -4.855e-03  -0.000e+00  1.000e+02
-3.936e-03  -3.936e-03  -0.000e+00  1.000e+02
-4.028e-03  -4.028e-03  -0.000e+00  1.000e+02
-1.144e-02  -1.144e-02  -0.000e+00  1.000e+02
-1.055e-02  -1.055e-02  -0.000e+00  1.000e+02
-9.978e-03  -9.978e-03  -0.000e+00  1.000e+02
-2.942e-02  -2.942e-02  -0.000e+00  1.000e+02
-2.785e-02  -2.785e-02  -0.000e+00  1.000e+02
-2.423e-02  -2.423e-02  -0.000e+00  1.000e+02
-7.477e-02  -7.477e-02  -0.000e+00  1.000e+02
-6.484e-02  -6.484e-02  -0.000e+00  1.000e+02
-5.472e-02  -5.472e-02  -0.000e+00  1.000e+02
-1.710e-01  -1.710e-01  -0.000e+00  1.000e+02
-1.196e-01  -1.196e-01  -0.000e+00  1.000e+02
-1.101e-01  -1.101e-01  -0.000e+00  1.000e+02
-3.175e-01  -3.175e-01  -0.000e+00  1.000e+02
-1.985e-01  -1.985e-01  -0.000e+00  1.000e+02
-1.917e-01  -1.917e-01  -0.000e+00  1.000e+02
-5.013e-01  -5.013e-01  -2.078e-02  9.585e+01
-3.089e-01  -3.089e-01  -0.000e+00  1.000e+02
-3.213e-01  -3.213e-01  -1.200e-02  9.627e+01
-7.812e-01  -7.812e-01  -2.078e-02  9.734e+01
-3.821e-01  -3.821e-01  -0.000e+00  1.000e+02
-3.616e-01  -3.616e-01  -1.200e-02  9.668e+01
-9.572e-01  -9.572e-01  -2.078e-02  9.783e+01
-4.228e-01  -4.228e-01  -1.697e-02  9.599e+01
-4.521e-01  -4.521e-01  -0.000e+00  1.000e+02
-1.098e+00  -1.098e+00  -3.394e-02  9.691e+01
-4.444e-01  -4.444e-01  -0.000e+00  1.000e+02
-5.014e-01  -5.014e-01  -0.000e+00  1.000e+02
-1.207e+00  -1.207e+00  -3.394e-02  9.719e+01
-4.423e-01  -4.423e-01  -1.200e-02  9.729e+01
-5.256e-01  -5.256e-01  -0.000e+00  1.000e+02
-1.246e+00  -1.246e+00  -2.078e-02  9.833e+01
-4.932e-01  -4.932e-01  -0.000e+00  1.000e+02
-5.236e-01  -5.236e-01  -0.000e+00  1.000e+02
-1.281e+00  -1.281e+00  -2.400e-02  9.813e+01
-4.724e-01  -4.724e-01  -2.078e-02  9.560e+01
-5.101e-01  -5.101e-01  -1.697e-02  9.667e+01
-1.309e+00  -1.309e+00  -2.683e-02  9.795e+01
-4.930e-01  -4.930e-01  -1.200e-02  9.757e+01
-4.974e-01  -4.974e-01  -1.200e-02  9.759e+01
-1.290e+00  -1.290e+00  -2.683e-02  9.792e+01
-4.921e-01  -4.921e-01  -1.200e-02  9.756e+01
-5.216e-01  -5.216e-01  -0.000e+00  1.000e+02
-1.269e+00  -1.269e+00  -3.174e-02  9.750e+01
-4.977e-01  -4.977e-01  -0.000e+00  1.000e+02
-5.144e-01  -5.144e-01  -1.200e-02  9.767e+01
-1.317e+00  -1.317e+00  -2.400e-02  9.818e+01
-5.316e-01  -5.316e-01  -1.697e-02  9.681e+01
-5.108e-01  -5.108e-01  -1.697e-02  9.668e+01
-1.331e+00  -1.331e+00  -2.683e-02  9.798e+01
========================================================================================

step: 10/15 res:20.817697878361404, res/res0:0.9277959782673539  dq_norm: [0.0379409  0.03393537 0.09137379]

A info: before HHL prepare:
Spectral radius (A): 9.827e+01, lambda_min:6.1496174531114915
condition number(A): 1.598e+01, norm2_cond:383.6088599563752
det(A): 5.903e+93
--------------------------------------------------------------------------------

A_hhl info: after scaling by spectral radius:
Spectral radius (A): 1.000e+00, lambda_min:0.0625807545983066
condition number(A): 1.598e+01, norm2_cond:383.60885995637176
det(A): 1.685e-26, nnz: 14 non zeros per row
--------------------------------------------------------------------------------

Size of A & B are not power of 2:
Next 2 power of 60 = 64
Value to be padded = 4
--------------------------------------------------

==================== Print (N)^2 padded matrix system =======================
Padded shape of A: (60, 60)x(60, 60) -> (64, 64)x(64, 64)
Padded shape of B: (60,) -> (64,)
Determinant of padded matrix: 1.6849955604336136e-26
Condition # of padded matrix: 383.60885995637176


Matrix is not Hermitian. Making it Hermitian.......

==================== Print Hermitian matrix system info =======================
Shape of hermitian A: 64x64 -> 128x128
Shape of           B: 64 -> 128
Determinant of Hermitian matrix: 2.8392100386810276e-52
Condition # of Hermitian matrix: 383.60885995637415

=================================== Generating HHL circuit ===================================
Time elapsed for generating HHL circuit: 5 min 10.55 sec

Generated circuit: num_qubits=18, gates=23, depth=5
============================== Generated Circuit saved ==============================

============================== Transpiling circuit ==============================
This is using the AerSimulator('aer_simulator_statevector') transpiler.
Time elapsed for transpiling the circuit:  0 min 58.66 sec
Transpiled circuit, num_qubits: 18, (original: 18)
Transpiled circuit depth: 464203 (original: 5)
Transpiled circuit gates: 464355 (original: 23)
============================== Transpiled Circuit saved ==============================
Time elapsed for running the circuit:  2 min 29.53 sec
total_qubits: 18, nq:7

Time elapsed for extracting shots-based hhl counts solution:  0 min 0.00 sec

[HHL info]: linear system residual (e=||Ax-b||_2): 20.313301803715635
[HHL info]: Fidelity(true_sol, hhl_sol): 0.7980401856477988
[HHL info]: L2 error (absolute): 4.433249579214416
[HHL info]: L2 error (relative): 0.9868410344807927
[HHL info]: L2 error (normalized): 0.4618853760938621

========================================================================================
 Compare system solutions using LU of A, LU sol of A_herm, HHL of Ax=b hermition system
LU sol 	    Herm LU sol    HHL sol    L1_diff(%)
-2.145e-04  -2.145e-04  -0.000e+00  1.000e+02
-1.866e-04  -1.866e-04  -0.000e+00  1.000e+02
-5.748e-04  -5.748e-04  -0.000e+00  1.000e+02
-7.458e-04  -7.458e-04  -0.000e+00  1.000e+02
-6.885e-04  -6.885e-04  -0.000e+00  1.000e+02
-2.059e-03  -2.059e-03  -0.000e+00  1.000e+02
-1.705e-03  -1.705e-03  -0.000e+00  1.000e+02
-1.707e-03  -1.707e-03  -0.000e+00  1.000e+02
-4.907e-03  -4.907e-03  -0.000e+00  1.000e+02
-3.989e-03  -3.989e-03  -0.000e+00  1.000e+02
-4.056e-03  -4.056e-03  -0.000e+00  1.000e+02
-1.155e-02  -1.155e-02  -0.000e+00  1.000e+02
-1.058e-02  -1.058e-02  -0.000e+00  1.000e+02
-9.998e-03  -9.998e-03  -0.000e+00  1.000e+02
-2.948e-02  -2.948e-02  -0.000e+00  1.000e+02
-2.767e-02  -2.767e-02  -0.000e+00  1.000e+02
-2.412e-02  -2.412e-02  -0.000e+00  1.000e+02
-7.439e-02  -7.439e-02  -0.000e+00  1.000e+02
-6.434e-02  -6.434e-02  -0.000e+00  1.000e+02
-5.441e-02  -5.441e-02  -0.000e+00  1.000e+02
-1.700e-01  -1.700e-01  -0.000e+00  1.000e+02
-1.197e-01  -1.197e-01  -0.000e+00  1.000e+02
-1.104e-01  -1.104e-01  -0.000e+00  1.000e+02
-3.173e-01  -3.173e-01  -1.120e-02  9.647e+01
-2.006e-01  -2.006e-01  -0.000e+00  1.000e+02
-1.930e-01  -1.930e-01  -7.923e-03  9.589e+01
-4.834e-01  -4.834e-01  -0.000e+00  1.000e+02
-3.105e-01  -3.105e-01  -0.000e+00  1.000e+02
-3.079e-01  -3.079e-01  -0.000e+00  1.000e+02
-7.626e-01  -7.626e-01  -1.772e-02  9.768e+01
-3.805e-01  -3.805e-01  -0.000e+00  1.000e+02
-3.490e-01  -3.490e-01  -7.923e-03  9.773e+01
-9.315e-01  -9.315e-01  -1.372e-02  9.853e+01
-4.019e-01  -4.019e-01  -7.923e-03  9.803e+01
-4.527e-01  -4.527e-01  -7.923e-03  9.825e+01
-1.054e+00  -1.054e+00  -1.120e-02  9.894e+01
-4.416e-01  -4.416e-01  -7.923e-03  9.821e+01
-5.014e-01  -5.014e-01  -7.923e-03  9.842e+01
-1.163e+00  -1.163e+00  -1.585e-02  9.864e+01
-4.275e-01  -4.275e-01  -0.000e+00  1.000e+02
-5.260e-01  -5.260e-01  -0.000e+00  1.000e+02
-1.218e+00  -1.218e+00  -7.923e-03  9.935e+01
-4.913e-01  -4.913e-01  -1.372e-02  9.721e+01
-5.237e-01  -5.237e-01  -1.120e-02  9.786e+01
-1.250e+00  -1.250e+00  -2.377e-02  9.810e+01
-4.473e-01  -4.473e-01  -0.000e+00  1.000e+02
-4.922e-01  -4.922e-01  -0.000e+00  1.000e+02
-1.275e+00  -1.275e+00  -2.241e-02  9.824e+01
-4.774e-01  -4.774e-01  -0.000e+00  1.000e+02
-4.861e-01  -4.861e-01  -7.923e-03  9.837e+01
-1.255e+00  -1.255e+00  -1.941e-02  9.845e+01
-4.793e-01  -4.793e-01  -7.923e-03  9.835e+01
-5.231e-01  -5.231e-01  -0.000e+00  1.000e+02
-1.234e+00  -1.234e+00  -1.772e-02  9.856e+01
-4.978e-01  -4.978e-01  -0.000e+00  1.000e+02
-5.010e-01  -5.010e-01  -7.923e-03  9.842e+01
-1.292e+00  -1.292e+00  -1.372e-02  9.894e+01
-5.113e-01  -5.113e-01  -7.923e-03  9.845e+01
-4.935e-01  -4.935e-01  -0.000e+00  1.000e+02
-1.300e+00  -1.300e+00  -2.096e-02  9.839e+01
========================================================================================

step: 11/15 res:20.511243245331052, res/res0:0.9141380138897223  dq_norm: [0.02096134 0.02240861 0.05875588]

A info: before HHL prepare:
Spectral radius (A): 9.822e+01, lambda_min:6.156295714452633
condition number(A): 1.595e+01, norm2_cond:380.25453547767273
det(A): 6.312e+93
--------------------------------------------------------------------------------

A_hhl info: after scaling by spectral radius:
Spectral radius (A): 1.000e+00, lambda_min:0.06267870843275804
condition number(A): 1.595e+01, norm2_cond:380.2545354776778
det(A): 1.854e-26, nnz: 14 non zeros per row
--------------------------------------------------------------------------------

Size of A & B are not power of 2:
Next 2 power of 60 = 64
Value to be padded = 4
--------------------------------------------------

==================== Print (N)^2 padded matrix system =======================
Padded shape of A: (60, 60)x(60, 60) -> (64, 64)x(64, 64)
Padded shape of B: (60,) -> (64,)
Determinant of padded matrix: 1.8542568449120627e-26
Condition # of padded matrix: 380.2545354776778


Matrix is not Hermitian. Making it Hermitian.......

==================== Print Hermitian matrix system info =======================
Shape of hermitian A: 64x64 -> 128x128
Shape of           B: 64 -> 128
Determinant of Hermitian matrix: 3.438268446903189e-52
Condition # of Hermitian matrix: 380.2545354776747

=================================== Generating HHL circuit ===================================
Time elapsed for generating HHL circuit: 5 min 14.71 sec

Generated circuit: num_qubits=18, gates=23, depth=5
============================== Generated Circuit saved ==============================

============================== Transpiling circuit ==============================
This is using the AerSimulator('aer_simulator_statevector') transpiler.
Time elapsed for transpiling the circuit:  0 min 44.43 sec
Transpiled circuit, num_qubits: 18, (original: 18)
Transpiled circuit depth: 464193 (original: 5)
Transpiled circuit gates: 464345 (original: 23)
============================== Transpiled Circuit saved ==============================
Time elapsed for running the circuit:  2 min 27.46 sec
total_qubits: 18, nq:7

Time elapsed for extracting shots-based hhl counts solution:  0 min 0.00 sec

[HHL info]: linear system residual (e=||Ax-b||_2): 20.186549444867698
[HHL info]: Fidelity(true_sol, hhl_sol): 0.7933226720974144
[HHL info]: L2 error (absolute): 4.382930402864622
[HHL info]: L2 error (relative): 0.991520042787678
[HHL info]: L2 error (normalized): 0.46757538521293207

========================================================================================
 Compare system solutions using LU of A, LU sol of A_herm, HHL of Ax=b hermition system
LU sol 	    Herm LU sol    HHL sol    L1_diff(%)
-2.159e-04  -2.159e-04  -0.000e+00  1.000e+02
-1.873e-04  -1.873e-04  -0.000e+00  1.000e+02
-5.778e-04  -5.778e-04  -0.000e+00  1.000e+02
-7.544e-04  -7.544e-04  -0.000e+00  1.000e+02
-6.928e-04  -6.928e-04  -0.000e+00  1.000e+02
-2.078e-03  -2.078e-03  -0.000e+00  1.000e+02
-1.722e-03  -1.722e-03  -0.000e+00  1.000e+02
-1.717e-03  -1.717e-03  -0.000e+00  1.000e+02
-4.944e-03  -4.944e-03  -0.000e+00  1.000e+02
-3.995e-03  -3.995e-03  -0.000e+00  1.000e+02
-4.060e-03  -4.060e-03  -0.000e+00  1.000e+02
-1.156e-02  -1.156e-02  -0.000e+00  1.000e+02
-1.051e-02  -1.051e-02  -0.000e+00  1.000e+02
-9.954e-03  -9.954e-03  -0.000e+00  1.000e+02
-2.934e-02  -2.934e-02  -0.000e+00  1.000e+02
-2.752e-02  -2.752e-02  -0.000e+00  1.000e+02
-2.404e-02  -2.404e-02  -0.000e+00  1.000e+02
-7.411e-02  -7.411e-02  -0.000e+00  1.000e+02
-6.440e-02  -6.440e-02  -0.000e+00  1.000e+02
-5.455e-02  -5.455e-02  -0.000e+00  1.000e+02
-1.700e-01  -1.700e-01  -0.000e+00  1.000e+02
-1.201e-01  -1.201e-01  -0.000e+00  1.000e+02
-1.105e-01  -1.105e-01  -0.000e+00  1.000e+02
-3.068e-01  -3.068e-01  -0.000e+00  1.000e+02
-2.011e-01  -2.011e-01  -0.000e+00  1.000e+02
-1.849e-01  -1.849e-01  -0.000e+00  1.000e+02
-4.846e-01  -4.846e-01  -0.000e+00  1.000e+02
-3.113e-01  -3.113e-01  -0.000e+00  1.000e+02
-3.083e-01  -3.083e-01  -5.000e-03  9.838e+01
-7.444e-01  -7.444e-01  -1.000e-02  9.866e+01
-3.812e-01  -3.812e-01  -5.000e-03  9.869e+01
-3.407e-01  -3.407e-01  -5.000e-03  9.853e+01
-9.184e-01  -9.184e-01  -0.000e+00  1.000e+02
-3.937e-01  -3.937e-01  -7.071e-03  9.820e+01
-4.452e-01  -4.452e-01  -0.000e+00  1.000e+02
-1.043e+00  -1.043e+00  -8.661e-03  9.917e+01
-4.327e-01  -4.327e-01  -0.000e+00  1.000e+02
-4.930e-01  -4.930e-01  -5.000e-03  9.899e+01
-1.145e+00  -1.145e+00  -1.000e-02  9.913e+01
-4.260e-01  -4.260e-01  -0.000e+00  1.000e+02
-5.259e-01  -5.259e-01  -0.000e+00  1.000e+02
-1.206e+00  -1.206e+00  -1.323e-02  9.890e+01
-4.757e-01  -4.757e-01  -5.000e-03  9.895e+01
-5.130e-01  -5.130e-01  -0.000e+00  1.000e+02
-1.223e+00  -1.223e+00  -1.225e-02  9.900e+01
-4.472e-01  -4.472e-01  -5.000e-03  9.888e+01
-4.920e-01  -4.920e-01  -0.000e+00  1.000e+02
-1.249e+00  -1.249e+00  -1.414e-02  9.887e+01
-4.776e-01  -4.776e-01  -0.000e+00  1.000e+02
-4.785e-01  -4.785e-01  -5.000e-03  9.895e+01
-1.234e+00  -1.234e+00  -1.225e-02  9.901e+01
-4.711e-01  -4.711e-01  -0.000e+00  1.000e+02
-5.238e-01  -5.238e-01  -0.000e+00  1.000e+02
-1.215e+00  -1.215e+00  -1.414e-02  9.884e+01
-4.949e-01  -4.949e-01  -5.000e-03  9.899e+01
-4.911e-01  -4.911e-01  -5.000e-03  9.898e+01
-1.270e+00  -1.270e+00  -1.323e-02  9.896e+01
-4.957e-01  -4.957e-01  -0.000e+00  1.000e+02
-4.931e-01  -4.931e-01  -5.000e-03  9.899e+01
-1.261e+00  -1.261e+00  -1.225e-02  9.903e+01
========================================================================================

step: 12/15 res:20.314570638224218, res/res0:0.9053727769756664  dq_norm: [0.01224794 0.01224794 0.03840726]

A info: before HHL prepare:
Spectral radius (A): 9.824e+01, lambda_min:6.162011490052841
condition number(A): 1.594e+01, norm2_cond:379.03467621346624
det(A): 6.396e+93
--------------------------------------------------------------------------------

A_hhl info: after scaling by spectral radius:
Spectral radius (A): 1.000e+00, lambda_min:0.06272558597269554
condition number(A): 1.594e+01, norm2_cond:379.03467621346624
det(A): 1.859e-26, nnz: 14 non zeros per row
--------------------------------------------------------------------------------

Size of A & B are not power of 2:
Next 2 power of 60 = 64
Value to be padded = 4
--------------------------------------------------

==================== Print (N)^2 padded matrix system =======================
Padded shape of A: (60, 60)x(60, 60) -> (64, 64)x(64, 64)
Padded shape of B: (60,) -> (64,)
Determinant of padded matrix: 1.858819540878537e-26
Condition # of padded matrix: 379.03467621346624


Matrix is not Hermitian. Making it Hermitian.......

==================== Print Hermitian matrix system info =======================
Shape of hermitian A: 64x64 -> 128x128
Shape of           B: 64 -> 128
Determinant of Hermitian matrix: 3.4552100855518465e-52
Condition # of Hermitian matrix: 379.03467621346846

=================================== Generating HHL circuit ===================================
Time elapsed for generating HHL circuit: 5 min 20.20 sec

Generated circuit: num_qubits=18, gates=23, depth=5
============================== Generated Circuit saved ==============================

============================== Transpiling circuit ==============================
This is using the AerSimulator('aer_simulator_statevector') transpiler.
Time elapsed for transpiling the circuit:  0 min 44.80 sec
Transpiled circuit, num_qubits: 18, (original: 18)
Transpiled circuit depth: 464202 (original: 5)
Transpiled circuit gates: 464354 (original: 23)
============================== Transpiled Circuit saved ==============================
Time elapsed for running the circuit:  2 min 31.61 sec
total_qubits: 18, nq:7

Time elapsed for extracting shots-based hhl counts solution:  0 min 0.00 sec

[HHL info]: linear system residual (e=||Ax-b||_2): 20.185023931973138
[HHL info]: Fidelity(true_sol, hhl_sol): 0.8107046896756394
[HHL info]: L2 error (absolute): 4.3717959578186845
[HHL info]: L2 error (relative): 0.9986358558733408
[HHL info]: L2 error (normalized): 0.4463375199274123

========================================================================================
 Compare system solutions using LU of A, LU sol of A_herm, HHL of Ax=b hermition system
LU sol 	    Herm LU sol    HHL sol    L1_diff(%)
-2.163e-04  -2.163e-04  -0.000e+00  1.000e+02
-1.875e-04  -1.875e-04  -0.000e+00  1.000e+02
-5.788e-04  -5.788e-04  -0.000e+00  1.000e+02
-7.582e-04  -7.582e-04  -0.000e+00  1.000e+02
-6.947e-04  -6.947e-04  -0.000e+00  1.000e+02
-2.086e-03  -2.086e-03  -0.000e+00  1.000e+02
-1.731e-03  -1.731e-03  -0.000e+00  1.000e+02
-1.721e-03  -1.721e-03  -0.000e+00  1.000e+02
-4.964e-03  -4.964e-03  -0.000e+00  1.000e+02
-4.002e-03  -4.002e-03  -0.000e+00  1.000e+02
-4.064e-03  -4.064e-03  -0.000e+00  1.000e+02
-1.157e-02  -1.157e-02  -0.000e+00  1.000e+02
-1.049e-02  -1.049e-02  -0.000e+00  1.000e+02
-9.943e-03  -9.943e-03  -0.000e+00  1.000e+02
-2.929e-02  -2.929e-02  -0.000e+00  1.000e+02
-2.745e-02  -2.745e-02  -0.000e+00  1.000e+02
-2.401e-02  -2.401e-02  -0.000e+00  1.000e+02
-7.396e-02  -7.396e-02  -0.000e+00  1.000e+02
-6.434e-02  -6.434e-02  -7.560e-04  9.882e+01
-5.451e-02  -5.451e-02  -0.000e+00  1.000e+02
-1.699e-01  -1.699e-01  -0.000e+00  1.000e+02
-1.204e-01  -1.204e-01  -0.000e+00  1.000e+02
-1.107e-01  -1.107e-01  -0.000e+00  1.000e+02
-3.073e-01  -3.073e-01  -7.560e-04  9.975e+01
-2.017e-01  -2.017e-01  -0.000e+00  1.000e+02
-1.851e-01  -1.851e-01  -0.000e+00  1.000e+02
-4.858e-01  -4.858e-01  -1.069e-03  9.978e+01
-3.112e-01  -3.112e-01  -0.000e+00  1.000e+02
-3.025e-01  -3.025e-01  -0.000e+00  1.000e+02
-7.339e-01  -7.339e-01  -1.690e-03  9.977e+01
-3.751e-01  -3.751e-01  -0.000e+00  1.000e+02
-3.359e-01  -3.359e-01  -0.000e+00  1.000e+02
-9.174e-01  -9.174e-01  -1.309e-03  9.986e+01
-3.863e-01  -3.863e-01  -1.069e-03  9.972e+01
-4.460e-01  -4.460e-01  -7.560e-04  9.983e+01
-1.034e+00  -1.034e+00  -1.309e-03  9.987e+01
-4.326e-01  -4.326e-01  -0.000e+00  1.000e+02
-4.875e-01  -4.875e-01  -7.560e-04  9.984e+01
-1.134e+00  -1.134e+00  -1.690e-03  9.985e+01
-4.242e-01  -4.242e-01  -7.560e-04  9.982e+01
-5.254e-01  -5.254e-01  -0.000e+00  1.000e+02
-1.188e+00  -1.188e+00  -1.512e-03  9.987e+01
-4.684e-01  -4.684e-01  -0.000e+00  1.000e+02
-5.135e-01  -5.135e-01  -0.000e+00  1.000e+02
-1.205e+00  -1.205e+00  -2.138e-03  9.982e+01
-4.412e-01  -4.412e-01  -0.000e+00  1.000e+02
-4.924e-01  -4.924e-01  -7.560e-04  9.985e+01
-1.233e+00  -1.233e+00  -2.000e-03  9.984e+01
-4.771e-01  -4.771e-01  -0.000e+00  1.000e+02
-4.726e-01  -4.726e-01  -7.560e-04  9.984e+01
-1.219e+00  -1.219e+00  -1.512e-03  9.988e+01
-4.705e-01  -4.705e-01  -0.000e+00  1.000e+02
-5.241e-01  -5.241e-01  -0.000e+00  1.000e+02
-1.198e+00  -1.198e+00  -1.690e-03  9.986e+01
-4.905e-01  -4.905e-01  -1.069e-03  9.978e+01
-4.865e-01  -4.865e-01  -1.512e-03  9.969e+01
-1.258e+00  -1.258e+00  -2.268e-03  9.982e+01
-4.979e-01  -4.979e-01  -1.069e-03  9.979e+01
-4.882e-01  -4.882e-01  -0.000e+00  1.000e+02
-1.252e+00  -1.252e+00  -1.690e-03  9.986e+01
========================================================================================

step: 13/15 res:20.18695733962502, res/res0:0.8996853515021306  dq_norm: [0.00213821 0.00213821 0.00590433]

A info: before HHL prepare:
Spectral radius (A): 9.823e+01, lambda_min:6.166154837940029
condition number(A): 1.593e+01, norm2_cond:378.68923663834505
det(A): 6.460e+93
--------------------------------------------------------------------------------

A_hhl info: after scaling by spectral radius:
Spectral radius (A): 1.000e+00, lambda_min:0.06277069292770979
condition number(A): 1.593e+01, norm2_cond:378.6892366383453
det(A): 1.883e-26, nnz: 21 non zeros per row
--------------------------------------------------------------------------------

Size of A & B are not power of 2:
Next 2 power of 60 = 64
Value to be padded = 4
--------------------------------------------------

==================== Print (N)^2 padded matrix system =======================
Padded shape of A: (60, 60)x(60, 60) -> (64, 64)x(64, 64)
Padded shape of B: (60,) -> (64,)
Determinant of padded matrix: 1.8828336914929056e-26
Condition # of padded matrix: 378.6892366383453


Matrix is not Hermitian. Making it Hermitian.......

==================== Print Hermitian matrix system info =======================
Shape of hermitian A: 64x64 -> 128x128
Shape of           B: 64 -> 128
Determinant of Hermitian matrix: 3.545062709820751e-52
Condition # of Hermitian matrix: 378.68923663834806

=================================== Generating HHL circuit ===================================
Time elapsed for generating HHL circuit: 5 min 8.54 sec

Generated circuit: num_qubits=18, gates=23, depth=5
============================== Generated Circuit saved ==============================

============================== Transpiling circuit ==============================
This is using the AerSimulator('aer_simulator_statevector') transpiler.
Time elapsed for transpiling the circuit:  0 min 58.17 sec
Transpiled circuit, num_qubits: 18, (original: 18)
Transpiled circuit depth: 464203 (original: 5)
Transpiled circuit gates: 464355 (original: 23)
============================== Transpiled Circuit saved ==============================
Time elapsed for running the circuit:  2 min 29.95 sec
total_qubits: 18, nq:7

Time elapsed for extracting shots-based hhl counts solution:  0 min 0.00 sec

[HHL info]: linear system residual (e=||Ax-b||_2): 19.08950819102754
[HHL info]: Fidelity(true_sol, hhl_sol): 0.8516707505626164
[HHL info]: L2 error (absolute): 4.214082542725363
[HHL info]: L2 error (relative): 0.9641449285082663
[HHL info]: L2 error (normalized): 0.3927846926077599

========================================================================================
 Compare system solutions using LU of A, LU sol of A_herm, HHL of Ax=b hermition system
LU sol 	    Herm LU sol    HHL sol    L1_diff(%)
-2.163e-04  -2.163e-04  -0.000e+00  1.000e+02
-1.875e-04  -1.875e-04  -0.000e+00  1.000e+02
-5.785e-04  -5.785e-04  -0.000e+00  1.000e+02
-7.591e-04  -7.591e-04  -0.000e+00  1.000e+02
-6.952e-04  -6.952e-04  -0.000e+00  1.000e+02
-2.088e-03  -2.088e-03  -0.000e+00  1.000e+02
-1.735e-03  -1.735e-03  -0.000e+00  1.000e+02
-1.723e-03  -1.723e-03  -0.000e+00  1.000e+02
-4.972e-03  -4.972e-03  -0.000e+00  1.000e+02
-4.008e-03  -4.008e-03  -0.000e+00  1.000e+02
-4.067e-03  -4.067e-03  -0.000e+00  1.000e+02
-1.159e-02  -1.159e-02  -0.000e+00  1.000e+02
-1.049e-02  -1.049e-02  -0.000e+00  1.000e+02
-9.940e-03  -9.940e-03  -0.000e+00  1.000e+02
-2.928e-02  -2.928e-02  -0.000e+00  1.000e+02
-2.743e-02  -2.743e-02  -0.000e+00  1.000e+02
-2.400e-02  -2.400e-02  -0.000e+00  1.000e+02
-7.390e-02  -7.390e-02  -0.000e+00  1.000e+02
-6.355e-02  -6.355e-02  -0.000e+00  1.000e+02
-5.452e-02  -5.452e-02  -0.000e+00  1.000e+02
-1.698e-01  -1.698e-01  -0.000e+00  1.000e+02
-1.204e-01  -1.204e-01  -0.000e+00  1.000e+02
-1.107e-01  -1.107e-01  -0.000e+00  1.000e+02
-3.065e-01  -3.065e-01  -1.980e-02  9.354e+01
-2.017e-01  -2.017e-01  -2.801e-02  8.611e+01
-1.851e-01  -1.851e-01  -0.000e+00  1.000e+02
-4.845e-01  -4.845e-01  -1.980e-02  9.591e+01
-3.111e-01  -3.111e-01  -0.000e+00  1.000e+02
-3.025e-01  -3.025e-01  -0.000e+00  1.000e+02
-7.318e-01  -7.318e-01  -3.430e-02  9.531e+01
-3.751e-01  -3.751e-01  -0.000e+00  1.000e+02
-3.360e-01  -3.360e-01  -0.000e+00  1.000e+02
-9.159e-01  -9.159e-01  -3.430e-02  9.625e+01
-3.852e-01  -3.852e-01  -0.000e+00  1.000e+02
-4.452e-01  -4.452e-01  -3.961e-02  9.110e+01
-1.033e+00  -1.033e+00  -4.851e-02  9.530e+01
-4.325e-01  -4.325e-01  -0.000e+00  1.000e+02
-4.866e-01  -4.866e-01  -1.980e-02  9.593e+01
-1.132e+00  -1.132e+00  -4.851e-02  9.572e+01
-4.233e-01  -4.233e-01  -1.980e-02  9.532e+01
-5.254e-01  -5.254e-01  -2.801e-02  9.467e+01
-1.186e+00  -1.186e+00  -4.851e-02  9.591e+01
-4.685e-01  -4.685e-01  -1.980e-02  9.577e+01
-5.136e-01  -5.136e-01  -0.000e+00  1.000e+02
-1.202e+00  -1.202e+00  -4.851e-02  9.597e+01
-4.415e-01  -4.415e-01  -1.980e-02  9.551e+01
-4.917e-01  -4.917e-01  -2.801e-02  9.430e+01
-1.231e+00  -1.231e+00  -3.961e-02  9.678e+01
-4.774e-01  -4.774e-01  -0.000e+00  1.000e+02
-4.718e-01  -4.718e-01  -0.000e+00  1.000e+02
-1.218e+00  -1.218e+00  -3.961e-02  9.675e+01
-4.706e-01  -4.706e-01  -0.000e+00  1.000e+02
-5.241e-01  -5.241e-01  -2.801e-02  9.466e+01
-1.196e+00  -1.196e+00  -3.430e-02  9.713e+01
-4.890e-01  -4.890e-01  -1.980e-02  9.595e+01
-4.849e-01  -4.849e-01  -2.801e-02  9.422e+01
-1.255e+00  -1.255e+00  -4.429e-02  9.647e+01
-4.960e-01  -4.960e-01  -1.980e-02  9.601e+01
-4.882e-01  -4.882e-01  -1.980e-02  9.594e+01
-1.249e+00  -1.249e+00  -4.429e-02  9.645e+01
========================================================================================

step: 14/15 res:20.185026111039544, res/res0:0.8995992811726835  dq_norm: [0.05239888 0.07410321 0.14418196]
Completed: 14 steps in 7831.05s
Saved metadata to /lustre/orion/stf006/scratch/4klornl/fvm_euler_1d_solver/output_parallel_shots/nelem20/statevector/shots_5000/trial_8/metadata_nelem20_HHL_statevector_nshots5000.pkl

Solution summary:
  x/L: [0.0250, 0.9750]
  Mach: [1.5000, 1.5460]
  p/p_in: [1.0000, 0.8677]
  rho/rho_in: [1.0000, 0.9089]
Saved combined plot to /lustre/orion/stf006/scratch/4klornl/fvm_euler_1d_solver/output_parallel_shots/nelem20/statevector/shots_5000/trial_8/solution_plot_nelem20_HHL_statevector_nshots5000.png
