
------------------------------------------------------------
Using ideal local simulator with 'statevector' method
Backend: aer_simulator_statevector
Shots: 5000
------------------------------------------------------------

A info: before HHL prepare:
Spectral radius (A): 2.241e+01, lambda_min:2.3074021727489433
condition number(A): 9.710e+00, norm2_cond:95.97789014324577
det(A): 9.333e+14
--------------------------------------------------------------------------------

A_hhl info: after scaling by spectral radius:
Spectral radius (A): 1.000e+00, lambda_min:0.1029832130561069
condition number(A): 9.710e+00, norm2_cond:95.9778901432457
det(A): 5.184e-06, nnz: 10 non zeros per row
--------------------------------------------------------------------------------

Size of A & B are not power of 2:
Next 2 power of 15 = 16
Value to be padded = 1
--------------------------------------------------

==================== Print (N)^2 padded matrix system =======================
Padded shape of A: (15, 15)x(15, 15) -> (16, 16)x(16, 16)
Padded shape of B: (15,) -> (16,)
Determinant of padded matrix: 5.183984510966138e-06
Condition # of padded matrix: 95.9778901432457


Matrix is not Hermitian. Making it Hermitian.......

==================== Print Hermitian matrix system info =======================
Shape of hermitian A: 16x16 -> 32x32
Shape of           B: 16 -> 32
Determinant of Hermitian matrix: 2.6873695409936828e-11
Condition # of Hermitian matrix: 95.9778901432459

=================================== Generating HHL circuit ===================================
Time elapsed for generating HHL circuit: 4 min 27.94 sec

Generated circuit: num_qubits=14, gates=19, depth=5
============================== Generated Circuit saved ==============================

============================== Transpiling circuit ==============================
Time elapsed for transpiling the circuit:  0 min 46.06 sec
Transpiled circuit, num_qubits: 14, (original: 14)
Transpiled circuit depth: 689027 (original: 5)
Transpiled circuit gates: 689127 (original: 19)
============================== Transpiled Circuit saved ==============================
Time elapsed for running the circuit:  1 min 2.39 sec
total_qubits: 14, nq:5

Time elapsed for extracting shots-based hhl counts solution:  0 min 0.00 sec

[HHL info]: linear system residual (e=||Ax-b||_2): 8.968244842775311
[HHL info]: Fidelity(true_sol, hhl_sol): 0.9474200386330635
[HHL info]: L2 error (absolute): 1.665286083028687
[HHL info]: L2 error (relative): 0.6157272706207418
[HHL info]: L2 error (normalized): 0.23084608536986895

========================================================================================
 Compare system solutions using LU of A, LU sol of A_herm, HHL of Ax=b hermition system
LU sol 	    Herm LU sol    HHL sol    L1_diff(%)
-1.705e-02  -1.705e-02  -0.000e+00  1.000e+02
-7.527e-03  -7.527e-03  -0.000e+00  1.000e+02
-3.946e-02  -3.946e-02  -0.000e+00  1.000e+02
-1.283e-01  -1.283e-01  -1.892e-01  4.753e+01
-6.877e-02  -6.877e-02  -0.000e+00  1.000e+02
-2.800e-01  -2.800e-01  -1.338e-01  5.222e+01
-4.114e-01  -4.114e-01  -1.892e-01  5.401e+01
-4.227e-01  -4.227e-01  -0.000e+00  1.000e+02
-1.109e+00  -1.109e+00  -4.014e-01  6.382e+01
-5.252e-01  -5.252e-01  -1.892e-01  6.397e+01
-5.558e-01  -5.558e-01  -2.992e-01  4.617e+01
-1.428e+00  -1.428e+00  -5.182e-01  6.370e+01
-5.637e-01  -5.637e-01  -2.318e-01  5.889e+01
-5.958e-01  -5.958e-01  -2.318e-01  6.110e+01
-1.529e+00  -1.529e+00  -6.555e-01  5.714e+01
========================================================================================

step: 0/15 res:12.375368413827264, res/res0:1.0  dq_norm: [0.40140925 0.37845227 0.93662159]

A info: before HHL prepare:
Spectral radius (A): 2.392e+01, lambda_min:3.603362035789942
condition number(A): 6.639e+00, norm2_cond:80.57922800768436
det(A): 6.012e+15
--------------------------------------------------------------------------------

A_hhl info: after scaling by spectral radius:
Spectral radius (A): 1.000e+00, lambda_min:0.1506156717418149
condition number(A): 6.639e+00, norm2_cond:80.57922800768439
det(A): 1.249e-05, nnz: 11 non zeros per row
--------------------------------------------------------------------------------

Size of A & B are not power of 2:
Next 2 power of 15 = 16
Value to be padded = 1
--------------------------------------------------

==================== Print (N)^2 padded matrix system =======================
Padded shape of A: (15, 15)x(15, 15) -> (16, 16)x(16, 16)
Padded shape of B: (15,) -> (16,)
Determinant of padded matrix: 1.2487260859044036e-05
Condition # of padded matrix: 80.57922800768439


Matrix is not Hermitian. Making it Hermitian.......

==================== Print Hermitian matrix system info =======================
Shape of hermitian A: 16x16 -> 32x32
Shape of           B: 16 -> 32
Determinant of Hermitian matrix: 1.5593168376181152e-10
Condition # of Hermitian matrix: 80.57922800768426

=================================== Generating HHL circuit ===================================
Time elapsed for generating HHL circuit: 4 min 29.39 sec

Generated circuit: num_qubits=14, gates=19, depth=5
============================== Generated Circuit saved ==============================

============================== Transpiling circuit ==============================
Time elapsed for transpiling the circuit:  0 min 45.37 sec
Transpiled circuit, num_qubits: 14, (original: 14)
Transpiled circuit depth: 689027 (original: 5)
Transpiled circuit gates: 689127 (original: 19)
============================== Transpiled Circuit saved ==============================
Time elapsed for running the circuit:  1 min 2.03 sec
total_qubits: 14, nq:5

Time elapsed for extracting shots-based hhl counts solution:  0 min 0.00 sec

[HHL info]: linear system residual (e=||Ax-b||_2): 5.327157360307185
[HHL info]: Fidelity(true_sol, hhl_sol): 0.9631056944578067
[HHL info]: L2 error (absolute): 0.564148279715957
[HHL info]: L2 error (relative): 0.36312921113280583
[HHL info]: L2 error (normalized): 0.19297934890651275

========================================================================================
 Compare system solutions using LU of A, LU sol of A_herm, HHL of Ax=b hermition system
LU sol 	    Herm LU sol    HHL sol    L1_diff(%)
-1.577e-02  -1.577e-02  -0.000e+00  1.000e+02
-4.918e-03  -4.918e-03  -0.000e+00  1.000e+02
-3.215e-02  -3.215e-02  -0.000e+00  1.000e+02
 5.859e-02   5.859e-02   0.000e+00  1.000e+02
-7.473e-02  -7.473e-02  -1.162e-01  5.551e+01
-1.367e-01  -1.367e-01  -1.162e-01  1.502e+01
-2.121e-01  -2.121e-01  -2.013e-01  5.120e+00
-4.348e-01  -4.348e-01  -2.599e-01  4.024e+01
-6.774e-01  -6.774e-01  -5.693e-01  1.595e+01
-3.142e-01  -3.142e-01  -1.162e-01  6.301e+01
-2.415e-01  -2.415e-01  -2.013e-01  1.666e+01
-8.635e-01  -8.635e-01  -5.197e-01  3.981e+01
-2.854e-01  -2.854e-01  -1.643e-01  4.242e+01
-3.579e-01  -3.579e-01  -2.324e-01  3.507e+01
-7.612e-01  -7.612e-01  -4.791e-01  3.706e+01
========================================================================================

step: 1/15 res:8.945950916706947, res/res0:0.7228836037488342  dq_norm: [0.28465293 0.41899777 0.91503116]

A info: before HHL prepare:
Spectral radius (A): 2.423e+01, lambda_min:3.861274532089762
condition number(A): 6.275e+00, norm2_cond:70.30903104449155
det(A): 7.669e+15
--------------------------------------------------------------------------------

A_hhl info: after scaling by spectral radius:
Spectral radius (A): 1.000e+00, lambda_min:0.1593603290837533
condition number(A): 6.275e+00, norm2_cond:70.30903104449145
det(A): 1.317e-05, nnz: 11 non zeros per row
--------------------------------------------------------------------------------

Size of A & B are not power of 2:
Next 2 power of 15 = 16
Value to be padded = 1
--------------------------------------------------

==================== Print (N)^2 padded matrix system =======================
Padded shape of A: (15, 15)x(15, 15) -> (16, 16)x(16, 16)
Padded shape of B: (15,) -> (16,)
Determinant of padded matrix: 1.3167401631584826e-05
Condition # of padded matrix: 70.30903104449145


Matrix is not Hermitian. Making it Hermitian.......

==================== Print Hermitian matrix system info =======================
Shape of hermitian A: 16x16 -> 32x32
Shape of           B: 16 -> 32
Determinant of Hermitian matrix: 1.733804657274621e-10
Condition # of Hermitian matrix: 70.30903104449169

=================================== Generating HHL circuit ===================================
Time elapsed for generating HHL circuit: 4 min 28.89 sec

Generated circuit: num_qubits=14, gates=19, depth=5
============================== Generated Circuit saved ==============================

============================== Transpiling circuit ==============================
Time elapsed for transpiling the circuit:  0 min 44.62 sec
Transpiled circuit, num_qubits: 14, (original: 14)
Transpiled circuit depth: 689027 (original: 5)
Transpiled circuit gates: 689127 (original: 19)
============================== Transpiled Circuit saved ==============================
Time elapsed for running the circuit:  1 min 1.82 sec
total_qubits: 14, nq:5

Time elapsed for extracting shots-based hhl counts solution:  0 min 0.00 sec

[HHL info]: linear system residual (e=||Ax-b||_2): 3.1378229405056257
[HHL info]: Fidelity(true_sol, hhl_sol): 0.9199824987862065
[HHL info]: L2 error (absolute): 0.29555201790311947
[HHL info]: L2 error (relative): 0.5152468840338412
[HHL info]: L2 error (normalized): 0.28580699263381326

========================================================================================
 Compare system solutions using LU of A, LU sol of A_herm, HHL of Ax=b hermition system
LU sol 	    Herm LU sol    HHL sol    L1_diff(%)
-1.595e-02  -1.595e-02  -0.000e+00  1.000e+02
-7.471e-03  -7.471e-03  -0.000e+00  1.000e+02
-3.866e-02  -3.866e-02  -0.000e+00  1.000e+02
 6.656e-02   6.656e-02   0.000e+00  1.000e+02
 5.024e-02   5.024e-02   0.000e+00  1.000e+02
-1.240e-02  -1.240e-02  -0.000e+00  1.000e+02
-1.281e-02  -1.281e-02  -0.000e+00  1.000e+02
-1.751e-01  -1.751e-01  -1.160e-01  3.378e+01
-1.130e-01  -1.130e-01  -9.469e-02  1.621e+01
-2.102e-01  -2.102e-01  -1.253e-01  4.041e+01
-3.836e-02  -3.836e-02  -0.000e+00  1.000e+02
-3.437e-01  -3.437e-01  -1.339e-01  6.104e+01
-1.239e-01  -1.239e-01  -8.200e-02  3.383e+01
-1.253e-01  -1.253e-01  -6.696e-02  4.656e+01
-2.858e-01  -2.858e-01  -1.570e-01  4.505e+01
========================================================================================

step: 2/15 res:5.398187962328227, res/res0:0.4362042229221003  dq_norm: [0.14971841 0.13391222 0.22705921]

A info: before HHL prepare:
Spectral radius (A): 2.448e+01, lambda_min:4.185882721838069
condition number(A): 5.848e+00, norm2_cond:67.97113000790593
det(A): 1.233e+16
--------------------------------------------------------------------------------

A_hhl info: after scaling by spectral radius:
Spectral radius (A): 1.000e+00, lambda_min:0.17099099338053336
condition number(A): 5.848e+00, norm2_cond:67.97113000790604
det(A): 1.814e-05, nnz: 11 non zeros per row
--------------------------------------------------------------------------------

Size of A & B are not power of 2:
Next 2 power of 15 = 16
Value to be padded = 1
--------------------------------------------------

==================== Print (N)^2 padded matrix system =======================
Padded shape of A: (15, 15)x(15, 15) -> (16, 16)x(16, 16)
Padded shape of B: (15,) -> (16,)
Determinant of padded matrix: 1.814015549465418e-05
Condition # of padded matrix: 67.97113000790604


Matrix is not Hermitian. Making it Hermitian.......

==================== Print Hermitian matrix system info =======================
Shape of hermitian A: 16x16 -> 32x32
Shape of           B: 16 -> 32
Determinant of Hermitian matrix: 3.290652413702311e-10
Condition # of Hermitian matrix: 67.97113000790603

=================================== Generating HHL circuit ===================================
Time elapsed for generating HHL circuit: 4 min 28.20 sec

Generated circuit: num_qubits=14, gates=19, depth=5
============================== Generated Circuit saved ==============================

============================== Transpiling circuit ==============================
Time elapsed for transpiling the circuit:  0 min 44.34 sec
Transpiled circuit, num_qubits: 14, (original: 14)
Transpiled circuit depth: 689027 (original: 5)
Transpiled circuit gates: 689127 (original: 19)
============================== Transpiled Circuit saved ==============================
Time elapsed for running the circuit:  1 min 2.45 sec
total_qubits: 14, nq:5

Time elapsed for extracting shots-based hhl counts solution:  0 min 0.00 sec

[HHL info]: linear system residual (e=||Ax-b||_2): 2.772202421949068
[HHL info]: Fidelity(true_sol, hhl_sol): 0.781516492708284
[HHL info]: L2 error (absolute): 0.22645386182034122
[HHL info]: L2 error (relative): 0.9012076528021712
[HHL info]: L2 error (normalized): 0.4815927435694698

========================================================================================
 Compare system solutions using LU of A, LU sol of A_herm, HHL of Ax=b hermition system
LU sol 	    Herm LU sol    HHL sol    L1_diff(%)
-1.364e-02  -1.364e-02  -0.000e+00  1.000e+02
-5.815e-03  -5.815e-03  -0.000e+00  1.000e+02
-3.124e-02  -3.124e-02  -0.000e+00  1.000e+02
 7.093e-02   7.093e-02   1.078e-02  8.480e+01
 4.465e-02   4.465e-02   4.822e-03  8.920e+01
-5.121e-04  -5.121e-04  -0.000e+00  1.000e+02
 7.539e-03   7.539e-03   0.000e+00  1.000e+02
-4.619e-02  -4.619e-02  -4.822e-03  8.956e+01
 2.671e-02   2.671e-02   0.000e+00  1.000e+02
-5.428e-02  -5.428e-02  -0.000e+00  1.000e+02
-5.373e-02  -5.373e-02  -0.000e+00  1.000e+02
-1.585e-01  -1.585e-01  -2.046e-02  8.709e+01
-3.878e-02  -3.878e-02  -0.000e+00  1.000e+02
-6.456e-02  -6.456e-02  -0.000e+00  1.000e+02
-1.241e-01  -1.241e-01  -1.525e-02  8.771e+01
========================================================================================

step: 3/15 res:3.1566868683236975, res/res0:0.25507821365517197  dq_norm: [0.0107815  0.00681882 0.02551369]

A info: before HHL prepare:
Spectral radius (A): 2.442e+01, lambda_min:4.190169012139002
condition number(A): 5.827e+00, norm2_cond:66.81015671085521
det(A): 1.184e+16
--------------------------------------------------------------------------------

A_hhl info: after scaling by spectral radius:
Spectral radius (A): 1.000e+00, lambda_min:0.17161437198820698
condition number(A): 5.827e+00, norm2_cond:66.81015671085521
det(A): 1.812e-05, nnz: 13 non zeros per row
--------------------------------------------------------------------------------

Size of A & B are not power of 2:
Next 2 power of 15 = 16
Value to be padded = 1
--------------------------------------------------

==================== Print (N)^2 padded matrix system =======================
Padded shape of A: (15, 15)x(15, 15) -> (16, 16)x(16, 16)
Padded shape of B: (15,) -> (16,)
Determinant of padded matrix: 1.8117428262411658e-05
Condition # of padded matrix: 66.81015671085521


Matrix is not Hermitian. Making it Hermitian.......

==================== Print Hermitian matrix system info =======================
Shape of hermitian A: 16x16 -> 32x32
Shape of           B: 16 -> 32
Determinant of Hermitian matrix: 3.2824120684363265e-10
Condition # of Hermitian matrix: 66.81015671085532

=================================== Generating HHL circuit ===================================
Time elapsed for generating HHL circuit: 4 min 26.75 sec

Generated circuit: num_qubits=14, gates=19, depth=5
============================== Generated Circuit saved ==============================

============================== Transpiling circuit ==============================
Time elapsed for transpiling the circuit:  0 min 44.07 sec
Transpiled circuit, num_qubits: 14, (original: 14)
Transpiled circuit depth: 689027 (original: 5)
Transpiled circuit gates: 689127 (original: 19)
============================== Transpiled Circuit saved ==============================
Time elapsed for running the circuit:  1 min 1.95 sec
total_qubits: 14, nq:5

Time elapsed for extracting shots-based hhl counts solution:  0 min 0.00 sec

[HHL info]: linear system residual (e=||Ax-b||_2): 2.379401354454779
[HHL info]: Fidelity(true_sol, hhl_sol): 0.8236395396606694
[HHL info]: L2 error (absolute): 0.19819952811418853
[HHL info]: L2 error (relative): 0.8779935576493192
[HHL info]: L2 error (normalized): 0.43000956161459114

========================================================================================
 Compare system solutions using LU of A, LU sol of A_herm, HHL of Ax=b hermition system
LU sol 	    Herm LU sol    HHL sol    L1_diff(%)
-1.338e-02  -1.338e-02  -0.000e+00  1.000e+02
-5.549e-03  -5.549e-03  -0.000e+00  1.000e+02
-3.080e-02  -3.080e-02  -0.000e+00  1.000e+02
 6.130e-02   6.130e-02   1.089e-02  8.223e+01
 4.015e-02   4.015e-02   0.000e+00  1.000e+02
-3.586e-04  -3.586e-04  -0.000e+00  1.000e+02
 8.076e-03   8.076e-03   0.000e+00  1.000e+02
-4.114e-02  -4.114e-02  -0.000e+00  1.000e+02
 2.755e-02   2.755e-02   0.000e+00  1.000e+02
-5.413e-02  -5.413e-02  -6.290e-03  8.838e+01
-5.375e-02  -5.375e-02  -0.000e+00  1.000e+02
-1.367e-01  -1.367e-01  -1.887e-02  8.620e+01
-3.874e-02  -3.874e-02  -6.290e-03  8.377e+01
-6.452e-02  -6.452e-02  -1.258e-02  8.050e+01
-1.084e-01  -1.084e-01  -1.541e-02  8.579e+01
========================================================================================

step: 4/15 res:2.774023798297799, res/res0:0.22415686592395284  dq_norm: [0.01406444 0.01257962 0.02436032]

A info: before HHL prepare:
Spectral radius (A): 2.440e+01, lambda_min:4.17824725763761
condition number(A): 5.841e+00, norm2_cond:66.91233349497625
det(A): 1.149e+16
--------------------------------------------------------------------------------

A_hhl info: after scaling by spectral radius:
Spectral radius (A): 1.000e+00, lambda_min:0.17120927981563838
condition number(A): 5.841e+00, norm2_cond:66.91233349497628
det(A): 1.772e-05, nnz: 12 non zeros per row
--------------------------------------------------------------------------------

Size of A & B are not power of 2:
Next 2 power of 15 = 16
Value to be padded = 1
--------------------------------------------------

==================== Print (N)^2 padded matrix system =======================
Padded shape of A: (15, 15)x(15, 15) -> (16, 16)x(16, 16)
Padded shape of B: (15,) -> (16,)
Determinant of padded matrix: 1.771913046800019e-05
Condition # of padded matrix: 66.91233349497628


Matrix is not Hermitian. Making it Hermitian.......

==================== Print Hermitian matrix system info =======================
Shape of hermitian A: 16x16 -> 32x32
Shape of           B: 16 -> 32
Determinant of Hermitian matrix: 3.1396758454201486e-10
Condition # of Hermitian matrix: 66.91233349497641

=================================== Generating HHL circuit ===================================
Time elapsed for generating HHL circuit: 4 min 26.30 sec

Generated circuit: num_qubits=14, gates=19, depth=5
============================== Generated Circuit saved ==============================

============================== Transpiling circuit ==============================
Time elapsed for transpiling the circuit:  0 min 43.94 sec
Transpiled circuit, num_qubits: 14, (original: 14)
Transpiled circuit depth: 689027 (original: 5)
Transpiled circuit gates: 689127 (original: 19)
============================== Transpiled Circuit saved ==============================
Time elapsed for running the circuit:  1 min 2.23 sec
total_qubits: 14, nq:5

Time elapsed for extracting shots-based hhl counts solution:  0 min 0.00 sec

[HHL info]: linear system residual (e=||Ax-b||_2): 2.369344072256054
[HHL info]: Fidelity(true_sol, hhl_sol): 0.8095672633090975
[HHL info]: L2 error (absolute): 0.19615644865163911
[HHL info]: L2 error (relative): 0.9937466490363209
[HHL info]: L2 error (normalized): 0.4477509160023295

========================================================================================
 Compare system solutions using LU of A, LU sol of A_herm, HHL of Ax=b hermition system
LU sol 	    Herm LU sol    HHL sol    L1_diff(%)
-1.313e-02  -1.313e-02  -0.000e+00  1.000e+02
-5.297e-03  -5.297e-03  -0.000e+00  1.000e+02
-3.046e-02  -3.046e-02  -3.150e-04  9.897e+01
 5.125e-02   5.125e-02   3.150e-04  9.939e+01
 4.013e-02   4.013e-02   0.000e+00  1.000e+02
-6.614e-04  -6.614e-04  -0.000e+00  1.000e+02
 8.473e-03   8.473e-03   0.000e+00  1.000e+02
-4.078e-02  -4.078e-02  -0.000e+00  1.000e+02
 2.771e-02   2.771e-02   0.000e+00  1.000e+02
-4.745e-02  -4.745e-02  -0.000e+00  1.000e+02
-5.387e-02  -5.387e-02  -3.150e-04  9.942e+01
-1.167e-01  -1.167e-01  -9.960e-04  9.915e+01
-3.240e-02  -3.240e-02  -3.150e-04  9.903e+01
-5.197e-02  -5.197e-02  -3.150e-04  9.939e+01
-9.259e-02  -9.259e-02  -6.299e-04  9.932e+01
========================================================================================

step: 5/15 res:2.381146988291529, res/res0:0.19241019003773838  dq_norm: [0.00044542 0.00044542 0.00121984]

A info: before HHL prepare:
Spectral radius (A): 2.440e+01, lambda_min:4.1786217476182745
condition number(A): 5.840e+00, norm2_cond:66.87768694265839
det(A): 1.149e+16
--------------------------------------------------------------------------------

A_hhl info: after scaling by spectral radius:
Spectral radius (A): 1.000e+00, lambda_min:0.17123673718724866
condition number(A): 5.840e+00, norm2_cond:66.87768694265846
det(A): 1.773e-05, nnz: 11 non zeros per row
--------------------------------------------------------------------------------

Size of A & B are not power of 2:
Next 2 power of 15 = 16
Value to be padded = 1
--------------------------------------------------

==================== Print (N)^2 padded matrix system =======================
Padded shape of A: (15, 15)x(15, 15) -> (16, 16)x(16, 16)
Padded shape of B: (15,) -> (16,)
Determinant of padded matrix: 1.773343168241723e-05
Condition # of padded matrix: 66.87768694265846


Matrix is not Hermitian. Making it Hermitian.......

==================== Print Hermitian matrix system info =======================
Shape of hermitian A: 16x16 -> 32x32
Shape of           B: 16 -> 32
Determinant of Hermitian matrix: 3.144745992349581e-10
Condition # of Hermitian matrix: 66.87768694265867

=================================== Generating HHL circuit ===================================
Time elapsed for generating HHL circuit: 4 min 27.37 sec

Generated circuit: num_qubits=14, gates=19, depth=5
============================== Generated Circuit saved ==============================

============================== Transpiling circuit ==============================
Time elapsed for transpiling the circuit:  0 min 43.55 sec
Transpiled circuit, num_qubits: 14, (original: 14)
Transpiled circuit depth: 689027 (original: 5)
Transpiled circuit gates: 689127 (original: 19)
============================== Transpiled Circuit saved ==============================
Time elapsed for running the circuit:  1 min 1.88 sec
total_qubits: 14, nq:5

Time elapsed for extracting shots-based hhl counts solution:  0 min 0.00 sec

[HHL info]: linear system residual (e=||Ax-b||_2): 2.306034712406602
[HHL info]: Fidelity(true_sol, hhl_sol): 0.9523388363527192
[HHL info]: L2 error (absolute): 0.1912783413947564
[HHL info]: L2 error (relative): 0.9751376031254465
[HHL info]: L2 error (normalized): 0.21964291626824817

========================================================================================
 Compare system solutions using LU of A, LU sol of A_herm, HHL of Ax=b hermition system
LU sol 	    Herm LU sol    HHL sol    L1_diff(%)
-1.312e-02  -1.312e-02  -0.000e+00  1.000e+02
-5.291e-03  -5.291e-03  -0.000e+00  1.000e+02
-3.014e-02  -3.014e-02  -9.130e-04  9.697e+01
 5.096e-02   5.096e-02   9.130e-04  9.821e+01
 4.013e-02   4.013e-02   9.130e-04  9.773e+01
-6.584e-04  -6.584e-04  -0.000e+00  1.000e+02
 8.480e-03   8.480e-03   0.000e+00  1.000e+02
-4.078e-02  -4.078e-02  -1.291e-03  9.683e+01
 2.771e-02   2.771e-02   9.130e-04  9.671e+01
-4.745e-02  -4.745e-02  -1.291e-03  9.728e+01
-5.355e-02  -5.355e-02  -1.581e-03  9.705e+01
-1.157e-01  -1.157e-01  -3.028e-03  9.738e+01
-3.209e-02  -3.209e-02  -0.000e+00  1.000e+02
-5.166e-02  -5.166e-02  -1.291e-03  9.750e+01
-9.196e-02  -9.196e-02  -2.236e-03  9.757e+01
========================================================================================

step: 6/15 res:2.3693450859211413, res/res0:0.19145652934855834  dq_norm: [0.00158134 0.00258231 0.00397961]

A info: before HHL prepare:
Spectral radius (A): 2.439e+01, lambda_min:4.170479215357206
condition number(A): 5.849e+00, norm2_cond:66.95448995090526
det(A): 1.136e+16
--------------------------------------------------------------------------------

A_hhl info: after scaling by spectral radius:
Spectral radius (A): 1.000e+00, lambda_min:0.1709581492421273
condition number(A): 5.849e+00, norm2_cond:66.95448995090537
det(A): 1.762e-05, nnz: 11 non zeros per row
--------------------------------------------------------------------------------

Size of A & B are not power of 2:
Next 2 power of 15 = 16
Value to be padded = 1
--------------------------------------------------

==================== Print (N)^2 padded matrix system =======================
Padded shape of A: (15, 15)x(15, 15) -> (16, 16)x(16, 16)
Padded shape of B: (15,) -> (16,)
Determinant of padded matrix: 1.762345902436145e-05
Condition # of padded matrix: 66.95448995090537


Matrix is not Hermitian. Making it Hermitian.......

==================== Print Hermitian matrix system info =======================
Shape of hermitian A: 16x16 -> 32x32
Shape of           B: 16 -> 32
Determinant of Hermitian matrix: 3.1058630798334707e-10
Condition # of Hermitian matrix: 66.95448995090551

=================================== Generating HHL circuit ===================================
Time elapsed for generating HHL circuit: 4 min 27.57 sec

Generated circuit: num_qubits=14, gates=19, depth=5
============================== Generated Circuit saved ==============================

============================== Transpiling circuit ==============================
Time elapsed for transpiling the circuit:  0 min 43.30 sec
Transpiled circuit, num_qubits: 14, (original: 14)
Transpiled circuit depth: 689027 (original: 5)
Transpiled circuit gates: 689127 (original: 19)
============================== Transpiled Circuit saved ==============================
Time elapsed for running the circuit:  1 min 2.03 sec
total_qubits: 14, nq:5

Time elapsed for extracting shots-based hhl counts solution:  0 min 0.00 sec

[HHL info]: linear system residual (e=||Ax-b||_2): 2.1951459382674394
[HHL info]: Fidelity(true_sol, hhl_sol): 0.7219785762820922
[HHL info]: L2 error (absolute): 0.18374866862016098
[HHL info]: L2 error (relative): 0.9611661324948839
[HHL info]: L2 error (normalized): 0.5482823637387375

========================================================================================
 Compare system solutions using LU of A, LU sol of A_herm, HHL of Ax=b hermition system
LU sol 	    Herm LU sol    HHL sol    L1_diff(%)
-1.310e-02  -1.310e-02  -0.000e+00  1.000e+02
-5.272e-03  -5.272e-03  -0.000e+00  1.000e+02
-2.918e-02  -2.918e-02  -1.969e-03  9.325e+01
 5.013e-02   5.013e-02   2.785e-03  9.444e+01
 3.924e-02   3.924e-02   1.969e-03  9.498e+01
-5.933e-04  -5.933e-04  -0.000e+00  1.000e+02
 8.538e-03   8.538e-03   0.000e+00  1.000e+02
-3.948e-02  -3.948e-02  -0.000e+00  1.000e+02
 2.697e-02   2.697e-02   0.000e+00  1.000e+02
-4.611e-02  -4.611e-02  -0.000e+00  1.000e+02
-5.197e-02  -5.197e-02  -0.000e+00  1.000e+02
-1.125e-01  -1.125e-01  -6.531e-03  9.420e+01
-3.207e-02  -3.207e-02  -0.000e+00  1.000e+02
-5.036e-02  -5.036e-02  -3.411e-03  9.323e+01
-8.964e-02  -8.964e-02  -2.785e-03  9.689e+01
========================================================================================

step: 7/15 res:2.3060473410418245, res/res0:0.18634171233764876  dq_norm: [0.0027848  0.0039383  0.00736788]

A info: before HHL prepare:
Spectral radius (A): 2.437e+01, lambda_min:4.151720715337582
condition number(A): 5.870e+00, norm2_cond:67.0967845222752
det(A): 1.103e+16
--------------------------------------------------------------------------------

A_hhl info: after scaling by spectral radius:
Spectral radius (A): 1.000e+00, lambda_min:0.17035259761100163
condition number(A): 5.870e+00, norm2_cond:67.0967845222753
det(A): 1.735e-05, nnz: 11 non zeros per row
--------------------------------------------------------------------------------

Size of A & B are not power of 2:
Next 2 power of 15 = 16
Value to be padded = 1
--------------------------------------------------

==================== Print (N)^2 padded matrix system =======================
Padded shape of A: (15, 15)x(15, 15) -> (16, 16)x(16, 16)
Padded shape of B: (15,) -> (16,)
Determinant of padded matrix: 1.7354253941105127e-05
Condition # of padded matrix: 67.0967845222753


Matrix is not Hermitian. Making it Hermitian.......

==================== Print Hermitian matrix system info =======================
Shape of hermitian A: 16x16 -> 32x32
Shape of           B: 16 -> 32
Determinant of Hermitian matrix: 3.0117012985236286e-10
Condition # of Hermitian matrix: 67.09678452227529

=================================== Generating HHL circuit ===================================
Time elapsed for generating HHL circuit: 4 min 27.70 sec

Generated circuit: num_qubits=14, gates=19, depth=5
============================== Generated Circuit saved ==============================

============================== Transpiling circuit ==============================
Time elapsed for transpiling the circuit:  0 min 43.24 sec
Transpiled circuit, num_qubits: 14, (original: 14)
Transpiled circuit depth: 689027 (original: 5)
Transpiled circuit gates: 689127 (original: 19)
============================== Transpiled Circuit saved ==============================
Time elapsed for running the circuit:  1 min 2.44 sec
total_qubits: 14, nq:5

Time elapsed for extracting shots-based hhl counts solution:  0 min 0.00 sec

[HHL info]: linear system residual (e=||Ax-b||_2): 2.003620301645932
[HHL info]: Fidelity(true_sol, hhl_sol): 0.8314283565208651
[HHL info]: L2 error (absolute): 0.1682287255476424
[HHL info]: L2 error (relative): 0.9156234747999465
[HHL info]: L2 error (normalized): 0.4199358678991421

========================================================================================
 Compare system solutions using LU of A, LU sol of A_herm, HHL of Ax=b hermition system
LU sol 	    Herm LU sol    HHL sol    L1_diff(%)
-1.309e-02  -1.309e-02  -0.000e+00  1.000e+02
-5.244e-03  -5.244e-03  -0.000e+00  1.000e+02
-2.720e-02  -2.720e-02  -3.366e-03  8.763e+01
 4.750e-02   4.750e-02   4.760e-03  8.998e+01
 3.735e-02   3.735e-02   3.366e-03  9.099e+01
-6.636e-04  -6.636e-04  -0.000e+00  1.000e+02
 8.594e-03   8.594e-03   0.000e+00  1.000e+02
-3.944e-02  -3.944e-02  -6.732e-03  8.293e+01
 2.698e-02   2.698e-02   0.000e+00  1.000e+02
-4.614e-02  -4.614e-02  -5.830e-03  8.736e+01
-5.197e-02  -5.197e-02  -3.366e-03  9.352e+01
-1.058e-01  -1.058e-01  -1.010e-02  9.046e+01
-3.210e-02  -3.210e-02  -0.000e+00  1.000e+02
-4.693e-02  -4.693e-02  -0.000e+00  1.000e+02
-8.685e-02  -8.685e-02  -7.527e-03  9.133e+01
========================================================================================

step: 8/15 res:2.1953676360701446, res/res0:0.17739816405119813  dq_norm: [0.00752676 0.00824515 0.01303672]

A info: before HHL prepare:
Spectral radius (A): 2.435e+01, lambda_min:4.15615094733775
condition number(A): 5.858e+00, norm2_cond:66.87076942783483
det(A): 1.090e+16
--------------------------------------------------------------------------------

A_hhl info: after scaling by spectral radius:
Spectral radius (A): 1.000e+00, lambda_min:0.17069789745131117
condition number(A): 5.858e+00, norm2_cond:66.87076942783501
det(A): 1.740e-05, nnz: 11 non zeros per row
--------------------------------------------------------------------------------

Size of A & B are not power of 2:
Next 2 power of 15 = 16
Value to be padded = 1
--------------------------------------------------

==================== Print (N)^2 padded matrix system =======================
Padded shape of A: (15, 15)x(15, 15) -> (16, 16)x(16, 16)
Padded shape of B: (15,) -> (16,)
Determinant of padded matrix: 1.7395406324498284e-05
Condition # of padded matrix: 66.87076942783501


Matrix is not Hermitian. Making it Hermitian.......

==================== Print Hermitian matrix system info =======================
Shape of hermitian A: 16x16 -> 32x32
Shape of           B: 16 -> 32
Determinant of Hermitian matrix: 3.02600161194396e-10
Condition # of Hermitian matrix: 66.87076942783489

=================================== Generating HHL circuit ===================================
Time elapsed for generating HHL circuit: 4 min 26.18 sec

Generated circuit: num_qubits=14, gates=19, depth=5
============================== Generated Circuit saved ==============================

============================== Transpiling circuit ==============================
Time elapsed for transpiling the circuit:  0 min 43.32 sec
Transpiled circuit, num_qubits: 14, (original: 14)
Transpiled circuit depth: 689027 (original: 5)
Transpiled circuit gates: 689127 (original: 19)
============================== Transpiled Circuit saved ==============================
Time elapsed for running the circuit:  1 min 1.81 sec
total_qubits: 14, nq:5

Time elapsed for extracting shots-based hhl counts solution:  0 min 0.00 sec

[HHL info]: linear system residual (e=||Ax-b||_2): 1.766553594838189
[HHL info]: Fidelity(true_sol, hhl_sol): 0.8545969810591798
[HHL info]: L2 error (absolute): 0.14588590993987954
[HHL info]: L2 error (relative): 0.8705794230653866
[HHL info]: L2 error (normalized): 0.38873089130168725

========================================================================================
 Compare system solutions using LU of A, LU sol of A_herm, HHL of Ax=b hermition system
LU sol 	    Herm LU sol    HHL sol    L1_diff(%)
-1.299e-02  -1.299e-02  -0.000e+00  1.000e+02
-5.133e-03  -5.133e-03  -0.000e+00  1.000e+02
-2.357e-02  -2.357e-02  -0.000e+00  1.000e+02
 4.313e-02   4.313e-02   7.779e-03  8.196e+01
 3.403e-02   3.403e-02   0.000e+00  1.000e+02
-4.447e-04  -4.447e-04  -0.000e+00  1.000e+02
 8.939e-03   8.939e-03   0.000e+00  1.000e+02
-3.257e-02  -3.257e-02  -4.491e-03  8.621e+01
 2.779e-02   2.779e-02   0.000e+00  1.000e+02
-3.994e-02  -3.994e-02  -7.779e-03  8.052e+01
-4.866e-02  -4.866e-02  -1.004e-02  7.936e+01
-9.482e-02  -9.482e-02  -1.100e-02  8.840e+01
-3.198e-02  -3.198e-02  -4.491e-03  8.596e+01
-4.695e-02  -4.695e-02  -8.982e-03  8.087e+01
-7.886e-02  -7.886e-02  -1.004e-02  8.726e+01
========================================================================================

step: 9/15 res:2.003709357030139, res/res0:0.16191108741387866  dq_norm: [0.01188236 0.01420214 0.01489533]

A info: before HHL prepare:
Spectral radius (A): 2.433e+01, lambda_min:4.119940387274238
condition number(A): 5.905e+00, norm2_cond:67.24262709778331
det(A): 1.054e+16
--------------------------------------------------------------------------------

A_hhl info: after scaling by spectral radius:
Spectral radius (A): 1.000e+00, lambda_min:0.169343288877507
condition number(A): 5.905e+00, norm2_cond:67.24262709778337
det(A): 1.703e-05, nnz: 11 non zeros per row
--------------------------------------------------------------------------------

Size of A & B are not power of 2:
Next 2 power of 15 = 16
Value to be padded = 1
--------------------------------------------------

==================== Print (N)^2 padded matrix system =======================
Padded shape of A: (15, 15)x(15, 15) -> (16, 16)x(16, 16)
Padded shape of B: (15,) -> (16,)
Determinant of padded matrix: 1.702614329177326e-05
Condition # of padded matrix: 67.24262709778337


Matrix is not Hermitian. Making it Hermitian.......

==================== Print Hermitian matrix system info =======================
Shape of hermitian A: 16x16 -> 32x32
Shape of           B: 16 -> 32
Determinant of Hermitian matrix: 2.8988955539199655e-10
Condition # of Hermitian matrix: 67.24262709778348

=================================== Generating HHL circuit ===================================
Time elapsed for generating HHL circuit: 4 min 27.09 sec

Generated circuit: num_qubits=14, gates=19, depth=5
============================== Generated Circuit saved ==============================

============================== Transpiling circuit ==============================
Time elapsed for transpiling the circuit:  0 min 43.14 sec
Transpiled circuit, num_qubits: 14, (original: 14)
Transpiled circuit depth: 689027 (original: 5)
Transpiled circuit gates: 689127 (original: 19)
============================== Transpiled Circuit saved ==============================
Time elapsed for running the circuit:  1 min 2.53 sec
total_qubits: 14, nq:5

Time elapsed for extracting shots-based hhl counts solution:  0 min 0.00 sec

[HHL info]: linear system residual (e=||Ax-b||_2): 1.6705795757459978
[HHL info]: Fidelity(true_sol, hhl_sol): 0.8744637607910299
[HHL info]: L2 error (absolute): 0.13668320719209592
[HHL info]: L2 error (relative): 0.9389238327268138
[HHL info]: L2 error (normalized): 0.36020085826963927

========================================================================================
 Compare system solutions using LU of A, LU sol of A_herm, HHL of Ax=b hermition system
LU sol 	    Herm LU sol    HHL sol    L1_diff(%)
-1.282e-02  -1.282e-02  -0.000e+00  1.000e+02
-4.935e-03  -4.935e-03  -0.000e+00  1.000e+02
-2.323e-02  -2.323e-02  -1.950e-03  9.161e+01
 3.585e-02   3.585e-02   3.377e-03  9.058e+01
 3.402e-02   3.402e-02   0.000e+00  1.000e+02
-4.452e-04  -4.452e-04  -0.000e+00  1.000e+02
 9.181e-03   9.181e-03   0.000e+00  1.000e+02
-2.796e-02  -2.796e-02  -1.950e-03  9.303e+01
 2.823e-02   2.823e-02   0.000e+00  1.000e+02
-3.191e-02  -3.191e-02  -1.950e-03  9.389e+01
-3.857e-02  -3.857e-02  -2.758e-03  9.285e+01
-8.343e-02  -8.343e-02  -5.159e-03  9.382e+01
-2.741e-02  -2.741e-02  -1.950e-03  9.289e+01
-3.794e-02  -3.794e-02  -3.377e-03  9.110e+01
-6.856e-02  -6.856e-02  -4.360e-03  9.364e+01
========================================================================================

step: 10/15 res:1.7671700102842334, res/res0:0.14279736579880212  dq_norm: [0.00436021 0.00477637 0.00703063]

A info: before HHL prepare:
Spectral radius (A): 2.432e+01, lambda_min:4.108127749780759
condition number(A): 5.919e+00, norm2_cond:67.27978840458077
det(A): 1.039e+16
--------------------------------------------------------------------------------

A_hhl info: after scaling by spectral radius:
Spectral radius (A): 1.000e+00, lambda_min:0.16895128454758238
condition number(A): 5.919e+00, norm2_cond:67.27978840458078
det(A): 1.693e-05, nnz: 12 non zeros per row
--------------------------------------------------------------------------------

Size of A & B are not power of 2:
Next 2 power of 15 = 16
Value to be padded = 1
--------------------------------------------------

==================== Print (N)^2 padded matrix system =======================
Padded shape of A: (15, 15)x(15, 15) -> (16, 16)x(16, 16)
Padded shape of B: (15,) -> (16,)
Determinant of padded matrix: 1.6925726210671572e-05
Condition # of padded matrix: 67.27978840458078


Matrix is not Hermitian. Making it Hermitian.......

==================== Print Hermitian matrix system info =======================
Shape of hermitian A: 16x16 -> 32x32
Shape of           B: 16 -> 32
Determinant of Hermitian matrix: 2.864802077586147e-10
Condition # of Hermitian matrix: 67.27978840458066

=================================== Generating HHL circuit ===================================
Time elapsed for generating HHL circuit: 4 min 25.49 sec

Generated circuit: num_qubits=14, gates=19, depth=5
============================== Generated Circuit saved ==============================

============================== Transpiling circuit ==============================
Time elapsed for transpiling the circuit:  0 min 42.91 sec
Transpiled circuit, num_qubits: 14, (original: 14)
Transpiled circuit depth: 689027 (original: 5)
Transpiled circuit gates: 689127 (original: 19)
============================== Transpiled Circuit saved ==============================
Time elapsed for running the circuit:  1 min 2.25 sec
total_qubits: 14, nq:5

Time elapsed for extracting shots-based hhl counts solution:  0 min 0.00 sec

[HHL info]: linear system residual (e=||Ax-b||_2): 1.6223059154648831
[HHL info]: Fidelity(true_sol, hhl_sol): 0.7277788024901874
[HHL info]: L2 error (absolute): 0.08820188795441847
[HHL info]: L2 error (relative): 0.6458935216383453
[HHL info]: L2 error (normalized): 0.5420340824705047

========================================================================================
 Compare system solutions using LU of A, LU sol of A_herm, HHL of Ax=b hermition system
LU sol 	    Herm LU sol    HHL sol    L1_diff(%)
-1.277e-02  -1.277e-02  -0.000e+00  1.000e+02
-4.862e-03  -4.862e-03  -0.000e+00  1.000e+02
-2.117e-02  -2.117e-02  -0.000e+00  1.000e+02
 3.267e-02   3.267e-02   0.000e+00  1.000e+02
 3.405e-02   3.405e-02   0.000e+00  1.000e+02
-4.023e-04  -4.023e-04  -0.000e+00  1.000e+02
 9.286e-03   9.286e-03   1.290e-02  3.894e+01
-2.596e-02  -2.596e-02  -1.290e-02  5.031e+01
 2.844e-02   2.844e-02   0.000e+00  1.000e+02
-2.989e-02  -2.989e-02  -0.000e+00  1.000e+02
-3.580e-02  -3.580e-02  -1.824e-02  4.904e+01
-7.807e-02  -7.807e-02  -3.649e-02  5.326e+01
-2.542e-02  -2.542e-02  -1.290e-02  4.926e+01
-3.455e-02  -3.455e-02  -2.580e-02  2.532e+01
-6.410e-02  -6.410e-02  -3.649e-02  4.307e+01
========================================================================================

step: 11/15 res:1.670657733849314, res/res0:0.13499862614050764  dq_norm: [0.0182449  0.03413308 0.05160437]

A info: before HHL prepare:
Spectral radius (A): 2.403e+01, lambda_min:3.9993913820678726
condition number(A): 6.010e+00, norm2_cond:66.97099702000922
det(A): 8.955e+15
--------------------------------------------------------------------------------

A_hhl info: after scaling by spectral radius:
Spectral radius (A): 1.000e+00, lambda_min:0.16640210343400413
condition number(A): 6.010e+00, norm2_cond:66.97099702000925
det(A): 1.736e-05, nnz: 12 non zeros per row
--------------------------------------------------------------------------------

Size of A & B are not power of 2:
Next 2 power of 15 = 16
Value to be padded = 1
--------------------------------------------------

==================== Print (N)^2 padded matrix system =======================
Padded shape of A: (15, 15)x(15, 15) -> (16, 16)x(16, 16)
Padded shape of B: (15,) -> (16,)
Determinant of padded matrix: 1.735970678484542e-05
Condition # of padded matrix: 66.97099702000925


Matrix is not Hermitian. Making it Hermitian.......

==================== Print Hermitian matrix system info =======================
Shape of hermitian A: 16x16 -> 32x32
Shape of           B: 16 -> 32
Determinant of Hermitian matrix: 3.0135941965580703e-10
Condition # of Hermitian matrix: 66.97099702000945

=================================== Generating HHL circuit ===================================
Time elapsed for generating HHL circuit: 4 min 25.34 sec

Generated circuit: num_qubits=14, gates=19, depth=5
============================== Generated Circuit saved ==============================

============================== Transpiling circuit ==============================
Time elapsed for transpiling the circuit:  0 min 43.05 sec
Transpiled circuit, num_qubits: 14, (original: 14)
Transpiled circuit depth: 689027 (original: 5)
Transpiled circuit gates: 689127 (original: 19)
============================== Transpiled Circuit saved ==============================
Time elapsed for running the circuit:  1 min 2.24 sec
total_qubits: 14, nq:5

Time elapsed for extracting shots-based hhl counts solution:  0 min 0.00 sec

[HHL info]: linear system residual (e=||Ax-b||_2): 1.182653581874713
[HHL info]: Fidelity(true_sol, hhl_sol): 0.6609735519246973
[HHL info]: L2 error (absolute): 0.05556387054865782
[HHL info]: L2 error (relative): 0.6261602691758206
[HHL info]: L2 error (normalized): 0.6115508164382261

========================================================================================
 Compare system solutions using LU of A, LU sol of A_herm, HHL of Ax=b hermition system
LU sol 	    Herm LU sol    HHL sol    L1_diff(%)
-1.247e-02  -1.247e-02  -0.000e+00  1.000e+02
-4.555e-03  -4.555e-03  -0.000e+00  1.000e+02
-2.028e-02  -2.028e-02  -1.635e-02  1.936e+01
 3.337e-02   3.337e-02   1.635e-02  5.101e+01
 3.416e-02   3.416e-02   0.000e+00  1.000e+02
 5.588e-04   5.588e-04   0.000e+00  1.000e+02
-3.078e-03  -3.078e-03  -0.000e+00  1.000e+02
-1.326e-02  -1.326e-02  -0.000e+00  1.000e+02
 3.103e-02   3.103e-02   2.312e-02  2.549e+01
-2.990e-02  -2.990e-02  -1.635e-02  4.532e+01
-1.747e-02  -1.747e-02  -1.635e-02  6.389e+00
-4.086e-02  -4.086e-02  -2.832e-02  3.069e+01
-1.247e-02  -1.247e-02  -1.635e-02  3.116e+01
-8.691e-03  -8.691e-03  -0.000e+00  1.000e+02
-2.753e-02  -2.753e-02  -0.000e+00  1.000e+02
========================================================================================

step: 12/15 res:1.6187800535054566, res/res0:0.13080661515472614  dq_norm: [0.02832012 0.01635063 0.0400507 ]

A info: before HHL prepare:
Spectral radius (A): 2.412e+01, lambda_min:4.121238110032657
condition number(A): 5.854e+00, norm2_cond:66.66834108146877
det(A): 1.049e+16
--------------------------------------------------------------------------------

A_hhl info: after scaling by spectral radius:
Spectral radius (A): 1.000e+00, lambda_min:0.17083699529914817
condition number(A): 5.854e+00, norm2_cond:66.66834108146872
det(A): 1.924e-05, nnz: 12 non zeros per row
--------------------------------------------------------------------------------

Size of A & B are not power of 2:
Next 2 power of 15 = 16
Value to be padded = 1
--------------------------------------------------

==================== Print (N)^2 padded matrix system =======================
Padded shape of A: (15, 15)x(15, 15) -> (16, 16)x(16, 16)
Padded shape of B: (15,) -> (16,)
Determinant of padded matrix: 1.92435987806077e-05
Condition # of padded matrix: 66.66834108146872


Matrix is not Hermitian. Making it Hermitian.......

==================== Print Hermitian matrix system info =======================
Shape of hermitian A: 16x16 -> 32x32
Shape of           B: 16 -> 32
Determinant of Hermitian matrix: 3.7031609402900354e-10
Condition # of Hermitian matrix: 66.66834108146882

=================================== Generating HHL circuit ===================================
Time elapsed for generating HHL circuit: 4 min 23.42 sec

Generated circuit: num_qubits=14, gates=19, depth=5
============================== Generated Circuit saved ==============================

============================== Transpiling circuit ==============================
Time elapsed for transpiling the circuit:  0 min 43.14 sec
Transpiled circuit, num_qubits: 14, (original: 14)
Transpiled circuit depth: 689027 (original: 5)
Transpiled circuit gates: 689127 (original: 19)
============================== Transpiled Circuit saved ==============================
Time elapsed for running the circuit:  1 min 2.23 sec
total_qubits: 14, nq:5

Time elapsed for extracting shots-based hhl counts solution:  0 min 0.00 sec

[HHL info]: linear system residual (e=||Ax-b||_2): 1.1277031068700496
[HHL info]: Fidelity(true_sol, hhl_sol): 0.6024702103182628
[HHL info]: L2 error (absolute): 0.05001999250690631
[HHL info]: L2 error (relative): 0.9105183437586475
[HHL info]: L2 error (normalized): 0.6690447737559143

========================================================================================
 Compare system solutions using LU of A, LU sol of A_herm, HHL of Ax=b hermition system
LU sol 	    Herm LU sol    HHL sol    L1_diff(%)
-1.255e-02  -1.255e-02  -0.000e+00  1.000e+02
-4.515e-03  -4.515e-03  -0.000e+00  1.000e+02
-4.134e-03  -4.134e-03  -0.000e+00  1.000e+02
 1.730e-02   1.730e-02   0.000e+00  1.000e+02
 3.434e-02   3.434e-02   5.862e-03  8.293e+01
 1.507e-04   1.507e-04   0.000e+00  1.000e+02
-2.669e-03  -2.669e-03  -0.000e+00  1.000e+02
-1.282e-02  -1.282e-02  -0.000e+00  1.000e+02
 8.051e-03   8.051e-03   0.000e+00  1.000e+02
-1.297e-02  -1.297e-02  -0.000e+00  1.000e+02
-1.250e-03  -1.250e-03  -0.000e+00  1.000e+02
-1.171e-02  -1.171e-02  -0.000e+00  1.000e+02
 3.817e-03   3.817e-03   0.000e+00  1.000e+02
-8.687e-03  -8.687e-03  -0.000e+00  1.000e+02
-2.667e-02  -2.667e-02  -2.931e-03  8.901e+01
========================================================================================

step: 13/15 res:1.1892348832957338, res/res0:0.09609692766535954  dq_norm: [1.11022302e-16 5.86155276e-03 2.93077638e-03]

A info: before HHL prepare:
Spectral radius (A): 2.412e+01, lambda_min:4.137152138439126
condition number(A): 5.829e+00, norm2_cond:66.5654172791437
det(A): 1.062e+16
--------------------------------------------------------------------------------

A_hhl info: after scaling by spectral radius:
Spectral radius (A): 1.000e+00, lambda_min:0.17155438926922448
condition number(A): 5.829e+00, norm2_cond:66.56541727914374
det(A): 1.957e-05, nnz: 11 non zeros per row
--------------------------------------------------------------------------------

Size of A & B are not power of 2:
Next 2 power of 15 = 16
Value to be padded = 1
--------------------------------------------------

==================== Print (N)^2 padded matrix system =======================
Padded shape of A: (15, 15)x(15, 15) -> (16, 16)x(16, 16)
Padded shape of B: (15,) -> (16,)
Determinant of padded matrix: 1.956719000786604e-05
Condition # of padded matrix: 66.56541727914374


Matrix is not Hermitian. Making it Hermitian.......

==================== Print Hermitian matrix system info =======================
Shape of hermitian A: 16x16 -> 32x32
Shape of           B: 16 -> 32
Determinant of Hermitian matrix: 3.8287492480393535e-10
Condition # of Hermitian matrix: 66.5654172791437

=================================== Generating HHL circuit ===================================
Time elapsed for generating HHL circuit: 4 min 20.66 sec

Generated circuit: num_qubits=14, gates=19, depth=5
============================== Generated Circuit saved ==============================

============================== Transpiling circuit ==============================
Time elapsed for transpiling the circuit:  0 min 42.84 sec
Transpiled circuit, num_qubits: 14, (original: 14)
Transpiled circuit depth: 689027 (original: 5)
Transpiled circuit gates: 689127 (original: 19)
============================== Transpiled Circuit saved ==============================
Time elapsed for running the circuit:  0 min 54.72 sec
total_qubits: 14, nq:5

Time elapsed for extracting shots-based hhl counts solution:  0 min 0.00 sec

[HHL info]: linear system residual (e=||Ax-b||_2): 1.0435902337528271
[HHL info]: Fidelity(true_sol, hhl_sol): 0.7045217314222979
[HHL info]: L2 error (absolute): 0.04512126104771831
[HHL info]: L2 error (relative): 0.9005464059147273
[HHL info]: L2 error (normalized): 0.5668193220506963

========================================================================================
 Compare system solutions using LU of A, LU sol of A_herm, HHL of Ax=b hermition system
LU sol 	    Herm LU sol    HHL sol    L1_diff(%)
-1.255e-02  -1.255e-02  -0.000e+00  1.000e+02
-4.550e-03  -4.550e-03  -0.000e+00  1.000e+02
-4.075e-03  -4.075e-03  -0.000e+00  1.000e+02
 1.726e-02   1.726e-02   3.041e-03  8.239e+01
 2.845e-02   2.845e-02   3.041e-03  8.931e+01
 1.877e-04   1.877e-04   0.000e+00  1.000e+02
-2.699e-03  -2.699e-03  -0.000e+00  1.000e+02
-1.284e-02  -1.284e-02  -0.000e+00  1.000e+02
 8.024e-03   8.024e-03   0.000e+00  1.000e+02
-1.300e-02  -1.300e-02  -0.000e+00  1.000e+02
-1.275e-03  -1.275e-03  -0.000e+00  1.000e+02
-1.177e-02  -1.177e-02  -2.150e-03  8.173e+01
 3.777e-03   3.777e-03   0.000e+00  1.000e+02
-8.706e-03  -8.706e-03  -2.150e-03  7.530e+01
-2.392e-02  -2.392e-02  -3.041e-03  8.729e+01
========================================================================================

step: 14/15 res:1.1275952921258012, res/res0:0.09111609888445138  dq_norm: [0.0030406  0.00372396 0.00372396]
Completed: 14 steps in 6477.76s
Saved metadata to /lustre/orion/ard189/proj-shared/nozzle_1d_results/nelem5/statevector/shots_5000/trial_7/metadata_nelem5_HHL_statevector_nshots5000.pkl

Solution summary:
  x/L: [0.1000, 0.9000]
  Mach: [1.5106, 2.1749]
  p/p_in: [0.9861, 0.3658]
  rho/rho_in: [1.0000, 0.4796]
Saved combined plot to /lustre/orion/ard189/proj-shared/nozzle_1d_results/nelem5/statevector/shots_5000/trial_7/solution_plot_nelem5_HHL_statevector_nshots5000.png
