
------------------------------------------------------------
Using ideal local simulator with 'statevector' method
Backend: aer_simulator_statevector
Shots: 150000
------------------------------------------------------------

A info: before HHL prepare:
Spectral radius (A): 2.241e+01, lambda_min:2.3074021727489433
condition number(A): 9.710e+00, norm2_cond:95.97789014324577
det(A): 9.333e+14
--------------------------------------------------------------------------------

A_hhl info: after scaling by spectral radius:
Spectral radius (A): 1.000e+00, lambda_min:0.1029832130561069
condition number(A): 9.710e+00, norm2_cond:95.9778901432457
det(A): 5.184e-06, nnz: 10 non zeros per row
--------------------------------------------------------------------------------

Size of A & B are not power of 2:
Next 2 power of 15 = 16
Value to be padded = 1
--------------------------------------------------

==================== Print (N)^2 padded matrix system =======================
Padded shape of A: (15, 15)x(15, 15) -> (16, 16)x(16, 16)
Padded shape of B: (15,) -> (16,)
Determinant of padded matrix: 5.183984510966138e-06
Condition # of padded matrix: 95.9778901432457


Matrix is not Hermitian. Making it Hermitian.......

==================== Print Hermitian matrix system info =======================
Shape of hermitian A: 16x16 -> 32x32
Shape of           B: 16 -> 32
Determinant of Hermitian matrix: 2.6873695409936828e-11
Condition # of Hermitian matrix: 95.9778901432459

=================================== Generating HHL circuit ===================================
Time elapsed for generating HHL circuit: 4 min 42.03 sec

Generated circuit: num_qubits=14, gates=19, depth=5
============================== Generated Circuit saved ==============================

============================== Transpiling circuit ==============================
Time elapsed for transpiling the circuit:  0 min 49.03 sec
Transpiled circuit, num_qubits: 14, (original: 14)
Transpiled circuit depth: 689027 (original: 5)
Transpiled circuit gates: 689127 (original: 19)
============================== Transpiled Circuit saved ==============================
Time elapsed for running the circuit:  1 min 10.62 sec
total_qubits: 14, nq:5

Time elapsed for extracting shots-based hhl counts solution:  0 min 0.00 sec

[HHL info]: linear system residual (e=||Ax-b||_2): 2.705806997724192
[HHL info]: Fidelity(true_sol, hhl_sol): 0.998229950704055
[HHL info]: L2 error (absolute): 0.3435988541941141
[HHL info]: L2 error (relative): 0.127043147022872
[HHL info]: L2 error (normalized): 0.042081269687977124

========================================================================================
 Compare system solutions using LU of A, LU sol of A_herm, HHL of Ax=b hermition system
LU sol 	    Herm LU sol    HHL sol    L1_diff(%)
-1.705e-02  -1.705e-02  -0.000e+00  1.000e+02
-7.527e-03  -7.527e-03  -0.000e+00  1.000e+02
-3.946e-02  -3.946e-02  -0.000e+00  1.000e+02
-1.283e-01  -1.283e-01  -1.031e-01  1.966e+01
-6.877e-02  -6.877e-02  -0.000e+00  1.000e+02
-2.800e-01  -2.800e-01  -2.627e-01  6.174e+00
-4.114e-01  -4.114e-01  -3.607e-01  1.234e+01
-4.227e-01  -4.227e-01  -3.339e-01  2.101e+01
-1.109e+00  -1.109e+00  -9.722e-01  1.237e+01
-5.252e-01  -5.252e-01  -4.311e-01  1.792e+01
-5.558e-01  -5.558e-01  -5.048e-01  9.162e+00
-1.428e+00  -1.428e+00  -1.272e+00  1.094e+01
-5.637e-01  -5.637e-01  -5.255e-01  6.790e+00
-5.958e-01  -5.958e-01  -4.969e-01  1.660e+01
-1.529e+00  -1.529e+00  -1.345e+00  1.208e+01
========================================================================================

step: 0/15 res:12.375368413827264, res/res0:1.0  dq_norm: [0.77630259 0.78311239 2.10686275]

A info: before HHL prepare:
Spectral radius (A): 2.421e+01, lambda_min:4.9253317560392285
condition number(A): 4.916e+00, norm2_cond:60.82539964067616
det(A): 2.243e+16
--------------------------------------------------------------------------------

A_hhl info: after scaling by spectral radius:
Spectral radius (A): 1.000e+00, lambda_min:0.2034115210981211
condition number(A): 4.916e+00, norm2_cond:60.82539964067616
det(A): 3.890e-05, nnz: 11 non zeros per row
--------------------------------------------------------------------------------

Size of A & B are not power of 2:
Next 2 power of 15 = 16
Value to be padded = 1
--------------------------------------------------

==================== Print (N)^2 padded matrix system =======================
Padded shape of A: (15, 15)x(15, 15) -> (16, 16)x(16, 16)
Padded shape of B: (15,) -> (16,)
Determinant of padded matrix: 3.889579480153262e-05
Condition # of padded matrix: 60.82539964067616


Matrix is not Hermitian. Making it Hermitian.......

==================== Print Hermitian matrix system info =======================
Shape of hermitian A: 16x16 -> 32x32
Shape of           B: 16 -> 32
Determinant of Hermitian matrix: 1.5128828532429266e-09
Condition # of Hermitian matrix: 60.82539964067628

=================================== Generating HHL circuit ===================================
Time elapsed for generating HHL circuit: 2 min 17.52 sec

Generated circuit: num_qubits=13, gates=18, depth=5
============================== Generated Circuit saved ==============================

============================== Transpiling circuit ==============================
Time elapsed for transpiling the circuit:  0 min 23.76 sec
Transpiled circuit, num_qubits: 13, (original: 13)
Transpiled circuit depth: 343170 (original: 5)
Transpiled circuit gates: 343251 (original: 18)
============================== Transpiled Circuit saved ==============================
Time elapsed for running the circuit:  0 min 28.24 sec
total_qubits: 13, nq:5

Time elapsed for extracting shots-based hhl counts solution:  0 min 0.00 sec

[HHL info]: linear system residual (e=||Ax-b||_2): 0.6159589373272317
[HHL info]: Fidelity(true_sol, hhl_sol): 0.993136288213067
[HHL info]: L2 error (absolute): 0.019527467478701384
[HHL info]: L2 error (relative): 0.09136024417590016
[HHL info]: L2 error (normalized): 0.08291881580907981

========================================================================================
 Compare system solutions using LU of A, LU sol of A_herm, HHL of Ax=b hermition system
LU sol 	    Herm LU sol    HHL sol    L1_diff(%)
-1.364e-02  -1.364e-02  -1.601e-02  1.739e+01
-4.840e-03  -4.840e-03  -0.000e+00  1.000e+02
-3.142e-02  -3.142e-02  -2.887e-02  8.113e+00
-1.132e-02  -1.132e-02  -8.007e-03  2.926e+01
-6.826e-02  -6.826e-02  -6.651e-02  2.563e+00
 7.957e-03   7.957e-03   1.132e-02  4.232e+01
-1.840e-02  -1.840e-02  -1.132e-02  3.844e+01
-8.482e-02  -8.482e-02  -8.881e-02  4.698e+00
-5.928e-02  -5.928e-02  -6.254e-02  5.499e+00
-5.672e-02  -5.672e-02  -4.669e-02  1.769e+01
-5.382e-02  -5.382e-02  -5.431e-02  9.050e-01
-6.216e-02  -6.216e-02  -5.662e-02  8.905e+00
-3.419e-03  -3.419e-03  -0.000e+00  1.000e+02
-9.956e-02  -9.956e-02  -9.235e-02  7.249e+00
-9.321e-02  -9.321e-02  -8.624e-02  7.476e+00
========================================================================================

step: 1/15 res:3.186457439879462, res/res0:0.2574838447895551  dq_norm: [0.0512721  0.15423259 0.12456525]

A info: before HHL prepare:
Spectral radius (A): 2.396e+01, lambda_min:4.209841171932366
condition number(A): 5.692e+00, norm2_cond:65.1960015451229
det(A): 1.080e+16
--------------------------------------------------------------------------------

A_hhl info: after scaling by spectral radius:
Spectral radius (A): 1.000e+00, lambda_min:0.17567090502119387
condition number(A): 5.692e+00, norm2_cond:65.19600154512278
det(A): 2.187e-05, nnz: 11 non zeros per row
--------------------------------------------------------------------------------

Size of A & B are not power of 2:
Next 2 power of 15 = 16
Value to be padded = 1
--------------------------------------------------

==================== Print (N)^2 padded matrix system =======================
Padded shape of A: (15, 15)x(15, 15) -> (16, 16)x(16, 16)
Padded shape of B: (15,) -> (16,)
Determinant of padded matrix: 2.186837814252669e-05
Condition # of padded matrix: 65.19600154512278


Matrix is not Hermitian. Making it Hermitian.......

==================== Print Hermitian matrix system info =======================
Shape of hermitian A: 16x16 -> 32x32
Shape of           B: 16 -> 32
Determinant of Hermitian matrix: 4.782259625845408e-10
Condition # of Hermitian matrix: 65.19600154512301

=================================== Generating HHL circuit ===================================
Time elapsed for generating HHL circuit: 4 min 43.49 sec

Generated circuit: num_qubits=14, gates=19, depth=5
============================== Generated Circuit saved ==============================

============================== Transpiling circuit ==============================
Time elapsed for transpiling the circuit:  0 min 46.54 sec
Transpiled circuit, num_qubits: 14, (original: 14)
Transpiled circuit depth: 689027 (original: 5)
Transpiled circuit gates: 689127 (original: 19)
============================== Transpiled Circuit saved ==============================
Time elapsed for running the circuit:  1 min 7.52 sec
total_qubits: 14, nq:5

Time elapsed for extracting shots-based hhl counts solution:  0 min 0.00 sec

[HHL info]: linear system residual (e=||Ax-b||_2): 0.30867854102937475
[HHL info]: Fidelity(true_sol, hhl_sol): 0.96563702815661
[HHL info]: L2 error (absolute): 0.008616620076155506
[HHL info]: L2 error (relative): 0.36294360063063547
[HHL info]: L2 error (normalized): 0.18618098441283387

========================================================================================
 Compare system solutions using LU of A, LU sol of A_herm, HHL of Ax=b hermition system
LU sol 	    Herm LU sol    HHL sol    L1_diff(%)
 3.487e-03   3.487e-03   4.820e-03  3.821e+01
-4.526e-03  -4.526e-03  -6.817e-03  5.062e+01
 9.590e-05   9.590e-05   0.000e+00  1.000e+02
-2.946e-03  -2.946e-03  -0.000e+00  1.000e+02
-4.215e-03  -4.215e-03  -4.820e-03  1.436e+01
 1.462e-03   1.462e-03   0.000e+00  1.000e+02
-8.338e-03  -8.338e-03  -1.181e-02  4.160e+01
 2.051e-03   2.051e-03   0.000e+00  1.000e+02
 1.414e-03   1.414e-03   2.783e-03  9.685e+01
-5.540e-03  -5.540e-03  -7.871e-03  4.207e+01
 4.530e-03   4.530e-03   6.223e-03  3.735e+01
 3.593e-03   3.593e-03   4.820e-03  3.413e+01
 8.382e-03   8.382e-03   1.181e-02  4.086e+01
-6.421e-03  -6.421e-03  -6.817e-03  6.153e+00
 1.584e-02   1.584e-02   1.987e-02  2.543e+01
========================================================================================

step: 2/15 res:0.6691867204427407, res/res0:0.05407408475169467  dq_norm: [0.01907817 0.01244522 0.02063807]

A info: before HHL prepare:
Spectral radius (A): 2.411e+01, lambda_min:4.0887332605582
condition number(A): 5.896e+00, norm2_cond:67.93739640353333
det(A): 9.709e+15
--------------------------------------------------------------------------------

A_hhl info: after scaling by spectral radius:
Spectral radius (A): 1.000e+00, lambda_min:0.16960576180050985
condition number(A): 5.896e+00, norm2_cond:67.93739640353331
det(A): 1.799e-05, nnz: 11 non zeros per row
--------------------------------------------------------------------------------

Size of A & B are not power of 2:
Next 2 power of 15 = 16
Value to be padded = 1
--------------------------------------------------

==================== Print (N)^2 padded matrix system =======================
Padded shape of A: (15, 15)x(15, 15) -> (16, 16)x(16, 16)
Padded shape of B: (15,) -> (16,)
Determinant of padded matrix: 1.7986512711799937e-05
Condition # of padded matrix: 67.93739640353331


Matrix is not Hermitian. Making it Hermitian.......

==================== Print Hermitian matrix system info =======================
Shape of hermitian A: 16x16 -> 32x32
Shape of           B: 16 -> 32
Determinant of Hermitian matrix: 3.235146395317407e-10
Condition # of Hermitian matrix: 67.9373964035333

=================================== Generating HHL circuit ===================================
Time elapsed for generating HHL circuit: 4 min 43.51 sec

Generated circuit: num_qubits=14, gates=19, depth=5
============================== Generated Circuit saved ==============================

============================== Transpiling circuit ==============================
Time elapsed for transpiling the circuit:  0 min 47.03 sec
Transpiled circuit, num_qubits: 14, (original: 14)
Transpiled circuit depth: 689027 (original: 5)
Transpiled circuit gates: 689127 (original: 19)
============================== Transpiled Circuit saved ==============================
Time elapsed for running the circuit:  1 min 7.08 sec
total_qubits: 14, nq:5

Time elapsed for extracting shots-based hhl counts solution:  0 min 0.00 sec

[HHL info]: linear system residual (e=||Ax-b||_2): 0.07608043870044617
[HHL info]: Fidelity(true_sol, hhl_sol): 0.9266766759726383
[HHL info]: L2 error (absolute): 0.0023103252710999396
[HHL info]: L2 error (relative): 0.3055080468610713
[HHL info]: L2 error (normalized): 0.27334787076417183

========================================================================================
 Compare system solutions using LU of A, LU sol of A_herm, HHL of Ax=b hermition system
LU sol 	    Herm LU sol    HHL sol    L1_diff(%)
-1.330e-03  -1.330e-03  -2.316e-03  7.408e+01
 2.295e-03   2.295e-03   2.929e-03  2.764e+01
 1.227e-04   1.227e-04   0.000e+00  1.000e+02
-2.915e-03  -2.915e-03  -3.734e-03  2.808e+01
 6.411e-04   6.411e-04   0.000e+00  1.000e+02
 1.501e-03   1.501e-03   1.794e-03  1.950e+01
 3.506e-03   3.506e-03   3.435e-03  2.022e+00
 1.909e-03   1.909e-03   2.740e-03  4.354e+01
-1.467e-03  -1.467e-03  -2.071e-03  4.122e+01
 2.664e-03   2.664e-03   1.794e-03  3.266e+01
-1.381e-03  -1.381e-03  -1.465e-03  6.016e+00
-5.955e-04  -5.955e-04  -0.000e+00  1.000e+02
-2.624e-03  -2.624e-03  -2.071e-03  2.107e+01
 4.985e-04   4.985e-04   0.000e+00  1.000e+02
-2.096e-03  -2.096e-03  -2.316e-03  1.048e+01
========================================================================================

step: 3/15 res:0.31581753654011163, res/res0:0.025519849266648253  dq_norm: [0.00621377 0.00427    0.00358752]

A info: before HHL prepare:
Spectral radius (A): 2.408e+01, lambda_min:4.1038165383167
condition number(A): 5.867e+00, norm2_cond:67.5081853802348
det(A): 9.904e+15
--------------------------------------------------------------------------------

A_hhl info: after scaling by spectral radius:
Spectral radius (A): 1.000e+00, lambda_min:0.17043653644967877
condition number(A): 5.867e+00, norm2_cond:67.50818538023498
det(A): 1.868e-05, nnz: 11 non zeros per row
--------------------------------------------------------------------------------

Size of A & B are not power of 2:
Next 2 power of 15 = 16
Value to be padded = 1
--------------------------------------------------

==================== Print (N)^2 padded matrix system =======================
Padded shape of A: (15, 15)x(15, 15) -> (16, 16)x(16, 16)
Padded shape of B: (15,) -> (16,)
Determinant of padded matrix: 1.8683199040422874e-05
Condition # of padded matrix: 67.50818538023498


Matrix is not Hermitian. Making it Hermitian.......

==================== Print Hermitian matrix system info =======================
Shape of hermitian A: 16x16 -> 32x32
Shape of           B: 16 -> 32
Determinant of Hermitian matrix: 3.49061926384057e-10
Condition # of Hermitian matrix: 67.50818538023488

=================================== Generating HHL circuit ===================================
Time elapsed for generating HHL circuit: 4 min 42.74 sec

Generated circuit: num_qubits=14, gates=19, depth=5
============================== Generated Circuit saved ==============================

============================== Transpiling circuit ==============================
Time elapsed for transpiling the circuit:  0 min 47.40 sec
Transpiled circuit, num_qubits: 14, (original: 14)
Transpiled circuit depth: 689027 (original: 5)
Transpiled circuit gates: 689127 (original: 19)
============================== Transpiled Circuit saved ==============================
Time elapsed for running the circuit:  1 min 7.33 sec
total_qubits: 14, nq:5

Time elapsed for extracting shots-based hhl counts solution:  0 min 0.00 sec

[HHL info]: linear system residual (e=||Ax-b||_2): 0.03490780452875067
[HHL info]: Fidelity(true_sol, hhl_sol): 0.960434751462617
[HHL info]: L2 error (absolute): 0.00111145009285519
[HHL info]: L2 error (relative): 0.48212121664529445
[HHL info]: L2 error (normalized): 0.19991132945530043

========================================================================================
 Compare system solutions using LU of A, LU sol of A_herm, HHL of Ax=b hermition system
LU sol 	    Herm LU sol    HHL sol    L1_diff(%)
 9.812e-04   9.812e-04   5.524e-04  4.371e+01
-6.499e-04  -6.499e-04  -4.346e-04  3.313e+01
 9.965e-05   9.965e-05   0.000e+00  1.000e+02
 8.228e-04   8.228e-04   3.812e-04  5.368e+01
 6.475e-04   6.475e-04   3.616e-04  4.416e+01
-2.838e-04  -2.838e-04  -1.205e-04  5.753e+01
 8.266e-05   8.266e-05   0.000e+00  1.000e+02
-8.396e-04  -8.396e-04  -5.114e-04  3.909e+01
 5.609e-04   5.609e-04   3.189e-04  4.314e+01
 8.896e-04   8.896e-04   4.970e-04  4.413e+01
 9.906e-05   9.906e-05   0.000e+00  1.000e+02
-5.625e-04  -5.625e-04  -1.205e-04  7.857e+01
-5.125e-04  -5.125e-04  -2.695e-04  4.741e+01
 5.018e-04   5.018e-04   2.088e-04  5.839e+01
 2.903e-04   2.903e-04   1.705e-04  4.127e+01
========================================================================================

step: 4/15 res:0.07631130587026723, res/res0:0.006166386592984414  dq_norm: [0.00087751 0.0007904  0.00039977]

A info: before HHL prepare:
Spectral radius (A): 2.407e+01, lambda_min:4.105235173755857
condition number(A): 5.864e+00, norm2_cond:67.45364747569997
det(A): 9.905e+15
--------------------------------------------------------------------------------

A_hhl info: after scaling by spectral radius:
Spectral radius (A): 1.000e+00, lambda_min:0.17052898879705525
condition number(A): 5.864e+00, norm2_cond:67.4536474757001
det(A): 1.874e-05, nnz: 11 non zeros per row
--------------------------------------------------------------------------------

Size of A & B are not power of 2:
Next 2 power of 15 = 16
Value to be padded = 1
--------------------------------------------------

==================== Print (N)^2 padded matrix system =======================
Padded shape of A: (15, 15)x(15, 15) -> (16, 16)x(16, 16)
Padded shape of B: (15,) -> (16,)
Determinant of padded matrix: 1.8739770437049527e-05
Condition # of padded matrix: 67.4536474757001


Matrix is not Hermitian. Making it Hermitian.......

==================== Print Hermitian matrix system info =======================
Shape of hermitian A: 16x16 -> 32x32
Shape of           B: 16 -> 32
Determinant of Hermitian matrix: 3.5117899603331665e-10
Condition # of Hermitian matrix: 67.45364747570015

=================================== Generating HHL circuit ===================================
Time elapsed for generating HHL circuit: 4 min 40.60 sec

Generated circuit: num_qubits=14, gates=19, depth=5
============================== Generated Circuit saved ==============================

============================== Transpiling circuit ==============================
Time elapsed for transpiling the circuit:  0 min 47.82 sec
Transpiled circuit, num_qubits: 14, (original: 14)
Transpiled circuit depth: 689027 (original: 5)
Transpiled circuit gates: 689127 (original: 19)
============================== Transpiled Circuit saved ==============================
Time elapsed for running the circuit:  1 min 7.63 sec
total_qubits: 14, nq:5

Time elapsed for extracting shots-based hhl counts solution:  0 min 0.00 sec

[HHL info]: linear system residual (e=||Ax-b||_2): 0.006154019848604202
[HHL info]: Fidelity(true_sol, hhl_sol): 0.9703387676297331
[HHL info]: L2 error (absolute): 0.0002737605141168396
[HHL info]: L2 error (relative): 0.24626556675709652
[HHL info]: L2 error (normalized): 0.17287134885194255

========================================================================================
 Compare system solutions using LU of A, LU sol of A_herm, HHL of Ax=b hermition system
LU sol 	    Herm LU sol    HHL sol    L1_diff(%)
 4.290e-04   4.290e-04   3.466e-04  1.921e+01
-2.161e-04  -2.161e-04  -1.790e-04  1.716e+01
 9.849e-05   9.849e-05   0.000e+00  1.000e+02
 4.416e-04   4.416e-04   3.466e-04  2.152e+01
 2.860e-04   2.860e-04   2.830e-04  1.068e+00
-1.637e-04  -1.637e-04  -2.001e-04  2.227e+01
 8.232e-05   8.232e-05   8.949e-05  8.716e+00
-3.294e-04  -3.294e-04  -2.368e-04  2.811e+01
 2.416e-04   2.416e-04   1.550e-04  3.585e+01
 3.934e-04   3.934e-04   3.348e-04  1.489e+01
 9.998e-05   9.998e-05   0.000e+00  1.000e+02
-4.409e-04  -4.409e-04  -3.348e-04  2.405e+01
-2.410e-04  -2.410e-04  -2.001e-04  1.696e+01
 2.933e-04   2.933e-04   2.368e-04  1.926e+01
 1.218e-04   1.218e-04   8.949e-05  2.655e+01
========================================================================================

step: 5/15 res:0.03490894826740099, res/res0:0.0028208411337796195  dq_norm: [0.00063279 0.00047353 0.00042918]

A info: before HHL prepare:
Spectral radius (A): 2.407e+01, lambda_min:4.107237993432501
condition number(A): 5.860e+00, norm2_cond:67.39555911044599
det(A): 9.910e+15
--------------------------------------------------------------------------------

A_hhl info: after scaling by spectral radius:
Spectral radius (A): 1.000e+00, lambda_min:0.17064293709805162
condition number(A): 5.860e+00, norm2_cond:67.39555911044593
det(A): 1.880e-05, nnz: 11 non zeros per row
--------------------------------------------------------------------------------

Size of A & B are not power of 2:
Next 2 power of 15 = 16
Value to be padded = 1
--------------------------------------------------

==================== Print (N)^2 padded matrix system =======================
Padded shape of A: (15, 15)x(15, 15) -> (16, 16)x(16, 16)
Padded shape of B: (15,) -> (16,)
Determinant of padded matrix: 1.880015990151097e-05
Condition # of padded matrix: 67.39555911044593


Matrix is not Hermitian. Making it Hermitian.......

==================== Print Hermitian matrix system info =======================
Shape of hermitian A: 16x16 -> 32x32
Shape of           B: 16 -> 32
Determinant of Hermitian matrix: 3.5344601232237974e-10
Condition # of Hermitian matrix: 67.39555911044607

=================================== Generating HHL circuit ===================================
Time elapsed for generating HHL circuit: 4 min 40.44 sec

Generated circuit: num_qubits=14, gates=19, depth=5
============================== Generated Circuit saved ==============================

============================== Transpiling circuit ==============================
Time elapsed for transpiling the circuit:  0 min 47.66 sec
Transpiled circuit, num_qubits: 14, (original: 14)
Transpiled circuit depth: 689027 (original: 5)
Transpiled circuit gates: 689127 (original: 19)
============================== Transpiled Circuit saved ==============================
Time elapsed for running the circuit:  1 min 7.29 sec
total_qubits: 14, nq:5

Time elapsed for extracting shots-based hhl counts solution:  0 min 0.00 sec

[HHL info]: linear system residual (e=||Ax-b||_2): 0.004731998715346356
[HHL info]: Fidelity(true_sol, hhl_sol): 0.9744509237307023
[HHL info]: L2 error (absolute): 0.0002125789028157297
[HHL info]: L2 error (relative): 0.7766577070993518
[HHL info]: L2 error (normalized): 0.16035705051673593

========================================================================================
 Compare system solutions using LU of A, LU sol of A_herm, HHL of Ax=b hermition system
LU sol 	    Herm LU sol    HHL sol    L1_diff(%)
 8.246e-05   8.246e-05   2.164e-05  7.376e+01
-3.724e-05  -3.724e-05  -8.835e-06  7.627e+01
 9.820e-05   9.820e-05   1.976e-05  7.988e+01
 9.503e-05   9.503e-05   2.024e-05  7.870e+01
 3.083e-06   3.083e-06   0.000e+00  1.000e+02
 3.626e-05   3.626e-05   4.418e-06  8.782e+01
-7.274e-06  -7.274e-06  -0.000e+00  1.000e+02
-9.291e-05  -9.291e-05  -2.253e-05  7.575e+01
 8.638e-05   8.638e-05   1.976e-05  7.713e+01
 5.883e-05   5.883e-05   1.821e-05  6.904e+01
 1.003e-04   1.003e-04   2.024e-05  7.981e+01
-1.056e-04  -1.056e-04  -2.296e-05  7.826e+01
-4.017e-05  -4.017e-05  -4.418e-06  8.900e+01
 5.659e-05   5.659e-05   1.593e-05  7.185e+01
 3.325e-05   3.325e-05   7.652e-06  7.699e+01
========================================================================================

step: 6/15 res:0.006154343641787706, res/res0:0.0004973058931248726  dq_norm: [3.50644189e-05 3.53416123e-05 3.72242148e-05]

A info: before HHL prepare:
Spectral radius (A): 2.407e+01, lambda_min:4.107319683069843
condition number(A): 5.860e+00, norm2_cond:67.39283287972842
det(A): 9.910e+15
--------------------------------------------------------------------------------

A_hhl info: after scaling by spectral radius:
Spectral radius (A): 1.000e+00, lambda_min:0.17064732691179152
condition number(A): 5.860e+00, norm2_cond:67.39283287972832
det(A): 1.880e-05, nnz: 11 non zeros per row
--------------------------------------------------------------------------------

Size of A & B are not power of 2:
Next 2 power of 15 = 16
Value to be padded = 1
--------------------------------------------------

==================== Print (N)^2 padded matrix system =======================
Padded shape of A: (15, 15)x(15, 15) -> (16, 16)x(16, 16)
Padded shape of B: (15,) -> (16,)
Determinant of padded matrix: 1.8801315362589848e-05
Condition # of padded matrix: 67.39283287972832


Matrix is not Hermitian. Making it Hermitian.......

==================== Print Hermitian matrix system info =======================
Shape of hermitian A: 16x16 -> 32x32
Shape of           B: 16 -> 32
Determinant of Hermitian matrix: 3.534894593635545e-10
Condition # of Hermitian matrix: 67.39283287972857

=================================== Generating HHL circuit ===================================
Time elapsed for generating HHL circuit: 4 min 39.92 sec

Generated circuit: num_qubits=14, gates=19, depth=5
============================== Generated Circuit saved ==============================

============================== Transpiling circuit ==============================
Time elapsed for transpiling the circuit:  0 min 47.64 sec
Transpiled circuit, num_qubits: 14, (original: 14)
Transpiled circuit depth: 689027 (original: 5)
Transpiled circuit gates: 689127 (original: 19)
============================== Transpiled Circuit saved ==============================
Time elapsed for running the circuit:  1 min 7.26 sec
total_qubits: 14, nq:5

Time elapsed for extracting shots-based hhl counts solution:  0 min 0.00 sec

[HHL info]: linear system residual (e=||Ax-b||_2): 0.004059737937634875
[HHL info]: Fidelity(true_sol, hhl_sol): 0.9874348019971086
[HHL info]: L2 error (absolute): 0.0001811649209716676
[HHL info]: L2 error (relative): 0.8522285346416666
[HHL info]: L2 error (normalized): 0.11227163042449481

========================================================================================
 Compare system solutions using LU of A, LU sol of A_herm, HHL of Ax=b hermition system
LU sol 	    Herm LU sol    HHL sol    L1_diff(%)
 6.082e-05   6.082e-05   1.060e-05  8.257e+01
-2.841e-05  -2.841e-05  -4.421e-06  8.444e+01
 7.844e-05   7.844e-05   1.127e-05  8.563e+01
 7.479e-05   7.479e-05   9.885e-06  8.678e+01
 3.081e-06   3.081e-06   0.000e+00  1.000e+02
 3.184e-05   3.184e-05   5.848e-06  8.163e+01
-7.276e-06  -7.276e-06  -0.000e+00  1.000e+02
-7.038e-05  -7.038e-05  -1.105e-05  8.430e+01
 6.662e-05   6.662e-05   1.060e-05  8.409e+01
 4.062e-05   4.062e-05   5.414e-06  8.667e+01
 8.003e-05   8.003e-05   1.083e-05  8.647e+01
-8.262e-05  -8.262e-05  -1.211e-05  8.535e+01
-3.575e-05  -3.575e-05  -5.414e-06  8.486e+01
 4.066e-05   4.066e-05   6.990e-06  8.281e+01
 2.560e-05   2.560e-05   2.210e-06  9.137e+01
========================================================================================

step: 7/15 res:0.004731999533892184, res/res0:0.0003823724171803257  dq_norm: [1.63922581e-05 1.75439634e-05 2.06166010e-05]

A info: before HHL prepare:
Spectral radius (A): 2.407e+01, lambda_min:4.107400125276913
condition number(A): 5.860e+00, norm2_cond:67.39150953901162
det(A): 9.910e+15
--------------------------------------------------------------------------------

A_hhl info: after scaling by spectral radius:
Spectral radius (A): 1.000e+00, lambda_min:0.1706508741502958
condition number(A): 5.860e+00, norm2_cond:67.3915095390118
det(A): 1.880e-05, nnz: 11 non zeros per row
--------------------------------------------------------------------------------

Size of A & B are not power of 2:
Next 2 power of 15 = 16
Value to be padded = 1
--------------------------------------------------

==================== Print (N)^2 padded matrix system =======================
Padded shape of A: (15, 15)x(15, 15) -> (16, 16)x(16, 16)
Padded shape of B: (15,) -> (16,)
Determinant of padded matrix: 1.8802316981481496e-05
Condition # of padded matrix: 67.3915095390118


Matrix is not Hermitian. Making it Hermitian.......

==================== Print Hermitian matrix system info =======================
Shape of hermitian A: 16x16 -> 32x32
Shape of           B: 16 -> 32
Determinant of Hermitian matrix: 3.535271238721087e-10
Condition # of Hermitian matrix: 67.39150953901189

=================================== Generating HHL circuit ===================================
Time elapsed for generating HHL circuit: 4 min 41.42 sec

Generated circuit: num_qubits=14, gates=19, depth=5
============================== Generated Circuit saved ==============================

============================== Transpiling circuit ==============================
Time elapsed for transpiling the circuit:  0 min 47.68 sec
Transpiled circuit, num_qubits: 14, (original: 14)
Transpiled circuit depth: 689027 (original: 5)
Transpiled circuit gates: 689127 (original: 19)
============================== Transpiled Circuit saved ==============================
Time elapsed for running the circuit:  1 min 6.88 sec
total_qubits: 14, nq:5

Time elapsed for extracting shots-based hhl counts solution:  0 min 0.00 sec

[HHL info]: linear system residual (e=||Ax-b||_2): 0.0034103430368168067
[HHL info]: Fidelity(true_sol, hhl_sol): 0.9723735211970025
[HHL info]: L2 error (absolute): 0.00015178272345781735
[HHL info]: L2 error (relative): 0.8378215432628764
[HHL info]: L2 error (normalized): 0.16679318461807463

========================================================================================
 Compare system solutions using LU of A, LU sol of A_herm, HHL of Ax=b hermition system
LU sol 	    Herm LU sol    HHL sol    L1_diff(%)
 5.022e-05   5.022e-05   9.818e-06  8.045e+01
-2.399e-05  -2.399e-05  -5.790e-06  7.586e+01
 6.717e-05   6.717e-05   1.024e-05  8.476e+01
 6.490e-05   6.490e-05   9.155e-06  8.589e+01
 3.080e-06   3.080e-06   0.000e+00  1.000e+02
 2.599e-05   2.599e-05   4.094e-06  8.425e+01
-7.276e-06  -7.276e-06  -0.000e+00  1.000e+02
-5.933e-05  -5.933e-05  -1.024e-05  8.275e+01
 5.601e-05   5.601e-05   8.441e-06  8.493e+01
 3.521e-05   3.521e-05   4.578e-06  8.700e+01
 6.921e-05   6.921e-05   1.211e-05  8.250e+01
-7.051e-05  -7.051e-05  -1.176e-05  8.332e+01
-3.033e-05  -3.033e-05  -5.790e-06  8.091e+01
 3.367e-05   3.367e-05   2.895e-06  9.140e+01
 2.339e-05   2.339e-05   5.790e-06  7.525e+01
========================================================================================

step: 8/15 res:0.00405973381689144, res/res0:0.0003280495320329545  dq_norm: [1.53197310e-05 1.71279800e-05 1.90948721e-05]

A info: before HHL prepare:
Spectral radius (A): 2.407e+01, lambda_min:4.107458148482948
condition number(A): 5.860e+00, norm2_cond:67.39079890690499
det(A): 9.911e+15
--------------------------------------------------------------------------------

A_hhl info: after scaling by spectral radius:
Spectral radius (A): 1.000e+00, lambda_min:0.17065352786203083
condition number(A): 5.860e+00, norm2_cond:67.390798906905
det(A): 1.880e-05, nnz: 11 non zeros per row
--------------------------------------------------------------------------------

Size of A & B are not power of 2:
Next 2 power of 15 = 16
Value to be padded = 1
--------------------------------------------------

==================== Print (N)^2 padded matrix system =======================
Padded shape of A: (15, 15)x(15, 15) -> (16, 16)x(16, 16)
Padded shape of B: (15,) -> (16,)
Determinant of padded matrix: 1.880307695764175e-05
Condition # of padded matrix: 67.390798906905


Matrix is not Hermitian. Making it Hermitian.......

==================== Print Hermitian matrix system info =======================
Shape of hermitian A: 16x16 -> 32x32
Shape of           B: 16 -> 32
Determinant of Hermitian matrix: 3.5355570307499677e-10
Condition # of Hermitian matrix: 67.39079890690506

=================================== Generating HHL circuit ===================================
Time elapsed for generating HHL circuit: 4 min 40.84 sec

Generated circuit: num_qubits=14, gates=19, depth=5
============================== Generated Circuit saved ==============================

============================== Transpiling circuit ==============================
Time elapsed for transpiling the circuit:  0 min 47.54 sec
Transpiled circuit, num_qubits: 14, (original: 14)
Transpiled circuit depth: 689027 (original: 5)
Transpiled circuit gates: 689127 (original: 19)
============================== Transpiled Circuit saved ==============================
Time elapsed for running the circuit:  1 min 7.40 sec
total_qubits: 14, nq:5

Time elapsed for extracting shots-based hhl counts solution:  0 min 0.00 sec

[HHL info]: linear system residual (e=||Ax-b||_2): 0.0030392680447455106
[HHL info]: Fidelity(true_sol, hhl_sol): 0.9888876853320396
[HHL info]: L2 error (absolute): 0.000135076532939492
[HHL info]: L2 error (relative): 0.8899411874617682
[HHL info]: L2 error (normalized): 0.10556210624860812

========================================================================================
 Compare system solutions using LU of A, LU sol of A_herm, HHL of Ax=b hermition system
LU sol 	    Herm LU sol    HHL sol    L1_diff(%)
 4.040e-05   4.040e-05   4.399e-06  8.911e+01
-1.820e-05  -1.820e-05  -1.606e-06  9.117e+01
 5.693e-05   5.693e-05   7.094e-06  8.754e+01
 5.575e-05   5.575e-05   6.117e-06  8.903e+01
 3.080e-06   3.080e-06   0.000e+00  1.000e+02
 2.190e-05   2.190e-05   2.272e-06  8.963e+01
-7.277e-06  -7.277e-06  -1.606e-06  7.792e+01
-4.910e-05  -4.910e-05  -5.680e-06  8.843e+01
 4.757e-05   4.757e-05   4.399e-06  9.075e+01
 3.063e-05   3.063e-05   3.005e-06  9.019e+01
 5.710e-05   5.710e-05   6.325e-06  8.892e+01
-5.875e-05  -5.875e-05  -6.011e-06  8.977e+01
-2.454e-05  -2.454e-05  -3.005e-06  8.775e+01
 3.078e-05   3.078e-05   3.935e-06  8.721e+01
 1.760e-05   1.760e-05   1.967e-06  8.882e+01
========================================================================================

step: 9/15 res:0.003410338169854636, res/res0:0.0002755746783299148  dq_norm: [8.79884367e-06 9.50383738e-06 1.07163029e-05]

A info: before HHL prepare:
Spectral radius (A): 2.407e+01, lambda_min:4.107505952666594
condition number(A): 5.860e+00, norm2_cond:67.3901232290688
det(A): 9.911e+15
--------------------------------------------------------------------------------

A_hhl info: after scaling by spectral radius:
Spectral radius (A): 1.000e+00, lambda_min:0.17065549591370754
condition number(A): 5.860e+00, norm2_cond:67.3901232290688
det(A): 1.880e-05, nnz: 11 non zeros per row
--------------------------------------------------------------------------------

Size of A & B are not power of 2:
Next 2 power of 15 = 16
Value to be padded = 1
--------------------------------------------------

==================== Print (N)^2 padded matrix system =======================
Padded shape of A: (15, 15)x(15, 15) -> (16, 16)x(16, 16)
Padded shape of B: (15,) -> (16,)
Determinant of padded matrix: 1.880358432963498e-05
Condition # of padded matrix: 67.3901232290688


Matrix is not Hermitian. Making it Hermitian.......

==================== Print Hermitian matrix system info =======================
Shape of hermitian A: 16x16 -> 32x32
Shape of           B: 16 -> 32
Determinant of Hermitian matrix: 3.535747836416967e-10
Condition # of Hermitian matrix: 67.39012322906908

=================================== Generating HHL circuit ===================================
Time elapsed for generating HHL circuit: 4 min 38.85 sec

Generated circuit: num_qubits=14, gates=19, depth=5
============================== Generated Circuit saved ==============================

============================== Transpiling circuit ==============================
Time elapsed for transpiling the circuit:  0 min 48.17 sec
Transpiled circuit, num_qubits: 14, (original: 14)
Transpiled circuit depth: 689027 (original: 5)
Transpiled circuit gates: 689127 (original: 19)
============================== Transpiled Circuit saved ==============================
Time elapsed for running the circuit:  1 min 7.34 sec
total_qubits: 14, nq:5

Time elapsed for extracting shots-based hhl counts solution:  0 min 0.00 sec

[HHL info]: linear system residual (e=||Ax-b||_2): 0.0026722710595621572
[HHL info]: Fidelity(true_sol, hhl_sol): 0.9851086160262349
[HHL info]: L2 error (absolute): 0.00011813018100912386
[HHL info]: L2 error (relative): 0.8745468330443104
[HHL info]: L2 error (normalized): 0.12225890135661191

========================================================================================
 Compare system solutions using LU of A, LU sol of A_herm, HHL of Ax=b hermition system
LU sol 	    Herm LU sol    HHL sol    L1_diff(%)
 3.601e-05   3.601e-05   4.578e-06  8.729e+01
-1.659e-05  -1.659e-05  -2.220e-06  8.662e+01
 4.984e-05   4.984e-05   6.844e-06  8.627e+01
 4.963e-05   4.963e-05   6.378e-06  8.715e+01
 3.079e-06   3.079e-06   0.000e+00  1.000e+02
 1.963e-05   1.963e-05   3.140e-06  8.400e+01
-5.671e-06  -5.671e-06  -0.000e+00  1.000e+02
-4.342e-05  -4.342e-05  -5.324e-06  8.774e+01
 4.317e-05   4.317e-05   4.839e-06  8.879e+01
 2.762e-05   2.762e-05   4.154e-06  8.496e+01
 5.077e-05   5.077e-05   6.474e-06  8.725e+01
-5.274e-05  -5.274e-05  -5.439e-06  8.969e+01
-2.154e-05  -2.154e-05  -2.720e-06  8.737e+01
 2.684e-05   2.684e-05   4.154e-06  8.452e+01
 1.563e-05   1.563e-05   1.923e-06  8.770e+01
========================================================================================

step: 10/15 res:0.0030392665840228462, res/res0:0.0002455899883050761  dq_norm: [9.28889156e-06 9.61491622e-06 1.06489990e-05]

A info: before HHL prepare:
Spectral radius (A): 2.407e+01, lambda_min:4.107545096324498
condition number(A): 5.860e+00, norm2_cond:67.3893377183589
det(A): 9.911e+15
--------------------------------------------------------------------------------

A_hhl info: after scaling by spectral radius:
Spectral radius (A): 1.000e+00, lambda_min:0.17065726881668053
condition number(A): 5.860e+00, norm2_cond:67.38933771835895
det(A): 1.880e-05, nnz: 11 non zeros per row
--------------------------------------------------------------------------------

Size of A & B are not power of 2:
Next 2 power of 15 = 16
Value to be padded = 1
--------------------------------------------------

==================== Print (N)^2 padded matrix system =======================
Padded shape of A: (15, 15)x(15, 15) -> (16, 16)x(16, 16)
Padded shape of B: (15,) -> (16,)
Determinant of padded matrix: 1.880411015985839e-05
Condition # of padded matrix: 67.38933771835895


Matrix is not Hermitian. Making it Hermitian.......

==================== Print Hermitian matrix system info =======================
Shape of hermitian A: 16x16 -> 32x32
Shape of           B: 16 -> 32
Determinant of Hermitian matrix: 3.5359455890409205e-10
Condition # of Hermitian matrix: 67.38933771835906

=================================== Generating HHL circuit ===================================
Time elapsed for generating HHL circuit: 4 min 37.79 sec

Generated circuit: num_qubits=14, gates=19, depth=5
============================== Generated Circuit saved ==============================

============================== Transpiling circuit ==============================
Time elapsed for transpiling the circuit:  0 min 47.95 sec
Transpiled circuit, num_qubits: 14, (original: 14)
Transpiled circuit depth: 689027 (original: 5)
Transpiled circuit gates: 689127 (original: 19)
============================== Transpiled Circuit saved ==============================
Time elapsed for running the circuit:  1 min 6.33 sec
total_qubits: 14, nq:5

Time elapsed for extracting shots-based hhl counts solution:  0 min 0.00 sec

[HHL info]: linear system residual (e=||Ax-b||_2): 0.0026233503267219893
[HHL info]: Fidelity(true_sol, hhl_sol): 0.9820594820714919
[HHL info]: L2 error (absolute): 0.00011593469269029425
[HHL info]: L2 error (relative): 0.9814179278084773
[HHL info]: L2 error (normalized): 0.1342449755458205

========================================================================================
 Compare system solutions using LU of A, LU sol of A_herm, HHL of Ax=b hermition system
LU sol 	    Herm LU sol    HHL sol    L1_diff(%)
 3.143e-05   3.143e-05   5.290e-07  9.832e+01
-1.437e-05  -1.437e-05  -2.541e-07  9.823e+01
 4.299e-05   4.299e-05   6.724e-07  9.844e+01
 4.325e-05   4.325e-05   8.169e-07  9.811e+01
 3.079e-06   3.079e-06   0.000e+00  1.000e+02
 1.649e-05   1.649e-05   3.281e-07  9.801e+01
-5.671e-06  -5.671e-06  -1.467e-07  9.741e+01
-3.810e-05  -3.810e-05  -6.562e-07  9.828e+01
 3.833e-05   3.833e-05   8.680e-07  9.774e+01
 2.347e-05   2.347e-05   3.882e-07  9.835e+01
 4.430e-05   4.430e-05   8.680e-07  9.804e+01
-4.730e-05  -4.730e-05  -9.395e-07  9.801e+01
-1.882e-05  -1.882e-05  -2.541e-07  9.865e+01
 2.269e-05   2.269e-05   5.083e-07  9.776e+01
 1.371e-05   1.371e-05   1.467e-07  9.893e+01
========================================================================================

step: 11/15 res:0.0026722699888320034, res/res0:0.00021593458065023897  dq_norm: [1.08811231e-06 1.22755624e-06 1.48905587e-06]

A info: before HHL prepare:
Spectral radius (A): 2.407e+01, lambda_min:4.107550103094954
condition number(A): 5.860e+00, norm2_cond:67.38925518713936
det(A): 9.911e+15
--------------------------------------------------------------------------------

A_hhl info: after scaling by spectral radius:
Spectral radius (A): 1.000e+00, lambda_min:0.17065747792764632
condition number(A): 5.860e+00, norm2_cond:67.38925518713923
det(A): 1.880e-05, nnz: 11 non zeros per row
--------------------------------------------------------------------------------

Size of A & B are not power of 2:
Next 2 power of 15 = 16
Value to be padded = 1
--------------------------------------------------

==================== Print (N)^2 padded matrix system =======================
Padded shape of A: (15, 15)x(15, 15) -> (16, 16)x(16, 16)
Padded shape of B: (15,) -> (16,)
Determinant of padded matrix: 1.8804149575085497e-05
Condition # of padded matrix: 67.38925518713923


Matrix is not Hermitian. Making it Hermitian.......

==================== Print Hermitian matrix system info =======================
Shape of hermitian A: 16x16 -> 32x32
Shape of           B: 16 -> 32
Determinant of Hermitian matrix: 3.535960412421881e-10
Condition # of Hermitian matrix: 67.3892551871396

=================================== Generating HHL circuit ===================================
Time elapsed for generating HHL circuit: 4 min 32.06 sec

Generated circuit: num_qubits=14, gates=19, depth=5
============================== Generated Circuit saved ==============================

============================== Transpiling circuit ==============================
Time elapsed for transpiling the circuit:  0 min 46.27 sec
Transpiled circuit, num_qubits: 14, (original: 14)
Transpiled circuit depth: 689027 (original: 5)
Transpiled circuit gates: 689127 (original: 19)
============================== Transpiled Circuit saved ==============================
Time elapsed for running the circuit:  1 min 5.49 sec
total_qubits: 14, nq:5

Time elapsed for extracting shots-based hhl counts solution:  0 min 0.00 sec

[HHL info]: linear system residual (e=||Ax-b||_2): 0.0024354443588992998
[HHL info]: Fidelity(true_sol, hhl_sol): 0.9853895932984309
[HHL info]: L2 error (absolute): 0.00010740429898195815
[HHL info]: L2 error (relative): 0.926421160676451
[HHL info]: L2 error (normalized): 0.12109569002202429

========================================================================================
 Compare system solutions using LU of A, LU sol of A_herm, HHL of Ax=b hermition system
LU sol 	    Herm LU sol    HHL sol    L1_diff(%)
 3.090e-05   3.090e-05   2.013e-06  9.349e+01
-1.412e-05  -1.412e-05  -1.006e-06  9.287e+01
 4.232e-05   4.232e-05   3.534e-06  9.165e+01
 4.244e-05   4.244e-05   3.075e-06  9.276e+01
 3.079e-06   3.079e-06   0.000e+00  1.000e+02
 1.616e-05   1.616e-05   1.006e-06  9.377e+01
-5.524e-06  -5.524e-06  -0.000e+00  1.000e+02
-3.744e-05  -3.744e-05  -2.324e-06  9.379e+01
 3.746e-05   3.746e-05   3.129e-06  9.165e+01
 2.308e-05   2.308e-05   1.743e-06  9.245e+01
 4.343e-05   4.343e-05   3.486e-06  9.197e+01
-4.636e-05  -4.636e-05  -3.235e-06  9.302e+01
-1.856e-05  -1.856e-05  -1.423e-06  9.233e+01
 2.218e-05   2.218e-05   1.299e-06  9.414e+01
 1.356e-05   1.356e-05   1.162e-06  9.143e+01
========================================================================================

step: 12/15 res:0.002623350309384786, res/res0:0.00021198159292402645  dq_norm: [4.30900877e-06 4.50061288e-06 5.92533219e-06]

A info: before HHL prepare:
Spectral radius (A): 2.407e+01, lambda_min:4.107567091826136
condition number(A): 5.860e+00, norm2_cond:67.38897813959836
det(A): 9.911e+15
--------------------------------------------------------------------------------

A_hhl info: after scaling by spectral radius:
Spectral radius (A): 1.000e+00, lambda_min:0.17065824583682876
condition number(A): 5.860e+00, norm2_cond:67.38897813959859
det(A): 1.880e-05, nnz: 11 non zeros per row
--------------------------------------------------------------------------------

Size of A & B are not power of 2:
Next 2 power of 15 = 16
Value to be padded = 1
--------------------------------------------------

==================== Print (N)^2 padded matrix system =======================
Padded shape of A: (15, 15)x(15, 15) -> (16, 16)x(16, 16)
Padded shape of B: (15,) -> (16,)
Determinant of padded matrix: 1.8804362087656775e-05
Condition # of padded matrix: 67.38897813959859


Matrix is not Hermitian. Making it Hermitian.......

==================== Print Hermitian matrix system info =======================
Shape of hermitian A: 16x16 -> 32x32
Shape of           B: 16 -> 32
Determinant of Hermitian matrix: 3.5360403352370226e-10
Condition # of Hermitian matrix: 67.38897813959845

=================================== Generating HHL circuit ===================================
Time elapsed for generating HHL circuit: 4 min 24.44 sec

Generated circuit: num_qubits=14, gates=19, depth=5
============================== Generated Circuit saved ==============================

============================== Transpiling circuit ==============================
Time elapsed for transpiling the circuit:  0 min 45.26 sec
Transpiled circuit, num_qubits: 14, (original: 14)
Transpiled circuit depth: 689027 (original: 5)
Transpiled circuit gates: 689127 (original: 19)
============================== Transpiled Circuit saved ==============================
Time elapsed for running the circuit:  1 min 3.54 sec
total_qubits: 14, nq:5

Time elapsed for extracting shots-based hhl counts solution:  0 min 0.00 sec

[HHL info]: linear system residual (e=||Ax-b||_2): 0.0018578259243826089
[HHL info]: Fidelity(true_sol, hhl_sol): 0.9804009802574718
[HHL info]: L2 error (absolute): 8.265469523681896e-05
[HHL info]: L2 error (relative): 0.7695673579912433
[HHL info]: L2 error (normalized): 0.14034244858156988

========================================================================================
 Compare system solutions using LU of A, LU sol of A_herm, HHL of Ax=b hermition system
LU sol 	    Herm LU sol    HHL sol    L1_diff(%)
 2.889e-05   2.889e-05   6.251e-06  7.836e+01
-1.311e-05  -1.311e-05  -3.126e-06  7.616e+01
 3.879e-05   3.879e-05   7.866e-06  7.972e+01
 3.936e-05   3.936e-05   9.549e-06  7.574e+01
 3.079e-06   3.079e-06   1.805e-06  4.138e+01
 1.515e-05   1.515e-05   3.609e-06  7.618e+01
-5.524e-06  -5.524e-06  -1.805e-06  6.733e+01
-3.512e-05  -3.512e-05  -7.656e-06  7.820e+01
 3.434e-05   3.434e-05   9.023e-06  7.372e+01
 2.134e-05   2.134e-05   6.251e-06  7.070e+01
 3.994e-05   3.994e-05   8.841e-06  7.787e+01
-4.312e-05  -4.312e-05  -9.884e-06  7.708e+01
-1.714e-05  -1.714e-05  -2.552e-06  8.511e+01
 2.088e-05   2.088e-05   6.507e-06  6.884e+01
 1.240e-05   1.240e-05   1.805e-06  8.545e+01
========================================================================================

step: 13/15 res:0.0024354440399643015, res/res0:0.00019679769995720918  dq_norm: [1.33835706e-05 1.38617051e-05 1.60399938e-05]

A info: before HHL prepare:
Spectral radius (A): 2.407e+01, lambda_min:4.107621909201404
condition number(A): 5.860e+00, norm2_cond:67.38788019637393
det(A): 9.911e+15
--------------------------------------------------------------------------------

A_hhl info: after scaling by spectral radius:
Spectral radius (A): 1.000e+00, lambda_min:0.17066065496604935
condition number(A): 5.860e+00, norm2_cond:67.38788019637394
det(A): 1.880e-05, nnz: 11 non zeros per row
--------------------------------------------------------------------------------

Size of A & B are not power of 2:
Next 2 power of 15 = 16
Value to be padded = 1
--------------------------------------------------

==================== Print (N)^2 padded matrix system =======================
Padded shape of A: (15, 15)x(15, 15) -> (16, 16)x(16, 16)
Padded shape of B: (15,) -> (16,)
Determinant of padded matrix: 1.8804921188068376e-05
Condition # of padded matrix: 67.38788019637394


Matrix is not Hermitian. Making it Hermitian.......

==================== Print Hermitian matrix system info =======================
Shape of hermitian A: 16x16 -> 32x32
Shape of           B: 16 -> 32
Determinant of Hermitian matrix: 3.536250608894604e-10
Condition # of Hermitian matrix: 67.38788019637391

=================================== Generating HHL circuit ===================================
Time elapsed for generating HHL circuit: 4 min 16.13 sec

Generated circuit: num_qubits=14, gates=19, depth=5
============================== Generated Circuit saved ==============================

============================== Transpiling circuit ==============================
Time elapsed for transpiling the circuit:  0 min 43.48 sec
Transpiled circuit, num_qubits: 14, (original: 14)
Transpiled circuit depth: 689027 (original: 5)
Transpiled circuit gates: 689127 (original: 19)
============================== Transpiled Circuit saved ==============================
Time elapsed for running the circuit:  1 min 1.41 sec
total_qubits: 14, nq:5

Time elapsed for extracting shots-based hhl counts solution:  0 min 0.00 sec

[HHL info]: linear system residual (e=||Ax-b||_2): 0.0017956361587658177
[HHL info]: Fidelity(true_sol, hhl_sol): 0.9845892042378718
[HHL info]: L2 error (absolute): 8.000368384115026e-05
[HHL info]: L2 error (relative): 0.9679322766187791
[HHL info]: L2 error (normalized): 0.12438099075423999

========================================================================================
 Compare system solutions using LU of A, LU sol of A_herm, HHL of Ax=b hermition system
LU sol 	    Herm LU sol    HHL sol    L1_diff(%)
 2.263e-05   2.263e-05   6.159e-07  9.728e+01
-9.988e-06  -9.988e-06  -4.549e-07  9.545e+01
 3.092e-05   3.092e-05   1.099e-06  9.645e+01
 2.981e-05   2.981e-05   9.469e-07  9.682e+01
 1.274e-06   1.274e-06   0.000e+00  1.000e+02
 1.154e-05   1.154e-05   1.857e-07  9.839e+01
-3.720e-06  -3.720e-06  -0.000e+00  1.000e+02
-2.746e-05  -2.746e-05  -9.098e-07  9.669e+01
 2.531e-05   2.531e-05   8.711e-07  9.656e+01
 1.509e-05   1.509e-05   5.571e-07  9.631e+01
 3.110e-05   3.110e-05   9.469e-07  9.696e+01
-3.324e-05  -3.324e-05  -1.017e-06  9.694e+01
-1.459e-05  -1.459e-05  -5.253e-07  9.640e+01
 1.437e-05   1.437e-05   4.549e-07  9.683e+01
 1.060e-05   1.060e-05   3.217e-07  9.697e+01
========================================================================================

step: 14/15 res:0.0018578249395124022, res/res0:0.00015012279856142422  dq_norm: [1.36467728e-06 1.46227456e-06 1.77155148e-06]
Completed: 14 steps in 6591.93s
Saved metadata to /lustre/orion/ard189/proj-shared/nozzle_1d_results/nelem5/statevector/shots_150000/trial_1/metadata_nelem5_HHL_statevector_nshots150000.pkl

Solution summary:
  x/L: [0.1000, 0.9000]
  Mach: [1.5204, 2.1515]
  p/p_in: [0.9797, 0.3653]
  rho/rho_in: [0.9874, 0.4838]
Saved combined plot to /lustre/orion/ard189/proj-shared/nozzle_1d_results/nelem5/statevector/shots_150000/trial_1/solution_plot_nelem5_HHL_statevector_nshots150000.png
