
------------------------------------------------------------
Using ideal local simulator with 'statevector' method
Backend: aer_simulator_statevector
Shots: 1000
------------------------------------------------------------

A info: before HHL prepare:
Spectral radius (A): 9.808e+01, lambda_min:5.866129498146235
condition number(A): 1.672e+01, norm2_cond:401.8614855890083
det(A): 2.657e+93
--------------------------------------------------------------------------------

A_hhl info: after scaling by spectral radius:
Spectral radius (A): 1.000e+00, lambda_min:0.05980937346031271
condition number(A): 1.672e+01, norm2_cond:401.8614855890105
det(A): 8.499e-27, nnz: 12 non zeros per row
--------------------------------------------------------------------------------

Size of A & B are not power of 2:
Next 2 power of 60 = 64
Value to be padded = 4
--------------------------------------------------

==================== Print (N)^2 padded matrix system =======================
Padded shape of A: (60, 60)x(60, 60) -> (64, 64)x(64, 64)
Padded shape of B: (60,) -> (64,)
Determinant of padded matrix: 8.499054744892335e-27
Condition # of padded matrix: 401.8614855890105


Matrix is not Hermitian. Making it Hermitian.......

==================== Print Hermitian matrix system info =======================
Shape of hermitian A: 64x64 -> 128x128
Shape of           B: 64 -> 128
Determinant of Hermitian matrix: 7.223393155667588e-53
Condition # of Hermitian matrix: 401.86148558902164

=================================== Generating HHL circuit ===================================
Time elapsed for generating HHL circuit: 4 min 53.08 sec

Generated circuit: num_qubits=18, gates=23, depth=5
============================== Generated Circuit saved ==============================

============================== Transpiling circuit ==============================
This is using the AerSimulator('aer_simulator_statevector') transpiler.
Time elapsed for transpiling the circuit:  0 min 51.67 sec
Transpiled circuit, num_qubits: 18, (original: 18)
Transpiled circuit depth: 464201 (original: 5)
Transpiled circuit gates: 464353 (original: 23)
============================== Transpiled Circuit saved ==============================
Time elapsed for running the circuit:  2 min 29.28 sec
total_qubits: 18, nq:7

Time elapsed for extracting shots-based hhl counts solution:  0 min 0.00 sec

[HHL info]: linear system residual (e=||Ax-b||_2): 22.064013523230663
[HHL info]: Fidelity(true_sol, hhl_sol): 0.6165397779923143
[HHL info]: L2 error (absolute): 5.3442770470979815
[HHL info]: L2 error (relative): 0.987969581760105
[HHL info]: L2 error (normalized): 0.6554380673428558

========================================================================================
 Compare system solutions using LU of A, LU sol of A_herm, HHL of Ax=b hermition system
LU sol 	    Herm LU sol    HHL sol    L1_diff(%)
-2.338e-04  -2.338e-04  -0.000e+00  1.000e+02
-1.963e-04  -1.963e-04  -0.000e+00  1.000e+02
-6.159e-04  -6.159e-04  -0.000e+00  1.000e+02
-8.210e-04  -8.210e-04  -0.000e+00  1.000e+02
-7.266e-04  -7.266e-04  -0.000e+00  1.000e+02
-2.219e-03  -2.219e-03  -0.000e+00  1.000e+02
-1.793e-03  -1.793e-03  -0.000e+00  1.000e+02
-1.753e-03  -1.753e-03  -0.000e+00  1.000e+02
-5.094e-03  -5.094e-03  -0.000e+00  1.000e+02
-3.854e-03  -3.854e-03  -0.000e+00  1.000e+02
-3.983e-03  -3.983e-03  -0.000e+00  1.000e+02
-1.127e-02  -1.127e-02  -0.000e+00  1.000e+02
-9.906e-03  -9.906e-03  -0.000e+00  1.000e+02
-9.642e-03  -9.642e-03  -0.000e+00  1.000e+02
-2.806e-02  -2.806e-02  -0.000e+00  1.000e+02
-2.691e-02  -2.691e-02  -0.000e+00  1.000e+02
-2.384e-02  -2.384e-02  -0.000e+00  1.000e+02
-7.270e-02  -7.270e-02  -0.000e+00  1.000e+02
-6.552e-02  -6.552e-02  -0.000e+00  1.000e+02
-5.523e-02  -5.523e-02  -0.000e+00  1.000e+02
-1.723e-01  -1.723e-01  -0.000e+00  1.000e+02
-1.346e-01  -1.346e-01  -0.000e+00  1.000e+02
-1.143e-01  -1.143e-01  -0.000e+00  1.000e+02
-3.520e-01  -3.520e-01  -0.000e+00  1.000e+02
-2.317e-01  -2.317e-01  -0.000e+00  1.000e+02
-2.062e-01  -2.062e-01  -0.000e+00  1.000e+02
-6.108e-01  -6.108e-01  -1.774e-02  9.710e+01
-3.379e-01  -3.379e-01  -0.000e+00  1.000e+02
-3.187e-01  -3.187e-01  -0.000e+00  1.000e+02
-9.014e-01  -9.014e-01  -0.000e+00  1.000e+02
-4.286e-01  -4.286e-01  -0.000e+00  1.000e+02
-4.234e-01  -4.234e-01  -0.000e+00  1.000e+02
-1.154e+00  -1.154e+00  -2.508e-02  9.783e+01
-4.911e-01  -4.911e-01  -0.000e+00  1.000e+02
-4.997e-01  -4.997e-01  -2.508e-02  9.498e+01
-1.329e+00  -1.329e+00  -1.774e-02  9.867e+01
-5.282e-01  -5.282e-01  -0.000e+00  1.000e+02
-5.462e-01  -5.462e-01  -0.000e+00  1.000e+02
-1.433e+00  -1.433e+00  -2.508e-02  9.825e+01
-5.481e-01  -5.481e-01  -0.000e+00  1.000e+02
-5.715e-01  -5.715e-01  -0.000e+00  1.000e+02
-1.489e+00  -1.489e+00  -0.000e+00  1.000e+02
-5.581e-01  -5.581e-01  -0.000e+00  1.000e+02
-5.842e-01  -5.842e-01  -0.000e+00  1.000e+02
-1.517e+00  -1.517e+00  -1.774e-02  9.883e+01
-5.629e-01  -5.629e-01  -0.000e+00  1.000e+02
-5.904e-01  -5.904e-01  -0.000e+00  1.000e+02
-1.530e+00  -1.530e+00  -1.774e-02  9.884e+01
-5.652e-01  -5.652e-01  -0.000e+00  1.000e+02
-5.933e-01  -5.933e-01  -0.000e+00  1.000e+02
-1.536e+00  -1.536e+00  -2.508e-02  9.837e+01
-5.662e-01  -5.662e-01  -0.000e+00  1.000e+02
-5.946e-01  -5.946e-01  -0.000e+00  1.000e+02
-1.539e+00  -1.539e+00  -2.508e-02  9.837e+01
-5.667e-01  -5.667e-01  -0.000e+00  1.000e+02
-5.952e-01  -5.952e-01  -0.000e+00  1.000e+02
-1.541e+00  -1.541e+00  -3.966e-02  9.743e+01
-5.670e-01  -5.670e-01  -0.000e+00  1.000e+02
-5.955e-01  -5.955e-01  -1.774e-02  9.702e+01
-1.541e+00  -1.541e+00  -2.508e-02  9.837e+01
========================================================================================

step: 0/15 res:22.437797065296795, res/res0:1.0  dq_norm: [0.         0.03072196 0.07731523]

A info: before HHL prepare:
Spectral radius (A): 9.791e+01, lambda_min:5.902274756321283
condition number(A): 1.659e+01, norm2_cond:398.73675629620175
det(A): 2.327e+93
--------------------------------------------------------------------------------

A_hhl info: after scaling by spectral radius:
Spectral radius (A): 1.000e+00, lambda_min:0.06028479916132257
condition number(A): 1.659e+01, norm2_cond:398.73675629619487
det(A): 8.282e-27, nnz: 12 non zeros per row
--------------------------------------------------------------------------------

Size of A & B are not power of 2:
Next 2 power of 60 = 64
Value to be padded = 4
--------------------------------------------------

==================== Print (N)^2 padded matrix system =======================
Padded shape of A: (60, 60)x(60, 60) -> (64, 64)x(64, 64)
Padded shape of B: (60,) -> (64,)
Determinant of padded matrix: 8.281500151054556e-27
Condition # of padded matrix: 398.73675629619487


Matrix is not Hermitian. Making it Hermitian.......

==================== Print Hermitian matrix system info =======================
Shape of hermitian A: 64x64 -> 128x128
Shape of           B: 64 -> 128
Determinant of Hermitian matrix: 6.858324475191662e-53
Condition # of Hermitian matrix: 398.7367562961992

=================================== Generating HHL circuit ===================================
Time elapsed for generating HHL circuit: 5 min 7.05 sec

Generated circuit: num_qubits=18, gates=23, depth=5
============================== Generated Circuit saved ==============================

============================== Transpiling circuit ==============================
This is using the AerSimulator('aer_simulator_statevector') transpiler.
Time elapsed for transpiling the circuit:  0 min 49.57 sec
Transpiled circuit, num_qubits: 18, (original: 18)
Transpiled circuit depth: 464202 (original: 5)
Transpiled circuit gates: 464354 (original: 23)
============================== Transpiled Circuit saved ==============================
Time elapsed for running the circuit:  2 min 34.35 sec
total_qubits: 18, nq:7

Time elapsed for extracting shots-based hhl counts solution:  0 min 0.00 sec

[HHL info]: linear system residual (e=||Ax-b||_2): 22.014989082637307
[HHL info]: Fidelity(true_sol, hhl_sol): 0.39076420047013577
[HHL info]: L2 error (absolute): 5.328106565590572
[HHL info]: L2 error (relative): 0.9975738399086161
[HHL info]: L2 error (normalized): 0.8658968178056929

========================================================================================
 Compare system solutions using LU of A, LU sol of A_herm, HHL of Ax=b hermition system
LU sol 	    Herm LU sol    HHL sol    L1_diff(%)
-2.306e-04  -2.306e-04  -0.000e+00  1.000e+02
-1.947e-04  -1.947e-04  -0.000e+00  1.000e+02
-6.092e-04  -6.092e-04  -0.000e+00  1.000e+02
-8.076e-04  -8.076e-04  -0.000e+00  1.000e+02
-7.199e-04  -7.199e-04  -0.000e+00  1.000e+02
-2.190e-03  -2.190e-03  -0.000e+00  1.000e+02
-1.775e-03  -1.775e-03  -0.000e+00  1.000e+02
-1.743e-03  -1.743e-03  -0.000e+00  1.000e+02
-5.056e-03  -5.056e-03  -0.000e+00  1.000e+02
-3.870e-03  -3.870e-03  -0.000e+00  1.000e+02
-3.991e-03  -3.991e-03  -0.000e+00  1.000e+02
-1.130e-02  -1.130e-02  -0.000e+00  1.000e+02
-1.002e-02  -1.002e-02  -0.000e+00  1.000e+02
-9.706e-03  -9.706e-03  -0.000e+00  1.000e+02
-2.831e-02  -2.831e-02  -0.000e+00  1.000e+02
-2.707e-02  -2.707e-02  -0.000e+00  1.000e+02
-2.390e-02  -2.390e-02  -0.000e+00  1.000e+02
-7.303e-02  -7.303e-02  -0.000e+00  1.000e+02
-6.536e-02  -6.536e-02  -0.000e+00  1.000e+02
-5.511e-02  -5.511e-02  -0.000e+00  1.000e+02
-1.721e-01  -1.721e-01  -0.000e+00  1.000e+02
-1.337e-01  -1.337e-01  -0.000e+00  1.000e+02
-1.139e-01  -1.139e-01  -0.000e+00  1.000e+02
-3.499e-01  -3.499e-01  -0.000e+00  1.000e+02
-2.305e-01  -2.305e-01  -0.000e+00  1.000e+02
-2.058e-01  -2.058e-01  -0.000e+00  1.000e+02
-5.893e-01  -5.893e-01  -0.000e+00  1.000e+02
-3.389e-01  -3.389e-01  -0.000e+00  1.000e+02
-3.199e-01  -3.199e-01  -0.000e+00  1.000e+02
-9.022e-01  -9.022e-01  -5.760e-03  9.936e+01
-4.327e-01  -4.327e-01  -0.000e+00  1.000e+02
-4.243e-01  -4.243e-01  -0.000e+00  1.000e+02
-1.136e+00  -1.136e+00  -0.000e+00  1.000e+02
-4.942e-01  -4.942e-01  -0.000e+00  1.000e+02
-4.725e-01  -4.725e-01  -5.760e-03  9.878e+01
-1.318e+00  -1.318e+00  -5.760e-03  9.956e+01
-5.284e-01  -5.284e-01  -0.000e+00  1.000e+02
-5.467e-01  -5.467e-01  -0.000e+00  1.000e+02
-1.406e+00  -1.406e+00  -8.146e-03  9.942e+01
-5.476e-01  -5.476e-01  -0.000e+00  1.000e+02
-5.716e-01  -5.716e-01  -0.000e+00  1.000e+02
-1.487e+00  -1.487e+00  -0.000e+00  1.000e+02
-5.568e-01  -5.568e-01  -5.760e-03  9.897e+01
-5.843e-01  -5.843e-01  -0.000e+00  1.000e+02
-1.493e+00  -1.493e+00  -0.000e+00  1.000e+02
-5.602e-01  -5.602e-01  -0.000e+00  1.000e+02
-5.899e-01  -5.899e-01  -0.000e+00  1.000e+02
-1.503e+00  -1.503e+00  -8.146e-03  9.946e+01
-5.608e-01  -5.608e-01  -0.000e+00  1.000e+02
-5.921e-01  -5.921e-01  -0.000e+00  1.000e+02
-1.498e+00  -1.498e+00  -9.977e-03  9.933e+01
-5.633e-01  -5.633e-01  -0.000e+00  1.000e+02
-5.951e-01  -5.951e-01  -0.000e+00  1.000e+02
-1.502e+00  -1.502e+00  -5.760e-03  9.962e+01
-5.701e-01  -5.701e-01  -0.000e+00  1.000e+02
-5.974e-01  -5.974e-01  -0.000e+00  1.000e+02
-1.502e+00  -1.502e+00  -0.000e+00  1.000e+02
-5.759e-01  -5.759e-01  -0.000e+00  1.000e+02
-5.782e-01  -5.782e-01  -5.760e-03  9.900e+01
-1.535e+00  -1.535e+00  -0.000e+00  1.000e+02
========================================================================================

step: 1/15 res:22.06240845371062, res/res0:0.98326980984391  dq_norm: [0.00576029 0.00814627 0.01821562]

A info: before HHL prepare:
Spectral radius (A): 9.788e+01, lambda_min:5.91100039794076
condition number(A): 1.656e+01, norm2_cond:398.8118263709243
det(A): 2.271e+93
--------------------------------------------------------------------------------

A_hhl info: after scaling by spectral radius:
Spectral radius (A): 1.000e+00, lambda_min:0.06038755822853303
condition number(A): 1.656e+01, norm2_cond:398.8118263709255
det(A): 8.192e-27, nnz: 13 non zeros per row
--------------------------------------------------------------------------------

Size of A & B are not power of 2:
Next 2 power of 60 = 64
Value to be padded = 4
--------------------------------------------------

==================== Print (N)^2 padded matrix system =======================
Padded shape of A: (60, 60)x(60, 60) -> (64, 64)x(64, 64)
Padded shape of B: (60,) -> (64,)
Determinant of padded matrix: 8.19227224456533e-27
Condition # of padded matrix: 398.8118263709255


Matrix is not Hermitian. Making it Hermitian.......

==================== Print Hermitian matrix system info =======================
Shape of hermitian A: 64x64 -> 128x128
Shape of           B: 64 -> 128
Determinant of Hermitian matrix: 6.711332452908121e-53
Condition # of Hermitian matrix: 398.8118263709264

=================================== Generating HHL circuit ===================================
Time elapsed for generating HHL circuit: 5 min 7.08 sec

Generated circuit: num_qubits=18, gates=23, depth=5
============================== Generated Circuit saved ==============================

============================== Transpiling circuit ==============================
This is using the AerSimulator('aer_simulator_statevector') transpiler.
Time elapsed for transpiling the circuit:  0 min 50.53 sec
Transpiled circuit, num_qubits: 18, (original: 18)
Transpiled circuit depth: 464199 (original: 5)
Transpiled circuit gates: 464351 (original: 23)
============================== Transpiled Circuit saved ==============================
Time elapsed for running the circuit:  2 min 30.99 sec
total_qubits: 18, nq:7

Time elapsed for extracting shots-based hhl counts solution:  0 min 0.00 sec

[HHL info]: linear system residual (e=||Ax-b||_2): 22.00528807436243
[HHL info]: Fidelity(true_sol, hhl_sol): 0.36107925548247094
[HHL info]: L2 error (absolute): 5.322314167673516
[HHL info]: L2 error (relative): 0.9989170189889519
[HHL info]: L2 error (normalized): 0.8934218415646528

========================================================================================
 Compare system solutions using LU of A, LU sol of A_herm, HHL of Ax=b hermition system
LU sol 	    Herm LU sol    HHL sol    L1_diff(%)
-2.301e-04  -2.301e-04  -0.000e+00  1.000e+02
-1.944e-04  -1.944e-04  -0.000e+00  1.000e+02
-6.080e-04  -6.080e-04  -0.000e+00  1.000e+02
-8.048e-04  -8.048e-04  -0.000e+00  1.000e+02
-7.185e-04  -7.185e-04  -0.000e+00  1.000e+02
-2.185e-03  -2.185e-03  -0.000e+00  1.000e+02
-1.770e-03  -1.770e-03  -0.000e+00  1.000e+02
-1.741e-03  -1.741e-03  -0.000e+00  1.000e+02
-5.046e-03  -5.046e-03  -0.000e+00  1.000e+02
-3.871e-03  -3.871e-03  -0.000e+00  1.000e+02
-3.991e-03  -3.991e-03  -0.000e+00  1.000e+02
-1.130e-02  -1.130e-02  -0.000e+00  1.000e+02
-1.004e-02  -1.004e-02  -0.000e+00  1.000e+02
-9.717e-03  -9.717e-03  -0.000e+00  1.000e+02
-2.835e-02  -2.835e-02  -0.000e+00  1.000e+02
-2.711e-02  -2.711e-02  -0.000e+00  1.000e+02
-2.393e-02  -2.393e-02  -0.000e+00  1.000e+02
-7.312e-02  -7.312e-02  -0.000e+00  1.000e+02
-6.535e-02  -6.535e-02  -0.000e+00  1.000e+02
-5.510e-02  -5.510e-02  -0.000e+00  1.000e+02
-1.720e-01  -1.720e-01  -0.000e+00  1.000e+02
-1.335e-01  -1.335e-01  -0.000e+00  1.000e+02
-1.138e-01  -1.138e-01  -0.000e+00  1.000e+02
-3.495e-01  -3.495e-01  -2.205e-03  9.937e+01
-2.303e-01  -2.303e-01  -0.000e+00  1.000e+02
-2.058e-01  -2.058e-01  -0.000e+00  1.000e+02
-5.885e-01  -5.885e-01  -0.000e+00  1.000e+02
-3.392e-01  -3.392e-01  -0.000e+00  1.000e+02
-3.202e-01  -3.202e-01  -0.000e+00  1.000e+02
-8.964e-01  -8.964e-01  -0.000e+00  1.000e+02
-4.339e-01  -4.339e-01  -0.000e+00  1.000e+02
-4.245e-01  -4.245e-01  -0.000e+00  1.000e+02
-1.139e+00  -1.139e+00  -4.410e-03  9.961e+01
-4.951e-01  -4.951e-01  -2.205e-03  9.955e+01
-4.664e-01  -4.664e-01  -0.000e+00  1.000e+02
-1.313e+00  -1.313e+00  -0.000e+00  1.000e+02
-5.281e-01  -5.281e-01  -2.205e-03  9.958e+01
-5.464e-01  -5.464e-01  -0.000e+00  1.000e+02
-1.396e+00  -1.396e+00  -2.205e-03  9.984e+01
-5.462e-01  -5.462e-01  -0.000e+00  1.000e+02
-5.715e-01  -5.715e-01  -0.000e+00  1.000e+02
-1.484e+00  -1.484e+00  -2.205e-03  9.985e+01
-5.492e-01  -5.492e-01  -0.000e+00  1.000e+02
-5.847e-01  -5.847e-01  -2.205e-03  9.962e+01
-1.490e+00  -1.490e+00  -0.000e+00  1.000e+02
-5.590e-01  -5.590e-01  -0.000e+00  1.000e+02
-5.896e-01  -5.896e-01  -0.000e+00  1.000e+02
-1.491e+00  -1.491e+00  -0.000e+00  1.000e+02
-5.594e-01  -5.594e-01  -0.000e+00  1.000e+02
-5.918e-01  -5.918e-01  -2.205e-03  9.963e+01
-1.483e+00  -1.483e+00  -0.000e+00  1.000e+02
-5.628e-01  -5.628e-01  -2.205e-03  9.961e+01
-5.953e-01  -5.953e-01  -0.000e+00  1.000e+02
-1.494e+00  -1.494e+00  -4.410e-03  9.970e+01
-5.720e-01  -5.720e-01  -0.000e+00  1.000e+02
-5.980e-01  -5.980e-01  -0.000e+00  1.000e+02
-1.507e+00  -1.507e+00  -0.000e+00  1.000e+02
-5.798e-01  -5.798e-01  -2.205e-03  9.962e+01
-5.725e-01  -5.725e-01  -2.205e-03  9.961e+01
-1.545e+00  -1.545e+00  -2.205e-03  9.986e+01
========================================================================================

step: 2/15 res:22.0153388105822, res/res0:0.9811720262249815  dq_norm: [0.00441023 0.00381937 0.00763874]

A info: before HHL prepare:
Spectral radius (A): 9.789e+01, lambda_min:5.910920363947912
condition number(A): 1.656e+01, norm2_cond:398.974401945603
det(A): 2.302e+93
--------------------------------------------------------------------------------

A_hhl info: after scaling by spectral radius:
Spectral radius (A): 1.000e+00, lambda_min:0.06038106412644199
condition number(A): 1.656e+01, norm2_cond:398.9744019456016
det(A): 8.257e-27, nnz: 24 non zeros per row
--------------------------------------------------------------------------------

Size of A & B are not power of 2:
Next 2 power of 60 = 64
Value to be padded = 4
--------------------------------------------------

==================== Print (N)^2 padded matrix system =======================
Padded shape of A: (60, 60)x(60, 60) -> (64, 64)x(64, 64)
Padded shape of B: (60,) -> (64,)
Determinant of padded matrix: 8.257161451742984e-27
Condition # of padded matrix: 398.9744019456016


Matrix is not Hermitian. Making it Hermitian.......

==================== Print Hermitian matrix system info =======================
Shape of hermitian A: 64x64 -> 128x128
Shape of           B: 64 -> 128
Determinant of Hermitian matrix: 6.818071524014643e-53
Condition # of Hermitian matrix: 398.97440194559715

=================================== Generating HHL circuit ===================================
Time elapsed for generating HHL circuit: 5 min 13.65 sec

Generated circuit: num_qubits=18, gates=23, depth=5
============================== Generated Circuit saved ==============================

============================== Transpiling circuit ==============================
This is using the AerSimulator('aer_simulator_statevector') transpiler.
Time elapsed for transpiling the circuit:  0 min 43.91 sec
Transpiled circuit, num_qubits: 18, (original: 18)
Transpiled circuit depth: 464201 (original: 5)
Transpiled circuit gates: 464353 (original: 23)
============================== Transpiled Circuit saved ==============================
Time elapsed for running the circuit:  2 min 30.75 sec
total_qubits: 18, nq:7

Time elapsed for extracting shots-based hhl counts solution:  0 min 0.00 sec

[HHL info]: linear system residual (e=||Ax-b||_2): 21.94039651559086
[HHL info]: Fidelity(true_sol, hhl_sol): 0.47008943527506536
[HHL info]: L2 error (absolute): 5.303467231337374
[HHL info]: L2 error (relative): 0.9964810595431914
[HHL info]: L2 error (normalized): 0.7929304076454597

========================================================================================
 Compare system solutions using LU of A, LU sol of A_herm, HHL of Ax=b hermition system
LU sol 	    Herm LU sol    HHL sol    L1_diff(%)
-2.302e-04  -2.302e-04  -0.000e+00  1.000e+02
-1.945e-04  -1.945e-04  -0.000e+00  1.000e+02
-6.083e-04  -6.083e-04  -0.000e+00  1.000e+02
-8.059e-04  -8.059e-04  -0.000e+00  1.000e+02
-7.190e-04  -7.190e-04  -0.000e+00  1.000e+02
-2.187e-03  -2.187e-03  -0.000e+00  1.000e+02
-1.773e-03  -1.773e-03  -0.000e+00  1.000e+02
-1.742e-03  -1.742e-03  -0.000e+00  1.000e+02
-5.051e-03  -5.051e-03  -0.000e+00  1.000e+02
-3.874e-03  -3.874e-03  -0.000e+00  1.000e+02
-3.993e-03  -3.993e-03  -0.000e+00  1.000e+02
-1.131e-02  -1.131e-02  -0.000e+00  1.000e+02
-1.004e-02  -1.004e-02  -0.000e+00  1.000e+02
-9.712e-03  -9.712e-03  -0.000e+00  1.000e+02
-2.834e-02  -2.834e-02  -0.000e+00  1.000e+02
-2.709e-02  -2.709e-02  -0.000e+00  1.000e+02
-2.391e-02  -2.391e-02  -0.000e+00  1.000e+02
-7.308e-02  -7.308e-02  -0.000e+00  1.000e+02
-6.535e-02  -6.535e-02  -0.000e+00  1.000e+02
-5.511e-02  -5.511e-02  -0.000e+00  1.000e+02
-1.720e-01  -1.720e-01  -0.000e+00  1.000e+02
-1.336e-01  -1.336e-01  -0.000e+00  1.000e+02
-1.139e-01  -1.139e-01  -0.000e+00  1.000e+02
-3.474e-01  -3.474e-01  -0.000e+00  1.000e+02
-2.304e-01  -2.304e-01  -0.000e+00  1.000e+02
-2.058e-01  -2.058e-01  -0.000e+00  1.000e+02
-5.889e-01  -5.889e-01  -7.591e-03  9.871e+01
-3.390e-01  -3.390e-01  -0.000e+00  1.000e+02
-3.201e-01  -3.201e-01  -0.000e+00  1.000e+02
-8.959e-01  -8.959e-01  -0.000e+00  1.000e+02
-4.331e-01  -4.331e-01  -0.000e+00  1.000e+02
-4.242e-01  -4.242e-01  -0.000e+00  1.000e+02
-1.132e+00  -1.132e+00  -7.591e-03  9.933e+01
-4.917e-01  -4.917e-01  -0.000e+00  1.000e+02
-4.665e-01  -4.665e-01  -0.000e+00  1.000e+02
-1.311e+00  -1.311e+00  -0.000e+00  1.000e+02
-5.254e-01  -5.254e-01  -0.000e+00  1.000e+02
-5.467e-01  -5.467e-01  -0.000e+00  1.000e+02
-1.392e+00  -1.392e+00  -1.518e-02  9.891e+01
-5.467e-01  -5.467e-01  -0.000e+00  1.000e+02
-5.716e-01  -5.716e-01  -7.591e-03  9.867e+01
-1.483e+00  -1.483e+00  -7.591e-03  9.949e+01
-5.500e-01  -5.500e-01  -0.000e+00  1.000e+02
-5.825e-01  -5.825e-01  -0.000e+00  1.000e+02
-1.492e+00  -1.492e+00  -7.591e-03  9.949e+01
-5.595e-01  -5.595e-01  -0.000e+00  1.000e+02
-5.895e-01  -5.895e-01  -0.000e+00  1.000e+02
-1.493e+00  -1.493e+00  -0.000e+00  1.000e+02
-5.594e-01  -5.594e-01  -0.000e+00  1.000e+02
-5.894e-01  -5.894e-01  -0.000e+00  1.000e+02
-1.483e+00  -1.483e+00  -7.591e-03  9.949e+01
-5.603e-01  -5.603e-01  -0.000e+00  1.000e+02
-5.955e-01  -5.955e-01  -0.000e+00  1.000e+02
-1.489e+00  -1.489e+00  -7.591e-03  9.949e+01
-5.721e-01  -5.721e-01  -0.000e+00  1.000e+02
-5.981e-01  -5.981e-01  -0.000e+00  1.000e+02
-1.507e+00  -1.507e+00  -1.074e-02  9.929e+01
-5.775e-01  -5.775e-01  -0.000e+00  1.000e+02
-5.704e-01  -5.704e-01  -0.000e+00  1.000e+02
-1.543e+00  -1.543e+00  -0.000e+00  1.000e+02
========================================================================================

step: 3/15 res:22.00537506411841, res/res0:0.9807279654094392  dq_norm: [4.29987528e-16 7.59115471e-03 2.62965313e-02]

A info: before HHL prepare:
Spectral radius (A): 9.784e+01, lambda_min:5.9205038490181865
condition number(A): 1.653e+01, norm2_cond:397.8058233788444
det(A): 2.263e+93
--------------------------------------------------------------------------------

A_hhl info: after scaling by spectral radius:
Spectral radius (A): 1.000e+00, lambda_min:0.060513220297599646
condition number(A): 1.653e+01, norm2_cond:397.80582337884664
det(A): 8.400e-27, nnz: 13 non zeros per row
--------------------------------------------------------------------------------

Size of A & B are not power of 2:
Next 2 power of 60 = 64
Value to be padded = 4
--------------------------------------------------

==================== Print (N)^2 padded matrix system =======================
Padded shape of A: (60, 60)x(60, 60) -> (64, 64)x(64, 64)
Padded shape of B: (60,) -> (64,)
Determinant of padded matrix: 8.399566082814394e-27
Condition # of padded matrix: 397.80582337884664


Matrix is not Hermitian. Making it Hermitian.......

==================== Print Hermitian matrix system info =======================
Shape of hermitian A: 64x64 -> 128x128
Shape of           B: 64 -> 128
Determinant of Hermitian matrix: 7.055271037956495e-53
Condition # of Hermitian matrix: 397.8058233788386

=================================== Generating HHL circuit ===================================
Time elapsed for generating HHL circuit: 5 min 12.23 sec

Generated circuit: num_qubits=18, gates=23, depth=5
============================== Generated Circuit saved ==============================

============================== Transpiling circuit ==============================
This is using the AerSimulator('aer_simulator_statevector') transpiler.
Time elapsed for transpiling the circuit:  0 min 55.27 sec
Transpiled circuit, num_qubits: 18, (original: 18)
Transpiled circuit depth: 464199 (original: 5)
Transpiled circuit gates: 464351 (original: 23)
============================== Transpiled Circuit saved ==============================
Time elapsed for running the circuit:  2 min 32.69 sec
total_qubits: 18, nq:7

Time elapsed for extracting shots-based hhl counts solution:  0 min 0.00 sec

[HHL info]: linear system residual (e=||Ax-b||_2): 21.907388700224377
[HHL info]: Fidelity(true_sol, hhl_sol): 0.5661906447843895
[HHL info]: L2 error (absolute): 5.290026330941093
[HHL info]: L2 error (relative): 0.9978014155360042
[HHL info]: L2 error (normalized): 0.7036243213079698

========================================================================================
 Compare system solutions using LU of A, LU sol of A_herm, HHL of Ax=b hermition system
LU sol 	    Herm LU sol    HHL sol    L1_diff(%)
-2.298e-04  -2.298e-04  -0.000e+00  1.000e+02
-1.943e-04  -1.943e-04  -0.000e+00  1.000e+02
-6.073e-04  -6.073e-04  -0.000e+00  1.000e+02
-8.035e-04  -8.035e-04  -0.000e+00  1.000e+02
-7.178e-04  -7.178e-04  -0.000e+00  1.000e+02
-2.182e-03  -2.182e-03  -0.000e+00  1.000e+02
-1.769e-03  -1.769e-03  -0.000e+00  1.000e+02
-1.740e-03  -1.740e-03  -0.000e+00  1.000e+02
-5.042e-03  -5.042e-03  -0.000e+00  1.000e+02
-3.874e-03  -3.874e-03  -0.000e+00  1.000e+02
-3.993e-03  -3.993e-03  -0.000e+00  1.000e+02
-1.131e-02  -1.131e-02  -0.000e+00  1.000e+02
-1.006e-02  -1.006e-02  -0.000e+00  1.000e+02
-9.724e-03  -9.724e-03  -0.000e+00  1.000e+02
-2.838e-02  -2.838e-02  -0.000e+00  1.000e+02
-2.711e-02  -2.711e-02  -0.000e+00  1.000e+02
-2.391e-02  -2.391e-02  -0.000e+00  1.000e+02
-7.314e-02  -7.314e-02  -0.000e+00  1.000e+02
-6.533e-02  -6.533e-02  -0.000e+00  1.000e+02
-5.509e-02  -5.509e-02  -0.000e+00  1.000e+02
-1.720e-01  -1.720e-01  -0.000e+00  1.000e+02
-1.335e-01  -1.335e-01  -0.000e+00  1.000e+02
-1.139e-01  -1.139e-01  -0.000e+00  1.000e+02
-3.471e-01  -3.471e-01  -0.000e+00  1.000e+02
-2.303e-01  -2.303e-01  -0.000e+00  1.000e+02
-2.058e-01  -2.058e-01  -0.000e+00  1.000e+02
-5.804e-01  -5.804e-01  -0.000e+00  1.000e+02
-3.387e-01  -3.387e-01  -0.000e+00  1.000e+02
-3.200e-01  -3.200e-01  -0.000e+00  1.000e+02
-8.950e-01  -8.950e-01  -0.000e+00  1.000e+02
-4.326e-01  -4.326e-01  -0.000e+00  1.000e+02
-4.241e-01  -4.241e-01  -0.000e+00  1.000e+02
-1.123e+00  -1.123e+00  -3.233e-03  9.971e+01
-4.918e-01  -4.918e-01  -0.000e+00  1.000e+02
-4.669e-01  -4.669e-01  -0.000e+00  1.000e+02
-1.311e+00  -1.311e+00  -0.000e+00  1.000e+02
-5.267e-01  -5.267e-01  -3.233e-03  9.939e+01
-5.471e-01  -5.471e-01  -0.000e+00  1.000e+02
-1.378e+00  -1.378e+00  -0.000e+00  1.000e+02
-5.478e-01  -5.478e-01  -0.000e+00  1.000e+02
-5.634e-01  -5.634e-01  -0.000e+00  1.000e+02
-1.478e+00  -1.478e+00  -3.233e-03  9.978e+01
-5.503e-01  -5.503e-01  -0.000e+00  1.000e+02
-5.826e-01  -5.826e-01  -4.572e-03  9.922e+01
-1.485e+00  -1.485e+00  -4.572e-03  9.969e+01
-5.594e-01  -5.594e-01  -0.000e+00  1.000e+02
-5.895e-01  -5.895e-01  -3.233e-03  9.945e+01
-1.492e+00  -1.492e+00  -4.572e-03  9.969e+01
-5.589e-01  -5.589e-01  -3.233e-03  9.942e+01
-5.894e-01  -5.894e-01  -0.000e+00  1.000e+02
-1.474e+00  -1.474e+00  -3.233e-03  9.978e+01
-5.598e-01  -5.598e-01  -0.000e+00  1.000e+02
-5.955e-01  -5.955e-01  -4.572e-03  9.923e+01
-1.479e+00  -1.479e+00  -5.599e-03  9.962e+01
-5.720e-01  -5.720e-01  -0.000e+00  1.000e+02
-5.982e-01  -5.982e-01  -0.000e+00  1.000e+02
-1.494e+00  -1.494e+00  -3.233e-03  9.978e+01
-5.778e-01  -5.778e-01  -0.000e+00  1.000e+02
-5.704e-01  -5.704e-01  -0.000e+00  1.000e+02
-1.544e+00  -1.544e+00  -7.229e-03  9.953e+01
========================================================================================

step: 4/15 res:21.940235059204458, res/res0:0.9778248281395732  dq_norm: [0.00457187 0.00722876 0.0129312 ]

A info: before HHL prepare:
Spectral radius (A): 9.784e+01, lambda_min:5.918225831699719
condition number(A): 1.653e+01, norm2_cond:397.5755845798721
det(A): 2.258e+93
--------------------------------------------------------------------------------

A_hhl info: after scaling by spectral radius:
Spectral radius (A): 1.000e+00, lambda_min:0.06048932559710748
condition number(A): 1.653e+01, norm2_cond:397.57558457987074
det(A): 8.375e-27, nnz: 24 non zeros per row
--------------------------------------------------------------------------------

Size of A & B are not power of 2:
Next 2 power of 60 = 64
Value to be padded = 4
--------------------------------------------------

==================== Print (N)^2 padded matrix system =======================
Padded shape of A: (60, 60)x(60, 60) -> (64, 64)x(64, 64)
Padded shape of B: (60,) -> (64,)
Determinant of padded matrix: 8.375130504337328e-27
Condition # of padded matrix: 397.57558457987074


Matrix is not Hermitian. Making it Hermitian.......

==================== Print Hermitian matrix system info =======================
Shape of hermitian A: 64x64 -> 128x128
Shape of           B: 64 -> 128
Determinant of Hermitian matrix: 7.014281096468761e-53
Condition # of Hermitian matrix: 397.5755845798737

=================================== Generating HHL circuit ===================================
Time elapsed for generating HHL circuit: 5 min 4.10 sec

Generated circuit: num_qubits=18, gates=23, depth=5
============================== Generated Circuit saved ==============================

============================== Transpiling circuit ==============================
This is using the AerSimulator('aer_simulator_statevector') transpiler.
Time elapsed for transpiling the circuit:  0 min 54.39 sec
Transpiled circuit, num_qubits: 18, (original: 18)
Transpiled circuit depth: 464195 (original: 5)
Transpiled circuit gates: 464347 (original: 23)
============================== Transpiled Circuit saved ==============================
Time elapsed for running the circuit:  2 min 32.70 sec
total_qubits: 18, nq:7

Time elapsed for extracting shots-based hhl counts solution:  0 min 0.00 sec

[HHL info]: linear system residual (e=||Ax-b||_2): 21.928112326540262
[HHL info]: Fidelity(true_sol, hhl_sol): 0.5128928677342285
[HHL info]: L2 error (absolute): 5.281655103240264
[HHL info]: L2 error (relative): 0.9984285732639818
[HHL info]: L2 error (normalized): 0.7534382637923343

========================================================================================
 Compare system solutions using LU of A, LU sol of A_herm, HHL of Ax=b hermition system
LU sol 	    Herm LU sol    HHL sol    L1_diff(%)
-2.299e-04  -2.299e-04  -0.000e+00  1.000e+02
-1.944e-04  -1.944e-04  -0.000e+00  1.000e+02
-6.075e-04  -6.075e-04  -0.000e+00  1.000e+02
-8.041e-04  -8.041e-04  -0.000e+00  1.000e+02
-7.181e-04  -7.181e-04  -0.000e+00  1.000e+02
-2.183e-03  -2.183e-03  -0.000e+00  1.000e+02
-1.770e-03  -1.770e-03  -0.000e+00  1.000e+02
-1.741e-03  -1.741e-03  -0.000e+00  1.000e+02
-5.044e-03  -5.044e-03  -0.000e+00  1.000e+02
-3.873e-03  -3.873e-03  -0.000e+00  1.000e+02
-3.993e-03  -3.993e-03  -0.000e+00  1.000e+02
-1.130e-02  -1.130e-02  -0.000e+00  1.000e+02
-1.005e-02  -1.005e-02  -0.000e+00  1.000e+02
-9.721e-03  -9.721e-03  -0.000e+00  1.000e+02
-2.837e-02  -2.837e-02  -0.000e+00  1.000e+02
-2.711e-02  -2.711e-02  -0.000e+00  1.000e+02
-2.391e-02  -2.391e-02  -0.000e+00  1.000e+02
-7.312e-02  -7.312e-02  -0.000e+00  1.000e+02
-6.533e-02  -6.533e-02  -0.000e+00  1.000e+02
-5.509e-02  -5.509e-02  -0.000e+00  1.000e+02
-1.720e-01  -1.720e-01  -0.000e+00  1.000e+02
-1.336e-01  -1.336e-01  -0.000e+00  1.000e+02
-1.139e-01  -1.139e-01  -0.000e+00  1.000e+02
-3.472e-01  -3.472e-01  -0.000e+00  1.000e+02
-2.303e-01  -2.303e-01  -0.000e+00  1.000e+02
-2.058e-01  -2.058e-01  -0.000e+00  1.000e+02
-5.806e-01  -5.806e-01  -2.665e-03  9.954e+01
-3.387e-01  -3.387e-01  -0.000e+00  1.000e+02
-3.201e-01  -3.201e-01  -0.000e+00  1.000e+02
-8.950e-01  -8.950e-01  -0.000e+00  1.000e+02
-4.322e-01  -4.322e-01  -0.000e+00  1.000e+02
-4.238e-01  -4.238e-01  -0.000e+00  1.000e+02
-1.118e+00  -1.118e+00  -0.000e+00  1.000e+02
-4.909e-01  -4.909e-01  -2.665e-03  9.946e+01
-4.667e-01  -4.667e-01  -0.000e+00  1.000e+02
-1.309e+00  -1.309e+00  -4.616e-03  9.965e+01
-5.230e-01  -5.230e-01  -0.000e+00  1.000e+02
-5.476e-01  -5.476e-01  -0.000e+00  1.000e+02
-1.378e+00  -1.378e+00  -2.665e-03  9.981e+01
-5.489e-01  -5.489e-01  -2.665e-03  9.951e+01
-5.638e-01  -5.638e-01  -0.000e+00  1.000e+02
-1.476e+00  -1.476e+00  -2.665e-03  9.982e+01
-5.512e-01  -5.512e-01  -0.000e+00  1.000e+02
-5.774e-01  -5.774e-01  -0.000e+00  1.000e+02
-1.482e+00  -1.482e+00  -0.000e+00  1.000e+02
-5.597e-01  -5.597e-01  -0.000e+00  1.000e+02
-5.863e-01  -5.863e-01  -0.000e+00  1.000e+02
-1.488e+00  -1.488e+00  -2.665e-03  9.982e+01
-5.561e-01  -5.561e-01  -0.000e+00  1.000e+02
-5.899e-01  -5.899e-01  -0.000e+00  1.000e+02
-1.472e+00  -1.472e+00  -0.000e+00  1.000e+02
-5.603e-01  -5.603e-01  -0.000e+00  1.000e+02
-5.905e-01  -5.905e-01  -2.665e-03  9.955e+01
-1.474e+00  -1.474e+00  -2.665e-03  9.982e+01
-5.717e-01  -5.717e-01  -2.665e-03  9.953e+01
-5.982e-01  -5.982e-01  -0.000e+00  1.000e+02
-1.490e+00  -1.490e+00  -4.616e-03  9.969e+01
-5.772e-01  -5.772e-01  -0.000e+00  1.000e+02
-5.704e-01  -5.704e-01  -0.000e+00  1.000e+02
-1.534e+00  -1.534e+00  -5.330e-03  9.965e+01
========================================================================================

step: 5/15 res:21.907574768440877, res/res0:0.9763692355665351  dq_norm: [0.00461575 0.00266491 0.01032114]

A info: before HHL prepare:
Spectral radius (A): 9.785e+01, lambda_min:5.922789621403942
condition number(A): 1.652e+01, norm2_cond:397.12199193326484
det(A): 2.301e+93
--------------------------------------------------------------------------------

A_hhl info: after scaling by spectral radius:
Spectral radius (A): 1.000e+00, lambda_min:0.060529375955321936
condition number(A): 1.652e+01, norm2_cond:397.1219919332626
det(A): 8.477e-27, nnz: 24 non zeros per row
--------------------------------------------------------------------------------

Size of A & B are not power of 2:
Next 2 power of 60 = 64
Value to be padded = 4
--------------------------------------------------

==================== Print (N)^2 padded matrix system =======================
Padded shape of A: (60, 60)x(60, 60) -> (64, 64)x(64, 64)
Padded shape of B: (60,) -> (64,)
Determinant of padded matrix: 8.477253715502407e-27
Condition # of padded matrix: 397.1219919332626


Matrix is not Hermitian. Making it Hermitian.......

==================== Print Hermitian matrix system info =======================
Shape of hermitian A: 64x64 -> 128x128
Shape of           B: 64 -> 128
Determinant of Hermitian matrix: 7.186383055700242e-53
Condition # of Hermitian matrix: 397.1219919332648

=================================== Generating HHL circuit ===================================
Time elapsed for generating HHL circuit: 5 min 10.14 sec

Generated circuit: num_qubits=18, gates=23, depth=5
============================== Generated Circuit saved ==============================

============================== Transpiling circuit ==============================
This is using the AerSimulator('aer_simulator_statevector') transpiler.
Time elapsed for transpiling the circuit:  0 min 56.11 sec
Transpiled circuit, num_qubits: 18, (original: 18)
Transpiled circuit depth: 464200 (original: 5)
Transpiled circuit gates: 464352 (original: 23)
============================== Transpiled Circuit saved ==============================
Time elapsed for running the circuit:  2 min 31.18 sec
total_qubits: 18, nq:7

Time elapsed for extracting shots-based hhl counts solution:  0 min 0.00 sec

[HHL info]: linear system residual (e=||Ax-b||_2): 21.79495759247125
[HHL info]: Fidelity(true_sol, hhl_sol): 0.5540117804058111
[HHL info]: L2 error (absolute): 5.242595928434544
[HHL info]: L2 error (relative): 0.993087246830059
[HHL info]: L2 error (normalized): 0.7150948521442874

========================================================================================
 Compare system solutions using LU of A, LU sol of A_herm, HHL of Ax=b hermition system
LU sol 	    Herm LU sol    HHL sol    L1_diff(%)
-2.300e-04  -2.300e-04  -0.000e+00  1.000e+02
-1.943e-04  -1.943e-04  -0.000e+00  1.000e+02
-6.077e-04  -6.077e-04  -0.000e+00  1.000e+02
-8.045e-04  -8.045e-04  -0.000e+00  1.000e+02
-7.182e-04  -7.182e-04  -0.000e+00  1.000e+02
-2.184e-03  -2.184e-03  -0.000e+00  1.000e+02
-1.770e-03  -1.770e-03  -0.000e+00  1.000e+02
-1.741e-03  -1.741e-03  -0.000e+00  1.000e+02
-5.046e-03  -5.046e-03  -0.000e+00  1.000e+02
-3.874e-03  -3.874e-03  -0.000e+00  1.000e+02
-3.993e-03  -3.993e-03  -0.000e+00  1.000e+02
-1.131e-02  -1.131e-02  -0.000e+00  1.000e+02
-1.005e-02  -1.005e-02  -0.000e+00  1.000e+02
-9.722e-03  -9.722e-03  -0.000e+00  1.000e+02
-2.837e-02  -2.837e-02  -0.000e+00  1.000e+02
-2.710e-02  -2.710e-02  -0.000e+00  1.000e+02
-2.390e-02  -2.390e-02  -0.000e+00  1.000e+02
-7.310e-02  -7.310e-02  -0.000e+00  1.000e+02
-6.532e-02  -6.532e-02  -0.000e+00  1.000e+02
-5.508e-02  -5.508e-02  -0.000e+00  1.000e+02
-1.720e-01  -1.720e-01  -0.000e+00  1.000e+02
-1.336e-01  -1.336e-01  -1.159e-02  9.133e+01
-1.140e-01  -1.140e-01  -0.000e+00  1.000e+02
-3.472e-01  -3.472e-01  -0.000e+00  1.000e+02
-2.304e-01  -2.304e-01  -0.000e+00  1.000e+02
-2.059e-01  -2.059e-01  -0.000e+00  1.000e+02
-5.780e-01  -5.780e-01  -0.000e+00  1.000e+02
-3.386e-01  -3.386e-01  -0.000e+00  1.000e+02
-3.199e-01  -3.199e-01  -0.000e+00  1.000e+02
-8.947e-01  -8.947e-01  -0.000e+00  1.000e+02
-4.316e-01  -4.316e-01  -0.000e+00  1.000e+02
-4.238e-01  -4.238e-01  -0.000e+00  1.000e+02
-1.117e+00  -1.117e+00  -1.159e-02  9.896e+01
-4.873e-01  -4.873e-01  -0.000e+00  1.000e+02
-4.668e-01  -4.668e-01  -0.000e+00  1.000e+02
-1.302e+00  -1.302e+00  -0.000e+00  1.000e+02
-5.222e-01  -5.222e-01  -0.000e+00  1.000e+02
-5.475e-01  -5.475e-01  -0.000e+00  1.000e+02
-1.373e+00  -1.373e+00  -1.159e-02  9.916e+01
-5.455e-01  -5.455e-01  -0.000e+00  1.000e+02
-5.639e-01  -5.639e-01  -0.000e+00  1.000e+02
-1.472e+00  -1.472e+00  -1.639e-02  9.889e+01
-5.512e-01  -5.512e-01  -0.000e+00  1.000e+02
-5.774e-01  -5.774e-01  -0.000e+00  1.000e+02
-1.482e+00  -1.482e+00  -1.159e-02  9.922e+01
-5.601e-01  -5.601e-01  -1.159e-02  9.793e+01
-5.865e-01  -5.865e-01  -1.159e-02  9.802e+01
-1.486e+00  -1.486e+00  -1.639e-02  9.890e+01
-5.566e-01  -5.566e-01  -0.000e+00  1.000e+02
-5.897e-01  -5.897e-01  -0.000e+00  1.000e+02
-1.473e+00  -1.473e+00  -1.639e-02  9.889e+01
-5.601e-01  -5.601e-01  -0.000e+00  1.000e+02
-5.875e-01  -5.875e-01  -0.000e+00  1.000e+02
-1.471e+00  -1.471e+00  -0.000e+00  1.000e+02
-5.685e-01  -5.685e-01  -0.000e+00  1.000e+02
-5.985e-01  -5.985e-01  -0.000e+00  1.000e+02
-1.484e+00  -1.484e+00  -1.639e-02  9.890e+01
-5.772e-01  -5.772e-01  -0.000e+00  1.000e+02
-5.705e-01  -5.705e-01  -0.000e+00  1.000e+02
-1.527e+00  -1.527e+00  -2.318e-02  9.848e+01
========================================================================================

step: 6/15 res:21.92816628785037, res/res0:0.9772869513008191  dq_norm: [0.01638895 0.01158874 0.044883  ]

A info: before HHL prepare:
Spectral radius (A): 9.788e+01, lambda_min:5.96599790821574
condition number(A): 1.641e+01, norm2_cond:394.68315902517395
det(A): 2.438e+93
--------------------------------------------------------------------------------

A_hhl info: after scaling by spectral radius:
Spectral radius (A): 1.000e+00, lambda_min:0.06095299747182025
condition number(A): 1.641e+01, norm2_cond:394.6831590251773
det(A): 8.826e-27, nnz: 27 non zeros per row
--------------------------------------------------------------------------------

Size of A & B are not power of 2:
Next 2 power of 60 = 64
Value to be padded = 4
--------------------------------------------------

==================== Print (N)^2 padded matrix system =======================
Padded shape of A: (60, 60)x(60, 60) -> (64, 64)x(64, 64)
Padded shape of B: (60,) -> (64,)
Determinant of padded matrix: 8.825619460892092e-27
Condition # of padded matrix: 394.6831590251773


Matrix is not Hermitian. Making it Hermitian.......

==================== Print Hermitian matrix system info =======================
Shape of hermitian A: 64x64 -> 128x128
Shape of           B: 64 -> 128
Determinant of Hermitian matrix: 7.789155886847944e-53
Condition # of Hermitian matrix: 394.68315902518066

=================================== Generating HHL circuit ===================================
Time elapsed for generating HHL circuit: 5 min 7.66 sec

Generated circuit: num_qubits=18, gates=23, depth=5
============================== Generated Circuit saved ==============================

============================== Transpiling circuit ==============================
This is using the AerSimulator('aer_simulator_statevector') transpiler.
Time elapsed for transpiling the circuit:  0 min 55.57 sec
Transpiled circuit, num_qubits: 18, (original: 18)
Transpiled circuit depth: 464201 (original: 5)
Transpiled circuit gates: 464353 (original: 23)
============================== Transpiled Circuit saved ==============================
Time elapsed for running the circuit:  2 min 29.82 sec
total_qubits: 18, nq:7

Time elapsed for extracting shots-based hhl counts solution:  0 min 0.00 sec

[HHL info]: linear system residual (e=||Ax-b||_2): 21.78186192777553
[HHL info]: Fidelity(true_sol, hhl_sol): 0.35552691529917846
[HHL info]: L2 error (absolute): 5.225377826215976
[HHL info]: L2 error (relative): 0.9986846273908054
[HHL info]: L2 error (normalized): 0.8985980436977544

========================================================================================
 Compare system solutions using LU of A, LU sol of A_herm, HHL of Ax=b hermition system
LU sol 	    Herm LU sol    HHL sol    L1_diff(%)
-2.232e-04  -2.232e-04  -0.000e+00  1.000e+02
-1.910e-04  -1.910e-04  -0.000e+00  1.000e+02
-5.933e-04  -5.933e-04  -0.000e+00  1.000e+02
-7.973e-04  -7.973e-04  -0.000e+00  1.000e+02
-7.144e-04  -7.144e-04  -0.000e+00  1.000e+02
-2.168e-03  -2.168e-03  -0.000e+00  1.000e+02
-1.807e-03  -1.807e-03  -0.000e+00  1.000e+02
-1.760e-03  -1.760e-03  -0.000e+00  1.000e+02
-5.123e-03  -5.123e-03  -0.000e+00  1.000e+02
-4.010e-03  -4.010e-03  -0.000e+00  1.000e+02
-4.063e-03  -4.063e-03  -0.000e+00  1.000e+02
-1.159e-02  -1.159e-02  -0.000e+00  1.000e+02
-1.021e-02  -1.021e-02  -0.000e+00  1.000e+02
-9.796e-03  -9.796e-03  -0.000e+00  1.000e+02
-2.872e-02  -2.872e-02  -0.000e+00  1.000e+02
-2.687e-02  -2.687e-02  -0.000e+00  1.000e+02
-2.374e-02  -2.374e-02  -0.000e+00  1.000e+02
-7.262e-02  -7.262e-02  -0.000e+00  1.000e+02
-6.442e-02  -6.442e-02  -0.000e+00  1.000e+02
-5.481e-02  -5.481e-02  -0.000e+00  1.000e+02
-1.700e-01  -1.700e-01  -0.000e+00  1.000e+02
-1.212e-01  -1.212e-01  -0.000e+00  1.000e+02
-1.144e-01  -1.144e-01  -0.000e+00  1.000e+02
-3.463e-01  -3.463e-01  -0.000e+00  1.000e+02
-2.304e-01  -2.304e-01  -0.000e+00  1.000e+02
-2.058e-01  -2.058e-01  -0.000e+00  1.000e+02
-5.778e-01  -5.778e-01  -0.000e+00  1.000e+02
-3.385e-01  -3.385e-01  -3.089e-03  9.909e+01
-3.200e-01  -3.200e-01  -0.000e+00  1.000e+02
-8.940e-01  -8.940e-01  -5.350e-03  9.940e+01
-4.314e-01  -4.314e-01  -0.000e+00  1.000e+02
-4.238e-01  -4.238e-01  -0.000e+00  1.000e+02
-1.104e+00  -1.104e+00  -3.089e-03  9.972e+01
-4.869e-01  -4.869e-01  -0.000e+00  1.000e+02
-4.666e-01  -4.666e-01  -0.000e+00  1.000e+02
-1.301e+00  -1.301e+00  -0.000e+00  1.000e+02
-5.216e-01  -5.216e-01  -0.000e+00  1.000e+02
-5.476e-01  -5.476e-01  -0.000e+00  1.000e+02
-1.358e+00  -1.358e+00  -3.089e-03  9.977e+01
-5.447e-01  -5.447e-01  -0.000e+00  1.000e+02
-5.637e-01  -5.637e-01  -0.000e+00  1.000e+02
-1.451e+00  -1.451e+00  -4.368e-03  9.970e+01
-5.504e-01  -5.504e-01  -3.089e-03  9.944e+01
-5.776e-01  -5.776e-01  -0.000e+00  1.000e+02
-1.468e+00  -1.468e+00  -4.368e-03  9.970e+01
-5.474e-01  -5.474e-01  -0.000e+00  1.000e+02
-5.750e-01  -5.750e-01  -0.000e+00  1.000e+02
-1.468e+00  -1.468e+00  -0.000e+00  1.000e+02
-5.565e-01  -5.565e-01  -0.000e+00  1.000e+02
-5.898e-01  -5.898e-01  -3.089e-03  9.948e+01
-1.454e+00  -1.454e+00  -4.368e-03  9.970e+01
-5.596e-01  -5.596e-01  -0.000e+00  1.000e+02
-5.873e-01  -5.873e-01  -0.000e+00  1.000e+02
-1.470e+00  -1.470e+00  -0.000e+00  1.000e+02
-5.671e-01  -5.671e-01  -0.000e+00  1.000e+02
-5.984e-01  -5.984e-01  -0.000e+00  1.000e+02
-1.461e+00  -1.461e+00  -0.000e+00  1.000e+02
-5.753e-01  -5.753e-01  -0.000e+00  1.000e+02
-5.704e-01  -5.704e-01  -0.000e+00  1.000e+02
-1.495e+00  -1.495e+00  -0.000e+00  1.000e+02
========================================================================================

step: 7/15 res:21.79399404184226, res/res0:0.9713072089215805  dq_norm: [0.0043679  0.00308857 0.01024362]

A info: before HHL prepare:
Spectral radius (A): 9.789e+01, lambda_min:5.968338320351798
condition number(A): 1.640e+01, norm2_cond:394.5875142772325
det(A): 2.467e+93
--------------------------------------------------------------------------------

A_hhl info: after scaling by spectral radius:
Spectral radius (A): 1.000e+00, lambda_min:0.06097193854169172
condition number(A): 1.640e+01, norm2_cond:394.5875142772372
det(A): 8.887e-27, nnz: 14 non zeros per row
--------------------------------------------------------------------------------

Size of A & B are not power of 2:
Next 2 power of 60 = 64
Value to be padded = 4
--------------------------------------------------

==================== Print (N)^2 padded matrix system =======================
Padded shape of A: (60, 60)x(60, 60) -> (64, 64)x(64, 64)
Padded shape of B: (60,) -> (64,)
Determinant of padded matrix: 8.887120961969754e-27
Condition # of padded matrix: 394.5875142772372


Matrix is not Hermitian. Making it Hermitian.......

==================== Print Hermitian matrix system info =======================
Shape of hermitian A: 64x64 -> 128x128
Shape of           B: 64 -> 128
Determinant of Hermitian matrix: 7.898091899267884e-53
Condition # of Hermitian matrix: 394.5875142772364

=================================== Generating HHL circuit ===================================
Time elapsed for generating HHL circuit: 5 min 7.60 sec

Generated circuit: num_qubits=18, gates=23, depth=5
============================== Generated Circuit saved ==============================

============================== Transpiling circuit ==============================
This is using the AerSimulator('aer_simulator_statevector') transpiler.
Time elapsed for transpiling the circuit:  0 min 47.05 sec
Transpiled circuit, num_qubits: 18, (original: 18)
Transpiled circuit depth: 464199 (original: 5)
Transpiled circuit gates: 464351 (original: 23)
============================== Transpiled Circuit saved ==============================
Time elapsed for running the circuit:  2 min 32.36 sec
total_qubits: 18, nq:7

Time elapsed for extracting shots-based hhl counts solution:  0 min 0.00 sec

[HHL info]: linear system residual (e=||Ax-b||_2): 21.782002745972452
[HHL info]: Fidelity(true_sol, hhl_sol): 0.5566449239014657
[HHL info]: L2 error (absolute): 5.223673348991215
[HHL info]: L2 error (relative): 0.9998930326904807
[HHL info]: L2 error (normalized): 0.7126199476326106

========================================================================================
 Compare system solutions using LU of A, LU sol of A_herm, HHL of Ax=b hermition system
LU sol 	    Herm LU sol    HHL sol    L1_diff(%)
-2.231e-04  -2.231e-04  -0.000e+00  1.000e+02
-1.909e-04  -1.909e-04  -0.000e+00  1.000e+02
-5.932e-04  -5.932e-04  -0.000e+00  1.000e+02
-7.936e-04  -7.936e-04  -0.000e+00  1.000e+02
-7.126e-04  -7.126e-04  -0.000e+00  1.000e+02
-2.161e-03  -2.161e-03  -0.000e+00  1.000e+02
-1.795e-03  -1.795e-03  -0.000e+00  1.000e+02
-1.754e-03  -1.754e-03  -0.000e+00  1.000e+02
-5.098e-03  -5.098e-03  -0.000e+00  1.000e+02
-3.995e-03  -3.995e-03  -0.000e+00  1.000e+02
-4.055e-03  -4.055e-03  -0.000e+00  1.000e+02
-1.156e-02  -1.156e-02  -0.000e+00  1.000e+02
-1.022e-02  -1.022e-02  -0.000e+00  1.000e+02
-9.805e-03  -9.805e-03  -0.000e+00  1.000e+02
-2.875e-02  -2.875e-02  -0.000e+00  1.000e+02
-2.696e-02  -2.696e-02  -0.000e+00  1.000e+02
-2.379e-02  -2.379e-02  -0.000e+00  1.000e+02
-7.281e-02  -7.281e-02  -0.000e+00  1.000e+02
-6.454e-02  -6.454e-02  -0.000e+00  1.000e+02
-5.488e-02  -5.488e-02  -0.000e+00  1.000e+02
-1.702e-01  -1.702e-01  -0.000e+00  1.000e+02
-1.210e-01  -1.210e-01  -0.000e+00  1.000e+02
-1.142e-01  -1.142e-01  -0.000e+00  1.000e+02
-3.459e-01  -3.459e-01  -0.000e+00  1.000e+02
-2.297e-01  -2.297e-01  -0.000e+00  1.000e+02
-2.057e-01  -2.057e-01  -0.000e+00  1.000e+02
-5.763e-01  -5.763e-01  -0.000e+00  1.000e+02
-3.348e-01  -3.348e-01  -2.258e-04  9.993e+01
-3.202e-01  -3.202e-01  -0.000e+00  1.000e+02
-8.872e-01  -8.872e-01  -0.000e+00  1.000e+02
-4.315e-01  -4.315e-01  -0.000e+00  1.000e+02
-4.238e-01  -4.238e-01  -0.000e+00  1.000e+02
-1.100e+00  -1.100e+00  -0.000e+00  1.000e+02
-4.869e-01  -4.869e-01  -0.000e+00  1.000e+02
-4.666e-01  -4.666e-01  -0.000e+00  1.000e+02
-1.301e+00  -1.301e+00  -2.258e-04  9.998e+01
-5.211e-01  -5.211e-01  -0.000e+00  1.000e+02
-5.473e-01  -5.473e-01  -0.000e+00  1.000e+02
-1.353e+00  -1.353e+00  -2.258e-04  9.998e+01
-5.437e-01  -5.437e-01  -0.000e+00  1.000e+02
-5.636e-01  -5.636e-01  -0.000e+00  1.000e+02
-1.444e+00  -1.444e+00  -2.258e-04  9.998e+01
-5.468e-01  -5.468e-01  -0.000e+00  1.000e+02
-5.780e-01  -5.780e-01  -0.000e+00  1.000e+02
-1.462e+00  -1.462e+00  -2.258e-04  9.998e+01
-5.479e-01  -5.479e-01  -0.000e+00  1.000e+02
-5.751e-01  -5.751e-01  -0.000e+00  1.000e+02
-1.469e+00  -1.469e+00  -0.000e+00  1.000e+02
-5.570e-01  -5.570e-01  -0.000e+00  1.000e+02
-5.865e-01  -5.865e-01  -2.258e-04  9.996e+01
-1.451e+00  -1.451e+00  -2.258e-04  9.998e+01
-5.598e-01  -5.598e-01  -0.000e+00  1.000e+02
-5.873e-01  -5.873e-01  -0.000e+00  1.000e+02
-1.470e+00  -1.470e+00  -2.258e-04  9.998e+01
-5.673e-01  -5.673e-01  -2.258e-04  9.996e+01
-5.984e-01  -5.984e-01  -0.000e+00  1.000e+02
-1.462e+00  -1.462e+00  -2.258e-04  9.998e+01
-5.755e-01  -5.755e-01  -0.000e+00  1.000e+02
-5.704e-01  -5.704e-01  -0.000e+00  1.000e+02
-1.496e+00  -1.496e+00  -2.258e-04  9.998e+01
========================================================================================

step: 8/15 res:21.781797684123095, res/res0:0.9707636458577168  dq_norm: [0.00031939 0.00022584 0.00063878]

A info: before HHL prepare:
Spectral radius (A): 9.789e+01, lambda_min:5.9686450181604425
condition number(A): 1.640e+01, norm2_cond:394.5643250572105
det(A): 2.469e+93
--------------------------------------------------------------------------------

A_hhl info: after scaling by spectral radius:
Spectral radius (A): 1.000e+00, lambda_min:0.06097456517080528
condition number(A): 1.640e+01, norm2_cond:394.5643250572135
det(A): 8.890e-27, nnz: 14 non zeros per row
--------------------------------------------------------------------------------

Size of A & B are not power of 2:
Next 2 power of 60 = 64
Value to be padded = 4
--------------------------------------------------

==================== Print (N)^2 padded matrix system =======================
Padded shape of A: (60, 60)x(60, 60) -> (64, 64)x(64, 64)
Padded shape of B: (60,) -> (64,)
Determinant of padded matrix: 8.890083106353088e-27
Condition # of padded matrix: 394.5643250572135


Matrix is not Hermitian. Making it Hermitian.......

==================== Print Hermitian matrix system info =======================
Shape of hermitian A: 64x64 -> 128x128
Shape of           B: 64 -> 128
Determinant of Hermitian matrix: 7.903357763786233e-53
Condition # of Hermitian matrix: 394.5643250572165

=================================== Generating HHL circuit ===================================
Time elapsed for generating HHL circuit: 5 min 18.48 sec

Generated circuit: num_qubits=18, gates=23, depth=5
============================== Generated Circuit saved ==============================

============================== Transpiling circuit ==============================
This is using the AerSimulator('aer_simulator_statevector') transpiler.
Time elapsed for transpiling the circuit:  1 min 1.54 sec
Transpiled circuit, num_qubits: 18, (original: 18)
Transpiled circuit depth: 464198 (original: 5)
Transpiled circuit gates: 464350 (original: 23)
============================== Transpiled Circuit saved ==============================
Time elapsed for running the circuit:  2 min 29.87 sec
total_qubits: 18, nq:7

Time elapsed for extracting shots-based hhl counts solution:  0 min 0.00 sec

[HHL info]: linear system residual (e=||Ax-b||_2): 21.68887083009713
[HHL info]: Fidelity(true_sol, hhl_sol): 0.40625072018315006
[HHL info]: L2 error (absolute): 5.205483393083991
[HHL info]: L2 error (relative): 0.9965378162935106
[HHL info]: L2 error (normalized): 0.8516125830951486

========================================================================================
 Compare system solutions using LU of A, LU sol of A_herm, HHL of Ax=b hermition system
LU sol 	    Herm LU sol    HHL sol    L1_diff(%)
-2.231e-04  -2.231e-04  -0.000e+00  1.000e+02
-1.909e-04  -1.909e-04  -0.000e+00  1.000e+02
-5.932e-04  -5.932e-04  -0.000e+00  1.000e+02
-7.934e-04  -7.934e-04  -0.000e+00  1.000e+02
-7.125e-04  -7.125e-04  -0.000e+00  1.000e+02
-2.160e-03  -2.160e-03  -0.000e+00  1.000e+02
-1.794e-03  -1.794e-03  -0.000e+00  1.000e+02
-1.754e-03  -1.754e-03  -0.000e+00  1.000e+02
-5.097e-03  -5.097e-03  -0.000e+00  1.000e+02
-3.994e-03  -3.994e-03  -0.000e+00  1.000e+02
-4.054e-03  -4.054e-03  -0.000e+00  1.000e+02
-1.156e-02  -1.156e-02  -0.000e+00  1.000e+02
-1.022e-02  -1.022e-02  -0.000e+00  1.000e+02
-9.805e-03  -9.805e-03  -0.000e+00  1.000e+02
-2.875e-02  -2.875e-02  -0.000e+00  1.000e+02
-2.697e-02  -2.697e-02  -0.000e+00  1.000e+02
-2.379e-02  -2.379e-02  -0.000e+00  1.000e+02
-7.282e-02  -7.282e-02  -0.000e+00  1.000e+02
-6.454e-02  -6.454e-02  -0.000e+00  1.000e+02
-5.488e-02  -5.488e-02  -0.000e+00  1.000e+02
-1.702e-01  -1.702e-01  -0.000e+00  1.000e+02
-1.210e-01  -1.210e-01  -0.000e+00  1.000e+02
-1.142e-01  -1.142e-01  -0.000e+00  1.000e+02
-3.459e-01  -3.459e-01  -0.000e+00  1.000e+02
-2.297e-01  -2.297e-01  -7.112e-03  9.690e+01
-2.057e-01  -2.057e-01  -0.000e+00  1.000e+02
-5.763e-01  -5.763e-01  -0.000e+00  1.000e+02
-3.345e-01  -3.345e-01  -0.000e+00  1.000e+02
-3.203e-01  -3.203e-01  -0.000e+00  1.000e+02
-8.872e-01  -8.872e-01  -0.000e+00  1.000e+02
-4.314e-01  -4.314e-01  -0.000e+00  1.000e+02
-4.238e-01  -4.238e-01  -0.000e+00  1.000e+02
-1.100e+00  -1.100e+00  -7.112e-03  9.935e+01
-4.869e-01  -4.869e-01  -0.000e+00  1.000e+02
-4.666e-01  -4.666e-01  -0.000e+00  1.000e+02
-1.301e+00  -1.301e+00  -0.000e+00  1.000e+02
-5.211e-01  -5.211e-01  -7.112e-03  9.864e+01
-5.473e-01  -5.473e-01  -0.000e+00  1.000e+02
-1.353e+00  -1.353e+00  -7.112e-03  9.947e+01
-5.437e-01  -5.437e-01  -0.000e+00  1.000e+02
-5.636e-01  -5.636e-01  -0.000e+00  1.000e+02
-1.444e+00  -1.444e+00  -1.232e-02  9.915e+01
-5.468e-01  -5.468e-01  -0.000e+00  1.000e+02
-5.780e-01  -5.780e-01  -7.112e-03  9.877e+01
-1.462e+00  -1.462e+00  -7.112e-03  9.951e+01
-5.480e-01  -5.480e-01  -0.000e+00  1.000e+02
-5.751e-01  -5.751e-01  -0.000e+00  1.000e+02
-1.469e+00  -1.469e+00  -0.000e+00  1.000e+02
-5.570e-01  -5.570e-01  -0.000e+00  1.000e+02
-5.862e-01  -5.862e-01  -0.000e+00  1.000e+02
-1.451e+00  -1.451e+00  -0.000e+00  1.000e+02
-5.598e-01  -5.598e-01  -0.000e+00  1.000e+02
-5.873e-01  -5.873e-01  -0.000e+00  1.000e+02
-1.470e+00  -1.470e+00  -1.422e-02  9.903e+01
-5.670e-01  -5.670e-01  -7.112e-03  9.875e+01
-5.984e-01  -5.984e-01  -0.000e+00  1.000e+02
-1.462e+00  -1.462e+00  -1.006e-02  9.931e+01
-5.755e-01  -5.755e-01  -0.000e+00  1.000e+02
-5.704e-01  -5.704e-01  -0.000e+00  1.000e+02
-1.496e+00  -1.496e+00  -0.000e+00  1.000e+02
========================================================================================

step: 9/15 res:21.78200301098097, res/res0:0.9707727967942938  dq_norm: [0.01231765 0.0071116  0.0246353 ]

A info: before HHL prepare:
Spectral radius (A): 9.794e+01, lambda_min:5.988636095498697
condition number(A): 1.635e+01, norm2_cond:394.0293640297969
det(A): 2.579e+93
--------------------------------------------------------------------------------

A_hhl info: after scaling by spectral radius:
Spectral radius (A): 1.000e+00, lambda_min:0.06114824328609384
condition number(A): 1.635e+01, norm2_cond:394.0293640298052
det(A): 9.011e-27, nnz: 28 non zeros per row
--------------------------------------------------------------------------------

Size of A & B are not power of 2:
Next 2 power of 60 = 64
Value to be padded = 4
--------------------------------------------------

==================== Print (N)^2 padded matrix system =======================
Padded shape of A: (60, 60)x(60, 60) -> (64, 64)x(64, 64)
Padded shape of B: (60,) -> (64,)
Determinant of padded matrix: 9.010966770529527e-27
Condition # of padded matrix: 394.0293640298052


Matrix is not Hermitian. Making it Hermitian.......

==================== Print Hermitian matrix system info =======================
Shape of hermitian A: 64x64 -> 128x128
Shape of           B: 64 -> 128
Determinant of Hermitian matrix: 8.119752213958732e-53
Condition # of Hermitian matrix: 394.0293640297992

=================================== Generating HHL circuit ===================================
Time elapsed for generating HHL circuit: 5 min 0.05 sec

Generated circuit: num_qubits=18, gates=23, depth=5
============================== Generated Circuit saved ==============================

============================== Transpiling circuit ==============================
This is using the AerSimulator('aer_simulator_statevector') transpiler.
Time elapsed for transpiling the circuit:  1 min 0.45 sec
Transpiled circuit, num_qubits: 18, (original: 18)
Transpiled circuit depth: 464196 (original: 5)
Transpiled circuit gates: 464348 (original: 23)
============================== Transpiled Circuit saved ==============================
Time elapsed for running the circuit:  2 min 30.52 sec
total_qubits: 18, nq:7

Time elapsed for extracting shots-based hhl counts solution:  0 min 0.00 sec

[HHL info]: linear system residual (e=||Ax-b||_2): 21.402682329254702
[HHL info]: Fidelity(true_sol, hhl_sol): 0.5441231470913356
[HHL info]: L2 error (absolute): 5.155634566938879
[HHL info]: L2 error (relative): 0.9910792678865705
[HHL info]: L2 error (normalized): 0.7243658823847305

========================================================================================
 Compare system solutions using LU of A, LU sol of A_herm, HHL of Ax=b hermition system
LU sol 	    Herm LU sol    HHL sol    L1_diff(%)
-2.201e-04  -2.201e-04  -0.000e+00  1.000e+02
-1.894e-04  -1.894e-04  -0.000e+00  1.000e+02
-5.869e-04  -5.869e-04  -0.000e+00  1.000e+02
-7.816e-04  -7.816e-04  -0.000e+00  1.000e+02
-7.065e-04  -7.065e-04  -0.000e+00  1.000e+02
-2.135e-03  -2.135e-03  -0.000e+00  1.000e+02
-1.780e-03  -1.780e-03  -0.000e+00  1.000e+02
-1.746e-03  -1.746e-03  -0.000e+00  1.000e+02
-5.066e-03  -5.066e-03  -0.000e+00  1.000e+02
-4.014e-03  -4.014e-03  -0.000e+00  1.000e+02
-4.065e-03  -4.065e-03  -0.000e+00  1.000e+02
-1.160e-02  -1.160e-02  -0.000e+00  1.000e+02
-1.033e-02  -1.033e-02  -0.000e+00  1.000e+02
-9.858e-03  -9.858e-03  -0.000e+00  1.000e+02
-2.897e-02  -2.897e-02  -0.000e+00  1.000e+02
-2.710e-02  -2.710e-02  -0.000e+00  1.000e+02
-2.385e-02  -2.385e-02  -0.000e+00  1.000e+02
-7.312e-02  -7.312e-02  -0.000e+00  1.000e+02
-6.436e-02  -6.436e-02  -0.000e+00  1.000e+02
-5.473e-02  -5.473e-02  -0.000e+00  1.000e+02
-1.699e-01  -1.699e-01  -1.631e-02  9.040e+01
-1.202e-01  -1.202e-01  -0.000e+00  1.000e+02
-1.140e-01  -1.140e-01  -0.000e+00  1.000e+02
-3.443e-01  -3.443e-01  -0.000e+00  1.000e+02
-2.219e-01  -2.219e-01  -0.000e+00  1.000e+02
-2.061e-01  -2.061e-01  -0.000e+00  1.000e+02
-5.758e-01  -5.758e-01  -0.000e+00  1.000e+02
-3.346e-01  -3.346e-01  -0.000e+00  1.000e+02
-3.204e-01  -3.204e-01  -0.000e+00  1.000e+02
-8.871e-01  -8.871e-01  -0.000e+00  1.000e+02
-4.305e-01  -4.305e-01  -0.000e+00  1.000e+02
-4.231e-01  -4.231e-01  -0.000e+00  1.000e+02
-1.090e+00  -1.090e+00  -0.000e+00  1.000e+02
-4.848e-01  -4.848e-01  -0.000e+00  1.000e+02
-4.663e-01  -4.663e-01  -0.000e+00  1.000e+02
-1.296e+00  -1.296e+00  -2.306e-02  9.822e+01
-5.126e-01  -5.126e-01  -0.000e+00  1.000e+02
-5.483e-01  -5.483e-01  -0.000e+00  1.000e+02
-1.343e+00  -1.343e+00  -1.631e-02  9.879e+01
-5.451e-01  -5.451e-01  -0.000e+00  1.000e+02
-5.640e-01  -5.640e-01  -0.000e+00  1.000e+02
-1.433e+00  -1.433e+00  -1.631e-02  9.886e+01
-5.485e-01  -5.485e-01  -0.000e+00  1.000e+02
-5.704e-01  -5.704e-01  -0.000e+00  1.000e+02
-1.458e+00  -1.458e+00  -2.824e-02  9.806e+01
-5.486e-01  -5.486e-01  -0.000e+00  1.000e+02
-5.752e-01  -5.752e-01  -1.631e-02  9.717e+01
-1.471e+00  -1.471e+00  -2.306e-02  9.843e+01
-5.561e-01  -5.561e-01  -1.631e-02  9.707e+01
-5.855e-01  -5.855e-01  -0.000e+00  1.000e+02
-1.448e+00  -1.448e+00  -1.631e-02  9.887e+01
-5.578e-01  -5.578e-01  -0.000e+00  1.000e+02
-5.873e-01  -5.873e-01  -0.000e+00  1.000e+02
-1.449e+00  -1.449e+00  -1.631e-02  9.887e+01
-5.587e-01  -5.587e-01  -0.000e+00  1.000e+02
-5.994e-01  -5.994e-01  -0.000e+00  1.000e+02
-1.449e+00  -1.449e+00  -1.631e-02  9.887e+01
-5.767e-01  -5.767e-01  -0.000e+00  1.000e+02
-5.706e-01  -5.706e-01  -0.000e+00  1.000e+02
-1.498e+00  -1.498e+00  -0.000e+00  1.000e+02
========================================================================================

step: 10/15 res:21.68912889820587, res/res0:0.9666336153717672  dq_norm: [0.01630523 0.01630523 0.05878934]

A info: before HHL prepare:
Spectral radius (A): 9.785e+01, lambda_min:6.025576273281628
condition number(A): 1.624e+01, norm2_cond:390.85883192165596
det(A): 2.617e+93
--------------------------------------------------------------------------------

A_hhl info: after scaling by spectral radius:
Spectral radius (A): 1.000e+00, lambda_min:0.061578160252647764
condition number(A): 1.624e+01, norm2_cond:390.85883192165244
det(A): 9.627e-27, nnz: 14 non zeros per row
--------------------------------------------------------------------------------

Size of A & B are not power of 2:
Next 2 power of 60 = 64
Value to be padded = 4
--------------------------------------------------

==================== Print (N)^2 padded matrix system =======================
Padded shape of A: (60, 60)x(60, 60) -> (64, 64)x(64, 64)
Padded shape of B: (60,) -> (64,)
Determinant of padded matrix: 9.626932449351308e-27
Condition # of padded matrix: 390.85883192165244


Matrix is not Hermitian. Making it Hermitian.......

==================== Print Hermitian matrix system info =======================
Shape of hermitian A: 64x64 -> 128x128
Shape of           B: 64 -> 128
Determinant of Hermitian matrix: 9.267782838437449e-53
Condition # of Hermitian matrix: 390.8588319216586

=================================== Generating HHL circuit ===================================
Time elapsed for generating HHL circuit: 5 min 4.77 sec

Generated circuit: num_qubits=18, gates=23, depth=5
============================== Generated Circuit saved ==============================

============================== Transpiling circuit ==============================
This is using the AerSimulator('aer_simulator_statevector') transpiler.
Time elapsed for transpiling the circuit:  1 min 3.35 sec
Transpiled circuit, num_qubits: 18, (original: 18)
Transpiled circuit depth: 464203 (original: 5)
Transpiled circuit gates: 464355 (original: 23)
============================== Transpiled Circuit saved ==============================
Time elapsed for running the circuit:  2 min 29.87 sec
total_qubits: 18, nq:7

Time elapsed for extracting shots-based hhl counts solution:  0 min 0.00 sec

[HHL info]: linear system residual (e=||Ax-b||_2): 21.011459478071572
[HHL info]: Fidelity(true_sol, hhl_sol): 0.6377541436119999
[HHL info]: L2 error (absolute): 5.056948015584635
[HHL info]: L2 error (relative): 0.9827464564799998
[HHL info]: L2 error (normalized): 0.6346729769285196

========================================================================================
 Compare system solutions using LU of A, LU sol of A_herm, HHL of Ax=b hermition system
LU sol 	    Herm LU sol    HHL sol    L1_diff(%)
-2.207e-04  -2.207e-04  -0.000e+00  1.000e+02
-1.897e-04  -1.897e-04  -0.000e+00  1.000e+02
-5.882e-04  -5.882e-04  -0.000e+00  1.000e+02
-7.897e-04  -7.897e-04  -0.000e+00  1.000e+02
-7.108e-04  -7.108e-04  -0.000e+00  1.000e+02
-2.152e-03  -2.152e-03  -0.000e+00  1.000e+02
-1.803e-03  -1.803e-03  -0.000e+00  1.000e+02
-1.759e-03  -1.759e-03  -0.000e+00  1.000e+02
-5.114e-03  -5.114e-03  -0.000e+00  1.000e+02
-4.032e-03  -4.032e-03  -0.000e+00  1.000e+02
-4.071e-03  -4.071e-03  -0.000e+00  1.000e+02
-1.164e-02  -1.164e-02  -0.000e+00  1.000e+02
-1.027e-02  -1.027e-02  -0.000e+00  1.000e+02
-9.813e-03  -9.813e-03  -0.000e+00  1.000e+02
-2.887e-02  -2.887e-02  -0.000e+00  1.000e+02
-2.699e-02  -2.699e-02  -0.000e+00  1.000e+02
-2.385e-02  -2.385e-02  -0.000e+00  1.000e+02
-7.282e-02  -7.282e-02  -0.000e+00  1.000e+02
-6.432e-02  -6.432e-02  -0.000e+00  1.000e+02
-5.476e-02  -5.476e-02  -0.000e+00  1.000e+02
-1.530e-01  -1.530e-01  -0.000e+00  1.000e+02
-1.204e-01  -1.204e-01  -0.000e+00  1.000e+02
-1.141e-01  -1.141e-01  -0.000e+00  1.000e+02
-3.446e-01  -3.446e-01  -0.000e+00  1.000e+02
-2.221e-01  -2.221e-01  -0.000e+00  1.000e+02
-2.062e-01  -2.062e-01  -0.000e+00  1.000e+02
-5.763e-01  -5.763e-01  -0.000e+00  1.000e+02
-3.344e-01  -3.344e-01  -0.000e+00  1.000e+02
-3.202e-01  -3.202e-01  -2.150e-02  9.328e+01
-8.871e-01  -8.871e-01  -2.150e-02  9.758e+01
-4.298e-01  -4.298e-01  -0.000e+00  1.000e+02
-4.231e-01  -4.231e-01  -0.000e+00  1.000e+02
-1.088e+00  -1.088e+00  -3.724e-02  9.658e+01
-4.836e-01  -4.836e-01  -0.000e+00  1.000e+02
-4.662e-01  -4.662e-01  -0.000e+00  1.000e+02
-1.267e+00  -1.267e+00  -2.150e-02  9.830e+01
-5.115e-01  -5.115e-01  -0.000e+00  1.000e+02
-5.481e-01  -5.481e-01  -0.000e+00  1.000e+02
-1.322e+00  -1.322e+00  -2.150e-02  9.837e+01
-5.458e-01  -5.458e-01  -0.000e+00  1.000e+02
-5.655e-01  -5.655e-01  -0.000e+00  1.000e+02
-1.414e+00  -1.414e+00  -3.041e-02  9.785e+01
-5.498e-01  -5.498e-01  -2.150e-02  9.609e+01
-5.699e-01  -5.699e-01  -0.000e+00  1.000e+02
-1.429e+00  -1.429e+00  -4.808e-02  9.663e+01
-5.470e-01  -5.470e-01  -2.150e-02  9.607e+01
-5.572e-01  -5.572e-01  -0.000e+00  1.000e+02
-1.443e+00  -1.443e+00  -4.301e-02  9.702e+01
-5.359e-01  -5.359e-01  -0.000e+00  1.000e+02
-5.868e-01  -5.868e-01  -0.000e+00  1.000e+02
-1.425e+00  -1.425e+00  -3.724e-02  9.739e+01
-5.566e-01  -5.566e-01  -0.000e+00  1.000e+02
-5.873e-01  -5.873e-01  -0.000e+00  1.000e+02
-1.427e+00  -1.427e+00  -0.000e+00  1.000e+02
-5.586e-01  -5.586e-01  -0.000e+00  1.000e+02
-5.996e-01  -5.996e-01  -0.000e+00  1.000e+02
-1.430e+00  -1.430e+00  -2.150e-02  9.850e+01
-5.774e-01  -5.774e-01  -0.000e+00  1.000e+02
-5.707e-01  -5.707e-01  -0.000e+00  1.000e+02
-1.500e+00  -1.500e+00  -3.724e-02  9.752e+01
========================================================================================

step: 11/15 res:21.402451467319423, res/res0:0.9538570745174142  dq_norm: [0.03040981 0.02150298 0.10534266]

A info: before HHL prepare:
Spectral radius (A): 9.772e+01, lambda_min:6.088272985189042
condition number(A): 1.605e+01, norm2_cond:383.42382840747507
det(A): 2.921e+93
--------------------------------------------------------------------------------

A_hhl info: after scaling by spectral radius:
Spectral radius (A): 1.000e+00, lambda_min:0.0623020880699361
condition number(A): 1.605e+01, norm2_cond:383.4238284074784
det(A): 1.164e-26, nnz: 28 non zeros per row
--------------------------------------------------------------------------------

Size of A & B are not power of 2:
Next 2 power of 60 = 64
Value to be padded = 4
--------------------------------------------------

==================== Print (N)^2 padded matrix system =======================
Padded shape of A: (60, 60)x(60, 60) -> (64, 64)x(64, 64)
Padded shape of B: (60,) -> (64,)
Determinant of padded matrix: 1.1641706325113511e-26
Condition # of padded matrix: 383.4238284074784


Matrix is not Hermitian. Making it Hermitian.......

==================== Print Hermitian matrix system info =======================
Shape of hermitian A: 64x64 -> 128x128
Shape of           B: 64 -> 128
Determinant of Hermitian matrix: 1.3552932616018407e-52
Condition # of Hermitian matrix: 383.4238284074788

=================================== Generating HHL circuit ===================================
Time elapsed for generating HHL circuit: 5 min 15.41 sec

Generated circuit: num_qubits=18, gates=23, depth=5
============================== Generated Circuit saved ==============================

============================== Transpiling circuit ==============================
This is using the AerSimulator('aer_simulator_statevector') transpiler.
Time elapsed for transpiling the circuit:  0 min 46.50 sec
Transpiled circuit, num_qubits: 18, (original: 18)
Transpiled circuit depth: 464199 (original: 5)
Transpiled circuit gates: 464351 (original: 23)
============================== Transpiled Circuit saved ==============================
Time elapsed for running the circuit:  2 min 30.64 sec
total_qubits: 18, nq:7

Time elapsed for extracting shots-based hhl counts solution:  0 min 0.00 sec

[HHL info]: linear system residual (e=||Ax-b||_2): 20.973183234482402
[HHL info]: Fidelity(true_sol, hhl_sol): 0.486323059342805
[HHL info]: L2 error (absolute): 5.009154084783263
[HHL info]: L2 error (relative): 0.9975834007431045
[HHL info]: L2 error (normalized): 0.7779862875805706

========================================================================================
 Compare system solutions using LU of A, LU sol of A_herm, HHL of Ax=b hermition system
LU sol 	    Herm LU sol    HHL sol    L1_diff(%)
-2.225e-04  -2.225e-04  -0.000e+00  1.000e+02
-1.905e-04  -1.905e-04  -0.000e+00  1.000e+02
-5.918e-04  -5.918e-04  -0.000e+00  1.000e+02
-8.084e-04  -8.084e-04  -0.000e+00  1.000e+02
-7.201e-04  -7.201e-04  -0.000e+00  1.000e+02
-2.192e-03  -2.192e-03  -0.000e+00  1.000e+02
-1.853e-03  -1.853e-03  -0.000e+00  1.000e+02
-1.785e-03  -1.785e-03  -0.000e+00  1.000e+02
-5.220e-03  -5.220e-03  -0.000e+00  1.000e+02
-4.078e-03  -4.078e-03  -0.000e+00  1.000e+02
-4.095e-03  -4.095e-03  -0.000e+00  1.000e+02
-1.174e-02  -1.174e-02  -0.000e+00  1.000e+02
-1.017e-02  -1.017e-02  -0.000e+00  1.000e+02
-9.759e-03  -9.759e-03  -0.000e+00  1.000e+02
-2.866e-02  -2.866e-02  -0.000e+00  1.000e+02
-2.659e-02  -2.659e-02  -0.000e+00  1.000e+02
-2.363e-02  -2.363e-02  -0.000e+00  1.000e+02
-7.200e-02  -7.200e-02  -0.000e+00  1.000e+02
-6.399e-02  -6.399e-02  -0.000e+00  1.000e+02
-5.465e-02  -5.465e-02  -0.000e+00  1.000e+02
-1.522e-01  -1.522e-01  -0.000e+00  1.000e+02
-1.214e-01  -1.214e-01  -0.000e+00  1.000e+02
-1.148e-01  -1.148e-01  -0.000e+00  1.000e+02
-3.466e-01  -3.466e-01  -0.000e+00  1.000e+02
-2.247e-01  -2.247e-01  -0.000e+00  1.000e+02
-2.066e-01  -2.066e-01  -0.000e+00  1.000e+02
-5.830e-01  -5.830e-01  -0.000e+00  1.000e+02
-3.358e-01  -3.358e-01  -0.000e+00  1.000e+02
-2.971e-01  -2.971e-01  -0.000e+00  1.000e+02
-8.673e-01  -8.673e-01  -4.356e-03  9.950e+01
-4.298e-01  -4.298e-01  -0.000e+00  1.000e+02
-4.241e-01  -4.241e-01  -0.000e+00  1.000e+02
-1.045e+00  -1.045e+00  -0.000e+00  1.000e+02
-4.842e-01  -4.842e-01  -0.000e+00  1.000e+02
-4.672e-01  -4.672e-01  -4.356e-03  9.907e+01
-1.243e+00  -1.243e+00  -4.356e-03  9.965e+01
-5.091e-01  -5.091e-01  -4.356e-03  9.914e+01
-5.468e-01  -5.468e-01  -0.000e+00  1.000e+02
-1.292e+00  -1.292e+00  -4.356e-03  9.966e+01
-5.370e-01  -5.370e-01  -0.000e+00  1.000e+02
-5.632e-01  -5.632e-01  -0.000e+00  1.000e+02
-1.360e+00  -1.360e+00  -6.160e-03  9.955e+01
-5.161e-01  -5.161e-01  -0.000e+00  1.000e+02
-5.711e-01  -5.711e-01  -0.000e+00  1.000e+02
-1.352e+00  -1.352e+00  -0.000e+00  1.000e+02
-5.180e-01  -5.180e-01  -4.356e-03  9.916e+01
-5.590e-01  -5.590e-01  -0.000e+00  1.000e+02
-1.381e+00  -1.381e+00  -0.000e+00  1.000e+02
-5.341e-01  -5.341e-01  -0.000e+00  1.000e+02
-5.867e-01  -5.867e-01  -0.000e+00  1.000e+02
-1.379e+00  -1.379e+00  -0.000e+00  1.000e+02
-5.554e-01  -5.554e-01  -0.000e+00  1.000e+02
-5.867e-01  -5.867e-01  -4.356e-03  9.926e+01
-1.425e+00  -1.425e+00  -6.160e-03  9.957e+01
-5.564e-01  -5.564e-01  -4.356e-03  9.922e+01
-5.992e-01  -5.992e-01  -0.000e+00  1.000e+02
-1.400e+00  -1.400e+00  -6.160e-03  9.956e+01
-5.743e-01  -5.743e-01  -0.000e+00  1.000e+02
-5.706e-01  -5.706e-01  -0.000e+00  1.000e+02
-1.449e+00  -1.449e+00  -6.160e-03  9.957e+01
========================================================================================

step: 12/15 res:21.011307896365548, res/res0:0.9364247227666787  dq_norm: [0.00754423 0.00615983 0.01444609]

A info: before HHL prepare:
Spectral radius (A): 9.772e+01, lambda_min:6.095203425832906
condition number(A): 1.603e+01, norm2_cond:382.79716059803354
det(A): 2.988e+93
--------------------------------------------------------------------------------

A_hhl info: after scaling by spectral radius:
Spectral radius (A): 1.000e+00, lambda_min:0.06237271389792133
condition number(A): 1.603e+01, norm2_cond:382.7971605980285
det(A): 1.190e-26, nnz: 14 non zeros per row
--------------------------------------------------------------------------------

Size of A & B are not power of 2:
Next 2 power of 60 = 64
Value to be padded = 4
--------------------------------------------------

==================== Print (N)^2 padded matrix system =======================
Padded shape of A: (60, 60)x(60, 60) -> (64, 64)x(64, 64)
Padded shape of B: (60,) -> (64,)
Determinant of padded matrix: 1.1904223739743881e-26
Condition # of padded matrix: 382.7971605980285


Matrix is not Hermitian. Making it Hermitian.......

==================== Print Hermitian matrix system info =======================
Shape of hermitian A: 64x64 -> 128x128
Shape of           B: 64 -> 128
Determinant of Hermitian matrix: 1.4171054284589187e-52
Condition # of Hermitian matrix: 382.7971605980284

=================================== Generating HHL circuit ===================================
Time elapsed for generating HHL circuit: 5 min 22.89 sec

Generated circuit: num_qubits=18, gates=23, depth=5
============================== Generated Circuit saved ==============================

============================== Transpiling circuit ==============================
This is using the AerSimulator('aer_simulator_statevector') transpiler.
Time elapsed for transpiling the circuit:  0 min 47.82 sec
Transpiled circuit, num_qubits: 18, (original: 18)
Transpiled circuit depth: 464203 (original: 5)
Transpiled circuit gates: 464355 (original: 23)
============================== Transpiled Circuit saved ==============================
Time elapsed for running the circuit:  2 min 30.85 sec
total_qubits: 18, nq:7

Time elapsed for extracting shots-based hhl counts solution:  0 min 0.00 sec

[HHL info]: linear system residual (e=||Ax-b||_2): 20.972447630767416
[HHL info]: Fidelity(true_sol, hhl_sol): 0.5564932167145564
[HHL info]: L2 error (absolute): 5.002886880157195
[HHL info]: L2 error (relative): 0.9993957953593686
[HHL info]: L2 error (normalized): 0.7127626118909205

========================================================================================
 Compare system solutions using LU of A, LU sol of A_herm, HHL of Ax=b hermition system
LU sol 	    Herm LU sol    HHL sol    L1_diff(%)
-2.221e-04  -2.221e-04  -0.000e+00  1.000e+02
-1.904e-04  -1.904e-04  -0.000e+00  1.000e+02
-5.912e-04  -5.912e-04  -0.000e+00  1.000e+02
-8.069e-04  -8.069e-04  -0.000e+00  1.000e+02
-7.193e-04  -7.193e-04  -0.000e+00  1.000e+02
-2.189e-03  -2.189e-03  -0.000e+00  1.000e+02
-1.851e-03  -1.851e-03  -0.000e+00  1.000e+02
-1.783e-03  -1.783e-03  -0.000e+00  1.000e+02
-5.215e-03  -5.215e-03  -0.000e+00  1.000e+02
-4.079e-03  -4.079e-03  -0.000e+00  1.000e+02
-4.095e-03  -4.095e-03  -0.000e+00  1.000e+02
-1.174e-02  -1.174e-02  -0.000e+00  1.000e+02
-1.018e-02  -1.018e-02  -0.000e+00  1.000e+02
-9.765e-03  -9.765e-03  -0.000e+00  1.000e+02
-2.868e-02  -2.868e-02  -0.000e+00  1.000e+02
-2.661e-02  -2.661e-02  -0.000e+00  1.000e+02
-2.365e-02  -2.365e-02  -0.000e+00  1.000e+02
-7.204e-02  -7.204e-02  -0.000e+00  1.000e+02
-6.397e-02  -6.397e-02  -0.000e+00  1.000e+02
-5.463e-02  -5.463e-02  -0.000e+00  1.000e+02
-1.522e-01  -1.522e-01  -0.000e+00  1.000e+02
-1.213e-01  -1.213e-01  -0.000e+00  1.000e+02
-1.147e-01  -1.147e-01  -0.000e+00  1.000e+02
-3.464e-01  -3.464e-01  -0.000e+00  1.000e+02
-2.246e-01  -2.246e-01  -0.000e+00  1.000e+02
-2.067e-01  -2.067e-01  -0.000e+00  1.000e+02
-5.827e-01  -5.827e-01  -0.000e+00  1.000e+02
-3.361e-01  -3.361e-01  -0.000e+00  1.000e+02
-2.974e-01  -2.974e-01  -0.000e+00  1.000e+02
-8.631e-01  -8.631e-01  -9.559e-04  9.989e+01
-4.303e-01  -4.303e-01  -9.559e-04  9.978e+01
-4.239e-01  -4.239e-01  -0.000e+00  1.000e+02
-1.046e+00  -1.046e+00  -1.656e-03  9.984e+01
-4.839e-01  -4.839e-01  -0.000e+00  1.000e+02
-4.625e-01  -4.625e-01  -0.000e+00  1.000e+02
-1.238e+00  -1.238e+00  -0.000e+00  1.000e+02
-5.039e-01  -5.039e-01  -0.000e+00  1.000e+02
-5.473e-01  -5.473e-01  -9.559e-04  9.983e+01
-1.286e+00  -1.286e+00  -9.559e-04  9.993e+01
-5.364e-01  -5.364e-01  -0.000e+00  1.000e+02
-5.629e-01  -5.629e-01  -0.000e+00  1.000e+02
-1.352e+00  -1.352e+00  -0.000e+00  1.000e+02
-5.152e-01  -5.152e-01  -0.000e+00  1.000e+02
-5.711e-01  -5.711e-01  -0.000e+00  1.000e+02
-1.350e+00  -1.350e+00  -9.559e-04  9.993e+01
-5.131e-01  -5.131e-01  -0.000e+00  1.000e+02
-5.596e-01  -5.596e-01  -0.000e+00  1.000e+02
-1.380e+00  -1.380e+00  -9.559e-04  9.993e+01
-5.344e-01  -5.344e-01  -0.000e+00  1.000e+02
-5.864e-01  -5.864e-01  -0.000e+00  1.000e+02
-1.379e+00  -1.379e+00  -9.559e-04  9.993e+01
-5.548e-01  -5.548e-01  -9.559e-04  9.983e+01
-5.819e-01  -5.819e-01  -0.000e+00  1.000e+02
-1.417e+00  -1.417e+00  -1.352e-03  9.990e+01
-5.510e-01  -5.510e-01  -0.000e+00  1.000e+02
-5.997e-01  -5.997e-01  -0.000e+00  1.000e+02
-1.392e+00  -1.392e+00  -9.559e-04  9.993e+01
-5.742e-01  -5.742e-01  -0.000e+00  1.000e+02
-5.707e-01  -5.707e-01  -1.352e-03  9.976e+01
-1.441e+00  -1.441e+00  -1.352e-03  9.991e+01
========================================================================================

step: 13/15 res:20.973583836602675, res/res0:0.9347434498835568  dq_norm: [0.00135183 0.00165564 0.00344649]

A info: before HHL prepare:
Spectral radius (A): 9.772e+01, lambda_min:6.0967810233391395
condition number(A): 1.603e+01, norm2_cond:382.80947533869266
det(A): 2.979e+93
--------------------------------------------------------------------------------

A_hhl info: after scaling by spectral radius:
Spectral radius (A): 1.000e+00, lambda_min:0.06238877898272248
condition number(A): 1.603e+01, norm2_cond:382.8094753387002
det(A): 1.187e-26, nnz: 22 non zeros per row
--------------------------------------------------------------------------------

Size of A & B are not power of 2:
Next 2 power of 60 = 64
Value to be padded = 4
--------------------------------------------------

==================== Print (N)^2 padded matrix system =======================
Padded shape of A: (60, 60)x(60, 60) -> (64, 64)x(64, 64)
Padded shape of B: (60,) -> (64,)
Determinant of padded matrix: 1.1869407160574018e-26
Condition # of padded matrix: 382.8094753387002


Matrix is not Hermitian. Making it Hermitian.......

==================== Print Hermitian matrix system info =======================
Shape of hermitian A: 64x64 -> 128x128
Shape of           B: 64 -> 128
Determinant of Hermitian matrix: 1.4088282634348977e-52
Condition # of Hermitian matrix: 382.8094753387035

=================================== Generating HHL circuit ===================================
Time elapsed for generating HHL circuit: 5 min 22.02 sec

Generated circuit: num_qubits=18, gates=23, depth=5
============================== Generated Circuit saved ==============================

============================== Transpiling circuit ==============================
This is using the AerSimulator('aer_simulator_statevector') transpiler.
Time elapsed for transpiling the circuit:  0 min 47.55 sec
Transpiled circuit, num_qubits: 18, (original: 18)
Transpiled circuit depth: 464203 (original: 5)
Transpiled circuit gates: 464355 (original: 23)
============================== Transpiled Circuit saved ==============================
Time elapsed for running the circuit:  2 min 22.95 sec
total_qubits: 18, nq:7

Time elapsed for extracting shots-based hhl counts solution:  0 min 0.00 sec

[HHL info]: linear system residual (e=||Ax-b||_2): 20.7585189592155
[HHL info]: Fidelity(true_sol, hhl_sol): 0.48025005727719416
[HHL info]: L2 error (absolute): 4.967391153503619
[HHL info]: L2 error (relative): 0.9928837082400412
[HHL info]: L2 error (normalized): 0.7835805474540003

========================================================================================
 Compare system solutions using LU of A, LU sol of A_herm, HHL of Ax=b hermition system
LU sol 	    Herm LU sol    HHL sol    L1_diff(%)
-2.223e-04  -2.223e-04  -0.000e+00  1.000e+02
-1.904e-04  -1.904e-04  -0.000e+00  1.000e+02
-5.914e-04  -5.914e-04  -0.000e+00  1.000e+02
-8.067e-04  -8.067e-04  -0.000e+00  1.000e+02
-7.193e-04  -7.193e-04  -0.000e+00  1.000e+02
-2.188e-03  -2.188e-03  -0.000e+00  1.000e+02
-1.849e-03  -1.849e-03  -0.000e+00  1.000e+02
-1.782e-03  -1.782e-03  -0.000e+00  1.000e+02
-5.211e-03  -5.211e-03  -0.000e+00  1.000e+02
-4.074e-03  -4.074e-03  -0.000e+00  1.000e+02
-4.093e-03  -4.093e-03  -0.000e+00  1.000e+02
-1.173e-02  -1.173e-02  -0.000e+00  1.000e+02
-1.018e-02  -1.018e-02  -0.000e+00  1.000e+02
-9.763e-03  -9.763e-03  -0.000e+00  1.000e+02
-2.867e-02  -2.867e-02  -0.000e+00  1.000e+02
-2.662e-02  -2.662e-02  -0.000e+00  1.000e+02
-2.366e-02  -2.366e-02  -0.000e+00  1.000e+02
-7.207e-02  -7.207e-02  -0.000e+00  1.000e+02
-6.401e-02  -6.401e-02  -0.000e+00  1.000e+02
-5.465e-02  -5.465e-02  -0.000e+00  1.000e+02
-1.523e-01  -1.523e-01  -0.000e+00  1.000e+02
-1.213e-01  -1.213e-01  -0.000e+00  1.000e+02
-1.147e-01  -1.147e-01  -0.000e+00  1.000e+02
-3.465e-01  -3.465e-01  -0.000e+00  1.000e+02
-2.245e-01  -2.245e-01  -0.000e+00  1.000e+02
-2.066e-01  -2.066e-01  -0.000e+00  1.000e+02
-5.824e-01  -5.824e-01  -0.000e+00  1.000e+02
-3.359e-01  -3.359e-01  -0.000e+00  1.000e+02
-2.974e-01  -2.974e-01  -0.000e+00  1.000e+02
-8.615e-01  -8.615e-01  -0.000e+00  1.000e+02
-4.292e-01  -4.292e-01  -0.000e+00  1.000e+02
-4.240e-01  -4.240e-01  -0.000e+00  1.000e+02
-1.044e+00  -1.044e+00  -0.000e+00  1.000e+02
-4.841e-01  -4.841e-01  -0.000e+00  1.000e+02
-4.625e-01  -4.625e-01  -0.000e+00  1.000e+02
-1.239e+00  -1.239e+00  -2.106e-02  9.830e+01
-5.040e-01  -5.040e-01  -0.000e+00  1.000e+02
-5.462e-01  -5.462e-01  -1.216e-02  9.777e+01
-1.285e+00  -1.285e+00  -1.216e-02  9.905e+01
-5.365e-01  -5.365e-01  -0.000e+00  1.000e+02
-5.629e-01  -5.629e-01  -0.000e+00  1.000e+02
-1.352e+00  -1.352e+00  -0.000e+00  1.000e+02
-5.153e-01  -5.153e-01  -0.000e+00  1.000e+02
-5.711e-01  -5.711e-01  -1.216e-02  9.787e+01
-1.349e+00  -1.349e+00  -0.000e+00  1.000e+02
-5.130e-01  -5.130e-01  -1.719e-02  9.665e+01
-5.595e-01  -5.595e-01  -0.000e+00  1.000e+02
-1.379e+00  -1.379e+00  -1.216e-02  9.912e+01
-5.340e-01  -5.340e-01  -0.000e+00  1.000e+02
-5.863e-01  -5.863e-01  -0.000e+00  1.000e+02
-1.377e+00  -1.377e+00  -2.431e-02  9.823e+01
-5.535e-01  -5.535e-01  -0.000e+00  1.000e+02
-5.819e-01  -5.819e-01  -0.000e+00  1.000e+02
-1.415e+00  -1.415e+00  -1.216e-02  9.914e+01
-5.513e-01  -5.513e-01  -0.000e+00  1.000e+02
-5.998e-01  -5.998e-01  -0.000e+00  1.000e+02
-1.391e+00  -1.391e+00  -1.216e-02  9.913e+01
-5.750e-01  -5.750e-01  -0.000e+00  1.000e+02
-5.694e-01  -5.694e-01  -0.000e+00  1.000e+02
-1.441e+00  -1.441e+00  -2.106e-02  9.854e+01
========================================================================================

step: 14/15 res:20.972443575079367, res/res0:0.9346926311013035  dq_norm: [0.01719187 0.01719187 0.0454854 ]
Completed: 14 steps in 7903.29s
Saved metadata to /lustre/orion/stf006/scratch/4klornl/fvm_euler_1d_solver/output_parallel_shots/nelem20/statevector/shots_1000/trial_5/metadata_nelem20_HHL_statevector_nshots1000.pkl

Solution summary:
  x/L: [0.0250, 0.9750]
  Mach: [1.5000, 1.5138]
  p/p_in: [1.0000, 0.9489]
  rho/rho_in: [1.0000, 0.9978]
Saved combined plot to /lustre/orion/stf006/scratch/4klornl/fvm_euler_1d_solver/output_parallel_shots/nelem20/statevector/shots_1000/trial_5/solution_plot_nelem20_HHL_statevector_nshots1000.png
