Job ID: 4371377
Nodes:  20
Cases:  20
Start:  Fri Apr 10 07:38:46 PM EDT 2026

Broadcasting autofs_nccs-svm1_proj_ard189_agallojr_proj_src_q8020_fvm_euler_1d_solver_.venv.tar.gz...
Broadcasting autofs_nccs-svm1_proj_ard189_agallojr_proj_src_q8020_.venv.tar.gz...
Environments ready
Launching 20 cases...
  [93mRunning postproc:[0m [2msource /mnt/bb/agallojr/venv_1/bin/activate && python3 ./q8020-cfd-experiments/codes/fvm_euler_1d_nozzle/fvm_euler_1d_solver_harvester.py[0m
    [91m[1m✗ Postproc error (code 2)[0m
  [93mRunning postproc:[0m [2msource /mnt/bb/agallojr/venv_1/bin/activate && python3 ./q8020-cfd-experiments/codes/fvm_euler_1d_nozzle/fvm_euler_1d_solver_harvester.py[0m
    [91m[1m✗ Postproc error (code 2)[0m
  [93mRunning postproc:[0m [2msource /mnt/bb/agallojr/venv_1/bin/activate && python3 ./q8020-cfd-experiments/codes/fvm_euler_1d_nozzle/fvm_euler_1d_solver_harvester.py[0m
    [91m[1m✗ Postproc error (code 2)[0m
  [93mRunning postproc:[0m [2msource /mnt/bb/agallojr/venv_1/bin/activate && python3 ./q8020-cfd-experiments/codes/fvm_euler_1d_nozzle/fvm_euler_1d_solver_harvester.py[0m
    [91m[1m✗ Postproc error (code 2)[0m
  [93mRunning postproc:[0m [2msource /mnt/bb/agallojr/venv_1/bin/activate && python3 ./q8020-cfd-experiments/codes/fvm_euler_1d_nozzle/fvm_euler_1d_solver_harvester.py[0m
    [91m[1m✗ Postproc error (code 2)[0m
  [93mRunning postproc:[0m [2msource /mnt/bb/agallojr/venv_1/bin/activate && python3 ./q8020-cfd-experiments/codes/fvm_euler_1d_nozzle/fvm_euler_1d_solver_harvester.py[0m
    [91m[1m✗ Postproc error (code 2)[0m
  [93mRunning postproc:[0m [2msource /mnt/bb/agallojr/venv_1/bin/activate && python3 ./q8020-cfd-experiments/codes/fvm_euler_1d_nozzle/fvm_euler_1d_solver_harvester.py[0m
    [91m[1m✗ Postproc error (code 2)[0m
  [93mRunning postproc:[0m [2msource /mnt/bb/agallojr/venv_1/bin/activate && python3 ./q8020-cfd-experiments/codes/fvm_euler_1d_nozzle/fvm_euler_1d_solver_harvester.py[0m
    [91m[1m✗ Postproc error (code 2)[0m
  [93mRunning postproc:[0m [2msource /mnt/bb/agallojr/venv_1/bin/activate && python3 ./q8020-cfd-experiments/codes/fvm_euler_1d_nozzle/fvm_euler_1d_solver_harvester.py[0m
    [91m[1m✗ Postproc error (code 2)[0m
  [93mRunning postproc:[0m [2msource /mnt/bb/agallojr/venv_1/bin/activate && python3 ./q8020-cfd-experiments/codes/fvm_euler_1d_nozzle/fvm_euler_1d_solver_harvester.py[0m
    [91m[1m✗ Postproc error (code 2)[0m
  [93mRunning postproc:[0m [2msource /mnt/bb/agallojr/venv_1/bin/activate && python3 ./q8020-cfd-experiments/codes/fvm_euler_1d_nozzle/fvm_euler_1d_solver_harvester.py[0m
    [91m[1m✗ Postproc error (code 2)[0m
  [93mRunning postproc:[0m [2msource /mnt/bb/agallojr/venv_1/bin/activate && python3 ./q8020-cfd-experiments/codes/fvm_euler_1d_nozzle/fvm_euler_1d_solver_harvester.py[0m
    [91m[1m✗ Postproc error (code 2)[0m
  [93mRunning postproc:[0m [2msource /mnt/bb/agallojr/venv_1/bin/activate && python3 ./q8020-cfd-experiments/codes/fvm_euler_1d_nozzle/fvm_euler_1d_solver_harvester.py[0m
    [91m[1m✗ Postproc error (code 2)[0m
  [93mRunning postproc:[0m [2msource /mnt/bb/agallojr/venv_1/bin/activate && python3 ./q8020-cfd-experiments/codes/fvm_euler_1d_nozzle/fvm_euler_1d_solver_harvester.py[0m
    [91m[1m✗ Postproc error (code 2)[0m
  [93mRunning postproc:[0m [2msource /mnt/bb/agallojr/venv_1/bin/activate && python3 ./q8020-cfd-experiments/codes/fvm_euler_1d_nozzle/fvm_euler_1d_solver_harvester.py[0m
    [91m[1m✗ Postproc error (code 2)[0m
  [93mRunning postproc:[0m [2msource /mnt/bb/agallojr/venv_1/bin/activate && python3 ./q8020-cfd-experiments/codes/fvm_euler_1d_nozzle/fvm_euler_1d_solver_harvester.py[0m
    [91m[1m✗ Postproc error (code 2)[0m
  [93mRunning postproc:[0m [2msource /mnt/bb/agallojr/venv_1/bin/activate && python3 ./q8020-cfd-experiments/codes/fvm_euler_1d_nozzle/fvm_euler_1d_solver_harvester.py[0m
    [91m[1m✗ Postproc error (code 2)[0m
  [93mRunning postproc:[0m [2msource /mnt/bb/agallojr/venv_1/bin/activate && python3 ./q8020-cfd-experiments/codes/fvm_euler_1d_nozzle/fvm_euler_1d_solver_harvester.py[0m
    [91m[1m✗ Postproc error (code 2)[0m
  [93mRunning postproc:[0m [2msource /mnt/bb/agallojr/venv_1/bin/activate && python3 ./q8020-cfd-experiments/codes/fvm_euler_1d_nozzle/fvm_euler_1d_solver_harvester.py[0m
    [91m[1m✗ Postproc error (code 2)[0m
  [93mRunning postproc:[0m [2msource /mnt/bb/agallojr/venv_1/bin/activate && python3 ./q8020-cfd-experiments/codes/fvm_euler_1d_nozzle/fvm_euler_1d_solver_harvester.py[0m
    [91m[1m✗ Postproc error (code 2)[0m

All cases finished.
Wall time: 94m 28s
