
------------------------------------------------------------
Using ideal local simulator with 'statevector' method
Backend: aer_simulator_statevector
Shots: 50000
------------------------------------------------------------

A info: before HHL prepare:
Spectral radius (A): 2.241e+01, lambda_min:2.3074021727489433
condition number(A): 9.710e+00, norm2_cond:95.97789014324577
det(A): 9.333e+14
--------------------------------------------------------------------------------

A_hhl info: after scaling by spectral radius:
Spectral radius (A): 1.000e+00, lambda_min:0.1029832130561069
condition number(A): 9.710e+00, norm2_cond:95.9778901432457
det(A): 5.184e-06, nnz: 10 non zeros per row
--------------------------------------------------------------------------------

Size of A & B are not power of 2:
Next 2 power of 15 = 16
Value to be padded = 1
--------------------------------------------------

==================== Print (N)^2 padded matrix system =======================
Padded shape of A: (15, 15)x(15, 15) -> (16, 16)x(16, 16)
Padded shape of B: (15,) -> (16,)
Determinant of padded matrix: 5.183984510966138e-06
Condition # of padded matrix: 95.9778901432457


Matrix is not Hermitian. Making it Hermitian.......

==================== Print Hermitian matrix system info =======================
Shape of hermitian A: 16x16 -> 32x32
Shape of           B: 16 -> 32
Determinant of Hermitian matrix: 2.6873695409936828e-11
Condition # of Hermitian matrix: 95.9778901432459

=================================== Generating HHL circuit ===================================
Time elapsed for generating HHL circuit: 0 min 8.37 sec

Generated circuit: num_qubits=14, gates=19, depth=5
============================== Generated Circuit saved ==============================

============================== Transpiling circuit ==============================
This is using the AerSimulator('aer_simulator_statevector') transpiler.
Time elapsed for transpiling the circuit:  0 min 2.01 sec
Transpiled circuit, num_qubits: 14, (original: 14)
Transpiled circuit depth: 22395 (original: 5)
Transpiled circuit gates: 22499 (original: 19)
============================== Transpiled Circuit saved ==============================
Time elapsed for running the circuit:  0 min 2.10 sec
total_qubits: 14, nq:5

Time elapsed for extracting shots-based hhl counts solution:  0 min 0.00 sec

[HHL info]: linear system residual (e=||Ax-b||_2): 1.1096064261345104
[HHL info]: Fidelity(true_sol, hhl_sol): 0.9989324285716104
[HHL info]: L2 error (absolute): 0.08845427514467122
[HHL info]: L2 error (relative): 0.03270531710113758
[HHL info]: L2 error (normalized): 0.03267807380751911

========================================================================================
 Compare system solutions using LU of A, LU sol of A_herm, HHL of Ax=b hermition system
LU sol 	    Herm LU sol    HHL sol    L1_diff(%)
-1.705e-02  -1.705e-02  -0.000e+00  1.000e+02
-7.527e-03  -7.527e-03  -0.000e+00  1.000e+02
-3.946e-02  -3.946e-02  -0.000e+00  1.000e+02
-1.283e-01  -1.283e-01  -9.753e-02  2.396e+01
-6.877e-02  -6.877e-02  -9.753e-02  4.183e+01
-2.800e-01  -2.800e-01  -2.759e-01  1.488e+00
-4.114e-01  -4.114e-01  -4.362e-01  6.009e+00
-4.227e-01  -4.227e-01  -4.677e-01  1.065e+01
-1.109e+00  -1.109e+00  -1.116e+00  6.149e-01
-5.252e-01  -5.252e-01  -5.068e-01  3.508e+00
-5.558e-01  -5.558e-01  -5.687e-01  2.325e+00
-1.428e+00  -1.428e+00  -1.423e+00  3.040e-01
-5.637e-01  -5.637e-01  -5.430e-01  3.675e+00
-5.958e-01  -5.958e-01  -6.012e-01  9.128e-01
-1.529e+00  -1.529e+00  -1.508e+00  1.407e+00
========================================================================================

step: 0/15 res:12.375368413827264, res/res0:1.0  dq_norm: [0.86684732 0.95557478 2.37095223]

A info: before HHL prepare:
Spectral radius (A): 2.465e+01, lambda_min:4.657022130962467
condition number(A): 5.294e+00, norm2_cond:62.3226427738185
det(A): 1.483e+16
--------------------------------------------------------------------------------

A_hhl info: after scaling by spectral radius:
Spectral radius (A): 1.000e+00, lambda_min:0.18889945415745077
condition number(A): 5.294e+00, norm2_cond:62.32264277381844
det(A): 1.963e-05, nnz: 11 non zeros per row
--------------------------------------------------------------------------------

Size of A & B are not power of 2:
Next 2 power of 15 = 16
Value to be padded = 1
--------------------------------------------------

==================== Print (N)^2 padded matrix system =======================
Padded shape of A: (15, 15)x(15, 15) -> (16, 16)x(16, 16)
Padded shape of B: (15,) -> (16,)
Determinant of padded matrix: 1.9634837429380335e-05
Condition # of padded matrix: 62.32264277381844


Matrix is not Hermitian. Making it Hermitian.......

==================== Print Hermitian matrix system info =======================
Shape of hermitian A: 16x16 -> 32x32
Shape of           B: 16 -> 32
Determinant of Hermitian matrix: 3.85526840878195e-10
Condition # of Hermitian matrix: 62.32264277381849

=================================== Generating HHL circuit ===================================
Time elapsed for generating HHL circuit: 0 min 7.56 sec

Generated circuit: num_qubits=13, gates=18, depth=5
============================== Generated Circuit saved ==============================

============================== Transpiling circuit ==============================
This is using the AerSimulator('aer_simulator_statevector') transpiler.
Time elapsed for transpiling the circuit:  0 min 1.45 sec
Transpiled circuit, num_qubits: 13, (original: 13)
Transpiled circuit depth: 19314 (original: 5)
Transpiled circuit gates: 19399 (original: 18)
============================== Transpiled Circuit saved ==============================
Time elapsed for running the circuit:  0 min 1.52 sec
total_qubits: 13, nq:5

Time elapsed for extracting shots-based hhl counts solution:  0 min 0.00 sec

[HHL info]: linear system residual (e=||Ax-b||_2): 0.5335075953159569
[HHL info]: Fidelity(true_sol, hhl_sol): 0.9959952165051976
[HHL info]: L2 error (absolute): 0.07651342898405199
[HHL info]: L2 error (relative): 0.4249560461573631
[HHL info]: L2 error (normalized): 0.06331509390659122

========================================================================================
 Compare system solutions using LU of A, LU sol of A_herm, HHL of Ax=b hermition system
LU sol 	    Herm LU sol    HHL sol    L1_diff(%)
-1.251e-02  -1.251e-02  -7.412e-03  4.075e+01
-3.930e-03  -3.930e-03  -0.000e+00  1.000e+02
-2.825e-02  -2.825e-02  -1.367e-02  5.161e+01
-1.771e-02  -1.771e-02  -9.375e-03  4.706e+01
 2.603e-02   2.603e-02   1.657e-02  3.633e+01
 2.377e-02   2.377e-02   1.367e-02  4.251e+01
 5.349e-02   5.349e-02   3.315e-02  3.803e+01
 4.677e-02   4.677e-02   2.480e-02  4.697e+01
 8.046e-02   8.046e-02   4.803e-02  4.030e+01
 2.228e-02   2.228e-02   1.099e-02  5.067e+01
 1.391e-02   1.391e-02   9.375e-03  3.262e+01
 9.541e-02   9.541e-02   5.251e-02  4.496e+01
 2.509e-02   2.509e-02   1.406e-02  4.396e+01
 5.657e-03   5.657e-03   3.315e-03  4.141e+01
 8.896e-02   8.896e-02   5.324e-02  4.015e+01
========================================================================================

step: 1/15 res:1.1826485603239238, res/res0:0.0955647153908182  dq_norm: [0.03949851 0.03144545 0.09095655]

A info: before HHL prepare:
Spectral radius (A): 2.428e+01, lambda_min:4.350657697286692
condition number(A): 5.581e+00, norm2_cond:65.01387376684104
det(A): 1.194e+16
--------------------------------------------------------------------------------

A_hhl info: after scaling by spectral radius:
Spectral radius (A): 1.000e+00, lambda_min:0.17918592444071016
condition number(A): 5.581e+00, norm2_cond:65.01387376684089
det(A): 1.987e-05, nnz: 11 non zeros per row
--------------------------------------------------------------------------------

Size of A & B are not power of 2:
Next 2 power of 15 = 16
Value to be padded = 1
--------------------------------------------------

==================== Print (N)^2 padded matrix system =======================
Padded shape of A: (15, 15)x(15, 15) -> (16, 16)x(16, 16)
Padded shape of B: (15,) -> (16,)
Determinant of padded matrix: 1.9865380400875066e-05
Condition # of padded matrix: 65.01387376684089


Matrix is not Hermitian. Making it Hermitian.......

==================== Print Hermitian matrix system info =======================
Shape of hermitian A: 16x16 -> 32x32
Shape of           B: 16 -> 32
Determinant of Hermitian matrix: 3.946333384714726e-10
Condition # of Hermitian matrix: 65.01387376684104

=================================== Generating HHL circuit ===================================
Time elapsed for generating HHL circuit: 0 min 8.75 sec

Generated circuit: num_qubits=14, gates=19, depth=5
============================== Generated Circuit saved ==============================

============================== Transpiling circuit ==============================
This is using the AerSimulator('aer_simulator_statevector') transpiler.
Time elapsed for transpiling the circuit:  0 min 1.69 sec
Transpiled circuit, num_qubits: 14, (original: 14)
Transpiled circuit depth: 22387 (original: 5)
Transpiled circuit gates: 22491 (original: 19)
============================== Transpiled Circuit saved ==============================
Time elapsed for running the circuit:  0 min 2.09 sec
total_qubits: 14, nq:5

Time elapsed for extracting shots-based hhl counts solution:  0 min 0.00 sec

[HHL info]: linear system residual (e=||Ax-b||_2): 0.3876143360063524
[HHL info]: Fidelity(true_sol, hhl_sol): 0.9916527502702672
[HHL info]: L2 error (absolute): 0.055616228301456766
[HHL info]: L2 error (relative): 0.6743976172791478
[HHL info]: L2 error (normalized): 0.09145896323889106

========================================================================================
 Compare system solutions using LU of A, LU sol of A_herm, HHL of Ax=b hermition system
LU sol 	    Herm LU sol    HHL sol    L1_diff(%)
-5.104e-03  -5.104e-03  -1.751e-03  6.570e+01
-4.451e-03  -4.451e-03  -1.238e-03  7.219e+01
-1.500e-02  -1.500e-02  -5.871e-03  6.086e+01
-7.253e-03  -7.253e-03  -1.238e-03  8.293e+01
 1.014e-02   1.014e-02   3.815e-03  6.237e+01
 1.199e-02   1.199e-02   3.501e-03  7.081e+01
 2.232e-02   2.232e-02   7.529e-03  6.627e+01
 2.201e-02   2.201e-02   7.323e-03  6.673e+01
 3.437e-02   3.437e-02   1.238e-02  6.399e+01
 1.247e-02   1.247e-02   3.609e-03  7.106e+01
 4.995e-03   4.995e-03   1.238e-03  7.522e+01
 4.588e-02   4.588e-02   1.483e-02  6.768e+01
 1.236e-02   1.236e-02   4.105e-03  6.678e+01
 2.360e-03   2.360e-03   0.000e+00  1.000e+02
 4.029e-02   4.029e-02   1.216e-02  6.982e+01
========================================================================================

step: 2/15 res:0.536919765468582, res/res0:0.0433861641540037  dq_norm: [0.00954786 0.00844061 0.02382547]

A info: before HHL prepare:
Spectral radius (A): 2.421e+01, lambda_min:4.263607889664881
condition number(A): 5.677e+00, norm2_cond:65.80160771546146
det(A): 1.117e+16
--------------------------------------------------------------------------------

A_hhl info: after scaling by spectral radius:
Spectral radius (A): 1.000e+00, lambda_min:0.17613824665401134
condition number(A): 5.677e+00, norm2_cond:65.80160771546122
det(A): 1.946e-05, nnz: 11 non zeros per row
--------------------------------------------------------------------------------

Size of A & B are not power of 2:
Next 2 power of 15 = 16
Value to be padded = 1
--------------------------------------------------

==================== Print (N)^2 padded matrix system =======================
Padded shape of A: (15, 15)x(15, 15) -> (16, 16)x(16, 16)
Padded shape of B: (15,) -> (16,)
Determinant of padded matrix: 1.9456623136762555e-05
Condition # of padded matrix: 65.80160771546122


Matrix is not Hermitian. Making it Hermitian.......

==================== Print Hermitian matrix system info =======================
Shape of hermitian A: 16x16 -> 32x32
Shape of           B: 16 -> 32
Determinant of Hermitian matrix: 3.7856018388600395e-10
Condition # of Hermitian matrix: 65.80160771546156

=================================== Generating HHL circuit ===================================
Time elapsed for generating HHL circuit: 0 min 8.72 sec

Generated circuit: num_qubits=14, gates=19, depth=5
============================== Generated Circuit saved ==============================

============================== Transpiling circuit ==============================
This is using the AerSimulator('aer_simulator_statevector') transpiler.
Time elapsed for transpiling the circuit:  0 min 1.71 sec
Transpiled circuit, num_qubits: 14, (original: 14)
Transpiled circuit depth: 22395 (original: 5)
Transpiled circuit gates: 22499 (original: 19)
============================== Transpiled Circuit saved ==============================
Time elapsed for running the circuit:  0 min 2.07 sec
total_qubits: 14, nq:5

Time elapsed for extracting shots-based hhl counts solution:  0 min 0.00 sec

[HHL info]: linear system residual (e=||Ax-b||_2): 0.1665235636314517
[HHL info]: Fidelity(true_sol, hhl_sol): 0.9898692197308278
[HHL info]: L2 error (absolute): 0.01487363426766892
[HHL info]: L2 error (relative): 0.26297633873548004
[HHL info]: L2 error (normalized): 0.10077980573445043

========================================================================================
 Compare system solutions using LU of A, LU sol of A_herm, HHL of Ax=b hermition system
LU sol 	    Herm LU sol    HHL sol    L1_diff(%)
-3.362e-03  -3.362e-03  -1.543e-03  5.412e+01
-3.260e-03  -3.260e-03  -0.000e+00  1.000e+02
-9.179e-03  -9.179e-03  -5.117e-03  4.425e+01
-5.929e-03  -5.929e-03  -2.182e-03  6.320e+01
 6.387e-03   6.387e-03   5.117e-03  1.989e+01
 8.638e-03   8.638e-03   7.236e-03  1.623e+01
 1.500e-02   1.500e-02   1.058e-02  2.948e+01
 1.473e-02   1.473e-02   1.175e-02  2.023e+01
 2.222e-02   2.222e-02   1.654e-02  2.554e+01
 9.049e-03   9.049e-03   6.361e-03  2.971e+01
 3.777e-03   3.777e-03   3.450e-03  8.666e+00
 3.165e-02   3.165e-02   2.385e-02  2.464e+01
 8.472e-03   8.472e-03   6.361e-03  2.492e+01
 2.351e-03   2.351e-03   1.543e-03  3.438e+01
 2.884e-02   2.884e-02   2.257e-02  2.174e+01
========================================================================================

step: 3/15 res:0.3881652831779749, res/res0:0.0313659577798322  dq_norm: [0.01413948 0.01336055 0.03782083]

A info: before HHL prepare:
Spectral radius (A): 2.411e+01, lambda_min:4.146752501525855
condition number(A): 5.815e+00, norm2_cond:67.03558392948173
det(A): 1.023e+16
--------------------------------------------------------------------------------

A_hhl info: after scaling by spectral radius:
Spectral radius (A): 1.000e+00, lambda_min:0.17196471350068132
condition number(A): 5.815e+00, norm2_cond:67.0355839294817
det(A): 1.887e-05, nnz: 11 non zeros per row
--------------------------------------------------------------------------------

Size of A & B are not power of 2:
Next 2 power of 15 = 16
Value to be padded = 1
--------------------------------------------------

==================== Print (N)^2 padded matrix system =======================
Padded shape of A: (15, 15)x(15, 15) -> (16, 16)x(16, 16)
Padded shape of B: (15,) -> (16,)
Determinant of padded matrix: 1.8869692151774587e-05
Condition # of padded matrix: 67.0355839294817


Matrix is not Hermitian. Making it Hermitian.......

==================== Print Hermitian matrix system info =======================
Shape of hermitian A: 16x16 -> 32x32
Shape of           B: 16 -> 32
Determinant of Hermitian matrix: 3.560652819027434e-10
Condition # of Hermitian matrix: 67.03558392948194

=================================== Generating HHL circuit ===================================
Time elapsed for generating HHL circuit: 0 min 8.75 sec

Generated circuit: num_qubits=14, gates=19, depth=5
============================== Generated Circuit saved ==============================

============================== Transpiling circuit ==============================
This is using the AerSimulator('aer_simulator_statevector') transpiler.
Time elapsed for transpiling the circuit:  0 min 1.68 sec
Transpiled circuit, num_qubits: 14, (original: 14)
Transpiled circuit depth: 22397 (original: 5)
Transpiled circuit gates: 22501 (original: 19)
============================== Transpiled Circuit saved ==============================
Time elapsed for running the circuit:  0 min 2.08 sec
total_qubits: 14, nq:5

Time elapsed for extracting shots-based hhl counts solution:  0 min 0.00 sec

[HHL info]: linear system residual (e=||Ax-b||_2): 0.08263397072414506
[HHL info]: Fidelity(true_sol, hhl_sol): 0.9898350976857404
[HHL info]: L2 error (absolute): 0.007191586394178329
[HHL info]: L2 error (relative): 0.46379484426479095
[HHL info]: L2 error (normalized): 0.10094981798123094

========================================================================================
 Compare system solutions using LU of A, LU sol of A_herm, HHL of Ax=b hermition system
LU sol 	    Herm LU sol    HHL sol    L1_diff(%)
-1.827e-03  -1.827e-03  -1.078e-03  4.097e+01
-3.298e-03  -3.298e-03  -1.739e-03  4.728e+01
-4.112e-03  -4.112e-03  -2.046e-03  5.025e+01
-3.672e-03  -3.672e-03  -1.929e-03  4.748e+01
 1.322e-03   1.322e-03   8.352e-04  3.684e+01
 1.514e-03   1.514e-03   8.352e-04  4.484e+01
 4.584e-03   4.584e-03   2.552e-03  4.433e+01
 3.020e-03   3.020e-03   1.276e-03  5.775e+01
 5.824e-03   5.824e-03   3.375e-03  4.204e+01
 2.827e-03   2.827e-03   1.525e-03  4.606e+01
 3.293e-04   3.293e-04   0.000e+00  1.000e+02
 8.250e-03   8.250e-03   4.148e-03  4.972e+01
 2.252e-03   2.252e-03   1.364e-03  3.945e+01
 7.974e-04   7.974e-04   0.000e+00  1.000e+02
 6.773e-03   6.773e-03   4.034e-03  4.043e+01
========================================================================================

step: 4/15 res:0.16798579834419974, res/res0:0.013574205852046039  dq_norm: [0.00394693 0.00231252 0.00705389]

A info: before HHL prepare:
Spectral radius (A): 2.408e+01, lambda_min:4.119023200056556
condition number(A): 5.847e+00, norm2_cond:67.30125991003497
det(A): 9.994e+15
--------------------------------------------------------------------------------

A_hhl info: after scaling by spectral radius:
Spectral radius (A): 1.000e+00, lambda_min:0.17102097400225072
condition number(A): 5.847e+00, norm2_cond:67.30125991003507
det(A): 1.877e-05, nnz: 11 non zeros per row
--------------------------------------------------------------------------------

Size of A & B are not power of 2:
Next 2 power of 15 = 16
Value to be padded = 1
--------------------------------------------------

==================== Print (N)^2 padded matrix system =======================
Padded shape of A: (15, 15)x(15, 15) -> (16, 16)x(16, 16)
Padded shape of B: (15,) -> (16,)
Determinant of padded matrix: 1.8773841525282124e-05
Condition # of padded matrix: 67.30125991003507


Matrix is not Hermitian. Making it Hermitian.......

==================== Print Hermitian matrix system info =======================
Shape of hermitian A: 16x16 -> 32x32
Shape of           B: 16 -> 32
Determinant of Hermitian matrix: 3.524571256164075e-10
Condition # of Hermitian matrix: 67.30125991003504

=================================== Generating HHL circuit ===================================
Time elapsed for generating HHL circuit: 0 min 8.82 sec

Generated circuit: num_qubits=14, gates=19, depth=5
============================== Generated Circuit saved ==============================

============================== Transpiling circuit ==============================
This is using the AerSimulator('aer_simulator_statevector') transpiler.
Time elapsed for transpiling the circuit:  0 min 1.67 sec
Transpiled circuit, num_qubits: 14, (original: 14)
Transpiled circuit depth: 22397 (original: 5)
Transpiled circuit gates: 22501 (original: 19)
============================== Transpiled Circuit saved ==============================
Time elapsed for running the circuit:  0 min 2.08 sec
total_qubits: 14, nq:5

Time elapsed for extracting shots-based hhl counts solution:  0 min 0.00 sec

[HHL info]: linear system residual (e=||Ax-b||_2): 0.05718048780510061
[HHL info]: Fidelity(true_sol, hhl_sol): 0.9762183285808784
[HHL info]: L2 error (absolute): 0.0050764064746423795
[HHL info]: L2 error (relative): 0.7010502575127598
[HHL info]: L2 error (normalized): 0.15467633973847442

========================================================================================
 Compare system solutions using LU of A, LU sol of A_herm, HHL of Ax=b hermition system
LU sol 	    Herm LU sol    HHL sol    L1_diff(%)
-7.464e-04  -7.464e-04  -0.000e+00  1.000e+02
-1.561e-03  -1.561e-03  -4.358e-04  7.209e+01
-2.072e-03  -2.072e-03  -6.301e-04  6.958e+01
-1.722e-03  -1.722e-03  -4.737e-04  7.249e+01
 4.988e-04   4.988e-04   1.314e-04  7.366e+01
 7.114e-04   7.114e-04   1.314e-04  8.153e+01
 2.060e-03   2.060e-03   6.699e-04  6.748e+01
 1.747e-03   1.747e-03   6.163e-04  6.472e+01
 2.482e-03   2.482e-03   6.163e-04  7.517e+01
 1.314e-03   1.314e-03   3.218e-04  7.551e+01
 3.283e-04   3.283e-04   1.858e-04  4.341e+01
 4.136e-03   4.136e-03   1.320e-03  6.808e+01
 8.920e-04   8.920e-04   2.628e-04  7.054e+01
 7.966e-04   7.966e-04   1.858e-04  7.667e+01
 2.756e-03   2.756e-03   9.007e-04  6.732e+01
========================================================================================

step: 5/15 res:0.08273053309763062, res/res0:0.006685096583079824  dq_norm: [0.00091971 0.00080993 0.00183002]

A info: before HHL prepare:
Spectral radius (A): 2.408e+01, lambda_min:4.115769959356653
condition number(A): 5.851e+00, norm2_cond:67.3327278860785
det(A): 9.966e+15
--------------------------------------------------------------------------------

A_hhl info: after scaling by spectral radius:
Spectral radius (A): 1.000e+00, lambda_min:0.1709220928353725
condition number(A): 5.851e+00, norm2_cond:67.33272788607857
det(A): 1.878e-05, nnz: 11 non zeros per row
--------------------------------------------------------------------------------

Size of A & B are not power of 2:
Next 2 power of 15 = 16
Value to be padded = 1
--------------------------------------------------

==================== Print (N)^2 padded matrix system =======================
Padded shape of A: (15, 15)x(15, 15) -> (16, 16)x(16, 16)
Padded shape of B: (15,) -> (16,)
Determinant of padded matrix: 1.8782154577782158e-05
Condition # of padded matrix: 67.33272788607857


Matrix is not Hermitian. Making it Hermitian.......

==================== Print Hermitian matrix system info =======================
Shape of hermitian A: 16x16 -> 32x32
Shape of           B: 16 -> 32
Determinant of Hermitian matrix: 3.5276933058370323e-10
Condition # of Hermitian matrix: 67.33272788607869

=================================== Generating HHL circuit ===================================
Time elapsed for generating HHL circuit: 0 min 8.80 sec

Generated circuit: num_qubits=14, gates=19, depth=5
============================== Generated Circuit saved ==============================

============================== Transpiling circuit ==============================
This is using the AerSimulator('aer_simulator_statevector') transpiler.
Time elapsed for transpiling the circuit:  0 min 1.67 sec
Transpiled circuit, num_qubits: 14, (original: 14)
Transpiled circuit depth: 22395 (original: 5)
Transpiled circuit gates: 22499 (original: 19)
============================== Transpiled Circuit saved ==============================
Time elapsed for running the circuit:  0 min 2.06 sec
total_qubits: 14, nq:5

Time elapsed for extracting shots-based hhl counts solution:  0 min 0.00 sec

[HHL info]: linear system residual (e=||Ax-b||_2): 0.027946973915578432
[HHL info]: Fidelity(true_sol, hhl_sol): 0.9859264443474338
[HHL info]: L2 error (absolute): 0.0024751270381065155
[HHL info]: L2 error (relative): 0.48727831526221166
[HHL info]: L2 error (normalized): 0.11884201035352775

========================================================================================
 Compare system solutions using LU of A, LU sol of A_herm, HHL of Ax=b hermition system
LU sol 	    Herm LU sol    HHL sol    L1_diff(%)
-7.461e-04  -7.461e-04  -4.345e-04  4.177e+01
-1.126e-03  -1.126e-03  -5.950e-04  4.715e+01
-1.442e-03  -1.442e-03  -7.681e-04  4.672e+01
-1.246e-03  -1.246e-03  -6.334e-04  4.917e+01
 3.686e-04   3.686e-04   2.173e-04  4.106e+01
 5.833e-04   5.833e-04   2.661e-04  5.438e+01
 1.393e-03   1.393e-03   8.129e-04  4.164e+01
 1.131e-03   1.131e-03   5.539e-04  5.104e+01
 1.868e-03   1.868e-03   9.594e-04  4.864e+01
 9.931e-04   9.931e-04   6.518e-04  3.437e+01
 1.424e-04   1.424e-04   0.000e+00  1.000e+02
 2.818e-03   2.818e-03   1.391e-03  5.064e+01
 6.290e-04   6.290e-04   4.858e-04  2.276e+01
 6.107e-04   6.107e-04   1.536e-04  7.484e+01
 1.856e-03   1.856e-03   9.088e-04  5.102e+01
========================================================================================

step: 6/15 res:0.057186447669889486, res/res0:0.004620989513814703  dq_norm: [0.00138258 0.00085532 0.0020838 ]

A info: before HHL prepare:
Spectral radius (A): 2.407e+01, lambda_min:4.108051100529462
condition number(A): 5.859e+00, norm2_cond:67.37466858037266
det(A): 9.898e+15
--------------------------------------------------------------------------------

A_hhl info: after scaling by spectral radius:
Spectral radius (A): 1.000e+00, lambda_min:0.17066563840083468
condition number(A): 5.859e+00, norm2_cond:67.37466858037276
det(A): 1.876e-05, nnz: 11 non zeros per row
--------------------------------------------------------------------------------

Size of A & B are not power of 2:
Next 2 power of 15 = 16
Value to be padded = 1
--------------------------------------------------

==================== Print (N)^2 padded matrix system =======================
Padded shape of A: (15, 15)x(15, 15) -> (16, 16)x(16, 16)
Padded shape of B: (15,) -> (16,)
Determinant of padded matrix: 1.8757977319918018e-05
Condition # of padded matrix: 67.37466858037276


Matrix is not Hermitian. Making it Hermitian.......

==================== Print Hermitian matrix system info =======================
Shape of hermitian A: 16x16 -> 32x32
Shape of           B: 16 -> 32
Determinant of Hermitian matrix: 3.5186171313456126e-10
Condition # of Hermitian matrix: 67.37466858037291

=================================== Generating HHL circuit ===================================
Time elapsed for generating HHL circuit: 0 min 8.87 sec

Generated circuit: num_qubits=14, gates=19, depth=5
============================== Generated Circuit saved ==============================

============================== Transpiling circuit ==============================
This is using the AerSimulator('aer_simulator_statevector') transpiler.
Time elapsed for transpiling the circuit:  0 min 1.68 sec
Transpiled circuit, num_qubits: 14, (original: 14)
Transpiled circuit depth: 22395 (original: 5)
Transpiled circuit gates: 22499 (original: 19)
============================== Transpiled Circuit saved ==============================
Time elapsed for running the circuit:  0 min 2.06 sec
total_qubits: 14, nq:5

Time elapsed for extracting shots-based hhl counts solution:  0 min 0.00 sec

[HHL info]: linear system residual (e=||Ax-b||_2): 0.021025369247796515
[HHL info]: Fidelity(true_sol, hhl_sol): 0.9780000928906243
[HHL info]: L2 error (absolute): 0.001922226142164258
[HHL info]: L2 error (relative): 0.7755479666128131
[HHL info]: L2 error (normalized): 0.1487355225162423

========================================================================================
 Compare system solutions using LU of A, LU sol of A_herm, HHL of Ax=b hermition system
LU sol 	    Herm LU sol    HHL sol    L1_diff(%)
-3.114e-04  -3.114e-04  -7.542e-05  7.578e+01
-5.311e-04  -5.311e-04  -1.012e-04  8.095e+01
-6.741e-04  -6.741e-04  -1.508e-04  7.762e+01
-6.105e-04  -6.105e-04  -1.508e-04  7.529e+01
 1.525e-04   1.525e-04   3.373e-05  7.788e+01
 3.202e-04   3.202e-04   8.924e-05  7.213e+01
 5.826e-04   5.826e-04   1.168e-04  7.994e+01
 5.779e-04   5.779e-04   1.349e-04  7.665e+01
 9.116e-04   9.116e-04   2.237e-04  7.546e+01
 3.422e-04   3.422e-04   7.542e-05  7.796e+01
 1.420e-04   1.420e-04   0.000e+00  1.000e+02
 1.430e-03   1.430e-03   3.456e-04  7.583e+01
 1.426e-04   1.426e-04   0.000e+00  1.000e+02
 4.568e-04   4.568e-04   1.216e-04  7.338e+01
 9.463e-04   9.463e-04   1.618e-04  8.291e+01
========================================================================================

step: 7/15 res:0.027962003185302942, res/res0:0.002259488546139798  dq_norm: [0.00021858 0.00021063 0.00047579]

A info: before HHL prepare:
Spectral radius (A): 2.407e+01, lambda_min:4.108463365560247
condition number(A): 5.859e+00, norm2_cond:67.37205977378665
det(A): 9.907e+15
--------------------------------------------------------------------------------

A_hhl info: after scaling by spectral radius:
Spectral radius (A): 1.000e+00, lambda_min:0.17068251527643827
condition number(A): 5.859e+00, norm2_cond:67.37205977378662
det(A): 1.878e-05, nnz: 11 non zeros per row
--------------------------------------------------------------------------------

Size of A & B are not power of 2:
Next 2 power of 15 = 16
Value to be padded = 1
--------------------------------------------------

==================== Print (N)^2 padded matrix system =======================
Padded shape of A: (15, 15)x(15, 15) -> (16, 16)x(16, 16)
Padded shape of B: (15,) -> (16,)
Determinant of padded matrix: 1.8775383613561607e-05
Condition # of padded matrix: 67.37205977378662


Matrix is not Hermitian. Making it Hermitian.......

==================== Print Hermitian matrix system info =======================
Shape of hermitian A: 16x16 -> 32x32
Shape of           B: 16 -> 32
Determinant of Hermitian matrix: 3.525150298363977e-10
Condition # of Hermitian matrix: 67.37205977378702

=================================== Generating HHL circuit ===================================
Time elapsed for generating HHL circuit: 0 min 8.76 sec

Generated circuit: num_qubits=14, gates=19, depth=5
============================== Generated Circuit saved ==============================

============================== Transpiling circuit ==============================
This is using the AerSimulator('aer_simulator_statevector') transpiler.
Time elapsed for transpiling the circuit:  0 min 1.69 sec
Transpiled circuit, num_qubits: 14, (original: 14)
Transpiled circuit depth: 22395 (original: 5)
Transpiled circuit gates: 22499 (original: 19)
============================== Transpiled Circuit saved ==============================
Time elapsed for running the circuit:  0 min 2.03 sec
total_qubits: 14, nq:5

Time elapsed for extracting shots-based hhl counts solution:  0 min 0.00 sec

[HHL info]: linear system residual (e=||Ax-b||_2): 0.015265412495945258
[HHL info]: Fidelity(true_sol, hhl_sol): 0.9835489809442193
[HHL info]: L2 error (absolute): 0.0012689903967221473
[HHL info]: L2 error (relative): 0.6601172265669618
[HHL info]: L2 error (normalized): 0.12852719704966162

========================================================================================
 Compare system solutions using LU of A, LU sol of A_herm, HHL of Ax=b hermition system
LU sol 	    Herm LU sol    HHL sol    L1_diff(%)
-2.359e-04  -2.359e-04  -7.480e-05  6.830e+01
-4.299e-04  -4.299e-04  -1.542e-04  6.413e+01
-5.232e-04  -5.232e-04  -1.870e-04  6.426e+01
-4.595e-04  -4.595e-04  -1.399e-04  6.954e+01
 1.188e-04   1.188e-04   0.000e+00  1.000e+02
 2.312e-04   2.312e-04   1.058e-04  5.424e+01
 4.659e-04   4.659e-04   1.754e-04  6.234e+01
 4.430e-04   4.430e-04   1.630e-04  6.320e+01
 6.881e-04   6.881e-04   2.697e-04  6.080e+01
 2.668e-04   2.668e-04   5.289e-05  8.017e+01
 1.420e-04   1.420e-04   7.480e-05  4.733e+01
 1.085e-03   1.085e-03   3.587e-04  6.692e+01
 1.427e-04   1.427e-04   3.740e-05  7.378e+01
 3.352e-04   3.352e-04   1.058e-04  6.844e+01
 7.845e-04   7.845e-04   2.509e-04  6.802e+01
========================================================================================

step: 8/15 res:0.02102504342897011, res/res0:0.0016989428294901005  dq_norm: [0.00024525 0.00025912 0.00055726]

A info: before HHL prepare:
Spectral radius (A): 2.407e+01, lambda_min:4.108379412252206
condition number(A): 5.859e+00, norm2_cond:67.37726541475426
det(A): 9.910e+15
--------------------------------------------------------------------------------

A_hhl info: after scaling by spectral radius:
Spectral radius (A): 1.000e+00, lambda_min:0.17068186373839297
condition number(A): 5.859e+00, norm2_cond:67.37726541475426
det(A): 1.879e-05, nnz: 11 non zeros per row
--------------------------------------------------------------------------------

Size of A & B are not power of 2:
Next 2 power of 15 = 16
Value to be padded = 1
--------------------------------------------------

==================== Print (N)^2 padded matrix system =======================
Padded shape of A: (15, 15)x(15, 15) -> (16, 16)x(16, 16)
Padded shape of B: (15,) -> (16,)
Determinant of padded matrix: 1.878501519124449e-05
Condition # of padded matrix: 67.37726541475426


Matrix is not Hermitian. Making it Hermitian.......

==================== Print Hermitian matrix system info =======================
Shape of hermitian A: 16x16 -> 32x32
Shape of           B: 16 -> 32
Determinant of Hermitian matrix: 3.5287679573528495e-10
Condition # of Hermitian matrix: 67.37726541475432

=================================== Generating HHL circuit ===================================
Time elapsed for generating HHL circuit: 0 min 8.83 sec

Generated circuit: num_qubits=14, gates=19, depth=5
============================== Generated Circuit saved ==============================

============================== Transpiling circuit ==============================
This is using the AerSimulator('aer_simulator_statevector') transpiler.
Time elapsed for transpiling the circuit:  0 min 1.66 sec
Transpiled circuit, num_qubits: 14, (original: 14)
Transpiled circuit depth: 22395 (original: 5)
Transpiled circuit gates: 22499 (original: 19)
============================== Transpiled Circuit saved ==============================
Time elapsed for running the circuit:  0 min 2.03 sec
total_qubits: 14, nq:5

Time elapsed for extracting shots-based hhl counts solution:  0 min 0.00 sec

[HHL info]: linear system residual (e=||Ax-b||_2): 0.009588128343348979
[HHL info]: Fidelity(true_sol, hhl_sol): 0.972906565527293
[HHL info]: L2 error (absolute): 0.000868305760807357
[HHL info]: L2 error (relative): 0.6842196520947382
[HHL info]: L2 error (normalized): 0.16516499913154875

========================================================================================
 Compare system solutions using LU of A, LU sol of A_herm, HHL of Ax=b hermition system
LU sol 	    Herm LU sol    HHL sol    L1_diff(%)
-1.611e-04  -1.611e-04  -2.561e-05  8.410e+01
-2.757e-04  -2.757e-04  -9.918e-05  6.402e+01
-3.362e-04  -3.362e-04  -9.582e-05  7.150e+01
-3.194e-04  -3.194e-04  -1.116e-04  6.505e+01
 1.189e-04   1.189e-04   3.622e-05  6.953e+01
 1.255e-04   1.255e-04   4.435e-05  6.467e+01
 2.906e-04   2.906e-04   8.098e-05  7.213e+01
 2.800e-04   2.800e-04   1.174e-04  5.808e+01
 4.185e-04   4.185e-04   1.449e-04  6.538e+01
 2.139e-04   2.139e-04   6.273e-05  7.067e+01
 6.724e-05   6.724e-05   0.000e+00  1.000e+02
 7.259e-04   7.259e-04   2.361e-04  6.747e+01
 1.052e-04   1.052e-04   0.000e+00  1.000e+02
 2.294e-04   2.294e-04   9.233e-05  5.976e+01
 5.336e-04   5.336e-04   1.493e-04  7.202e+01
========================================================================================

step: 9/15 res:0.015265326733483244, res/res0:0.0012335250331963424  dq_norm: [0.00015365 0.00018288 0.00033192]

A info: before HHL prepare:
Spectral radius (A): 2.407e+01, lambda_min:4.108772183998819
condition number(A): 5.858e+00, norm2_cond:67.37495304144595
det(A): 9.917e+15
--------------------------------------------------------------------------------

A_hhl info: after scaling by spectral radius:
Spectral radius (A): 1.000e+00, lambda_min:0.17069807103486276
condition number(A): 5.858e+00, norm2_cond:67.37495304144589
det(A): 1.880e-05, nnz: 11 non zeros per row
--------------------------------------------------------------------------------

Size of A & B are not power of 2:
Next 2 power of 15 = 16
Value to be padded = 1
--------------------------------------------------

==================== Print (N)^2 padded matrix system =======================
Padded shape of A: (15, 15)x(15, 15) -> (16, 16)x(16, 16)
Padded shape of B: (15,) -> (16,)
Determinant of padded matrix: 1.879862433352654e-05
Condition # of padded matrix: 67.37495304144589


Matrix is not Hermitian. Making it Hermitian.......

==================== Print Hermitian matrix system info =======================
Shape of hermitian A: 16x16 -> 32x32
Shape of           B: 16 -> 32
Determinant of Hermitian matrix: 3.533882768330562e-10
Condition # of Hermitian matrix: 67.37495304144622

=================================== Generating HHL circuit ===================================
Time elapsed for generating HHL circuit: 0 min 8.78 sec

Generated circuit: num_qubits=14, gates=19, depth=5
============================== Generated Circuit saved ==============================

============================== Transpiling circuit ==============================
This is using the AerSimulator('aer_simulator_statevector') transpiler.
Time elapsed for transpiling the circuit:  0 min 1.69 sec
Transpiled circuit, num_qubits: 14, (original: 14)
Transpiled circuit depth: 22395 (original: 5)
Transpiled circuit gates: 22499 (original: 19)
============================== Transpiled Circuit saved ==============================
Time elapsed for running the circuit:  0 min 2.05 sec
total_qubits: 14, nq:5

Time elapsed for extracting shots-based hhl counts solution:  0 min 0.00 sec

[HHL info]: linear system residual (e=||Ax-b||_2): 0.007221107676573098
[HHL info]: Fidelity(true_sol, hhl_sol): 0.9952250627772212
[HHL info]: L2 error (absolute): 0.0006373612293126797
[HHL info]: L2 error (relative): 0.734004743179842
[HHL info]: L2 error (normalized): 0.06914225103696173

========================================================================================
 Compare system solutions using LU of A, LU sol of A_herm, HHL of Ax=b hermition system
LU sol 	    Herm LU sol    HHL sol    L1_diff(%)
-1.355e-04  -1.355e-04  -3.699e-05  7.270e+01
-1.765e-04  -1.765e-04  -4.715e-05  7.328e+01
-2.404e-04  -2.404e-04  -6.795e-05  7.174e+01
-2.077e-04  -2.077e-04  -4.715e-05  7.729e+01
 8.267e-05   8.267e-05   1.849e-05  7.763e+01
 8.128e-05   8.128e-05   2.265e-05  7.213e+01
 2.097e-04   2.097e-04   5.848e-05  7.210e+01
 1.626e-04   1.626e-04   4.530e-05  7.214e+01
 2.737e-04   2.737e-04   7.625e-05  7.214e+01
 1.512e-04   1.512e-04   4.135e-05  7.265e+01
 6.724e-05   6.724e-05   1.308e-05  8.055e+01
 4.898e-04   4.898e-04   1.359e-04  7.226e+01
 1.052e-04   1.052e-04   2.615e-05  7.515e+01
 1.371e-04   1.371e-04   3.699e-05  7.302e+01
 3.843e-04   3.843e-04   9.339e-05  7.570e+01
========================================================================================

step: 10/15 res:0.009587957487844707, res/res0:0.0007747613781850629  dq_norm: [9.69827826e-05 7.84629344e-05 1.95283580e-04]

A info: before HHL prepare:
Spectral radius (A): 2.407e+01, lambda_min:4.108501224765182
condition number(A): 5.859e+00, norm2_cond:67.37693110714827
det(A): 9.915e+15
--------------------------------------------------------------------------------

A_hhl info: after scaling by spectral radius:
Spectral radius (A): 1.000e+00, lambda_min:0.17068983924586167
condition number(A): 5.859e+00, norm2_cond:67.37693110714824
det(A): 1.880e-05, nnz: 11 non zeros per row
--------------------------------------------------------------------------------

Size of A & B are not power of 2:
Next 2 power of 15 = 16
Value to be padded = 1
--------------------------------------------------

==================== Print (N)^2 padded matrix system =======================
Padded shape of A: (15, 15)x(15, 15) -> (16, 16)x(16, 16)
Padded shape of B: (15,) -> (16,)
Determinant of padded matrix: 1.8800805169534513e-05
Condition # of padded matrix: 67.37693110714824


Matrix is not Hermitian. Making it Hermitian.......

==================== Print Hermitian matrix system info =======================
Shape of hermitian A: 16x16 -> 32x32
Shape of           B: 16 -> 32
Determinant of Hermitian matrix: 3.5347027502279566e-10
Condition # of Hermitian matrix: 67.37693110714858

=================================== Generating HHL circuit ===================================
Time elapsed for generating HHL circuit: 0 min 8.83 sec

Generated circuit: num_qubits=14, gates=19, depth=5
============================== Generated Circuit saved ==============================

============================== Transpiling circuit ==============================
This is using the AerSimulator('aer_simulator_statevector') transpiler.
Time elapsed for transpiling the circuit:  0 min 1.72 sec
Transpiled circuit, num_qubits: 14, (original: 14)
Transpiled circuit depth: 22395 (original: 5)
Transpiled circuit gates: 22499 (original: 19)
============================== Transpiled Circuit saved ==============================
Time elapsed for running the circuit:  0 min 2.07 sec
total_qubits: 14, nq:5

Time elapsed for extracting shots-based hhl counts solution:  0 min 0.00 sec

[HHL info]: linear system residual (e=||Ax-b||_2): 0.006950929348917776
[HHL info]: Fidelity(true_sol, hhl_sol): 0.986254325521159
[HHL info]: L2 error (absolute): 0.0006129880246366361
[HHL info]: L2 error (relative): 0.9617212402493317
[HHL info]: L2 error (normalized): 0.11744461601421231

========================================================================================
 Compare system solutions using LU of A, LU sol of A_herm, HHL of Ax=b hermition system
LU sol 	    Herm LU sol    HHL sol    L1_diff(%)
-9.848e-05  -9.848e-05  -5.155e-06  9.477e+01
-1.293e-04  -1.293e-04  -4.396e-06  9.660e+01
-1.725e-04  -1.725e-04  -7.454e-06  9.568e+01
-1.605e-04  -1.605e-04  -5.155e-06  9.679e+01
 6.418e-05   6.418e-05   3.108e-06  9.516e+01
 5.867e-05   5.867e-05   2.692e-06  9.541e+01
 1.512e-04   1.512e-04   6.408e-06  9.576e+01
 1.173e-04   1.173e-04   4.915e-06  9.581e+01
 1.975e-04   1.975e-04   6.217e-06  9.685e+01
 1.098e-04   1.098e-04   3.475e-06  9.684e+01
 5.416e-05   5.416e-05   2.692e-06  9.503e+01
 3.540e-04   3.540e-04   1.346e-05  9.620e+01
 7.907e-05   7.907e-05   2.692e-06  9.660e+01
 1.001e-04   1.001e-04   4.396e-06  9.561e+01
 2.909e-04   2.909e-04   1.132e-05  9.611e+01
========================================================================================

step: 11/15 res:0.007221157761965977, res/res0:0.0005835105283732501  dq_norm: [1.06552984e-05 8.92840034e-06 2.02647451e-05]

A info: before HHL prepare:
Spectral radius (A): 2.407e+01, lambda_min:4.108484146707252
condition number(A): 5.859e+00, norm2_cond:67.37716352275062
det(A): 9.915e+15
--------------------------------------------------------------------------------

A_hhl info: after scaling by spectral radius:
Spectral radius (A): 1.000e+00, lambda_min:0.17068943918760257
condition number(A): 5.859e+00, norm2_cond:67.3771635227503
det(A): 1.880e-05, nnz: 11 non zeros per row
--------------------------------------------------------------------------------

Size of A & B are not power of 2:
Next 2 power of 15 = 16
Value to be padded = 1
--------------------------------------------------

==================== Print (N)^2 padded matrix system =======================
Padded shape of A: (15, 15)x(15, 15) -> (16, 16)x(16, 16)
Padded shape of B: (15,) -> (16,)
Determinant of padded matrix: 1.8801230473788713e-05
Condition # of padded matrix: 67.3771635227503


Matrix is not Hermitian. Making it Hermitian.......

==================== Print Hermitian matrix system info =======================
Shape of hermitian A: 16x16 -> 32x32
Shape of           B: 16 -> 32
Determinant of Hermitian matrix: 3.5348626732852133e-10
Condition # of Hermitian matrix: 67.37716352275055

=================================== Generating HHL circuit ===================================
Time elapsed for generating HHL circuit: 0 min 8.94 sec

Generated circuit: num_qubits=14, gates=19, depth=5
============================== Generated Circuit saved ==============================

============================== Transpiling circuit ==============================
This is using the AerSimulator('aer_simulator_statevector') transpiler.
Time elapsed for transpiling the circuit:  0 min 1.70 sec
Transpiled circuit, num_qubits: 14, (original: 14)
Transpiled circuit depth: 22395 (original: 5)
Transpiled circuit gates: 22499 (original: 19)
============================== Transpiled Circuit saved ==============================
Time elapsed for running the circuit:  0 min 2.04 sec
total_qubits: 14, nq:5

Time elapsed for extracting shots-based hhl counts solution:  0 min 0.00 sec

[HHL info]: linear system residual (e=||Ax-b||_2): 0.002806031340045966
[HHL info]: Fidelity(true_sol, hhl_sol): 0.9880207028098278
[HHL info]: L2 error (absolute): 0.00030325454914808576
[HHL info]: L2 error (relative): 0.4947144132029929
[HHL info]: L2 error (normalized): 0.10961473252644988

========================================================================================
 Compare system solutions using LU of A, LU sol of A_herm, HHL of Ax=b hermition system
LU sol 	    Herm LU sol    HHL sol    L1_diff(%)
-9.333e-05  -9.333e-05  -4.332e-05  5.358e+01
-1.249e-04  -1.249e-04  -5.812e-05  5.348e+01
-1.650e-04  -1.650e-04  -9.490e-05  4.249e+01
-1.553e-04  -1.553e-04  -9.490e-05  3.890e+01
 6.108e-05   6.108e-05   2.740e-05  5.514e+01
 5.598e-05   5.598e-05   4.745e-05  1.524e+01
 1.448e-04   1.448e-04   6.425e-05  5.563e+01
 1.124e-04   1.124e-04   5.812e-05  4.830e+01
 1.912e-04   1.912e-04   9.086e-05  5.249e+01
 1.064e-04   1.064e-04   4.745e-05  5.538e+01
 5.147e-05   5.147e-05   1.937e-05  6.236e+01
 3.405e-04   3.405e-04   1.743e-04  4.880e+01
 7.638e-05   7.638e-05   2.740e-05  6.413e+01
 9.571e-05   9.571e-05   4.332e-05  5.474e+01
 2.795e-04   2.795e-04   1.437e-04  4.861e+01
========================================================================================

step: 12/15 res:0.00695093005914988, res/res0:0.0005616745964009812  dq_norm: [1.34214626e-04 9.87792903e-05 2.65618397e-04]

A info: before HHL prepare:
Spectral radius (A): 2.407e+01, lambda_min:4.108250321068044
condition number(A): 5.859e+00, norm2_cond:67.38185153121671
det(A): 9.916e+15
--------------------------------------------------------------------------------

A_hhl info: after scaling by spectral radius:
Spectral radius (A): 1.000e+00, lambda_min:0.17068192375933333
condition number(A): 5.859e+00, norm2_cond:67.38185153121684
det(A): 1.881e-05, nnz: 11 non zeros per row
--------------------------------------------------------------------------------

Size of A & B are not power of 2:
Next 2 power of 15 = 16
Value to be padded = 1
--------------------------------------------------

==================== Print (N)^2 padded matrix system =======================
Padded shape of A: (15, 15)x(15, 15) -> (16, 16)x(16, 16)
Padded shape of B: (15,) -> (16,)
Determinant of padded matrix: 1.8805297810060528e-05
Condition # of padded matrix: 67.38185153121684


Matrix is not Hermitian. Making it Hermitian.......

==================== Print Hermitian matrix system info =======================
Shape of hermitian A: 16x16 -> 32x32
Shape of           B: 16 -> 32
Determinant of Hermitian matrix: 3.536392257250685e-10
Condition # of Hermitian matrix: 67.38185153121672

=================================== Generating HHL circuit ===================================
Time elapsed for generating HHL circuit: 0 min 8.90 sec

Generated circuit: num_qubits=14, gates=19, depth=5
============================== Generated Circuit saved ==============================

============================== Transpiling circuit ==============================
This is using the AerSimulator('aer_simulator_statevector') transpiler.
Time elapsed for transpiling the circuit:  0 min 1.66 sec
Transpiled circuit, num_qubits: 14, (original: 14)
Transpiled circuit depth: 22395 (original: 5)
Transpiled circuit gates: 22499 (original: 19)
============================== Transpiled Circuit saved ==============================
Time elapsed for running the circuit:  0 min 1.98 sec
total_qubits: 14, nq:5

Time elapsed for extracting shots-based hhl counts solution:  0 min 0.00 sec

[HHL info]: linear system residual (e=||Ax-b||_2): 0.0027626643120194005
[HHL info]: Fidelity(true_sol, hhl_sol): 0.9860302342636873
[HHL info]: L2 error (absolute): 0.0002981877779716771
[HHL info]: L2 error (relative): 0.9832485489967318
[HHL info]: L2 error (normalized): 0.11840142781908551

========================================================================================
 Compare system solutions using LU of A, LU sol of A_herm, HHL of Ax=b hermition system
LU sol 	    Herm LU sol    HHL sol    L1_diff(%)
-5.000e-05  -5.000e-05  -9.160e-07  9.817e+01
-6.682e-05  -6.682e-05  -9.752e-07  9.854e+01
-7.011e-05  -7.011e-05  -1.317e-06  9.812e+01
-6.038e-05  -6.038e-05  -7.844e-07  9.870e+01
 3.369e-05   3.369e-05   6.690e-07  9.801e+01
 8.564e-06   8.564e-06   2.365e-07  9.724e+01
 8.057e-05   8.057e-05   1.496e-06  9.814e+01
 5.430e-05   5.430e-05   6.258e-07  9.885e+01
 1.004e-04   1.004e-04   1.847e-06  9.816e+01
 5.891e-05   5.891e-05   8.528e-07  9.855e+01
 3.209e-05   3.209e-05   3.345e-07  9.896e+01
 1.662e-04   1.662e-04   2.758e-06  9.834e+01
 4.897e-05   4.897e-05   1.058e-06  9.784e+01
 5.239e-05   5.239e-05   9.160e-07  9.825e+01
 1.359e-04   1.359e-04   2.256e-06  9.834e+01
========================================================================================

step: 13/15 res:0.002806015927718193, res/res0:0.00022674201154148843  dq_norm: [2.35331972e-06 1.65562272e-06 4.23095421e-06]

A info: before HHL prepare:
Spectral radius (A): 2.407e+01, lambda_min:4.108239211063239
condition number(A): 5.859e+00, norm2_cond:67.38192537374876
det(A): 9.916e+15
--------------------------------------------------------------------------------

A_hhl info: after scaling by spectral radius:
Spectral radius (A): 1.000e+00, lambda_min:0.170681572905302
condition number(A): 5.859e+00, norm2_cond:67.38192537374891
det(A): 1.881e-05, nnz: 11 non zeros per row
--------------------------------------------------------------------------------

Size of A & B are not power of 2:
Next 2 power of 15 = 16
Value to be padded = 1
--------------------------------------------------

==================== Print (N)^2 padded matrix system =======================
Padded shape of A: (15, 15)x(15, 15) -> (16, 16)x(16, 16)
Padded shape of B: (15,) -> (16,)
Determinant of padded matrix: 1.8805287662535658e-05
Condition # of padded matrix: 67.38192537374891


Matrix is not Hermitian. Making it Hermitian.......

==================== Print Hermitian matrix system info =======================
Shape of hermitian A: 16x16 -> 32x32
Shape of           B: 16 -> 32
Determinant of Hermitian matrix: 3.536388440707183e-10
Condition # of Hermitian matrix: 67.38192537374894

=================================== Generating HHL circuit ===================================
Time elapsed for generating HHL circuit: 0 min 8.41 sec

Generated circuit: num_qubits=14, gates=19, depth=5
============================== Generated Circuit saved ==============================

============================== Transpiling circuit ==============================
This is using the AerSimulator('aer_simulator_statevector') transpiler.
Time elapsed for transpiling the circuit:  0 min 1.53 sec
Transpiled circuit, num_qubits: 14, (original: 14)
Transpiled circuit depth: 22395 (original: 5)
Transpiled circuit gates: 22499 (original: 19)
============================== Transpiled Circuit saved ==============================
Time elapsed for running the circuit:  0 min 1.89 sec
total_qubits: 14, nq:5

Time elapsed for extracting shots-based hhl counts solution:  0 min 0.00 sec

[HHL info]: linear system residual (e=||Ax-b||_2): 0.001769133350176969
[HHL info]: Fidelity(true_sol, hhl_sol): 0.9863177208552741
[HHL info]: L2 error (absolute): 0.0001574670768706829
[HHL info]: L2 error (relative): 0.528079568771671
[HHL info]: L2 error (normalized): 0.1171725363433933

========================================================================================
 Compare system solutions using LU of A, LU sol of A_herm, HHL of Ax=b hermition system
LU sol 	    Herm LU sol    HHL sol    L1_diff(%)
-4.909e-05  -4.909e-05  -2.466e-05  4.976e+01
-6.584e-05  -6.584e-05  -2.948e-05  5.523e+01
-6.879e-05  -6.879e-05  -3.020e-05  5.609e+01
-5.960e-05  -5.960e-05  -2.636e-05  5.576e+01
 3.302e-05   3.302e-05   9.321e-06  7.177e+01
 8.328e-06   8.328e-06   1.318e-05  5.828e+01
 7.907e-05   7.907e-05   3.091e-05  6.090e+01
 5.367e-05   5.367e-05   2.948e-05  4.508e+01
 9.856e-05   9.856e-05   5.355e-05  4.567e+01
 5.806e-05   5.806e-05   3.161e-05  4.555e+01
 3.176e-05   3.176e-05   1.142e-05  6.405e+01
 1.634e-04   1.634e-04   7.854e-05  5.194e+01
 4.791e-05   4.791e-05   2.186e-05  5.438e+01
 5.148e-05   5.148e-05   2.466e-05  5.209e+01
 1.336e-04   1.336e-04   6.253e-05  5.320e+01
========================================================================================

step: 14/15 res:0.0027626643480375395, res/res0:0.00022323895787625648  dq_norm: [6.11226419e-05 5.06266158e-05 1.18455206e-04]
Completed: 14 steps in 196.44s
Saved metadata to /lustre/orion/stf006/scratch/4klornl/fvm_euler_1d_solver/output_parallel_shots/trials2/statevector/shots_50000/trial_0/metadata_nelem5_HHL_statevector_nshots50000.pkl

Solution summary:
  x/L: [0.1000, 0.9000]
  Mach: [1.5204, 2.1517]
  p/p_in: [0.9798, 0.3652]
  rho/rho_in: [0.9875, 0.4837]
Saved combined plot to /lustre/orion/stf006/scratch/4klornl/fvm_euler_1d_solver/output_parallel_shots/trials2/statevector/shots_50000/trial_0/solution_plot_nelem5_HHL_statevector_nshots50000.png
