
------------------------------------------------------------
Using ideal local simulator with 'statevector' method
Backend: aer_simulator_statevector
Shots: 150000
------------------------------------------------------------

A info: before HHL prepare:
Spectral radius (A): 2.241e+01, lambda_min:2.3074021727489433
condition number(A): 9.710e+00, norm2_cond:95.97789014324577
det(A): 9.333e+14
--------------------------------------------------------------------------------

A_hhl info: after scaling by spectral radius:
Spectral radius (A): 1.000e+00, lambda_min:0.1029832130561069
condition number(A): 9.710e+00, norm2_cond:95.9778901432457
det(A): 5.184e-06, nnz: 10 non zeros per row
--------------------------------------------------------------------------------

Size of A & B are not power of 2:
Next 2 power of 15 = 16
Value to be padded = 1
--------------------------------------------------

==================== Print (N)^2 padded matrix system =======================
Padded shape of A: (15, 15)x(15, 15) -> (16, 16)x(16, 16)
Padded shape of B: (15,) -> (16,)
Determinant of padded matrix: 5.183984510966138e-06
Condition # of padded matrix: 95.9778901432457


Matrix is not Hermitian. Making it Hermitian.......

==================== Print Hermitian matrix system info =======================
Shape of hermitian A: 16x16 -> 32x32
Shape of           B: 16 -> 32
Determinant of Hermitian matrix: 2.6873695409936828e-11
Condition # of Hermitian matrix: 95.9778901432459

=================================== Generating HHL circuit ===================================
Time elapsed for generating HHL circuit: 0 min 6.50 sec

Generated circuit: num_qubits=14, gates=19, depth=5
============================== Generated Circuit saved ==============================

============================== Transpiling circuit ==============================
This is using the AerSimulator('aer_simulator_statevector') transpiler.
Time elapsed for transpiling the circuit:  0 min 1.42 sec
Transpiled circuit, num_qubits: 14, (original: 14)
Transpiled circuit depth: 22395 (original: 5)
Transpiled circuit gates: 22499 (original: 19)
============================== Transpiled Circuit saved ==============================
Time elapsed for running the circuit:  0 min 1.84 sec
total_qubits: 14, nq:5

Time elapsed for extracting shots-based hhl counts solution:  0 min 0.00 sec

[HHL info]: linear system residual (e=||Ax-b||_2): 1.8313859096228327
[HHL info]: Fidelity(true_sol, hhl_sol): 0.9990370411271038
[HHL info]: L2 error (absolute): 0.11649525668756208
[HHL info]: L2 error (relative): 0.043073263610081874
[HHL info]: L2 error (normalized): 0.031035315481379826

========================================================================================
 Compare system solutions using LU of A, LU sol of A_herm, HHL of Ax=b hermition system
LU sol 	    Herm LU sol    HHL sol    L1_diff(%)
-1.705e-02  -1.705e-02  -0.000e+00  1.000e+02
-7.527e-03  -7.527e-03  -0.000e+00  1.000e+02
-3.946e-02  -3.946e-02  -5.933e-02  5.034e+01
-1.283e-01  -1.283e-01  -8.390e-02  3.458e+01
-6.877e-02  -6.877e-02  -5.933e-02  1.372e+01
-2.800e-01  -2.800e-01  -2.783e-01  6.198e-01
-4.114e-01  -4.114e-01  -4.067e-01  1.140e+00
-4.227e-01  -4.227e-01  -4.440e-01  5.028e+00
-1.109e+00  -1.109e+00  -1.124e+00  1.325e+00
-5.252e-01  -5.252e-01  -5.405e-01  2.918e+00
-5.558e-01  -5.558e-01  -5.629e-01  1.276e+00
-1.428e+00  -1.428e+00  -1.439e+00  7.673e-01
-5.637e-01  -5.637e-01  -5.752e-01  2.038e+00
-5.958e-01  -5.958e-01  -6.335e-01  6.329e+00
-1.529e+00  -1.529e+00  -1.619e+00  5.893e+00
========================================================================================

step: 0/15 res:12.375368413827264, res/res0:1.0  dq_norm: [0.89192065 0.9585003  2.4569938 ]

A info: before HHL prepare:
Spectral radius (A): 2.446e+01, lambda_min:5.462399837142807
condition number(A): 4.478e+00, norm2_cond:59.4196681498966
det(A): 1.994e+16
--------------------------------------------------------------------------------

A_hhl info: after scaling by spectral radius:
Spectral radius (A): 1.000e+00, lambda_min:0.22329435708946058
condition number(A): 4.478e+00, norm2_cond:59.419668149896694
det(A): 2.965e-05, nnz: 11 non zeros per row
--------------------------------------------------------------------------------

Size of A & B are not power of 2:
Next 2 power of 15 = 16
Value to be padded = 1
--------------------------------------------------

==================== Print (N)^2 padded matrix system =======================
Padded shape of A: (15, 15)x(15, 15) -> (16, 16)x(16, 16)
Padded shape of B: (15,) -> (16,)
Determinant of padded matrix: 2.965354363462526e-05
Condition # of padded matrix: 59.419668149896694


Matrix is not Hermitian. Making it Hermitian.......

==================== Print Hermitian matrix system info =======================
Shape of hermitian A: 16x16 -> 32x32
Shape of           B: 16 -> 32
Determinant of Hermitian matrix: 8.793326500906244e-10
Condition # of Hermitian matrix: 59.41966814989666

=================================== Generating HHL circuit ===================================
Time elapsed for generating HHL circuit: 0 min 5.75 sec

Generated circuit: num_qubits=13, gates=18, depth=5
============================== Generated Circuit saved ==============================

============================== Transpiling circuit ==============================
This is using the AerSimulator('aer_simulator_statevector') transpiler.
Time elapsed for transpiling the circuit:  0 min 1.07 sec
Transpiled circuit, num_qubits: 13, (original: 13)
Transpiled circuit depth: 19298 (original: 5)
Transpiled circuit gates: 19383 (original: 18)
============================== Transpiled Circuit saved ==============================
Time elapsed for running the circuit:  0 min 1.35 sec
total_qubits: 13, nq:5

Time elapsed for extracting shots-based hhl counts solution:  0 min 0.00 sec

[HHL info]: linear system residual (e=||Ax-b||_2): 0.4415016413089385
[HHL info]: Fidelity(true_sol, hhl_sol): 0.9992367031382203
[HHL info]: L2 error (absolute): 0.061979358396103315
[HHL info]: L2 error (relative): 0.24388154467674716
[HHL info]: L2 error (normalized): 0.0276304645802478

========================================================================================
 Compare system solutions using LU of A, LU sol of A_herm, HHL of Ax=b hermition system
LU sol 	    Herm LU sol    HHL sol    L1_diff(%)
-1.212e-02  -1.212e-02  -9.109e-03  2.481e+01
-4.155e-03  -4.155e-03  -4.074e-03  1.957e+00
 3.278e-02   3.278e-02   2.671e-02  1.850e+01
-3.088e-02  -3.088e-02  -2.268e-02  2.656e+01
-1.214e-02  -1.214e-02  -9.109e-03  2.497e+01
 2.851e-02   2.851e-02   2.156e-02  2.439e+01
 2.274e-02   2.274e-02   1.629e-02  2.834e+01
 2.118e-02   2.118e-02   1.776e-02  1.615e+01
 8.295e-02   8.295e-02   6.165e-02  2.568e+01
 5.202e-02   5.202e-02   4.134e-02  2.053e+01
 1.019e-02   1.019e-02   1.078e-02  5.742e+00
 1.005e-01   1.005e-01   7.467e-02  2.568e+01
 5.463e-02   5.463e-02   3.991e-02  2.694e+01
 3.846e-02   3.846e-02   2.994e-02  2.216e+01
 1.903e-01   1.903e-01   1.445e-01  2.405e+01
========================================================================================

step: 1/15 res:2.029190981042152, res/res0:0.16397014724627457  dq_norm: [0.06454011 0.03777827 0.17733622]

A info: before HHL prepare:
Spectral radius (A): 2.423e+01, lambda_min:4.4702231813076425
condition number(A): 5.420e+00, norm2_cond:64.22057557387383
det(A): 1.284e+16
--------------------------------------------------------------------------------

A_hhl info: after scaling by spectral radius:
Spectral radius (A): 1.000e+00, lambda_min:0.18449589711946995
condition number(A): 5.420e+00, norm2_cond:64.22057557387383
det(A): 2.205e-05, nnz: 11 non zeros per row
--------------------------------------------------------------------------------

Size of A & B are not power of 2:
Next 2 power of 15 = 16
Value to be padded = 1
--------------------------------------------------

==================== Print (N)^2 padded matrix system =======================
Padded shape of A: (15, 15)x(15, 15) -> (16, 16)x(16, 16)
Padded shape of B: (15,) -> (16,)
Determinant of padded matrix: 2.2052107968902975e-05
Condition # of padded matrix: 64.22057557387383


Matrix is not Hermitian. Making it Hermitian.......

==================== Print Hermitian matrix system info =======================
Shape of hermitian A: 16x16 -> 32x32
Shape of           B: 16 -> 32
Determinant of Hermitian matrix: 4.862954658721558e-10
Condition # of Hermitian matrix: 64.22057557387404

=================================== Generating HHL circuit ===================================
Time elapsed for generating HHL circuit: 0 min 6.88 sec

Generated circuit: num_qubits=14, gates=19, depth=5
============================== Generated Circuit saved ==============================

============================== Transpiling circuit ==============================
This is using the AerSimulator('aer_simulator_statevector') transpiler.
Time elapsed for transpiling the circuit:  0 min 1.23 sec
Transpiled circuit, num_qubits: 14, (original: 14)
Transpiled circuit depth: 22391 (original: 5)
Transpiled circuit gates: 22495 (original: 19)
============================== Transpiled Circuit saved ==============================
Time elapsed for running the circuit:  0 min 1.82 sec
total_qubits: 14, nq:5

Time elapsed for extracting shots-based hhl counts solution:  0 min 0.00 sec

[HHL info]: linear system residual (e=||Ax-b||_2): 0.1849312243021325
[HHL info]: Fidelity(true_sol, hhl_sol): 0.9990756573031718
[HHL info]: L2 error (absolute): 0.0321999829175196
[HHL info]: L2 error (relative): 0.39277411330436623
[HHL info]: L2 error (normalized): 0.030406519004345125

========================================================================================
 Compare system solutions using LU of A, LU sol of A_herm, HHL of Ax=b hermition system
LU sol 	    Herm LU sol    HHL sol    L1_diff(%)
-3.374e-03  -3.374e-03  -2.063e-03  3.886e+01
-4.191e-04  -4.191e-04  -0.000e+00  1.000e+02
 4.038e-03   4.038e-03   2.382e-03  4.101e+01
-7.495e-03  -7.495e-03  -4.983e-03  3.352e+01
-2.364e-03  -2.364e-03  -8.422e-04  6.437e+01
 6.700e-03   6.700e-03   4.039e-03  3.972e+01
 9.690e-03   9.690e-03   6.842e-03  2.939e+01
 5.215e-03   5.215e-03   3.671e-03  2.961e+01
 2.798e-02   2.798e-02   1.687e-02  3.972e+01
 1.554e-02   1.554e-02   9.491e-03  3.894e+01
-2.081e-03  -2.081e-03  -1.191e-03  4.277e+01
 3.816e-02   3.816e-02   2.369e-02  3.792e+01
 1.847e-02   1.847e-02   1.095e-02  4.071e+01
 8.025e-03   8.025e-03   4.689e-03  4.157e+01
 5.979e-02   5.979e-02   3.596e-02  3.986e+01
========================================================================================

step: 2/15 res:0.47793601536829367, res/res0:0.0386199424038387  dq_norm: [0.01690711 0.00613133 0.04648168]

A info: before HHL prepare:
Spectral radius (A): 2.413e+01, lambda_min:4.252681197146694
condition number(A): 5.673e+00, norm2_cond:65.9937026201879
det(A): 1.106e+16
--------------------------------------------------------------------------------

A_hhl info: after scaling by spectral radius:
Spectral radius (A): 1.000e+00, lambda_min:0.1762605158350712
condition number(A): 5.673e+00, norm2_cond:65.99370262018803
det(A): 2.023e-05, nnz: 11 non zeros per row
--------------------------------------------------------------------------------

Size of A & B are not power of 2:
Next 2 power of 15 = 16
Value to be padded = 1
--------------------------------------------------

==================== Print (N)^2 padded matrix system =======================
Padded shape of A: (15, 15)x(15, 15) -> (16, 16)x(16, 16)
Padded shape of B: (15,) -> (16,)
Determinant of padded matrix: 2.023051857833419e-05
Condition # of padded matrix: 65.99370262018803


Matrix is not Hermitian. Making it Hermitian.......

==================== Print Hermitian matrix system info =======================
Shape of hermitian A: 16x16 -> 32x32
Shape of           B: 16 -> 32
Determinant of Hermitian matrix: 4.092738819483248e-10
Condition # of Hermitian matrix: 65.99370262018806

=================================== Generating HHL circuit ===================================
Time elapsed for generating HHL circuit: 0 min 6.43 sec

Generated circuit: num_qubits=14, gates=19, depth=5
============================== Generated Circuit saved ==============================

============================== Transpiling circuit ==============================
This is using the AerSimulator('aer_simulator_statevector') transpiler.
Time elapsed for transpiling the circuit:  0 min 1.21 sec
Transpiled circuit, num_qubits: 14, (original: 14)
Transpiled circuit depth: 22395 (original: 5)
Transpiled circuit gates: 22499 (original: 19)
============================== Transpiled Circuit saved ==============================
Time elapsed for running the circuit:  0 min 1.80 sec
total_qubits: 14, nq:5

Time elapsed for extracting shots-based hhl counts solution:  0 min 0.00 sec

[HHL info]: linear system residual (e=||Ax-b||_2): 0.03313574744516021
[HHL info]: Fidelity(true_sol, hhl_sol): 0.9990038197335006
[HHL info]: L2 error (absolute): 0.006979708249734955
[HHL info]: L2 error (relative): 0.2009529501813908
[HHL info]: L2 error (normalized): 0.03156625546260489

========================================================================================
 Compare system solutions using LU of A, LU sol of A_herm, HHL of Ax=b hermition system
LU sol 	    Herm LU sol    HHL sol    L1_diff(%)
-1.348e-03  -1.348e-03  -1.082e-03  1.974e+01
-4.587e-04  -4.587e-04  -4.419e-04  3.666e+00
 1.490e-03   1.490e-03   1.465e-03  1.672e+00
-2.410e-03  -2.410e-03  -1.875e-03  2.222e+01
-1.419e-03  -1.419e-03  -4.419e-04  6.886e+01
 2.784e-03   2.784e-03   2.420e-03  1.308e+01
 3.244e-03   3.244e-03   2.538e-03  2.176e+01
 1.693e-03   1.693e-03   1.653e-03  2.368e+00
 1.200e-02   1.200e-02   9.559e-03  2.037e+01
 6.597e-03   6.597e-03   5.483e-03  1.688e+01
-1.002e-03  -1.002e-03  -7.653e-04  2.361e+01
 1.607e-02   1.607e-02   1.277e-02  2.056e+01
 8.015e-03   8.015e-03   6.433e-03  1.973e+01
 3.302e-03   3.302e-03   2.795e-03  1.536e+01
 2.552e-02   2.552e-02   2.044e-02  1.991e+01
========================================================================================

step: 3/15 res:0.18636241128287936, res/res0:0.015059140467660959  dq_norm: [0.00908756 0.00339393 0.02607677]

A info: before HHL prepare:
Spectral radius (A): 2.408e+01, lambda_min:4.1405276673919715
condition number(A): 5.816e+00, norm2_cond:67.05401655715488
det(A): 1.017e+16
--------------------------------------------------------------------------------

A_hhl info: after scaling by spectral radius:
Spectral radius (A): 1.000e+00, lambda_min:0.17193559065991207
condition number(A): 5.816e+00, norm2_cond:67.05401655715482
det(A): 1.914e-05, nnz: 11 non zeros per row
--------------------------------------------------------------------------------

Size of A & B are not power of 2:
Next 2 power of 15 = 16
Value to be padded = 1
--------------------------------------------------

==================== Print (N)^2 padded matrix system =======================
Padded shape of A: (15, 15)x(15, 15) -> (16, 16)x(16, 16)
Padded shape of B: (15,) -> (16,)
Determinant of padded matrix: 1.9141123998363154e-05
Condition # of padded matrix: 67.05401655715482


Matrix is not Hermitian. Making it Hermitian.......

==================== Print Hermitian matrix system info =======================
Shape of hermitian A: 16x16 -> 32x32
Shape of           B: 16 -> 32
Determinant of Hermitian matrix: 3.6638262792071383e-10
Condition # of Hermitian matrix: 67.05401655715497

=================================== Generating HHL circuit ===================================
Time elapsed for generating HHL circuit: 0 min 6.56 sec

Generated circuit: num_qubits=14, gates=19, depth=5
============================== Generated Circuit saved ==============================

============================== Transpiling circuit ==============================
This is using the AerSimulator('aer_simulator_statevector') transpiler.
Time elapsed for transpiling the circuit:  0 min 1.20 sec
Transpiled circuit, num_qubits: 14, (original: 14)
Transpiled circuit depth: 22393 (original: 5)
Transpiled circuit gates: 22497 (original: 19)
============================== Transpiled Circuit saved ==============================
Time elapsed for running the circuit:  0 min 1.81 sec
total_qubits: 14, nq:5

Time elapsed for extracting shots-based hhl counts solution:  0 min 0.00 sec

[HHL info]: linear system residual (e=||Ax-b||_2): 0.021743710590987703
[HHL info]: Fidelity(true_sol, hhl_sol): 0.9994522313009986
[HHL info]: L2 error (absolute): 0.004839115229717196
[HHL info]: L2 error (relative): 0.6447346662883117
[HHL info]: L2 error (normalized): 0.023406061868454384

========================================================================================
 Compare system solutions using LU of A, LU sol of A_herm, HHL of Ax=b hermition system
LU sol 	    Herm LU sol    HHL sol    L1_diff(%)
-2.744e-04  -2.744e-04  -7.258e-05  7.355e+01
-2.238e-05  -2.238e-05  -0.000e+00  1.000e+02
-3.134e-06  -3.134e-06  -0.000e+00  1.000e+02
-5.257e-04  -5.257e-04  -1.815e-04  6.548e+01
-9.641e-04  -9.641e-04  -3.404e-04  6.469e+01
 3.702e-04   3.702e-04   1.496e-04  5.958e+01
 7.766e-04   7.766e-04   2.903e-04  6.261e+01
 7.313e-05   7.313e-05   3.629e-05  5.038e+01
 2.618e-03   2.618e-03   9.471e-04  6.383e+01
 1.229e-03   1.229e-03   4.676e-04  6.196e+01
-2.609e-04  -2.609e-04  -8.890e-05  6.592e+01
 3.632e-03   3.632e-03   1.278e-03  6.482e+01
 1.691e-03   1.691e-03   6.180e-04  6.346e+01
 4.993e-04   4.993e-04   2.021e-04  5.953e+01
 5.438e-03   5.438e-03   1.917e-03  6.475e+01
========================================================================================

step: 4/15 res:0.033830489647606155, res/res0:0.0027336955568778563  dq_norm: [0.00085034 0.00040737 0.00249542]

A info: before HHL prepare:
Spectral radius (A): 2.408e+01, lambda_min:4.128839761054202
condition number(A): 5.831e+00, norm2_cond:67.16611413766586
det(A): 1.008e+16
--------------------------------------------------------------------------------

A_hhl info: after scaling by spectral radius:
Spectral radius (A): 1.000e+00, lambda_min:0.17148498599051332
condition number(A): 5.831e+00, norm2_cond:67.1661141376657
det(A): 1.902e-05, nnz: 11 non zeros per row
--------------------------------------------------------------------------------

Size of A & B are not power of 2:
Next 2 power of 15 = 16
Value to be padded = 1
--------------------------------------------------

==================== Print (N)^2 padded matrix system =======================
Padded shape of A: (15, 15)x(15, 15) -> (16, 16)x(16, 16)
Padded shape of B: (15,) -> (16,)
Determinant of padded matrix: 1.9021649891937693e-05
Condition # of padded matrix: 67.1661141376657


Matrix is not Hermitian. Making it Hermitian.......

==================== Print Hermitian matrix system info =======================
Shape of hermitian A: 16x16 -> 32x32
Shape of           B: 16 -> 32
Determinant of Hermitian matrix: 3.618231646114493e-10
Condition # of Hermitian matrix: 67.16611413766572

=================================== Generating HHL circuit ===================================
Time elapsed for generating HHL circuit: 0 min 6.43 sec

Generated circuit: num_qubits=14, gates=19, depth=5
============================== Generated Circuit saved ==============================

============================== Transpiling circuit ==============================
This is using the AerSimulator('aer_simulator_statevector') transpiler.
Time elapsed for transpiling the circuit:  0 min 1.36 sec
Transpiled circuit, num_qubits: 14, (original: 14)
Transpiled circuit depth: 22397 (original: 5)
Transpiled circuit gates: 22501 (original: 19)
============================== Transpiled Circuit saved ==============================
Time elapsed for running the circuit:  0 min 1.80 sec
total_qubits: 14, nq:5

Time elapsed for extracting shots-based hhl counts solution:  0 min 0.00 sec

[HHL info]: linear system residual (e=||Ax-b||_2): 0.014850041770212822
[HHL info]: Fidelity(true_sol, hhl_sol): 0.9995343838752185
[HHL info]: L2 error (absolute): 0.0033280725168391783
[HHL info]: L2 error (relative): 0.6854191877653606
[HHL info]: L2 error (normalized): 0.021579396122158267

========================================================================================
 Compare system solutions using LU of A, LU sol of A_herm, HHL of Ax=b hermition system
LU sol 	    Herm LU sol    HHL sol    L1_diff(%)
-2.019e-04  -2.019e-04  -5.450e-05  7.301e+01
-2.249e-05  -2.249e-05  -0.000e+00  1.000e+02
-3.576e-06  -3.576e-06  -0.000e+00  1.000e+02
-3.438e-04  -3.438e-04  -9.439e-05  7.255e+01
-6.233e-04  -6.233e-04  -2.029e-04  6.745e+01
 2.216e-04   2.216e-04   7.707e-05  6.523e+01
 4.881e-04   4.881e-04   1.648e-04  6.624e+01
 3.745e-05   3.745e-05   2.060e-05  4.500e+01
 1.676e-03   1.676e-03   5.203e-04  6.896e+01
 7.646e-04   7.646e-04   2.497e-04  6.734e+01
-1.722e-04  -1.722e-04  -4.120e-05  7.608e+01
 2.364e-03   2.364e-03   7.498e-04  6.828e+01
 1.077e-03   1.077e-03   3.296e-04  6.940e+01
 2.972e-04   2.972e-04   8.739e-05  7.060e+01
 3.532e-03   3.532e-03   1.111e-03  6.854e+01
========================================================================================

step: 5/15 res:0.021748933482936394, res/res0:0.0017574372540405218  dq_norm: [0.00045827 0.00022564 0.00144007]

A info: before HHL prepare:
Spectral radius (A): 2.407e+01, lambda_min:4.122214049835596
condition number(A): 5.840e+00, norm2_cond:67.23365277878085
det(A): 1.002e+16
--------------------------------------------------------------------------------

A_hhl info: after scaling by spectral radius:
Spectral radius (A): 1.000e+00, lambda_min:0.1712287780278566
condition number(A): 5.840e+00, norm2_cond:67.23365277878082
det(A): 1.895e-05, nnz: 11 non zeros per row
--------------------------------------------------------------------------------

Size of A & B are not power of 2:
Next 2 power of 15 = 16
Value to be padded = 1
--------------------------------------------------

==================== Print (N)^2 padded matrix system =======================
Padded shape of A: (15, 15)x(15, 15) -> (16, 16)x(16, 16)
Padded shape of B: (15,) -> (16,)
Determinant of padded matrix: 1.8954842469835944e-05
Condition # of padded matrix: 67.23365277878082


Matrix is not Hermitian. Making it Hermitian.......

==================== Print Hermitian matrix system info =======================
Shape of hermitian A: 16x16 -> 32x32
Shape of           B: 16 -> 32
Determinant of Hermitian matrix: 3.5928605305629773e-10
Condition # of Hermitian matrix: 67.23365277878092

=================================== Generating HHL circuit ===================================
Time elapsed for generating HHL circuit: 0 min 6.44 sec

Generated circuit: num_qubits=14, gates=19, depth=5
============================== Generated Circuit saved ==============================

============================== Transpiling circuit ==============================
This is using the AerSimulator('aer_simulator_statevector') transpiler.
Time elapsed for transpiling the circuit:  0 min 1.20 sec
Transpiled circuit, num_qubits: 14, (original: 14)
Transpiled circuit depth: 22397 (original: 5)
Transpiled circuit gates: 22501 (original: 19)
============================== Transpiled Circuit saved ==============================
Time elapsed for running the circuit:  0 min 1.81 sec
total_qubits: 14, nq:5

Time elapsed for extracting shots-based hhl counts solution:  0 min 0.00 sec

[HHL info]: linear system residual (e=||Ax-b||_2): 0.010118610739282236
[HHL info]: Fidelity(true_sol, hhl_sol): 0.9994348155306386
[HHL info]: L2 error (absolute): 0.0022061931578504813
[HHL info]: L2 error (relative): 0.6616602103296427
[HHL info]: L2 error (normalized): 0.023775288648240335

========================================================================================
 Compare system solutions using LU of A, LU sol of A_herm, HHL of Ax=b hermition system
LU sol 	    Herm LU sol    HHL sol    L1_diff(%)
-1.475e-04  -1.475e-04  -3.721e-05  7.477e+01
-2.253e-05  -2.253e-05  -0.000e+00  1.000e+02
-3.735e-06  -3.735e-06  -0.000e+00  1.000e+02
-2.493e-04  -2.493e-04  -8.592e-05  6.553e+01
-4.203e-04  -4.203e-04  -1.384e-04  6.708e+01
 1.450e-04   1.450e-04   5.477e-05  6.222e+01
 3.240e-04   3.240e-04   1.041e-04  6.786e+01
 1.706e-05   1.706e-05   0.000e+00  1.000e+02
 1.158e-03   1.158e-03   3.938e-04  6.599e+01
 5.161e-04   5.161e-04   1.810e-04  6.493e+01
-1.310e-04  -1.310e-04  -2.631e-05  7.992e+01
 1.618e-03   1.618e-03   5.458e-04  6.627e+01
 7.487e-04   7.487e-04   2.542e-04  6.605e+01
 2.098e-04   2.098e-04   6.793e-05  6.762e+01
 2.426e-03   2.426e-03   8.225e-04  6.609e+01
========================================================================================

step: 6/15 res:0.014851734059971554, res/res0:0.0012001043979731054  dq_norm: [0.00034201 0.00015638 0.00106412]

A info: before HHL prepare:
Spectral radius (A): 2.407e+01, lambda_min:4.117348947281305
condition number(A): 5.847e+00, norm2_cond:67.28510899019737
det(A): 9.986e+15
--------------------------------------------------------------------------------

A_hhl info: after scaling by spectral radius:
Spectral radius (A): 1.000e+00, lambda_min:0.17103958109480424
condition number(A): 5.847e+00, norm2_cond:67.28510899019734
det(A): 1.890e-05, nnz: 11 non zeros per row
--------------------------------------------------------------------------------

Size of A & B are not power of 2:
Next 2 power of 15 = 16
Value to be padded = 1
--------------------------------------------------

==================== Print (N)^2 padded matrix system =======================
Padded shape of A: (15, 15)x(15, 15) -> (16, 16)x(16, 16)
Padded shape of B: (15,) -> (16,)
Determinant of padded matrix: 1.8904333619794656e-05
Condition # of padded matrix: 67.28510899019734


Matrix is not Hermitian. Making it Hermitian.......

==================== Print Hermitian matrix system info =======================
Shape of hermitian A: 16x16 -> 32x32
Shape of           B: 16 -> 32
Determinant of Hermitian matrix: 3.573738296084998e-10
Condition # of Hermitian matrix: 67.2851089901973

=================================== Generating HHL circuit ===================================
Time elapsed for generating HHL circuit: 0 min 6.45 sec

Generated circuit: num_qubits=14, gates=19, depth=5
============================== Generated Circuit saved ==============================

============================== Transpiling circuit ==============================
This is using the AerSimulator('aer_simulator_statevector') transpiler.
Time elapsed for transpiling the circuit:  0 min 1.19 sec
Transpiled circuit, num_qubits: 14, (original: 14)
Transpiled circuit depth: 22395 (original: 5)
Transpiled circuit gates: 22499 (original: 19)
============================== Transpiled Circuit saved ==============================
Time elapsed for running the circuit:  0 min 1.80 sec
total_qubits: 14, nq:5

Time elapsed for extracting shots-based hhl counts solution:  0 min 0.00 sec

[HHL info]: linear system residual (e=||Ax-b||_2): 0.006054473932072702
[HHL info]: Fidelity(true_sol, hhl_sol): 0.9988168991875717
[HHL info]: L2 error (absolute): 0.0013629611646255014
[HHL info]: L2 error (relative): 0.6168963297070161
[HHL info]: L2 error (normalized): 0.03440132194356306

========================================================================================
 Compare system solutions using LU of A, LU sol of A_herm, HHL of Ax=b hermition system
LU sol 	    Herm LU sol    HHL sol    L1_diff(%)
-1.103e-04  -1.103e-04  -4.168e-05  6.221e+01
-2.255e-05  -2.255e-05  -0.000e+00  1.000e+02
-3.830e-06  -3.830e-06  -0.000e+00  1.000e+02
-1.633e-04  -1.633e-04  -6.436e-05  6.058e+01
-2.819e-04  -2.819e-04  -1.027e-04  6.356e+01
 9.034e-05   9.034e-05   2.585e-05  7.139e+01
 2.202e-04   2.202e-04   9.532e-05  5.671e+01
 1.716e-05   1.716e-05   1.156e-05  3.264e+01
 7.649e-04   7.649e-04   2.976e-04  6.109e+01
 3.357e-04   3.357e-04   1.196e-04  6.438e+01
-1.048e-04  -1.048e-04  -2.585e-05  7.533e+01
 1.074e-03   1.074e-03   4.069e-04  6.211e+01
 4.953e-04   4.953e-04   1.846e-04  6.273e+01
 1.418e-04   1.418e-04   6.640e-05  5.319e+01
 1.606e-03   1.606e-03   6.196e-04  6.141e+01
========================================================================================

step: 7/15 res:0.010119583619810302, res/res0:0.0008177197867098222  dq_norm: [0.00025167 0.00012557 0.00079919]

A info: before HHL prepare:
Spectral radius (A): 2.407e+01, lambda_min:4.1138997342660275
condition number(A): 5.851e+00, norm2_cond:67.3221430553244
det(A): 9.959e+15
--------------------------------------------------------------------------------

A_hhl info: after scaling by spectral radius:
Spectral radius (A): 1.000e+00, lambda_min:0.17090616153542126
condition number(A): 5.851e+00, norm2_cond:67.32214305532435
det(A): 1.887e-05, nnz: 11 non zeros per row
--------------------------------------------------------------------------------

Size of A & B are not power of 2:
Next 2 power of 15 = 16
Value to be padded = 1
--------------------------------------------------

==================== Print (N)^2 padded matrix system =======================
Padded shape of A: (15, 15)x(15, 15) -> (16, 16)x(16, 16)
Padded shape of B: (15,) -> (16,)
Determinant of padded matrix: 1.8870435223956738e-05
Condition # of padded matrix: 67.32214305532435


Matrix is not Hermitian. Making it Hermitian.......

==================== Print Hermitian matrix system info =======================
Shape of hermitian A: 16x16 -> 32x32
Shape of           B: 16 -> 32
Determinant of Hermitian matrix: 3.5609332554154593e-10
Condition # of Hermitian matrix: 67.32214305532447

=================================== Generating HHL circuit ===================================
Time elapsed for generating HHL circuit: 0 min 6.51 sec

Generated circuit: num_qubits=14, gates=19, depth=5
============================== Generated Circuit saved ==============================

============================== Transpiling circuit ==============================
This is using the AerSimulator('aer_simulator_statevector') transpiler.
Time elapsed for transpiling the circuit:  0 min 1.20 sec
Transpiled circuit, num_qubits: 14, (original: 14)
Transpiled circuit depth: 22395 (original: 5)
Transpiled circuit gates: 22499 (original: 19)
============================== Transpiled Circuit saved ==============================
Time elapsed for running the circuit:  0 min 1.81 sec
total_qubits: 14, nq:5

Time elapsed for extracting shots-based hhl counts solution:  0 min 0.00 sec

[HHL info]: linear system residual (e=||Ax-b||_2): 0.00525250161863145
[HHL info]: Fidelity(true_sol, hhl_sol): 0.9990549260637516
[HHL info]: L2 error (absolute): 0.0011785775330116338
[HHL info]: L2 error (relative): 0.8637915156966424
[HHL info]: L2 error (normalized): 0.030745688039214795

========================================================================================
 Compare system solutions using LU of A, LU sol of A_herm, HHL of Ax=b hermition system
LU sol 	    Herm LU sol    HHL sol    L1_diff(%)
-6.862e-05  -6.862e-05  -9.399e-06  8.630e+01
-2.256e-05  -2.256e-05  -0.000e+00  1.000e+02
-3.873e-06  -3.873e-06  -0.000e+00  1.000e+02
-9.889e-05  -9.889e-05  -1.353e-05  8.632e+01
-1.791e-04  -1.791e-04  -2.537e-05  8.584e+01
 6.458e-05   6.458e-05   1.205e-05  8.135e+01
 1.251e-04   1.251e-04   1.647e-05  8.683e+01
 5.647e-06   5.647e-06   0.000e+00  1.000e+02
 4.677e-04   4.677e-04   6.204e-05  8.674e+01
 2.164e-04   2.164e-04   2.831e-05  8.692e+01
-7.891e-05  -7.891e-05  -9.729e-06  8.767e+01
 6.679e-04   6.679e-04   8.976e-05  8.656e+01
 3.111e-04   3.111e-04   4.387e-05  8.590e+01
 7.544e-05   7.544e-05   1.005e-05  8.668e+01
 9.871e-04   9.871e-04   1.357e-04  8.625e+01
========================================================================================

step: 8/15 res:0.006054901244140793, res/res0:0.0004892703830437502  dq_norm: [5.71696715e-05 2.89685420e-05 1.74553845e-04]

A info: before HHL prepare:
Spectral radius (A): 2.407e+01, lambda_min:4.113055638494106
condition number(A): 5.852e+00, norm2_cond:67.33091891587975
det(A): 9.953e+15
--------------------------------------------------------------------------------

A_hhl info: after scaling by spectral radius:
Spectral radius (A): 1.000e+00, lambda_min:0.17087318234572274
condition number(A): 5.852e+00, norm2_cond:67.33091891587974
det(A): 1.886e-05, nnz: 11 non zeros per row
--------------------------------------------------------------------------------

Size of A & B are not power of 2:
Next 2 power of 15 = 16
Value to be padded = 1
--------------------------------------------------

==================== Print (N)^2 padded matrix system =======================
Padded shape of A: (15, 15)x(15, 15) -> (16, 16)x(16, 16)
Padded shape of B: (15,) -> (16,)
Determinant of padded matrix: 1.8861459931913306e-05
Condition # of padded matrix: 67.33091891587974


Matrix is not Hermitian. Making it Hermitian.......

==================== Print Hermitian matrix system info =======================
Shape of hermitian A: 16x16 -> 32x32
Shape of           B: 16 -> 32
Determinant of Hermitian matrix: 3.5575467076317235e-10
Condition # of Hermitian matrix: 67.33091891587993

=================================== Generating HHL circuit ===================================
Time elapsed for generating HHL circuit: 0 min 6.50 sec

Generated circuit: num_qubits=14, gates=19, depth=5
============================== Generated Circuit saved ==============================

============================== Transpiling circuit ==============================
This is using the AerSimulator('aer_simulator_statevector') transpiler.
Time elapsed for transpiling the circuit:  0 min 1.20 sec
Transpiled circuit, num_qubits: 14, (original: 14)
Transpiled circuit depth: 22391 (original: 5)
Transpiled circuit gates: 22495 (original: 19)
============================== Transpiled Circuit saved ==============================
Time elapsed for running the circuit:  0 min 1.81 sec
total_qubits: 14, nq:5

Time elapsed for extracting shots-based hhl counts solution:  0 min 0.00 sec

[HHL info]: linear system residual (e=||Ax-b||_2): 0.0037802004600730266
[HHL info]: Fidelity(true_sol, hhl_sol): 0.9986300014341687
[HHL info]: L2 error (absolute): 0.0008606877897053441
[HHL info]: L2 error (relative): 0.7301154925152588
[HHL info]: L2 error (normalized): 0.03701983402903792

========================================================================================
 Compare system solutions using LU of A, LU sol of A_herm, HHL of Ax=b hermition system
LU sol 	    Herm LU sol    HHL sol    L1_diff(%)
-5.922e-05  -5.922e-05  -1.406e-05  7.625e+01
-2.256e-05  -2.256e-05  -0.000e+00  1.000e+02
-3.881e-06  -3.881e-06  -0.000e+00  1.000e+02
-8.536e-05  -8.536e-05  -1.799e-05  7.892e+01
-1.538e-04  -1.538e-04  -3.840e-05  7.503e+01
 5.254e-05   5.254e-05   1.272e-05  7.579e+01
 1.086e-04   1.086e-04   3.445e-05  6.828e+01
 5.657e-06   5.657e-06   0.000e+00  1.000e+02
 4.057e-04   4.057e-04   1.113e-04  7.256e+01
 1.881e-04   1.881e-04   5.280e-05  7.194e+01
-6.919e-05  -6.919e-05  -1.587e-05  7.707e+01
 5.783e-04   5.783e-04   1.545e-04  7.329e+01
 2.672e-04   2.672e-04   7.284e-05  7.275e+01
 6.539e-05   6.539e-05   2.120e-05  6.757e+01
 8.516e-04   8.516e-04   2.303e-04  7.296e+01
========================================================================================

step: 9/15 res:0.005252527648951915, res/res0:0.00042443404295609924  dq_norm: [9.90004336e-05 4.66478391e-05 2.99052939e-04]

A info: before HHL prepare:
Spectral radius (A): 2.407e+01, lambda_min:4.111638632548925
condition number(A): 5.854e+00, norm2_cond:67.34496232409421
det(A): 9.941e+15
--------------------------------------------------------------------------------

A_hhl info: after scaling by spectral radius:
Spectral radius (A): 1.000e+00, lambda_min:0.17081861964704415
condition number(A): 5.854e+00, norm2_cond:67.34496232409408
det(A): 1.885e-05, nnz: 11 non zeros per row
--------------------------------------------------------------------------------

Size of A & B are not power of 2:
Next 2 power of 15 = 16
Value to be padded = 1
--------------------------------------------------

==================== Print (N)^2 padded matrix system =======================
Padded shape of A: (15, 15)x(15, 15) -> (16, 16)x(16, 16)
Padded shape of B: (15,) -> (16,)
Determinant of padded matrix: 1.8847321983172435e-05
Condition # of padded matrix: 67.34496232409408


Matrix is not Hermitian. Making it Hermitian.......

==================== Print Hermitian matrix system info =======================
Shape of hermitian A: 16x16 -> 32x32
Shape of           B: 16 -> 32
Determinant of Hermitian matrix: 3.5522154593737497e-10
Condition # of Hermitian matrix: 67.34496232409438

=================================== Generating HHL circuit ===================================
Time elapsed for generating HHL circuit: 0 min 6.49 sec

Generated circuit: num_qubits=14, gates=19, depth=5
============================== Generated Circuit saved ==============================

============================== Transpiling circuit ==============================
This is using the AerSimulator('aer_simulator_statevector') transpiler.
Time elapsed for transpiling the circuit:  0 min 1.20 sec
Transpiled circuit, num_qubits: 14, (original: 14)
Transpiled circuit depth: 22395 (original: 5)
Transpiled circuit gates: 22499 (original: 19)
============================== Transpiled Circuit saved ==============================
Time elapsed for running the circuit:  0 min 1.82 sec
total_qubits: 14, nq:5

Time elapsed for extracting shots-based hhl counts solution:  0 min 0.00 sec

[HHL info]: linear system residual (e=||Ax-b||_2): 0.0031946354745438477
[HHL info]: Fidelity(true_sol, hhl_sol): 0.9994291752446774
[HHL info]: L2 error (absolute): 0.0007263429083612636
[HHL info]: L2 error (relative): 0.8435757401090981
[HHL info]: L2 error (normalized): 0.023893644318123932

========================================================================================
 Compare system solutions using LU of A, LU sol of A_herm, HHL of Ax=b hermition system
LU sol 	    Herm LU sol    HHL sol    L1_diff(%)
-4.516e-05  -4.516e-05  -6.956e-06  8.460e+01
-2.256e-05  -2.256e-05  -2.540e-06  8.874e+01
-3.891e-06  -3.891e-06  -0.000e+00  1.000e+02
-6.736e-05  -6.736e-05  -8.614e-06  8.721e+01
-1.154e-04  -1.154e-04  -1.814e-05  8.428e+01
 3.984e-05   3.984e-05   5.680e-06  8.574e+01
 7.419e-05   7.419e-05   1.218e-05  8.358e+01
 5.670e-06   5.670e-06   0.000e+00  1.000e+02
 2.945e-04   2.945e-04   4.458e-05  8.486e+01
 1.354e-04   1.354e-04   2.207e-05  8.370e+01
-5.333e-05  -5.333e-05  -8.231e-06  8.457e+01
 4.240e-04   4.240e-04   6.689e-05  8.423e+01
 1.945e-04   1.945e-04   3.095e-05  8.408e+01
 4.418e-05   4.418e-05   6.476e-06  8.534e+01
 6.216e-04   6.216e-04   9.745e-05  8.432e+01
========================================================================================

step: 10/15 res:0.0037802787837006415, res/res0:0.0003054679793998581  dq_norm: [4.14272471e-05 2.10993852e-05 1.26456081e-04]

A info: before HHL prepare:
Spectral radius (A): 2.407e+01, lambda_min:4.111020728061207
condition number(A): 5.855e+00, norm2_cond:67.35122680513155
det(A): 9.937e+15
--------------------------------------------------------------------------------

A_hhl info: after scaling by spectral radius:
Spectral radius (A): 1.000e+00, lambda_min:0.17079458305591338
condition number(A): 5.855e+00, norm2_cond:67.35122680513169
det(A): 1.884e-05, nnz: 11 non zeros per row
--------------------------------------------------------------------------------

Size of A & B are not power of 2:
Next 2 power of 15 = 16
Value to be padded = 1
--------------------------------------------------

==================== Print (N)^2 padded matrix system =======================
Padded shape of A: (15, 15)x(15, 15) -> (16, 16)x(16, 16)
Padded shape of B: (15,) -> (16,)
Determinant of padded matrix: 1.8840888135554374e-05
Condition # of padded matrix: 67.35122680513169


Matrix is not Hermitian. Making it Hermitian.......

==================== Print Hermitian matrix system info =======================
Shape of hermitian A: 16x16 -> 32x32
Shape of           B: 16 -> 32
Determinant of Hermitian matrix: 3.549790657364735e-10
Condition # of Hermitian matrix: 67.35122680513189

=================================== Generating HHL circuit ===================================
Time elapsed for generating HHL circuit: 0 min 6.50 sec

Generated circuit: num_qubits=14, gates=19, depth=5
============================== Generated Circuit saved ==============================

============================== Transpiling circuit ==============================
This is using the AerSimulator('aer_simulator_statevector') transpiler.
Time elapsed for transpiling the circuit:  0 min 1.21 sec
Transpiled circuit, num_qubits: 14, (original: 14)
Transpiled circuit depth: 22395 (original: 5)
Transpiled circuit gates: 22499 (original: 19)
============================== Transpiled Circuit saved ==============================
Time elapsed for running the circuit:  0 min 1.82 sec
total_qubits: 14, nq:5

Time elapsed for extracting shots-based hhl counts solution:  0 min 0.00 sec

[HHL info]: linear system residual (e=||Ax-b||_2): 0.0025432959821817783
[HHL info]: Fidelity(true_sol, hhl_sol): 0.9993615006873786
[HHL info]: L2 error (absolute): 0.0005716688332931639
[HHL info]: L2 error (relative): 0.7869231900703952
[HHL info]: L2 error (normalized): 0.02527056124248719

========================================================================================
 Compare system solutions using LU of A, LU sol of A_herm, HHL of Ax=b hermition system
LU sol 	    Herm LU sol    HHL sol    L1_diff(%)
-3.820e-05  -3.820e-05  -6.490e-06  8.301e+01
-2.002e-05  -2.002e-05  -2.902e-06  8.551e+01
-3.894e-06  -3.894e-06  -0.000e+00  1.000e+02
-5.874e-05  -5.874e-05  -1.282e-05  7.818e+01
-9.723e-05  -9.723e-05  -2.000e-05  7.943e+01
 3.416e-05   3.416e-05   7.948e-06  7.673e+01
 6.202e-05   6.202e-05   1.197e-05  8.071e+01
 5.674e-06   5.674e-06   0.000e+00  1.000e+02
 2.500e-04   2.500e-04   5.256e-05  7.897e+01
 1.133e-04   1.133e-04   2.367e-05  7.912e+01
-4.510e-05  -4.510e-05  -9.178e-06  7.965e+01
 3.572e-04   3.572e-04   7.766e-05  7.826e+01
 1.636e-04   1.636e-04   3.452e-05  7.889e+01
 3.771e-05   3.771e-05   9.626e-06  7.447e+01
 5.242e-04   5.242e-04   1.115e-04  7.873e+01
========================================================================================

step: 11/15 res:0.003194650448996687, res/res0:0.0002581458864228426  dq_norm: [4.58422751e-05 2.41948699e-05 1.45921546e-04]

A info: before HHL prepare:
Spectral radius (A): 2.407e+01, lambda_min:4.110356516695478
condition number(A): 5.856e+00, norm2_cond:67.35831136028604
det(A): 9.932e+15
--------------------------------------------------------------------------------

A_hhl info: after scaling by spectral radius:
Spectral radius (A): 1.000e+00, lambda_min:0.17076848399809028
condition number(A): 5.856e+00, norm2_cond:67.35831136028598
det(A): 1.883e-05, nnz: 11 non zeros per row
--------------------------------------------------------------------------------

Size of A & B are not power of 2:
Next 2 power of 15 = 16
Value to be padded = 1
--------------------------------------------------

==================== Print (N)^2 padded matrix system =======================
Padded shape of A: (15, 15)x(15, 15) -> (16, 16)x(16, 16)
Padded shape of B: (15,) -> (16,)
Determinant of padded matrix: 1.8833876888648744e-05
Condition # of padded matrix: 67.35831136028598


Matrix is not Hermitian. Making it Hermitian.......

==================== Print Hermitian matrix system info =======================
Shape of hermitian A: 16x16 -> 32x32
Shape of           B: 16 -> 32
Determinant of Hermitian matrix: 3.547149186567773e-10
Condition # of Hermitian matrix: 67.35831136028612

=================================== Generating HHL circuit ===================================
Time elapsed for generating HHL circuit: 0 min 6.51 sec

Generated circuit: num_qubits=14, gates=19, depth=5
============================== Generated Circuit saved ==============================

============================== Transpiling circuit ==============================
This is using the AerSimulator('aer_simulator_statevector') transpiler.
Time elapsed for transpiling the circuit:  0 min 1.20 sec
Transpiled circuit, num_qubits: 14, (original: 14)
Transpiled circuit depth: 22393 (original: 5)
Transpiled circuit gates: 22497 (original: 19)
============================== Transpiled Circuit saved ==============================
Time elapsed for running the circuit:  0 min 1.80 sec
total_qubits: 14, nq:5

Time elapsed for extracting shots-based hhl counts solution:  0 min 0.00 sec

[HHL info]: linear system residual (e=||Ax-b||_2): 0.002164863259149633
[HHL info]: Fidelity(true_sol, hhl_sol): 0.9994738303807973
[HHL info]: L2 error (absolute): 0.0004826087807519778
[HHL info]: L2 error (relative): 0.8440556819623523
[HHL info]: L2 error (normalized): 0.02293989649122151

========================================================================================
 Compare system solutions using LU of A, LU sol of A_herm, HHL of Ax=b hermition system
LU sol 	    Herm LU sol    HHL sol    L1_diff(%)
-3.171e-05  -3.171e-05  -4.419e-06  8.607e+01
-1.712e-05  -1.712e-05  -2.362e-06  8.620e+01
-3.898e-06  -3.898e-06  -0.000e+00  1.000e+02
-4.593e-05  -4.593e-05  -6.576e-06  8.568e+01
-7.722e-05  -7.722e-05  -1.255e-05  8.374e+01
 2.622e-05   2.622e-05   4.870e-06  8.143e+01
 5.007e-05   5.007e-05   7.281e-06  8.546e+01
 5.679e-06   5.679e-06   0.000e+00  1.000e+02
 1.974e-04   1.974e-04   3.080e-05  8.440e+01
 8.970e-05   8.970e-05   1.367e-05  8.476e+01
-3.592e-05  -3.592e-05  -5.282e-06  8.530e+01
 2.796e-04   2.796e-04   4.354e-05  8.443e+01
 1.291e-04   1.291e-04   2.063e-05  8.402e+01
 2.808e-05   2.808e-05   3.543e-06  8.738e+01
 4.127e-04   4.127e-04   6.446e-05  8.438e+01
========================================================================================

step: 12/15 res:0.0025433133156952782, res/res0:0.00020551414961138286  dq_norm: [2.69843929e-05 1.42709810e-05 8.38063907e-05]

A info: before HHL prepare:
Spectral radius (A): 2.407e+01, lambda_min:4.109947292422588
condition number(A): 5.856e+00, norm2_cond:67.36263082149974
det(A): 9.928e+15
--------------------------------------------------------------------------------

A_hhl info: after scaling by spectral radius:
Spectral radius (A): 1.000e+00, lambda_min:0.1707524338726474
condition number(A): 5.856e+00, norm2_cond:67.36263082149958
det(A): 1.883e-05, nnz: 11 non zeros per row
--------------------------------------------------------------------------------

Size of A & B are not power of 2:
Next 2 power of 15 = 16
Value to be padded = 1
--------------------------------------------------

==================== Print (N)^2 padded matrix system =======================
Padded shape of A: (15, 15)x(15, 15) -> (16, 16)x(16, 16)
Padded shape of B: (15,) -> (16,)
Determinant of padded matrix: 1.8829450376337616e-05
Condition # of padded matrix: 67.36263082149958


Matrix is not Hermitian. Making it Hermitian.......

==================== Print Hermitian matrix system info =======================
Shape of hermitian A: 16x16 -> 32x32
Shape of           B: 16 -> 32
Determinant of Hermitian matrix: 3.5454820147496077e-10
Condition # of Hermitian matrix: 67.36263082149979

=================================== Generating HHL circuit ===================================
Time elapsed for generating HHL circuit: 0 min 6.49 sec

Generated circuit: num_qubits=14, gates=19, depth=5
============================== Generated Circuit saved ==============================

============================== Transpiling circuit ==============================
This is using the AerSimulator('aer_simulator_statevector') transpiler.
Time elapsed for transpiling the circuit:  0 min 1.21 sec
Transpiled circuit, num_qubits: 14, (original: 14)
Transpiled circuit depth: 22395 (original: 5)
Transpiled circuit gates: 22499 (original: 19)
============================== Transpiled Circuit saved ==============================
Time elapsed for running the circuit:  0 min 1.80 sec
total_qubits: 14, nq:5

Time elapsed for extracting shots-based hhl counts solution:  0 min 0.00 sec

[HHL info]: linear system residual (e=||Ax-b||_2): 0.0017621678660114856
[HHL info]: Fidelity(true_sol, hhl_sol): 0.9995033245006976
[HHL info]: L2 error (absolute): 0.00039577016734214295
[HHL info]: L2 error (relative): 0.8199741341949272
[HHL info]: L2 error (normalized): 0.022287601626325114

========================================================================================
 Compare system solutions using LU of A, LU sol of A_herm, HHL of Ax=b hermition system
LU sol 	    Herm LU sol    HHL sol    L1_diff(%)
-2.729e-05  -2.729e-05  -5.098e-06  8.132e+01
-1.476e-05  -1.476e-05  -2.026e-06  8.628e+01
-3.899e-06  -3.899e-06  -0.000e+00  1.000e+02
-3.935e-05  -3.935e-05  -6.512e-06  8.345e+01
-6.467e-05  -6.467e-05  -1.238e-05  8.086e+01
 2.135e-05   2.135e-05   4.217e-06  8.025e+01
 4.279e-05   4.279e-05   7.114e-06  8.338e+01
 5.681e-06   5.681e-06   0.000e+00  1.000e+02
 1.667e-04   1.667e-04   2.993e-05  8.204e+01
 7.604e-05   7.604e-05   1.369e-05  8.200e+01
-3.064e-05  -3.064e-05  -5.360e-06  8.251e+01
 2.361e-04   2.361e-04   4.240e-05  8.204e+01
 1.084e-04   1.084e-04   1.929e-05  8.221e+01
 2.454e-05   2.454e-05   4.962e-06  7.978e+01
 3.483e-04   3.483e-04   6.288e-05  8.195e+01
========================================================================================

step: 13/15 res:0.0021648698780945487, res/res0:0.00017493377212719527  dq_norm: [2.60472991e-05 1.45138363e-05 8.16432088e-05]

A info: before HHL prepare:
Spectral radius (A): 2.407e+01, lambda_min:4.109565106744696
condition number(A): 5.857e+00, norm2_cond:67.36662128181479
det(A): 9.925e+15
--------------------------------------------------------------------------------

A_hhl info: after scaling by spectral radius:
Spectral radius (A): 1.000e+00, lambda_min:0.1707374509782192
condition number(A): 5.857e+00, norm2_cond:67.36662128181489
det(A): 1.883e-05, nnz: 11 non zeros per row
--------------------------------------------------------------------------------

Size of A & B are not power of 2:
Next 2 power of 15 = 16
Value to be padded = 1
--------------------------------------------------

==================== Print (N)^2 padded matrix system =======================
Padded shape of A: (15, 15)x(15, 15) -> (16, 16)x(16, 16)
Padded shape of B: (15,) -> (16,)
Determinant of padded matrix: 1.8825435375043794e-05
Condition # of padded matrix: 67.36662128181489


Matrix is not Hermitian. Making it Hermitian.......

==================== Print Hermitian matrix system info =======================
Shape of hermitian A: 16x16 -> 32x32
Shape of           B: 16 -> 32
Determinant of Hermitian matrix: 3.5439701705994895e-10
Condition # of Hermitian matrix: 67.36662128181469

=================================== Generating HHL circuit ===================================
Time elapsed for generating HHL circuit: 0 min 6.48 sec

Generated circuit: num_qubits=14, gates=19, depth=5
============================== Generated Circuit saved ==============================

============================== Transpiling circuit ==============================
This is using the AerSimulator('aer_simulator_statevector') transpiler.
Time elapsed for transpiling the circuit:  0 min 1.20 sec
Transpiled circuit, num_qubits: 14, (original: 14)
Transpiled circuit depth: 22395 (original: 5)
Transpiled circuit gates: 22499 (original: 19)
============================== Transpiled Circuit saved ==============================
Time elapsed for running the circuit:  0 min 1.80 sec
total_qubits: 14, nq:5

Time elapsed for extracting shots-based hhl counts solution:  0 min 0.00 sec

[HHL info]: linear system residual (e=||Ax-b||_2): 0.0011503152123023598
[HHL info]: Fidelity(true_sol, hhl_sol): 0.9985722931680012
[HHL info]: L2 error (absolute): 0.00024997990039177985
[HHL info]: L2 error (relative): 0.6315647177622018
[HHL info]: L2 error (normalized): 0.0377917554868756

========================================================================================
 Compare system solutions using LU of A, LU sol of A_herm, HHL of Ax=b hermition system
LU sol 	    Herm LU sol    HHL sol    L1_diff(%)
-2.220e-05  -2.220e-05  -6.218e-06  7.198e+01
-1.273e-05  -1.273e-05  -3.406e-06  7.325e+01
-3.901e-06  -3.901e-06  -0.000e+00  1.000e+02
-3.284e-05  -3.284e-05  -1.112e-05  6.612e+01
-5.229e-05  -5.229e-05  -1.726e-05  6.700e+01
 1.713e-05   1.713e-05   8.108e-06  5.268e+01
 3.568e-05   3.568e-05   1.598e-05  5.523e+01
 5.683e-06   5.683e-06   3.406e-06  4.006e+01
 1.367e-04   1.367e-04   5.071e-05  6.291e+01
 6.236e-05   6.236e-05   2.352e-05  6.229e+01
-2.528e-05  -2.528e-05  -7.358e-06  7.090e+01
 1.937e-04   1.937e-04   7.185e-05  6.291e+01
 8.916e-05   8.916e-05   3.261e-05  6.343e+01
 1.957e-05   1.957e-05   7.866e-06  5.982e+01
 2.855e-04   2.855e-04   1.051e-04  6.319e+01
========================================================================================

step: 14/15 res:0.0017621738930567676, res/res0:0.0001423936511730716  dq_norm: [4.51001729e-05 2.09037670e-05 1.37272499e-04]
Completed: 14 steps in 152.00s
Saved metadata to /lustre/orion/stf006/scratch/4klornl/fvm_euler_1d_solver/output_parallel_shots/trials2/statevector/shots_150000/trial_7/metadata_nelem5_HHL_statevector_nshots150000.pkl

Solution summary:
  x/L: [0.1000, 0.9000]
  Mach: [1.5204, 2.1521]
  p/p_in: [0.9798, 0.3651]
  rho/rho_in: [0.9875, 0.4837]
Saved combined plot to /lustre/orion/stf006/scratch/4klornl/fvm_euler_1d_solver/output_parallel_shots/trials2/statevector/shots_150000/trial_7/solution_plot_nelem5_HHL_statevector_nshots150000.png
