
------------------------------------------------------------
Using ideal local simulator with 'statevector' method
Backend: aer_simulator_statevector
Shots: 10000
------------------------------------------------------------

A info: before HHL prepare:
Spectral radius (A): 9.808e+01, lambda_min:5.866129498146235
condition number(A): 1.672e+01, norm2_cond:401.8614855890083
det(A): 2.657e+93
--------------------------------------------------------------------------------

A_hhl info: after scaling by spectral radius:
Spectral radius (A): 1.000e+00, lambda_min:0.05980937346031271
condition number(A): 1.672e+01, norm2_cond:401.8614855890105
det(A): 8.499e-27, nnz: 12 non zeros per row
--------------------------------------------------------------------------------

Size of A & B are not power of 2:
Next 2 power of 60 = 64
Value to be padded = 4
--------------------------------------------------

==================== Print (N)^2 padded matrix system =======================
Padded shape of A: (60, 60)x(60, 60) -> (64, 64)x(64, 64)
Padded shape of B: (60,) -> (64,)
Determinant of padded matrix: 8.499054744892335e-27
Condition # of padded matrix: 401.8614855890105


Matrix is not Hermitian. Making it Hermitian.......

==================== Print Hermitian matrix system info =======================
Shape of hermitian A: 64x64 -> 128x128
Shape of           B: 64 -> 128
Determinant of Hermitian matrix: 7.223393155667588e-53
Condition # of Hermitian matrix: 401.86148558902164

=================================== Generating HHL circuit ===================================
Time elapsed for generating HHL circuit: 4 min 49.96 sec

Generated circuit: num_qubits=18, gates=23, depth=5
============================== Generated Circuit saved ==============================

============================== Transpiling circuit ==============================
This is using the AerSimulator('aer_simulator_statevector') transpiler.
Time elapsed for transpiling the circuit:  0 min 51.36 sec
Transpiled circuit, num_qubits: 18, (original: 18)
Transpiled circuit depth: 464201 (original: 5)
Transpiled circuit gates: 464353 (original: 23)
============================== Transpiled Circuit saved ==============================
Time elapsed for running the circuit:  2 min 30.18 sec
total_qubits: 18, nq:7

Time elapsed for extracting shots-based hhl counts solution:  0 min 0.00 sec

[HHL info]: linear system residual (e=||Ax-b||_2): 22.43776628229846
[HHL info]: Fidelity(true_sol, hhl_sol): 0.8791092175901359
[HHL info]: L2 error (absolute): 5.408217889490267
[HHL info]: L2 error (relative): 0.9997900032612691
[HHL info]: L2 error (normalized): 0.3532471001080778

========================================================================================
 Compare system solutions using LU of A, LU sol of A_herm, HHL of Ax=b hermition system
LU sol 	    Herm LU sol    HHL sol    L1_diff(%)
-2.338e-04  -2.338e-04  -0.000e+00  1.000e+02
-1.963e-04  -1.963e-04  -0.000e+00  1.000e+02
-6.159e-04  -6.159e-04  -0.000e+00  1.000e+02
-8.210e-04  -8.210e-04  -0.000e+00  1.000e+02
-7.266e-04  -7.266e-04  -0.000e+00  1.000e+02
-2.219e-03  -2.219e-03  -0.000e+00  1.000e+02
-1.793e-03  -1.793e-03  -0.000e+00  1.000e+02
-1.753e-03  -1.753e-03  -0.000e+00  1.000e+02
-5.094e-03  -5.094e-03  -0.000e+00  1.000e+02
-3.854e-03  -3.854e-03  -0.000e+00  1.000e+02
-3.983e-03  -3.983e-03  -0.000e+00  1.000e+02
-1.127e-02  -1.127e-02  -0.000e+00  1.000e+02
-9.906e-03  -9.906e-03  -0.000e+00  1.000e+02
-9.642e-03  -9.642e-03  -0.000e+00  1.000e+02
-2.806e-02  -2.806e-02  -0.000e+00  1.000e+02
-2.691e-02  -2.691e-02  -0.000e+00  1.000e+02
-2.384e-02  -2.384e-02  -0.000e+00  1.000e+02
-7.270e-02  -7.270e-02  -0.000e+00  1.000e+02
-6.552e-02  -6.552e-02  -0.000e+00  1.000e+02
-5.523e-02  -5.523e-02  -0.000e+00  1.000e+02
-1.723e-01  -1.723e-01  -9.347e-05  9.995e+01
-1.346e-01  -1.346e-01  -0.000e+00  1.000e+02
-1.143e-01  -1.143e-01  -9.347e-05  9.992e+01
-3.520e-01  -3.520e-01  -9.347e-05  9.997e+01
-2.317e-01  -2.317e-01  -0.000e+00  1.000e+02
-2.062e-01  -2.062e-01  -0.000e+00  1.000e+02
-6.108e-01  -6.108e-01  -1.619e-04  9.997e+01
-3.379e-01  -3.379e-01  -9.347e-05  9.997e+01
-3.187e-01  -3.187e-01  -9.347e-05  9.997e+01
-9.014e-01  -9.014e-01  -1.619e-04  9.998e+01
-4.286e-01  -4.286e-01  -1.322e-04  9.997e+01
-4.234e-01  -4.234e-01  -0.000e+00  1.000e+02
-1.154e+00  -1.154e+00  -3.497e-04  9.997e+01
-4.911e-01  -4.911e-01  -9.347e-05  9.998e+01
-4.997e-01  -4.997e-01  -0.000e+00  1.000e+02
-1.329e+00  -1.329e+00  -3.100e-04  9.998e+01
-5.282e-01  -5.282e-01  -2.473e-04  9.995e+01
-5.462e-01  -5.462e-01  -1.619e-04  9.997e+01
-1.433e+00  -1.433e+00  -3.739e-04  9.997e+01
-5.481e-01  -5.481e-01  -0.000e+00  1.000e+02
-5.715e-01  -5.715e-01  -0.000e+00  1.000e+02
-1.489e+00  -1.489e+00  -3.739e-04  9.997e+01
-5.581e-01  -5.581e-01  -9.347e-05  9.998e+01
-5.842e-01  -5.842e-01  -9.347e-05  9.998e+01
-1.517e+00  -1.517e+00  -2.644e-04  9.998e+01
-5.629e-01  -5.629e-01  -1.322e-04  9.998e+01
-5.904e-01  -5.904e-01  -1.619e-04  9.997e+01
-1.530e+00  -1.530e+00  -2.804e-04  9.998e+01
-5.652e-01  -5.652e-01  -0.000e+00  1.000e+02
-5.933e-01  -5.933e-01  -9.347e-05  9.998e+01
-1.536e+00  -1.536e+00  -2.804e-04  9.998e+01
-5.662e-01  -5.662e-01  -2.090e-04  9.996e+01
-5.946e-01  -5.946e-01  -1.322e-04  9.998e+01
-1.539e+00  -1.539e+00  -3.100e-04  9.998e+01
-5.667e-01  -5.667e-01  -0.000e+00  1.000e+02
-5.952e-01  -5.952e-01  -0.000e+00  1.000e+02
-1.541e+00  -1.541e+00  -3.370e-04  9.998e+01
-5.670e-01  -5.670e-01  -1.322e-04  9.998e+01
-5.955e-01  -5.955e-01  -1.869e-04  9.997e+01
-1.541e+00  -1.541e+00  -3.739e-04  9.998e+01
========================================================================================

step: 0/15 res:22.437797065296795, res/res0:1.0  dq_norm: [0.00042835 0.00037389 0.00106985]

A info: before HHL prepare:
Spectral radius (A): 9.808e+01, lambda_min:5.866460188156747
condition number(A): 1.672e+01, norm2_cond:401.84248092253563
det(A): 2.660e+93
--------------------------------------------------------------------------------

A_hhl info: after scaling by spectral radius:
Spectral radius (A): 1.000e+00, lambda_min:0.05981225472771704
condition number(A): 1.672e+01, norm2_cond:401.8424809225328
det(A): 8.506e-27, nnz: 13 non zeros per row
--------------------------------------------------------------------------------

Size of A & B are not power of 2:
Next 2 power of 60 = 64
Value to be padded = 4
--------------------------------------------------

==================== Print (N)^2 padded matrix system =======================
Padded shape of A: (60, 60)x(60, 60) -> (64, 64)x(64, 64)
Padded shape of B: (60,) -> (64,)
Determinant of padded matrix: 8.505856409639459e-27
Condition # of padded matrix: 401.8424809225328


Matrix is not Hermitian. Making it Hermitian.......

==================== Print Hermitian matrix system info =======================
Shape of hermitian A: 64x64 -> 128x128
Shape of           B: 64 -> 128
Determinant of Hermitian matrix: 7.234959326140569e-53
Condition # of Hermitian matrix: 401.84248092253614

=================================== Generating HHL circuit ===================================
Time elapsed for generating HHL circuit: 4 min 54.14 sec

Generated circuit: num_qubits=18, gates=23, depth=5
============================== Generated Circuit saved ==============================

============================== Transpiling circuit ==============================
This is using the AerSimulator('aer_simulator_statevector') transpiler.
Time elapsed for transpiling the circuit:  0 min 47.67 sec
Transpiled circuit, num_qubits: 18, (original: 18)
Transpiled circuit depth: 464201 (original: 5)
Transpiled circuit gates: 464353 (original: 23)
============================== Transpiled Circuit saved ==============================
Time elapsed for running the circuit:  2 min 31.04 sec
total_qubits: 18, nq:7

Time elapsed for extracting shots-based hhl counts solution:  0 min 0.00 sec

[HHL info]: linear system residual (e=||Ax-b||_2): 21.836520500825813
[HHL info]: Fidelity(true_sol, hhl_sol): 0.9158313991970742
[HHL info]: L2 error (absolute): 5.1886800025038955
[HHL info]: L2 error (relative): 0.9594343699504405
[HHL info]: L2 error (normalized): 0.29328892193869804

========================================================================================
 Compare system solutions using LU of A, LU sol of A_herm, HHL of Ax=b hermition system
LU sol 	    Herm LU sol    HHL sol    L1_diff(%)
-2.339e-04  -2.339e-04  -0.000e+00  1.000e+02
-1.963e-04  -1.963e-04  -0.000e+00  1.000e+02
-6.161e-04  -6.161e-04  -0.000e+00  1.000e+02
-8.211e-04  -8.211e-04  -0.000e+00  1.000e+02
-7.267e-04  -7.267e-04  -0.000e+00  1.000e+02
-2.219e-03  -2.219e-03  -0.000e+00  1.000e+02
-1.793e-03  -1.793e-03  -0.000e+00  1.000e+02
-1.753e-03  -1.753e-03  -0.000e+00  1.000e+02
-5.093e-03  -5.093e-03  -0.000e+00  1.000e+02
-3.852e-03  -3.852e-03  -0.000e+00  1.000e+02
-3.982e-03  -3.982e-03  -0.000e+00  1.000e+02
-1.126e-02  -1.126e-02  -0.000e+00  1.000e+02
-9.904e-03  -9.904e-03  -0.000e+00  1.000e+02
-9.641e-03  -9.641e-03  -0.000e+00  1.000e+02
-2.806e-02  -2.806e-02  -0.000e+00  1.000e+02
-2.692e-02  -2.692e-02  -0.000e+00  1.000e+02
-2.384e-02  -2.384e-02  -0.000e+00  1.000e+02
-7.271e-02  -7.271e-02  -0.000e+00  1.000e+02
-6.553e-02  -6.553e-02  -0.000e+00  1.000e+02
-5.523e-02  -5.523e-02  -0.000e+00  1.000e+02
-1.722e-01  -1.722e-01  -2.568e-02  8.509e+01
-1.346e-01  -1.346e-01  -0.000e+00  1.000e+02
-1.142e-01  -1.142e-01  -0.000e+00  1.000e+02
-3.519e-01  -3.519e-01  -0.000e+00  1.000e+02
-2.317e-01  -2.317e-01  -0.000e+00  1.000e+02
-2.062e-01  -2.062e-01  -0.000e+00  1.000e+02
-6.106e-01  -6.106e-01  -2.568e-02  9.579e+01
-3.378e-01  -3.378e-01  -0.000e+00  1.000e+02
-3.186e-01  -3.186e-01  -1.816e-02  9.430e+01
-9.012e-01  -9.012e-01  -3.145e-02  9.651e+01
-4.284e-01  -4.284e-01  -0.000e+00  1.000e+02
-4.234e-01  -4.234e-01  -0.000e+00  1.000e+02
-1.153e+00  -1.153e+00  -4.060e-02  9.648e+01
-4.910e-01  -4.910e-01  -0.000e+00  1.000e+02
-4.997e-01  -4.997e-01  -1.816e-02  9.637e+01
-1.329e+00  -1.329e+00  -6.022e-02  9.547e+01
-5.279e-01  -5.279e-01  -3.632e-02  9.312e+01
-5.461e-01  -5.461e-01  -2.568e-02  9.530e+01
-1.433e+00  -1.433e+00  -6.794e-02  9.526e+01
-5.481e-01  -5.481e-01  -2.568e-02  9.531e+01
-5.715e-01  -5.715e-01  -3.145e-02  9.450e+01
-1.488e+00  -1.488e+00  -6.022e-02  9.595e+01
-5.580e-01  -5.580e-01  -2.568e-02  9.540e+01
-5.842e-01  -5.842e-01  -1.816e-02  9.689e+01
-1.516e+00  -1.516e+00  -6.547e-02  9.568e+01
-5.628e-01  -5.628e-01  -2.568e-02  9.544e+01
-5.902e-01  -5.902e-01  -1.816e-02  9.692e+01
-1.530e+00  -1.530e+00  -5.448e-02  9.644e+01
-5.651e-01  -5.651e-01  -1.816e-02  9.679e+01
-5.932e-01  -5.932e-01  -2.568e-02  9.567e+01
-1.536e+00  -1.536e+00  -7.487e-02  9.513e+01
-5.660e-01  -5.660e-01  -2.568e-02  9.546e+01
-5.945e-01  -5.945e-01  -2.568e-02  9.568e+01
-1.539e+00  -1.539e+00  -5.742e-02  9.627e+01
-5.667e-01  -5.667e-01  -0.000e+00  1.000e+02
-5.952e-01  -5.952e-01  -0.000e+00  1.000e+02
-1.540e+00  -1.540e+00  -8.321e-02  9.460e+01
-5.668e-01  -5.668e-01  -2.568e-02  9.547e+01
-5.953e-01  -5.953e-01  -2.568e-02  9.569e+01
-1.541e+00  -1.541e+00  -6.290e-02  9.592e+01
========================================================================================

step: 1/15 res:22.437766388113115, res/res0:0.9999986327898593  dq_norm: [0.07032731 0.07032731 0.20703799]

A info: before HHL prepare:
Spectral radius (A): 9.793e+01, lambda_min:5.97831711334847
condition number(A): 1.638e+01, norm2_cond:393.8591769320083
det(A): 3.139e+93
--------------------------------------------------------------------------------

A_hhl info: after scaling by spectral radius:
Spectral radius (A): 1.000e+00, lambda_min:0.06104558953307012
condition number(A): 1.638e+01, norm2_cond:393.85917693200196
det(A): 1.100e-26, nnz: 23 non zeros per row
--------------------------------------------------------------------------------

Size of A & B are not power of 2:
Next 2 power of 60 = 64
Value to be padded = 4
--------------------------------------------------

==================== Print (N)^2 padded matrix system =======================
Padded shape of A: (60, 60)x(60, 60) -> (64, 64)x(64, 64)
Padded shape of B: (60,) -> (64,)
Determinant of padded matrix: 1.0998666971607525e-26
Condition # of padded matrix: 393.85917693200196


Matrix is not Hermitian. Making it Hermitian.......

==================== Print Hermitian matrix system info =======================
Shape of hermitian A: 64x64 -> 128x128
Shape of           B: 64 -> 128
Determinant of Hermitian matrix: 1.2097067515232164e-52
Condition # of Hermitian matrix: 393.85917693200736

=================================== Generating HHL circuit ===================================
Time elapsed for generating HHL circuit: 5 min 8.32 sec

Generated circuit: num_qubits=18, gates=23, depth=5
============================== Generated Circuit saved ==============================

============================== Transpiling circuit ==============================
This is using the AerSimulator('aer_simulator_statevector') transpiler.
Time elapsed for transpiling the circuit:  0 min 50.65 sec
Transpiled circuit, num_qubits: 18, (original: 18)
Transpiled circuit depth: 464205 (original: 5)
Transpiled circuit gates: 464357 (original: 23)
============================== Transpiled Circuit saved ==============================
Time elapsed for running the circuit:  2 min 31.29 sec
total_qubits: 18, nq:7

Time elapsed for extracting shots-based hhl counts solution:  0 min 0.00 sec

[HHL info]: linear system residual (e=||Ax-b||_2): 21.12425699815769
[HHL info]: Fidelity(true_sol, hhl_sol): 0.9397977716676605
[HHL info]: L2 error (absolute): 4.919816917005061
[HHL info]: L2 error (relative): 0.9550059901838786
[HHL info]: L2 error (normalized): 0.24725826750925753

========================================================================================
 Compare system solutions using LU of A, LU sol of A_herm, HHL of Ax=b hermition system
LU sol 	    Herm LU sol    HHL sol    L1_diff(%)
-2.324e-04  -2.324e-04  -0.000e+00  1.000e+02
-1.954e-04  -1.954e-04  -0.000e+00  1.000e+02
-6.129e-04  -6.129e-04  -0.000e+00  1.000e+02
-8.342e-04  -8.342e-04  -0.000e+00  1.000e+02
-7.333e-04  -7.333e-04  -0.000e+00  1.000e+02
-2.247e-03  -2.247e-03  -0.000e+00  1.000e+02
-1.853e-03  -1.853e-03  -0.000e+00  1.000e+02
-1.785e-03  -1.785e-03  -0.000e+00  1.000e+02
-5.219e-03  -5.219e-03  -0.000e+00  1.000e+02
-3.949e-03  -3.949e-03  -0.000e+00  1.000e+02
-4.028e-03  -4.028e-03  -0.000e+00  1.000e+02
-1.147e-02  -1.147e-02  -0.000e+00  1.000e+02
-9.869e-03  -9.869e-03  -0.000e+00  1.000e+02
-9.597e-03  -9.597e-03  -0.000e+00  1.000e+02
-2.801e-02  -2.801e-02  -0.000e+00  1.000e+02
-2.656e-02  -2.656e-02  -0.000e+00  1.000e+02
-2.372e-02  -2.372e-02  -0.000e+00  1.000e+02
-7.192e-02  -7.192e-02  -0.000e+00  1.000e+02
-6.492e-02  -6.492e-02  -0.000e+00  1.000e+02
-5.498e-02  -5.498e-02  -0.000e+00  1.000e+02
-1.445e-01  -1.445e-01  -0.000e+00  1.000e+02
-1.347e-01  -1.347e-01  -1.800e-02  8.664e+01
-1.146e-01  -1.146e-01  -1.800e-02  8.430e+01
-3.519e-01  -3.519e-01  -0.000e+00  1.000e+02
-2.334e-01  -2.334e-01  -1.800e-02  9.229e+01
-2.067e-01  -2.067e-01  -0.000e+00  1.000e+02
-5.868e-01  -5.868e-01  -3.600e-02  9.387e+01
-3.399e-01  -3.399e-01  -1.800e-02  9.470e+01
-3.001e-01  -3.001e-01  -0.000e+00  1.000e+02
-8.716e-01  -8.716e-01  -4.025e-02  9.538e+01
-4.291e-01  -4.291e-01  -1.800e-02  9.581e+01
-4.232e-01  -4.232e-01  -1.800e-02  9.575e+01
-1.108e+00  -1.108e+00  -6.235e-02  9.437e+01
-4.895e-01  -4.895e-01  -2.545e-02  9.480e+01
-4.809e-01  -4.809e-01  -1.800e-02  9.626e+01
-1.259e+00  -1.259e+00  -5.091e-02  9.596e+01
-4.861e-01  -4.861e-01  -0.000e+00  1.000e+02
-5.212e-01  -5.212e-01  -2.545e-02  9.512e+01
-1.355e+00  -1.355e+00  -5.970e-02  9.559e+01
-5.159e-01  -5.159e-01  -1.800e-02  9.651e+01
-5.387e-01  -5.387e-01  -1.800e-02  9.666e+01
-1.414e+00  -1.414e+00  -5.970e-02  9.578e+01
-5.255e-01  -5.255e-01  -3.118e-02  9.407e+01
-5.672e-01  -5.672e-01  -4.025e-02  9.290e+01
-1.435e+00  -1.435e+00  -6.490e-02  9.548e+01
-5.322e-01  -5.322e-01  -4.762e-02  9.105e+01
-5.725e-01  -5.725e-01  -1.800e-02  9.686e+01
-1.464e+00  -1.464e+00  -7.200e-02  9.508e+01
-5.430e-01  -5.430e-01  -2.545e-02  9.531e+01
-5.670e-01  -5.670e-01  -3.600e-02  9.365e+01
-1.451e+00  -1.451e+00  -6.735e-02  9.536e+01
-5.347e-01  -5.347e-01  -1.800e-02  9.663e+01
-5.682e-01  -5.682e-01  -2.545e-02  9.552e+01
-1.466e+00  -1.466e+00  -5.400e-02  9.632e+01
-5.631e-01  -5.631e-01  -4.025e-02  9.285e+01
-5.959e-01  -5.959e-01  -3.600e-02  9.396e+01
-1.437e+00  -1.437e+00  -6.235e-02  9.566e+01
-5.366e-01  -5.366e-01  -2.545e-02  9.526e+01
-5.698e-01  -5.698e-01  -1.800e-02  9.684e+01
-1.468e+00  -1.468e+00  -6.235e-02  9.575e+01
========================================================================================

step: 2/15 res:21.84396053623929, res/res0:0.9735340984086198  dq_norm: [0.09352602 0.08632061 0.20283946]

A info: before HHL prepare:
Spectral radius (A): 9.820e+01, lambda_min:6.092318437532486
condition number(A): 1.612e+01, norm2_cond:390.18520864703817
det(A): 4.821e+93
--------------------------------------------------------------------------------

A_hhl info: after scaling by spectral radius:
Spectral radius (A): 1.000e+00, lambda_min:0.06204242979670985
condition number(A): 1.612e+01, norm2_cond:390.1852086470329
det(A): 1.437e-26, nnz: 14 non zeros per row
--------------------------------------------------------------------------------

Size of A & B are not power of 2:
Next 2 power of 60 = 64
Value to be padded = 4
--------------------------------------------------

==================== Print (N)^2 padded matrix system =======================
Padded shape of A: (60, 60)x(60, 60) -> (64, 64)x(64, 64)
Padded shape of B: (60,) -> (64,)
Determinant of padded matrix: 1.437277909957203e-26
Condition # of padded matrix: 390.1852086470329


Matrix is not Hermitian. Making it Hermitian.......

==================== Print Hermitian matrix system info =======================
Shape of hermitian A: 64x64 -> 128x128
Shape of           B: 64 -> 128
Determinant of Hermitian matrix: 2.0657677904510928e-52
Condition # of Hermitian matrix: 390.18520864703584

=================================== Generating HHL circuit ===================================
Time elapsed for generating HHL circuit: 5 min 2.27 sec

Generated circuit: num_qubits=18, gates=23, depth=5
============================== Generated Circuit saved ==============================

============================== Transpiling circuit ==============================
This is using the AerSimulator('aer_simulator_statevector') transpiler.
Time elapsed for transpiling the circuit:  0 min 52.26 sec
Transpiled circuit, num_qubits: 18, (original: 18)
Transpiled circuit depth: 464196 (original: 5)
Transpiled circuit gates: 464348 (original: 23)
============================== Transpiled Circuit saved ==============================
Time elapsed for running the circuit:  2 min 33.59 sec
total_qubits: 18, nq:7

Time elapsed for extracting shots-based hhl counts solution:  0 min 0.00 sec

[HHL info]: linear system residual (e=||Ax-b||_2): 21.088877372830552
[HHL info]: Fidelity(true_sol, hhl_sol): 0.9188337183536562
[HHL info]: L2 error (absolute): 4.831827871317561
[HHL info]: L2 error (relative): 0.9883488998740585
[HHL info]: L2 error (normalized): 0.2878953090076518

========================================================================================
 Compare system solutions using LU of A, LU sol of A_herm, HHL of Ax=b hermition system
LU sol 	    Herm LU sol    HHL sol    L1_diff(%)
-2.224e-04  -2.224e-04  -0.000e+00  1.000e+02
-1.906e-04  -1.906e-04  -0.000e+00  1.000e+02
-5.917e-04  -5.917e-04  -0.000e+00  1.000e+02
-7.684e-04  -7.684e-04  -0.000e+00  1.000e+02
-7.005e-04  -7.005e-04  -0.000e+00  1.000e+02
-2.106e-03  -2.106e-03  -0.000e+00  1.000e+02
-1.712e-03  -1.712e-03  -0.000e+00  1.000e+02
-1.713e-03  -1.713e-03  -0.000e+00  1.000e+02
-4.922e-03  -4.922e-03  -0.000e+00  1.000e+02
-3.882e-03  -3.882e-03  -0.000e+00  1.000e+02
-3.988e-03  -3.988e-03  -0.000e+00  1.000e+02
-1.133e-02  -1.133e-02  -0.000e+00  1.000e+02
-1.033e-02  -1.033e-02  -0.000e+00  1.000e+02
-9.872e-03  -9.872e-03  -0.000e+00  1.000e+02
-2.898e-02  -2.898e-02  -0.000e+00  1.000e+02
-2.770e-02  -2.770e-02  -0.000e+00  1.000e+02
-2.427e-02  -2.427e-02  -0.000e+00  1.000e+02
-7.421e-02  -7.421e-02  -0.000e+00  1.000e+02
-6.512e-02  -6.512e-02  -0.000e+00  1.000e+02
-5.478e-02  -5.478e-02  -0.000e+00  1.000e+02
-1.456e-01  -1.456e-01  -4.614e-03  9.683e+01
-1.130e-01  -1.130e-01  -0.000e+00  1.000e+02
-9.530e-02  -9.530e-02  -0.000e+00  1.000e+02
-3.458e-01  -3.458e-01  -0.000e+00  1.000e+02
-2.086e-01  -2.086e-01  -0.000e+00  1.000e+02
-2.067e-01  -2.067e-01  -0.000e+00  1.000e+02
-5.352e-01  -5.352e-01  -6.526e-03  9.878e+01
-3.153e-01  -3.153e-01  -6.526e-03  9.793e+01
-3.003e-01  -3.003e-01  -4.614e-03  9.846e+01
-8.153e-01  -8.153e-01  -1.305e-02  9.840e+01
-4.082e-01  -4.082e-01  -6.526e-03  9.840e+01
-4.066e-01  -4.066e-01  -4.614e-03  9.887e+01
-1.037e+00  -1.037e+00  -1.032e-02  9.901e+01
-4.653e-01  -4.653e-01  -0.000e+00  1.000e+02
-4.642e-01  -4.642e-01  -4.614e-03  9.901e+01
-1.211e+00  -1.211e+00  -1.032e-02  9.915e+01
-4.890e-01  -4.890e-01  -4.614e-03  9.906e+01
-4.943e-01  -4.943e-01  -4.614e-03  9.907e+01
-1.295e+00  -1.295e+00  -1.598e-02  9.877e+01
-4.943e-01  -4.943e-01  -1.032e-02  9.791e+01
-5.187e-01  -5.187e-01  -9.229e-03  9.822e+01
-1.346e+00  -1.346e+00  -1.903e-02  9.859e+01
-4.856e-01  -4.856e-01  -4.614e-03  9.905e+01
-5.259e-01  -5.259e-01  -7.992e-03  9.848e+01
-1.352e+00  -1.352e+00  -1.459e-02  9.892e+01
-4.785e-01  -4.785e-01  -9.229e-03  9.807e+01
-5.585e-01  -5.585e-01  -0.000e+00  1.000e+02
-1.381e+00  -1.381e+00  -1.787e-02  9.871e+01
-5.166e-01  -5.166e-01  -7.992e-03  9.845e+01
-5.297e-01  -5.297e-01  -6.526e-03  9.877e+01
-1.381e+00  -1.381e+00  -1.130e-02  9.918e+01
-5.141e-01  -5.141e-01  -4.614e-03  9.910e+01
-5.421e-01  -5.421e-01  -4.614e-03  9.915e+01
-1.407e+00  -1.407e+00  -1.727e-02  9.877e+01
-5.159e-01  -5.159e-01  -4.614e-03  9.911e+01
-5.594e-01  -5.594e-01  -1.032e-02  9.816e+01
-1.364e+00  -1.364e+00  -1.664e-02  9.878e+01
-5.036e-01  -5.036e-01  -4.614e-03  9.908e+01
-5.516e-01  -5.516e-01  -4.614e-03  9.916e+01
-1.388e+00  -1.388e+00  -1.903e-02  9.863e+01
========================================================================================

step: 3/15 res:21.145216558379794, res/res0:0.9423927178253984  dq_norm: [0.02114616 0.02063654 0.05159135]

A info: before HHL prepare:
Spectral radius (A): 9.824e+01, lambda_min:6.118481725562288
condition number(A): 1.606e+01, norm2_cond:388.7326425048368
det(A): 5.252e+93
--------------------------------------------------------------------------------

A_hhl info: after scaling by spectral radius:
Spectral radius (A): 1.000e+00, lambda_min:0.06228236017512946
condition number(A): 1.606e+01, norm2_cond:388.7326425048329
det(A): 1.526e-26, nnz: 14 non zeros per row
--------------------------------------------------------------------------------

Size of A & B are not power of 2:
Next 2 power of 60 = 64
Value to be padded = 4
--------------------------------------------------

==================== Print (N)^2 padded matrix system =======================
Padded shape of A: (60, 60)x(60, 60) -> (64, 64)x(64, 64)
Padded shape of B: (60,) -> (64,)
Determinant of padded matrix: 1.5261595471498142e-26
Condition # of padded matrix: 388.7326425048329


Matrix is not Hermitian. Making it Hermitian.......

==================== Print Hermitian matrix system info =======================
Shape of hermitian A: 64x64 -> 128x128
Shape of           B: 64 -> 128
Determinant of Hermitian matrix: 2.329162963356559e-52
Condition # of Hermitian matrix: 388.7326425048316

=================================== Generating HHL circuit ===================================
Time elapsed for generating HHL circuit: 5 min 2.51 sec

Generated circuit: num_qubits=18, gates=23, depth=5
============================== Generated Circuit saved ==============================

============================== Transpiling circuit ==============================
This is using the AerSimulator('aer_simulator_statevector') transpiler.
Time elapsed for transpiling the circuit:  0 min 54.11 sec
Transpiled circuit, num_qubits: 18, (original: 18)
Transpiled circuit depth: 464199 (original: 5)
Transpiled circuit gates: 464351 (original: 23)
============================== Transpiled Circuit saved ==============================
Time elapsed for running the circuit:  2 min 30.84 sec
total_qubits: 18, nq:7

Time elapsed for extracting shots-based hhl counts solution:  0 min 0.00 sec

[HHL info]: linear system residual (e=||Ax-b||_2): 20.74677446380211
[HHL info]: Fidelity(true_sol, hhl_sol): 0.8983952697265908
[HHL info]: L2 error (absolute): 4.70572202322645
[HHL info]: L2 error (relative): 0.9757161946642248
[HHL info]: L2 error (normalized): 0.3229948804841134

========================================================================================
 Compare system solutions using LU of A, LU sol of A_herm, HHL of Ax=b hermition system
LU sol 	    Herm LU sol    HHL sol    L1_diff(%)
-2.221e-04  -2.221e-04  -0.000e+00  1.000e+02
-1.905e-04  -1.905e-04  -0.000e+00  1.000e+02
-5.911e-04  -5.911e-04  -0.000e+00  1.000e+02
-7.650e-04  -7.650e-04  -0.000e+00  1.000e+02
-6.988e-04  -6.988e-04  -0.000e+00  1.000e+02
-2.099e-03  -2.099e-03  -0.000e+00  1.000e+02
-1.702e-03  -1.702e-03  -0.000e+00  1.000e+02
-1.708e-03  -1.708e-03  -0.000e+00  1.000e+02
-4.902e-03  -4.902e-03  -0.000e+00  1.000e+02
-3.871e-03  -3.871e-03  -0.000e+00  1.000e+02
-3.981e-03  -3.981e-03  -0.000e+00  1.000e+02
-1.130e-02  -1.130e-02  -0.000e+00  1.000e+02
-1.034e-02  -1.034e-02  -0.000e+00  1.000e+02
-9.876e-03  -9.876e-03  -0.000e+00  1.000e+02
-2.902e-02  -2.902e-02  -0.000e+00  1.000e+02
-2.779e-02  -2.779e-02  -0.000e+00  1.000e+02
-2.432e-02  -2.432e-02  -0.000e+00  1.000e+02
-7.438e-02  -7.438e-02  -0.000e+00  1.000e+02
-6.524e-02  -6.524e-02  -9.813e-03  8.496e+01
-5.484e-02  -5.484e-02  -0.000e+00  1.000e+02
-1.411e-01  -1.411e-01  -0.000e+00  1.000e+02
-1.128e-01  -1.128e-01  -0.000e+00  1.000e+02
-9.516e-02  -9.516e-02  -0.000e+00  1.000e+02
-3.453e-01  -3.453e-01  -9.813e-03  9.716e+01
-2.078e-01  -2.078e-01  -0.000e+00  1.000e+02
-2.065e-01  -2.065e-01  -0.000e+00  1.000e+02
-5.264e-01  -5.264e-01  -1.963e-02  9.627e+01
-3.079e-01  -3.079e-01  -0.000e+00  1.000e+02
-2.960e-01  -2.960e-01  -9.813e-03  9.669e+01
-8.005e-01  -8.005e-01  -2.404e-02  9.700e+01
-4.015e-01  -4.015e-01  -1.700e-02  9.577e+01
-4.021e-01  -4.021e-01  -9.813e-03  9.756e+01
-1.027e+00  -1.027e+00  -4.046e-02  9.606e+01
-4.654e-01  -4.654e-01  -1.700e-02  9.635e+01
-4.591e-01  -4.591e-01  -1.388e-02  9.698e+01
-1.199e+00  -1.199e+00  -3.255e-02  9.729e+01
-4.839e-01  -4.839e-01  -1.700e-02  9.649e+01
-4.903e-01  -4.903e-01  -0.000e+00  1.000e+02
-1.278e+00  -1.278e+00  -2.776e-02  9.783e+01
-4.826e-01  -4.826e-01  -0.000e+00  1.000e+02
-5.091e-01  -5.091e-01  -9.813e-03  9.807e+01
-1.325e+00  -1.325e+00  -3.672e-02  9.723e+01
-4.785e-01  -4.785e-01  -1.388e-02  9.710e+01
-5.172e-01  -5.172e-01  -1.388e-02  9.732e+01
-1.331e+00  -1.331e+00  -3.103e-02  9.767e+01
-4.666e-01  -4.666e-01  -0.000e+00  1.000e+02
-5.591e-01  -5.591e-01  -9.813e-03  9.825e+01
-1.356e+00  -1.356e+00  -3.103e-02  9.771e+01
-5.074e-01  -5.074e-01  -0.000e+00  1.000e+02
-5.235e-01  -5.235e-01  -9.813e-03  9.813e+01
-1.368e+00  -1.368e+00  -2.944e-02  9.785e+01
-5.095e-01  -5.095e-01  -1.700e-02  9.666e+01
-5.376e-01  -5.376e-01  -1.388e-02  9.742e+01
-1.390e+00  -1.390e+00  -3.538e-02  9.745e+01
-5.107e-01  -5.107e-01  -0.000e+00  1.000e+02
-5.484e-01  -5.484e-01  -1.388e-02  9.747e+01
-1.346e+00  -1.346e+00  -2.944e-02  9.781e+01
-4.974e-01  -4.974e-01  -1.700e-02  9.658e+01
-5.469e-01  -5.469e-01  -1.963e-02  9.641e+01
-1.364e+00  -1.364e+00  -3.399e-02  9.751e+01
========================================================================================

step: 4/15 res:21.089866583023085, res/res0:0.939925899215905  dq_norm: [0.04163283 0.04045984 0.10927242]

A info: before HHL prepare:
Spectral radius (A): 9.826e+01, lambda_min:6.15763557667094
condition number(A): 1.596e+01, norm2_cond:386.82384023505887
det(A): 5.788e+93
--------------------------------------------------------------------------------

A_hhl info: after scaling by spectral radius:
Spectral radius (A): 1.000e+00, lambda_min:0.06266730260979733
condition number(A): 1.596e+01, norm2_cond:386.8238402350574
det(A): 1.660e-26, nnz: 20 non zeros per row
--------------------------------------------------------------------------------

Size of A & B are not power of 2:
Next 2 power of 60 = 64
Value to be padded = 4
--------------------------------------------------

==================== Print (N)^2 padded matrix system =======================
Padded shape of A: (60, 60)x(60, 60) -> (64, 64)x(64, 64)
Padded shape of B: (60,) -> (64,)
Determinant of padded matrix: 1.660291856987628e-26
Condition # of padded matrix: 386.8238402350574


Matrix is not Hermitian. Making it Hermitian.......

==================== Print Hermitian matrix system info =======================
Shape of hermitian A: 64x64 -> 128x128
Shape of           B: 64 -> 128
Determinant of Hermitian matrix: 2.756569050379505e-52
Condition # of Hermitian matrix: 386.8238402350622

=================================== Generating HHL circuit ===================================
Time elapsed for generating HHL circuit: 5 min 11.86 sec

Generated circuit: num_qubits=18, gates=23, depth=5
============================== Generated Circuit saved ==============================

============================== Transpiling circuit ==============================
This is using the AerSimulator('aer_simulator_statevector') transpiler.
Time elapsed for transpiling the circuit:  0 min 43.65 sec
Transpiled circuit, num_qubits: 18, (original: 18)
Transpiled circuit depth: 464203 (original: 5)
Transpiled circuit gates: 464355 (original: 23)
============================== Transpiled Circuit saved ==============================
Time elapsed for running the circuit:  2 min 29.70 sec
total_qubits: 18, nq:7

Time elapsed for extracting shots-based hhl counts solution:  0 min 0.00 sec

[HHL info]: linear system residual (e=||Ax-b||_2): 20.645119953132305
[HHL info]: Fidelity(true_sol, hhl_sol): 0.9315548288765715
[HHL info]: L2 error (absolute): 4.629762296637576
[HHL info]: L2 error (relative): 0.9855382532676512
[HHL info]: L2 error (normalized): 0.2639284726537378

========================================================================================
 Compare system solutions using LU of A, LU sol of A_herm, HHL of Ax=b hermition system
LU sol 	    Herm LU sol    HHL sol    L1_diff(%)
-2.223e-04  -2.223e-04  -0.000e+00  1.000e+02
-1.906e-04  -1.906e-04  -0.000e+00  1.000e+02
-5.915e-04  -5.915e-04  -0.000e+00  1.000e+02
-7.827e-04  -7.827e-04  -0.000e+00  1.000e+02
-7.078e-04  -7.078e-04  -0.000e+00  1.000e+02
-2.137e-03  -2.137e-03  -0.000e+00  1.000e+02
-1.762e-03  -1.762e-03  -0.000e+00  1.000e+02
-1.738e-03  -1.738e-03  -0.000e+00  1.000e+02
-5.027e-03  -5.027e-03  -0.000e+00  1.000e+02
-3.950e-03  -3.950e-03  -0.000e+00  1.000e+02
-4.023e-03  -4.023e-03  -0.000e+00  1.000e+02
-1.147e-02  -1.147e-02  -0.000e+00  1.000e+02
-1.027e-02  -1.027e-02  -0.000e+00  1.000e+02
-9.822e-03  -9.822e-03  -0.000e+00  1.000e+02
-2.885e-02  -2.885e-02  -0.000e+00  1.000e+02
-2.735e-02  -2.735e-02  -0.000e+00  1.000e+02
-2.412e-02  -2.412e-02  -0.000e+00  1.000e+02
-7.350e-02  -7.350e-02  -0.000e+00  1.000e+02
-5.500e-02  -5.500e-02  -0.000e+00  1.000e+02
-5.495e-02  -5.495e-02  -0.000e+00  1.000e+02
-1.407e-01  -1.407e-01  -5.657e-03  9.598e+01
-1.134e-01  -1.134e-01  -0.000e+00  1.000e+02
-9.564e-02  -9.564e-02  -0.000e+00  1.000e+02
-3.361e-01  -3.361e-01  -0.000e+00  1.000e+02
-2.087e-01  -2.087e-01  -5.657e-03  9.729e+01
-2.067e-01  -2.067e-01  -0.000e+00  1.000e+02
-5.070e-01  -5.070e-01  -5.657e-03  9.888e+01
-3.069e-01  -3.069e-01  -5.657e-03  9.816e+01
-2.854e-01  -2.854e-01  -0.000e+00  1.000e+02
-7.723e-01  -7.723e-01  -9.798e-03  9.873e+01
-3.795e-01  -3.795e-01  -5.657e-03  9.851e+01
-3.917e-01  -3.917e-01  -8.000e-03  9.796e+01
-9.755e-01  -9.755e-01  -1.386e-02  9.858e+01
-4.425e-01  -4.425e-01  -5.657e-03  9.872e+01
-4.455e-01  -4.455e-01  -5.657e-03  9.873e+01
-1.155e+00  -1.155e+00  -1.600e-02  9.861e+01
-4.634e-01  -4.634e-01  -9.798e-03  9.789e+01
-4.913e-01  -4.913e-01  -5.657e-03  9.885e+01
-1.241e+00  -1.241e+00  -1.876e-02  9.849e+01
-4.829e-01  -4.829e-01  -0.000e+00  1.000e+02
-4.991e-01  -4.991e-01  -8.000e-03  9.840e+01
-1.285e+00  -1.285e+00  -2.263e-02  9.824e+01
-4.656e-01  -4.656e-01  -0.000e+00  1.000e+02
-5.040e-01  -5.040e-01  -5.657e-03  9.888e+01
-1.302e+00  -1.302e+00  -2.117e-02  9.837e+01
-4.683e-01  -4.683e-01  -5.657e-03  9.879e+01
-5.482e-01  -5.482e-01  -1.131e-02  9.794e+01
-1.326e+00  -1.326e+00  -1.497e-02  9.887e+01
-5.089e-01  -5.089e-01  -8.000e-03  9.843e+01
-5.143e-01  -5.143e-01  -9.798e-03  9.809e+01
-1.339e+00  -1.339e+00  -1.960e-02  9.854e+01
-4.938e-01  -4.938e-01  -5.657e-03  9.885e+01
-5.244e-01  -5.244e-01  -9.798e-03  9.813e+01
-1.357e+00  -1.357e+00  -2.400e-02  9.823e+01
-5.123e-01  -5.123e-01  -9.798e-03  9.809e+01
-5.335e-01  -5.335e-01  -8.000e-03  9.850e+01
-1.318e+00  -1.318e+00  -2.191e-02  9.834e+01
-4.790e-01  -4.790e-01  -9.798e-03  9.795e+01
-5.271e-01  -5.271e-01  -5.657e-03  9.893e+01
-1.328e+00  -1.328e+00  -1.386e-02  9.896e+01
========================================================================================

step: 5/15 res:20.74803140845588, res/res0:0.9246911070670848  dq_norm: [0.02332355 0.02529794 0.06144849]

A info: before HHL prepare:
Spectral radius (A): 9.829e+01, lambda_min:6.175539872845741
condition number(A): 1.592e+01, norm2_cond:385.44771232920584
det(A): 6.274e+93
--------------------------------------------------------------------------------

A_hhl info: after scaling by spectral radius:
Spectral radius (A): 1.000e+00, lambda_min:0.06282867089125731
condition number(A): 1.592e+01, norm2_cond:385.44771232920203
det(A): 1.764e-26, nnz: 14 non zeros per row
--------------------------------------------------------------------------------

Size of A & B are not power of 2:
Next 2 power of 60 = 64
Value to be padded = 4
--------------------------------------------------

==================== Print (N)^2 padded matrix system =======================
Padded shape of A: (60, 60)x(60, 60) -> (64, 64)x(64, 64)
Padded shape of B: (60,) -> (64,)
Determinant of padded matrix: 1.7641696644538866e-26
Condition # of padded matrix: 385.44771232920203


Matrix is not Hermitian. Making it Hermitian.......

==================== Print Hermitian matrix system info =======================
Shape of hermitian A: 64x64 -> 128x128
Shape of           B: 64 -> 128
Determinant of Hermitian matrix: 3.1122946049796036e-52
Condition # of Hermitian matrix: 385.4477123292041

=================================== Generating HHL circuit ===================================
Time elapsed for generating HHL circuit: 5 min 8.49 sec

Generated circuit: num_qubits=18, gates=23, depth=5
============================== Generated Circuit saved ==============================

============================== Transpiling circuit ==============================
This is using the AerSimulator('aer_simulator_statevector') transpiler.
Time elapsed for transpiling the circuit:  0 min 55.43 sec
Transpiled circuit, num_qubits: 18, (original: 18)
Transpiled circuit depth: 464203 (original: 5)
Transpiled circuit gates: 464355 (original: 23)
============================== Transpiled Circuit saved ==============================
Time elapsed for running the circuit:  2 min 33.00 sec
total_qubits: 18, nq:7

Time elapsed for extracting shots-based hhl counts solution:  0 min 0.00 sec

[HHL info]: linear system residual (e=||Ax-b||_2): 20.011706301833673
[HHL info]: Fidelity(true_sol, hhl_sol): 0.893087040383228
[HHL info]: L2 error (absolute): 4.424217329681911
[HHL info]: L2 error (relative): 0.9565855647481692
[HHL info]: L2 error (normalized): 0.3315634930763785

========================================================================================
 Compare system solutions using LU of A, LU sol of A_herm, HHL of Ax=b hermition system
LU sol 	    Herm LU sol    HHL sol    L1_diff(%)
-2.198e-04  -2.198e-04  -0.000e+00  1.000e+02
-1.893e-04  -1.893e-04  -0.000e+00  1.000e+02
-5.862e-04  -5.862e-04  -0.000e+00  1.000e+02
-7.697e-04  -7.697e-04  -0.000e+00  1.000e+02
-7.013e-04  -7.013e-04  -0.000e+00  1.000e+02
-2.109e-03  -2.109e-03  -0.000e+00  1.000e+02
-1.739e-03  -1.739e-03  -0.000e+00  1.000e+02
-1.727e-03  -1.727e-03  -0.000e+00  1.000e+02
-4.978e-03  -4.978e-03  -0.000e+00  1.000e+02
-3.951e-03  -3.951e-03  -0.000e+00  1.000e+02
-4.023e-03  -4.023e-03  -0.000e+00  1.000e+02
-1.148e-02  -1.148e-02  -0.000e+00  1.000e+02
-1.036e-02  -1.036e-02  -0.000e+00  1.000e+02
-9.865e-03  -9.865e-03  -0.000e+00  1.000e+02
-2.905e-02  -2.905e-02  -0.000e+00  1.000e+02
-2.756e-02  -2.756e-02  -0.000e+00  1.000e+02
-2.424e-02  -2.424e-02  -0.000e+00  1.000e+02
-7.394e-02  -7.394e-02  -0.000e+00  1.000e+02
-5.499e-02  -5.499e-02  -0.000e+00  1.000e+02
-5.490e-02  -5.490e-02  -0.000e+00  1.000e+02
-1.349e-01  -1.349e-01  -1.684e-02  8.752e+01
-1.126e-01  -1.126e-01  -0.000e+00  1.000e+02
-9.534e-02  -9.534e-02  -0.000e+00  1.000e+02
-3.344e-01  -3.344e-01  -0.000e+00  1.000e+02
-2.017e-01  -2.017e-01  -0.000e+00  1.000e+02
-2.069e-01  -2.069e-01  -0.000e+00  1.000e+02
-4.988e-01  -4.988e-01  -2.382e-02  9.522e+01
-3.002e-01  -3.002e-01  -1.684e-02  9.439e+01
-2.858e-01  -2.858e-01  -1.684e-02  9.411e+01
-7.607e-01  -7.607e-01  -5.053e-02  9.336e+01
-3.725e-01  -3.725e-01  -1.684e-02  9.548e+01
-3.828e-01  -3.828e-01  -2.382e-02  9.378e+01
-9.588e-01  -9.588e-01  -5.053e-02  9.473e+01
-4.352e-01  -4.352e-01  -3.369e-02  9.226e+01
-4.400e-01  -4.400e-01  -1.684e-02  9.617e+01
-1.135e+00  -1.135e+00  -4.764e-02  9.580e+01
-4.533e-01  -4.533e-01  -0.000e+00  1.000e+02
-4.865e-01  -4.865e-01  -1.684e-02  9.654e+01
-1.222e+00  -1.222e+00  -6.737e-02  9.449e+01
-4.846e-01  -4.846e-01  -2.382e-02  9.508e+01
-4.908e-01  -4.908e-01  -1.684e-02  9.657e+01
-1.263e+00  -1.263e+00  -4.764e-02  9.623e+01
-4.673e-01  -4.673e-01  -0.000e+00  1.000e+02
-4.983e-01  -4.983e-01  -2.382e-02  9.522e+01
-1.283e+00  -1.283e+00  -5.326e-02  9.585e+01
-4.636e-01  -4.636e-01  -1.684e-02  9.637e+01
-5.369e-01  -5.369e-01  -1.684e-02  9.686e+01
-1.314e+00  -1.314e+00  -6.523e-02  9.503e+01
-5.012e-01  -5.012e-01  -1.684e-02  9.664e+01
-5.046e-01  -5.046e-01  -2.917e-02  9.422e+01
-1.320e+00  -1.320e+00  -7.342e-02  9.444e+01
-4.874e-01  -4.874e-01  -3.369e-02  9.309e+01
-5.143e-01  -5.143e-01  -2.382e-02  9.537e+01
-1.330e+00  -1.330e+00  -7.342e-02  9.448e+01
-5.003e-01  -5.003e-01  -2.382e-02  9.524e+01
-5.255e-01  -5.255e-01  -2.917e-02  9.445e+01
-1.292e+00  -1.292e+00  -3.369e-02  9.739e+01
-4.666e-01  -4.666e-01  -0.000e+00  1.000e+02
-5.214e-01  -5.214e-01  -0.000e+00  1.000e+02
-1.309e+00  -1.309e+00  -4.456e-02  9.660e+01
========================================================================================

step: 6/15 res:20.644739042199213, res/res0:0.9200876085170233  dq_norm: [0.0673728  0.06944629 0.18981322]

A info: before HHL prepare:
Spectral radius (A): 9.827e+01, lambda_min:6.225731369097318
condition number(A): 1.578e+01, norm2_cond:379.7620457737314
det(A): 7.333e+93
--------------------------------------------------------------------------------

A_hhl info: after scaling by spectral radius:
Spectral radius (A): 1.000e+00, lambda_min:0.0633555783296137
condition number(A): 1.578e+01, norm2_cond:379.76204577372863
det(A): 2.094e-26, nnz: 14 non zeros per row
--------------------------------------------------------------------------------

Size of A & B are not power of 2:
Next 2 power of 60 = 64
Value to be padded = 4
--------------------------------------------------

==================== Print (N)^2 padded matrix system =======================
Padded shape of A: (60, 60)x(60, 60) -> (64, 64)x(64, 64)
Padded shape of B: (60,) -> (64,)
Determinant of padded matrix: 2.0938550381314365e-26
Condition # of padded matrix: 379.76204577372863


Matrix is not Hermitian. Making it Hermitian.......

==================== Print Hermitian matrix system info =======================
Shape of hermitian A: 64x64 -> 128x128
Shape of           B: 64 -> 128
Determinant of Hermitian matrix: 4.384228920708711e-52
Condition # of Hermitian matrix: 379.7620457737301

=================================== Generating HHL circuit ===================================
Time elapsed for generating HHL circuit: 5 min 9.17 sec

Generated circuit: num_qubits=18, gates=23, depth=5
============================== Generated Circuit saved ==============================

============================== Transpiling circuit ==============================
This is using the AerSimulator('aer_simulator_statevector') transpiler.
Time elapsed for transpiling the circuit:  0 min 55.78 sec
Transpiled circuit, num_qubits: 18, (original: 18)
Transpiled circuit depth: 464200 (original: 5)
Transpiled circuit gates: 464352 (original: 23)
============================== Transpiled Circuit saved ==============================
Time elapsed for running the circuit:  2 min 31.41 sec
total_qubits: 18, nq:7

Time elapsed for extracting shots-based hhl counts solution:  0 min 0.00 sec

[HHL info]: linear system residual (e=||Ax-b||_2): 17.863910783413633
[HHL info]: Fidelity(true_sol, hhl_sol): 0.9048518664041248
[HHL info]: L2 error (absolute): 4.125533538960297
[HHL info]: L2 error (relative): 0.9366555369434924
[HHL info]: L2 error (normalized): 0.31229146947581543

========================================================================================
 Compare system solutions using LU of A, LU sol of A_herm, HHL of Ax=b hermition system
LU sol 	    Herm LU sol    HHL sol    L1_diff(%)
-2.195e-04  -2.195e-04  -0.000e+00  1.000e+02
-1.891e-04  -1.891e-04  -0.000e+00  1.000e+02
-5.857e-04  -5.857e-04  -0.000e+00  1.000e+02
-7.664e-04  -7.664e-04  -0.000e+00  1.000e+02
-6.997e-04  -6.997e-04  -0.000e+00  1.000e+02
-2.102e-03  -2.102e-03  -0.000e+00  1.000e+02
-1.731e-03  -1.731e-03  -0.000e+00  1.000e+02
-1.724e-03  -1.724e-03  -0.000e+00  1.000e+02
-4.960e-03  -4.960e-03  -0.000e+00  1.000e+02
-3.941e-03  -3.941e-03  -0.000e+00  1.000e+02
-4.018e-03  -4.018e-03  -0.000e+00  1.000e+02
-1.145e-02  -1.145e-02  -0.000e+00  1.000e+02
-1.037e-02  -1.037e-02  -0.000e+00  1.000e+02
-9.856e-03  -9.856e-03  -0.000e+00  1.000e+02
-2.907e-02  -2.907e-02  -0.000e+00  1.000e+02
-2.765e-02  -2.765e-02  -0.000e+00  1.000e+02
-2.430e-02  -2.430e-02  -0.000e+00  1.000e+02
-7.414e-02  -7.414e-02  -0.000e+00  1.000e+02
-5.515e-02  -5.515e-02  -0.000e+00  1.000e+02
-5.498e-02  -5.498e-02  -0.000e+00  1.000e+02
-1.181e-01  -1.181e-01  -0.000e+00  1.000e+02
-1.125e-01  -1.125e-01  -0.000e+00  1.000e+02
-9.525e-02  -9.525e-02  -0.000e+00  1.000e+02
-3.340e-01  -3.340e-01  -2.395e-02  9.283e+01
-2.012e-01  -2.012e-01  -0.000e+00  1.000e+02
-2.074e-01  -2.074e-01  -0.000e+00  1.000e+02
-4.723e-01  -4.723e-01  -3.388e-02  9.283e+01
-2.808e-01  -2.808e-01  -2.395e-02  9.147e+01
-2.679e-01  -2.679e-01  -0.000e+00  1.000e+02
-7.036e-01  -7.036e-01  -4.791e-02  9.319e+01
-3.514e-01  -3.514e-01  -0.000e+00  1.000e+02
-3.589e-01  -3.589e-01  -4.791e-02  8.665e+01
-8.996e-01  -8.996e-01  -6.338e-02  9.295e+01
-3.970e-01  -3.970e-01  -2.395e-02  9.397e+01
-4.237e-01  -4.237e-01  -2.395e-02  9.435e+01
-1.079e+00  -1.079e+00  -7.186e-02  9.334e+01
-4.534e-01  -4.534e-01  -0.000e+00  1.000e+02
-4.701e-01  -4.701e-01  -4.149e-02  9.117e+01
-1.148e+00  -1.148e+00  -7.945e-02  9.308e+01
-4.615e-01  -4.615e-01  -2.395e-02  9.481e+01
-4.748e-01  -4.748e-01  -3.388e-02  9.287e+01
-1.217e+00  -1.217e+00  -8.637e-02  9.291e+01
-4.693e-01  -4.693e-01  -2.395e-02  9.490e+01
-4.733e-01  -4.733e-01  -3.388e-02  9.284e+01
-1.229e+00  -1.229e+00  -9.277e-02  9.245e+01
-4.451e-01  -4.451e-01  -0.000e+00  1.000e+02
-5.196e-01  -5.196e-01  -4.149e-02  9.202e+01
-1.241e+00  -1.241e+00  -1.044e-01  9.159e+01
-4.808e-01  -4.808e-01  -2.395e-02  9.502e+01
-4.750e-01  -4.750e-01  -3.388e-02  9.287e+01
-1.234e+00  -1.234e+00  -5.356e-02  9.566e+01
-4.500e-01  -4.500e-01  -0.000e+00  1.000e+02
-4.921e-01  -4.921e-01  -3.388e-02  9.312e+01
-1.250e+00  -1.250e+00  -6.775e-02  9.458e+01
-4.741e-01  -4.741e-01  -3.388e-02  9.286e+01
-4.955e-01  -4.955e-01  -0.000e+00  1.000e+02
-1.255e+00  -1.255e+00  -7.945e-02  9.367e+01
-4.648e-01  -4.648e-01  -2.395e-02  9.485e+01
-5.213e-01  -5.213e-01  -2.395e-02  9.540e+01
-1.254e+00  -1.254e+00  -1.016e-01  9.190e+01
========================================================================================

step: 7/15 res:20.025890065696938, res/res0:0.8925069607956206  dq_norm: [0.06775313 0.1071271  0.26566657]

A info: before HHL prepare:
Spectral radius (A): 9.789e+01, lambda_min:6.253213510457662
condition number(A): 1.565e+01, norm2_cond:372.1398614822587
det(A): 6.842e+93
--------------------------------------------------------------------------------

A_hhl info: after scaling by spectral radius:
Spectral radius (A): 1.000e+00, lambda_min:0.06388038799618656
condition number(A): 1.565e+01, norm2_cond:372.13986148226246
det(A): 2.460e-26, nnz: 21 non zeros per row
--------------------------------------------------------------------------------

Size of A & B are not power of 2:
Next 2 power of 60 = 64
Value to be padded = 4
--------------------------------------------------

==================== Print (N)^2 padded matrix system =======================
Padded shape of A: (60, 60)x(60, 60) -> (64, 64)x(64, 64)
Padded shape of B: (60,) -> (64,)
Determinant of padded matrix: 2.46049352743832e-26
Condition # of padded matrix: 372.13986148226246


Matrix is not Hermitian. Making it Hermitian.......

==================== Print Hermitian matrix system info =======================
Shape of hermitian A: 64x64 -> 128x128
Shape of           B: 64 -> 128
Determinant of Hermitian matrix: 6.05402839856578e-52
Condition # of Hermitian matrix: 372.1398614822629

=================================== Generating HHL circuit ===================================
Time elapsed for generating HHL circuit: 5 min 5.31 sec

Generated circuit: num_qubits=18, gates=23, depth=5
============================== Generated Circuit saved ==============================

============================== Transpiling circuit ==============================
This is using the AerSimulator('aer_simulator_statevector') transpiler.
Time elapsed for transpiling the circuit:  0 min 44.92 sec
Transpiled circuit, num_qubits: 18, (original: 18)
Transpiled circuit depth: 464201 (original: 5)
Transpiled circuit gates: 464353 (original: 23)
============================== Transpiled Circuit saved ==============================
Time elapsed for running the circuit:  2 min 28.66 sec
total_qubits: 18, nq:7

Time elapsed for extracting shots-based hhl counts solution:  0 min 0.00 sec

[HHL info]: linear system residual (e=||Ax-b||_2): 18.031101969573406
[HHL info]: Fidelity(true_sol, hhl_sol): 0.9117805741704404
[HHL info]: L2 error (absolute): 4.078459572510834
[HHL info]: L2 error (relative): 0.990627143306431
[HHL info]: L2 error (normalized): 0.30042629782983543

========================================================================================
 Compare system solutions using LU of A, LU sol of A_herm, HHL of Ax=b hermition system
LU sol 	    Herm LU sol    HHL sol    L1_diff(%)
-2.114e-04  -2.114e-04  -0.000e+00  1.000e+02
-1.850e-04  -1.850e-04  -0.000e+00  1.000e+02
-5.684e-04  -5.684e-04  -0.000e+00  1.000e+02
-7.330e-04  -7.330e-04  -0.000e+00  1.000e+02
-6.828e-04  -6.828e-04  -0.000e+00  1.000e+02
-2.031e-03  -2.031e-03  -0.000e+00  1.000e+02
-1.688e-03  -1.688e-03  -0.000e+00  1.000e+02
-1.702e-03  -1.702e-03  -0.000e+00  1.000e+02
-4.869e-03  -4.869e-03  -0.000e+00  1.000e+02
-3.988e-03  -3.988e-03  -0.000e+00  1.000e+02
-4.042e-03  -4.042e-03  -0.000e+00  1.000e+02
-1.155e-02  -1.155e-02  -0.000e+00  1.000e+02
-1.065e-02  -1.065e-02  -0.000e+00  1.000e+02
-1.000e-02  -1.000e-02  -0.000e+00  1.000e+02
-2.968e-02  -2.968e-02  -0.000e+00  1.000e+02
-2.802e-02  -2.802e-02  -0.000e+00  1.000e+02
-2.445e-02  -2.445e-02  -0.000e+00  1.000e+02
-7.494e-02  -7.494e-02  -0.000e+00  1.000e+02
-5.486e-02  -5.486e-02  -0.000e+00  1.000e+02
-5.489e-02  -5.489e-02  -0.000e+00  1.000e+02
-1.176e-01  -1.176e-01  -0.000e+00  1.000e+02
-1.101e-01  -1.101e-01  -0.000e+00  1.000e+02
-9.385e-02  -9.385e-02  -0.000e+00  1.000e+02
-3.036e-01  -3.036e-01  -4.227e-03  9.861e+01
-1.986e-01  -1.986e-01  -2.989e-03  9.849e+01
-2.079e-01  -2.079e-01  -2.989e-03  9.856e+01
-4.305e-01  -4.305e-01  -5.177e-03  9.880e+01
-2.577e-01  -2.577e-01  -0.000e+00  1.000e+02
-2.698e-01  -2.698e-01  -4.227e-03  9.843e+01
-6.572e-01  -6.572e-01  -7.321e-03  9.889e+01
-3.563e-01  -3.563e-01  -0.000e+00  1.000e+02
-3.093e-01  -3.093e-01  -0.000e+00  1.000e+02
-8.427e-01  -8.427e-01  -9.451e-03  9.888e+01
-3.767e-01  -3.767e-01  -2.989e-03  9.921e+01
-4.012e-01  -4.012e-01  -0.000e+00  1.000e+02
-1.013e+00  -1.013e+00  -8.966e-03  9.911e+01
-4.565e-01  -4.565e-01  -5.177e-03  9.887e+01
-4.251e-01  -4.251e-01  -4.227e-03  9.901e+01
-1.067e+00  -1.067e+00  -1.370e-02  9.872e+01
-4.375e-01  -4.375e-01  -0.000e+00  1.000e+02
-4.432e-01  -4.432e-01  -4.227e-03  9.905e+01
-1.127e+00  -1.127e+00  -1.035e-02  9.908e+01
-4.498e-01  -4.498e-01  -5.977e-03  9.867e+01
-4.407e-01  -4.407e-01  -2.989e-03  9.932e+01
-1.140e+00  -1.140e+00  -1.232e-02  9.892e+01
-4.535e-01  -4.535e-01  -2.989e-03  9.934e+01
-4.793e-01  -4.793e-01  -4.227e-03  9.912e+01
-1.147e+00  -1.147e+00  -1.158e-02  9.899e+01
-4.598e-01  -4.598e-01  -2.989e-03  9.935e+01
-4.388e-01  -4.388e-01  -2.989e-03  9.932e+01
-1.189e+00  -1.189e+00  -1.035e-02  9.913e+01
-4.454e-01  -4.454e-01  -4.227e-03  9.905e+01
-4.551e-01  -4.551e-01  -4.227e-03  9.907e+01
-1.166e+00  -1.166e+00  -9.451e-03  9.919e+01
-4.314e-01  -4.314e-01  -7.321e-03  9.830e+01
-4.990e-01  -4.990e-01  -0.000e+00  1.000e+02
-1.153e+00  -1.153e+00  -1.118e-02  9.903e+01
-4.361e-01  -4.361e-01  -2.989e-03  9.931e+01
-4.980e-01  -4.980e-01  -2.989e-03  9.940e+01
-1.136e+00  -1.136e+00  -1.268e-02  9.888e+01
========================================================================================

step: 8/15 res:17.86538871618318, res/res0:0.7962184818853948  dq_norm: [0.01336599 0.01118279 0.03648205]

A info: before HHL prepare:
Spectral radius (A): 9.787e+01, lambda_min:6.264627472533988
condition number(A): 1.562e+01, norm2_cond:370.8545915555581
det(A): 7.217e+93
--------------------------------------------------------------------------------

A_hhl info: after scaling by spectral radius:
Spectral radius (A): 1.000e+00, lambda_min:0.06401103870393827
condition number(A): 1.562e+01, norm2_cond:370.8545915555605
det(A): 2.630e-26, nnz: 14 non zeros per row
--------------------------------------------------------------------------------

Size of A & B are not power of 2:
Next 2 power of 60 = 64
Value to be padded = 4
--------------------------------------------------

==================== Print (N)^2 padded matrix system =======================
Padded shape of A: (60, 60)x(60, 60) -> (64, 64)x(64, 64)
Padded shape of B: (60,) -> (64,)
Determinant of padded matrix: 2.62979924866763e-26
Condition # of padded matrix: 370.8545915555605


Matrix is not Hermitian. Making it Hermitian.......

==================== Print Hermitian matrix system info =======================
Shape of hermitian A: 64x64 -> 128x128
Shape of           B: 64 -> 128
Determinant of Hermitian matrix: 6.915844088293128e-52
Condition # of Hermitian matrix: 370.8545915555651

=================================== Generating HHL circuit ===================================
Time elapsed for generating HHL circuit: 5 min 24.87 sec

Generated circuit: num_qubits=18, gates=23, depth=5
============================== Generated Circuit saved ==============================

============================== Transpiling circuit ==============================
This is using the AerSimulator('aer_simulator_statevector') transpiler.
Time elapsed for transpiling the circuit:  0 min 44.26 sec
Transpiled circuit, num_qubits: 18, (original: 18)
Transpiled circuit depth: 464202 (original: 5)
Transpiled circuit gates: 464354 (original: 23)
============================== Transpiled Circuit saved ==============================
Time elapsed for running the circuit:  2 min 29.23 sec
total_qubits: 18, nq:7

Time elapsed for extracting shots-based hhl counts solution:  0 min 0.00 sec

[HHL info]: linear system residual (e=||Ax-b||_2): 17.07338735652935
[HHL info]: Fidelity(true_sol, hhl_sol): 0.919927987864153
[HHL info]: L2 error (absolute): 3.9235959270156817
[HHL info]: L2 error (relative): 0.9636479160023834
[HHL info]: L2 error (normalized): 0.2859064007427718

========================================================================================
 Compare system solutions using LU of A, LU sol of A_herm, HHL of Ax=b hermition system
LU sol 	    Herm LU sol    HHL sol    L1_diff(%)
-2.112e-04  -2.112e-04  -0.000e+00  1.000e+02
-1.849e-04  -1.849e-04  -0.000e+00  1.000e+02
-5.680e-04  -5.680e-04  -0.000e+00  1.000e+02
-7.346e-04  -7.346e-04  -0.000e+00  1.000e+02
-6.836e-04  -6.836e-04  -0.000e+00  1.000e+02
-2.035e-03  -2.035e-03  -0.000e+00  1.000e+02
-1.695e-03  -1.695e-03  -0.000e+00  1.000e+02
-1.706e-03  -1.706e-03  -0.000e+00  1.000e+02
-4.884e-03  -4.884e-03  -0.000e+00  1.000e+02
-4.000e-03  -4.000e-03  -0.000e+00  1.000e+02
-4.049e-03  -4.049e-03  -0.000e+00  1.000e+02
-1.158e-02  -1.158e-02  -0.000e+00  1.000e+02
-1.064e-02  -1.064e-02  -0.000e+00  1.000e+02
-9.994e-03  -9.994e-03  -0.000e+00  1.000e+02
-2.967e-02  -2.967e-02  -0.000e+00  1.000e+02
-2.796e-02  -2.796e-02  -0.000e+00  1.000e+02
-2.442e-02  -2.442e-02  -0.000e+00  1.000e+02
-7.483e-02  -7.483e-02  -0.000e+00  1.000e+02
-5.478e-02  -5.478e-02  -1.186e-02  7.836e+01
-5.487e-02  -5.487e-02  -0.000e+00  1.000e+02
-1.174e-01  -1.174e-01  -0.000e+00  1.000e+02
-1.103e-01  -1.103e-01  -0.000e+00  1.000e+02
-9.400e-02  -9.400e-02  -0.000e+00  1.000e+02
-2.994e-01  -2.994e-01  -2.053e-02  9.314e+01
-1.959e-01  -1.959e-01  -0.000e+00  1.000e+02
-2.050e-01  -2.050e-01  -2.053e-02  8.999e+01
-4.262e-01  -4.262e-01  -1.677e-02  9.607e+01
-2.575e-01  -2.575e-01  -0.000e+00  1.000e+02
-2.651e-01  -2.651e-01  -1.186e-02  9.553e+01
-6.490e-01  -6.490e-01  -2.651e-02  9.592e+01
-3.553e-01  -3.553e-01  -2.371e-02  9.333e+01
-3.091e-01  -3.091e-01  -1.677e-02  9.458e+01
-8.298e-01  -8.298e-01  -3.353e-02  9.596e+01
-3.729e-01  -3.729e-01  -0.000e+00  1.000e+02
-4.019e-01  -4.019e-01  -1.186e-02  9.705e+01
-1.001e+00  -1.001e+00  -4.591e-02  9.541e+01
-4.509e-01  -4.509e-01  -1.186e-02  9.737e+01
-4.207e-01  -4.207e-01  -1.186e-02  9.718e+01
-1.052e+00  -1.052e+00  -3.932e-02  9.626e+01
-4.371e-01  -4.371e-01  -1.677e-02  9.616e+01
-4.386e-01  -4.386e-01  -2.651e-02  9.396e+01
-1.115e+00  -1.115e+00  -4.274e-02  9.617e+01
-4.430e-01  -4.430e-01  -2.371e-02  9.465e+01
-4.382e-01  -4.382e-01  -0.000e+00  1.000e+02
-1.126e+00  -1.126e+00  -3.557e-02  9.684e+01
-4.502e-01  -4.502e-01  -1.677e-02  9.628e+01
-4.750e-01  -4.750e-01  -1.677e-02  9.647e+01
-1.134e+00  -1.134e+00  -4.274e-02  9.623e+01
-4.557e-01  -4.557e-01  -1.186e-02  9.740e+01
-4.354e-01  -4.354e-01  -1.186e-02  9.728e+01
-1.176e+00  -1.176e+00  -5.168e-02  9.561e+01
-4.393e-01  -4.393e-01  -2.651e-02  9.397e+01
-4.508e-01  -4.508e-01  -1.186e-02  9.737e+01
-1.153e+00  -1.153e+00  -3.353e-02  9.709e+01
-4.226e-01  -4.226e-01  -1.186e-02  9.719e+01
-4.996e-01  -4.996e-01  -1.186e-02  9.763e+01
-1.138e+00  -1.138e+00  -3.749e-02  9.671e+01
-4.329e-01  -4.329e-01  -1.186e-02  9.726e+01
-4.951e-01  -4.951e-01  -1.677e-02  9.661e+01
-1.122e+00  -1.122e+00  -4.107e-02  9.634e+01
========================================================================================

step: 9/15 res:18.031362614360734, res/res0:0.8036155493289834  dq_norm: [0.05560578 0.05301803 0.13412619]

A info: before HHL prepare:
Spectral radius (A): 9.785e+01, lambda_min:6.35666639157157
condition number(A): 1.539e+01, norm2_cond:367.0183957914745
det(A): 8.790e+93
--------------------------------------------------------------------------------

A_hhl info: after scaling by spectral radius:
Spectral radius (A): 1.000e+00, lambda_min:0.06496332810202078
condition number(A): 1.539e+01, norm2_cond:367.01839579147077
det(A): 3.238e-26, nnz: 22 non zeros per row
--------------------------------------------------------------------------------

Size of A & B are not power of 2:
Next 2 power of 60 = 64
Value to be padded = 4
--------------------------------------------------

==================== Print (N)^2 padded matrix system =======================
Padded shape of A: (60, 60)x(60, 60) -> (64, 64)x(64, 64)
Padded shape of B: (60,) -> (64,)
Determinant of padded matrix: 3.2382790162843684e-26
Condition # of padded matrix: 367.01839579147077


Matrix is not Hermitian. Making it Hermitian.......

==================== Print Hermitian matrix system info =======================
Shape of hermitian A: 64x64 -> 128x128
Shape of           B: 64 -> 128
Determinant of Hermitian matrix: 1.0486450987308105e-51
Condition # of Hermitian matrix: 367.018395791479

=================================== Generating HHL circuit ===================================
Time elapsed for generating HHL circuit: 5 min 9.22 sec

Generated circuit: num_qubits=18, gates=23, depth=5
============================== Generated Circuit saved ==============================

============================== Transpiling circuit ==============================
This is using the AerSimulator('aer_simulator_statevector') transpiler.
Time elapsed for transpiling the circuit:  0 min 58.55 sec
Transpiled circuit, num_qubits: 18, (original: 18)
Transpiled circuit depth: 464201 (original: 5)
Transpiled circuit gates: 464353 (original: 23)
============================== Transpiled Circuit saved ==============================
Time elapsed for running the circuit:  2 min 30.07 sec
total_qubits: 18, nq:7

Time elapsed for extracting shots-based hhl counts solution:  0 min 0.00 sec

[HHL info]: linear system residual (e=||Ax-b||_2): 14.894828837663683
[HHL info]: Fidelity(true_sol, hhl_sol): 0.9442430566330314
[HHL info]: L2 error (absolute): 3.3239959085582877
[HHL info]: L2 error (relative): 0.8530047946179338
[HHL info]: L2 error (normalized): 0.23781632782747575

========================================================================================
 Compare system solutions using LU of A, LU sol of A_herm, HHL of Ax=b hermition system
LU sol 	    Herm LU sol    HHL sol    L1_diff(%)
-2.167e-04  -2.167e-04  -0.000e+00  1.000e+02
-1.876e-04  -1.876e-04  -0.000e+00  1.000e+02
-5.798e-04  -5.798e-04  -0.000e+00  1.000e+02
-7.739e-04  -7.739e-04  -0.000e+00  1.000e+02
-7.032e-04  -7.032e-04  -0.000e+00  1.000e+02
-2.118e-03  -2.118e-03  -0.000e+00  1.000e+02
-1.783e-03  -1.783e-03  -0.000e+00  1.000e+02
-1.752e-03  -1.752e-03  -0.000e+00  1.000e+02
-5.071e-03  -5.071e-03  -0.000e+00  1.000e+02
-4.048e-03  -4.048e-03  -0.000e+00  1.000e+02
-4.075e-03  -4.075e-03  -0.000e+00  1.000e+02
-1.168e-02  -1.168e-02  -0.000e+00  1.000e+02
-1.037e-02  -1.037e-02  -0.000e+00  1.000e+02
-9.835e-03  -9.835e-03  -0.000e+00  1.000e+02
-2.912e-02  -2.912e-02  -0.000e+00  1.000e+02
-2.724e-02  -2.724e-02  -0.000e+00  1.000e+02
-2.402e-02  -2.402e-02  -0.000e+00  1.000e+02
-7.327e-02  -7.327e-02  -0.000e+00  1.000e+02
-4.291e-02  -4.291e-02  -0.000e+00  1.000e+02
-5.535e-02  -5.535e-02  -0.000e+00  1.000e+02
-1.176e-01  -1.176e-01  -0.000e+00  1.000e+02
-1.122e-01  -1.122e-01  -0.000e+00  1.000e+02
-9.484e-02  -9.484e-02  -0.000e+00  1.000e+02
-2.823e-01  -2.823e-01  -0.000e+00  1.000e+02
-1.975e-01  -1.975e-01  -0.000e+00  1.000e+02
-1.834e-01  -1.834e-01  -4.492e-02  7.551e+01
-4.115e-01  -4.115e-01  -0.000e+00  1.000e+02
-2.571e-01  -2.571e-01  -0.000e+00  1.000e+02
-2.533e-01  -2.533e-01  -4.492e-02  8.227e+01
-6.206e-01  -6.206e-01  -1.004e-01  8.382e+01
-3.301e-01  -3.301e-01  -4.492e-02  8.639e+01
-2.934e-01  -2.934e-01  -4.492e-02  8.469e+01
-7.949e-01  -7.949e-01  -1.270e-01  8.402e+01
-3.736e-01  -3.736e-01  -4.492e-02  8.798e+01
-3.901e-01  -3.901e-01  -7.780e-02  8.006e+01
-9.518e-01  -9.518e-01  -1.420e-01  8.508e+01
-4.371e-01  -4.371e-01  -7.780e-02  8.220e+01
-4.081e-01  -4.081e-01  -8.984e-02  7.799e+01
-1.008e+00  -1.008e+00  -1.556e-01  8.456e+01
-4.146e-01  -4.146e-01  -4.492e-02  8.917e+01
-4.108e-01  -4.108e-01  -6.352e-02  8.454e+01
-1.060e+00  -1.060e+00  -1.958e-01  8.153e+01
-4.128e-01  -4.128e-01  -8.984e-02  7.824e+01
-4.405e-01  -4.405e-01  -1.100e-01  7.502e+01
-1.078e+00  -1.078e+00  -1.797e-01  8.333e+01
-4.276e-01  -4.276e-01  -6.352e-02  8.514e+01
-4.566e-01  -4.566e-01  -7.780e-02  8.296e+01
-1.077e+00  -1.077e+00  -1.681e-01  8.440e+01
-4.373e-01  -4.373e-01  -6.352e-02  8.547e+01
-4.236e-01  -4.236e-01  -4.492e-02  8.940e+01
-1.107e+00  -1.107e+00  -1.490e-01  8.655e+01
-4.072e-01  -4.072e-01  -6.352e-02  8.440e+01
-4.398e-01  -4.398e-01  -6.352e-02  8.556e+01
-1.109e+00  -1.109e+00  -1.188e-01  8.928e+01
-4.088e-01  -4.088e-01  -6.352e-02  8.446e+01
-4.879e-01  -4.879e-01  -6.352e-02  8.698e+01
-1.096e+00  -1.096e+00  -1.556e-01  8.580e+01
-4.205e-01  -4.205e-01  -6.352e-02  8.489e+01
-4.784e-01  -4.784e-01  -4.492e-02  9.061e+01
-1.079e+00  -1.079e+00  -1.620e-01  8.499e+01
========================================================================================

step: 10/15 res:17.084987497402086, res/res0:0.7614378295553096  dq_norm: [0.20088076 0.23340235 0.50620357]

A info: before HHL prepare:
Spectral radius (A): 9.782e+01, lambda_min:6.334922664023511
condition number(A): 1.544e+01, norm2_cond:364.35332856306366
det(A): 1.589e+94
--------------------------------------------------------------------------------

A_hhl info: after scaling by spectral radius:
Spectral radius (A): 1.000e+00, lambda_min:0.06476028300062707
condition number(A): 1.544e+01, norm2_cond:364.3533285630638
det(A): 5.959e-26, nnz: 14 non zeros per row
--------------------------------------------------------------------------------

Size of A & B are not power of 2:
Next 2 power of 60 = 64
Value to be padded = 4
--------------------------------------------------

==================== Print (N)^2 padded matrix system =======================
Padded shape of A: (60, 60)x(60, 60) -> (64, 64)x(64, 64)
Padded shape of B: (60,) -> (64,)
Determinant of padded matrix: 5.959028614858674e-26
Condition # of padded matrix: 364.3533285630638


Matrix is not Hermitian. Making it Hermitian.......

==================== Print Hermitian matrix system info =======================
Shape of hermitian A: 64x64 -> 128x128
Shape of           B: 64 -> 128
Determinant of Hermitian matrix: 3.551002203270398e-51
Condition # of Hermitian matrix: 364.35332856306286

=================================== Generating HHL circuit ===================================
Time elapsed for generating HHL circuit: 5 min 14.47 sec

Generated circuit: num_qubits=18, gates=23, depth=5
============================== Generated Circuit saved ==============================

============================== Transpiling circuit ==============================
This is using the AerSimulator('aer_simulator_statevector') transpiler.
Time elapsed for transpiling the circuit:  0 min 45.43 sec
Transpiled circuit, num_qubits: 18, (original: 18)
Transpiled circuit depth: 464195 (original: 5)
Transpiled circuit gates: 464347 (original: 23)
============================== Transpiled Circuit saved ==============================
Time elapsed for running the circuit:  2 min 28.19 sec
total_qubits: 18, nq:7

Time elapsed for extracting shots-based hhl counts solution:  0 min 0.00 sec

[HHL info]: linear system residual (e=||Ax-b||_2): 14.809410221170653
[HHL info]: Fidelity(true_sol, hhl_sol): 0.9180869648434165
[HHL info]: L2 error (absolute): 3.1718723545876437
[HHL info]: L2 error (relative): 0.9706067320207847
[HHL info]: L2 error (normalized): 0.2892454072235877

========================================================================================
 Compare system solutions using LU of A, LU sol of A_herm, HHL of Ax=b hermition system
LU sol 	    Herm LU sol    HHL sol    L1_diff(%)
-2.411e-04  -2.411e-04  -0.000e+00  1.000e+02
-1.997e-04  -1.997e-04  -0.000e+00  1.000e+02
-6.316e-04  -6.316e-04  -0.000e+00  1.000e+02
-8.806e-04  -8.806e-04  -0.000e+00  1.000e+02
-7.568e-04  -7.568e-04  -0.000e+00  1.000e+02
-2.345e-03  -2.345e-03  -0.000e+00  1.000e+02
-1.938e-03  -1.938e-03  -0.000e+00  1.000e+02
-1.831e-03  -1.831e-03  -0.000e+00  1.000e+02
-5.397e-03  -5.397e-03  -0.000e+00  1.000e+02
-3.940e-03  -3.940e-03  -0.000e+00  1.000e+02
-4.019e-03  -4.019e-03  -0.000e+00  1.000e+02
-1.145e-02  -1.145e-02  -0.000e+00  1.000e+02
-9.483e-03  -9.483e-03  -0.000e+00  1.000e+02
-9.357e-03  -9.357e-03  -0.000e+00  1.000e+02
-2.725e-02  -2.725e-02  -0.000e+00  1.000e+02
-2.592e-02  -2.592e-02  -0.000e+00  1.000e+02
-2.342e-02  -2.342e-02  -0.000e+00  1.000e+02
-7.042e-02  -7.042e-02  -0.000e+00  1.000e+02
-4.403e-02  -4.403e-02  -0.000e+00  1.000e+02
-5.629e-02  -5.629e-02  -0.000e+00  1.000e+02
-1.194e-01  -1.194e-01  -0.000e+00  1.000e+02
-1.188e-01  -1.188e-01  -0.000e+00  1.000e+02
-9.721e-02  -9.721e-02  -0.000e+00  1.000e+02
-2.980e-01  -2.980e-01  -7.482e-03  9.749e+01
-2.047e-01  -2.047e-01  -0.000e+00  1.000e+02
-1.361e-01  -1.361e-01  -7.482e-03  9.450e+01
-4.266e-01  -4.266e-01  -7.482e-03  9.825e+01
-2.597e-01  -2.597e-01  -1.296e-02  9.501e+01
-2.078e-01  -2.078e-01  -0.000e+00  1.000e+02
-5.164e-01  -5.164e-01  -1.980e-02  9.617e+01
-2.834e-01  -2.834e-01  -7.482e-03  9.736e+01
-2.499e-01  -2.499e-01  -0.000e+00  1.000e+02
-6.612e-01  -6.612e-01  -2.592e-02  9.608e+01
-3.258e-01  -3.258e-01  -1.673e-02  9.487e+01
-3.115e-01  -3.115e-01  -7.482e-03  9.760e+01
-8.057e-01  -8.057e-01  -2.482e-02  9.692e+01
-3.521e-01  -3.521e-01  -1.058e-02  9.700e+01
-3.181e-01  -3.181e-01  -7.482e-03  9.765e+01
-8.394e-01  -8.394e-01  -2.366e-02  9.718e+01
-3.658e-01  -3.658e-01  -1.296e-02  9.646e+01
-3.490e-01  -3.490e-01  -1.496e-02  9.571e+01
-8.494e-01  -8.494e-01  -2.245e-02  9.736e+01
-3.140e-01  -3.140e-01  -7.482e-03  9.762e+01
-3.285e-01  -3.285e-01  -1.496e-02  9.544e+01
-8.848e-01  -8.848e-01  -2.592e-02  9.707e+01
-3.514e-01  -3.514e-01  -7.482e-03  9.787e+01
-3.776e-01  -3.776e-01  -7.482e-03  9.802e+01
-8.804e-01  -8.804e-01  -2.993e-02  9.660e+01
-3.613e-01  -3.613e-01  -0.000e+00  1.000e+02
-3.814e-01  -3.814e-01  -7.482e-03  9.804e+01
-9.318e-01  -9.318e-01  -3.346e-02  9.641e+01
-3.339e-01  -3.339e-01  -7.482e-03  9.776e+01
-3.763e-01  -3.763e-01  -1.296e-02  9.656e+01
-9.713e-01  -9.713e-01  -3.346e-02  9.655e+01
-3.333e-01  -3.333e-01  -7.482e-03  9.775e+01
-4.229e-01  -4.229e-01  -1.673e-02  9.604e+01
-9.137e-01  -9.137e-01  -2.592e-02  9.716e+01
-3.421e-01  -3.421e-01  -0.000e+00  1.000e+02
-4.332e-01  -4.332e-01  -1.296e-02  9.701e+01
-8.835e-01  -8.835e-01  -1.980e-02  9.776e+01
========================================================================================

step: 11/15 res:14.932137667609648, res/res0:0.6654903609367382  dq_norm: [0.03174434 0.03665521 0.08789609]

A info: before HHL prepare:
Spectral radius (A): 9.793e+01, lambda_min:6.314281512156361
condition number(A): 1.551e+01, norm2_cond:361.93291807496365
det(A): 1.650e+94
--------------------------------------------------------------------------------

A_hhl info: after scaling by spectral radius:
Spectral radius (A): 1.000e+00, lambda_min:0.06447830521481122
condition number(A): 1.551e+01, norm2_cond:361.9329180749608
det(A): 5.794e-26, nnz: 14 non zeros per row
--------------------------------------------------------------------------------

Size of A & B are not power of 2:
Next 2 power of 60 = 64
Value to be padded = 4
--------------------------------------------------

==================== Print (N)^2 padded matrix system =======================
Padded shape of A: (60, 60)x(60, 60) -> (64, 64)x(64, 64)
Padded shape of B: (60,) -> (64,)
Determinant of padded matrix: 5.794229486379509e-26
Condition # of padded matrix: 361.9329180749608


Matrix is not Hermitian. Making it Hermitian.......

==================== Print Hermitian matrix system info =======================
Shape of hermitian A: 64x64 -> 128x128
Shape of           B: 64 -> 128
Determinant of Hermitian matrix: 3.357309534082975e-51
Condition # of Hermitian matrix: 361.932918074966

=================================== Generating HHL circuit ===================================
Time elapsed for generating HHL circuit: 5 min 18.83 sec

Generated circuit: num_qubits=18, gates=23, depth=5
============================== Generated Circuit saved ==============================

============================== Transpiling circuit ==============================
This is using the AerSimulator('aer_simulator_statevector') transpiler.
Time elapsed for transpiling the circuit:  0 min 44.71 sec
Transpiled circuit, num_qubits: 18, (original: 18)
Transpiled circuit depth: 464201 (original: 5)
Transpiled circuit gates: 464353 (original: 23)
============================== Transpiled Circuit saved ==============================
Time elapsed for running the circuit:  2 min 28.01 sec
total_qubits: 18, nq:7

Time elapsed for extracting shots-based hhl counts solution:  0 min 0.00 sec

[HHL info]: linear system residual (e=||Ax-b||_2): 13.30871929583136
[HHL info]: Fidelity(true_sol, hhl_sol): 0.9005648572848725
[HHL info]: L2 error (absolute): 3.007507037763942
[HHL info]: L2 error (relative): 0.9493179098316831
[HHL info]: L2 error (normalized): 0.3194340079498948

========================================================================================
 Compare system solutions using LU of A, LU sol of A_herm, HHL of Ax=b hermition system
LU sol 	    Herm LU sol    HHL sol    L1_diff(%)
-2.457e-04  -2.457e-04  -0.000e+00  1.000e+02
-2.020e-04  -2.020e-04  -0.000e+00  1.000e+02
-6.416e-04  -6.416e-04  -0.000e+00  1.000e+02
-8.880e-04  -8.880e-04  -0.000e+00  1.000e+02
-7.605e-04  -7.605e-04  -0.000e+00  1.000e+02
-2.361e-03  -2.361e-03  -0.000e+00  1.000e+02
-1.923e-03  -1.923e-03  -0.000e+00  1.000e+02
-1.824e-03  -1.824e-03  -0.000e+00  1.000e+02
-5.364e-03  -5.364e-03  -0.000e+00  1.000e+02
-3.857e-03  -3.857e-03  -0.000e+00  1.000e+02
-3.976e-03  -3.976e-03  -0.000e+00  1.000e+02
-1.128e-02  -1.128e-02  -0.000e+00  1.000e+02
-9.354e-03  -9.354e-03  -0.000e+00  1.000e+02
-9.290e-03  -9.290e-03  -0.000e+00  1.000e+02
-2.699e-02  -2.699e-02  -0.000e+00  1.000e+02
-2.598e-02  -2.598e-02  -0.000e+00  1.000e+02
-2.345e-02  -2.345e-02  -0.000e+00  1.000e+02
-7.053e-02  -7.053e-02  -0.000e+00  1.000e+02
-4.481e-02  -4.481e-02  -0.000e+00  1.000e+02
-5.684e-02  -5.684e-02  -0.000e+00  1.000e+02
-1.210e-01  -1.210e-01  -0.000e+00  1.000e+02
-1.196e-01  -1.196e-01  -0.000e+00  1.000e+02
-9.716e-02  -9.716e-02  -0.000e+00  1.000e+02
-2.918e-01  -2.918e-01  -0.000e+00  1.000e+02
-2.034e-01  -2.034e-01  -1.372e-02  9.326e+01
-1.278e-01  -1.278e-01  -0.000e+00  1.000e+02
-4.165e-01  -4.165e-01  -2.376e-02  9.429e+01
-2.426e-01  -2.426e-01  -1.940e-02  9.200e+01
-2.079e-01  -2.079e-01  -1.940e-02  9.067e+01
-4.887e-01  -4.887e-01  -1.940e-02  9.603e+01
-2.717e-01  -2.717e-01  -1.940e-02  9.286e+01
-2.499e-01  -2.499e-01  -0.000e+00  1.000e+02
-6.255e-01  -6.255e-01  -3.880e-02  9.380e+01
-3.053e-01  -3.053e-01  -1.372e-02  9.551e+01
-3.044e-01  -3.044e-01  -1.940e-02  9.363e+01
-7.736e-01  -7.736e-01  -3.880e-02  9.498e+01
-3.404e-01  -3.404e-01  -1.372e-02  9.597e+01
-3.113e-01  -3.113e-01  -1.372e-02  9.559e+01
-8.137e-01  -8.137e-01  -4.753e-02  9.416e+01
-3.527e-01  -3.527e-01  -1.372e-02  9.611e+01
-3.337e-01  -3.337e-01  -2.376e-02  9.288e+01
-8.283e-01  -8.283e-01  -5.657e-02  9.317e+01
-3.065e-01  -3.065e-01  -0.000e+00  1.000e+02
-3.132e-01  -3.132e-01  -2.376e-02  9.241e+01
-8.588e-01  -8.588e-01  -5.488e-02  9.361e+01
-3.440e-01  -3.440e-01  -1.940e-02  9.436e+01
-3.703e-01  -3.703e-01  -1.372e-02  9.630e+01
-8.485e-01  -8.485e-01  -4.550e-02  9.464e+01
-3.623e-01  -3.623e-01  -1.940e-02  9.465e+01
-3.737e-01  -3.737e-01  -0.000e+00  1.000e+02
-8.967e-01  -8.967e-01  -3.880e-02  9.567e+01
-3.275e-01  -3.275e-01  -0.000e+00  1.000e+02
-3.635e-01  -3.635e-01  -2.376e-02  9.346e+01
-9.391e-01  -9.391e-01  -5.313e-02  9.434e+01
-3.278e-01  -3.278e-01  -1.940e-02  9.408e+01
-4.064e-01  -4.064e-01  -2.376e-02  9.415e+01
-8.919e-01  -8.919e-01  -4.550e-02  9.490e+01
-3.451e-01  -3.451e-01  -1.372e-02  9.603e+01
-4.203e-01  -4.203e-01  -0.000e+00  1.000e+02
-8.688e-01  -8.688e-01  -4.116e-02  9.526e+01
========================================================================================

step: 12/15 res:14.810271984481496, res/res0:0.6600590932069558  dq_norm: [0.05313464 0.05820608 0.15028746]

A info: before HHL prepare:
Spectral radius (A): 9.806e+01, lambda_min:6.3231350023356
condition number(A): 1.551e+01, norm2_cond:356.5495477877674
det(A): 2.154e+94
--------------------------------------------------------------------------------

A_hhl info: after scaling by spectral radius:
Spectral radius (A): 1.000e+00, lambda_min:0.06448039734585971
condition number(A): 1.551e+01, norm2_cond:356.5495477877657
det(A): 6.964e-26, nnz: 14 non zeros per row
--------------------------------------------------------------------------------

Size of A & B are not power of 2:
Next 2 power of 60 = 64
Value to be padded = 4
--------------------------------------------------

==================== Print (N)^2 padded matrix system =======================
Padded shape of A: (60, 60)x(60, 60) -> (64, 64)x(64, 64)
Padded shape of B: (60,) -> (64,)
Determinant of padded matrix: 6.964207382410307e-26
Condition # of padded matrix: 356.5495477877657


Matrix is not Hermitian. Making it Hermitian.......

==================== Print Hermitian matrix system info =======================
Shape of hermitian A: 64x64 -> 128x128
Shape of           B: 64 -> 128
Determinant of Hermitian matrix: 4.8500184465219586e-51
Condition # of Hermitian matrix: 356.5495477877665

=================================== Generating HHL circuit ===================================
Time elapsed for generating HHL circuit: 5 min 5.90 sec

Generated circuit: num_qubits=18, gates=23, depth=5
============================== Generated Circuit saved ==============================

============================== Transpiling circuit ==============================
This is using the AerSimulator('aer_simulator_statevector') transpiler.
Time elapsed for transpiling the circuit:  0 min 46.82 sec
Transpiled circuit, num_qubits: 18, (original: 18)
Transpiled circuit depth: 464202 (original: 5)
Transpiled circuit gates: 464354 (original: 23)
============================== Transpiled Circuit saved ==============================
Time elapsed for running the circuit:  2 min 31.09 sec
total_qubits: 18, nq:7

Time elapsed for extracting shots-based hhl counts solution:  0 min 0.00 sec

[HHL info]: linear system residual (e=||Ax-b||_2): 13.218009540446385
[HHL info]: Fidelity(true_sol, hhl_sol): 0.9254408711634239
[HHL info]: L2 error (absolute): 2.9462432216011805
[HHL info]: L2 error (relative): 0.9840448973499895
[HHL info]: L2 error (normalized): 0.2756868738834343

========================================================================================
 Compare system solutions using LU of A, LU sol of A_herm, HHL of Ax=b hermition system
LU sol 	    Herm LU sol    HHL sol    L1_diff(%)
-2.389e-04  -2.389e-04  -0.000e+00  1.000e+02
-1.986e-04  -1.986e-04  -0.000e+00  1.000e+02
-6.270e-04  -6.270e-04  -0.000e+00  1.000e+02
-8.529e-04  -8.529e-04  -0.000e+00  1.000e+02
-7.428e-04  -7.428e-04  -0.000e+00  1.000e+02
-2.286e-03  -2.286e-03  -0.000e+00  1.000e+02
-1.861e-03  -1.861e-03  -0.000e+00  1.000e+02
-1.793e-03  -1.793e-03  -0.000e+00  1.000e+02
-5.234e-03  -5.234e-03  -0.000e+00  1.000e+02
-3.865e-03  -3.865e-03  -0.000e+00  1.000e+02
-3.982e-03  -3.982e-03  -0.000e+00  1.000e+02
-1.129e-02  -1.129e-02  -0.000e+00  1.000e+02
-9.618e-03  -9.618e-03  -0.000e+00  1.000e+02
-9.427e-03  -9.427e-03  -0.000e+00  1.000e+02
-2.754e-02  -2.754e-02  -0.000e+00  1.000e+02
-2.648e-02  -2.648e-02  -3.653e-03  8.620e+01
-2.368e-02  -2.368e-02  -0.000e+00  1.000e+02
-7.162e-02  -7.162e-02  -0.000e+00  1.000e+02
-4.469e-02  -4.469e-02  -0.000e+00  1.000e+02
-5.664e-02  -5.664e-02  -0.000e+00  1.000e+02
-1.209e-01  -1.209e-01  -3.653e-03  9.698e+01
-1.179e-01  -1.179e-01  -0.000e+00  1.000e+02
-9.694e-02  -9.694e-02  -0.000e+00  1.000e+02
-2.876e-01  -2.876e-01  -6.328e-03  9.780e+01
-1.864e-01  -1.864e-01  -5.166e-03  9.723e+01
-1.280e-01  -1.280e-01  -0.000e+00  1.000e+02
-3.871e-01  -3.871e-01  -8.169e-03  9.789e+01
-2.187e-01  -2.187e-01  -3.653e-03  9.833e+01
-1.876e-01  -1.876e-01  -3.653e-03  9.805e+01
-4.631e-01  -4.631e-01  -7.306e-03  9.842e+01
-2.482e-01  -2.482e-01  -3.653e-03  9.853e+01
-2.507e-01  -2.507e-01  -5.166e-03  9.794e+01
-5.784e-01  -5.784e-01  -1.212e-02  9.791e+01
-2.894e-01  -2.894e-01  -5.166e-03  9.821e+01
-2.842e-01  -2.842e-01  -3.653e-03  9.871e+01
-7.295e-01  -7.295e-01  -8.169e-03  9.888e+01
-3.278e-01  -3.278e-01  -3.653e-03  9.889e+01
-3.000e-01  -3.000e-01  -3.653e-03  9.878e+01
-7.664e-01  -7.664e-01  -1.506e-02  9.803e+01
-3.423e-01  -3.423e-01  -6.328e-03  9.815e+01
-3.096e-01  -3.096e-01  -7.306e-03  9.764e+01
-7.755e-01  -7.755e-01  -1.212e-02  9.844e+01
-3.060e-01  -3.060e-01  -0.000e+00  1.000e+02
-2.862e-01  -2.862e-01  -3.653e-03  9.872e+01
-7.986e-01  -7.986e-01  -1.317e-02  9.835e+01
-3.205e-01  -3.205e-01  -6.328e-03  9.803e+01
-3.581e-01  -3.581e-01  -5.166e-03  9.856e+01
-7.945e-01  -7.945e-01  -1.367e-02  9.828e+01
-3.426e-01  -3.426e-01  -8.169e-03  9.762e+01
-3.759e-01  -3.759e-01  -9.666e-03  9.743e+01
-8.556e-01  -8.556e-01  -1.155e-02  9.865e+01
-3.294e-01  -3.294e-01  -0.000e+00  1.000e+02
-3.384e-01  -3.384e-01  -3.653e-03  9.892e+01
-8.879e-01  -8.879e-01  -1.506e-02  9.830e+01
-3.062e-01  -3.062e-01  -5.166e-03  9.831e+01
-3.817e-01  -3.817e-01  -5.166e-03  9.865e+01
-8.419e-01  -8.419e-01  -1.367e-02  9.838e+01
-3.271e-01  -3.271e-01  -8.169e-03  9.750e+01
-4.201e-01  -4.201e-01  -3.653e-03  9.913e+01
-8.173e-01  -8.173e-01  -1.212e-02  9.852e+01
========================================================================================

step: 13/15 res:13.312619691702245, res/res0:0.5933122424167069  dq_norm: [0.01862789 0.01752028 0.04260362]

A info: before HHL prepare:
Spectral radius (A): 9.811e+01, lambda_min:6.353400918434798
condition number(A): 1.544e+01, norm2_cond:355.52084838208737
det(A): 2.391e+94
--------------------------------------------------------------------------------

A_hhl info: after scaling by spectral radius:
Spectral radius (A): 1.000e+00, lambda_min:0.06476113061337163
condition number(A): 1.544e+01, norm2_cond:355.52084838208776
det(A): 7.534e-26, nnz: 14 non zeros per row
--------------------------------------------------------------------------------

Size of A & B are not power of 2:
Next 2 power of 60 = 64
Value to be padded = 4
--------------------------------------------------

==================== Print (N)^2 padded matrix system =======================
Padded shape of A: (60, 60)x(60, 60) -> (64, 64)x(64, 64)
Padded shape of B: (60,) -> (64,)
Determinant of padded matrix: 7.534182084576785e-26
Condition # of padded matrix: 355.52084838208776


Matrix is not Hermitian. Making it Hermitian.......

==================== Print Hermitian matrix system info =======================
Shape of hermitian A: 64x64 -> 128x128
Shape of           B: 64 -> 128
Determinant of Hermitian matrix: 5.676389968355378e-51
Condition # of Hermitian matrix: 355.5208483820885

=================================== Generating HHL circuit ===================================
Time elapsed for generating HHL circuit: 5 min 22.55 sec

Generated circuit: num_qubits=18, gates=23, depth=5
============================== Generated Circuit saved ==============================

============================== Transpiling circuit ==============================
This is using the AerSimulator('aer_simulator_statevector') transpiler.
Time elapsed for transpiling the circuit:  0 min 46.83 sec
Transpiled circuit, num_qubits: 18, (original: 18)
Transpiled circuit depth: 464201 (original: 5)
Transpiled circuit gates: 464353 (original: 23)
============================== Transpiled Circuit saved ==============================
Time elapsed for running the circuit:  2 min 27.71 sec
total_qubits: 18, nq:7

Time elapsed for extracting shots-based hhl counts solution:  0 min 0.00 sec

[HHL info]: linear system residual (e=||Ax-b||_2): 13.220288315564414
[HHL info]: Fidelity(true_sol, hhl_sol): 0.9309997945195456
[HHL info]: L2 error (absolute): 2.9380017989389664
[HHL info]: L2 error (relative): 0.9984311261206812
[HHL info]: L2 error (normalized): 0.26501582531276946

========================================================================================
 Compare system solutions using LU of A, LU sol of A_herm, HHL of Ax=b hermition system
LU sol 	    Herm LU sol    HHL sol    L1_diff(%)
-2.370e-04  -2.370e-04  -0.000e+00  1.000e+02
-1.977e-04  -1.977e-04  -0.000e+00  1.000e+02
-6.229e-04  -6.229e-04  -0.000e+00  1.000e+02
-8.472e-04  -8.472e-04  -0.000e+00  1.000e+02
-7.400e-04  -7.400e-04  -0.000e+00  1.000e+02
-2.274e-03  -2.274e-03  -0.000e+00  1.000e+02
-1.858e-03  -1.858e-03  -0.000e+00  1.000e+02
-1.791e-03  -1.791e-03  -0.000e+00  1.000e+02
-5.229e-03  -5.229e-03  -0.000e+00  1.000e+02
-3.886e-03  -3.886e-03  -0.000e+00  1.000e+02
-3.991e-03  -3.991e-03  -0.000e+00  1.000e+02
-1.133e-02  -1.133e-02  -0.000e+00  1.000e+02
-9.690e-03  -9.690e-03  -0.000e+00  1.000e+02
-9.476e-03  -9.476e-03  -0.000e+00  1.000e+02
-2.769e-02  -2.769e-02  -0.000e+00  1.000e+02
-2.288e-02  -2.288e-02  -0.000e+00  1.000e+02
-2.374e-02  -2.374e-02  -0.000e+00  1.000e+02
-7.180e-02  -7.180e-02  -0.000e+00  1.000e+02
-4.442e-02  -4.442e-02  -0.000e+00  1.000e+02
-5.647e-02  -5.647e-02  -0.000e+00  1.000e+02
-1.165e-01  -1.165e-01  -3.627e-04  9.969e+01
-1.171e-01  -1.171e-01  -3.627e-04  9.969e+01
-9.680e-02  -9.680e-02  -0.000e+00  1.000e+02
-2.791e-01  -2.791e-01  -5.130e-04  9.982e+01
-1.804e-01  -1.804e-01  -5.130e-04  9.972e+01
-1.284e-01  -1.284e-01  -0.000e+00  1.000e+02
-3.775e-01  -3.775e-01  -7.255e-04  9.981e+01
-2.147e-01  -2.147e-01  -0.000e+00  1.000e+02
-1.839e-01  -1.839e-01  -3.627e-04  9.980e+01
-4.551e-01  -4.551e-01  -1.026e-03  9.977e+01
-2.439e-01  -2.439e-01  -0.000e+00  1.000e+02
-2.453e-01  -2.453e-01  -0.000e+00  1.000e+02
-5.649e-01  -5.649e-01  -1.203e-03  9.979e+01
-2.832e-01  -2.832e-01  -5.130e-04  9.982e+01
-2.806e-01  -2.806e-01  -3.627e-04  9.987e+01
-7.194e-01  -7.194e-01  -1.026e-03  9.986e+01
-3.238e-01  -3.238e-01  -6.283e-04  9.981e+01
-2.968e-01  -2.968e-01  -0.000e+00  1.000e+02
-7.502e-01  -7.502e-01  -1.451e-03  9.981e+01
-3.357e-01  -3.357e-01  -5.130e-04  9.985e+01
-3.021e-01  -3.021e-01  -3.627e-04  9.988e+01
-7.631e-01  -7.631e-01  -1.147e-03  9.985e+01
-3.058e-01  -3.058e-01  -5.130e-04  9.983e+01
-2.822e-01  -2.822e-01  -3.627e-04  9.987e+01
-7.837e-01  -7.837e-01  -1.496e-03  9.981e+01
-3.139e-01  -3.139e-01  -5.130e-04  9.984e+01
-3.534e-01  -3.534e-01  -3.627e-04  9.990e+01
-7.808e-01  -7.808e-01  -1.203e-03  9.985e+01
-3.345e-01  -3.345e-01  -5.130e-04  9.985e+01
-3.661e-01  -3.661e-01  -3.627e-04  9.990e+01
-8.449e-01  -8.449e-01  -1.147e-03  9.986e+01
-3.296e-01  -3.296e-01  -5.130e-04  9.984e+01
-3.346e-01  -3.346e-01  -7.255e-04  9.978e+01
-8.722e-01  -8.722e-01  -1.405e-03  9.984e+01
-3.004e-01  -3.004e-01  -3.627e-04  9.988e+01
-3.764e-01  -3.764e-01  -3.627e-04  9.990e+01
-8.266e-01  -8.266e-01  -1.496e-03  9.982e+01
-3.176e-01  -3.176e-01  -3.627e-04  9.989e+01
-4.164e-01  -4.164e-01  -7.255e-04  9.983e+01
-8.031e-01  -8.031e-01  -1.088e-03  9.986e+01
========================================================================================

step: 14/15 res:13.21841168871855, res/res0:0.5891136126354704  dq_norm: [0.00162223 0.00140489 0.00427667]
Completed: 14 steps in 7835.64s
Saved metadata to /lustre/orion/stf006/scratch/4klornl/fvm_euler_1d_solver/output_parallel_shots/nelem20/statevector/shots_10000/trial_5/metadata_nelem20_HHL_statevector_nshots10000.pkl

Solution summary:
  x/L: [0.0250, 0.9750]
  Mach: [1.5000, 1.8220]
  p/p_in: [1.0000, 0.6623]
  rho/rho_in: [1.0000, 0.7928]
Saved combined plot to /lustre/orion/stf006/scratch/4klornl/fvm_euler_1d_solver/output_parallel_shots/nelem20/statevector/shots_10000/trial_5/solution_plot_nelem20_HHL_statevector_nshots10000.png
