
------------------------------------------------------------
Using ideal local simulator with 'statevector' method
Backend: aer_simulator_statevector
Shots: 1000
------------------------------------------------------------

A info: before HHL prepare:
Spectral radius (A): 2.241e+01, lambda_min:2.3074021727489433
condition number(A): 9.710e+00, norm2_cond:95.97789014324577
det(A): 9.333e+14
--------------------------------------------------------------------------------

A_hhl info: after scaling by spectral radius:
Spectral radius (A): 1.000e+00, lambda_min:0.1029832130561069
condition number(A): 9.710e+00, norm2_cond:95.9778901432457
det(A): 5.184e-06, nnz: 10 non zeros per row
--------------------------------------------------------------------------------

Size of A & B are not power of 2:
Next 2 power of 15 = 16
Value to be padded = 1
--------------------------------------------------

==================== Print (N)^2 padded matrix system =======================
Padded shape of A: (15, 15)x(15, 15) -> (16, 16)x(16, 16)
Padded shape of B: (15,) -> (16,)
Determinant of padded matrix: 5.183984510966138e-06
Condition # of padded matrix: 95.9778901432457


Matrix is not Hermitian. Making it Hermitian.......

==================== Print Hermitian matrix system info =======================
Shape of hermitian A: 16x16 -> 32x32
Shape of           B: 16 -> 32
Determinant of Hermitian matrix: 2.6873695409936828e-11
Condition # of Hermitian matrix: 95.9778901432459

=================================== Generating HHL circuit ===================================
Time elapsed for generating HHL circuit: 0 min 8.23 sec

Generated circuit: num_qubits=14, gates=19, depth=5
============================== Generated Circuit saved ==============================

============================== Transpiling circuit ==============================
This is using the AerSimulator('aer_simulator_statevector') transpiler.
Time elapsed for transpiling the circuit:  0 min 1.94 sec
Transpiled circuit, num_qubits: 14, (original: 14)
Transpiled circuit depth: 22395 (original: 5)
Transpiled circuit gates: 22499 (original: 19)
============================== Transpiled Circuit saved ==============================
Time elapsed for running the circuit:  0 min 1.83 sec
total_qubits: 14, nq:5

Time elapsed for extracting shots-based hhl counts solution:  0 min 0.00 sec

[HHL info]: linear system residual (e=||Ax-b||_2): 9.412946434372845
[HHL info]: Fidelity(true_sol, hhl_sol): 0.8040224700410845
[HHL info]: L2 error (absolute): 1.9696774335630742
[HHL info]: L2 error (relative): 0.7282737317814764
[HHL info]: L2 error (normalized): 0.45459212351267725

========================================================================================
 Compare system solutions using LU of A, LU sol of A_herm, HHL of Ax=b hermition system
LU sol 	    Herm LU sol    HHL sol    L1_diff(%)
-1.705e-02  -1.705e-02  -0.000e+00  1.000e+02
-7.527e-03  -7.527e-03  -0.000e+00  1.000e+02
-3.946e-02  -3.946e-02  -0.000e+00  1.000e+02
-1.283e-01  -1.283e-01  -0.000e+00  1.000e+02
-6.877e-02  -6.877e-02  -0.000e+00  1.000e+02
-2.800e-01  -2.800e-01  -0.000e+00  1.000e+02
-4.114e-01  -4.114e-01  -0.000e+00  1.000e+02
-4.227e-01  -4.227e-01  -0.000e+00  1.000e+02
-1.109e+00  -1.109e+00  -3.986e-01  6.407e+01
-5.252e-01  -5.252e-01  -2.301e-01  5.618e+01
-5.558e-01  -5.558e-01  -3.255e-01  4.144e+01
-1.428e+00  -1.428e+00  -5.146e-01  6.395e+01
-5.637e-01  -5.637e-01  -0.000e+00  1.000e+02
-5.958e-01  -5.958e-01  -0.000e+00  1.000e+02
-1.529e+00  -1.529e+00  -3.986e-01  7.393e+01
========================================================================================

step: 0/15 res:12.375368413827264, res/res0:1.0  dq_norm: [0.23014582 0.32547534 0.76330734]

A info: before HHL prepare:
Spectral radius (A): 2.226e+01, lambda_min:2.6749165072341268
condition number(A): 8.321e+00, norm2_cond:74.78309651685154
det(A): 1.167e+15
--------------------------------------------------------------------------------

A_hhl info: after scaling by spectral radius:
Spectral radius (A): 1.000e+00, lambda_min:0.12017439276388006
condition number(A): 8.321e+00, norm2_cond:74.78309651685174
det(A): 7.156e-06, nnz: 13 non zeros per row
--------------------------------------------------------------------------------

Size of A & B are not power of 2:
Next 2 power of 15 = 16
Value to be padded = 1
--------------------------------------------------

==================== Print (N)^2 padded matrix system =======================
Padded shape of A: (15, 15)x(15, 15) -> (16, 16)x(16, 16)
Padded shape of B: (15,) -> (16,)
Determinant of padded matrix: 7.156149048550994e-06
Condition # of padded matrix: 74.78309651685174


Matrix is not Hermitian. Making it Hermitian.......

==================== Print Hermitian matrix system info =======================
Shape of hermitian A: 16x16 -> 32x32
Shape of           B: 16 -> 32
Determinant of Hermitian matrix: 5.1210469205077115e-11
Condition # of Hermitian matrix: 74.78309651685163

=================================== Generating HHL circuit ===================================
Time elapsed for generating HHL circuit: 0 min 8.67 sec

Generated circuit: num_qubits=14, gates=19, depth=5
============================== Generated Circuit saved ==============================

============================== Transpiling circuit ==============================
This is using the AerSimulator('aer_simulator_statevector') transpiler.
Time elapsed for transpiling the circuit:  0 min 1.72 sec
Transpiled circuit, num_qubits: 14, (original: 14)
Transpiled circuit depth: 22395 (original: 5)
Transpiled circuit gates: 22499 (original: 19)
============================== Transpiled Circuit saved ==============================
Time elapsed for running the circuit:  0 min 1.99 sec
total_qubits: 14, nq:5

Time elapsed for extracting shots-based hhl counts solution:  0 min 0.00 sec

[HHL info]: linear system residual (e=||Ax-b||_2): 9.081162056564741
[HHL info]: Fidelity(true_sol, hhl_sol): 0.8211897543536963
[HHL info]: L2 error (absolute): 1.6020734086094408
[HHL info]: L2 error (relative): 0.8659087970994647
[HHL info]: L2 error (normalized): 0.43313922093894003

========================================================================================
 Compare system solutions using LU of A, LU sol of A_herm, HHL of Ax=b hermition system
LU sol 	    Herm LU sol    HHL sol    L1_diff(%)
-1.436e-02  -1.436e-02  -0.000e+00  1.000e+02
-6.116e-03  -6.116e-03  -0.000e+00  1.000e+02
-3.717e-02  -3.717e-02  -0.000e+00  1.000e+02
-1.213e-01  -1.213e-01  -0.000e+00  1.000e+02
-6.618e-02  -6.618e-02  -0.000e+00  1.000e+02
-2.551e-01  -2.551e-01  -0.000e+00  1.000e+02
-4.121e-01  -4.121e-01  -6.229e-02  8.488e+01
-4.314e-01  -4.314e-01  -6.229e-02  8.556e+01
-6.746e-01  -6.746e-01  -0.000e+00  1.000e+02
-2.714e-01  -2.714e-01  -6.229e-02  7.705e+01
-2.159e-01  -2.159e-01  -6.229e-02  7.116e+01
-8.654e-01  -8.654e-01  -1.393e-01  8.391e+01
-5.370e-01  -5.370e-01  -6.229e-02  8.840e+01
-5.915e-01  -5.915e-01  -1.079e-01  8.176e+01
-1.009e+00  -1.009e+00  -1.648e-01  8.367e+01
========================================================================================

step: 1/15 res:9.397498800904115, res/res0:0.7593712353972499  dq_norm: [0.10788457 0.13927838 0.21576914]

A info: before HHL prepare:
Spectral radius (A): 2.257e+01, lambda_min:2.646390588760574
condition number(A): 8.528e+00, norm2_cond:79.50655484913266
det(A): 1.245e+15
--------------------------------------------------------------------------------

A_hhl info: after scaling by spectral radius:
Spectral radius (A): 1.000e+00, lambda_min:0.11725610474795042
condition number(A): 8.528e+00, norm2_cond:79.50655484913224
det(A): 6.198e-06, nnz: 11 non zeros per row
--------------------------------------------------------------------------------

Size of A & B are not power of 2:
Next 2 power of 15 = 16
Value to be padded = 1
--------------------------------------------------

==================== Print (N)^2 padded matrix system =======================
Padded shape of A: (15, 15)x(15, 15) -> (16, 16)x(16, 16)
Padded shape of B: (15,) -> (16,)
Determinant of padded matrix: 6.198082233691911e-06
Condition # of padded matrix: 79.50655484913224


Matrix is not Hermitian. Making it Hermitian.......

==================== Print Hermitian matrix system info =======================
Shape of hermitian A: 16x16 -> 32x32
Shape of           B: 16 -> 32
Determinant of Hermitian matrix: 3.841622337560745e-11
Condition # of Hermitian matrix: 79.50655484913256

=================================== Generating HHL circuit ===================================
Time elapsed for generating HHL circuit: 0 min 8.82 sec

Generated circuit: num_qubits=14, gates=19, depth=5
============================== Generated Circuit saved ==============================

============================== Transpiling circuit ==============================
This is using the AerSimulator('aer_simulator_statevector') transpiler.
Time elapsed for transpiling the circuit:  0 min 1.66 sec
Transpiled circuit, num_qubits: 14, (original: 14)
Transpiled circuit depth: 22399 (original: 5)
Transpiled circuit gates: 22503 (original: 19)
============================== Transpiled Circuit saved ==============================
Time elapsed for running the circuit:  0 min 1.98 sec
total_qubits: 14, nq:5

Time elapsed for extracting shots-based hhl counts solution:  0 min 0.00 sec

[HHL info]: linear system residual (e=||Ax-b||_2): 8.629229337395103
[HHL info]: Fidelity(true_sol, hhl_sol): 0.7419904806410762
[HHL info]: L2 error (absolute): 1.333627849526399
[HHL info]: L2 error (relative): 0.830242642750076
[HHL info]: L2 error (normalized): 0.5265193384415464

========================================================================================
 Compare system solutions using LU of A, LU sol of A_herm, HHL of Ax=b hermition system
LU sol 	    Herm LU sol    HHL sol    L1_diff(%)
-1.483e-02  -1.483e-02  -0.000e+00  1.000e+02
-6.251e-03  -6.251e-03  -0.000e+00  1.000e+02
-3.679e-02  -3.679e-02  -0.000e+00  1.000e+02
-1.204e-01  -1.204e-01  -0.000e+00  1.000e+02
-6.624e-02  -6.624e-02  -0.000e+00  1.000e+02
-2.557e-01  -2.557e-01  -0.000e+00  1.000e+02
-3.403e-01  -3.403e-01  -0.000e+00  1.000e+02
-3.649e-01  -3.649e-01  -0.000e+00  1.000e+02
-6.745e-01  -6.745e-01  -1.644e-01  7.563e+01
-2.073e-01  -2.073e-01  -9.490e-02  5.422e+01
-1.563e-01  -1.563e-01  -0.000e+00  1.000e+02
-7.269e-01  -7.269e-01  -1.644e-01  7.739e+01
-4.813e-01  -4.813e-01  -1.342e-01  7.211e+01
-4.848e-01  -4.848e-01  -0.000e+00  1.000e+02
-8.532e-01  -8.532e-01  -1.644e-01  8.074e+01
========================================================================================

step: 2/15 res:9.123930202517611, res/res0:0.7372653401027842  dq_norm: [0.16437334 0.         0.28470298]

A info: before HHL prepare:
Spectral radius (A): 2.307e+01, lambda_min:3.5163552518048737
condition number(A): 6.560e+00, norm2_cond:65.11430057115533
det(A): 4.031e+15
--------------------------------------------------------------------------------

A_hhl info: after scaling by spectral radius:
Spectral radius (A): 1.000e+00, lambda_min:0.15244409716652063
condition number(A): 6.560e+00, norm2_cond:65.11430057115545
det(A): 1.448e-05, nnz: 11 non zeros per row
--------------------------------------------------------------------------------

Size of A & B are not power of 2:
Next 2 power of 15 = 16
Value to be padded = 1
--------------------------------------------------

==================== Print (N)^2 padded matrix system =======================
Padded shape of A: (15, 15)x(15, 15) -> (16, 16)x(16, 16)
Padded shape of B: (15,) -> (16,)
Determinant of padded matrix: 1.4476099460656548e-05
Condition # of padded matrix: 65.11430057115545


Matrix is not Hermitian. Making it Hermitian.......

==================== Print Hermitian matrix system info =======================
Shape of hermitian A: 16x16 -> 32x32
Shape of           B: 16 -> 32
Determinant of Hermitian matrix: 2.0955745559482006e-10
Condition # of Hermitian matrix: 65.1143005711554

=================================== Generating HHL circuit ===================================
Time elapsed for generating HHL circuit: 0 min 8.80 sec

Generated circuit: num_qubits=14, gates=19, depth=5
============================== Generated Circuit saved ==============================

============================== Transpiling circuit ==============================
This is using the AerSimulator('aer_simulator_statevector') transpiler.
Time elapsed for transpiling the circuit:  0 min 1.69 sec
Transpiled circuit, num_qubits: 14, (original: 14)
Transpiled circuit depth: 22395 (original: 5)
Transpiled circuit gates: 22499 (original: 19)
============================== Transpiled Circuit saved ==============================
Time elapsed for running the circuit:  0 min 1.99 sec
total_qubits: 14, nq:5

Time elapsed for extracting shots-based hhl counts solution:  0 min 0.00 sec

[HHL info]: linear system residual (e=||Ax-b||_2): 7.110493392611879
[HHL info]: Fidelity(true_sol, hhl_sol): 0.8202892758317937
[HHL info]: L2 error (absolute): 0.9651263773111716
[HHL info]: L2 error (relative): 0.7600346551627227
[HHL info]: L2 error (normalized): 0.43428510085611827

========================================================================================
 Compare system solutions using LU of A, LU sol of A_herm, HHL of Ax=b hermition system
LU sol 	    Herm LU sol    HHL sol    L1_diff(%)
-1.479e-02  -1.479e-02  -0.000e+00  1.000e+02
-6.106e-03  -6.106e-03  -0.000e+00  1.000e+02
-3.833e-02  -3.833e-02  -0.000e+00  1.000e+02
-1.140e-01  -1.140e-01  -0.000e+00  1.000e+02
-6.064e-02  -6.064e-02  -0.000e+00  1.000e+02
-2.409e-01  -2.409e-01  -1.132e-01  5.299e+01
-3.267e-01  -3.267e-01  -1.132e-01  6.534e+01
-3.606e-01  -3.606e-01  -1.387e-01  6.154e+01
-4.674e-01  -4.674e-01  -1.132e-01  7.577e+01
-9.867e-02  -9.867e-02  -0.000e+00  1.000e+02
-1.680e-01  -1.680e-01  -1.132e-01  3.260e+01
-5.034e-01  -5.034e-01  -1.602e-01  6.818e+01
-3.215e-01  -3.215e-01  -8.008e-02  7.509e+01
-4.873e-01  -4.873e-01  -1.132e-01  7.676e+01
-6.698e-01  -6.698e-01  -8.008e-02  8.804e+01
========================================================================================

step: 3/15 res:8.611418767558806, res/res0:0.6958515075750863  dq_norm: [0.13869629 0.21186208 0.24022902]

A info: before HHL prepare:
Spectral radius (A): 2.294e+01, lambda_min:3.3889241055017867
condition number(A): 6.768e+00, norm2_cond:67.52706670017291
det(A): 3.743e+15
--------------------------------------------------------------------------------

A_hhl info: after scaling by spectral radius:
Spectral radius (A): 1.000e+00, lambda_min:0.14775349188468334
condition number(A): 6.768e+00, norm2_cond:67.52706670017284
det(A): 1.463e-05, nnz: 11 non zeros per row
--------------------------------------------------------------------------------

Size of A & B are not power of 2:
Next 2 power of 15 = 16
Value to be padded = 1
--------------------------------------------------

==================== Print (N)^2 padded matrix system =======================
Padded shape of A: (15, 15)x(15, 15) -> (16, 16)x(16, 16)
Padded shape of B: (15,) -> (16,)
Determinant of padded matrix: 1.4633497744327839e-05
Condition # of padded matrix: 67.52706670017284


Matrix is not Hermitian. Making it Hermitian.......

==================== Print Hermitian matrix system info =======================
Shape of hermitian A: 16x16 -> 32x32
Shape of           B: 16 -> 32
Determinant of Hermitian matrix: 2.1413925623324718e-10
Condition # of Hermitian matrix: 67.52706670017305

=================================== Generating HHL circuit ===================================
Time elapsed for generating HHL circuit: 0 min 8.87 sec

Generated circuit: num_qubits=14, gates=19, depth=5
============================== Generated Circuit saved ==============================

============================== Transpiling circuit ==============================
This is using the AerSimulator('aer_simulator_statevector') transpiler.
Time elapsed for transpiling the circuit:  0 min 1.71 sec
Transpiled circuit, num_qubits: 14, (original: 14)
Transpiled circuit depth: 22389 (original: 5)
Transpiled circuit gates: 22493 (original: 19)
============================== Transpiled Circuit saved ==============================
Time elapsed for running the circuit:  0 min 1.98 sec
total_qubits: 14, nq:5

Time elapsed for extracting shots-based hhl counts solution:  0 min 0.00 sec

[HHL info]: linear system residual (e=||Ax-b||_2): 2.732002509068723
[HHL info]: Fidelity(true_sol, hhl_sol): 0.8174809080835199
[HHL info]: L2 error (absolute): 0.6257064845438256
[HHL info]: L2 error (relative): 0.6340304991311836
[HHL info]: L2 error (normalized): 0.43784356090805876

========================================================================================
 Compare system solutions using LU of A, LU sol of A_herm, HHL of Ax=b hermition system
LU sol 	    Herm LU sol    HHL sol    L1_diff(%)
-1.490e-02  -1.490e-02  -0.000e+00  1.000e+02
-6.558e-03  -6.558e-03  -0.000e+00  1.000e+02
-3.502e-02  -3.502e-02  -0.000e+00  1.000e+02
-1.209e-01  -1.209e-01  -0.000e+00  1.000e+02
-6.915e-02  -6.915e-02  -0.000e+00  1.000e+02
-1.374e-01  -1.374e-01  -0.000e+00  1.000e+02
-2.177e-01  -2.177e-01  -0.000e+00  1.000e+02
-2.235e-01  -2.235e-01  -1.475e-01  3.402e+01
-3.775e-01  -3.775e-01  -1.475e-01  6.093e+01
-9.884e-02  -9.884e-02  -0.000e+00  1.000e+02
-4.956e-02  -4.956e-02  -0.000e+00  1.000e+02
-3.569e-01  -3.569e-01  -1.475e-01  5.868e+01
-2.384e-01  -2.384e-01  -0.000e+00  1.000e+02
-3.731e-01  -3.731e-01  -1.475e-01  6.048e+01
-5.989e-01  -5.989e-01  -3.128e-01  4.776e+01
========================================================================================

step: 4/15 res:7.131361121540382, res/res0:0.5762544502168  dq_norm: [0.         0.20855375 0.37597563]

A info: before HHL prepare:
Spectral radius (A): 2.205e+01, lambda_min:2.8795805747147143
condition number(A): 7.658e+00, norm2_cond:66.60736661653368
det(A): 1.336e+15
--------------------------------------------------------------------------------

A_hhl info: after scaling by spectral radius:
Spectral radius (A): 1.000e+00, lambda_min:0.1305758747231254
condition number(A): 7.658e+00, norm2_cond:66.6073666165333
det(A): 9.412e-06, nnz: 11 non zeros per row
--------------------------------------------------------------------------------

Size of A & B are not power of 2:
Next 2 power of 15 = 16
Value to be padded = 1
--------------------------------------------------

==================== Print (N)^2 padded matrix system =======================
Padded shape of A: (15, 15)x(15, 15) -> (16, 16)x(16, 16)
Padded shape of B: (15,) -> (16,)
Determinant of padded matrix: 9.412011743322092e-06
Condition # of padded matrix: 66.6073666165333


Matrix is not Hermitian. Making it Hermitian.......

==================== Print Hermitian matrix system info =======================
Shape of hermitian A: 16x16 -> 32x32
Shape of           B: 16 -> 32
Determinant of Hermitian matrix: 8.858596505643297e-11
Condition # of Hermitian matrix: 66.60736661653361

=================================== Generating HHL circuit ===================================
Time elapsed for generating HHL circuit: 0 min 9.05 sec

Generated circuit: num_qubits=14, gates=19, depth=5
============================== Generated Circuit saved ==============================

============================== Transpiling circuit ==============================
This is using the AerSimulator('aer_simulator_statevector') transpiler.
Time elapsed for transpiling the circuit:  0 min 1.69 sec
Transpiled circuit, num_qubits: 14, (original: 14)
Transpiled circuit depth: 22395 (original: 5)
Transpiled circuit gates: 22499 (original: 19)
============================== Transpiled Circuit saved ==============================
Time elapsed for running the circuit:  0 min 1.97 sec
total_qubits: 14, nq:5

Time elapsed for extracting shots-based hhl counts solution:  0 min 0.00 sec

[HHL info]: linear system residual (e=||Ax-b||_2): 1.573829514556987
[HHL info]: Fidelity(true_sol, hhl_sol): 0.8519145701229974
[HHL info]: L2 error (absolute): 0.4247911487884851
[HHL info]: L2 error (relative): 0.6417537907087615
[HHL info]: L2 error (normalized): 0.3924482561252609

========================================================================================
 Compare system solutions using LU of A, LU sol of A_herm, HHL of Ax=b hermition system
LU sol 	    Herm LU sol    HHL sol    L1_diff(%)
-1.933e-02  -1.933e-02  -0.000e+00  1.000e+02
-9.900e-03  -9.900e-03  -0.000e+00  1.000e+02
-4.597e-02  -4.597e-02  -0.000e+00  1.000e+02
-1.395e-01  -1.395e-01  -4.791e-02  6.565e+01
-7.624e-02  -7.624e-02  -0.000e+00  1.000e+02
-1.708e-01  -1.708e-01  -0.000e+00  1.000e+02
-2.409e-01  -2.409e-01  -1.173e-01  5.128e+01
-7.192e-02  -7.192e-02  -0.000e+00  1.000e+02
-2.504e-01  -2.504e-01  -9.581e-02  6.173e+01
-1.092e-01  -1.092e-01  -4.791e-02  5.614e+01
-5.251e-02  -5.251e-02  -0.000e+00  1.000e+02
-2.161e-01  -2.161e-01  -9.581e-02  5.567e+01
-2.555e-01  -2.555e-01  -1.173e-01  5.407e+01
-2.278e-01  -2.278e-01  -4.791e-02  7.897e+01
-2.769e-01  -2.769e-01  -1.437e-01  4.809e+01
========================================================================================

step: 5/15 res:2.770760111479547, res/res0:0.22389314150710193  dq_norm: [0.17924984 0.04790654 0.19752371]

A info: before HHL prepare:
Spectral radius (A): 2.342e+01, lambda_min:3.911424800298319
condition number(A): 5.987e+00, norm2_cond:61.32135151986567
det(A): 5.879e+15
--------------------------------------------------------------------------------

A_hhl info: after scaling by spectral radius:
Spectral radius (A): 1.000e+00, lambda_min:0.16703184520655198
condition number(A): 5.987e+00, norm2_cond:61.32135151986575
det(A): 1.684e-05, nnz: 13 non zeros per row
--------------------------------------------------------------------------------

Size of A & B are not power of 2:
Next 2 power of 15 = 16
Value to be padded = 1
--------------------------------------------------

==================== Print (N)^2 padded matrix system =======================
Padded shape of A: (15, 15)x(15, 15) -> (16, 16)x(16, 16)
Padded shape of B: (15,) -> (16,)
Determinant of padded matrix: 1.6837568179671384e-05
Condition # of padded matrix: 61.32135151986575


Matrix is not Hermitian. Making it Hermitian.......

==================== Print Hermitian matrix system info =======================
Shape of hermitian A: 16x16 -> 32x32
Shape of           B: 16 -> 32
Determinant of Hermitian matrix: 2.835037022050823e-10
Condition # of Hermitian matrix: 61.32135151986596

=================================== Generating HHL circuit ===================================
Time elapsed for generating HHL circuit: 0 min 7.59 sec

Generated circuit: num_qubits=13, gates=18, depth=5
============================== Generated Circuit saved ==============================

============================== Transpiling circuit ==============================
This is using the AerSimulator('aer_simulator_statevector') transpiler.
Time elapsed for transpiling the circuit:  0 min 1.71 sec
Transpiled circuit, num_qubits: 13, (original: 13)
Transpiled circuit depth: 19306 (original: 5)
Transpiled circuit gates: 19391 (original: 18)
============================== Transpiled Circuit saved ==============================
Time elapsed for running the circuit:  0 min 1.38 sec
total_qubits: 13, nq:5

Time elapsed for extracting shots-based hhl counts solution:  0 min 0.00 sec

[HHL info]: linear system residual (e=||Ax-b||_2): 1.6275356277521862
[HHL info]: Fidelity(true_sol, hhl_sol): 0.8964736355226639
[HHL info]: L2 error (absolute): 0.3354683767337155
[HHL info]: L2 error (relative): 0.9018155564404846
[HHL info]: L2 error (normalized): 0.32611986549321864

========================================================================================
 Compare system solutions using LU of A, LU sol of A_herm, HHL of Ax=b hermition system
LU sol 	    Herm LU sol    HHL sol    L1_diff(%)
-1.292e-02  -1.292e-02  -0.000e+00  1.000e+02
-4.711e-03  -4.711e-03  -0.000e+00  1.000e+02
-2.978e-02  -2.978e-02  -6.470e-03  7.828e+01
-6.800e-02  -6.800e-02  -1.121e-02  8.352e+01
-7.135e-02  -7.135e-02  -9.150e-03  8.718e+01
-1.389e-01  -1.389e-01  -1.447e-02  8.958e+01
-9.041e-02  -9.041e-02  -0.000e+00  1.000e+02
-7.283e-02  -7.283e-02  -9.150e-03  8.744e+01
-1.155e-01  -1.155e-01  -9.150e-03  9.208e+01
-4.748e-02  -4.748e-02  -6.470e-03  8.637e+01
-5.201e-02  -5.201e-02  -9.150e-03  8.241e+01
-1.002e-01  -1.002e-01  -9.150e-03  9.087e+01
-1.220e-01  -1.220e-01  -1.294e-02  8.939e+01
-1.788e-01  -1.788e-01  -1.585e-02  9.113e+01
-1.402e-01  -1.402e-01  -1.585e-02  8.869e+01
========================================================================================

step: 6/15 res:1.6642758488133709, res/res0:0.13448293361140182  dq_norm: [0.01830032 0.02241323 0.02588057]

A info: before HHL prepare:
Spectral radius (A): 2.341e+01, lambda_min:3.9216099474067767
condition number(A): 5.969e+00, norm2_cond:61.64966852616071
det(A): 6.072e+15
--------------------------------------------------------------------------------

A_hhl info: after scaling by spectral radius:
Spectral radius (A): 1.000e+00, lambda_min:0.16752551505173957
condition number(A): 5.969e+00, norm2_cond:61.64966852616064
det(A): 1.748e-05, nnz: 11 non zeros per row
--------------------------------------------------------------------------------

Size of A & B are not power of 2:
Next 2 power of 15 = 16
Value to be padded = 1
--------------------------------------------------

==================== Print (N)^2 padded matrix system =======================
Padded shape of A: (15, 15)x(15, 15) -> (16, 16)x(16, 16)
Padded shape of B: (15,) -> (16,)
Determinant of padded matrix: 1.748054772828931e-05
Condition # of padded matrix: 61.64966852616064


Matrix is not Hermitian. Making it Hermitian.......

==================== Print Hermitian matrix system info =======================
Shape of hermitian A: 16x16 -> 32x32
Shape of           B: 16 -> 32
Determinant of Hermitian matrix: 3.0556954888099955e-10
Condition # of Hermitian matrix: 61.649668526161044

=================================== Generating HHL circuit ===================================
Time elapsed for generating HHL circuit: 0 min 7.42 sec

Generated circuit: num_qubits=13, gates=18, depth=5
============================== Generated Circuit saved ==============================

============================== Transpiling circuit ==============================
This is using the AerSimulator('aer_simulator_statevector') transpiler.
Time elapsed for transpiling the circuit:  0 min 1.49 sec
Transpiled circuit, num_qubits: 13, (original: 13)
Transpiled circuit depth: 19304 (original: 5)
Transpiled circuit gates: 19389 (original: 18)
============================== Transpiled Circuit saved ==============================
Time elapsed for running the circuit:  0 min 1.37 sec
total_qubits: 13, nq:5

Time elapsed for extracting shots-based hhl counts solution:  0 min 0.00 sec

[HHL info]: linear system residual (e=||Ax-b||_2): 1.2477467749986226
[HHL info]: Fidelity(true_sol, hhl_sol): 0.8397744579246771
[HHL info]: L2 error (absolute): 0.2633849789061685
[HHL info]: L2 error (relative): 0.7807635614889525
[HHL info]: L2 error (normalized): 0.40892031634265275

========================================================================================
 Compare system solutions using LU of A, LU sol of A_herm, HHL of Ax=b hermition system
LU sol 	    Herm LU sol    HHL sol    L1_diff(%)
-1.291e-02  -1.291e-02  -0.000e+00  1.000e+02
-4.730e-03  -4.730e-03  -0.000e+00  1.000e+02
-2.326e-02  -2.326e-02  -0.000e+00  1.000e+02
-5.699e-02  -5.699e-02  -0.000e+00  1.000e+02
-6.239e-02  -6.239e-02  -1.403e-02  7.751e+01
-1.253e-01  -1.253e-01  -2.806e-02  7.761e+01
-9.114e-02  -9.114e-02  -2.806e-02  6.921e+01
-6.366e-02  -6.366e-02  -1.403e-02  7.796e+01
-1.072e-01  -1.072e-01  -3.712e-02  6.536e+01
-4.142e-02  -4.142e-02  -1.403e-02  6.613e+01
-4.320e-02  -4.320e-02  -1.403e-02  6.753e+01
-9.189e-02  -9.189e-02  -0.000e+00  1.000e+02
-1.091e-01  -1.091e-01  -1.403e-02  8.714e+01
-1.630e-01  -1.630e-01  -4.653e-02  7.145e+01
-1.261e-01  -1.261e-01  -2.806e-02  7.774e+01
========================================================================================

step: 7/15 res:1.6279296776850636, res/res0:0.1315459567139951  dq_norm: [0.03436579 0.05249461 0.05433708]

A info: before HHL prepare:
Spectral radius (A): 2.357e+01, lambda_min:3.8124266745250637
condition number(A): 6.183e+00, norm2_cond:64.30749355964934
det(A): 5.833e+15
--------------------------------------------------------------------------------

A_hhl info: after scaling by spectral radius:
Spectral radius (A): 1.000e+00, lambda_min:0.16174114508858314
condition number(A): 6.183e+00, norm2_cond:64.30749355964906
det(A): 1.514e-05, nnz: 13 non zeros per row
--------------------------------------------------------------------------------

Size of A & B are not power of 2:
Next 2 power of 15 = 16
Value to be padded = 1
--------------------------------------------------

==================== Print (N)^2 padded matrix system =======================
Padded shape of A: (15, 15)x(15, 15) -> (16, 16)x(16, 16)
Padded shape of B: (15,) -> (16,)
Determinant of padded matrix: 1.5142384736526453e-05
Condition # of padded matrix: 64.30749355964906


Matrix is not Hermitian. Making it Hermitian.......

==================== Print Hermitian matrix system info =======================
Shape of hermitian A: 16x16 -> 32x32
Shape of           B: 16 -> 32
Determinant of Hermitian matrix: 2.2929181550898846e-10
Condition # of Hermitian matrix: 64.3074935596491

=================================== Generating HHL circuit ===================================
Time elapsed for generating HHL circuit: 0 min 8.88 sec

Generated circuit: num_qubits=14, gates=19, depth=5
============================== Generated Circuit saved ==============================

============================== Transpiling circuit ==============================
This is using the AerSimulator('aer_simulator_statevector') transpiler.
Time elapsed for transpiling the circuit:  0 min 1.69 sec
Transpiled circuit, num_qubits: 14, (original: 14)
Transpiled circuit depth: 22391 (original: 5)
Transpiled circuit gates: 22495 (original: 19)
============================== Transpiled Circuit saved ==============================
Time elapsed for running the circuit:  0 min 1.94 sec
total_qubits: 14, nq:5

Time elapsed for extracting shots-based hhl counts solution:  0 min 0.00 sec

[HHL info]: linear system residual (e=||Ax-b||_2): 1.0802537676124646
[HHL info]: Fidelity(true_sol, hhl_sol): 0.7539455040178095
[HHL info]: L2 error (absolute): 0.22328558615471272
[HHL info]: L2 error (relative): 0.854504665780675
[HHL info]: L2 error (normalized): 0.5132244078867971

========================================================================================
 Compare system solutions using LU of A, LU sol of A_herm, HHL of Ax=b hermition system
LU sol 	    Herm LU sol    HHL sol    L1_diff(%)
-1.284e-02  -1.284e-02  -0.000e+00  1.000e+02
-4.640e-03  -4.640e-03  -0.000e+00  1.000e+02
-2.300e-02  -2.300e-02  -0.000e+00  1.000e+02
-5.593e-02  -5.593e-02  -1.145e-02  7.953e+01
-4.758e-02  -4.758e-02  -1.145e-02  7.594e+01
-9.455e-02  -9.455e-02  -2.290e-02  7.578e+01
-6.050e-02  -6.050e-02  -0.000e+00  1.000e+02
-4.915e-02  -4.915e-02  -1.145e-02  7.670e+01
-6.778e-02  -6.778e-02  -8.096e-03  8.806e+01
-2.714e-02  -2.714e-02  -0.000e+00  1.000e+02
-2.956e-02  -2.956e-02  -0.000e+00  1.000e+02
-9.307e-02  -9.307e-02  -1.619e-02  8.260e+01
-9.607e-02  -9.607e-02  -0.000e+00  1.000e+02
-1.166e-01  -1.166e-01  -2.142e-02  8.162e+01
-9.731e-02  -9.731e-02  -1.810e-02  8.140e+01
========================================================================================

step: 8/15 res:1.2504257467754076, res/res0:0.10104149670229455  dq_norm: [0.01144974 0.02685202 0.03434921]

A info: before HHL prepare:
Spectral radius (A): 2.346e+01, lambda_min:3.6983808866581094
condition number(A): 6.344e+00, norm2_cond:65.50091879553231
det(A): 5.041e+15
--------------------------------------------------------------------------------

A_hhl info: after scaling by spectral radius:
Spectral radius (A): 1.000e+00, lambda_min:0.15761912381809404
condition number(A): 6.344e+00, norm2_cond:65.50091879553206
det(A): 1.401e-05, nnz: 13 non zeros per row
--------------------------------------------------------------------------------

Size of A & B are not power of 2:
Next 2 power of 15 = 16
Value to be padded = 1
--------------------------------------------------

==================== Print (N)^2 padded matrix system =======================
Padded shape of A: (15, 15)x(15, 15) -> (16, 16)x(16, 16)
Padded shape of B: (15,) -> (16,)
Determinant of padded matrix: 1.4012514392413358e-05
Condition # of padded matrix: 65.50091879553206


Matrix is not Hermitian. Making it Hermitian.......

==================== Print Hermitian matrix system info =======================
Shape of hermitian A: 16x16 -> 32x32
Shape of           B: 16 -> 32
Determinant of Hermitian matrix: 1.9635055959759009e-10
Condition # of Hermitian matrix: 65.50091879553229

=================================== Generating HHL circuit ===================================
Time elapsed for generating HHL circuit: 0 min 8.77 sec

Generated circuit: num_qubits=14, gates=19, depth=5
============================== Generated Circuit saved ==============================

============================== Transpiling circuit ==============================
This is using the AerSimulator('aer_simulator_statevector') transpiler.
Time elapsed for transpiling the circuit:  0 min 2.00 sec
Transpiled circuit, num_qubits: 14, (original: 14)
Transpiled circuit depth: 22397 (original: 5)
Transpiled circuit gates: 22501 (original: 19)
============================== Transpiled Circuit saved ==============================
Time elapsed for running the circuit:  0 min 1.94 sec
total_qubits: 14, nq:5

Time elapsed for extracting shots-based hhl counts solution:  0 min 0.00 sec

[HHL info]: linear system residual (e=||Ax-b||_2): 0.9102842461716983
[HHL info]: Fidelity(true_sol, hhl_sol): 0.8753433090844984
[HHL info]: L2 error (absolute): 0.17640410845945437
[HHL info]: L2 error (relative): 0.7834226413593887
[HHL info]: L2 error (normalized): 0.35889320104524736

========================================================================================
 Compare system solutions using LU of A, LU sol of A_herm, HHL of Ax=b hermition system
LU sol 	    Herm LU sol    HHL sol    L1_diff(%)
-1.284e-02  -1.284e-02  -0.000e+00  1.000e+02
-4.707e-03  -4.707e-03  -0.000e+00  1.000e+02
-2.306e-02  -2.306e-02  -1.064e-02  5.387e+01
-4.454e-02  -4.454e-02  -1.064e-02  7.611e+01
-3.622e-02  -3.622e-02  -0.000e+00  1.000e+02
-7.205e-02  -7.205e-02  -1.505e-02  7.912e+01
-6.081e-02  -6.081e-02  -2.128e-02  6.501e+01
-3.739e-02  -3.739e-02  -1.064e-02  7.155e+01
-5.962e-02  -5.962e-02  -1.505e-02  7.476e+01
-2.781e-02  -2.781e-02  -0.000e+00  1.000e+02
-3.015e-02  -3.015e-02  -0.000e+00  1.000e+02
-7.809e-02  -7.809e-02  -1.505e-02  8.073e+01
-9.813e-02  -9.813e-02  -1.505e-02  8.467e+01
-9.537e-02  -9.537e-02  -2.379e-02  7.506e+01
-7.962e-02  -7.962e-02  -2.379e-02  7.012e+01
========================================================================================

step: 9/15 res:1.0824397909719117, res/res0:0.08746727812664377  dq_norm: [0.02814844 0.02606039 0.03685495]

A info: before HHL prepare:
Spectral radius (A): 2.361e+01, lambda_min:3.7483547874987377
condition number(A): 6.298e+00, norm2_cond:66.43085813298903
det(A): 5.531e+15
--------------------------------------------------------------------------------

A_hhl info: after scaling by spectral radius:
Spectral radius (A): 1.000e+00, lambda_min:0.15878351214690425
condition number(A): 6.298e+00, norm2_cond:66.43085813298882
det(A): 1.404e-05, nnz: 13 non zeros per row
--------------------------------------------------------------------------------

Size of A & B are not power of 2:
Next 2 power of 15 = 16
Value to be padded = 1
--------------------------------------------------

==================== Print (N)^2 padded matrix system =======================
Padded shape of A: (15, 15)x(15, 15) -> (16, 16)x(16, 16)
Padded shape of B: (15,) -> (16,)
Determinant of padded matrix: 1.4038233616589615e-05
Condition # of padded matrix: 66.43085813298882


Matrix is not Hermitian. Making it Hermitian.......

==================== Print Hermitian matrix system info =======================
Shape of hermitian A: 16x16 -> 32x32
Shape of           B: 16 -> 32
Determinant of Hermitian matrix: 1.9707200307394746e-10
Condition # of Hermitian matrix: 66.43085813298907

=================================== Generating HHL circuit ===================================
Time elapsed for generating HHL circuit: 0 min 8.54 sec

Generated circuit: num_qubits=14, gates=19, depth=5
============================== Generated Circuit saved ==============================

============================== Transpiling circuit ==============================
This is using the AerSimulator('aer_simulator_statevector') transpiler.
Time elapsed for transpiling the circuit:  0 min 1.63 sec
Transpiled circuit, num_qubits: 14, (original: 14)
Transpiled circuit depth: 22395 (original: 5)
Transpiled circuit gates: 22499 (original: 19)
============================== Transpiled Circuit saved ==============================
Time elapsed for running the circuit:  0 min 1.93 sec
total_qubits: 14, nq:5

Time elapsed for extracting shots-based hhl counts solution:  0 min 0.00 sec

[HHL info]: linear system residual (e=||Ax-b||_2): 0.8399013260122782
[HHL info]: Fidelity(true_sol, hhl_sol): 0.8630216826270224
[HHL info]: L2 error (absolute): 0.1563920356860207
[HHL info]: L2 error (relative): 0.8861259351949367
[HHL info]: L2 error (normalized): 0.3768564631845797

========================================================================================
 Compare system solutions using LU of A, LU sol of A_herm, HHL of Ax=b hermition system
LU sol 	    Herm LU sol    HHL sol    L1_diff(%)
-1.257e-02  -1.257e-02  -0.000e+00  1.000e+02
-4.520e-03  -4.520e-03  -0.000e+00  1.000e+02
-1.163e-02  -1.163e-02  -0.000e+00  1.000e+02
-3.310e-02  -3.310e-02  -6.800e-03  7.945e+01
-3.622e-02  -3.622e-02  -0.000e+00  1.000e+02
-5.632e-02  -5.632e-02  -5.552e-03  9.014e+01
-3.845e-02  -3.845e-02  -3.926e-03  8.979e+01
-2.673e-02  -2.673e-02  -6.800e-03  7.456e+01
-4.421e-02  -4.421e-02  -3.926e-03  9.112e+01
-2.782e-02  -2.782e-02  -0.000e+00  1.000e+02
-3.038e-02  -3.038e-02  -3.926e-03  8.708e+01
-6.305e-02  -6.305e-02  -8.779e-03  8.608e+01
-8.322e-02  -8.322e-02  -9.617e-03  8.844e+01
-7.163e-02  -7.163e-02  -1.039e-02  8.550e+01
-5.813e-02  -5.813e-02  -5.552e-03  9.045e+01
========================================================================================

step: 10/15 res:0.9130018510649396, res/res0:0.0737757309951939  dq_norm: [0.0124152  0.01302117 0.0124152 ]

A info: before HHL prepare:
Spectral radius (A): 2.362e+01, lambda_min:3.7653913253744355
condition number(A): 6.272e+00, norm2_cond:66.68945364443448
det(A): 5.761e+15
--------------------------------------------------------------------------------

A_hhl info: after scaling by spectral radius:
Spectral radius (A): 1.000e+00, lambda_min:0.1594407673141873
condition number(A): 6.272e+00, norm2_cond:66.68945364443444
det(A): 1.453e-05, nnz: 11 non zeros per row
--------------------------------------------------------------------------------

Size of A & B are not power of 2:
Next 2 power of 15 = 16
Value to be padded = 1
--------------------------------------------------

==================== Print (N)^2 padded matrix system =======================
Padded shape of A: (15, 15)x(15, 15) -> (16, 16)x(16, 16)
Padded shape of B: (15,) -> (16,)
Determinant of padded matrix: 1.4533296352159736e-05
Condition # of padded matrix: 66.68945364443444


Matrix is not Hermitian. Making it Hermitian.......

==================== Print Hermitian matrix system info =======================
Shape of hermitian A: 16x16 -> 32x32
Shape of           B: 16 -> 32
Determinant of Hermitian matrix: 2.1121670285969873e-10
Condition # of Hermitian matrix: 66.68945364443486

=================================== Generating HHL circuit ===================================
Time elapsed for generating HHL circuit: 0 min 8.94 sec

Generated circuit: num_qubits=14, gates=19, depth=5
============================== Generated Circuit saved ==============================

============================== Transpiling circuit ==============================
This is using the AerSimulator('aer_simulator_statevector') transpiler.
Time elapsed for transpiling the circuit:  0 min 1.93 sec
Transpiled circuit, num_qubits: 14, (original: 14)
Transpiled circuit depth: 22395 (original: 5)
Transpiled circuit gates: 22499 (original: 19)
============================== Transpiled Circuit saved ==============================
Time elapsed for running the circuit:  0 min 1.93 sec
total_qubits: 14, nq:5

Time elapsed for extracting shots-based hhl counts solution:  0 min 0.00 sec

[HHL info]: linear system residual (e=||Ax-b||_2): 0.6903948078013282
[HHL info]: Fidelity(true_sol, hhl_sol): 0.7571801577911018
[HHL info]: L2 error (absolute): 0.13138458198378447
[HHL info]: L2 error (relative): 0.8369334934293655
[HHL info]: L2 error (normalized): 0.5095861157282164

========================================================================================
 Compare system solutions using LU of A, LU sol of A_herm, HHL of Ax=b hermition system
LU sol 	    Herm LU sol    HHL sol    L1_diff(%)
-1.254e-02  -1.254e-02  -0.000e+00  1.000e+02
-4.502e-03  -4.502e-03  -0.000e+00  1.000e+02
-1.159e-02  -1.159e-02  -0.000e+00  1.000e+02
-2.629e-02  -2.629e-02  -0.000e+00  1.000e+02
-3.633e-02  -3.633e-02  -0.000e+00  1.000e+02
-5.108e-02  -5.108e-02  -1.433e-02  7.194e+01
-3.469e-02  -3.469e-02  -7.166e-03  7.935e+01
-2.004e-02  -2.004e-02  -0.000e+00  1.000e+02
-4.084e-02  -4.084e-02  -0.000e+00  1.000e+02
-2.792e-02  -2.792e-02  -7.166e-03  7.433e+01
-2.642e-02  -2.642e-02  -0.000e+00  1.000e+02
-5.413e-02  -5.413e-02  -1.433e-02  7.352e+01
-7.318e-02  -7.318e-02  -1.433e-02  8.041e+01
-6.122e-02  -6.122e-02  -1.241e-02  7.973e+01
-5.412e-02  -5.412e-02  -7.166e-03  8.676e+01
========================================================================================

step: 11/15 res:0.8390402494714151, res/res0:0.06779921384271174  dq_norm: [0.0175533  0.01241206 0.02149832]

A info: before HHL prepare:
Spectral radius (A): 2.372e+01, lambda_min:3.8521542152578974
condition number(A): 6.156e+00, norm2_cond:67.12299264717824
det(A): 6.498e+15
--------------------------------------------------------------------------------

A_hhl info: after scaling by spectral radius:
Spectral radius (A): 1.000e+00, lambda_min:0.16243135320979282
condition number(A): 6.156e+00, norm2_cond:67.12299264717824
det(A): 1.539e-05, nnz: 11 non zeros per row
--------------------------------------------------------------------------------

Size of A & B are not power of 2:
Next 2 power of 15 = 16
Value to be padded = 1
--------------------------------------------------

==================== Print (N)^2 padded matrix system =======================
Padded shape of A: (15, 15)x(15, 15) -> (16, 16)x(16, 16)
Padded shape of B: (15,) -> (16,)
Determinant of padded matrix: 1.5391642296712716e-05
Condition # of padded matrix: 67.12299264717824


Matrix is not Hermitian. Making it Hermitian.......

==================== Print Hermitian matrix system info =======================
Shape of hermitian A: 16x16 -> 32x32
Shape of           B: 16 -> 32
Determinant of Hermitian matrix: 2.3690265258995507e-10
Condition # of Hermitian matrix: 67.12299264717839

=================================== Generating HHL circuit ===================================
Time elapsed for generating HHL circuit: 0 min 8.67 sec

Generated circuit: num_qubits=14, gates=19, depth=5
============================== Generated Circuit saved ==============================

============================== Transpiling circuit ==============================
This is using the AerSimulator('aer_simulator_statevector') transpiler.
Time elapsed for transpiling the circuit:  0 min 1.66 sec
Transpiled circuit, num_qubits: 14, (original: 14)
Transpiled circuit depth: 22389 (original: 5)
Transpiled circuit gates: 22493 (original: 19)
============================== Transpiled Circuit saved ==============================
Time elapsed for running the circuit:  0 min 1.93 sec
total_qubits: 14, nq:5

Time elapsed for extracting shots-based hhl counts solution:  0 min 0.00 sec

[HHL info]: linear system residual (e=||Ax-b||_2): 0.5902161774034446
[HHL info]: Fidelity(true_sol, hhl_sol): 0.8924024042286063
[HHL info]: L2 error (absolute): 0.10785516858509613
[HHL info]: L2 error (relative): 0.8223278140644331
[HHL info]: L2 error (normalized): 0.33265439479221026

========================================================================================
 Compare system solutions using LU of A, LU sol of A_herm, HHL of Ax=b hermition system
LU sol 	    Herm LU sol    HHL sol    L1_diff(%)
-1.252e-02  -1.252e-02  -0.000e+00  1.000e+02
-4.496e-03  -4.496e-03  -0.000e+00  1.000e+02
-1.154e-02  -1.154e-02  -0.000e+00  1.000e+02
-2.605e-02  -2.605e-02  -7.905e-03  6.965e+01
-3.616e-02  -3.616e-02  -5.590e-03  8.454e+01
-3.616e-02  -3.616e-02  -5.590e-03  8.454e+01
-2.704e-02  -2.704e-02  -5.590e-03  7.933e+01
-2.002e-02  -2.002e-02  -0.000e+00  1.000e+02
-4.037e-02  -4.037e-02  -7.905e-03  8.042e+01
-2.047e-02  -2.047e-02  -0.000e+00  1.000e+02
-2.654e-02  -2.654e-02  -7.905e-03  7.022e+01
-3.940e-02  -3.940e-02  -5.590e-03  8.581e+01
-5.827e-02  -5.827e-02  -1.250e-02  7.855e+01
-4.881e-02  -4.881e-02  -7.905e-03  8.381e+01
-4.880e-02  -4.880e-02  -9.682e-03  8.016e+01
========================================================================================

step: 12/15 res:0.6883706243204852, res/res0:0.055624253056689124  dq_norm: [0.01581045 0.01249926 0.01478932]

A info: before HHL prepare:
Spectral radius (A): 2.379e+01, lambda_min:3.921267069343822
condition number(A): 6.067e+00, norm2_cond:66.64592385436066
det(A): 7.233e+15
--------------------------------------------------------------------------------

A_hhl info: after scaling by spectral radius:
Spectral radius (A): 1.000e+00, lambda_min:0.16483250722494072
condition number(A): 6.067e+00, norm2_cond:66.64592385436067
det(A): 1.635e-05, nnz: 13 non zeros per row
--------------------------------------------------------------------------------

Size of A & B are not power of 2:
Next 2 power of 15 = 16
Value to be padded = 1
--------------------------------------------------

==================== Print (N)^2 padded matrix system =======================
Padded shape of A: (15, 15)x(15, 15) -> (16, 16)x(16, 16)
Padded shape of B: (15,) -> (16,)
Determinant of padded matrix: 1.6351759545743263e-05
Condition # of padded matrix: 66.64592385436067


Matrix is not Hermitian. Making it Hermitian.......

==================== Print Hermitian matrix system info =======================
Shape of hermitian A: 16x16 -> 32x32
Shape of           B: 16 -> 32
Determinant of Hermitian matrix: 2.673800402418069e-10
Condition # of Hermitian matrix: 66.64592385436067

=================================== Generating HHL circuit ===================================
Time elapsed for generating HHL circuit: 0 min 8.83 sec

Generated circuit: num_qubits=14, gates=19, depth=5
============================== Generated Circuit saved ==============================

============================== Transpiling circuit ==============================
This is using the AerSimulator('aer_simulator_statevector') transpiler.
Time elapsed for transpiling the circuit:  0 min 1.69 sec
Transpiled circuit, num_qubits: 14, (original: 14)
Transpiled circuit depth: 22395 (original: 5)
Transpiled circuit gates: 22499 (original: 19)
============================== Transpiled Circuit saved ==============================
Time elapsed for running the circuit:  0 min 1.93 sec
total_qubits: 14, nq:5

Time elapsed for extracting shots-based hhl counts solution:  0 min 0.00 sec

[HHL info]: linear system residual (e=||Ax-b||_2): 0.5136349036270721
[HHL info]: Fidelity(true_sol, hhl_sol): 0.8858903618040502
[HHL info]: L2 error (absolute): 0.08497380356777043
[HHL info]: L2 error (relative): 0.7924078376053187
[HHL info]: L2 error (normalized): 0.34287756092026744

========================================================================================
 Compare system solutions using LU of A, LU sol of A_herm, HHL of Ax=b hermition system
LU sol 	    Herm LU sol    HHL sol    L1_diff(%)
-1.252e-02  -1.252e-02  -0.000e+00  1.000e+02
-4.492e-03  -4.492e-03  -0.000e+00  1.000e+02
-1.156e-02  -1.156e-02  -0.000e+00  1.000e+02
-1.808e-02  -1.808e-02  -4.813e-03  7.338e+01
-3.053e-02  -3.053e-02  -4.813e-03  8.424e+01
-3.070e-02  -3.070e-02  -8.337e-03  7.285e+01
-2.152e-02  -2.152e-02  -0.000e+00  1.000e+02
-2.028e-02  -2.028e-02  -4.813e-03  7.626e+01
-3.277e-02  -3.277e-02  -6.807e-03  7.923e+01
-2.030e-02  -2.030e-02  -4.813e-03  7.628e+01
-1.827e-02  -1.827e-02  -0.000e+00  1.000e+02
-3.326e-02  -3.326e-02  -8.337e-03  7.493e+01
-4.465e-02  -4.465e-02  -9.626e-03  7.844e+01
-4.077e-02  -4.077e-02  -9.626e-03  7.639e+01
-3.914e-02  -3.914e-02  -1.076e-02  7.250e+01
========================================================================================

step: 13/15 res:0.5896923924219953, res/res0:0.047650491904800134  dq_norm: [0.01178965 0.01178965 0.01735389]

A info: before HHL prepare:
Spectral radius (A): 2.380e+01, lambda_min:3.964033836666221
condition number(A): 6.003e+00, norm2_cond:66.64756573391504
det(A): 7.612e+15
--------------------------------------------------------------------------------

A_hhl info: after scaling by spectral radius:
Spectral radius (A): 1.000e+00, lambda_min:0.1665832481717695
condition number(A): 6.003e+00, norm2_cond:66.6475657339148
det(A): 1.714e-05, nnz: 11 non zeros per row
--------------------------------------------------------------------------------

Size of A & B are not power of 2:
Next 2 power of 15 = 16
Value to be padded = 1
--------------------------------------------------

==================== Print (N)^2 padded matrix system =======================
Padded shape of A: (15, 15)x(15, 15) -> (16, 16)x(16, 16)
Padded shape of B: (15,) -> (16,)
Determinant of padded matrix: 1.7135006508249937e-05
Condition # of padded matrix: 66.6475657339148


Matrix is not Hermitian. Making it Hermitian.......

==================== Print Hermitian matrix system info =======================
Shape of hermitian A: 16x16 -> 32x32
Shape of           B: 16 -> 32
Determinant of Hermitian matrix: 2.9360844803776557e-10
Condition # of Hermitian matrix: 66.6475657339148

=================================== Generating HHL circuit ===================================
Time elapsed for generating HHL circuit: 0 min 8.72 sec

Generated circuit: num_qubits=14, gates=19, depth=5
============================== Generated Circuit saved ==============================

============================== Transpiling circuit ==============================
This is using the AerSimulator('aer_simulator_statevector') transpiler.
Time elapsed for transpiling the circuit:  0 min 1.90 sec
Transpiled circuit, num_qubits: 14, (original: 14)
Transpiled circuit depth: 22395 (original: 5)
Transpiled circuit gates: 22499 (original: 19)
============================== Transpiled Circuit saved ==============================
Time elapsed for running the circuit:  0 min 1.87 sec
total_qubits: 14, nq:5

Time elapsed for extracting shots-based hhl counts solution:  0 min 0.00 sec

[HHL info]: linear system residual (e=||Ax-b||_2): 0.44938745610939274
[HHL info]: Fidelity(true_sol, hhl_sol): 0.43929358271832203
[HHL info]: L2 error (absolute): 0.07884460964546247
[HHL info]: L2 error (relative): 0.9262580327336504
[HHL info]: L2 error (normalized): 0.8212280290952874

========================================================================================
 Compare system solutions using LU of A, LU sol of A_herm, HHL of Ax=b hermition system
LU sol 	    Herm LU sol    HHL sol    L1_diff(%)
-1.253e-02  -1.253e-02  -0.000e+00  1.000e+02
-4.506e-03  -4.506e-03  -2.584e-03  4.265e+01
-1.162e-02  -1.162e-02  -0.000e+00  1.000e+02
-1.332e-02  -1.332e-02  -0.000e+00  1.000e+02
-2.576e-02  -2.576e-02  -2.584e-03  8.997e+01
-2.250e-02  -2.250e-02  -0.000e+00  1.000e+02
-2.155e-02  -2.155e-02  -0.000e+00  1.000e+02
-1.541e-02  -1.541e-02  -0.000e+00  1.000e+02
-2.587e-02  -2.587e-02  -0.000e+00  1.000e+02
-1.540e-02  -1.540e-02  -0.000e+00  1.000e+02
-1.838e-02  -1.838e-02  -2.584e-03  8.594e+01
-2.490e-02  -2.490e-02  -5.779e-03  7.679e+01
-3.482e-02  -3.482e-02  -6.330e-03  8.182e+01
-3.118e-02  -3.118e-02  -0.000e+00  1.000e+02
-2.891e-02  -2.891e-02  -2.584e-03  9.106e+01
========================================================================================

step: 14/15 res:0.5133167273520755, res/res0:0.041478904723235205  dq_norm: [0.00633044 0.00447629 0.00633044]
Completed: 14 steps in 193.18s
Saved metadata to /lustre/orion/stf006/scratch/4klornl/fvm_euler_1d_solver/output_parallel_shots/trials2/statevector/shots_1000/trial_8/metadata_nelem5_HHL_statevector_nshots1000.pkl

Solution summary:
  x/L: [0.1000, 0.9000]
  Mach: [1.5030, 2.1363]
  p/p_in: [0.9926, 0.3749]
  rho/rho_in: [1.0000, 0.5117]
Saved combined plot to /lustre/orion/stf006/scratch/4klornl/fvm_euler_1d_solver/output_parallel_shots/trials2/statevector/shots_1000/trial_8/solution_plot_nelem5_HHL_statevector_nshots1000.png
