
------------------------------------------------------------
Using ideal local simulator with 'statevector' method
Backend: aer_simulator_statevector
Shots: 10000
------------------------------------------------------------

A info: before HHL prepare:
Spectral radius (A): 4.814e+01, lambda_min:3.3136108943482814
condition number(A): 1.453e+01, norm2_cond:197.88017001682982
det(A): 1.276e+38
--------------------------------------------------------------------------------

A_hhl info: after scaling by spectral radius:
Spectral radius (A): 1.000e+00, lambda_min:0.0688269177323334
condition number(A): 1.453e+01, norm2_cond:197.88017001683053
det(A): 4.260e-13, nnz: 11 non zeros per row
--------------------------------------------------------------------------------

Size of A & B are not power of 2:
Next 2 power of 30 = 32
Value to be padded = 2
--------------------------------------------------

==================== Print (N)^2 padded matrix system =======================
Padded shape of A: (30, 30)x(30, 30) -> (32, 32)x(32, 32)
Padded shape of B: (30,) -> (32,)
Determinant of padded matrix: 4.2602079269883554e-13
Condition # of padded matrix: 197.88017001683053


Matrix is not Hermitian. Making it Hermitian.......

==================== Print Hermitian matrix system info =======================
Shape of hermitian A: 32x32 -> 64x64
Shape of           B: 32 -> 64
Determinant of Hermitian matrix: 1.8149371581174162e-25
Condition # of Hermitian matrix: 197.88017001683153

=================================== Generating HHL circuit ===================================
Time elapsed for generating HHL circuit: 0 min 51.03 sec

Generated circuit: num_qubits=16, gates=21, depth=5
============================== Generated Circuit saved ==============================

============================== Transpiling circuit ==============================
This is using the AerSimulator('aer_simulator_statevector') transpiler.
Time elapsed for transpiling the circuit:  0 min 9.88 sec
Transpiled circuit, num_qubits: 16, (original: 16)
Transpiled circuit depth: 103094 (original: 5)
Transpiled circuit gates: 103221 (original: 21)
============================== Transpiled Circuit saved ==============================
Time elapsed for running the circuit:  0 min 20.17 sec
total_qubits: 16, nq:6

Time elapsed for extracting shots-based hhl counts solution:  0 min 0.00 sec

[HHL info]: linear system residual (e=||Ax-b||_2): 14.692036664757676
[HHL info]: Fidelity(true_sol, hhl_sol): 0.9695107312058073
[HHL info]: L2 error (absolute): 3.0073020115809146
[HHL info]: L2 error (relative): 0.7918238309257694
[HHL info]: L2 error (normalized): 0.1752862786820209

========================================================================================
 Compare system solutions using LU of A, LU sol of A_herm, HHL of Ax=b hermition system
LU sol 	    Herm LU sol    HHL sol    L1_diff(%)
 4.852e-03   4.852e-03   0.000e+00  1.000e+02
 2.224e-03   2.224e-03   0.000e+00  1.000e+02
 1.012e-02   1.012e-02   0.000e+00  1.000e+02
 6.205e-03   6.205e-03   0.000e+00  1.000e+02
 1.905e-03   1.905e-03   0.000e+00  1.000e+02
 1.125e-02   1.125e-02   0.000e+00  1.000e+02
-2.568e-02  -2.568e-02  -0.000e+00  1.000e+02
-1.823e-02  -1.823e-02  -0.000e+00  1.000e+02
-6.491e-02  -6.491e-02  -0.000e+00  1.000e+02
-1.285e-01  -1.285e-01  -0.000e+00  1.000e+02
-9.623e-02  -9.623e-02  -0.000e+00  1.000e+02
-3.195e-01  -3.195e-01  -6.696e-02  7.904e+01
-3.070e-01  -3.070e-01  -0.000e+00  1.000e+02
-2.851e-01  -2.851e-01  -0.000e+00  1.000e+02
-8.110e-01  -8.110e-01  -1.640e-01  7.978e+01
-4.538e-01  -4.538e-01  -1.160e-01  7.444e+01
-4.624e-01  -4.624e-01  -9.470e-02  7.952e+01
-1.229e+00  -1.229e+00  -2.919e-01  7.625e+01
-5.244e-01  -5.244e-01  -1.160e-01  7.788e+01
-5.482e-01  -5.482e-01  -6.696e-02  8.779e+01
-1.427e+00  -1.427e+00  -2.919e-01  7.955e+01
-5.516e-01  -5.516e-01  -9.470e-02  8.283e+01
-5.798e-01  -5.798e-01  -1.339e-01  7.690e+01
-1.501e+00  -1.501e+00  -3.348e-01  7.769e+01
-5.614e-01  -5.614e-01  -1.160e-01  7.934e+01
-5.902e-01  -5.902e-01  -1.772e-01  6.998e+01
-1.527e+00  -1.527e+00  -3.479e-01  7.721e+01
-5.649e-01  -5.649e-01  -9.470e-02  8.324e+01
-5.937e-01  -5.937e-01  -1.160e-01  8.046e+01
-1.535e+00  -1.535e+00  -2.841e-01  8.150e+01
========================================================================================

step: 0/15 res:15.852040985520478, res/res0:1.0  dq_norm: [0.24143401 0.27609035 0.71808473]

A info: before HHL prepare:
Spectral radius (A): 4.828e+01, lambda_min:3.4330085327854833
condition number(A): 1.406e+01, norm2_cond:188.77133430141598
det(A): 2.118e+38
--------------------------------------------------------------------------------

A_hhl info: after scaling by spectral radius:
Spectral radius (A): 1.000e+00, lambda_min:0.07110360957495097
condition number(A): 1.406e+01, norm2_cond:188.77133430141603
det(A): 6.494e-13, nnz: 13 non zeros per row
--------------------------------------------------------------------------------

Size of A & B are not power of 2:
Next 2 power of 30 = 32
Value to be padded = 2
--------------------------------------------------

==================== Print (N)^2 padded matrix system =======================
Padded shape of A: (30, 30)x(30, 30) -> (32, 32)x(32, 32)
Padded shape of B: (30,) -> (32,)
Determinant of padded matrix: 6.493726822127913e-13
Condition # of padded matrix: 188.77133430141603


Matrix is not Hermitian. Making it Hermitian.......

==================== Print Hermitian matrix system info =======================
Shape of hermitian A: 32x32 -> 64x64
Shape of           B: 32 -> 64
Determinant of Hermitian matrix: 4.216848804042378e-25
Condition # of Hermitian matrix: 188.77133430141518

=================================== Generating HHL circuit ===================================
Time elapsed for generating HHL circuit: 0 min 51.85 sec

Generated circuit: num_qubits=16, gates=21, depth=5
============================== Generated Circuit saved ==============================

============================== Transpiling circuit ==============================
This is using the AerSimulator('aer_simulator_statevector') transpiler.
Time elapsed for transpiling the circuit:  0 min 9.79 sec
Transpiled circuit, num_qubits: 16, (original: 16)
Transpiled circuit depth: 103106 (original: 5)
Transpiled circuit gates: 103233 (original: 21)
============================== Transpiled Circuit saved ==============================
Time elapsed for running the circuit:  0 min 19.96 sec
total_qubits: 16, nq:6

Time elapsed for extracting shots-based hhl counts solution:  0 min 0.00 sec

[HHL info]: linear system residual (e=||Ax-b||_2): 13.239299252198037
[HHL info]: Fidelity(true_sol, hhl_sol): 0.930514476309022
[HHL info]: L2 error (absolute): 2.519734570619416
[HHL info]: L2 error (relative): 0.8546688658428407
[HHL info]: L2 error (normalized): 0.2659632201673315

========================================================================================
 Compare system solutions using LU of A, LU sol of A_herm, HHL of Ax=b hermition system
LU sol 	    Herm LU sol    HHL sol    L1_diff(%)
 4.233e-03   4.233e-03   0.000e+00  1.000e+02
 1.878e-03   1.878e-03   0.000e+00  1.000e+02
 8.761e-03   8.761e-03   0.000e+00  1.000e+02
 4.625e-03   4.625e-03   0.000e+00  1.000e+02
 1.453e-03   1.453e-03   0.000e+00  1.000e+02
 7.862e-03   7.862e-03   0.000e+00  1.000e+02
-2.674e-02  -2.674e-02  -0.000e+00  1.000e+02
-1.895e-02  -1.895e-02  -0.000e+00  1.000e+02
-6.825e-02  -6.825e-02  -0.000e+00  1.000e+02
-1.239e-01  -1.239e-01  -0.000e+00  1.000e+02
-9.396e-02  -9.396e-02  -0.000e+00  1.000e+02
-2.351e-01  -2.351e-01  -3.982e-02  8.306e+01
-2.929e-01  -2.929e-01  -6.898e-02  7.645e+01
-2.817e-01  -2.817e-01  -0.000e+00  1.000e+02
-6.015e-01  -6.015e-01  -8.905e-02  8.520e+01
-3.139e-01  -3.139e-01  -3.982e-02  8.731e+01
-3.678e-01  -3.678e-01  -0.000e+00  1.000e+02
-8.771e-01  -8.771e-01  -1.380e-01  8.427e+01
-3.972e-01  -3.972e-01  -5.632e-02  8.582e+01
-4.896e-01  -4.896e-01  -6.898e-02  8.591e+01
-1.101e+00  -1.101e+00  -1.490e-01  8.646e+01
-4.606e-01  -4.606e-01  -6.898e-02  8.502e+01
-4.460e-01  -4.460e-01  -7.965e-02  8.214e+01
-1.165e+00  -1.165e+00  -1.991e-01  8.291e+01
-4.441e-01  -4.441e-01  -1.054e-01  7.628e+01
-4.087e-01  -4.087e-01  -0.000e+00  1.000e+02
-1.173e+00  -1.173e+00  -1.910e-01  8.372e+01
-4.637e-01  -4.637e-01  -5.632e-02  8.785e+01
-4.770e-01  -4.770e-01  -3.982e-02  9.165e+01
-1.231e+00  -1.231e+00  -1.781e-01  8.553e+01
========================================================================================

step: 1/15 res:14.67811854677457, res/res0:0.9259450287935674  dq_norm: [0.16896256 0.11264171 0.39824857]

A info: before HHL prepare:
Spectral radius (A): 4.882e+01, lambda_min:3.808198563106764
condition number(A): 1.282e+01, norm2_cond:172.98875581215137
det(A): 5.639e+38
--------------------------------------------------------------------------------

A_hhl info: after scaling by spectral radius:
Spectral radius (A): 1.000e+00, lambda_min:0.07799776027687416
condition number(A): 1.282e+01, norm2_cond:172.98875581215174
det(A): 1.236e-12, nnz: 19 non zeros per row
--------------------------------------------------------------------------------

Size of A & B are not power of 2:
Next 2 power of 30 = 32
Value to be padded = 2
--------------------------------------------------

==================== Print (N)^2 padded matrix system =======================
Padded shape of A: (30, 30)x(30, 30) -> (32, 32)x(32, 32)
Padded shape of B: (30,) -> (32,)
Determinant of padded matrix: 1.2362117577503302e-12
Condition # of padded matrix: 172.98875581215174


Matrix is not Hermitian. Making it Hermitian.......

==================== Print Hermitian matrix system info =======================
Shape of hermitian A: 32x32 -> 64x64
Shape of           B: 32 -> 64
Determinant of Hermitian matrix: 1.5282195100001612e-24
Condition # of Hermitian matrix: 172.98875581215023

=================================== Generating HHL circuit ===================================
Time elapsed for generating HHL circuit: 0 min 52.28 sec

Generated circuit: num_qubits=16, gates=21, depth=5
============================== Generated Circuit saved ==============================

============================== Transpiling circuit ==============================
This is using the AerSimulator('aer_simulator_statevector') transpiler.
Time elapsed for transpiling the circuit:  0 min 9.82 sec
Transpiled circuit, num_qubits: 16, (original: 16)
Transpiled circuit depth: 103100 (original: 5)
Transpiled circuit gates: 103227 (original: 21)
============================== Transpiled Circuit saved ==============================
Time elapsed for running the circuit:  0 min 20.09 sec
total_qubits: 16, nq:6

Time elapsed for extracting shots-based hhl counts solution:  0 min 0.00 sec

[HHL info]: linear system residual (e=||Ax-b||_2): 11.286796752177468
[HHL info]: Fidelity(true_sol, hhl_sol): 0.9308028598291951
[HHL info]: L2 error (absolute): 1.9649231448547892
[HHL info]: L2 error (relative): 0.813118105761135
[HHL info]: L2 error (normalized): 0.2654006415618401

========================================================================================
 Compare system solutions using LU of A, LU sol of A_herm, HHL of Ax=b hermition system
LU sol 	    Herm LU sol    HHL sol    L1_diff(%)
 3.751e-03   3.751e-03   0.000e+00  1.000e+02
 1.676e-03   1.676e-03   0.000e+00  1.000e+02
 7.799e-03   7.799e-03   0.000e+00  1.000e+02
 3.586e-03   3.586e-03   0.000e+00  1.000e+02
 8.381e-04   8.381e-04   0.000e+00  1.000e+02
 5.346e-03   5.346e-03   0.000e+00  1.000e+02
-2.539e-02  -2.539e-02  -0.000e+00  1.000e+02
-1.751e-02  -1.751e-02  -0.000e+00  1.000e+02
-6.447e-02  -6.447e-02  -4.019e-02  3.766e+01
-1.176e-01  -1.176e-01  -0.000e+00  1.000e+02
-9.267e-02  -9.267e-02  -0.000e+00  1.000e+02
-1.826e-01  -1.826e-01  -4.019e-02  7.799e+01
-2.146e-01  -2.146e-01  -0.000e+00  1.000e+02
-2.846e-01  -2.846e-01  -0.000e+00  1.000e+02
-4.977e-01  -4.977e-01  -1.137e-01  7.716e+01
-2.709e-01  -2.709e-01  -4.019e-02  8.516e+01
-3.710e-01  -3.710e-01  -8.039e-02  7.833e+01
-7.287e-01  -7.287e-01  -1.557e-01  7.864e+01
-3.262e-01  -3.262e-01  -0.000e+00  1.000e+02
-4.106e-01  -4.106e-01  -8.987e-02  7.811e+01
-9.218e-01  -9.218e-01  -1.752e-01  8.099e+01
-3.587e-01  -3.587e-01  -8.987e-02  7.494e+01
-3.619e-01  -3.619e-01  -9.845e-02  7.279e+01
-8.895e-01  -8.895e-01  -1.969e-01  7.786e+01
-3.105e-01  -3.105e-01  -6.962e-02  7.758e+01
-4.174e-01  -4.174e-01  -5.684e-02  8.638e+01
-9.140e-01  -9.140e-01  -1.608e-01  8.241e+01
-3.946e-01  -3.946e-01  -4.019e-02  8.981e+01
-4.384e-01  -4.384e-01  -6.962e-02  8.412e+01
-1.016e+00  -1.016e+00  -1.969e-01  8.062e+01
========================================================================================

step: 2/15 res:13.250228662094077, res/res0:0.8358689378987261  dq_norm: [0.12710225 0.17974973 0.41770063]

A info: before HHL prepare:
Spectral radius (A): 4.828e+01, lambda_min:4.141023821954652
condition number(A): 1.166e+01, norm2_cond:164.4266793187625
det(A): 5.694e+38
--------------------------------------------------------------------------------

A_hhl info: after scaling by spectral radius:
Spectral radius (A): 1.000e+00, lambda_min:0.08576941763390215
condition number(A): 1.166e+01, norm2_cond:164.4266793187626
det(A): 1.746e-12, nnz: 18 non zeros per row
--------------------------------------------------------------------------------

Size of A & B are not power of 2:
Next 2 power of 30 = 32
Value to be padded = 2
--------------------------------------------------

==================== Print (N)^2 padded matrix system =======================
Padded shape of A: (30, 30)x(30, 30) -> (32, 32)x(32, 32)
Padded shape of B: (30,) -> (32,)
Determinant of padded matrix: 1.7464780404337343e-12
Condition # of padded matrix: 164.4266793187626


Matrix is not Hermitian. Making it Hermitian.......

==================== Print Hermitian matrix system info =======================
Shape of hermitian A: 32x32 -> 64x64
Shape of           B: 32 -> 64
Determinant of Hermitian matrix: 3.0501855457172568e-24
Condition # of Hermitian matrix: 164.42667931876366

=================================== Generating HHL circuit ===================================
Time elapsed for generating HHL circuit: 0 min 51.88 sec

Generated circuit: num_qubits=16, gates=21, depth=5
============================== Generated Circuit saved ==============================

============================== Transpiling circuit ==============================
This is using the AerSimulator('aer_simulator_statevector') transpiler.
Time elapsed for transpiling the circuit:  0 min 9.89 sec
Transpiled circuit, num_qubits: 16, (original: 16)
Transpiled circuit depth: 103096 (original: 5)
Transpiled circuit gates: 103223 (original: 21)
============================== Transpiled Circuit saved ==============================
Time elapsed for running the circuit:  0 min 19.97 sec
total_qubits: 16, nq:6

Time elapsed for extracting shots-based hhl counts solution:  0 min 0.00 sec

[HHL info]: linear system residual (e=||Ax-b||_2): 11.083371238662739
[HHL info]: Fidelity(true_sol, hhl_sol): 0.9443692665830553
[HHL info]: L2 error (absolute): 1.7503008484277096
[HHL info]: L2 error (relative): 0.8996814681941634
[HHL info]: L2 error (normalized): 0.23754310620505925

========================================================================================
 Compare system solutions using LU of A, LU sol of A_herm, HHL of Ax=b hermition system
LU sol 	    Herm LU sol    HHL sol    L1_diff(%)
 3.799e-03   3.799e-03   0.000e+00  1.000e+02
 1.739e-03   1.739e-03   0.000e+00  1.000e+02
 7.909e-03   7.909e-03   0.000e+00  1.000e+02
 4.296e-03   4.296e-03   0.000e+00  1.000e+02
 1.188e-03   1.188e-03   0.000e+00  1.000e+02
 6.735e-03   6.735e-03   0.000e+00  1.000e+02
-2.344e-02  -2.344e-02  -0.000e+00  1.000e+02
-1.677e-02  -1.677e-02  -0.000e+00  1.000e+02
-1.934e-02  -1.934e-02  -1.747e-02  9.675e+00
-1.150e-01  -1.150e-01  -0.000e+00  1.000e+02
-9.125e-02  -9.125e-02  -0.000e+00  1.000e+02
-1.349e-01  -1.349e-01  -2.471e-02  8.168e+01
-2.171e-01  -2.171e-01  -3.026e-02  8.606e+01
-2.880e-01  -2.880e-01  -0.000e+00  1.000e+02
-3.846e-01  -3.846e-01  -4.280e-02  8.887e+01
-2.368e-01  -2.368e-01  -1.747e-02  9.262e+01
-2.900e-01  -2.900e-01  -1.747e-02  9.398e+01
-5.829e-01  -5.829e-01  -6.537e-02  8.878e+01
-3.290e-01  -3.290e-01  -4.280e-02  8.699e+01
-3.158e-01  -3.158e-01  -3.026e-02  9.042e+01
-7.420e-01  -7.420e-01  -7.413e-02  9.001e+01
-2.586e-01  -2.586e-01  -2.471e-02  9.045e+01
-2.635e-01  -2.635e-01  -3.026e-02  8.852e+01
-6.715e-01  -6.715e-01  -6.300e-02  9.062e+01
-2.347e-01  -2.347e-01  -3.026e-02  8.710e+01
-3.630e-01  -3.630e-01  -3.494e-02  9.037e+01
-7.386e-01  -7.386e-01  -7.616e-02  8.969e+01
-3.536e-01  -3.536e-01  -5.242e-02  8.518e+01
-3.690e-01  -3.690e-01  -3.026e-02  9.180e+01
-8.040e-01  -8.040e-01  -8.195e-02  8.981e+01
========================================================================================

step: 3/15 res:11.267591872918235, res/res0:0.7107975486065323  dq_norm: [0.08559485 0.06537415 0.17029576]

A info: before HHL prepare:
Spectral radius (A): 4.850e+01, lambda_min:4.019662361937392
condition number(A): 1.207e+01, norm2_cond:160.93517350189222
det(A): 9.504e+38
--------------------------------------------------------------------------------

A_hhl info: after scaling by spectral radius:
Spectral radius (A): 1.000e+00, lambda_min:0.08288079924288863
condition number(A): 1.207e+01, norm2_cond:160.9351735018925
det(A): 2.546e-12, nnz: 13 non zeros per row
--------------------------------------------------------------------------------

Size of A & B are not power of 2:
Next 2 power of 30 = 32
Value to be padded = 2
--------------------------------------------------

==================== Print (N)^2 padded matrix system =======================
Padded shape of A: (30, 30)x(30, 30) -> (32, 32)x(32, 32)
Padded shape of B: (30,) -> (32,)
Determinant of padded matrix: 2.545831428422236e-12
Condition # of padded matrix: 160.9351735018925


Matrix is not Hermitian. Making it Hermitian.......

==================== Print Hermitian matrix system info =======================
Shape of hermitian A: 32x32 -> 64x64
Shape of           B: 32 -> 64
Determinant of Hermitian matrix: 6.481257661942309e-24
Condition # of Hermitian matrix: 160.93517350189262

=================================== Generating HHL circuit ===================================
Time elapsed for generating HHL circuit: 0 min 51.07 sec

Generated circuit: num_qubits=16, gates=21, depth=5
============================== Generated Circuit saved ==============================

============================== Transpiling circuit ==============================
This is using the AerSimulator('aer_simulator_statevector') transpiler.
Time elapsed for transpiling the circuit:  0 min 10.73 sec
Transpiled circuit, num_qubits: 16, (original: 16)
Transpiled circuit depth: 103100 (original: 5)
Transpiled circuit gates: 103227 (original: 21)
============================== Transpiled Circuit saved ==============================
Time elapsed for running the circuit:  0 min 19.94 sec
total_qubits: 16, nq:6

Time elapsed for extracting shots-based hhl counts solution:  0 min 0.00 sec

[HHL info]: linear system residual (e=||Ax-b||_2): 8.360843280980633
[HHL info]: Fidelity(true_sol, hhl_sol): 0.9168354644745411
[HHL info]: L2 error (absolute): 1.2555877078075415
[HHL info]: L2 error (relative): 0.7268340796772527
[HHL info]: L2 error (normalized): 0.29149526418536326

========================================================================================
 Compare system solutions using LU of A, LU sol of A_herm, HHL of Ax=b hermition system
LU sol 	    Herm LU sol    HHL sol    L1_diff(%)
 3.863e-03   3.863e-03   0.000e+00  1.000e+02
 1.834e-03   1.834e-03   0.000e+00  1.000e+02
 8.075e-03   8.075e-03   0.000e+00  1.000e+02
 4.229e-03   4.229e-03   0.000e+00  1.000e+02
 9.973e-04   9.973e-04   0.000e+00  1.000e+02
 6.395e-03   6.395e-03   0.000e+00  1.000e+02
-2.378e-02  -2.378e-02  -0.000e+00  1.000e+02
-1.690e-02  -1.690e-02  -0.000e+00  1.000e+02
-1.174e-03  -1.174e-03  -0.000e+00  1.000e+02
-1.154e-01  -1.154e-01  -5.119e-02  5.563e+01
-9.161e-02  -9.161e-02  -7.239e-02  2.097e+01
-1.119e-01  -1.119e-01  -0.000e+00  1.000e+02
-1.846e-01  -1.846e-01  -0.000e+00  1.000e+02
-2.874e-01  -2.874e-01  -1.024e-01  6.438e+01
-3.412e-01  -3.412e-01  -1.024e-01  6.999e+01
-2.159e-01  -2.159e-01  -5.119e-02  7.629e+01
-2.724e-01  -2.724e-01  -7.239e-02  7.343e+01
-5.099e-01  -5.099e-01  -1.145e-01  7.755e+01
-2.824e-01  -2.824e-01  -5.119e-02  8.187e+01
-2.873e-01  -2.873e-01  -8.866e-02  6.914e+01
-6.632e-01  -6.632e-01  -1.983e-01  7.010e+01
-2.335e-01  -2.335e-01  -7.239e-02  6.900e+01
-2.341e-01  -2.341e-01  -8.866e-02  6.212e+01
-6.087e-01  -6.087e-01  -1.915e-01  6.853e+01
-1.990e-01  -1.990e-01  -0.000e+00  1.000e+02
-3.249e-01  -3.249e-01  -7.239e-02  7.772e+01
-6.497e-01  -6.497e-01  -1.983e-01  6.949e+01
-2.871e-01  -2.871e-01  -0.000e+00  1.000e+02
-3.381e-01  -3.381e-01  -1.254e-01  6.292e+01
-6.994e-01  -6.994e-01  -2.048e-01  7.072e+01
========================================================================================

step: 4/15 res:11.0845437863427, res/res0:0.6992502603587455  dq_norm: [0.11446364 0.24010096 0.42521356]

A info: before HHL prepare:
Spectral radius (A): 4.836e+01, lambda_min:4.224098630251239
condition number(A): 1.145e+01, norm2_cond:165.69523317643805
det(A): 3.817e+38
--------------------------------------------------------------------------------

A_hhl info: after scaling by spectral radius:
Spectral radius (A): 1.000e+00, lambda_min:0.08734727887780315
condition number(A): 1.145e+01, norm2_cond:165.69523317643882
det(A): 1.115e-12, nnz: 13 non zeros per row
--------------------------------------------------------------------------------

Size of A & B are not power of 2:
Next 2 power of 30 = 32
Value to be padded = 2
--------------------------------------------------

==================== Print (N)^2 padded matrix system =======================
Padded shape of A: (30, 30)x(30, 30) -> (32, 32)x(32, 32)
Padded shape of B: (30,) -> (32,)
Determinant of padded matrix: 1.1148839557720597e-12
Condition # of padded matrix: 165.69523317643882


Matrix is not Hermitian. Making it Hermitian.......

==================== Print Hermitian matrix system info =======================
Shape of hermitian A: 32x32 -> 64x64
Shape of           B: 32 -> 64
Determinant of Hermitian matrix: 1.2429662348379738e-24
Condition # of Hermitian matrix: 165.69523317643933

=================================== Generating HHL circuit ===================================
Time elapsed for generating HHL circuit: 0 min 51.63 sec

Generated circuit: num_qubits=16, gates=21, depth=5
============================== Generated Circuit saved ==============================

============================== Transpiling circuit ==============================
This is using the AerSimulator('aer_simulator_statevector') transpiler.
Time elapsed for transpiling the circuit:  0 min 9.68 sec
Transpiled circuit, num_qubits: 16, (original: 16)
Transpiled circuit depth: 103110 (original: 5)
Transpiled circuit gates: 103237 (original: 21)
============================== Transpiled Circuit saved ==============================
Time elapsed for running the circuit:  0 min 19.94 sec
total_qubits: 16, nq:6

Time elapsed for extracting shots-based hhl counts solution:  0 min 0.00 sec

[HHL info]: linear system residual (e=||Ax-b||_2): 8.042830894188349
[HHL info]: Fidelity(true_sol, hhl_sol): 0.894620706044571
[HHL info]: L2 error (absolute): 1.0680114912045993
[HHL info]: L2 error (relative): 0.8249993688206912
[HHL info]: L2 error (normalized): 0.32910815215176836

========================================================================================
 Compare system solutions using LU of A, LU sol of A_herm, HHL of Ax=b hermition system
LU sol 	    Herm LU sol    HHL sol    L1_diff(%)
 3.844e-03   3.844e-03   0.000e+00  1.000e+02
 1.708e-03   1.708e-03   0.000e+00  1.000e+02
 8.009e-03   8.009e-03   0.000e+00  1.000e+02
 3.573e-03   3.573e-03   0.000e+00  1.000e+02
 7.800e-04   7.800e-04   0.000e+00  1.000e+02
 5.457e-03   5.457e-03   0.000e+00  1.000e+02
-2.616e-02  -2.616e-02  -0.000e+00  1.000e+02
-1.808e-02  -1.808e-02  -0.000e+00  1.000e+02
-8.779e-03  -8.779e-03  -0.000e+00  1.000e+02
-6.733e-02  -6.733e-02  -0.000e+00  1.000e+02
-1.948e-02  -1.948e-02  -0.000e+00  1.000e+02
-1.219e-01  -1.219e-01  -4.505e-02  6.305e+01
-1.890e-01  -1.890e-01  -2.601e-02  8.624e+01
-1.843e-01  -1.843e-01  -0.000e+00  1.000e+02
-2.384e-01  -2.384e-01  -6.371e-02  7.328e+01
-1.620e-01  -1.620e-01  -3.678e-02  7.730e+01
-1.993e-01  -1.993e-01  -4.505e-02  7.740e+01
-3.888e-01  -3.888e-01  -8.626e-02  7.782e+01
-2.250e-01  -2.250e-01  -3.678e-02  8.365e+01
-1.972e-01  -1.972e-01  -4.505e-02  7.716e+01
-4.465e-01  -4.465e-01  -6.371e-02  8.573e+01
-1.561e-01  -1.561e-01  -2.601e-02  8.334e+01
-1.439e-01  -1.439e-01  -5.202e-02  6.386e+01
-4.054e-01  -4.054e-01  -5.202e-02  8.717e+01
-2.177e-01  -2.177e-01  -3.678e-02  8.310e+01
-2.627e-01  -2.627e-01  -7.356e-02  7.200e+01
-4.780e-01  -4.780e-01  -8.225e-02  8.279e+01
-3.333e-01  -3.333e-01  -2.601e-02  9.220e+01
-2.152e-01  -2.152e-01  -3.678e-02  8.290e+01
-5.573e-01  -5.573e-01  -1.103e-01  8.020e+01
========================================================================================

step: 5/15 res:8.324458412449806, res/res0:0.5251348025187108  dq_norm: [0.07802649 0.11631502 0.19807735]

A info: before HHL prepare:
Spectral radius (A): 4.848e+01, lambda_min:3.956098730410283
condition number(A): 1.225e+01, norm2_cond:164.50744759290927
det(A): 4.479e+38
--------------------------------------------------------------------------------

A_hhl info: after scaling by spectral radius:
Spectral radius (A): 1.000e+00, lambda_min:0.08160664194728255
condition number(A): 1.225e+01, norm2_cond:164.5074475929096
det(A): 1.216e-12, nnz: 13 non zeros per row
--------------------------------------------------------------------------------

Size of A & B are not power of 2:
Next 2 power of 30 = 32
Value to be padded = 2
--------------------------------------------------

==================== Print (N)^2 padded matrix system =======================
Padded shape of A: (30, 30)x(30, 30) -> (32, 32)x(32, 32)
Padded shape of B: (30,) -> (32,)
Determinant of padded matrix: 1.2159023709401015e-12
Condition # of padded matrix: 164.5074475929096


Matrix is not Hermitian. Making it Hermitian.......

==================== Print Hermitian matrix system info =======================
Shape of hermitian A: 32x32 -> 64x64
Shape of           B: 32 -> 64
Determinant of Hermitian matrix: 1.47841857565776e-24
Condition # of Hermitian matrix: 164.50744759290973

=================================== Generating HHL circuit ===================================
Time elapsed for generating HHL circuit: 0 min 51.63 sec

Generated circuit: num_qubits=16, gates=21, depth=5
============================== Generated Circuit saved ==============================

============================== Transpiling circuit ==============================
This is using the AerSimulator('aer_simulator_statevector') transpiler.
Time elapsed for transpiling the circuit:  0 min 9.54 sec
Transpiled circuit, num_qubits: 16, (original: 16)
Transpiled circuit depth: 103106 (original: 5)
Transpiled circuit gates: 103233 (original: 21)
============================== Transpiled Circuit saved ==============================
Time elapsed for running the circuit:  0 min 20.24 sec
total_qubits: 16, nq:6

Time elapsed for extracting shots-based hhl counts solution:  0 min 0.00 sec

[HHL info]: linear system residual (e=||Ax-b||_2): 7.126155386878553
[HHL info]: Fidelity(true_sol, hhl_sol): 0.8780139666727164
[HHL info]: L2 error (absolute): 0.8987014989930733
[HHL info]: L2 error (relative): 0.8518311001061886
[HHL info]: L2 error (normalized): 0.35489718309514334

========================================================================================
 Compare system solutions using LU of A, LU sol of A_herm, HHL of Ax=b hermition system
LU sol 	    Herm LU sol    HHL sol    L1_diff(%)
 3.735e-03   3.735e-03   0.000e+00  1.000e+02
 1.681e-03   1.681e-03   0.000e+00  1.000e+02
 7.774e-03   7.774e-03   0.000e+00  1.000e+02
 3.534e-03   3.534e-03   0.000e+00  1.000e+02
 7.751e-04   7.751e-04   0.000e+00  1.000e+02
 5.262e-03   5.262e-03   0.000e+00  1.000e+02
-2.542e-02  -2.542e-02  -0.000e+00  1.000e+02
-1.780e-02  -1.780e-02  -0.000e+00  1.000e+02
-6.610e-03  -6.610e-03  -0.000e+00  1.000e+02
-6.516e-02  -6.516e-02  -1.977e-02  6.966e+01
-1.905e-02  -1.905e-02  -0.000e+00  1.000e+02
-7.074e-02  -7.074e-02  -0.000e+00  1.000e+02
-1.595e-01  -1.595e-01  -0.000e+00  1.000e+02
-1.842e-01  -1.842e-01  -3.424e-02  8.142e+01
-1.712e-01  -1.712e-01  -2.796e-02  8.367e+01
-1.239e-01  -1.239e-01  -0.000e+00  1.000e+02
-1.546e-01  -1.546e-01  -3.424e-02  7.786e+01
-3.016e-01  -3.016e-01  -4.420e-02  8.535e+01
-1.900e-01  -1.900e-01  -0.000e+00  1.000e+02
-1.534e-01  -1.534e-01  -1.977e-02  8.711e+01
-3.911e-01  -3.911e-01  -4.420e-02  8.870e+01
-1.337e-01  -1.337e-01  -2.796e-02  7.910e+01
-9.220e-02  -9.220e-02  -0.000e+00  1.000e+02
-3.652e-01  -3.652e-01  -6.556e-02  8.205e+01
-1.775e-01  -1.775e-01  -3.424e-02  8.071e+01
-1.845e-01  -1.845e-01  -2.796e-02  8.485e+01
-3.920e-01  -3.920e-01  -6.556e-02  8.328e+01
-2.971e-01  -2.971e-01  -3.954e-02  8.669e+01
-1.773e-01  -1.773e-01  -4.842e-02  7.269e+01
-4.149e-01  -4.149e-01  -7.396e-02  8.217e+01
========================================================================================

step: 6/15 res:8.052676556251418, res/res0:0.5079898899836853  dq_norm: [0.06251125 0.07656033 0.13695529]

A info: before HHL prepare:
Spectral radius (A): 4.838e+01, lambda_min:4.369101354771756
condition number(A): 1.107e+01, norm2_cond:161.9670963751021
det(A): 5.053e+38
--------------------------------------------------------------------------------

A_hhl info: after scaling by spectral radius:
Spectral radius (A): 1.000e+00, lambda_min:0.09030711272477486
condition number(A): 1.107e+01, norm2_cond:161.96709637510108
det(A): 1.457e-12, nnz: 13 non zeros per row
--------------------------------------------------------------------------------

Size of A & B are not power of 2:
Next 2 power of 30 = 32
Value to be padded = 2
--------------------------------------------------

==================== Print (N)^2 padded matrix system =======================
Padded shape of A: (30, 30)x(30, 30) -> (32, 32)x(32, 32)
Padded shape of B: (30,) -> (32,)
Determinant of padded matrix: 1.4569519744672988e-12
Condition # of padded matrix: 161.96709637510108


Matrix is not Hermitian. Making it Hermitian.......

==================== Print Hermitian matrix system info =======================
Shape of hermitian A: 32x32 -> 64x64
Shape of           B: 32 -> 64
Determinant of Hermitian matrix: 2.1227090559041754e-24
Condition # of Hermitian matrix: 161.96709637510278

=================================== Generating HHL circuit ===================================
Time elapsed for generating HHL circuit: 0 min 51.70 sec

Generated circuit: num_qubits=16, gates=21, depth=5
============================== Generated Circuit saved ==============================

============================== Transpiling circuit ==============================
This is using the AerSimulator('aer_simulator_statevector') transpiler.
Time elapsed for transpiling the circuit:  0 min 9.16 sec
Transpiled circuit, num_qubits: 16, (original: 16)
Transpiled circuit depth: 103100 (original: 5)
Transpiled circuit gates: 103227 (original: 21)
============================== Transpiled Circuit saved ==============================
Time elapsed for running the circuit:  0 min 20.14 sec
total_qubits: 16, nq:6

Time elapsed for extracting shots-based hhl counts solution:  0 min 0.00 sec

[HHL info]: linear system residual (e=||Ax-b||_2): 4.189842116156877
[HHL info]: Fidelity(true_sol, hhl_sol): 0.9263082210606756
[HHL info]: L2 error (absolute): 0.566312916670637
[HHL info]: L2 error (relative): 0.6371593901752765
[HHL info]: L2 error (normalized): 0.2740471691937241

========================================================================================
 Compare system solutions using LU of A, LU sol of A_herm, HHL of Ax=b hermition system
LU sol 	    Herm LU sol    HHL sol    L1_diff(%)
 3.846e-03   3.846e-03   0.000e+00  1.000e+02
 1.718e-03   1.718e-03   0.000e+00  1.000e+02
 8.013e-03   8.013e-03   0.000e+00  1.000e+02
 4.366e-03   4.366e-03   0.000e+00  1.000e+02
 1.202e-03   1.202e-03   0.000e+00  1.000e+02
 7.085e-03   7.085e-03   0.000e+00  1.000e+02
-2.346e-02  -2.346e-02  -0.000e+00  1.000e+02
-1.666e-02  -1.666e-02  -0.000e+00  1.000e+02
-2.741e-03  -2.741e-03  -0.000e+00  1.000e+02
-4.522e-02  -4.522e-02  -0.000e+00  1.000e+02
-2.047e-02  -2.047e-02  -0.000e+00  1.000e+02
-7.262e-02  -7.262e-02  -0.000e+00  1.000e+02
-1.640e-01  -1.640e-01  -6.862e-02  5.816e+01
-1.517e-01  -1.517e-01  -4.852e-02  6.802e+01
-1.464e-01  -1.464e-01  -6.862e-02  5.312e+01
-1.252e-01  -1.252e-01  -0.000e+00  1.000e+02
-1.174e-01  -1.174e-01  -0.000e+00  1.000e+02
-2.571e-01  -2.571e-01  -1.085e-01  5.781e+01
-1.865e-01  -1.865e-01  -6.862e-02  6.322e+01
-1.323e-01  -1.323e-01  -4.852e-02  6.334e+01
-3.351e-01  -3.351e-01  -1.534e-01  5.421e+01
-1.003e-01  -1.003e-01  -0.000e+00  1.000e+02
-9.326e-02  -9.326e-02  -4.852e-02  4.797e+01
-2.838e-01  -2.838e-01  -9.704e-02  6.581e+01
-1.402e-01  -1.402e-01  -4.852e-02  6.539e+01
-1.582e-01  -1.582e-01  -4.852e-02  6.933e+01
-3.226e-01  -3.226e-01  -1.372e-01  5.745e+01
-2.566e-01  -2.566e-01  -9.704e-02  6.218e+01
-1.292e-01  -1.292e-01  -4.852e-02  6.246e+01
-3.452e-01  -3.452e-01  -1.284e-01  6.281e+01
========================================================================================

step: 7/15 res:7.133843485837261, res/res0:0.4500268130995519  dq_norm: [0.14556094 0.10849472 0.29112187]

A info: before HHL prepare:
Spectral radius (A): 4.855e+01, lambda_min:4.0117146236658705
condition number(A): 1.210e+01, norm2_cond:151.63629172224742
det(A): 1.154e+39
--------------------------------------------------------------------------------

A_hhl info: after scaling by spectral radius:
Spectral radius (A): 1.000e+00, lambda_min:0.08263741523385414
condition number(A): 1.210e+01, norm2_cond:151.63629172224816
det(A): 3.002e-12, nnz: 13 non zeros per row
--------------------------------------------------------------------------------

Size of A & B are not power of 2:
Next 2 power of 30 = 32
Value to be padded = 2
--------------------------------------------------

==================== Print (N)^2 padded matrix system =======================
Padded shape of A: (30, 30)x(30, 30) -> (32, 32)x(32, 32)
Padded shape of B: (30,) -> (32,)
Determinant of padded matrix: 3.002284529156035e-12
Condition # of padded matrix: 151.63629172224816


Matrix is not Hermitian. Making it Hermitian.......

==================== Print Hermitian matrix system info =======================
Shape of hermitian A: 32x32 -> 64x64
Shape of           B: 32 -> 64
Determinant of Hermitian matrix: 9.013712394009549e-24
Condition # of Hermitian matrix: 151.6362917222485

=================================== Generating HHL circuit ===================================
Time elapsed for generating HHL circuit: 0 min 51.01 sec

Generated circuit: num_qubits=16, gates=21, depth=5
============================== Generated Circuit saved ==============================

============================== Transpiling circuit ==============================
This is using the AerSimulator('aer_simulator_statevector') transpiler.
Time elapsed for transpiling the circuit:  0 min 9.51 sec
Transpiled circuit, num_qubits: 16, (original: 16)
Transpiled circuit depth: 103108 (original: 5)
Transpiled circuit gates: 103235 (original: 21)
============================== Transpiled Circuit saved ==============================
Time elapsed for running the circuit:  0 min 20.09 sec
total_qubits: 16, nq:6

Time elapsed for extracting shots-based hhl counts solution:  0 min 0.00 sec

[HHL info]: linear system residual (e=||Ax-b||_2): 4.100618404655174
[HHL info]: Fidelity(true_sol, hhl_sol): 0.939042745119655
[HHL info]: L2 error (absolute): 0.49889858348350713
[HHL info]: L2 error (relative): 0.945090621479631
[HHL info]: L2 error (normalized): 0.24882853845047426

========================================================================================
 Compare system solutions using LU of A, LU sol of A_herm, HHL of Ax=b hermition system
LU sol 	    Herm LU sol    HHL sol    L1_diff(%)
 3.752e-03   3.752e-03   0.000e+00  1.000e+02
 1.702e-03   1.702e-03   0.000e+00  1.000e+02
 7.827e-03   7.827e-03   0.000e+00  1.000e+02
 3.664e-03   3.664e-03   0.000e+00  1.000e+02
 7.385e-04   7.385e-04   0.000e+00  1.000e+02
 5.518e-03   5.518e-03   0.000e+00  1.000e+02
-2.471e-02  -2.471e-02  -0.000e+00  1.000e+02
-1.721e-02  -1.721e-02  -0.000e+00  1.000e+02
-4.587e-03  -4.587e-03  -0.000e+00  1.000e+02
-4.531e-02  -4.531e-02  -3.415e-03  9.246e+01
-2.109e-02  -2.109e-02  -0.000e+00  1.000e+02
-7.474e-02  -7.474e-02  -3.415e-03  9.543e+01
-8.869e-02  -8.869e-02  -4.830e-03  9.455e+01
-1.002e-01  -1.002e-01  -6.830e-03  9.318e+01
-7.417e-02  -7.417e-02  -5.915e-03  9.202e+01
-1.227e-01  -1.227e-01  -9.660e-03  9.213e+01
-1.204e-01  -1.204e-01  -5.915e-03  9.509e+01
-1.379e-01  -1.379e-01  -5.915e-03  9.571e+01
-1.186e-01  -1.186e-01  -9.660e-03  9.186e+01
-8.785e-02  -8.785e-02  -6.830e-03  9.223e+01
-1.830e-01  -1.830e-01  -8.366e-03  9.543e+01
-1.055e-01  -1.055e-01  -4.830e-03  9.542e+01
-4.465e-02  -4.465e-02  -3.415e-03  9.235e+01
-1.944e-01  -1.944e-01  -9.660e-03  9.503e+01
-7.773e-02  -7.773e-02  -6.830e-03  9.121e+01
-1.016e-01  -1.016e-01  -4.830e-03  9.525e+01
-1.577e-01  -1.577e-01  -6.830e-03  9.567e+01
-1.218e-01  -1.218e-01  -7.637e-03  9.373e+01
-7.905e-02  -7.905e-02  -3.415e-03  9.568e+01
-1.704e-01  -1.704e-01  -9.036e-03  9.470e+01
========================================================================================

step: 8/15 res:4.123509813630148, res/res0:0.26012485189740747  dq_norm: [0.01870593 0.01322709 0.0193194 ]

A info: before HHL prepare:
Spectral radius (A): 4.869e+01, lambda_min:4.0182426776374385
condition number(A): 1.212e+01, norm2_cond:151.77465090455695
det(A): 1.341e+39
--------------------------------------------------------------------------------

A_hhl info: after scaling by spectral radius:
Spectral radius (A): 1.000e+00, lambda_min:0.08252769535909579
condition number(A): 1.212e+01, norm2_cond:151.77465090455706
det(A): 3.194e-12, nnz: 17 non zeros per row
--------------------------------------------------------------------------------

Size of A & B are not power of 2:
Next 2 power of 30 = 32
Value to be padded = 2
--------------------------------------------------

==================== Print (N)^2 padded matrix system =======================
Padded shape of A: (30, 30)x(30, 30) -> (32, 32)x(32, 32)
Padded shape of B: (30,) -> (32,)
Determinant of padded matrix: 3.194242532597809e-12
Condition # of padded matrix: 151.77465090455706


Matrix is not Hermitian. Making it Hermitian.......

==================== Print Hermitian matrix system info =======================
Shape of hermitian A: 32x32 -> 64x64
Shape of           B: 32 -> 64
Determinant of Hermitian matrix: 1.0203185357056649e-23
Condition # of Hermitian matrix: 151.77465090455703

=================================== Generating HHL circuit ===================================
Time elapsed for generating HHL circuit: 0 min 51.02 sec

Generated circuit: num_qubits=16, gates=21, depth=5
============================== Generated Circuit saved ==============================

============================== Transpiling circuit ==============================
This is using the AerSimulator('aer_simulator_statevector') transpiler.
Time elapsed for transpiling the circuit:  0 min 10.44 sec
Transpiled circuit, num_qubits: 16, (original: 16)
Transpiled circuit depth: 103110 (original: 5)
Transpiled circuit gates: 103237 (original: 21)
============================== Transpiled Circuit saved ==============================
Time elapsed for running the circuit:  0 min 20.33 sec
total_qubits: 16, nq:6

Time elapsed for extracting shots-based hhl counts solution:  0 min 0.00 sec

[HHL info]: linear system residual (e=||Ax-b||_2): 4.154851592359793
[HHL info]: Fidelity(true_sol, hhl_sol): 0.9213204616708157
[HHL info]: L2 error (absolute): 0.4726228748825238
[HHL info]: L2 error (relative): 0.952470162379157
[HHL info]: L2 error (normalized): 0.2833570324580275

========================================================================================
 Compare system solutions using LU of A, LU sol of A_herm, HHL of Ax=b hermition system
LU sol 	    Herm LU sol    HHL sol    L1_diff(%)
 3.762e-03   3.762e-03   0.000e+00  1.000e+02
 1.707e-03   1.707e-03   0.000e+00  1.000e+02
 7.844e-03   7.844e-03   0.000e+00  1.000e+02
 3.729e-03   3.729e-03   0.000e+00  1.000e+02
 7.817e-04   7.817e-04   0.000e+00  1.000e+02
 5.666e-03   5.666e-03   0.000e+00  1.000e+02
-2.463e-02  -2.463e-02  -0.000e+00  1.000e+02
-1.721e-02  -1.721e-02  -0.000e+00  1.000e+02
-4.402e-03  -4.402e-03  -0.000e+00  1.000e+02
-4.197e-02  -4.197e-02  -3.179e-03  9.243e+01
-2.134e-02  -2.134e-02  -0.000e+00  1.000e+02
-7.156e-02  -7.156e-02  -3.179e-03  9.556e+01
-8.367e-02  -8.367e-02  -5.506e-03  9.342e+01
-9.310e-02  -9.310e-02  -0.000e+00  1.000e+02
-6.845e-02  -6.845e-02  -3.179e-03  9.536e+01
-1.120e-01  -1.120e-01  -7.108e-03  9.365e+01
-1.144e-01  -1.144e-01  -6.358e-03  9.444e+01
-1.321e-01  -1.321e-01  -5.506e-03  9.583e+01
-1.079e-01  -1.079e-01  -4.496e-03  9.583e+01
-8.115e-02  -8.115e-02  -4.496e-03  9.446e+01
-1.740e-01  -1.740e-01  -8.411e-03  9.517e+01
-1.003e-01  -1.003e-01  -5.506e-03  9.451e+01
-4.152e-02  -4.152e-02  -3.179e-03  9.234e+01
-1.841e-01  -1.841e-01  -8.411e-03  9.543e+01
-7.005e-02  -7.005e-02  -4.496e-03  9.358e+01
-9.641e-02  -9.641e-02  -3.179e-03  9.670e+01
-1.498e-01  -1.498e-01  -8.411e-03  9.439e+01
-1.123e-01  -1.123e-01  -3.179e-03  9.717e+01
-7.557e-02  -7.557e-02  -5.506e-03  9.271e+01
-1.590e-01  -1.590e-01  -7.787e-03  9.510e+01
========================================================================================

step: 9/15 res:4.101811476827244, res/res0:0.2587560479167262  dq_norm: [0.01310695 0.01054322 0.01798258]

A info: before HHL prepare:
Spectral radius (A): 4.880e+01, lambda_min:4.033560853864624
condition number(A): 1.210e+01, norm2_cond:151.77552374824248
det(A): 1.453e+39
--------------------------------------------------------------------------------

A_hhl info: after scaling by spectral radius:
Spectral radius (A): 1.000e+00, lambda_min:0.08265519174382516
condition number(A): 1.210e+01, norm2_cond:151.77552374824197
det(A): 3.233e-12, nnz: 13 non zeros per row
--------------------------------------------------------------------------------

Size of A & B are not power of 2:
Next 2 power of 30 = 32
Value to be padded = 2
--------------------------------------------------

==================== Print (N)^2 padded matrix system =======================
Padded shape of A: (30, 30)x(30, 30) -> (32, 32)x(32, 32)
Padded shape of B: (30,) -> (32,)
Determinant of padded matrix: 3.232999947618927e-12
Condition # of padded matrix: 151.77552374824197


Matrix is not Hermitian. Making it Hermitian.......

==================== Print Hermitian matrix system info =======================
Shape of hermitian A: 32x32 -> 64x64
Shape of           B: 32 -> 64
Determinant of Hermitian matrix: 1.0452288661303687e-23
Condition # of Hermitian matrix: 151.77552374824157

=================================== Generating HHL circuit ===================================
Time elapsed for generating HHL circuit: 0 min 51.17 sec

Generated circuit: num_qubits=16, gates=21, depth=5
============================== Generated Circuit saved ==============================

============================== Transpiling circuit ==============================
This is using the AerSimulator('aer_simulator_statevector') transpiler.
Time elapsed for transpiling the circuit:  0 min 9.58 sec
Transpiled circuit, num_qubits: 16, (original: 16)
Transpiled circuit depth: 103110 (original: 5)
Transpiled circuit gates: 103237 (original: 21)
============================== Transpiled Circuit saved ==============================
Time elapsed for running the circuit:  0 min 20.22 sec
total_qubits: 16, nq:6

Time elapsed for extracting shots-based hhl counts solution:  0 min 0.00 sec

[HHL info]: linear system residual (e=||Ax-b||_2): 3.4232573407139304
[HHL info]: Fidelity(true_sol, hhl_sol): 0.8468386386217516
[HHL info]: L2 error (absolute): 0.3866721474650208
[HHL info]: L2 error (relative): 0.8200809022247987
[HHL info]: L2 error (normalized): 0.39940365627419844

========================================================================================
 Compare system solutions using LU of A, LU sol of A_herm, HHL of Ax=b hermition system
LU sol 	    Herm LU sol    HHL sol    L1_diff(%)
 3.761e-03   3.761e-03   0.000e+00  1.000e+02
 1.706e-03   1.706e-03   0.000e+00  1.000e+02
 7.838e-03   7.838e-03   0.000e+00  1.000e+02
 3.761e-03   3.761e-03   0.000e+00  1.000e+02
 7.997e-04   7.997e-04   0.000e+00  1.000e+02
 5.746e-03   5.746e-03   0.000e+00  1.000e+02
-2.452e-02  -2.452e-02  -0.000e+00  1.000e+02
-1.719e-02  -1.719e-02  -0.000e+00  1.000e+02
-4.172e-03  -4.172e-03  -0.000e+00  1.000e+02
-3.864e-02  -3.864e-02  -2.159e-02  4.413e+01
-2.138e-02  -2.138e-02  -0.000e+00  1.000e+02
-6.823e-02  -6.823e-02  -1.763e-02  7.417e+01
-7.798e-02  -7.798e-02  -1.246e-02  8.402e+01
-9.322e-02  -9.322e-02  -1.763e-02  8.109e+01
-6.601e-02  -6.601e-02  -1.763e-02  7.330e+01
-1.044e-01  -1.044e-01  -2.493e-02  7.612e+01
-1.078e-01  -1.078e-01  -3.053e-02  7.168e+01
-1.267e-01  -1.267e-01  -2.787e-02  7.801e+01
-1.026e-01  -1.026e-01  -1.246e-02  8.785e+01
-7.657e-02  -7.657e-02  -0.000e+00  1.000e+02
-1.644e-01  -1.644e-01  -3.525e-02  7.856e+01
-9.393e-02  -9.393e-02  -1.246e-02  8.673e+01
-3.841e-02  -3.841e-02  -1.246e-02  6.755e+01
-1.743e-01  -1.743e-01  -2.159e-02  8.762e+01
-6.536e-02  -6.536e-02  -0.000e+00  1.000e+02
-9.340e-02  -9.340e-02  -1.246e-02  8.666e+01
-1.412e-01  -1.412e-01  -3.525e-02  7.504e+01
-1.094e-01  -1.094e-01  -2.787e-02  7.452e+01
-7.010e-02  -7.010e-02  -1.763e-02  7.486e+01
-1.518e-01  -1.518e-01  -1.763e-02  8.839e+01
========================================================================================

step: 10/15 res:4.1549472431309304, res/res0:0.26210803056376963  dq_norm: [0.04826996 0.04317396 0.06826403]

A info: before HHL prepare:
Spectral radius (A): 4.906e+01, lambda_min:4.161314289765307
condition number(A): 1.179e+01, norm2_cond:150.89421871609957
det(A): 1.993e+39
--------------------------------------------------------------------------------

A_hhl info: after scaling by spectral radius:
Spectral radius (A): 1.000e+00, lambda_min:0.08481269228531094
condition number(A): 1.179e+01, norm2_cond:150.89421871609875
det(A): 3.771e-12, nnz: 13 non zeros per row
--------------------------------------------------------------------------------

Size of A & B are not power of 2:
Next 2 power of 30 = 32
Value to be padded = 2
--------------------------------------------------

==================== Print (N)^2 padded matrix system =======================
Padded shape of A: (30, 30)x(30, 30) -> (32, 32)x(32, 32)
Padded shape of B: (30,) -> (32,)
Determinant of padded matrix: 3.771029216903129e-12
Condition # of padded matrix: 150.89421871609875


Matrix is not Hermitian. Making it Hermitian.......

==================== Print Hermitian matrix system info =======================
Shape of hermitian A: 32x32 -> 64x64
Shape of           B: 32 -> 64
Determinant of Hermitian matrix: 1.4220661354736722e-23
Condition # of Hermitian matrix: 150.8942187160995

=================================== Generating HHL circuit ===================================
Time elapsed for generating HHL circuit: 0 min 51.48 sec

Generated circuit: num_qubits=16, gates=21, depth=5
============================== Generated Circuit saved ==============================

============================== Transpiling circuit ==============================
This is using the AerSimulator('aer_simulator_statevector') transpiler.
Time elapsed for transpiling the circuit:  0 min 9.67 sec
Transpiled circuit, num_qubits: 16, (original: 16)
Transpiled circuit depth: 103110 (original: 5)
Transpiled circuit gates: 103237 (original: 21)
============================== Transpiled Circuit saved ==============================
Time elapsed for running the circuit:  0 min 20.08 sec
total_qubits: 16, nq:6

Time elapsed for extracting shots-based hhl counts solution:  0 min 0.00 sec

[HHL info]: linear system residual (e=||Ax-b||_2): 2.757971322251988
[HHL info]: Fidelity(true_sol, hhl_sol): 0.9218508753171711
[HHL info]: L2 error (absolute): 0.2660969049210556
[HHL info]: L2 error (relative): 0.6965599004078836
[HHL info]: L2 error (normalized): 0.28238039826927375

========================================================================================
 Compare system solutions using LU of A, LU sol of A_herm, HHL of Ax=b hermition system
LU sol 	    Herm LU sol    HHL sol    L1_diff(%)
 3.788e-03   3.788e-03   0.000e+00  1.000e+02
 1.705e-03   1.705e-03   0.000e+00  1.000e+02
 7.877e-03   7.877e-03   0.000e+00  1.000e+02
 4.013e-03   4.013e-03   0.000e+00  1.000e+02
 9.651e-04   9.651e-04   0.000e+00  1.000e+02
 6.375e-03   6.375e-03   0.000e+00  1.000e+02
-2.402e-02  -2.402e-02  -0.000e+00  1.000e+02
-1.699e-02  -1.699e-02  -1.393e-02  1.799e+01
-3.196e-03  -3.196e-03  -0.000e+00  1.000e+02
-1.700e-02  -1.700e-02  -0.000e+00  1.000e+02
-2.203e-02  -2.203e-02  -0.000e+00  1.000e+02
-5.107e-02  -5.107e-02  -1.971e-02  6.142e+01
-6.550e-02  -6.550e-02  -1.393e-02  7.873e+01
-7.539e-02  -7.539e-02  -2.787e-02  6.304e+01
-4.897e-02  -4.897e-02  -1.393e-02  7.155e+01
-7.727e-02  -7.727e-02  -3.116e-02  5.968e+01
-7.610e-02  -7.610e-02  -1.971e-02  7.411e+01
-9.729e-02  -9.729e-02  -3.413e-02  6.492e+01
-8.886e-02  -8.886e-02  -1.971e-02  7.783e+01
-7.831e-02  -7.831e-02  -3.116e-02  6.021e+01
-1.265e-01  -1.265e-01  -4.621e-02  6.348e+01
-8.190e-02  -8.190e-02  -2.787e-02  6.597e+01
-2.659e-02  -2.659e-02  -1.393e-02  4.759e+01
-1.541e-01  -1.541e-01  -5.213e-02  6.617e+01
-6.430e-02  -6.430e-02  -2.787e-02  5.666e+01
-7.953e-02  -7.953e-02  -3.116e-02  6.082e+01
-1.026e-01  -1.026e-01  -2.413e-02  7.647e+01
-7.655e-02  -7.655e-02  -2.413e-02  6.847e+01
-5.225e-02  -5.225e-02  -0.000e+00  1.000e+02
-1.310e-01  -1.310e-01  -2.787e-02  7.873e+01
========================================================================================

step: 11/15 res:3.4233105426119916, res/res0:0.2159539295753084  dq_norm: [0.06073516 0.05911527 0.08921858]

A info: before HHL prepare:
Spectral radius (A): 4.942e+01, lambda_min:3.9981050939444427
condition number(A): 1.236e+01, norm2_cond:151.8315285958038
det(A): 3.181e+39
--------------------------------------------------------------------------------

A_hhl info: after scaling by spectral radius:
Spectral radius (A): 1.000e+00, lambda_min:0.08090629278976666
condition number(A): 1.236e+01, norm2_cond:151.83152859580196
det(A): 4.857e-12, nnz: 13 non zeros per row
--------------------------------------------------------------------------------

Size of A & B are not power of 2:
Next 2 power of 30 = 32
Value to be padded = 2
--------------------------------------------------

==================== Print (N)^2 padded matrix system =======================
Padded shape of A: (30, 30)x(30, 30) -> (32, 32)x(32, 32)
Padded shape of B: (30,) -> (32,)
Determinant of padded matrix: 4.8570245677232805e-12
Condition # of padded matrix: 151.83152859580196


Matrix is not Hermitian. Making it Hermitian.......

==================== Print Hermitian matrix system info =======================
Shape of hermitian A: 32x32 -> 64x64
Shape of           B: 32 -> 64
Determinant of Hermitian matrix: 2.3590687651467183e-23
Condition # of Hermitian matrix: 151.83152859580352

=================================== Generating HHL circuit ===================================
Time elapsed for generating HHL circuit: 0 min 51.98 sec

Generated circuit: num_qubits=16, gates=21, depth=5
============================== Generated Circuit saved ==============================

============================== Transpiling circuit ==============================
This is using the AerSimulator('aer_simulator_statevector') transpiler.
Time elapsed for transpiling the circuit:  0 min 9.40 sec
Transpiled circuit, num_qubits: 16, (original: 16)
Transpiled circuit depth: 103106 (original: 5)
Transpiled circuit gates: 103233 (original: 21)
============================== Transpiled Circuit saved ==============================
Time elapsed for running the circuit:  0 min 20.34 sec
total_qubits: 16, nq:6

Time elapsed for extracting shots-based hhl counts solution:  0 min 0.00 sec

[HHL info]: linear system residual (e=||Ax-b||_2): 2.7299843947187132
[HHL info]: Fidelity(true_sol, hhl_sol): 0.7617137534536919
[HHL info]: L2 error (absolute): 0.2464104344096482
[HHL info]: L2 error (relative): 0.9569957651582484
[HHL info]: L2 error (normalized): 0.5044558647692163

========================================================================================
 Compare system solutions using LU of A, LU sol of A_herm, HHL of Ax=b hermition system
LU sol 	    Herm LU sol    HHL sol    L1_diff(%)
 3.761e-03   3.761e-03   0.000e+00  1.000e+02
 1.694e-03   1.694e-03   0.000e+00  1.000e+02
 7.808e-03   7.808e-03   0.000e+00  1.000e+02
 3.860e-03   3.860e-03   0.000e+00  1.000e+02
 9.469e-04   9.469e-04   0.000e+00  1.000e+02
 6.074e-03   6.074e-03   0.000e+00  1.000e+02
-2.443e-02  -2.443e-02  -0.000e+00  1.000e+02
-3.171e-03  -3.171e-03  -0.000e+00  1.000e+02
-3.870e-03  -3.870e-03  -0.000e+00  1.000e+02
-1.760e-02  -1.760e-02  -0.000e+00  1.000e+02
-2.236e-02  -2.236e-02  -0.000e+00  1.000e+02
-3.199e-02  -3.199e-02  -1.949e-03  9.391e+01
-5.155e-02  -5.155e-02  -3.897e-03  9.244e+01
-4.714e-02  -4.714e-02  -2.756e-03  9.415e+01
-3.660e-02  -3.660e-02  -0.000e+00  1.000e+02
-4.475e-02  -4.475e-02  -0.000e+00  1.000e+02
-5.633e-02  -5.633e-02  -1.949e-03  9.654e+01
-6.306e-02  -6.306e-02  -2.756e-03  9.563e+01
-6.712e-02  -6.712e-02  -2.756e-03  9.589e+01
-4.680e-02  -4.680e-02  -3.897e-03  9.167e+01
-7.649e-02  -7.649e-02  -4.357e-03  9.430e+01
-5.211e-02  -5.211e-02  -2.756e-03  9.471e+01
-1.422e-02  -1.422e-02  -0.000e+00  1.000e+02
-9.867e-02  -9.867e-02  -4.773e-03  9.516e+01
-3.412e-02  -3.412e-02  -3.375e-03  9.011e+01
-4.711e-02  -4.711e-02  -0.000e+00  1.000e+02
-7.558e-02  -7.558e-02  -2.756e-03  9.635e+01
-4.781e-02  -4.781e-02  -0.000e+00  1.000e+02
-5.205e-02  -5.205e-02  -0.000e+00  1.000e+02
-9.514e-02  -9.514e-02  -5.846e-03  9.386e+01
========================================================================================

step: 12/15 res:2.762267067644395, res/res0:0.17425308641123854  dq_norm: [0.00646267 0.00515543 0.00974285]

A info: before HHL prepare:
Spectral radius (A): 4.946e+01, lambda_min:4.0076726059652295
condition number(A): 1.234e+01, norm2_cond:151.63610531535633
det(A): 3.309e+39
--------------------------------------------------------------------------------

A_hhl info: after scaling by spectral radius:
Spectral radius (A): 1.000e+00, lambda_min:0.08103489253672237
condition number(A): 1.234e+01, norm2_cond:151.6361053153557
det(A): 4.932e-12, nnz: 13 non zeros per row
--------------------------------------------------------------------------------

Size of A & B are not power of 2:
Next 2 power of 30 = 32
Value to be padded = 2
--------------------------------------------------

==================== Print (N)^2 padded matrix system =======================
Padded shape of A: (30, 30)x(30, 30) -> (32, 32)x(32, 32)
Padded shape of B: (30,) -> (32,)
Determinant of padded matrix: 4.932421832930696e-12
Condition # of padded matrix: 151.6361053153557


Matrix is not Hermitian. Making it Hermitian.......

==================== Print Hermitian matrix system info =======================
Shape of hermitian A: 32x32 -> 64x64
Shape of           B: 32 -> 64
Determinant of Hermitian matrix: 2.432878513797123e-23
Condition # of Hermitian matrix: 151.63610531535693

=================================== Generating HHL circuit ===================================
Time elapsed for generating HHL circuit: 0 min 51.19 sec

Generated circuit: num_qubits=16, gates=21, depth=5
============================== Generated Circuit saved ==============================

============================== Transpiling circuit ==============================
This is using the AerSimulator('aer_simulator_statevector') transpiler.
Time elapsed for transpiling the circuit:  0 min 9.26 sec
Transpiled circuit, num_qubits: 16, (original: 16)
Transpiled circuit depth: 103106 (original: 5)
Transpiled circuit gates: 103233 (original: 21)
============================== Transpiled Circuit saved ==============================
Time elapsed for running the circuit:  0 min 20.24 sec
total_qubits: 16, nq:6

Time elapsed for extracting shots-based hhl counts solution:  0 min 0.00 sec

[HHL info]: linear system residual (e=||Ax-b||_2): 2.67032538098256
[HHL info]: Fidelity(true_sol, hhl_sol): 0.915162047248971
[HHL info]: L2 error (absolute): 0.2225682836877689
[HHL info]: L2 error (relative): 0.9061980575325914
[HHL info]: L2 error (normalized): 0.29447912255554315

========================================================================================
 Compare system solutions using LU of A, LU sol of A_herm, HHL of Ax=b hermition system
LU sol 	    Herm LU sol    HHL sol    L1_diff(%)
 3.762e-03   3.762e-03   0.000e+00  1.000e+02
 1.695e-03   1.695e-03   0.000e+00  1.000e+02
 7.810e-03   7.810e-03   0.000e+00  1.000e+02
 3.855e-03   3.855e-03   0.000e+00  1.000e+02
 9.426e-04   9.426e-04   0.000e+00  1.000e+02
 6.059e-03   6.059e-03   0.000e+00  1.000e+02
-2.445e-02  -2.445e-02  -0.000e+00  1.000e+02
-3.185e-03  -3.185e-03  -0.000e+00  1.000e+02
-3.903e-03  -3.903e-03  -0.000e+00  1.000e+02
-1.763e-02  -1.763e-02  -3.098e-03  8.242e+01
-2.237e-02  -2.237e-02  -0.000e+00  1.000e+02
-3.012e-02  -3.012e-02  -0.000e+00  1.000e+02
-4.764e-02  -4.764e-02  -6.197e-03  8.699e+01
-4.444e-02  -4.444e-02  -4.382e-03  9.014e+01
-3.697e-02  -3.697e-02  -3.098e-03  9.162e+01
-4.474e-02  -4.474e-02  -3.098e-03  9.307e+01
-5.429e-02  -5.429e-02  -6.928e-03  8.724e+01
-6.022e-02  -6.022e-02  -6.928e-03  8.850e+01
-6.397e-02  -6.397e-02  -3.098e-03  9.516e+01
-4.276e-02  -4.276e-02  -4.382e-03  8.975e+01
-7.160e-02  -7.160e-02  -8.198e-03  8.855e+01
-4.896e-02  -4.896e-02  -5.367e-03  8.904e+01
-1.433e-02  -1.433e-02  -0.000e+00  1.000e+02
-9.310e-02  -9.310e-02  -8.764e-03  9.059e+01
-3.059e-02  -3.059e-02  -3.098e-03  8.987e+01
-4.714e-02  -4.714e-02  -3.098e-03  9.343e+01
-7.262e-02  -7.262e-02  -8.198e-03  8.871e+01
-4.779e-02  -4.779e-02  -3.098e-03  9.352e+01
-5.207e-02  -5.207e-02  -5.367e-03  8.969e+01
-8.900e-02  -8.900e-02  -8.764e-03  9.015e+01
========================================================================================

step: 13/15 res:2.7299029416662544, res/res0:0.17221144861786528  dq_norm: [0.01073317 0.01117144 0.0185904 ]

A info: before HHL prepare:
Spectral radius (A): 4.953e+01, lambda_min:4.035417579892424
condition number(A): 1.227e+01, norm2_cond:151.48199120443653
det(A): 3.512e+39
--------------------------------------------------------------------------------

A_hhl info: after scaling by spectral radius:
Spectral radius (A): 1.000e+00, lambda_min:0.0814664804387281
condition number(A): 1.227e+01, norm2_cond:151.48199120443576
det(A): 4.992e-12, nnz: 18 non zeros per row
--------------------------------------------------------------------------------

Size of A & B are not power of 2:
Next 2 power of 30 = 32
Value to be padded = 2
--------------------------------------------------

==================== Print (N)^2 padded matrix system =======================
Padded shape of A: (30, 30)x(30, 30) -> (32, 32)x(32, 32)
Padded shape of B: (30,) -> (32,)
Determinant of padded matrix: 4.991775970373845e-12
Condition # of padded matrix: 151.48199120443576


Matrix is not Hermitian. Making it Hermitian.......

==================== Print Hermitian matrix system info =======================
Shape of hermitian A: 32x32 -> 64x64
Shape of           B: 32 -> 64
Determinant of Hermitian matrix: 2.4917827338401924e-23
Condition # of Hermitian matrix: 151.48199120443547

=================================== Generating HHL circuit ===================================
Time elapsed for generating HHL circuit: 0 min 51.65 sec

Generated circuit: num_qubits=16, gates=21, depth=5
============================== Generated Circuit saved ==============================

============================== Transpiling circuit ==============================
This is using the AerSimulator('aer_simulator_statevector') transpiler.
Time elapsed for transpiling the circuit:  0 min 9.32 sec
Transpiled circuit, num_qubits: 16, (original: 16)
Transpiled circuit depth: 103104 (original: 5)
Transpiled circuit gates: 103231 (original: 21)
============================== Transpiled Circuit saved ==============================
Time elapsed for running the circuit:  0 min 19.40 sec
total_qubits: 16, nq:6

Time elapsed for extracting shots-based hhl counts solution:  0 min 0.00 sec

[HHL info]: linear system residual (e=||Ax-b||_2): 2.069416450022347
[HHL info]: Fidelity(true_sol, hhl_sol): 0.810818078213665
[HHL info]: L2 error (absolute): 0.14881162344626234
[HHL info]: L2 error (relative): 0.671646819769725
[HHL info]: L2 error (normalized): 0.4461964293912322

========================================================================================
 Compare system solutions using LU of A, LU sol of A_herm, HHL of Ax=b hermition system
LU sol 	    Herm LU sol    HHL sol    L1_diff(%)
 3.765e-03   3.765e-03   0.000e+00  1.000e+02
 1.693e-03   1.693e-03   0.000e+00  1.000e+02
 7.813e-03   7.813e-03   0.000e+00  1.000e+02
 3.870e-03   3.870e-03   0.000e+00  1.000e+02
 9.577e-04   9.577e-04   0.000e+00  1.000e+02
 6.113e-03   6.113e-03   0.000e+00  1.000e+02
-2.445e-02  -2.445e-02  -0.000e+00  1.000e+02
-3.193e-03  -3.193e-03  -0.000e+00  1.000e+02
-3.927e-03  -3.927e-03  -0.000e+00  1.000e+02
-1.457e-02  -1.457e-02  -0.000e+00  1.000e+02
-2.240e-02  -2.240e-02  -0.000e+00  1.000e+02
-3.032e-02  -3.032e-02  -2.120e-02  3.009e+01
-4.146e-02  -4.146e-02  -0.000e+00  1.000e+02
-4.019e-02  -4.019e-02  -0.000e+00  1.000e+02
-3.438e-02  -3.438e-02  -2.998e-02  1.281e+01
-4.150e-02  -4.150e-02  -1.499e-02  6.388e+01
-4.710e-02  -4.710e-02  -1.499e-02  6.818e+01
-5.304e-02  -5.304e-02  -2.596e-02  5.104e+01
-6.033e-02  -6.033e-02  -1.499e-02  7.515e+01
-3.837e-02  -3.837e-02  -1.499e-02  6.093e+01
-6.241e-02  -6.241e-02  -2.596e-02  5.839e+01
-4.308e-02  -4.308e-02  -1.499e-02  6.521e+01
-1.448e-02  -1.448e-02  -0.000e+00  1.000e+02
-8.326e-02  -8.326e-02  -3.352e-02  5.974e+01
-2.734e-02  -2.734e-02  -0.000e+00  1.000e+02
-4.408e-02  -4.408e-02  -1.499e-02  6.599e+01
-6.412e-02  -6.412e-02  -3.352e-02  4.772e+01
-4.470e-02  -4.470e-02  -1.499e-02  6.647e+01
-4.672e-02  -4.672e-02  -1.499e-02  6.791e+01
-8.027e-02  -8.027e-02  -2.596e-02  6.765e+01
========================================================================================

step: 14/15 res:2.6703412185378546, res/res0:0.16845409502643788  dq_norm: [0.02998094 0.02998094 0.07495235]
Completed: 14 steps in 1266.61s
Saved metadata to /lustre/orion/stf006/scratch/4klornl/fvm_euler_1d_solver/output_parallel_shots/nelem10/statevector/shots_10000/trial_6/metadata_nelem10_HHL_statevector_nshots10000.pkl

Solution summary:
  x/L: [0.0500, 0.9500]
  Mach: [1.5000, 2.1062]
  p/p_in: [1.0000, 0.3870]
  rho/rho_in: [1.0000, 0.5129]
Saved combined plot to /lustre/orion/stf006/scratch/4klornl/fvm_euler_1d_solver/output_parallel_shots/nelem10/statevector/shots_10000/trial_6/solution_plot_nelem10_HHL_statevector_nshots10000.png
