
------------------------------------------------------------
Using ideal local simulator with 'statevector' method
Backend: aer_simulator_statevector
Shots: 150000
------------------------------------------------------------

A info: before HHL prepare:
Spectral radius (A): 9.808e+01, lambda_min:5.866129498146235
condition number(A): 1.672e+01, norm2_cond:401.8614855890083
det(A): 2.657e+93
--------------------------------------------------------------------------------

A_hhl info: after scaling by spectral radius:
Spectral radius (A): 1.000e+00, lambda_min:0.05980937346031271
condition number(A): 1.672e+01, norm2_cond:401.8614855890105
det(A): 8.499e-27, nnz: 12 non zeros per row
--------------------------------------------------------------------------------

Size of A & B are not power of 2:
Next 2 power of 60 = 64
Value to be padded = 4
--------------------------------------------------

==================== Print (N)^2 padded matrix system =======================
Padded shape of A: (60, 60)x(60, 60) -> (64, 64)x(64, 64)
Padded shape of B: (60,) -> (64,)
Determinant of padded matrix: 8.499054744892335e-27
Condition # of padded matrix: 401.8614855890105


Matrix is not Hermitian. Making it Hermitian.......

==================== Print Hermitian matrix system info =======================
Shape of hermitian A: 64x64 -> 128x128
Shape of           B: 64 -> 128
Determinant of Hermitian matrix: 7.223393155667588e-53
Condition # of Hermitian matrix: 401.86148558902164

=================================== Generating HHL circuit ===================================
Time elapsed for generating HHL circuit: 4 min 49.96 sec

Generated circuit: num_qubits=18, gates=23, depth=5
============================== Generated Circuit saved ==============================

============================== Transpiling circuit ==============================
This is using the AerSimulator('aer_simulator_statevector') transpiler.
Time elapsed for transpiling the circuit:  0 min 52.06 sec
Transpiled circuit, num_qubits: 18, (original: 18)
Transpiled circuit depth: 464201 (original: 5)
Transpiled circuit gates: 464353 (original: 23)
============================== Transpiled Circuit saved ==============================
Time elapsed for running the circuit:  2 min 31.57 sec
total_qubits: 18, nq:7

Time elapsed for extracting shots-based hhl counts solution:  0 min 0.00 sec

[HHL info]: linear system residual (e=||Ax-b||_2): 18.43000329732616
[HHL info]: Fidelity(true_sol, hhl_sol): 0.9940567827854335
[HHL info]: L2 error (absolute): 3.666205761128451
[HHL info]: L2 error (relative): 0.6777529945674158
[HHL info]: L2 error (normalized): 0.07714968574676294

========================================================================================
 Compare system solutions using LU of A, LU sol of A_herm, HHL of Ax=b hermition system
LU sol 	    Herm LU sol    HHL sol    L1_diff(%)
-2.338e-04  -2.338e-04  -0.000e+00  1.000e+02
-1.963e-04  -1.963e-04  -0.000e+00  1.000e+02
-6.159e-04  -6.159e-04  -0.000e+00  1.000e+02
-8.210e-04  -8.210e-04  -0.000e+00  1.000e+02
-7.266e-04  -7.266e-04  -0.000e+00  1.000e+02
-2.219e-03  -2.219e-03  -0.000e+00  1.000e+02
-1.793e-03  -1.793e-03  -0.000e+00  1.000e+02
-1.753e-03  -1.753e-03  -0.000e+00  1.000e+02
-5.094e-03  -5.094e-03  -0.000e+00  1.000e+02
-3.854e-03  -3.854e-03  -0.000e+00  1.000e+02
-3.983e-03  -3.983e-03  -0.000e+00  1.000e+02
-1.127e-02  -1.127e-02  -0.000e+00  1.000e+02
-9.906e-03  -9.906e-03  -0.000e+00  1.000e+02
-9.642e-03  -9.642e-03  -0.000e+00  1.000e+02
-2.806e-02  -2.806e-02  -0.000e+00  1.000e+02
-2.691e-02  -2.691e-02  -0.000e+00  1.000e+02
-2.384e-02  -2.384e-02  -0.000e+00  1.000e+02
-7.270e-02  -7.270e-02  -0.000e+00  1.000e+02
-6.552e-02  -6.552e-02  -3.497e-02  4.663e+01
-5.523e-02  -5.523e-02  -0.000e+00  1.000e+02
-1.723e-01  -1.723e-01  -6.057e-02  6.485e+01
-1.346e-01  -1.346e-01  -8.565e-02  3.636e+01
-1.143e-01  -1.143e-01  -3.497e-02  6.940e+01
-3.520e-01  -3.520e-01  -1.677e-01  5.236e+01
-2.317e-01  -2.317e-01  -6.994e-02  6.981e+01
-2.062e-01  -2.062e-01  -6.994e-02  6.609e+01
-6.108e-01  -6.108e-01  -2.239e-01  6.334e+01
-3.379e-01  -3.379e-01  -1.160e-01  6.568e+01
-3.187e-01  -3.187e-01  -1.160e-01  6.361e+01
-9.014e-01  -9.014e-01  -3.205e-01  6.445e+01
-4.286e-01  -4.286e-01  -1.602e-01  6.261e+01
-4.234e-01  -4.234e-01  -1.261e-01  7.022e+01
-1.154e+00  -1.154e+00  -3.617e-01  6.865e+01
-4.911e-01  -4.911e-01  -1.564e-01  6.816e+01
-4.997e-01  -4.997e-01  -1.602e-01  6.793e+01
-1.329e+00  -1.329e+00  -4.423e-01  6.673e+01
-5.282e-01  -5.282e-01  -1.817e-01  6.560e+01
-5.462e-01  -5.462e-01  -1.883e-01  6.553e+01
-1.433e+00  -1.433e+00  -4.717e-01  6.709e+01
-5.481e-01  -5.481e-01  -1.915e-01  6.505e+01
-5.715e-01  -5.715e-01  -2.156e-01  6.228e+01
-1.489e+00  -1.489e+00  -4.982e-01  6.654e+01
-5.581e-01  -5.581e-01  -1.564e-01  7.198e+01
-5.842e-01  -5.842e-01  -1.640e-01  7.193e+01
-1.517e+00  -1.517e+00  -5.127e-01  6.619e+01
-5.629e-01  -5.629e-01  -1.748e-01  6.894e+01
-5.904e-01  -5.904e-01  -1.602e-01  7.286e+01
-1.530e+00  -1.530e+00  -4.626e-01  6.977e+01
-5.652e-01  -5.652e-01  -2.009e-01  6.446e+01
-5.933e-01  -5.933e-01  -2.039e-01  6.563e+01
-1.536e+00  -1.536e+00  -4.626e-01  6.989e+01
-5.662e-01  -5.662e-01  -1.915e-01  6.617e+01
-5.946e-01  -5.946e-01  -1.883e-01  6.833e+01
-1.539e+00  -1.539e+00  -4.559e-01  7.038e+01
-5.667e-01  -5.667e-01  -1.783e-01  6.854e+01
-5.952e-01  -5.952e-01  -1.915e-01  6.782e+01
-1.541e+00  -1.541e+00  -4.994e-01  6.758e+01
-5.670e-01  -5.670e-01  -1.748e-01  6.916e+01
-5.955e-01  -5.955e-01  -2.127e-01  6.428e+01
-1.541e+00  -1.541e+00  -4.896e-01  6.824e+01
========================================================================================

step: 0/15 res:22.437797065296795, res/res0:1.0  dq_norm: [0.58408013 0.59548294 1.53938487]

A info: before HHL prepare:
Spectral radius (A): 9.973e+01, lambda_min:6.6747611370711395
condition number(A): 1.494e+01, norm2_cond:371.90700335192116
det(A): 3.406e+94
--------------------------------------------------------------------------------

A_hhl info: after scaling by spectral radius:
Spectral radius (A): 1.000e+00, lambda_min:0.06693141715180288
condition number(A): 1.494e+01, norm2_cond:371.90700335191764
det(A): 4.018e-26, nnz: 14 non zeros per row
--------------------------------------------------------------------------------

Size of A & B are not power of 2:
Next 2 power of 60 = 64
Value to be padded = 4
--------------------------------------------------

==================== Print (N)^2 padded matrix system =======================
Padded shape of A: (60, 60)x(60, 60) -> (64, 64)x(64, 64)
Padded shape of B: (60,) -> (64,)
Determinant of padded matrix: 4.017571929017092e-26
Condition # of padded matrix: 371.90700335191764


Matrix is not Hermitian. Making it Hermitian.......

==================== Print Hermitian matrix system info =======================
Shape of hermitian A: 64x64 -> 128x128
Shape of           B: 64 -> 128
Determinant of Hermitian matrix: 1.614088420482612e-51
Condition # of Hermitian matrix: 371.90700335192207

=================================== Generating HHL circuit ===================================
Time elapsed for generating HHL circuit: 4 min 59.28 sec

Generated circuit: num_qubits=18, gates=23, depth=5
============================== Generated Circuit saved ==============================

============================== Transpiling circuit ==============================
This is using the AerSimulator('aer_simulator_statevector') transpiler.
Time elapsed for transpiling the circuit:  0 min 47.38 sec
Transpiled circuit, num_qubits: 18, (original: 18)
Transpiled circuit depth: 464202 (original: 5)
Transpiled circuit gates: 464354 (original: 23)
============================== Transpiled Circuit saved ==============================
Time elapsed for running the circuit:  2 min 33.95 sec
total_qubits: 18, nq:7

Time elapsed for extracting shots-based hhl counts solution:  0 min 0.00 sec

[HHL info]: linear system residual (e=||Ax-b||_2): 13.445586358641602
[HHL info]: Fidelity(true_sol, hhl_sol): 0.9917240280731603
[HHL info]: L2 error (absolute): 2.2046172852394514
[HHL info]: L2 error (relative): 0.6368525493297873
[HHL info]: L2 error (normalized): 0.09106682204698781

========================================================================================
 Compare system solutions using LU of A, LU sol of A_herm, HHL of Ax=b hermition system
LU sol 	    Herm LU sol    HHL sol    L1_diff(%)
-2.051e-04  -2.051e-04  -0.000e+00  1.000e+02
-1.814e-04  -1.814e-04  -0.000e+00  1.000e+02
-5.551e-04  -5.551e-04  -0.000e+00  1.000e+02
-7.584e-04  -7.584e-04  -0.000e+00  1.000e+02
-6.954e-04  -6.954e-04  -0.000e+00  1.000e+02
-2.087e-03  -2.087e-03  -0.000e+00  1.000e+02
-1.835e-03  -1.835e-03  -0.000e+00  1.000e+02
-1.778e-03  -1.778e-03  -0.000e+00  1.000e+02
-5.173e-03  -5.173e-03  -0.000e+00  1.000e+02
-4.273e-03  -4.273e-03  -0.000e+00  1.000e+02
-4.205e-03  -4.205e-03  -0.000e+00  1.000e+02
-1.216e-02  -1.216e-02  -0.000e+00  1.000e+02
-1.060e-02  -1.060e-02  -0.000e+00  1.000e+02
-9.859e-03  -9.859e-03  -0.000e+00  1.000e+02
-2.958e-02  -2.958e-02  -0.000e+00  1.000e+02
-2.698e-02  -2.698e-02  -2.956e-02  9.569e+00
-2.393e-02  -2.393e-02  -0.000e+00  1.000e+02
-7.301e-02  -7.301e-02  -5.121e-02  2.987e+01
-2.824e-02  -2.824e-02  -0.000e+00  1.000e+02
-5.462e-02  -5.462e-02  -2.956e-02  4.588e+01
-1.056e-01  -1.056e-01  -6.611e-02  3.742e+01
-4.404e-02  -4.404e-02  -4.181e-02  5.063e+00
-8.056e-02  -8.056e-02  -2.956e-02  6.330e+01
-1.725e-01  -1.725e-01  -1.024e-01  4.064e+01
-1.514e-01  -1.514e-01  -5.121e-02  6.618e+01
-1.347e-01  -1.347e-01  -0.000e+00  1.000e+02
-3.596e-01  -3.596e-01  -1.536e-01  5.728e+01
-2.019e-01  -2.019e-01  -7.822e-02  6.126e+01
-2.017e-01  -2.017e-01  -7.822e-02  6.122e+01
-5.325e-01  -5.325e-01  -2.111e-01  6.035e+01
-2.437e-01  -2.437e-01  -1.024e-01  5.798e+01
-2.990e-01  -2.990e-01  -1.254e-01  5.805e+01
-7.342e-01  -7.342e-01  -2.789e-01  6.202e+01
-3.113e-01  -3.113e-01  -1.355e-01  5.648e+01
-3.400e-01  -3.400e-01  -1.254e-01  6.310e+01
-8.265e-01  -8.265e-01  -3.115e-01  6.231e+01
-3.229e-01  -3.229e-01  -1.254e-01  6.115e+01
-3.590e-01  -3.590e-01  -1.355e-01  6.226e+01
-9.070e-01  -9.070e-01  -3.621e-01  6.008e+01
-3.303e-01  -3.303e-01  -1.066e-01  6.773e+01
-3.540e-01  -3.540e-01  -1.387e-01  6.083e+01
-9.271e-01  -9.271e-01  -3.448e-01  6.281e+01
-3.735e-01  -3.735e-01  -1.507e-01  5.964e+01
-4.199e-01  -4.199e-01  -1.592e-01  6.209e+01
-9.251e-01  -9.251e-01  -3.211e-01  6.529e+01
-3.575e-01  -3.575e-01  -1.387e-01  6.121e+01
-4.305e-01  -4.305e-01  -1.619e-01  6.238e+01
-9.934e-01  -9.934e-01  -3.510e-01  6.466e+01
-3.321e-01  -3.321e-01  -1.183e-01  6.439e+01
-3.879e-01  -3.879e-01  -1.387e-01  6.426e+01
-1.003e+00  -1.003e+00  -3.535e-01  6.477e+01
-3.457e-01  -3.457e-01  -1.106e-01  6.801e+01
-4.074e-01  -4.074e-01  -1.387e-01  6.596e+01
-1.017e+00  -1.017e+00  -3.657e-01  6.403e+01
-3.679e-01  -3.679e-01  -1.106e-01  6.993e+01
-4.058e-01  -4.058e-01  -1.322e-01  6.742e+01
-9.876e-01  -9.876e-01  -3.397e-01  6.561e+01
-3.778e-01  -3.778e-01  -1.387e-01  6.330e+01
-3.833e-01  -3.833e-01  -1.322e-01  6.550e+01
-1.015e+00  -1.015e+00  -3.485e-01  6.567e+01
========================================================================================

step: 1/15 res:18.702650546385136, res/res0:0.8335332783320076  dq_norm: [0.40857667 0.44932737 1.11011108]

A info: before HHL prepare:
Spectral radius (A): 1.008e+02, lambda_min:6.7081358651121406
condition number(A): 1.503e+01, norm2_cond:351.4165231753605
det(A): 2.772e+95
--------------------------------------------------------------------------------

A_hhl info: after scaling by spectral radius:
Spectral radius (A): 1.000e+00, lambda_min:0.06652412933581495
condition number(A): 1.503e+01, norm2_cond:351.41652317536216
det(A): 1.680e-25, nnz: 14 non zeros per row
--------------------------------------------------------------------------------

Size of A & B are not power of 2:
Next 2 power of 60 = 64
Value to be padded = 4
--------------------------------------------------

==================== Print (N)^2 padded matrix system =======================
Padded shape of A: (60, 60)x(60, 60) -> (64, 64)x(64, 64)
Padded shape of B: (60,) -> (64,)
Determinant of padded matrix: 1.6802936050286377e-25
Condition # of padded matrix: 351.41652317536216


Matrix is not Hermitian. Making it Hermitian.......

==================== Print Hermitian matrix system info =======================
Shape of hermitian A: 64x64 -> 128x128
Shape of           B: 64 -> 128
Determinant of Hermitian matrix: 2.823386599100135e-50
Condition # of Hermitian matrix: 351.41652317536165

=================================== Generating HHL circuit ===================================
Time elapsed for generating HHL circuit: 5 min 11.61 sec

Generated circuit: num_qubits=18, gates=23, depth=5
============================== Generated Circuit saved ==============================

============================== Transpiling circuit ==============================
This is using the AerSimulator('aer_simulator_statevector') transpiler.
Time elapsed for transpiling the circuit:  0 min 49.96 sec
Transpiled circuit, num_qubits: 18, (original: 18)
Transpiled circuit depth: 464202 (original: 5)
Transpiled circuit gates: 464354 (original: 23)
============================== Transpiled Circuit saved ==============================
Time elapsed for running the circuit:  2 min 30.59 sec
total_qubits: 18, nq:7

Time elapsed for extracting shots-based hhl counts solution:  0 min 0.00 sec

[HHL info]: linear system residual (e=||Ax-b||_2): 12.18140117439496
[HHL info]: Fidelity(true_sol, hhl_sol): 0.9897403165322739
[HHL info]: L2 error (absolute): 1.4385152914703094
[HHL info]: L2 error (relative): 0.6850663972801089
[HHL info]: L2 error (normalized): 0.10142058276811847

========================================================================================
 Compare system solutions using LU of A, LU sol of A_herm, HHL of Ax=b hermition system
LU sol 	    Herm LU sol    HHL sol    L1_diff(%)
-2.044e-04  -2.044e-04  -0.000e+00  1.000e+02
-1.814e-04  -1.814e-04  -0.000e+00  1.000e+02
-5.534e-04  -5.534e-04  -0.000e+00  1.000e+02
-7.249e-04  -7.249e-04  -0.000e+00  1.000e+02
-6.804e-04  -6.804e-04  -0.000e+00  1.000e+02
-2.014e-03  -2.014e-03  -0.000e+00  1.000e+02
-1.717e-03  -1.717e-03  -0.000e+00  1.000e+02
-1.716e-03  -1.716e-03  -0.000e+00  1.000e+02
-4.926e-03  -4.926e-03  -0.000e+00  1.000e+02
-4.105e-03  -4.105e-03  -0.000e+00  1.000e+02
-4.095e-03  -4.095e-03  -0.000e+00  1.000e+02
-1.183e-02  -1.183e-02  -0.000e+00  1.000e+02
-1.077e-02  -1.077e-02  -1.768e-02  6.407e+01
-9.976e-03  -9.976e-03  -0.000e+00  1.000e+02
-2.986e-02  -2.986e-02  -1.768e-02  4.080e+01
 1.646e-03   1.646e-03   0.000e+00  1.000e+02
-2.430e-02  -2.430e-02  -0.000e+00  1.000e+02
-2.351e-02  -2.351e-02  -3.062e-02  3.024e+01
-2.913e-02  -2.913e-02  -1.768e-02  3.932e+01
-2.532e-02  -2.532e-02  -1.768e-02  3.018e+01
-4.171e-02  -4.171e-02  -2.500e-02  4.007e+01
-2.574e-04  -2.574e-04  -0.000e+00  1.000e+02
-4.955e-02  -4.955e-02  -2.500e-02  4.955e+01
-6.533e-02  -6.533e-02  -3.535e-02  4.588e+01
-9.552e-02  -9.552e-02  -3.062e-02  6.795e+01
-1.369e-01  -1.369e-01  -4.677e-02  6.584e+01
-1.944e-01  -1.944e-01  -7.070e-02  6.363e+01
-1.185e-01  -1.185e-01  -1.768e-02  8.508e+01
-1.234e-01  -1.234e-01  -5.000e-02  5.948e+01
-3.092e-01  -3.092e-01  -1.186e-01  6.165e+01
-1.315e-01  -1.315e-01  -4.330e-02  6.708e+01
-1.714e-01  -1.714e-01  -6.614e-02  6.141e+01
-4.312e-01  -4.312e-01  -1.403e-01  6.746e+01
-1.624e-01  -1.624e-01  -5.862e-02  6.391e+01
-2.160e-01  -2.160e-01  -7.499e-02  6.528e+01
-4.850e-01  -4.850e-01  -1.639e-01  6.620e+01
-1.855e-01  -1.855e-01  -5.590e-02  6.986e+01
-2.234e-01  -2.234e-01  -7.070e-02  6.835e+01
-5.110e-01  -5.110e-01  -1.620e-01  6.830e+01
-2.126e-01  -2.126e-01  -7.288e-02  6.573e+01
-2.151e-01  -2.151e-01  -8.100e-02  6.235e+01
-5.528e-01  -5.528e-01  -1.811e-01  6.723e+01
-2.099e-01  -2.099e-01  -7.705e-02  6.329e+01
-2.610e-01  -2.610e-01  -7.288e-02  7.208e+01
-5.813e-01  -5.813e-01  -1.759e-01  6.974e+01
-2.079e-01  -2.079e-01  -6.373e-02  6.934e+01
-2.687e-01  -2.687e-01  -7.905e-02  7.058e+01
-6.166e-01  -6.166e-01  -1.811e-01  7.063e+01
-2.057e-01  -2.057e-01  -7.288e-02  6.457e+01
-2.511e-01  -2.511e-01  -8.838e-02  6.480e+01
-6.246e-01  -6.246e-01  -2.038e-01  6.736e+01
-2.254e-01  -2.254e-01  -7.905e-02  6.493e+01
-2.676e-01  -2.676e-01  -7.288e-02  7.277e+01
-6.211e-01  -6.211e-01  -1.871e-01  6.988e+01
-2.398e-01  -2.398e-01  -6.846e-02  7.145e+01
-2.712e-01  -2.712e-01  -8.100e-02  7.013e+01
-6.041e-01  -6.041e-01  -1.854e-01  6.931e+01
-2.140e-01  -2.140e-01  -6.373e-02  7.022e+01
-2.506e-01  -2.506e-01  -8.100e-02  6.767e+01
-6.074e-01  -6.074e-01  -1.750e-01  7.119e+01
========================================================================================

step: 2/15 res:13.634850415916464, res/res0:0.6076733101844778  dq_norm: [0.21430924 0.25492586 0.57711297]

A info: before HHL prepare:
Spectral radius (A): 1.012e+02, lambda_min:6.870834766555466
condition number(A): 1.472e+01, norm2_cond:345.91268539853024
det(A): 7.098e+95
--------------------------------------------------------------------------------

A_hhl info: after scaling by spectral radius:
Spectral radius (A): 1.000e+00, lambda_min:0.06791896949175938
condition number(A): 1.472e+01, norm2_cond:345.9126853985349
det(A): 3.548e-25, nnz: 14 non zeros per row
--------------------------------------------------------------------------------

Size of A & B are not power of 2:
Next 2 power of 60 = 64
Value to be padded = 4
--------------------------------------------------

==================== Print (N)^2 padded matrix system =======================
Padded shape of A: (60, 60)x(60, 60) -> (64, 64)x(64, 64)
Padded shape of B: (60,) -> (64,)
Determinant of padded matrix: 3.548381360160651e-25
Condition # of padded matrix: 345.9126853985349


Matrix is not Hermitian. Making it Hermitian.......

==================== Print Hermitian matrix system info =======================
Shape of hermitian A: 64x64 -> 128x128
Shape of           B: 64 -> 128
Determinant of Hermitian matrix: 1.2591010277134476e-49
Condition # of Hermitian matrix: 345.91268539853536

=================================== Generating HHL circuit ===================================
Time elapsed for generating HHL circuit: 5 min 9.29 sec

Generated circuit: num_qubits=18, gates=23, depth=5
============================== Generated Circuit saved ==============================

============================== Transpiling circuit ==============================
This is using the AerSimulator('aer_simulator_statevector') transpiler.
Time elapsed for transpiling the circuit:  0 min 50.02 sec
Transpiled circuit, num_qubits: 18, (original: 18)
Transpiled circuit depth: 464203 (original: 5)
Transpiled circuit gates: 464355 (original: 23)
============================== Transpiled Circuit saved ==============================
Time elapsed for running the circuit:  2 min 33.51 sec
total_qubits: 18, nq:7

Time elapsed for extracting shots-based hhl counts solution:  0 min 0.00 sec

[HHL info]: linear system residual (e=||Ax-b||_2): 10.288511649073323
[HHL info]: Fidelity(true_sol, hhl_sol): 0.9801578152502394
[HHL info]: L2 error (absolute): 0.9470457285150272
[HHL info]: L2 error (relative): 0.6752876191373625
[HHL info]: L2 error (normalized): 0.14121473584063102

========================================================================================
 Compare system solutions using LU of A, LU sol of A_herm, HHL of Ax=b hermition system
LU sol 	    Herm LU sol    HHL sol    L1_diff(%)
-1.851e-04  -1.851e-04  -0.000e+00  1.000e+02
-1.712e-04  -1.712e-04  -0.000e+00  1.000e+02
-5.124e-04  -5.124e-04  -0.000e+00  1.000e+02
-6.697e-04  -6.697e-04  -0.000e+00  1.000e+02
-6.505e-04  -6.505e-04  -0.000e+00  1.000e+02
-1.901e-03  -1.901e-03  -0.000e+00  1.000e+02
-1.704e-03  -1.704e-03  -0.000e+00  1.000e+02
-1.710e-03  -1.710e-03  -0.000e+00  1.000e+02
-4.891e-03  -4.891e-03  -0.000e+00  1.000e+02
-4.369e-03  -4.369e-03  -0.000e+00  1.000e+02
-4.268e-03  -4.268e-03  -0.000e+00  1.000e+02
-1.234e-02  -1.234e-02  -1.549e-02  2.544e+01
 6.475e-03   6.475e-03   0.000e+00  1.000e+02
-9.987e-03  -9.987e-03  -0.000e+00  1.000e+02
-1.309e-02  -1.309e-02  -2.190e-02  6.735e+01
 1.580e-03   1.580e-03   1.549e-02  8.801e+02
-2.432e-02  -2.432e-02  -1.549e-02  3.631e+01
 6.696e-03   6.696e-03   0.000e+00  1.000e+02
-1.112e-02  -1.112e-02  -1.549e-02  3.922e+01
-7.636e-03  -7.636e-03  -0.000e+00  1.000e+02
-1.631e-02  -1.631e-02  -0.000e+00  1.000e+02
 3.696e-04   3.696e-04   0.000e+00  1.000e+02
-2.450e-02  -2.450e-02  -0.000e+00  1.000e+02
-2.915e-02  -2.915e-02  -2.682e-02  7.989e+00
-6.512e-02  -6.512e-02  -2.190e-02  6.637e+01
-9.028e-02  -9.028e-02  -2.190e-02  7.574e+01
-1.243e-01  -1.243e-01  -4.646e-02  6.263e+01
-1.018e-01  -1.018e-01  -3.097e-02  6.957e+01
-7.320e-02  -7.320e-02  -3.463e-02  5.270e+01
-1.901e-01  -1.901e-01  -6.570e-02  6.543e+01
-8.796e-02  -8.796e-02  -3.097e-02  6.479e+01
-1.056e-01  -1.056e-01  -2.682e-02  7.459e+01
-2.886e-01  -2.886e-01  -9.794e-02  6.607e+01
-1.015e-01  -1.015e-01  -3.097e-02  6.948e+01
-1.405e-01  -1.405e-01  -4.897e-02  6.515e+01
-3.150e-01  -3.150e-01  -1.200e-01  6.192e+01
-1.244e-01  -1.244e-01  -4.897e-02  6.063e+01
-1.518e-01  -1.518e-01  -5.583e-02  6.321e+01
-3.366e-01  -3.366e-01  -1.084e-01  6.779e+01
-1.335e-01  -1.335e-01  -5.136e-02  6.152e+01
-1.353e-01  -1.353e-01  -4.380e-02  6.764e+01
-3.577e-01  -3.577e-01  -1.138e-01  6.819e+01
-1.282e-01  -1.282e-01  -3.793e-02  7.041e+01
-1.888e-01  -1.888e-01  -6.385e-02  6.619e+01
-3.946e-01  -3.946e-01  -1.359e-01  6.556e+01
-1.393e-01  -1.393e-01  -6.194e-02  5.554e+01
-1.888e-01  -1.888e-01  -6.194e-02  6.719e+01
-4.232e-01  -4.232e-01  -1.493e-01  6.471e+01
-1.261e-01  -1.261e-01  -2.190e-02  8.263e+01
-1.621e-01  -1.621e-01  -6.570e-02  5.948e+01
-4.029e-01  -4.029e-01  -1.296e-01  6.784e+01
-1.395e-01  -1.395e-01  -3.463e-02  7.518e+01
-1.956e-01  -1.956e-01  -6.750e-02  6.550e+01
-4.184e-01  -4.184e-01  -1.239e-01  7.039e+01
-1.660e-01  -1.660e-01  -3.463e-02  7.915e+01
-1.904e-01  -1.904e-01  -4.380e-02  7.700e+01
-4.066e-01  -4.066e-01  -1.323e-01  6.746e+01
-1.461e-01  -1.461e-01  -4.380e-02  7.002e+01
-1.696e-01  -1.696e-01  -4.897e-02  7.113e+01
-4.221e-01  -4.221e-01  -1.286e-01  6.953e+01
========================================================================================

step: 3/15 res:12.173726634478482, res/res0:0.5425544494876844  dq_norm: [0.1376384  0.1765622  0.40440662]

A info: before HHL prepare:
Spectral radius (A): 1.014e+02, lambda_min:6.7360705691634974
condition number(A): 1.506e+01, norm2_cond:339.94231880201085
det(A): 1.228e+96
--------------------------------------------------------------------------------

A_hhl info: after scaling by spectral radius:
Spectral radius (A): 1.000e+00, lambda_min:0.06641236842523184
condition number(A): 1.506e+01, norm2_cond:339.94231880201676
det(A): 5.246e-25, nnz: 20 non zeros per row
--------------------------------------------------------------------------------

Size of A & B are not power of 2:
Next 2 power of 60 = 64
Value to be padded = 4
--------------------------------------------------

==================== Print (N)^2 padded matrix system =======================
Padded shape of A: (60, 60)x(60, 60) -> (64, 64)x(64, 64)
Padded shape of B: (60,) -> (64,)
Determinant of padded matrix: 5.246304020533148e-25
Condition # of padded matrix: 339.94231880201676


Matrix is not Hermitian. Making it Hermitian.......

==================== Print Hermitian matrix system info =======================
Shape of hermitian A: 64x64 -> 128x128
Shape of           B: 64 -> 128
Determinant of Hermitian matrix: 2.752370587586344e-49
Condition # of Hermitian matrix: 339.942318802014

=================================== Generating HHL circuit ===================================
Time elapsed for generating HHL circuit: 4 min 59.58 sec

Generated circuit: num_qubits=18, gates=23, depth=5
============================== Generated Circuit saved ==============================

============================== Transpiling circuit ==============================
This is using the AerSimulator('aer_simulator_statevector') transpiler.
Time elapsed for transpiling the circuit:  0 min 54.35 sec
Transpiled circuit, num_qubits: 18, (original: 18)
Transpiled circuit depth: 464205 (original: 5)
Transpiled circuit gates: 464357 (original: 23)
============================== Transpiled Circuit saved ==============================
Time elapsed for running the circuit:  2 min 31.55 sec
total_qubits: 18, nq:7

Time elapsed for extracting shots-based hhl counts solution:  0 min 0.00 sec

[HHL info]: linear system residual (e=||Ax-b||_2): 7.9787629384555165
[HHL info]: Fidelity(true_sol, hhl_sol): 0.9798720852240669
[HHL info]: L2 error (absolute): 0.5328954589450664
[HHL info]: L2 error (relative): 0.5706811774529561
[HHL info]: L2 error (normalized): 0.14223301420817036

========================================================================================
 Compare system solutions using LU of A, LU sol of A_herm, HHL of Ax=b hermition system
LU sol 	    Herm LU sol    HHL sol    L1_diff(%)
-2.009e-04  -2.009e-04  -0.000e+00  1.000e+02
-1.792e-04  -1.792e-04  -0.000e+00  1.000e+02
-5.456e-04  -5.456e-04  -0.000e+00  1.000e+02
-7.326e-04  -7.326e-04  -0.000e+00  1.000e+02
-6.890e-04  -6.890e-04  -0.000e+00  1.000e+02
-2.029e-03  -2.029e-03  -0.000e+00  1.000e+02
-1.762e-03  -1.762e-03  -0.000e+00  1.000e+02
-1.741e-03  -1.741e-03  -0.000e+00  1.000e+02
-5.010e-03  -5.010e-03  -0.000e+00  1.000e+02
-4.139e-03  -4.139e-03  -0.000e+00  1.000e+02
-4.039e-03  -4.039e-03  -0.000e+00  1.000e+02
 3.555e-03   3.555e-03   0.000e+00  1.000e+02
 6.872e-03   6.872e-03   0.000e+00  1.000e+02
-1.000e-02  -1.000e-02  -0.000e+00  1.000e+02
 9.601e-03   9.601e-03   0.000e+00  1.000e+02
-1.395e-02  -1.395e-02  -0.000e+00  1.000e+02
-9.030e-03  -9.030e-03  -0.000e+00  1.000e+02
 6.929e-03   6.929e-03   0.000e+00  1.000e+02
 3.909e-03   3.909e-03   0.000e+00  1.000e+02
-7.864e-03  -7.864e-03  -0.000e+00  1.000e+02
-1.697e-02  -1.697e-02  -3.040e-02  7.909e+01
 2.886e-04   2.886e-04   0.000e+00  1.000e+02
-2.428e-02  -2.428e-02  -1.755e-02  2.771e+01
-2.693e-03  -2.693e-03  -0.000e+00  1.000e+02
-4.223e-02  -4.223e-02  -0.000e+00  1.000e+02
-6.788e-02  -6.788e-02  -3.040e-02  5.522e+01
-7.698e-02  -7.698e-02  -4.299e-02  4.416e+01
-6.949e-02  -6.949e-02  -4.643e-02  3.319e+01
-3.904e-02  -3.904e-02  -2.482e-02  3.643e+01
-1.221e-01  -1.221e-01  -6.566e-02  4.623e+01
-5.645e-02  -5.645e-02  -3.510e-02  3.783e+01
-7.910e-02  -7.910e-02  -4.299e-02  4.566e+01
-1.885e-01  -1.885e-01  -7.649e-02  5.942e+01
-6.893e-02  -6.893e-02  -2.482e-02  6.399e+01
-9.057e-02  -9.057e-02  -3.924e-02  5.667e+01
-1.909e-01  -1.909e-01  -8.597e-02  5.495e+01
-7.227e-02  -7.227e-02  -3.040e-02  5.794e+01
-9.613e-02  -9.613e-02  -2.482e-02  7.418e+01
-2.214e-01  -2.214e-01  -8.231e-02  6.283e+01
-7.894e-02  -7.894e-02  -2.482e-02  6.856e+01
-9.144e-02  -9.144e-02  -3.924e-02  5.709e+01
-2.368e-01  -2.368e-01  -1.082e-01  5.431e+01
-8.803e-02  -8.803e-02  -4.299e-02  5.117e+01
-1.246e-01  -1.246e-01  -4.964e-02  6.016e+01
-2.528e-01  -2.528e-01  -1.082e-01  5.721e+01
-7.762e-02  -7.762e-02  -3.040e-02  6.084e+01
-1.285e-01  -1.285e-01  -5.549e-02  5.681e+01
-2.731e-01  -2.731e-01  -1.278e-01  5.322e+01
-1.064e-01  -1.064e-01  -5.549e-02  4.784e+01
-9.577e-02  -9.577e-02  -5.265e-02  4.503e+01
-2.765e-01  -2.765e-01  -1.241e-01  5.513e+01
-1.044e-01  -1.044e-01  -4.643e-02  5.551e+01
-1.272e-01  -1.272e-01  -3.924e-02  6.915e+01
-2.922e-01  -2.922e-01  -1.241e-01  5.754e+01
-1.290e-01  -1.290e-01  -4.299e-02  6.667e+01
-1.468e-01  -1.468e-01  -6.079e-02  5.858e+01
-2.668e-01  -2.668e-01  -1.124e-01  5.788e+01
-9.899e-02  -9.899e-02  -4.643e-02  5.310e+01
-1.207e-01  -1.207e-01  -5.820e-02  5.177e+01
-2.843e-01  -2.843e-01  -1.203e-01  5.768e+01
========================================================================================

step: 4/15 res:10.284510258099914, res/res0:0.4583565056841678  dq_norm: [0.13249146 0.15597823 0.35316525]

A info: before HHL prepare:
Spectral radius (A): 1.017e+02, lambda_min:6.717817673127831
condition number(A): 1.514e+01, norm2_cond:336.8769714781793
det(A): 2.428e+96
--------------------------------------------------------------------------------

A_hhl info: after scaling by spectral radius:
Spectral radius (A): 1.000e+00, lambda_min:0.06605051328389284
condition number(A): 1.514e+01, norm2_cond:336.87697147818153
det(A): 8.794e-25, nnz: 14 non zeros per row
--------------------------------------------------------------------------------

Size of A & B are not power of 2:
Next 2 power of 60 = 64
Value to be padded = 4
--------------------------------------------------

==================== Print (N)^2 padded matrix system =======================
Padded shape of A: (60, 60)x(60, 60) -> (64, 64)x(64, 64)
Padded shape of B: (60,) -> (64,)
Determinant of padded matrix: 8.794180322740524e-25
Condition # of padded matrix: 336.87697147818153


Matrix is not Hermitian. Making it Hermitian.......

==================== Print Hermitian matrix system info =======================
Shape of hermitian A: 64x64 -> 128x128
Shape of           B: 64 -> 128
Determinant of Hermitian matrix: 7.733760754887113e-49
Condition # of Hermitian matrix: 336.87697147818284

=================================== Generating HHL circuit ===================================
Time elapsed for generating HHL circuit: 5 min 12.82 sec

Generated circuit: num_qubits=18, gates=23, depth=5
============================== Generated Circuit saved ==============================

============================== Transpiling circuit ==============================
This is using the AerSimulator('aer_simulator_statevector') transpiler.
Time elapsed for transpiling the circuit:  0 min 43.53 sec
Transpiled circuit, num_qubits: 18, (original: 18)
Transpiled circuit depth: 464204 (original: 5)
Transpiled circuit gates: 464356 (original: 23)
============================== Transpiled Circuit saved ==============================
Time elapsed for running the circuit:  2 min 32.77 sec
total_qubits: 18, nq:7

Time elapsed for extracting shots-based hhl counts solution:  0 min 0.00 sec

[HHL info]: linear system residual (e=||Ax-b||_2): 7.352893724701159
[HHL info]: Fidelity(true_sol, hhl_sol): 0.9468523780961109
[HHL info]: L2 error (absolute): 0.41517157143253275
[HHL info]: L2 error (relative): 0.7969054763943019
[HHL info]: L2 error (normalized): 0.23210601540625195

========================================================================================
 Compare system solutions using LU of A, LU sol of A_herm, HHL of Ax=b hermition system
LU sol 	    Herm LU sol    HHL sol    L1_diff(%)
-1.979e-04  -1.979e-04  -0.000e+00  1.000e+02
-1.777e-04  -1.777e-04  -0.000e+00  1.000e+02
-5.393e-04  -5.393e-04  -0.000e+00  1.000e+02
-7.177e-04  -7.177e-04  -0.000e+00  1.000e+02
-6.811e-04  -6.811e-04  -0.000e+00  1.000e+02
-1.997e-03  -1.997e-03  -0.000e+00  1.000e+02
-1.738e-03  -1.738e-03  -0.000e+00  1.000e+02
-1.729e-03  -1.729e-03  -0.000e+00  1.000e+02
-4.960e-03  -4.960e-03  -0.000e+00  1.000e+02
-4.148e-03  -4.148e-03  -0.000e+00  1.000e+02
-4.046e-03  -4.046e-03  -0.000e+00  1.000e+02
 3.543e-03   3.543e-03   0.000e+00  1.000e+02
 6.751e-03   6.751e-03   0.000e+00  1.000e+02
-1.008e-02  -1.008e-02  -0.000e+00  1.000e+02
 9.334e-03   9.334e-03   0.000e+00  1.000e+02
-1.408e-02  -1.408e-02  -0.000e+00  1.000e+02
-9.000e-03  -9.000e-03  -0.000e+00  1.000e+02
 6.653e-03   6.653e-03   0.000e+00  1.000e+02
 3.919e-03   3.919e-03   0.000e+00  1.000e+02
-7.938e-03  -7.938e-03  -0.000e+00  1.000e+02
 1.303e-02   1.303e-02   0.000e+00  1.000e+02
 5.364e-04   5.364e-04   0.000e+00  1.000e+02
-6.733e-03  -6.733e-03  -0.000e+00  1.000e+02
-1.542e-03  -1.542e-03  -0.000e+00  1.000e+02
-4.128e-02  -4.128e-02  -1.172e-02  7.161e+01
-3.686e-02  -3.686e-02  -9.569e-03  7.404e+01
-3.147e-02  -3.147e-02  -6.767e-03  7.850e+01
-2.134e-02  -2.134e-02  -0.000e+00  1.000e+02
-1.499e-02  -1.499e-02  -0.000e+00  1.000e+02
-5.343e-02  -5.343e-02  -1.172e-02  7.807e+01
-2.067e-02  -2.067e-02  -6.767e-03  6.727e+01
-3.599e-02  -3.599e-02  -9.569e-03  7.341e+01
-1.106e-01  -1.106e-01  -2.440e-02  7.794e+01
-4.333e-02  -4.333e-02  -0.000e+00  1.000e+02
-5.098e-02  -5.098e-02  -1.172e-02  7.701e+01
-1.029e-01  -1.029e-01  -1.790e-02  8.260e+01
-4.102e-02  -4.102e-02  -1.353e-02  6.701e+01
-7.135e-02  -7.135e-02  -1.353e-02  8.103e+01
-1.362e-01  -1.362e-01  -2.949e-02  7.835e+01
-5.414e-02  -5.414e-02  -1.172e-02  7.835e+01
-5.294e-02  -5.294e-02  -0.000e+00  1.000e+02
-1.272e-01  -1.272e-01  -2.871e-02  7.743e+01
-4.498e-02  -4.498e-02  -9.569e-03  7.873e+01
-7.499e-02  -7.499e-02  -6.767e-03  9.098e+01
-1.443e-01  -1.443e-01  -2.707e-02  8.124e+01
-4.501e-02  -4.501e-02  -1.172e-02  7.396e+01
-7.175e-02  -7.175e-02  -1.657e-02  7.690e+01
-1.395e-01  -1.395e-01  -3.245e-02  7.675e+01
-4.708e-02  -4.708e-02  -0.000e+00  1.000e+02
-4.371e-02  -4.371e-02  -9.569e-03  7.811e+01
-1.435e-01  -1.435e-01  -3.026e-02  7.892e+01
-5.564e-02  -5.564e-02  -6.767e-03  8.784e+01
-8.844e-02  -8.844e-02  -2.030e-02  7.705e+01
-1.628e-01  -1.628e-01  -3.174e-02  8.051e+01
-8.426e-02  -8.426e-02  -1.657e-02  8.033e+01
-8.573e-02  -8.573e-02  -2.030e-02  7.632e+01
-1.515e-01  -1.515e-01  -3.026e-02  8.003e+01
-5.088e-02  -5.088e-02  -1.657e-02  6.742e+01
-6.243e-02  -6.243e-02  -1.172e-02  8.123e+01
-1.596e-01  -1.596e-01  -3.706e-02  7.678e+01
========================================================================================

step: 5/15 res:7.958057808503562, res/res0:0.35467197538798567  dq_norm: [0.03643924 0.04332737 0.09376073]

A info: before HHL prepare:
Spectral radius (A): 1.017e+02, lambda_min:6.714238429446346
condition number(A): 1.515e+01, norm2_cond:335.51063444059145
det(A): 3.010e+96
--------------------------------------------------------------------------------

A_hhl info: after scaling by spectral radius:
Spectral radius (A): 1.000e+00, lambda_min:0.06601310309240915
condition number(A): 1.515e+01, norm2_cond:335.5106344405922
det(A): 1.088e-24, nnz: 14 non zeros per row
--------------------------------------------------------------------------------

Size of A & B are not power of 2:
Next 2 power of 60 = 64
Value to be padded = 4
--------------------------------------------------

==================== Print (N)^2 padded matrix system =======================
Padded shape of A: (60, 60)x(60, 60) -> (64, 64)x(64, 64)
Padded shape of B: (60,) -> (64,)
Determinant of padded matrix: 1.0878711400395822e-24
Condition # of padded matrix: 335.5106344405922


Matrix is not Hermitian. Making it Hermitian.......

==================== Print Hermitian matrix system info =======================
Shape of hermitian A: 64x64 -> 128x128
Shape of           B: 64 -> 128
Determinant of Hermitian matrix: 1.1834636173309528e-48
Condition # of Hermitian matrix: 335.5106344405905

=================================== Generating HHL circuit ===================================
Time elapsed for generating HHL circuit: 5 min 21.71 sec

Generated circuit: num_qubits=18, gates=23, depth=5
============================== Generated Circuit saved ==============================

============================== Transpiling circuit ==============================
This is using the AerSimulator('aer_simulator_statevector') transpiler.
Time elapsed for transpiling the circuit:  0 min 44.30 sec
Transpiled circuit, num_qubits: 18, (original: 18)
Transpiled circuit depth: 464195 (original: 5)
Transpiled circuit gates: 464347 (original: 23)
============================== Transpiled Circuit saved ==============================
Time elapsed for running the circuit:  2 min 30.92 sec
total_qubits: 18, nq:7

Time elapsed for extracting shots-based hhl counts solution:  0 min 0.00 sec

[HHL info]: linear system residual (e=||Ax-b||_2): 4.581989523205892
[HHL info]: Fidelity(true_sol, hhl_sol): 0.9468597861362226
[HHL info]: L2 error (absolute): 0.25439534953855153
[HHL info]: L2 error (relative): 0.6148317376458692
[HHL info]: L2 error (normalized): 0.23208961478532097

========================================================================================
 Compare system solutions using LU of A, LU sol of A_herm, HHL of Ax=b hermition system
LU sol 	    Herm LU sol    HHL sol    L1_diff(%)
-1.981e-04  -1.981e-04  -0.000e+00  1.000e+02
-1.778e-04  -1.778e-04  -0.000e+00  1.000e+02
-5.397e-04  -5.397e-04  -0.000e+00  1.000e+02
-7.175e-04  -7.175e-04  -0.000e+00  1.000e+02
-6.810e-04  -6.810e-04  -0.000e+00  1.000e+02
-1.996e-03  -1.996e-03  -0.000e+00  1.000e+02
-1.736e-03  -1.736e-03  -0.000e+00  1.000e+02
-1.728e-03  -1.728e-03  -0.000e+00  1.000e+02
-4.955e-03  -4.955e-03  -0.000e+00  1.000e+02
-4.142e-03  -4.142e-03  -0.000e+00  1.000e+02
-4.043e-03  -4.043e-03  -0.000e+00  1.000e+02
 3.556e-03   3.556e-03   0.000e+00  1.000e+02
 6.755e-03   6.755e-03   0.000e+00  1.000e+02
-1.008e-02  -1.008e-02  -1.102e-02  9.384e+00
 9.341e-03   9.341e-03   0.000e+00  1.000e+02
-1.409e-02  -1.409e-02  -0.000e+00  1.000e+02
-9.008e-03  -9.008e-03  -0.000e+00  1.000e+02
 6.621e-03   6.621e-03   0.000e+00  1.000e+02
 3.844e-03   3.844e-03   0.000e+00  1.000e+02
-8.008e-03  -8.008e-03  -1.102e-02  3.763e+01
 1.288e-02   1.288e-02   0.000e+00  1.000e+02
 5.184e-04   5.184e-04   0.000e+00  1.000e+02
-6.751e-03  -6.751e-03  -0.000e+00  1.000e+02
-1.649e-03  -1.649e-03  -0.000e+00  1.000e+02
-2.927e-02  -2.927e-02  -1.909e-02  3.477e+01
-2.716e-02  -2.716e-02  -1.102e-02  5.943e+01
-2.471e-02  -2.471e-02  -0.000e+00  1.000e+02
-2.130e-02  -2.130e-02  -1.102e-02  4.826e+01
-1.498e-02  -1.498e-02  -0.000e+00  1.000e+02
-4.160e-02  -4.160e-02  -0.000e+00  1.000e+02
-1.408e-02  -1.408e-02  -0.000e+00  1.000e+02
-2.643e-02  -2.643e-02  -0.000e+00  1.000e+02
-8.658e-02  -8.658e-02  -3.818e-02  5.590e+01
-4.352e-02  -4.352e-02  -1.559e-02  6.418e+01
-3.919e-02  -3.919e-02  -1.102e-02  7.188e+01
-8.519e-02  -8.519e-02  -3.117e-02  6.341e+01
-2.714e-02  -2.714e-02  -1.102e-02  5.939e+01
-5.767e-02  -5.767e-02  -2.700e-02  5.319e+01
-1.056e-01  -1.056e-01  -4.676e-02  5.573e+01
-4.184e-02  -4.184e-02  -1.102e-02  7.366e+01
-5.311e-02  -5.311e-02  -2.464e-02  5.360e+01
-9.706e-02  -9.706e-02  -2.916e-02  6.996e+01
-3.512e-02  -3.512e-02  -0.000e+00  1.000e+02
-6.813e-02  -6.813e-02  -3.485e-02  4.884e+01
-1.165e-01  -1.165e-01  -4.804e-02  5.876e+01
-3.350e-02  -3.350e-02  -2.204e-02  3.420e+01
-5.543e-02  -5.543e-02  -2.464e-02  5.554e+01
-1.073e-01  -1.073e-01  -4.124e-02  6.156e+01
-4.779e-02  -4.779e-02  -1.909e-02  6.006e+01
-3.421e-02  -3.421e-02  -1.102e-02  6.778e+01
-1.141e-01  -1.141e-01  -4.804e-02  5.790e+01
-4.890e-02  -4.890e-02  -1.909e-02  6.097e+01
-6.778e-02  -6.778e-02  -3.117e-02  5.401e+01
-1.310e-01  -1.310e-01  -5.286e-02  5.965e+01
-6.691e-02  -6.691e-02  -2.700e-02  5.965e+01
-6.544e-02  -6.544e-02  -2.204e-02  6.632e+01
-1.207e-01  -1.207e-01  -4.676e-02  6.126e+01
-3.369e-02  -3.369e-02  -1.559e-02  5.374e+01
-5.072e-02  -5.072e-02  -2.464e-02  5.141e+01
-1.206e-01  -1.206e-01  -4.544e-02  6.233e+01
========================================================================================

step: 6/15 res:7.349320480532374, res/res0:0.32754198013044383  dq_norm: [0.05619792 0.07635793 0.13721431]

A info: before HHL prepare:
Spectral radius (A): 1.018e+02, lambda_min:6.56747008022649
condition number(A): 1.550e+01, norm2_cond:336.42137682452676
det(A): 3.566e+96
--------------------------------------------------------------------------------

A_hhl info: after scaling by spectral radius:
Spectral radius (A): 1.000e+00, lambda_min:0.06452354744088395
condition number(A): 1.550e+01, norm2_cond:336.42137682452795
det(A): 1.234e-24, nnz: 21 non zeros per row
--------------------------------------------------------------------------------

Size of A & B are not power of 2:
Next 2 power of 60 = 64
Value to be padded = 4
--------------------------------------------------

==================== Print (N)^2 padded matrix system =======================
Padded shape of A: (60, 60)x(60, 60) -> (64, 64)x(64, 64)
Padded shape of B: (60,) -> (64,)
Determinant of padded matrix: 1.2342201686640928e-24
Condition # of padded matrix: 336.42137682452795


Matrix is not Hermitian. Making it Hermitian.......

==================== Print Hermitian matrix system info =======================
Shape of hermitian A: 64x64 -> 128x128
Shape of           B: 64 -> 128
Determinant of Hermitian matrix: 1.5232994247372e-48
Condition # of Hermitian matrix: 336.4213768245315

=================================== Generating HHL circuit ===================================
Time elapsed for generating HHL circuit: 5 min 15.18 sec

Generated circuit: num_qubits=18, gates=23, depth=5
============================== Generated Circuit saved ==============================

============================== Transpiling circuit ==============================
This is using the AerSimulator('aer_simulator_statevector') transpiler.
Time elapsed for transpiling the circuit:  0 min 44.42 sec
Transpiled circuit, num_qubits: 18, (original: 18)
Transpiled circuit depth: 464202 (original: 5)
Transpiled circuit gates: 464354 (original: 23)
============================== Transpiled Circuit saved ==============================
Time elapsed for running the circuit:  2 min 30.52 sec
total_qubits: 18, nq:7

Time elapsed for extracting shots-based hhl counts solution:  0 min 0.00 sec

[HHL info]: linear system residual (e=||Ax-b||_2): 3.0124596850069745
[HHL info]: Fidelity(true_sol, hhl_sol): 0.9311782224485733
[HHL info]: L2 error (absolute): 0.15296706607070448
[HHL info]: L2 error (relative): 0.6049822450664639
[HHL info]: L2 error (normalized): 0.26466672392900564

========================================================================================
 Compare system solutions using LU of A, LU sol of A_herm, HHL of Ax=b hermition system
LU sol 	    Herm LU sol    HHL sol    L1_diff(%)
-2.064e-04  -2.064e-04  -0.000e+00  1.000e+02
-1.823e-04  -1.823e-04  -0.000e+00  1.000e+02
-5.575e-04  -5.575e-04  -0.000e+00  1.000e+02
-7.242e-04  -7.242e-04  -0.000e+00  1.000e+02
-6.798e-04  -6.798e-04  -0.000e+00  1.000e+02
-2.013e-03  -2.013e-03  -0.000e+00  1.000e+02
-1.697e-03  -1.697e-03  -0.000e+00  1.000e+02
-1.706e-03  -1.706e-03  -0.000e+00  1.000e+02
-4.883e-03  -4.883e-03  -0.000e+00  1.000e+02
-4.046e-03  -4.046e-03  -0.000e+00  1.000e+02
-4.049e-03  -4.049e-03  -0.000e+00  1.000e+02
 3.814e-03   3.814e-03   0.000e+00  1.000e+02
 6.913e-03   6.913e-03   0.000e+00  1.000e+02
 9.688e-04   9.688e-04   0.000e+00  1.000e+02
 9.704e-03   9.704e-03   0.000e+00  1.000e+02
-1.394e-02  -1.394e-02  -7.157e-03  4.865e+01
-8.984e-03  -8.984e-03  -0.000e+00  1.000e+02
 7.060e-03   7.060e-03   0.000e+00  1.000e+02
 3.889e-03   3.889e-03   0.000e+00  1.000e+02
 2.877e-03   2.877e-03   0.000e+00  1.000e+02
 1.304e-02   1.304e-02   0.000e+00  1.000e+02
 5.312e-04   5.312e-04   0.000e+00  1.000e+02
-6.716e-03  -6.716e-03  -7.157e-03  6.568e+00
-1.567e-03  -1.567e-03  -0.000e+00  1.000e+02
-9.942e-03  -9.942e-03  -0.000e+00  1.000e+02
-1.612e-02  -1.612e-02  -7.157e-03  5.561e+01
-2.506e-02  -2.506e-02  -1.012e-02  5.961e+01
-1.010e-02  -1.010e-02  -7.157e-03  2.912e+01
-1.493e-02  -1.493e-02  -7.157e-03  5.205e+01
-4.137e-02  -4.137e-02  -1.753e-02  5.762e+01
-1.375e-02  -1.375e-02  -0.000e+00  1.000e+02
-2.638e-02  -2.638e-02  -7.157e-03  7.287e+01
-4.753e-02  -4.753e-02  -3.036e-02  3.612e+01
-2.750e-02  -2.750e-02  -1.240e-02  5.493e+01
-2.810e-02  -2.810e-02  -1.431e-02  4.906e+01
-5.343e-02  -5.343e-02  -2.951e-02  4.478e+01
-1.626e-02  -1.626e-02  -7.157e-03  5.599e+01
-3.100e-02  -3.100e-02  -1.240e-02  6.002e+01
-5.947e-02  -5.947e-02  -2.479e-02  5.831e+01
-3.129e-02  -3.129e-02  -1.012e-02  6.765e+01
-2.827e-02  -2.827e-02  -1.012e-02  6.420e+01
-6.879e-02  -6.879e-02  -2.374e-02  6.549e+01
-3.529e-02  -3.529e-02  -1.240e-02  6.487e+01
-3.304e-02  -3.304e-02  -1.240e-02  6.249e+01
-6.879e-02  -6.879e-02  -2.772e-02  5.970e+01
-1.103e-02  -1.103e-02  -0.000e+00  1.000e+02
-3.079e-02  -3.079e-02  -1.600e-02  4.802e+01
-6.465e-02  -6.465e-02  -2.863e-02  5.572e+01
-2.802e-02  -2.802e-02  -1.240e-02  5.576e+01
-2.343e-02  -2.343e-02  -7.157e-03  6.945e+01
-6.424e-02  -6.424e-02  -3.120e-02  5.143e+01
-2.913e-02  -2.913e-02  -1.894e-02  3.500e+01
-3.652e-02  -3.652e-02  -1.240e-02  6.606e+01
-7.696e-02  -7.696e-02  -3.201e-02  5.841e+01
-3.909e-02  -3.909e-02  -1.431e-02  6.339e+01
-4.358e-02  -4.358e-02  -1.600e-02  6.328e+01
-7.308e-02  -7.308e-02  -1.894e-02  7.409e+01
-1.797e-02  -1.797e-02  -7.157e-03  6.018e+01
-2.612e-02  -2.612e-02  -0.000e+00  1.000e+02
-7.512e-02  -7.512e-02  -3.280e-02  5.634e+01
========================================================================================

step: 7/15 res:4.57700332551094, res/res0:0.20398630543770802  dq_norm: [0.03649271 0.03919946 0.09165189]

A info: before HHL prepare:
Spectral radius (A): 1.017e+02, lambda_min:6.602274469352255
condition number(A): 1.541e+01, norm2_cond:336.2580643435958
det(A): 4.563e+96
--------------------------------------------------------------------------------

A_hhl info: after scaling by spectral radius:
Spectral radius (A): 1.000e+00, lambda_min:0.06489970645008154
condition number(A): 1.541e+01, norm2_cond:336.25806434359623
det(A): 1.630e-24, nnz: 21 non zeros per row
--------------------------------------------------------------------------------

Size of A & B are not power of 2:
Next 2 power of 60 = 64
Value to be padded = 4
--------------------------------------------------

==================== Print (N)^2 padded matrix system =======================
Padded shape of A: (60, 60)x(60, 60) -> (64, 64)x(64, 64)
Padded shape of B: (60,) -> (64,)
Determinant of padded matrix: 1.630220223570235e-24
Condition # of padded matrix: 336.25806434359623


Matrix is not Hermitian. Making it Hermitian.......

==================== Print Hermitian matrix system info =======================
Shape of hermitian A: 64x64 -> 128x128
Shape of           B: 64 -> 128
Determinant of Hermitian matrix: 2.6576179773373493e-48
Condition # of Hermitian matrix: 336.2580643435985

=================================== Generating HHL circuit ===================================
Time elapsed for generating HHL circuit: 5 min 19.07 sec

Generated circuit: num_qubits=18, gates=23, depth=5
============================== Generated Circuit saved ==============================

============================== Transpiling circuit ==============================
This is using the AerSimulator('aer_simulator_statevector') transpiler.
Time elapsed for transpiling the circuit:  0 min 45.12 sec
Transpiled circuit, num_qubits: 18, (original: 18)
Transpiled circuit depth: 464192 (original: 5)
Transpiled circuit gates: 464344 (original: 23)
============================== Transpiled Circuit saved ==============================
Time elapsed for running the circuit:  2 min 30.33 sec
total_qubits: 18, nq:7

Time elapsed for extracting shots-based hhl counts solution:  0 min 0.00 sec

[HHL info]: linear system residual (e=||Ax-b||_2): 2.1225091208186933
[HHL info]: Fidelity(true_sol, hhl_sol): 0.898856325196856
[HHL info]: L2 error (absolute): 0.09521635556211647
[HHL info]: L2 error (relative): 0.6262668205933655
[HHL info]: L2 error (normalized): 0.32224109952119734

========================================================================================
 Compare system solutions using LU of A, LU sol of A_herm, HHL of Ax=b hermition system
LU sol 	    Herm LU sol    HHL sol    L1_diff(%)
-2.038e-04  -2.038e-04  -0.000e+00  1.000e+02
-1.808e-04  -1.808e-04  -0.000e+00  1.000e+02
-5.519e-04  -5.519e-04  -0.000e+00  1.000e+02
-7.182e-04  -7.182e-04  -0.000e+00  1.000e+02
-6.764e-04  -6.764e-04  -0.000e+00  1.000e+02
-2.002e-03  -2.002e-03  -0.000e+00  1.000e+02
-1.701e-03  -1.701e-03  -0.000e+00  1.000e+02
-1.707e-03  -1.707e-03  -0.000e+00  1.000e+02
-4.888e-03  -4.888e-03  -0.000e+00  1.000e+02
-4.095e-03  -4.095e-03  -0.000e+00  1.000e+02
-4.089e-03  -4.089e-03  -0.000e+00  1.000e+02
 3.710e-03   3.710e-03   0.000e+00  1.000e+02
 6.855e-03   6.855e-03   0.000e+00  1.000e+02
 9.503e-04   9.503e-04   0.000e+00  1.000e+02
 9.556e-03   9.556e-03   0.000e+00  1.000e+02
-6.718e-03  -6.718e-03  -4.530e-03  3.256e+01
-8.943e-03  -8.943e-03  -4.530e-03  4.934e+01
 6.967e-03   6.967e-03   0.000e+00  1.000e+02
 3.938e-03   3.938e-03   0.000e+00  1.000e+02
 2.892e-03   2.892e-03   0.000e+00  1.000e+02
 1.307e-02   1.307e-02   6.407e-03  5.099e+01
 5.596e-04   5.596e-04   0.000e+00  1.000e+02
 4.506e-04   4.506e-04   0.000e+00  1.000e+02
-1.506e-03  -1.506e-03  -0.000e+00  1.000e+02
-9.945e-03  -9.945e-03  -0.000e+00  1.000e+02
-8.956e-03  -8.956e-03  -4.530e-03  4.941e+01
-1.490e-02  -1.490e-02  -0.000e+00  1.000e+02
-2.957e-03  -2.957e-03  -0.000e+00  1.000e+02
-7.791e-03  -7.791e-03  -4.530e-03  4.185e+01
-2.389e-02  -2.389e-02  -1.503e-02  3.710e+01
-1.376e-02  -1.376e-02  -6.407e-03  5.345e+01
-1.926e-02  -1.926e-02  -1.199e-02  3.778e+01
-1.700e-02  -1.700e-02  -7.847e-03  5.383e+01
-1.502e-02  -1.502e-02  -0.000e+00  1.000e+02
-1.382e-02  -1.382e-02  -0.000e+00  1.000e+02
-2.388e-02  -2.388e-02  -1.110e-02  5.352e+01
-8.871e-03  -8.871e-03  -0.000e+00  1.000e+02
-1.841e-02  -1.841e-02  -7.847e-03  5.736e+01
-3.415e-02  -3.415e-02  -1.199e-02  6.490e+01
-2.096e-02  -2.096e-02  -9.061e-03  5.676e+01
-1.844e-02  -1.844e-02  -6.407e-03  6.526e+01
-4.480e-02  -4.480e-02  -1.755e-02  6.083e+01
-2.281e-02  -2.281e-02  -9.061e-03  6.028e+01
-2.071e-02  -2.071e-02  -6.407e-03  6.906e+01
-4.101e-02  -4.101e-02  -1.569e-02  6.174e+01
-1.068e-02  -1.068e-02  -4.530e-03  5.760e+01
-1.454e-02  -1.454e-02  -9.061e-03  3.768e+01
-3.542e-02  -3.542e-02  -1.199e-02  6.616e+01
-1.512e-02  -1.512e-02  -7.847e-03  4.808e+01
-1.629e-02  -1.629e-02  -7.847e-03  5.182e+01
-3.205e-02  -3.205e-02  -1.868e-02  4.171e+01
-9.916e-03  -9.916e-03  -0.000e+00  1.000e+02
-2.418e-02  -2.418e-02  -6.407e-03  7.351e+01
-4.458e-02  -4.458e-02  -1.281e-02  7.126e+01
-2.459e-02  -2.459e-02  -9.061e-03  6.315e+01
-2.761e-02  -2.761e-02  -1.199e-02  5.659e+01
-5.400e-02  -5.400e-02  -2.603e-02  5.180e+01
-1.085e-02  -1.085e-02  -4.530e-03  5.823e+01
-2.612e-02  -2.612e-02  -1.110e-02  5.752e+01
-4.230e-02  -4.230e-02  -1.281e-02  6.971e+01
========================================================================================

step: 8/15 res:3.008541656909975, res/res0:0.13408364681054663  dq_norm: [0.02026094 0.02829286 0.0514564 ]

A info: before HHL prepare:
Spectral radius (A): 1.017e+02, lambda_min:6.5998113553768
condition number(A): 1.541e+01, norm2_cond:336.4959965226443
det(A): 4.618e+96
--------------------------------------------------------------------------------

A_hhl info: after scaling by spectral radius:
Spectral radius (A): 1.000e+00, lambda_min:0.06488681735431591
condition number(A): 1.541e+01, norm2_cond:336.49599652264834
det(A): 1.667e-24, nnz: 19 non zeros per row
--------------------------------------------------------------------------------

Size of A & B are not power of 2:
Next 2 power of 60 = 64
Value to be padded = 4
--------------------------------------------------

==================== Print (N)^2 padded matrix system =======================
Padded shape of A: (60, 60)x(60, 60) -> (64, 64)x(64, 64)
Padded shape of B: (60,) -> (64,)
Determinant of padded matrix: 1.6669416082828205e-24
Condition # of padded matrix: 336.49599652264834


Matrix is not Hermitian. Making it Hermitian.......

==================== Print Hermitian matrix system info =======================
Shape of hermitian A: 64x64 -> 128x128
Shape of           B: 64 -> 128
Determinant of Hermitian matrix: 2.778694325424595e-48
Condition # of Hermitian matrix: 336.4959965226468

=================================== Generating HHL circuit ===================================
Time elapsed for generating HHL circuit: 5 min 18.86 sec

Generated circuit: num_qubits=18, gates=23, depth=5
============================== Generated Circuit saved ==============================

============================== Transpiling circuit ==============================
This is using the AerSimulator('aer_simulator_statevector') transpiler.
Time elapsed for transpiling the circuit:  0 min 45.03 sec
Transpiled circuit, num_qubits: 18, (original: 18)
Transpiled circuit depth: 464203 (original: 5)
Transpiled circuit gates: 464355 (original: 23)
============================== Transpiled Circuit saved ==============================
Time elapsed for running the circuit:  2 min 31.70 sec
total_qubits: 18, nq:7

Time elapsed for extracting shots-based hhl counts solution:  0 min 0.00 sec

[HHL info]: linear system residual (e=||Ax-b||_2): 1.9166357151589015
[HHL info]: Fidelity(true_sol, hhl_sol): 0.8834740174505774
[HHL info]: L2 error (absolute): 0.07849616600160182
[HHL info]: L2 error (relative): 0.828263895180929
[HHL info]: L2 error (normalized): 0.34660356138724585

========================================================================================
 Compare system solutions using LU of A, LU sol of A_herm, HHL of Ax=b hermition system
LU sol 	    Herm LU sol    HHL sol    L1_diff(%)
-2.033e-04  -2.033e-04  -0.000e+00  1.000e+02
-1.805e-04  -1.805e-04  -0.000e+00  1.000e+02
-5.509e-04  -5.509e-04  -0.000e+00  1.000e+02
-7.181e-04  -7.181e-04  -0.000e+00  1.000e+02
-6.765e-04  -6.765e-04  -0.000e+00  1.000e+02
-2.002e-03  -2.002e-03  -1.523e-03  2.394e+01
-1.703e-03  -1.703e-03  -0.000e+00  1.000e+02
-1.707e-03  -1.707e-03  -0.000e+00  1.000e+02
-4.892e-03  -4.892e-03  -1.523e-03  6.888e+01
-4.107e-03  -4.107e-03  -0.000e+00  1.000e+02
-4.099e-03  -4.099e-03  -0.000e+00  1.000e+02
 3.680e-03   3.680e-03   0.000e+00  1.000e+02
 6.845e-03   6.845e-03   1.523e-03  7.776e+01
 9.480e-04   9.480e-04   0.000e+00  1.000e+02
 9.547e-03   9.547e-03   0.000e+00  1.000e+02
-2.168e-03  -2.168e-03  -0.000e+00  1.000e+02
-4.395e-03  -4.395e-03  -0.000e+00  1.000e+02
 6.981e-03   6.981e-03   0.000e+00  1.000e+02
 3.942e-03   3.942e-03   0.000e+00  1.000e+02
 2.894e-03   2.894e-03   0.000e+00  1.000e+02
 6.676e-03   6.676e-03   0.000e+00  1.000e+02
 5.312e-04   5.312e-04   0.000e+00  1.000e+02
 4.396e-04   4.396e-04   0.000e+00  1.000e+02
-1.573e-03  -1.573e-03  -0.000e+00  1.000e+02
-9.996e-03  -9.996e-03  -2.153e-03  7.846e+01
-4.433e-03  -4.433e-03  -0.000e+00  1.000e+02
-1.500e-02  -1.500e-02  -4.028e-03  7.314e+01
-2.973e-03  -2.973e-03  -1.523e-03  4.878e+01
-3.256e-03  -3.256e-03  -0.000e+00  1.000e+02
-8.895e-03  -8.895e-03  -0.000e+00  1.000e+02
-7.361e-03  -7.361e-03  -0.000e+00  1.000e+02
-7.268e-03  -7.268e-03  -2.637e-03  6.372e+01
-9.273e-03  -9.273e-03  -2.153e-03  7.678e+01
-1.508e-02  -1.508e-02  -3.730e-03  7.527e+01
-1.387e-02  -1.387e-02  -2.153e-03  8.448e+01
-1.278e-02  -1.278e-02  -2.637e-03  7.936e+01
-8.752e-03  -8.752e-03  -0.000e+00  1.000e+02
-1.043e-02  -1.043e-02  -1.523e-03  8.540e+01
-2.185e-02  -2.185e-02  -3.405e-03  8.442e+01
-1.165e-02  -1.165e-02  -2.153e-03  8.152e+01
-1.212e-02  -1.212e-02  -2.153e-03  8.223e+01
-2.688e-02  -2.688e-02  -5.050e-03  8.121e+01
-1.359e-02  -1.359e-02  -1.523e-03  8.879e+01
-1.430e-02  -1.430e-02  -1.523e-03  8.935e+01
-2.510e-02  -2.510e-02  -4.815e-03  8.082e+01
-6.093e-03  -6.093e-03  -1.523e-03  7.501e+01
-5.492e-03  -5.492e-03  -0.000e+00  1.000e+02
-2.335e-02  -2.335e-02  -5.050e-03  7.837e+01
-7.228e-03  -7.228e-03  -0.000e+00  1.000e+02
-8.447e-03  -8.447e-03  -3.045e-03  6.395e+01
-1.332e-02  -1.332e-02  -2.637e-03  8.020e+01
-9.864e-03  -9.864e-03  -1.523e-03  8.456e+01
-1.777e-02  -1.777e-02  -2.637e-03  8.516e+01
-3.167e-02  -3.167e-02  -6.278e-03  8.018e+01
-1.543e-02  -1.543e-02  -3.045e-03  8.027e+01
-1.561e-02  -1.561e-02  -2.637e-03  8.310e+01
-2.781e-02  -2.781e-02  -4.568e-03  8.358e+01
-6.241e-03  -6.241e-03  -0.000e+00  1.000e+02
-1.502e-02  -1.502e-02  -2.153e-03  8.566e+01
-2.933e-02  -2.933e-02  -5.490e-03  8.128e+01
========================================================================================

step: 9/15 res:2.121054393588707, res/res0:0.0945304205852372  dq_norm: [0.00663695 0.00697753 0.01468362]

A info: before HHL prepare:
Spectral radius (A): 1.017e+02, lambda_min:6.591062104383349
condition number(A): 1.544e+01, norm2_cond:336.23650886134527
det(A): 4.690e+96
--------------------------------------------------------------------------------

A_hhl info: after scaling by spectral radius:
Spectral radius (A): 1.000e+00, lambda_min:0.06477915964045251
condition number(A): 1.544e+01, norm2_cond:336.23650886134703
det(A): 1.659e-24, nnz: 14 non zeros per row
--------------------------------------------------------------------------------

Size of A & B are not power of 2:
Next 2 power of 60 = 64
Value to be padded = 4
--------------------------------------------------

==================== Print (N)^2 padded matrix system =======================
Padded shape of A: (60, 60)x(60, 60) -> (64, 64)x(64, 64)
Padded shape of B: (60,) -> (64,)
Determinant of padded matrix: 1.6593434799886167e-24
Condition # of padded matrix: 336.23650886134703


Matrix is not Hermitian. Making it Hermitian.......

==================== Print Hermitian matrix system info =======================
Shape of hermitian A: 64x64 -> 128x128
Shape of           B: 64 -> 128
Determinant of Hermitian matrix: 2.753420784580694e-48
Condition # of Hermitian matrix: 336.2365088613498

=================================== Generating HHL circuit ===================================
Time elapsed for generating HHL circuit: 5 min 15.33 sec

Generated circuit: num_qubits=18, gates=23, depth=5
============================== Generated Circuit saved ==============================

============================== Transpiling circuit ==============================
This is using the AerSimulator('aer_simulator_statevector') transpiler.
Time elapsed for transpiling the circuit:  0 min 45.41 sec
Transpiled circuit, num_qubits: 18, (original: 18)
Transpiled circuit depth: 464198 (original: 5)
Transpiled circuit gates: 464350 (original: 23)
============================== Transpiled Circuit saved ==============================
Time elapsed for running the circuit:  2 min 30.51 sec
total_qubits: 18, nq:7

Time elapsed for extracting shots-based hhl counts solution:  0 min 0.00 sec

[HHL info]: linear system residual (e=||Ax-b||_2): 1.5084059492685875
[HHL info]: Fidelity(true_sol, hhl_sol): 0.7750107795631824
[HHL info]: L2 error (absolute): 0.06055815758189542
[HHL info]: L2 error (relative): 0.7721356289681552
[HHL info]: L2 error (normalized): 0.4891891956244616

========================================================================================
 Compare system solutions using LU of A, LU sol of A_herm, HHL of Ax=b hermition system
LU sol 	    Herm LU sol    HHL sol    L1_diff(%)
-2.039e-04  -2.039e-04  -0.000e+00  1.000e+02
-1.809e-04  -1.809e-04  -0.000e+00  1.000e+02
-5.522e-04  -5.522e-04  -0.000e+00  1.000e+02
-7.186e-04  -7.186e-04  -0.000e+00  1.000e+02
-6.766e-04  -6.766e-04  -0.000e+00  1.000e+02
-4.796e-04  -4.796e-04  -0.000e+00  1.000e+02
-1.701e-03  -1.701e-03  -0.000e+00  1.000e+02
-1.707e-03  -1.707e-03  -0.000e+00  1.000e+02
-3.365e-03  -3.365e-03  -0.000e+00  1.000e+02
-4.100e-03  -4.100e-03  -0.000e+00  1.000e+02
-4.100e-03  -4.100e-03  -2.963e-03  2.773e+01
 3.699e-03   3.699e-03   0.000e+00  1.000e+02
 5.335e-03   5.335e-03   0.000e+00  1.000e+02
 9.471e-04   9.471e-04   0.000e+00  1.000e+02
 9.562e-03   9.562e-03   2.095e-03  7.809e+01
-2.167e-03  -2.167e-03  -0.000e+00  1.000e+02
-4.395e-03  -4.395e-03  -0.000e+00  1.000e+02
 6.978e-03   6.978e-03   0.000e+00  1.000e+02
 3.946e-03   3.946e-03   0.000e+00  1.000e+02
 2.897e-03   2.897e-03   0.000e+00  1.000e+02
 6.683e-03   6.683e-03   0.000e+00  1.000e+02
 5.553e-04   5.553e-04   0.000e+00  1.000e+02
 4.483e-04   4.483e-04   0.000e+00  1.000e+02
-1.520e-03  -1.520e-03  -0.000e+00  1.000e+02
-7.809e-03  -7.809e-03  -0.000e+00  1.000e+02
-4.435e-03  -4.435e-03  -2.095e-03  5.277e+01
-1.091e-02  -1.091e-02  -2.963e-03  7.284e+01
-1.456e-03  -1.456e-03  -0.000e+00  1.000e+02
-3.265e-03  -3.265e-03  -2.963e-03  9.249e+00
-8.906e-03  -8.906e-03  -2.963e-03  6.674e+01
-7.376e-03  -7.376e-03  -2.963e-03  5.983e+01
-4.629e-03  -4.629e-03  -0.000e+00  1.000e+02
-7.154e-03  -7.154e-03  -0.000e+00  1.000e+02
-1.132e-02  -1.132e-02  -2.095e-03  8.150e+01
-1.172e-02  -1.172e-02  -0.000e+00  1.000e+02
-1.018e-02  -1.018e-02  -2.963e-03  7.088e+01
-8.739e-03  -8.739e-03  -3.628e-03  5.848e+01
-8.894e-03  -8.894e-03  -0.000e+00  1.000e+02
-1.843e-02  -1.843e-02  -6.625e-03  6.405e+01
-9.466e-03  -9.466e-03  -0.000e+00  1.000e+02
-9.954e-03  -9.954e-03  -2.963e-03  7.024e+01
-2.178e-02  -2.178e-02  -7.838e-03  6.400e+01
-1.204e-02  -1.204e-02  -3.628e-03  6.986e+01
-1.278e-02  -1.278e-02  -2.963e-03  7.681e+01
-2.021e-02  -2.021e-02  -5.925e-03  7.068e+01
-4.570e-03  -4.570e-03  -0.000e+00  1.000e+02
-5.500e-03  -5.500e-03  -0.000e+00  1.000e+02
-1.829e-02  -1.829e-02  -6.285e-03  6.563e+01
-7.234e-03  -7.234e-03  -0.000e+00  1.000e+02
-5.390e-03  -5.390e-03  -0.000e+00  1.000e+02
-1.067e-02  -1.067e-02  -0.000e+00  1.000e+02
-8.337e-03  -8.337e-03  -0.000e+00  1.000e+02
-1.515e-02  -1.515e-02  -4.190e-03  7.234e+01
-2.538e-02  -2.538e-02  -6.948e-03  7.263e+01
-1.237e-02  -1.237e-02  -0.000e+00  1.000e+02
-1.297e-02  -1.297e-02  -2.963e-03  7.715e+01
-2.322e-02  -2.322e-02  -6.285e-03  7.293e+01
-6.221e-03  -6.221e-03  -0.000e+00  1.000e+02
-1.287e-02  -1.287e-02  -3.628e-03  7.180e+01
-2.385e-02  -2.385e-02  -5.925e-03  7.516e+01
========================================================================================

step: 10/15 res:1.9169134735040159, res/res0:0.08543233847447491  dq_norm: [0.00628466 0.00888785 0.0182628 ]

A info: before HHL prepare:
Spectral radius (A): 1.018e+02, lambda_min:6.580730331374925
condition number(A): 1.547e+01, norm2_cond:335.86787894354154
det(A): 4.612e+96
--------------------------------------------------------------------------------

A_hhl info: after scaling by spectral radius:
Spectral radius (A): 1.000e+00, lambda_min:0.06466181583789982
condition number(A): 1.547e+01, norm2_cond:335.86787894353694
det(A): 1.608e-24, nnz: 14 non zeros per row
--------------------------------------------------------------------------------

Size of A & B are not power of 2:
Next 2 power of 60 = 64
Value to be padded = 4
--------------------------------------------------

==================== Print (N)^2 padded matrix system =======================
Padded shape of A: (60, 60)x(60, 60) -> (64, 64)x(64, 64)
Padded shape of B: (60,) -> (64,)
Determinant of padded matrix: 1.6080546615667729e-24
Condition # of padded matrix: 335.86787894353694


Matrix is not Hermitian. Making it Hermitian.......

==================== Print Hermitian matrix system info =======================
Shape of hermitian A: 64x64 -> 128x128
Shape of           B: 64 -> 128
Determinant of Hermitian matrix: 2.585839794586812e-48
Condition # of Hermitian matrix: 335.8678789435393

=================================== Generating HHL circuit ===================================
Time elapsed for generating HHL circuit: 5 min 13.58 sec

Generated circuit: num_qubits=18, gates=23, depth=5
============================== Generated Circuit saved ==============================

============================== Transpiling circuit ==============================
This is using the AerSimulator('aer_simulator_statevector') transpiler.
Time elapsed for transpiling the circuit:  0 min 46.21 sec
Transpiled circuit, num_qubits: 18, (original: 18)
Transpiled circuit depth: 464203 (original: 5)
Transpiled circuit gates: 464355 (original: 23)
============================== Transpiled Circuit saved ==============================
Time elapsed for running the circuit:  2 min 32.46 sec
total_qubits: 18, nq:7

Time elapsed for extracting shots-based hhl counts solution:  0 min 0.00 sec

[HHL info]: linear system residual (e=||Ax-b||_2): 1.4031606936144914
[HHL info]: Fidelity(true_sol, hhl_sol): 0.8303768772216501
[HHL info]: L2 error (absolute): 0.05292691584258119
[HHL info]: L2 error (relative): 0.8741019750186577
[HHL info]: L2 error (normalized): 0.4213070787756308

========================================================================================
 Compare system solutions using LU of A, LU sol of A_herm, HHL of Ax=b hermition system
LU sol 	    Herm LU sol    HHL sol    L1_diff(%)
-2.038e-04  -2.038e-04  -0.000e+00  1.000e+02
-1.807e-04  -1.807e-04  -0.000e+00  1.000e+02
-5.519e-04  -5.519e-04  -0.000e+00  1.000e+02
-7.182e-04  -7.182e-04  -0.000e+00  1.000e+02
-6.765e-04  -6.765e-04  -0.000e+00  1.000e+02
-4.800e-04  -4.800e-04  -0.000e+00  1.000e+02
-1.699e-03  -1.699e-03  -0.000e+00  1.000e+02
-1.704e-03  -1.704e-03  -0.000e+00  1.000e+02
-3.355e-03  -3.355e-03  -0.000e+00  1.000e+02
-4.101e-03  -4.101e-03  -0.000e+00  1.000e+02
-1.140e-03  -1.140e-03  -0.000e+00  1.000e+02
 3.713e-03   3.713e-03   0.000e+00  1.000e+02
 5.334e-03   5.334e-03   8.210e-04  8.461e+01
 9.470e-04   9.470e-04   0.000e+00  1.000e+02
 7.475e-03   7.475e-03   0.000e+00  1.000e+02
-2.164e-03  -2.164e-03  -8.210e-04  6.206e+01
-4.394e-03  -4.394e-03  -8.210e-04  8.131e+01
 6.986e-03   6.986e-03   8.210e-04  8.825e+01
 3.946e-03   3.946e-03   8.210e-04  7.920e+01
 2.897e-03   2.897e-03   0.000e+00  1.000e+02
 6.684e-03   6.684e-03   1.642e-03  7.544e+01
 5.402e-04   5.402e-04   0.000e+00  1.000e+02
 4.397e-04   4.397e-04   0.000e+00  1.000e+02
-1.551e-03  -1.551e-03  -0.000e+00  1.000e+02
-7.837e-03  -7.837e-03  -8.210e-04  8.952e+01
-2.347e-03  -2.347e-03  -0.000e+00  1.000e+02
-7.992e-03  -7.992e-03  -2.011e-03  7.484e+01
-1.451e-03  -1.451e-03  -0.000e+00  1.000e+02
-2.907e-04  -2.907e-04  -0.000e+00  1.000e+02
-5.920e-03  -5.920e-03  -8.210e-04  8.613e+01
-4.377e-03  -4.377e-03  -0.000e+00  1.000e+02
-4.632e-03  -4.632e-03  -8.210e-04  8.228e+01
-7.154e-03  -7.154e-03  -1.161e-03  8.377e+01
-9.194e-03  -9.194e-03  -1.642e-03  8.214e+01
-1.171e-02  -1.171e-02  -2.463e-03  7.897e+01
-7.219e-03  -7.219e-03  -8.210e-04  8.863e+01
-5.096e-03  -5.096e-03  -0.000e+00  1.000e+02
-8.906e-03  -8.906e-03  -1.161e-03  8.696e+01
-1.178e-02  -1.178e-02  -1.836e-03  8.441e+01
-9.479e-03  -9.479e-03  -8.210e-04  9.134e+01
-6.989e-03  -6.989e-03  -1.642e-03  7.651e+01
-1.392e-02  -1.392e-02  -1.642e-03  8.821e+01
-8.389e-03  -8.389e-03  -1.642e-03  8.043e+01
-9.813e-03  -9.813e-03  -1.161e-03  8.817e+01
-1.426e-02  -1.426e-02  -2.172e-03  8.477e+01
-4.560e-03  -4.560e-03  -1.161e-03  7.454e+01
-5.500e-03  -5.500e-03  -0.000e+00  1.000e+02
-1.197e-02  -1.197e-02  -1.161e-03  9.030e+01
-7.241e-03  -7.241e-03  -0.000e+00  1.000e+02
-5.395e-03  -5.395e-03  -0.000e+00  1.000e+02
-1.069e-02  -1.069e-02  -1.422e-03  8.670e+01
-8.359e-03  -8.359e-03  -0.000e+00  1.000e+02
-1.096e-02  -1.096e-02  -1.161e-03  8.941e+01
-1.845e-02  -1.845e-02  -2.960e-03  8.395e+01
-1.239e-02  -1.239e-02  -1.161e-03  9.063e+01
-9.993e-03  -9.993e-03  -1.642e-03  8.357e+01
-1.692e-02  -1.692e-02  -1.642e-03  9.030e+01
-6.219e-03  -6.219e-03  -1.161e-03  8.133e+01
-9.236e-03  -9.236e-03  -8.210e-04  9.111e+01
-1.793e-02  -1.793e-02  -2.463e-03  8.627e+01
========================================================================================

step: 11/15 res:1.508545900570033, res/res0:0.06723235334466997  dq_norm: [0.00357868 0.00418632 0.0064646 ]

A info: before HHL prepare:
Spectral radius (A): 1.018e+02, lambda_min:6.568305950847912
condition number(A): 1.550e+01, norm2_cond:336.0376375541865
det(A): 4.673e+96
--------------------------------------------------------------------------------

A_hhl info: after scaling by spectral radius:
Spectral radius (A): 1.000e+00, lambda_min:0.06453085939578193
condition number(A): 1.550e+01, norm2_cond:336.03763755418424
det(A): 1.616e-24, nnz: 14 non zeros per row
--------------------------------------------------------------------------------

Size of A & B are not power of 2:
Next 2 power of 60 = 64
Value to be padded = 4
--------------------------------------------------

==================== Print (N)^2 padded matrix system =======================
Padded shape of A: (60, 60)x(60, 60) -> (64, 64)x(64, 64)
Padded shape of B: (60,) -> (64,)
Determinant of padded matrix: 1.6159379222009033e-24
Condition # of padded matrix: 336.03763755418424


Matrix is not Hermitian. Making it Hermitian.......

==================== Print Hermitian matrix system info =======================
Shape of hermitian A: 64x64 -> 128x128
Shape of           B: 64 -> 128
Determinant of Hermitian matrix: 2.611255368406824e-48
Condition # of Hermitian matrix: 336.0376375541856

=================================== Generating HHL circuit ===================================
Time elapsed for generating HHL circuit: 5 min 20.63 sec

Generated circuit: num_qubits=18, gates=23, depth=5
============================== Generated Circuit saved ==============================

============================== Transpiling circuit ==============================
This is using the AerSimulator('aer_simulator_statevector') transpiler.
Time elapsed for transpiling the circuit:  0 min 45.71 sec
Transpiled circuit, num_qubits: 18, (original: 18)
Transpiled circuit depth: 464201 (original: 5)
Transpiled circuit gates: 464353 (original: 23)
============================== Transpiled Circuit saved ==============================
Time elapsed for running the circuit:  2 min 30.07 sec
total_qubits: 18, nq:7

Time elapsed for extracting shots-based hhl counts solution:  0 min 0.00 sec

[HHL info]: linear system residual (e=||Ax-b||_2): 1.1870725089926004
[HHL info]: Fidelity(true_sol, hhl_sol): 0.776179641852859
[HHL info]: L2 error (absolute): 0.03742471472720475
[HHL info]: L2 error (relative): 0.7071676337646439
[HHL info]: L2 error (normalized): 0.48783074959318534

========================================================================================
 Compare system solutions using LU of A, LU sol of A_herm, HHL of Ax=b hermition system
LU sol 	    Herm LU sol    HHL sol    L1_diff(%)
-2.041e-04  -2.041e-04  -0.000e+00  1.000e+02
-1.808e-04  -1.808e-04  -0.000e+00  1.000e+02
-5.525e-04  -5.525e-04  -0.000e+00  1.000e+02
-7.189e-04  -7.189e-04  -0.000e+00  1.000e+02
-6.766e-04  -6.766e-04  -0.000e+00  1.000e+02
-4.812e-04  -4.812e-04  -0.000e+00  1.000e+02
-1.700e-03  -1.700e-03  -0.000e+00  1.000e+02
-1.705e-03  -1.705e-03  -0.000e+00  1.000e+02
-3.358e-03  -3.358e-03  -0.000e+00  1.000e+02
-4.101e-03  -4.101e-03  -1.910e-03  5.343e+01
-1.141e-03  -1.141e-03  -0.000e+00  1.000e+02
 3.714e-03   3.714e-03   1.910e-03  4.858e+01
 4.517e-03   4.517e-03   0.000e+00  1.000e+02
 9.461e-04   9.461e-04   0.000e+00  1.000e+02
 7.480e-03   7.480e-03   1.910e-03  7.447e+01
-1.340e-03  -1.340e-03  -0.000e+00  1.000e+02
-3.572e-03  -3.572e-03  -0.000e+00  1.000e+02
 6.171e-03   6.171e-03   0.000e+00  1.000e+02
 3.131e-03   3.131e-03   0.000e+00  1.000e+02
 2.899e-03   2.899e-03   0.000e+00  1.000e+02
 5.049e-03   5.049e-03   1.910e-03  6.218e+01
 5.494e-04   5.494e-04   0.000e+00  1.000e+02
 4.415e-04   4.415e-04   0.000e+00  1.000e+02
-1.533e-03  -1.533e-03  -1.910e-03  2.460e+01
-7.005e-03  -7.005e-03  -3.308e-03  5.278e+01
-2.348e-03  -2.348e-03  -1.910e-03  1.866e+01
-5.957e-03  -5.957e-03  -1.910e-03  6.794e+01
-1.449e-03  -1.449e-03  -0.000e+00  1.000e+02
-2.907e-04  -2.907e-04  -0.000e+00  1.000e+02
-5.096e-03  -5.096e-03  -1.910e-03  6.252e+01
-4.382e-03  -4.382e-03  -0.000e+00  1.000e+02
-3.814e-03  -3.814e-03  -0.000e+00  1.000e+02
-6.002e-03  -6.002e-03  -1.910e-03  6.818e+01
-7.553e-03  -7.553e-03  -2.701e-03  6.424e+01
-9.252e-03  -9.252e-03  -5.053e-03  4.539e+01
-6.416e-03  -6.416e-03  -1.910e-03  7.023e+01
-5.098e-03  -5.098e-03  -3.308e-03  3.512e+01
-7.740e-03  -7.740e-03  -2.701e-03  6.510e+01
-9.942e-03  -9.942e-03  -4.678e-03  5.295e+01
-8.654e-03  -8.654e-03  -3.819e-03  5.586e+01
-5.348e-03  -5.348e-03  -3.308e-03  3.815e+01
-1.229e-02  -1.229e-02  -2.701e-03  7.803e+01
-6.735e-03  -6.735e-03  -0.000e+00  1.000e+02
-8.644e-03  -8.644e-03  -3.819e-03  5.582e+01
-1.208e-02  -1.208e-02  -4.270e-03  6.464e+01
-3.393e-03  -3.393e-03  -0.000e+00  1.000e+02
-5.505e-03  -5.505e-03  -1.910e-03  6.531e+01
-1.080e-02  -1.080e-02  -2.701e-03  7.500e+01
-7.249e-03  -7.249e-03  -0.000e+00  1.000e+02
-5.399e-03  -5.399e-03  -2.701e-03  4.998e+01
-9.265e-03  -9.265e-03  -4.270e-03  5.391e+01
-8.361e-03  -8.361e-03  -0.000e+00  1.000e+02
-9.791e-03  -9.791e-03  -3.819e-03  6.099e+01
-1.548e-02  -1.548e-02  -6.039e-03  6.098e+01
-1.123e-02  -1.123e-02  -0.000e+00  1.000e+02
-8.352e-03  -8.352e-03  -1.910e-03  7.714e+01
-1.529e-02  -1.529e-02  -5.401e-03  6.467e+01
-5.058e-03  -5.058e-03  -0.000e+00  1.000e+02
-8.415e-03  -8.415e-03  -4.270e-03  4.926e+01
-1.547e-02  -1.547e-02  -5.401e-03  6.509e+01
========================================================================================

step: 12/15 res:1.4032318959935377, res/res0:0.06253875511530643  dq_norm: [0.00688558 0.01045994 0.01403348]

A info: before HHL prepare:
Spectral radius (A): 1.018e+02, lambda_min:6.567692964152161
condition number(A): 1.551e+01, norm2_cond:335.52711613488776
det(A): 4.516e+96
--------------------------------------------------------------------------------

A_hhl info: after scaling by spectral radius:
Spectral radius (A): 1.000e+00, lambda_min:0.06449316899805042
condition number(A): 1.551e+01, norm2_cond:335.5271161348897
det(A): 1.516e-24, nnz: 14 non zeros per row
--------------------------------------------------------------------------------

Size of A & B are not power of 2:
Next 2 power of 60 = 64
Value to be padded = 4
--------------------------------------------------

==================== Print (N)^2 padded matrix system =======================
Padded shape of A: (60, 60)x(60, 60) -> (64, 64)x(64, 64)
Padded shape of B: (60,) -> (64,)
Determinant of padded matrix: 1.5162824394497313e-24
Condition # of padded matrix: 335.5271161348897


Matrix is not Hermitian. Making it Hermitian.......

==================== Print Hermitian matrix system info =======================
Shape of hermitian A: 64x64 -> 128x128
Shape of           B: 64 -> 128
Determinant of Hermitian matrix: 2.2991124361836934e-48
Condition # of Hermitian matrix: 335.5271161348865

=================================== Generating HHL circuit ===================================
Time elapsed for generating HHL circuit: 5 min 14.04 sec

Generated circuit: num_qubits=18, gates=23, depth=5
============================== Generated Circuit saved ==============================

============================== Transpiling circuit ==============================
This is using the AerSimulator('aer_simulator_statevector') transpiler.
Time elapsed for transpiling the circuit:  1 min 1.96 sec
Transpiled circuit, num_qubits: 18, (original: 18)
Transpiled circuit depth: 464203 (original: 5)
Transpiled circuit gates: 464355 (original: 23)
============================== Transpiled Circuit saved ==============================
Time elapsed for running the circuit:  2 min 30.21 sec
total_qubits: 18, nq:7

Time elapsed for extracting shots-based hhl counts solution:  0 min 0.00 sec

[HHL info]: linear system residual (e=||Ax-b||_2): 0.8911769673513387
[HHL info]: Fidelity(true_sol, hhl_sol): 0.7092492757102037
[HHL info]: L2 error (absolute): 0.029683722839203903
[HHL info]: L2 error (relative): 0.7920719476947965
[HHL info]: L2 error (normalized): 0.5618373668767304

========================================================================================
 Compare system solutions using LU of A, LU sol of A_herm, HHL of Ax=b hermition system
LU sol 	    Herm LU sol    HHL sol    L1_diff(%)
-2.049e-04  -2.049e-04  -0.000e+00  1.000e+02
-1.816e-04  -1.816e-04  -0.000e+00  1.000e+02
-5.545e-04  -5.545e-04  -0.000e+00  1.000e+02
-7.206e-04  -7.206e-04  -0.000e+00  1.000e+02
-6.770e-04  -6.770e-04  -0.000e+00  1.000e+02
-4.832e-04  -4.832e-04  -0.000e+00  1.000e+02
-1.701e-03  -1.701e-03  -0.000e+00  1.000e+02
-1.707e-03  -1.707e-03  -0.000e+00  1.000e+02
-3.369e-03  -3.369e-03  -1.763e-03  4.766e+01
-2.182e-03  -2.182e-03  -0.000e+00  1.000e+02
-1.137e-03  -1.137e-03  -0.000e+00  1.000e+02
 1.809e-03   1.809e-03   0.000e+00  1.000e+02
 4.522e-03   4.522e-03   1.247e-03  7.243e+01
 9.469e-04   9.469e-04   0.000e+00  1.000e+02
 5.578e-03   5.578e-03   1.247e-03  7.765e+01
-1.339e-03  -1.339e-03  -0.000e+00  1.000e+02
-3.572e-03  -3.572e-03  -1.247e-03  6.509e+01
 6.172e-03   6.172e-03   0.000e+00  1.000e+02
 3.130e-03   3.130e-03   0.000e+00  1.000e+02
 2.898e-03   2.898e-03   0.000e+00  1.000e+02
 3.139e-03   3.139e-03   0.000e+00  1.000e+02
 5.567e-04   5.567e-04   0.000e+00  1.000e+02
 4.424e-04   4.424e-04   0.000e+00  1.000e+02
 3.913e-04   3.913e-04   0.000e+00  1.000e+02
-3.675e-03  -3.675e-03  -0.000e+00  1.000e+02
-4.357e-04  -4.357e-04  -0.000e+00  1.000e+02
-4.036e-03  -4.036e-03  -0.000e+00  1.000e+02
-1.443e-03  -1.443e-03  -0.000e+00  1.000e+02
-2.895e-04  -2.895e-04  -0.000e+00  1.000e+02
-3.176e-03  -3.176e-03  -1.247e-03  6.074e+01
-4.387e-03  -4.387e-03  -1.247e-03  7.158e+01
-3.819e-03  -3.819e-03  -0.000e+00  1.000e+02
-4.100e-03  -4.100e-03  -0.000e+00  1.000e+02
-4.848e-03  -4.848e-03  -1.763e-03  6.363e+01
-4.190e-03  -4.190e-03  -1.763e-03  5.791e+01
-4.520e-03  -4.520e-03  -1.247e-03  7.242e+01
-1.784e-03  -1.784e-03  -0.000e+00  1.000e+02
-5.044e-03  -5.044e-03  -1.247e-03  7.528e+01
-5.270e-03  -5.270e-03  -0.000e+00  1.000e+02
-4.824e-03  -4.824e-03  -2.160e-03  5.523e+01
-2.042e-03  -2.042e-03  -0.000e+00  1.000e+02
-9.618e-03  -9.618e-03  -1.247e-03  8.704e+01
-6.744e-03  -6.744e-03  -1.763e-03  7.385e+01
-4.821e-03  -4.821e-03  -1.247e-03  7.414e+01
-7.809e-03  -7.809e-03  -0.000e+00  1.000e+02
-3.409e-03  -3.409e-03  -0.000e+00  1.000e+02
-3.603e-03  -3.603e-03  -0.000e+00  1.000e+02
-8.130e-03  -8.130e-03  -1.763e-03  7.831e+01
-7.284e-03  -7.284e-03  -1.763e-03  7.579e+01
-2.699e-03  -2.699e-03  -0.000e+00  1.000e+02
-5.022e-03  -5.022e-03  -1.247e-03  7.517e+01
-8.396e-03  -8.396e-03  -1.247e-03  8.515e+01
-5.969e-03  -5.969e-03  -0.000e+00  1.000e+02
-9.443e-03  -9.443e-03  -2.494e-03  7.359e+01
-1.126e-02  -1.126e-02  -4.319e-03  6.163e+01
-6.441e-03  -6.441e-03  -2.160e-03  6.647e+01
-9.883e-03  -9.883e-03  -3.741e-03  6.215e+01
-5.071e-03  -5.071e-03  -1.247e-03  7.541e+01
-4.145e-03  -4.145e-03  -1.247e-03  6.992e+01
-1.009e-02  -1.009e-02  -3.054e-03  6.973e+01
========================================================================================

step: 13/15 res:1.1876641416420914, res/res0:0.05293140579647103  dq_norm: [0.00623427 0.00374056 0.00659773]

A info: before HHL prepare:
Spectral radius (A): 1.019e+02, lambda_min:6.552710714870168
condition number(A): 1.555e+01, norm2_cond:336.25917207238365
det(A): 4.785e+96
--------------------------------------------------------------------------------

A_hhl info: after scaling by spectral radius:
Spectral radius (A): 1.000e+00, lambda_min:0.0643087895060312
condition number(A): 1.555e+01, norm2_cond:336.2591720723793
det(A): 1.552e-24, nnz: 14 non zeros per row
--------------------------------------------------------------------------------

Size of A & B are not power of 2:
Next 2 power of 60 = 64
Value to be padded = 4
--------------------------------------------------

==================== Print (N)^2 padded matrix system =======================
Padded shape of A: (60, 60)x(60, 60) -> (64, 64)x(64, 64)
Padded shape of B: (60,) -> (64,)
Determinant of padded matrix: 1.5518627578408145e-24
Condition # of padded matrix: 336.2591720723793


Matrix is not Hermitian. Making it Hermitian.......

==================== Print Hermitian matrix system info =======================
Shape of hermitian A: 64x64 -> 128x128
Shape of           B: 64 -> 128
Determinant of Hermitian matrix: 2.4082780191732298e-48
Condition # of Hermitian matrix: 336.2591720723801

=================================== Generating HHL circuit ===================================
Time elapsed for generating HHL circuit: 5 min 7.35 sec

Generated circuit: num_qubits=18, gates=23, depth=5
============================== Generated Circuit saved ==============================

============================== Transpiling circuit ==============================
This is using the AerSimulator('aer_simulator_statevector') transpiler.
Time elapsed for transpiling the circuit:  0 min 47.88 sec
Transpiled circuit, num_qubits: 18, (original: 18)
Transpiled circuit depth: 464197 (original: 5)
Transpiled circuit gates: 464349 (original: 23)
============================== Transpiled Circuit saved ==============================
Time elapsed for running the circuit:  2 min 25.34 sec
total_qubits: 18, nq:7

Time elapsed for extracting shots-based hhl counts solution:  0 min 0.00 sec

[HHL info]: linear system residual (e=||Ax-b||_2): 0.7423499123716648
[HHL info]: Fidelity(true_sol, hhl_sol): 0.729265219456799
[HHL info]: L2 error (absolute): 0.02632958221981403
[HHL info]: L2 error (relative): 0.8890921945274916
[HHL info]: L2 error (normalized): 0.5404252612798385

========================================================================================
 Compare system solutions using LU of A, LU sol of A_herm, HHL of Ax=b hermition system
LU sol 	    Herm LU sol    HHL sol    L1_diff(%)
-2.053e-04  -2.053e-04  -0.000e+00  1.000e+02
-1.818e-04  -1.818e-04  -0.000e+00  1.000e+02
-5.554e-04  -5.554e-04  -0.000e+00  1.000e+02
-7.214e-04  -7.214e-04  -0.000e+00  1.000e+02
-6.773e-04  -6.773e-04  -0.000e+00  1.000e+02
-4.848e-04  -4.848e-04  -0.000e+00  1.000e+02
-1.700e-03  -1.700e-03  -0.000e+00  1.000e+02
-1.707e-03  -1.707e-03  -0.000e+00  1.000e+02
-1.603e-03  -1.603e-03  -0.000e+00  1.000e+02
-2.176e-03  -2.176e-03  -0.000e+00  1.000e+02
-1.135e-03  -1.135e-03  -0.000e+00  1.000e+02
 1.823e-03   1.823e-03   0.000e+00  1.000e+02
 3.287e-03   3.287e-03   4.963e-04  8.490e+01
 9.472e-04   9.472e-04   0.000e+00  1.000e+02
 4.355e-03   4.355e-03   0.000e+00  1.000e+02
-1.334e-03  -1.334e-03  -0.000e+00  1.000e+02
-2.325e-03  -2.325e-03  -0.000e+00  1.000e+02
 6.185e-03   6.185e-03   1.216e-03  8.034e+01
 3.132e-03   3.132e-03   0.000e+00  1.000e+02
 2.899e-03   2.899e-03   7.019e-04  7.578e+01
 3.144e-03   3.144e-03   4.963e-04  8.421e+01
 5.568e-04   5.568e-04   0.000e+00  1.000e+02
 4.425e-04   4.425e-04   0.000e+00  1.000e+02
 3.915e-04   3.915e-04   0.000e+00  1.000e+02
-3.675e-03  -3.675e-03  -7.019e-04  8.090e+01
-4.362e-04  -4.362e-04  -0.000e+00  1.000e+02
-4.036e-03  -4.036e-03  -0.000e+00  1.000e+02
-1.441e-03  -1.441e-03  -0.000e+00  1.000e+02
-2.879e-04  -2.879e-04  -0.000e+00  1.000e+02
-1.923e-03  -1.923e-03  -0.000e+00  1.000e+02
-3.138e-03  -3.138e-03  -0.000e+00  1.000e+02
-3.824e-03  -3.824e-03  -9.927e-04  7.404e+01
-4.117e-03  -4.117e-03  -0.000e+00  1.000e+02
-3.081e-03  -3.081e-03  -4.963e-04  8.389e+01
-2.428e-03  -2.428e-03  -0.000e+00  1.000e+02
-3.277e-03  -3.277e-03  -4.963e-04  8.486e+01
-1.766e-03  -1.766e-03  -0.000e+00  1.000e+02
-3.781e-03  -3.781e-03  -4.963e-04  8.687e+01
-5.228e-03  -5.228e-03  -7.019e-04  8.657e+01
-2.642e-03  -2.642e-03  -4.963e-04  8.122e+01
-2.058e-03  -2.058e-03  -4.963e-04  7.588e+01
-8.346e-03  -8.346e-03  -1.489e-03  8.216e+01
-4.972e-03  -4.972e-03  -7.019e-04  8.588e+01
-3.576e-03  -3.576e-03  -0.000e+00  1.000e+02
-7.812e-03  -7.812e-03  -9.927e-04  8.729e+01
-3.397e-03  -3.397e-03  -0.000e+00  1.000e+02
-3.599e-03  -3.599e-03  -7.019e-04  8.049e+01
-6.339e-03  -6.339e-03  -9.927e-04  8.434e+01
-5.477e-03  -5.477e-03  -4.963e-04  9.094e+01
-2.688e-03  -2.688e-03  -0.000e+00  1.000e+02
-3.721e-03  -3.721e-03  -0.000e+00  1.000e+02
-7.104e-03  -7.104e-03  -9.927e-04  8.603e+01
-5.977e-03  -5.977e-03  -4.963e-04  9.170e+01
-6.907e-03  -6.907e-03  -8.597e-04  8.755e+01
-6.884e-03  -6.884e-03  -9.927e-04  8.558e+01
-4.289e-03  -4.289e-03  -8.597e-04  7.996e+01
-6.122e-03  -6.122e-03  -7.019e-04  8.853e+01
-3.813e-03  -3.813e-03  -0.000e+00  1.000e+02
-2.900e-03  -2.900e-03  -0.000e+00  1.000e+02
-7.029e-03  -7.029e-03  -4.963e-04  9.294e+01
========================================================================================

step: 14/15 res:0.8909022384492803, res/res0:0.03970542365886648  dq_norm: [0.0019854  0.00185717 0.00285131]
Completed: 14 steps in 7867.47s
Saved metadata to /lustre/orion/stf006/scratch/4klornl/fvm_euler_1d_solver/output_parallel_shots/nelem20/statevector/shots_150000/trial_1/metadata_nelem20_HHL_statevector_nshots150000.pkl

Solution summary:
  x/L: [0.0250, 0.9750]
  Mach: [1.5000, 2.1545]
  p/p_in: [1.0000, 0.3647]
  rho/rho_in: [1.0000, 0.4863]
Saved combined plot to /lustre/orion/stf006/scratch/4klornl/fvm_euler_1d_solver/output_parallel_shots/nelem20/statevector/shots_150000/trial_1/solution_plot_nelem20_HHL_statevector_nshots150000.png
