
------------------------------------------------------------
Using ideal local simulator with 'statevector' method
Backend: aer_simulator_statevector
Shots: 150000
------------------------------------------------------------

A info: before HHL prepare:
Spectral radius (A): 4.814e+01, lambda_min:3.3136108943482814
condition number(A): 1.453e+01, norm2_cond:197.88017001682982
det(A): 1.276e+38
--------------------------------------------------------------------------------

A_hhl info: after scaling by spectral radius:
Spectral radius (A): 1.000e+00, lambda_min:0.0688269177323334
condition number(A): 1.453e+01, norm2_cond:197.88017001683053
det(A): 4.260e-13, nnz: 11 non zeros per row
--------------------------------------------------------------------------------

Size of A & B are not power of 2:
Next 2 power of 30 = 32
Value to be padded = 2
--------------------------------------------------

==================== Print (N)^2 padded matrix system =======================
Padded shape of A: (30, 30)x(30, 30) -> (32, 32)x(32, 32)
Padded shape of B: (30,) -> (32,)
Determinant of padded matrix: 4.2602079269883554e-13
Condition # of padded matrix: 197.88017001683053


Matrix is not Hermitian. Making it Hermitian.......

==================== Print Hermitian matrix system info =======================
Shape of hermitian A: 32x32 -> 64x64
Shape of           B: 32 -> 64
Determinant of Hermitian matrix: 1.8149371581174162e-25
Condition # of Hermitian matrix: 197.88017001683153

=================================== Generating HHL circuit ===================================
Time elapsed for generating HHL circuit: 0 min 49.60 sec

Generated circuit: num_qubits=16, gates=21, depth=5
============================== Generated Circuit saved ==============================

============================== Transpiling circuit ==============================
This is using the AerSimulator('aer_simulator_statevector') transpiler.
Time elapsed for transpiling the circuit:  0 min 9.64 sec
Transpiled circuit, num_qubits: 16, (original: 16)
Transpiled circuit depth: 103094 (original: 5)
Transpiled circuit gates: 103221 (original: 21)
============================== Transpiled Circuit saved ==============================
Time elapsed for running the circuit:  0 min 20.56 sec
total_qubits: 16, nq:6

Time elapsed for extracting shots-based hhl counts solution:  0 min 0.00 sec

[HHL info]: linear system residual (e=||Ax-b||_2): 7.370972547317621
[HHL info]: Fidelity(true_sol, hhl_sol): 0.9974850487951311
[HHL info]: L2 error (absolute): 0.959517796583672
[HHL info]: L2 error (relative): 0.25264142231359454
[HHL info]: L2 error (normalized): 0.050165071925265474

========================================================================================
 Compare system solutions using LU of A, LU sol of A_herm, HHL of Ax=b hermition system
LU sol 	    Herm LU sol    HHL sol    L1_diff(%)
 4.852e-03   4.852e-03   0.000e+00  1.000e+02
 2.224e-03   2.224e-03   0.000e+00  1.000e+02
 1.012e-02   1.012e-02   0.000e+00  1.000e+02
 6.205e-03   6.205e-03   0.000e+00  1.000e+02
 1.905e-03   1.905e-03   0.000e+00  1.000e+02
 1.125e-02   1.125e-02   0.000e+00  1.000e+02
-2.568e-02  -2.568e-02  -0.000e+00  1.000e+02
-1.823e-02  -1.823e-02  -0.000e+00  1.000e+02
-6.491e-02  -6.491e-02  -0.000e+00  1.000e+02
-1.285e-01  -1.285e-01  -1.430e-01  1.127e+01
-9.623e-02  -9.623e-02  -5.839e-02  3.933e+01
-3.195e-01  -3.195e-01  -2.545e-01  2.035e+01
-3.070e-01  -3.070e-01  -2.261e-01  2.633e+01
-2.851e-01  -2.851e-01  -2.407e-01  1.556e+01
-8.110e-01  -8.110e-01  -6.124e-01  2.449e+01
-4.538e-01  -4.538e-01  -3.503e-01  2.280e+01
-4.624e-01  -4.624e-01  -3.739e-01  1.914e+01
-1.229e+00  -1.229e+00  -9.195e-01  2.517e+01
-5.244e-01  -5.244e-01  -4.291e-01  1.818e+01
-5.482e-01  -5.482e-01  -4.003e-01  2.698e+01
-1.427e+00  -1.427e+00  -1.105e+00  2.258e+01
-5.516e-01  -5.516e-01  -4.291e-01  2.221e+01
-5.798e-01  -5.798e-01  -4.129e-01  2.879e+01
-1.501e+00  -1.501e+00  -1.146e+00  2.367e+01
-5.614e-01  -5.614e-01  -3.646e-01  3.505e+01
-5.902e-01  -5.902e-01  -3.960e-01  3.290e+01
-1.527e+00  -1.527e+00  -1.160e+00  2.398e+01
-5.649e-01  -5.649e-01  -3.917e-01  3.067e+01
-5.937e-01  -5.937e-01  -3.960e-01  3.329e+01
-1.535e+00  -1.535e+00  -1.131e+00  2.636e+01
========================================================================================

step: 0/15 res:15.852040985520478, res/res0:1.0  dq_norm: [0.92137343 0.91952143 2.53844007]

A info: before HHL prepare:
Spectral radius (A): 5.059e+01, lambda_min:4.774803274192645
condition number(A): 1.059e+01, norm2_cond:150.92837893741307
det(A): 6.298e+39
--------------------------------------------------------------------------------

A_hhl info: after scaling by spectral radius:
Spectral radius (A): 1.000e+00, lambda_min:0.0943856564508201
condition number(A): 1.059e+01, norm2_cond:150.92837893741262
det(A): 4.761e-12, nnz: 16 non zeros per row
--------------------------------------------------------------------------------

Size of A & B are not power of 2:
Next 2 power of 30 = 32
Value to be padded = 2
--------------------------------------------------

==================== Print (N)^2 padded matrix system =======================
Padded shape of A: (30, 30)x(30, 30) -> (32, 32)x(32, 32)
Padded shape of B: (30,) -> (32,)
Determinant of padded matrix: 4.76086185628573e-12
Condition # of padded matrix: 150.92837893741262


Matrix is not Hermitian. Making it Hermitian.......

==================== Print Hermitian matrix system info =======================
Shape of hermitian A: 32x32 -> 64x64
Shape of           B: 32 -> 64
Determinant of Hermitian matrix: 2.2665805614636886e-23
Condition # of Hermitian matrix: 150.92837893741302

=================================== Generating HHL circuit ===================================
Time elapsed for generating HHL circuit: 0 min 51.72 sec

Generated circuit: num_qubits=16, gates=21, depth=5
============================== Generated Circuit saved ==============================

============================== Transpiling circuit ==============================
This is using the AerSimulator('aer_simulator_statevector') transpiler.
Time elapsed for transpiling the circuit:  0 min 9.96 sec
Transpiled circuit, num_qubits: 16, (original: 16)
Transpiled circuit depth: 103104 (original: 5)
Transpiled circuit gates: 103231 (original: 21)
============================== Transpiled Circuit saved ==============================
Time elapsed for running the circuit:  0 min 20.28 sec
total_qubits: 16, nq:6

Time elapsed for extracting shots-based hhl counts solution:  0 min 0.00 sec

[HHL info]: linear system residual (e=||Ax-b||_2): 3.0726936518059196
[HHL info]: Fidelity(true_sol, hhl_sol): 0.9789770025360586
[HHL info]: L2 error (absolute): 0.3214514175561424
[HHL info]: L2 error (relative): 0.4485472346478045
[HHL info]: L2 error (normalized): 0.14537766675309732

========================================================================================
 Compare system solutions using LU of A, LU sol of A_herm, HHL of Ax=b hermition system
LU sol 	    Herm LU sol    HHL sol    L1_diff(%)
 3.916e-03   3.916e-03   0.000e+00  1.000e+02
 1.771e-03   1.771e-03   0.000e+00  1.000e+02
 8.135e-03   8.135e-03   1.506e-02  8.511e+01
 4.189e-03   4.189e-03   0.000e+00  1.000e+02
 1.218e-03   1.218e-03   0.000e+00  1.000e+02
 6.554e-03   6.554e-03   0.000e+00  1.000e+02
-2.489e-02  -2.489e-02  -2.608e-02  4.770e+00
-1.706e-02  -1.706e-02  -0.000e+00  1.000e+02
-6.266e-02  -6.266e-02  -5.429e-02  1.336e+01
 2.290e-02   2.290e-02   0.000e+00  1.000e+02
-3.735e-02  -3.735e-02  -1.506e-02  5.968e+01
-4.385e-02  -4.385e-02  -2.608e-02  4.052e+01
-5.834e-02  -5.834e-02  -3.367e-02  4.228e+01
-4.344e-02  -4.344e-02  -0.000e+00  1.000e+02
-1.444e-01  -1.444e-01  -9.035e-02  3.741e+01
-6.855e-02  -6.855e-02  -3.688e-02  4.620e+01
-8.890e-02  -8.890e-02  -5.634e-02  3.663e+01
-2.228e-01  -2.228e-01  -1.380e-01  3.806e+01
-5.296e-02  -5.296e-02  -0.000e+00  1.000e+02
-1.460e-01  -1.460e-01  -8.650e-02  4.076e+01
-2.169e-01  -2.169e-01  -1.137e-01  4.759e+01
-7.626e-02  -7.626e-02  -3.012e-02  6.051e+01
-1.671e-01  -1.671e-01  -8.247e-02  5.063e+01
-2.408e-01  -2.408e-01  -1.287e-01  4.656e+01
-1.505e-01  -1.505e-01  -8.908e-02  4.081e+01
-1.941e-01  -1.941e-01  -1.075e-01  4.460e+01
-2.431e-01  -2.431e-01  -1.421e-01  4.156e+01
-1.244e-01  -1.244e-01  -5.429e-02  5.635e+01
-1.975e-01  -1.975e-01  -1.127e-01  4.295e+01
-2.822e-01  -2.822e-01  -1.622e-01  4.253e+01
========================================================================================

step: 1/15 res:7.855832155491283, res/res0:0.4955722838886761  dq_norm: [0.12232989 0.2048078  0.32713847]

A info: before HHL prepare:
Spectral radius (A): 5.027e+01, lambda_min:4.901872144362119
condition number(A): 1.025e+01, norm2_cond:147.25488829019636
det(A): 5.932e+39
--------------------------------------------------------------------------------

A_hhl info: after scaling by spectral radius:
Spectral radius (A): 1.000e+00, lambda_min:0.0975144475324169
condition number(A): 1.025e+01, norm2_cond:147.25488829019642
det(A): 5.425e-12, nnz: 15 non zeros per row
--------------------------------------------------------------------------------

Size of A & B are not power of 2:
Next 2 power of 30 = 32
Value to be padded = 2
--------------------------------------------------

==================== Print (N)^2 padded matrix system =======================
Padded shape of A: (30, 30)x(30, 30) -> (32, 32)x(32, 32)
Padded shape of B: (30,) -> (32,)
Determinant of padded matrix: 5.4252619242234456e-12
Condition # of padded matrix: 147.25488829019642


Matrix is not Hermitian. Making it Hermitian.......

==================== Print Hermitian matrix system info =======================
Shape of hermitian A: 32x32 -> 64x64
Shape of           B: 32 -> 64
Determinant of Hermitian matrix: 2.9433466946428685e-23
Condition # of Hermitian matrix: 147.25488829019815

=================================== Generating HHL circuit ===================================
Time elapsed for generating HHL circuit: 0 min 52.63 sec

Generated circuit: num_qubits=16, gates=21, depth=5
============================== Generated Circuit saved ==============================

============================== Transpiling circuit ==============================
This is using the AerSimulator('aer_simulator_statevector') transpiler.
Time elapsed for transpiling the circuit:  0 min 9.87 sec
Transpiled circuit, num_qubits: 16, (original: 16)
Transpiled circuit depth: 103110 (original: 5)
Transpiled circuit gates: 103237 (original: 21)
============================== Transpiled Circuit saved ==============================
Time elapsed for running the circuit:  0 min 20.53 sec
total_qubits: 16, nq:6

Time elapsed for extracting shots-based hhl counts solution:  0 min 0.00 sec

[HHL info]: linear system residual (e=||Ax-b||_2): 1.4199781158206692
[HHL info]: Fidelity(true_sol, hhl_sol): 0.9908921744229374
[HHL info]: L2 error (absolute): 0.13221062121297558
[HHL info]: L2 error (relative): 0.4116316980333367
[HHL info]: L2 error (normalized): 0.09554401435664932

========================================================================================
 Compare system solutions using LU of A, LU sol of A_herm, HHL of Ax=b hermition system
LU sol 	    Herm LU sol    HHL sol    L1_diff(%)
 3.753e-03   3.753e-03   0.000e+00  1.000e+02
 1.678e-03   1.678e-03   0.000e+00  1.000e+02
-7.198e-03  -7.198e-03  -0.000e+00  1.000e+02
 3.527e-03   3.527e-03   0.000e+00  1.000e+02
 7.025e-04   7.025e-04   0.000e+00  1.000e+02
 5.144e-03   5.144e-03   0.000e+00  1.000e+02
 8.530e-04   8.530e-04   0.000e+00  1.000e+02
-1.713e-02  -1.713e-02  -1.100e-02  3.576e+01
-9.362e-03  -9.362e-03  -1.271e-02  3.572e+01
 2.459e-02   2.459e-02   1.100e-02  5.525e+01
-2.143e-02  -2.143e-02  -8.984e-03  5.808e+01
-1.480e-02  -1.480e-02  -1.556e-02  5.131e+00
-2.310e-02  -2.310e-02  -1.797e-02  2.220e+01
-4.459e-02  -4.459e-02  -2.911e-02  3.472e+01
-5.013e-02  -5.013e-02  -3.112e-02  3.791e+01
-3.089e-02  -3.089e-02  -2.377e-02  2.304e+01
-3.149e-02  -3.149e-02  -1.797e-02  4.294e+01
-8.318e-02  -8.318e-02  -5.353e-02  3.565e+01
-5.257e-02  -5.257e-02  -3.649e-02  3.058e+01
-6.074e-02  -6.074e-02  -4.018e-02  3.386e+01
-1.019e-01  -1.019e-01  -6.126e-02  3.987e+01
-4.579e-02  -4.579e-02  -2.619e-02  4.280e+01
-8.413e-02  -8.413e-02  -4.581e-02  4.555e+01
-1.117e-01  -1.117e-01  -6.447e-02  4.225e+01
-5.984e-02  -5.984e-02  -3.362e-02  4.382e+01
-8.665e-02  -8.665e-02  -5.315e-02  3.866e+01
-1.044e-01  -1.044e-01  -5.925e-02  4.326e+01
-7.095e-02  -7.095e-02  -4.018e-02  4.337e+01
-8.481e-02  -8.481e-02  -4.796e-02  4.345e+01
-1.216e-01  -1.216e-01  -6.988e-02  4.254e+01
========================================================================================

step: 2/15 res:3.0777334328756125, res/res0:0.19415376453334093  dq_norm: [0.07596835 0.10104736 0.14332554]

A info: before HHL prepare:
Spectral radius (A): 5.050e+01, lambda_min:4.493386581215961
condition number(A): 1.124e+01, norm2_cond:150.61240134491646
det(A): 7.422e+39
--------------------------------------------------------------------------------

A_hhl info: after scaling by spectral radius:
Spectral radius (A): 1.000e+00, lambda_min:0.08897669007450616
condition number(A): 1.124e+01, norm2_cond:150.6124013449168
det(A): 5.910e-12, nnz: 13 non zeros per row
--------------------------------------------------------------------------------

Size of A & B are not power of 2:
Next 2 power of 30 = 32
Value to be padded = 2
--------------------------------------------------

==================== Print (N)^2 padded matrix system =======================
Padded shape of A: (30, 30)x(30, 30) -> (32, 32)x(32, 32)
Padded shape of B: (30,) -> (32,)
Determinant of padded matrix: 5.910490619652299e-12
Condition # of padded matrix: 150.6124013449168


Matrix is not Hermitian. Making it Hermitian.......

==================== Print Hermitian matrix system info =======================
Shape of hermitian A: 32x32 -> 64x64
Shape of           B: 32 -> 64
Determinant of Hermitian matrix: 3.4933899364997575e-23
Condition # of Hermitian matrix: 150.61240134491783

=================================== Generating HHL circuit ===================================
Time elapsed for generating HHL circuit: 0 min 51.66 sec

Generated circuit: num_qubits=16, gates=21, depth=5
============================== Generated Circuit saved ==============================

============================== Transpiling circuit ==============================
This is using the AerSimulator('aer_simulator_statevector') transpiler.
Time elapsed for transpiling the circuit:  0 min 9.88 sec
Transpiled circuit, num_qubits: 16, (original: 16)
Transpiled circuit depth: 103108 (original: 5)
Transpiled circuit gates: 103235 (original: 21)
============================== Transpiled Circuit saved ==============================
Time elapsed for running the circuit:  0 min 20.51 sec
total_qubits: 16, nq:6

Time elapsed for extracting shots-based hhl counts solution:  0 min 0.00 sec

[HHL info]: linear system residual (e=||Ax-b||_2): 0.8482129136999761
[HHL info]: Fidelity(true_sol, hhl_sol): 0.9842161104958812
[HHL info]: L2 error (absolute): 0.06438825390205091
[HHL info]: L2 error (relative): 0.487535069532391
[HHL info]: L2 error (normalized): 0.12588355226792153

========================================================================================
 Compare system solutions using LU of A, LU sol of A_herm, HHL of Ax=b hermition system
LU sol 	    Herm LU sol    HHL sol    L1_diff(%)
 3.759e-03   3.759e-03   4.445e-03  1.825e+01
 1.666e-03   1.666e-03   0.000e+00  1.000e+02
-7.214e-03  -7.214e-03  -5.132e-03  2.885e+01
 3.814e-03   3.814e-03   2.566e-03  3.272e+01
 9.091e-04   9.091e-04   0.000e+00  1.000e+02
 5.885e-03   5.885e-03   0.000e+00  1.000e+02
 1.395e-03   1.395e-03   0.000e+00  1.000e+02
-6.304e-03  -6.304e-03  -5.132e-03  1.858e+01
 4.130e-03   4.130e-03   0.000e+00  1.000e+02
 1.448e-02   1.448e-02   3.629e-03  7.493e+01
-1.245e-02  -1.245e-02  -8.511e-03  3.166e+01
 1.814e-03   1.814e-03   0.000e+00  1.000e+02
-4.456e-03  -4.456e-03  -3.629e-03  1.857e+01
-1.506e-02  -1.506e-02  -9.939e-03  3.402e+01
-1.801e-02  -1.801e-02  -1.058e-02  4.126e+01
-6.597e-03  -6.597e-03  -5.132e-03  2.220e+01
-1.367e-02  -1.367e-02  -8.889e-03  3.499e+01
-2.855e-02  -2.855e-02  -1.582e-02  4.460e+01
-1.582e-02  -1.582e-02  -8.511e-03  4.622e+01
-2.069e-02  -2.069e-02  -1.119e-02  4.594e+01
-4.077e-02  -4.077e-02  -2.004e-02  5.084e+01
-1.975e-02  -1.975e-02  -8.889e-03  5.499e+01
-3.835e-02  -3.835e-02  -1.868e-02  5.128e+01
-4.740e-02  -4.740e-02  -2.461e-02  4.808e+01
-2.596e-02  -2.596e-02  -1.257e-02  5.158e+01
-3.325e-02  -3.325e-02  -1.740e-02  4.765e+01
-4.585e-02  -4.585e-02  -2.514e-02  4.516e+01
-2.994e-02  -2.994e-02  -1.429e-02  5.228e+01
-3.679e-02  -3.679e-02  -2.021e-02  4.508e+01
-5.195e-02  -5.195e-02  -2.553e-02  5.085e+01
========================================================================================

step: 3/15 res:1.4199487031155138, res/res0:0.08957513448347244  dq_norm: [0.02434452 0.03823459 0.05176988]

A info: before HHL prepare:
Spectral radius (A): 5.052e+01, lambda_min:4.343495448113928
condition number(A): 1.163e+01, norm2_cond:152.19699658279842
det(A): 7.368e+39
--------------------------------------------------------------------------------

A_hhl info: after scaling by spectral radius:
Spectral radius (A): 1.000e+00, lambda_min:0.08598218848066552
condition number(A): 1.163e+01, norm2_cond:152.19699658279825
det(A): 5.813e-12, nnz: 13 non zeros per row
--------------------------------------------------------------------------------

Size of A & B are not power of 2:
Next 2 power of 30 = 32
Value to be padded = 2
--------------------------------------------------

==================== Print (N)^2 padded matrix system =======================
Padded shape of A: (30, 30)x(30, 30) -> (32, 32)x(32, 32)
Padded shape of B: (30,) -> (32,)
Determinant of padded matrix: 5.812963985087031e-12
Condition # of padded matrix: 152.19699658279825


Matrix is not Hermitian. Making it Hermitian.......

==================== Print Hermitian matrix system info =======================
Shape of hermitian A: 32x32 -> 64x64
Shape of           B: 32 -> 64
Determinant of Hermitian matrix: 3.379055029191986e-23
Condition # of Hermitian matrix: 152.19699658279902

=================================== Generating HHL circuit ===================================
Time elapsed for generating HHL circuit: 0 min 52.15 sec

Generated circuit: num_qubits=16, gates=21, depth=5
============================== Generated Circuit saved ==============================

============================== Transpiling circuit ==============================
This is using the AerSimulator('aer_simulator_statevector') transpiler.
Time elapsed for transpiling the circuit:  0 min 9.68 sec
Transpiled circuit, num_qubits: 16, (original: 16)
Transpiled circuit depth: 103104 (original: 5)
Transpiled circuit gates: 103231 (original: 21)
============================== Transpiled Circuit saved ==============================
Time elapsed for running the circuit:  0 min 20.43 sec
total_qubits: 16, nq:6

Time elapsed for extracting shots-based hhl counts solution:  0 min 0.00 sec

[HHL info]: linear system residual (e=||Ax-b||_2): 0.6238527158721946
[HHL info]: Fidelity(true_sol, hhl_sol): 0.9759505412348654
[HHL info]: L2 error (absolute): 0.04753827113981109
[HHL info]: L2 error (relative): 0.7366939736554942
[HHL info]: L2 error (normalized): 0.15555005036757077

========================================================================================
 Compare system solutions using LU of A, LU sol of A_herm, HHL of Ax=b hermition system
LU sol 	    Herm LU sol    HHL sol    L1_diff(%)
-6.661e-04  -6.661e-04  -0.000e+00  1.000e+02
 1.674e-03   1.674e-03   1.178e-03  2.964e+01
-2.087e-03  -2.087e-03  -8.331e-04  6.008e+01
 1.403e-03   1.403e-03   0.000e+00  1.000e+02
 9.868e-04   9.868e-04   0.000e+00  1.000e+02
 6.222e-03   6.222e-03   1.178e-03  8.106e+01
 1.714e-03   1.714e-03   0.000e+00  1.000e+02
-1.138e-03  -1.138e-03  -0.000e+00  1.000e+02
 4.875e-03   4.875e-03   0.000e+00  1.000e+02
 1.120e-02   1.120e-02   3.004e-03  7.318e+01
-3.981e-03  -3.981e-03  -1.443e-03  6.376e+01
 2.480e-03   2.480e-03   0.000e+00  1.000e+02
-6.954e-04  -6.954e-04  -0.000e+00  1.000e+02
-5.087e-03  -5.087e-03  -8.331e-04  8.362e+01
-7.174e-03  -7.174e-03  -2.041e-03  7.155e+01
-1.411e-03  -1.411e-03  -0.000e+00  1.000e+02
-4.752e-03  -4.752e-03  -8.331e-04  8.247e+01
-1.260e-02  -1.260e-02  -4.563e-03  6.379e+01
-7.307e-03  -7.307e-03  -2.041e-03  7.207e+01
-9.522e-03  -9.522e-03  -2.634e-03  7.233e+01
-2.072e-02  -2.072e-02  -5.399e-03  7.395e+01
-1.085e-02  -1.085e-02  -3.535e-03  6.742e+01
-1.961e-02  -1.961e-02  -5.334e-03  7.280e+01
-2.274e-02  -2.274e-02  -6.178e-03  7.283e+01
-1.332e-02  -1.332e-02  -3.227e-03  7.578e+01
-1.585e-02  -1.585e-02  -4.408e-03  7.218e+01
-2.079e-02  -2.079e-02  -5.334e-03  7.434e+01
-1.558e-02  -1.558e-02  -4.165e-03  7.326e+01
-1.658e-02  -1.658e-02  -3.535e-03  7.868e+01
-2.659e-02  -2.659e-02  -7.069e-03  7.342e+01
========================================================================================

step: 4/15 res:0.8482186235403888, res/res0:0.05350848034743072  dq_norm: [0.0073104  0.00849596 0.01314605]

A info: before HHL prepare:
Spectral radius (A): 5.050e+01, lambda_min:4.307421036709971
condition number(A): 1.172e+01, norm2_cond:152.61358246987336
det(A): 7.502e+39
--------------------------------------------------------------------------------

A_hhl info: after scaling by spectral radius:
Spectral radius (A): 1.000e+00, lambda_min:0.08529519217595008
condition number(A): 1.172e+01, norm2_cond:152.61358246987447
det(A): 5.976e-12, nnz: 13 non zeros per row
--------------------------------------------------------------------------------

Size of A & B are not power of 2:
Next 2 power of 30 = 32
Value to be padded = 2
--------------------------------------------------

==================== Print (N)^2 padded matrix system =======================
Padded shape of A: (30, 30)x(30, 30) -> (32, 32)x(32, 32)
Padded shape of B: (30,) -> (32,)
Determinant of padded matrix: 5.9760637287992e-12
Condition # of padded matrix: 152.61358246987447


Matrix is not Hermitian. Making it Hermitian.......

==================== Print Hermitian matrix system info =======================
Shape of hermitian A: 32x32 -> 64x64
Shape of           B: 32 -> 64
Determinant of Hermitian matrix: 3.571333769066889e-23
Condition # of Hermitian matrix: 152.61358246987436

=================================== Generating HHL circuit ===================================
Time elapsed for generating HHL circuit: 0 min 52.06 sec

Generated circuit: num_qubits=16, gates=21, depth=5
============================== Generated Circuit saved ==============================

============================== Transpiling circuit ==============================
This is using the AerSimulator('aer_simulator_statevector') transpiler.
Time elapsed for transpiling the circuit:  0 min 9.84 sec
Transpiled circuit, num_qubits: 16, (original: 16)
Transpiled circuit depth: 103104 (original: 5)
Transpiled circuit gates: 103231 (original: 21)
============================== Transpiled Circuit saved ==============================
Time elapsed for running the circuit:  0 min 20.44 sec
total_qubits: 16, nq:6

Time elapsed for extracting shots-based hhl counts solution:  0 min 0.00 sec

[HHL info]: linear system residual (e=||Ax-b||_2): 0.5418869507905469
[HHL info]: Fidelity(true_sol, hhl_sol): 0.9702830418291775
[HHL info]: L2 error (absolute): 0.04146795918642607
[HHL info]: L2 error (relative): 0.8724697096744654
[HHL info]: L2 error (normalized): 0.17303489580528666

========================================================================================
 Compare system solutions using LU of A, LU sol of A_herm, HHL of Ax=b hermition system
LU sol 	    Herm LU sol    HHL sol    L1_diff(%)
-6.684e-04  -6.684e-04  -0.000e+00  1.000e+02
 4.950e-04   4.950e-04   0.000e+00  1.000e+02
-1.260e-03  -1.260e-03  -2.836e-04  7.749e+01
 1.418e-03   1.418e-03   0.000e+00  1.000e+02
 9.971e-04   9.971e-04   0.000e+00  1.000e+02
 5.077e-03   5.077e-03   5.672e-04  8.883e+01
 1.775e-03   1.775e-03   0.000e+00  1.000e+02
-1.122e-03  -1.122e-03  -2.836e-04  7.473e+01
 4.996e-03   4.996e-03   2.836e-04  9.432e+01
 8.289e-03   8.289e-03   9.405e-04  8.865e+01
-2.545e-03  -2.545e-03  -4.010e-04  8.424e+01
 2.582e-03   2.582e-03   0.000e+00  1.000e+02
-6.643e-04  -6.643e-04  -0.000e+00  1.000e+02
-4.246e-03  -4.246e-03  -6.946e-04  8.364e+01
-5.094e-03  -5.094e-03  -8.507e-04  8.330e+01
-1.399e-03  -1.399e-03  -0.000e+00  1.000e+02
-3.910e-03  -3.910e-03  -6.946e-04  8.223e+01
-8.015e-03  -8.015e-03  -1.389e-03  8.267e+01
-5.270e-03  -5.270e-03  -7.503e-04  8.576e+01
-6.894e-03  -6.894e-03  -9.823e-04  8.575e+01
-1.534e-02  -1.534e-02  -2.215e-03  8.556e+01
-7.318e-03  -7.318e-03  -8.021e-04  8.904e+01
-1.427e-02  -1.427e-02  -1.794e-03  8.743e+01
-1.658e-02  -1.658e-02  -2.321e-03  8.600e+01
-1.007e-02  -1.007e-02  -9.823e-04  9.025e+01
-1.142e-02  -1.142e-02  -1.527e-03  8.663e+01
-1.545e-02  -1.545e-02  -1.579e-03  8.978e+01
-1.135e-02  -1.135e-02  -1.389e-03  8.776e+01
-1.304e-02  -1.304e-02  -1.881e-03  8.557e+01
-1.947e-02  -1.947e-02  -2.423e-03  8.756e+01
========================================================================================

step: 5/15 res:0.6241224885275037, res/res0:0.03937174330406966  dq_norm: [0.00223289 0.00335533 0.00466827]

A info: before HHL prepare:
Spectral radius (A): 5.049e+01, lambda_min:4.2953334424855845
condition number(A): 1.175e+01, norm2_cond:152.78203694453734
det(A): 7.477e+39
--------------------------------------------------------------------------------

A_hhl info: after scaling by spectral radius:
Spectral radius (A): 1.000e+00, lambda_min:0.08507094256852851
condition number(A): 1.175e+01, norm2_cond:152.78203694453683
det(A): 5.988e-12, nnz: 13 non zeros per row
--------------------------------------------------------------------------------

Size of A & B are not power of 2:
Next 2 power of 30 = 32
Value to be padded = 2
--------------------------------------------------

==================== Print (N)^2 padded matrix system =======================
Padded shape of A: (30, 30)x(30, 30) -> (32, 32)x(32, 32)
Padded shape of B: (30,) -> (32,)
Determinant of padded matrix: 5.987964680960707e-12
Condition # of padded matrix: 152.78203694453683


Matrix is not Hermitian. Making it Hermitian.......

==================== Print Hermitian matrix system info =======================
Shape of hermitian A: 32x32 -> 64x64
Shape of           B: 32 -> 64
Determinant of Hermitian matrix: 3.5855721020433117e-23
Condition # of Hermitian matrix: 152.78203694453686

=================================== Generating HHL circuit ===================================
Time elapsed for generating HHL circuit: 0 min 52.75 sec

Generated circuit: num_qubits=16, gates=21, depth=5
============================== Generated Circuit saved ==============================

============================== Transpiling circuit ==============================
This is using the AerSimulator('aer_simulator_statevector') transpiler.
Time elapsed for transpiling the circuit:  0 min 9.57 sec
Transpiled circuit, num_qubits: 16, (original: 16)
Transpiled circuit depth: 103104 (original: 5)
Transpiled circuit gates: 103231 (original: 21)
============================== Transpiled Circuit saved ==============================
Time elapsed for running the circuit:  0 min 20.48 sec
total_qubits: 16, nq:6

Time elapsed for extracting shots-based hhl counts solution:  0 min 0.00 sec

[HHL info]: linear system residual (e=||Ax-b||_2): 0.4515507563280261
[HHL info]: Fidelity(true_sol, hhl_sol): 0.9702375622472417
[HHL info]: L2 error (absolute): 0.03564284250510895
[HHL info]: L2 error (relative): 0.8593003148965237
[HHL info]: L2 error (normalized): 0.17316826063334398

========================================================================================
 Compare system solutions using LU of A, LU sol of A_herm, HHL of Ax=b hermition system
LU sol 	    Herm LU sol    HHL sol    L1_diff(%)
-6.684e-04  -6.684e-04  -0.000e+00  1.000e+02
 4.950e-04   4.950e-04   0.000e+00  1.000e+02
-9.767e-04  -9.767e-04  -0.000e+00  1.000e+02
 1.424e-03   1.424e-03   0.000e+00  1.000e+02
 1.000e-03   1.000e-03   2.743e-04  7.258e+01
 4.523e-03   4.523e-03   6.133e-04  8.644e+01
 1.792e-03   1.792e-03   0.000e+00  1.000e+02
-8.356e-04  -8.356e-04  -0.000e+00  1.000e+02
 4.749e-03   4.749e-03   3.879e-04  9.183e+01
 7.372e-03   7.372e-03   9.501e-04  8.711e+01
-2.145e-03  -2.145e-03  -3.879e-04  8.192e+01
 2.609e-03   2.609e-03   0.000e+00  1.000e+02
-6.563e-04  -6.563e-04  -0.000e+00  1.000e+02
-3.549e-03  -3.549e-03  -4.751e-04  8.662e+01
-4.232e-03  -4.232e-03  -9.501e-04  7.755e+01
-1.395e-03  -1.395e-03  -2.743e-04  8.034e+01
-3.212e-03  -3.212e-03  -8.673e-04  7.300e+01
-6.618e-03  -6.618e-03  -9.889e-04  8.506e+01
-4.519e-03  -4.519e-03  -8.228e-04  8.179e+01
-5.913e-03  -5.913e-03  -8.228e-04  8.608e+01
-1.312e-02  -1.312e-02  -2.142e-03  8.367e+01
-6.516e-03  -6.516e-03  -9.501e-04  8.542e+01
-1.247e-02  -1.247e-02  -1.860e-03  8.508e+01
-1.425e-02  -1.425e-02  -2.089e-03  8.534e+01
-9.086e-03  -9.086e-03  -1.344e-03  8.521e+01
-9.897e-03  -9.897e-03  -1.399e-03  8.587e+01
-1.388e-02  -1.388e-02  -1.819e-03  8.689e+01
-9.958e-03  -9.958e-03  -1.315e-03  8.679e+01
-1.115e-02  -1.115e-02  -1.164e-03  8.957e+01
-1.705e-02  -1.705e-02  -2.422e-03  8.579e+01
========================================================================================

step: 6/15 res:0.5419062798019787, res/res0:0.03418526865385757  dq_norm: [0.0024685  0.0029413  0.00453181]

A info: before HHL prepare:
Spectral radius (A): 5.049e+01, lambda_min:4.286233033882389
condition number(A): 1.178e+01, norm2_cond:152.9264991375933
det(A): 7.527e+39
--------------------------------------------------------------------------------

A_hhl info: after scaling by spectral radius:
Spectral radius (A): 1.000e+00, lambda_min:0.08489371858773073
condition number(A): 1.178e+01, norm2_cond:152.92649913759354
det(A): 6.034e-12, nnz: 13 non zeros per row
--------------------------------------------------------------------------------

Size of A & B are not power of 2:
Next 2 power of 30 = 32
Value to be padded = 2
--------------------------------------------------

==================== Print (N)^2 padded matrix system =======================
Padded shape of A: (30, 30)x(30, 30) -> (32, 32)x(32, 32)
Padded shape of B: (30,) -> (32,)
Determinant of padded matrix: 6.034324420072293e-12
Condition # of padded matrix: 152.92649913759354


Matrix is not Hermitian. Making it Hermitian.......

==================== Print Hermitian matrix system info =======================
Shape of hermitian A: 32x32 -> 64x64
Shape of           B: 32 -> 64
Determinant of Hermitian matrix: 3.6413071206680813e-23
Condition # of Hermitian matrix: 152.92649913759448

=================================== Generating HHL circuit ===================================
Time elapsed for generating HHL circuit: 0 min 51.99 sec

Generated circuit: num_qubits=16, gates=21, depth=5
============================== Generated Circuit saved ==============================

============================== Transpiling circuit ==============================
This is using the AerSimulator('aer_simulator_statevector') transpiler.
Time elapsed for transpiling the circuit:  0 min 10.54 sec
Transpiled circuit, num_qubits: 16, (original: 16)
Transpiled circuit depth: 103104 (original: 5)
Transpiled circuit gates: 103231 (original: 21)
============================== Transpiled Circuit saved ==============================
Time elapsed for running the circuit:  0 min 20.35 sec
total_qubits: 16, nq:6

Time elapsed for extracting shots-based hhl counts solution:  0 min 0.00 sec

[HHL info]: linear system residual (e=||Ax-b||_2): 0.3833601671743402
[HHL info]: Fidelity(true_sol, hhl_sol): 0.981540386732183
[HHL info]: L2 error (absolute): 0.030563384922745077
[HHL info]: L2 error (relative): 0.8575535724532012
[HHL info]: L2 error (normalized): 0.13618222376563996

========================================================================================
 Compare system solutions using LU of A, LU sol of A_herm, HHL of Ax=b hermition system
LU sol 	    Herm LU sol    HHL sol    L1_diff(%)
-6.688e-04  -6.688e-04  -0.000e+00  1.000e+02
 4.948e-04   4.948e-04   0.000e+00  1.000e+02
-9.779e-04  -9.779e-04  -0.000e+00  1.000e+02
 1.428e-03   1.428e-03   0.000e+00  1.000e+02
 7.287e-04   7.287e-04   0.000e+00  1.000e+02
 3.919e-03   3.919e-03   5.578e-04  8.577e+01
 1.806e-03   1.806e-03   0.000e+00  1.000e+02
-8.324e-04  -8.324e-04  -2.277e-04  7.265e+01
 4.391e-03   4.391e-03   3.944e-04  9.102e+01
 6.443e-03   6.443e-03   7.888e-04  8.776e+01
-1.758e-03  -1.758e-03  -3.220e-04  8.169e+01
 2.633e-03   2.633e-03   3.220e-04  8.777e+01
-6.488e-04  -6.488e-04  -0.000e+00  1.000e+02
-3.072e-03  -3.072e-03  -3.220e-04  8.952e+01
-3.271e-03  -3.271e-03  -5.092e-04  8.444e+01
-1.118e-03  -1.118e-03  -3.220e-04  7.120e+01
-2.343e-03  -2.343e-03  -2.277e-04  9.028e+01
-5.623e-03  -5.623e-03  -9.926e-04  8.235e+01
-3.697e-03  -3.697e-03  -6.025e-04  8.370e+01
-5.092e-03  -5.092e-03  -7.888e-04  8.451e+01
-1.098e-02  -1.098e-02  -1.673e-03  8.476e+01
-5.565e-03  -5.565e-03  -8.520e-04  8.469e+01
-1.060e-02  -1.060e-02  -1.594e-03  8.497e+01
-1.216e-02  -1.216e-02  -1.836e-03  8.491e+01
-7.733e-03  -7.733e-03  -1.068e-03  8.619e+01
-8.498e-03  -8.498e-03  -1.288e-03  8.484e+01
-1.206e-02  -1.206e-02  -1.719e-03  8.575e+01
-8.631e-03  -8.631e-03  -1.018e-03  8.820e+01
-9.989e-03  -9.989e-03  -1.594e-03  8.404e+01
-1.462e-02  -1.462e-02  -1.932e-03  8.678e+01
========================================================================================

step: 7/15 res:0.45155505201145735, res/res0:0.02848560967158206  dq_norm: [0.00199816 0.00277024 0.00383071]

A info: before HHL prepare:
Spectral radius (A): 5.049e+01, lambda_min:4.273344641518992
condition number(A): 1.181e+01, norm2_cond:153.08670132636502
det(A): 7.531e+39
--------------------------------------------------------------------------------

A_hhl info: after scaling by spectral radius:
Spectral radius (A): 1.000e+00, lambda_min:0.084638541800235
condition number(A): 1.181e+01, norm2_cond:153.08670132636547
det(A): 6.037e-12, nnz: 13 non zeros per row
--------------------------------------------------------------------------------

Size of A & B are not power of 2:
Next 2 power of 30 = 32
Value to be padded = 2
--------------------------------------------------

==================== Print (N)^2 padded matrix system =======================
Padded shape of A: (30, 30)x(30, 30) -> (32, 32)x(32, 32)
Padded shape of B: (30,) -> (32,)
Determinant of padded matrix: 6.03717597340297e-12
Condition # of padded matrix: 153.08670132636547


Matrix is not Hermitian. Making it Hermitian.......

==================== Print Hermitian matrix system info =======================
Shape of hermitian A: 32x32 -> 64x64
Shape of           B: 32 -> 64
Determinant of Hermitian matrix: 3.6447493733833587e-23
Condition # of Hermitian matrix: 153.08670132636541

=================================== Generating HHL circuit ===================================
Time elapsed for generating HHL circuit: 0 min 51.46 sec

Generated circuit: num_qubits=16, gates=21, depth=5
============================== Generated Circuit saved ==============================

============================== Transpiling circuit ==============================
This is using the AerSimulator('aer_simulator_statevector') transpiler.
Time elapsed for transpiling the circuit:  0 min 9.68 sec
Transpiled circuit, num_qubits: 16, (original: 16)
Transpiled circuit depth: 103104 (original: 5)
Transpiled circuit gates: 103231 (original: 21)
============================== Transpiled Circuit saved ==============================
Time elapsed for running the circuit:  0 min 20.43 sec
total_qubits: 16, nq:6

Time elapsed for extracting shots-based hhl counts solution:  0 min 0.00 sec

[HHL info]: linear system residual (e=||Ax-b||_2): 0.33018300428624014
[HHL info]: Fidelity(true_sol, hhl_sol): 0.9816530906892115
[HHL info]: L2 error (absolute): 0.026400774116738822
[HHL info]: L2 error (relative): 0.8635056014849204
[HHL info]: L2 error (normalized): 0.1357639219948071

========================================================================================
 Compare system solutions using LU of A, LU sol of A_herm, HHL of Ax=b hermition system
LU sol 	    Herm LU sol    HHL sol    L1_diff(%)
-6.686e-04  -6.686e-04  -0.000e+00  1.000e+02
 4.949e-04   4.949e-04   0.000e+00  1.000e+02
-9.778e-04  -9.778e-04  -3.223e-04  6.704e+01
 1.433e-03   1.433e-03   2.631e-04  8.163e+01
 7.311e-04   7.311e-04   1.861e-04  7.455e+01
 3.372e-03   3.372e-03   4.557e-04  8.648e+01
 1.817e-03   1.817e-03   2.631e-04  8.552e+01
-6.034e-04  -6.034e-04  -2.631e-04  5.639e+01
 4.021e-03   4.021e-03   4.557e-04  8.867e+01
 5.668e-03   5.668e-03   8.110e-04  8.569e+01
-1.437e-03  -1.437e-03  -0.000e+00  1.000e+02
 2.330e-03   2.330e-03   1.861e-04  9.201e+01
-6.434e-04  -6.434e-04  -0.000e+00  1.000e+02
-2.748e-03  -2.748e-03  -2.631e-04  9.042e+01
-2.754e-03  -2.754e-03  -5.263e-04  8.089e+01
-7.945e-04  -7.945e-04  -1.861e-04  7.658e+01
-2.115e-03  -2.115e-03  -4.160e-04  8.033e+01
-4.626e-03  -4.626e-03  -6.708e-04  8.550e+01
-3.095e-03  -3.095e-03  -5.582e-04  8.197e+01
-4.304e-03  -4.304e-03  -6.171e-04  8.566e+01
-9.305e-03  -9.305e-03  -1.248e-03  8.659e+01
-4.712e-03  -4.712e-03  -4.923e-04  8.955e+01
-9.007e-03  -9.007e-03  -1.262e-03  8.599e+01
-1.033e-02  -1.033e-02  -1.302e-03  8.739e+01
-6.662e-03  -6.662e-03  -8.110e-04  8.783e+01
-7.211e-03  -7.211e-03  -1.036e-03  8.563e+01
-1.035e-02  -1.035e-02  -1.392e-03  8.654e+01
-7.613e-03  -7.613e-03  -1.019e-03  8.661e+01
-8.395e-03  -8.395e-03  -1.101e-03  8.689e+01
-1.269e-02  -1.269e-02  -1.907e-03  8.498e+01
========================================================================================

step: 8/15 res:0.3833685736959352, res/res0:0.024184177548248236  dq_norm: [0.00175527 0.00214573 0.00317936]

A info: before HHL prepare:
Spectral radius (A): 5.049e+01, lambda_min:4.259831988010758
condition number(A): 1.185e+01, norm2_cond:153.19662113380414
det(A): 7.536e+39
--------------------------------------------------------------------------------

A_hhl info: after scaling by spectral radius:
Spectral radius (A): 1.000e+00, lambda_min:0.08437462624574915
condition number(A): 1.185e+01, norm2_cond:153.1966211338028
det(A): 6.049e-12, nnz: 13 non zeros per row
--------------------------------------------------------------------------------

Size of A & B are not power of 2:
Next 2 power of 30 = 32
Value to be padded = 2
--------------------------------------------------

==================== Print (N)^2 padded matrix system =======================
Padded shape of A: (30, 30)x(30, 30) -> (32, 32)x(32, 32)
Padded shape of B: (30,) -> (32,)
Determinant of padded matrix: 6.049177235362331e-12
Condition # of padded matrix: 153.1966211338028


Matrix is not Hermitian. Making it Hermitian.......

==================== Print Hermitian matrix system info =======================
Shape of hermitian A: 32x32 -> 64x64
Shape of           B: 32 -> 64
Determinant of Hermitian matrix: 3.659254522482559e-23
Condition # of Hermitian matrix: 153.19662113380414

=================================== Generating HHL circuit ===================================
Time elapsed for generating HHL circuit: 0 min 52.16 sec

Generated circuit: num_qubits=16, gates=21, depth=5
============================== Generated Circuit saved ==============================

============================== Transpiling circuit ==============================
This is using the AerSimulator('aer_simulator_statevector') transpiler.
Time elapsed for transpiling the circuit:  0 min 9.49 sec
Transpiled circuit, num_qubits: 16, (original: 16)
Transpiled circuit depth: 103110 (original: 5)
Transpiled circuit gates: 103237 (original: 21)
============================== Transpiled Circuit saved ==============================
Time elapsed for running the circuit:  0 min 20.46 sec
total_qubits: 16, nq:6

Time elapsed for extracting shots-based hhl counts solution:  0 min 0.00 sec

[HHL info]: linear system residual (e=||Ax-b||_2): 0.2600925431703063
[HHL info]: Fidelity(true_sol, hhl_sol): 0.9805782982132156
[HHL info]: L2 error (absolute): 0.021493887260954435
[HHL info]: L2 error (relative): 0.8140948095019928
[HHL info]: L2 error (normalized): 0.1397030043351922

========================================================================================
 Compare system solutions using LU of A, LU sol of A_herm, HHL of Ax=b hermition system
LU sol 	    Herm LU sol    HHL sol    L1_diff(%)
-6.679e-04  -6.679e-04  -2.275e-04  6.595e+01
 4.953e-04   4.953e-04   0.000e+00  1.000e+02
-6.545e-04  -6.545e-04  -0.000e+00  1.000e+02
 1.174e-03   1.174e-03   3.217e-04  7.260e+01
 5.472e-04   5.472e-04   2.275e-04  5.843e+01
 2.927e-03   2.927e-03   5.572e-04  8.096e+01
 1.562e-03   1.562e-03   0.000e+00  1.000e+02
-3.406e-04  -3.406e-04  -2.275e-04  3.322e+01
 3.582e-03   3.582e-03   3.217e-04  9.102e+01
 4.867e-03   4.867e-03   9.651e-04  8.017e+01
-1.438e-03  -1.438e-03  -2.275e-04  8.418e+01
 2.154e-03   2.154e-03   2.275e-04  8.944e+01
-6.397e-04  -6.397e-04  -0.000e+00  1.000e+02
-2.484e-03  -2.484e-03  -5.572e-04  7.757e+01
-2.223e-03  -2.223e-03  -4.549e-04  7.953e+01
-6.070e-04  -6.070e-04  -2.275e-04  6.253e+01
-1.698e-03  -1.698e-03  -3.940e-04  7.679e+01
-3.952e-03  -3.952e-03  -8.201e-04  7.925e+01
-2.537e-03  -2.537e-03  -4.549e-04  8.207e+01
-3.688e-03  -3.688e-03  -6.018e-04  8.368e+01
-8.058e-03  -8.058e-03  -1.543e-03  8.085e+01
-4.219e-03  -4.219e-03  -7.544e-04  8.212e+01
-7.743e-03  -7.743e-03  -1.526e-03  8.029e+01
-9.022e-03  -9.022e-03  -1.640e-03  8.182e+01
-5.847e-03  -5.847e-03  -1.042e-03  8.217e+01
-6.175e-03  -6.175e-03  -1.346e-03  7.821e+01
-8.954e-03  -8.954e-03  -1.543e-03  8.277e+01
-6.588e-03  -6.588e-03  -1.307e-03  8.017e+01
-7.294e-03  -7.294e-03  -1.492e-03  7.955e+01
-1.079e-02  -1.079e-02  -1.957e-03  8.186e+01
========================================================================================

step: 9/15 res:0.33019461624925406, res/res0:0.020829785675602237  dq_norm: [0.00216989 0.00271057 0.00355314]

A info: before HHL prepare:
Spectral radius (A): 5.048e+01, lambda_min:4.247272365452377
condition number(A): 1.189e+01, norm2_cond:153.3770143271165
det(A): 7.546e+39
--------------------------------------------------------------------------------

A_hhl info: after scaling by spectral radius:
Spectral radius (A): 1.000e+00, lambda_min:0.08413027166770398
condition number(A): 1.189e+01, norm2_cond:153.37701432711654
det(A): 6.067e-12, nnz: 13 non zeros per row
--------------------------------------------------------------------------------

Size of A & B are not power of 2:
Next 2 power of 30 = 32
Value to be padded = 2
--------------------------------------------------

==================== Print (N)^2 padded matrix system =======================
Padded shape of A: (30, 30)x(30, 30) -> (32, 32)x(32, 32)
Padded shape of B: (30,) -> (32,)
Determinant of padded matrix: 6.06749169784627e-12
Condition # of padded matrix: 153.37701432711654


Matrix is not Hermitian. Making it Hermitian.......

==================== Print Hermitian matrix system info =======================
Shape of hermitian A: 32x32 -> 64x64
Shape of           B: 32 -> 64
Determinant of Hermitian matrix: 3.681445550343393e-23
Condition # of Hermitian matrix: 153.3770143271174

=================================== Generating HHL circuit ===================================
Time elapsed for generating HHL circuit: 0 min 51.84 sec

Generated circuit: num_qubits=16, gates=21, depth=5
============================== Generated Circuit saved ==============================

============================== Transpiling circuit ==============================
This is using the AerSimulator('aer_simulator_statevector') transpiler.
Time elapsed for transpiling the circuit:  0 min 9.57 sec
Transpiled circuit, num_qubits: 16, (original: 16)
Transpiled circuit depth: 103110 (original: 5)
Transpiled circuit gates: 103237 (original: 21)
============================== Transpiled Circuit saved ==============================
Time elapsed for running the circuit:  0 min 20.38 sec
total_qubits: 16, nq:6

Time elapsed for extracting shots-based hhl counts solution:  0 min 0.00 sec

[HHL info]: linear system residual (e=||Ax-b||_2): 0.22237776917894284
[HHL info]: Fidelity(true_sol, hhl_sol): 0.9715453063739622
[HHL info]: L2 error (absolute): 0.01881116644957169
[HHL info]: L2 error (relative): 0.8749439946796389
[HHL info]: L2 error (normalized): 0.16929277345558638

========================================================================================
 Compare system solutions using LU of A, LU sol of A_herm, HHL of Ax=b hermition system
LU sol 	    Herm LU sol    HHL sol    L1_diff(%)
-4.401e-04  -4.401e-04  -1.221e-04  7.225e+01
 4.956e-04   4.956e-04   0.000e+00  1.000e+02
-6.540e-04  -6.540e-04  -0.000e+00  1.000e+02
 8.558e-04   8.558e-04   1.221e-04  8.573e+01
 3.217e-04   3.217e-04   0.000e+00  1.000e+02
 2.378e-03   2.378e-03   1.221e-04  9.486e+01
 1.570e-03   1.570e-03   2.115e-04  8.653e+01
-1.119e-04  -1.119e-04  -0.000e+00  1.000e+02
 3.279e-03   3.279e-03   3.862e-04  8.822e+01
 3.915e-03   3.915e-03   4.569e-04  8.833e+01
-1.211e-03  -1.211e-03  -2.442e-04  7.982e+01
 1.942e-03   1.942e-03   0.000e+00  1.000e+02
-6.354e-04  -6.354e-04  -1.221e-04  8.078e+01
-1.925e-03  -1.925e-03  -3.862e-04  7.994e+01
-1.761e-03  -1.761e-03  -2.442e-04  8.613e+01
-3.783e-04  -3.783e-04  -0.000e+00  1.000e+02
-1.303e-03  -1.303e-03  -1.221e-04  9.063e+01
-3.129e-03  -3.129e-03  -3.862e-04  8.766e+01
-2.083e-03  -2.083e-03  -2.442e-04  8.828e+01
-3.087e-03  -3.087e-03  -3.664e-04  8.813e+01
-6.516e-03  -6.516e-03  -8.891e-04  8.636e+01
-3.465e-03  -3.465e-03  -3.231e-04  9.067e+01
-6.215e-03  -6.215e-03  -7.724e-04  8.757e+01
-7.381e-03  -7.381e-03  -1.029e-03  8.606e+01
-4.802e-03  -4.802e-03  -6.577e-04  8.630e+01
-4.829e-03  -4.829e-03  -4.885e-04  8.988e+01
-7.413e-03  -7.413e-03  -1.014e-03  8.632e+01
-5.277e-03  -5.277e-03  -5.462e-04  8.965e+01
-5.802e-03  -5.802e-03  -7.528e-04  8.703e+01
-8.830e-03  -8.830e-03  -1.126e-03  8.725e+01
========================================================================================

step: 10/15 res:0.26010688003773985, res/res0:0.016408415816949115  dq_norm: [0.00109231 0.00132661 0.0021258 ]

A info: before HHL prepare:
Spectral radius (A): 5.048e+01, lambda_min:4.239217928275229
condition number(A): 1.191e+01, norm2_cond:153.4489846294307
det(A): 7.542e+39
--------------------------------------------------------------------------------

A_hhl info: after scaling by spectral radius:
Spectral radius (A): 1.000e+00, lambda_min:0.0839742289153276
condition number(A): 1.191e+01, norm2_cond:153.44898462943166
det(A): 6.071e-12, nnz: 13 non zeros per row
--------------------------------------------------------------------------------

Size of A & B are not power of 2:
Next 2 power of 30 = 32
Value to be padded = 2
--------------------------------------------------

==================== Print (N)^2 padded matrix system =======================
Padded shape of A: (30, 30)x(30, 30) -> (32, 32)x(32, 32)
Padded shape of B: (30,) -> (32,)
Determinant of padded matrix: 6.07114900392229e-12
Condition # of padded matrix: 153.44898462943166


Matrix is not Hermitian. Making it Hermitian.......

==================== Print Hermitian matrix system info =======================
Shape of hermitian A: 32x32 -> 64x64
Shape of           B: 32 -> 64
Determinant of Hermitian matrix: 3.685885022782635e-23
Condition # of Hermitian matrix: 153.44898462943104

=================================== Generating HHL circuit ===================================
Time elapsed for generating HHL circuit: 0 min 51.38 sec

Generated circuit: num_qubits=16, gates=21, depth=5
============================== Generated Circuit saved ==============================

============================== Transpiling circuit ==============================
This is using the AerSimulator('aer_simulator_statevector') transpiler.
Time elapsed for transpiling the circuit:  0 min 10.24 sec
Transpiled circuit, num_qubits: 16, (original: 16)
Transpiled circuit depth: 103110 (original: 5)
Transpiled circuit gates: 103237 (original: 21)
============================== Transpiled Circuit saved ==============================
Time elapsed for running the circuit:  0 min 20.42 sec
total_qubits: 16, nq:6

Time elapsed for extracting shots-based hhl counts solution:  0 min 0.00 sec

[HHL info]: linear system residual (e=||Ax-b||_2): 0.2109280445494003
[HHL info]: Fidelity(true_sol, hhl_sol): 0.9786368015775454
[HHL info]: L2 error (absolute): 0.01790927375370378
[HHL info]: L2 error (relative): 0.9519668999038948
[HHL info]: L2 error (normalized): 0.1465555534182299

========================================================================================
 Compare system solutions using LU of A, LU sol of A_herm, HHL of Ax=b hermition system
LU sol 	    Herm LU sol    HHL sol    L1_diff(%)
-3.177e-04  -3.177e-04  -0.000e+00  1.000e+02
 4.957e-04   4.957e-04   3.948e-05  9.204e+01
-6.535e-04  -6.535e-04  -0.000e+00  1.000e+02
 7.359e-04   7.359e-04   0.000e+00  1.000e+02
 3.228e-04   3.228e-04   0.000e+00  1.000e+02
 2.260e-03   2.260e-03   5.583e-05  9.753e+01
 1.363e-03   1.363e-03   8.827e-05  9.353e+01
-1.116e-04  -1.116e-04  -3.948e-05  6.461e+01
 2.902e-03   2.902e-03   1.044e-04  9.640e+01
 3.463e-03   3.463e-03   1.579e-04  9.544e+01
-9.665e-04  -9.665e-04  -7.895e-05  9.183e+01
 1.950e-03   1.950e-03   5.583e-05  9.714e+01
-5.114e-04  -5.114e-04  -5.583e-05  8.908e+01
-1.538e-03  -1.538e-03  -1.044e-04  9.321e+01
-1.514e-03  -1.514e-03  -7.895e-05  9.478e+01
-3.778e-04  -3.778e-04  -0.000e+00  1.000e+02
-1.180e-03  -1.180e-03  -6.838e-05  9.421e+01
-2.742e-03  -2.742e-03  -1.368e-04  9.501e+01
-1.839e-03  -1.839e-03  -5.583e-05  9.696e+01
-2.721e-03  -2.721e-03  -1.248e-04  9.541e+01
-5.627e-03  -5.627e-03  -3.083e-04  9.452e+01
-3.140e-03  -3.140e-03  -1.477e-04  9.530e+01
-5.441e-03  -5.441e-03  -2.954e-04  9.457e+01
-6.350e-03  -6.350e-03  -3.058e-04  9.518e+01
-4.141e-03  -4.141e-03  -1.893e-04  9.543e+01
-4.341e-03  -4.341e-03  -2.198e-04  9.494e+01
-6.398e-03  -6.398e-03  -3.108e-04  9.514e+01
-4.730e-03  -4.730e-03  -2.126e-04  9.551e+01
-5.050e-03  -5.050e-03  -2.369e-04  9.531e+01
-7.705e-03  -7.705e-03  -3.661e-04  9.525e+01
========================================================================================

step: 11/15 res:0.22237930314300994, res/res0:0.014028433521344977  dq_norm: [0.00037659 0.00048188 0.00067919]

A info: before HHL prepare:
Spectral radius (A): 5.048e+01, lambda_min:4.235884029655183
condition number(A): 1.192e+01, norm2_cond:153.48028410920864
det(A): 7.541e+39
--------------------------------------------------------------------------------

A_hhl info: after scaling by spectral radius:
Spectral radius (A): 1.000e+00, lambda_min:0.08390930396959183
condition number(A): 1.192e+01, norm2_cond:153.48028410920918
det(A): 6.073e-12, nnz: 13 non zeros per row
--------------------------------------------------------------------------------

Size of A & B are not power of 2:
Next 2 power of 30 = 32
Value to be padded = 2
--------------------------------------------------

==================== Print (N)^2 padded matrix system =======================
Padded shape of A: (30, 30)x(30, 30) -> (32, 32)x(32, 32)
Padded shape of B: (30,) -> (32,)
Determinant of padded matrix: 6.072868382343103e-12
Condition # of padded matrix: 153.48028410920918


Matrix is not Hermitian. Making it Hermitian.......

==================== Print Hermitian matrix system info =======================
Shape of hermitian A: 32x32 -> 64x64
Shape of           B: 32 -> 64
Determinant of Hermitian matrix: 3.6879730389262016e-23
Condition # of Hermitian matrix: 153.4802841092098

=================================== Generating HHL circuit ===================================
Time elapsed for generating HHL circuit: 0 min 50.97 sec

Generated circuit: num_qubits=16, gates=21, depth=5
============================== Generated Circuit saved ==============================

============================== Transpiling circuit ==============================
This is using the AerSimulator('aer_simulator_statevector') transpiler.
Time elapsed for transpiling the circuit:  0 min 9.45 sec
Transpiled circuit, num_qubits: 16, (original: 16)
Transpiled circuit depth: 103110 (original: 5)
Transpiled circuit gates: 103237 (original: 21)
============================== Transpiled Circuit saved ==============================
Time elapsed for running the circuit:  0 min 20.44 sec
total_qubits: 16, nq:6

Time elapsed for extracting shots-based hhl counts solution:  0 min 0.00 sec

[HHL info]: linear system residual (e=||Ax-b||_2): 0.15474872147079155
[HHL info]: Fidelity(true_sol, hhl_sol): 0.9766454325466486
[HHL info]: L2 error (absolute): 0.012679182495261463
[HHL info]: L2 error (relative): 0.7079345894060823
[HHL info]: L2 error (normalized): 0.1532727710317175

========================================================================================
 Compare system solutions using LU of A, LU sol of A_herm, HHL of Ax=b hermition system
LU sol 	    Herm LU sol    HHL sol    L1_diff(%)
-3.176e-04  -3.176e-04  -0.000e+00  1.000e+02
 4.563e-04   4.563e-04   0.000e+00  1.000e+02
-6.533e-04  -6.533e-04  -0.000e+00  1.000e+02
 7.367e-04   7.367e-04   0.000e+00  1.000e+02
 3.233e-04   3.233e-04   0.000e+00  1.000e+02
 2.207e-03   2.207e-03   3.887e-04  8.239e+01
 1.277e-03   1.277e-03   0.000e+00  1.000e+02
-7.214e-05  -7.214e-05  -2.244e-04  2.111e+02
 2.800e-03   2.800e-03   5.937e-04  7.880e+01
 3.307e-03   3.307e-03   1.052e-03  6.817e+01
-8.876e-04  -8.876e-04  -2.244e-04  7.472e+01
 1.897e-03   1.897e-03   3.887e-04  7.951e+01
-4.550e-04  -4.550e-04  -0.000e+00  1.000e+02
-1.434e-03  -1.434e-03  -4.488e-04  6.870e+01
-1.434e-03  -1.434e-03  -4.488e-04  6.870e+01
-3.776e-04  -3.776e-04  -0.000e+00  1.000e+02
-1.112e-03  -1.112e-03  -3.173e-04  7.146e+01
-2.605e-03  -2.605e-03  -1.052e-03  5.960e+01
-1.784e-03  -1.784e-03  -5.496e-04  6.918e+01
-2.596e-03  -2.596e-03  -7.773e-04  7.006e+01
-5.319e-03  -5.319e-03  -1.634e-03  6.929e+01
-2.993e-03  -2.993e-03  -9.781e-04  6.732e+01
-5.145e-03  -5.145e-03  -1.437e-03  7.207e+01
-6.044e-03  -6.044e-03  -1.850e-03  6.938e+01
-3.952e-03  -3.952e-03  -1.229e-03  6.890e+01
-4.121e-03  -4.121e-03  -1.269e-03  6.920e+01
-6.087e-03  -6.087e-03  -1.837e-03  6.983e+01
-4.517e-03  -4.517e-03  -1.122e-03  7.516e+01
-4.813e-03  -4.813e-03  -1.401e-03  7.088e+01
-7.339e-03  -7.339e-03  -2.255e-03  6.927e+01
========================================================================================

step: 12/15 res:0.21092842761506123, res/res0:0.013306073824041132  dq_norm: [0.00226622 0.00257804 0.00406386]

A info: before HHL prepare:
Spectral radius (A): 5.048e+01, lambda_min:4.223562096584821
condition number(A): 1.195e+01, norm2_cond:153.64197862678822
det(A): 7.557e+39
--------------------------------------------------------------------------------

A_hhl info: after scaling by spectral radius:
Spectral radius (A): 1.000e+00, lambda_min:0.08367083495928121
condition number(A): 1.195e+01, norm2_cond:153.64197862678898
det(A): 6.098e-12, nnz: 13 non zeros per row
--------------------------------------------------------------------------------

Size of A & B are not power of 2:
Next 2 power of 30 = 32
Value to be padded = 2
--------------------------------------------------

==================== Print (N)^2 padded matrix system =======================
Padded shape of A: (30, 30)x(30, 30) -> (32, 32)x(32, 32)
Padded shape of B: (30,) -> (32,)
Determinant of padded matrix: 6.098177934382517e-12
Condition # of padded matrix: 153.64197862678898


Matrix is not Hermitian. Making it Hermitian.......

==================== Print Hermitian matrix system info =======================
Shape of hermitian A: 32x32 -> 64x64
Shape of           B: 32 -> 64
Determinant of Hermitian matrix: 3.7187774119390343e-23
Condition # of Hermitian matrix: 153.64197862678967

=================================== Generating HHL circuit ===================================
Time elapsed for generating HHL circuit: 0 min 51.80 sec

Generated circuit: num_qubits=16, gates=21, depth=5
============================== Generated Circuit saved ==============================

============================== Transpiling circuit ==============================
This is using the AerSimulator('aer_simulator_statevector') transpiler.
Time elapsed for transpiling the circuit:  0 min 9.75 sec
Transpiled circuit, num_qubits: 16, (original: 16)
Transpiled circuit depth: 103110 (original: 5)
Transpiled circuit gates: 103237 (original: 21)
============================== Transpiled Circuit saved ==============================
Time elapsed for running the circuit:  0 min 20.43 sec
total_qubits: 16, nq:6

Time elapsed for extracting shots-based hhl counts solution:  0 min 0.00 sec

[HHL info]: linear system residual (e=||Ax-b||_2): 0.12827803441343322
[HHL info]: Fidelity(true_sol, hhl_sol): 0.9770578600599802
[HHL info]: L2 error (absolute): 0.010223267455295072
[HHL info]: L2 error (relative): 0.8060467138167524
[HHL info]: L2 error (normalized): 0.15190542060509882

========================================================================================
 Compare system solutions using LU of A, LU sol of A_herm, HHL of Ax=b hermition system
LU sol 	    Herm LU sol    HHL sol    L1_diff(%)
-3.175e-04  -3.175e-04  -0.000e+00  1.000e+02
 4.563e-04   4.563e-04   0.000e+00  1.000e+02
-6.533e-04  -6.533e-04  -1.596e-04  7.557e+01
 7.393e-04   7.393e-04   1.129e-04  8.473e+01
 3.248e-04   3.248e-04   0.000e+00  1.000e+02
 1.824e-03   1.824e-03   3.386e-04  8.144e+01
 1.283e-03   1.283e-03   2.524e-04  8.032e+01
 1.529e-04   1.529e-04   0.000e+00  1.000e+02
 2.220e-03   2.220e-03   3.910e-04  8.239e+01
 2.262e-03   2.262e-03   3.386e-04  8.503e+01
-6.636e-04  -6.636e-04  -0.000e+00  1.000e+02
 1.519e-03   1.519e-03   2.257e-04  8.514e+01
-4.522e-04  -4.522e-04  -1.955e-04  5.677e+01
-9.840e-04  -9.840e-04  -2.524e-04  7.435e+01
-9.809e-04  -9.809e-04  -3.192e-04  6.746e+01
-3.769e-04  -3.769e-04  -1.596e-04  5.765e+01
-7.939e-04  -7.939e-04  -2.257e-04  7.157e+01
-1.551e-03  -1.551e-03  -2.524e-04  8.373e+01
-1.234e-03  -1.234e-03  -1.596e-04  8.707e+01
-1.819e-03  -1.819e-03  -4.223e-04  7.679e+01
-3.686e-03  -3.686e-03  -7.900e-04  7.856e+01
-2.013e-03  -2.013e-03  -3.569e-04  8.227e+01
-3.706e-03  -3.706e-03  -7.401e-04  8.003e+01
-4.193e-03  -4.193e-03  -8.669e-04  7.933e+01
-2.720e-03  -2.720e-03  -5.294e-04  8.054e+01
-2.852e-03  -2.852e-03  -5.643e-04  8.022e+01
-4.251e-03  -4.251e-03  -7.819e-04  8.161e+01
-3.392e-03  -3.392e-03  -5.413e-04  8.404e+01
-3.411e-03  -3.411e-03  -7.401e-04  7.831e+01
-5.083e-03  -5.083e-03  -1.022e-03  7.989e+01
========================================================================================

step: 13/15 res:0.15476306034042311, res/res0:0.009762973769862588  dq_norm: [0.00099035 0.00130646 0.00188177]

A info: before HHL prepare:
Spectral radius (A): 5.048e+01, lambda_min:4.216748291891746
condition number(A): 1.197e+01, norm2_cond:153.70170479587338
det(A): 7.558e+39
--------------------------------------------------------------------------------

A_hhl info: after scaling by spectral radius:
Spectral radius (A): 1.000e+00, lambda_min:0.08353482795263897
condition number(A): 1.197e+01, norm2_cond:153.70170479587406
det(A): 6.097e-12, nnz: 13 non zeros per row
--------------------------------------------------------------------------------

Size of A & B are not power of 2:
Next 2 power of 30 = 32
Value to be padded = 2
--------------------------------------------------

==================== Print (N)^2 padded matrix system =======================
Padded shape of A: (30, 30)x(30, 30) -> (32, 32)x(32, 32)
Padded shape of B: (30,) -> (32,)
Determinant of padded matrix: 6.097098150002442e-12
Condition # of padded matrix: 153.70170479587406


Matrix is not Hermitian. Making it Hermitian.......

==================== Print Hermitian matrix system info =======================
Shape of hermitian A: 32x32 -> 64x64
Shape of           B: 32 -> 64
Determinant of Hermitian matrix: 3.717460585076399e-23
Condition # of Hermitian matrix: 153.7017047958741

=================================== Generating HHL circuit ===================================
Time elapsed for generating HHL circuit: 0 min 52.22 sec

Generated circuit: num_qubits=16, gates=21, depth=5
============================== Generated Circuit saved ==============================

============================== Transpiling circuit ==============================
This is using the AerSimulator('aer_simulator_statevector') transpiler.
Time elapsed for transpiling the circuit:  0 min 9.29 sec
Transpiled circuit, num_qubits: 16, (original: 16)
Transpiled circuit depth: 103110 (original: 5)
Transpiled circuit gates: 103237 (original: 21)
============================== Transpiled Circuit saved ==============================
Time elapsed for running the circuit:  0 min 19.10 sec
total_qubits: 16, nq:6

Time elapsed for extracting shots-based hhl counts solution:  0 min 0.00 sec

[HHL info]: linear system residual (e=||Ax-b||_2): 0.1231042916102901
[HHL info]: Fidelity(true_sol, hhl_sol): 0.9813903422067705
[HHL info]: L2 error (absolute): 0.009763295753395396
[HHL info]: L2 error (relative): 0.9548659143967385
[HHL info]: L2 error (normalized): 0.13673716663169633

========================================================================================
 Compare system solutions using LU of A, LU sol of A_herm, HHL of Ax=b hermition system
LU sol 	    Herm LU sol    HHL sol    L1_diff(%)
-3.173e-04  -3.173e-04  -2.110e-05  9.335e+01
 4.564e-04   4.564e-04   2.984e-05  9.346e+01
-4.933e-04  -4.933e-04  -2.984e-05  9.395e+01
 6.275e-04   6.275e-04   4.219e-05  9.328e+01
 3.252e-04   3.252e-04   2.110e-05  9.351e+01
 1.488e-03   1.488e-03   5.967e-05  9.599e+01
 1.032e-03   1.032e-03   2.984e-05  9.711e+01
 1.526e-04   1.526e-04   0.000e+00  1.000e+02
 1.832e-03   1.832e-03   5.582e-05  9.695e+01
 1.925e-03   1.925e-03   7.894e-05  9.590e+01
-6.635e-04  -6.635e-04  -3.654e-05  9.449e+01
 1.295e-03   1.295e-03   5.967e-05  9.539e+01
-2.560e-04  -2.560e-04  -2.110e-05  9.176e+01
-7.313e-04  -7.313e-04  -4.219e-05  9.423e+01
-6.606e-04  -6.606e-04  -6.329e-05  9.042e+01
-2.172e-04  -2.172e-04  -0.000e+00  1.000e+02
-5.681e-04  -5.681e-04  -2.984e-05  9.475e+01
-1.299e-03  -1.299e-03  -6.329e-05  9.513e+01
-1.075e-03  -1.075e-03  -3.654e-05  9.660e+01
-1.397e-03  -1.397e-03  -5.168e-05  9.630e+01
-2.896e-03  -2.896e-03  -1.462e-04  9.495e+01
-1.656e-03  -1.656e-03  -8.439e-05  9.490e+01
-2.966e-03  -2.966e-03  -1.431e-04  9.518e+01
-3.326e-03  -3.326e-03  -1.492e-04  9.551e+01
-2.189e-03  -2.189e-03  -9.435e-05  9.569e+01
-2.288e-03  -2.288e-03  -1.156e-04  9.495e+01
-3.470e-03  -3.470e-03  -1.550e-04  9.553e+01
-2.850e-03  -2.850e-03  -1.193e-04  9.581e+01
-2.671e-03  -2.671e-03  -1.230e-04  9.539e+01
-4.062e-03  -4.062e-03  -1.790e-04  9.559e+01
========================================================================================

step: 14/15 res:0.12827779080291618, res/res0:0.00809219399067207  dq_norm: [0.00020345 0.00023869 0.00034473]
Completed: 14 steps in 1277.75s
Saved metadata to /lustre/orion/stf006/scratch/4klornl/fvm_euler_1d_solver/output_parallel_shots/nelem10/statevector/shots_150000/trial_0/metadata_nelem10_HHL_statevector_nshots150000.pkl

Solution summary:
  x/L: [0.0500, 0.9500]
  Mach: [1.4936, 2.1583]
  p/p_in: [1.0062, 0.3645]
  rho/rho_in: [1.0041, 0.4868]
Saved combined plot to /lustre/orion/stf006/scratch/4klornl/fvm_euler_1d_solver/output_parallel_shots/nelem10/statevector/shots_150000/trial_0/solution_plot_nelem10_HHL_statevector_nshots150000.png
