
------------------------------------------------------------
Using ideal local simulator with 'statevector' method
Backend: aer_simulator_statevector
Shots: 10000
------------------------------------------------------------

A info: before HHL prepare:
Spectral radius (A): 9.808e+01, lambda_min:5.866129498146235
condition number(A): 1.672e+01, norm2_cond:401.8614855890083
det(A): 2.657e+93
--------------------------------------------------------------------------------

A_hhl info: after scaling by spectral radius:
Spectral radius (A): 1.000e+00, lambda_min:0.05980937346031271
condition number(A): 1.672e+01, norm2_cond:401.8614855890105
det(A): 8.499e-27, nnz: 12 non zeros per row
--------------------------------------------------------------------------------

Size of A & B are not power of 2:
Next 2 power of 60 = 64
Value to be padded = 4
--------------------------------------------------

==================== Print (N)^2 padded matrix system =======================
Padded shape of A: (60, 60)x(60, 60) -> (64, 64)x(64, 64)
Padded shape of B: (60,) -> (64,)
Determinant of padded matrix: 8.499054744892335e-27
Condition # of padded matrix: 401.8614855890105


Matrix is not Hermitian. Making it Hermitian.......

==================== Print Hermitian matrix system info =======================
Shape of hermitian A: 64x64 -> 128x128
Shape of           B: 64 -> 128
Determinant of Hermitian matrix: 7.223393155667588e-53
Condition # of Hermitian matrix: 401.86148558902164

=================================== Generating HHL circuit ===================================
Time elapsed for generating HHL circuit: 4 min 49.18 sec

Generated circuit: num_qubits=18, gates=23, depth=5
============================== Generated Circuit saved ==============================

============================== Transpiling circuit ==============================
This is using the AerSimulator('aer_simulator_statevector') transpiler.
Time elapsed for transpiling the circuit:  0 min 51.66 sec
Transpiled circuit, num_qubits: 18, (original: 18)
Transpiled circuit depth: 464201 (original: 5)
Transpiled circuit gates: 464353 (original: 23)
============================== Transpiled Circuit saved ==============================
Time elapsed for running the circuit:  2 min 30.64 sec
total_qubits: 18, nq:7

Time elapsed for extracting shots-based hhl counts solution:  0 min 0.00 sec

[HHL info]: linear system residual (e=||Ax-b||_2): 21.22696429144692
[HHL info]: Fidelity(true_sol, hhl_sol): 0.9294848804277255
[HHL info]: L2 error (absolute): 5.184835277486897
[HHL info]: L2 error (relative): 0.9584943848252283
[HHL info]: L2 error (normalized): 0.26796282559579776

========================================================================================
 Compare system solutions using LU of A, LU sol of A_herm, HHL of Ax=b hermition system
LU sol 	    Herm LU sol    HHL sol    L1_diff(%)
-2.338e-04  -2.338e-04  -0.000e+00  1.000e+02
-1.963e-04  -1.963e-04  -0.000e+00  1.000e+02
-6.159e-04  -6.159e-04  -0.000e+00  1.000e+02
-8.210e-04  -8.210e-04  -0.000e+00  1.000e+02
-7.266e-04  -7.266e-04  -0.000e+00  1.000e+02
-2.219e-03  -2.219e-03  -0.000e+00  1.000e+02
-1.793e-03  -1.793e-03  -0.000e+00  1.000e+02
-1.753e-03  -1.753e-03  -0.000e+00  1.000e+02
-5.094e-03  -5.094e-03  -0.000e+00  1.000e+02
-3.854e-03  -3.854e-03  -0.000e+00  1.000e+02
-3.983e-03  -3.983e-03  -0.000e+00  1.000e+02
-1.127e-02  -1.127e-02  -0.000e+00  1.000e+02
-9.906e-03  -9.906e-03  -0.000e+00  1.000e+02
-9.642e-03  -9.642e-03  -0.000e+00  1.000e+02
-2.806e-02  -2.806e-02  -0.000e+00  1.000e+02
-2.691e-02  -2.691e-02  -0.000e+00  1.000e+02
-2.384e-02  -2.384e-02  -0.000e+00  1.000e+02
-7.270e-02  -7.270e-02  -0.000e+00  1.000e+02
-6.552e-02  -6.552e-02  -0.000e+00  1.000e+02
-5.523e-02  -5.523e-02  -0.000e+00  1.000e+02
-1.723e-01  -1.723e-01  -1.850e-02  8.926e+01
-1.346e-01  -1.346e-01  -0.000e+00  1.000e+02
-1.143e-01  -1.143e-01  -1.850e-02  8.381e+01
-3.520e-01  -3.520e-01  -0.000e+00  1.000e+02
-2.317e-01  -2.317e-01  -2.616e-02  8.871e+01
-2.062e-01  -2.062e-01  -0.000e+00  1.000e+02
-6.108e-01  -6.108e-01  -1.850e-02  9.697e+01
-3.379e-01  -3.379e-01  -1.850e-02  9.453e+01
-3.187e-01  -3.187e-01  -0.000e+00  1.000e+02
-9.014e-01  -9.014e-01  -4.136e-02  9.541e+01
-4.286e-01  -4.286e-01  -0.000e+00  1.000e+02
-4.234e-01  -4.234e-01  -3.204e-02  9.243e+01
-1.154e+00  -1.154e+00  -5.550e-02  9.519e+01
-4.911e-01  -4.911e-01  -0.000e+00  1.000e+02
-4.997e-01  -4.997e-01  -2.616e-02  9.476e+01
-1.329e+00  -1.329e+00  -6.408e-02  9.518e+01
-5.282e-01  -5.282e-01  -0.000e+00  1.000e+02
-5.462e-01  -5.462e-01  -1.850e-02  9.661e+01
-1.433e+00  -1.433e+00  -4.894e-02  9.659e+01
-5.481e-01  -5.481e-01  -1.850e-02  9.662e+01
-5.715e-01  -5.715e-01  -2.616e-02  9.542e+01
-1.489e+00  -1.489e+00  -6.135e-02  9.588e+01
-5.581e-01  -5.581e-01  -1.850e-02  9.669e+01
-5.842e-01  -5.842e-01  -2.616e-02  9.552e+01
-1.517e+00  -1.517e+00  -7.400e-02  9.512e+01
-5.629e-01  -5.629e-01  -2.616e-02  9.535e+01
-5.904e-01  -5.904e-01  -2.616e-02  9.557e+01
-1.530e+00  -1.530e+00  -7.400e-02  9.516e+01
-5.652e-01  -5.652e-01  -1.850e-02  9.673e+01
-5.933e-01  -5.933e-01  -3.204e-02  9.460e+01
-1.536e+00  -1.536e+00  -6.408e-02  9.583e+01
-5.662e-01  -5.662e-01  -1.850e-02  9.673e+01
-5.946e-01  -5.946e-01  -4.136e-02  9.304e+01
-1.539e+00  -1.539e+00  -5.550e-02  9.639e+01
-5.667e-01  -5.667e-01  -1.850e-02  9.674e+01
-5.952e-01  -5.952e-01  -2.616e-02  9.560e+01
-1.541e+00  -1.541e+00  -5.550e-02  9.640e+01
-5.670e-01  -5.670e-01  -3.204e-02  9.435e+01
-5.955e-01  -5.955e-01  -2.616e-02  9.561e+01
-1.541e+00  -1.541e+00  -6.670e-02  9.567e+01
========================================================================================

step: 0/15 res:22.437797065296795, res/res0:1.0  dq_norm: [0.066699   0.09249488 0.20348873]

A info: before HHL prepare:
Spectral radius (A): 9.792e+01, lambda_min:5.896326158095889
condition number(A): 1.661e+01, norm2_cond:398.0507809140829
det(A): 2.782e+93
--------------------------------------------------------------------------------

A_hhl info: after scaling by spectral radius:
Spectral radius (A): 1.000e+00, lambda_min:0.06021340588970762
condition number(A): 1.661e+01, norm2_cond:398.05078091408313
det(A): 9.795e-27, nnz: 14 non zeros per row
--------------------------------------------------------------------------------

Size of A & B are not power of 2:
Next 2 power of 60 = 64
Value to be padded = 4
--------------------------------------------------

==================== Print (N)^2 padded matrix system =======================
Padded shape of A: (60, 60)x(60, 60) -> (64, 64)x(64, 64)
Padded shape of B: (60,) -> (64,)
Determinant of padded matrix: 9.794523692034541e-27
Condition # of padded matrix: 398.05078091408313


Matrix is not Hermitian. Making it Hermitian.......

==================== Print Hermitian matrix system info =======================
Shape of hermitian A: 64x64 -> 128x128
Shape of           B: 64 -> 128
Determinant of Hermitian matrix: 9.593269435382868e-53
Condition # of Hermitian matrix: 398.0507809140951

=================================== Generating HHL circuit ===================================
Time elapsed for generating HHL circuit: 5 min 1.70 sec

Generated circuit: num_qubits=18, gates=23, depth=5
============================== Generated Circuit saved ==============================

============================== Transpiling circuit ==============================
This is using the AerSimulator('aer_simulator_statevector') transpiler.
Time elapsed for transpiling the circuit:  0 min 47.16 sec
Transpiled circuit, num_qubits: 18, (original: 18)
Transpiled circuit depth: 464199 (original: 5)
Transpiled circuit gates: 464351 (original: 23)
============================== Transpiled Circuit saved ==============================
Time elapsed for running the circuit:  2 min 34.39 sec
total_qubits: 18, nq:7

Time elapsed for extracting shots-based hhl counts solution:  0 min 0.00 sec

[HHL info]: linear system residual (e=||Ax-b||_2): 20.841176345872785
[HHL info]: Fidelity(true_sol, hhl_sol): 0.9126905588699643
[HHL info]: L2 error (absolute): 5.03262401986773
[HHL info]: L2 error (relative): 0.9724880238628731
[HHL info]: L2 error (normalized): 0.2988364215034453

========================================================================================
 Compare system solutions using LU of A, LU sol of A_herm, HHL of Ax=b hermition system
LU sol 	    Herm LU sol    HHL sol    L1_diff(%)
-2.251e-04  -2.251e-04  -0.000e+00  1.000e+02
-1.920e-04  -1.920e-04  -0.000e+00  1.000e+02
-5.973e-04  -5.973e-04  -0.000e+00  1.000e+02
-7.509e-04  -7.509e-04  -0.000e+00  1.000e+02
-6.923e-04  -6.923e-04  -0.000e+00  1.000e+02
-2.069e-03  -2.069e-03  -0.000e+00  1.000e+02
-1.623e-03  -1.623e-03  -0.000e+00  1.000e+02
-1.666e-03  -1.666e-03  -0.000e+00  1.000e+02
-4.733e-03  -4.733e-03  -0.000e+00  1.000e+02
-3.728e-03  -3.728e-03  -0.000e+00  1.000e+02
-3.911e-03  -3.911e-03  -0.000e+00  1.000e+02
-1.101e-02  -1.101e-02  -0.000e+00  1.000e+02
-1.034e-02  -1.034e-02  -0.000e+00  1.000e+02
-9.878e-03  -9.878e-03  -0.000e+00  1.000e+02
-2.895e-02  -2.895e-02  -0.000e+00  1.000e+02
-2.840e-02  -2.840e-02  -0.000e+00  1.000e+02
-2.476e-02  -2.476e-02  -0.000e+00  1.000e+02
-7.578e-02  -7.578e-02  -0.000e+00  1.000e+02
-6.596e-02  -6.596e-02  -0.000e+00  1.000e+02
-5.470e-02  -5.470e-02  -0.000e+00  1.000e+02
-1.547e-01  -1.547e-01  -1.244e-02  9.196e+01
-1.299e-01  -1.299e-01  -1.244e-02  9.043e+01
-9.271e-02  -9.271e-02  -0.000e+00  1.000e+02
-3.428e-01  -3.428e-01  -1.244e-02  9.637e+01
-1.992e-01  -1.992e-01  -0.000e+00  1.000e+02
-2.077e-01  -2.077e-01  -0.000e+00  1.000e+02
-5.789e-01  -5.789e-01  -2.781e-02  9.520e+01
-3.213e-01  -3.213e-01  -1.244e-02  9.613e+01
-3.220e-01  -3.220e-01  -1.244e-02  9.614e+01
-8.628e-01  -8.628e-01  -3.290e-02  9.619e+01
-4.372e-01  -4.372e-01  -1.244e-02  9.716e+01
-3.903e-01  -3.903e-01  -2.154e-02  9.448e+01
-1.112e+00  -1.112e+00  -2.781e-02  9.750e+01
-4.979e-01  -4.979e-01  -1.244e-02  9.750e+01
-4.724e-01  -4.724e-01  -1.244e-02  9.737e+01
-1.273e+00  -1.273e+00  -2.487e-02  9.805e+01
-5.306e-01  -5.306e-01  -1.244e-02  9.766e+01
-5.270e-01  -5.270e-01  -1.759e-02  9.666e+01
-1.385e+00  -1.385e+00  -2.781e-02  9.799e+01
-5.263e-01  -5.263e-01  -1.759e-02  9.666e+01
-5.442e-01  -5.442e-01  -1.759e-02  9.677e+01
-1.418e+00  -1.418e+00  -4.484e-02  9.684e+01
-5.351e-01  -5.351e-01  -1.759e-02  9.671e+01
-5.582e-01  -5.582e-01  -1.759e-02  9.685e+01
-1.429e+00  -1.429e+00  -4.816e-02  9.663e+01
-5.361e-01  -5.361e-01  -2.154e-02  9.598e+01
-5.666e-01  -5.666e-01  -1.759e-02  9.690e+01
-1.452e+00  -1.452e+00  -5.127e-02  9.647e+01
-5.510e-01  -5.510e-01  -2.154e-02  9.609e+01
-5.619e-01  -5.619e-01  -1.759e-02  9.687e+01
-1.482e+00  -1.482e+00  -3.046e-02  9.794e+01
-5.493e-01  -5.493e-01  -0.000e+00  1.000e+02
-5.511e-01  -5.511e-01  -1.759e-02  9.681e+01
-1.489e+00  -1.489e+00  -4.125e-02  9.723e+01
-5.431e-01  -5.431e-01  -2.487e-02  9.542e+01
-5.679e-01  -5.679e-01  -1.244e-02  9.781e+01
-1.474e+00  -1.474e+00  -3.290e-02  9.777e+01
-5.247e-01  -5.247e-01  -0.000e+00  1.000e+02
-5.690e-01  -5.690e-01  -1.759e-02  9.691e+01
-1.453e+00  -1.453e+00  -3.517e-02  9.758e+01
========================================================================================

step: 1/15 res:21.238447418118525, res/res0:0.9465477986235452  dq_norm: [0.05420691 0.05561512 0.12743024]

A info: before HHL prepare:
Spectral radius (A): 9.801e+01, lambda_min:5.991178966028701
condition number(A): 1.636e+01, norm2_cond:396.73815129461246
det(A): 3.036e+93
--------------------------------------------------------------------------------

A_hhl info: after scaling by spectral radius:
Spectral radius (A): 1.000e+00, lambda_min:0.06113053711451787
condition number(A): 1.636e+01, norm2_cond:396.7381512946162
det(A): 1.017e-26, nnz: 14 non zeros per row
--------------------------------------------------------------------------------

Size of A & B are not power of 2:
Next 2 power of 60 = 64
Value to be padded = 4
--------------------------------------------------

==================== Print (N)^2 padded matrix system =======================
Padded shape of A: (60, 60)x(60, 60) -> (64, 64)x(64, 64)
Padded shape of B: (60,) -> (64,)
Determinant of padded matrix: 1.0165279433617219e-26
Condition # of padded matrix: 396.7381512946162


Matrix is not Hermitian. Making it Hermitian.......

==================== Print Hermitian matrix system info =======================
Shape of hermitian A: 64x64 -> 128x128
Shape of           B: 64 -> 128
Determinant of Hermitian matrix: 1.033329059635212e-52
Condition # of Hermitian matrix: 396.73815129461565

=================================== Generating HHL circuit ===================================
Time elapsed for generating HHL circuit: 5 min 2.67 sec

Generated circuit: num_qubits=18, gates=23, depth=5
============================== Generated Circuit saved ==============================

============================== Transpiling circuit ==============================
This is using the AerSimulator('aer_simulator_statevector') transpiler.
Time elapsed for transpiling the circuit:  0 min 58.07 sec
Transpiled circuit, num_qubits: 18, (original: 18)
Transpiled circuit depth: 464199 (original: 5)
Transpiled circuit gates: 464351 (original: 23)
============================== Transpiled Circuit saved ==============================
Time elapsed for running the circuit:  2 min 32.58 sec
total_qubits: 18, nq:7

Time elapsed for extracting shots-based hhl counts solution:  0 min 0.00 sec

[HHL info]: linear system residual (e=||Ax-b||_2): 19.72200221154576
[HHL info]: Fidelity(true_sol, hhl_sol): 0.909520820883128
[HHL info]: L2 error (absolute): 4.815314625142372
[HHL info]: L2 error (relative): 0.9585183337962936
[HHL info]: L2 error (normalized): 0.3043418793265777

========================================================================================
 Compare system solutions using LU of A, LU sol of A_herm, HHL of Ax=b hermition system
LU sol 	    Herm LU sol    HHL sol    L1_diff(%)
-2.131e-04  -2.131e-04  -0.000e+00  1.000e+02
-1.860e-04  -1.860e-04  -0.000e+00  1.000e+02
-5.719e-04  -5.719e-04  -0.000e+00  1.000e+02
-7.338e-04  -7.338e-04  -0.000e+00  1.000e+02
-6.834e-04  -6.834e-04  -0.000e+00  1.000e+02
-2.033e-03  -2.033e-03  -0.000e+00  1.000e+02
-1.673e-03  -1.673e-03  -0.000e+00  1.000e+02
-1.693e-03  -1.693e-03  -0.000e+00  1.000e+02
-4.839e-03  -4.839e-03  -0.000e+00  1.000e+02
-3.949e-03  -3.949e-03  -0.000e+00  1.000e+02
-4.022e-03  -4.022e-03  -0.000e+00  1.000e+02
-1.147e-02  -1.147e-02  -0.000e+00  1.000e+02
-1.063e-02  -1.063e-02  -0.000e+00  1.000e+02
-1.001e-02  -1.001e-02  -0.000e+00  1.000e+02
-2.961e-02  -2.961e-02  -0.000e+00  1.000e+02
-2.812e-02  -2.812e-02  -0.000e+00  1.000e+02
-2.453e-02  -2.453e-02  -0.000e+00  1.000e+02
-7.515e-02  -7.515e-02  -0.000e+00  1.000e+02
-6.459e-02  -6.459e-02  -0.000e+00  1.000e+02
-5.439e-02  -5.439e-02  -0.000e+00  1.000e+02
-1.390e-01  -1.390e-01  -1.632e-02  8.826e+01
-1.156e-01  -1.156e-01  -2.308e-02  8.004e+01
-9.293e-02  -9.293e-02  -0.000e+00  1.000e+02
-3.263e-01  -3.263e-01  -0.000e+00  1.000e+02
-1.986e-01  -1.986e-01  -0.000e+00  1.000e+02
-2.080e-01  -2.080e-01  -0.000e+00  1.000e+02
-5.475e-01  -5.475e-01  -2.827e-02  9.484e+01
-3.090e-01  -3.090e-01  -0.000e+00  1.000e+02
-3.099e-01  -3.099e-01  -1.632e-02  9.473e+01
-8.305e-01  -8.305e-01  -3.998e-02  9.519e+01
-4.251e-01  -4.251e-01  -0.000e+00  1.000e+02
-3.683e-01  -3.683e-01  -2.308e-02  9.373e+01
-1.087e+00  -1.087e+00  -3.650e-02  9.664e+01
-4.851e-01  -4.851e-01  -0.000e+00  1.000e+02
-4.602e-01  -4.602e-01  -2.308e-02  9.498e+01
-1.249e+00  -1.249e+00  -4.617e-02  9.630e+01
-5.165e-01  -5.165e-01  -1.632e-02  9.684e+01
-5.090e-01  -5.090e-01  -1.632e-02  9.679e+01
-1.355e+00  -1.355e+00  -6.730e-02  9.503e+01
-5.048e-01  -5.048e-01  -1.632e-02  9.677e+01
-5.263e-01  -5.263e-01  -1.632e-02  9.690e+01
-1.365e+00  -1.365e+00  -6.107e-02  9.552e+01
-5.123e-01  -5.123e-01  -2.308e-02  9.549e+01
-5.402e-01  -5.402e-01  -2.308e-02  9.573e+01
-1.368e+00  -1.368e+00  -7.115e-02  9.480e+01
-5.104e-01  -5.104e-01  -1.632e-02  9.680e+01
-5.507e-01  -5.507e-01  -1.632e-02  9.704e+01
-1.393e+00  -1.393e+00  -7.115e-02  9.489e+01
-5.261e-01  -5.261e-01  -0.000e+00  1.000e+02
-5.427e-01  -5.427e-01  -2.308e-02  9.575e+01
-1.446e+00  -1.446e+00  -5.413e-02  9.626e+01
-5.470e-01  -5.470e-01  -3.650e-02  9.333e+01
-5.325e-01  -5.325e-01  -0.000e+00  1.000e+02
-1.439e+00  -1.439e+00  -6.107e-02  9.576e+01
-5.189e-01  -5.189e-01  -2.827e-02  9.455e+01
-5.584e-01  -5.584e-01  -1.632e-02  9.708e+01
-1.444e+00  -1.444e+00  -5.161e-02  9.643e+01
-5.331e-01  -5.331e-01  -3.264e-02  9.388e+01
-5.521e-01  -5.521e-01  -1.632e-02  9.704e+01
-1.433e+00  -1.433e+00  -7.299e-02  9.491e+01
========================================================================================

step: 2/15 res:20.83860168371436, res/res0:0.9287276118538474  dq_norm: [0.07114635 0.06107167 0.19789484]

A info: before HHL prepare:
Spectral radius (A): 9.781e+01, lambda_min:6.166425512206739
condition number(A): 1.586e+01, norm2_cond:385.79173758658305
det(A): 4.097e+93
--------------------------------------------------------------------------------

A_hhl info: after scaling by spectral radius:
Spectral radius (A): 1.000e+00, lambda_min:0.06304183349444235
condition number(A): 1.586e+01, norm2_cond:385.7917375865838
det(A): 1.542e-26, nnz: 23 non zeros per row
--------------------------------------------------------------------------------

Size of A & B are not power of 2:
Next 2 power of 60 = 64
Value to be padded = 4
--------------------------------------------------

==================== Print (N)^2 padded matrix system =======================
Padded shape of A: (60, 60)x(60, 60) -> (64, 64)x(64, 64)
Padded shape of B: (60,) -> (64,)
Determinant of padded matrix: 1.542382138290918e-26
Condition # of padded matrix: 385.7917375865838


Matrix is not Hermitian. Making it Hermitian.......

==================== Print Hermitian matrix system info =======================
Shape of hermitian A: 64x64 -> 128x128
Shape of           B: 64 -> 128
Determinant of Hermitian matrix: 2.3789426605187975e-52
Condition # of Hermitian matrix: 385.7917375865893

=================================== Generating HHL circuit ===================================
Time elapsed for generating HHL circuit: 5 min 3.04 sec

Generated circuit: num_qubits=18, gates=23, depth=5
============================== Generated Circuit saved ==============================

============================== Transpiling circuit ==============================
This is using the AerSimulator('aer_simulator_statevector') transpiler.
Time elapsed for transpiling the circuit:  0 min 51.62 sec
Transpiled circuit, num_qubits: 18, (original: 18)
Transpiled circuit depth: 464199 (original: 5)
Transpiled circuit gates: 464351 (original: 23)
============================== Transpiled Circuit saved ==============================
Time elapsed for running the circuit:  2 min 32.53 sec
total_qubits: 18, nq:7

Time elapsed for extracting shots-based hhl counts solution:  0 min 0.00 sec

[HHL info]: linear system residual (e=||Ax-b||_2): 19.52352857082499
[HHL info]: Fidelity(true_sol, hhl_sol): 0.9348539726473641
[HHL info]: L2 error (absolute): 4.6778125232292815
[HHL info]: L2 error (relative): 0.9812796816911442
[HHL info]: L2 error (normalized): 0.25737727795678694

========================================================================================
 Compare system solutions using LU of A, LU sol of A_herm, HHL of Ax=b hermition system
LU sol 	    Herm LU sol    HHL sol    L1_diff(%)
-1.948e-04  -1.948e-04  -0.000e+00  1.000e+02
-1.767e-04  -1.767e-04  -0.000e+00  1.000e+02
-5.332e-04  -5.332e-04  -0.000e+00  1.000e+02
-7.197e-04  -7.197e-04  -0.000e+00  1.000e+02
-6.757e-04  -6.757e-04  -0.000e+00  1.000e+02
-2.003e-03  -2.003e-03  -0.000e+00  1.000e+02
-1.792e-03  -1.792e-03  -0.000e+00  1.000e+02
-1.755e-03  -1.755e-03  -0.000e+00  1.000e+02
-5.093e-03  -5.093e-03  -0.000e+00  1.000e+02
-4.343e-03  -4.343e-03  -0.000e+00  1.000e+02
-4.218e-03  -4.218e-03  -0.000e+00  1.000e+02
-1.230e-02  -1.230e-02  -0.000e+00  1.000e+02
-1.106e-02  -1.106e-02  -0.000e+00  1.000e+02
-1.022e-02  -1.022e-02  -0.000e+00  1.000e+02
-3.057e-02  -3.057e-02  -0.000e+00  1.000e+02
-2.739e-02  -2.739e-02  -0.000e+00  1.000e+02
-2.405e-02  -2.405e-02  -0.000e+00  1.000e+02
-7.353e-02  -7.353e-02  -0.000e+00  1.000e+02
-6.176e-02  -6.176e-02  -0.000e+00  1.000e+02
-5.329e-02  -5.329e-02  -0.000e+00  1.000e+02
-1.164e-01  -1.164e-01  -0.000e+00  1.000e+02
-8.982e-02  -8.982e-02  -7.084e-03  9.211e+01
-9.326e-02  -9.326e-02  -0.000e+00  1.000e+02
-3.207e-01  -3.207e-01  -0.000e+00  1.000e+02
-2.006e-01  -2.006e-01  -0.000e+00  1.000e+02
-2.095e-01  -2.095e-01  -7.084e-03  9.662e+01
-5.210e-01  -5.210e-01  -1.002e-02  9.808e+01
-3.163e-01  -3.163e-01  -1.002e-02  9.683e+01
-2.949e-01  -2.949e-01  -0.000e+00  1.000e+02
-8.035e-01  -8.035e-01  -1.227e-02  9.847e+01
-4.323e-01  -4.323e-01  -7.084e-03  9.836e+01
-3.435e-01  -3.435e-01  -1.002e-02  9.708e+01
-1.063e+00  -1.063e+00  -2.125e-02  9.800e+01
-4.863e-01  -4.863e-01  -0.000e+00  1.000e+02
-4.356e-01  -4.356e-01  -7.084e-03  9.837e+01
-1.200e+00  -1.200e+00  -2.125e-02  9.823e+01
-4.956e-01  -4.956e-01  -7.084e-03  9.857e+01
-4.928e-01  -4.928e-01  -7.084e-03  9.856e+01
-1.273e+00  -1.273e+00  -2.240e-02  9.824e+01
-4.835e-01  -4.835e-01  -7.084e-03  9.853e+01
-5.104e-01  -5.104e-01  -1.227e-02  9.760e+01
-1.289e+00  -1.289e+00  -2.240e-02  9.826e+01
-4.869e-01  -4.869e-01  -7.084e-03  9.855e+01
-5.200e-01  -5.200e-01  -7.084e-03  9.864e+01
-1.289e+00  -1.289e+00  -3.005e-02  9.767e+01
-4.920e-01  -4.920e-01  -0.000e+00  1.000e+02
-5.327e-01  -5.327e-01  -1.227e-02  9.770e+01
-1.312e+00  -1.312e+00  -2.650e-02  9.798e+01
-5.180e-01  -5.180e-01  -1.002e-02  9.807e+01
-5.170e-01  -5.170e-01  -1.417e-02  9.726e+01
-1.368e+00  -1.368e+00  -2.125e-02  9.845e+01
-4.965e-01  -4.965e-01  -1.227e-02  9.753e+01
-5.350e-01  -5.350e-01  -1.002e-02  9.813e+01
-1.346e+00  -1.346e+00  -2.743e-02  9.796e+01
-4.774e-01  -4.774e-01  -1.002e-02  9.790e+01
-5.413e-01  -5.413e-01  -1.002e-02  9.815e+01
-1.363e+00  -1.363e+00  -2.454e-02  9.820e+01
-4.853e-01  -4.853e-01  -1.227e-02  9.747e+01
-5.356e-01  -5.356e-01  -1.735e-02  9.676e+01
-1.325e+00  -1.325e+00  -2.833e-02  9.786e+01
========================================================================================

step: 3/15 res:19.72029973683241, res/res0:0.8788875164279216  dq_norm: [0.02920655 0.03611957 0.07982845]

A info: before HHL prepare:
Spectral radius (A): 9.784e+01, lambda_min:6.191025571290078
condition number(A): 1.580e+01, norm2_cond:385.19930880416274
det(A): 4.277e+93
--------------------------------------------------------------------------------

A_hhl info: after scaling by spectral radius:
Spectral radius (A): 1.000e+00, lambda_min:0.06327538808680895
condition number(A): 1.580e+01, norm2_cond:385.1993088041714
det(A): 1.583e-26, nnz: 14 non zeros per row
--------------------------------------------------------------------------------

Size of A & B are not power of 2:
Next 2 power of 60 = 64
Value to be padded = 4
--------------------------------------------------

==================== Print (N)^2 padded matrix system =======================
Padded shape of A: (60, 60)x(60, 60) -> (64, 64)x(64, 64)
Padded shape of B: (60,) -> (64,)
Determinant of padded matrix: 1.5831262578852694e-26
Condition # of padded matrix: 385.1993088041714


Matrix is not Hermitian. Making it Hermitian.......

==================== Print Hermitian matrix system info =======================
Shape of hermitian A: 64x64 -> 128x128
Shape of           B: 64 -> 128
Determinant of Hermitian matrix: 2.506288748405817e-52
Condition # of Hermitian matrix: 385.1993088041733

=================================== Generating HHL circuit ===================================
Time elapsed for generating HHL circuit: 5 min 7.85 sec

Generated circuit: num_qubits=18, gates=23, depth=5
============================== Generated Circuit saved ==============================

============================== Transpiling circuit ==============================
This is using the AerSimulator('aer_simulator_statevector') transpiler.
Time elapsed for transpiling the circuit:  0 min 53.01 sec
Transpiled circuit, num_qubits: 18, (original: 18)
Transpiled circuit depth: 464201 (original: 5)
Transpiled circuit gates: 464353 (original: 23)
============================== Transpiled Circuit saved ==============================
Time elapsed for running the circuit:  2 min 31.28 sec
total_qubits: 18, nq:7

Time elapsed for extracting shots-based hhl counts solution:  0 min 0.00 sec

[HHL info]: linear system residual (e=||Ax-b||_2): 19.219196964843718
[HHL info]: Fidelity(true_sol, hhl_sol): 0.9396747876631861
[HHL info]: L2 error (absolute): 4.5218919503411605
[HHL info]: L2 error (relative): 0.9673666187997646
[HHL info]: L2 error (normalized): 0.24751468030104637

========================================================================================
 Compare system solutions using LU of A, LU sol of A_herm, HHL of Ax=b hermition system
LU sol 	    Herm LU sol    HHL sol    L1_diff(%)
-1.936e-04  -1.936e-04  -0.000e+00  1.000e+02
-1.762e-04  -1.762e-04  -0.000e+00  1.000e+02
-5.308e-04  -5.308e-04  -0.000e+00  1.000e+02
-7.168e-04  -7.168e-04  -0.000e+00  1.000e+02
-6.743e-04  -6.743e-04  -0.000e+00  1.000e+02
-1.997e-03  -1.997e-03  -0.000e+00  1.000e+02
-1.793e-03  -1.793e-03  -0.000e+00  1.000e+02
-1.756e-03  -1.756e-03  -0.000e+00  1.000e+02
-5.094e-03  -5.094e-03  -0.000e+00  1.000e+02
-4.357e-03  -4.357e-03  -0.000e+00  1.000e+02
-4.224e-03  -4.224e-03  -0.000e+00  1.000e+02
-1.233e-02  -1.233e-02  -0.000e+00  1.000e+02
-1.108e-02  -1.108e-02  -0.000e+00  1.000e+02
-1.023e-02  -1.023e-02  -0.000e+00  1.000e+02
-3.064e-02  -3.064e-02  -0.000e+00  1.000e+02
-2.739e-02  -2.739e-02  -0.000e+00  1.000e+02
-2.402e-02  -2.402e-02  -0.000e+00  1.000e+02
-7.350e-02  -7.350e-02  -0.000e+00  1.000e+02
-6.174e-02  -6.174e-02  -0.000e+00  1.000e+02
-5.337e-02  -5.337e-02  -0.000e+00  1.000e+02
-1.163e-01  -1.163e-01  -0.000e+00  1.000e+02
-8.249e-02  -8.249e-02  -0.000e+00  1.000e+02
-9.326e-02  -9.326e-02  -0.000e+00  1.000e+02
-3.204e-01  -3.204e-01  -1.223e-02  9.618e+01
-1.992e-01  -1.992e-01  -0.000e+00  1.000e+02
-2.014e-01  -2.014e-01  -0.000e+00  1.000e+02
-5.071e-01  -5.071e-01  -2.118e-02  9.582e+01
-3.049e-01  -3.049e-01  -0.000e+00  1.000e+02
-2.964e-01  -2.964e-01  -1.729e-02  9.417e+01
-7.893e-01  -7.893e-01  -3.235e-02  9.590e+01
-4.256e-01  -4.256e-01  -1.223e-02  9.713e+01
-3.329e-01  -3.329e-01  -1.223e-02  9.633e+01
-1.041e+00  -1.041e+00  -3.458e-02  9.668e+01
-4.866e-01  -4.866e-01  -1.729e-02  9.645e+01
-4.281e-01  -4.281e-01  -1.729e-02  9.596e+01
-1.177e+00  -1.177e+00  -3.867e-02  9.671e+01
-4.878e-01  -4.878e-01  -1.223e-02  9.749e+01
-4.856e-01  -4.856e-01  -0.000e+00  1.000e+02
-1.248e+00  -1.248e+00  -4.891e-02  9.608e+01
-4.764e-01  -4.764e-01  -2.118e-02  9.555e+01
-4.986e-01  -4.986e-01  -0.000e+00  1.000e+02
-1.266e+00  -1.266e+00  -4.055e-02  9.680e+01
-4.814e-01  -4.814e-01  -1.223e-02  9.746e+01
-5.137e-01  -5.137e-01  -2.118e-02  9.588e+01
-1.260e+00  -1.260e+00  -4.236e-02  9.664e+01
-4.934e-01  -4.934e-01  -2.445e-02  9.504e+01
-5.193e-01  -5.193e-01  -1.223e-02  9.765e+01
-1.287e+00  -1.287e+00  -3.458e-02  9.731e+01
-5.066e-01  -5.066e-01  -2.118e-02  9.582e+01
-5.025e-01  -5.025e-01  -2.445e-02  9.513e+01
-1.344e+00  -1.344e+00  -3.668e-02  9.727e+01
-4.823e-01  -4.823e-01  -2.445e-02  9.493e+01
-5.254e-01  -5.254e-01  -1.729e-02  9.671e+01
-1.315e+00  -1.315e+00  -4.735e-02  9.640e+01
-4.668e-01  -4.668e-01  -1.729e-02  9.630e+01
-5.317e-01  -5.317e-01  -2.445e-02  9.540e+01
-1.337e+00  -1.337e+00  -4.409e-02  9.670e+01
-4.734e-01  -4.734e-01  -1.223e-02  9.742e+01
-5.183e-01  -5.183e-01  -1.729e-02  9.666e+01
-1.298e+00  -1.298e+00  -3.867e-02  9.702e+01
========================================================================================

step: 4/15 res:19.523549926580642, res/res0:0.8701188387507326  dq_norm: [0.05734964 0.05603108 0.13560382]

A info: before HHL prepare:
Spectral radius (A): 9.784e+01, lambda_min:6.248313038964519
condition number(A): 1.566e+01, norm2_cond:383.2198389956955
det(A): 5.325e+93
--------------------------------------------------------------------------------

A_hhl info: after scaling by spectral radius:
Spectral radius (A): 1.000e+00, lambda_min:0.06386378664829927
condition number(A): 1.566e+01, norm2_cond:383.21983899569454
det(A): 1.976e-26, nnz: 14 non zeros per row
--------------------------------------------------------------------------------

Size of A & B are not power of 2:
Next 2 power of 60 = 64
Value to be padded = 4
--------------------------------------------------

==================== Print (N)^2 padded matrix system =======================
Padded shape of A: (60, 60)x(60, 60) -> (64, 64)x(64, 64)
Padded shape of B: (60,) -> (64,)
Determinant of padded matrix: 1.976092740525463e-26
Condition # of padded matrix: 383.21983899569454


Matrix is not Hermitian. Making it Hermitian.......

==================== Print Hermitian matrix system info =======================
Shape of hermitian A: 64x64 -> 128x128
Shape of           B: 64 -> 128
Determinant of Hermitian matrix: 3.904942519157324e-52
Condition # of Hermitian matrix: 383.2198389956953

=================================== Generating HHL circuit ===================================
Time elapsed for generating HHL circuit: 5 min 7.87 sec

Generated circuit: num_qubits=18, gates=23, depth=5
============================== Generated Circuit saved ==============================

============================== Transpiling circuit ==============================
This is using the AerSimulator('aer_simulator_statevector') transpiler.
Time elapsed for transpiling the circuit:  0 min 53.42 sec
Transpiled circuit, num_qubits: 18, (original: 18)
Transpiled circuit depth: 464203 (original: 5)
Transpiled circuit gates: 464355 (original: 23)
============================== Transpiled Circuit saved ==============================
Time elapsed for running the circuit:  2 min 33.24 sec
total_qubits: 18, nq:7

Time elapsed for extracting shots-based hhl counts solution:  0 min 0.00 sec

[HHL info]: linear system residual (e=||Ax-b||_2): 19.196689685883197
[HHL info]: Fidelity(true_sol, hhl_sol): 0.909728952456282
[HHL info]: L2 error (absolute): 4.4638298622925685
[HHL info]: L2 error (relative): 0.992667888288949
[HHL info]: L2 error (normalized): 0.3039831465017234

========================================================================================
 Compare system solutions using LU of A, LU sol of A_herm, HHL of Ax=b hermition system
LU sol 	    Herm LU sol    HHL sol    L1_diff(%)
-1.928e-04  -1.928e-04  -0.000e+00  1.000e+02
-1.758e-04  -1.758e-04  -0.000e+00  1.000e+02
-5.291e-04  -5.291e-04  -0.000e+00  1.000e+02
-7.236e-04  -7.236e-04  -0.000e+00  1.000e+02
-6.776e-04  -6.776e-04  -0.000e+00  1.000e+02
-2.011e-03  -2.011e-03  -0.000e+00  1.000e+02
-1.824e-03  -1.824e-03  -0.000e+00  1.000e+02
-1.772e-03  -1.772e-03  -0.000e+00  1.000e+02
-5.160e-03  -5.160e-03  -0.000e+00  1.000e+02
-4.412e-03  -4.412e-03  -0.000e+00  1.000e+02
-4.254e-03  -4.254e-03  -0.000e+00  1.000e+02
-1.244e-02  -1.244e-02  -0.000e+00  1.000e+02
-1.108e-02  -1.108e-02  -0.000e+00  1.000e+02
-1.023e-02  -1.023e-02  -0.000e+00  1.000e+02
-3.063e-02  -3.063e-02  -0.000e+00  1.000e+02
-2.715e-02  -2.715e-02  -0.000e+00  1.000e+02
-2.389e-02  -2.389e-02  -0.000e+00  1.000e+02
-7.303e-02  -7.303e-02  -0.000e+00  1.000e+02
-6.128e-02  -6.128e-02  -0.000e+00  1.000e+02
-5.311e-02  -5.311e-02  -0.000e+00  1.000e+02
-1.152e-01  -1.152e-01  -0.000e+00  1.000e+02
-8.288e-02  -8.288e-02  -0.000e+00  1.000e+02
-9.377e-02  -9.377e-02  -0.000e+00  1.000e+02
-3.086e-01  -3.086e-01  -5.336e-03  9.827e+01
-2.015e-01  -2.015e-01  -2.668e-03  9.868e+01
-2.025e-01  -2.025e-01  -2.668e-03  9.868e+01
-4.893e-01  -4.893e-01  -3.773e-03  9.923e+01
-3.062e-01  -3.062e-01  -2.668e-03  9.913e+01
-2.779e-01  -2.779e-01  -0.000e+00  1.000e+02
-7.569e-01  -7.569e-01  -8.004e-03  9.894e+01
-4.102e-01  -4.102e-01  -3.773e-03  9.908e+01
-3.207e-01  -3.207e-01  -0.000e+00  1.000e+02
-1.001e+00  -1.001e+00  -1.033e-02  9.897e+01
-4.621e-01  -4.621e-01  -2.668e-03  9.942e+01
-4.093e-01  -4.093e-01  -2.668e-03  9.935e+01
-1.122e+00  -1.122e+00  -7.546e-03  9.933e+01
-4.680e-01  -4.680e-01  -3.773e-03  9.919e+01
-4.869e-01  -4.869e-01  -0.000e+00  1.000e+02
-1.178e+00  -1.178e+00  -6.535e-03  9.945e+01
-4.501e-01  -4.501e-01  -4.621e-03  9.897e+01
-4.997e-01  -4.997e-01  -2.668e-03  9.947e+01
-1.213e+00  -1.213e+00  -1.132e-02  9.907e+01
-4.656e-01  -4.656e-01  -5.336e-03  9.885e+01
-4.914e-01  -4.914e-01  -3.773e-03  9.923e+01
-1.209e+00  -1.209e+00  -7.546e-03  9.938e+01
-4.642e-01  -4.642e-01  -2.668e-03  9.943e+01
-5.073e-01  -5.073e-01  -2.668e-03  9.947e+01
-1.245e+00  -1.245e+00  -1.033e-02  9.917e+01
-4.815e-01  -4.815e-01  -0.000e+00  1.000e+02
-4.778e-01  -4.778e-01  -2.668e-03  9.944e+01
-1.301e+00  -1.301e+00  -1.033e-02  9.921e+01
-4.555e-01  -4.555e-01  -0.000e+00  1.000e+02
-5.090e-01  -5.090e-01  -5.336e-03  9.895e+01
-1.263e+00  -1.263e+00  -8.849e-03  9.930e+01
-4.491e-01  -4.491e-01  -4.621e-03  9.897e+01
-5.070e-01  -5.070e-01  -4.621e-03  9.909e+01
-1.292e+00  -1.292e+00  -9.620e-03  9.926e+01
-4.613e-01  -4.613e-01  -2.668e-03  9.942e+01
-5.010e-01  -5.010e-01  -3.773e-03  9.925e+01
-1.259e+00  -1.259e+00  -8.004e-03  9.936e+01
========================================================================================

step: 5/15 res:19.21776029828585, res/res0:0.8564905120747711  dq_norm: [0.01162942 0.01067189 0.03076856]

A info: before HHL prepare:
Spectral radius (A): 9.788e+01, lambda_min:6.2553872066804725
condition number(A): 1.565e+01, norm2_cond:382.5812989737172
det(A): 5.577e+93
--------------------------------------------------------------------------------

A_hhl info: after scaling by spectral radius:
Spectral radius (A): 1.000e+00, lambda_min:0.06391097868354678
condition number(A): 1.565e+01, norm2_cond:382.5812989737243
det(A): 2.021e-26, nnz: 14 non zeros per row
--------------------------------------------------------------------------------

Size of A & B are not power of 2:
Next 2 power of 60 = 64
Value to be padded = 4
--------------------------------------------------

==================== Print (N)^2 padded matrix system =======================
Padded shape of A: (60, 60)x(60, 60) -> (64, 64)x(64, 64)
Padded shape of B: (60,) -> (64,)
Determinant of padded matrix: 2.0213469971887432e-26
Condition # of padded matrix: 382.5812989737243


Matrix is not Hermitian. Making it Hermitian.......

==================== Print Hermitian matrix system info =======================
Shape of hermitian A: 64x64 -> 128x128
Shape of           B: 64 -> 128
Determinant of Hermitian matrix: 4.0858436830439494e-52
Condition # of Hermitian matrix: 382.5812989737216

=================================== Generating HHL circuit ===================================
Time elapsed for generating HHL circuit: 5 min 9.45 sec

Generated circuit: num_qubits=18, gates=23, depth=5
============================== Generated Circuit saved ==============================

============================== Transpiling circuit ==============================
This is using the AerSimulator('aer_simulator_statevector') transpiler.
Time elapsed for transpiling the circuit:  0 min 54.66 sec
Transpiled circuit, num_qubits: 18, (original: 18)
Transpiled circuit depth: 464202 (original: 5)
Transpiled circuit gates: 464354 (original: 23)
============================== Transpiled Circuit saved ==============================
Time elapsed for running the circuit:  2 min 31.21 sec
total_qubits: 18, nq:7

Time elapsed for extracting shots-based hhl counts solution:  0 min 0.00 sec

[HHL info]: linear system residual (e=||Ax-b||_2): 18.54964255024385
[HHL info]: Fidelity(true_sol, hhl_sol): 0.9194928272570222
[HHL info]: L2 error (absolute): 4.3095591065632535
[HHL info]: L2 error (relative): 0.9661336355282
[HHL info]: L2 error (normalized): 0.28669884496666437

========================================================================================
 Compare system solutions using LU of A, LU sol of A_herm, HHL of Ax=b hermition system
LU sol 	    Herm LU sol    HHL sol    L1_diff(%)
-1.934e-04  -1.934e-04  -0.000e+00  1.000e+02
-1.761e-04  -1.761e-04  -0.000e+00  1.000e+02
-5.303e-04  -5.303e-04  -0.000e+00  1.000e+02
-7.211e-04  -7.211e-04  -0.000e+00  1.000e+02
-6.763e-04  -6.763e-04  -0.000e+00  1.000e+02
-2.006e-03  -2.006e-03  -0.000e+00  1.000e+02
-1.810e-03  -1.810e-03  -0.000e+00  1.000e+02
-1.765e-03  -1.765e-03  -0.000e+00  1.000e+02
-5.130e-03  -5.130e-03  -0.000e+00  1.000e+02
-4.385e-03  -4.385e-03  -0.000e+00  1.000e+02
-4.241e-03  -4.241e-03  -0.000e+00  1.000e+02
-1.238e-02  -1.238e-02  -0.000e+00  1.000e+02
-1.107e-02  -1.107e-02  -0.000e+00  1.000e+02
-1.023e-02  -1.023e-02  -0.000e+00  1.000e+02
-3.062e-02  -3.062e-02  -1.240e-02  5.951e+01
-2.724e-02  -2.724e-02  -0.000e+00  1.000e+02
-2.393e-02  -2.393e-02  -0.000e+00  1.000e+02
-7.323e-02  -7.323e-02  -0.000e+00  1.000e+02
-6.153e-02  -6.153e-02  -0.000e+00  1.000e+02
-5.327e-02  -5.327e-02  -0.000e+00  1.000e+02
-1.158e-01  -1.158e-01  -0.000e+00  1.000e+02
-8.291e-02  -8.291e-02  -0.000e+00  1.000e+02
-9.374e-02  -9.374e-02  -1.240e-02  8.678e+01
-3.032e-01  -3.032e-01  -0.000e+00  1.000e+02
-1.979e-01  -1.979e-01  -0.000e+00  1.000e+02
-1.994e-01  -1.994e-01  -1.240e-02  9.378e+01
-4.838e-01  -4.838e-01  -1.753e-02  9.638e+01
-3.019e-01  -3.019e-01  -0.000e+00  1.000e+02
-2.781e-01  -2.781e-01  -1.240e-02  9.554e+01
-7.448e-01  -7.448e-01  -1.753e-02  9.765e+01
-4.050e-01  -4.050e-01  -1.753e-02  9.567e+01
-3.209e-01  -3.209e-01  -0.000e+00  1.000e+02
-9.866e-01  -9.866e-01  -2.772e-02  9.719e+01
-4.581e-01  -4.581e-01  -1.240e-02  9.729e+01
-4.064e-01  -4.064e-01  -1.753e-02  9.569e+01
-1.111e+00  -1.111e+00  -4.111e-02  9.630e+01
-4.627e-01  -4.627e-01  -1.753e-02  9.621e+01
-4.869e-01  -4.869e-01  -3.280e-02  9.326e+01
-1.169e+00  -1.169e+00  -4.959e-02  9.576e+01
-4.442e-01  -4.442e-01  -1.753e-02  9.605e+01
-4.969e-01  -4.969e-01  -2.147e-02  9.568e+01
-1.199e+00  -1.199e+00  -4.294e-02  9.642e+01
-4.594e-01  -4.594e-01  -1.753e-02  9.618e+01
-4.877e-01  -4.877e-01  -2.147e-02  9.560e+01
-1.200e+00  -1.200e+00  -4.294e-02  9.642e+01
-4.621e-01  -4.621e-01  -1.240e-02  9.732e+01
-5.051e-01  -5.051e-01  -1.753e-02  9.653e+01
-1.235e+00  -1.235e+00  -4.111e-02  9.667e+01
-4.828e-01  -4.828e-01  -0.000e+00  1.000e+02
-4.749e-01  -4.749e-01  -2.772e-02  9.416e+01
-1.293e+00  -1.293e+00  -4.111e-02  9.682e+01
-4.563e-01  -4.563e-01  -2.147e-02  9.529e+01
-5.034e-01  -5.034e-01  -1.240e-02  9.754e+01
-1.256e+00  -1.256e+00  -4.470e-02  9.644e+01
-4.448e-01  -4.448e-01  -0.000e+00  1.000e+02
-5.025e-01  -5.025e-01  -1.240e-02  9.753e+01
-1.284e+00  -1.284e+00  -4.294e-02  9.665e+01
-4.591e-01  -4.591e-01  -1.753e-02  9.618e+01
-4.973e-01  -4.973e-01  -1.240e-02  9.751e+01
-1.252e+00  -1.252e+00  -4.111e-02  9.672e+01
========================================================================================

step: 6/15 res:19.196819785750133, res/res0:0.855557242535218  dq_norm: [0.0480116  0.06559633 0.13523031]

A info: before HHL prepare:
Spectral radius (A): 9.783e+01, lambda_min:6.215830489567186
condition number(A): 1.574e+01, norm2_cond:380.24147450504233
det(A): 5.740e+93
--------------------------------------------------------------------------------

A_hhl info: after scaling by spectral radius:
Spectral radius (A): 1.000e+00, lambda_min:0.06353548039919814
condition number(A): 1.574e+01, norm2_cond:380.24147450503915
det(A): 2.138e-26, nnz: 14 non zeros per row
--------------------------------------------------------------------------------

Size of A & B are not power of 2:
Next 2 power of 60 = 64
Value to be padded = 4
--------------------------------------------------

==================== Print (N)^2 padded matrix system =======================
Padded shape of A: (60, 60)x(60, 60) -> (64, 64)x(64, 64)
Padded shape of B: (60,) -> (64,)
Determinant of padded matrix: 2.1378060682152275e-26
Condition # of padded matrix: 380.24147450503915


Matrix is not Hermitian. Making it Hermitian.......

==================== Print Hermitian matrix system info =======================
Shape of hermitian A: 64x64 -> 128x128
Shape of           B: 64 -> 128
Determinant of Hermitian matrix: 4.570214785297915e-52
Condition # of Hermitian matrix: 380.2414745050433

=================================== Generating HHL circuit ===================================
Time elapsed for generating HHL circuit: 5 min 18.42 sec

Generated circuit: num_qubits=18, gates=23, depth=5
============================== Generated Circuit saved ==============================

============================== Transpiling circuit ==============================
This is using the AerSimulator('aer_simulator_statevector') transpiler.
Time elapsed for transpiling the circuit:  0 min 42.61 sec
Transpiled circuit, num_qubits: 18, (original: 18)
Transpiled circuit depth: 464199 (original: 5)
Transpiled circuit gates: 464351 (original: 23)
============================== Transpiled Circuit saved ==============================
Time elapsed for running the circuit:  2 min 31.40 sec
total_qubits: 18, nq:7

Time elapsed for extracting shots-based hhl counts solution:  0 min 0.00 sec

[HHL info]: linear system residual (e=||Ax-b||_2): 17.43884726844487
[HHL info]: Fidelity(true_sol, hhl_sol): 0.8950514657795596
[HHL info]: L2 error (absolute): 4.100144548616953
[HHL info]: L2 error (relative): 0.9527990891501577
[HHL info]: L2 error (normalized): 0.32841560090865807

========================================================================================
 Compare system solutions using LU of A, LU sol of A_herm, HHL of Ax=b hermition system
LU sol 	    Herm LU sol    HHL sol    L1_diff(%)
-2.066e-04  -2.066e-04  -0.000e+00  1.000e+02
-1.827e-04  -1.827e-04  -0.000e+00  1.000e+02
-5.581e-04  -5.581e-04  -0.000e+00  1.000e+02
-7.517e-04  -7.517e-04  -0.000e+00  1.000e+02
-6.919e-04  -6.919e-04  -0.000e+00  1.000e+02
-2.071e-03  -2.071e-03  -0.000e+00  1.000e+02
-1.795e-03  -1.795e-03  -0.000e+00  1.000e+02
-1.754e-03  -1.754e-03  -0.000e+00  1.000e+02
-5.100e-03  -5.100e-03  -0.000e+00  1.000e+02
-4.203e-03  -4.203e-03  -0.000e+00  1.000e+02
-4.153e-03  -4.153e-03  -0.000e+00  1.000e+02
-1.201e-02  -1.201e-02  -0.000e+00  1.000e+02
-1.072e-02  -1.072e-02  -0.000e+00  1.000e+02
-1.006e-02  -1.006e-02  -0.000e+00  1.000e+02
-1.740e-02  -1.740e-02  -0.000e+00  1.000e+02
-2.723e-02  -2.723e-02  -0.000e+00  1.000e+02
-2.399e-02  -2.399e-02  -0.000e+00  1.000e+02
-7.319e-02  -7.319e-02  -0.000e+00  1.000e+02
-6.277e-02  -6.277e-02  -0.000e+00  1.000e+02
-5.380e-02  -5.380e-02  -0.000e+00  1.000e+02
-1.185e-01  -1.185e-01  -0.000e+00  1.000e+02
-8.531e-02  -8.531e-02  -0.000e+00  1.000e+02
-8.200e-02  -8.200e-02  -0.000e+00  1.000e+02
-3.096e-01  -3.096e-01  -0.000e+00  1.000e+02
-1.986e-01  -1.986e-01  -0.000e+00  1.000e+02
-1.857e-01  -1.857e-01  -0.000e+00  1.000e+02
-4.673e-01  -4.673e-01  -2.322e-02  9.503e+01
-2.984e-01  -2.984e-01  -1.642e-02  9.450e+01
-2.641e-01  -2.641e-01  -0.000e+00  1.000e+02
-7.181e-01  -7.181e-01  -4.022e-02  9.440e+01
-3.836e-01  -3.836e-01  -1.642e-02  9.572e+01
-3.237e-01  -3.237e-01  -1.642e-02  9.493e+01
-9.506e-01  -9.506e-01  -2.844e-02  9.701e+01
-4.461e-01  -4.461e-01  -3.671e-02  9.177e+01
-3.888e-01  -3.888e-01  -2.322e-02  9.403e+01
-1.071e+00  -1.071e+00  -4.344e-02  9.594e+01
-4.446e-01  -4.446e-01  -1.642e-02  9.631e+01
-4.527e-01  -4.527e-01  -2.322e-02  9.487e+01
-1.118e+00  -1.118e+00  -6.567e-02  9.413e+01
-4.250e-01  -4.250e-01  -3.284e-02  9.227e+01
-4.752e-01  -4.752e-01  -3.671e-02  9.227e+01
-1.153e+00  -1.153e+00  -5.192e-02  9.550e+01
-4.429e-01  -4.429e-01  -1.642e-02  9.629e+01
-4.682e-01  -4.682e-01  -0.000e+00  1.000e+02
-1.159e+00  -1.159e+00  -5.192e-02  9.552e+01
-4.534e-01  -4.534e-01  -1.642e-02  9.638e+01
-4.870e-01  -4.870e-01  -2.322e-02  9.523e+01
-1.201e+00  -1.201e+00  -3.671e-02  9.694e+01
-4.861e-01  -4.861e-01  -4.022e-02  9.173e+01
-4.464e-01  -4.464e-01  -0.000e+00  1.000e+02
-1.256e+00  -1.256e+00  -7.524e-02  9.401e+01
-4.350e-01  -4.350e-01  -2.322e-02  9.466e+01
-4.921e-01  -4.921e-01  -4.344e-02  9.117e+01
-1.210e+00  -1.210e+00  -7.157e-02  9.409e+01
-4.434e-01  -4.434e-01  -1.642e-02  9.630e+01
-4.887e-01  -4.887e-01  -2.322e-02  9.525e+01
-1.234e+00  -1.234e+00  -6.359e-02  9.485e+01
-4.359e-01  -4.359e-01  -0.000e+00  1.000e+02
-4.846e-01  -4.846e-01  -2.322e-02  9.521e+01
-1.198e+00  -1.198e+00  -5.687e-02  9.525e+01
========================================================================================

step: 7/15 res:18.545239734772256, res/res0:0.8265178475767158  dq_norm: [0.07873918 0.07873918 0.18429443]

A info: before HHL prepare:
Spectral radius (A): 9.812e+01, lambda_min:6.2872996317954675
condition number(A): 1.561e+01, norm2_cond:376.8237240003081
det(A): 7.354e+93
--------------------------------------------------------------------------------

A_hhl info: after scaling by spectral radius:
Spectral radius (A): 1.000e+00, lambda_min:0.06408018720639491
condition number(A): 1.561e+01, norm2_cond:376.8237240003143
det(A): 2.302e-26, nnz: 14 non zeros per row
--------------------------------------------------------------------------------

Size of A & B are not power of 2:
Next 2 power of 60 = 64
Value to be padded = 4
--------------------------------------------------

==================== Print (N)^2 padded matrix system =======================
Padded shape of A: (60, 60)x(60, 60) -> (64, 64)x(64, 64)
Padded shape of B: (60,) -> (64,)
Determinant of padded matrix: 2.3019987987015882e-26
Condition # of padded matrix: 376.8237240003143


Matrix is not Hermitian. Making it Hermitian.......

==================== Print Hermitian matrix system info =======================
Shape of hermitian A: 64x64 -> 128x128
Shape of           B: 64 -> 128
Determinant of Hermitian matrix: 5.299198469223781e-52
Condition # of Hermitian matrix: 376.82372400031204

=================================== Generating HHL circuit ===================================
Time elapsed for generating HHL circuit: 5 min 16.08 sec

Generated circuit: num_qubits=18, gates=23, depth=5
============================== Generated Circuit saved ==============================

============================== Transpiling circuit ==============================
This is using the AerSimulator('aer_simulator_statevector') transpiler.
Time elapsed for transpiling the circuit:  0 min 43.90 sec
Transpiled circuit, num_qubits: 18, (original: 18)
Transpiled circuit depth: 464202 (original: 5)
Transpiled circuit gates: 464354 (original: 23)
============================== Transpiled Circuit saved ==============================
Time elapsed for running the circuit:  2 min 29.99 sec
total_qubits: 18, nq:7

Time elapsed for extracting shots-based hhl counts solution:  0 min 0.00 sec

[HHL info]: linear system residual (e=||Ax-b||_2): 17.425345723443826
[HHL info]: Fidelity(true_sol, hhl_sol): 0.9141199633345546
[HHL info]: L2 error (absolute): 4.0447734097346375
[HHL info]: L2 error (relative): 0.9931834754324734
[HHL info]: L2 error (normalized): 0.29632343716988413

========================================================================================
 Compare system solutions using LU of A, LU sol of A_herm, HHL of Ax=b hermition system
LU sol 	    Herm LU sol    HHL sol    L1_diff(%)
-2.072e-04  -2.072e-04  -0.000e+00  1.000e+02
-1.831e-04  -1.831e-04  -0.000e+00  1.000e+02
-5.594e-04  -5.594e-04  -0.000e+00  1.000e+02
-7.359e-04  -7.359e-04  -0.000e+00  1.000e+02
-6.841e-04  -6.841e-04  -0.000e+00  1.000e+02
-2.037e-03  -2.037e-03  -0.000e+00  1.000e+02
-1.734e-03  -1.734e-03  -0.000e+00  1.000e+02
-1.723e-03  -1.723e-03  -0.000e+00  1.000e+02
-4.971e-03  -4.971e-03  -0.000e+00  1.000e+02
-4.111e-03  -4.111e-03  -0.000e+00  1.000e+02
-4.105e-03  -4.105e-03  -0.000e+00  1.000e+02
-1.181e-02  -1.181e-02  -0.000e+00  1.000e+02
-1.077e-02  -1.077e-02  -0.000e+00  1.000e+02
-1.009e-02  -1.009e-02  -0.000e+00  1.000e+02
-1.749e-02  -1.749e-02  -0.000e+00  1.000e+02
-2.767e-02  -2.767e-02  -0.000e+00  1.000e+02
-2.421e-02  -2.421e-02  -0.000e+00  1.000e+02
-7.409e-02  -7.409e-02  -0.000e+00  1.000e+02
-6.345e-02  -6.345e-02  -0.000e+00  1.000e+02
-5.409e-02  -5.409e-02  -0.000e+00  1.000e+02
-1.201e-01  -1.201e-01  -0.000e+00  1.000e+02
-8.483e-02  -8.483e-02  -0.000e+00  1.000e+02
-8.154e-02  -8.154e-02  -0.000e+00  1.000e+02
-3.084e-01  -3.084e-01  -0.000e+00  1.000e+02
-1.958e-01  -1.958e-01  -0.000e+00  1.000e+02
-1.854e-01  -1.854e-01  -0.000e+00  1.000e+02
-4.361e-01  -4.361e-01  -3.070e-03  9.930e+01
-2.768e-01  -2.768e-01  -3.070e-03  9.889e+01
-2.640e-01  -2.640e-01  -3.070e-03  9.884e+01
-6.657e-01  -6.657e-01  -4.342e-03  9.935e+01
-3.620e-01  -3.620e-01  -2.171e-03  9.940e+01
-3.074e-01  -3.074e-01  -2.171e-03  9.929e+01
-9.143e-01  -9.143e-01  -7.827e-03  9.914e+01
-4.046e-01  -4.046e-01  -2.171e-03  9.946e+01
-3.667e-01  -3.667e-01  -2.171e-03  9.941e+01
-1.021e+00  -1.021e+00  -5.318e-03  9.948e+01
-4.266e-01  -4.266e-01  -4.342e-03  9.898e+01
-4.293e-01  -4.293e-01  -2.171e-03  9.949e+01
-1.049e+00  -1.049e+00  -6.865e-03  9.935e+01
-3.887e-01  -3.887e-01  -3.760e-03  9.903e+01
-4.388e-01  -4.388e-01  -3.070e-03  9.930e+01
-1.095e+00  -1.095e+00  -7.827e-03  9.929e+01
-4.197e-01  -4.197e-01  -3.760e-03  9.910e+01
-4.663e-01  -4.663e-01  -3.760e-03  9.919e+01
-1.091e+00  -1.091e+00  -8.408e-03  9.923e+01
-4.254e-01  -4.254e-01  -0.000e+00  1.000e+02
-4.623e-01  -4.623e-01  -2.171e-03  9.953e+01
-1.139e+00  -1.139e+00  -9.709e-03  9.915e+01
-4.357e-01  -4.357e-01  -3.760e-03  9.914e+01
-4.497e-01  -4.497e-01  -0.000e+00  1.000e+02
-1.158e+00  -1.158e+00  -9.948e-03  9.914e+01
-4.094e-01  -4.094e-01  -2.171e-03  9.947e+01
-4.475e-01  -4.475e-01  -0.000e+00  1.000e+02
-1.133e+00  -1.133e+00  -7.827e-03  9.931e+01
-4.300e-01  -4.300e-01  -3.070e-03  9.929e+01
-4.667e-01  -4.667e-01  -2.171e-03  9.953e+01
-1.174e+00  -1.174e+00  -7.827e-03  9.933e+01
-4.441e-01  -4.441e-01  -0.000e+00  1.000e+02
-4.616e-01  -4.616e-01  -3.070e-03  9.933e+01
-1.154e+00  -1.154e+00  -8.408e-03  9.927e+01
========================================================================================

step: 8/15 res:17.443916004595827, res/res0:0.7774344314565218  dq_norm: [0.00970856 0.00812276 0.02614109]

A info: before HHL prepare:
Spectral radius (A): 9.815e+01, lambda_min:6.29672560910005
condition number(A): 1.559e+01, norm2_cond:375.91847011236064
det(A): 7.619e+93
--------------------------------------------------------------------------------

A_hhl info: after scaling by spectral radius:
Spectral radius (A): 1.000e+00, lambda_min:0.06415709968929119
condition number(A): 1.559e+01, norm2_cond:375.91847011236496
det(A): 2.343e-26, nnz: 26 non zeros per row
--------------------------------------------------------------------------------

Size of A & B are not power of 2:
Next 2 power of 60 = 64
Value to be padded = 4
--------------------------------------------------

==================== Print (N)^2 padded matrix system =======================
Padded shape of A: (60, 60)x(60, 60) -> (64, 64)x(64, 64)
Padded shape of B: (60,) -> (64,)
Determinant of padded matrix: 2.3426718324471992e-26
Condition # of padded matrix: 375.91847011236496


Matrix is not Hermitian. Making it Hermitian.......

==================== Print Hermitian matrix system info =======================
Shape of hermitian A: 64x64 -> 128x128
Shape of           B: 64 -> 128
Determinant of Hermitian matrix: 5.4881113145413624e-52
Condition # of Hermitian matrix: 375.91847011236433

=================================== Generating HHL circuit ===================================
Time elapsed for generating HHL circuit: 5 min 20.60 sec

Generated circuit: num_qubits=18, gates=23, depth=5
============================== Generated Circuit saved ==============================

============================== Transpiling circuit ==============================
This is using the AerSimulator('aer_simulator_statevector') transpiler.
Time elapsed for transpiling the circuit:  0 min 43.96 sec
Transpiled circuit, num_qubits: 18, (original: 18)
Transpiled circuit depth: 464195 (original: 5)
Transpiled circuit gates: 464347 (original: 23)
============================== Transpiled Circuit saved ==============================
Time elapsed for running the circuit:  2 min 30.05 sec
total_qubits: 18, nq:7

Time elapsed for extracting shots-based hhl counts solution:  0 min 0.00 sec

[HHL info]: linear system residual (e=||Ax-b||_2): 17.293730099211718
[HHL info]: Fidelity(true_sol, hhl_sol): 0.925714845850596
[HHL info]: L2 error (absolute): 3.9764936012101697
[HHL info]: L2 error (relative): 0.984314438799475
[HHL info]: L2 error (normalized): 0.27516990397455066

========================================================================================
 Compare system solutions using LU of A, LU sol of A_herm, HHL of Ax=b hermition system
LU sol 	    Herm LU sol    HHL sol    L1_diff(%)
-2.073e-04  -2.073e-04  -0.000e+00  1.000e+02
-1.831e-04  -1.831e-04  -0.000e+00  1.000e+02
-5.595e-04  -5.595e-04  -0.000e+00  1.000e+02
-7.353e-04  -7.353e-04  -0.000e+00  1.000e+02
-6.838e-04  -6.838e-04  -0.000e+00  1.000e+02
-2.036e-03  -2.036e-03  -0.000e+00  1.000e+02
-1.732e-03  -1.732e-03  -0.000e+00  1.000e+02
-1.722e-03  -1.722e-03  -0.000e+00  1.000e+02
-4.966e-03  -4.966e-03  -0.000e+00  1.000e+02
-4.107e-03  -4.107e-03  -0.000e+00  1.000e+02
-4.103e-03  -4.103e-03  -0.000e+00  1.000e+02
-1.180e-02  -1.180e-02  -0.000e+00  1.000e+02
-1.077e-02  -1.077e-02  -0.000e+00  1.000e+02
-1.009e-02  -1.009e-02  -0.000e+00  1.000e+02
-1.749e-02  -1.749e-02  -0.000e+00  1.000e+02
-2.769e-02  -2.769e-02  -0.000e+00  1.000e+02
-2.421e-02  -2.421e-02  -0.000e+00  1.000e+02
-7.412e-02  -7.412e-02  -0.000e+00  1.000e+02
-6.348e-02  -6.348e-02  -0.000e+00  1.000e+02
-5.411e-02  -5.411e-02  -0.000e+00  1.000e+02
-1.202e-01  -1.202e-01  -0.000e+00  1.000e+02
-8.484e-02  -8.484e-02  -4.899e-03  9.423e+01
-8.154e-02  -8.154e-02  -0.000e+00  1.000e+02
-3.084e-01  -3.084e-01  -4.899e-03  9.841e+01
-1.957e-01  -1.957e-01  -0.000e+00  1.000e+02
-1.854e-01  -1.854e-01  -0.000e+00  1.000e+02
-4.328e-01  -4.328e-01  -9.797e-03  9.774e+01
-2.734e-01  -2.734e-01  -4.899e-03  9.821e+01
-2.610e-01  -2.610e-01  -0.000e+00  1.000e+02
-6.610e-01  -6.610e-01  -1.200e-02  9.818e+01
-3.593e-01  -3.593e-01  -8.485e-03  9.764e+01
-3.051e-01  -3.051e-01  -8.485e-03  9.722e+01
-9.049e-01  -9.049e-01  -1.200e-02  9.867e+01
-4.015e-01  -4.015e-01  -0.000e+00  1.000e+02
-3.644e-01  -3.644e-01  -4.899e-03  9.866e+01
-1.014e+00  -1.014e+00  -1.833e-02  9.819e+01
-4.213e-01  -4.213e-01  -1.095e-02  9.740e+01
-4.273e-01  -4.273e-01  -4.899e-03  9.885e+01
-1.040e+00  -1.040e+00  -1.625e-02  9.844e+01
-3.847e-01  -3.847e-01  -6.928e-03  9.820e+01
-4.360e-01  -4.360e-01  -8.485e-03  9.805e+01
-1.087e+00  -1.087e+00  -1.897e-02  9.825e+01
-4.157e-01  -4.157e-01  -8.485e-03  9.796e+01
-4.623e-01  -4.623e-01  -6.928e-03  9.850e+01
-1.082e+00  -1.082e+00  -2.020e-02  9.813e+01
-4.244e-01  -4.244e-01  -0.000e+00  1.000e+02
-4.598e-01  -4.598e-01  -4.899e-03  9.893e+01
-1.125e+00  -1.125e+00  -1.697e-02  9.849e+01
-4.301e-01  -4.301e-01  -1.200e-02  9.721e+01
-4.497e-01  -4.497e-01  -8.485e-03  9.811e+01
-1.143e+00  -1.143e+00  -1.549e-02  9.864e+01
-4.061e-01  -4.061e-01  -0.000e+00  1.000e+02
-4.477e-01  -4.477e-01  -4.899e-03  9.891e+01
-1.122e+00  -1.122e+00  -1.766e-02  9.843e+01
-4.270e-01  -4.270e-01  -4.899e-03  9.885e+01
-4.649e-01  -4.649e-01  -8.485e-03  9.817e+01
-1.166e+00  -1.166e+00  -1.833e-02  9.843e+01
-4.454e-01  -4.454e-01  -8.485e-03  9.809e+01
-4.586e-01  -4.586e-01  -6.928e-03  9.849e+01
-1.147e+00  -1.147e+00  -1.766e-02  9.846e+01
========================================================================================

step: 9/15 res:17.425234309668692, res/res0:0.7766018321210002  dq_norm: [0.02449269 0.02190693 0.05712629]

A info: before HHL prepare:
Spectral radius (A): 9.820e+01, lambda_min:6.3235726871602775
condition number(A): 1.553e+01, norm2_cond:374.34497761870597
det(A): 8.424e+93
--------------------------------------------------------------------------------

A_hhl info: after scaling by spectral radius:
Spectral radius (A): 1.000e+00, lambda_min:0.06439470282308266
condition number(A): 1.553e+01, norm2_cond:374.3449776187062
det(A): 2.505e-26, nnz: 21 non zeros per row
--------------------------------------------------------------------------------

Size of A & B are not power of 2:
Next 2 power of 60 = 64
Value to be padded = 4
--------------------------------------------------

==================== Print (N)^2 padded matrix system =======================
Padded shape of A: (60, 60)x(60, 60) -> (64, 64)x(64, 64)
Padded shape of B: (60,) -> (64,)
Determinant of padded matrix: 2.5049005635113734e-26
Condition # of padded matrix: 374.3449776187062


Matrix is not Hermitian. Making it Hermitian.......

==================== Print Hermitian matrix system info =======================
Shape of hermitian A: 64x64 -> 128x128
Shape of           B: 64 -> 128
Determinant of Hermitian matrix: 6.274526833079685e-52
Condition # of Hermitian matrix: 374.34497761870705

=================================== Generating HHL circuit ===================================
Time elapsed for generating HHL circuit: 5 min 23.50 sec

Generated circuit: num_qubits=18, gates=23, depth=5
============================== Generated Circuit saved ==============================

============================== Transpiling circuit ==============================
This is using the AerSimulator('aer_simulator_statevector') transpiler.
Time elapsed for transpiling the circuit:  0 min 43.54 sec
Transpiled circuit, num_qubits: 18, (original: 18)
Transpiled circuit depth: 464199 (original: 5)
Transpiled circuit gates: 464351 (original: 23)
============================== Transpiled Circuit saved ==============================
Time elapsed for running the circuit:  2 min 32.90 sec
total_qubits: 18, nq:7

Time elapsed for extracting shots-based hhl counts solution:  0 min 0.00 sec

[HHL info]: linear system residual (e=||Ax-b||_2): 17.249600838658477
[HHL info]: Fidelity(true_sol, hhl_sol): 0.9140112615372417
[HHL info]: L2 error (absolute): 3.928152252437803
[HHL info]: L2 error (relative): 0.9896713275103798
[HHL info]: L2 error (normalized): 0.29651522079532855

========================================================================================
 Compare system solutions using LU of A, LU sol of A_herm, HHL of Ax=b hermition system
LU sol 	    Herm LU sol    HHL sol    L1_diff(%)
-2.042e-04  -2.042e-04  -0.000e+00  1.000e+02
-1.816e-04  -1.816e-04  -0.000e+00  1.000e+02
-5.528e-04  -5.528e-04  -0.000e+00  1.000e+02
-7.274e-04  -7.274e-04  -0.000e+00  1.000e+02
-6.797e-04  -6.797e-04  -0.000e+00  1.000e+02
-2.019e-03  -2.019e-03  -0.000e+00  1.000e+02
-1.733e-03  -1.733e-03  -0.000e+00  1.000e+02
-1.723e-03  -1.723e-03  -0.000e+00  1.000e+02
-4.968e-03  -4.968e-03  -0.000e+00  1.000e+02
-4.149e-03  -4.149e-03  -0.000e+00  1.000e+02
-4.124e-03  -4.124e-03  -0.000e+00  1.000e+02
-1.189e-02  -1.189e-02  -0.000e+00  1.000e+02
-1.086e-02  -1.086e-02  -0.000e+00  1.000e+02
-1.014e-02  -1.014e-02  -0.000e+00  1.000e+02
-1.769e-02  -1.769e-02  -0.000e+00  1.000e+02
-2.769e-02  -2.769e-02  -0.000e+00  1.000e+02
-2.418e-02  -2.418e-02  -0.000e+00  1.000e+02
-7.413e-02  -7.413e-02  -0.000e+00  1.000e+02
-6.319e-02  -6.319e-02  -0.000e+00  1.000e+02
-5.401e-02  -5.401e-02  -0.000e+00  1.000e+02
-1.195e-01  -1.195e-01  -3.252e-03  9.728e+01
-7.938e-02  -7.938e-02  -0.000e+00  1.000e+02
-8.154e-02  -8.154e-02  -0.000e+00  1.000e+02
-3.021e-01  -3.021e-01  -4.600e-03  9.848e+01
-1.949e-01  -1.949e-01  -0.000e+00  1.000e+02
-1.851e-01  -1.851e-01  -0.000e+00  1.000e+02
-4.201e-01  -4.201e-01  -6.505e-03  9.845e+01
-2.679e-01  -2.679e-01  -4.600e-03  9.828e+01
-2.618e-01  -2.618e-01  -4.600e-03  9.824e+01
-6.478e-01  -6.478e-01  -9.199e-03  9.858e+01
-3.502e-01  -3.502e-01  -4.600e-03  9.869e+01
-2.961e-01  -2.961e-01  -0.000e+00  1.000e+02
-8.923e-01  -8.923e-01  -1.217e-02  9.864e+01
-4.007e-01  -4.007e-01  -3.252e-03  9.919e+01
-3.593e-01  -3.593e-01  -4.600e-03  9.872e+01
-9.917e-01  -9.917e-01  -1.079e-02  9.891e+01
-4.085e-01  -4.085e-01  -5.633e-03  9.862e+01
-4.226e-01  -4.226e-01  -4.600e-03  9.891e+01
-1.021e+00  -1.021e+00  -9.757e-03  9.904e+01
-3.767e-01  -3.767e-01  -5.633e-03  9.850e+01
-4.278e-01  -4.278e-01  -3.252e-03  9.924e+01
-1.066e+00  -1.066e+00  -1.217e-02  9.886e+01
-4.062e-01  -4.062e-01  -4.600e-03  9.887e+01
-4.550e-01  -4.550e-01  -4.600e-03  9.899e+01
-1.059e+00  -1.059e+00  -1.079e-02  9.898e+01
-4.240e-01  -4.240e-01  -4.600e-03  9.892e+01
-4.549e-01  -4.549e-01  -5.633e-03  9.876e+01
-1.107e+00  -1.107e+00  -1.260e-02  9.886e+01
-4.178e-01  -4.178e-01  -0.000e+00  1.000e+02
-4.419e-01  -4.419e-01  -7.273e-03  9.835e+01
-1.128e+00  -1.128e+00  -7.273e-03  9.936e+01
-4.068e-01  -4.068e-01  -5.633e-03  9.862e+01
-4.425e-01  -4.425e-01  -0.000e+00  1.000e+02
-1.105e+00  -1.105e+00  -1.173e-02  9.894e+01
-4.212e-01  -4.212e-01  -4.600e-03  9.891e+01
-4.559e-01  -4.559e-01  -4.600e-03  9.899e+01
-1.146e+00  -1.146e+00  -1.217e-02  9.894e+01
-4.346e-01  -4.346e-01  -3.252e-03  9.925e+01
-4.516e-01  -4.516e-01  -0.000e+00  1.000e+02
-1.125e+00  -1.125e+00  -1.173e-02  9.896e+01
========================================================================================

step: 10/15 res:17.294705234570163, res/res0:0.7707844573261986  dq_norm: [0.0149044  0.01417691 0.03764933]

A info: before HHL prepare:
Spectral radius (A): 9.823e+01, lambda_min:6.333534156428739
condition number(A): 1.551e+01, norm2_cond:373.1136141628002
det(A): 9.176e+93
--------------------------------------------------------------------------------

A_hhl info: after scaling by spectral radius:
Spectral radius (A): 1.000e+00, lambda_min:0.06447546779818479
condition number(A): 1.551e+01, norm2_cond:373.11361416279857
det(A): 2.677e-26, nnz: 14 non zeros per row
--------------------------------------------------------------------------------

Size of A & B are not power of 2:
Next 2 power of 60 = 64
Value to be padded = 4
--------------------------------------------------

==================== Print (N)^2 padded matrix system =======================
Padded shape of A: (60, 60)x(60, 60) -> (64, 64)x(64, 64)
Padded shape of B: (60,) -> (64,)
Determinant of padded matrix: 2.676548746717078e-26
Condition # of padded matrix: 373.11361416279857


Matrix is not Hermitian. Making it Hermitian.......

==================== Print Hermitian matrix system info =======================
Shape of hermitian A: 64x64 -> 128x128
Shape of           B: 64 -> 128
Determinant of Hermitian matrix: 7.163913193553271e-52
Condition # of Hermitian matrix: 373.1136141628025

=================================== Generating HHL circuit ===================================
Time elapsed for generating HHL circuit: 5 min 12.66 sec

Generated circuit: num_qubits=18, gates=23, depth=5
============================== Generated Circuit saved ==============================

============================== Transpiling circuit ==============================
This is using the AerSimulator('aer_simulator_statevector') transpiler.
Time elapsed for transpiling the circuit:  0 min 56.70 sec
Transpiled circuit, num_qubits: 18, (original: 18)
Transpiled circuit depth: 464197 (original: 5)
Transpiled circuit gates: 464349 (original: 23)
============================== Transpiled Circuit saved ==============================
Time elapsed for running the circuit:  2 min 29.54 sec
total_qubits: 18, nq:7

Time elapsed for extracting shots-based hhl counts solution:  0 min 0.00 sec

[HHL info]: linear system residual (e=||Ax-b||_2): 16.86601696239156
[HHL info]: Fidelity(true_sol, hhl_sol): 0.9218651166109549
[HHL info]: L2 error (absolute): 3.819229109731749
[HHL info]: L2 error (relative): 0.9738867923132296
[HHL info]: L2 error (normalized): 0.28235413353037575

========================================================================================
 Compare system solutions using LU of A, LU sol of A_herm, HHL of Ax=b hermition system
LU sol 	    Herm LU sol    HHL sol    L1_diff(%)
-2.045e-04  -2.045e-04  -0.000e+00  1.000e+02
-1.817e-04  -1.817e-04  -0.000e+00  1.000e+02
-5.536e-04  -5.536e-04  -0.000e+00  1.000e+02
-7.270e-04  -7.270e-04  -0.000e+00  1.000e+02
-6.795e-04  -6.795e-04  -0.000e+00  1.000e+02
-2.019e-03  -2.019e-03  -0.000e+00  1.000e+02
-1.729e-03  -1.729e-03  -0.000e+00  1.000e+02
-1.721e-03  -1.721e-03  -0.000e+00  1.000e+02
-4.959e-03  -4.959e-03  -0.000e+00  1.000e+02
-4.139e-03  -4.139e-03  -0.000e+00  1.000e+02
-4.119e-03  -4.119e-03  -0.000e+00  1.000e+02
-1.187e-02  -1.187e-02  -0.000e+00  1.000e+02
-1.085e-02  -1.085e-02  -0.000e+00  1.000e+02
-1.013e-02  -1.013e-02  -0.000e+00  1.000e+02
-1.768e-02  -1.768e-02  -0.000e+00  1.000e+02
-2.772e-02  -2.772e-02  -0.000e+00  1.000e+02
-2.420e-02  -2.420e-02  -0.000e+00  1.000e+02
-7.419e-02  -7.419e-02  -0.000e+00  1.000e+02
-6.332e-02  -6.332e-02  -0.000e+00  1.000e+02
-5.410e-02  -5.410e-02  -0.000e+00  1.000e+02
-1.165e-01  -1.165e-01  -8.415e-03  9.277e+01
-7.945e-02  -7.945e-02  -0.000e+00  1.000e+02
-8.159e-02  -8.159e-02  -0.000e+00  1.000e+02
-2.975e-01  -2.975e-01  -8.415e-03  9.717e+01
-1.944e-01  -1.944e-01  -0.000e+00  1.000e+02
-1.849e-01  -1.849e-01  -0.000e+00  1.000e+02
-4.123e-01  -4.123e-01  -1.683e-02  9.592e+01
-2.619e-01  -2.619e-01  -0.000e+00  1.000e+02
-2.570e-01  -2.570e-01  -8.415e-03  9.673e+01
-6.357e-01  -6.357e-01  -1.683e-02  9.735e+01
-3.444e-01  -3.444e-01  -1.190e-02  9.654e+01
-2.966e-01  -2.966e-01  -8.415e-03  9.716e+01
-8.769e-01  -8.769e-01  -1.683e-02  9.808e+01
-3.966e-01  -3.966e-01  -1.190e-02  9.700e+01
-3.544e-01  -3.544e-01  -0.000e+00  1.000e+02
-9.790e-01  -9.790e-01  -2.661e-02  9.728e+01
-4.015e-01  -4.015e-01  -1.190e-02  9.704e+01
-4.178e-01  -4.178e-01  -1.190e-02  9.715e+01
-1.008e+00  -1.008e+00  -2.380e-02  9.764e+01
-3.701e-01  -3.701e-01  -0.000e+00  1.000e+02
-4.246e-01  -4.246e-01  -1.190e-02  9.720e+01
-1.051e+00  -1.051e+00  -3.366e-02  9.680e+01
-4.019e-01  -4.019e-01  -1.683e-02  9.581e+01
-4.511e-01  -4.511e-01  -1.190e-02  9.736e+01
-1.049e+00  -1.049e+00  -2.525e-02  9.759e+01
-4.203e-01  -4.203e-01  -1.683e-02  9.600e+01
-4.491e-01  -4.491e-01  -1.458e-02  9.675e+01
-1.096e+00  -1.096e+00  -3.034e-02  9.723e+01
-4.179e-01  -4.179e-01  -1.458e-02  9.651e+01
-4.340e-01  -4.340e-01  -1.683e-02  9.612e+01
-1.120e+00  -1.120e+00  -2.791e-02  9.751e+01
-4.002e-01  -4.002e-01  -8.415e-03  9.790e+01
-4.430e-01  -4.430e-01  -0.000e+00  1.000e+02
-1.091e+00  -1.091e+00  -2.915e-02  9.733e+01
-4.152e-01  -4.152e-01  -0.000e+00  1.000e+02
-4.509e-01  -4.509e-01  -1.458e-02  9.677e+01
-1.130e+00  -1.130e+00  -3.034e-02  9.731e+01
-4.293e-01  -4.293e-01  -8.415e-03  9.804e+01
-4.515e-01  -4.515e-01  -1.190e-02  9.736e+01
-1.107e+00  -1.107e+00  -3.366e-02  9.696e+01
========================================================================================

step: 11/15 res:17.24987811259343, res/res0:0.7687866176164321  dq_norm: [0.03668191 0.03763485 0.09295122]

A info: before HHL prepare:
Spectral radius (A): 9.826e+01, lambda_min:6.354918956128627
condition number(A): 1.546e+01, norm2_cond:371.03277866852403
det(A): 1.026e+94
--------------------------------------------------------------------------------

A_hhl info: after scaling by spectral radius:
Spectral radius (A): 1.000e+00, lambda_min:0.06467379169536751
condition number(A): 1.546e+01, norm2_cond:371.032778668524
det(A): 2.939e-26, nnz: 14 non zeros per row
--------------------------------------------------------------------------------

Size of A & B are not power of 2:
Next 2 power of 60 = 64
Value to be padded = 4
--------------------------------------------------

==================== Print (N)^2 padded matrix system =======================
Padded shape of A: (60, 60)x(60, 60) -> (64, 64)x(64, 64)
Padded shape of B: (60,) -> (64,)
Determinant of padded matrix: 2.93907118345578e-26
Condition # of padded matrix: 371.032778668524


Matrix is not Hermitian. Making it Hermitian.......

==================== Print Hermitian matrix system info =======================
Shape of hermitian A: 64x64 -> 128x128
Shape of           B: 64 -> 128
Determinant of Hermitian matrix: 8.638139421420162e-52
Condition # of Hermitian matrix: 371.03277866852704

=================================== Generating HHL circuit ===================================
Time elapsed for generating HHL circuit: 5 min 3.94 sec

Generated circuit: num_qubits=18, gates=23, depth=5
============================== Generated Circuit saved ==============================

============================== Transpiling circuit ==============================
This is using the AerSimulator('aer_simulator_statevector') transpiler.
Time elapsed for transpiling the circuit:  0 min 57.32 sec
Transpiled circuit, num_qubits: 18, (original: 18)
Transpiled circuit depth: 464187 (original: 5)
Transpiled circuit gates: 464339 (original: 23)
============================== Transpiled Circuit saved ==============================
Time elapsed for running the circuit:  2 min 30.05 sec
total_qubits: 18, nq:7

Time elapsed for extracting shots-based hhl counts solution:  0 min 0.00 sec

[HHL info]: linear system residual (e=||Ax-b||_2): 16.579999725211913
[HHL info]: Fidelity(true_sol, hhl_sol): 0.9254992897978321
[HHL info]: L2 error (absolute): 3.687163427469746
[HHL info]: L2 error (relative): 0.9682904900653613
[HHL info]: L2 error (normalized): 0.2755767171879431

========================================================================================
 Compare system solutions using LU of A, LU sol of A_herm, HHL of Ax=b hermition system
LU sol 	    Herm LU sol    HHL sol    L1_diff(%)
-2.049e-04  -2.049e-04  -0.000e+00  1.000e+02
-1.819e-04  -1.819e-04  -0.000e+00  1.000e+02
-5.546e-04  -5.546e-04  -0.000e+00  1.000e+02
-7.334e-04  -7.334e-04  -0.000e+00  1.000e+02
-6.826e-04  -6.826e-04  -0.000e+00  1.000e+02
-2.032e-03  -2.032e-03  -0.000e+00  1.000e+02
-1.747e-03  -1.747e-03  -0.000e+00  1.000e+02
-1.731e-03  -1.731e-03  -0.000e+00  1.000e+02
-4.998e-03  -4.998e-03  -0.000e+00  1.000e+02
-4.157e-03  -4.157e-03  -0.000e+00  1.000e+02
-4.129e-03  -4.129e-03  -0.000e+00  1.000e+02
-1.191e-02  -1.191e-02  -0.000e+00  1.000e+02
-1.081e-02  -1.081e-02  -0.000e+00  1.000e+02
-1.010e-02  -1.010e-02  -0.000e+00  1.000e+02
-1.760e-02  -1.760e-02  -0.000e+00  1.000e+02
-2.759e-02  -2.759e-02  -0.000e+00  1.000e+02
-2.414e-02  -2.414e-02  -0.000e+00  1.000e+02
-7.392e-02  -7.392e-02  -0.000e+00  1.000e+02
-6.322e-02  -6.322e-02  -0.000e+00  1.000e+02
-5.405e-02  -5.405e-02  -0.000e+00  1.000e+02
-1.076e-01  -1.076e-01  -0.000e+00  1.000e+02
-7.993e-02  -7.993e-02  -0.000e+00  1.000e+02
-8.211e-02  -8.211e-02  -9.473e-03  8.846e+01
-2.898e-01  -2.898e-01  -1.340e-02  9.538e+01
-1.953e-01  -1.953e-01  -9.473e-03  9.515e+01
-1.852e-01  -1.852e-01  -0.000e+00  1.000e+02
-3.959e-01  -3.959e-01  -9.473e-03  9.761e+01
-2.604e-01  -2.604e-01  -9.473e-03  9.636e+01
-2.471e-01  -2.471e-01  -1.641e-02  9.336e+01
-6.151e-01  -6.151e-01  -2.118e-02  9.656e+01
-3.278e-01  -3.278e-01  -1.895e-02  9.422e+01
-2.880e-01  -2.880e-01  -1.641e-02  9.430e+01
-8.502e-01  -8.502e-01  -2.320e-02  9.727e+01
-3.820e-01  -3.820e-01  -1.641e-02  9.570e+01
-3.564e-01  -3.564e-01  -1.340e-02  9.624e+01
-9.464e-01  -9.464e-01  -3.142e-02  9.668e+01
-3.896e-01  -3.896e-01  -1.641e-02  9.579e+01
-4.058e-01  -4.058e-01  -0.000e+00  1.000e+02
-9.844e-01  -9.844e-01  -3.142e-02  9.681e+01
-3.698e-01  -3.698e-01  -9.473e-03  9.744e+01
-4.117e-01  -4.117e-01  -0.000e+00  1.000e+02
-1.015e+00  -1.015e+00  -3.669e-02  9.638e+01
-3.827e-01  -3.827e-01  -9.473e-03  9.752e+01
-4.395e-01  -4.395e-01  -1.895e-02  9.569e+01
-1.020e+00  -1.020e+00  -3.416e-02  9.665e+01
-4.006e-01  -4.006e-01  -1.340e-02  9.666e+01
-4.340e-01  -4.340e-01  -1.340e-02  9.691e+01
-1.062e+00  -1.062e+00  -2.679e-02  9.748e+01
-4.011e-01  -4.011e-01  -9.473e-03  9.764e+01
-4.176e-01  -4.176e-01  -2.506e-02  9.400e+01
-1.088e+00  -1.088e+00  -3.416e-02  9.686e+01
-3.922e-01  -3.922e-01  -1.340e-02  9.658e+01
-4.442e-01  -4.442e-01  -1.340e-02  9.698e+01
-1.061e+00  -1.061e+00  -3.669e-02  9.654e+01
-4.164e-01  -4.164e-01  -1.340e-02  9.678e+01
-4.351e-01  -4.351e-01  -1.340e-02  9.692e+01
-1.100e+00  -1.100e+00  -3.282e-02  9.702e+01
-4.198e-01  -4.198e-01  -2.320e-02  9.447e+01
-4.394e-01  -4.394e-01  -1.641e-02  9.627e+01
-1.070e+00  -1.070e+00  -2.679e-02  9.750e+01
========================================================================================

step: 12/15 res:16.866523668334917, res/res0:0.7517014089775045  dq_norm: [0.04922518 0.05101577 0.1037758 ]

A info: before HHL prepare:
Spectral radius (A): 9.847e+01, lambda_min:6.332874424538631
condition number(A): 1.555e+01, norm2_cond:370.06254791381235
det(A): 1.308e+94
--------------------------------------------------------------------------------

A_hhl info: after scaling by spectral radius:
Spectral radius (A): 1.000e+00, lambda_min:0.06431439379826435
condition number(A): 1.555e+01, norm2_cond:370.06254791381366
det(A): 3.304e-26, nnz: 22 non zeros per row
--------------------------------------------------------------------------------

Size of A & B are not power of 2:
Next 2 power of 60 = 64
Value to be padded = 4
--------------------------------------------------

==================== Print (N)^2 padded matrix system =======================
Padded shape of A: (60, 60)x(60, 60) -> (64, 64)x(64, 64)
Padded shape of B: (60,) -> (64,)
Determinant of padded matrix: 3.3044817334323314e-26
Condition # of padded matrix: 370.06254791381366


Matrix is not Hermitian. Making it Hermitian.......

==================== Print Hermitian matrix system info =======================
Shape of hermitian A: 64x64 -> 128x128
Shape of           B: 64 -> 128
Determinant of Hermitian matrix: 1.0919599526587326e-51
Condition # of Hermitian matrix: 370.06254791381804

=================================== Generating HHL circuit ===================================
Time elapsed for generating HHL circuit: 5 min 11.38 sec

Generated circuit: num_qubits=18, gates=23, depth=5
============================== Generated Circuit saved ==============================

============================== Transpiling circuit ==============================
This is using the AerSimulator('aer_simulator_statevector') transpiler.
Time elapsed for transpiling the circuit:  0 min 44.50 sec
Transpiled circuit, num_qubits: 18, (original: 18)
Transpiled circuit depth: 464198 (original: 5)
Transpiled circuit gates: 464350 (original: 23)
============================== Transpiled Circuit saved ==============================
Time elapsed for running the circuit:  2 min 31.10 sec
total_qubits: 18, nq:7

Time elapsed for extracting shots-based hhl counts solution:  0 min 0.00 sec

[HHL info]: linear system residual (e=||Ax-b||_2): 16.57875333657826
[HHL info]: Fidelity(true_sol, hhl_sol): 0.9308818935531818
[HHL info]: L2 error (absolute): 3.664586020612115
[HHL info]: L2 error (relative): 0.9975833198587443
[HHL info]: L2 error (normalized): 0.26524626949018393

========================================================================================
 Compare system solutions using LU of A, LU sol of A_herm, HHL of Ax=b hermition system
LU sol 	    Herm LU sol    HHL sol    L1_diff(%)
-2.059e-04  -2.059e-04  -0.000e+00  1.000e+02
-1.824e-04  -1.824e-04  -0.000e+00  1.000e+02
-5.566e-04  -5.566e-04  -0.000e+00  1.000e+02
-7.271e-04  -7.271e-04  -0.000e+00  1.000e+02
-6.796e-04  -6.796e-04  -0.000e+00  1.000e+02
-2.019e-03  -2.019e-03  -0.000e+00  1.000e+02
-1.717e-03  -1.717e-03  -0.000e+00  1.000e+02
-1.715e-03  -1.715e-03  -0.000e+00  1.000e+02
-4.933e-03  -4.933e-03  -0.000e+00  1.000e+02
-4.105e-03  -4.105e-03  -0.000e+00  1.000e+02
-4.103e-03  -4.103e-03  -0.000e+00  1.000e+02
-1.180e-02  -1.180e-02  -0.000e+00  1.000e+02
-1.082e-02  -1.082e-02  -0.000e+00  1.000e+02
-1.011e-02  -1.011e-02  -0.000e+00  1.000e+02
-1.761e-02  -1.761e-02  -0.000e+00  1.000e+02
-2.780e-02  -2.780e-02  -0.000e+00  1.000e+02
-2.425e-02  -2.425e-02  -0.000e+00  1.000e+02
-7.438e-02  -7.438e-02  -0.000e+00  1.000e+02
-6.354e-02  -6.354e-02  -0.000e+00  1.000e+02
-5.410e-02  -5.410e-02  -0.000e+00  1.000e+02
-1.084e-01  -1.084e-01  -6.840e-04  9.937e+01
-7.984e-02  -7.984e-02  -0.000e+00  1.000e+02
-7.245e-02  -7.245e-02  -0.000e+00  1.000e+02
-2.760e-01  -2.760e-01  -0.000e+00  1.000e+02
-1.857e-01  -1.857e-01  -0.000e+00  1.000e+02
-1.861e-01  -1.861e-01  -0.000e+00  1.000e+02
-3.874e-01  -3.874e-01  -9.673e-04  9.975e+01
-2.503e-01  -2.503e-01  -0.000e+00  1.000e+02
-2.301e-01  -2.301e-01  -9.673e-04  9.958e+01
-5.939e-01  -5.939e-01  -1.810e-03  9.970e+01
-3.050e-01  -3.050e-01  -0.000e+00  1.000e+02
-2.710e-01  -2.710e-01  -6.840e-04  9.975e+01
-8.215e-01  -8.215e-01  -2.649e-03  9.968e+01
-3.594e-01  -3.594e-01  -1.185e-03  9.967e+01
-3.424e-01  -3.424e-01  -1.368e-03  9.960e+01
-9.028e-01  -9.028e-01  -2.369e-03  9.974e+01
-3.675e-01  -3.675e-01  -9.673e-04  9.974e+01
-4.067e-01  -4.067e-01  -1.185e-03  9.971e+01
-9.397e-01  -9.397e-01  -2.466e-03  9.974e+01
-3.581e-01  -3.581e-01  -1.368e-03  9.962e+01
-4.122e-01  -4.122e-01  -9.673e-04  9.977e+01
-9.711e-01  -9.711e-01  -2.052e-03  9.979e+01
-3.735e-01  -3.735e-01  -6.840e-04  9.982e+01
-4.207e-01  -4.207e-01  -1.185e-03  9.972e+01
-9.861e-01  -9.861e-01  -2.269e-03  9.977e+01
-3.889e-01  -3.889e-01  -6.840e-04  9.982e+01
-4.211e-01  -4.211e-01  -6.840e-04  9.984e+01
-1.040e+00  -1.040e+00  -2.466e-03  9.976e+01
-3.931e-01  -3.931e-01  -0.000e+00  1.000e+02
-3.918e-01  -3.918e-01  -1.675e-03  9.957e+01
-1.057e+00  -1.057e+00  -2.559e-03  9.976e+01
-3.779e-01  -3.779e-01  -6.840e-04  9.982e+01
-4.308e-01  -4.308e-01  -9.673e-04  9.978e+01
-1.021e+00  -1.021e+00  -2.369e-03  9.977e+01
-4.001e-01  -4.001e-01  -1.368e-03  9.966e+01
-4.214e-01  -4.214e-01  -6.840e-04  9.984e+01
-1.061e+00  -1.061e+00  -2.559e-03  9.976e+01
-3.918e-01  -3.918e-01  -9.673e-04  9.975e+01
-4.229e-01  -4.229e-01  -6.840e-04  9.984e+01
-1.037e+00  -1.037e+00  -2.559e-03  9.975e+01
========================================================================================

step: 13/15 res:16.581015532345337, res/res0:0.738976980854783  dq_norm: [0.00290191 0.00348766 0.00800585]

A info: before HHL prepare:
Spectral radius (A): 9.846e+01, lambda_min:6.333571372903243
condition number(A): 1.555e+01, norm2_cond:369.89844447152257
det(A): 1.314e+94
--------------------------------------------------------------------------------

A_hhl info: after scaling by spectral radius:
Spectral radius (A): 1.000e+00, lambda_min:0.06432597954309034
condition number(A): 1.555e+01, norm2_cond:369.89844447152296
det(A): 3.334e-26, nnz: 25 non zeros per row
--------------------------------------------------------------------------------

Size of A & B are not power of 2:
Next 2 power of 60 = 64
Value to be padded = 4
--------------------------------------------------

==================== Print (N)^2 padded matrix system =======================
Padded shape of A: (60, 60)x(60, 60) -> (64, 64)x(64, 64)
Padded shape of B: (60,) -> (64,)
Determinant of padded matrix: 3.334104358965599e-26
Condition # of padded matrix: 369.89844447152296


Matrix is not Hermitian. Making it Hermitian.......

==================== Print Hermitian matrix system info =======================
Shape of hermitian A: 64x64 -> 128x128
Shape of           B: 64 -> 128
Determinant of Hermitian matrix: 1.1116251876473091e-51
Condition # of Hermitian matrix: 369.89844447152166

=================================== Generating HHL circuit ===================================
Time elapsed for generating HHL circuit: 5 min 26.45 sec

Generated circuit: num_qubits=18, gates=23, depth=5
============================== Generated Circuit saved ==============================

============================== Transpiling circuit ==============================
This is using the AerSimulator('aer_simulator_statevector') transpiler.
Time elapsed for transpiling the circuit:  0 min 45.26 sec
Transpiled circuit, num_qubits: 18, (original: 18)
Transpiled circuit depth: 464197 (original: 5)
Transpiled circuit gates: 464349 (original: 23)
============================== Transpiled Circuit saved ==============================
Time elapsed for running the circuit:  2 min 22.69 sec
total_qubits: 18, nq:7

Time elapsed for extracting shots-based hhl counts solution:  0 min 0.00 sec

[HHL info]: linear system residual (e=||Ax-b||_2): 16.372411916397333
[HHL info]: Fidelity(true_sol, hhl_sol): 0.9289121808217581
[HHL info]: L2 error (absolute): 3.5384185576970677
[HHL info]: L2 error (relative): 0.965713011912701
[HHL info]: L2 error (normalized): 0.26906912456544396

========================================================================================
 Compare system solutions using LU of A, LU sol of A_herm, HHL of Ax=b hermition system
LU sol 	    Herm LU sol    HHL sol    L1_diff(%)
-2.058e-04  -2.058e-04  -0.000e+00  1.000e+02
-1.823e-04  -1.823e-04  -0.000e+00  1.000e+02
-5.564e-04  -5.564e-04  -0.000e+00  1.000e+02
-7.275e-04  -7.275e-04  -0.000e+00  1.000e+02
-6.798e-04  -6.798e-04  -0.000e+00  1.000e+02
-2.020e-03  -2.020e-03  -0.000e+00  1.000e+02
-1.719e-03  -1.719e-03  -0.000e+00  1.000e+02
-1.716e-03  -1.716e-03  -0.000e+00  1.000e+02
-4.938e-03  -4.938e-03  -0.000e+00  1.000e+02
-4.109e-03  -4.109e-03  -0.000e+00  1.000e+02
-4.104e-03  -4.104e-03  -0.000e+00  1.000e+02
-1.180e-02  -1.180e-02  -0.000e+00  1.000e+02
-1.082e-02  -1.082e-02  -0.000e+00  1.000e+02
-1.011e-02  -1.011e-02  -0.000e+00  1.000e+02
-1.761e-02  -1.761e-02  -0.000e+00  1.000e+02
-2.779e-02  -2.779e-02  -0.000e+00  1.000e+02
-2.424e-02  -2.424e-02  -0.000e+00  1.000e+02
-7.435e-02  -7.435e-02  -0.000e+00  1.000e+02
-6.351e-02  -6.351e-02  -0.000e+00  1.000e+02
-5.409e-02  -5.409e-02  -0.000e+00  1.000e+02
-1.077e-01  -1.077e-01  -0.000e+00  1.000e+02
-7.983e-02  -7.983e-02  -0.000e+00  1.000e+02
-7.246e-02  -7.246e-02  -0.000e+00  1.000e+02
-2.760e-01  -2.760e-01  -0.000e+00  1.000e+02
-1.858e-01  -1.858e-01  -0.000e+00  1.000e+02
-1.861e-01  -1.861e-01  -0.000e+00  1.000e+02
-3.865e-01  -3.865e-01  -2.175e-02  9.437e+01
-2.505e-01  -2.505e-01  -9.729e-03  9.612e+01
-2.291e-01  -2.291e-01  -9.729e-03  9.575e+01
-5.922e-01  -5.922e-01  -2.752e-02  9.535e+01
-3.051e-01  -3.051e-01  -0.000e+00  1.000e+02
-2.703e-01  -2.703e-01  -9.729e-03  9.640e+01
-8.188e-01  -8.188e-01  -3.370e-02  9.588e+01
-3.581e-01  -3.581e-01  -1.376e-02  9.616e+01
-3.410e-01  -3.410e-01  -9.729e-03  9.715e+01
-9.003e-01  -9.003e-01  -2.574e-02  9.714e+01
-3.664e-01  -3.664e-01  -9.729e-03  9.734e+01
-4.055e-01  -4.055e-01  -1.376e-02  9.661e+01
-9.369e-01  -9.369e-01  -3.370e-02  9.640e+01
-3.565e-01  -3.565e-01  -1.376e-02  9.614e+01
-4.112e-01  -4.112e-01  -1.376e-02  9.665e+01
-9.687e-01  -9.687e-01  -2.919e-02  9.699e+01
-3.729e-01  -3.729e-01  -9.729e-03  9.739e+01
-4.195e-01  -4.195e-01  -1.685e-02  9.598e+01
-9.838e-01  -9.838e-01  -4.563e-02  9.536e+01
-3.885e-01  -3.885e-01  -9.729e-03  9.750e+01
-4.205e-01  -4.205e-01  -1.685e-02  9.599e+01
-1.038e+00  -1.038e+00  -4.128e-02  9.602e+01
-3.933e-01  -3.933e-01  -0.000e+00  1.000e+02
-3.900e-01  -3.900e-01  -1.685e-02  9.568e+01
-1.055e+00  -1.055e+00  -4.011e-02  9.620e+01
-3.770e-01  -3.770e-01  -9.729e-03  9.742e+01
-4.298e-01  -4.298e-01  -1.376e-02  9.680e+01
-1.018e+00  -1.018e+00  -3.640e-02  9.643e+01
-3.984e-01  -3.984e-01  -0.000e+00  1.000e+02
-4.208e-01  -4.208e-01  -9.729e-03  9.769e+01
-1.058e+00  -1.058e+00  -3.640e-02  9.656e+01
-3.906e-01  -3.906e-01  -9.729e-03  9.751e+01
-4.223e-01  -4.223e-01  -1.376e-02  9.674e+01
-1.033e+00  -1.033e+00  -3.227e-02  9.688e+01
========================================================================================

step: 14/15 res:16.57875897745141, res/res0:0.7388764114946378  dq_norm: [0.03076508 0.04458284 0.11875482]
Completed: 14 steps in 7875.95s
Saved metadata to /lustre/orion/stf006/scratch/4klornl/fvm_euler_1d_solver/output_parallel_shots/nelem20/statevector/shots_10000/trial_2/metadata_nelem20_HHL_statevector_nshots10000.pkl

Solution summary:
  x/L: [0.0250, 0.9750]
  Mach: [1.5000, 1.6219]
  p/p_in: [1.0000, 0.7835]
  rho/rho_in: [1.0000, 0.8366]
Saved combined plot to /lustre/orion/stf006/scratch/4klornl/fvm_euler_1d_solver/output_parallel_shots/nelem20/statevector/shots_10000/trial_2/solution_plot_nelem20_HHL_statevector_nshots10000.png
