
------------------------------------------------------------
Using ideal local simulator with 'statevector' method
Backend: aer_simulator_statevector
Shots: 1000
------------------------------------------------------------

A info: before HHL prepare:
Spectral radius (A): 9.808e+01, lambda_min:5.866129498146235
condition number(A): 1.672e+01, norm2_cond:401.8614855890083
det(A): 2.657e+93
--------------------------------------------------------------------------------

A_hhl info: after scaling by spectral radius:
Spectral radius (A): 1.000e+00, lambda_min:0.05980937346031271
condition number(A): 1.672e+01, norm2_cond:401.8614855890105
det(A): 8.499e-27, nnz: 12 non zeros per row
--------------------------------------------------------------------------------

Size of A & B are not power of 2:
Next 2 power of 60 = 64
Value to be padded = 4
--------------------------------------------------

==================== Print (N)^2 padded matrix system =======================
Padded shape of A: (60, 60)x(60, 60) -> (64, 64)x(64, 64)
Padded shape of B: (60,) -> (64,)
Determinant of padded matrix: 8.499054744892335e-27
Condition # of padded matrix: 401.8614855890105


Matrix is not Hermitian. Making it Hermitian.......

==================== Print Hermitian matrix system info =======================
Shape of hermitian A: 64x64 -> 128x128
Shape of           B: 64 -> 128
Determinant of Hermitian matrix: 7.223393155667588e-53
Condition # of Hermitian matrix: 401.86148558902164

=================================== Generating HHL circuit ===================================
Time elapsed for generating HHL circuit: 4 min 54.00 sec

Generated circuit: num_qubits=18, gates=23, depth=5
============================== Generated Circuit saved ==============================

============================== Transpiling circuit ==============================
This is using the AerSimulator('aer_simulator_statevector') transpiler.
Time elapsed for transpiling the circuit:  0 min 50.99 sec
Transpiled circuit, num_qubits: 18, (original: 18)
Transpiled circuit depth: 464201 (original: 5)
Transpiled circuit gates: 464353 (original: 23)
============================== Transpiled Circuit saved ==============================
Time elapsed for running the circuit:  2 min 31.34 sec
total_qubits: 18, nq:7

Time elapsed for extracting shots-based hhl counts solution:  0 min 0.00 sec

[HHL info]: linear system residual (e=||Ax-b||_2): 22.24265574014605
[HHL info]: Fidelity(true_sol, hhl_sol): 0.5415176479092606
[HHL info]: L2 error (absolute): 5.372582314534947
[HHL info]: L2 error (relative): 0.9932022339944221
[HHL info]: L2 error (normalized): 0.7268028248155384

========================================================================================
 Compare system solutions using LU of A, LU sol of A_herm, HHL of Ax=b hermition system
LU sol 	    Herm LU sol    HHL sol    L1_diff(%)
-2.338e-04  -2.338e-04  -0.000e+00  1.000e+02
-1.963e-04  -1.963e-04  -0.000e+00  1.000e+02
-6.159e-04  -6.159e-04  -0.000e+00  1.000e+02
-8.210e-04  -8.210e-04  -0.000e+00  1.000e+02
-7.266e-04  -7.266e-04  -0.000e+00  1.000e+02
-2.219e-03  -2.219e-03  -0.000e+00  1.000e+02
-1.793e-03  -1.793e-03  -0.000e+00  1.000e+02
-1.753e-03  -1.753e-03  -0.000e+00  1.000e+02
-5.094e-03  -5.094e-03  -0.000e+00  1.000e+02
-3.854e-03  -3.854e-03  -0.000e+00  1.000e+02
-3.983e-03  -3.983e-03  -0.000e+00  1.000e+02
-1.127e-02  -1.127e-02  -0.000e+00  1.000e+02
-9.906e-03  -9.906e-03  -0.000e+00  1.000e+02
-9.642e-03  -9.642e-03  -0.000e+00  1.000e+02
-2.806e-02  -2.806e-02  -0.000e+00  1.000e+02
-2.691e-02  -2.691e-02  -0.000e+00  1.000e+02
-2.384e-02  -2.384e-02  -0.000e+00  1.000e+02
-7.270e-02  -7.270e-02  -0.000e+00  1.000e+02
-6.552e-02  -6.552e-02  -0.000e+00  1.000e+02
-5.523e-02  -5.523e-02  -0.000e+00  1.000e+02
-1.723e-01  -1.723e-01  -0.000e+00  1.000e+02
-1.346e-01  -1.346e-01  -0.000e+00  1.000e+02
-1.143e-01  -1.143e-01  -0.000e+00  1.000e+02
-3.520e-01  -3.520e-01  -0.000e+00  1.000e+02
-2.317e-01  -2.317e-01  -0.000e+00  1.000e+02
-2.062e-01  -2.062e-01  -0.000e+00  1.000e+02
-6.108e-01  -6.108e-01  -0.000e+00  1.000e+02
-3.379e-01  -3.379e-01  -0.000e+00  1.000e+02
-3.187e-01  -3.187e-01  -0.000e+00  1.000e+02
-9.014e-01  -9.014e-01  -0.000e+00  1.000e+02
-4.286e-01  -4.286e-01  -1.253e-02  9.708e+01
-4.234e-01  -4.234e-01  -0.000e+00  1.000e+02
-1.154e+00  -1.154e+00  -1.772e-02  9.846e+01
-4.911e-01  -4.911e-01  -0.000e+00  1.000e+02
-4.997e-01  -4.997e-01  -1.253e-02  9.749e+01
-1.329e+00  -1.329e+00  -1.253e-02  9.906e+01
-5.282e-01  -5.282e-01  -0.000e+00  1.000e+02
-5.462e-01  -5.462e-01  -1.253e-02  9.771e+01
-1.433e+00  -1.433e+00  -0.000e+00  1.000e+02
-5.481e-01  -5.481e-01  -0.000e+00  1.000e+02
-5.715e-01  -5.715e-01  -0.000e+00  1.000e+02
-1.489e+00  -1.489e+00  -1.772e-02  9.881e+01
-5.581e-01  -5.581e-01  -0.000e+00  1.000e+02
-5.842e-01  -5.842e-01  -0.000e+00  1.000e+02
-1.517e+00  -1.517e+00  -1.253e-02  9.917e+01
-5.629e-01  -5.629e-01  -0.000e+00  1.000e+02
-5.904e-01  -5.904e-01  -0.000e+00  1.000e+02
-1.530e+00  -1.530e+00  -2.170e-02  9.858e+01
-5.652e-01  -5.652e-01  -0.000e+00  1.000e+02
-5.933e-01  -5.933e-01  -1.253e-02  9.789e+01
-1.536e+00  -1.536e+00  -0.000e+00  1.000e+02
-5.662e-01  -5.662e-01  -0.000e+00  1.000e+02
-5.946e-01  -5.946e-01  -0.000e+00  1.000e+02
-1.539e+00  -1.539e+00  -1.253e-02  9.919e+01
-5.667e-01  -5.667e-01  -0.000e+00  1.000e+02
-5.952e-01  -5.952e-01  -0.000e+00  1.000e+02
-1.541e+00  -1.541e+00  -1.253e-02  9.919e+01
-5.670e-01  -5.670e-01  -0.000e+00  1.000e+02
-5.955e-01  -5.955e-01  -0.000e+00  1.000e+02
-1.541e+00  -1.541e+00  -1.253e-02  9.919e+01
========================================================================================

step: 0/15 res:22.437797065296795, res/res0:1.0  dq_norm: [0.01252879 0.0217005  0.043401  ]

A info: before HHL prepare:
Spectral radius (A): 9.805e+01, lambda_min:5.86460560676902
condition number(A): 1.672e+01, norm2_cond:400.37835528007855
det(A): 2.571e+93
--------------------------------------------------------------------------------

A_hhl info: after scaling by spectral radius:
Spectral radius (A): 1.000e+00, lambda_min:0.05980952360890759
condition number(A): 1.672e+01, norm2_cond:400.37835528008446
det(A): 8.357e-27, nnz: 13 non zeros per row
--------------------------------------------------------------------------------

Size of A & B are not power of 2:
Next 2 power of 60 = 64
Value to be padded = 4
--------------------------------------------------

==================== Print (N)^2 padded matrix system =======================
Padded shape of A: (60, 60)x(60, 60) -> (64, 64)x(64, 64)
Padded shape of B: (60,) -> (64,)
Determinant of padded matrix: 8.356615371903344e-27
Condition # of padded matrix: 400.37835528008446


Matrix is not Hermitian. Making it Hermitian.......

==================== Print Hermitian matrix system info =======================
Shape of hermitian A: 64x64 -> 128x128
Shape of           B: 64 -> 128
Determinant of Hermitian matrix: 6.983302047392928e-53
Condition # of Hermitian matrix: 400.37835528008685

=================================== Generating HHL circuit ===================================
Time elapsed for generating HHL circuit: 5 min 7.30 sec

Generated circuit: num_qubits=18, gates=23, depth=5
============================== Generated Circuit saved ==============================

============================== Transpiling circuit ==============================
This is using the AerSimulator('aer_simulator_statevector') transpiler.
Time elapsed for transpiling the circuit:  0 min 49.59 sec
Transpiled circuit, num_qubits: 18, (original: 18)
Transpiled circuit depth: 464202 (original: 5)
Transpiled circuit gates: 464354 (original: 23)
============================== Transpiled Circuit saved ==============================
Time elapsed for running the circuit:  2 min 34.36 sec
total_qubits: 18, nq:7

Time elapsed for extracting shots-based hhl counts solution:  0 min 0.00 sec

[HHL info]: linear system residual (e=||Ax-b||_2): 22.199570855574304
[HHL info]: Fidelity(true_sol, hhl_sol): 0.5881512525454827
[HHL info]: L2 error (absolute): 5.35458546021233
[HHL info]: L2 error (relative): 0.9966679822472083
[HHL info]: L2 error (normalized): 0.6827734639126104

========================================================================================
 Compare system solutions using LU of A, LU sol of A_herm, HHL of Ax=b hermition system
LU sol 	    Herm LU sol    HHL sol    L1_diff(%)
-2.349e-04  -2.349e-04  -0.000e+00  1.000e+02
-1.968e-04  -1.968e-04  -0.000e+00  1.000e+02
-6.182e-04  -6.182e-04  -0.000e+00  1.000e+02
-8.177e-04  -8.177e-04  -0.000e+00  1.000e+02
-7.250e-04  -7.250e-04  -0.000e+00  1.000e+02
-2.212e-03  -2.212e-03  -0.000e+00  1.000e+02
-1.772e-03  -1.772e-03  -0.000e+00  1.000e+02
-1.742e-03  -1.742e-03  -0.000e+00  1.000e+02
-5.048e-03  -5.048e-03  -0.000e+00  1.000e+02
-3.810e-03  -3.810e-03  -0.000e+00  1.000e+02
-3.961e-03  -3.961e-03  -0.000e+00  1.000e+02
-1.117e-02  -1.117e-02  -0.000e+00  1.000e+02
-9.891e-03  -9.891e-03  -0.000e+00  1.000e+02
-9.632e-03  -9.632e-03  -0.000e+00  1.000e+02
-2.803e-02  -2.803e-02  -0.000e+00  1.000e+02
-2.706e-02  -2.706e-02  -0.000e+00  1.000e+02
-2.392e-02  -2.392e-02  -0.000e+00  1.000e+02
-7.302e-02  -7.302e-02  -0.000e+00  1.000e+02
-6.590e-02  -6.590e-02  -0.000e+00  1.000e+02
-5.543e-02  -5.543e-02  -0.000e+00  1.000e+02
-1.731e-01  -1.731e-01  -0.000e+00  1.000e+02
-1.347e-01  -1.347e-01  -0.000e+00  1.000e+02
-1.143e-01  -1.143e-01  -0.000e+00  1.000e+02
-3.523e-01  -3.523e-01  -0.000e+00  1.000e+02
-2.300e-01  -2.300e-01  -0.000e+00  1.000e+02
-2.050e-01  -2.050e-01  -5.508e-03  9.731e+01
-6.074e-01  -6.074e-01  -0.000e+00  1.000e+02
-3.357e-01  -3.357e-01  -0.000e+00  1.000e+02
-3.189e-01  -3.189e-01  -0.000e+00  1.000e+02
-8.959e-01  -8.959e-01  -5.508e-03  9.939e+01
-4.170e-01  -4.170e-01  -0.000e+00  1.000e+02
-4.257e-01  -4.257e-01  -0.000e+00  1.000e+02
-1.138e+00  -1.138e+00  -5.508e-03  9.952e+01
-4.953e-01  -4.953e-01  -0.000e+00  1.000e+02
-4.862e-01  -4.862e-01  -0.000e+00  1.000e+02
-1.327e+00  -1.327e+00  -0.000e+00  1.000e+02
-5.295e-01  -5.295e-01  -0.000e+00  1.000e+02
-5.322e-01  -5.322e-01  -0.000e+00  1.000e+02
-1.437e+00  -1.437e+00  -9.541e-03  9.934e+01
-5.470e-01  -5.470e-01  -0.000e+00  1.000e+02
-5.714e-01  -5.714e-01  -0.000e+00  1.000e+02
-1.466e+00  -1.466e+00  -7.790e-03  9.947e+01
-5.582e-01  -5.582e-01  -5.508e-03  9.901e+01
-5.854e-01  -5.854e-01  -0.000e+00  1.000e+02
-1.501e+00  -1.501e+00  -0.000e+00  1.000e+02
-5.652e-01  -5.652e-01  -0.000e+00  1.000e+02
-5.909e-01  -5.909e-01  -0.000e+00  1.000e+02
-1.512e+00  -1.512e+00  -5.508e-03  9.964e+01
-5.667e-01  -5.667e-01  -0.000e+00  1.000e+02
-5.794e-01  -5.794e-01  -0.000e+00  1.000e+02
-1.541e+00  -1.541e+00  -7.790e-03  9.949e+01
-5.659e-01  -5.659e-01  -0.000e+00  1.000e+02
-5.948e-01  -5.948e-01  -5.508e-03  9.907e+01
-1.524e+00  -1.524e+00  -5.508e-03  9.964e+01
-5.658e-01  -5.658e-01  -0.000e+00  1.000e+02
-5.953e-01  -5.953e-01  -0.000e+00  1.000e+02
-1.524e+00  -1.524e+00  -7.790e-03  9.949e+01
-5.659e-01  -5.659e-01  -0.000e+00  1.000e+02
-5.955e-01  -5.955e-01  -0.000e+00  1.000e+02
-1.524e+00  -1.524e+00  -7.790e-03  9.949e+01
========================================================================================

step: 1/15 res:22.243477051112276, res/res0:0.9913396126358116  dq_norm: [0.00550822 0.0077898  0.02133324]

A info: before HHL prepare:
Spectral radius (A): 9.803e+01, lambda_min:5.867063944413731
condition number(A): 1.671e+01, norm2_cond:399.4306289453206
det(A): 2.564e+93
--------------------------------------------------------------------------------

A_hhl info: after scaling by spectral radius:
Spectral radius (A): 1.000e+00, lambda_min:0.05985146048943912
condition number(A): 1.671e+01, norm2_cond:399.43062894532073
det(A): 8.477e-27, nnz: 13 non zeros per row
--------------------------------------------------------------------------------

Size of A & B are not power of 2:
Next 2 power of 60 = 64
Value to be padded = 4
--------------------------------------------------

==================== Print (N)^2 padded matrix system =======================
Padded shape of A: (60, 60)x(60, 60) -> (64, 64)x(64, 64)
Padded shape of B: (60,) -> (64,)
Determinant of padded matrix: 8.476744766964078e-27
Condition # of padded matrix: 399.43062894532073


Matrix is not Hermitian. Making it Hermitian.......

==================== Print Hermitian matrix system info =======================
Shape of hermitian A: 64x64 -> 128x128
Shape of           B: 64 -> 128
Determinant of Hermitian matrix: 7.185520184425082e-53
Condition # of Hermitian matrix: 399.4306289453195

=================================== Generating HHL circuit ===================================
Time elapsed for generating HHL circuit: 5 min 8.42 sec

Generated circuit: num_qubits=18, gates=23, depth=5
============================== Generated Circuit saved ==============================

============================== Transpiling circuit ==============================
This is using the AerSimulator('aer_simulator_statevector') transpiler.
Time elapsed for transpiling the circuit:  0 min 51.54 sec
Transpiled circuit, num_qubits: 18, (original: 18)
Transpiled circuit depth: 464199 (original: 5)
Transpiled circuit gates: 464351 (original: 23)
============================== Transpiled Circuit saved ==============================
Time elapsed for running the circuit:  2 min 30.37 sec
total_qubits: 18, nq:7

Time elapsed for extracting shots-based hhl counts solution:  0 min 0.00 sec

[HHL info]: linear system residual (e=||Ax-b||_2): 22.155473444082443
[HHL info]: Fidelity(true_sol, hhl_sol): 0.5843405046748018
[HHL info]: L2 error (absolute): 5.329101730298932
[HHL info]: L2 error (relative): 0.9960354304094977
[HHL info]: L2 error (normalized): 0.6864085082765478

========================================================================================
 Compare system solutions using LU of A, LU sol of A_herm, HHL of Ax=b hermition system
LU sol 	    Herm LU sol    HHL sol    L1_diff(%)
-2.381e-04  -2.381e-04  -0.000e+00  1.000e+02
-1.984e-04  -1.984e-04  -0.000e+00  1.000e+02
-6.250e-04  -6.250e-04  -0.000e+00  1.000e+02
-8.288e-04  -8.288e-04  -0.000e+00  1.000e+02
-7.306e-04  -7.306e-04  -0.000e+00  1.000e+02
-2.235e-03  -2.235e-03  -0.000e+00  1.000e+02
-1.782e-03  -1.782e-03  -0.000e+00  1.000e+02
-1.748e-03  -1.748e-03  -0.000e+00  1.000e+02
-5.070e-03  -5.070e-03  -0.000e+00  1.000e+02
-3.782e-03  -3.782e-03  -0.000e+00  1.000e+02
-3.946e-03  -3.946e-03  -0.000e+00  1.000e+02
-1.112e-02  -1.112e-02  -0.000e+00  1.000e+02
-9.783e-03  -9.783e-03  -0.000e+00  1.000e+02
-9.573e-03  -9.573e-03  -0.000e+00  1.000e+02
-2.781e-02  -2.781e-02  -0.000e+00  1.000e+02
-2.697e-02  -2.697e-02  -0.000e+00  1.000e+02
-2.389e-02  -2.389e-02  -0.000e+00  1.000e+02
-7.281e-02  -7.281e-02  -0.000e+00  1.000e+02
-6.616e-02  -6.616e-02  -0.000e+00  1.000e+02
-5.561e-02  -5.561e-02  -0.000e+00  1.000e+02
-1.735e-01  -1.735e-01  -0.000e+00  1.000e+02
-1.353e-01  -1.353e-01  -0.000e+00  1.000e+02
-1.144e-01  -1.144e-01  -0.000e+00  1.000e+02
-3.540e-01  -3.540e-01  -0.000e+00  1.000e+02
-2.304e-01  -2.304e-01  -0.000e+00  1.000e+02
-1.991e-01  -1.991e-01  -0.000e+00  1.000e+02
-6.086e-01  -6.086e-01  -6.064e-03  9.900e+01
-3.357e-01  -3.357e-01  -0.000e+00  1.000e+02
-3.191e-01  -3.191e-01  -0.000e+00  1.000e+02
-8.896e-01  -8.896e-01  -0.000e+00  1.000e+02
-4.170e-01  -4.170e-01  -0.000e+00  1.000e+02
-4.258e-01  -4.258e-01  -0.000e+00  1.000e+02
-1.132e+00  -1.132e+00  -0.000e+00  1.000e+02
-4.952e-01  -4.952e-01  -0.000e+00  1.000e+02
-4.863e-01  -4.863e-01  -6.064e-03  9.875e+01
-1.326e+00  -1.326e+00  -6.064e-03  9.954e+01
-5.287e-01  -5.287e-01  -0.000e+00  1.000e+02
-5.319e-01  -5.319e-01  -6.064e-03  9.886e+01
-1.424e+00  -1.424e+00  -1.050e-02  9.926e+01
-5.453e-01  -5.453e-01  -0.000e+00  1.000e+02
-5.712e-01  -5.712e-01  -0.000e+00  1.000e+02
-1.454e+00  -1.454e+00  -6.064e-03  9.958e+01
-5.509e-01  -5.509e-01  -0.000e+00  1.000e+02
-5.856e-01  -5.856e-01  -0.000e+00  1.000e+02
-1.498e+00  -1.498e+00  -0.000e+00  1.000e+02
-5.651e-01  -5.651e-01  -6.064e-03  9.893e+01
-5.913e-01  -5.913e-01  -6.064e-03  9.897e+01
-1.505e+00  -1.505e+00  -1.356e-02  9.910e+01
-5.676e-01  -5.676e-01  -0.000e+00  1.000e+02
-5.796e-01  -5.796e-01  -0.000e+00  1.000e+02
-1.534e+00  -1.534e+00  -8.576e-03  9.944e+01
-5.665e-01  -5.665e-01  -0.000e+00  1.000e+02
-5.887e-01  -5.887e-01  -0.000e+00  1.000e+02
-1.519e+00  -1.519e+00  -8.576e-03  9.944e+01
-5.657e-01  -5.657e-01  -0.000e+00  1.000e+02
-5.953e-01  -5.953e-01  -0.000e+00  1.000e+02
-1.515e+00  -1.515e+00  -6.064e-03  9.960e+01
-5.655e-01  -5.655e-01  -0.000e+00  1.000e+02
-5.955e-01  -5.955e-01  -0.000e+00  1.000e+02
-1.514e+00  -1.514e+00  -6.064e-03  9.960e+01
========================================================================================

step: 2/15 res:22.199883917421825, res/res0:0.989396768890341  dq_norm: [0.00606385 0.0105029  0.02500191]

A info: before HHL prepare:
Spectral radius (A): 9.798e+01, lambda_min:5.880626497654359
condition number(A): 1.666e+01, norm2_cond:397.9949401773379
det(A): 2.528e+93
--------------------------------------------------------------------------------

A_hhl info: after scaling by spectral radius:
Spectral radius (A): 1.000e+00, lambda_min:0.06002014127959323
condition number(A): 1.666e+01, norm2_cond:397.9949401773463
det(A): 8.613e-27, nnz: 25 non zeros per row
--------------------------------------------------------------------------------

Size of A & B are not power of 2:
Next 2 power of 60 = 64
Value to be padded = 4
--------------------------------------------------

==================== Print (N)^2 padded matrix system =======================
Padded shape of A: (60, 60)x(60, 60) -> (64, 64)x(64, 64)
Padded shape of B: (60,) -> (64,)
Determinant of padded matrix: 8.613428772970233e-27
Condition # of padded matrix: 397.9949401773463


Matrix is not Hermitian. Making it Hermitian.......

==================== Print Hermitian matrix system info =======================
Shape of hermitian A: 64x64 -> 128x128
Shape of           B: 64 -> 128
Determinant of Hermitian matrix: 7.419115522703361e-53
Condition # of Hermitian matrix: 397.99494017734446

=================================== Generating HHL circuit ===================================
Time elapsed for generating HHL circuit: 5 min 14.36 sec

Generated circuit: num_qubits=18, gates=23, depth=5
============================== Generated Circuit saved ==============================

============================== Transpiling circuit ==============================
This is using the AerSimulator('aer_simulator_statevector') transpiler.
Time elapsed for transpiling the circuit:  0 min 53.01 sec
Transpiled circuit, num_qubits: 18, (original: 18)
Transpiled circuit depth: 464197 (original: 5)
Transpiled circuit gates: 464349 (original: 23)
============================== Transpiled Circuit saved ==============================
Time elapsed for running the circuit:  2 min 31.91 sec
total_qubits: 18, nq:7

Time elapsed for extracting shots-based hhl counts solution:  0 min 0.00 sec

[HHL info]: linear system residual (e=||Ax-b||_2): 22.154049122489848
[HHL info]: Fidelity(true_sol, hhl_sol): 0.5911341982498954
[HHL info]: L2 error (absolute): 5.322556161356854
[HHL info]: L2 error (relative): 0.9993864088239314
[HHL info]: L2 error (normalized): 0.679922759611715

========================================================================================
 Compare system solutions using LU of A, LU sol of A_herm, HHL of Ax=b hermition system
LU sol 	    Herm LU sol    HHL sol    L1_diff(%)
-2.370e-04  -2.370e-04  -0.000e+00  1.000e+02
-1.978e-04  -1.978e-04  -0.000e+00  1.000e+02
-6.226e-04  -6.226e-04  -0.000e+00  1.000e+02
-8.240e-04  -8.240e-04  -0.000e+00  1.000e+02
-7.281e-04  -7.281e-04  -0.000e+00  1.000e+02
-2.225e-03  -2.225e-03  -0.000e+00  1.000e+02
-1.776e-03  -1.776e-03  -0.000e+00  1.000e+02
-1.744e-03  -1.744e-03  -0.000e+00  1.000e+02
-5.057e-03  -5.057e-03  -0.000e+00  1.000e+02
-3.789e-03  -3.789e-03  -0.000e+00  1.000e+02
-3.950e-03  -3.950e-03  -0.000e+00  1.000e+02
-1.113e-02  -1.113e-02  -0.000e+00  1.000e+02
-9.827e-03  -9.827e-03  -0.000e+00  1.000e+02
-9.597e-03  -9.597e-03  -0.000e+00  1.000e+02
-2.790e-02  -2.790e-02  -0.000e+00  1.000e+02
-2.702e-02  -2.702e-02  -0.000e+00  1.000e+02
-2.391e-02  -2.391e-02  -0.000e+00  1.000e+02
-7.293e-02  -7.293e-02  -0.000e+00  1.000e+02
-6.609e-02  -6.609e-02  -0.000e+00  1.000e+02
-5.556e-02  -5.556e-02  -0.000e+00  1.000e+02
-1.734e-01  -1.734e-01  -0.000e+00  1.000e+02
-1.350e-01  -1.350e-01  -0.000e+00  1.000e+02
-1.143e-01  -1.143e-01  -0.000e+00  1.000e+02
-3.533e-01  -3.533e-01  -0.000e+00  1.000e+02
-2.300e-01  -2.300e-01  -0.000e+00  1.000e+02
-1.990e-01  -1.990e-01  -0.000e+00  1.000e+02
-6.011e-01  -6.011e-01  -0.000e+00  1.000e+02
-3.358e-01  -3.358e-01  -0.000e+00  1.000e+02
-3.193e-01  -3.193e-01  -0.000e+00  1.000e+02
-8.899e-01  -8.899e-01  -9.064e-04  9.990e+01
-4.184e-01  -4.184e-01  -0.000e+00  1.000e+02
-4.263e-01  -4.263e-01  -0.000e+00  1.000e+02
-1.136e+00  -1.136e+00  -0.000e+00  1.000e+02
-4.971e-01  -4.971e-01  -9.064e-04  9.982e+01
-4.799e-01  -4.799e-01  -0.000e+00  1.000e+02
-1.324e+00  -1.324e+00  -0.000e+00  1.000e+02
-5.296e-01  -5.296e-01  -9.064e-04  9.983e+01
-5.255e-01  -5.255e-01  -0.000e+00  1.000e+02
-1.415e+00  -1.415e+00  -1.282e-03  9.991e+01
-5.452e-01  -5.452e-01  -9.064e-04  9.983e+01
-5.712e-01  -5.712e-01  -0.000e+00  1.000e+02
-1.447e+00  -1.447e+00  -1.282e-03  9.991e+01
-5.503e-01  -5.503e-01  -0.000e+00  1.000e+02
-5.857e-01  -5.857e-01  -0.000e+00  1.000e+02
-1.497e+00  -1.497e+00  -1.282e-03  9.991e+01
-5.578e-01  -5.578e-01  -0.000e+00  1.000e+02
-5.852e-01  -5.852e-01  -0.000e+00  1.000e+02
-1.488e+00  -1.488e+00  -1.570e-03  9.989e+01
-5.667e-01  -5.667e-01  -9.064e-04  9.984e+01
-5.796e-01  -5.796e-01  -0.000e+00  1.000e+02
-1.522e+00  -1.522e+00  -0.000e+00  1.000e+02
-5.657e-01  -5.657e-01  -0.000e+00  1.000e+02
-5.887e-01  -5.887e-01  -0.000e+00  1.000e+02
-1.508e+00  -1.508e+00  -1.282e-03  9.991e+01
-5.649e-01  -5.649e-01  -0.000e+00  1.000e+02
-5.953e-01  -5.953e-01  -9.064e-04  9.985e+01
-1.506e+00  -1.506e+00  -9.064e-04  9.994e+01
-5.647e-01  -5.647e-01  -0.000e+00  1.000e+02
-5.955e-01  -5.955e-01  -9.064e-04  9.985e+01
-1.505e+00  -1.505e+00  -1.570e-03  9.990e+01
========================================================================================

step: 3/15 res:22.155686250416025, res/res0:0.9874269825125973  dq_norm: [0.00181273 0.0012818  0.00362547]

A info: before HHL prepare:
Spectral radius (A): 9.799e+01, lambda_min:5.8828671211929615
condition number(A): 1.666e+01, norm2_cond:397.96240801271733
det(A): 2.542e+93
--------------------------------------------------------------------------------

A_hhl info: after scaling by spectral radius:
Spectral radius (A): 1.000e+00, lambda_min:0.06003716090861557
condition number(A): 1.666e+01, norm2_cond:397.9624080127115
det(A): 8.611e-27, nnz: 13 non zeros per row
--------------------------------------------------------------------------------

Size of A & B are not power of 2:
Next 2 power of 60 = 64
Value to be padded = 4
--------------------------------------------------

==================== Print (N)^2 padded matrix system =======================
Padded shape of A: (60, 60)x(60, 60) -> (64, 64)x(64, 64)
Padded shape of B: (60,) -> (64,)
Determinant of padded matrix: 8.611215291449038e-27
Condition # of padded matrix: 397.9624080127115


Matrix is not Hermitian. Making it Hermitian.......

==================== Print Hermitian matrix system info =======================
Shape of hermitian A: 64x64 -> 128x128
Shape of           B: 64 -> 128
Determinant of Hermitian matrix: 7.415302879568152e-53
Condition # of Hermitian matrix: 397.9624080127201

=================================== Generating HHL circuit ===================================
Time elapsed for generating HHL circuit: 5 min 22.69 sec

Generated circuit: num_qubits=18, gates=23, depth=5
============================== Generated Circuit saved ==============================

============================== Transpiling circuit ==============================
This is using the AerSimulator('aer_simulator_statevector') transpiler.
Time elapsed for transpiling the circuit:  0 min 51.03 sec
Transpiled circuit, num_qubits: 18, (original: 18)
Transpiled circuit depth: 464200 (original: 5)
Transpiled circuit gates: 464352 (original: 23)
============================== Transpiled Circuit saved ==============================
Time elapsed for running the circuit:  2 min 32.02 sec
total_qubits: 18, nq:7

Time elapsed for extracting shots-based hhl counts solution:  0 min 0.00 sec

[HHL info]: linear system residual (e=||Ax-b||_2): 22.040308111245064
[HHL info]: Fidelity(true_sol, hhl_sol): 0.4272302739457253
[HHL info]: L2 error (absolute): 5.302102215711788
[HHL info]: L2 error (relative): 0.9963192702028081
[HHL info]: L2 error (normalized): 0.8323117873527541

========================================================================================
 Compare system solutions using LU of A, LU sol of A_herm, HHL of Ax=b hermition system
LU sol 	    Herm LU sol    HHL sol    L1_diff(%)
-2.370e-04  -2.370e-04  -0.000e+00  1.000e+02
-1.978e-04  -1.978e-04  -0.000e+00  1.000e+02
-6.226e-04  -6.226e-04  -0.000e+00  1.000e+02
-8.242e-04  -8.242e-04  -0.000e+00  1.000e+02
-7.283e-04  -7.283e-04  -0.000e+00  1.000e+02
-2.226e-03  -2.226e-03  -0.000e+00  1.000e+02
-1.776e-03  -1.776e-03  -0.000e+00  1.000e+02
-1.745e-03  -1.745e-03  -0.000e+00  1.000e+02
-5.057e-03  -5.057e-03  -0.000e+00  1.000e+02
-3.789e-03  -3.789e-03  -0.000e+00  1.000e+02
-3.949e-03  -3.949e-03  -0.000e+00  1.000e+02
-1.113e-02  -1.113e-02  -0.000e+00  1.000e+02
-9.824e-03  -9.824e-03  -0.000e+00  1.000e+02
-9.596e-03  -9.596e-03  -0.000e+00  1.000e+02
-2.789e-02  -2.789e-02  -0.000e+00  1.000e+02
-2.702e-02  -2.702e-02  -0.000e+00  1.000e+02
-2.391e-02  -2.391e-02  -0.000e+00  1.000e+02
-7.292e-02  -7.292e-02  -0.000e+00  1.000e+02
-6.609e-02  -6.609e-02  -0.000e+00  1.000e+02
-5.556e-02  -5.556e-02  -0.000e+00  1.000e+02
-1.734e-01  -1.734e-01  -0.000e+00  1.000e+02
-1.351e-01  -1.351e-01  -0.000e+00  1.000e+02
-1.143e-01  -1.143e-01  -0.000e+00  1.000e+02
-3.533e-01  -3.533e-01  -8.332e-03  9.764e+01
-2.301e-01  -2.301e-01  -0.000e+00  1.000e+02
-1.990e-01  -1.990e-01  -0.000e+00  1.000e+02
-6.012e-01  -6.012e-01  -0.000e+00  1.000e+02
-3.358e-01  -3.358e-01  -0.000e+00  1.000e+02
-3.193e-01  -3.193e-01  -0.000e+00  1.000e+02
-8.889e-01  -8.889e-01  -0.000e+00  1.000e+02
-4.182e-01  -4.182e-01  -0.000e+00  1.000e+02
-4.262e-01  -4.262e-01  -0.000e+00  1.000e+02
-1.135e+00  -1.135e+00  -0.000e+00  1.000e+02
-4.957e-01  -4.957e-01  -0.000e+00  1.000e+02
-4.799e-01  -4.799e-01  -0.000e+00  1.000e+02
-1.324e+00  -1.324e+00  -0.000e+00  1.000e+02
-5.282e-01  -5.282e-01  -0.000e+00  1.000e+02
-5.256e-01  -5.256e-01  -0.000e+00  1.000e+02
-1.412e+00  -1.412e+00  -8.332e-03  9.941e+01
-5.440e-01  -5.440e-01  -0.000e+00  1.000e+02
-5.713e-01  -5.713e-01  -0.000e+00  1.000e+02
-1.445e+00  -1.445e+00  -0.000e+00  1.000e+02
-5.501e-01  -5.501e-01  -0.000e+00  1.000e+02
-5.856e-01  -5.856e-01  -8.332e-03  9.858e+01
-1.495e+00  -1.495e+00  -1.666e-02  9.889e+01
-5.575e-01  -5.575e-01  -0.000e+00  1.000e+02
-5.851e-01  -5.851e-01  -0.000e+00  1.000e+02
-1.486e+00  -1.486e+00  -1.178e-02  9.921e+01
-5.656e-01  -5.656e-01  -8.332e-03  9.853e+01
-5.797e-01  -5.797e-01  -0.000e+00  1.000e+02
-1.522e+00  -1.522e+00  -8.332e-03  9.945e+01
-5.658e-01  -5.658e-01  -0.000e+00  1.000e+02
-5.888e-01  -5.888e-01  -0.000e+00  1.000e+02
-1.507e+00  -1.507e+00  -8.332e-03  9.945e+01
-5.653e-01  -5.653e-01  -0.000e+00  1.000e+02
-5.944e-01  -5.944e-01  -0.000e+00  1.000e+02
-1.506e+00  -1.506e+00  -0.000e+00  1.000e+02
-5.651e-01  -5.651e-01  -0.000e+00  1.000e+02
-5.946e-01  -5.946e-01  -0.000e+00  1.000e+02
-1.505e+00  -1.505e+00  -8.332e-03  9.945e+01
========================================================================================

step: 4/15 res:22.15406323728342, res/res0:0.9873546486231392  dq_norm: [0.00833221 0.00833221 0.02763482]

A info: before HHL prepare:
Spectral radius (A): 9.796e+01, lambda_min:5.905549584773669
condition number(A): 1.659e+01, norm2_cond:396.2620948146864
det(A): 2.577e+93
--------------------------------------------------------------------------------

A_hhl info: after scaling by spectral radius:
Spectral radius (A): 1.000e+00, lambda_min:0.06028722652638251
condition number(A): 1.659e+01, norm2_cond:396.26209481469107
det(A): 8.894e-27, nnz: 23 non zeros per row
--------------------------------------------------------------------------------

Size of A & B are not power of 2:
Next 2 power of 60 = 64
Value to be padded = 4
--------------------------------------------------

==================== Print (N)^2 padded matrix system =======================
Padded shape of A: (60, 60)x(60, 60) -> (64, 64)x(64, 64)
Padded shape of B: (60,) -> (64,)
Determinant of padded matrix: 8.893702555836473e-27
Condition # of padded matrix: 396.26209481469107


Matrix is not Hermitian. Making it Hermitian.......

==================== Print Hermitian matrix system info =======================
Shape of hermitian A: 64x64 -> 128x128
Shape of           B: 64 -> 128
Determinant of Hermitian matrix: 7.909794515169109e-53
Condition # of Hermitian matrix: 396.2620948146921

=================================== Generating HHL circuit ===================================
Time elapsed for generating HHL circuit: 5 min 6.30 sec

Generated circuit: num_qubits=18, gates=23, depth=5
============================== Generated Circuit saved ==============================

============================== Transpiling circuit ==============================
This is using the AerSimulator('aer_simulator_statevector') transpiler.
Time elapsed for transpiling the circuit:  0 min 43.57 sec
Transpiled circuit, num_qubits: 18, (original: 18)
Transpiled circuit depth: 464201 (original: 5)
Transpiled circuit gates: 464353 (original: 23)
============================== Transpiled Circuit saved ==============================
Time elapsed for running the circuit:  2 min 32.49 sec
total_qubits: 18, nq:7

Time elapsed for extracting shots-based hhl counts solution:  0 min 0.00 sec

[HHL info]: linear system residual (e=||Ax-b||_2): 22.025906433404042
[HHL info]: Fidelity(true_sol, hhl_sol): 0.2606513363658105
[HHL info]: L2 error (absolute): 5.291155565276963
[HHL info]: L2 error (relative): 0.9989930936654036
[HHL info]: L2 error (normalized): 0.9894036186383613

========================================================================================
 Compare system solutions using LU of A, LU sol of A_herm, HHL of Ax=b hermition system
LU sol 	    Herm LU sol    HHL sol    L1_diff(%)
-2.359e-04  -2.359e-04  -0.000e+00  1.000e+02
-1.973e-04  -1.973e-04  -0.000e+00  1.000e+02
-6.204e-04  -6.204e-04  -0.000e+00  1.000e+02
-8.233e-04  -8.233e-04  -0.000e+00  1.000e+02
-7.278e-04  -7.278e-04  -0.000e+00  1.000e+02
-2.224e-03  -2.224e-03  -0.000e+00  1.000e+02
-1.782e-03  -1.782e-03  -0.000e+00  1.000e+02
-1.748e-03  -1.748e-03  -0.000e+00  1.000e+02
-5.070e-03  -5.070e-03  -0.000e+00  1.000e+02
-3.811e-03  -3.811e-03  -0.000e+00  1.000e+02
-3.962e-03  -3.962e-03  -0.000e+00  1.000e+02
-1.117e-02  -1.117e-02  -0.000e+00  1.000e+02
-9.843e-03  -9.843e-03  -0.000e+00  1.000e+02
-9.601e-03  -9.601e-03  -0.000e+00  1.000e+02
-2.793e-02  -2.793e-02  -0.000e+00  1.000e+02
-2.697e-02  -2.697e-02  -0.000e+00  1.000e+02
-2.386e-02  -2.386e-02  -0.000e+00  1.000e+02
-7.284e-02  -7.284e-02  -0.000e+00  1.000e+02
-6.599e-02  -6.599e-02  -0.000e+00  1.000e+02
-5.556e-02  -5.556e-02  -0.000e+00  1.000e+02
-1.731e-01  -1.731e-01  -0.000e+00  1.000e+02
-1.350e-01  -1.350e-01  -0.000e+00  1.000e+02
-1.144e-01  -1.144e-01  -0.000e+00  1.000e+02
-3.444e-01  -3.444e-01  -0.000e+00  1.000e+02
-2.301e-01  -2.301e-01  -0.000e+00  1.000e+02
-1.991e-01  -1.991e-01  -0.000e+00  1.000e+02
-6.014e-01  -6.014e-01  -0.000e+00  1.000e+02
-3.358e-01  -3.358e-01  -0.000e+00  1.000e+02
-3.192e-01  -3.192e-01  -0.000e+00  1.000e+02
-8.889e-01  -8.889e-01  -0.000e+00  1.000e+02
-4.179e-01  -4.179e-01  -0.000e+00  1.000e+02
-4.260e-01  -4.260e-01  -0.000e+00  1.000e+02
-1.135e+00  -1.135e+00  -3.308e-03  9.971e+01
-4.953e-01  -4.953e-01  -0.000e+00  1.000e+02
-4.799e-01  -4.799e-01  -0.000e+00  1.000e+02
-1.322e+00  -1.322e+00  -0.000e+00  1.000e+02
-5.289e-01  -5.289e-01  -0.000e+00  1.000e+02
-5.262e-01  -5.262e-01  -0.000e+00  1.000e+02
-1.404e+00  -1.404e+00  -3.308e-03  9.976e+01
-5.457e-01  -5.457e-01  -0.000e+00  1.000e+02
-5.717e-01  -5.717e-01  -0.000e+00  1.000e+02
-1.449e+00  -1.449e+00  -5.730e-03  9.960e+01
-5.500e-01  -5.500e-01  -3.308e-03  9.940e+01
-5.759e-01  -5.759e-01  -0.000e+00  1.000e+02
-1.477e+00  -1.477e+00  -0.000e+00  1.000e+02
-5.552e-01  -5.552e-01  -0.000e+00  1.000e+02
-5.851e-01  -5.851e-01  -0.000e+00  1.000e+02
-1.467e+00  -1.467e+00  -0.000e+00  1.000e+02
-5.549e-01  -5.549e-01  -0.000e+00  1.000e+02
-5.805e-01  -5.805e-01  -0.000e+00  1.000e+02
-1.509e+00  -1.509e+00  -0.000e+00  1.000e+02
-5.652e-01  -5.652e-01  -0.000e+00  1.000e+02
-5.887e-01  -5.887e-01  -0.000e+00  1.000e+02
-1.496e+00  -1.496e+00  -0.000e+00  1.000e+02
-5.647e-01  -5.647e-01  -0.000e+00  1.000e+02
-5.942e-01  -5.942e-01  -0.000e+00  1.000e+02
-1.504e+00  -1.504e+00  -0.000e+00  1.000e+02
-5.644e-01  -5.644e-01  -0.000e+00  1.000e+02
-5.946e-01  -5.946e-01  -4.678e-03  9.921e+01
-1.493e+00  -1.493e+00  -4.678e-03  9.969e+01
========================================================================================

step: 5/15 res:22.04057330338611, res/res0:0.9822966683959787  dq_norm: [0.00330803 0.00467826 0.00875222]

A info: before HHL prepare:
Spectral radius (A): 9.795e+01, lambda_min:5.906912178335666
condition number(A): 1.658e+01, norm2_cond:396.5886216940502
det(A): 2.547e+93
--------------------------------------------------------------------------------

A_hhl info: after scaling by spectral radius:
Spectral radius (A): 1.000e+00, lambda_min:0.060302943092381975
condition number(A): 1.658e+01, norm2_cond:396.58862169405234
det(A): 8.806e-27, nnz: 13 non zeros per row
--------------------------------------------------------------------------------

Size of A & B are not power of 2:
Next 2 power of 60 = 64
Value to be padded = 4
--------------------------------------------------

==================== Print (N)^2 padded matrix system =======================
Padded shape of A: (60, 60)x(60, 60) -> (64, 64)x(64, 64)
Padded shape of B: (60,) -> (64,)
Determinant of padded matrix: 8.805917559182944e-27
Condition # of padded matrix: 396.58862169405234


Matrix is not Hermitian. Making it Hermitian.......

==================== Print Hermitian matrix system info =======================
Shape of hermitian A: 64x64 -> 128x128
Shape of           B: 64 -> 128
Determinant of Hermitian matrix: 7.75441840591265e-53
Condition # of Hermitian matrix: 396.5886216940497

=================================== Generating HHL circuit ===================================
Time elapsed for generating HHL circuit: 5 min 21.53 sec

Generated circuit: num_qubits=18, gates=23, depth=5
============================== Generated Circuit saved ==============================

============================== Transpiling circuit ==============================
This is using the AerSimulator('aer_simulator_statevector') transpiler.
Time elapsed for transpiling the circuit:  0 min 55.64 sec
Transpiled circuit, num_qubits: 18, (original: 18)
Transpiled circuit depth: 464201 (original: 5)
Transpiled circuit gates: 464353 (original: 23)
============================== Transpiled Circuit saved ==============================
Time elapsed for running the circuit:  2 min 31.63 sec
total_qubits: 18, nq:7

Time elapsed for extracting shots-based hhl counts solution:  0 min 0.00 sec

[HHL info]: linear system residual (e=||Ax-b||_2): 21.975878562315142
[HHL info]: Fidelity(true_sol, hhl_sol): 0.4391421961659324
[HHL info]: L2 error (absolute): 5.275633288041684
[HHL info]: L2 error (relative): 0.9969878429235864
[HHL info]: L2 error (normalized): 0.8213670937497437

========================================================================================
 Compare system solutions using LU of A, LU sol of A_herm, HHL of Ax=b hermition system
LU sol 	    Herm LU sol    HHL sol    L1_diff(%)
-2.360e-04  -2.360e-04  -0.000e+00  1.000e+02
-1.973e-04  -1.973e-04  -0.000e+00  1.000e+02
-6.207e-04  -6.207e-04  -0.000e+00  1.000e+02
-8.234e-04  -8.234e-04  -0.000e+00  1.000e+02
-7.278e-04  -7.278e-04  -0.000e+00  1.000e+02
-2.224e-03  -2.224e-03  -0.000e+00  1.000e+02
-1.782e-03  -1.782e-03  -0.000e+00  1.000e+02
-1.748e-03  -1.748e-03  -0.000e+00  1.000e+02
-5.070e-03  -5.070e-03  -0.000e+00  1.000e+02
-3.810e-03  -3.810e-03  -0.000e+00  1.000e+02
-3.961e-03  -3.961e-03  -0.000e+00  1.000e+02
-1.117e-02  -1.117e-02  -0.000e+00  1.000e+02
-9.842e-03  -9.842e-03  -0.000e+00  1.000e+02
-9.600e-03  -9.600e-03  -0.000e+00  1.000e+02
-2.793e-02  -2.793e-02  -0.000e+00  1.000e+02
-2.697e-02  -2.697e-02  -0.000e+00  1.000e+02
-2.386e-02  -2.386e-02  -0.000e+00  1.000e+02
-7.284e-02  -7.284e-02  -0.000e+00  1.000e+02
-6.599e-02  -6.599e-02  -0.000e+00  1.000e+02
-5.557e-02  -5.557e-02  -0.000e+00  1.000e+02
-1.732e-01  -1.732e-01  -0.000e+00  1.000e+02
-1.350e-01  -1.350e-01  -0.000e+00  1.000e+02
-1.144e-01  -1.144e-01  -0.000e+00  1.000e+02
-3.444e-01  -3.444e-01  -0.000e+00  1.000e+02
-2.301e-01  -2.301e-01  -0.000e+00  1.000e+02
-1.990e-01  -1.990e-01  -0.000e+00  1.000e+02
-6.014e-01  -6.014e-01  -0.000e+00  1.000e+02
-3.358e-01  -3.358e-01  -0.000e+00  1.000e+02
-3.193e-01  -3.193e-01  -0.000e+00  1.000e+02
-8.887e-01  -8.887e-01  -7.621e-03  9.914e+01
-4.179e-01  -4.179e-01  -0.000e+00  1.000e+02
-4.261e-01  -4.261e-01  -0.000e+00  1.000e+02
-1.131e+00  -1.131e+00  -7.621e-03  9.933e+01
-4.953e-01  -4.953e-01  -0.000e+00  1.000e+02
-4.799e-01  -4.799e-01  -0.000e+00  1.000e+02
-1.322e+00  -1.322e+00  -0.000e+00  1.000e+02
-5.284e-01  -5.284e-01  -7.621e-03  9.856e+01
-5.260e-01  -5.260e-01  -0.000e+00  1.000e+02
-1.399e+00  -1.399e+00  -1.078e-02  9.923e+01
-5.449e-01  -5.449e-01  -0.000e+00  1.000e+02
-5.717e-01  -5.717e-01  -0.000e+00  1.000e+02
-1.441e+00  -1.441e+00  -0.000e+00  1.000e+02
-5.460e-01  -5.460e-01  -0.000e+00  1.000e+02
-5.761e-01  -5.761e-01  -0.000e+00  1.000e+02
-1.476e+00  -1.476e+00  -0.000e+00  1.000e+02
-5.549e-01  -5.549e-01  -0.000e+00  1.000e+02
-5.850e-01  -5.850e-01  -7.621e-03  9.870e+01
-1.467e+00  -1.467e+00  -7.621e-03  9.948e+01
-5.545e-01  -5.545e-01  -0.000e+00  1.000e+02
-5.803e-01  -5.803e-01  -0.000e+00  1.000e+02
-1.508e+00  -1.508e+00  -7.621e-03  9.949e+01
-5.652e-01  -5.652e-01  -0.000e+00  1.000e+02
-5.888e-01  -5.888e-01  -0.000e+00  1.000e+02
-1.496e+00  -1.496e+00  -7.621e-03  9.949e+01
-5.659e-01  -5.659e-01  -0.000e+00  1.000e+02
-5.946e-01  -5.946e-01  -0.000e+00  1.000e+02
-1.507e+00  -1.507e+00  -7.621e-03  9.949e+01
-5.668e-01  -5.668e-01  -0.000e+00  1.000e+02
-5.900e-01  -5.900e-01  -0.000e+00  1.000e+02
-1.494e+00  -1.494e+00  -0.000e+00  1.000e+02
========================================================================================

step: 6/15 res:22.025972227595787, res/res0:0.9816459326865937  dq_norm: [0.00762079 0.00762079 0.02155485]

A info: before HHL prepare:
Spectral radius (A): 9.795e+01, lambda_min:5.906708934410627
condition number(A): 1.658e+01, norm2_cond:396.2456577003575
det(A): 2.561e+93
--------------------------------------------------------------------------------

A_hhl info: after scaling by spectral radius:
Spectral radius (A): 1.000e+00, lambda_min:0.060303330948735676
condition number(A): 1.658e+01, norm2_cond:396.2456577003541
det(A): 8.874e-27, nnz: 23 non zeros per row
--------------------------------------------------------------------------------

Size of A & B are not power of 2:
Next 2 power of 60 = 64
Value to be padded = 4
--------------------------------------------------

==================== Print (N)^2 padded matrix system =======================
Padded shape of A: (60, 60)x(60, 60) -> (64, 64)x(64, 64)
Padded shape of B: (60,) -> (64,)
Determinant of padded matrix: 8.873655314280682e-27
Condition # of padded matrix: 396.2456577003541


Matrix is not Hermitian. Making it Hermitian.......

==================== Print Hermitian matrix system info =======================
Shape of hermitian A: 64x64 -> 128x128
Shape of           B: 64 -> 128
Determinant of Hermitian matrix: 7.874175863665845e-53
Condition # of Hermitian matrix: 396.2456577003569

=================================== Generating HHL circuit ===================================
Time elapsed for generating HHL circuit: 5 min 25.74 sec

Generated circuit: num_qubits=18, gates=23, depth=5
============================== Generated Circuit saved ==============================

============================== Transpiling circuit ==============================
This is using the AerSimulator('aer_simulator_statevector') transpiler.
Time elapsed for transpiling the circuit:  0 min 42.23 sec
Transpiled circuit, num_qubits: 18, (original: 18)
Transpiled circuit depth: 464201 (original: 5)
Transpiled circuit gates: 464353 (original: 23)
============================== Transpiled Circuit saved ==============================
Time elapsed for running the circuit:  2 min 28.11 sec
total_qubits: 18, nq:7

Time elapsed for extracting shots-based hhl counts solution:  0 min 0.00 sec

[HHL info]: linear system residual (e=||Ax-b||_2): 21.93445588623544
[HHL info]: Fidelity(true_sol, hhl_sol): 0.3689176004805301
[HHL info]: L2 error (absolute): 5.263002620885266
[HHL info]: L2 error (relative): 0.9979123091066892
[HHL info]: L2 error (normalized): 0.8861310575199213

========================================================================================
 Compare system solutions using LU of A, LU sol of A_herm, HHL of Ax=b hermition system
LU sol 	    Herm LU sol    HHL sol    L1_diff(%)
-2.363e-04  -2.363e-04  -0.000e+00  1.000e+02
-1.974e-04  -1.974e-04  -0.000e+00  1.000e+02
-6.212e-04  -6.212e-04  -0.000e+00  1.000e+02
-8.238e-04  -8.238e-04  -0.000e+00  1.000e+02
-7.280e-04  -7.280e-04  -0.000e+00  1.000e+02
-2.225e-03  -2.225e-03  -0.000e+00  1.000e+02
-1.781e-03  -1.781e-03  -0.000e+00  1.000e+02
-1.747e-03  -1.747e-03  -0.000e+00  1.000e+02
-5.067e-03  -5.067e-03  -0.000e+00  1.000e+02
-3.805e-03  -3.805e-03  -0.000e+00  1.000e+02
-3.959e-03  -3.959e-03  -0.000e+00  1.000e+02
-1.116e-02  -1.116e-02  -0.000e+00  1.000e+02
-9.836e-03  -9.836e-03  -0.000e+00  1.000e+02
-9.598e-03  -9.598e-03  -0.000e+00  1.000e+02
-2.792e-02  -2.792e-02  -0.000e+00  1.000e+02
-2.698e-02  -2.698e-02  -0.000e+00  1.000e+02
-2.387e-02  -2.387e-02  -0.000e+00  1.000e+02
-7.286e-02  -7.286e-02  -0.000e+00  1.000e+02
-6.602e-02  -6.602e-02  -0.000e+00  1.000e+02
-5.558e-02  -5.558e-02  -0.000e+00  1.000e+02
-1.732e-01  -1.732e-01  -0.000e+00  1.000e+02
-1.350e-01  -1.350e-01  -0.000e+00  1.000e+02
-1.143e-01  -1.143e-01  -0.000e+00  1.000e+02
-3.445e-01  -3.445e-01  -0.000e+00  1.000e+02
-2.302e-01  -2.302e-01  -0.000e+00  1.000e+02
-1.992e-01  -1.992e-01  -0.000e+00  1.000e+02
-6.013e-01  -6.013e-01  -0.000e+00  1.000e+02
-3.359e-01  -3.359e-01  -0.000e+00  1.000e+02
-3.195e-01  -3.195e-01  -0.000e+00  1.000e+02
-8.803e-01  -8.803e-01  -6.631e-03  9.925e+01
-4.170e-01  -4.170e-01  -0.000e+00  1.000e+02
-4.253e-01  -4.253e-01  -0.000e+00  1.000e+02
-1.120e+00  -1.120e+00  -6.631e-03  9.941e+01
-4.931e-01  -4.931e-01  -4.689e-03  9.905e+01
-4.797e-01  -4.797e-01  -0.000e+00  1.000e+02
-1.317e+00  -1.317e+00  -0.000e+00  1.000e+02
-5.188e-01  -5.188e-01  -0.000e+00  1.000e+02
-5.266e-01  -5.266e-01  -0.000e+00  1.000e+02
-1.384e+00  -1.384e+00  -0.000e+00  1.000e+02
-5.454e-01  -5.454e-01  -0.000e+00  1.000e+02
-5.721e-01  -5.721e-01  -4.689e-03  9.918e+01
-1.442e+00  -1.442e+00  -4.689e-03  9.967e+01
-5.477e-01  -5.477e-01  -4.689e-03  9.914e+01
-5.763e-01  -5.763e-01  -0.000e+00  1.000e+02
-1.480e+00  -1.480e+00  -9.378e-03  9.937e+01
-5.561e-01  -5.561e-01  -0.000e+00  1.000e+02
-5.766e-01  -5.766e-01  -0.000e+00  1.000e+02
-1.461e+00  -1.461e+00  -0.000e+00  1.000e+02
-5.546e-01  -5.546e-01  -0.000e+00  1.000e+02
-5.804e-01  -5.804e-01  -0.000e+00  1.000e+02
-1.499e+00  -1.499e+00  -4.689e-03  9.969e+01
-5.651e-01  -5.651e-01  -4.689e-03  9.917e+01
-5.889e-01  -5.889e-01  -0.000e+00  1.000e+02
-1.487e+00  -1.487e+00  -0.000e+00  1.000e+02
-5.662e-01  -5.662e-01  -0.000e+00  1.000e+02
-5.948e-01  -5.948e-01  -0.000e+00  1.000e+02
-1.499e+00  -1.499e+00  -4.689e-03  9.969e+01
-5.673e-01  -5.673e-01  -0.000e+00  1.000e+02
-5.900e-01  -5.900e-01  -0.000e+00  1.000e+02
-1.495e+00  -1.495e+00  -0.000e+00  1.000e+02
========================================================================================

step: 7/15 res:21.97602605137879, res/res0:0.9794199487331936  dq_norm: [0.00812151 0.00468896 0.01555151]

A info: before HHL prepare:
Spectral radius (A): 9.796e+01, lambda_min:5.920387142463368
condition number(A): 1.655e+01, norm2_cond:395.7033021143926
det(A): 2.644e+93
--------------------------------------------------------------------------------

A_hhl info: after scaling by spectral radius:
Spectral radius (A): 1.000e+00, lambda_min:0.06043671008400968
condition number(A): 1.655e+01, norm2_cond:395.70330211439307
det(A): 9.106e-27, nnz: 13 non zeros per row
--------------------------------------------------------------------------------

Size of A & B are not power of 2:
Next 2 power of 60 = 64
Value to be padded = 4
--------------------------------------------------

==================== Print (N)^2 padded matrix system =======================
Padded shape of A: (60, 60)x(60, 60) -> (64, 64)x(64, 64)
Padded shape of B: (60,) -> (64,)
Determinant of padded matrix: 9.106104745507767e-27
Condition # of padded matrix: 395.70330211439307


Matrix is not Hermitian. Making it Hermitian.......

==================== Print Hermitian matrix system info =======================
Shape of hermitian A: 64x64 -> 128x128
Shape of           B: 64 -> 128
Determinant of Hermitian matrix: 8.292114363616027e-53
Condition # of Hermitian matrix: 395.70330211440057

=================================== Generating HHL circuit ===================================
Time elapsed for generating HHL circuit: 5 min 17.27 sec

Generated circuit: num_qubits=18, gates=23, depth=5
============================== Generated Circuit saved ==============================

============================== Transpiling circuit ==============================
This is using the AerSimulator('aer_simulator_statevector') transpiler.
Time elapsed for transpiling the circuit:  0 min 55.67 sec
Transpiled circuit, num_qubits: 18, (original: 18)
Transpiled circuit depth: 464201 (original: 5)
Transpiled circuit gates: 464353 (original: 23)
============================== Transpiled Circuit saved ==============================
Time elapsed for running the circuit:  2 min 29.78 sec
total_qubits: 18, nq:7

Time elapsed for extracting shots-based hhl counts solution:  0 min 0.00 sec

[HHL info]: linear system residual (e=||Ax-b||_2): 21.779768896090065
[HHL info]: Fidelity(true_sol, hhl_sol): 0.6347760087930432
[HHL info]: L2 error (absolute): 5.202903325285124
[HHL info]: L2 error (relative): 0.989296860563025
[HHL info]: L2 error (normalized): 0.6376075351716343

========================================================================================
 Compare system solutions using LU of A, LU sol of A_herm, HHL of Ax=b hermition system
LU sol 	    Herm LU sol    HHL sol    L1_diff(%)
-2.368e-04  -2.368e-04  -0.000e+00  1.000e+02
-1.977e-04  -1.977e-04  -0.000e+00  1.000e+02
-6.222e-04  -6.222e-04  -0.000e+00  1.000e+02
-8.241e-04  -8.241e-04  -0.000e+00  1.000e+02
-7.282e-04  -7.282e-04  -0.000e+00  1.000e+02
-2.226e-03  -2.226e-03  -0.000e+00  1.000e+02
-1.778e-03  -1.778e-03  -0.000e+00  1.000e+02
-1.745e-03  -1.745e-03  -0.000e+00  1.000e+02
-5.060e-03  -5.060e-03  -0.000e+00  1.000e+02
-3.794e-03  -3.794e-03  -0.000e+00  1.000e+02
-3.953e-03  -3.953e-03  -0.000e+00  1.000e+02
-1.114e-02  -1.114e-02  -0.000e+00  1.000e+02
-9.824e-03  -9.824e-03  -0.000e+00  1.000e+02
-9.592e-03  -9.592e-03  -0.000e+00  1.000e+02
-2.789e-02  -2.789e-02  -0.000e+00  1.000e+02
-2.700e-02  -2.700e-02  -0.000e+00  1.000e+02
-2.389e-02  -2.389e-02  -0.000e+00  1.000e+02
-7.290e-02  -7.290e-02  -0.000e+00  1.000e+02
-6.611e-02  -6.611e-02  -0.000e+00  1.000e+02
-5.561e-02  -5.561e-02  -0.000e+00  1.000e+02
-1.734e-01  -1.734e-01  -0.000e+00  1.000e+02
-1.351e-01  -1.351e-01  -0.000e+00  1.000e+02
-1.144e-01  -1.144e-01  -0.000e+00  1.000e+02
-3.447e-01  -3.447e-01  -0.000e+00  1.000e+02
-2.301e-01  -2.301e-01  -0.000e+00  1.000e+02
-1.992e-01  -1.992e-01  -0.000e+00  1.000e+02
-6.011e-01  -6.011e-01  -0.000e+00  1.000e+02
-3.353e-01  -3.353e-01  -0.000e+00  1.000e+02
-3.192e-01  -3.192e-01  -0.000e+00  1.000e+02
-8.714e-01  -8.714e-01  -0.000e+00  1.000e+02
-4.160e-01  -4.160e-01  -0.000e+00  1.000e+02
-4.253e-01  -4.253e-01  -0.000e+00  1.000e+02
-1.111e+00  -1.111e+00  -2.299e-02  9.793e+01
-4.880e-01  -4.880e-01  -0.000e+00  1.000e+02
-4.804e-01  -4.804e-01  -0.000e+00  1.000e+02
-1.317e+00  -1.317e+00  -1.626e-02  9.877e+01
-5.192e-01  -5.192e-01  -0.000e+00  1.000e+02
-5.262e-01  -5.262e-01  -0.000e+00  1.000e+02
-1.385e+00  -1.385e+00  -2.299e-02  9.834e+01
-5.451e-01  -5.451e-01  -0.000e+00  1.000e+02
-5.670e-01  -5.670e-01  -0.000e+00  1.000e+02
-1.436e+00  -1.436e+00  -1.626e-02  9.887e+01
-5.423e-01  -5.423e-01  -0.000e+00  1.000e+02
-5.769e-01  -5.769e-01  -0.000e+00  1.000e+02
-1.469e+00  -1.469e+00  -2.299e-02  9.843e+01
-5.555e-01  -5.555e-01  -0.000e+00  1.000e+02
-5.762e-01  -5.762e-01  -0.000e+00  1.000e+02
-1.460e+00  -1.460e+00  -2.299e-02  9.842e+01
-5.535e-01  -5.535e-01  -1.626e-02  9.706e+01
-5.803e-01  -5.803e-01  -1.626e-02  9.720e+01
-1.491e+00  -1.491e+00  -1.626e-02  9.891e+01
-5.593e-01  -5.593e-01  -1.626e-02  9.709e+01
-5.892e-01  -5.892e-01  -0.000e+00  1.000e+02
-1.485e+00  -1.485e+00  -2.816e-02  9.810e+01
-5.661e-01  -5.661e-01  -0.000e+00  1.000e+02
-5.948e-01  -5.948e-01  -0.000e+00  1.000e+02
-1.493e+00  -1.493e+00  -1.626e-02  9.891e+01
-5.675e-01  -5.675e-01  -0.000e+00  1.000e+02
-5.900e-01  -5.900e-01  -1.626e-02  9.724e+01
-1.495e+00  -1.495e+00  -0.000e+00  1.000e+02
========================================================================================

step: 8/15 res:21.934899805021963, res/res0:0.9775870483714895  dq_norm: [0.0229941  0.0229941  0.06297192]

A info: before HHL prepare:
Spectral radius (A): 9.788e+01, lambda_min:5.956352031872341
condition number(A): 1.643e+01, norm2_cond:394.80539877610516
det(A): 2.588e+93
--------------------------------------------------------------------------------

A_hhl info: after scaling by spectral radius:
Spectral radius (A): 1.000e+00, lambda_min:0.060856559158246205
condition number(A): 1.643e+01, norm2_cond:394.80539877610846
det(A): 9.389e-27, nnz: 27 non zeros per row
--------------------------------------------------------------------------------

Size of A & B are not power of 2:
Next 2 power of 60 = 64
Value to be padded = 4
--------------------------------------------------

==================== Print (N)^2 padded matrix system =======================
Padded shape of A: (60, 60)x(60, 60) -> (64, 64)x(64, 64)
Padded shape of B: (60,) -> (64,)
Determinant of padded matrix: 9.389194421484138e-27
Condition # of padded matrix: 394.80539877610846


Matrix is not Hermitian. Making it Hermitian.......

==================== Print Hermitian matrix system info =======================
Shape of hermitian A: 64x64 -> 128x128
Shape of           B: 64 -> 128
Determinant of Hermitian matrix: 8.815697188443136e-53
Condition # of Hermitian matrix: 394.80539877611824

=================================== Generating HHL circuit ===================================
Time elapsed for generating HHL circuit: 5 min 13.22 sec

Generated circuit: num_qubits=18, gates=23, depth=5
============================== Generated Circuit saved ==============================

============================== Transpiling circuit ==============================
This is using the AerSimulator('aer_simulator_statevector') transpiler.
Time elapsed for transpiling the circuit:  0 min 59.32 sec
Transpiled circuit, num_qubits: 18, (original: 18)
Transpiled circuit depth: 464198 (original: 5)
Transpiled circuit gates: 464350 (original: 23)
============================== Transpiled Circuit saved ==============================
Time elapsed for running the circuit:  2 min 28.61 sec
total_qubits: 18, nq:7

Time elapsed for extracting shots-based hhl counts solution:  0 min 0.00 sec

[HHL info]: linear system residual (e=||Ax-b||_2): 21.3031992364199
[HHL info]: Fidelity(true_sol, hhl_sol): 0.5868624412212503
[HHL info]: L2 error (absolute): 5.0836599571097585
[HHL info]: L2 error (relative): 0.9780749336147126
[HHL info]: L2 error (normalized): 0.6840036908478303

========================================================================================
 Compare system solutions using LU of A, LU sol of A_herm, HHL of Ax=b hermition system
LU sol 	    Herm LU sol    HHL sol    L1_diff(%)
-2.376e-04  -2.376e-04  -0.000e+00  1.000e+02
-1.981e-04  -1.981e-04  -0.000e+00  1.000e+02
-6.239e-04  -6.239e-04  -0.000e+00  1.000e+02
-8.261e-04  -8.261e-04  -0.000e+00  1.000e+02
-7.292e-04  -7.292e-04  -0.000e+00  1.000e+02
-2.230e-03  -2.230e-03  -0.000e+00  1.000e+02
-1.777e-03  -1.777e-03  -0.000e+00  1.000e+02
-1.745e-03  -1.745e-03  -0.000e+00  1.000e+02
-5.059e-03  -5.059e-03  -0.000e+00  1.000e+02
-3.783e-03  -3.783e-03  -0.000e+00  1.000e+02
-3.948e-03  -3.948e-03  -0.000e+00  1.000e+02
-1.111e-02  -1.111e-02  -0.000e+00  1.000e+02
-9.799e-03  -9.799e-03  -0.000e+00  1.000e+02
-9.579e-03  -9.579e-03  -0.000e+00  1.000e+02
-2.784e-02  -2.784e-02  -0.000e+00  1.000e+02
-2.699e-02  -2.699e-02  -0.000e+00  1.000e+02
-2.388e-02  -2.388e-02  -0.000e+00  1.000e+02
-7.289e-02  -7.289e-02  -0.000e+00  1.000e+02
-6.621e-02  -6.621e-02  -0.000e+00  1.000e+02
-5.568e-02  -5.568e-02  -0.000e+00  1.000e+02
-1.736e-01  -1.736e-01  -0.000e+00  1.000e+02
-1.353e-01  -1.353e-01  -0.000e+00  1.000e+02
-1.144e-01  -1.144e-01  -0.000e+00  1.000e+02
-3.451e-01  -3.451e-01  -0.000e+00  1.000e+02
-2.300e-01  -2.300e-01  -0.000e+00  1.000e+02
-1.991e-01  -1.991e-01  -0.000e+00  1.000e+02
-6.012e-01  -6.012e-01  -0.000e+00  1.000e+02
-3.347e-01  -3.347e-01  -0.000e+00  1.000e+02
-3.191e-01  -3.191e-01  -0.000e+00  1.000e+02
-8.697e-01  -8.697e-01  -0.000e+00  1.000e+02
-4.151e-01  -4.151e-01  -0.000e+00  1.000e+02
-4.253e-01  -4.253e-01  -0.000e+00  1.000e+02
-1.083e+00  -1.083e+00  -0.000e+00  1.000e+02
-4.870e-01  -4.870e-01  -0.000e+00  1.000e+02
-4.804e-01  -4.804e-01  -0.000e+00  1.000e+02
-1.296e+00  -1.296e+00  -5.668e-02  9.563e+01
-5.185e-01  -5.185e-01  -0.000e+00  1.000e+02
-5.263e-01  -5.263e-01  -0.000e+00  1.000e+02
-1.357e+00  -1.357e+00  -5.668e-02  9.582e+01
-5.450e-01  -5.450e-01  -0.000e+00  1.000e+02
-5.675e-01  -5.675e-01  -4.008e-02  9.294e+01
-1.416e+00  -1.416e+00  -0.000e+00  1.000e+02
-5.421e-01  -5.421e-01  -0.000e+00  1.000e+02
-5.771e-01  -5.771e-01  -0.000e+00  1.000e+02
-1.441e+00  -1.441e+00  -4.008e-02  9.722e+01
-5.525e-01  -5.525e-01  -0.000e+00  1.000e+02
-5.747e-01  -5.747e-01  -0.000e+00  1.000e+02
-1.428e+00  -1.428e+00  -5.668e-02  9.603e+01
-5.295e-01  -5.295e-01  -0.000e+00  1.000e+02
-5.625e-01  -5.625e-01  -0.000e+00  1.000e+02
-1.461e+00  -1.461e+00  -5.668e-02  9.612e+01
-5.383e-01  -5.383e-01  -0.000e+00  1.000e+02
-5.912e-01  -5.912e-01  -0.000e+00  1.000e+02
-1.445e+00  -1.445e+00  -5.668e-02  9.608e+01
-5.711e-01  -5.711e-01  -0.000e+00  1.000e+02
-5.967e-01  -5.967e-01  -0.000e+00  1.000e+02
-1.486e+00  -1.486e+00  -4.008e-02  9.730e+01
-5.786e-01  -5.786e-01  -0.000e+00  1.000e+02
-5.741e-01  -5.741e-01  -0.000e+00  1.000e+02
-1.523e+00  -1.523e+00  -4.008e-02  9.737e+01
========================================================================================

step: 9/15 res:21.782834386842126, res/res0:0.9708098492669024  dq_norm: [3.84592537e-16 4.00757305e-02 1.44495101e-01]

A info: before HHL prepare:
Spectral radius (A): 9.768e+01, lambda_min:6.011297054543606
condition number(A): 1.625e+01, norm2_cond:386.6493285841741
det(A): 2.429e+93
--------------------------------------------------------------------------------

A_hhl info: after scaling by spectral radius:
Spectral radius (A): 1.000e+00, lambda_min:0.06153924973841017
condition number(A): 1.625e+01, norm2_cond:386.64932858417717
det(A): 9.921e-27, nnz: 13 non zeros per row
--------------------------------------------------------------------------------

Size of A & B are not power of 2:
Next 2 power of 60 = 64
Value to be padded = 4
--------------------------------------------------

==================== Print (N)^2 padded matrix system =======================
Padded shape of A: (60, 60)x(60, 60) -> (64, 64)x(64, 64)
Padded shape of B: (60,) -> (64,)
Determinant of padded matrix: 9.92075608398395e-27
Condition # of padded matrix: 386.64932858417717


Matrix is not Hermitian. Making it Hermitian.......

==================== Print Hermitian matrix system info =======================
Shape of hermitian A: 64x64 -> 128x128
Shape of           B: 64 -> 128
Determinant of Hermitian matrix: 9.842140127791015e-53
Condition # of Hermitian matrix: 386.64932858418405

=================================== Generating HHL circuit ===================================
Time elapsed for generating HHL circuit: 5 min 7.76 sec

Generated circuit: num_qubits=18, gates=23, depth=5
============================== Generated Circuit saved ==============================

============================== Transpiling circuit ==============================
This is using the AerSimulator('aer_simulator_statevector') transpiler.
Time elapsed for transpiling the circuit:  0 min 59.20 sec
Transpiled circuit, num_qubits: 18, (original: 18)
Transpiled circuit depth: 464189 (original: 5)
Transpiled circuit gates: 464341 (original: 23)
============================== Transpiled Circuit saved ==============================
Time elapsed for running the circuit:  2 min 28.07 sec
total_qubits: 18, nq:7

Time elapsed for extracting shots-based hhl counts solution:  0 min 0.00 sec

[HHL info]: linear system residual (e=||Ax-b||_2): 21.29973859577712
[HHL info]: Fidelity(true_sol, hhl_sol): 0.5466773694727718
[HHL info]: L2 error (absolute): 5.060707613550122
[HHL info]: L2 error (relative): 0.9991771761830922
[HHL info]: L2 error (normalized): 0.721974600400363

========================================================================================
 Compare system solutions using LU of A, LU sol of A_herm, HHL of Ax=b hermition system
LU sol 	    Herm LU sol    HHL sol    L1_diff(%)
-2.392e-04  -2.392e-04  -0.000e+00  1.000e+02
-1.989e-04  -1.989e-04  -0.000e+00  1.000e+02
-6.274e-04  -6.274e-04  -0.000e+00  1.000e+02
-8.309e-04  -8.309e-04  -0.000e+00  1.000e+02
-7.316e-04  -7.316e-04  -0.000e+00  1.000e+02
-2.240e-03  -2.240e-03  -0.000e+00  1.000e+02
-1.780e-03  -1.780e-03  -0.000e+00  1.000e+02
-1.746e-03  -1.746e-03  -0.000e+00  1.000e+02
-5.064e-03  -5.064e-03  -0.000e+00  1.000e+02
-3.765e-03  -3.765e-03  -0.000e+00  1.000e+02
-3.939e-03  -3.939e-03  -0.000e+00  1.000e+02
-1.108e-02  -1.108e-02  -0.000e+00  1.000e+02
-9.749e-03  -9.749e-03  -0.000e+00  1.000e+02
-9.553e-03  -9.553e-03  -0.000e+00  1.000e+02
-2.774e-02  -2.774e-02  -0.000e+00  1.000e+02
-2.696e-02  -2.696e-02  -0.000e+00  1.000e+02
-2.386e-02  -2.386e-02  -0.000e+00  1.000e+02
-7.281e-02  -7.281e-02  -0.000e+00  1.000e+02
-6.635e-02  -6.635e-02  -0.000e+00  1.000e+02
-5.575e-02  -5.575e-02  -0.000e+00  1.000e+02
-1.739e-01  -1.739e-01  -0.000e+00  1.000e+02
-1.358e-01  -1.358e-01  -0.000e+00  1.000e+02
-1.147e-01  -1.147e-01  -0.000e+00  1.000e+02
-3.462e-01  -3.462e-01  -1.507e-03  9.956e+01
-2.303e-01  -2.303e-01  -0.000e+00  1.000e+02
-1.992e-01  -1.992e-01  -0.000e+00  1.000e+02
-6.019e-01  -6.019e-01  -0.000e+00  1.000e+02
-3.329e-01  -3.329e-01  -0.000e+00  1.000e+02
-3.177e-01  -3.177e-01  -0.000e+00  1.000e+02
-8.668e-01  -8.668e-01  -1.507e-03  9.983e+01
-4.115e-01  -4.115e-01  -0.000e+00  1.000e+02
-4.243e-01  -4.243e-01  -0.000e+00  1.000e+02
-1.074e+00  -1.074e+00  -1.507e-03  9.986e+01
-4.884e-01  -4.884e-01  -1.507e-03  9.969e+01
-4.839e-01  -4.839e-01  -0.000e+00  1.000e+02
-1.230e+00  -1.230e+00  -1.507e-03  9.988e+01
-5.274e-01  -5.274e-01  -0.000e+00  1.000e+02
-5.281e-01  -5.281e-01  -0.000e+00  1.000e+02
-1.315e+00  -1.315e+00  -1.507e-03  9.989e+01
-5.510e-01  -5.510e-01  -0.000e+00  1.000e+02
-5.232e-01  -5.232e-01  -0.000e+00  1.000e+02
-1.433e+00  -1.433e+00  -1.507e-03  9.989e+01
-5.414e-01  -5.414e-01  -0.000e+00  1.000e+02
-5.775e-01  -5.775e-01  -0.000e+00  1.000e+02
-1.393e+00  -1.393e+00  -0.000e+00  1.000e+02
-5.501e-01  -5.501e-01  -0.000e+00  1.000e+02
-5.751e-01  -5.751e-01  -0.000e+00  1.000e+02
-1.357e+00  -1.357e+00  -1.507e-03  9.989e+01
-5.267e-01  -5.267e-01  -0.000e+00  1.000e+02
-5.628e-01  -5.628e-01  -0.000e+00  1.000e+02
-1.389e+00  -1.389e+00  -1.507e-03  9.989e+01
-5.354e-01  -5.354e-01  -0.000e+00  1.000e+02
-5.912e-01  -5.912e-01  -0.000e+00  1.000e+02
-1.374e+00  -1.374e+00  -1.507e-03  9.989e+01
-5.681e-01  -5.681e-01  -0.000e+00  1.000e+02
-5.966e-01  -5.966e-01  -1.507e-03  9.975e+01
-1.432e+00  -1.432e+00  -0.000e+00  1.000e+02
-5.754e-01  -5.754e-01  -0.000e+00  1.000e+02
-5.741e-01  -5.741e-01  -0.000e+00  1.000e+02
-1.468e+00  -1.468e+00  -2.610e-03  9.982e+01
========================================================================================

step: 10/15 res:21.293671653300805, res/res0:0.949009013288317  dq_norm: [0.00150693 0.00150693 0.00522017]

A info: before HHL prepare:
Spectral radius (A): 9.768e+01, lambda_min:6.012095889656531
condition number(A): 1.625e+01, norm2_cond:386.4497766950399
det(A): 2.438e+93
--------------------------------------------------------------------------------

A_hhl info: after scaling by spectral radius:
Spectral radius (A): 1.000e+00, lambda_min:0.06154918514250817
condition number(A): 1.625e+01, norm2_cond:386.4497766950417
det(A): 9.975e-27, nnz: 13 non zeros per row
--------------------------------------------------------------------------------

Size of A & B are not power of 2:
Next 2 power of 60 = 64
Value to be padded = 4
--------------------------------------------------

==================== Print (N)^2 padded matrix system =======================
Padded shape of A: (60, 60)x(60, 60) -> (64, 64)x(64, 64)
Padded shape of B: (60,) -> (64,)
Determinant of padded matrix: 9.974539530558016e-27
Condition # of padded matrix: 386.4497766950417


Matrix is not Hermitian. Making it Hermitian.......

==================== Print Hermitian matrix system info =======================
Shape of hermitian A: 64x64 -> 128x128
Shape of           B: 64 -> 128
Determinant of Hermitian matrix: 9.949143884666594e-53
Condition # of Hermitian matrix: 386.449776695043

=================================== Generating HHL circuit ===================================
Time elapsed for generating HHL circuit: 5 min 21.85 sec

Generated circuit: num_qubits=18, gates=23, depth=5
============================== Generated Circuit saved ==============================

============================== Transpiling circuit ==============================
This is using the AerSimulator('aer_simulator_statevector') transpiler.
Time elapsed for transpiling the circuit:  0 min 46.12 sec
Transpiled circuit, num_qubits: 18, (original: 18)
Transpiled circuit depth: 464192 (original: 5)
Transpiled circuit gates: 464344 (original: 23)
============================== Transpiled Circuit saved ==============================
Time elapsed for running the circuit:  2 min 28.32 sec
total_qubits: 18, nq:7

Time elapsed for extracting shots-based hhl counts solution:  0 min 0.00 sec

[HHL info]: linear system residual (e=||Ax-b||_2): 21.305531088421677
[HHL info]: Fidelity(true_sol, hhl_sol): 0.5403349535107979
[HHL info]: L2 error (absolute): 5.055955708331872
[HHL info]: L2 error (relative): 0.9992290858079617
[HHL info]: L2 error (normalized): 0.7279082435291897

========================================================================================
 Compare system solutions using LU of A, LU sol of A_herm, HHL of Ax=b hermition system
LU sol 	    Herm LU sol    HHL sol    L1_diff(%)
-2.392e-04  -2.392e-04  -0.000e+00  1.000e+02
-1.989e-04  -1.989e-04  -0.000e+00  1.000e+02
-6.273e-04  -6.273e-04  -0.000e+00  1.000e+02
-8.310e-04  -8.310e-04  -0.000e+00  1.000e+02
-7.316e-04  -7.316e-04  -0.000e+00  1.000e+02
-2.240e-03  -2.240e-03  -0.000e+00  1.000e+02
-1.780e-03  -1.780e-03  -0.000e+00  1.000e+02
-1.747e-03  -1.747e-03  -0.000e+00  1.000e+02
-5.066e-03  -5.066e-03  -0.000e+00  1.000e+02
-3.767e-03  -3.767e-03  -0.000e+00  1.000e+02
-3.940e-03  -3.940e-03  -0.000e+00  1.000e+02
-1.108e-02  -1.108e-02  -0.000e+00  1.000e+02
-9.749e-03  -9.749e-03  -0.000e+00  1.000e+02
-9.552e-03  -9.552e-03  -0.000e+00  1.000e+02
-2.774e-02  -2.774e-02  -0.000e+00  1.000e+02
-2.695e-02  -2.695e-02  -0.000e+00  1.000e+02
-2.385e-02  -2.385e-02  -0.000e+00  1.000e+02
-7.279e-02  -7.279e-02  -0.000e+00  1.000e+02
-6.634e-02  -6.634e-02  -0.000e+00  1.000e+02
-5.576e-02  -5.576e-02  -0.000e+00  1.000e+02
-1.739e-01  -1.739e-01  -0.000e+00  1.000e+02
-1.358e-01  -1.358e-01  -0.000e+00  1.000e+02
-1.147e-01  -1.147e-01  -0.000e+00  1.000e+02
-3.446e-01  -3.446e-01  -0.000e+00  1.000e+02
-2.304e-01  -2.304e-01  -0.000e+00  1.000e+02
-1.992e-01  -1.992e-01  -0.000e+00  1.000e+02
-6.019e-01  -6.019e-01  -1.187e-03  9.980e+01
-3.328e-01  -3.328e-01  -0.000e+00  1.000e+02
-3.177e-01  -3.177e-01  -0.000e+00  1.000e+02
-8.648e-01  -8.648e-01  -1.679e-03  9.981e+01
-4.111e-01  -4.111e-01  -0.000e+00  1.000e+02
-4.243e-01  -4.243e-01  -0.000e+00  1.000e+02
-1.071e+00  -1.071e+00  -0.000e+00  1.000e+02
-4.865e-01  -4.865e-01  -0.000e+00  1.000e+02
-4.840e-01  -4.840e-01  -0.000e+00  1.000e+02
-1.228e+00  -1.228e+00  -2.056e-03  9.983e+01
-5.273e-01  -5.273e-01  -0.000e+00  1.000e+02
-5.281e-01  -5.281e-01  -0.000e+00  1.000e+02
-1.313e+00  -1.313e+00  -0.000e+00  1.000e+02
-5.510e-01  -5.510e-01  -0.000e+00  1.000e+02
-5.232e-01  -5.232e-01  -0.000e+00  1.000e+02
-1.431e+00  -1.431e+00  -1.679e-03  9.988e+01
-5.414e-01  -5.414e-01  -1.187e-03  9.978e+01
-5.775e-01  -5.775e-01  -0.000e+00  1.000e+02
-1.393e+00  -1.393e+00  -1.187e-03  9.991e+01
-5.500e-01  -5.500e-01  -0.000e+00  1.000e+02
-5.751e-01  -5.751e-01  -0.000e+00  1.000e+02
-1.355e+00  -1.355e+00  -2.374e-03  9.982e+01
-5.269e-01  -5.269e-01  -0.000e+00  1.000e+02
-5.629e-01  -5.629e-01  -0.000e+00  1.000e+02
-1.387e+00  -1.387e+00  -0.000e+00  1.000e+02
-5.358e-01  -5.358e-01  -0.000e+00  1.000e+02
-5.913e-01  -5.913e-01  -0.000e+00  1.000e+02
-1.373e+00  -1.373e+00  -1.679e-03  9.988e+01
-5.682e-01  -5.682e-01  -1.187e-03  9.979e+01
-5.949e-01  -5.949e-01  -0.000e+00  1.000e+02
-1.432e+00  -1.432e+00  -1.187e-03  9.992e+01
-5.751e-01  -5.751e-01  -0.000e+00  1.000e+02
-5.741e-01  -5.741e-01  -0.000e+00  1.000e+02
-1.464e+00  -1.464e+00  -1.679e-03  9.989e+01
========================================================================================

step: 11/15 res:21.299754159779418, res/res0:0.9492800963389797  dq_norm: [0.00167863 0.         0.00503589]

A info: before HHL prepare:
Spectral radius (A): 9.767e+01, lambda_min:6.0157770063702065
condition number(A): 1.624e+01, norm2_cond:386.0862642247572
det(A): 2.456e+93
--------------------------------------------------------------------------------

A_hhl info: after scaling by spectral radius:
Spectral radius (A): 1.000e+00, lambda_min:0.06159056662147241
condition number(A): 1.624e+01, norm2_cond:386.0862642247518
det(A): 1.008e-26, nnz: 13 non zeros per row
--------------------------------------------------------------------------------

Size of A & B are not power of 2:
Next 2 power of 60 = 64
Value to be padded = 4
--------------------------------------------------

==================== Print (N)^2 padded matrix system =======================
Padded shape of A: (60, 60)x(60, 60) -> (64, 64)x(64, 64)
Padded shape of B: (60,) -> (64,)
Determinant of padded matrix: 1.0083085399125689e-26
Condition # of padded matrix: 386.0862642247518


Matrix is not Hermitian. Making it Hermitian.......

==================== Print Hermitian matrix system info =======================
Shape of hermitian A: 64x64 -> 128x128
Shape of           B: 64 -> 128
Determinant of Hermitian matrix: 1.016686111660602e-52
Condition # of Hermitian matrix: 386.0862642247598

=================================== Generating HHL circuit ===================================
Time elapsed for generating HHL circuit: 5 min 33.18 sec

Generated circuit: num_qubits=18, gates=23, depth=5
============================== Generated Circuit saved ==============================

============================== Transpiling circuit ==============================
This is using the AerSimulator('aer_simulator_statevector') transpiler.
Time elapsed for transpiling the circuit:  0 min 44.38 sec
Transpiled circuit, num_qubits: 18, (original: 18)
Transpiled circuit depth: 464188 (original: 5)
Transpiled circuit gates: 464340 (original: 23)
============================== Transpiled Circuit saved ==============================
Time elapsed for running the circuit:  2 min 27.41 sec
total_qubits: 18, nq:7

Time elapsed for extracting shots-based hhl counts solution:  0 min 0.00 sec

[HHL info]: linear system residual (e=||Ax-b||_2): 21.30551281695989
[HHL info]: Fidelity(true_sol, hhl_sol): 0.5381252302938743
[HHL info]: L2 error (absolute): 5.0540575711001505
[HHL info]: L2 error (relative): 0.9999331644723864
[HHL info]: L2 error (normalized): 0.7299723357436126

========================================================================================
 Compare system solutions using LU of A, LU sol of A_herm, HHL of Ax=b hermition system
LU sol 	    Herm LU sol    HHL sol    L1_diff(%)
-2.391e-04  -2.391e-04  -0.000e+00  1.000e+02
-1.988e-04  -1.988e-04  -0.000e+00  1.000e+02
-6.271e-04  -6.271e-04  -0.000e+00  1.000e+02
-8.303e-04  -8.303e-04  -0.000e+00  1.000e+02
-7.313e-04  -7.313e-04  -0.000e+00  1.000e+02
-2.239e-03  -2.239e-03  -0.000e+00  1.000e+02
-1.779e-03  -1.779e-03  -0.000e+00  1.000e+02
-1.746e-03  -1.746e-03  -0.000e+00  1.000e+02
-5.063e-03  -5.063e-03  -0.000e+00  1.000e+02
-3.767e-03  -3.767e-03  -0.000e+00  1.000e+02
-3.940e-03  -3.940e-03  -0.000e+00  1.000e+02
-1.108e-02  -1.108e-02  -0.000e+00  1.000e+02
-9.754e-03  -9.754e-03  -0.000e+00  1.000e+02
-9.555e-03  -9.555e-03  -0.000e+00  1.000e+02
-2.775e-02  -2.775e-02  -0.000e+00  1.000e+02
-2.696e-02  -2.696e-02  -0.000e+00  1.000e+02
-2.386e-02  -2.386e-02  -0.000e+00  1.000e+02
-7.282e-02  -7.282e-02  -0.000e+00  1.000e+02
-6.634e-02  -6.634e-02  -0.000e+00  1.000e+02
-5.575e-02  -5.575e-02  -0.000e+00  1.000e+02
-1.739e-01  -1.739e-01  -0.000e+00  1.000e+02
-1.358e-01  -1.358e-01  -0.000e+00  1.000e+02
-1.147e-01  -1.147e-01  -0.000e+00  1.000e+02
-3.445e-01  -3.445e-01  -0.000e+00  1.000e+02
-2.303e-01  -2.303e-01  -0.000e+00  1.000e+02
-1.992e-01  -1.992e-01  -0.000e+00  1.000e+02
-6.005e-01  -6.005e-01  -0.000e+00  1.000e+02
-3.328e-01  -3.328e-01  -0.000e+00  1.000e+02
-3.177e-01  -3.177e-01  -0.000e+00  1.000e+02
-8.629e-01  -8.629e-01  -0.000e+00  1.000e+02
-4.111e-01  -4.111e-01  -0.000e+00  1.000e+02
-4.243e-01  -4.243e-01  -0.000e+00  1.000e+02
-1.071e+00  -1.071e+00  -1.085e-04  9.999e+01
-4.865e-01  -4.865e-01  -0.000e+00  1.000e+02
-4.841e-01  -4.841e-01  -0.000e+00  1.000e+02
-1.226e+00  -1.226e+00  -1.535e-04  9.999e+01
-5.271e-01  -5.271e-01  -1.085e-04  9.998e+01
-5.279e-01  -5.279e-01  -0.000e+00  1.000e+02
-1.312e+00  -1.312e+00  -1.085e-04  9.999e+01
-5.507e-01  -5.507e-01  -0.000e+00  1.000e+02
-5.232e-01  -5.232e-01  -1.085e-04  9.998e+01
-1.428e+00  -1.428e+00  -1.085e-04  9.999e+01
-5.399e-01  -5.399e-01  -0.000e+00  1.000e+02
-5.776e-01  -5.776e-01  -0.000e+00  1.000e+02
-1.391e+00  -1.391e+00  -1.535e-04  9.999e+01
-5.500e-01  -5.500e-01  -0.000e+00  1.000e+02
-5.751e-01  -5.751e-01  -1.535e-04  9.997e+01
-1.353e+00  -1.353e+00  -1.535e-04  9.999e+01
-5.268e-01  -5.268e-01  -0.000e+00  1.000e+02
-5.628e-01  -5.628e-01  -0.000e+00  1.000e+02
-1.387e+00  -1.387e+00  -1.535e-04  9.999e+01
-5.355e-01  -5.355e-01  -1.085e-04  9.998e+01
-5.912e-01  -5.912e-01  -0.000e+00  1.000e+02
-1.370e+00  -1.370e+00  -1.085e-04  9.999e+01
-5.667e-01  -5.667e-01  -0.000e+00  1.000e+02
-5.950e-01  -5.950e-01  -0.000e+00  1.000e+02
-1.431e+00  -1.431e+00  -0.000e+00  1.000e+02
-5.751e-01  -5.751e-01  -0.000e+00  1.000e+02
-5.741e-01  -5.741e-01  -1.085e-04  9.998e+01
-1.462e+00  -1.462e+00  -0.000e+00  1.000e+02
========================================================================================

step: 12/15 res:21.30553333763527, res/res0:0.9495376607442123  dq_norm: [0.00015351 0.00021709 0.00037601]

A info: before HHL prepare:
Spectral radius (A): 9.767e+01, lambda_min:6.015754779222021
condition number(A): 1.624e+01, norm2_cond:386.09688584225944
det(A): 2.455e+93
--------------------------------------------------------------------------------

A_hhl info: after scaling by spectral radius:
Spectral radius (A): 1.000e+00, lambda_min:0.06159049622486558
condition number(A): 1.624e+01, norm2_cond:386.09688584225967
det(A): 1.008e-26, nnz: 13 non zeros per row
--------------------------------------------------------------------------------

Size of A & B are not power of 2:
Next 2 power of 60 = 64
Value to be padded = 4
--------------------------------------------------

==================== Print (N)^2 padded matrix system =======================
Padded shape of A: (60, 60)x(60, 60) -> (64, 64)x(64, 64)
Padded shape of B: (60,) -> (64,)
Determinant of padded matrix: 1.0080043675451399e-26
Condition # of padded matrix: 386.09688584225967


Matrix is not Hermitian. Making it Hermitian.......

==================== Print Hermitian matrix system info =======================
Shape of hermitian A: 64x64 -> 128x128
Shape of           B: 64 -> 128
Determinant of Hermitian matrix: 1.0160728049900198e-52
Condition # of Hermitian matrix: 386.09688584225694

=================================== Generating HHL circuit ===================================
Time elapsed for generating HHL circuit: 5 min 21.05 sec

Generated circuit: num_qubits=18, gates=23, depth=5
============================== Generated Circuit saved ==============================

============================== Transpiling circuit ==============================
This is using the AerSimulator('aer_simulator_statevector') transpiler.
Time elapsed for transpiling the circuit:  0 min 46.22 sec
Transpiled circuit, num_qubits: 18, (original: 18)
Transpiled circuit depth: 464188 (original: 5)
Transpiled circuit gates: 464340 (original: 23)
============================== Transpiled Circuit saved ==============================
Time elapsed for running the circuit:  2 min 26.25 sec
total_qubits: 18, nq:7

Time elapsed for extracting shots-based hhl counts solution:  0 min 0.00 sec

[HHL info]: linear system residual (e=||Ax-b||_2): 21.182803077764444
[HHL info]: Fidelity(true_sol, hhl_sol): 0.5113375252507752
[HHL info]: L2 error (absolute): 5.025543134090066
[HHL info]: L2 error (relative): 0.9943467794192986
[HHL info]: L2 error (normalized): 0.7548792159584204

========================================================================================
 Compare system solutions using LU of A, LU sol of A_herm, HHL of Ax=b hermition system
LU sol 	    Herm LU sol    HHL sol    L1_diff(%)
-2.391e-04  -2.391e-04  -0.000e+00  1.000e+02
-1.989e-04  -1.989e-04  -0.000e+00  1.000e+02
-6.271e-04  -6.271e-04  -0.000e+00  1.000e+02
-8.304e-04  -8.304e-04  -0.000e+00  1.000e+02
-7.313e-04  -7.313e-04  -0.000e+00  1.000e+02
-2.239e-03  -2.239e-03  -0.000e+00  1.000e+02
-1.779e-03  -1.779e-03  -0.000e+00  1.000e+02
-1.746e-03  -1.746e-03  -0.000e+00  1.000e+02
-5.063e-03  -5.063e-03  -0.000e+00  1.000e+02
-3.767e-03  -3.767e-03  -0.000e+00  1.000e+02
-3.940e-03  -3.940e-03  -0.000e+00  1.000e+02
-1.108e-02  -1.108e-02  -0.000e+00  1.000e+02
-9.754e-03  -9.754e-03  -0.000e+00  1.000e+02
-9.555e-03  -9.555e-03  -0.000e+00  1.000e+02
-2.775e-02  -2.775e-02  -0.000e+00  1.000e+02
-2.696e-02  -2.696e-02  -0.000e+00  1.000e+02
-2.386e-02  -2.386e-02  -0.000e+00  1.000e+02
-7.281e-02  -7.281e-02  -0.000e+00  1.000e+02
-6.634e-02  -6.634e-02  -0.000e+00  1.000e+02
-5.575e-02  -5.575e-02  -0.000e+00  1.000e+02
-1.739e-01  -1.739e-01  -0.000e+00  1.000e+02
-1.358e-01  -1.358e-01  -0.000e+00  1.000e+02
-1.147e-01  -1.147e-01  -0.000e+00  1.000e+02
-3.445e-01  -3.445e-01  -0.000e+00  1.000e+02
-2.303e-01  -2.303e-01  -0.000e+00  1.000e+02
-1.992e-01  -1.992e-01  -0.000e+00  1.000e+02
-6.005e-01  -6.005e-01  -0.000e+00  1.000e+02
-3.328e-01  -3.328e-01  -0.000e+00  1.000e+02
-3.177e-01  -3.177e-01  -9.717e-03  9.694e+01
-8.629e-01  -8.629e-01  -1.374e-02  9.841e+01
-4.111e-01  -4.111e-01  -0.000e+00  1.000e+02
-4.243e-01  -4.243e-01  -0.000e+00  1.000e+02
-1.071e+00  -1.071e+00  -9.717e-03  9.909e+01
-4.865e-01  -4.865e-01  -0.000e+00  1.000e+02
-4.841e-01  -4.841e-01  -0.000e+00  1.000e+02
-1.226e+00  -1.226e+00  -0.000e+00  1.000e+02
-5.270e-01  -5.270e-01  -0.000e+00  1.000e+02
-5.280e-01  -5.280e-01  -0.000e+00  1.000e+02
-1.312e+00  -1.312e+00  -1.374e-02  9.895e+01
-5.507e-01  -5.507e-01  -9.717e-03  9.824e+01
-5.230e-01  -5.230e-01  -0.000e+00  1.000e+02
-1.428e+00  -1.428e+00  -0.000e+00  1.000e+02
-5.399e-01  -5.399e-01  -0.000e+00  1.000e+02
-5.776e-01  -5.776e-01  -0.000e+00  1.000e+02
-1.391e+00  -1.391e+00  -0.000e+00  1.000e+02
-5.500e-01  -5.500e-01  -9.717e-03  9.823e+01
-5.750e-01  -5.750e-01  -9.717e-03  9.831e+01
-1.352e+00  -1.352e+00  -9.717e-03  9.928e+01
-5.268e-01  -5.268e-01  -0.000e+00  1.000e+02
-5.628e-01  -5.628e-01  -0.000e+00  1.000e+02
-1.387e+00  -1.387e+00  -1.374e-02  9.901e+01
-5.354e-01  -5.354e-01  -0.000e+00  1.000e+02
-5.912e-01  -5.912e-01  -9.717e-03  9.836e+01
-1.370e+00  -1.370e+00  -9.717e-03  9.929e+01
-5.668e-01  -5.668e-01  -0.000e+00  1.000e+02
-5.950e-01  -5.950e-01  -0.000e+00  1.000e+02
-1.431e+00  -1.431e+00  -1.374e-02  9.904e+01
-5.752e-01  -5.752e-01  -0.000e+00  1.000e+02
-5.740e-01  -5.740e-01  -0.000e+00  1.000e+02
-1.462e+00  -1.462e+00  -9.717e-03  9.934e+01
========================================================================================

step: 13/15 res:21.30551276017633, res/res0:0.9495367436551202  dq_norm: [0.0137424  0.01683093 0.03366186]

A info: before HHL prepare:
Spectral radius (A): 9.764e+01, lambda_min:6.014660963620259
condition number(A): 1.623e+01, norm2_cond:385.21110361157787
det(A): 2.462e+93
--------------------------------------------------------------------------------

A_hhl info: after scaling by spectral radius:
Spectral radius (A): 1.000e+00, lambda_min:0.06159918145619961
condition number(A): 1.623e+01, norm2_cond:385.2111036115763
det(A): 1.031e-26, nnz: 23 non zeros per row
--------------------------------------------------------------------------------

Size of A & B are not power of 2:
Next 2 power of 60 = 64
Value to be padded = 4
--------------------------------------------------

==================== Print (N)^2 padded matrix system =======================
Padded shape of A: (60, 60)x(60, 60) -> (64, 64)x(64, 64)
Padded shape of B: (60,) -> (64,)
Determinant of padded matrix: 1.0307338121798722e-26
Condition # of padded matrix: 385.2111036115763


Matrix is not Hermitian. Making it Hermitian.......

==================== Print Hermitian matrix system info =======================
Shape of hermitian A: 64x64 -> 128x128
Shape of           B: 64 -> 128
Determinant of Hermitian matrix: 1.0624121915708821e-52
Condition # of Hermitian matrix: 385.21110361158037

=================================== Generating HHL circuit ===================================
Time elapsed for generating HHL circuit: 5 min 22.46 sec

Generated circuit: num_qubits=18, gates=23, depth=5
============================== Generated Circuit saved ==============================

============================== Transpiling circuit ==============================
This is using the AerSimulator('aer_simulator_statevector') transpiler.
Time elapsed for transpiling the circuit:  0 min 59.57 sec
Transpiled circuit, num_qubits: 18, (original: 18)
Transpiled circuit depth: 464197 (original: 5)
Transpiled circuit gates: 464349 (original: 23)
============================== Transpiled Circuit saved ==============================
Time elapsed for running the circuit:  2 min 20.27 sec
total_qubits: 18, nq:7

Time elapsed for extracting shots-based hhl counts solution:  0 min 0.00 sec

[HHL info]: linear system residual (e=||Ax-b||_2): 21.166341257300235
[HHL info]: Fidelity(true_sol, hhl_sol): 0.5071025116179275
[HHL info]: L2 error (absolute): 5.010117683035362
[HHL info]: L2 error (relative): 0.9979488387588495
[HHL info]: L2 error (normalized): 0.7587999662119784

========================================================================================
 Compare system solutions using LU of A, LU sol of A_herm, HHL of Ax=b hermition system
LU sol 	    Herm LU sol    HHL sol    L1_diff(%)
-2.395e-04  -2.395e-04  -0.000e+00  1.000e+02
-1.991e-04  -1.991e-04  -0.000e+00  1.000e+02
-6.279e-04  -6.279e-04  -0.000e+00  1.000e+02
-8.379e-04  -8.379e-04  -0.000e+00  1.000e+02
-7.351e-04  -7.351e-04  -0.000e+00  1.000e+02
-2.255e-03  -2.255e-03  -0.000e+00  1.000e+02
-1.802e-03  -1.802e-03  -0.000e+00  1.000e+02
-1.758e-03  -1.758e-03  -0.000e+00  1.000e+02
-5.111e-03  -5.111e-03  -0.000e+00  1.000e+02
-3.792e-03  -3.792e-03  -0.000e+00  1.000e+02
-3.953e-03  -3.953e-03  -0.000e+00  1.000e+02
-1.113e-02  -1.113e-02  -0.000e+00  1.000e+02
-9.718e-03  -9.718e-03  -0.000e+00  1.000e+02
-9.536e-03  -9.536e-03  -0.000e+00  1.000e+02
-2.767e-02  -2.767e-02  -0.000e+00  1.000e+02
-2.678e-02  -2.678e-02  -0.000e+00  1.000e+02
-2.377e-02  -2.377e-02  -0.000e+00  1.000e+02
-7.245e-02  -7.245e-02  -0.000e+00  1.000e+02
-6.614e-02  -6.614e-02  -0.000e+00  1.000e+02
-5.566e-02  -5.566e-02  -0.000e+00  1.000e+02
-1.734e-01  -1.734e-01  -0.000e+00  1.000e+02
-1.362e-01  -1.362e-01  -0.000e+00  1.000e+02
-1.150e-01  -1.150e-01  -0.000e+00  1.000e+02
-3.453e-01  -3.453e-01  -3.321e-03  9.904e+01
-2.316e-01  -2.316e-01  -3.321e-03  9.857e+01
-1.995e-01  -1.995e-01  -0.000e+00  1.000e+02
-6.035e-01  -6.035e-01  -0.000e+00  1.000e+02
-3.339e-01  -3.339e-01  -0.000e+00  1.000e+02
-3.075e-01  -3.075e-01  -0.000e+00  1.000e+02
-8.505e-01  -8.505e-01  -3.321e-03  9.961e+01
-4.113e-01  -4.113e-01  -0.000e+00  1.000e+02
-4.246e-01  -4.246e-01  -0.000e+00  1.000e+02
-1.061e+00  -1.061e+00  -0.000e+00  1.000e+02
-4.853e-01  -4.853e-01  -0.000e+00  1.000e+02
-4.833e-01  -4.833e-01  -0.000e+00  1.000e+02
-1.222e+00  -1.222e+00  -6.642e-03  9.946e+01
-5.245e-01  -5.245e-01  -0.000e+00  1.000e+02
-5.281e-01  -5.281e-01  -0.000e+00  1.000e+02
-1.291e+00  -1.291e+00  -0.000e+00  1.000e+02
-5.381e-01  -5.381e-01  -0.000e+00  1.000e+02
-5.234e-01  -5.234e-01  -3.321e-03  9.937e+01
-1.424e+00  -1.424e+00  -3.321e-03  9.977e+01
-5.389e-01  -5.389e-01  -3.321e-03  9.938e+01
-5.775e-01  -5.775e-01  -0.000e+00  1.000e+02
-1.389e+00  -1.389e+00  -3.321e-03  9.976e+01
-5.397e-01  -5.397e-01  -0.000e+00  1.000e+02
-5.656e-01  -5.656e-01  -3.321e-03  9.941e+01
-1.343e+00  -1.343e+00  -0.000e+00  1.000e+02
-5.282e-01  -5.282e-01  -0.000e+00  1.000e+02
-5.632e-01  -5.632e-01  -0.000e+00  1.000e+02
-1.375e+00  -1.375e+00  -4.696e-03  9.966e+01
-5.362e-01  -5.362e-01  -3.321e-03  9.938e+01
-5.806e-01  -5.806e-01  -0.000e+00  1.000e+02
-1.361e+00  -1.361e+00  -4.696e-03  9.966e+01
-5.664e-01  -5.664e-01  -0.000e+00  1.000e+02
-5.952e-01  -5.952e-01  -0.000e+00  1.000e+02
-1.414e+00  -1.414e+00  -3.321e-03  9.977e+01
-5.746e-01  -5.746e-01  -0.000e+00  1.000e+02
-5.740e-01  -5.740e-01  -0.000e+00  1.000e+02
-1.450e+00  -1.450e+00  -3.321e-03  9.977e+01
========================================================================================

step: 14/15 res:21.184692320857955, res/res0:0.9441520599909096  dq_norm: [0.00575188 0.00469639 0.01242548]
Completed: 14 steps in 7958.68s
Saved metadata to /lustre/orion/stf006/scratch/4klornl/fvm_euler_1d_solver/output_parallel_shots/nelem20/statevector/shots_1000/trial_0/metadata_nelem20_HHL_statevector_nshots1000.pkl

Solution summary:
  x/L: [0.0250, 0.9750]
  Mach: [1.5000, 1.5060]
  p/p_in: [1.0000, 0.9632]
  rho/rho_in: [1.0000, 1.0000]
Saved combined plot to /lustre/orion/stf006/scratch/4klornl/fvm_euler_1d_solver/output_parallel_shots/nelem20/statevector/shots_1000/trial_0/solution_plot_nelem20_HHL_statevector_nshots1000.png
