
------------------------------------------------------------
Using ideal local simulator with 'statevector' method
Backend: aer_simulator_statevector
Shots: 1000
------------------------------------------------------------

A info: before HHL prepare:
Spectral radius (A): 2.241e+01, lambda_min:2.3074021727489433
condition number(A): 9.710e+00, norm2_cond:95.97789014324577
det(A): 9.333e+14
--------------------------------------------------------------------------------

A_hhl info: after scaling by spectral radius:
Spectral radius (A): 1.000e+00, lambda_min:0.1029832130561069
condition number(A): 9.710e+00, norm2_cond:95.9778901432457
det(A): 5.184e-06, nnz: 10 non zeros per row
--------------------------------------------------------------------------------

Size of A & B are not power of 2:
Next 2 power of 15 = 16
Value to be padded = 1
--------------------------------------------------

==================== Print (N)^2 padded matrix system =======================
Padded shape of A: (15, 15)x(15, 15) -> (16, 16)x(16, 16)
Padded shape of B: (15,) -> (16,)
Determinant of padded matrix: 5.183984510966138e-06
Condition # of padded matrix: 95.9778901432457


Matrix is not Hermitian. Making it Hermitian.......

==================== Print Hermitian matrix system info =======================
Shape of hermitian A: 16x16 -> 32x32
Shape of           B: 16 -> 32
Determinant of Hermitian matrix: 2.6873695409936828e-11
Condition # of Hermitian matrix: 95.9778901432459

=================================== Generating HHL circuit ===================================
Time elapsed for generating HHL circuit: 0 min 8.63 sec

Generated circuit: num_qubits=14, gates=19, depth=5
============================== Generated Circuit saved ==============================

============================== Transpiling circuit ==============================
This is using the AerSimulator('aer_simulator_statevector') transpiler.
Time elapsed for transpiling the circuit:  0 min 1.66 sec
Transpiled circuit, num_qubits: 14, (original: 14)
Transpiled circuit depth: 22395 (original: 5)
Transpiled circuit gates: 22499 (original: 19)
============================== Transpiled Circuit saved ==============================
Time elapsed for running the circuit:  0 min 1.81 sec
total_qubits: 14, nq:5

Time elapsed for extracting shots-based hhl counts solution:  0 min 0.00 sec

[HHL info]: linear system residual (e=||Ax-b||_2): 9.081586652611593
[HHL info]: Fidelity(true_sol, hhl_sol): 0.36937485808719783
[HHL info]: L2 error (absolute): 2.489403632197548
[HHL info]: L2 error (relative): 0.9204386678946098
[HHL info]: L2 error (normalized): 0.8857063031198347

========================================================================================
 Compare system solutions using LU of A, LU sol of A_herm, HHL of Ax=b hermition system
LU sol 	    Herm LU sol    HHL sol    L1_diff(%)
-1.705e-02  -1.705e-02  -0.000e+00  1.000e+02
-7.527e-03  -7.527e-03  -0.000e+00  1.000e+02
-3.946e-02  -3.946e-02  -0.000e+00  1.000e+02
-1.283e-01  -1.283e-01  -0.000e+00  1.000e+02
-6.877e-02  -6.877e-02  -0.000e+00  1.000e+02
-2.800e-01  -2.800e-01  -0.000e+00  1.000e+02
-4.114e-01  -4.114e-01  -0.000e+00  1.000e+02
-4.227e-01  -4.227e-01  -0.000e+00  1.000e+02
-1.109e+00  -1.109e+00  -3.144e-01  7.166e+01
-5.252e-01  -5.252e-01  -0.000e+00  1.000e+02
-5.558e-01  -5.558e-01  -1.815e-01  6.734e+01
-1.428e+00  -1.428e+00  -1.284e-01  9.101e+01
-5.637e-01  -5.637e-01  -0.000e+00  1.000e+02
-5.958e-01  -5.958e-01  -0.000e+00  1.000e+02
-1.529e+00  -1.529e+00  -0.000e+00  1.000e+02
========================================================================================

step: 0/15 res:12.375368413827264, res/res0:1.0  dq_norm: [0.         0.18152558 0.33960327]

A info: before HHL prepare:
Spectral radius (A): 2.184e+01, lambda_min:2.3620046168249695
condition number(A): 9.246e+00, norm2_cond:86.78727873488111
det(A): 7.874e+14
--------------------------------------------------------------------------------

A_hhl info: after scaling by spectral radius:
Spectral radius (A): 1.000e+00, lambda_min:0.10815836145093964
condition number(A): 9.246e+00, norm2_cond:86.78727873488108
det(A): 6.426e-06, nnz: 10 non zeros per row
--------------------------------------------------------------------------------

Size of A & B are not power of 2:
Next 2 power of 15 = 16
Value to be padded = 1
--------------------------------------------------

==================== Print (N)^2 padded matrix system =======================
Padded shape of A: (15, 15)x(15, 15) -> (16, 16)x(16, 16)
Padded shape of B: (15,) -> (16,)
Determinant of padded matrix: 6.42557822019175e-06
Condition # of padded matrix: 86.78727873488108


Matrix is not Hermitian. Making it Hermitian.......

==================== Print Hermitian matrix system info =======================
Shape of hermitian A: 16x16 -> 32x32
Shape of           B: 16 -> 32
Determinant of Hermitian matrix: 4.1288055463802285e-11
Condition # of Hermitian matrix: 86.78727873488111

=================================== Generating HHL circuit ===================================
Time elapsed for generating HHL circuit: 0 min 8.85 sec

Generated circuit: num_qubits=14, gates=19, depth=5
============================== Generated Circuit saved ==============================

============================== Transpiling circuit ==============================
This is using the AerSimulator('aer_simulator_statevector') transpiler.
Time elapsed for transpiling the circuit:  0 min 1.70 sec
Transpiled circuit, num_qubits: 14, (original: 14)
Transpiled circuit depth: 22387 (original: 5)
Transpiled circuit gates: 22491 (original: 19)
============================== Transpiled Circuit saved ==============================
Time elapsed for running the circuit:  0 min 1.98 sec
total_qubits: 14, nq:5

Time elapsed for extracting shots-based hhl counts solution:  0 min 0.00 sec

[HHL info]: linear system residual (e=||Ax-b||_2): 9.39099719438723
[HHL info]: Fidelity(true_sol, hhl_sol): 0.7987995059768942
[HHL info]: L2 error (absolute): 2.2986127954928435
[HHL info]: L2 error (relative): 0.9261193610952245
[HHL info]: L2 error (normalized): 0.4609645485599506

========================================================================================
 Compare system solutions using LU of A, LU sol of A_herm, HHL of Ax=b hermition system
LU sol 	    Herm LU sol    HHL sol    L1_diff(%)
-1.332e-02  -1.332e-02  -0.000e+00  1.000e+02
-4.946e-03  -4.946e-03  -0.000e+00  1.000e+02
-3.280e-02  -3.280e-02  -0.000e+00  1.000e+02
-1.335e-01  -1.335e-01  -0.000e+00  1.000e+02
-7.876e-02  -7.876e-02  -0.000e+00  1.000e+02
-2.846e-01  -2.846e-01  -0.000e+00  1.000e+02
-4.408e-01  -4.408e-01  -6.909e-02  8.433e+01
-4.367e-01  -4.367e-01  -0.000e+00  1.000e+02
-8.140e-01  -8.140e-01  -9.771e-02  8.800e+01
-5.391e-01  -5.391e-01  -4.885e-02  9.094e+01
-3.514e-01  -3.514e-01  -0.000e+00  1.000e+02
-1.332e+00  -1.332e+00  -1.293e-01  9.030e+01
-5.405e-01  -5.405e-01  -4.885e-02  9.096e+01
-5.901e-01  -5.901e-01  -0.000e+00  1.000e+02
-1.475e+00  -1.475e+00  -8.462e-02  9.427e+01
========================================================================================

step: 1/15 res:9.074663886307974, res/res0:0.73328434215895  dq_norm: [0.09770948 0.         0.1827977 ]

A info: before HHL prepare:
Spectral radius (A): 2.237e+01, lambda_min:2.695505718020424
condition number(A): 8.298e+00, norm2_cond:79.92679687103274
det(A): 1.434e+15
--------------------------------------------------------------------------------

A_hhl info: after scaling by spectral radius:
Spectral radius (A): 1.000e+00, lambda_min:0.12051512779874371
condition number(A): 8.298e+00, norm2_cond:79.92679687103292
det(A): 8.176e-06, nnz: 11 non zeros per row
--------------------------------------------------------------------------------

Size of A & B are not power of 2:
Next 2 power of 15 = 16
Value to be padded = 1
--------------------------------------------------

==================== Print (N)^2 padded matrix system =======================
Padded shape of A: (15, 15)x(15, 15) -> (16, 16)x(16, 16)
Padded shape of B: (15,) -> (16,)
Determinant of padded matrix: 8.17618704280151e-06
Condition # of padded matrix: 79.92679687103292


Matrix is not Hermitian. Making it Hermitian.......

==================== Print Hermitian matrix system info =======================
Shape of hermitian A: 16x16 -> 32x32
Shape of           B: 16 -> 32
Determinant of Hermitian matrix: 6.68500345588753e-11
Condition # of Hermitian matrix: 79.92679687103298

=================================== Generating HHL circuit ===================================
Time elapsed for generating HHL circuit: 0 min 8.70 sec

Generated circuit: num_qubits=14, gates=19, depth=5
============================== Generated Circuit saved ==============================

============================== Transpiling circuit ==============================
This is using the AerSimulator('aer_simulator_statevector') transpiler.
Time elapsed for transpiling the circuit:  0 min 1.94 sec
Transpiled circuit, num_qubits: 14, (original: 14)
Transpiled circuit depth: 22399 (original: 5)
Transpiled circuit gates: 22503 (original: 19)
============================== Transpiled Circuit saved ==============================
Time elapsed for running the circuit:  0 min 1.98 sec
total_qubits: 14, nq:5

Time elapsed for extracting shots-based hhl counts solution:  0 min 0.00 sec

[HHL info]: linear system residual (e=||Ax-b||_2): 6.458500896794828
[HHL info]: Fidelity(true_sol, hhl_sol): 0.8562999246916361
[HHL info]: L2 error (absolute): 1.4906204755137002
[HHL info]: L2 error (relative): 0.670451727567302
[HHL info]: L2 error (normalized): 0.38635540052687645

========================================================================================
 Compare system solutions using LU of A, LU sol of A_herm, HHL of Ax=b hermition system
LU sol 	    Herm LU sol    HHL sol    L1_diff(%)
-1.211e-02  -1.211e-02  -0.000e+00  1.000e+02
-3.178e-03  -3.178e-03  -0.000e+00  1.000e+02
-2.992e-02  -2.992e-02  -0.000e+00  1.000e+02
-1.202e-01  -1.202e-01  -0.000e+00  1.000e+02
-7.197e-02  -7.197e-02  -0.000e+00  1.000e+02
-2.612e-01  -2.612e-01  -1.690e-01  3.530e+01
-3.421e-01  -3.421e-01  -0.000e+00  1.000e+02
-4.339e-01  -4.339e-01  -2.390e-01  4.492e+01
-6.671e-01  -6.671e-01  -1.690e-01  7.467e+01
-4.681e-01  -4.681e-01  -1.690e-01  6.390e+01
-3.551e-01  -3.551e-01  -2.390e-01  3.270e+01
-1.149e+00  -1.149e+00  -4.471e-01  6.110e+01
-4.795e-01  -4.795e-01  -1.690e-01  6.476e+01
-5.898e-01  -5.898e-01  -3.779e-01  3.593e+01
-1.364e+00  -1.364e+00  -3.380e-01  7.522e+01
========================================================================================

step: 2/15 res:9.418973772044342, res/res0:0.7611065349392202  dq_norm: [0.23899084 0.50697614 0.60930948]

A info: before HHL prepare:
Spectral radius (A): 2.121e+01, lambda_min:1.4153179005069603
condition number(A): 1.499e+01, norm2_cond:129.2373112943613
det(A): 3.534e+14
--------------------------------------------------------------------------------

A_hhl info: after scaling by spectral radius:
Spectral radius (A): 1.000e+00, lambda_min:0.06672078313469251
condition number(A): 1.499e+01, norm2_cond:129.2373112943615
det(A): 4.460e-06, nnz: 11 non zeros per row
--------------------------------------------------------------------------------

Size of A & B are not power of 2:
Next 2 power of 15 = 16
Value to be padded = 1
--------------------------------------------------

==================== Print (N)^2 padded matrix system =======================
Padded shape of A: (15, 15)x(15, 15) -> (16, 16)x(16, 16)
Padded shape of B: (15,) -> (16,)
Determinant of padded matrix: 4.460091245714994e-06
Condition # of padded matrix: 129.2373112943615


Matrix is not Hermitian. Making it Hermitian.......

==================== Print Hermitian matrix system info =======================
Shape of hermitian A: 16x16 -> 32x32
Shape of           B: 16 -> 32
Determinant of Hermitian matrix: 1.9892413920103668e-11
Condition # of Hermitian matrix: 129.23731129436158

=================================== Generating HHL circuit ===================================
Time elapsed for generating HHL circuit: 0 min 9.85 sec

Generated circuit: num_qubits=15, gates=20, depth=5
============================== Generated Circuit saved ==============================

============================== Transpiling circuit ==============================
This is using the AerSimulator('aer_simulator_statevector') transpiler.
Time elapsed for transpiling the circuit:  0 min 1.86 sec
Transpiled circuit, num_qubits: 15, (original: 15)
Transpiled circuit depth: 25854 (original: 5)
Transpiled circuit gates: 25979 (original: 20)
============================== Transpiled Circuit saved ==============================
Time elapsed for running the circuit:  0 min 4.63 sec
total_qubits: 15, nq:5

Time elapsed for extracting shots-based hhl counts solution:  0 min 0.00 sec

[HHL info]: linear system residual (e=||Ax-b||_2): 5.697574973358268
[HHL info]: Fidelity(true_sol, hhl_sol): 0.8862237404738376
[HHL info]: L2 error (absolute): 1.635953905946877
[HHL info]: L2 error (relative): 0.8683474166893558
[HHL info]: L2 error (normalized): 0.3423607099239357

========================================================================================
 Compare system solutions using LU of A, LU sol of A_herm, HHL of Ax=b hermition system
LU sol 	    Herm LU sol    HHL sol    L1_diff(%)
-1.486e-02  -1.486e-02  -0.000e+00  1.000e+02
-9.074e-03  -9.074e-03  -0.000e+00  1.000e+02
-3.776e-02  -3.776e-02  -0.000e+00  1.000e+02
-1.503e-01  -1.503e-01  -0.000e+00  1.000e+02
-8.632e-02  -8.632e-02  -0.000e+00  1.000e+02
-1.258e-01  -1.258e-01  -0.000e+00  1.000e+02
-4.062e-01  -4.062e-01  -9.408e-02  7.684e+01
-1.948e-01  -1.948e-01  -0.000e+00  1.000e+02
-5.922e-01  -5.922e-01  -9.408e-02  8.411e+01
-3.716e-01  -3.716e-01  -0.000e+00  1.000e+02
-1.334e-01  -1.334e-01  -0.000e+00  1.000e+02
-8.784e-01  -8.784e-01  -9.408e-02  8.929e+01
-4.130e-01  -4.130e-01  -6.652e-02  8.389e+01
-2.196e-01  -2.196e-01  -0.000e+00  1.000e+02
-1.342e+00  -1.342e+00  -1.996e-01  8.513e+01
========================================================================================

step: 3/15 res:6.148377791581551, res/res0:0.4968238185710768  dq_norm: [0.11522027 0.         0.23985013]

A info: before HHL prepare:
Spectral radius (A): 2.181e+01, lambda_min:2.427517084843706
condition number(A): 8.986e+00, norm2_cond:93.28184752092511
det(A): 9.856e+14
--------------------------------------------------------------------------------

A_hhl info: after scaling by spectral radius:
Spectral radius (A): 1.000e+00, lambda_min:0.1112794204141599
condition number(A): 8.986e+00, norm2_cond:93.2818475209254
det(A): 8.175e-06, nnz: 11 non zeros per row
--------------------------------------------------------------------------------

Size of A & B are not power of 2:
Next 2 power of 15 = 16
Value to be padded = 1
--------------------------------------------------

==================== Print (N)^2 padded matrix system =======================
Padded shape of A: (15, 15)x(15, 15) -> (16, 16)x(16, 16)
Padded shape of B: (15,) -> (16,)
Determinant of padded matrix: 8.174974715669544e-06
Condition # of padded matrix: 93.2818475209254


Matrix is not Hermitian. Making it Hermitian.......

==================== Print Hermitian matrix system info =======================
Shape of hermitian A: 16x16 -> 32x32
Shape of           B: 16 -> 32
Determinant of Hermitian matrix: 6.683021160183612e-11
Condition # of Hermitian matrix: 93.28184752092525

=================================== Generating HHL circuit ===================================
Time elapsed for generating HHL circuit: 0 min 8.61 sec

Generated circuit: num_qubits=14, gates=19, depth=5
============================== Generated Circuit saved ==============================

============================== Transpiling circuit ==============================
This is using the AerSimulator('aer_simulator_statevector') transpiler.
Time elapsed for transpiling the circuit:  0 min 2.02 sec
Transpiled circuit, num_qubits: 14, (original: 14)
Transpiled circuit depth: 22383 (original: 5)
Transpiled circuit gates: 22487 (original: 19)
============================== Transpiled Circuit saved ==============================
Time elapsed for running the circuit:  0 min 1.91 sec
total_qubits: 14, nq:5

Time elapsed for extracting shots-based hhl counts solution:  0 min 0.00 sec

[HHL info]: linear system residual (e=||Ax-b||_2): 4.003046977694213
[HHL info]: Fidelity(true_sol, hhl_sol): 0.7707182069516322
[HHL info]: L2 error (absolute): 1.0980544588223344
[HHL info]: L2 error (relative): 0.8399285361864974
[HHL info]: L2 error (normalized): 0.4941546726533945

========================================================================================
 Compare system solutions using LU of A, LU sol of A_herm, HHL of Ax=b hermition system
LU sol 	    Herm LU sol    HHL sol    L1_diff(%)
-1.317e-02  -1.317e-02  -0.000e+00  1.000e+02
-6.008e-03  -6.008e-03  -0.000e+00  1.000e+02
-3.090e-02  -3.090e-02  -0.000e+00  1.000e+02
-1.316e-01  -1.316e-01  -5.956e-02  5.475e+01
-8.010e-02  -8.010e-02  -0.000e+00  1.000e+02
-9.931e-02  -9.931e-02  -0.000e+00  1.000e+02
-2.618e-01  -2.618e-01  -0.000e+00  1.000e+02
-1.918e-01  -1.918e-01  -0.000e+00  1.000e+02
-4.250e-01  -4.250e-01  -1.332e-01  6.867e+01
-3.111e-01  -3.111e-01  -8.423e-02  7.292e+01
-1.219e-01  -1.219e-01  -0.000e+00  1.000e+02
-6.271e-01  -6.271e-01  -8.423e-02  8.657e+01
-2.567e-01  -2.567e-01  -0.000e+00  1.000e+02
-2.155e-01  -2.155e-01  -0.000e+00  1.000e+02
-8.782e-01  -8.782e-01  -1.576e-01  8.206e+01
========================================================================================

step: 4/15 res:5.6882504380032195, res/res0:0.45964291710682453  dq_norm: [0.10315564 0.         0.22284165]

A info: before HHL prepare:
Spectral radius (A): 2.222e+01, lambda_min:2.7050981421709657
condition number(A): 8.214e+00, norm2_cond:84.40323357574042
det(A): 1.507e+15
--------------------------------------------------------------------------------

A_hhl info: after scaling by spectral radius:
Spectral radius (A): 1.000e+00, lambda_min:0.12173868863764696
condition number(A): 8.214e+00, norm2_cond:84.4032335757405
det(A): 9.483e-06, nnz: 11 non zeros per row
--------------------------------------------------------------------------------

Size of A & B are not power of 2:
Next 2 power of 15 = 16
Value to be padded = 1
--------------------------------------------------

==================== Print (N)^2 padded matrix system =======================
Padded shape of A: (15, 15)x(15, 15) -> (16, 16)x(16, 16)
Padded shape of B: (15,) -> (16,)
Determinant of padded matrix: 9.48266489122235e-06
Condition # of padded matrix: 84.4032335757405


Matrix is not Hermitian. Making it Hermitian.......

==================== Print Hermitian matrix system info =======================
Shape of hermitian A: 16x16 -> 32x32
Shape of           B: 16 -> 32
Determinant of Hermitian matrix: 8.992093343922096e-11
Condition # of Hermitian matrix: 84.4032335757406

=================================== Generating HHL circuit ===================================
Time elapsed for generating HHL circuit: 0 min 8.73 sec

Generated circuit: num_qubits=14, gates=19, depth=5
============================== Generated Circuit saved ==============================

============================== Transpiling circuit ==============================
This is using the AerSimulator('aer_simulator_statevector') transpiler.
Time elapsed for transpiling the circuit:  0 min 1.68 sec
Transpiled circuit, num_qubits: 14, (original: 14)
Transpiled circuit depth: 22387 (original: 5)
Transpiled circuit gates: 22491 (original: 19)
============================== Transpiled Circuit saved ==============================
Time elapsed for running the circuit:  0 min 1.94 sec
total_qubits: 14, nq:5

Time elapsed for extracting shots-based hhl counts solution:  0 min 0.00 sec

[HHL info]: linear system residual (e=||Ax-b||_2): 4.030091754853059
[HHL info]: Fidelity(true_sol, hhl_sol): 0.8590346213468834
[HHL info]: L2 error (absolute): 1.0398857867517177
[HHL info]: L2 error (relative): 0.9853237387251741
[HHL info]: L2 error (normalized): 0.3825148203354684

========================================================================================
 Compare system solutions using LU of A, LU sol of A_herm, HHL of Ax=b hermition system
LU sol 	    Herm LU sol    HHL sol    L1_diff(%)
-9.730e-03  -9.730e-03  -0.000e+00  1.000e+02
-2.651e-03  -2.651e-03  -0.000e+00  1.000e+02
-2.348e-02  -2.348e-02  -0.000e+00  1.000e+02
-5.782e-02  -5.782e-02  -3.415e-03  9.409e+01
-7.511e-02  -7.511e-02  -0.000e+00  1.000e+02
-8.282e-02  -8.282e-02  -0.000e+00  1.000e+02
-2.430e-01  -2.430e-01  -3.415e-03  9.859e+01
-1.886e-01  -1.886e-01  -3.415e-03  9.819e+01
-2.395e-01  -2.395e-01  -5.916e-03  9.753e+01
-2.093e-01  -2.093e-01  -0.000e+00  1.000e+02
-1.327e-01  -1.327e-01  -3.415e-03  9.743e+01
-5.060e-01  -5.060e-01  -8.366e-03  9.835e+01
-2.639e-01  -2.639e-01  -5.916e-03  9.776e+01
-2.175e-01  -2.175e-01  -4.830e-03  9.778e+01
-7.148e-01  -7.148e-01  -8.366e-03  9.883e+01
========================================================================================

step: 5/15 res:4.038283862876316, res/res0:0.3263162540166687  dq_norm: [0.00763709 0.00683082 0.01322783]

A info: before HHL prepare:
Spectral radius (A): 2.223e+01, lambda_min:2.7241182975656923
condition number(A): 8.162e+00, norm2_cond:84.06365046180898
det(A): 1.555e+15
--------------------------------------------------------------------------------

A_hhl info: after scaling by spectral radius:
Spectral radius (A): 1.000e+00, lambda_min:0.122521612758043
condition number(A): 8.162e+00, norm2_cond:84.06365046180893
det(A): 9.696e-06, nnz: 13 non zeros per row
--------------------------------------------------------------------------------

Size of A & B are not power of 2:
Next 2 power of 15 = 16
Value to be padded = 1
--------------------------------------------------

==================== Print (N)^2 padded matrix system =======================
Padded shape of A: (15, 15)x(15, 15) -> (16, 16)x(16, 16)
Padded shape of B: (15,) -> (16,)
Determinant of padded matrix: 9.696015481009725e-06
Condition # of padded matrix: 84.06365046180893


Matrix is not Hermitian. Making it Hermitian.......

==================== Print Hermitian matrix system info =======================
Shape of hermitian A: 16x16 -> 32x32
Shape of           B: 16 -> 32
Determinant of Hermitian matrix: 9.401271620798027e-11
Condition # of Hermitian matrix: 84.06365046180912

=================================== Generating HHL circuit ===================================
Time elapsed for generating HHL circuit: 0 min 8.55 sec

Generated circuit: num_qubits=14, gates=19, depth=5
============================== Generated Circuit saved ==============================

============================== Transpiling circuit ==============================
This is using the AerSimulator('aer_simulator_statevector') transpiler.
Time elapsed for transpiling the circuit:  0 min 2.01 sec
Transpiled circuit, num_qubits: 14, (original: 14)
Transpiled circuit depth: 22381 (original: 5)
Transpiled circuit gates: 22485 (original: 19)
============================== Transpiled Circuit saved ==============================
Time elapsed for running the circuit:  0 min 1.92 sec
total_qubits: 14, nq:5

Time elapsed for extracting shots-based hhl counts solution:  0 min 0.00 sec

[HHL info]: linear system residual (e=||Ax-b||_2): 3.815654556633652
[HHL info]: Fidelity(true_sol, hhl_sol): 0.8901732453138737
[HHL info]: L2 error (absolute): 0.8904580697103472
[HHL info]: L2 error (relative): 0.8593994788328095
[HHL info]: L2 error (normalized): 0.3361846856403461

========================================================================================
 Compare system solutions using LU of A, LU sol of A_herm, HHL of Ax=b hermition system
LU sol 	    Herm LU sol    HHL sol    L1_diff(%)
-9.654e-03  -9.654e-03  -0.000e+00  1.000e+02
-2.466e-03  -2.466e-03  -0.000e+00  1.000e+02
-2.313e-02  -2.313e-02  -0.000e+00  1.000e+02
-5.457e-02  -5.457e-02  -0.000e+00  1.000e+02
-7.552e-02  -7.552e-02  -0.000e+00  1.000e+02
-8.397e-02  -8.397e-02  -3.784e-02  5.494e+01
-2.397e-01  -2.397e-01  -3.784e-02  8.422e+01
-1.852e-01  -1.852e-01  -3.784e-02  7.957e+01
-2.338e-01  -2.338e-01  -3.784e-02  8.382e+01
-2.088e-01  -2.088e-01  -0.000e+00  1.000e+02
-1.288e-01  -1.288e-01  -0.000e+00  1.000e+02
-4.959e-01  -4.959e-01  -7.567e-02  8.474e+01
-2.560e-01  -2.560e-01  -5.351e-02  7.910e+01
-2.126e-01  -2.126e-01  -3.784e-02  8.220e+01
-7.028e-01  -7.028e-01  -9.268e-02  8.681e+01
========================================================================================

step: 6/15 res:4.030280781979362, res/res0:0.32566955966145156  dq_norm: [0.06553284 0.05350734 0.13106568]

A info: before HHL prepare:
Spectral radius (A): 2.232e+01, lambda_min:2.9398114064671543
condition number(A): 7.591e+00, norm2_cond:79.50008369756861
det(A): 2.092e+15
--------------------------------------------------------------------------------

A_hhl info: after scaling by spectral radius:
Spectral radius (A): 1.000e+00, lambda_min:0.13174010435909
condition number(A): 7.591e+00, norm2_cond:79.5000836975687
det(A): 1.235e-05, nnz: 13 non zeros per row
--------------------------------------------------------------------------------

Size of A & B are not power of 2:
Next 2 power of 15 = 16
Value to be padded = 1
--------------------------------------------------

==================== Print (N)^2 padded matrix system =======================
Padded shape of A: (15, 15)x(15, 15) -> (16, 16)x(16, 16)
Padded shape of B: (15,) -> (16,)
Determinant of padded matrix: 1.2346608108315551e-05
Condition # of padded matrix: 79.5000836975687


Matrix is not Hermitian. Making it Hermitian.......

==================== Print Hermitian matrix system info =======================
Shape of hermitian A: 16x16 -> 32x32
Shape of           B: 16 -> 32
Determinant of Hermitian matrix: 1.5243873178032333e-10
Condition # of Hermitian matrix: 79.50008369756868

=================================== Generating HHL circuit ===================================
Time elapsed for generating HHL circuit: 0 min 8.76 sec

Generated circuit: num_qubits=14, gates=19, depth=5
============================== Generated Circuit saved ==============================

============================== Transpiling circuit ==============================
This is using the AerSimulator('aer_simulator_statevector') transpiler.
Time elapsed for transpiling the circuit:  0 min 1.66 sec
Transpiled circuit, num_qubits: 14, (original: 14)
Transpiled circuit depth: 22399 (original: 5)
Transpiled circuit gates: 22503 (original: 19)
============================== Transpiled Circuit saved ==============================
Time elapsed for running the circuit:  0 min 1.95 sec
total_qubits: 14, nq:5

Time elapsed for extracting shots-based hhl counts solution:  0 min 0.00 sec

[HHL info]: linear system residual (e=||Ax-b||_2): 3.0702763052816118
[HHL info]: Fidelity(true_sol, hhl_sol): 0.8310977069338872
[HHL info]: L2 error (absolute): 0.7225446950781932
[HHL info]: L2 error (relative): 0.8518647324506394
[HHL info]: L2 error (normalized): 0.42036744925528474

========================================================================================
 Compare system solutions using LU of A, LU sol of A_herm, HHL of Ax=b hermition system
LU sol 	    Herm LU sol    HHL sol    L1_diff(%)
-1.056e-02  -1.056e-02  -0.000e+00  1.000e+02
-3.117e-03  -3.117e-03  -0.000e+00  1.000e+02
-2.512e-02  -2.512e-02  -0.000e+00  1.000e+02
-5.541e-02  -5.541e-02  -0.000e+00  1.000e+02
-7.632e-02  -7.632e-02  -0.000e+00  1.000e+02
-4.803e-02  -4.803e-02  -0.000e+00  1.000e+02
-1.961e-01  -1.961e-01  -0.000e+00  1.000e+02
-1.445e-01  -1.445e-01  -2.521e-02  8.255e+01
-1.924e-01  -1.924e-01  -3.565e-02  8.147e+01
-2.006e-01  -2.006e-01  -4.366e-02  7.823e+01
-1.283e-01  -1.283e-01  -2.521e-02  8.035e+01
-3.942e-01  -3.942e-01  -4.366e-02  8.892e+01
-1.875e-01  -1.875e-01  -0.000e+00  1.000e+02
-1.750e-01  -1.750e-01  -5.042e-02  7.119e+01
-5.773e-01  -5.773e-01  -1.039e-01  8.200e+01
========================================================================================

step: 7/15 res:3.8391591082923266, res/res0:0.31022584378197193  dq_norm: [0.04366215 0.0617476  0.11823765]

A info: before HHL prepare:
Spectral radius (A): 2.228e+01, lambda_min:2.754943732138902
condition number(A): 8.087e+00, norm2_cond:83.63481886611167
det(A): 1.601e+15
--------------------------------------------------------------------------------

A_hhl info: after scaling by spectral radius:
Spectral radius (A): 1.000e+00, lambda_min:0.12365855042593565
condition number(A): 8.087e+00, norm2_cond:83.63481886611135
det(A): 9.686e-06, nnz: 11 non zeros per row
--------------------------------------------------------------------------------

Size of A & B are not power of 2:
Next 2 power of 15 = 16
Value to be padded = 1
--------------------------------------------------

==================== Print (N)^2 padded matrix system =======================
Padded shape of A: (15, 15)x(15, 15) -> (16, 16)x(16, 16)
Padded shape of B: (15,) -> (16,)
Determinant of padded matrix: 9.686114208906318e-06
Condition # of padded matrix: 83.63481886611135


Matrix is not Hermitian. Making it Hermitian.......

==================== Print Hermitian matrix system info =======================
Shape of hermitian A: 16x16 -> 32x32
Shape of           B: 16 -> 32
Determinant of Hermitian matrix: 9.38208084679772e-11
Condition # of Hermitian matrix: 83.63481886611181

=================================== Generating HHL circuit ===================================
Time elapsed for generating HHL circuit: 0 min 8.88 sec

Generated circuit: num_qubits=14, gates=19, depth=5
============================== Generated Circuit saved ==============================

============================== Transpiling circuit ==============================
This is using the AerSimulator('aer_simulator_statevector') transpiler.
Time elapsed for transpiling the circuit:  0 min 1.65 sec
Transpiled circuit, num_qubits: 14, (original: 14)
Transpiled circuit depth: 22391 (original: 5)
Transpiled circuit gates: 22495 (original: 19)
============================== Transpiled Circuit saved ==============================
Time elapsed for running the circuit:  0 min 1.94 sec
total_qubits: 14, nq:5

Time elapsed for extracting shots-based hhl counts solution:  0 min 0.00 sec

[HHL info]: linear system residual (e=||Ax-b||_2): 2.680898946636237
[HHL info]: Fidelity(true_sol, hhl_sol): 0.9260866645292665
[HHL info]: L2 error (absolute): 0.507686408508562
[HHL info]: L2 error (relative): 0.6647336502723799
[HHL info]: L2 error (normalized): 0.2744668750388949

========================================================================================
 Compare system solutions using LU of A, LU sol of A_herm, HHL of Ax=b hermition system
LU sol 	    Herm LU sol    HHL sol    L1_diff(%)
-1.026e-02  -1.026e-02  -0.000e+00  1.000e+02
-3.149e-03  -3.149e-03  -0.000e+00  1.000e+02
-2.495e-02  -2.495e-02  -0.000e+00  1.000e+02
-5.416e-02  -5.416e-02  -0.000e+00  1.000e+02
-7.497e-02  -7.497e-02  -0.000e+00  1.000e+02
-4.335e-02  -4.335e-02  -0.000e+00  1.000e+02
-1.958e-01  -1.958e-01  -7.261e-02  6.291e+01
-1.180e-01  -1.180e-01  -5.135e-02  5.650e+01
-1.530e-01  -1.530e-01  -5.135e-02  6.644e+01
-1.630e-01  -1.630e-01  -5.135e-02  6.851e+01
-1.096e-01  -1.096e-01  -0.000e+00  1.000e+02
-3.666e-01  -3.666e-01  -1.452e-01  6.039e+01
-2.088e-01  -2.088e-01  -8.893e-02  5.740e+01
-1.263e-01  -1.263e-01  -0.000e+00  1.000e+02
-5.137e-01  -5.137e-01  -1.779e-01  6.538e+01
========================================================================================

step: 8/15 res:3.0783714647289875, res/res0:0.24874988459248268  dq_norm: [0.12576967 0.05134525 0.23529351]

A info: before HHL prepare:
Spectral radius (A): 2.302e+01, lambda_min:3.72075552312092
condition number(A): 6.188e+00, norm2_cond:67.40289282345563
det(A): 5.379e+15
--------------------------------------------------------------------------------

A_hhl info: after scaling by spectral radius:
Spectral radius (A): 1.000e+00, lambda_min:0.1616101172302207
condition number(A): 6.188e+00, norm2_cond:67.40289282345567
det(A): 1.987e-05, nnz: 13 non zeros per row
--------------------------------------------------------------------------------

Size of A & B are not power of 2:
Next 2 power of 15 = 16
Value to be padded = 1
--------------------------------------------------

==================== Print (N)^2 padded matrix system =======================
Padded shape of A: (15, 15)x(15, 15) -> (16, 16)x(16, 16)
Padded shape of B: (15,) -> (16,)
Determinant of padded matrix: 1.9872216029305588e-05
Condition # of padded matrix: 67.40289282345567


Matrix is not Hermitian. Making it Hermitian.......

==================== Print Hermitian matrix system info =======================
Shape of hermitian A: 16x16 -> 32x32
Shape of           B: 16 -> 32
Determinant of Hermitian matrix: 3.949049699153899e-10
Condition # of Hermitian matrix: 67.40289282345579

=================================== Generating HHL circuit ===================================
Time elapsed for generating HHL circuit: 0 min 8.69 sec

Generated circuit: num_qubits=14, gates=19, depth=5
============================== Generated Circuit saved ==============================

============================== Transpiling circuit ==============================
This is using the AerSimulator('aer_simulator_statevector') transpiler.
Time elapsed for transpiling the circuit:  0 min 1.64 sec
Transpiled circuit, num_qubits: 14, (original: 14)
Transpiled circuit depth: 22387 (original: 5)
Transpiled circuit gates: 22491 (original: 19)
============================== Transpiled Circuit saved ==============================
Time elapsed for running the circuit:  0 min 1.95 sec
total_qubits: 14, nq:5

Time elapsed for extracting shots-based hhl counts solution:  0 min 0.00 sec

[HHL info]: linear system residual (e=||Ax-b||_2): 1.5425128989238908
[HHL info]: Fidelity(true_sol, hhl_sol): 0.8656741689855499
[HHL info]: L2 error (absolute): 0.24565976192859706
[HHL info]: L2 error (relative): 0.5933382312518286
[HHL info]: L2 error (normalized): 0.37305193529286895

========================================================================================
 Compare system solutions using LU of A, LU sol of A_herm, HHL of Ax=b hermition system
LU sol 	    Herm LU sol    HHL sol    L1_diff(%)
-1.233e-02  -1.233e-02  -3.696e-02  1.997e+02
-4.533e-03  -4.533e-03  -0.000e+00  1.000e+02
-2.889e-02  -2.889e-02  -0.000e+00  1.000e+02
-5.381e-02  -5.381e-02  -3.696e-02  3.132e+01
-7.339e-02  -7.339e-02  -0.000e+00  1.000e+02
-4.508e-02  -4.508e-02  -0.000e+00  1.000e+02
-1.092e-01  -1.092e-01  -8.264e-02  2.433e+01
-6.367e-02  -6.367e-02  -0.000e+00  1.000e+02
-9.541e-02  -9.541e-02  -5.226e-02  4.522e+01
-8.863e-02  -8.863e-02  -3.696e-02  5.830e+01
-1.059e-01  -1.059e-01  -3.696e-02  6.510e+01
-1.701e-01  -1.701e-01  -7.391e-02  5.655e+01
-8.500e-02  -8.500e-02  -3.696e-02  5.652e+01
-1.253e-01  -1.253e-01  -5.226e-02  5.828e+01
-2.532e-01  -2.532e-01  -1.109e-01  5.621e+01
========================================================================================

step: 9/15 res:2.6524778074945474, res/res0:0.21433526007442955  dq_norm: [0.11086846 0.06400994 0.14313057]

A info: before HHL prepare:
Spectral radius (A): 2.397e+01, lambda_min:4.140420970546914
condition number(A): 5.790e+00, norm2_cond:67.6478592629471
det(A): 1.025e+16
--------------------------------------------------------------------------------

A_hhl info: after scaling by spectral radius:
Spectral radius (A): 1.000e+00, lambda_min:0.1727254677556162
condition number(A): 5.790e+00, norm2_cond:67.64785926294691
det(A): 2.068e-05, nnz: 11 non zeros per row
--------------------------------------------------------------------------------

Size of A & B are not power of 2:
Next 2 power of 15 = 16
Value to be padded = 1
--------------------------------------------------

==================== Print (N)^2 padded matrix system =======================
Padded shape of A: (15, 15)x(15, 15) -> (16, 16)x(16, 16)
Padded shape of B: (15,) -> (16,)
Determinant of padded matrix: 2.0677722559207974e-05
Condition # of padded matrix: 67.64785926294691


Matrix is not Hermitian. Making it Hermitian.......

==================== Print Hermitian matrix system info =======================
Shape of hermitian A: 16x16 -> 32x32
Shape of           B: 16 -> 32
Determinant of Hermitian matrix: 4.275682102355784e-10
Condition # of Hermitian matrix: 67.64785926294695

=================================== Generating HHL circuit ===================================
Time elapsed for generating HHL circuit: 0 min 8.66 sec

Generated circuit: num_qubits=14, gates=19, depth=5
============================== Generated Circuit saved ==============================

============================== Transpiling circuit ==============================
This is using the AerSimulator('aer_simulator_statevector') transpiler.
Time elapsed for transpiling the circuit:  0 min 1.64 sec
Transpiled circuit, num_qubits: 14, (original: 14)
Transpiled circuit depth: 22395 (original: 5)
Transpiled circuit gates: 22499 (original: 19)
============================== Transpiled Circuit saved ==============================
Time elapsed for running the circuit:  0 min 1.96 sec
total_qubits: 14, nq:5

Time elapsed for extracting shots-based hhl counts solution:  0 min 0.00 sec

[HHL info]: linear system residual (e=||Ax-b||_2): 1.4809105177124664
[HHL info]: Fidelity(true_sol, hhl_sol): 0.7499387191792665
[HHL info]: L2 error (absolute): 0.2141409365836363
[HHL info]: L2 error (relative): 0.8936416031095794
[HHL info]: L2 error (normalized): 0.5177064369633585

========================================================================================
 Compare system solutions using LU of A, LU sol of A_herm, HHL of Ax=b hermition system
LU sol 	    Herm LU sol    HHL sol    L1_diff(%)
 2.352e-02   2.352e-02   6.555e-03  7.213e+01
-4.419e-03  -4.419e-03  -0.000e+00  1.000e+02
-2.949e-02  -2.949e-02  -0.000e+00  1.000e+02
-1.434e-02  -1.434e-02  -0.000e+00  1.000e+02
-6.969e-02  -6.969e-02  -6.555e-03  9.059e+01
-4.530e-02  -4.530e-02  -0.000e+00  1.000e+02
-2.051e-02  -2.051e-02  -6.555e-03  6.804e+01
-6.368e-02  -6.368e-02  -1.135e-02  8.217e+01
-4.272e-02  -4.272e-02  -0.000e+00  1.000e+02
-4.891e-02  -4.891e-02  -0.000e+00  1.000e+02
-6.775e-02  -6.775e-02  -0.000e+00  1.000e+02
-9.388e-02  -9.388e-02  -1.466e-02  8.439e+01
-4.630e-02  -4.630e-02  -6.555e-03  8.584e+01
-7.189e-02  -7.189e-02  -9.270e-03  8.710e+01
-1.395e-01  -1.395e-01  -1.734e-02  8.757e+01
========================================================================================

step: 10/15 res:1.5549873212406542, res/res0:0.12565180035393803  dq_norm: [0.01135386 0.01605678 0.02270772]

A info: before HHL prepare:
Spectral radius (A): 2.400e+01, lambda_min:4.145755720054292
condition number(A): 5.790e+00, norm2_cond:67.5021043370804
det(A): 1.023e+16
--------------------------------------------------------------------------------

A_hhl info: after scaling by spectral radius:
Spectral radius (A): 1.000e+00, lambda_min:0.1727219329620401
condition number(A): 5.790e+00, norm2_cond:67.50210433708044
det(A): 2.023e-05, nnz: 11 non zeros per row
--------------------------------------------------------------------------------

Size of A & B are not power of 2:
Next 2 power of 15 = 16
Value to be padded = 1
--------------------------------------------------

==================== Print (N)^2 padded matrix system =======================
Padded shape of A: (15, 15)x(15, 15) -> (16, 16)x(16, 16)
Padded shape of B: (15,) -> (16,)
Determinant of padded matrix: 2.0231930527476518e-05
Condition # of padded matrix: 67.50210433708044


Matrix is not Hermitian. Making it Hermitian.......

==================== Print Hermitian matrix system info =======================
Shape of hermitian A: 16x16 -> 32x32
Shape of           B: 16 -> 32
Determinant of Hermitian matrix: 4.093310128686392e-10
Condition # of Hermitian matrix: 67.50210433708055

=================================== Generating HHL circuit ===================================
Time elapsed for generating HHL circuit: 0 min 8.74 sec

Generated circuit: num_qubits=14, gates=19, depth=5
============================== Generated Circuit saved ==============================

============================== Transpiling circuit ==============================
This is using the AerSimulator('aer_simulator_statevector') transpiler.
Time elapsed for transpiling the circuit:  0 min 1.94 sec
Transpiled circuit, num_qubits: 14, (original: 14)
Transpiled circuit depth: 22389 (original: 5)
Transpiled circuit gates: 22493 (original: 19)
============================== Transpiled Circuit saved ==============================
Time elapsed for running the circuit:  0 min 1.95 sec
total_qubits: 14, nq:5

Time elapsed for extracting shots-based hhl counts solution:  0 min 0.00 sec

[HHL info]: linear system residual (e=||Ax-b||_2): 1.1942811696880755
[HHL info]: Fidelity(true_sol, hhl_sol): 0.5472266866175173
[HHL info]: L2 error (absolute): 0.17681580332392066
[HHL info]: L2 error (relative): 0.8258203875128175
[HHL info]: L2 error (normalized): 0.7214600221440682

========================================================================================
 Compare system solutions using LU of A, LU sol of A_herm, HHL of Ax=b hermition system
LU sol 	    Herm LU sol    HHL sol    L1_diff(%)
 1.720e-02   1.720e-02   0.000e+00  1.000e+02
-4.548e-03  -4.548e-03  -0.000e+00  1.000e+02
-2.947e-02  -2.947e-02  -2.794e-02  5.182e+00
-1.428e-02  -1.428e-02  -0.000e+00  1.000e+02
-6.327e-02  -6.327e-02  -2.281e-02  6.394e+01
-4.460e-02  -4.460e-02  -0.000e+00  1.000e+02
-1.401e-02  -1.401e-02  -0.000e+00  1.000e+02
-5.239e-02  -5.239e-02  -0.000e+00  1.000e+02
-4.259e-02  -4.259e-02  -0.000e+00  1.000e+02
-4.908e-02  -4.908e-02  -0.000e+00  1.000e+02
-6.797e-02  -6.797e-02  -1.613e-02  7.627e+01
-7.895e-02  -7.895e-02  -0.000e+00  1.000e+02
-3.988e-02  -3.988e-02  -1.613e-02  5.955e+01
-6.278e-02  -6.278e-02  -2.281e-02  6.366e+01
-1.221e-01  -1.221e-01  -2.794e-02  7.712e+01
========================================================================================

step: 11/15 res:1.480899763276288, res/res0:0.11966510521186964  dq_norm: [0.01613147 0.03607106 0.03951386]

A info: before HHL prepare:
Spectral radius (A): 2.402e+01, lambda_min:4.074039766689713
condition number(A): 5.895e+00, norm2_cond:67.69821417283403
det(A): 9.948e+15
--------------------------------------------------------------------------------

A_hhl info: after scaling by spectral radius:
Spectral radius (A): 1.000e+00, lambda_min:0.16963429344539366
condition number(A): 5.895e+00, norm2_cond:67.69821417283403
det(A): 1.950e-05, nnz: 11 non zeros per row
--------------------------------------------------------------------------------

Size of A & B are not power of 2:
Next 2 power of 15 = 16
Value to be padded = 1
--------------------------------------------------

==================== Print (N)^2 padded matrix system =======================
Padded shape of A: (15, 15)x(15, 15) -> (16, 16)x(16, 16)
Padded shape of B: (15,) -> (16,)
Determinant of padded matrix: 1.9501406360857922e-05
Condition # of padded matrix: 67.69821417283403


Matrix is not Hermitian. Making it Hermitian.......

==================== Print Hermitian matrix system info =======================
Shape of hermitian A: 16x16 -> 32x32
Shape of           B: 16 -> 32
Determinant of Hermitian matrix: 3.8030485005130987e-10
Condition # of Hermitian matrix: 67.69821417283424

=================================== Generating HHL circuit ===================================
Time elapsed for generating HHL circuit: 0 min 8.72 sec

Generated circuit: num_qubits=14, gates=19, depth=5
============================== Generated Circuit saved ==============================

============================== Transpiling circuit ==============================
This is using the AerSimulator('aer_simulator_statevector') transpiler.
Time elapsed for transpiling the circuit:  0 min 1.66 sec
Transpiled circuit, num_qubits: 14, (original: 14)
Transpiled circuit depth: 22391 (original: 5)
Transpiled circuit gates: 22495 (original: 19)
============================== Transpiled Circuit saved ==============================
Time elapsed for running the circuit:  0 min 1.94 sec
total_qubits: 14, nq:5

Time elapsed for extracting shots-based hhl counts solution:  0 min 0.00 sec

[HHL info]: linear system residual (e=||Ax-b||_2): 0.8463559725826838
[HHL info]: Fidelity(true_sol, hhl_sol): 0.7928050443166272
[HHL info]: L2 error (absolute): 0.12987751116122062
[HHL info]: L2 error (relative): 0.732162714892608
[HHL info]: L2 error (normalized): 0.4681965309312667

========================================================================================
 Compare system solutions using LU of A, LU sol of A_herm, HHL of Ax=b hermition system
LU sol 	    Herm LU sol    HHL sol    L1_diff(%)
 1.755e-02   1.755e-02   0.000e+00  1.000e+02
-4.519e-03  -4.519e-03  -0.000e+00  1.000e+02
-1.218e-03  -1.218e-03  -0.000e+00  1.000e+02
-1.404e-02  -1.404e-02  -0.000e+00  1.000e+02
-4.088e-02  -4.088e-02  -1.290e-02  6.845e+01
-4.356e-02  -4.356e-02  -0.000e+00  1.000e+02
-1.422e-02  -1.422e-02  -1.290e-02  9.324e+00
-5.269e-02  -5.269e-02  -2.234e-02  5.760e+01
-4.265e-02  -4.265e-02  -1.290e-02  6.976e+01
-4.952e-02  -4.952e-02  -1.824e-02  6.316e+01
-5.182e-02  -5.182e-02  -0.000e+00  1.000e+02
-7.997e-02  -7.997e-02  -2.884e-02  6.394e+01
-2.386e-02  -2.386e-02  -0.000e+00  1.000e+02
-4.007e-02  -4.007e-02  -1.290e-02  6.781e+01
-9.416e-02  -9.416e-02  -2.884e-02  6.937e+01
========================================================================================

step: 12/15 res:1.195498407155395, res/res0:0.0966030559397035  dq_norm: [0.02233926 0.02883986 0.04277642]

A info: before HHL prepare:
Spectral radius (A): 2.414e+01, lambda_min:4.054227283153825
condition number(A): 5.954e+00, norm2_cond:68.60819314720031
det(A): 9.573e+15
--------------------------------------------------------------------------------

A_hhl info: after scaling by spectral radius:
Spectral radius (A): 1.000e+00, lambda_min:0.16796114697792686
condition number(A): 5.954e+00, norm2_cond:68.6081931472004
det(A): 1.740e-05, nnz: 11 non zeros per row
--------------------------------------------------------------------------------

Size of A & B are not power of 2:
Next 2 power of 15 = 16
Value to be padded = 1
--------------------------------------------------

==================== Print (N)^2 padded matrix system =======================
Padded shape of A: (15, 15)x(15, 15) -> (16, 16)x(16, 16)
Padded shape of B: (15,) -> (16,)
Determinant of padded matrix: 1.740069482453926e-05
Condition # of padded matrix: 68.6081931472004


Matrix is not Hermitian. Making it Hermitian.......

==================== Print Hermitian matrix system info =======================
Shape of hermitian A: 16x16 -> 32x32
Shape of           B: 16 -> 32
Determinant of Hermitian matrix: 3.0278418037674636e-10
Condition # of Hermitian matrix: 68.60819314720042

=================================== Generating HHL circuit ===================================
Time elapsed for generating HHL circuit: 0 min 8.75 sec

Generated circuit: num_qubits=14, gates=19, depth=5
============================== Generated Circuit saved ==============================

============================== Transpiling circuit ==============================
This is using the AerSimulator('aer_simulator_statevector') transpiler.
Time elapsed for transpiling the circuit:  0 min 1.63 sec
Transpiled circuit, num_qubits: 14, (original: 14)
Transpiled circuit depth: 22391 (original: 5)
Transpiled circuit gates: 22495 (original: 19)
============================== Transpiled Circuit saved ==============================
Time elapsed for running the circuit:  0 min 1.92 sec
total_qubits: 14, nq:5

Time elapsed for extracting shots-based hhl counts solution:  0 min 0.00 sec

[HHL info]: linear system residual (e=||Ax-b||_2): 0.7003458195058633
[HHL info]: Fidelity(true_sol, hhl_sol): 0.800700164245343
[HHL info]: L2 error (absolute): 0.10119806706344214
[HHL info]: L2 error (relative): 0.7762145042725571
[HHL info]: L2 error (normalized): 0.4586534440953771

========================================================================================
 Compare system solutions using LU of A, LU sol of A_herm, HHL of Ax=b hermition system
LU sol 	    Herm LU sol    HHL sol    L1_diff(%)
 1.765e-02   1.765e-02   7.063e-03  5.999e+01
-4.580e-03  -4.580e-03  -0.000e+00  1.000e+02
-1.042e-03  -1.042e-03  -0.000e+00  1.000e+02
-1.408e-02  -1.408e-02  -0.000e+00  1.000e+02
-2.831e-02  -2.831e-02  -0.000e+00  1.000e+02
-4.316e-02  -4.316e-02  -9.989e-03  7.686e+01
-1.305e-03  -1.305e-03  -0.000e+00  1.000e+02
-3.024e-02  -3.024e-02  -7.063e-03  7.664e+01
-2.976e-02  -2.976e-02  -9.989e-03  6.643e+01
-3.097e-02  -3.097e-02  -9.989e-03  6.774e+01
-5.228e-02  -5.228e-02  -7.063e-03  8.649e+01
-5.065e-02  -5.065e-02  -1.579e-02  6.881e+01
-2.421e-02  -2.421e-02  -0.000e+00  1.000e+02
-2.737e-02  -2.737e-02  -0.000e+00  1.000e+02
-6.638e-02  -6.638e-02  -2.119e-02  6.808e+01
========================================================================================

step: 13/15 res:0.8465457345448655, res/res0:0.06840569963145515  dq_norm: [0.01223427 0.00998924 0.02996773]

A info: before HHL prepare:
Spectral radius (A): 2.411e+01, lambda_min:4.107738544370165
condition number(A): 5.869e+00, norm2_cond:67.64166531898465
det(A): 9.630e+15
--------------------------------------------------------------------------------

A_hhl info: after scaling by spectral radius:
Spectral radius (A): 1.000e+00, lambda_min:0.17038053275338447
condition number(A): 5.869e+00, norm2_cond:67.64166531898451
det(A): 1.782e-05, nnz: 11 non zeros per row
--------------------------------------------------------------------------------

Size of A & B are not power of 2:
Next 2 power of 15 = 16
Value to be padded = 1
--------------------------------------------------

==================== Print (N)^2 padded matrix system =======================
Padded shape of A: (15, 15)x(15, 15) -> (16, 16)x(16, 16)
Padded shape of B: (15,) -> (16,)
Determinant of padded matrix: 1.7819511559287582e-05
Condition # of padded matrix: 67.64166531898451


Matrix is not Hermitian. Making it Hermitian.......

==================== Print Hermitian matrix system info =======================
Shape of hermitian A: 16x16 -> 32x32
Shape of           B: 16 -> 32
Determinant of Hermitian matrix: 3.17534992211586e-10
Condition # of Hermitian matrix: 67.64166531898451

=================================== Generating HHL circuit ===================================
Time elapsed for generating HHL circuit: 0 min 8.19 sec

Generated circuit: num_qubits=14, gates=19, depth=5
============================== Generated Circuit saved ==============================

============================== Transpiling circuit ==============================
This is using the AerSimulator('aer_simulator_statevector') transpiler.
Time elapsed for transpiling the circuit:  0 min 1.74 sec
Transpiled circuit, num_qubits: 14, (original: 14)
Transpiled circuit depth: 22391 (original: 5)
Transpiled circuit gates: 22495 (original: 19)
============================== Transpiled Circuit saved ==============================
Time elapsed for running the circuit:  0 min 1.84 sec
total_qubits: 14, nq:5

Time elapsed for extracting shots-based hhl counts solution:  0 min 0.00 sec

[HHL info]: linear system residual (e=||Ax-b||_2): 0.5627275995622391
[HHL info]: Fidelity(true_sol, hhl_sol): 0.9106527523942526
[HHL info]: L2 error (absolute): 0.07192110853231443
[HHL info]: L2 error (relative): 0.7120697424218227
[HHL info]: L2 error (normalized): 0.3023862586058563

========================================================================================
 Compare system solutions using LU of A, LU sol of A_herm, HHL of Ax=b hermition system
LU sol 	    Herm LU sol    HHL sol    L1_diff(%)
 1.069e-02   1.069e-02   0.000e+00  1.000e+02
-4.574e-03  -4.574e-03  -0.000e+00  1.000e+02
-1.019e-03  -1.019e-03  -0.000e+00  1.000e+02
-1.415e-02  -1.415e-02  -0.000e+00  1.000e+02
-2.842e-02  -2.842e-02  -9.837e-03  6.539e+01
-3.337e-02  -3.337e-02  -1.205e-02  6.390e+01
-1.283e-03  -1.283e-03  -0.000e+00  1.000e+02
-2.315e-02  -2.315e-02  -9.837e-03  5.751e+01
-1.970e-02  -1.970e-02  -0.000e+00  1.000e+02
-2.083e-02  -2.083e-02  -6.956e-03  6.661e+01
-4.520e-02  -4.520e-02  -1.205e-02  7.335e+01
-3.490e-02  -3.490e-02  -1.205e-02  6.548e+01
-2.416e-02  -2.416e-02  -6.956e-03  7.121e+01
-2.739e-02  -2.739e-02  -6.956e-03  7.461e+01
-4.459e-02  -4.459e-02  -1.391e-02  6.880e+01
========================================================================================

step: 14/15 res:0.7006157445905885, res/res0:0.05661372826749752  dq_norm: [0.00983709 0.01967417 0.02199639]
Completed: 14 steps in 199.94s
Saved metadata to /lustre/orion/stf006/scratch/4klornl/fvm_euler_1d_solver/output_parallel_shots/trials2/statevector/shots_1000/trial_1/metadata_nelem5_HHL_statevector_nshots1000.pkl

Solution summary:
  x/L: [0.1000, 0.9000]
  Mach: [1.5417, 2.1277]
  p/p_in: [0.9693, 0.3774]
  rho/rho_in: [0.9767, 0.5007]
Saved combined plot to /lustre/orion/stf006/scratch/4klornl/fvm_euler_1d_solver/output_parallel_shots/trials2/statevector/shots_1000/trial_1/solution_plot_nelem5_HHL_statevector_nshots1000.png
