
------------------------------------------------------------
Using ideal local simulator with 'statevector' method
Backend: aer_simulator_statevector
Shots: 1000
------------------------------------------------------------

A info: before HHL prepare:
Spectral radius (A): 2.241e+01, lambda_min:2.3074021727489433
condition number(A): 9.710e+00, norm2_cond:95.97789014324577
det(A): 9.333e+14
--------------------------------------------------------------------------------

A_hhl info: after scaling by spectral radius:
Spectral radius (A): 1.000e+00, lambda_min:0.1029832130561069
condition number(A): 9.710e+00, norm2_cond:95.9778901432457
det(A): 5.184e-06, nnz: 10 non zeros per row
--------------------------------------------------------------------------------

Size of A & B are not power of 2:
Next 2 power of 15 = 16
Value to be padded = 1
--------------------------------------------------

==================== Print (N)^2 padded matrix system =======================
Padded shape of A: (15, 15)x(15, 15) -> (16, 16)x(16, 16)
Padded shape of B: (15,) -> (16,)
Determinant of padded matrix: 5.183984510966138e-06
Condition # of padded matrix: 95.9778901432457


Matrix is not Hermitian. Making it Hermitian.......

==================== Print Hermitian matrix system info =======================
Shape of hermitian A: 16x16 -> 32x32
Shape of           B: 16 -> 32
Determinant of Hermitian matrix: 2.6873695409936828e-11
Condition # of Hermitian matrix: 95.9778901432459

=================================== Generating HHL circuit ===================================
Time elapsed for generating HHL circuit: 0 min 8.67 sec

Generated circuit: num_qubits=14, gates=19, depth=5
============================== Generated Circuit saved ==============================

============================== Transpiling circuit ==============================
This is using the AerSimulator('aer_simulator_statevector') transpiler.
Time elapsed for transpiling the circuit:  0 min 1.66 sec
Transpiled circuit, num_qubits: 14, (original: 14)
Transpiled circuit depth: 22395 (original: 5)
Transpiled circuit gates: 22499 (original: 19)
============================== Transpiled Circuit saved ==============================
Time elapsed for running the circuit:  0 min 1.81 sec
total_qubits: 14, nq:5

Time elapsed for extracting shots-based hhl counts solution:  0 min 0.00 sec

[HHL info]: linear system residual (e=||Ax-b||_2): 9.534476118819608
[HHL info]: Fidelity(true_sol, hhl_sol): 0.7787297079403903
[HHL info]: L2 error (absolute): 2.0430759935152323
[HHL info]: L2 error (relative): 0.7554123090189927
[HHL info]: L2 error (normalized): 0.4848574381642388

========================================================================================
 Compare system solutions using LU of A, LU sol of A_herm, HHL of Ax=b hermition system
LU sol 	    Herm LU sol    HHL sol    L1_diff(%)
-1.705e-02  -1.705e-02  -0.000e+00  1.000e+02
-7.527e-03  -7.527e-03  -0.000e+00  1.000e+02
-3.946e-02  -3.946e-02  -0.000e+00  1.000e+02
-1.283e-01  -1.283e-01  -0.000e+00  1.000e+02
-6.877e-02  -6.877e-02  -0.000e+00  1.000e+02
-2.800e-01  -2.800e-01  -0.000e+00  1.000e+02
-4.114e-01  -4.114e-01  -0.000e+00  1.000e+02
-4.227e-01  -4.227e-01  -0.000e+00  1.000e+02
-1.109e+00  -1.109e+00  -3.360e-01  6.971e+01
-5.252e-01  -5.252e-01  -0.000e+00  1.000e+02
-5.558e-01  -5.558e-01  -0.000e+00  1.000e+02
-1.428e+00  -1.428e+00  -4.752e-01  6.672e+01
-5.637e-01  -5.637e-01  -0.000e+00  1.000e+02
-5.958e-01  -5.958e-01  -3.360e-01  4.360e+01
-1.529e+00  -1.529e+00  -4.115e-01  7.309e+01
========================================================================================

step: 0/15 res:12.375368413827264, res/res0:1.0  dq_norm: [0.         0.33602489 0.71281643]

A info: before HHL prepare:
Spectral radius (A): 2.177e+01, lambda_min:0.13558362774441166
condition number(A): 1.606e+02, norm2_cond:1053.4043221988645
det(A): 2.483e+13
--------------------------------------------------------------------------------

A_hhl info: after scaling by spectral radius:
Spectral radius (A): 1.000e+00, lambda_min:0.006227161544466619
condition number(A): 1.606e+02, norm2_cond:1053.4043221988766
det(A): 2.119e-07, nnz: 10 non zeros per row
--------------------------------------------------------------------------------

Size of A & B are not power of 2:
Next 2 power of 15 = 16
Value to be padded = 1
--------------------------------------------------

==================== Print (N)^2 padded matrix system =======================
Padded shape of A: (15, 15)x(15, 15) -> (16, 16)x(16, 16)
Padded shape of B: (15,) -> (16,)
Determinant of padded matrix: 2.1191810421220752e-07
Condition # of padded matrix: 1053.4043221988766


Matrix is not Hermitian. Making it Hermitian.......

==================== Print Hermitian matrix system info =======================
Shape of hermitian A: 16x16 -> 32x32
Shape of           B: 16 -> 32
Determinant of Hermitian matrix: 4.490928289289652e-14
Condition # of Hermitian matrix: 1053.4043221988807

=================================== Generating HHL circuit ===================================
Time elapsed for generating HHL circuit: 0 min 13.61 sec

Generated circuit: num_qubits=18, gates=23, depth=5
============================== Generated Circuit saved ==============================

============================== Transpiling circuit ==============================
This is using the AerSimulator('aer_simulator_statevector') transpiler.
Time elapsed for transpiling the circuit:  0 min 3.68 sec
Transpiled circuit, num_qubits: 18, (original: 18)
Transpiled circuit depth: 44701 (original: 5)
Transpiled circuit gates: 44901 (original: 23)
============================== Transpiled Circuit saved ==============================
Time elapsed for running the circuit:  0 min 21.39 sec
total_qubits: 18, nq:5

Time elapsed for extracting shots-based hhl counts solution:  0 min 0.00 sec

[HHL info]: linear system residual (e=||Ax-b||_2): 8.005971083584907
[HHL info]: Fidelity(true_sol, hhl_sol): 0.14786995293181784
[HHL info]: L2 error (absolute): 13.037944136871788
[HHL info]: L2 error (relative): 0.993245993790835
[HHL info]: L2 error (normalized): 1.1094695818641442

========================================================================================
 Compare system solutions using LU of A, LU sol of A_herm, HHL of Ax=b hermition system
LU sol 	    Herm LU sol    HHL sol    L1_diff(%)
 1.507e-01   1.507e-01   0.000e+00  1.000e+02
 8.528e-02   8.528e-02   0.000e+00  1.000e+02
 3.175e-01   3.175e-01   0.000e+00  1.000e+02
 4.077e-01   4.077e-01   0.000e+00  1.000e+02
 2.456e-01   2.456e-01   0.000e+00  1.000e+02
 7.938e-01   7.938e-01   0.000e+00  1.000e+02
-2.238e-01  -2.238e-01  -0.000e+00  1.000e+02
-4.068e-01  -4.068e-01  -0.000e+00  1.000e+02
-3.084e-01  -3.084e-01  -0.000e+00  1.000e+02
-2.626e+00  -2.626e+00  -0.000e+00  1.000e+02
-1.538e+00  -1.538e+00  -0.000e+00  1.000e+02
-4.651e+00  -4.651e+00  -0.000e+00  1.000e+02
-5.048e+00  -5.048e+00  -2.353e-01  9.534e+01
-4.706e-01  -4.706e-01  -0.000e+00  1.000e+02
-1.070e+01  -1.070e+01  -0.000e+00  1.000e+02
========================================================================================

step: 1/15 res:9.077744601307707, res/res0:0.7335332814144707  dq_norm: [0.23525838 0.         0.        ]

A info: before HHL prepare:
Spectral radius (A): 2.196e+01, lambda_min:2.0160200511839963
condition number(A): 1.089e+01, norm2_cond:126.37671086941
det(A): 6.954e+14
--------------------------------------------------------------------------------

A_hhl info: after scaling by spectral radius:
Spectral radius (A): 1.000e+00, lambda_min:0.09181369554768869
condition number(A): 1.089e+01, norm2_cond:126.37671086941046
det(A): 5.229e-06, nnz: 11 non zeros per row
--------------------------------------------------------------------------------

Size of A & B are not power of 2:
Next 2 power of 15 = 16
Value to be padded = 1
--------------------------------------------------

==================== Print (N)^2 padded matrix system =======================
Padded shape of A: (15, 15)x(15, 15) -> (16, 16)x(16, 16)
Padded shape of B: (15,) -> (16,)
Determinant of padded matrix: 5.229360547883945e-06
Condition # of padded matrix: 126.37671086941046


Matrix is not Hermitian. Making it Hermitian.......

==================== Print Hermitian matrix system info =======================
Shape of hermitian A: 16x16 -> 32x32
Shape of           B: 16 -> 32
Determinant of Hermitian matrix: 2.7346211739764978e-11
Condition # of Hermitian matrix: 126.37671086941016

=================================== Generating HHL circuit ===================================
Time elapsed for generating HHL circuit: 0 min 8.67 sec

Generated circuit: num_qubits=14, gates=19, depth=5
============================== Generated Circuit saved ==============================

============================== Transpiling circuit ==============================
This is using the AerSimulator('aer_simulator_statevector') transpiler.
Time elapsed for transpiling the circuit:  0 min 1.63 sec
Transpiled circuit, num_qubits: 14, (original: 14)
Transpiled circuit depth: 22395 (original: 5)
Transpiled circuit gates: 22499 (original: 19)
============================== Transpiled Circuit saved ==============================
Time elapsed for running the circuit:  0 min 1.94 sec
total_qubits: 14, nq:5

Time elapsed for extracting shots-based hhl counts solution:  0 min 0.00 sec

[HHL info]: linear system residual (e=||Ax-b||_2): 8.19432611820263
[HHL info]: Fidelity(true_sol, hhl_sol): 0.7465886656784526
[HHL info]: L2 error (absolute): 2.0881276932913355
[HHL info]: L2 error (relative): 0.993158858831601
[HHL info]: L2 error (normalized): 0.5214333623633339

========================================================================================
 Compare system solutions using LU of A, LU sol of A_herm, HHL of Ax=b hermition system
LU sol 	    Herm LU sol    HHL sol    L1_diff(%)
-1.068e-02  -1.068e-02  -0.000e+00  1.000e+02
-2.817e-03  -2.817e-03  -0.000e+00  1.000e+02
-2.791e-02  -2.791e-02  -0.000e+00  1.000e+02
-1.081e-01  -1.081e-01  -0.000e+00  1.000e+02
-6.043e-02  -6.043e-02  -0.000e+00  1.000e+02
-2.367e-01  -2.367e-01  -0.000e+00  1.000e+02
-3.969e-01  -3.969e-01  -7.106e-03  9.821e+01
-4.231e-01  -4.231e-01  -0.000e+00  1.000e+02
-6.911e-01  -6.911e-01  -7.106e-03  9.897e+01
-5.557e-01  -5.557e-01  -5.025e-03  9.910e+01
-5.762e-01  -5.762e-01  -0.000e+00  1.000e+02
-9.483e-01  -9.483e-01  -5.025e-03  9.947e+01
-3.813e-01  -3.813e-01  -0.000e+00  1.000e+02
-2.637e-01  -2.637e-01  -0.000e+00  1.000e+02
-1.334e+00  -1.334e+00  -1.124e-02  9.916e+01
========================================================================================

step: 2/15 res:8.19743623799203, res/res0:0.6623993697701038  dq_norm: [0.0087036  0.         0.01421292]

A info: before HHL prepare:
Spectral radius (A): 2.201e+01, lambda_min:2.0367786889658626
condition number(A): 1.080e+01, norm2_cond:125.03581353511662
det(A): 7.204e+14
--------------------------------------------------------------------------------

A_hhl info: after scaling by spectral radius:
Spectral radius (A): 1.000e+00, lambda_min:0.09255231596002447
condition number(A): 1.080e+01, norm2_cond:125.0358135351165
det(A): 5.238e-06, nnz: 11 non zeros per row
--------------------------------------------------------------------------------

Size of A & B are not power of 2:
Next 2 power of 15 = 16
Value to be padded = 1
--------------------------------------------------

==================== Print (N)^2 padded matrix system =======================
Padded shape of A: (15, 15)x(15, 15) -> (16, 16)x(16, 16)
Padded shape of B: (15,) -> (16,)
Determinant of padded matrix: 5.2383677008773794e-06
Condition # of padded matrix: 125.0358135351165


Matrix is not Hermitian. Making it Hermitian.......

==================== Print Hermitian matrix system info =======================
Shape of hermitian A: 16x16 -> 32x32
Shape of           B: 16 -> 32
Determinant of Hermitian matrix: 2.7440496169595167e-11
Condition # of Hermitian matrix: 125.03581353511669

=================================== Generating HHL circuit ===================================
Time elapsed for generating HHL circuit: 0 min 8.86 sec

Generated circuit: num_qubits=14, gates=19, depth=5
============================== Generated Circuit saved ==============================

============================== Transpiling circuit ==============================
This is using the AerSimulator('aer_simulator_statevector') transpiler.
Time elapsed for transpiling the circuit:  0 min 1.68 sec
Transpiled circuit, num_qubits: 14, (original: 14)
Transpiled circuit depth: 22395 (original: 5)
Transpiled circuit gates: 22499 (original: 19)
============================== Transpiled Circuit saved ==============================
Time elapsed for running the circuit:  0 min 1.93 sec
total_qubits: 14, nq:5

Time elapsed for extracting shots-based hhl counts solution:  0 min 0.00 sec

[HHL info]: linear system residual (e=||Ax-b||_2): 8.186106057923887
[HHL info]: Fidelity(true_sol, hhl_sol): 0.8417207588753982
[HHL info]: L2 error (absolute): 2.0381659576454747
[HHL info]: L2 error (relative): 0.978359854084489
[HHL info]: L2 error (normalized): 0.40631660156001587

========================================================================================
 Compare system solutions using LU of A, LU sol of A_herm, HHL of Ax=b hermition system
LU sol 	    Herm LU sol    HHL sol    L1_diff(%)
-1.058e-02  -1.058e-02  -0.000e+00  1.000e+02
-2.742e-03  -2.742e-03  -0.000e+00  1.000e+02
-2.767e-02  -2.767e-02  -0.000e+00  1.000e+02
-1.072e-01  -1.072e-01  -0.000e+00  1.000e+02
-6.005e-02  -6.005e-02  -0.000e+00  1.000e+02
-2.348e-01  -2.348e-01  -1.271e-02  9.458e+01
-3.877e-01  -3.877e-01  -0.000e+00  1.000e+02
-4.230e-01  -4.230e-01  -0.000e+00  1.000e+02
-6.822e-01  -6.822e-01  -1.271e-02  9.814e+01
-5.491e-01  -5.491e-01  -1.271e-02  9.768e+01
-5.765e-01  -5.765e-01  -1.271e-02  9.779e+01
-9.410e-01  -9.410e-01  -1.798e-02  9.809e+01
-3.811e-01  -3.811e-01  -1.798e-02  9.528e+01
-2.637e-01  -2.637e-01  -0.000e+00  1.000e+02
-1.319e+00  -1.319e+00  -3.364e-02  9.745e+01
========================================================================================

step: 3/15 res:8.194712393934793, res/res0:0.6621792677120356  dq_norm: [0.02202105 0.01271386 0.04216711]

A info: before HHL prepare:
Spectral radius (A): 2.202e+01, lambda_min:2.287146851129716
condition number(A): 9.627e+00, norm2_cond:114.08248101312006
det(A): 8.937e+14
--------------------------------------------------------------------------------

A_hhl info: after scaling by spectral radius:
Spectral radius (A): 1.000e+00, lambda_min:0.10386979910562372
condition number(A): 9.627e+00, norm2_cond:114.08248101311982
det(A): 6.443e-06, nnz: 12 non zeros per row
--------------------------------------------------------------------------------

Size of A & B are not power of 2:
Next 2 power of 15 = 16
Value to be padded = 1
--------------------------------------------------

==================== Print (N)^2 padded matrix system =======================
Padded shape of A: (15, 15)x(15, 15) -> (16, 16)x(16, 16)
Padded shape of B: (15,) -> (16,)
Determinant of padded matrix: 6.44313534622521e-06
Condition # of padded matrix: 114.08248101311982


Matrix is not Hermitian. Making it Hermitian.......

==================== Print Hermitian matrix system info =======================
Shape of hermitian A: 16x16 -> 32x32
Shape of           B: 16 -> 32
Determinant of Hermitian matrix: 4.151399308977651e-11
Condition # of Hermitian matrix: 114.08248101312016

=================================== Generating HHL circuit ===================================
Time elapsed for generating HHL circuit: 0 min 8.99 sec

Generated circuit: num_qubits=14, gates=19, depth=5
============================== Generated Circuit saved ==============================

============================== Transpiling circuit ==============================
This is using the AerSimulator('aer_simulator_statevector') transpiler.
Time elapsed for transpiling the circuit:  0 min 1.73 sec
Transpiled circuit, num_qubits: 14, (original: 14)
Transpiled circuit depth: 22393 (original: 5)
Transpiled circuit gates: 22497 (original: 19)
============================== Transpiled Circuit saved ==============================
Time elapsed for running the circuit:  0 min 1.93 sec
total_qubits: 14, nq:5

Time elapsed for extracting shots-based hhl counts solution:  0 min 0.00 sec

[HHL info]: linear system residual (e=||Ax-b||_2): 6.200946021807352
[HHL info]: Fidelity(true_sol, hhl_sol): 0.7610554776475721
[HHL info]: L2 error (absolute): 1.5115120321930315
[HHL info]: L2 error (relative): 0.772663306064404
[HHL info]: L2 error (normalized): 0.5052030549719762

========================================================================================
 Compare system solutions using LU of A, LU sol of A_herm, HHL of Ax=b hermition system
LU sol 	    Herm LU sol    HHL sol    L1_diff(%)
-1.179e-02  -1.179e-02  -0.000e+00  1.000e+02
-3.567e-03  -3.567e-03  -0.000e+00  1.000e+02
-3.020e-02  -3.020e-02  -0.000e+00  1.000e+02
-1.111e-01  -1.111e-01  -0.000e+00  1.000e+02
-6.252e-02  -6.252e-02  -0.000e+00  1.000e+02
-2.285e-01  -2.285e-01  -0.000e+00  1.000e+02
-3.884e-01  -3.884e-01  -0.000e+00  1.000e+02
-4.224e-01  -4.224e-01  -0.000e+00  1.000e+02
-6.705e-01  -6.705e-01  -2.188e-01  6.736e+01
-5.191e-01  -5.191e-01  -0.000e+00  1.000e+02
-5.567e-01  -5.567e-01  -1.547e-01  7.221e+01
-8.953e-01  -8.953e-01  -1.547e-01  8.272e+01
-3.318e-01  -3.318e-01  -1.547e-01  5.337e+01
-2.624e-01  -2.624e-01  -1.547e-01  4.104e+01
-1.191e+00  -1.191e+00  -3.790e-01  6.818e+01
========================================================================================

step: 4/15 res:8.185448541936072, res/res0:0.6614306958967213  dq_norm: [0.15473262 0.21882497 0.46419786]

A info: before HHL prepare:
Spectral radius (A): 2.170e+01, lambda_min:2.7661593048895137
condition number(A): 7.846e+00, norm2_cond:96.20425394910376
det(A): 1.587e+15
--------------------------------------------------------------------------------

A_hhl info: after scaling by spectral radius:
Spectral radius (A): 1.000e+00, lambda_min:0.12745869628495848
condition number(A): 7.846e+00, norm2_cond:96.20425394910363
det(A): 1.423e-05, nnz: 11 non zeros per row
--------------------------------------------------------------------------------

Size of A & B are not power of 2:
Next 2 power of 15 = 16
Value to be padded = 1
--------------------------------------------------

==================== Print (N)^2 padded matrix system =======================
Padded shape of A: (15, 15)x(15, 15) -> (16, 16)x(16, 16)
Padded shape of B: (15,) -> (16,)
Determinant of padded matrix: 1.4225902693890562e-05
Condition # of padded matrix: 96.20425394910363


Matrix is not Hermitian. Making it Hermitian.......

==================== Print Hermitian matrix system info =======================
Shape of hermitian A: 16x16 -> 32x32
Shape of           B: 16 -> 32
Determinant of Hermitian matrix: 2.023763074560442e-10
Condition # of Hermitian matrix: 96.20425394910384

=================================== Generating HHL circuit ===================================
Time elapsed for generating HHL circuit: 0 min 8.86 sec

Generated circuit: num_qubits=14, gates=19, depth=5
============================== Generated Circuit saved ==============================

============================== Transpiling circuit ==============================
This is using the AerSimulator('aer_simulator_statevector') transpiler.
Time elapsed for transpiling the circuit:  0 min 1.95 sec
Transpiled circuit, num_qubits: 14, (original: 14)
Transpiled circuit depth: 22395 (original: 5)
Transpiled circuit gates: 22499 (original: 19)
============================== Transpiled Circuit saved ==============================
Time elapsed for running the circuit:  0 min 1.94 sec
total_qubits: 14, nq:5

Time elapsed for extracting shots-based hhl counts solution:  0 min 0.00 sec

[HHL info]: linear system residual (e=||Ax-b||_2): 4.857263594893234
[HHL info]: Fidelity(true_sol, hhl_sol): 0.8223609471340823
[HHL info]: L2 error (absolute): 0.9752752263691209
[HHL info]: L2 error (relative): 0.7089568815544569
[HHL info]: L2 error (normalized): 0.43164524370402657

========================================================================================
 Compare system solutions using LU of A, LU sol of A_herm, HHL of Ax=b hermition system
LU sol 	    Herm LU sol    HHL sol    L1_diff(%)
-1.048e-02  -1.048e-02  -0.000e+00  1.000e+02
-1.195e-03  -1.195e-03  -0.000e+00  1.000e+02
-2.766e-02  -2.766e-02  -0.000e+00  1.000e+02
-1.161e-01  -1.161e-01  -0.000e+00  1.000e+02
-7.027e-02  -7.027e-02  -0.000e+00  1.000e+02
-2.428e-01  -2.428e-01  -0.000e+00  1.000e+02
-4.013e-01  -4.013e-01  -0.000e+00  1.000e+02
-4.259e-01  -4.259e-01  -1.397e-01  6.720e+01
-4.336e-01  -4.336e-01  -1.397e-01  6.778e+01
-5.079e-01  -5.079e-01  -1.975e-01  6.111e+01
-3.836e-01  -3.836e-01  -1.975e-01  4.851e+01
-7.164e-01  -7.164e-01  -2.794e-01  6.100e+01
-1.145e-01  -1.145e-01  -0.000e+00  1.000e+02
-1.040e-01  -1.040e-01  -0.000e+00  1.000e+02
-5.844e-01  -5.844e-01  -1.397e-01  7.610e+01
========================================================================================

step: 5/15 res:6.311074128201586, res/res0:0.5099706058972828  dq_norm: [0.19754217 0.24193876 0.34215308]

A info: before HHL prepare:
Spectral radius (A): 2.147e+01, lambda_min:2.7646688828098833
condition number(A): 7.764e+00, norm2_cond:80.74853151853873
det(A): 1.379e+15
--------------------------------------------------------------------------------

A_hhl info: after scaling by spectral radius:
Spectral radius (A): 1.000e+00, lambda_min:0.12879244820022953
condition number(A): 7.764e+00, norm2_cond:80.74853151853875
det(A): 1.457e-05, nnz: 13 non zeros per row
--------------------------------------------------------------------------------

Size of A & B are not power of 2:
Next 2 power of 15 = 16
Value to be padded = 1
--------------------------------------------------

==================== Print (N)^2 padded matrix system =======================
Padded shape of A: (15, 15)x(15, 15) -> (16, 16)x(16, 16)
Padded shape of B: (15,) -> (16,)
Determinant of padded matrix: 1.456546586529724e-05
Condition # of padded matrix: 80.74853151853875


Matrix is not Hermitian. Making it Hermitian.......

==================== Print Hermitian matrix system info =======================
Shape of hermitian A: 16x16 -> 32x32
Shape of           B: 16 -> 32
Determinant of Hermitian matrix: 2.1215279587313908e-10
Condition # of Hermitian matrix: 80.74853151853878

=================================== Generating HHL circuit ===================================
Time elapsed for generating HHL circuit: 0 min 8.88 sec

Generated circuit: num_qubits=14, gates=19, depth=5
============================== Generated Circuit saved ==============================

============================== Transpiling circuit ==============================
This is using the AerSimulator('aer_simulator_statevector') transpiler.
Time elapsed for transpiling the circuit:  0 min 1.69 sec
Transpiled circuit, num_qubits: 14, (original: 14)
Transpiled circuit depth: 22399 (original: 5)
Transpiled circuit gates: 22503 (original: 19)
============================== Transpiled Circuit saved ==============================
Time elapsed for running the circuit:  0 min 1.93 sec
total_qubits: 14, nq:5

Time elapsed for extracting shots-based hhl counts solution:  0 min 0.00 sec

[HHL info]: linear system residual (e=||Ax-b||_2): 4.0114912205593765
[HHL info]: Fidelity(true_sol, hhl_sol): 0.679937114377481
[HHL info]: L2 error (absolute): 0.7016365464829778
[HHL info]: L2 error (relative): 0.7037012345204608
[HHL info]: L2 error (normalized): 0.5923124273007814

========================================================================================
 Compare system solutions using LU of A, LU sol of A_herm, HHL of Ax=b hermition system
LU sol 	    Herm LU sol    HHL sol    L1_diff(%)
-1.414e-02  -1.414e-02  -0.000e+00  1.000e+02
-4.672e-03  -4.672e-03  -0.000e+00  1.000e+02
-3.730e-02  -3.730e-02  -0.000e+00  1.000e+02
-1.320e-01  -1.320e-01  -0.000e+00  1.000e+02
-7.522e-02  -7.522e-02  -0.000e+00  1.000e+02
-2.644e-01  -2.644e-01  -1.123e-01  5.752e+01
-4.257e-01  -4.257e-01  -1.945e-01  5.431e+01
-2.861e-01  -2.861e-01  -1.945e-01  3.203e+01
-3.055e-01  -3.055e-01  -1.588e-01  4.802e+01
-2.988e-01  -2.988e-01  -1.588e-01  4.685e+01
-1.880e-01  -1.880e-01  -1.123e-01  4.025e+01
-4.244e-01  -4.244e-01  -1.123e-01  7.354e+01
-1.176e-01  -1.176e-01  -0.000e+00  1.000e+02
-1.052e-01  -1.052e-01  -0.000e+00  1.000e+02
-4.620e-01  -4.620e-01  -0.000e+00  1.000e+02
========================================================================================

step: 6/15 res:4.915806941344759, res/res0:0.39722509883844936  dq_norm: [0.25111024 0.22459983 0.22459983]

A info: before HHL prepare:
Spectral radius (A): 2.227e+01, lambda_min:2.8651743219210437
condition number(A): 7.771e+00, norm2_cond:82.91418352023817
det(A): 2.085e+15
--------------------------------------------------------------------------------

A_hhl info: after scaling by spectral radius:
Spectral radius (A): 1.000e+00, lambda_min:0.12868407868457574
condition number(A): 7.771e+00, norm2_cond:82.91418352023832
det(A): 1.272e-05, nnz: 13 non zeros per row
--------------------------------------------------------------------------------

Size of A & B are not power of 2:
Next 2 power of 15 = 16
Value to be padded = 1
--------------------------------------------------

==================== Print (N)^2 padded matrix system =======================
Padded shape of A: (15, 15)x(15, 15) -> (16, 16)x(16, 16)
Padded shape of B: (15,) -> (16,)
Determinant of padded matrix: 1.2723702981029365e-05
Condition # of padded matrix: 82.91418352023832


Matrix is not Hermitian. Making it Hermitian.......

==================== Print Hermitian matrix system info =======================
Shape of hermitian A: 16x16 -> 32x32
Shape of           B: 16 -> 32
Determinant of Hermitian matrix: 1.6189261754945612e-10
Condition # of Hermitian matrix: 82.91418352023825

=================================== Generating HHL circuit ===================================
Time elapsed for generating HHL circuit: 0 min 8.89 sec

Generated circuit: num_qubits=14, gates=19, depth=5
============================== Generated Circuit saved ==============================

============================== Transpiling circuit ==============================
This is using the AerSimulator('aer_simulator_statevector') transpiler.
Time elapsed for transpiling the circuit:  0 min 1.69 sec
Transpiled circuit, num_qubits: 14, (original: 14)
Transpiled circuit depth: 22393 (original: 5)
Transpiled circuit gates: 22497 (original: 19)
============================== Transpiled Circuit saved ==============================
Time elapsed for running the circuit:  0 min 1.91 sec
total_qubits: 14, nq:5

Time elapsed for extracting shots-based hhl counts solution:  0 min 0.00 sec

[HHL info]: linear system residual (e=||Ax-b||_2): 3.36003111456187
[HHL info]: Fidelity(true_sol, hhl_sol): 0.8547358644367185
[HHL info]: L2 error (absolute): 0.5380729187243787
[HHL info]: L2 error (relative): 0.7664827882636609
[HHL info]: L2 error (normalized): 0.38853761398910236

========================================================================================
 Compare system solutions using LU of A, LU sol of A_herm, HHL of Ax=b hermition system
LU sol 	    Herm LU sol    HHL sol    L1_diff(%)
-1.607e-02  -1.607e-02  -0.000e+00  1.000e+02
-7.510e-03  -7.510e-03  -0.000e+00  1.000e+02
-3.825e-02  -3.825e-02  -0.000e+00  1.000e+02
-1.296e-01  -1.296e-01  -0.000e+00  1.000e+02
-7.485e-02  -7.485e-02  -0.000e+00  1.000e+02
-1.395e-01  -1.395e-01  -4.704e-02  6.627e+01
-2.022e-01  -2.022e-01  -8.147e-02  5.971e+01
-8.669e-02  -8.669e-02  -0.000e+00  1.000e+02
-1.768e-01  -1.768e-01  -4.704e-02  7.340e+01
-1.232e-01  -1.232e-01  -4.704e-02  6.182e+01
-7.849e-02  -7.849e-02  -0.000e+00  1.000e+02
-3.097e-01  -3.097e-01  -6.652e-02  7.852e+01
-1.195e-01  -1.195e-01  -4.704e-02  6.064e+01
-1.059e-01  -1.059e-01  -0.000e+00  1.000e+02
-4.762e-01  -4.762e-01  -1.152e-01  7.580e+01
========================================================================================

step: 7/15 res:3.8595696013203145, res/res0:0.31187512745139245  dq_norm: [0.10518147 0.         0.14874906]

A info: before HHL prepare:
Spectral radius (A): 2.322e+01, lambda_min:3.5829655981780517
condition number(A): 6.482e+00, norm2_cond:73.79156125066712
det(A): 5.579e+15
--------------------------------------------------------------------------------

A_hhl info: after scaling by spectral radius:
Spectral radius (A): 1.000e+00, lambda_min:0.15427634316243793
condition number(A): 6.482e+00, norm2_cond:73.79156125066706
det(A): 1.809e-05, nnz: 11 non zeros per row
--------------------------------------------------------------------------------

Size of A & B are not power of 2:
Next 2 power of 15 = 16
Value to be padded = 1
--------------------------------------------------

==================== Print (N)^2 padded matrix system =======================
Padded shape of A: (15, 15)x(15, 15) -> (16, 16)x(16, 16)
Padded shape of B: (15,) -> (16,)
Determinant of padded matrix: 1.8087844393865452e-05
Condition # of padded matrix: 73.79156125066706


Matrix is not Hermitian. Making it Hermitian.......

==================== Print Hermitian matrix system info =======================
Shape of hermitian A: 16x16 -> 32x32
Shape of           B: 16 -> 32
Determinant of Hermitian matrix: 3.2717011481668986e-10
Condition # of Hermitian matrix: 73.79156125066733

=================================== Generating HHL circuit ===================================
Time elapsed for generating HHL circuit: 0 min 8.81 sec

Generated circuit: num_qubits=14, gates=19, depth=5
============================== Generated Circuit saved ==============================

============================== Transpiling circuit ==============================
This is using the AerSimulator('aer_simulator_statevector') transpiler.
Time elapsed for transpiling the circuit:  0 min 1.74 sec
Transpiled circuit, num_qubits: 14, (original: 14)
Transpiled circuit depth: 22395 (original: 5)
Transpiled circuit gates: 22499 (original: 19)
============================== Transpiled Circuit saved ==============================
Time elapsed for running the circuit:  0 min 1.92 sec
total_qubits: 14, nq:5

Time elapsed for extracting shots-based hhl counts solution:  0 min 0.00 sec

[HHL info]: linear system residual (e=||Ax-b||_2): 3.337603529735561
[HHL info]: Fidelity(true_sol, hhl_sol): 0.5431048578542473
[HHL info]: L2 error (absolute): 0.4782328500475875
[HHL info]: L2 error (relative): 0.9921353029790346
[HHL info]: L2 error (normalized): 0.7253185741277894

========================================================================================
 Compare system solutions using LU of A, LU sol of A_herm, HHL of Ax=b hermition system
LU sol 	    Herm LU sol    HHL sol    L1_diff(%)
-1.397e-02  -1.397e-02  -0.000e+00  1.000e+02
-5.598e-03  -5.598e-03  -0.000e+00  1.000e+02
-3.153e-02  -3.153e-02  -0.000e+00  1.000e+02
-1.191e-01  -1.191e-01  -1.720e-03  9.856e+01
-7.091e-02  -7.091e-02  -0.000e+00  1.000e+02
-7.371e-02  -7.371e-02  -0.000e+00  1.000e+02
-1.005e-01  -1.005e-01  -0.000e+00  1.000e+02
-8.704e-02  -8.704e-02  -0.000e+00  1.000e+02
-1.134e-01  -1.134e-01  -2.433e-03  9.785e+01
-6.318e-02  -6.318e-02  -0.000e+00  1.000e+02
-7.740e-02  -7.740e-02  -1.720e-03  9.778e+01
-2.154e-01  -2.154e-01  -0.000e+00  1.000e+02
-6.161e-02  -6.161e-02  -1.720e-03  9.721e+01
-1.050e-01  -1.050e-01  -0.000e+00  1.000e+02
-3.236e-01  -3.236e-01  -3.441e-03  9.894e+01
========================================================================================

step: 8/15 res:3.339855644610663, res/res0:0.26987929029078206  dq_norm: [0.00243309 0.00172045 0.00421423]

A info: before HHL prepare:
Spectral radius (A): 2.323e+01, lambda_min:3.6002910313409004
condition number(A): 6.452e+00, norm2_cond:73.52678993726411
det(A): 5.701e+15
--------------------------------------------------------------------------------

A_hhl info: after scaling by spectral radius:
Spectral radius (A): 1.000e+00, lambda_min:0.15499142554119708
condition number(A): 6.452e+00, norm2_cond:73.52678993726397
det(A): 1.843e-05, nnz: 11 non zeros per row
--------------------------------------------------------------------------------

Size of A & B are not power of 2:
Next 2 power of 15 = 16
Value to be padded = 1
--------------------------------------------------

==================== Print (N)^2 padded matrix system =======================
Padded shape of A: (15, 15)x(15, 15) -> (16, 16)x(16, 16)
Padded shape of B: (15,) -> (16,)
Determinant of padded matrix: 1.842759511160496e-05
Condition # of padded matrix: 73.52678993726397


Matrix is not Hermitian. Making it Hermitian.......

==================== Print Hermitian matrix system info =======================
Shape of hermitian A: 16x16 -> 32x32
Shape of           B: 16 -> 32
Determinant of Hermitian matrix: 3.3957626159724334e-10
Condition # of Hermitian matrix: 73.52678993726408

=================================== Generating HHL circuit ===================================
Time elapsed for generating HHL circuit: 0 min 8.87 sec

Generated circuit: num_qubits=14, gates=19, depth=5
============================== Generated Circuit saved ==============================

============================== Transpiling circuit ==============================
This is using the AerSimulator('aer_simulator_statevector') transpiler.
Time elapsed for transpiling the circuit:  0 min 1.96 sec
Transpiled circuit, num_qubits: 14, (original: 14)
Transpiled circuit depth: 22393 (original: 5)
Transpiled circuit gates: 22497 (original: 19)
============================== Transpiled Circuit saved ==============================
Time elapsed for running the circuit:  0 min 1.92 sec
total_qubits: 14, nq:5

Time elapsed for extracting shots-based hhl counts solution:  0 min 0.00 sec

[HHL info]: linear system residual (e=||Ax-b||_2): 2.3840564642539923
[HHL info]: Fidelity(true_sol, hhl_sol): 0.6915021170556213
[HHL info]: L2 error (absolute): 0.36587852916971025
[HHL info]: L2 error (relative): 0.7661338229496947
[HHL info]: L2 error (normalized): 0.5804031995892456

========================================================================================
 Compare system solutions using LU of A, LU sol of A_herm, HHL of Ax=b hermition system
LU sol 	    Herm LU sol    HHL sol    L1_diff(%)
-1.391e-02  -1.391e-02  -0.000e+00  1.000e+02
-5.566e-03  -5.566e-03  -0.000e+00  1.000e+02
-3.144e-02  -3.144e-02  -0.000e+00  1.000e+02
-1.172e-01  -1.172e-01  -4.837e-02  5.873e+01
-7.098e-02  -7.098e-02  -0.000e+00  1.000e+02
-7.386e-02  -7.386e-02  -0.000e+00  1.000e+02
-1.005e-01  -1.005e-01  -0.000e+00  1.000e+02
-8.700e-02  -8.700e-02  -0.000e+00  1.000e+02
-1.109e-01  -1.109e-01  -0.000e+00  1.000e+02
-6.310e-02  -6.310e-02  -3.420e-02  4.580e+01
-7.566e-02  -7.566e-02  -0.000e+00  1.000e+02
-2.153e-01  -2.153e-01  -4.837e-02  7.753e+01
-5.977e-02  -5.977e-02  -0.000e+00  1.000e+02
-1.050e-01  -1.050e-01  -0.000e+00  1.000e+02
-3.194e-01  -3.194e-01  -1.233e-01  6.138e+01
========================================================================================

step: 9/15 res:3.3375877984235967, res/res0:0.26969603544848314  dq_norm: [0.05924401 0.         0.13247364]

A info: before HHL prepare:
Spectral radius (A): 2.352e+01, lambda_min:3.9614367434629094
condition number(A): 5.936e+00, norm2_cond:68.0431406491094
det(A): 7.697e+15
--------------------------------------------------------------------------------

A_hhl info: after scaling by spectral radius:
Spectral radius (A): 1.000e+00, lambda_min:0.16845582014640606
condition number(A): 5.936e+00, norm2_cond:68.04314064910939
det(A): 2.069e-05, nnz: 11 non zeros per row
--------------------------------------------------------------------------------

Size of A & B are not power of 2:
Next 2 power of 15 = 16
Value to be padded = 1
--------------------------------------------------

==================== Print (N)^2 padded matrix system =======================
Padded shape of A: (15, 15)x(15, 15) -> (16, 16)x(16, 16)
Padded shape of B: (15,) -> (16,)
Determinant of padded matrix: 2.0692777346369173e-05
Condition # of padded matrix: 68.04314064910939


Matrix is not Hermitian. Making it Hermitian.......

==================== Print Hermitian matrix system info =======================
Shape of hermitian A: 16x16 -> 32x32
Shape of           B: 16 -> 32
Determinant of Hermitian matrix: 4.2819103430641227e-10
Condition # of Hermitian matrix: 68.04314064910953

=================================== Generating HHL circuit ===================================
Time elapsed for generating HHL circuit: 0 min 8.62 sec

Generated circuit: num_qubits=14, gates=19, depth=5
============================== Generated Circuit saved ==============================

============================== Transpiling circuit ==============================
This is using the AerSimulator('aer_simulator_statevector') transpiler.
Time elapsed for transpiling the circuit:  0 min 1.69 sec
Transpiled circuit, num_qubits: 14, (original: 14)
Transpiled circuit depth: 22381 (original: 5)
Transpiled circuit gates: 22485 (original: 19)
============================== Transpiled Circuit saved ==============================
Time elapsed for running the circuit:  0 min 1.91 sec
total_qubits: 14, nq:5

Time elapsed for extracting shots-based hhl counts solution:  0 min 0.00 sec

[HHL info]: linear system residual (e=||Ax-b||_2): 2.24907359133115
[HHL info]: Fidelity(true_sol, hhl_sol): 0.7821230402433438
[HHL info]: L2 error (absolute): 0.3088740714408381
[HHL info]: L2 error (relative): 0.8493605506913167
[HHL info]: L2 error (normalized): 0.48088001678490844

========================================================================================
 Compare system solutions using LU of A, LU sol of A_herm, HHL of Ax=b hermition system
LU sol 	    Herm LU sol    HHL sol    L1_diff(%)
-1.250e-02  -1.250e-02  -0.000e+00  1.000e+02
-4.832e-03  -4.832e-03  -0.000e+00  1.000e+02
-2.920e-02  -2.920e-02  -0.000e+00  1.000e+02
-6.438e-02  -6.438e-02  -0.000e+00  1.000e+02
-7.042e-02  -7.042e-02  -1.641e-02  7.670e+01
-7.418e-02  -7.418e-02  -1.641e-02  7.788e+01
-9.959e-02  -9.959e-02  -1.641e-02  8.352e+01
-8.728e-02  -8.728e-02  -2.842e-02  6.743e+01
-1.109e-01  -1.109e-01  -2.842e-02  7.438e+01
-2.956e-02  -2.956e-02  -0.000e+00  1.000e+02
-7.602e-02  -7.602e-02  -0.000e+00  1.000e+02
-1.640e-01  -1.640e-01  -2.321e-02  8.585e+01
-6.040e-02  -6.040e-02  -0.000e+00  1.000e+02
-1.050e-01  -1.050e-01  -2.321e-02  7.790e+01
-1.963e-01  -1.963e-01  -2.321e-02  8.818e+01
========================================================================================

step: 10/15 res:2.355026528020544, res/res0:0.19029950861012124  dq_norm: [0.01641047 0.04019729 0.04641583]

A info: before HHL prepare:
Spectral radius (A): 2.346e+01, lambda_min:3.8120147793617982
condition number(A): 6.153e+00, norm2_cond:69.17995665569913
det(A): 6.448e+15
--------------------------------------------------------------------------------

A_hhl info: after scaling by spectral radius:
Spectral radius (A): 1.000e+00, lambda_min:0.1625162566449168
condition number(A): 6.153e+00, norm2_cond:69.1799566556992
det(A): 1.801e-05, nnz: 11 non zeros per row
--------------------------------------------------------------------------------

Size of A & B are not power of 2:
Next 2 power of 15 = 16
Value to be padded = 1
--------------------------------------------------

==================== Print (N)^2 padded matrix system =======================
Padded shape of A: (15, 15)x(15, 15) -> (16, 16)x(16, 16)
Padded shape of B: (15,) -> (16,)
Determinant of padded matrix: 1.801169930243976e-05
Condition # of padded matrix: 69.1799566556992


Matrix is not Hermitian. Making it Hermitian.......

==================== Print Hermitian matrix system info =======================
Shape of hermitian A: 16x16 -> 32x32
Shape of           B: 16 -> 32
Determinant of Hermitian matrix: 3.24421311761509e-10
Condition # of Hermitian matrix: 69.17995665569923

=================================== Generating HHL circuit ===================================
Time elapsed for generating HHL circuit: 0 min 8.89 sec

Generated circuit: num_qubits=14, gates=19, depth=5
============================== Generated Circuit saved ==============================

============================== Transpiling circuit ==============================
This is using the AerSimulator('aer_simulator_statevector') transpiler.
Time elapsed for transpiling the circuit:  0 min 1.67 sec
Transpiled circuit, num_qubits: 14, (original: 14)
Transpiled circuit depth: 22393 (original: 5)
Transpiled circuit gates: 22497 (original: 19)
============================== Transpiled Circuit saved ==============================
Time elapsed for running the circuit:  0 min 1.91 sec
total_qubits: 14, nq:5

Time elapsed for extracting shots-based hhl counts solution:  0 min 0.00 sec

[HHL info]: linear system residual (e=||Ax-b||_2): 1.6271427181048463
[HHL info]: Fidelity(true_sol, hhl_sol): 0.5717295474435138
[HHL info]: L2 error (absolute): 0.23257443466831562
[HHL info]: L2 error (relative): 0.7456749336189806
[HHL info]: L2 error (normalized): 0.6983867170371462

========================================================================================
 Compare system solutions using LU of A, LU sol of A_herm, HHL of Ax=b hermition system
LU sol 	    Herm LU sol    HHL sol    L1_diff(%)
-1.288e-02  -1.288e-02  -0.000e+00  1.000e+02
-5.041e-03  -5.041e-03  -0.000e+00  1.000e+02
-2.992e-02  -2.992e-02  -0.000e+00  1.000e+02
-6.521e-02  -6.521e-02  -0.000e+00  1.000e+02
-5.407e-02  -5.407e-02  -0.000e+00  1.000e+02
-5.867e-02  -5.867e-02  -0.000e+00  1.000e+02
-8.305e-02  -8.305e-02  -3.932e-02  5.265e+01
-5.846e-02  -5.846e-02  -3.932e-02  3.273e+01
-8.271e-02  -8.271e-02  -6.811e-02  1.765e+01
-2.968e-02  -2.968e-02  -0.000e+00  1.000e+02
-7.612e-02  -7.612e-02  -0.000e+00  1.000e+02
-1.426e-01  -1.426e-01  -7.865e-02  4.483e+01
-6.148e-02  -6.148e-02  -0.000e+00  1.000e+02
-8.186e-02  -8.186e-02  -0.000e+00  1.000e+02
-1.759e-01  -1.759e-01  -3.932e-02  7.765e+01
========================================================================================

step: 11/15 res:2.250826711743851, res/res0:0.1818795721046134  dq_norm: [0.03932328 0.03932328 0.11122302]

A info: before HHL prepare:
Spectral radius (A): 2.354e+01, lambda_min:3.9543919609326164
condition number(A): 5.953e+00, norm2_cond:66.18212695019385
det(A): 6.816e+15
--------------------------------------------------------------------------------

A_hhl info: after scaling by spectral radius:
Spectral radius (A): 1.000e+00, lambda_min:0.16799151788342698
condition number(A): 5.953e+00, norm2_cond:66.18212695019376
det(A): 1.806e-05, nnz: 13 non zeros per row
--------------------------------------------------------------------------------

Size of A & B are not power of 2:
Next 2 power of 15 = 16
Value to be padded = 1
--------------------------------------------------

==================== Print (N)^2 padded matrix system =======================
Padded shape of A: (15, 15)x(15, 15) -> (16, 16)x(16, 16)
Padded shape of B: (15,) -> (16,)
Determinant of padded matrix: 1.8058175349051813e-05
Condition # of padded matrix: 66.18212695019376


Matrix is not Hermitian. Making it Hermitian.......

==================== Print Hermitian matrix system info =======================
Shape of hermitian A: 16x16 -> 32x32
Shape of           B: 16 -> 32
Determinant of Hermitian matrix: 3.260976969371037e-10
Condition # of Hermitian matrix: 66.18212695019386

=================================== Generating HHL circuit ===================================
Time elapsed for generating HHL circuit: 0 min 8.46 sec

Generated circuit: num_qubits=14, gates=19, depth=5
============================== Generated Circuit saved ==============================

============================== Transpiling circuit ==============================
This is using the AerSimulator('aer_simulator_statevector') transpiler.
Time elapsed for transpiling the circuit:  0 min 1.76 sec
Transpiled circuit, num_qubits: 14, (original: 14)
Transpiled circuit depth: 22395 (original: 5)
Transpiled circuit gates: 22499 (original: 19)
============================== Transpiled Circuit saved ==============================
Time elapsed for running the circuit:  0 min 1.85 sec
total_qubits: 14, nq:5

Time elapsed for extracting shots-based hhl counts solution:  0 min 0.00 sec

[HHL info]: linear system residual (e=||Ax-b||_2): 1.256474846402734
[HHL info]: Fidelity(true_sol, hhl_sol): 0.6591489072141563
[HHL info]: L2 error (absolute): 0.18262016118701774
[HHL info]: L2 error (relative): 0.7891288574783256
[HHL info]: L2 error (normalized): 0.6133842839744854

========================================================================================
 Compare system solutions using LU of A, LU sol of A_herm, HHL of Ax=b hermition system
LU sol 	    Herm LU sol    HHL sol    L1_diff(%)
-1.281e-02  -1.281e-02  -0.000e+00  1.000e+02
-4.737e-03  -4.737e-03  -0.000e+00  1.000e+02
-2.931e-02  -2.931e-02  -1.960e-02  3.312e+01
-6.546e-02  -6.546e-02  -1.960e-02  7.005e+01
-5.491e-02  -5.491e-02  -2.772e-02  4.951e+01
-6.054e-02  -6.054e-02  -0.000e+00  1.000e+02
-4.258e-02  -4.258e-02  -0.000e+00  1.000e+02
-1.891e-02  -1.891e-02  -0.000e+00  1.000e+02
-1.435e-02  -1.435e-02  -0.000e+00  1.000e+02
-2.849e-02  -2.849e-02  -0.000e+00  1.000e+02
-7.568e-02  -7.568e-02  -1.960e-02  7.410e+01
-6.394e-02  -6.394e-02  -0.000e+00  1.000e+02
-6.074e-02  -6.074e-02  -0.000e+00  1.000e+02
-8.173e-02  -8.173e-02  -3.396e-02  5.846e+01
-1.348e-01  -1.348e-01  -3.396e-02  7.481e+01
========================================================================================

step: 12/15 res:1.6309128170053133, res/res0:0.13178701130085627  dq_norm: [0.01960437 0.04802069 0.03920873]

A info: before HHL prepare:
Spectral radius (A): 2.352e+01, lambda_min:3.6909848236525
condition number(A): 6.371e+00, norm2_cond:68.71979457082178
det(A): 5.413e+15
--------------------------------------------------------------------------------

A_hhl info: after scaling by spectral radius:
Spectral radius (A): 1.000e+00, lambda_min:0.1569609440246333
condition number(A): 6.371e+00, norm2_cond:68.71979457082168
det(A): 1.456e-05, nnz: 13 non zeros per row
--------------------------------------------------------------------------------

Size of A & B are not power of 2:
Next 2 power of 15 = 16
Value to be padded = 1
--------------------------------------------------

==================== Print (N)^2 padded matrix system =======================
Padded shape of A: (15, 15)x(15, 15) -> (16, 16)x(16, 16)
Padded shape of B: (15,) -> (16,)
Determinant of padded matrix: 1.4560041489276156e-05
Condition # of padded matrix: 68.71979457082168


Matrix is not Hermitian. Making it Hermitian.......

==================== Print Hermitian matrix system info =======================
Shape of hermitian A: 16x16 -> 32x32
Shape of           B: 16 -> 32
Determinant of Hermitian matrix: 2.1199480816944378e-10
Condition # of Hermitian matrix: 68.71979457082193

=================================== Generating HHL circuit ===================================
Time elapsed for generating HHL circuit: 0 min 7.53 sec

Generated circuit: num_qubits=14, gates=19, depth=5
============================== Generated Circuit saved ==============================

============================== Transpiling circuit ==============================
This is using the AerSimulator('aer_simulator_statevector') transpiler.
Time elapsed for transpiling the circuit:  0 min 1.59 sec
Transpiled circuit, num_qubits: 14, (original: 14)
Transpiled circuit depth: 22391 (original: 5)
Transpiled circuit gates: 22495 (original: 19)
============================== Transpiled Circuit saved ==============================
Time elapsed for running the circuit:  0 min 1.75 sec
total_qubits: 14, nq:5

Time elapsed for extracting shots-based hhl counts solution:  0 min 0.00 sec

[HHL info]: linear system residual (e=||Ax-b||_2): 1.2219746971190992
[HHL info]: Fidelity(true_sol, hhl_sol): 0.8210119586314281
[HHL info]: L2 error (absolute): 0.15640305952232011
[HHL info]: L2 error (relative): 0.8376955056653785
[HHL info]: L2 error (normalized): 0.4333656603633066

========================================================================================
 Compare system solutions using LU of A, LU sol of A_herm, HHL of Ax=b hermition system
LU sol 	    Herm LU sol    HHL sol    L1_diff(%)
-1.293e-02  -1.293e-02  -0.000e+00  1.000e+02
-4.675e-03  -4.675e-03  -0.000e+00  1.000e+02
-9.910e-03  -9.910e-03  -0.000e+00  1.000e+02
-4.518e-02  -4.518e-02  -0.000e+00  1.000e+02
-2.629e-02  -2.629e-02  -0.000e+00  1.000e+02
-6.163e-02  -6.163e-02  -1.109e-02  8.201e+01
-4.191e-02  -4.191e-02  -0.000e+00  1.000e+02
-1.827e-02  -1.827e-02  -0.000e+00  1.000e+02
-1.288e-02  -1.288e-02  -0.000e+00  1.000e+02
-2.914e-02  -2.914e-02  -7.842e-03  7.308e+01
-5.705e-02  -5.705e-02  -7.842e-03  8.625e+01
-6.496e-02  -6.496e-02  -1.109e-02  8.293e+01
-6.371e-02  -6.371e-02  -1.358e-02  7.868e+01
-4.796e-02  -4.796e-02  -1.358e-02  7.168e+01
-1.054e-01  -1.054e-01  -2.075e-02  8.031e+01
========================================================================================

step: 13/15 res:1.2513405614582205, res/res0:0.10111541892038307  dq_norm: [0.01568434 0.01568434 0.02600954]

A info: before HHL prepare:
Spectral radius (A): 2.354e+01, lambda_min:3.7499799057410366
condition number(A): 6.277e+00, norm2_cond:68.62037404347518
det(A): 5.831e+15
--------------------------------------------------------------------------------

A_hhl info: after scaling by spectral radius:
Spectral radius (A): 1.000e+00, lambda_min:0.1593139283274866
condition number(A): 6.277e+00, norm2_cond:68.6203740434752
det(A): 1.546e-05, nnz: 13 non zeros per row
--------------------------------------------------------------------------------

Size of A & B are not power of 2:
Next 2 power of 15 = 16
Value to be padded = 1
--------------------------------------------------

==================== Print (N)^2 padded matrix system =======================
Padded shape of A: (15, 15)x(15, 15) -> (16, 16)x(16, 16)
Padded shape of B: (15,) -> (16,)
Determinant of padded matrix: 1.5456750276170533e-05
Condition # of padded matrix: 68.6203740434752


Matrix is not Hermitian. Making it Hermitian.......

==================== Print Hermitian matrix system info =======================
Shape of hermitian A: 16x16 -> 32x32
Shape of           B: 16 -> 32
Determinant of Hermitian matrix: 2.38911129099897e-10
Condition # of Hermitian matrix: 68.62037404347535

=================================== Generating HHL circuit ===================================
Time elapsed for generating HHL circuit: 0 min 7.55 sec

Generated circuit: num_qubits=14, gates=19, depth=5
============================== Generated Circuit saved ==============================

============================== Transpiling circuit ==============================
This is using the AerSimulator('aer_simulator_statevector') transpiler.
Time elapsed for transpiling the circuit:  0 min 1.40 sec
Transpiled circuit, num_qubits: 14, (original: 14)
Transpiled circuit depth: 22393 (original: 5)
Transpiled circuit gates: 22497 (original: 19)
============================== Transpiled Circuit saved ==============================
Time elapsed for running the circuit:  0 min 1.64 sec
total_qubits: 14, nq:5

Time elapsed for extracting shots-based hhl counts solution:  0 min 0.00 sec

[HHL info]: linear system residual (e=||Ax-b||_2): 1.3076136970620909
[HHL info]: Fidelity(true_sol, hhl_sol): 0.5519190509159201
[HHL info]: L2 error (absolute): 0.14504898214479742
[HHL info]: L2 error (relative): 0.9342969375471482
[HHL info]: L2 error (normalized): 0.7170599055300698

========================================================================================
 Compare system solutions using LU of A, LU sol of A_herm, HHL of Ax=b hermition system
LU sol 	    Herm LU sol    HHL sol    L1_diff(%)
-1.291e-02  -1.291e-02  -4.265e-03  6.697e+01
-4.719e-03  -4.719e-03  -0.000e+00  1.000e+02
-9.854e-03  -9.854e-03  -0.000e+00  1.000e+02
-4.520e-02  -4.520e-02  -4.265e-03  9.056e+01
-2.633e-02  -2.633e-02  -0.000e+00  1.000e+02
-5.010e-02  -5.010e-02  -6.032e-03  8.796e+01
-4.209e-02  -4.209e-02  -0.000e+00  1.000e+02
-1.847e-02  -1.847e-02  -4.265e-03  7.690e+01
-1.331e-02  -1.331e-02  -0.000e+00  1.000e+02
-2.109e-02  -2.109e-02  -4.265e-03  7.978e+01
-4.892e-02  -4.892e-02  -6.032e-03  8.767e+01
-5.349e-02  -5.349e-02  -0.000e+00  1.000e+02
-4.912e-02  -4.912e-02  -0.000e+00  1.000e+02
-3.431e-02  -3.431e-02  -0.000e+00  1.000e+02
-8.361e-02  -8.361e-02  -7.388e-03  9.116e+01
========================================================================================

step: 14/15 res:1.2227030481045817, res/res0:0.09880134531901527  dq_norm: [0.0073879  0.0073879  0.00953774]
Completed: 14 steps in 220.32s
Saved metadata to /lustre/orion/stf006/scratch/4klornl/fvm_euler_1d_solver/output_parallel_shots/trials2/statevector/shots_1000/trial_5/metadata_nelem5_HHL_statevector_nshots1000.pkl

Solution summary:
  x/L: [0.1000, 0.9000]
  Mach: [1.5136, 2.0064]
  p/p_in: [0.9863, 0.4130]
  rho/rho_in: [0.9957, 0.5297]
Saved combined plot to /lustre/orion/stf006/scratch/4klornl/fvm_euler_1d_solver/output_parallel_shots/trials2/statevector/shots_1000/trial_5/solution_plot_nelem5_HHL_statevector_nshots1000.png
