
------------------------------------------------------------
Using ideal local simulator with 'statevector' method
Backend: aer_simulator_statevector

A info: before HHL prepare:
Spectral radius (A): 2.241e+01, lambda_min:2.3074021727489433
condition number(A): 9.710e+00, norm2_cond:95.97789014324577
det(A): 9.333e+14
--------------------------------------------------------------------------------

A_hhl info: after scaling by spectral radius:
Spectral radius (A): 1.000e+00, lambda_min:0.1029832130561069
condition number(A): 9.710e+00, norm2_cond:95.9778901432457
det(A): 5.184e-06, nnz: 10 non zeros per row
--------------------------------------------------------------------------------

Size of A & B are not power of 2:
Next 2 power of 15 = 16
Value to be padded = 1
--------------------------------------------------

==================== Print (N)^2 padded matrix system =======================
Padded shape of A: (15, 15)x(15, 15) -> (16, 16)x(16, 16)
Padded shape of B: (15,) -> (16,)
Determinant of padded matrix: 5.183984510966138e-06
Condition # of padded matrix: 95.9778901432457


Matrix is not Hermitian. Making it Hermitian.......

==================== Print Hermitian matrix system info =======================
Shape of hermitian A: 16x16 -> 32x32
Shape of           B: 16 -> 32
Determinant of Hermitian matrix: 2.6873695409936828e-11
Condition # of Hermitian matrix: 95.9778901432459

=================================== Generating HHL circuit ===================================
Time elapsed for generating HHL circuit: 4 min 42.66 sec

Generated circuit: num_qubits=14, gates=19, depth=5
============================== Generated Circuit saved ==============================

============================== Transpiling circuit ==============================
Time elapsed for transpiling the circuit:  0 min 50.01 sec
Transpiled circuit, num_qubits: 14, (original: 14)
Transpiled circuit depth: 689027 (original: 5)
Transpiled circuit gates: 689127 (original: 19)
============================== Transpiled Circuit saved ==============================
Time elapsed for extracting exact hhl solution:  3 min 3.48 sec

[HHL info]: linear system residual (e=||Ax-b||_2): 0.04206693695951734
[HHL info]: Fidelity(true_sol, hhl_sol): 0.9999571377629849
[HHL info]: L2 error (absolute): 0.018436382597544976
[HHL info]: L2 error (relative): 0.00681671675071013
[HHL info]: L2 error (normalized): 0.006546960845917341

========================================================================================
 Compare system solutions using LU of A, LU sol of A_herm, HHL of Ax=b hermition system
LU sol 	    Herm LU sol    HHL sol    L1_diff(%)
-1.705e-02  -1.705e-02  -1.864e-02  9.322e+00
-7.527e-03  -7.527e-03  -7.548e-03  2.770e-01
-3.946e-02  -3.946e-02  -4.417e-02  1.193e+01
-1.283e-01  -1.283e-01  -1.323e-01  3.141e+00
-6.877e-02  -6.877e-02  -6.818e-02  8.511e-01
-2.800e-01  -2.800e-01  -2.889e-01  3.157e+00
-4.114e-01  -4.114e-01  -4.156e-01  1.011e+00
-4.227e-01  -4.227e-01  -4.229e-01  4.364e-02
-1.109e+00  -1.109e+00  -1.120e+00  9.185e-01
-5.252e-01  -5.252e-01  -5.269e-01  3.222e-01
-5.558e-01  -5.558e-01  -5.529e-01  5.201e-01
-1.428e+00  -1.428e+00  -1.433e+00  3.867e-01
-5.637e-01  -5.637e-01  -5.596e-01  7.342e-01
-5.958e-01  -5.958e-01  -5.900e-01  9.699e-01
-1.529e+00  -1.529e+00  -1.527e+00  1.742e-01
========================================================================================

step: 0/15 res:12.375368413827264, res/res0:1.0  dq_norm: [0.88392279 0.91504562 2.39241236]

A info: before HHL prepare:
Spectral radius (A): 2.469e+01, lambda_min:5.547475297467326
condition number(A): 4.450e+00, norm2_cond:60.07643847119502
det(A): 2.581e+16
--------------------------------------------------------------------------------

A_hhl info: after scaling by spectral radius:
Spectral radius (A): 1.000e+00, lambda_min:0.22471224547266547
condition number(A): 4.450e+00, norm2_cond:60.07643847119508
det(A): 3.348e-05, nnz: 11 non zeros per row
--------------------------------------------------------------------------------

Size of A & B are not power of 2:
Next 2 power of 15 = 16
Value to be padded = 1
--------------------------------------------------

==================== Print (N)^2 padded matrix system =======================
Padded shape of A: (15, 15)x(15, 15) -> (16, 16)x(16, 16)
Padded shape of B: (15,) -> (16,)
Determinant of padded matrix: 3.3479795954503604e-05
Condition # of padded matrix: 60.07643847119508


Matrix is not Hermitian. Making it Hermitian.......

==================== Print Hermitian matrix system info =======================
Shape of hermitian A: 16x16 -> 32x32
Shape of           B: 16 -> 32
Determinant of Hermitian matrix: 1.120896737155188e-09
Condition # of Hermitian matrix: 60.076438471195026

=================================== Generating HHL circuit ===================================
Time elapsed for generating HHL circuit: 2 min 18.89 sec

Generated circuit: num_qubits=13, gates=18, depth=5
============================== Generated Circuit saved ==============================

============================== Transpiling circuit ==============================
Time elapsed for transpiling the circuit:  0 min 23.76 sec
Transpiled circuit, num_qubits: 13, (original: 13)
Transpiled circuit depth: 343170 (original: 5)
Transpiled circuit gates: 343251 (original: 18)
============================== Transpiled Circuit saved ==============================
Time elapsed for extracting exact hhl solution:  1 min 7.16 sec

[HHL info]: linear system residual (e=||Ax-b||_2): 0.011268090395040205
[HHL info]: Fidelity(true_sol, hhl_sol): 0.9997499185072438
[HHL info]: L2 error (absolute): 0.003030097154793
[HHL info]: L2 error (relative): 0.017438957039837052
[HHL info]: L2 error (normalized): 0.015814459519685267

========================================================================================
 Compare system solutions using LU of A, LU sol of A_herm, HHL of Ax=b hermition system
LU sol 	    Herm LU sol    HHL sol    L1_diff(%)
 5.862e-03   5.862e-03   6.378e-03  8.799e+00
 2.877e-03   2.877e-03   3.503e-03  2.176e+01
 1.488e-02   1.488e-02   1.494e-02  4.036e-01
 1.681e-02   1.681e-02   1.769e-02  5.247e+00
-2.912e-03  -2.912e-03  -1.758e-03  3.964e+01
 3.549e-02   3.549e-02   3.542e-02  1.759e-01
 3.187e-02   3.187e-02   3.257e-02  2.176e+00
 1.700e-03   1.700e-03   2.660e-03  5.650e+01
 7.730e-02   7.730e-02   7.746e-02  2.079e-01
 3.882e-02   3.882e-02   3.962e-02  2.054e+00
-1.343e-03  -1.343e-03  -2.663e-04  8.016e+01
 9.509e-02   9.509e-02   9.550e-02  4.238e-01
 3.758e-02   3.758e-02   3.858e-02  2.670e+00
-5.546e-03  -5.546e-03  -4.293e-03  2.258e+01
 9.689e-02   9.689e-02   9.756e-02  6.886e-01
========================================================================================

step: 1/15 res:0.6174050574629286, res/res0:0.049889832513841666  dq_norm: [0.06687463 0.00639843 0.16160245]

A info: before HHL prepare:
Spectral radius (A): 2.412e+01, lambda_min:4.235750570366132
condition number(A): 5.696e+00, norm2_cond:66.12914778768803
det(A): 1.097e+16
--------------------------------------------------------------------------------

A_hhl info: after scaling by spectral radius:
Spectral radius (A): 1.000e+00, lambda_min:0.17557570353443172
condition number(A): 5.696e+00, norm2_cond:66.12914778768798
det(A): 2.010e-05, nnz: 11 non zeros per row
--------------------------------------------------------------------------------

Size of A & B are not power of 2:
Next 2 power of 15 = 16
Value to be padded = 1
--------------------------------------------------

==================== Print (N)^2 padded matrix system =======================
Padded shape of A: (15, 15)x(15, 15) -> (16, 16)x(16, 16)
Padded shape of B: (15,) -> (16,)
Determinant of padded matrix: 2.010201092719663e-05
Condition # of padded matrix: 66.12914778768798


Matrix is not Hermitian. Making it Hermitian.......

==================== Print Hermitian matrix system info =======================
Shape of hermitian A: 16x16 -> 32x32
Shape of           B: 16 -> 32
Determinant of Hermitian matrix: 4.040908433171326e-10
Condition # of Hermitian matrix: 66.12914778768791

=================================== Generating HHL circuit ===================================
Time elapsed for generating HHL circuit: 4 min 38.16 sec

Generated circuit: num_qubits=14, gates=19, depth=5
============================== Generated Circuit saved ==============================

============================== Transpiling circuit ==============================
Time elapsed for transpiling the circuit:  0 min 47.40 sec
Transpiled circuit, num_qubits: 14, (original: 14)
Transpiled circuit depth: 689027 (original: 5)
Transpiled circuit gates: 689127 (original: 19)
============================== Transpiled Circuit saved ==============================
Time elapsed for extracting exact hhl solution:  3 min 8.71 sec

[HHL info]: linear system residual (e=||Ax-b||_2): 0.001069440986097528
[HHL info]: Fidelity(true_sol, hhl_sol): 0.9998135275509492
[HHL info]: L2 error (absolute): 0.00038643153219999654
[HHL info]: L2 error (relative): 0.016163290933645984
[HHL info]: L2 error (normalized): 0.013655809857153823

========================================================================================
 Compare system solutions using LU of A, LU sol of A_herm, HHL of Ax=b hermition system
LU sol 	    Herm LU sol    HHL sol    L1_diff(%)
-2.671e-04  -2.671e-04  -1.986e-04  2.564e+01
-4.930e-04  -4.930e-04  -4.284e-04  1.310e+01
 4.613e-04   4.613e-04   5.146e-04  1.156e+01
 6.224e-04   6.224e-04   7.576e-04  2.172e+01
-7.529e-04  -7.529e-04  -6.183e-04  1.787e+01
 3.514e-03   3.514e-03   3.597e-03  2.386e+00
 2.695e-03   2.695e-03   2.793e-03  3.624e+00
-5.857e-04  -5.857e-04  -4.859e-04  1.704e+01
 8.608e-03   8.608e-03   8.666e-03  6.722e-01
 4.226e-03   4.226e-03   4.310e-03  1.986e+00
-1.155e-03  -1.155e-03  -1.056e-03  8.501e+00
 1.361e-02   1.361e-02   1.369e-02  5.989e-01
 4.686e-03   4.686e-03   4.805e-03  2.528e+00
-1.270e-03  -1.270e-03  -1.145e-03  9.852e+00
 1.575e-02   1.575e-02   1.589e-02  8.601e-01
========================================================================================

step: 2/15 res:0.06618866267251847, res/res0:0.005348419575013578  dq_norm: [0.00707632 0.00179678 0.02298063]

A info: before HHL prepare:
Spectral radius (A): 2.407e+01, lambda_min:4.109307484274386
condition number(A): 5.857e+00, norm2_cond:67.35624106927985
det(A): 9.917e+15
--------------------------------------------------------------------------------

A_hhl info: after scaling by spectral radius:
Spectral radius (A): 1.000e+00, lambda_min:0.17073493088412056
condition number(A): 5.857e+00, norm2_cond:67.3562410692796
det(A): 1.882e-05, nnz: 11 non zeros per row
--------------------------------------------------------------------------------

Size of A & B are not power of 2:
Next 2 power of 15 = 16
Value to be padded = 1
--------------------------------------------------

==================== Print (N)^2 padded matrix system =======================
Padded shape of A: (15, 15)x(15, 15) -> (16, 16)x(16, 16)
Padded shape of B: (15,) -> (16,)
Determinant of padded matrix: 1.8823523573528516e-05
Condition # of padded matrix: 67.3562410692796


Matrix is not Hermitian. Making it Hermitian.......

==================== Print Hermitian matrix system info =======================
Shape of hermitian A: 16x16 -> 32x32
Shape of           B: 16 -> 32
Determinant of Hermitian matrix: 3.543250397231849e-10
Condition # of Hermitian matrix: 67.35624106927993

=================================== Generating HHL circuit ===================================
Time elapsed for generating HHL circuit: 4 min 38.63 sec

Generated circuit: num_qubits=14, gates=19, depth=5
============================== Generated Circuit saved ==============================

============================== Transpiling circuit ==============================
Time elapsed for transpiling the circuit:  0 min 47.96 sec
Transpiled circuit, num_qubits: 14, (original: 14)
Transpiled circuit depth: 689027 (original: 5)
Transpiled circuit gates: 689127 (original: 19)
============================== Transpiled Circuit saved ==============================
Time elapsed for extracting exact hhl solution:  3 min 5.37 sec

[HHL info]: linear system residual (e=||Ax-b||_2): 1.0396591810802338e-05
[HHL info]: Fidelity(true_sol, hhl_sol): 0.9999357264872251
[HHL info]: L2 error (absolute): 3.460035620117022e-06
[HHL info]: L2 error (relative): 0.009127119004410471
[HHL info]: L2 error (normalized): 0.008017140735900806

========================================================================================
 Compare system solutions using LU of A, LU sol of A_herm, HHL of Ax=b hermition system
LU sol 	    Herm LU sol    HHL sol    L1_diff(%)
-6.965e-05  -6.965e-05  -6.883e-05  1.176e+00
-6.483e-05  -6.483e-05  -6.455e-05  4.382e-01
-5.639e-05  -5.639e-05  -5.526e-05  2.009e+00
-1.248e-04  -1.248e-04  -1.235e-04  1.052e+00
-1.295e-04  -1.295e-04  -1.289e-04  4.937e-01
-5.834e-05  -5.834e-05  -5.647e-05  3.214e+00
-5.635e-05  -5.635e-05  -5.533e-05  1.820e+00
-9.049e-05  -9.049e-05  -8.972e-05  8.564e-01
 5.637e-05   5.637e-05   5.765e-05  2.273e+00
-6.070e-06  -6.070e-06  -5.873e-06  3.239e+00
-9.684e-05  -9.684e-05  -9.654e-05  3.098e-01
 1.598e-04   1.598e-04   1.601e-04  1.832e-01
-2.178e-05  -2.178e-05  -2.234e-05  2.542e+00
-1.250e-04  -1.250e-04  -1.250e-04  3.609e-02
 1.735e-04   1.735e-04   1.728e-04  3.960e-01
========================================================================================

step: 3/15 res:0.0014400110831601332, res/res0:0.0001163610678087917  dq_norm: [0.00015359 0.00023189 0.00025512]

A info: before HHL prepare:
Spectral radius (A): 2.407e+01, lambda_min:4.107813136726377
condition number(A): 5.859e+00, norm2_cond:67.38495070250502
det(A): 9.912e+15
--------------------------------------------------------------------------------

A_hhl info: after scaling by spectral radius:
Spectral radius (A): 1.000e+00, lambda_min:0.17066903417585488
condition number(A): 5.859e+00, norm2_cond:67.38495070250494
det(A): 1.881e-05, nnz: 11 non zeros per row
--------------------------------------------------------------------------------

Size of A & B are not power of 2:
Next 2 power of 15 = 16
Value to be padded = 1
--------------------------------------------------

==================== Print (N)^2 padded matrix system =======================
Padded shape of A: (15, 15)x(15, 15) -> (16, 16)x(16, 16)
Padded shape of B: (15,) -> (16,)
Determinant of padded matrix: 1.8807216359358402e-05
Condition # of padded matrix: 67.38495070250494


Matrix is not Hermitian. Making it Hermitian.......

==================== Print Hermitian matrix system info =======================
Shape of hermitian A: 16x16 -> 32x32
Shape of           B: 16 -> 32
Determinant of Hermitian matrix: 3.537113871877183e-10
Condition # of Hermitian matrix: 67.38495070250505

=================================== Generating HHL circuit ===================================
Time elapsed for generating HHL circuit: 4 min 39.43 sec

Generated circuit: num_qubits=14, gates=19, depth=5
============================== Generated Circuit saved ==============================

============================== Transpiling circuit ==============================
Time elapsed for transpiling the circuit:  0 min 47.64 sec
Transpiled circuit, num_qubits: 14, (original: 14)
Transpiled circuit depth: 689027 (original: 5)
Transpiled circuit gates: 689127 (original: 19)
============================== Transpiled Circuit saved ==============================
Time elapsed for extracting exact hhl solution:  3 min 3.95 sec

[HHL info]: linear system residual (e=||Ax-b||_2): 2.0014268408248961e-07
[HHL info]: Fidelity(true_sol, hhl_sol): 0.9998410333632952
[HHL info]: L2 error (absolute): 1.0140749199984081e-07
[HHL info]: L2 error (relative): 0.02924715300994933
[HHL info]: L2 error (normalized): 0.012608447751902783

========================================================================================
 Compare system solutions using LU of A, LU sol of A_herm, HHL of Ax=b hermition system
LU sol 	    Herm LU sol    HHL sol    L1_diff(%)
-8.197e-07  -8.197e-07  -8.053e-07  1.759e+00
-2.843e-07  -2.843e-07  -2.761e-07  2.884e+00
-1.139e-06  -1.139e-06  -1.110e-06  2.556e+00
-1.311e-06  -1.311e-06  -1.277e-06  2.595e+00
-6.370e-07  -6.370e-07  -6.204e-07  2.596e+00
-1.885e-06  -1.885e-06  -1.832e-06  2.793e+00
-1.020e-06  -1.020e-06  -9.977e-07  2.192e+00
-7.719e-07  -7.719e-07  -7.598e-07  1.570e+00
-1.268e-06  -1.268e-06  -1.237e-06  2.439e+00
-1.877e-07  -1.877e-07  -1.877e-07  1.803e-02
-3.010e-07  -3.010e-07  -3.032e-07  7.146e-01
-2.514e-07  -2.514e-07  -2.640e-07  4.998e+00
 5.637e-07   5.637e-07   5.403e-07  4.152e+00
 4.494e-08   4.495e-08   2.898e-08  3.553e+01
 7.364e-07   7.364e-07   6.875e-07  6.639e+00
========================================================================================

step: 4/15 res:1.0209578206055736e-05, res/res0:8.249918600118891e-07  dq_norm: [1.89757030e-06 1.06357424e-06 2.58107111e-06]

A info: before HHL prepare:
Spectral radius (A): 2.407e+01, lambda_min:4.1078103219137025
condition number(A): 5.859e+00, norm2_cond:67.38504648812076
det(A): 9.912e+15
--------------------------------------------------------------------------------

A_hhl info: after scaling by spectral radius:
Spectral radius (A): 1.000e+00, lambda_min:0.17066887433822187
condition number(A): 5.859e+00, norm2_cond:67.38504648812071
det(A): 1.881e-05, nnz: 11 non zeros per row
--------------------------------------------------------------------------------

Size of A & B are not power of 2:
Next 2 power of 15 = 16
Value to be padded = 1
--------------------------------------------------

==================== Print (N)^2 padded matrix system =======================
Padded shape of A: (15, 15)x(15, 15) -> (16, 16)x(16, 16)
Padded shape of B: (15,) -> (16,)
Determinant of padded matrix: 1.8807137984458764e-05
Condition # of padded matrix: 67.38504648812071


Matrix is not Hermitian. Making it Hermitian.......

==================== Print Hermitian matrix system info =======================
Shape of hermitian A: 16x16 -> 32x32
Shape of           B: 16 -> 32
Determinant of Hermitian matrix: 3.5370843916647294e-10
Condition # of Hermitian matrix: 67.38504648812098

=================================== Generating HHL circuit ===================================
Time elapsed for generating HHL circuit: 4 min 38.12 sec

Generated circuit: num_qubits=14, gates=19, depth=5
============================== Generated Circuit saved ==============================

============================== Transpiling circuit ==============================
Time elapsed for transpiling the circuit:  0 min 47.62 sec
Transpiled circuit, num_qubits: 14, (original: 14)
Transpiled circuit depth: 689027 (original: 5)
Transpiled circuit gates: 689127 (original: 19)
============================== Transpiled Circuit saved ==============================
Time elapsed for extracting exact hhl solution:  3 min 4.09 sec

[HHL info]: linear system residual (e=||Ax-b||_2): 4.1454753080102435e-09
[HHL info]: Fidelity(true_sol, hhl_sol): 0.9999791214023471
[HHL info]: L2 error (absolute): 1.4347689780158714e-09
[HHL info]: L2 error (relative): 0.0141483916864185
[HHL info]: L2 error (normalized): 0.004569322293087814

========================================================================================
 Compare system solutions using LU of A, LU sol of A_herm, HHL of Ax=b hermition system
LU sol 	    Herm LU sol    HHL sol    L1_diff(%)
-1.442e-08  -1.442e-08  -1.410e-08  2.205e+00
-8.200e-09  -8.200e-09  -8.120e-09  9.697e-01
-2.912e-08  -2.912e-08  -2.868e-08  1.500e+00
-3.401e-08  -3.401e-08  -3.351e-08  1.457e+00
-1.654e-08  -1.654e-08  -1.632e-08  1.297e+00
-5.263e-08  -5.263e-08  -5.184e-08  1.503e+00
-2.236e-08  -2.236e-08  -2.195e-08  1.855e+00
-1.212e-08  -1.212e-08  -1.186e-08  2.113e+00
-3.093e-08  -3.093e-08  -3.035e-08  1.872e+00
-3.396e-11  -3.351e-11  -2.546e-11  2.403e+01
 2.151e-09   2.152e-09   2.188e-09  1.691e+00
 1.257e-08   1.257e-08   1.262e-08  4.051e-01
 2.340e-08   2.340e-08   2.310e-08  1.310e+00
 1.597e-08   1.597e-08   1.589e-08  5.028e-01
 4.890e-08   4.890e-08   4.849e-08  8.314e-01
========================================================================================

step: 5/15 res:2.0014608680347594e-07, res/res0:1.6172939674252317e-08  dq_norm: [4.83453662e-08 2.70250101e-08 8.33205457e-08]

A info: before HHL prepare:
Spectral radius (A): 2.407e+01, lambda_min:4.107810178183409
condition number(A): 5.859e+00, norm2_cond:67.38504915452442
det(A): 9.912e+15
--------------------------------------------------------------------------------

A_hhl info: after scaling by spectral radius:
Spectral radius (A): 1.000e+00, lambda_min:0.17066886883382718
condition number(A): 5.859e+00, norm2_cond:67.38504915452438
det(A): 1.881e-05, nnz: 11 non zeros per row
--------------------------------------------------------------------------------

Size of A & B are not power of 2:
Next 2 power of 15 = 16
Value to be padded = 1
--------------------------------------------------

==================== Print (N)^2 padded matrix system =======================
Padded shape of A: (15, 15)x(15, 15) -> (16, 16)x(16, 16)
Padded shape of B: (15,) -> (16,)
Determinant of padded matrix: 1.8807138171232652e-05
Condition # of padded matrix: 67.38504915452438


Matrix is not Hermitian. Making it Hermitian.......

==================== Print Hermitian matrix system info =======================
Shape of hermitian A: 16x16 -> 32x32
Shape of           B: 16 -> 32
Determinant of Hermitian matrix: 3.5370844619183756e-10
Condition # of Hermitian matrix: 67.38504915452452

=================================== Generating HHL circuit ===================================
Time elapsed for generating HHL circuit: 4 min 42.62 sec

Generated circuit: num_qubits=14, gates=19, depth=5
============================== Generated Circuit saved ==============================

============================== Transpiling circuit ==============================
Time elapsed for transpiling the circuit:  0 min 47.31 sec
Transpiled circuit, num_qubits: 14, (original: 14)
Transpiled circuit depth: 689027 (original: 5)
Transpiled circuit gates: 689127 (original: 19)
============================== Transpiled Circuit saved ==============================
Time elapsed for extracting exact hhl solution:  3 min 8.28 sec

[HHL info]: linear system residual (e=||Ax-b||_2): 8.910046382422498e-11
[HHL info]: Fidelity(true_sol, hhl_sol): 0.9994317786808802
[HHL info]: L2 error (absolute): 4.676914772854064e-11
[HHL info]: L2 error (relative): 0.032597048838105505
[HHL info]: L2 error (normalized): 0.02383907002414834

========================================================================================
 Compare system solutions using LU of A, LU sol of A_herm, HHL of Ax=b hermition system
LU sol 	    Herm LU sol    HHL sol    L1_diff(%)
-3.181e-10  -3.180e-10  -3.130e-10  1.587e+00
-7.962e-11  -7.952e-11  -7.462e-11  6.158e+00
-4.370e-10  -4.369e-10  -4.255e-10  2.605e+00
-4.957e-10  -4.954e-10  -4.807e-10  2.962e+00
-2.148e-10  -2.145e-10  -2.045e-10  4.662e+00
-7.917e-10  -7.913e-10  -7.687e-10  2.854e+00
-4.151e-10  -4.148e-10  -4.025e-10  2.952e+00
-2.564e-10  -2.561e-10  -2.462e-10  3.880e+00
-5.795e-10  -5.791e-10  -5.609e-10  3.143e+00
-8.503e-12  -8.051e-12   2.893e-12  1.360e+02
-3.690e-11  -3.638e-11  -2.601e-11  2.850e+01
-5.161e-11  -5.091e-11  -3.912e-11  2.317e+01
 3.059e-10   3.065e-10   3.149e-10  2.742e+00
 7.956e-11   8.028e-11   9.058e-11  1.282e+01
 4.056e-10   4.065e-10   4.143e-10  1.908e+00
========================================================================================

step: 6/15 res:4.145464131097883e-09, res/res0:3.349770279538561e-10  dq_norm: [7.68290076e-10 3.41864702e-10 1.12238372e-09]

A info: before HHL prepare:
Spectral radius (A): 2.407e+01, lambda_min:4.107810073401981
condition number(A): 5.859e+00, norm2_cond:67.38504960847901
det(A): 9.912e+15
--------------------------------------------------------------------------------

A_hhl info: after scaling by spectral radius:
Spectral radius (A): 1.000e+00, lambda_min:0.17066886528041755
condition number(A): 5.859e+00, norm2_cond:67.38504960847875
det(A): 1.881e-05, nnz: 11 non zeros per row
--------------------------------------------------------------------------------

Size of A & B are not power of 2:
Next 2 power of 15 = 16
Value to be padded = 1
--------------------------------------------------

==================== Print (N)^2 padded matrix system =======================
Padded shape of A: (15, 15)x(15, 15) -> (16, 16)x(16, 16)
Padded shape of B: (15,) -> (16,)
Determinant of padded matrix: 1.880713904245275e-05
Condition # of padded matrix: 67.38504960847875


Matrix is not Hermitian. Making it Hermitian.......

==================== Print Hermitian matrix system info =======================
Shape of hermitian A: 16x16 -> 32x32
Shape of           B: 16 -> 32
Determinant of Hermitian matrix: 3.537084789621518e-10
Condition # of Hermitian matrix: 67.385049608479

=================================== Generating HHL circuit ===================================
Time elapsed for generating HHL circuit: 4 min 40.62 sec

Generated circuit: num_qubits=14, gates=19, depth=5
============================== Generated Circuit saved ==============================

============================== Transpiling circuit ==============================
Time elapsed for transpiling the circuit:  0 min 47.71 sec
Transpiled circuit, num_qubits: 14, (original: 14)
Transpiled circuit depth: 689027 (original: 5)
Transpiled circuit gates: 689127 (original: 19)
============================== Transpiled Circuit saved ==============================
Time elapsed for extracting exact hhl solution:  3 min 7.16 sec

[HHL info]: linear system residual (e=||Ax-b||_2): 7.739600749461896e-11
[HHL info]: Fidelity(true_sol, hhl_sol): 0.16468430369252524
[HHL info]: L2 error (absolute): 4.326990333240114e-11
[HHL info]: L2 error (relative): 0.925153965582595
[HHL info]: L2 error (normalized): 1.0900694527703132

========================================================================================
 Compare system solutions using LU of A, LU sol of A_herm, HHL of Ax=b hermition system
LU sol 	    Herm LU sol    HHL sol    L1_diff(%)
-5.164e-12  -5.047e-12  -9.907e-13  8.039e+01
-5.002e-12  -4.896e-12  -1.093e-12  7.770e+01
-1.155e-11  -1.138e-11  -3.272e-12  7.126e+01
-1.492e-11  -1.467e-11  -3.922e-12  7.328e+01
-1.025e-11  -1.000e-11  -1.852e-12  8.149e+01
-2.294e-11  -2.258e-11  -6.223e-12  7.244e+01
-1.255e-11  -1.225e-11  -2.261e-12  8.154e+01
-1.027e-11  -9.936e-12  -9.079e-13  9.087e+01
-1.865e-11  -1.820e-11  -3.406e-12  8.130e+01
-1.140e-11  -1.094e-11  -2.390e-13  9.783e+01
-1.088e-11  -1.037e-11   7.079e-13  1.068e+02
-1.249e-11  -1.179e-11   1.943e-12  1.165e+02
-9.036e-12  -8.405e-12   2.690e-12  1.320e+02
-1.101e-11  -1.029e-11   2.838e-12  1.276e+02
-8.730e-12  -7.755e-12   6.540e-12  1.844e+02
========================================================================================

step: 7/15 res:8.910036445381345e-11, res/res0:7.199815106454504e-12  dq_norm: [5.36345031e-12 3.74233471e-12 1.03722543e-11]
Completed: 7 steps in 4221.68s
Saved metadata to /lustre/orion/ard189/proj-shared/nozzle_1d_results/nelem5/statevector/exact/metadata_nelem5_HHL_statevector.pkl

Solution summary:
  x/L: [0.1000, 0.9000]
  Mach: [1.5204, 2.1516]
  p/p_in: [0.9797, 0.3653]
  rho/rho_in: [0.9875, 0.4838]
Saved combined plot to /lustre/orion/ard189/proj-shared/nozzle_1d_results/nelem5/statevector/exact/solution_plot_nelem5_HHL_statevector.png
