
------------------------------------------------------------
Using ideal local simulator with 'statevector' method
Backend: aer_simulator_statevector
Shots: 5000
------------------------------------------------------------

A info: before HHL prepare:
Spectral radius (A): 4.814e+01, lambda_min:3.3136108943482814
condition number(A): 1.453e+01, norm2_cond:197.88017001682982
det(A): 1.276e+38
--------------------------------------------------------------------------------

A_hhl info: after scaling by spectral radius:
Spectral radius (A): 1.000e+00, lambda_min:0.0688269177323334
condition number(A): 1.453e+01, norm2_cond:197.88017001683053
det(A): 4.260e-13, nnz: 11 non zeros per row
--------------------------------------------------------------------------------

Size of A & B are not power of 2:
Next 2 power of 30 = 32
Value to be padded = 2
--------------------------------------------------

==================== Print (N)^2 padded matrix system =======================
Padded shape of A: (30, 30)x(30, 30) -> (32, 32)x(32, 32)
Padded shape of B: (30,) -> (32,)
Determinant of padded matrix: 4.2602079269883554e-13
Condition # of padded matrix: 197.88017001683053


Matrix is not Hermitian. Making it Hermitian.......

==================== Print Hermitian matrix system info =======================
Shape of hermitian A: 32x32 -> 64x64
Shape of           B: 32 -> 64
Determinant of Hermitian matrix: 1.8149371581174162e-25
Condition # of Hermitian matrix: 197.88017001683153

=================================== Generating HHL circuit ===================================
Time elapsed for generating HHL circuit: 0 min 50.87 sec

Generated circuit: num_qubits=16, gates=21, depth=5
============================== Generated Circuit saved ==============================

============================== Transpiling circuit ==============================
This is using the AerSimulator('aer_simulator_statevector') transpiler.
Time elapsed for transpiling the circuit:  0 min 9.65 sec
Transpiled circuit, num_qubits: 16, (original: 16)
Transpiled circuit depth: 103094 (original: 5)
Transpiled circuit gates: 103221 (original: 21)
============================== Transpiled Circuit saved ==============================
Time elapsed for running the circuit:  0 min 20.20 sec
total_qubits: 16, nq:6

Time elapsed for extracting shots-based hhl counts solution:  0 min 0.00 sec

[HHL info]: linear system residual (e=||Ax-b||_2): 15.817497557735212
[HHL info]: Fidelity(true_sol, hhl_sol): 0.816049073268213
[HHL info]: L2 error (absolute): 3.755588108780877
[HHL info]: L2 error (relative): 0.9888478617120516
[HHL info]: L2 error (normalized): 0.4396490751655495

========================================================================================
 Compare system solutions using LU of A, LU sol of A_herm, HHL of Ax=b hermition system
LU sol 	    Herm LU sol    HHL sol    L1_diff(%)
 4.852e-03   4.852e-03   0.000e+00  1.000e+02
 2.224e-03   2.224e-03   0.000e+00  1.000e+02
 1.012e-02   1.012e-02   0.000e+00  1.000e+02
 6.205e-03   6.205e-03   0.000e+00  1.000e+02
 1.905e-03   1.905e-03   0.000e+00  1.000e+02
 1.125e-02   1.125e-02   0.000e+00  1.000e+02
-2.568e-02  -2.568e-02  -0.000e+00  1.000e+02
-1.823e-02  -1.823e-02  -0.000e+00  1.000e+02
-6.491e-02  -6.491e-02  -0.000e+00  1.000e+02
-1.285e-01  -1.285e-01  -0.000e+00  1.000e+02
-9.623e-02  -9.623e-02  -0.000e+00  1.000e+02
-3.195e-01  -3.195e-01  -0.000e+00  1.000e+02
-3.070e-01  -3.070e-01  -0.000e+00  1.000e+02
-2.851e-01  -2.851e-01  -0.000e+00  1.000e+02
-8.110e-01  -8.110e-01  -1.747e-02  9.785e+01
-4.538e-01  -4.538e-01  -0.000e+00  1.000e+02
-4.624e-01  -4.624e-01  -0.000e+00  1.000e+02
-1.229e+00  -1.229e+00  -1.165e-02  9.905e+01
-5.244e-01  -5.244e-01  -1.009e-02  9.808e+01
-5.482e-01  -5.482e-01  -0.000e+00  1.000e+02
-1.427e+00  -1.427e+00  -1.841e-02  9.871e+01
-5.516e-01  -5.516e-01  -8.235e-03  9.851e+01
-5.798e-01  -5.798e-01  -0.000e+00  1.000e+02
-1.501e+00  -1.501e+00  -2.329e-02  9.845e+01
-5.614e-01  -5.614e-01  -0.000e+00  1.000e+02
-5.902e-01  -5.902e-01  -5.823e-03  9.901e+01
-1.527e+00  -1.527e+00  -1.647e-02  9.892e+01
-5.649e-01  -5.649e-01  -5.823e-03  9.897e+01
-5.937e-01  -5.937e-01  -0.000e+00  1.000e+02
-1.535e+00  -1.535e+00  -1.931e-02  9.874e+01
========================================================================================

step: 0/15 res:15.852040985520478, res/res0:1.0  dq_norm: [0.01426332 0.00582297 0.04434645]

A info: before HHL prepare:
Spectral radius (A): 4.815e+01, lambda_min:3.3304236453953164
condition number(A): 1.446e+01, norm2_cond:195.24772669881
det(A): 1.391e+38
--------------------------------------------------------------------------------

A_hhl info: after scaling by spectral radius:
Spectral radius (A): 1.000e+00, lambda_min:0.06916159186001326
condition number(A): 1.446e+01, norm2_cond:195.2477266988086
det(A): 4.615e-13, nnz: 17 non zeros per row
--------------------------------------------------------------------------------

Size of A & B are not power of 2:
Next 2 power of 30 = 32
Value to be padded = 2
--------------------------------------------------

==================== Print (N)^2 padded matrix system =======================
Padded shape of A: (30, 30)x(30, 30) -> (32, 32)x(32, 32)
Padded shape of B: (30,) -> (32,)
Determinant of padded matrix: 4.615127370291116e-13
Condition # of padded matrix: 195.2477266988086


Matrix is not Hermitian. Making it Hermitian.......

==================== Print Hermitian matrix system info =======================
Shape of hermitian A: 32x32 -> 64x64
Shape of           B: 32 -> 64
Determinant of Hermitian matrix: 2.129940064401064e-25
Condition # of Hermitian matrix: 195.24772669880932

=================================== Generating HHL circuit ===================================
Time elapsed for generating HHL circuit: 0 min 51.63 sec

Generated circuit: num_qubits=16, gates=21, depth=5
============================== Generated Circuit saved ==============================

============================== Transpiling circuit ==============================
This is using the AerSimulator('aer_simulator_statevector') transpiler.
Time elapsed for transpiling the circuit:  0 min 9.59 sec
Transpiled circuit, num_qubits: 16, (original: 16)
Transpiled circuit depth: 103098 (original: 5)
Transpiled circuit gates: 103225 (original: 21)
============================== Transpiled Circuit saved ==============================
Time elapsed for running the circuit:  0 min 20.02 sec
total_qubits: 16, nq:6

Time elapsed for extracting shots-based hhl counts solution:  0 min 0.00 sec

[HHL info]: linear system residual (e=||Ax-b||_2): 15.657665329167411
[HHL info]: Fidelity(true_sol, hhl_sol): 0.9484747013066616
[HHL info]: L2 error (absolute): 3.537419947342894
[HHL info]: L2 error (relative): 0.9459205816505143
[HHL info]: L2 error (normalized): 0.22848781834992823

========================================================================================
 Compare system solutions using LU of A, LU sol of A_herm, HHL of Ax=b hermition system
LU sol 	    Herm LU sol    HHL sol    L1_diff(%)
 4.813e-03   4.813e-03   0.000e+00  1.000e+02
 2.200e-03   2.200e-03   0.000e+00  1.000e+02
 1.004e-02   1.004e-02   0.000e+00  1.000e+02
 6.037e-03   6.037e-03   0.000e+00  1.000e+02
 1.838e-03   1.838e-03   0.000e+00  1.000e+02
 1.089e-02   1.089e-02   0.000e+00  1.000e+02
-2.594e-02  -2.594e-02  -0.000e+00  1.000e+02
-1.830e-02  -1.830e-02  -0.000e+00  1.000e+02
-6.555e-02  -6.555e-02  -0.000e+00  1.000e+02
-1.287e-01  -1.287e-01  -0.000e+00  1.000e+02
-9.650e-02  -9.650e-02  -0.000e+00  1.000e+02
-3.197e-01  -3.197e-01  -0.000e+00  1.000e+02
-3.061e-01  -3.061e-01  -2.297e-02  9.250e+01
-2.846e-01  -2.846e-01  -0.000e+00  1.000e+02
-7.896e-01  -7.896e-01  -4.594e-02  9.418e+01
-4.509e-01  -4.509e-01  -3.978e-02  9.118e+01
-4.617e-01  -4.617e-01  -0.000e+00  1.000e+02
-1.209e+00  -1.209e+00  -6.077e-02  9.497e+01
-5.112e-01  -5.112e-01  -3.248e-02  9.365e+01
-5.497e-01  -5.497e-01  -3.978e-02  9.276e+01
-1.401e+00  -1.401e+00  -8.281e-02  9.409e+01
-5.425e-01  -5.425e-01  -3.978e-02  9.267e+01
-5.804e-01  -5.804e-01  -2.297e-02  9.604e+01
-1.474e+00  -1.474e+00  -6.890e-02  9.533e+01
-5.600e-01  -5.600e-01  -3.248e-02  9.420e+01
-5.831e-01  -5.831e-01  -2.297e-02  9.606e+01
-1.505e+00  -1.505e+00  -8.281e-02  9.450e+01
-5.550e-01  -5.550e-01  -3.248e-02  9.415e+01
-5.935e-01  -5.935e-01  -3.248e-02  9.453e+01
-1.505e+00  -1.505e+00  -9.187e-02  9.390e+01
========================================================================================

step: 1/15 res:15.817841410988116, res/res0:0.9978425759456716  dq_norm: [0.08281173 0.0607672  0.18084896]

A info: before HHL prepare:
Spectral radius (A): 4.853e+01, lambda_min:3.4498818066742514
condition number(A): 1.407e+01, norm2_cond:191.1934999061255
det(A): 2.053e+38
--------------------------------------------------------------------------------

A_hhl info: after scaling by spectral radius:
Spectral radius (A): 1.000e+00, lambda_min:0.07108807203243818
condition number(A): 1.407e+01, norm2_cond:191.19349990612628
det(A): 5.398e-13, nnz: 13 non zeros per row
--------------------------------------------------------------------------------

Size of A & B are not power of 2:
Next 2 power of 30 = 32
Value to be padded = 2
--------------------------------------------------

==================== Print (N)^2 padded matrix system =======================
Padded shape of A: (30, 30)x(30, 30) -> (32, 32)x(32, 32)
Padded shape of B: (30,) -> (32,)
Determinant of padded matrix: 5.397788550848117e-13
Condition # of padded matrix: 191.19349990612628


Matrix is not Hermitian. Making it Hermitian.......

==================== Print Hermitian matrix system info =======================
Shape of hermitian A: 32x32 -> 64x64
Shape of           B: 32 -> 64
Determinant of Hermitian matrix: 2.9136121239667017e-25
Condition # of Hermitian matrix: 191.1934999061266

=================================== Generating HHL circuit ===================================
Time elapsed for generating HHL circuit: 0 min 51.07 sec

Generated circuit: num_qubits=16, gates=21, depth=5
============================== Generated Circuit saved ==============================

============================== Transpiling circuit ==============================
This is using the AerSimulator('aer_simulator_statevector') transpiler.
Time elapsed for transpiling the circuit:  0 min 9.55 sec
Transpiled circuit, num_qubits: 16, (original: 16)
Transpiled circuit depth: 103102 (original: 5)
Transpiled circuit gates: 103229 (original: 21)
============================== Transpiled Circuit saved ==============================
Time elapsed for running the circuit:  0 min 20.10 sec
total_qubits: 16, nq:6

Time elapsed for extracting shots-based hhl counts solution:  0 min 0.00 sec

[HHL info]: linear system residual (e=||Ax-b||_2): 13.90150298013208
[HHL info]: Fidelity(true_sol, hhl_sol): 0.9102085323468149
[HHL info]: L2 error (absolute): 3.1078856055425934
[HHL info]: L2 error (relative): 0.8892225830761618
[HHL info]: L2 error (normalized): 0.30315508966701255

========================================================================================
 Compare system solutions using LU of A, LU sol of A_herm, HHL of Ax=b hermition system
LU sol 	    Herm LU sol    HHL sol    L1_diff(%)
 4.304e-03   4.304e-03   0.000e+00  1.000e+02
 1.927e-03   1.927e-03   0.000e+00  1.000e+02
 8.976e-03   8.976e-03   0.000e+00  1.000e+02
 4.634e-03   4.634e-03   0.000e+00  1.000e+02
 1.155e-03   1.155e-03   0.000e+00  1.000e+02
 7.867e-03   7.867e-03   0.000e+00  1.000e+02
-2.609e-02  -2.609e-02  -0.000e+00  1.000e+02
-1.793e-02  -1.793e-02  -0.000e+00  1.000e+02
-6.624e-02  -6.624e-02  -0.000e+00  1.000e+02
-1.236e-01  -1.236e-01  -0.000e+00  1.000e+02
-9.435e-02  -9.435e-02  -0.000e+00  1.000e+02
-3.084e-01  -3.084e-01  -0.000e+00  1.000e+02
-2.736e-01  -2.736e-01  -6.854e-02  7.495e+01
-2.855e-01  -2.855e-01  -0.000e+00  1.000e+02
-7.212e-01  -7.212e-01  -1.084e-01  8.497e+01
-4.025e-01  -4.025e-01  -0.000e+00  1.000e+02
-4.633e-01  -4.633e-01  -8.394e-02  8.188e+01
-1.130e+00  -1.130e+00  -8.394e-02  9.257e+01
-4.708e-01  -4.708e-01  -8.394e-02  8.217e+01
-5.073e-01  -5.073e-01  -8.394e-02  8.345e+01
-1.301e+00  -1.301e+00  -1.371e-01  8.946e+01
-4.935e-01  -4.935e-01  -4.846e-02  9.018e+01
-5.578e-01  -5.578e-01  -8.394e-02  8.495e+01
-1.386e+00  -1.386e+00  -1.607e-01  8.840e+01
-5.213e-01  -5.213e-01  -4.846e-02  9.070e+01
-5.607e-01  -5.607e-01  -8.394e-02  8.503e+01
-1.407e+00  -1.407e+00  -1.938e-01  8.622e+01
-5.184e-01  -5.184e-01  -4.846e-02  9.065e+01
-5.609e-01  -5.609e-01  -4.846e-02  9.136e+01
-1.402e+00  -1.402e+00  -1.282e-01  9.086e+01
========================================================================================

step: 2/15 res:15.67140574880268, res/res0:0.9886049224271629  dq_norm: [0.13707106 0.174732   0.34267765]

A info: before HHL prepare:
Spectral radius (A): 4.875e+01, lambda_min:3.5298564750917367
condition number(A): 1.381e+01, norm2_cond:186.7925866448549
det(A): 2.637e+38
--------------------------------------------------------------------------------

A_hhl info: after scaling by spectral radius:
Spectral radius (A): 1.000e+00, lambda_min:0.07240813136984381
condition number(A): 1.381e+01, norm2_cond:186.792586644855
det(A): 6.054e-13, nnz: 19 non zeros per row
--------------------------------------------------------------------------------

Size of A & B are not power of 2:
Next 2 power of 30 = 32
Value to be padded = 2
--------------------------------------------------

==================== Print (N)^2 padded matrix system =======================
Padded shape of A: (30, 30)x(30, 30) -> (32, 32)x(32, 32)
Padded shape of B: (30,) -> (32,)
Determinant of padded matrix: 6.05372218484853e-13
Condition # of padded matrix: 186.792586644855


Matrix is not Hermitian. Making it Hermitian.......

==================== Print Hermitian matrix system info =======================
Shape of hermitian A: 32x32 -> 64x64
Shape of           B: 32 -> 64
Determinant of Hermitian matrix: 3.664755229132752e-25
Condition # of Hermitian matrix: 186.79258664485496

=================================== Generating HHL circuit ===================================
Time elapsed for generating HHL circuit: 0 min 50.53 sec

Generated circuit: num_qubits=16, gates=21, depth=5
============================== Generated Circuit saved ==============================

============================== Transpiling circuit ==============================
This is using the AerSimulator('aer_simulator_statevector') transpiler.
Time elapsed for transpiling the circuit:  0 min 9.42 sec
Transpiled circuit, num_qubits: 16, (original: 16)
Transpiled circuit depth: 103102 (original: 5)
Transpiled circuit gates: 103229 (original: 21)
============================== Transpiled Circuit saved ==============================
Time elapsed for running the circuit:  0 min 20.19 sec
total_qubits: 16, nq:6

Time elapsed for extracting shots-based hhl counts solution:  0 min 0.00 sec

[HHL info]: linear system residual (e=||Ax-b||_2): 13.04706723614654
[HHL info]: Fidelity(true_sol, hhl_sol): 0.886277653980907
[HHL info]: L2 error (absolute): 2.76302504629068
[HHL info]: L2 error (relative): 0.8941522025720856
[HHL info]: L2 error (normalized): 0.3422770613708168

========================================================================================
 Compare system solutions using LU of A, LU sol of A_herm, HHL of Ax=b hermition system
LU sol 	    Herm LU sol    HHL sol    L1_diff(%)
 4.010e-03   4.010e-03   0.000e+00  1.000e+02
 1.778e-03   1.778e-03   0.000e+00  1.000e+02
 8.400e-03   8.400e-03   0.000e+00  1.000e+02
 5.082e-03   5.082e-03   0.000e+00  1.000e+02
 1.469e-03   1.469e-03   0.000e+00  1.000e+02
 8.544e-03   8.544e-03   0.000e+00  1.000e+02
-2.170e-02  -2.170e-02  -0.000e+00  1.000e+02
-1.486e-02  -1.486e-02  -0.000e+00  1.000e+02
-5.700e-02  -5.700e-02  -0.000e+00  1.000e+02
-1.176e-01  -1.176e-01  -4.446e-02  6.220e+01
-9.429e-02  -9.429e-02  -0.000e+00  1.000e+02
-2.944e-01  -2.944e-01  -4.446e-02  8.489e+01
-2.054e-01  -2.054e-01  -4.446e-02  7.835e+01
-2.898e-01  -2.898e-01  -0.000e+00  1.000e+02
-6.139e-01  -6.139e-01  -8.893e-02  8.551e+01
-4.088e-01  -4.088e-01  -6.288e-02  8.462e+01
-3.739e-01  -3.739e-01  -0.000e+00  1.000e+02
-1.060e+00  -1.060e+00  -1.406e-01  8.673e+01
-3.859e-01  -3.859e-01  -4.446e-02  8.848e+01
-4.266e-01  -4.266e-01  -4.446e-02  8.958e+01
-1.169e+00  -1.169e+00  -9.943e-02  9.149e+01
-4.456e-01  -4.456e-01  -4.446e-02  9.002e+01
-4.728e-01  -4.728e-01  -6.288e-02  8.670e+01
-1.224e+00  -1.224e+00  -1.258e-01  8.973e+01
-4.665e-01  -4.665e-01  -6.288e-02  8.652e+01
-4.740e-01  -4.740e-01  -0.000e+00  1.000e+02
-1.192e+00  -1.192e+00  -8.893e-02  9.254e+01
-4.576e-01  -4.576e-01  -8.893e-02  8.057e+01
-5.116e-01  -5.116e-01  -4.446e-02  9.131e+01
-1.245e+00  -1.245e+00  -1.664e-01  8.664e+01
========================================================================================

step: 3/15 res:13.940095392642885, res/res0:0.8793880488560434  dq_norm: [0.15402926 0.08892883 0.30157234]

A info: before HHL prepare:
Spectral radius (A): 4.947e+01, lambda_min:3.912143359616536
condition number(A): 1.264e+01, norm2_cond:175.59117307590006
det(A): 8.260e+38
--------------------------------------------------------------------------------

A_hhl info: after scaling by spectral radius:
Spectral radius (A): 1.000e+00, lambda_min:0.07908639593002498
condition number(A): 1.264e+01, norm2_cond:175.5911730758976
det(A): 1.224e-12, nnz: 16 non zeros per row
--------------------------------------------------------------------------------

Size of A & B are not power of 2:
Next 2 power of 30 = 32
Value to be padded = 2
--------------------------------------------------

==================== Print (N)^2 padded matrix system =======================
Padded shape of A: (30, 30)x(30, 30) -> (32, 32)x(32, 32)
Padded shape of B: (30,) -> (32,)
Determinant of padded matrix: 1.2235070024969178e-12
Condition # of padded matrix: 175.5911730758976


Matrix is not Hermitian. Making it Hermitian.......

==================== Print Hermitian matrix system info =======================
Shape of hermitian A: 32x32 -> 64x64
Shape of           B: 32 -> 64
Determinant of Hermitian matrix: 1.4969693851590033e-24
Condition # of Hermitian matrix: 175.59117307589977

=================================== Generating HHL circuit ===================================
Time elapsed for generating HHL circuit: 0 min 51.47 sec

Generated circuit: num_qubits=16, gates=21, depth=5
============================== Generated Circuit saved ==============================

============================== Transpiling circuit ==============================
This is using the AerSimulator('aer_simulator_statevector') transpiler.
Time elapsed for transpiling the circuit:  0 min 8.40 sec
Transpiled circuit, num_qubits: 16, (original: 16)
Transpiled circuit depth: 103104 (original: 5)
Transpiled circuit gates: 103231 (original: 21)
============================== Transpiled Circuit saved ==============================
Time elapsed for running the circuit:  0 min 20.20 sec
total_qubits: 16, nq:6

Time elapsed for extracting shots-based hhl counts solution:  0 min 0.00 sec

[HHL info]: linear system residual (e=||Ax-b||_2): 12.36480522550139
[HHL info]: Fidelity(true_sol, hhl_sol): 0.9132385167961088
[HHL info]: L2 error (absolute): 2.3359276681943903
[HHL info]: L2 error (relative): 0.869144355605794
[HHL info]: L2 error (normalized): 0.2978753500924841

========================================================================================
 Compare system solutions using LU of A, LU sol of A_herm, HHL of Ax=b hermition system
LU sol 	    Herm LU sol    HHL sol    L1_diff(%)
 3.674e-03   3.674e-03   0.000e+00  1.000e+02
 1.605e-03   1.605e-03   0.000e+00  1.000e+02
 7.636e-03   7.636e-03   0.000e+00  1.000e+02
 4.392e-03   4.392e-03   0.000e+00  1.000e+02
 1.226e-03   1.226e-03   0.000e+00  1.000e+02
 7.195e-03   7.195e-03   0.000e+00  1.000e+02
-2.174e-02  -2.174e-02  -0.000e+00  1.000e+02
-1.556e-02  -1.556e-02  -0.000e+00  1.000e+02
-5.730e-02  -5.730e-02  -0.000e+00  1.000e+02
-6.843e-02  -6.843e-02  -0.000e+00  1.000e+02
-9.216e-02  -9.216e-02  -0.000e+00  1.000e+02
-2.400e-01  -2.400e-01  -4.069e-02  8.304e+01
-1.507e-01  -1.507e-01  -4.069e-02  7.300e+01
-2.886e-01  -2.886e-01  -4.069e-02  8.590e+01
-4.995e-01  -4.995e-01  -1.077e-01  7.845e+01
-3.360e-01  -3.360e-01  -4.069e-02  8.789e+01
-3.800e-01  -3.800e-01  -0.000e+00  1.000e+02
-8.926e-01  -8.926e-01  -1.287e-01  8.558e+01
-3.364e-01  -3.364e-01  -5.754e-02  8.290e+01
-3.792e-01  -3.792e-01  -5.754e-02  8.482e+01
-1.060e+00  -1.060e+00  -1.287e-01  8.786e+01
-3.872e-01  -3.872e-01  -4.069e-02  8.949e+01
-4.050e-01  -4.050e-01  -0.000e+00  1.000e+02
-1.067e+00  -1.067e+00  -9.967e-02  9.066e+01
-3.832e-01  -3.832e-01  -5.754e-02  8.498e+01
-4.758e-01  -4.758e-01  -7.047e-02  8.519e+01
-1.061e+00  -1.061e+00  -1.522e-01  8.565e+01
-3.485e-01  -3.485e-01  -5.754e-02  8.349e+01
-4.670e-01  -4.670e-01  -9.098e-02  8.052e+01
-1.034e+00  -1.034e+00  -1.576e-01  8.475e+01
========================================================================================

step: 4/15 res:13.087939094653997, res/res0:0.8256311667758581  dq_norm: [0.12206513 0.13494807 0.32295397]

A info: before HHL prepare:
Spectral radius (A): 4.979e+01, lambda_min:3.9140065195124687
condition number(A): 1.272e+01, norm2_cond:172.41529346558207
det(A): 1.287e+39
--------------------------------------------------------------------------------

A_hhl info: after scaling by spectral radius:
Spectral radius (A): 1.000e+00, lambda_min:0.07861634855293999
condition number(A): 1.272e+01, norm2_cond:172.4152934655839
det(A): 1.572e-12, nnz: 16 non zeros per row
--------------------------------------------------------------------------------

Size of A & B are not power of 2:
Next 2 power of 30 = 32
Value to be padded = 2
--------------------------------------------------

==================== Print (N)^2 padded matrix system =======================
Padded shape of A: (30, 30)x(30, 30) -> (32, 32)x(32, 32)
Padded shape of B: (30,) -> (32,)
Determinant of padded matrix: 1.571898201353412e-12
Condition # of padded matrix: 172.4152934655839


Matrix is not Hermitian. Making it Hermitian.......

==================== Print Hermitian matrix system info =======================
Shape of hermitian A: 32x32 -> 64x64
Shape of           B: 32 -> 64
Determinant of Hermitian matrix: 2.4708639554181096e-24
Condition # of Hermitian matrix: 172.41529346558377

=================================== Generating HHL circuit ===================================
Time elapsed for generating HHL circuit: 0 min 50.94 sec

Generated circuit: num_qubits=16, gates=21, depth=5
============================== Generated Circuit saved ==============================

============================== Transpiling circuit ==============================
This is using the AerSimulator('aer_simulator_statevector') transpiler.
Time elapsed for transpiling the circuit:  0 min 9.68 sec
Transpiled circuit, num_qubits: 16, (original: 16)
Transpiled circuit depth: 103094 (original: 5)
Transpiled circuit gates: 103221 (original: 21)
============================== Transpiled Circuit saved ==============================
Time elapsed for running the circuit:  0 min 20.29 sec
total_qubits: 16, nq:6

Time elapsed for extracting shots-based hhl counts solution:  0 min 0.00 sec

[HHL info]: linear system residual (e=||Ax-b||_2): 11.517849354170975
[HHL info]: Fidelity(true_sol, hhl_sol): 0.9085002936489878
[HHL info]: L2 error (absolute): 1.9850358270273945
[HHL info]: L2 error (relative): 0.8623009605091124
[HHL info]: L2 error (normalized): 0.3060953525493

========================================================================================
 Compare system solutions using LU of A, LU sol of A_herm, HHL of Ax=b hermition system
LU sol 	    Herm LU sol    HHL sol    L1_diff(%)
 3.682e-03   3.682e-03   0.000e+00  1.000e+02
 1.626e-03   1.626e-03   0.000e+00  1.000e+02
 7.657e-03   7.657e-03   0.000e+00  1.000e+02
 3.886e-03   3.886e-03   0.000e+00  1.000e+02
 9.347e-04   9.347e-04   0.000e+00  1.000e+02
 6.080e-03   6.080e-03   0.000e+00  1.000e+02
-2.351e-02  -2.351e-02  -0.000e+00  1.000e+02
-1.651e-02  -1.651e-02  -0.000e+00  1.000e+02
-6.072e-02  -6.072e-02  -0.000e+00  1.000e+02
-7.031e-02  -7.031e-02  -4.258e-02  3.943e+01
-9.267e-02  -9.267e-02  -0.000e+00  1.000e+02
-2.035e-01  -2.035e-01  -0.000e+00  1.000e+02
-1.073e-01  -1.073e-01  -0.000e+00  1.000e+02
-2.460e-01  -2.460e-01  -4.258e-02  8.269e+01
-3.857e-01  -3.857e-01  -0.000e+00  1.000e+02
-2.853e-01  -2.853e-01  -4.258e-02  8.508e+01
-3.802e-01  -3.802e-01  -4.258e-02  8.880e+01
-7.384e-01  -7.384e-01  -1.043e-01  8.587e+01
-2.664e-01  -2.664e-01  -6.022e-02  7.739e+01
-3.206e-01  -3.206e-01  -0.000e+00  1.000e+02
-8.986e-01  -8.986e-01  -1.347e-01  8.502e+01
-3.381e-01  -3.381e-01  -6.022e-02  8.219e+01
-4.086e-01  -4.086e-01  -6.022e-02  8.526e+01
-9.441e-01  -9.441e-01  -1.593e-01  8.312e+01
-3.242e-01  -3.242e-01  -7.375e-02  7.725e+01
-4.062e-01  -4.062e-01  -6.022e-02  8.518e+01
-9.046e-01  -9.046e-01  -1.277e-01  8.588e+01
-2.932e-01  -2.932e-01  -4.258e-02  8.548e+01
-3.766e-01  -3.766e-01  -4.258e-02  8.869e+01
-8.820e-01  -8.820e-01  -1.043e-01  8.817e+01
========================================================================================

step: 5/15 res:12.375683511750998, res/res0:0.7806996917971103  dq_norm: [0.13465411 0.11265971 0.28564451]

A info: before HHL prepare:
Spectral radius (A): 5.035e+01, lambda_min:4.199201111287169
condition number(A): 1.199e+01, norm2_cond:169.81863110184375
det(A): 2.538e+39
--------------------------------------------------------------------------------

A_hhl info: after scaling by spectral radius:
Spectral radius (A): 1.000e+00, lambda_min:0.08339824420568155
condition number(A): 1.199e+01, norm2_cond:169.81863110184347
det(A): 2.209e-12, nnz: 13 non zeros per row
--------------------------------------------------------------------------------

Size of A & B are not power of 2:
Next 2 power of 30 = 32
Value to be padded = 2
--------------------------------------------------

==================== Print (N)^2 padded matrix system =======================
Padded shape of A: (30, 30)x(30, 30) -> (32, 32)x(32, 32)
Padded shape of B: (30,) -> (32,)
Determinant of padded matrix: 2.2094180588730467e-12
Condition # of padded matrix: 169.81863110184347


Matrix is not Hermitian. Making it Hermitian.......

==================== Print Hermitian matrix system info =======================
Shape of hermitian A: 32x32 -> 64x64
Shape of           B: 32 -> 64
Determinant of Hermitian matrix: 4.881528158874376e-24
Condition # of Hermitian matrix: 169.81863110184375

=================================== Generating HHL circuit ===================================
Time elapsed for generating HHL circuit: 0 min 50.14 sec

Generated circuit: num_qubits=16, gates=21, depth=5
============================== Generated Circuit saved ==============================

============================== Transpiling circuit ==============================
This is using the AerSimulator('aer_simulator_statevector') transpiler.
Time elapsed for transpiling the circuit:  0 min 9.59 sec
Transpiled circuit, num_qubits: 16, (original: 16)
Transpiled circuit depth: 103102 (original: 5)
Transpiled circuit gates: 103229 (original: 21)
============================== Transpiled Circuit saved ==============================
Time elapsed for running the circuit:  0 min 20.17 sec
total_qubits: 16, nq:6

Time elapsed for extracting shots-based hhl counts solution:  0 min 0.00 sec

[HHL info]: linear system residual (e=||Ax-b||_2): 10.252265323477307
[HHL info]: Fidelity(true_sol, hhl_sol): 0.9152643974207535
[HHL info]: L2 error (absolute): 1.6527683108071758
[HHL info]: L2 error (relative): 0.8478429984516103
[HHL info]: L2 error (normalized): 0.2942974133460251

========================================================================================
 Compare system solutions using LU of A, LU sol of A_herm, HHL of Ax=b hermition system
LU sol 	    Herm LU sol    HHL sol    L1_diff(%)
 3.786e-03   3.786e-03   0.000e+00  1.000e+02
 1.686e-03   1.686e-03   0.000e+00  1.000e+02
 7.815e-03   7.815e-03   0.000e+00  1.000e+02
 4.219e-03   4.219e-03   0.000e+00  1.000e+02
 1.306e-03   1.306e-03   0.000e+00  1.000e+02
 6.807e-03   6.807e-03   0.000e+00  1.000e+02
-2.419e-02  -2.419e-02  -0.000e+00  1.000e+02
-1.743e-02  -1.743e-02  -0.000e+00  1.000e+02
-6.192e-02  -6.192e-02  -0.000e+00  1.000e+02
-3.009e-02  -3.009e-02  -0.000e+00  1.000e+02
-9.434e-02  -9.434e-02  -0.000e+00  1.000e+02
-2.057e-01  -2.057e-01  -3.540e-02  8.279e+01
-1.053e-01  -1.053e-01  -0.000e+00  1.000e+02
-2.012e-01  -2.012e-01  -3.540e-02  8.241e+01
-3.821e-01  -3.821e-01  -7.916e-02  7.928e+01
-2.337e-01  -2.337e-01  -5.007e-02  7.857e+01
-3.355e-01  -3.355e-01  -5.007e-02  8.508e+01
-6.127e-01  -6.127e-01  -1.062e-01  8.267e+01
-1.974e-01  -1.974e-01  -0.000e+00  1.000e+02
-3.231e-01  -3.231e-01  -0.000e+00  1.000e+02
-7.344e-01  -7.344e-01  -1.371e-01  8.133e+01
-2.707e-01  -2.707e-01  -5.007e-02  8.151e+01
-3.488e-01  -3.488e-01  -3.540e-02  8.985e+01
-7.670e-01  -7.670e-01  -1.325e-01  8.273e+01
-2.453e-01  -2.453e-01  -5.007e-02  7.959e+01
-3.472e-01  -3.472e-01  -5.007e-02  8.558e+01
-7.663e-01  -7.663e-01  -9.366e-02  8.778e+01
-2.484e-01  -2.484e-01  -0.000e+00  1.000e+02
-3.346e-01  -3.346e-01  -5.007e-02  8.504e+01
-7.717e-01  -7.717e-01  -1.276e-01  8.346e+01
========================================================================================

step: 6/15 res:11.517005285996394, res/res0:0.7265313846031701  dq_norm: [0.08671615 0.10013119 0.28321377]

A info: before HHL prepare:
Spectral radius (A): 5.014e+01, lambda_min:4.369481147982456
condition number(A): 1.147e+01, norm2_cond:165.98285678753132
det(A): 2.425e+39
--------------------------------------------------------------------------------

A_hhl info: after scaling by spectral radius:
Spectral radius (A): 1.000e+00, lambda_min:0.08714901754342498
condition number(A): 1.147e+01, norm2_cond:165.98285678753206
det(A): 2.397e-12, nnz: 13 non zeros per row
--------------------------------------------------------------------------------

Size of A & B are not power of 2:
Next 2 power of 30 = 32
Value to be padded = 2
--------------------------------------------------

==================== Print (N)^2 padded matrix system =======================
Padded shape of A: (30, 30)x(30, 30) -> (32, 32)x(32, 32)
Padded shape of B: (30,) -> (32,)
Determinant of padded matrix: 2.396828860504178e-12
Condition # of padded matrix: 165.98285678753206


Matrix is not Hermitian. Making it Hermitian.......

==================== Print Hermitian matrix system info =======================
Shape of hermitian A: 32x32 -> 64x64
Shape of           B: 32 -> 64
Determinant of Hermitian matrix: 5.744788586545879e-24
Condition # of Hermitian matrix: 165.98285678753268

=================================== Generating HHL circuit ===================================
Time elapsed for generating HHL circuit: 0 min 50.25 sec

Generated circuit: num_qubits=16, gates=21, depth=5
============================== Generated Circuit saved ==============================

============================== Transpiling circuit ==============================
This is using the AerSimulator('aer_simulator_statevector') transpiler.
Time elapsed for transpiling the circuit:  0 min 9.32 sec
Transpiled circuit, num_qubits: 16, (original: 16)
Transpiled circuit depth: 103104 (original: 5)
Transpiled circuit gates: 103231 (original: 21)
============================== Transpiled Circuit saved ==============================
Time elapsed for running the circuit:  0 min 20.10 sec
total_qubits: 16, nq:6

Time elapsed for extracting shots-based hhl counts solution:  0 min 0.00 sec

[HHL info]: linear system residual (e=||Ax-b||_2): 10.051490232659333
[HHL info]: Fidelity(true_sol, hhl_sol): 0.8494523867036009
[HHL info]: L2 error (absolute): 1.585025774260141
[HHL info]: L2 error (relative): 0.9616119182929378
[HHL info]: L2 error (normalized): 0.39583478151137874

========================================================================================
 Compare system solutions using LU of A, LU sol of A_herm, HHL of Ax=b hermition system
LU sol 	    Herm LU sol    HHL sol    L1_diff(%)
 3.797e-03   3.797e-03   0.000e+00  1.000e+02
 1.706e-03   1.706e-03   0.000e+00  1.000e+02
 7.864e-03   7.864e-03   0.000e+00  1.000e+02
 4.074e-03   4.074e-03   0.000e+00  1.000e+02
 1.155e-03   1.155e-03   0.000e+00  1.000e+02
 6.411e-03   6.411e-03   0.000e+00  1.000e+02
-2.445e-02  -2.445e-02  -0.000e+00  1.000e+02
-1.731e-02  -1.731e-02  -0.000e+00  1.000e+02
-6.213e-02  -6.213e-02  -0.000e+00  1.000e+02
-3.070e-02  -3.070e-02  -0.000e+00  1.000e+02
-9.498e-02  -9.498e-02  -0.000e+00  1.000e+02
-1.736e-01  -1.736e-01  -9.126e-03  9.474e+01
-1.058e-01  -1.058e-01  -0.000e+00  1.000e+02
-1.660e-01  -1.660e-01  -9.126e-03  9.450e+01
-3.043e-01  -3.043e-01  -0.000e+00  1.000e+02
-1.819e-01  -1.819e-01  -9.126e-03  9.498e+01
-2.852e-01  -2.852e-01  -0.000e+00  1.000e+02
-5.038e-01  -5.038e-01  -2.235e-02  9.556e+01
-1.925e-01  -1.925e-01  -0.000e+00  1.000e+02
-3.210e-01  -3.210e-01  -1.581e-02  9.508e+01
-5.825e-01  -5.825e-01  -2.041e-02  9.650e+01
-2.144e-01  -2.144e-01  -9.126e-03  9.574e+01
-3.132e-01  -3.132e-01  -1.291e-02  9.588e+01
-6.194e-01  -6.194e-01  -3.027e-02  9.511e+01
-1.965e-01  -1.965e-01  -1.825e-02  9.071e+01
-3.000e-01  -3.000e-01  -0.000e+00  1.000e+02
-6.765e-01  -6.765e-01  -3.027e-02  9.553e+01
-2.581e-01  -2.581e-01  -1.291e-02  9.500e+01
-2.852e-01  -2.852e-01  -9.126e-03  9.680e+01
-6.564e-01  -6.564e-01  -2.581e-02  9.607e+01
========================================================================================

step: 7/15 res:10.205461747183591, res/res0:0.643794812069022  dq_norm: [0.02581164 0.02414458 0.0591419 ]

A info: before HHL prepare:
Spectral radius (A): 5.014e+01, lambda_min:4.372108781404634
condition number(A): 1.147e+01, norm2_cond:164.2349583995256
det(A): 2.714e+39
--------------------------------------------------------------------------------

A_hhl info: after scaling by spectral radius:
Spectral radius (A): 1.000e+00, lambda_min:0.0872038565002693
condition number(A): 1.147e+01, norm2_cond:164.23495839952392
det(A): 2.685e-12, nnz: 18 non zeros per row
--------------------------------------------------------------------------------

Size of A & B are not power of 2:
Next 2 power of 30 = 32
Value to be padded = 2
--------------------------------------------------

==================== Print (N)^2 padded matrix system =======================
Padded shape of A: (30, 30)x(30, 30) -> (32, 32)x(32, 32)
Padded shape of B: (30,) -> (32,)
Determinant of padded matrix: 2.6846839608788606e-12
Condition # of padded matrix: 164.23495839952392


Matrix is not Hermitian. Making it Hermitian.......

==================== Print Hermitian matrix system info =======================
Shape of hermitian A: 32x32 -> 64x64
Shape of           B: 32 -> 64
Determinant of Hermitian matrix: 7.207527969800258e-24
Condition # of Hermitian matrix: 164.23495839952562

=================================== Generating HHL circuit ===================================
Time elapsed for generating HHL circuit: 0 min 49.68 sec

Generated circuit: num_qubits=16, gates=21, depth=5
============================== Generated Circuit saved ==============================

============================== Transpiling circuit ==============================
This is using the AerSimulator('aer_simulator_statevector') transpiler.
Time elapsed for transpiling the circuit:  0 min 10.37 sec
Transpiled circuit, num_qubits: 16, (original: 16)
Transpiled circuit depth: 103108 (original: 5)
Transpiled circuit gates: 103235 (original: 21)
============================== Transpiled Circuit saved ==============================
Time elapsed for running the circuit:  0 min 20.05 sec
total_qubits: 16, nq:6

Time elapsed for extracting shots-based hhl counts solution:  0 min 0.00 sec

[HHL info]: linear system residual (e=||Ax-b||_2): 9.874663423710897
[HHL info]: Fidelity(true_sol, hhl_sol): 0.8830659075651193
[HHL info]: L2 error (absolute): 1.4312763699151356
[HHL info]: L2 error (relative): 0.9064676368263143
[HHL info]: L2 error (normalized): 0.34722941886742154

========================================================================================
 Compare system solutions using LU of A, LU sol of A_herm, HHL of Ax=b hermition system
LU sol 	    Herm LU sol    HHL sol    L1_diff(%)
 3.789e-03   3.789e-03   0.000e+00  1.000e+02
 1.701e-03   1.701e-03   0.000e+00  1.000e+02
 7.851e-03   7.851e-03   0.000e+00  1.000e+02
 4.019e-03   4.019e-03   0.000e+00  1.000e+02
 1.120e-03   1.120e-03   0.000e+00  1.000e+02
 6.287e-03   6.287e-03   0.000e+00  1.000e+02
-2.451e-02  -2.451e-02  -0.000e+00  1.000e+02
-1.729e-02  -1.729e-02  -0.000e+00  1.000e+02
-6.230e-02  -6.230e-02  -1.905e-02  6.942e+01
-3.072e-02  -3.072e-02  -0.000e+00  1.000e+02
-9.495e-02  -9.495e-02  -1.905e-02  7.994e+01
-1.648e-01  -1.648e-01  -1.905e-02  8.844e+01
-1.059e-01  -1.059e-01  -0.000e+00  1.000e+02
-1.569e-01  -1.569e-01  -0.000e+00  1.000e+02
-3.047e-01  -3.047e-01  -4.666e-02  8.468e+01
-1.732e-01  -1.732e-01  -1.905e-02  8.900e+01
-2.858e-01  -2.858e-01  -0.000e+00  1.000e+02
-4.822e-01  -4.822e-01  -5.388e-02  8.883e+01
-1.926e-01  -1.926e-01  -1.905e-02  9.011e+01
-3.046e-01  -3.046e-01  -0.000e+00  1.000e+02
-5.624e-01  -5.624e-01  -6.318e-02  8.877e+01
-2.036e-01  -2.036e-01  -2.694e-02  8.677e+01
-2.996e-01  -2.996e-01  -1.905e-02  9.364e+01
-5.849e-01  -5.849e-01  -6.024e-02  8.970e+01
-1.762e-01  -1.762e-01  -1.905e-02  8.919e+01
-3.006e-01  -3.006e-01  -3.300e-02  8.902e+01
-6.399e-01  -6.399e-01  -6.318e-02  9.013e+01
-2.433e-01  -2.433e-01  -1.905e-02  9.217e+01
-2.761e-01  -2.761e-01  -2.694e-02  9.024e+01
-6.265e-01  -6.265e-01  -5.388e-02  9.140e+01
========================================================================================

step: 8/15 res:10.053882232763522, res/res0:0.634232667070878  dq_norm: [0.04666449 0.05040341 0.14256238]

A info: before HHL prepare:
Spectral radius (A): 5.011e+01, lambda_min:4.168200051295431
condition number(A): 1.202e+01, norm2_cond:163.20387301792275
det(A): 3.260e+39
--------------------------------------------------------------------------------

A_hhl info: after scaling by spectral radius:
Spectral radius (A): 1.000e+00, lambda_min:0.08318368727784689
condition number(A): 1.202e+01, norm2_cond:163.2038730179217
det(A): 3.280e-12, nnz: 18 non zeros per row
--------------------------------------------------------------------------------

Size of A & B are not power of 2:
Next 2 power of 30 = 32
Value to be padded = 2
--------------------------------------------------

==================== Print (N)^2 padded matrix system =======================
Padded shape of A: (30, 30)x(30, 30) -> (32, 32)x(32, 32)
Padded shape of B: (30,) -> (32,)
Determinant of padded matrix: 3.280194148486793e-12
Condition # of padded matrix: 163.2038730179217


Matrix is not Hermitian. Making it Hermitian.......

==================== Print Hermitian matrix system info =======================
Shape of hermitian A: 32x32 -> 64x64
Shape of           B: 32 -> 64
Determinant of Hermitian matrix: 1.0759673651766769e-23
Condition # of Hermitian matrix: 163.20387301792266

=================================== Generating HHL circuit ===================================
Time elapsed for generating HHL circuit: 0 min 49.41 sec

Generated circuit: num_qubits=16, gates=21, depth=5
============================== Generated Circuit saved ==============================

============================== Transpiling circuit ==============================
This is using the AerSimulator('aer_simulator_statevector') transpiler.
Time elapsed for transpiling the circuit:  0 min 9.65 sec
Transpiled circuit, num_qubits: 16, (original: 16)
Transpiled circuit depth: 103104 (original: 5)
Transpiled circuit gates: 103231 (original: 21)
============================== Transpiled Circuit saved ==============================
Time elapsed for running the circuit:  0 min 20.07 sec
total_qubits: 16, nq:6

Time elapsed for extracting shots-based hhl counts solution:  0 min 0.00 sec

[HHL info]: linear system residual (e=||Ax-b||_2): 8.453182297229954
[HHL info]: Fidelity(true_sol, hhl_sol): 0.8435782328432999
[HHL info]: L2 error (absolute): 1.1304401191344806
[HHL info]: L2 error (relative): 0.7920453722997377
[HHL info]: L2 error (normalized): 0.4038188935964437

========================================================================================
 Compare system solutions using LU of A, LU sol of A_herm, HHL of Ax=b hermition system
LU sol 	    Herm LU sol    HHL sol    L1_diff(%)
 3.804e-03   3.804e-03   0.000e+00  1.000e+02
 1.703e-03   1.703e-03   0.000e+00  1.000e+02
 7.887e-03   7.887e-03   0.000e+00  1.000e+02
 4.083e-03   4.083e-03   0.000e+00  1.000e+02
 1.099e-03   1.099e-03   0.000e+00  1.000e+02
 6.520e-03   6.520e-03   0.000e+00  1.000e+02
-2.427e-02  -2.427e-02  -0.000e+00  1.000e+02
-1.720e-02  -1.720e-02  -0.000e+00  1.000e+02
-4.269e-02  -4.269e-02  -0.000e+00  1.000e+02
-3.033e-02  -3.033e-02  -0.000e+00  1.000e+02
-7.602e-02  -7.602e-02  -4.784e-02  3.707e+01
-1.452e-01  -1.452e-01  -6.766e-02  5.340e+01
-1.058e-01  -1.058e-01  -0.000e+00  1.000e+02
-1.570e-01  -1.570e-01  -0.000e+00  1.000e+02
-2.575e-01  -2.575e-01  -0.000e+00  1.000e+02
-1.534e-01  -1.534e-01  -0.000e+00  1.000e+02
-2.852e-01  -2.852e-01  -8.286e-02  7.094e+01
-4.272e-01  -4.272e-01  -6.766e-02  8.416e+01
-1.725e-01  -1.725e-01  -4.784e-02  7.227e+01
-3.050e-01  -3.050e-01  -8.286e-02  7.283e+01
-4.966e-01  -4.966e-01  -1.266e-01  7.451e+01
-1.761e-01  -1.761e-01  -0.000e+00  1.000e+02
-2.809e-01  -2.809e-01  -6.766e-02  7.591e+01
-5.231e-01  -5.231e-01  -1.353e-01  7.413e+01
-1.567e-01  -1.567e-01  -4.784e-02  6.946e+01
-2.672e-01  -2.672e-01  -9.568e-02  6.419e+01
-5.754e-01  -5.754e-01  -1.353e-01  7.648e+01
-2.231e-01  -2.231e-01  -0.000e+00  1.000e+02
-2.491e-01  -2.491e-01  -6.766e-02  7.284e+01
-5.703e-01  -5.703e-01  -9.568e-02  8.322e+01
========================================================================================

step: 9/15 res:9.873273778706606, res/res0:0.6228392790382652  dq_norm: [0.06765758 0.18528791 0.26636815]

A info: before HHL prepare:
Spectral radius (A): 4.962e+01, lambda_min:4.156661809071894
condition number(A): 1.194e+01, norm2_cond:168.54727700726536
det(A): 1.484e+39
--------------------------------------------------------------------------------

A_hhl info: after scaling by spectral radius:
Spectral radius (A): 1.000e+00, lambda_min:0.08376147741859165
condition number(A): 1.194e+01, norm2_cond:168.54727700726588
det(A): 1.998e-12, nnz: 13 non zeros per row
--------------------------------------------------------------------------------

Size of A & B are not power of 2:
Next 2 power of 30 = 32
Value to be padded = 2
--------------------------------------------------

==================== Print (N)^2 padded matrix system =======================
Padded shape of A: (30, 30)x(30, 30) -> (32, 32)x(32, 32)
Padded shape of B: (30,) -> (32,)
Determinant of padded matrix: 1.997803119328141e-12
Condition # of padded matrix: 168.54727700726588


Matrix is not Hermitian. Making it Hermitian.......

==================== Print Hermitian matrix system info =======================
Shape of hermitian A: 32x32 -> 64x64
Shape of           B: 32 -> 64
Determinant of Hermitian matrix: 3.9912173035973056e-24
Condition # of Hermitian matrix: 168.54727700726608

=================================== Generating HHL circuit ===================================
Time elapsed for generating HHL circuit: 0 min 49.83 sec

Generated circuit: num_qubits=16, gates=21, depth=5
============================== Generated Circuit saved ==============================

============================== Transpiling circuit ==============================
This is using the AerSimulator('aer_simulator_statevector') transpiler.
Time elapsed for transpiling the circuit:  0 min 9.31 sec
Transpiled circuit, num_qubits: 16, (original: 16)
Transpiled circuit depth: 103096 (original: 5)
Transpiled circuit gates: 103223 (original: 21)
============================== Transpiled Circuit saved ==============================
Time elapsed for running the circuit:  0 min 19.67 sec
total_qubits: 16, nq:6

Time elapsed for extracting shots-based hhl counts solution:  0 min 0.00 sec

[HHL info]: linear system residual (e=||Ax-b||_2): 8.283334963089118
[HHL info]: Fidelity(true_sol, hhl_sol): 0.7894003531600288
[HHL info]: L2 error (absolute): 1.1022053527558127
[HHL info]: L2 error (relative): 0.9523952096476437
[HHL info]: L2 error (normalized): 0.472266767848107

========================================================================================
 Compare system solutions using LU of A, LU sol of A_herm, HHL of Ax=b hermition system
LU sol 	    Herm LU sol    HHL sol    L1_diff(%)
 3.774e-03   3.774e-03   0.000e+00  1.000e+02
 1.690e-03   1.690e-03   0.000e+00  1.000e+02
 7.840e-03   7.840e-03   0.000e+00  1.000e+02
 3.897e-03   3.897e-03   0.000e+00  1.000e+02
 9.603e-04   9.603e-04   0.000e+00  1.000e+02
 6.093e-03   6.093e-03   0.000e+00  1.000e+02
-2.448e-02  -2.448e-02  -0.000e+00  1.000e+02
-1.723e-02  -1.723e-02  -0.000e+00  1.000e+02
-4.325e-02  -4.325e-02  -0.000e+00  1.000e+02
-3.021e-02  -3.021e-02  -0.000e+00  1.000e+02
-2.813e-02  -2.813e-02  -0.000e+00  1.000e+02
-7.772e-02  -7.772e-02  -0.000e+00  1.000e+02
-1.063e-01  -1.063e-01  -0.000e+00  1.000e+02
-1.573e-01  -1.573e-01  -0.000e+00  1.000e+02
-2.578e-01  -2.578e-01  -9.411e-03  9.635e+01
-1.541e-01  -1.541e-01  -0.000e+00  1.000e+02
-2.018e-01  -2.018e-01  -0.000e+00  1.000e+02
-3.596e-01  -3.596e-01  -2.662e-02  9.260e+01
-1.238e-01  -1.238e-01  -1.630e-02  8.684e+01
-2.209e-01  -2.209e-01  -1.331e-02  9.397e+01
-3.672e-01  -3.672e-01  -1.630e-02  9.556e+01
-1.766e-01  -1.766e-01  -0.000e+00  1.000e+02
-2.112e-01  -2.112e-01  -1.630e-02  9.228e+01
-3.845e-01  -3.845e-01  -1.630e-02  9.576e+01
-1.169e-01  -1.169e-01  -9.411e-03  9.195e+01
-1.761e-01  -1.761e-01  -9.411e-03  9.466e+01
-4.615e-01  -4.615e-01  -1.630e-02  9.647e+01
-2.448e-01  -2.448e-01  -1.630e-02  9.334e+01
-1.825e-01  -1.825e-01  -0.000e+00  1.000e+02
-5.089e-01  -5.089e-01  -3.393e-02  9.333e+01
========================================================================================

step: 10/15 res:8.395186939341858, res/res0:0.5295965956062165  dq_norm: [0.02489978 0.02305272 0.05239953]

A info: before HHL prepare:
Spectral radius (A): 4.961e+01, lambda_min:4.059194632864112
condition number(A): 1.222e+01, norm2_cond:165.13995116887943
det(A): 1.769e+39
--------------------------------------------------------------------------------

A_hhl info: after scaling by spectral radius:
Spectral radius (A): 1.000e+00, lambda_min:0.08181656317835033
condition number(A): 1.222e+01, norm2_cond:165.1399511688799
det(A): 2.398e-12, nnz: 18 non zeros per row
--------------------------------------------------------------------------------

Size of A & B are not power of 2:
Next 2 power of 30 = 32
Value to be padded = 2
--------------------------------------------------

==================== Print (N)^2 padded matrix system =======================
Padded shape of A: (30, 30)x(30, 30) -> (32, 32)x(32, 32)
Padded shape of B: (30,) -> (32,)
Determinant of padded matrix: 2.3976405328068415e-12
Condition # of padded matrix: 165.1399511688799


Matrix is not Hermitian. Making it Hermitian.......

==================== Print Hermitian matrix system info =======================
Shape of hermitian A: 32x32 -> 64x64
Shape of           B: 32 -> 64
Determinant of Hermitian matrix: 5.748680124558316e-24
Condition # of Hermitian matrix: 165.1399511688798

=================================== Generating HHL circuit ===================================
Time elapsed for generating HHL circuit: 0 min 49.84 sec

Generated circuit: num_qubits=16, gates=21, depth=5
============================== Generated Circuit saved ==============================

============================== Transpiling circuit ==============================
This is using the AerSimulator('aer_simulator_statevector') transpiler.
Time elapsed for transpiling the circuit:  0 min 9.53 sec
Transpiled circuit, num_qubits: 16, (original: 16)
Transpiled circuit depth: 103102 (original: 5)
Transpiled circuit gates: 103229 (original: 21)
============================== Transpiled Circuit saved ==============================
Time elapsed for running the circuit:  0 min 19.64 sec
total_qubits: 16, nq:6

Time elapsed for extracting shots-based hhl counts solution:  0 min 0.00 sec

[HHL info]: linear system residual (e=||Ax-b||_2): 8.546858795627603
[HHL info]: Fidelity(true_sol, hhl_sol): 0.7069047254358946
[HHL info]: L2 error (absolute): 1.0527263439458876
[HHL info]: L2 error (relative): 0.9681972570139752
[HHL info]: L2 error (normalized): 0.5643115033354887

========================================================================================
 Compare system solutions using LU of A, LU sol of A_herm, HHL of Ax=b hermition system
LU sol 	    Herm LU sol    HHL sol    L1_diff(%)
 3.756e-03   3.756e-03   0.000e+00  1.000e+02
 1.680e-03   1.680e-03   0.000e+00  1.000e+02
 7.804e-03   7.804e-03   0.000e+00  1.000e+02
 3.837e-03   3.837e-03   0.000e+00  1.000e+02
 9.256e-04   9.256e-04   0.000e+00  1.000e+02
 5.967e-03   5.967e-03   0.000e+00  1.000e+02
-2.451e-02  -2.451e-02  -0.000e+00  1.000e+02
-1.722e-02  -1.722e-02  -0.000e+00  1.000e+02
-4.331e-02  -4.331e-02  -0.000e+00  1.000e+02
-3.001e-02  -3.001e-02  -0.000e+00  1.000e+02
-2.801e-02  -2.801e-02  -0.000e+00  1.000e+02
-7.740e-02  -7.740e-02  -0.000e+00  1.000e+02
-1.057e-01  -1.057e-01  -0.000e+00  1.000e+02
-1.569e-01  -1.569e-01  -9.761e-03  9.378e+01
-2.468e-01  -2.468e-01  -0.000e+00  1.000e+02
-1.541e-01  -1.541e-01  -0.000e+00  1.000e+02
-2.021e-01  -2.021e-01  -9.761e-03  9.517e+01
-3.324e-01  -3.324e-01  -1.195e-02  9.640e+01
-1.094e-01  -1.094e-01  -9.761e-03  9.107e+01
-2.088e-01  -2.088e-01  -1.543e-02  9.261e+01
-3.544e-01  -3.544e-01  -1.691e-02  9.523e+01
-1.789e-01  -1.789e-01  -0.000e+00  1.000e+02
-1.953e-01  -1.953e-01  -6.902e-03  9.647e+01
-3.726e-01  -3.726e-01  -6.902e-03  9.815e+01
-1.035e-01  -1.035e-01  -6.902e-03  9.333e+01
-1.644e-01  -1.644e-01  -0.000e+00  1.000e+02
-4.341e-01  -4.341e-01  -1.380e-02  9.682e+01
-2.169e-01  -2.169e-01  -0.000e+00  1.000e+02
-1.820e-01  -1.820e-01  -1.380e-02  9.242e+01
-4.510e-01  -4.510e-01  -1.543e-02  9.658e+01
========================================================================================

step: 11/15 res:8.287424579592196, res/res0:0.5227985839275883  dq_norm: [0.01195456 0.0258248  0.03008498]

A info: before HHL prepare:
Spectral radius (A): 4.959e+01, lambda_min:4.142541933836966
condition number(A): 1.197e+01, norm2_cond:166.68711478844338
det(A): 1.603e+39
--------------------------------------------------------------------------------

A_hhl info: after scaling by spectral radius:
Spectral radius (A): 1.000e+00, lambda_min:0.0835410965482362
condition number(A): 1.197e+01, norm2_cond:166.68711478844273
det(A): 2.208e-12, nnz: 13 non zeros per row
--------------------------------------------------------------------------------

Size of A & B are not power of 2:
Next 2 power of 30 = 32
Value to be padded = 2
--------------------------------------------------

==================== Print (N)^2 padded matrix system =======================
Padded shape of A: (30, 30)x(30, 30) -> (32, 32)x(32, 32)
Padded shape of B: (30,) -> (32,)
Determinant of padded matrix: 2.2082951294873957e-12
Condition # of padded matrix: 166.68711478844273


Matrix is not Hermitian. Making it Hermitian.......

==================== Print Hermitian matrix system info =======================
Shape of hermitian A: 32x32 -> 64x64
Shape of           B: 32 -> 64
Determinant of Hermitian matrix: 4.876567378917857e-24
Condition # of Hermitian matrix: 166.6871147884434

=================================== Generating HHL circuit ===================================
Time elapsed for generating HHL circuit: 0 min 50.06 sec

Generated circuit: num_qubits=16, gates=21, depth=5
============================== Generated Circuit saved ==============================

============================== Transpiling circuit ==============================
This is using the AerSimulator('aer_simulator_statevector') transpiler.
Time elapsed for transpiling the circuit:  0 min 9.56 sec
Transpiled circuit, num_qubits: 16, (original: 16)
Transpiled circuit depth: 103104 (original: 5)
Transpiled circuit gates: 103231 (original: 21)
============================== Transpiled Circuit saved ==============================
Time elapsed for running the circuit:  0 min 19.64 sec
total_qubits: 16, nq:6

Time elapsed for extracting shots-based hhl counts solution:  0 min 0.00 sec

[HHL info]: linear system residual (e=||Ax-b||_2): 8.784965183111986
[HHL info]: Fidelity(true_sol, hhl_sol): 0.694434731175645
[HHL info]: L2 error (absolute): 1.016415566394323
[HHL info]: L2 error (relative): 0.959955896612028
[HHL info]: L2 error (normalized): 0.5773603634617158

========================================================================================
 Compare system solutions using LU of A, LU sol of A_herm, HHL of Ax=b hermition system
LU sol 	    Herm LU sol    HHL sol    L1_diff(%)
 3.777e-03   3.777e-03   0.000e+00  1.000e+02
 1.692e-03   1.692e-03   0.000e+00  1.000e+02
 7.848e-03   7.848e-03   0.000e+00  1.000e+02
 3.908e-03   3.908e-03   0.000e+00  1.000e+02
 9.579e-04   9.579e-04   0.000e+00  1.000e+02
 6.112e-03   6.112e-03   0.000e+00  1.000e+02
-2.444e-02  -2.444e-02  -0.000e+00  1.000e+02
-1.719e-02  -1.719e-02  -0.000e+00  1.000e+02
-4.312e-02  -4.312e-02  -0.000e+00  1.000e+02
-3.018e-02  -3.018e-02  -0.000e+00  1.000e+02
-2.814e-02  -2.814e-02  -1.007e-02  6.421e+01
-7.781e-02  -7.781e-02  -0.000e+00  1.000e+02
-1.061e-01  -1.061e-01  -1.007e-02  9.051e+01
-1.470e-01  -1.470e-01  -0.000e+00  1.000e+02
-2.473e-01  -2.473e-01  -1.424e-02  9.424e+01
-1.545e-01  -1.545e-01  -0.000e+00  1.000e+02
-1.924e-01  -1.924e-01  -1.007e-02  9.477e+01
-3.208e-01  -3.208e-01  -1.007e-02  9.686e+01
-9.920e-02  -9.920e-02  -1.007e-02  8.985e+01
-1.926e-01  -1.926e-01  -0.000e+00  1.000e+02
-3.367e-01  -3.367e-01  -2.252e-02  9.331e+01
-1.777e-01  -1.777e-01  -0.000e+00  1.000e+02
-1.872e-01  -1.872e-01  -0.000e+00  1.000e+02
-3.622e-01  -3.622e-01  -1.424e-02  9.607e+01
-9.840e-02  -9.840e-02  -0.000e+00  1.000e+02
-1.665e-01  -1.665e-01  -0.000e+00  1.000e+02
-4.239e-01  -4.239e-01  -2.014e-02  9.525e+01
-2.233e-01  -2.233e-01  -0.000e+00  1.000e+02
-1.687e-01  -1.687e-01  -1.744e-02  8.966e+01
-4.461e-01  -4.461e-01  -2.252e-02  9.495e+01
========================================================================================

step: 12/15 res:8.545564469113064, res/res0:0.5390829153746655  dq_norm: [0.0142434  0.0225208  0.04390112]

A info: before HHL prepare:
Spectral radius (A): 4.963e+01, lambda_min:4.07008883889373
condition number(A): 1.219e+01, norm2_cond:167.8996549745909
det(A): 1.498e+39
--------------------------------------------------------------------------------

A_hhl info: after scaling by spectral radius:
Spectral radius (A): 1.000e+00, lambda_min:0.08201499304299846
condition number(A): 1.219e+01, norm2_cond:167.89965497459085
det(A): 2.014e-12, nnz: 13 non zeros per row
--------------------------------------------------------------------------------

Size of A & B are not power of 2:
Next 2 power of 30 = 32
Value to be padded = 2
--------------------------------------------------

==================== Print (N)^2 padded matrix system =======================
Padded shape of A: (30, 30)x(30, 30) -> (32, 32)x(32, 32)
Padded shape of B: (30,) -> (32,)
Determinant of padded matrix: 2.0140977199217787e-12
Condition # of padded matrix: 167.89965497459085


Matrix is not Hermitian. Making it Hermitian.......

==================== Print Hermitian matrix system info =======================
Shape of hermitian A: 32x32 -> 64x64
Shape of           B: 32 -> 64
Determinant of Hermitian matrix: 4.0565896253941075e-24
Condition # of Hermitian matrix: 167.89965497459247

=================================== Generating HHL circuit ===================================
Time elapsed for generating HHL circuit: 0 min 50.60 sec

Generated circuit: num_qubits=16, gates=21, depth=5
============================== Generated Circuit saved ==============================

============================== Transpiling circuit ==============================
This is using the AerSimulator('aer_simulator_statevector') transpiler.
Time elapsed for transpiling the circuit:  0 min 8.38 sec
Transpiled circuit, num_qubits: 16, (original: 16)
Transpiled circuit depth: 103102 (original: 5)
Transpiled circuit gates: 103229 (original: 21)
============================== Transpiled Circuit saved ==============================
Time elapsed for running the circuit:  0 min 19.71 sec
total_qubits: 16, nq:6

Time elapsed for extracting shots-based hhl counts solution:  0 min 0.00 sec

[HHL info]: linear system residual (e=||Ax-b||_2): 5.503757071456774
[HHL info]: Fidelity(true_sol, hhl_sol): 0.7528550045495767
[HHL info]: L2 error (absolute): 0.7973613198129389
[HHL info]: L2 error (relative): 0.7773707982869951
[HHL info]: L2 error (normalized): 0.5144469346049096

========================================================================================
 Compare system solutions using LU of A, LU sol of A_herm, HHL of Ax=b hermition system
LU sol 	    Herm LU sol    HHL sol    L1_diff(%)
 3.748e-03   3.748e-03   0.000e+00  1.000e+02
 1.672e-03   1.672e-03   0.000e+00  1.000e+02
 7.794e-03   7.794e-03   0.000e+00  1.000e+02
 3.741e-03   3.741e-03   0.000e+00  1.000e+02
 8.617e-04   8.617e-04   0.000e+00  1.000e+02
 5.765e-03   5.765e-03   0.000e+00  1.000e+02
-2.467e-02  -2.467e-02  -0.000e+00  1.000e+02
-1.720e-02  -1.720e-02  -0.000e+00  1.000e+02
-4.373e-02  -4.373e-02  -0.000e+00  1.000e+02
-3.021e-02  -3.021e-02  -0.000e+00  1.000e+02
-1.797e-02  -1.797e-02  -0.000e+00  1.000e+02
-7.800e-02  -7.800e-02  -0.000e+00  1.000e+02
-9.607e-02  -9.607e-02  -6.355e-02  3.385e+01
-1.473e-01  -1.473e-01  -6.355e-02  5.686e+01
-2.334e-01  -2.334e-01  -6.355e-02  7.277e+01
-1.547e-01  -1.547e-01  -0.000e+00  1.000e+02
-1.819e-01  -1.819e-01  -6.355e-02  6.506e+01
-3.108e-01  -3.108e-01  -8.987e-02  7.109e+01
-8.860e-02  -8.860e-02  -0.000e+00  1.000e+02
-1.924e-01  -1.924e-01  -6.355e-02  6.697e+01
-3.128e-01  -3.128e-01  -6.355e-02  7.969e+01
-1.770e-01  -1.770e-01  -0.000e+00  1.000e+02
-1.864e-01  -1.864e-01  -6.355e-02  6.590e+01
-3.447e-01  -3.447e-01  -0.000e+00  1.000e+02
-1.011e-01  -1.011e-01  -0.000e+00  1.000e+02
-1.689e-01  -1.689e-01  -6.355e-02  6.237e+01
-4.098e-01  -4.098e-01  -1.101e-01  7.314e+01
-2.318e-01  -2.318e-01  -6.355e-02  7.259e+01
-1.517e-01  -1.517e-01  -0.000e+00  1.000e+02
-4.378e-01  -4.378e-01  -1.421e-01  6.755e+01
========================================================================================

step: 13/15 res:8.784448560078047, res/res0:0.5541525263593445  dq_norm: [0.08986662 0.14209161 0.22012737]

A info: before HHL prepare:
Spectral radius (A): 4.945e+01, lambda_min:3.9422514564628743
condition number(A): 1.254e+01, norm2_cond:157.4481332761893
det(A): 1.692e+39
--------------------------------------------------------------------------------

A_hhl info: after scaling by spectral radius:
Spectral radius (A): 1.000e+00, lambda_min:0.07972492605095957
condition number(A): 1.254e+01, norm2_cond:157.4481332761899
det(A): 2.535e-12, nnz: 17 non zeros per row
--------------------------------------------------------------------------------

Size of A & B are not power of 2:
Next 2 power of 30 = 32
Value to be padded = 2
--------------------------------------------------

==================== Print (N)^2 padded matrix system =======================
Padded shape of A: (30, 30)x(30, 30) -> (32, 32)x(32, 32)
Padded shape of B: (30,) -> (32,)
Determinant of padded matrix: 2.534705324937738e-12
Condition # of padded matrix: 157.4481332761899


Matrix is not Hermitian. Making it Hermitian.......

==================== Print Hermitian matrix system info =======================
Shape of hermitian A: 32x32 -> 64x64
Shape of           B: 32 -> 64
Determinant of Hermitian matrix: 6.424731084267587e-24
Condition # of Hermitian matrix: 157.4481332761899

=================================== Generating HHL circuit ===================================
Time elapsed for generating HHL circuit: 0 min 51.46 sec

Generated circuit: num_qubits=16, gates=21, depth=5
============================== Generated Circuit saved ==============================

============================== Transpiling circuit ==============================
This is using the AerSimulator('aer_simulator_statevector') transpiler.
Time elapsed for transpiling the circuit:  0 min 9.39 sec
Transpiled circuit, num_qubits: 16, (original: 16)
Transpiled circuit depth: 103106 (original: 5)
Transpiled circuit gates: 103233 (original: 21)
============================== Transpiled Circuit saved ==============================
Time elapsed for running the circuit:  0 min 19.73 sec
total_qubits: 16, nq:6

Time elapsed for extracting shots-based hhl counts solution:  0 min 0.00 sec

[HHL info]: linear system residual (e=||Ax-b||_2): 5.385288085062427
[HHL info]: Fidelity(true_sol, hhl_sol): 0.9099831142057343
[HHL info]: L2 error (absolute): 0.7130554780051882
[HHL info]: L2 error (relative): 0.9004778504936358
[HHL info]: L2 error (normalized): 0.3035445574710701

========================================================================================
 Compare system solutions using LU of A, LU sol of A_herm, HHL of Ax=b hermition system
LU sol 	    Herm LU sol    HHL sol    L1_diff(%)
 3.724e-03   3.724e-03   0.000e+00  1.000e+02
 1.658e-03   1.658e-03   0.000e+00  1.000e+02
 7.737e-03   7.737e-03   0.000e+00  1.000e+02
 4.008e-03   4.008e-03   0.000e+00  1.000e+02
 1.006e-03   1.006e-03   0.000e+00  1.000e+02
 6.345e-03   6.345e-03   0.000e+00  1.000e+02
-2.357e-02  -2.357e-02  -0.000e+00  1.000e+02
-1.671e-02  -1.671e-02  -0.000e+00  1.000e+02
-4.147e-02  -4.147e-02  -0.000e+00  1.000e+02
-2.806e-02  -2.806e-02  -0.000e+00  1.000e+02
-1.625e-02  -1.625e-02  -0.000e+00  1.000e+02
-7.238e-02  -7.238e-02  -1.120e-02  8.452e+01
-3.277e-02  -3.277e-02  -0.000e+00  1.000e+02
-8.400e-02  -8.400e-02  -1.584e-02  8.114e+01
-1.719e-01  -1.719e-01  -2.505e-02  8.543e+01
-1.626e-01  -1.626e-01  -1.584e-02  9.026e+01
-1.200e-01  -1.200e-01  -1.120e-02  9.067e+01
-2.270e-01  -2.270e-01  -2.964e-02  8.695e+01
-1.010e-01  -1.010e-01  -1.120e-02  8.891e+01
-1.336e-01  -1.336e-01  -1.584e-02  8.815e+01
-2.738e-01  -2.738e-01  -2.505e-02  9.085e+01
-1.932e-01  -1.932e-01  -1.120e-02  9.420e+01
-1.255e-01  -1.255e-01  -1.120e-02  9.107e+01
-3.829e-01  -3.829e-01  -3.880e-02  8.987e+01
-9.219e-02  -9.219e-02  -1.940e-02  7.896e+01
-9.468e-02  -9.468e-02  -1.120e-02  8.817e+01
-2.752e-01  -2.752e-01  -2.964e-02  8.923e+01
-1.316e-01  -1.316e-01  -0.000e+00  1.000e+02
-1.492e-01  -1.492e-01  -1.120e-02  9.249e+01
-2.291e-01  -2.291e-01  -1.940e-02  9.153e+01
========================================================================================

step: 14/15 res:5.559574185319966, res/res0:0.35071661689483236  dq_norm: [0.02963572 0.03168192 0.07084293]
Completed: 14 steps in 1245.11s
Saved metadata to /lustre/orion/stf006/scratch/4klornl/fvm_euler_1d_solver/output_parallel_shots/nelem10/statevector/shots_5000/trial_7/metadata_nelem10_HHL_statevector_nshots5000.pkl

Solution summary:
  x/L: [0.0500, 0.9500]
  Mach: [1.5000, 1.9758]
  p/p_in: [1.0000, 0.4566]
  rho/rho_in: [1.0000, 0.6124]
Saved combined plot to /lustre/orion/stf006/scratch/4klornl/fvm_euler_1d_solver/output_parallel_shots/nelem10/statevector/shots_5000/trial_7/solution_plot_nelem10_HHL_statevector_nshots5000.png
