
------------------------------------------------------------
Using ideal local simulator with 'statevector' method
Backend: aer_simulator_statevector
Shots: 10000
------------------------------------------------------------

A info: before HHL prepare:
Spectral radius (A): 9.808e+01, lambda_min:5.866129498146235
condition number(A): 1.672e+01, norm2_cond:401.8614855890083
det(A): 2.657e+93
--------------------------------------------------------------------------------

A_hhl info: after scaling by spectral radius:
Spectral radius (A): 1.000e+00, lambda_min:0.05980937346031271
condition number(A): 1.672e+01, norm2_cond:401.8614855890105
det(A): 8.499e-27, nnz: 12 non zeros per row
--------------------------------------------------------------------------------

Size of A & B are not power of 2:
Next 2 power of 60 = 64
Value to be padded = 4
--------------------------------------------------

==================== Print (N)^2 padded matrix system =======================
Padded shape of A: (60, 60)x(60, 60) -> (64, 64)x(64, 64)
Padded shape of B: (60,) -> (64,)
Determinant of padded matrix: 8.499054744892335e-27
Condition # of padded matrix: 401.8614855890105


Matrix is not Hermitian. Making it Hermitian.......

==================== Print Hermitian matrix system info =======================
Shape of hermitian A: 64x64 -> 128x128
Shape of           B: 64 -> 128
Determinant of Hermitian matrix: 7.223393155667588e-53
Condition # of Hermitian matrix: 401.86148558902164

=================================== Generating HHL circuit ===================================
Time elapsed for generating HHL circuit: 4 min 51.45 sec

Generated circuit: num_qubits=18, gates=23, depth=5
============================== Generated Circuit saved ==============================

============================== Transpiling circuit ==============================
This is using the AerSimulator('aer_simulator_statevector') transpiler.
Time elapsed for transpiling the circuit:  0 min 52.11 sec
Transpiled circuit, num_qubits: 18, (original: 18)
Transpiled circuit depth: 464201 (original: 5)
Transpiled circuit gates: 464353 (original: 23)
============================== Transpiled Circuit saved ==============================
Time elapsed for running the circuit:  2 min 32.02 sec
total_qubits: 18, nq:7

Time elapsed for extracting shots-based hhl counts solution:  0 min 0.00 sec

[HHL info]: linear system residual (e=||Ax-b||_2): 22.345566889551638
[HHL info]: Fidelity(true_sol, hhl_sol): 0.8987476419225703
[HHL info]: L2 error (absolute): 5.348780151816666
[HHL info]: L2 error (relative): 0.9888020480499948
[HHL info]: L2 error (normalized): 0.32241892744621564

========================================================================================
 Compare system solutions using LU of A, LU sol of A_herm, HHL of Ax=b hermition system
LU sol 	    Herm LU sol    HHL sol    L1_diff(%)
-2.338e-04  -2.338e-04  -0.000e+00  1.000e+02
-1.963e-04  -1.963e-04  -0.000e+00  1.000e+02
-6.159e-04  -6.159e-04  -0.000e+00  1.000e+02
-8.210e-04  -8.210e-04  -0.000e+00  1.000e+02
-7.266e-04  -7.266e-04  -0.000e+00  1.000e+02
-2.219e-03  -2.219e-03  -0.000e+00  1.000e+02
-1.793e-03  -1.793e-03  -0.000e+00  1.000e+02
-1.753e-03  -1.753e-03  -0.000e+00  1.000e+02
-5.094e-03  -5.094e-03  -0.000e+00  1.000e+02
-3.854e-03  -3.854e-03  -0.000e+00  1.000e+02
-3.983e-03  -3.983e-03  -0.000e+00  1.000e+02
-1.127e-02  -1.127e-02  -0.000e+00  1.000e+02
-9.906e-03  -9.906e-03  -0.000e+00  1.000e+02
-9.642e-03  -9.642e-03  -0.000e+00  1.000e+02
-2.806e-02  -2.806e-02  -0.000e+00  1.000e+02
-2.691e-02  -2.691e-02  -0.000e+00  1.000e+02
-2.384e-02  -2.384e-02  -0.000e+00  1.000e+02
-7.270e-02  -7.270e-02  -0.000e+00  1.000e+02
-6.552e-02  -6.552e-02  -0.000e+00  1.000e+02
-5.523e-02  -5.523e-02  -0.000e+00  1.000e+02
-1.723e-01  -1.723e-01  -5.039e-03  9.708e+01
-1.346e-01  -1.346e-01  -5.039e-03  9.626e+01
-1.143e-01  -1.143e-01  -0.000e+00  1.000e+02
-3.520e-01  -3.520e-01  -8.728e-03  9.752e+01
-2.317e-01  -2.317e-01  -0.000e+00  1.000e+02
-2.062e-01  -2.062e-01  -0.000e+00  1.000e+02
-6.108e-01  -6.108e-01  -1.008e-02  9.835e+01
-3.379e-01  -3.379e-01  -5.039e-03  9.851e+01
-3.187e-01  -3.187e-01  -0.000e+00  1.000e+02
-9.014e-01  -9.014e-01  -1.127e-02  9.875e+01
-4.286e-01  -4.286e-01  -8.728e-03  9.796e+01
-4.234e-01  -4.234e-01  -7.126e-03  9.832e+01
-1.154e+00  -1.154e+00  -1.234e-02  9.893e+01
-4.911e-01  -4.911e-01  -5.039e-03  9.897e+01
-4.997e-01  -4.997e-01  -0.000e+00  1.000e+02
-1.329e+00  -1.329e+00  -1.425e-02  9.893e+01
-5.282e-01  -5.282e-01  -7.126e-03  9.865e+01
-5.462e-01  -5.462e-01  -7.126e-03  9.870e+01
-1.433e+00  -1.433e+00  -1.885e-02  9.868e+01
-5.481e-01  -5.481e-01  -0.000e+00  1.000e+02
-5.715e-01  -5.715e-01  -5.039e-03  9.912e+01
-1.489e+00  -1.489e+00  -1.425e-02  9.904e+01
-5.581e-01  -5.581e-01  -0.000e+00  1.000e+02
-5.842e-01  -5.842e-01  -7.126e-03  9.878e+01
-1.517e+00  -1.517e+00  -1.952e-02  9.871e+01
-5.629e-01  -5.629e-01  -7.126e-03  9.873e+01
-5.904e-01  -5.904e-01  -7.126e-03  9.879e+01
-1.530e+00  -1.530e+00  -1.512e-02  9.901e+01
-5.652e-01  -5.652e-01  -0.000e+00  1.000e+02
-5.933e-01  -5.933e-01  -5.039e-03  9.915e+01
-1.536e+00  -1.536e+00  -1.817e-02  9.882e+01
-5.662e-01  -5.662e-01  -8.728e-03  9.846e+01
-5.946e-01  -5.946e-01  -0.000e+00  1.000e+02
-1.539e+00  -1.539e+00  -1.885e-02  9.878e+01
-5.667e-01  -5.667e-01  -8.728e-03  9.846e+01
-5.952e-01  -5.952e-01  -0.000e+00  1.000e+02
-1.541e+00  -1.541e+00  -1.885e-02  9.878e+01
-5.670e-01  -5.670e-01  -5.039e-03  9.911e+01
-5.955e-01  -5.955e-01  -8.728e-03  9.853e+01
-1.541e+00  -1.541e+00  -2.078e-02  9.865e+01
========================================================================================

step: 0/15 res:22.437797065296795, res/res0:1.0  dq_norm: [0.02077562 0.01816775 0.05767202]

A info: before HHL prepare:
Spectral radius (A): 9.812e+01, lambda_min:5.919370779981967
condition number(A): 1.658e+01, norm2_cond:399.6993071605751
det(A): 2.872e+93
--------------------------------------------------------------------------------

A_hhl info: after scaling by spectral radius:
Spectral radius (A): 1.000e+00, lambda_min:0.06033041045326381
condition number(A): 1.658e+01, norm2_cond:399.6993071605711
det(A): 8.991e-27, nnz: 14 non zeros per row
--------------------------------------------------------------------------------

Size of A & B are not power of 2:
Next 2 power of 60 = 64
Value to be padded = 4
--------------------------------------------------

==================== Print (N)^2 padded matrix system =======================
Padded shape of A: (60, 60)x(60, 60) -> (64, 64)x(64, 64)
Padded shape of B: (60,) -> (64,)
Determinant of padded matrix: 8.990717880043713e-27
Condition # of padded matrix: 399.6993071605711


Matrix is not Hermitian. Making it Hermitian.......

==================== Print Hermitian matrix system info =======================
Shape of hermitian A: 64x64 -> 128x128
Shape of           B: 64 -> 128
Determinant of Hermitian matrix: 8.083300799852967e-53
Condition # of Hermitian matrix: 399.6993071605745

=================================== Generating HHL circuit ===================================
Time elapsed for generating HHL circuit: 5 min 1.73 sec

Generated circuit: num_qubits=18, gates=23, depth=5
============================== Generated Circuit saved ==============================

============================== Transpiling circuit ==============================
This is using the AerSimulator('aer_simulator_statevector') transpiler.
Time elapsed for transpiling the circuit:  0 min 47.80 sec
Transpiled circuit, num_qubits: 18, (original: 18)
Transpiled circuit depth: 464193 (original: 5)
Transpiled circuit gates: 464345 (original: 23)
============================== Transpiled Circuit saved ==============================
Time elapsed for running the circuit:  2 min 32.05 sec
total_qubits: 18, nq:7

Time elapsed for extracting shots-based hhl counts solution:  0 min 0.00 sec

[HHL info]: linear system residual (e=||Ax-b||_2): 21.962358761616176
[HHL info]: Fidelity(true_sol, hhl_sol): 0.915358130700068
[HHL info]: L2 error (absolute): 5.225674039419868
[HHL info]: L2 error (relative): 0.9784553431196585
[HHL info]: L2 error (normalized): 0.2941309127328775

========================================================================================
 Compare system solutions using LU of A, LU sol of A_herm, HHL of Ax=b hermition system
LU sol 	    Herm LU sol    HHL sol    L1_diff(%)
-2.297e-04  -2.297e-04  -0.000e+00  1.000e+02
-1.942e-04  -1.942e-04  -0.000e+00  1.000e+02
-6.072e-04  -6.072e-04  -0.000e+00  1.000e+02
-8.113e-04  -8.113e-04  -0.000e+00  1.000e+02
-7.216e-04  -7.216e-04  -0.000e+00  1.000e+02
-2.198e-03  -2.198e-03  -0.000e+00  1.000e+02
-1.797e-03  -1.797e-03  -0.000e+00  1.000e+02
-1.756e-03  -1.756e-03  -0.000e+00  1.000e+02
-5.102e-03  -5.102e-03  -0.000e+00  1.000e+02
-3.911e-03  -3.911e-03  -0.000e+00  1.000e+02
-4.012e-03  -4.012e-03  -0.000e+00  1.000e+02
-1.139e-02  -1.139e-02  -0.000e+00  1.000e+02
-1.002e-02  -1.002e-02  -0.000e+00  1.000e+02
-9.689e-03  -9.689e-03  -0.000e+00  1.000e+02
-2.831e-02  -2.831e-02  -0.000e+00  1.000e+02
-2.691e-02  -2.691e-02  -0.000e+00  1.000e+02
-2.381e-02  -2.381e-02  -0.000e+00  1.000e+02
-7.271e-02  -7.271e-02  -0.000e+00  1.000e+02
-6.521e-02  -6.521e-02  -0.000e+00  1.000e+02
-5.519e-02  -5.519e-02  -0.000e+00  1.000e+02
-1.664e-01  -1.664e-01  -0.000e+00  1.000e+02
-1.289e-01  -1.289e-01  -0.000e+00  1.000e+02
-1.144e-01  -1.144e-01  -0.000e+00  1.000e+02
-3.417e-01  -3.417e-01  -0.000e+00  1.000e+02
-2.306e-01  -2.306e-01  -0.000e+00  1.000e+02
-2.060e-01  -2.060e-01  -9.863e-03  9.521e+01
-5.973e-01  -5.973e-01  -1.708e-02  9.714e+01
-3.309e-01  -3.309e-01  -9.863e-03  9.702e+01
-3.187e-01  -3.187e-01  -9.863e-03  9.691e+01
-8.858e-01  -8.858e-01  -1.395e-02  9.843e+01
-4.171e-01  -4.171e-01  -9.863e-03  9.764e+01
-4.158e-01  -4.158e-01  -1.395e-02  9.665e+01
-1.136e+00  -1.136e+00  -2.609e-02  9.770e+01
-4.845e-01  -4.845e-01  -0.000e+00  1.000e+02
-5.003e-01  -5.003e-01  -9.863e-03  9.803e+01
-1.311e+00  -1.311e+00  -3.945e-02  9.699e+01
-5.216e-01  -5.216e-01  -9.863e-03  9.811e+01
-5.396e-01  -5.396e-01  -0.000e+00  1.000e+02
-1.415e+00  -1.415e+00  -3.417e-02  9.759e+01
-5.503e-01  -5.503e-01  -1.708e-02  9.690e+01
-5.663e-01  -5.663e-01  -9.863e-03  9.826e+01
-1.478e+00  -1.478e+00  -2.416e-02  9.837e+01
-5.603e-01  -5.603e-01  -9.863e-03  9.824e+01
-5.774e-01  -5.774e-01  -9.863e-03  9.829e+01
-1.500e+00  -1.500e+00  -3.119e-02  9.792e+01
-5.559e-01  -5.559e-01  -9.863e-03  9.823e+01
-5.828e-01  -5.828e-01  -9.863e-03  9.831e+01
-1.515e+00  -1.515e+00  -2.609e-02  9.828e+01
-5.623e-01  -5.623e-01  -1.395e-02  9.752e+01
-5.868e-01  -5.868e-01  -1.395e-02  9.762e+01
-1.510e+00  -1.510e+00  -3.690e-02  9.756e+01
-5.529e-01  -5.529e-01  -0.000e+00  1.000e+02
-5.952e-01  -5.952e-01  -1.395e-02  9.766e+01
-1.509e+00  -1.509e+00  -3.820e-02  9.747e+01
-5.565e-01  -5.565e-01  -0.000e+00  1.000e+02
-5.965e-01  -5.965e-01  -1.973e-02  9.669e+01
-1.517e+00  -1.517e+00  -3.820e-02  9.748e+01
-5.636e-01  -5.636e-01  -9.863e-03  9.825e+01
-5.871e-01  -5.871e-01  -9.863e-03  9.832e+01
-1.523e+00  -1.523e+00  -3.690e-02  9.758e+01
========================================================================================

step: 1/15 res:22.346160236743405, res/res0:0.9959159614338825  dq_norm: [0.03271082 0.04066488 0.1084895 ]

A info: before HHL prepare:
Spectral radius (A): 9.811e+01, lambda_min:5.922780265628931
condition number(A): 1.656e+01, norm2_cond:396.95261421460003
det(A): 2.983e+93
--------------------------------------------------------------------------------

A_hhl info: after scaling by spectral radius:
Spectral radius (A): 1.000e+00, lambda_min:0.06037114679738559
condition number(A): 1.656e+01, norm2_cond:396.9526142145977
det(A): 9.396e-27, nnz: 14 non zeros per row
--------------------------------------------------------------------------------

Size of A & B are not power of 2:
Next 2 power of 60 = 64
Value to be padded = 4
--------------------------------------------------

==================== Print (N)^2 padded matrix system =======================
Padded shape of A: (60, 60)x(60, 60) -> (64, 64)x(64, 64)
Padded shape of B: (60,) -> (64,)
Determinant of padded matrix: 9.39563475225702e-27
Condition # of padded matrix: 396.9526142145977


Matrix is not Hermitian. Making it Hermitian.......

==================== Print Hermitian matrix system info =======================
Shape of hermitian A: 64x64 -> 128x128
Shape of           B: 64 -> 128
Determinant of Hermitian matrix: 8.827795239782485e-53
Condition # of Hermitian matrix: 396.95261421460583

=================================== Generating HHL circuit ===================================
Time elapsed for generating HHL circuit: 5 min 10.95 sec

Generated circuit: num_qubits=18, gates=23, depth=5
============================== Generated Circuit saved ==============================

============================== Transpiling circuit ==============================
This is using the AerSimulator('aer_simulator_statevector') transpiler.
Time elapsed for transpiling the circuit:  0 min 48.72 sec
Transpiled circuit, num_qubits: 18, (original: 18)
Transpiled circuit depth: 464202 (original: 5)
Transpiled circuit gates: 464354 (original: 23)
============================== Transpiled Circuit saved ==============================
Time elapsed for running the circuit:  2 min 29.72 sec
total_qubits: 18, nq:7

Time elapsed for extracting shots-based hhl counts solution:  0 min 0.00 sec

[HHL info]: linear system residual (e=||Ax-b||_2): 21.94234409440866
[HHL info]: Fidelity(true_sol, hhl_sol): 0.9155699334942159
[HHL info]: L2 error (absolute): 5.181010648274265
[HHL info]: L2 error (relative): 0.9939754395291885
[HHL info]: L2 error (normalized): 0.2937543663695936

========================================================================================
 Compare system solutions using LU of A, LU sol of A_herm, HHL of Ax=b hermition system
LU sol 	    Herm LU sol    HHL sol    L1_diff(%)
-2.329e-04  -2.329e-04  -0.000e+00  1.000e+02
-1.958e-04  -1.958e-04  -0.000e+00  1.000e+02
-6.141e-04  -6.141e-04  -0.000e+00  1.000e+02
-8.241e-04  -8.241e-04  -0.000e+00  1.000e+02
-7.280e-04  -7.280e-04  -0.000e+00  1.000e+02
-2.225e-03  -2.225e-03  -0.000e+00  1.000e+02
-1.813e-03  -1.813e-03  -0.000e+00  1.000e+02
-1.764e-03  -1.764e-03  -0.000e+00  1.000e+02
-5.135e-03  -5.135e-03  -0.000e+00  1.000e+02
-3.890e-03  -3.890e-03  -0.000e+00  1.000e+02
-4.001e-03  -4.001e-03  -0.000e+00  1.000e+02
-1.134e-02  -1.134e-02  -0.000e+00  1.000e+02
-9.904e-03  -9.904e-03  -0.000e+00  1.000e+02
-9.633e-03  -9.633e-03  -0.000e+00  1.000e+02
-2.808e-02  -2.808e-02  -0.000e+00  1.000e+02
-2.677e-02  -2.677e-02  -0.000e+00  1.000e+02
-2.374e-02  -2.374e-02  -0.000e+00  1.000e+02
-7.238e-02  -7.238e-02  -0.000e+00  1.000e+02
-6.541e-02  -6.541e-02  -0.000e+00  1.000e+02
-5.536e-02  -5.536e-02  -0.000e+00  1.000e+02
-1.668e-01  -1.668e-01  -0.000e+00  1.000e+02
-1.297e-01  -1.297e-01  -0.000e+00  1.000e+02
-1.146e-01  -1.146e-01  -0.000e+00  1.000e+02
-3.434e-01  -3.434e-01  -0.000e+00  1.000e+02
-2.314e-01  -2.314e-01  -2.708e-03  9.883e+01
-1.958e-01  -1.958e-01  -0.000e+00  1.000e+02
-5.810e-01  -5.810e-01  -4.690e-03  9.919e+01
-3.215e-01  -3.215e-01  -2.708e-03  9.916e+01
-3.097e-01  -3.097e-01  -3.829e-03  9.876e+01
-8.745e-01  -8.745e-01  -5.415e-03  9.938e+01
-4.072e-01  -4.072e-01  -4.690e-03  9.885e+01
-4.013e-01  -4.013e-01  -2.708e-03  9.933e+01
-1.110e+00  -1.110e+00  -7.164e-03  9.935e+01
-4.819e-01  -4.819e-01  -2.708e-03  9.944e+01
-4.892e-01  -4.892e-01  -0.000e+00  1.000e+02
-1.260e+00  -1.260e+00  -9.379e-03  9.926e+01
-5.068e-01  -5.068e-01  -3.829e-03  9.924e+01
-5.405e-01  -5.405e-01  -0.000e+00  1.000e+02
-1.368e+00  -1.368e+00  -7.164e-03  9.948e+01
-5.287e-01  -5.287e-01  -4.690e-03  9.911e+01
-5.566e-01  -5.566e-01  -2.708e-03  9.951e+01
-1.445e+00  -1.445e+00  -8.562e-03  9.941e+01
-5.466e-01  -5.466e-01  -3.829e-03  9.930e+01
-5.666e-01  -5.666e-01  -5.415e-03  9.904e+01
-1.460e+00  -1.460e+00  -1.013e-02  9.931e+01
-5.440e-01  -5.440e-01  -0.000e+00  1.000e+02
-5.736e-01  -5.736e-01  -3.829e-03  9.933e+01
-1.485e+00  -1.485e+00  -1.049e-02  9.929e+01
-5.508e-01  -5.508e-01  -2.708e-03  9.951e+01
-5.747e-01  -5.747e-01  -3.829e-03  9.933e+01
-1.477e+00  -1.477e+00  -8.562e-03  9.942e+01
-5.582e-01  -5.582e-01  -2.708e-03  9.951e+01
-5.808e-01  -5.808e-01  -4.690e-03  9.919e+01
-1.479e+00  -1.479e+00  -1.049e-02  9.929e+01
-5.576e-01  -5.576e-01  -0.000e+00  1.000e+02
-5.747e-01  -5.747e-01  -3.829e-03  9.933e+01
-1.479e+00  -1.479e+00  -7.658e-03  9.948e+01
-5.497e-01  -5.497e-01  -3.829e-03  9.930e+01
-5.768e-01  -5.768e-01  -3.829e-03  9.934e+01
-1.475e+00  -1.475e+00  -6.632e-03  9.955e+01
========================================================================================

step: 2/15 res:21.96383013524917, res/res0:0.9788764053499405  dq_norm: [0.01116364 0.01180206 0.02852612]

A info: before HHL prepare:
Spectral radius (A): 9.816e+01, lambda_min:5.9246542786230565
condition number(A): 1.657e+01, norm2_cond:396.9361069456373
det(A): 3.099e+93
--------------------------------------------------------------------------------

A_hhl info: after scaling by spectral radius:
Spectral radius (A): 1.000e+00, lambda_min:0.060357276111284164
condition number(A): 1.657e+01, norm2_cond:396.9361069456362
det(A): 9.444e-27, nnz: 14 non zeros per row
--------------------------------------------------------------------------------

Size of A & B are not power of 2:
Next 2 power of 60 = 64
Value to be padded = 4
--------------------------------------------------

==================== Print (N)^2 padded matrix system =======================
Padded shape of A: (60, 60)x(60, 60) -> (64, 64)x(64, 64)
Padded shape of B: (60,) -> (64,)
Determinant of padded matrix: 9.44431455858534e-27
Condition # of padded matrix: 396.9361069456362


Matrix is not Hermitian. Making it Hermitian.......

==================== Print Hermitian matrix system info =======================
Shape of hermitian A: 64x64 -> 128x128
Shape of           B: 64 -> 128
Determinant of Hermitian matrix: 8.919507748151337e-53
Condition # of Hermitian matrix: 396.9361069456331

=================================== Generating HHL circuit ===================================
Time elapsed for generating HHL circuit: 5 min 0.94 sec

Generated circuit: num_qubits=18, gates=23, depth=5
============================== Generated Circuit saved ==============================

============================== Transpiling circuit ==============================
This is using the AerSimulator('aer_simulator_statevector') transpiler.
Time elapsed for transpiling the circuit:  0 min 52.65 sec
Transpiled circuit, num_qubits: 18, (original: 18)
Transpiled circuit depth: 464203 (original: 5)
Transpiled circuit gates: 464355 (original: 23)
============================== Transpiled Circuit saved ==============================
Time elapsed for running the circuit:  2 min 33.19 sec
total_qubits: 18, nq:7

Time elapsed for extracting shots-based hhl counts solution:  0 min 0.00 sec

[HHL info]: linear system residual (e=||Ax-b||_2): 21.46783428920242
[HHL info]: Fidelity(true_sol, hhl_sol): 0.8968440475518503
[HHL info]: L2 error (absolute): 5.022925563833317
[HHL info]: L2 error (relative): 0.9698562927766534
[HHL info]: L2 error (normalized): 0.32551957134880216

========================================================================================
 Compare system solutions using LU of A, LU sol of A_herm, HHL of Ax=b hermition system
LU sol 	    Herm LU sol    HHL sol    L1_diff(%)
-2.319e-04  -2.319e-04  -0.000e+00  1.000e+02
-1.953e-04  -1.953e-04  -0.000e+00  1.000e+02
-6.119e-04  -6.119e-04  -0.000e+00  1.000e+02
-8.194e-04  -8.194e-04  -0.000e+00  1.000e+02
-7.257e-04  -7.257e-04  -0.000e+00  1.000e+02
-2.216e-03  -2.216e-03  -0.000e+00  1.000e+02
-1.806e-03  -1.806e-03  -0.000e+00  1.000e+02
-1.760e-03  -1.760e-03  -0.000e+00  1.000e+02
-5.120e-03  -5.120e-03  -0.000e+00  1.000e+02
-3.895e-03  -3.895e-03  -0.000e+00  1.000e+02
-4.004e-03  -4.004e-03  -0.000e+00  1.000e+02
-1.135e-02  -1.135e-02  -0.000e+00  1.000e+02
-9.943e-03  -9.943e-03  -0.000e+00  1.000e+02
-9.654e-03  -9.654e-03  -0.000e+00  1.000e+02
-2.816e-02  -2.816e-02  -0.000e+00  1.000e+02
-2.682e-02  -2.682e-02  -0.000e+00  1.000e+02
-2.376e-02  -2.376e-02  -0.000e+00  1.000e+02
-7.251e-02  -7.251e-02  -0.000e+00  1.000e+02
-6.536e-02  -6.536e-02  -0.000e+00  1.000e+02
-5.529e-02  -5.529e-02  -0.000e+00  1.000e+02
-1.667e-01  -1.667e-01  -0.000e+00  1.000e+02
-1.295e-01  -1.295e-01  -0.000e+00  1.000e+02
-1.146e-01  -1.146e-01  -0.000e+00  1.000e+02
-3.429e-01  -3.429e-01  -0.000e+00  1.000e+02
-2.284e-01  -2.284e-01  -0.000e+00  1.000e+02
-1.960e-01  -1.960e-01  -0.000e+00  1.000e+02
-5.758e-01  -5.758e-01  -1.344e-02  9.767e+01
-3.182e-01  -3.182e-01  -0.000e+00  1.000e+02
-3.057e-01  -3.057e-01  -0.000e+00  1.000e+02
-8.680e-01  -8.680e-01  -3.292e-02  9.621e+01
-4.009e-01  -4.009e-01  -1.344e-02  9.665e+01
-3.985e-01  -3.985e-01  -1.901e-02  9.523e+01
-1.099e+00  -1.099e+00  -3.801e-02  9.654e+01
-4.772e-01  -4.772e-01  -1.344e-02  9.718e+01
-4.891e-01  -4.891e-01  -0.000e+00  1.000e+02
-1.246e+00  -1.246e+00  -4.656e-02  9.626e+01
-5.014e-01  -5.014e-01  -1.344e-02  9.732e+01
-5.407e-01  -5.407e-01  -1.901e-02  9.648e+01
-1.357e+00  -1.357e+00  -4.656e-02  9.657e+01
-5.235e-01  -5.235e-01  -2.328e-02  9.555e+01
-5.543e-01  -5.543e-01  -2.688e-02  9.515e+01
-1.435e+00  -1.435e+00  -4.250e-02  9.704e+01
-5.432e-01  -5.432e-01  -0.000e+00  1.000e+02
-5.611e-01  -5.611e-01  -1.344e-02  9.760e+01
-1.451e+00  -1.451e+00  -4.846e-02  9.666e+01
-5.448e-01  -5.448e-01  -1.344e-02  9.753e+01
-5.696e-01  -5.696e-01  -2.328e-02  9.591e+01
-1.475e+00  -1.475e+00  -4.846e-02  9.671e+01
-5.490e-01  -5.490e-01  -0.000e+00  1.000e+02
-5.713e-01  -5.713e-01  -1.344e-02  9.765e+01
-1.470e+00  -1.470e+00  -5.029e-02  9.658e+01
-5.567e-01  -5.567e-01  -2.688e-02  9.517e+01
-5.761e-01  -5.761e-01  -0.000e+00  1.000e+02
-1.470e+00  -1.470e+00  -4.250e-02  9.711e+01
-5.583e-01  -5.583e-01  -2.328e-02  9.583e+01
-5.705e-01  -5.705e-01  -2.328e-02  9.592e+01
-1.472e+00  -1.472e+00  -3.005e-02  9.796e+01
-5.455e-01  -5.455e-01  -1.901e-02  9.652e+01
-5.729e-01  -5.729e-01  -0.000e+00  1.000e+02
-1.468e+00  -1.468e+00  -5.205e-02  9.646e+01
========================================================================================

step: 3/15 res:21.94253176171114, res/res0:0.9779271867846754  dq_norm: [0.0537573  0.0537573  0.14660573]

A info: before HHL prepare:
Spectral radius (A): 9.810e+01, lambda_min:5.982539446318061
condition number(A): 1.640e+01, norm2_cond:389.7354765797616
det(A): 3.981e+93
--------------------------------------------------------------------------------

A_hhl info: after scaling by spectral radius:
Spectral radius (A): 1.000e+00, lambda_min:0.060982829453087396
condition number(A): 1.640e+01, norm2_cond:389.7354765797669
det(A): 1.257e-26, nnz: 14 non zeros per row
--------------------------------------------------------------------------------

Size of A & B are not power of 2:
Next 2 power of 60 = 64
Value to be padded = 4
--------------------------------------------------

==================== Print (N)^2 padded matrix system =======================
Padded shape of A: (60, 60)x(60, 60) -> (64, 64)x(64, 64)
Padded shape of B: (60,) -> (64,)
Determinant of padded matrix: 1.2570818044362197e-26
Condition # of padded matrix: 389.7354765797669


Matrix is not Hermitian. Making it Hermitian.......

==================== Print Hermitian matrix system info =======================
Shape of hermitian A: 64x64 -> 128x128
Shape of           B: 64 -> 128
Determinant of Hermitian matrix: 1.580254663044712e-52
Condition # of Hermitian matrix: 389.7354765797687

=================================== Generating HHL circuit ===================================
Time elapsed for generating HHL circuit: 5 min 5.32 sec

Generated circuit: num_qubits=18, gates=23, depth=5
============================== Generated Circuit saved ==============================

============================== Transpiling circuit ==============================
This is using the AerSimulator('aer_simulator_statevector') transpiler.
Time elapsed for transpiling the circuit:  0 min 54.51 sec
Transpiled circuit, num_qubits: 18, (original: 18)
Transpiled circuit depth: 464194 (original: 5)
Transpiled circuit gates: 464346 (original: 23)
============================== Transpiled Circuit saved ==============================
Time elapsed for running the circuit:  2 min 31.32 sec
total_qubits: 18, nq:7

Time elapsed for extracting shots-based hhl counts solution:  0 min 0.00 sec

[HHL info]: linear system residual (e=||Ax-b||_2): 21.458394108759578
[HHL info]: Fidelity(true_sol, hhl_sol): 0.9480339331856581
[HHL info]: L2 error (absolute): 4.967132167667451
[HHL info]: L2 error (relative): 0.9944835248224612
[HHL info]: L2 error (normalized): 0.22947618122767433

========================================================================================
 Compare system solutions using LU of A, LU sol of A_herm, HHL of Ax=b hermition system
LU sol 	    Herm LU sol    HHL sol    L1_diff(%)
-2.321e-04  -2.321e-04  -0.000e+00  1.000e+02
-1.954e-04  -1.954e-04  -0.000e+00  1.000e+02
-6.122e-04  -6.122e-04  -0.000e+00  1.000e+02
-8.158e-04  -8.158e-04  -0.000e+00  1.000e+02
-7.239e-04  -7.239e-04  -0.000e+00  1.000e+02
-2.208e-03  -2.208e-03  -0.000e+00  1.000e+02
-1.791e-03  -1.791e-03  -0.000e+00  1.000e+02
-1.752e-03  -1.752e-03  -0.000e+00  1.000e+02
-5.090e-03  -5.090e-03  -0.000e+00  1.000e+02
-3.874e-03  -3.874e-03  -0.000e+00  1.000e+02
-3.993e-03  -3.993e-03  -0.000e+00  1.000e+02
-1.131e-02  -1.131e-02  -0.000e+00  1.000e+02
-9.956e-03  -9.956e-03  -0.000e+00  1.000e+02
-9.665e-03  -9.665e-03  -0.000e+00  1.000e+02
-2.818e-02  -2.818e-02  -0.000e+00  1.000e+02
-2.692e-02  -2.692e-02  -0.000e+00  1.000e+02
-2.381e-02  -2.381e-02  -0.000e+00  1.000e+02
-7.273e-02  -7.273e-02  -0.000e+00  1.000e+02
-6.544e-02  -6.544e-02  -0.000e+00  1.000e+02
-5.525e-02  -5.525e-02  -0.000e+00  1.000e+02
-1.670e-01  -1.670e-01  -0.000e+00  1.000e+02
-1.295e-01  -1.295e-01  -2.224e-03  9.828e+01
-1.147e-01  -1.147e-01  -0.000e+00  1.000e+02
-3.430e-01  -3.430e-01  -2.224e-03  9.935e+01
-2.282e-01  -2.282e-01  -0.000e+00  1.000e+02
-1.962e-01  -1.962e-01  -3.145e-03  9.840e+01
-5.599e-01  -5.599e-01  -3.145e-03  9.944e+01
-3.167e-01  -3.167e-01  -2.224e-03  9.930e+01
-3.051e-01  -3.051e-01  -0.000e+00  1.000e+02
-8.292e-01  -8.292e-01  -4.447e-03  9.946e+01
-3.833e-01  -3.833e-01  -2.224e-03  9.942e+01
-3.787e-01  -3.787e-01  -0.000e+00  1.000e+02
-1.051e+00  -1.051e+00  -6.671e-03  9.936e+01
-4.600e-01  -4.600e-01  -3.851e-03  9.916e+01
-4.899e-01  -4.899e-01  -0.000e+00  1.000e+02
-1.188e+00  -1.188e+00  -5.883e-03  9.950e+01
-4.871e-01  -4.871e-01  -2.224e-03  9.954e+01
-5.221e-01  -5.221e-01  -2.224e-03  9.957e+01
-1.309e+00  -1.309e+00  -7.375e-03  9.944e+01
-5.017e-01  -5.017e-01  -3.145e-03  9.937e+01
-5.278e-01  -5.278e-01  -3.145e-03  9.940e+01
-1.397e+00  -1.397e+00  -7.032e-03  9.950e+01
-5.483e-01  -5.483e-01  -2.224e-03  9.959e+01
-5.487e-01  -5.487e-01  -3.851e-03  9.930e+01
-1.408e+00  -1.408e+00  -9.168e-03  9.935e+01
-5.327e-01  -5.327e-01  -3.851e-03  9.928e+01
-5.444e-01  -5.444e-01  -3.145e-03  9.942e+01
-1.427e+00  -1.427e+00  -8.895e-03  9.938e+01
-5.461e-01  -5.461e-01  -3.851e-03  9.929e+01
-5.574e-01  -5.574e-01  -2.224e-03  9.960e+01
-1.407e+00  -1.407e+00  -7.703e-03  9.945e+01
-5.233e-01  -5.233e-01  -2.224e-03  9.958e+01
-5.781e-01  -5.781e-01  -4.447e-03  9.923e+01
-1.415e+00  -1.415e+00  -8.017e-03  9.943e+01
-5.259e-01  -5.259e-01  -2.224e-03  9.958e+01
-5.453e-01  -5.453e-01  -2.224e-03  9.959e+01
-1.424e+00  -1.424e+00  -7.375e-03  9.948e+01
-5.136e-01  -5.136e-01  -3.145e-03  9.939e+01
-5.725e-01  -5.725e-01  -4.447e-03  9.922e+01
-1.384e+00  -1.384e+00  -6.671e-03  9.952e+01
========================================================================================

step: 4/15 res:21.4709522994061, res/res0:0.9569099959734436  dq_norm: [0.00994446 0.00994446 0.02456101]

A info: before HHL prepare:
Spectral radius (A): 9.814e+01, lambda_min:5.994162837257679
condition number(A): 1.637e+01, norm2_cond:389.4997686964879
det(A): 4.152e+93
--------------------------------------------------------------------------------

A_hhl info: after scaling by spectral radius:
Spectral radius (A): 1.000e+00, lambda_min:0.06107684100162375
condition number(A): 1.637e+01, norm2_cond:389.49976869648594
det(A): 1.280e-26, nnz: 14 non zeros per row
--------------------------------------------------------------------------------

Size of A & B are not power of 2:
Next 2 power of 60 = 64
Value to be padded = 4
--------------------------------------------------

==================== Print (N)^2 padded matrix system =======================
Padded shape of A: (60, 60)x(60, 60) -> (64, 64)x(64, 64)
Padded shape of B: (60,) -> (64,)
Determinant of padded matrix: 1.2798484089703474e-26
Condition # of padded matrix: 389.49976869648594


Matrix is not Hermitian. Making it Hermitian.......

==================== Print Hermitian matrix system info =======================
Shape of hermitian A: 64x64 -> 128x128
Shape of           B: 64 -> 128
Determinant of Hermitian matrix: 1.6380119499438597e-52
Condition # of Hermitian matrix: 389.49976869649566

=================================== Generating HHL circuit ===================================
Time elapsed for generating HHL circuit: 5 min 9.88 sec

Generated circuit: num_qubits=18, gates=23, depth=5
============================== Generated Circuit saved ==============================

============================== Transpiling circuit ==============================
This is using the AerSimulator('aer_simulator_statevector') transpiler.
Time elapsed for transpiling the circuit:  0 min 54.74 sec
Transpiled circuit, num_qubits: 18, (original: 18)
Transpiled circuit depth: 464205 (original: 5)
Transpiled circuit gates: 464357 (original: 23)
============================== Transpiled Circuit saved ==============================
Time elapsed for running the circuit:  2 min 31.85 sec
total_qubits: 18, nq:7

Time elapsed for extracting shots-based hhl counts solution:  0 min 0.00 sec

[HHL info]: linear system residual (e=||Ax-b||_2): 21.324685923246207
[HHL info]: Fidelity(true_sol, hhl_sol): 0.8992662200790386
[HHL info]: L2 error (absolute): 4.877937313609934
[HHL info]: L2 error (relative): 0.9826658655045023
[HHL info]: L2 error (normalized): 0.321569640309587

========================================================================================
 Compare system solutions using LU of A, LU sol of A_herm, HHL of Ax=b hermition system
LU sol 	    Herm LU sol    HHL sol    L1_diff(%)
-2.325e-04  -2.325e-04  -0.000e+00  1.000e+02
-1.956e-04  -1.956e-04  -0.000e+00  1.000e+02
-6.133e-04  -6.133e-04  -0.000e+00  1.000e+02
-8.186e-04  -8.186e-04  -0.000e+00  1.000e+02
-7.252e-04  -7.252e-04  -0.000e+00  1.000e+02
-2.214e-03  -2.214e-03  -0.000e+00  1.000e+02
-1.797e-03  -1.797e-03  -0.000e+00  1.000e+02
-1.756e-03  -1.756e-03  -0.000e+00  1.000e+02
-5.102e-03  -5.102e-03  -0.000e+00  1.000e+02
-3.875e-03  -3.875e-03  -0.000e+00  1.000e+02
-3.994e-03  -3.994e-03  -0.000e+00  1.000e+02
-1.131e-02  -1.131e-02  -0.000e+00  1.000e+02
-9.933e-03  -9.933e-03  -0.000e+00  1.000e+02
-9.651e-03  -9.651e-03  -0.000e+00  1.000e+02
-2.814e-02  -2.814e-02  -0.000e+00  1.000e+02
-2.687e-02  -2.687e-02  -0.000e+00  1.000e+02
-2.378e-02  -2.378e-02  -0.000e+00  1.000e+02
-7.261e-02  -7.261e-02  -0.000e+00  1.000e+02
-6.550e-02  -6.550e-02  -0.000e+00  1.000e+02
-5.535e-02  -5.535e-02  -0.000e+00  1.000e+02
-1.671e-01  -1.671e-01  -0.000e+00  1.000e+02
-1.275e-01  -1.275e-01  -0.000e+00  1.000e+02
-1.149e-01  -1.149e-01  -0.000e+00  1.000e+02
-3.414e-01  -3.414e-01  -1.035e-02  9.697e+01
-2.281e-01  -2.281e-01  -0.000e+00  1.000e+02
-1.928e-01  -1.928e-01  -0.000e+00  1.000e+02
-5.563e-01  -5.563e-01  -1.035e-02  9.814e+01
-3.134e-01  -3.134e-01  -0.000e+00  1.000e+02
-3.050e-01  -3.050e-01  -7.319e-03  9.760e+01
-8.221e-01  -8.221e-01  -1.793e-02  9.782e+01
-3.798e-01  -3.798e-01  -7.319e-03  9.807e+01
-3.788e-01  -3.788e-01  -0.000e+00  1.000e+02
-1.041e+00  -1.041e+00  -2.196e-02  9.789e+01
-4.552e-01  -4.552e-01  -7.319e-03  9.839e+01
-4.902e-01  -4.902e-01  -1.637e-02  9.666e+01
-1.180e+00  -1.180e+00  -1.936e-02  9.836e+01
-4.846e-01  -4.846e-01  -1.035e-02  9.786e+01
-5.200e-01  -5.200e-01  -7.319e-03  9.859e+01
-1.300e+00  -1.300e+00  -1.936e-02  9.851e+01
-4.984e-01  -4.984e-01  -1.268e-02  9.746e+01
-5.246e-01  -5.246e-01  -1.793e-02  9.658e+01
-1.390e+00  -1.390e+00  -2.639e-02  9.810e+01
-5.456e-01  -5.456e-01  -1.035e-02  9.810e+01
-5.446e-01  -5.446e-01  -1.268e-02  9.767e+01
-1.398e+00  -1.398e+00  -2.315e-02  9.834e+01
-5.280e-01  -5.280e-01  -7.319e-03  9.861e+01
-5.414e-01  -5.414e-01  -1.035e-02  9.809e+01
-1.416e+00  -1.416e+00  -2.535e-02  9.821e+01
-5.419e-01  -5.419e-01  -1.035e-02  9.809e+01
-5.553e-01  -5.553e-01  -0.000e+00  1.000e+02
-1.398e+00  -1.398e+00  -1.793e-02  9.872e+01
-5.210e-01  -5.210e-01  -1.464e-02  9.719e+01
-5.735e-01  -5.735e-01  -7.319e-03  9.872e+01
-1.407e+00  -1.407e+00  -2.070e-02  9.853e+01
-5.238e-01  -5.238e-01  -1.637e-02  9.688e+01
-5.432e-01  -5.432e-01  -1.035e-02  9.809e+01
-1.417e+00  -1.417e+00  -3.105e-02  9.781e+01
-5.108e-01  -5.108e-01  -0.000e+00  1.000e+02
-5.681e-01  -5.681e-01  -0.000e+00  1.000e+02
-1.378e+00  -1.378e+00  -2.535e-02  9.816e+01
========================================================================================

step: 5/15 res:21.458385643855024, res/res0:0.9563499296035364  dq_norm: [0.03354033 0.03354033 0.07745808]

A info: before HHL prepare:
Spectral radius (A): 9.814e+01, lambda_min:6.043670642190731
condition number(A): 1.624e+01, norm2_cond:386.6248553097198
det(A): 4.696e+93
--------------------------------------------------------------------------------

A_hhl info: after scaling by spectral radius:
Spectral radius (A): 1.000e+00, lambda_min:0.06158153722284134
condition number(A): 1.624e+01, norm2_cond:386.62485530971884
det(A): 1.448e-26, nnz: 23 non zeros per row
--------------------------------------------------------------------------------

Size of A & B are not power of 2:
Next 2 power of 60 = 64
Value to be padded = 4
--------------------------------------------------

==================== Print (N)^2 padded matrix system =======================
Padded shape of A: (60, 60)x(60, 60) -> (64, 64)x(64, 64)
Padded shape of B: (60,) -> (64,)
Determinant of padded matrix: 1.4477927902804416e-26
Condition # of padded matrix: 386.62485530971884


Matrix is not Hermitian. Making it Hermitian.......

==================== Print Hermitian matrix system info =======================
Shape of hermitian A: 64x64 -> 128x128
Shape of           B: 64 -> 128
Determinant of Hermitian matrix: 2.0961039635879968e-52
Condition # of Hermitian matrix: 386.62485530972305

=================================== Generating HHL circuit ===================================
Time elapsed for generating HHL circuit: 5 min 5.56 sec

Generated circuit: num_qubits=18, gates=23, depth=5
============================== Generated Circuit saved ==============================

============================== Transpiling circuit ==============================
This is using the AerSimulator('aer_simulator_statevector') transpiler.
Time elapsed for transpiling the circuit:  0 min 56.00 sec
Transpiled circuit, num_qubits: 18, (original: 18)
Transpiled circuit depth: 464203 (original: 5)
Transpiled circuit gates: 464355 (original: 23)
============================== Transpiled Circuit saved ==============================
Time elapsed for running the circuit:  2 min 31.21 sec
total_qubits: 18, nq:7

Time elapsed for extracting shots-based hhl counts solution:  0 min 0.00 sec

[HHL info]: linear system residual (e=||Ax-b||_2): 21.22234676880958
[HHL info]: Fidelity(true_sol, hhl_sol): 0.9321740400072296
[HHL info]: L2 error (absolute): 4.794130439296767
[HHL info]: L2 error (relative): 0.9858788166781008
[HHL info]: L2 error (normalized): 0.26271046666221426

========================================================================================
 Compare system solutions using LU of A, LU sol of A_herm, HHL of Ax=b hermition system
LU sol 	    Herm LU sol    HHL sol    L1_diff(%)
-2.316e-04  -2.316e-04  -0.000e+00  1.000e+02
-1.951e-04  -1.951e-04  -0.000e+00  1.000e+02
-6.112e-04  -6.112e-04  -0.000e+00  1.000e+02
-8.170e-04  -8.170e-04  -0.000e+00  1.000e+02
-7.242e-04  -7.242e-04  -0.000e+00  1.000e+02
-2.211e-03  -2.211e-03  -0.000e+00  1.000e+02
-1.801e-03  -1.801e-03  -0.000e+00  1.000e+02
-1.758e-03  -1.758e-03  -0.000e+00  1.000e+02
-5.110e-03  -5.110e-03  -0.000e+00  1.000e+02
-3.896e-03  -3.896e-03  -0.000e+00  1.000e+02
-4.007e-03  -4.007e-03  -0.000e+00  1.000e+02
-1.135e-02  -1.135e-02  -0.000e+00  1.000e+02
-9.958e-03  -9.958e-03  -0.000e+00  1.000e+02
-9.660e-03  -9.660e-03  -0.000e+00  1.000e+02
-2.819e-02  -2.819e-02  -0.000e+00  1.000e+02
-2.683e-02  -2.683e-02  -0.000e+00  1.000e+02
-2.373e-02  -2.373e-02  -0.000e+00  1.000e+02
-7.255e-02  -7.255e-02  -0.000e+00  1.000e+02
-6.539e-02  -6.539e-02  -0.000e+00  1.000e+02
-5.533e-02  -5.533e-02  -0.000e+00  1.000e+02
-1.668e-01  -1.668e-01  -0.000e+00  1.000e+02
-1.276e-01  -1.276e-01  -0.000e+00  1.000e+02
-1.151e-01  -1.151e-01  -0.000e+00  1.000e+02
-3.305e-01  -3.305e-01  -0.000e+00  1.000e+02
-2.280e-01  -2.280e-01  -0.000e+00  1.000e+02
-1.925e-01  -1.925e-01  -0.000e+00  1.000e+02
-5.450e-01  -5.450e-01  -9.997e-03  9.817e+01
-3.128e-01  -3.128e-01  -0.000e+00  1.000e+02
-2.974e-01  -2.974e-01  -5.772e-03  9.806e+01
-8.007e-01  -8.007e-01  -1.154e-02  9.856e+01
-3.717e-01  -3.717e-01  -5.772e-03  9.845e+01
-3.794e-01  -3.794e-01  -0.000e+00  1.000e+02
-1.016e+00  -1.016e+00  -1.414e-02  9.861e+01
-4.473e-01  -4.473e-01  -0.000e+00  1.000e+02
-4.731e-01  -4.731e-01  -1.154e-02  9.756e+01
-1.159e+00  -1.159e+00  -1.914e-02  9.835e+01
-4.740e-01  -4.740e-01  -9.997e-03  9.789e+01
-5.135e-01  -5.135e-01  -8.163e-03  9.841e+01
-1.281e+00  -1.281e+00  -1.825e-02  9.858e+01
-4.861e-01  -4.861e-01  -5.772e-03  9.881e+01
-5.068e-01  -5.068e-01  -8.163e-03  9.839e+01
-1.366e+00  -1.366e+00  -2.380e-02  9.826e+01
-5.345e-01  -5.345e-01  -0.000e+00  1.000e+02
-5.315e-01  -5.315e-01  -5.772e-03  9.891e+01
-1.374e+00  -1.374e+00  -1.914e-02  9.861e+01
-5.174e-01  -5.174e-01  -8.163e-03  9.842e+01
-5.303e-01  -5.303e-01  -5.772e-03  9.891e+01
-1.383e+00  -1.383e+00  -2.516e-02  9.818e+01
-5.262e-01  -5.262e-01  -5.772e-03  9.890e+01
-5.554e-01  -5.554e-01  -9.997e-03  9.820e+01
-1.369e+00  -1.369e+00  -1.732e-02  9.874e+01
-5.013e-01  -5.013e-01  -5.772e-03  9.885e+01
-5.665e-01  -5.665e-01  -5.772e-03  9.898e+01
-1.377e+00  -1.377e+00  -1.825e-02  9.867e+01
-5.040e-01  -5.040e-01  -8.163e-03  9.838e+01
-5.333e-01  -5.333e-01  -5.772e-03  9.892e+01
-1.378e+00  -1.378e+00  -1.825e-02  9.868e+01
-5.099e-01  -5.099e-01  -8.163e-03  9.840e+01
-5.682e-01  -5.682e-01  -5.772e-03  9.898e+01
-1.347e+00  -1.347e+00  -1.999e-02  9.852e+01
========================================================================================

step: 6/15 res:21.326278259005687, res/res0:0.9504622132441768  dq_norm: [0.02081063 0.02379787 0.06375196]

A info: before HHL prepare:
Spectral radius (A): 9.808e+01, lambda_min:6.060780449163066
condition number(A): 1.618e+01, norm2_cond:384.4286122657312
det(A): 4.926e+93
--------------------------------------------------------------------------------

A_hhl info: after scaling by spectral radius:
Spectral radius (A): 1.000e+00, lambda_min:0.06179248412978561
condition number(A): 1.618e+01, norm2_cond:384.42861226573086
det(A): 1.574e-26, nnz: 14 non zeros per row
--------------------------------------------------------------------------------

Size of A & B are not power of 2:
Next 2 power of 60 = 64
Value to be padded = 4
--------------------------------------------------

==================== Print (N)^2 padded matrix system =======================
Padded shape of A: (60, 60)x(60, 60) -> (64, 64)x(64, 64)
Padded shape of B: (60,) -> (64,)
Determinant of padded matrix: 1.5737398814889894e-26
Condition # of padded matrix: 384.42861226573086


Matrix is not Hermitian. Making it Hermitian.......

==================== Print Hermitian matrix system info =======================
Shape of hermitian A: 64x64 -> 128x128
Shape of           B: 64 -> 128
Determinant of Hermitian matrix: 2.4766572145888725e-52
Condition # of Hermitian matrix: 384.42861226573723

=================================== Generating HHL circuit ===================================
Time elapsed for generating HHL circuit: 5 min 15.83 sec

Generated circuit: num_qubits=18, gates=23, depth=5
============================== Generated Circuit saved ==============================

============================== Transpiling circuit ==============================
This is using the AerSimulator('aer_simulator_statevector') transpiler.
Time elapsed for transpiling the circuit:  0 min 43.77 sec
Transpiled circuit, num_qubits: 18, (original: 18)
Transpiled circuit depth: 464201 (original: 5)
Transpiled circuit gates: 464353 (original: 23)
============================== Transpiled Circuit saved ==============================
Time elapsed for running the circuit:  2 min 30.98 sec
total_qubits: 18, nq:7

Time elapsed for extracting shots-based hhl counts solution:  0 min 0.00 sec

[HHL info]: linear system residual (e=||Ax-b||_2): 20.870857859418333
[HHL info]: Fidelity(true_sol, hhl_sol): 0.9176071194737697
[HHL info]: L2 error (absolute): 4.634506498017506
[HHL info]: L2 error (relative): 0.9683760460143269
[HHL info]: L2 error (normalized): 0.2901099194733455

========================================================================================
 Compare system solutions using LU of A, LU sol of A_herm, HHL of Ax=b hermition system
LU sol 	    Herm LU sol    HHL sol    L1_diff(%)
-2.311e-04  -2.311e-04  -0.000e+00  1.000e+02
-1.949e-04  -1.949e-04  -0.000e+00  1.000e+02
-6.102e-04  -6.102e-04  -0.000e+00  1.000e+02
-8.154e-04  -8.154e-04  -0.000e+00  1.000e+02
-7.235e-04  -7.235e-04  -0.000e+00  1.000e+02
-2.207e-03  -2.207e-03  -0.000e+00  1.000e+02
-1.799e-03  -1.799e-03  -0.000e+00  1.000e+02
-1.757e-03  -1.757e-03  -0.000e+00  1.000e+02
-5.107e-03  -5.107e-03  -0.000e+00  1.000e+02
-3.900e-03  -3.900e-03  -0.000e+00  1.000e+02
-4.009e-03  -4.009e-03  -0.000e+00  1.000e+02
-1.136e-02  -1.136e-02  -0.000e+00  1.000e+02
-9.973e-03  -9.973e-03  -0.000e+00  1.000e+02
-9.670e-03  -9.670e-03  -0.000e+00  1.000e+02
-2.822e-02  -2.822e-02  -0.000e+00  1.000e+02
-2.683e-02  -2.683e-02  -0.000e+00  1.000e+02
-2.372e-02  -2.372e-02  -0.000e+00  1.000e+02
-7.258e-02  -7.258e-02  -0.000e+00  1.000e+02
-6.534e-02  -6.534e-02  -0.000e+00  1.000e+02
-5.528e-02  -5.528e-02  -0.000e+00  1.000e+02
-1.667e-01  -1.667e-01  -0.000e+00  1.000e+02
-1.276e-01  -1.276e-01  -0.000e+00  1.000e+02
-1.153e-01  -1.153e-01  -0.000e+00  1.000e+02
-3.304e-01  -3.304e-01  -1.247e-02  9.623e+01
-2.279e-01  -2.279e-01  -1.247e-02  9.453e+01
-1.923e-01  -1.923e-01  -0.000e+00  1.000e+02
-5.339e-01  -5.339e-01  -0.000e+00  1.000e+02
-3.126e-01  -3.126e-01  -0.000e+00  1.000e+02
-2.917e-01  -2.917e-01  -1.247e-02  9.573e+01
-7.877e-01  -7.877e-01  -2.788e-02  9.646e+01
-3.662e-01  -3.662e-01  -1.764e-02  9.518e+01
-3.799e-01  -3.799e-01  -1.764e-02  9.536e+01
-1.002e+00  -1.002e+00  -3.055e-02  9.695e+01
-4.476e-01  -4.476e-01  -2.160e-02  9.517e+01
-4.607e-01  -4.607e-01  -1.764e-02  9.617e+01
-1.140e+00  -1.140e+00  -3.741e-02  9.672e+01
-4.634e-01  -4.634e-01  -2.160e-02  9.534e+01
-5.060e-01  -5.060e-01  -0.000e+00  1.000e+02
-1.262e+00  -1.262e+00  -5.142e-02  9.593e+01
-4.801e-01  -4.801e-01  -2.160e-02  9.550e+01
-4.982e-01  -4.982e-01  -0.000e+00  1.000e+02
-1.340e+00  -1.340e+00  -4.136e-02  9.691e+01
-5.342e-01  -5.342e-01  -2.494e-02  9.533e+01
-5.256e-01  -5.256e-01  -1.247e-02  9.763e+01
-1.351e+00  -1.351e+00  -4.496e-02  9.667e+01
-5.087e-01  -5.087e-01  -2.788e-02  9.452e+01
-5.251e-01  -5.251e-01  -1.247e-02  9.763e+01
-1.355e+00  -1.355e+00  -4.136e-02  9.695e+01
-5.198e-01  -5.198e-01  -1.247e-02  9.760e+01
-5.449e-01  -5.449e-01  -1.247e-02  9.771e+01
-1.350e+00  -1.350e+00  -4.666e-02  9.654e+01
-4.939e-01  -4.939e-01  -1.247e-02  9.748e+01
-5.607e-01  -5.607e-01  -1.764e-02  9.685e+01
-1.354e+00  -1.354e+00  -4.496e-02  9.668e+01
-4.937e-01  -4.937e-01  -1.764e-02  9.643e+01
-5.277e-01  -5.277e-01  -1.247e-02  9.764e+01
-1.355e+00  -1.355e+00  -4.320e-02  9.681e+01
-4.995e-01  -4.995e-01  -1.764e-02  9.647e+01
-5.625e-01  -5.625e-01  -0.000e+00  1.000e+02
-1.322e+00  -1.322e+00  -4.136e-02  9.687e+01
========================================================================================

step: 7/15 res:21.222801832411825, res/res0:0.9458505115564964  dq_norm: [0.06479692 0.04135888 0.1383009 ]

A info: before HHL prepare:
Spectral radius (A): 9.841e+01, lambda_min:6.128752540693696
condition number(A): 1.606e+01, norm2_cond:378.80545231401913
det(A): 7.997e+93
--------------------------------------------------------------------------------

A_hhl info: after scaling by spectral radius:
Spectral radius (A): 1.000e+00, lambda_min:0.06227972650622928
condition number(A): 1.606e+01, norm2_cond:378.80545231401663
det(A): 2.096e-26, nnz: 14 non zeros per row
--------------------------------------------------------------------------------

Size of A & B are not power of 2:
Next 2 power of 60 = 64
Value to be padded = 4
--------------------------------------------------

==================== Print (N)^2 padded matrix system =======================
Padded shape of A: (60, 60)x(60, 60) -> (64, 64)x(64, 64)
Padded shape of B: (60,) -> (64,)
Determinant of padded matrix: 2.095962447537819e-26
Condition # of padded matrix: 378.80545231401663


Matrix is not Hermitian. Making it Hermitian.......

==================== Print Hermitian matrix system info =======================
Shape of hermitian A: 64x64 -> 128x128
Shape of           B: 64 -> 128
Determinant of Hermitian matrix: 4.393058581488662e-52
Condition # of Hermitian matrix: 378.8054523140213

=================================== Generating HHL circuit ===================================
Time elapsed for generating HHL circuit: 5 min 22.67 sec

Generated circuit: num_qubits=18, gates=23, depth=5
============================== Generated Circuit saved ==============================

============================== Transpiling circuit ==============================
This is using the AerSimulator('aer_simulator_statevector') transpiler.
Time elapsed for transpiling the circuit:  0 min 43.94 sec
Transpiled circuit, num_qubits: 18, (original: 18)
Transpiled circuit depth: 464197 (original: 5)
Transpiled circuit gates: 464349 (original: 23)
============================== Transpiled Circuit saved ==============================
Time elapsed for running the circuit:  2 min 29.00 sec
total_qubits: 18, nq:7

Time elapsed for extracting shots-based hhl counts solution:  0 min 0.00 sec

[HHL info]: linear system residual (e=||Ax-b||_2): 20.7836673416961
[HHL info]: Fidelity(true_sol, hhl_sol): 0.8758991414434412
[HHL info]: L2 error (absolute): 4.535460747393941
[HHL info]: L2 error (relative): 0.9886350735784911
[HHL info]: L2 error (normalized): 0.3580647019557546

========================================================================================
 Compare system solutions using LU of A, LU sol of A_herm, HHL of Ax=b hermition system
LU sol 	    Herm LU sol    HHL sol    L1_diff(%)
-2.251e-04  -2.251e-04  -0.000e+00  1.000e+02
-1.918e-04  -1.918e-04  -0.000e+00  1.000e+02
-5.974e-04  -5.974e-04  -0.000e+00  1.000e+02
-8.015e-04  -8.015e-04  -0.000e+00  1.000e+02
-7.164e-04  -7.164e-04  -0.000e+00  1.000e+02
-2.178e-03  -2.178e-03  -0.000e+00  1.000e+02
-1.805e-03  -1.805e-03  -0.000e+00  1.000e+02
-1.759e-03  -1.759e-03  -0.000e+00  1.000e+02
-5.119e-03  -5.119e-03  -0.000e+00  1.000e+02
-3.988e-03  -3.988e-03  -0.000e+00  1.000e+02
-4.058e-03  -4.058e-03  -0.000e+00  1.000e+02
-1.155e-02  -1.155e-02  -0.000e+00  1.000e+02
-1.014e-02  -1.014e-02  -0.000e+00  1.000e+02
-9.747e-03  -9.747e-03  -0.000e+00  1.000e+02
-2.857e-02  -2.857e-02  -0.000e+00  1.000e+02
-2.683e-02  -2.683e-02  -0.000e+00  1.000e+02
-2.371e-02  -2.371e-02  -0.000e+00  1.000e+02
-7.265e-02  -7.265e-02  -0.000e+00  1.000e+02
-6.464e-02  -6.464e-02  -0.000e+00  1.000e+02
-5.485e-02  -5.485e-02  -0.000e+00  1.000e+02
-1.650e-01  -1.650e-01  -4.679e-03  9.717e+01
-1.266e-01  -1.266e-01  -0.000e+00  1.000e+02
-1.154e-01  -1.154e-01  -0.000e+00  1.000e+02
-3.155e-01  -3.155e-01  -0.000e+00  1.000e+02
-2.157e-01  -2.157e-01  -0.000e+00  1.000e+02
-1.934e-01  -1.934e-01  -4.679e-03  9.758e+01
-5.360e-01  -5.360e-01  -1.146e-02  9.786e+01
-3.140e-01  -3.140e-01  -0.000e+00  1.000e+02
-2.789e-01  -2.789e-01  -0.000e+00  1.000e+02
-7.611e-01  -7.611e-01  -9.358e-03  9.877e+01
-3.461e-01  -3.461e-01  -4.679e-03  9.865e+01
-3.618e-01  -3.618e-01  -0.000e+00  1.000e+02
-9.676e-01  -9.676e-01  -1.146e-02  9.882e+01
-4.188e-01  -4.188e-01  -4.679e-03  9.888e+01
-4.421e-01  -4.421e-01  -4.679e-03  9.894e+01
-1.088e+00  -1.088e+00  -1.046e-02  9.904e+01
-4.312e-01  -4.312e-01  -0.000e+00  1.000e+02
-5.060e-01  -5.060e-01  -4.679e-03  9.908e+01
-1.184e+00  -1.184e+00  -1.812e-02  9.847e+01
-4.471e-01  -4.471e-01  -0.000e+00  1.000e+02
-4.982e-01  -4.982e-01  -0.000e+00  1.000e+02
-1.272e+00  -1.272e+00  -1.552e-02  9.878e+01
-4.990e-01  -4.990e-01  -4.679e-03  9.906e+01
-5.135e-01  -5.135e-01  -6.617e-03  9.871e+01
-1.285e+00  -1.285e+00  -1.621e-02  9.874e+01
-4.749e-01  -4.749e-01  -4.679e-03  9.901e+01
-5.142e-01  -5.142e-01  -9.358e-03  9.818e+01
-1.302e+00  -1.302e+00  -1.985e-02  9.848e+01
-5.059e-01  -5.059e-01  -0.000e+00  1.000e+02
-5.326e-01  -5.326e-01  -8.104e-03  9.848e+01
-1.298e+00  -1.298e+00  -1.480e-02  9.886e+01
-4.789e-01  -4.789e-01  -4.679e-03  9.902e+01
-5.420e-01  -5.420e-01  -4.679e-03  9.914e+01
-1.302e+00  -1.302e+00  -1.404e-02  9.892e+01
-4.700e-01  -4.700e-01  -4.679e-03  9.900e+01
-5.148e-01  -5.148e-01  -9.358e-03  9.818e+01
-1.297e+00  -1.297e+00  -1.552e-02  9.880e+01
-4.739e-01  -4.739e-01  -0.000e+00  1.000e+02
-5.624e-01  -5.624e-01  -0.000e+00  1.000e+02
-1.262e+00  -1.262e+00  -1.552e-02  9.877e+01
========================================================================================

step: 8/15 res:20.87090510379791, res/res0:0.9301672995375154  dq_norm: [0.01146068 0.01929121 0.05103973]

A info: before HHL prepare:
Spectral radius (A): 9.833e+01, lambda_min:6.126442578787437
condition number(A): 1.605e+01, norm2_cond:377.3662431696567
det(A): 7.900e+93
--------------------------------------------------------------------------------

A_hhl info: after scaling by spectral radius:
Spectral radius (A): 1.000e+00, lambda_min:0.06230225995573379
condition number(A): 1.605e+01, norm2_cond:377.3662431696555
det(A): 2.164e-26, nnz: 14 non zeros per row
--------------------------------------------------------------------------------

Size of A & B are not power of 2:
Next 2 power of 60 = 64
Value to be padded = 4
--------------------------------------------------

==================== Print (N)^2 padded matrix system =======================
Padded shape of A: (60, 60)x(60, 60) -> (64, 64)x(64, 64)
Padded shape of B: (60,) -> (64,)
Determinant of padded matrix: 2.1644235520184662e-26
Condition # of padded matrix: 377.3662431696555


Matrix is not Hermitian. Making it Hermitian.......

==================== Print Hermitian matrix system info =======================
Shape of hermitian A: 64x64 -> 128x128
Shape of           B: 64 -> 128
Determinant of Hermitian matrix: 4.684729312532168e-52
Condition # of Hermitian matrix: 377.3662431696598

=================================== Generating HHL circuit ===================================
Time elapsed for generating HHL circuit: 5 min 18.83 sec

Generated circuit: num_qubits=18, gates=23, depth=5
============================== Generated Circuit saved ==============================

============================== Transpiling circuit ==============================
This is using the AerSimulator('aer_simulator_statevector') transpiler.
Time elapsed for transpiling the circuit:  0 min 44.83 sec
Transpiled circuit, num_qubits: 18, (original: 18)
Transpiled circuit depth: 464204 (original: 5)
Transpiled circuit gates: 464356 (original: 23)
============================== Transpiled Circuit saved ==============================
Time elapsed for running the circuit:  2 min 31.10 sec
total_qubits: 18, nq:7

Time elapsed for extracting shots-based hhl counts solution:  0 min 0.00 sec

[HHL info]: linear system residual (e=||Ax-b||_2): 18.917089716017497
[HHL info]: Fidelity(true_sol, hhl_sol): 0.9417280163567469
[HHL info]: L2 error (absolute): 3.998368896953227
[HHL info]: L2 error (relative): 0.8818937460368251
[HHL info]: L2 error (normalized): 0.24320066326062934

========================================================================================
 Compare system solutions using LU of A, LU sol of A_herm, HHL of Ax=b hermition system
LU sol 	    Herm LU sol    HHL sol    L1_diff(%)
-2.271e-04  -2.271e-04  -0.000e+00  1.000e+02
-1.928e-04  -1.928e-04  -0.000e+00  1.000e+02
-6.017e-04  -6.017e-04  -0.000e+00  1.000e+02
-8.075e-04  -8.075e-04  -0.000e+00  1.000e+02
-7.195e-04  -7.195e-04  -0.000e+00  1.000e+02
-2.191e-03  -2.191e-03  -0.000e+00  1.000e+02
-1.808e-03  -1.808e-03  -0.000e+00  1.000e+02
-1.761e-03  -1.761e-03  -0.000e+00  1.000e+02
-5.124e-03  -5.124e-03  -0.000e+00  1.000e+02
-3.964e-03  -3.964e-03  -0.000e+00  1.000e+02
-4.044e-03  -4.044e-03  -0.000e+00  1.000e+02
-1.149e-02  -1.149e-02  -0.000e+00  1.000e+02
-1.007e-02  -1.007e-02  -0.000e+00  1.000e+02
-9.708e-03  -9.708e-03  -0.000e+00  1.000e+02
-2.843e-02  -2.843e-02  -0.000e+00  1.000e+02
-2.681e-02  -2.681e-02  -0.000e+00  1.000e+02
-2.372e-02  -2.372e-02  -0.000e+00  1.000e+02
-7.259e-02  -7.259e-02  -0.000e+00  1.000e+02
-6.486e-02  -6.486e-02  -0.000e+00  1.000e+02
-5.498e-02  -5.498e-02  -0.000e+00  1.000e+02
-1.607e-01  -1.607e-01  -0.000e+00  1.000e+02
-1.271e-01  -1.271e-01  -0.000e+00  1.000e+02
-1.156e-01  -1.156e-01  -0.000e+00  1.000e+02
-3.165e-01  -3.165e-01  -0.000e+00  1.000e+02
-2.154e-01  -2.154e-01  -0.000e+00  1.000e+02
-1.881e-01  -1.881e-01  -0.000e+00  1.000e+02
-5.231e-01  -5.231e-01  -4.262e-02  9.185e+01
-3.129e-01  -3.129e-01  -7.383e-02  7.641e+01
-2.789e-01  -2.789e-01  -4.262e-02  8.472e+01
-7.481e-01  -7.481e-01  -7.383e-02  9.013e+01
-3.405e-01  -3.405e-01  -4.262e-02  8.748e+01
-3.623e-01  -3.623e-01  -6.028e-02  8.336e+01
-9.539e-01  -9.539e-01  -1.044e-01  8.905e+01
-4.139e-01  -4.139e-01  -4.262e-02  8.970e+01
-4.374e-01  -4.374e-01  -0.000e+00  1.000e+02
-1.077e+00  -1.077e+00  -1.477e-01  8.629e+01
-4.309e-01  -4.309e-01  -4.262e-02  9.011e+01
-5.009e-01  -5.009e-01  -6.028e-02  8.797e+01
-1.164e+00  -1.164e+00  -1.537e-01  8.679e+01
-4.469e-01  -4.469e-01  -6.028e-02  8.651e+01
-4.984e-01  -4.984e-01  -7.383e-02  8.519e+01
-1.254e+00  -1.254e+00  -1.858e-01  8.518e+01
-4.951e-01  -4.951e-01  -4.262e-02  9.139e+01
-5.074e-01  -5.074e-01  -4.262e-02  9.160e+01
-1.270e+00  -1.270e+00  -1.348e-01  8.939e+01
-4.716e-01  -4.716e-01  -4.262e-02  9.096e+01
-5.046e-01  -5.046e-01  -6.028e-02  8.805e+01
-1.285e+00  -1.285e+00  -1.757e-01  8.632e+01
-5.072e-01  -5.072e-01  -4.262e-02  9.160e+01
-5.242e-01  -5.242e-01  -6.028e-02  8.850e+01
-1.285e+00  -1.285e+00  -1.705e-01  8.673e+01
-4.748e-01  -4.748e-01  -0.000e+00  1.000e+02
-5.376e-01  -5.376e-01  -4.262e-02  9.207e+01
-1.290e+00  -1.290e+00  -1.414e-01  8.904e+01
-4.654e-01  -4.654e-01  -4.262e-02  9.084e+01
-5.050e-01  -5.050e-01  -7.383e-02  8.538e+01
-1.282e+00  -1.282e+00  -1.537e-01  8.801e+01
-4.734e-01  -4.734e-01  -4.262e-02  9.100e+01
-5.623e-01  -5.623e-01  -7.383e-02  8.687e+01
-1.243e+00  -1.243e+00  -1.651e-01  8.672e+01
========================================================================================

step: 9/15 res:20.78390434118287, res/res0:0.9262898795589918  dq_norm: [0.15367964 0.19061614 0.49706607]

A info: before HHL prepare:
Spectral radius (A): 9.873e+01, lambda_min:6.150327393499671
condition number(A): 1.605e+01, norm2_cond:372.1735765089242
det(A): 1.049e+94
--------------------------------------------------------------------------------

A_hhl info: after scaling by spectral radius:
Spectral radius (A): 1.000e+00, lambda_min:0.06229710665605514
condition number(A): 1.605e+01, norm2_cond:372.1735765089303
det(A): 2.264e-26, nnz: 21 non zeros per row
--------------------------------------------------------------------------------

Size of A & B are not power of 2:
Next 2 power of 60 = 64
Value to be padded = 4
--------------------------------------------------

==================== Print (N)^2 padded matrix system =======================
Padded shape of A: (60, 60)x(60, 60) -> (64, 64)x(64, 64)
Padded shape of B: (60,) -> (64,)
Determinant of padded matrix: 2.2641661383528902e-26
Condition # of padded matrix: 372.1735765089303


Matrix is not Hermitian. Making it Hermitian.......

==================== Print Hermitian matrix system info =======================
Shape of hermitian A: 64x64 -> 128x128
Shape of           B: 64 -> 128
Determinant of Hermitian matrix: 5.126448302064349e-52
Condition # of Hermitian matrix: 372.1735765089344

=================================== Generating HHL circuit ===================================
Time elapsed for generating HHL circuit: 5 min 22.23 sec

Generated circuit: num_qubits=18, gates=23, depth=5
============================== Generated Circuit saved ==============================

============================== Transpiling circuit ==============================
This is using the AerSimulator('aer_simulator_statevector') transpiler.
Time elapsed for transpiling the circuit:  0 min 44.87 sec
Transpiled circuit, num_qubits: 18, (original: 18)
Transpiled circuit depth: 464189 (original: 5)
Transpiled circuit gates: 464341 (original: 23)
============================== Transpiled Circuit saved ==============================
Time elapsed for running the circuit:  2 min 32.15 sec
total_qubits: 18, nq:7

Time elapsed for extracting shots-based hhl counts solution:  0 min 0.00 sec

[HHL info]: linear system residual (e=||Ax-b||_2): 17.949608772231258
[HHL info]: Fidelity(true_sol, hhl_sol): 0.8284181622174619
[HHL info]: L2 error (absolute): 3.8001624443610695
[HHL info]: L2 error (relative): 0.9588232592902657
[HHL info]: L2 error (normalized): 0.42385186653553025

========================================================================================
 Compare system solutions using LU of A, LU sol of A_herm, HHL of Ax=b hermition system
LU sol 	    Herm LU sol    HHL sol    L1_diff(%)
-2.255e-04  -2.255e-04  -0.000e+00  1.000e+02
-1.921e-04  -1.921e-04  -0.000e+00  1.000e+02
-5.982e-04  -5.982e-04  -0.000e+00  1.000e+02
-7.750e-04  -7.750e-04  -0.000e+00  1.000e+02
-7.031e-04  -7.031e-04  -0.000e+00  1.000e+02
-2.121e-03  -2.121e-03  -0.000e+00  1.000e+02
-1.709e-03  -1.709e-03  -0.000e+00  1.000e+02
-1.711e-03  -1.711e-03  -0.000e+00  1.000e+02
-4.916e-03  -4.916e-03  -0.000e+00  1.000e+02
-3.850e-03  -3.850e-03  -0.000e+00  1.000e+02
-3.985e-03  -3.985e-03  -0.000e+00  1.000e+02
-1.125e-02  -1.125e-02  -0.000e+00  1.000e+02
-1.023e-02  -1.023e-02  -0.000e+00  1.000e+02
-9.810e-03  -9.810e-03  -0.000e+00  1.000e+02
-2.877e-02  -2.877e-02  -0.000e+00  1.000e+02
-2.751e-02  -2.751e-02  -0.000e+00  1.000e+02
-2.400e-02  -2.400e-02  -0.000e+00  1.000e+02
-7.401e-02  -7.401e-02  -0.000e+00  1.000e+02
-6.574e-02  -6.574e-02  -0.000e+00  1.000e+02
-5.546e-02  -5.546e-02  -0.000e+00  1.000e+02
-1.631e-01  -1.631e-01  -0.000e+00  1.000e+02
-1.257e-01  -1.257e-01  -0.000e+00  1.000e+02
-1.143e-01  -1.143e-01  -0.000e+00  1.000e+02
-3.122e-01  -3.122e-01  -0.000e+00  1.000e+02
-2.113e-01  -2.113e-01  -0.000e+00  1.000e+02
-1.888e-01  -1.888e-01  -0.000e+00  1.000e+02
-4.697e-01  -4.697e-01  -1.580e-02  9.664e+01
-2.302e-01  -2.302e-01  -0.000e+00  1.000e+02
-2.362e-01  -2.362e-01  -2.234e-02  9.054e+01
-6.642e-01  -6.642e-01  -2.234e-02  9.664e+01
-2.883e-01  -2.883e-01  -0.000e+00  1.000e+02
-3.003e-01  -3.003e-01  -1.580e-02  9.474e+01
-8.270e-01  -8.270e-01  -3.869e-02  9.532e+01
-3.633e-01  -3.633e-01  -0.000e+00  1.000e+02
-4.408e-01  -4.408e-01  -1.580e-02  9.642e+01
-9.050e-01  -9.050e-01  -3.159e-02  9.651e+01
-3.830e-01  -3.830e-01  -0.000e+00  1.000e+02
-4.392e-01  -4.392e-01  -1.580e-02  9.640e+01
-9.943e-01  -9.943e-01  -5.472e-02  9.450e+01
-3.785e-01  -3.785e-01  -1.580e-02  9.583e+01
-4.234e-01  -4.234e-01  -2.736e-02  9.354e+01
-1.046e+00  -1.046e+00  -6.513e-02  9.378e+01
-4.454e-01  -4.454e-01  -3.159e-02  9.291e+01
-4.646e-01  -4.646e-01  -1.580e-02  9.660e+01
-1.114e+00  -1.114e+00  -5.472e-02  9.509e+01
-4.266e-01  -4.266e-01  -1.580e-02  9.630e+01
-4.463e-01  -4.463e-01  -2.234e-02  9.499e+01
-1.096e+00  -1.096e+00  -5.239e-02  9.522e+01
-4.677e-01  -4.677e-01  -1.580e-02  9.662e+01
-4.640e-01  -4.640e-01  -2.736e-02  9.410e+01
-1.109e+00  -1.109e+00  -0.000e+00  1.000e+02
-4.826e-01  -4.826e-01  -3.159e-02  9.345e+01
-4.944e-01  -4.944e-01  -2.234e-02  9.548e+01
-1.150e+00  -1.150e+00  -6.702e-02  9.417e+01
-4.264e-01  -4.264e-01  -1.580e-02  9.630e+01
-4.307e-01  -4.307e-01  -2.234e-02  9.481e+01
-1.132e+00  -1.132e+00  -4.468e-02  9.605e+01
-4.334e-01  -4.334e-01  -0.000e+00  1.000e+02
-4.884e-01  -4.884e-01  -1.580e-02  9.677e+01
-1.079e+00  -1.079e+00  -4.468e-02  9.586e+01
========================================================================================

step: 10/15 res:18.922068291984544, res/res0:0.8433122127327812  dq_norm: [0.05472105 0.06885581 0.15717424]

A info: before HHL prepare:
Spectral radius (A): 9.838e+01, lambda_min:6.169346161245789
condition number(A): 1.595e+01, norm2_cond:368.05249825242663
det(A): 9.689e+93
--------------------------------------------------------------------------------

A_hhl info: after scaling by spectral radius:
Spectral radius (A): 1.000e+00, lambda_min:0.06270885639078527
condition number(A): 1.595e+01, norm2_cond:368.052498252431
det(A): 2.580e-26, nnz: 14 non zeros per row
--------------------------------------------------------------------------------

Size of A & B are not power of 2:
Next 2 power of 60 = 64
Value to be padded = 4
--------------------------------------------------

==================== Print (N)^2 padded matrix system =======================
Padded shape of A: (60, 60)x(60, 60) -> (64, 64)x(64, 64)
Padded shape of B: (60,) -> (64,)
Determinant of padded matrix: 2.5802352881352335e-26
Condition # of padded matrix: 368.052498252431


Matrix is not Hermitian. Making it Hermitian.......

==================== Print Hermitian matrix system info =======================
Shape of hermitian A: 64x64 -> 128x128
Shape of           B: 64 -> 128
Determinant of Hermitian matrix: 6.657614142138028e-52
Condition # of Hermitian matrix: 368.05249825243345

=================================== Generating HHL circuit ===================================
Time elapsed for generating HHL circuit: 5 min 26.34 sec

Generated circuit: num_qubits=18, gates=23, depth=5
============================== Generated Circuit saved ==============================

============================== Transpiling circuit ==============================
This is using the AerSimulator('aer_simulator_statevector') transpiler.
Time elapsed for transpiling the circuit:  0 min 44.83 sec
Transpiled circuit, num_qubits: 18, (original: 18)
Transpiled circuit depth: 464201 (original: 5)
Transpiled circuit gates: 464353 (original: 23)
============================== Transpiled Circuit saved ==============================
Time elapsed for running the circuit:  2 min 30.27 sec
total_qubits: 18, nq:7

Time elapsed for extracting shots-based hhl counts solution:  0 min 0.00 sec

[HHL info]: linear system residual (e=||Ax-b||_2): 17.385145946070462
[HHL info]: Fidelity(true_sol, hhl_sol): 0.9329746900757111
[HHL info]: L2 error (absolute): 3.616421908315695
[HHL info]: L2 error (relative): 0.9535052478171462
[HHL info]: L2 error (normalized): 0.26112774756983054

========================================================================================
 Compare system solutions using LU of A, LU sol of A_herm, HHL of Ax=b hermition system
LU sol 	    Herm LU sol    HHL sol    L1_diff(%)
-2.230e-04  -2.230e-04  -0.000e+00  1.000e+02
-1.909e-04  -1.909e-04  -0.000e+00  1.000e+02
-5.931e-04  -5.931e-04  -0.000e+00  1.000e+02
-7.793e-04  -7.793e-04  -0.000e+00  1.000e+02
-7.051e-04  -7.051e-04  -0.000e+00  1.000e+02
-2.131e-03  -2.131e-03  -0.000e+00  1.000e+02
-1.746e-03  -1.746e-03  -0.000e+00  1.000e+02
-1.730e-03  -1.730e-03  -0.000e+00  1.000e+02
-4.996e-03  -4.996e-03  -0.000e+00  1.000e+02
-3.935e-03  -3.935e-03  -0.000e+00  1.000e+02
-4.028e-03  -4.028e-03  -0.000e+00  1.000e+02
-1.143e-02  -1.143e-02  -0.000e+00  1.000e+02
-1.027e-02  -1.027e-02  -0.000e+00  1.000e+02
-9.836e-03  -9.836e-03  -0.000e+00  1.000e+02
-2.886e-02  -2.886e-02  -0.000e+00  1.000e+02
-2.724e-02  -2.724e-02  -0.000e+00  1.000e+02
-2.385e-02  -2.385e-02  -0.000e+00  1.000e+02
-7.346e-02  -7.346e-02  -0.000e+00  1.000e+02
-6.502e-02  -6.502e-02  -0.000e+00  1.000e+02
-5.505e-02  -5.505e-02  -0.000e+00  1.000e+02
-1.616e-01  -1.616e-01  -0.000e+00  1.000e+02
-1.257e-01  -1.257e-01  -1.493e-02  8.812e+01
-1.147e-01  -1.147e-01  -0.000e+00  1.000e+02
-3.119e-01  -3.119e-01  -2.112e-02  9.323e+01
-2.136e-01  -2.136e-01  -0.000e+00  1.000e+02
-1.896e-01  -1.896e-01  -0.000e+00  1.000e+02
-4.576e-01  -4.576e-01  -1.493e-02  9.674e+01
-2.336e-01  -2.336e-01  -1.493e-02  9.361e+01
-2.133e-01  -2.133e-01  -1.493e-02  9.300e+01
-6.494e-01  -6.494e-01  -2.987e-02  9.540e+01
-2.916e-01  -2.916e-01  -0.000e+00  1.000e+02
-2.848e-01  -2.848e-01  -0.000e+00  1.000e+02
-7.934e-01  -7.934e-01  -2.586e-02  9.674e+01
-3.663e-01  -3.663e-01  -1.493e-02  9.592e+01
-4.255e-01  -4.255e-01  -1.493e-02  9.649e+01
-8.766e-01  -8.766e-01  -4.224e-02  9.518e+01
-3.828e-01  -3.828e-01  -2.586e-02  9.324e+01
-4.217e-01  -4.217e-01  -1.493e-02  9.646e+01
-9.344e-01  -9.344e-01  -4.722e-02  9.495e+01
-3.579e-01  -3.579e-01  -1.493e-02  9.583e+01
-3.956e-01  -3.956e-01  -2.112e-02  9.466e+01
-9.683e-01  -9.683e-01  -4.722e-02  9.512e+01
-4.099e-01  -4.099e-01  -0.000e+00  1.000e+02
-4.520e-01  -4.520e-01  -2.586e-02  9.428e+01
-1.052e+00  -1.052e+00  -6.843e-02  9.349e+01
-4.097e-01  -4.097e-01  -1.493e-02  9.636e+01
-4.223e-01  -4.223e-01  -1.493e-02  9.646e+01
-1.042e+00  -1.042e+00  -4.953e-02  9.525e+01
-4.479e-01  -4.479e-01  -1.493e-02  9.667e+01
-4.351e-01  -4.351e-01  -2.586e-02  9.406e+01
-1.107e+00  -1.107e+00  -5.384e-02  9.514e+01
-4.463e-01  -4.463e-01  -2.112e-02  9.527e+01
-4.737e-01  -4.737e-01  -2.112e-02  9.554e+01
-1.075e+00  -1.075e+00  -5.173e-02  9.519e+01
-4.105e-01  -4.105e-01  -2.112e-02  9.486e+01
-4.085e-01  -4.085e-01  -2.586e-02  9.367e+01
-1.087e+00  -1.087e+00  -4.722e-02  9.565e+01
-4.362e-01  -4.362e-01  -2.112e-02  9.516e+01
-4.726e-01  -4.726e-01  -3.339e-02  9.294e+01
-1.035e+00  -1.035e+00  -4.224e-02  9.592e+01
========================================================================================

step: 11/15 res:17.967071812419736, res/res0:0.8007502590442952  dq_norm: [0.0578346  0.07004118 0.15873815]

A info: before HHL prepare:
Spectral radius (A): 9.842e+01, lambda_min:6.227875575084495
condition number(A): 1.580e+01, norm2_cond:366.302506995957
det(A): 1.092e+94
--------------------------------------------------------------------------------

A_hhl info: after scaling by spectral radius:
Spectral radius (A): 1.000e+00, lambda_min:0.06327619444598254
condition number(A): 1.580e+01, norm2_cond:366.3025069959598
det(A): 2.833e-26, nnz: 14 non zeros per row
--------------------------------------------------------------------------------

Size of A & B are not power of 2:
Next 2 power of 60 = 64
Value to be padded = 4
--------------------------------------------------

==================== Print (N)^2 padded matrix system =======================
Padded shape of A: (60, 60)x(60, 60) -> (64, 64)x(64, 64)
Padded shape of B: (60,) -> (64,)
Determinant of padded matrix: 2.832973817830938e-26
Condition # of padded matrix: 366.3025069959598


Matrix is not Hermitian. Making it Hermitian.......

==================== Print Hermitian matrix system info =======================
Shape of hermitian A: 64x64 -> 128x128
Shape of           B: 64 -> 128
Determinant of Hermitian matrix: 8.025740652515603e-52
Condition # of Hermitian matrix: 366.30250699596246

=================================== Generating HHL circuit ===================================
Time elapsed for generating HHL circuit: 5 min 12.70 sec

Generated circuit: num_qubits=18, gates=23, depth=5
============================== Generated Circuit saved ==============================

============================== Transpiling circuit ==============================
This is using the AerSimulator('aer_simulator_statevector') transpiler.
Time elapsed for transpiling the circuit:  0 min 58.37 sec
Transpiled circuit, num_qubits: 18, (original: 18)
Transpiled circuit depth: 464196 (original: 5)
Transpiled circuit gates: 464348 (original: 23)
============================== Transpiled Circuit saved ==============================
Time elapsed for running the circuit:  2 min 29.17 sec
total_qubits: 18, nq:7

Time elapsed for extracting shots-based hhl counts solution:  0 min 0.00 sec

[HHL info]: linear system residual (e=||Ax-b||_2): 17.185003626014066
[HHL info]: Fidelity(true_sol, hhl_sol): 0.9085903692252405
[HHL info]: L2 error (absolute): 3.531836228239047
[HHL info]: L2 error (relative): 0.9784615883129943
[HHL info]: L2 error (normalized): 0.3059409492534318

========================================================================================
 Compare system solutions using LU of A, LU sol of A_herm, HHL of Ax=b hermition system
LU sol 	    Herm LU sol    HHL sol    L1_diff(%)
-2.130e-04  -2.130e-04  -0.000e+00  1.000e+02
-1.858e-04  -1.858e-04  -0.000e+00  1.000e+02
-5.718e-04  -5.718e-04  -0.000e+00  1.000e+02
-7.619e-04  -7.619e-04  -0.000e+00  1.000e+02
-6.959e-04  -6.959e-04  -0.000e+00  1.000e+02
-2.094e-03  -2.094e-03  -0.000e+00  1.000e+02
-1.778e-03  -1.778e-03  -0.000e+00  1.000e+02
-1.746e-03  -1.746e-03  -0.000e+00  1.000e+02
-5.063e-03  -5.063e-03  -0.000e+00  1.000e+02
-4.110e-03  -4.110e-03  -0.000e+00  1.000e+02
-4.120e-03  -4.120e-03  -0.000e+00  1.000e+02
-1.179e-02  -1.179e-02  -0.000e+00  1.000e+02
-1.053e-02  -1.053e-02  -0.000e+00  1.000e+02
-9.962e-03  -9.962e-03  -0.000e+00  1.000e+02
-2.943e-02  -2.943e-02  -0.000e+00  1.000e+02
-2.704e-02  -2.704e-02  -0.000e+00  1.000e+02
-2.365e-02  -2.365e-02  -0.000e+00  1.000e+02
-7.307e-02  -7.307e-02  -0.000e+00  1.000e+02
-6.387e-02  -6.387e-02  -0.000e+00  1.000e+02
-5.471e-02  -5.471e-02  -0.000e+00  1.000e+02
-1.590e-01  -1.590e-01  -0.000e+00  1.000e+02
-1.094e-01  -1.094e-01  -0.000e+00  1.000e+02
-1.150e-01  -1.150e-01  -0.000e+00  1.000e+02
-2.878e-01  -2.878e-01  -0.000e+00  1.000e+02
-2.132e-01  -2.132e-01  -0.000e+00  1.000e+02
-1.899e-01  -1.899e-01  -0.000e+00  1.000e+02
-4.410e-01  -4.410e-01  -1.183e-02  9.732e+01
-2.176e-01  -2.176e-01  -0.000e+00  1.000e+02
-1.984e-01  -1.984e-01  -6.828e-03  9.656e+01
-6.168e-01  -6.168e-01  -1.366e-02  9.779e+01
-2.899e-01  -2.899e-01  -6.828e-03  9.764e+01
-2.841e-01  -2.841e-01  -0.000e+00  1.000e+02
-7.613e-01  -7.613e-01  -1.673e-02  9.780e+01
-3.475e-01  -3.475e-01  -0.000e+00  1.000e+02
-4.098e-01  -4.098e-01  -9.656e-03  9.764e+01
-8.264e-01  -8.264e-01  -1.807e-02  9.781e+01
-3.548e-01  -3.548e-01  -6.828e-03  9.808e+01
-4.087e-01  -4.087e-01  -1.183e-02  9.711e+01
-8.839e-01  -8.839e-01  -1.931e-02  9.782e+01
-3.445e-01  -3.445e-01  -0.000e+00  1.000e+02
-3.742e-01  -3.742e-01  -0.000e+00  1.000e+02
-9.234e-01  -9.234e-01  -1.931e-02  9.791e+01
-4.120e-01  -4.120e-01  -1.183e-02  9.713e+01
-4.250e-01  -4.250e-01  -9.656e-03  9.773e+01
-9.805e-01  -9.805e-01  -1.931e-02  9.803e+01
-3.942e-01  -3.942e-01  -6.828e-03  9.827e+01
-4.078e-01  -4.078e-01  -1.183e-02  9.710e+01
-9.892e-01  -9.892e-01  -2.265e-02  9.771e+01
-4.313e-01  -4.313e-01  -9.656e-03  9.776e+01
-4.084e-01  -4.084e-01  -6.828e-03  9.833e+01
-1.048e+00  -1.048e+00  -2.645e-02  9.748e+01
-4.232e-01  -4.232e-01  -1.366e-02  9.677e+01
-4.532e-01  -4.532e-01  -0.000e+00  1.000e+02
-1.019e+00  -1.019e+00  -2.048e-02  9.799e+01
-3.897e-01  -3.897e-01  -6.828e-03  9.825e+01
-3.832e-01  -3.832e-01  -1.183e-02  9.691e+01
-1.042e+00  -1.042e+00  -2.555e-02  9.755e+01
-4.171e-01  -4.171e-01  -9.656e-03  9.768e+01
-4.394e-01  -4.394e-01  -9.656e-03  9.780e+01
-9.994e-01  -9.994e-01  -2.897e-02  9.710e+01
========================================================================================

step: 12/15 res:17.390069627401207, res/res0:0.7750346246912712  dq_norm: [0.02644513 0.02815299 0.07193853]

A info: before HHL prepare:
Spectral radius (A): 9.835e+01, lambda_min:6.2371430273237545
condition number(A): 1.577e+01, norm2_cond:362.95387981596247
det(A): 1.198e+94
--------------------------------------------------------------------------------

A_hhl info: after scaling by spectral radius:
Spectral radius (A): 1.000e+00, lambda_min:0.0634168431965875
condition number(A): 1.577e+01, norm2_cond:362.953879815958
det(A): 3.249e-26, nnz: 14 non zeros per row
--------------------------------------------------------------------------------

Size of A & B are not power of 2:
Next 2 power of 60 = 64
Value to be padded = 4
--------------------------------------------------

==================== Print (N)^2 padded matrix system =======================
Padded shape of A: (60, 60)x(60, 60) -> (64, 64)x(64, 64)
Padded shape of B: (60,) -> (64,)
Determinant of padded matrix: 3.248783025398946e-26
Condition # of padded matrix: 362.953879815958


Matrix is not Hermitian. Making it Hermitian.......

==================== Print Hermitian matrix system info =======================
Shape of hermitian A: 64x64 -> 128x128
Shape of           B: 64 -> 128
Determinant of Hermitian matrix: 1.055459114612048e-51
Condition # of Hermitian matrix: 362.9538798159661

=================================== Generating HHL circuit ===================================
Time elapsed for generating HHL circuit: 5 min 12.60 sec

Generated circuit: num_qubits=18, gates=23, depth=5
============================== Generated Circuit saved ==============================

============================== Transpiling circuit ==============================
This is using the AerSimulator('aer_simulator_statevector') transpiler.
Time elapsed for transpiling the circuit:  0 min 45.87 sec
Transpiled circuit, num_qubits: 18, (original: 18)
Transpiled circuit depth: 464197 (original: 5)
Transpiled circuit gates: 464349 (original: 23)
============================== Transpiled Circuit saved ==============================
Time elapsed for running the circuit:  2 min 30.38 sec
total_qubits: 18, nq:7

Time elapsed for extracting shots-based hhl counts solution:  0 min 0.00 sec

[HHL info]: linear system residual (e=||Ax-b||_2): 16.579176982256545
[HHL info]: Fidelity(true_sol, hhl_sol): 0.8972958108514304
[HHL info]: L2 error (absolute): 3.369362433959642
[HHL info]: L2 error (relative): 0.9572382367149519
[HHL info]: L2 error (normalized): 0.32478610489429177

========================================================================================
 Compare system solutions using LU of A, LU sol of A_herm, HHL of Ax=b hermition system
LU sol 	    Herm LU sol    HHL sol    L1_diff(%)
-2.129e-04  -2.129e-04  -0.000e+00  1.000e+02
-1.858e-04  -1.858e-04  -0.000e+00  1.000e+02
-5.717e-04  -5.717e-04  -0.000e+00  1.000e+02
-7.614e-04  -7.614e-04  -0.000e+00  1.000e+02
-6.956e-04  -6.956e-04  -0.000e+00  1.000e+02
-2.093e-03  -2.093e-03  -0.000e+00  1.000e+02
-1.776e-03  -1.776e-03  -0.000e+00  1.000e+02
-1.746e-03  -1.746e-03  -0.000e+00  1.000e+02
-5.059e-03  -5.059e-03  -0.000e+00  1.000e+02
-4.108e-03  -4.108e-03  -0.000e+00  1.000e+02
-4.120e-03  -4.120e-03  -0.000e+00  1.000e+02
-1.179e-02  -1.179e-02  -0.000e+00  1.000e+02
-1.054e-02  -1.054e-02  -0.000e+00  1.000e+02
-9.965e-03  -9.965e-03  -0.000e+00  1.000e+02
-2.944e-02  -2.944e-02  -0.000e+00  1.000e+02
-2.705e-02  -2.705e-02  -0.000e+00  1.000e+02
-2.365e-02  -2.365e-02  -0.000e+00  1.000e+02
-7.309e-02  -7.309e-02  -0.000e+00  1.000e+02
-6.386e-02  -6.386e-02  -0.000e+00  1.000e+02
-5.467e-02  -5.467e-02  -0.000e+00  1.000e+02
-1.590e-01  -1.590e-01  -1.292e-02  9.187e+01
-1.095e-01  -1.095e-01  -0.000e+00  1.000e+02
-1.152e-01  -1.152e-01  -0.000e+00  1.000e+02
-2.880e-01  -2.880e-01  -1.292e-02  9.551e+01
-2.132e-01  -2.132e-01  -1.292e-02  9.394e+01
-1.897e-01  -1.897e-01  -1.292e-02  9.319e+01
-4.281e-01  -4.281e-01  -1.292e-02  9.698e+01
-2.170e-01  -2.170e-01  -0.000e+00  1.000e+02
-1.914e-01  -1.914e-01  -1.827e-02  9.045e+01
-6.008e-01  -6.008e-01  -3.655e-02  9.392e+01
-2.829e-01  -2.829e-01  -1.292e-02  9.543e+01
-2.848e-01  -2.848e-01  -1.292e-02  9.546e+01
-7.435e-01  -7.435e-01  -3.655e-02  9.508e+01
-3.484e-01  -3.484e-01  -0.000e+00  1.000e+02
-3.999e-01  -3.999e-01  -1.827e-02  9.543e+01
-8.090e-01  -8.090e-01  -5.169e-02  9.361e+01
-3.475e-01  -3.475e-01  -1.827e-02  9.474e+01
-3.964e-01  -3.964e-01  -1.827e-02  9.539e+01
-8.630e-01  -8.630e-01  -3.165e-02  9.633e+01
-3.443e-01  -3.443e-01  -0.000e+00  1.000e+02
-3.749e-01  -3.749e-01  -0.000e+00  1.000e+02
-9.014e-01  -9.014e-01  -3.876e-02  9.570e+01
-3.993e-01  -3.993e-01  -2.889e-02  9.276e+01
-4.156e-01  -4.156e-01  -1.827e-02  9.560e+01
-9.608e-01  -9.608e-01  -4.835e-02  9.497e+01
-3.848e-01  -3.848e-01  -2.584e-02  9.328e+01
-3.945e-01  -3.945e-01  -2.238e-02  9.433e+01
-9.607e-01  -9.607e-01  -2.584e-02  9.731e+01
-4.173e-01  -4.173e-01  -2.238e-02  9.464e+01
-4.020e-01  -4.020e-01  -1.827e-02  9.545e+01
-1.012e+00  -1.012e+00  -3.655e-02  9.639e+01
-4.065e-01  -4.065e-01  -2.889e-02  9.289e+01
-4.543e-01  -4.543e-01  -1.292e-02  9.716e+01
-9.926e-01  -9.926e-01  -4.476e-02  9.549e+01
-3.814e-01  -3.814e-01  -0.000e+00  1.000e+02
-3.707e-01  -3.707e-01  -1.292e-02  9.651e+01
-1.012e+00  -1.012e+00  -4.286e-02  9.577e+01
-4.053e-01  -4.053e-01  -1.827e-02  9.549e+01
-4.296e-01  -4.296e-01  -1.827e-02  9.575e+01
-9.652e-01  -9.652e-01  -4.286e-02  9.556e+01
========================================================================================

step: 13/15 res:17.186339734941065, res/res0:0.7659548611179015  dq_norm: [0.06196868 0.05632292 0.1355204 ]

A info: before HHL prepare:
Spectral radius (A): 9.827e+01, lambda_min:6.272891762428922
condition number(A): 1.567e+01, norm2_cond:358.4219594213775
det(A): 1.481e+94
--------------------------------------------------------------------------------

A_hhl info: after scaling by spectral radius:
Spectral radius (A): 1.000e+00, lambda_min:0.0638355359988792
condition number(A): 1.567e+01, norm2_cond:358.4219594213747
det(A): 4.228e-26, nnz: 14 non zeros per row
--------------------------------------------------------------------------------

Size of A & B are not power of 2:
Next 2 power of 60 = 64
Value to be padded = 4
--------------------------------------------------

==================== Print (N)^2 padded matrix system =======================
Padded shape of A: (60, 60)x(60, 60) -> (64, 64)x(64, 64)
Padded shape of B: (60,) -> (64,)
Determinant of padded matrix: 4.2279803049932174e-26
Condition # of padded matrix: 358.4219594213747


Matrix is not Hermitian. Making it Hermitian.......

==================== Print Hermitian matrix system info =======================
Shape of hermitian A: 64x64 -> 128x128
Shape of           B: 64 -> 128
Determinant of Hermitian matrix: 1.7875817459410288e-51
Condition # of Hermitian matrix: 358.42195942138085

=================================== Generating HHL circuit ===================================
Time elapsed for generating HHL circuit: 5 min 20.68 sec

Generated circuit: num_qubits=18, gates=23, depth=5
============================== Generated Circuit saved ==============================

============================== Transpiling circuit ==============================
This is using the AerSimulator('aer_simulator_statevector') transpiler.
Time elapsed for transpiling the circuit:  0 min 46.21 sec
Transpiled circuit, num_qubits: 18, (original: 18)
Transpiled circuit depth: 464198 (original: 5)
Transpiled circuit gates: 464350 (original: 23)
============================== Transpiled Circuit saved ==============================
Time elapsed for running the circuit:  2 min 24.18 sec
total_qubits: 18, nq:7

Time elapsed for extracting shots-based hhl counts solution:  0 min 0.00 sec

[HHL info]: linear system residual (e=||Ax-b||_2): 16.58963811498999
[HHL info]: Fidelity(true_sol, hhl_sol): 0.8453062975398009
[HHL info]: L2 error (absolute): 3.3416065455425303
[HHL info]: L2 error (relative): 0.9976932230727986
[HHL info]: L2 error (normalized): 0.40148373729067144

========================================================================================
 Compare system solutions using LU of A, LU sol of A_herm, HHL of Ax=b hermition system
LU sol 	    Herm LU sol    HHL sol    L1_diff(%)
-2.127e-04  -2.127e-04  -0.000e+00  1.000e+02
-1.856e-04  -1.856e-04  -0.000e+00  1.000e+02
-5.712e-04  -5.712e-04  -0.000e+00  1.000e+02
-7.711e-04  -7.711e-04  -0.000e+00  1.000e+02
-7.006e-04  -7.006e-04  -0.000e+00  1.000e+02
-2.113e-03  -2.113e-03  -0.000e+00  1.000e+02
-1.813e-03  -1.813e-03  -0.000e+00  1.000e+02
-1.765e-03  -1.765e-03  -0.000e+00  1.000e+02
-5.135e-03  -5.135e-03  -0.000e+00  1.000e+02
-4.157e-03  -4.157e-03  -0.000e+00  1.000e+02
-4.144e-03  -4.144e-03  -0.000e+00  1.000e+02
-1.189e-02  -1.189e-02  -0.000e+00  1.000e+02
-1.049e-02  -1.049e-02  -0.000e+00  1.000e+02
-9.921e-03  -9.921e-03  -0.000e+00  1.000e+02
-2.935e-02  -2.935e-02  -0.000e+00  1.000e+02
-2.682e-02  -2.682e-02  -0.000e+00  1.000e+02
-2.357e-02  -2.357e-02  -0.000e+00  1.000e+02
-7.263e-02  -7.263e-02  -7.488e-04  9.897e+01
-6.358e-02  -6.358e-02  -7.488e-04  9.882e+01
-5.457e-02  -5.457e-02  -0.000e+00  1.000e+02
-1.450e-01  -1.450e-01  -0.000e+00  1.000e+02
-1.098e-01  -1.098e-01  -7.488e-04  9.932e+01
-1.157e-01  -1.157e-01  -7.488e-04  9.935e+01
-2.758e-01  -2.758e-01  -0.000e+00  1.000e+02
-2.010e-01  -2.010e-01  -0.000e+00  1.000e+02
-1.767e-01  -1.767e-01  -0.000e+00  1.000e+02
-4.181e-01  -4.181e-01  -1.834e-03  9.956e+01
-2.182e-01  -2.182e-01  -0.000e+00  1.000e+02
-1.728e-01  -1.728e-01  -0.000e+00  1.000e+02
-5.652e-01  -5.652e-01  -1.981e-03  9.965e+01
-2.707e-01  -2.707e-01  -0.000e+00  1.000e+02
-2.723e-01  -2.723e-01  -1.059e-03  9.961e+01
-7.069e-01  -7.069e-01  -1.674e-03  9.976e+01
-3.495e-01  -3.495e-01  -1.059e-03  9.970e+01
-3.815e-01  -3.815e-01  -1.498e-03  9.961e+01
-7.561e-01  -7.561e-01  -1.981e-03  9.974e+01
-3.271e-01  -3.271e-01  -1.059e-03  9.968e+01
-3.775e-01  -3.775e-01  -7.488e-04  9.980e+01
-8.267e-01  -8.267e-01  -2.594e-03  9.969e+01
-3.412e-01  -3.412e-01  -1.498e-03  9.956e+01
-3.752e-01  -3.752e-01  -0.000e+00  1.000e+02
-8.514e-01  -8.514e-01  -2.246e-03  9.974e+01
-3.649e-01  -3.649e-01  -1.059e-03  9.971e+01
-3.978e-01  -3.978e-01  -1.297e-03  9.967e+01
-9.039e-01  -9.039e-01  -2.246e-03  9.975e+01
-3.526e-01  -3.526e-01  -0.000e+00  1.000e+02
-3.706e-01  -3.706e-01  -7.488e-04  9.980e+01
-9.262e-01  -9.262e-01  -1.674e-03  9.982e+01
-3.886e-01  -3.886e-01  -7.488e-04  9.981e+01
-3.846e-01  -3.846e-01  -1.059e-03  9.972e+01
-9.652e-01  -9.652e-01  -2.368e-03  9.975e+01
-3.741e-01  -3.741e-01  -7.488e-04  9.980e+01
-4.427e-01  -4.427e-01  -0.000e+00  1.000e+02
-9.415e-01  -9.415e-01  -1.981e-03  9.979e+01
-3.806e-01  -3.806e-01  -0.000e+00  1.000e+02
-3.565e-01  -3.565e-01  -1.059e-03  9.970e+01
-9.634e-01  -9.634e-01  -1.834e-03  9.981e+01
-3.835e-01  -3.835e-01  -0.000e+00  1.000e+02
-4.110e-01  -4.110e-01  -7.488e-04  9.982e+01
-9.158e-01  -9.158e-01  -2.483e-03  9.973e+01
========================================================================================

step: 14/15 res:16.592406258057164, res/res0:0.7394846387892352  dq_norm: [0.00280174 0.00308736 0.00729836]
Completed: 14 steps in 7882.98s
Saved metadata to /lustre/orion/stf006/scratch/4klornl/fvm_euler_1d_solver/output_parallel_shots/nelem20/statevector/shots_10000/trial_6/metadata_nelem20_HHL_statevector_nshots10000.pkl

Solution summary:
  x/L: [0.0250, 0.9750]
  Mach: [1.5000, 1.6612]
  p/p_in: [1.0000, 0.7453]
  rho/rho_in: [1.0000, 0.8416]
Saved combined plot to /lustre/orion/stf006/scratch/4klornl/fvm_euler_1d_solver/output_parallel_shots/nelem20/statevector/shots_10000/trial_6/solution_plot_nelem20_HHL_statevector_nshots10000.png
