
------------------------------------------------------------
Using ideal local simulator with 'statevector' method
Backend: aer_simulator_statevector
Shots: 150000
------------------------------------------------------------

A info: before HHL prepare:
Spectral radius (A): 4.814e+01, lambda_min:3.3136108943482814
condition number(A): 1.453e+01, norm2_cond:197.88017001682982
det(A): 1.276e+38
--------------------------------------------------------------------------------

A_hhl info: after scaling by spectral radius:
Spectral radius (A): 1.000e+00, lambda_min:0.0688269177323334
condition number(A): 1.453e+01, norm2_cond:197.88017001683053
det(A): 4.260e-13, nnz: 11 non zeros per row
--------------------------------------------------------------------------------

Size of A & B are not power of 2:
Next 2 power of 30 = 32
Value to be padded = 2
--------------------------------------------------

==================== Print (N)^2 padded matrix system =======================
Padded shape of A: (30, 30)x(30, 30) -> (32, 32)x(32, 32)
Padded shape of B: (30,) -> (32,)
Determinant of padded matrix: 4.2602079269883554e-13
Condition # of padded matrix: 197.88017001683053


Matrix is not Hermitian. Making it Hermitian.......

==================== Print Hermitian matrix system info =======================
Shape of hermitian A: 32x32 -> 64x64
Shape of           B: 32 -> 64
Determinant of Hermitian matrix: 1.8149371581174162e-25
Condition # of Hermitian matrix: 197.88017001683153

=================================== Generating HHL circuit ===================================
Time elapsed for generating HHL circuit: 0 min 50.22 sec

Generated circuit: num_qubits=16, gates=21, depth=5
============================== Generated Circuit saved ==============================

============================== Transpiling circuit ==============================
This is using the AerSimulator('aer_simulator_statevector') transpiler.
Time elapsed for transpiling the circuit:  0 min 9.29 sec
Transpiled circuit, num_qubits: 16, (original: 16)
Transpiled circuit depth: 103094 (original: 5)
Transpiled circuit gates: 103221 (original: 21)
============================== Transpiled Circuit saved ==============================
Time elapsed for running the circuit:  0 min 20.69 sec
total_qubits: 16, nq:6

Time elapsed for extracting shots-based hhl counts solution:  0 min 0.00 sec

[HHL info]: linear system residual (e=||Ax-b||_2): 5.412539084371753
[HHL info]: Fidelity(true_sol, hhl_sol): 0.9969085205946239
[HHL info]: L2 error (absolute): 0.5087473777827017
[HHL info]: L2 error (relative): 0.13395338948267774
[HHL info]: L2 error (normalized): 0.05562258908941014

========================================================================================
 Compare system solutions using LU of A, LU sol of A_herm, HHL of Ax=b hermition system
LU sol 	    Herm LU sol    HHL sol    L1_diff(%)
 4.852e-03   4.852e-03   0.000e+00  1.000e+02
 2.224e-03   2.224e-03   0.000e+00  1.000e+02
 1.012e-02   1.012e-02   0.000e+00  1.000e+02
 6.205e-03   6.205e-03   0.000e+00  1.000e+02
 1.905e-03   1.905e-03   0.000e+00  1.000e+02
 1.125e-02   1.125e-02   0.000e+00  1.000e+02
-2.568e-02  -2.568e-02  -0.000e+00  1.000e+02
-1.823e-02  -1.823e-02  -0.000e+00  1.000e+02
-6.491e-02  -6.491e-02  -9.581e-02  4.761e+01
-1.285e-01  -1.285e-01  -9.581e-02  2.547e+01
-9.623e-02  -9.623e-02  -9.581e-02  4.441e-01
-3.195e-01  -3.195e-01  -2.793e-01  1.258e+01
-3.070e-01  -3.070e-01  -2.347e-01  2.355e+01
-2.851e-01  -2.851e-01  -2.032e-01  2.872e+01
-8.110e-01  -8.110e-01  -8.297e-01  2.302e+00
-4.538e-01  -4.538e-01  -4.231e-01  6.768e+00
-4.624e-01  -4.624e-01  -4.338e-01  6.188e+00
-1.229e+00  -1.229e+00  -1.134e+00  7.744e+00
-5.244e-01  -5.244e-01  -4.545e-01  1.334e+01
-5.482e-01  -5.482e-01  -4.932e-01  1.004e+01
-1.427e+00  -1.427e+00  -1.257e+00  1.194e+01
-5.516e-01  -5.516e-01  -4.790e-01  1.315e+01
-5.798e-01  -5.798e-01  -5.115e-01  1.178e+01
-1.501e+00  -1.501e+00  -1.284e+00  1.448e+01
-5.614e-01  -5.614e-01  -4.694e-01  1.639e+01
-5.902e-01  -5.902e-01  -5.586e-01  5.346e+00
-1.527e+00  -1.527e+00  -1.289e+00  1.557e+01
-5.649e-01  -5.649e-01  -4.545e-01  1.956e+01
-5.937e-01  -5.937e-01  -4.932e-01  1.692e+01
-1.535e+00  -1.535e+00  -1.315e+00  1.433e+01
========================================================================================

step: 0/15 res:15.852040985520478, res/res0:1.0  dq_norm: [1.05170042 1.13966377 2.94597657]

A info: before HHL prepare:
Spectral radius (A): 4.985e+01, lambda_min:3.918976588055531
condition number(A): 1.272e+01, norm2_cond:149.6994171994056
det(A): 6.732e+39
--------------------------------------------------------------------------------

A_hhl info: after scaling by spectral radius:
Spectral radius (A): 1.000e+00, lambda_min:0.07860895238428922
condition number(A): 1.272e+01, norm2_cond:149.69941719940581
det(A): 7.891e-12, nnz: 13 non zeros per row
--------------------------------------------------------------------------------

Size of A & B are not power of 2:
Next 2 power of 30 = 32
Value to be padded = 2
--------------------------------------------------

==================== Print (N)^2 padded matrix system =======================
Padded shape of A: (30, 30)x(30, 30) -> (32, 32)x(32, 32)
Padded shape of B: (30,) -> (32,)
Determinant of padded matrix: 7.89121654328048e-12
Condition # of padded matrix: 149.69941719940581


Matrix is not Hermitian. Making it Hermitian.......

==================== Print Hermitian matrix system info =======================
Shape of hermitian A: 32x32 -> 64x64
Shape of           B: 32 -> 64
Determinant of Hermitian matrix: 6.227129853294264e-23
Condition # of Hermitian matrix: 149.69941719940627

=================================== Generating HHL circuit ===================================
Time elapsed for generating HHL circuit: 0 min 51.80 sec

Generated circuit: num_qubits=16, gates=21, depth=5
============================== Generated Circuit saved ==============================

============================== Transpiling circuit ==============================
This is using the AerSimulator('aer_simulator_statevector') transpiler.
Time elapsed for transpiling the circuit:  0 min 9.56 sec
Transpiled circuit, num_qubits: 16, (original: 16)
Transpiled circuit depth: 103090 (original: 5)
Transpiled circuit gates: 103217 (original: 21)
============================== Transpiled Circuit saved ==============================
Time elapsed for running the circuit:  0 min 20.32 sec
total_qubits: 16, nq:6

Time elapsed for extracting shots-based hhl counts solution:  0 min 0.00 sec

[HHL info]: linear system residual (e=||Ax-b||_2): 3.5217416911551567
[HHL info]: Fidelity(true_sol, hhl_sol): 0.9758127060909537
[HHL info]: L2 error (absolute): 0.16732488511431035
[HHL info]: L2 error (relative): 0.5769940190834176
[HHL info]: L2 error (normalized): 0.15599790440079675

========================================================================================
 Compare system solutions using LU of A, LU sol of A_herm, HHL of Ax=b hermition system
LU sol 	    Herm LU sol    HHL sol    L1_diff(%)
 3.915e-03   3.915e-03   0.000e+00  1.000e+02
 1.825e-03   1.825e-03   0.000e+00  1.000e+02
 8.161e-03   8.161e-03   0.000e+00  1.000e+02
 4.108e-03   4.108e-03   0.000e+00  1.000e+02
 9.582e-04   9.582e-04   0.000e+00  1.000e+02
 6.378e-03   6.378e-03   0.000e+00  1.000e+02
-2.483e-02  -2.483e-02  -8.930e-03  6.404e+01
-1.770e-02  -1.770e-02  -0.000e+00  1.000e+02
 3.413e-02   3.413e-02   1.547e-02  5.469e+01
-2.151e-02  -2.151e-02  -1.786e-02  1.697e+01
 1.596e-03   1.596e-03   0.000e+00  1.000e+02
-1.452e-02  -1.452e-02  -1.547e-02  6.552e+00
-4.837e-02  -4.837e-02  -2.363e-02  5.115e+01
-8.216e-02  -8.216e-02  -3.220e-02  6.081e+01
 7.506e-02   7.506e-02   2.962e-02  6.054e+01
 4.842e-03   4.842e-03   0.000e+00  1.000e+02
-2.829e-02  -2.829e-02  -1.547e-02  4.533e+01
-6.484e-03  -6.484e-03  -0.000e+00  1.000e+02
-2.732e-02  -2.732e-02  -1.263e-02  5.378e+01
-5.464e-02  -5.464e-02  -2.363e-02  5.676e+01
-6.451e-02  -6.451e-02  -2.679e-02  5.847e+01
-2.719e-02  -2.719e-02  -1.263e-02  5.355e+01
-6.860e-02  -6.860e-02  -2.962e-02  5.683e+01
-1.057e-01  -1.057e-01  -4.809e-02  5.452e+01
-4.472e-02  -4.472e-02  -1.786e-02  6.006e+01
-3.041e-02  -3.041e-02  -1.263e-02  5.847e+01
-1.207e-01  -1.207e-01  -5.283e-02  5.624e+01
-6.143e-02  -6.143e-02  -2.363e-02  6.154e+01
-1.000e-01  -1.000e-01  -4.725e-02  5.276e+01
-9.898e-02  -9.898e-02  -3.572e-02  6.391e+01
========================================================================================

step: 1/15 res:6.001228141067422, res/res0:0.3785776321515346  dq_norm: [0.04639978 0.07143714 0.0919363 ]

A info: before HHL prepare:
Spectral radius (A): 5.019e+01, lambda_min:4.1320487356663165
condition number(A): 1.215e+01, norm2_cond:150.9260587890106
det(A): 7.212e+39
--------------------------------------------------------------------------------

A_hhl info: after scaling by spectral radius:
Spectral radius (A): 1.000e+00, lambda_min:0.08232445524234955
condition number(A): 1.215e+01, norm2_cond:150.9260587890114
det(A): 6.902e-12, nnz: 13 non zeros per row
--------------------------------------------------------------------------------

Size of A & B are not power of 2:
Next 2 power of 30 = 32
Value to be padded = 2
--------------------------------------------------

==================== Print (N)^2 padded matrix system =======================
Padded shape of A: (30, 30)x(30, 30) -> (32, 32)x(32, 32)
Padded shape of B: (30,) -> (32,)
Determinant of padded matrix: 6.901602609272282e-12
Condition # of padded matrix: 150.9260587890114


Matrix is not Hermitian. Making it Hermitian.......

==================== Print Hermitian matrix system info =======================
Shape of hermitian A: 32x32 -> 64x64
Shape of           B: 32 -> 64
Determinant of Hermitian matrix: 4.7632118576313296e-23
Condition # of Hermitian matrix: 150.92605878901128

=================================== Generating HHL circuit ===================================
Time elapsed for generating HHL circuit: 0 min 51.30 sec

Generated circuit: num_qubits=16, gates=21, depth=5
============================== Generated Circuit saved ==============================

============================== Transpiling circuit ==============================
This is using the AerSimulator('aer_simulator_statevector') transpiler.
Time elapsed for transpiling the circuit:  0 min 9.65 sec
Transpiled circuit, num_qubits: 16, (original: 16)
Transpiled circuit depth: 103106 (original: 5)
Transpiled circuit gates: 103233 (original: 21)
============================== Transpiled Circuit saved ==============================
Time elapsed for running the circuit:  0 min 20.48 sec
total_qubits: 16, nq:6

Time elapsed for extracting shots-based hhl counts solution:  0 min 0.00 sec

[HHL info]: linear system residual (e=||Ax-b||_2): 2.0760822016092786
[HHL info]: Fidelity(true_sol, hhl_sol): 0.9563254171943002
[HHL info]: L2 error (absolute): 0.10871000731991831
[HHL info]: L2 error (relative): 0.6549247084282266
[HHL info]: L2 error (normalized): 0.21014794034122888

========================================================================================
 Compare system solutions using LU of A, LU sol of A_herm, HHL of Ax=b hermition system
LU sol 	    Herm LU sol    HHL sol    L1_diff(%)
 3.834e-03   3.834e-03   4.630e-03  2.078e+01
 1.737e-03   1.737e-03   0.000e+00  1.000e+02
 7.969e-03   7.969e-03   0.000e+00  1.000e+02
 4.110e-03   4.110e-03   0.000e+00  1.000e+02
 1.044e-03   1.044e-03   0.000e+00  1.000e+02
 6.461e-03   6.461e-03   0.000e+00  1.000e+02
-1.543e-02  -1.543e-02  -6.548e-03  5.757e+01
-1.741e-02  -1.741e-02  -8.020e-03  5.393e+01
 1.860e-02   1.860e-02   6.548e-03  6.480e+01
-3.443e-03  -3.443e-03  -0.000e+00  1.000e+02
 1.045e-03   1.045e-03   0.000e+00  1.000e+02
 7.568e-04   7.568e-04   0.000e+00  1.000e+02
-2.406e-02  -2.406e-02  -1.134e-02  5.285e+01
-4.952e-02  -4.952e-02  -1.604e-02  6.761e+01
 4.706e-02   4.706e-02   1.793e-02  6.189e+01
 5.310e-03   5.310e-03   0.000e+00  1.000e+02
-1.268e-02  -1.268e-02  -0.000e+00  1.000e+02
-6.048e-03  -6.048e-03  -6.548e-03  8.270e+00
-1.441e-02  -1.441e-02  -4.630e-03  6.788e+01
-3.088e-02  -3.088e-02  -9.261e-03  7.001e+01
-3.738e-02  -3.738e-02  -1.464e-02  6.083e+01
-1.386e-02  -1.386e-02  -0.000e+00  1.000e+02
-3.863e-02  -3.863e-02  -1.604e-02  5.848e+01
-5.555e-02  -5.555e-02  -1.732e-02  6.881e+01
-2.633e-02  -2.633e-02  -9.261e-03  6.483e+01
-1.831e-02  -1.831e-02  -4.630e-03  7.471e+01
-6.672e-02  -6.672e-02  -2.493e-02  6.263e+01
-3.787e-02  -3.787e-02  -1.536e-02  5.945e+01
-5.291e-02  -5.291e-02  -1.464e-02  7.232e+01
-6.322e-02  -6.322e-02  -2.315e-02  6.338e+01
========================================================================================

step: 2/15 res:3.5177402458504705, res/res0:0.2219108724904026  dq_norm: [0.02315139 0.03000763 0.04560295]

A info: before HHL prepare:
Spectral radius (A): 5.031e+01, lambda_min:4.1065795024283265
condition number(A): 1.225e+01, norm2_cond:151.32392134879836
det(A): 7.704e+39
--------------------------------------------------------------------------------

A_hhl info: after scaling by spectral radius:
Spectral radius (A): 1.000e+00, lambda_min:0.08162688993511878
condition number(A): 1.225e+01, norm2_cond:151.32392134879777
det(A): 6.876e-12, nnz: 13 non zeros per row
--------------------------------------------------------------------------------

Size of A & B are not power of 2:
Next 2 power of 30 = 32
Value to be padded = 2
--------------------------------------------------

==================== Print (N)^2 padded matrix system =======================
Padded shape of A: (30, 30)x(30, 30) -> (32, 32)x(32, 32)
Padded shape of B: (30,) -> (32,)
Determinant of padded matrix: 6.875545219349535e-12
Condition # of padded matrix: 151.32392134879777


Matrix is not Hermitian. Making it Hermitian.......

==================== Print Hermitian matrix system info =======================
Shape of hermitian A: 32x32 -> 64x64
Shape of           B: 32 -> 64
Determinant of Hermitian matrix: 4.727312206332125e-23
Condition # of Hermitian matrix: 151.3239213487983

=================================== Generating HHL circuit ===================================
Time elapsed for generating HHL circuit: 0 min 52.05 sec

Generated circuit: num_qubits=16, gates=21, depth=5
============================== Generated Circuit saved ==============================

============================== Transpiling circuit ==============================
This is using the AerSimulator('aer_simulator_statevector') transpiler.
Time elapsed for transpiling the circuit:  0 min 9.46 sec
Transpiled circuit, num_qubits: 16, (original: 16)
Transpiled circuit depth: 103106 (original: 5)
Transpiled circuit gates: 103233 (original: 21)
============================== Transpiled Circuit saved ==============================
Time elapsed for running the circuit:  0 min 20.51 sec
total_qubits: 16, nq:6

Time elapsed for extracting shots-based hhl counts solution:  0 min 0.00 sec

[HHL info]: linear system residual (e=||Ax-b||_2): 1.6937141017790132
[HHL info]: Fidelity(true_sol, hhl_sol): 0.9528872358259111
[HHL info]: L2 error (absolute): 0.08763320832312146
[HHL info]: L2 error (relative): 0.8100416202401329
[HHL info]: L2 error (normalized): 0.21836010825599672

========================================================================================
 Compare system solutions using LU of A, LU sol of A_herm, HHL of Ax=b hermition system
LU sol 	    Herm LU sol    HHL sol    L1_diff(%)
-8.213e-04  -8.213e-04  -0.000e+00  1.000e+02
 1.702e-03   1.702e-03   0.000e+00  1.000e+02
 7.907e-03   7.907e-03   0.000e+00  1.000e+02
 4.076e-03   4.076e-03   0.000e+00  1.000e+02
 1.036e-03   1.036e-03   0.000e+00  1.000e+02
 6.422e-03   6.422e-03   0.000e+00  1.000e+02
-8.822e-03  -8.822e-03  -1.454e-03  8.351e+01
-9.317e-03  -9.317e-03  -1.454e-03  8.439e+01
 1.198e-02   1.198e-02   0.000e+00  1.000e+02
-3.536e-03  -3.536e-03  -2.057e-03  4.183e+01
 8.546e-04   8.546e-04   0.000e+00  1.000e+02
 7.896e-04   7.896e-04   0.000e+00  1.000e+02
-1.269e-02  -1.269e-02  -3.562e-03  7.193e+01
-3.336e-02  -3.336e-02  -6.339e-03  8.100e+01
 2.922e-02   2.922e-02   6.822e-03  7.665e+01
 5.352e-03   5.352e-03   0.000e+00  1.000e+02
-1.257e-02  -1.257e-02  -2.909e-03  7.686e+01
 2.855e-04   2.855e-04   0.000e+00  1.000e+02
-9.755e-03  -9.755e-03  -3.562e-03  6.348e+01
-2.169e-02  -2.169e-02  -4.363e-03  7.989e+01
-2.269e-02  -2.269e-02  -4.114e-03  8.187e+01
-1.356e-02  -1.356e-02  -2.909e-03  7.855e+01
-2.237e-02  -2.237e-02  -3.562e-03  8.408e+01
-3.746e-02  -3.746e-02  -7.696e-03  7.946e+01
-1.675e-02  -1.675e-02  -2.909e-03  8.264e+01
-1.396e-02  -1.396e-02  -2.057e-03  8.527e+01
-4.107e-02  -4.107e-02  -7.416e-03  8.194e+01
-2.245e-02  -2.245e-02  -4.114e-03  8.168e+01
-3.834e-02  -3.834e-02  -7.966e-03  7.922e+01
-4.047e-02  -4.047e-02  -7.416e-03  8.168e+01
========================================================================================

step: 3/15 res:2.072134177278455, res/res0:0.13071718519849762  dq_norm: [0.00809755 0.01225468 0.01525349]

A info: before HHL prepare:
Spectral radius (A): 5.038e+01, lambda_min:4.131682457498301
condition number(A): 1.219e+01, norm2_cond:151.8786483612288
det(A): 7.848e+39
--------------------------------------------------------------------------------

A_hhl info: after scaling by spectral radius:
Spectral radius (A): 1.000e+00, lambda_min:0.08200321233318596
condition number(A): 1.219e+01, norm2_cond:151.87864836122932
det(A): 6.697e-12, nnz: 13 non zeros per row
--------------------------------------------------------------------------------

Size of A & B are not power of 2:
Next 2 power of 30 = 32
Value to be padded = 2
--------------------------------------------------

==================== Print (N)^2 padded matrix system =======================
Padded shape of A: (30, 30)x(30, 30) -> (32, 32)x(32, 32)
Padded shape of B: (30,) -> (32,)
Determinant of padded matrix: 6.69690767050108e-12
Condition # of padded matrix: 151.87864836122932


Matrix is not Hermitian. Making it Hermitian.......

==================== Print Hermitian matrix system info =======================
Shape of hermitian A: 32x32 -> 64x64
Shape of           B: 32 -> 64
Determinant of Hermitian matrix: 4.4848572347215244e-23
Condition # of Hermitian matrix: 151.87864836123055

=================================== Generating HHL circuit ===================================
Time elapsed for generating HHL circuit: 0 min 52.11 sec

Generated circuit: num_qubits=16, gates=21, depth=5
============================== Generated Circuit saved ==============================

============================== Transpiling circuit ==============================
This is using the AerSimulator('aer_simulator_statevector') transpiler.
Time elapsed for transpiling the circuit:  0 min 9.40 sec
Transpiled circuit, num_qubits: 16, (original: 16)
Transpiled circuit depth: 103108 (original: 5)
Transpiled circuit gates: 103235 (original: 21)
============================== Transpiled Circuit saved ==============================
Time elapsed for running the circuit:  0 min 20.32 sec
total_qubits: 16, nq:6

Time elapsed for extracting shots-based hhl counts solution:  0 min 0.00 sec

[HHL info]: linear system residual (e=||Ax-b||_2): 1.1415172085531475
[HHL info]: Fidelity(true_sol, hhl_sol): 0.93558881525303
[HHL info]: L2 error (absolute): 0.060896865397303594
[HHL info]: L2 error (relative): 0.6948046639581877
[HHL info]: L2 error (normalized): 0.2558968483978566

========================================================================================
 Compare system solutions using LU of A, LU sol of A_herm, HHL of Ax=b hermition system
LU sol 	    Herm LU sol    HHL sol    L1_diff(%)
-8.297e-04  -8.297e-04  -0.000e+00  1.000e+02
 1.695e-03   1.695e-03   0.000e+00  1.000e+02
 7.888e-03   7.888e-03   1.952e-03  7.525e+01
 4.063e-03   4.063e-03   1.952e-03  5.196e+01
 1.034e-03   1.034e-03   0.000e+00  1.000e+02
 6.404e-03   6.404e-03   0.000e+00  1.000e+02
-7.342e-03  -7.342e-03  -3.904e-03  4.682e+01
-7.836e-03  -7.836e-03  -3.381e-03  5.685e+01
 1.199e-02   1.199e-02   2.761e-03  7.696e+01
-1.431e-03  -1.431e-03  -1.952e-03  3.639e+01
 8.424e-04   8.424e-04   0.000e+00  1.000e+02
 9.114e-04   9.114e-04   0.000e+00  1.000e+02
-9.056e-03  -9.056e-03  -5.165e-03  4.297e+01
-2.702e-02  -2.702e-02  -6.763e-03  7.498e+01
 2.276e-02   2.276e-02   8.731e-03  6.164e+01
 5.392e-03   5.392e-03   0.000e+00  1.000e+02
-9.654e-03  -9.654e-03  -2.761e-03  7.140e+01
 3.992e-04   3.992e-04   0.000e+00  1.000e+02
-6.169e-03  -6.169e-03  -0.000e+00  1.000e+02
-1.730e-02  -1.730e-02  -5.165e-03  7.014e+01
-1.856e-02  -1.856e-02  -4.782e-03  7.424e+01
-1.061e-02  -1.061e-02  -3.904e-03  6.321e+01
-1.879e-02  -1.879e-02  -6.173e-03  6.715e+01
-2.965e-02  -2.965e-02  -1.104e-02  6.275e+01
-1.382e-02  -1.382e-02  -5.165e-03  6.264e+01
-1.193e-02  -1.193e-02  -1.952e-03  8.363e+01
-3.362e-02  -3.362e-02  -1.219e-02  6.374e+01
-1.834e-02  -1.834e-02  -5.165e-03  7.184e+01
-3.037e-02  -3.037e-02  -1.014e-02  6.660e+01
-3.305e-02  -3.305e-02  -7.305e-03  7.790e+01
========================================================================================

step: 4/15 res:1.6938944421182995, res/res0:0.1068565520153229  dq_norm: [0.01086946 0.01537173 0.02084392]

A info: before HHL prepare:
Spectral radius (A): 5.045e+01, lambda_min:4.152763847825911
condition number(A): 1.215e+01, norm2_cond:152.3508745492196
det(A): 7.910e+39
--------------------------------------------------------------------------------

A_hhl info: after scaling by spectral radius:
Spectral radius (A): 1.000e+00, lambda_min:0.08230786753060713
condition number(A): 1.215e+01, norm2_cond:152.35087454921765
det(A): 6.476e-12, nnz: 13 non zeros per row
--------------------------------------------------------------------------------

Size of A & B are not power of 2:
Next 2 power of 30 = 32
Value to be padded = 2
--------------------------------------------------

==================== Print (N)^2 padded matrix system =======================
Padded shape of A: (30, 30)x(30, 30) -> (32, 32)x(32, 32)
Padded shape of B: (30,) -> (32,)
Determinant of padded matrix: 6.476026183919946e-12
Condition # of padded matrix: 152.35087454921765


Matrix is not Hermitian. Making it Hermitian.......

==================== Print Hermitian matrix system info =======================
Shape of hermitian A: 32x32 -> 64x64
Shape of           B: 32 -> 64
Determinant of Hermitian matrix: 4.193891513481703e-23
Condition # of Hermitian matrix: 152.35087454921873

=================================== Generating HHL circuit ===================================
Time elapsed for generating HHL circuit: 0 min 52.65 sec

Generated circuit: num_qubits=16, gates=21, depth=5
============================== Generated Circuit saved ==============================

============================== Transpiling circuit ==============================
This is using the AerSimulator('aer_simulator_statevector') transpiler.
Time elapsed for transpiling the circuit:  0 min 9.52 sec
Transpiled circuit, num_qubits: 16, (original: 16)
Transpiled circuit depth: 103108 (original: 5)
Transpiled circuit gates: 103235 (original: 21)
============================== Transpiled Circuit saved ==============================
Time elapsed for running the circuit:  0 min 20.35 sec
total_qubits: 16, nq:6

Time elapsed for extracting shots-based hhl counts solution:  0 min 0.00 sec

[HHL info]: linear system residual (e=||Ax-b||_2): 0.7346807985842772
[HHL info]: Fidelity(true_sol, hhl_sol): 0.9629093785959967
[HHL info]: L2 error (absolute): 0.039401686086372574
[HHL info]: L2 error (relative): 0.6476301856572524
[HHL info]: L2 error (normalized): 0.19349697677821717

========================================================================================
 Compare system solutions using LU of A, LU sol of A_herm, HHL of Ax=b hermition system
LU sol 	    Herm LU sol    HHL sol    L1_diff(%)
-8.382e-04  -8.382e-04  -0.000e+00  1.000e+02
 1.684e-03   1.684e-03   0.000e+00  1.000e+02
 5.916e-03   5.916e-03   1.485e-03  7.489e+01
 2.098e-03   2.098e-03   1.485e-03  2.919e+01
 1.031e-03   1.031e-03   0.000e+00  1.000e+02
 6.388e-03   6.388e-03   2.971e-03  5.350e+01
-3.421e-03  -3.421e-03  -2.101e-03  3.860e+01
-4.427e-03  -4.427e-03  -3.321e-03  2.498e+01
 9.170e-03   9.170e-03   2.971e-03  6.760e+01
 5.194e-04   5.194e-04   0.000e+00  1.000e+02
 8.107e-04   8.107e-04   0.000e+00  1.000e+02
 9.277e-04   9.277e-04   0.000e+00  1.000e+02
-3.842e-03  -3.842e-03  -1.485e-03  6.134e+01
-2.022e-02  -2.022e-02  -8.270e-03  5.910e+01
 1.432e-02   1.432e-02   4.456e-03  6.888e+01
 5.443e-03   5.443e-03   1.485e-03  7.271e+01
-6.903e-03  -6.903e-03  -2.101e-03  6.957e+01
 4.793e-04   4.793e-04   0.000e+00  1.000e+02
-6.149e-03  -6.149e-03  -2.573e-03  5.816e+01
-1.212e-02  -1.212e-02  -4.697e-03  6.123e+01
-1.373e-02  -1.373e-02  -6.302e-03  5.411e+01
-6.647e-03  -6.647e-03  -3.321e-03  5.003e+01
-1.259e-02  -1.259e-02  -5.145e-03  5.913e+01
-1.843e-02  -1.843e-02  -4.697e-03  7.452e+01
-8.616e-03  -8.616e-03  -3.321e-03  6.145e+01
-1.002e-02  -1.002e-02  -3.321e-03  6.685e+01
-2.136e-02  -2.136e-02  -7.427e-03  6.522e+01
-1.319e-02  -1.319e-02  -5.145e-03  6.099e+01
-2.024e-02  -2.024e-02  -7.860e-03  6.117e+01
-2.575e-02  -2.575e-02  -7.718e-03  7.003e+01
========================================================================================

step: 5/15 res:1.1406094043592994, res/res0:0.0719534730828132  dq_norm: [0.00813572 0.01432442 0.01470444]

A info: before HHL prepare:
Spectral radius (A): 5.048e+01, lambda_min:4.150122039487177
condition number(A): 1.216e+01, norm2_cond:153.18342132791875
det(A): 7.841e+39
--------------------------------------------------------------------------------

A_hhl info: after scaling by spectral radius:
Spectral radius (A): 1.000e+00, lambda_min:0.08221846672428525
condition number(A): 1.216e+01, norm2_cond:153.1834213279186
det(A): 6.333e-12, nnz: 13 non zeros per row
--------------------------------------------------------------------------------

Size of A & B are not power of 2:
Next 2 power of 30 = 32
Value to be padded = 2
--------------------------------------------------

==================== Print (N)^2 padded matrix system =======================
Padded shape of A: (30, 30)x(30, 30) -> (32, 32)x(32, 32)
Padded shape of B: (30,) -> (32,)
Determinant of padded matrix: 6.333164369351527e-12
Condition # of padded matrix: 153.1834213279186


Matrix is not Hermitian. Making it Hermitian.......

==================== Print Hermitian matrix system info =======================
Shape of hermitian A: 32x32 -> 64x64
Shape of           B: 32 -> 64
Determinant of Hermitian matrix: 4.010897092922344e-23
Condition # of Hermitian matrix: 153.18342132791886

=================================== Generating HHL circuit ===================================
Time elapsed for generating HHL circuit: 0 min 52.40 sec

Generated circuit: num_qubits=16, gates=21, depth=5
============================== Generated Circuit saved ==============================

============================== Transpiling circuit ==============================
This is using the AerSimulator('aer_simulator_statevector') transpiler.
Time elapsed for transpiling the circuit:  0 min 9.57 sec
Transpiled circuit, num_qubits: 16, (original: 16)
Transpiled circuit depth: 103104 (original: 5)
Transpiled circuit gates: 103231 (original: 21)
============================== Transpiled Circuit saved ==============================
Time elapsed for running the circuit:  0 min 20.57 sec
total_qubits: 16, nq:6

Time elapsed for extracting shots-based hhl counts solution:  0 min 0.00 sec

[HHL info]: linear system residual (e=||Ax-b||_2): 0.5610632594593865
[HHL info]: Fidelity(true_sol, hhl_sol): 0.960776538247566
[HHL info]: L2 error (absolute): 0.02938291796858473
[HHL info]: L2 error (relative): 0.7427423016998463
[HHL info]: L2 error (normalized): 0.19903722001421484

========================================================================================
 Compare system solutions using LU of A, LU sol of A_herm, HHL of Ax=b hermition system
LU sol 	    Herm LU sol    HHL sol    L1_diff(%)
-8.467e-04  -8.467e-04  -7.148e-04  1.557e+01
 1.679e-03   1.679e-03   0.000e+00  1.000e+02
 4.413e-03   4.413e-03   1.011e-03  7.709e+01
 5.938e-04   5.938e-04   0.000e+00  1.000e+02
 1.021e-03   1.021e-03   0.000e+00  1.000e+02
 3.389e-03   3.389e-03   7.148e-04  7.891e+01
-1.298e-03  -1.298e-03  -0.000e+00  1.000e+02
-1.082e-03  -1.082e-03  -7.148e-04  3.393e+01
 6.221e-03   6.221e-03   1.430e-03  7.702e+01
 6.179e-04   6.179e-04   0.000e+00  1.000e+02
 8.475e-04   8.475e-04   0.000e+00  1.000e+02
 1.186e-03   1.186e-03   0.000e+00  1.000e+02
-2.255e-03  -2.255e-03  -1.238e-03  4.509e+01
-1.199e-02  -1.199e-02  -3.033e-03  7.471e+01
 1.031e-02   1.031e-02   3.116e-03  6.978e+01
 4.020e-03   4.020e-03   1.011e-03  7.485e+01
-4.790e-03  -4.790e-03  -1.751e-03  6.344e+01
 6.159e-04   6.159e-04   7.148e-04  1.607e+01
-3.559e-03  -3.559e-03  -7.148e-04  7.992e+01
-7.400e-03  -7.400e-03  -1.598e-03  7.840e+01
-7.401e-03  -7.401e-03  -1.891e-03  7.444e+01
-3.321e-03  -3.321e-03  -7.148e-04  7.847e+01
-7.426e-03  -7.426e-03  -2.022e-03  7.277e+01
-1.372e-02  -1.372e-02  -4.044e-03  7.053e+01
-5.301e-03  -5.301e-03  -1.011e-03  8.093e+01
-6.704e-03  -6.704e-03  -1.430e-03  7.867e+01
-1.395e-02  -1.395e-02  -4.289e-03  6.926e+01
-8.059e-03  -8.059e-03  -1.238e-03  8.464e+01
-1.238e-02  -1.238e-02  -2.769e-03  7.763e+01
-1.811e-02  -1.811e-02  -4.633e-03  7.441e+01
========================================================================================

step: 6/15 res:0.7354541263969426, res/res0:0.04639491703741612  dq_norm: [0.00257743 0.00539699 0.00857819]

A info: before HHL prepare:
Spectral radius (A): 5.048e+01, lambda_min:4.1502314514989065
condition number(A): 1.216e+01, norm2_cond:153.31917748642354
det(A): 7.717e+39
--------------------------------------------------------------------------------

A_hhl info: after scaling by spectral radius:
Spectral radius (A): 1.000e+00, lambda_min:0.0822130904735583
condition number(A): 1.216e+01, norm2_cond:153.3191774864236
det(A): 6.216e-12, nnz: 13 non zeros per row
--------------------------------------------------------------------------------

Size of A & B are not power of 2:
Next 2 power of 30 = 32
Value to be padded = 2
--------------------------------------------------

==================== Print (N)^2 padded matrix system =======================
Padded shape of A: (30, 30)x(30, 30) -> (32, 32)x(32, 32)
Padded shape of B: (30,) -> (32,)
Determinant of padded matrix: 6.216098014200324e-12
Condition # of padded matrix: 153.3191774864236


Matrix is not Hermitian. Making it Hermitian.......

==================== Print Hermitian matrix system info =======================
Shape of hermitian A: 32x32 -> 64x64
Shape of           B: 32 -> 64
Determinant of Hermitian matrix: 3.863987452214521e-23
Condition # of Hermitian matrix: 153.31917748642456

=================================== Generating HHL circuit ===================================
Time elapsed for generating HHL circuit: 0 min 52.78 sec

Generated circuit: num_qubits=16, gates=21, depth=5
============================== Generated Circuit saved ==============================

============================== Transpiling circuit ==============================
This is using the AerSimulator('aer_simulator_statevector') transpiler.
Time elapsed for transpiling the circuit:  0 min 9.40 sec
Transpiled circuit, num_qubits: 16, (original: 16)
Transpiled circuit depth: 103104 (original: 5)
Transpiled circuit gates: 103231 (original: 21)
============================== Transpiled Circuit saved ==============================
Time elapsed for running the circuit:  0 min 20.46 sec
total_qubits: 16, nq:6

Time elapsed for extracting shots-based hhl counts solution:  0 min 0.00 sec

[HHL info]: linear system residual (e=||Ax-b||_2): 0.49452601906997884
[HHL info]: Fidelity(true_sol, hhl_sol): 0.9494969292062704
[HHL info]: L2 error (absolute): 0.02630911884294012
[HHL info]: L2 error (relative): 0.8940162864745539
[HHL info]: L2 error (normalized): 0.22617988224074884

========================================================================================
 Compare system solutions using LU of A, LU sol of A_herm, HHL of Ax=b hermition system
LU sol 	    Herm LU sol    HHL sol    L1_diff(%)
-1.331e-04  -1.331e-04  -0.000e+00  1.000e+02
 1.677e-03   1.677e-03   2.165e-04  8.709e+01
 3.396e-03   3.396e-03   3.750e-04  8.896e+01
 5.876e-04   5.876e-04   0.000e+00  1.000e+02
 1.018e-03   1.018e-03   0.000e+00  1.000e+02
 2.663e-03   2.663e-03   2.165e-04  9.187e+01
-1.299e-03  -1.299e-03  -0.000e+00  1.000e+02
-3.646e-04  -3.646e-04  -0.000e+00  1.000e+02
 4.790e-03   4.790e-03   5.303e-04  8.893e+01
 6.371e-04   6.371e-04   0.000e+00  1.000e+02
 8.544e-04   8.544e-04   0.000e+00  1.000e+02
 1.237e-03   1.237e-03   0.000e+00  1.000e+02
-9.857e-04  -9.857e-04  -0.000e+00  1.000e+02
-8.967e-03  -8.967e-03  -1.125e-03  8.746e+01
 7.332e-03   7.332e-03   8.659e-04  8.819e+01
 3.036e-03   3.036e-03   4.330e-04  8.574e+01
-3.039e-03  -3.039e-03  -0.000e+00  1.000e+02
-4.597e-05  -4.597e-05  -0.000e+00  1.000e+02
-2.838e-03  -2.838e-03  -3.750e-04  8.679e+01
-5.798e-03  -5.798e-03  -6.846e-04  8.819e+01
-5.500e-03  -5.500e-03  -3.750e-04  9.318e+01
-2.606e-03  -2.606e-03  -0.000e+00  1.000e+02
-5.401e-03  -5.401e-03  -5.303e-04  9.018e+01
-9.679e-03  -9.679e-03  -9.184e-04  9.051e+01
-4.294e-03  -4.294e-03  -2.165e-04  9.496e+01
-5.275e-03  -5.275e-03  -8.100e-04  8.464e+01
-9.669e-03  -9.669e-03  -1.104e-03  8.858e+01
-6.829e-03  -6.829e-03  -6.494e-04  9.049e+01
-9.608e-03  -9.608e-03  -1.038e-03  8.919e+01
-1.349e-02  -1.349e-02  -1.515e-03  8.876e+01
========================================================================================

step: 7/15 res:0.5611899235838307, res/res0:0.035401745686655176  dq_norm: [0.00089257 0.00194832 0.0023911 ]

A info: before HHL prepare:
Spectral radius (A): 5.048e+01, lambda_min:4.151788350210695
condition number(A): 1.216e+01, norm2_cond:153.3927308114693
det(A): 7.671e+39
--------------------------------------------------------------------------------

A_hhl info: after scaling by spectral radius:
Spectral radius (A): 1.000e+00, lambda_min:0.08224888269191694
condition number(A): 1.216e+01, norm2_cond:153.39273081146862
det(A): 6.190e-12, nnz: 13 non zeros per row
--------------------------------------------------------------------------------

Size of A & B are not power of 2:
Next 2 power of 30 = 32
Value to be padded = 2
--------------------------------------------------

==================== Print (N)^2 padded matrix system =======================
Padded shape of A: (30, 30)x(30, 30) -> (32, 32)x(32, 32)
Padded shape of B: (30,) -> (32,)
Determinant of padded matrix: 6.189807546078706e-12
Condition # of padded matrix: 153.39273081146862


Matrix is not Hermitian. Making it Hermitian.......

==================== Print Hermitian matrix system info =======================
Shape of hermitian A: 32x32 -> 64x64
Shape of           B: 32 -> 64
Determinant of Hermitian matrix: 3.831371745749317e-23
Condition # of Hermitian matrix: 153.392730811469

=================================== Generating HHL circuit ===================================
Time elapsed for generating HHL circuit: 0 min 51.79 sec

Generated circuit: num_qubits=16, gates=21, depth=5
============================== Generated Circuit saved ==============================

============================== Transpiling circuit ==============================
This is using the AerSimulator('aer_simulator_statevector') transpiler.
Time elapsed for transpiling the circuit:  0 min 9.33 sec
Transpiled circuit, num_qubits: 16, (original: 16)
Transpiled circuit depth: 103110 (original: 5)
Transpiled circuit gates: 103237 (original: 21)
============================== Transpiled Circuit saved ==============================
Time elapsed for running the circuit:  0 min 20.47 sec
total_qubits: 16, nq:6

Time elapsed for extracting shots-based hhl counts solution:  0 min 0.00 sec

[HHL info]: linear system residual (e=||Ax-b||_2): 0.41835272798908313
[HHL info]: Fidelity(true_sol, hhl_sol): 0.9366196354480444
[HHL info]: L2 error (absolute): 0.02309469175524651
[HHL info]: L2 error (relative): 0.8772589487505679
[HHL info]: L2 error (normalized): 0.25380657409140395

========================================================================================
 Compare system solutions using LU of A, LU sol of A_herm, HHL of Ax=b hermition system
LU sol 	    Herm LU sol    HHL sol    L1_diff(%)
-1.341e-04  -1.341e-04  -0.000e+00  1.000e+02
 1.460e-03   1.460e-03   2.222e-04  8.478e+01
 3.019e-03   3.019e-03   4.444e-04  8.528e+01
 5.859e-04   5.859e-04   0.000e+00  1.000e+02
 1.017e-03   1.017e-03   0.000e+00  1.000e+02
 2.443e-03   2.443e-03   0.000e+00  1.000e+02
-1.297e-03  -1.297e-03  -4.444e-04  6.573e+01
-3.627e-04  -3.627e-04  -0.000e+00  1.000e+02
 4.263e-03   4.263e-03   5.442e-04  8.723e+01
 6.475e-04   6.475e-04   0.000e+00  1.000e+02
 8.586e-04   8.586e-04   2.222e-04  7.412e+01
 1.265e-03   1.265e-03   0.000e+00  1.000e+02
-9.757e-04  -9.757e-04  -2.222e-04  7.723e+01
-7.847e-03  -7.847e-03  -1.111e-03  8.584e+01
 6.506e-03   6.506e-03   7.696e-04  8.817e+01
 2.609e-03   2.609e-03   3.848e-04  8.525e+01
-3.037e-03  -3.037e-03  -3.848e-04  8.733e+01
-3.475e-05  -3.475e-05  -0.000e+00  1.000e+02
-2.462e-03  -2.462e-03  -0.000e+00  1.000e+02
-5.112e-03  -5.112e-03  -6.665e-04  8.696e+01
-5.124e-03  -5.124e-03  -8.313e-04  8.378e+01
-2.608e-03  -2.608e-03  -0.000e+00  1.000e+02
-4.870e-03  -4.870e-03  -3.142e-04  9.355e+01
-8.765e-03  -8.765e-03  -1.314e-03  8.500e+01
-4.080e-03  -4.080e-03  -4.444e-04  8.911e+01
-4.464e-03  -4.464e-03  -4.444e-04  9.005e+01
-8.569e-03  -8.569e-03  -1.176e-03  8.628e+01
-6.180e-03  -6.180e-03  -6.284e-04  8.983e+01
-8.569e-03  -8.569e-03  -1.111e-03  8.704e+01
-1.198e-02  -1.198e-02  -1.387e-03  8.841e+01
========================================================================================

step: 8/15 res:0.4945523951920048, res/res0:0.031198026528176232  dq_norm: [0.0009936  0.00185886 0.00260997]

A info: before HHL prepare:
Spectral radius (A): 5.047e+01, lambda_min:4.160442738539142
condition number(A): 1.213e+01, norm2_cond:153.3956431737101
det(A): 7.640e+39
--------------------------------------------------------------------------------

A_hhl info: after scaling by spectral radius:
Spectral radius (A): 1.000e+00, lambda_min:0.08242737704563315
condition number(A): 1.213e+01, norm2_cond:153.39564317370983
det(A): 6.181e-12, nnz: 13 non zeros per row
--------------------------------------------------------------------------------

Size of A & B are not power of 2:
Next 2 power of 30 = 32
Value to be padded = 2
--------------------------------------------------

==================== Print (N)^2 padded matrix system =======================
Padded shape of A: (30, 30)x(30, 30) -> (32, 32)x(32, 32)
Padded shape of B: (30,) -> (32,)
Determinant of padded matrix: 6.180507466302711e-12
Condition # of padded matrix: 153.39564317370983


Matrix is not Hermitian. Making it Hermitian.......

==================== Print Hermitian matrix system info =======================
Shape of hermitian A: 32x32 -> 64x64
Shape of           B: 32 -> 64
Determinant of Hermitian matrix: 3.81986725410241e-23
Condition # of Hermitian matrix: 153.39564317371057

=================================== Generating HHL circuit ===================================
Time elapsed for generating HHL circuit: 0 min 51.83 sec

Generated circuit: num_qubits=16, gates=21, depth=5
============================== Generated Circuit saved ==============================

============================== Transpiling circuit ==============================
This is using the AerSimulator('aer_simulator_statevector') transpiler.
Time elapsed for transpiling the circuit:  0 min 9.44 sec
Transpiled circuit, num_qubits: 16, (original: 16)
Transpiled circuit depth: 103110 (original: 5)
Transpiled circuit gates: 103237 (original: 21)
============================== Transpiled Circuit saved ==============================
Time elapsed for running the circuit:  0 min 20.36 sec
total_qubits: 16, nq:6

Time elapsed for extracting shots-based hhl counts solution:  0 min 0.00 sec

[HHL info]: linear system residual (e=||Ax-b||_2): 0.331212154128277
[HHL info]: Fidelity(true_sol, hhl_sol): 0.9551405223068677
[HHL info]: L2 error (absolute): 0.0186691772972559
[HHL info]: L2 error (relative): 0.8079489685216019
[HHL info]: L2 error (normalized): 0.21301216347034074

========================================================================================
 Compare system solutions using LU of A, LU sol of A_herm, HHL of Ax=b hermition system
LU sol 	    Herm LU sol    HHL sol    L1_diff(%)
-1.349e-04  -1.349e-04  -0.000e+00  1.000e+02
 1.237e-03   1.237e-03   3.189e-04  7.422e+01
 2.572e-03   2.572e-03   5.524e-04  7.852e+01
 5.839e-04   5.839e-04   0.000e+00  1.000e+02
 1.017e-03   1.017e-03   0.000e+00  1.000e+02
 2.438e-03   2.438e-03   3.189e-04  8.692e+01
-8.511e-04  -8.511e-04  -0.000e+00  1.000e+02
-3.613e-04  -3.613e-04  -0.000e+00  1.000e+02
 3.717e-03   3.717e-03   7.131e-04  8.081e+01
 6.545e-04   6.545e-04   0.000e+00  1.000e+02
 6.395e-04   6.395e-04   0.000e+00  1.000e+02
 1.281e-03   1.281e-03   0.000e+00  1.000e+02
-7.445e-04  -7.445e-04  -0.000e+00  1.000e+02
-6.739e-03  -6.739e-03  -1.462e-03  7.831e+01
 5.773e-03   5.773e-03   1.009e-03  8.253e+01
 2.231e-03   2.231e-03   3.189e-04  8.571e+01
-2.653e-03  -2.653e-03  -3.189e-04  8.798e+01
-2.309e-05  -2.309e-05  -0.000e+00  1.000e+02
-2.461e-03  -2.461e-03  -4.510e-04  8.167e+01
-4.445e-03  -4.445e-03  -9.568e-04  7.847e+01
-4.290e-03  -4.290e-03  -5.524e-04  8.712e+01
-2.607e-03  -2.607e-03  -5.524e-04  7.881e+01
-4.554e-03  -4.554e-03  -1.462e-03  6.791e+01
-7.448e-03  -7.448e-03  -1.390e-03  8.134e+01
-3.636e-03  -3.636e-03  -8.438e-04  7.679e+01
-4.020e-03  -4.020e-03  -7.131e-04  8.226e+01
-7.396e-03  -7.396e-03  -1.105e-03  8.506e+01
-5.553e-03  -5.553e-03  -9.568e-04  8.277e+01
-7.458e-03  -7.458e-03  -1.496e-03  7.994e+01
-1.059e-02  -1.059e-02  -2.255e-03  7.871e+01
========================================================================================

step: 9/15 res:0.4183677256708231, res/res0:0.026392041633816567  dq_norm: [0.00149591 0.00285259 0.00323677]

A info: before HHL prepare:
Spectral radius (A): 5.048e+01, lambda_min:4.162984275379486
condition number(A): 1.212e+01, norm2_cond:153.5592038255179
det(A): 7.618e+39
--------------------------------------------------------------------------------

A_hhl info: after scaling by spectral radius:
Spectral radius (A): 1.000e+00, lambda_min:0.08247554498795186
condition number(A): 1.212e+01, norm2_cond:153.5592038255173
det(A): 6.158e-12, nnz: 13 non zeros per row
--------------------------------------------------------------------------------

Size of A & B are not power of 2:
Next 2 power of 30 = 32
Value to be padded = 2
--------------------------------------------------

==================== Print (N)^2 padded matrix system =======================
Padded shape of A: (30, 30)x(30, 30) -> (32, 32)x(32, 32)
Padded shape of B: (30,) -> (32,)
Determinant of padded matrix: 6.15807935399989e-12
Condition # of padded matrix: 153.5592038255173


Matrix is not Hermitian. Making it Hermitian.......

==================== Print Hermitian matrix system info =======================
Shape of hermitian A: 32x32 -> 64x64
Shape of           B: 32 -> 64
Determinant of Hermitian matrix: 3.7921941330158894e-23
Condition # of Hermitian matrix: 153.55920382551784

=================================== Generating HHL circuit ===================================
Time elapsed for generating HHL circuit: 0 min 51.99 sec

Generated circuit: num_qubits=16, gates=21, depth=5
============================== Generated Circuit saved ==============================

============================== Transpiling circuit ==============================
This is using the AerSimulator('aer_simulator_statevector') transpiler.
Time elapsed for transpiling the circuit:  0 min 9.52 sec
Transpiled circuit, num_qubits: 16, (original: 16)
Transpiled circuit depth: 103110 (original: 5)
Transpiled circuit gates: 103237 (original: 21)
============================== Transpiled Circuit saved ==============================
Time elapsed for running the circuit:  0 min 20.24 sec
total_qubits: 16, nq:6

Time elapsed for extracting shots-based hhl counts solution:  0 min 0.00 sec

[HHL info]: linear system residual (e=||Ax-b||_2): 0.2662822104039025
[HHL info]: Fidelity(true_sol, hhl_sol): 0.9770668687846424
[HHL info]: L2 error (absolute): 0.014656960854497383
[HHL info]: L2 error (relative): 0.7844754282467421
[HHL info]: L2 error (normalized): 0.1518754191863612

========================================================================================
 Compare system solutions using LU of A, LU sol of A_herm, HHL of Ax=b hermition system
LU sol 	    Herm LU sol    HHL sol    L1_diff(%)
-1.358e-04  -1.358e-04  -0.000e+00  1.000e+02
 9.177e-04   9.177e-04   0.000e+00  1.000e+02
 2.018e-03   2.018e-03   4.513e-04  7.763e+01
 5.822e-04   5.822e-04   0.000e+00  1.000e+02
 1.016e-03   1.016e-03   2.606e-04  7.435e+01
 2.116e-03   2.116e-03   4.513e-04  7.867e+01
-8.491e-04  -8.491e-04  -0.000e+00  1.000e+02
-3.594e-04  -3.594e-04  -0.000e+00  1.000e+02
 3.006e-03   3.006e-03   4.513e-04  8.499e+01
 6.643e-04   6.643e-04   0.000e+00  1.000e+02
 6.434e-04   6.434e-04   0.000e+00  1.000e+02
 1.307e-03   1.307e-03   2.606e-04  8.006e+01
-7.350e-04  -7.350e-04  -2.606e-04  6.455e+01
-5.282e-03  -5.282e-03  -1.250e-03  7.634e+01
 4.802e-03   4.802e-03   1.074e-03  7.763e+01
 1.917e-03   1.917e-03   2.606e-04  8.641e+01
-2.333e-03  -2.333e-03  -5.212e-04  7.766e+01
-1.162e-05  -1.162e-05  -0.000e+00  1.000e+02
-2.009e-03  -2.009e-03  -3.685e-04  8.166e+01
-3.487e-03  -3.487e-03  -8.240e-04  7.637e+01
-3.737e-03  -3.737e-03  -6.383e-04  8.292e+01
-2.054e-03  -2.054e-03  -3.685e-04  8.206e+01
-3.090e-03  -3.090e-03  -6.383e-04  7.934e+01
-6.057e-03  -6.057e-03  -1.403e-03  7.683e+01
-2.791e-03  -2.791e-03  -5.827e-04  7.913e+01
-3.307e-03  -3.307e-03  -7.817e-04  7.636e+01
-6.294e-03  -6.294e-03  -1.250e-03  8.014e+01
-4.597e-03  -4.597e-03  -1.074e-03  7.663e+01
-5.962e-03  -5.962e-03  -1.563e-03  7.378e+01
-8.342e-03  -8.342e-03  -1.728e-03  7.928e+01
========================================================================================

step: 10/15 res:0.3312424680567364, res/res0:0.020895887687856652  dq_norm: [0.00137885 0.0024583  0.00295961]

A info: before HHL prepare:
Spectral radius (A): 5.048e+01, lambda_min:4.166582752744484
condition number(A): 1.211e+01, norm2_cond:153.69884487857522
det(A): 7.612e+39
--------------------------------------------------------------------------------

A_hhl info: after scaling by spectral radius:
Spectral radius (A): 1.000e+00, lambda_min:0.08254232235535175
condition number(A): 1.211e+01, norm2_cond:153.69884487857433
det(A): 6.143e-12, nnz: 13 non zeros per row
--------------------------------------------------------------------------------

Size of A & B are not power of 2:
Next 2 power of 30 = 32
Value to be padded = 2
--------------------------------------------------

==================== Print (N)^2 padded matrix system =======================
Padded shape of A: (30, 30)x(30, 30) -> (32, 32)x(32, 32)
Padded shape of B: (30,) -> (32,)
Determinant of padded matrix: 6.1432898795630175e-12
Condition # of padded matrix: 153.69884487857433


Matrix is not Hermitian. Making it Hermitian.......

==================== Print Hermitian matrix system info =======================
Shape of hermitian A: 32x32 -> 64x64
Shape of           B: 32 -> 64
Determinant of Hermitian matrix: 3.774001054434139e-23
Condition # of Hermitian matrix: 153.69884487857578

=================================== Generating HHL circuit ===================================
Time elapsed for generating HHL circuit: 0 min 52.39 sec

Generated circuit: num_qubits=16, gates=21, depth=5
============================== Generated Circuit saved ==============================

============================== Transpiling circuit ==============================
This is using the AerSimulator('aer_simulator_statevector') transpiler.
Time elapsed for transpiling the circuit:  0 min 9.37 sec
Transpiled circuit, num_qubits: 16, (original: 16)
Transpiled circuit depth: 103110 (original: 5)
Transpiled circuit gates: 103237 (original: 21)
============================== Transpiled Circuit saved ==============================
Time elapsed for running the circuit:  0 min 20.34 sec
total_qubits: 16, nq:6

Time elapsed for extracting shots-based hhl counts solution:  0 min 0.00 sec

[HHL info]: linear system residual (e=||Ax-b||_2): 0.23036891348069685
[HHL info]: Fidelity(true_sol, hhl_sol): 0.9628187119595801
[HHL info]: L2 error (absolute): 0.012747231962536205
[HHL info]: L2 error (relative): 0.8690469375814855
[HHL info]: L2 error (normalized): 0.1937355892532103

========================================================================================
 Compare system solutions using LU of A, LU sol of A_herm, HHL of Ax=b hermition system
LU sol 	    Herm LU sol    HHL sol    L1_diff(%)
-1.362e-04  -1.362e-04  -1.348e-04  1.018e+00
 9.174e-04   9.174e-04   0.000e+00  1.000e+02
 1.565e-03   1.565e-03   1.907e-04  8.782e+01
 5.812e-04   5.812e-04   0.000e+00  1.000e+02
 7.550e-04   7.550e-04   0.000e+00  1.000e+02
 1.662e-03   1.662e-03   1.907e-04  8.853e+01
-8.483e-04  -8.483e-04  -1.348e-04  8.410e+01
-3.585e-04  -3.585e-04  -0.000e+00  1.000e+02
 2.556e-03   2.556e-03   2.697e-04  8.945e+01
 6.695e-04   6.695e-04   0.000e+00  1.000e+02
 6.454e-04   6.454e-04   0.000e+00  1.000e+02
 1.060e-03   1.060e-03   0.000e+00  1.000e+02
-4.683e-04  -4.683e-04  -1.907e-04  5.928e+01
-4.034e-03  -4.034e-03  -5.878e-04  8.543e+01
 3.754e-03   3.754e-03   5.560e-04  8.519e+01
 1.661e-03   1.661e-03   2.335e-04  8.594e+01
-1.811e-03  -1.811e-03  -2.697e-04  8.511e+01
-2.659e-06  -2.659e-06  -0.000e+00  1.000e+02
-1.640e-03  -1.640e-03  -3.015e-04  8.161e+01
-2.662e-03  -2.662e-03  -3.303e-04  8.759e+01
-3.098e-03  -3.098e-03  -4.472e-04  8.556e+01
-1.686e-03  -1.686e-03  -2.335e-04  8.615e+01
-2.451e-03  -2.451e-03  -2.697e-04  8.900e+01
-4.653e-03  -4.653e-03  -5.394e-04  8.841e+01
-2.209e-03  -2.209e-03  -3.015e-04  8.635e+01
-2.526e-03  -2.526e-03  -2.697e-04  8.932e+01
-5.047e-03  -5.047e-03  -7.628e-04  8.489e+01
-3.523e-03  -3.523e-03  -4.472e-04  8.731e+01
-4.398e-03  -4.398e-03  -5.878e-04  8.664e+01
-6.620e-03  -6.620e-03  -8.634e-04  8.696e+01
========================================================================================

step: 11/15 res:0.2662987045185231, res/res0:0.01679901690651474  dq_norm: [0.00075076 0.00100905 0.00150755]

A info: before HHL prepare:
Spectral radius (A): 5.048e+01, lambda_min:4.169481365903938
condition number(A): 1.211e+01, norm2_cond:153.7494466820614
det(A): 7.624e+39
--------------------------------------------------------------------------------

A_hhl info: after scaling by spectral radius:
Spectral radius (A): 1.000e+00, lambda_min:0.08259596377175658
condition number(A): 1.211e+01, norm2_cond:153.74944668206092
det(A): 6.145e-12, nnz: 13 non zeros per row
--------------------------------------------------------------------------------

Size of A & B are not power of 2:
Next 2 power of 30 = 32
Value to be padded = 2
--------------------------------------------------

==================== Print (N)^2 padded matrix system =======================
Padded shape of A: (30, 30)x(30, 30) -> (32, 32)x(32, 32)
Padded shape of B: (30,) -> (32,)
Determinant of padded matrix: 6.144841245778927e-12
Condition # of padded matrix: 153.74944668206092


Matrix is not Hermitian. Making it Hermitian.......

==================== Print Hermitian matrix system info =======================
Shape of hermitian A: 32x32 -> 64x64
Shape of           B: 32 -> 64
Determinant of Hermitian matrix: 3.775907393582618e-23
Condition # of Hermitian matrix: 153.74944668206075

=================================== Generating HHL circuit ===================================
Time elapsed for generating HHL circuit: 0 min 52.32 sec

Generated circuit: num_qubits=16, gates=21, depth=5
============================== Generated Circuit saved ==============================

============================== Transpiling circuit ==============================
This is using the AerSimulator('aer_simulator_statevector') transpiler.
Time elapsed for transpiling the circuit:  0 min 9.37 sec
Transpiled circuit, num_qubits: 16, (original: 16)
Transpiled circuit depth: 103110 (original: 5)
Transpiled circuit gates: 103237 (original: 21)
============================== Transpiled Circuit saved ==============================
Time elapsed for running the circuit:  0 min 20.42 sec
total_qubits: 16, nq:6

Time elapsed for extracting shots-based hhl counts solution:  0 min 0.00 sec

[HHL info]: linear system residual (e=||Ax-b||_2): 0.2172616911082445
[HHL info]: Fidelity(true_sol, hhl_sol): 0.9522070109140257
[HHL info]: L2 error (absolute): 0.012114813884545094
[HHL info]: L2 error (relative): 0.9501644314924567
[HHL info]: L2 error (normalized): 0.21995021983760193

========================================================================================
 Compare system solutions using LU of A, LU sol of A_herm, HHL of Ax=b hermition system
LU sol 	    Herm LU sol    HHL sol    L1_diff(%)
-1.591e-06  -1.591e-06  -0.000e+00  1.000e+02
 9.173e-04   9.173e-04   5.844e-05  9.363e+01
 1.374e-03   1.374e-03   9.240e-05  9.328e+01
 5.805e-04   5.805e-04   0.000e+00  1.000e+02
 7.547e-04   7.547e-04   7.157e-05  9.052e+01
 1.470e-03   1.470e-03   4.132e-05  9.719e+01
-7.132e-04  -7.132e-04  -5.844e-05  9.181e+01
-3.582e-04  -3.582e-04  -4.132e-05  8.846e+01
 2.286e-03   2.286e-03   1.169e-04  9.489e+01
 6.714e-04   6.714e-04   4.132e-05  9.385e+01
 6.463e-04   6.463e-04   4.132e-05  9.361e+01
 1.065e-03   1.065e-03   0.000e+00  1.000e+02
-2.752e-04  -2.752e-04  -4.132e-05  8.498e+01
-3.448e-03  -3.448e-03  -1.753e-04  9.492e+01
 3.208e-03   3.208e-03   1.753e-04  9.454e+01
 1.429e-03   1.429e-03   5.844e-05  9.591e+01
-1.541e-03  -1.541e-03  -1.093e-04  9.291e+01
 1.387e-06   1.387e-06   0.000e+00  1.000e+02
-1.337e-03  -1.337e-03  -8.264e-05  9.382e+01
-2.331e-03  -2.331e-03  -1.012e-04  9.566e+01
-2.650e-03  -2.650e-03  -1.169e-04  9.559e+01
-1.452e-03  -1.452e-03  -0.000e+00  1.000e+02
-2.181e-03  -2.181e-03  -1.307e-04  9.401e+01
-4.113e-03  -4.113e-03  -2.107e-04  9.488e+01
-1.907e-03  -1.907e-03  -9.240e-05  9.516e+01
-2.256e-03  -2.256e-03  -1.012e-04  9.551e+01
-4.284e-03  -4.284e-03  -2.066e-04  9.518e+01
-3.076e-03  -3.076e-03  -2.066e-04  9.328e+01
-3.810e-03  -3.810e-03  -2.024e-04  9.469e+01
-5.758e-03  -5.758e-03  -2.613e-04  9.546e+01
========================================================================================

step: 12/15 res:0.23037457313998772, res/res0:0.014532802012713425  dq_norm: [0.00026133 0.00036493 0.00047293]

A info: before HHL prepare:
Spectral radius (A): 5.048e+01, lambda_min:4.170133608452446
condition number(A): 1.211e+01, norm2_cond:153.7698114672559
det(A): 7.627e+39
--------------------------------------------------------------------------------

A_hhl info: after scaling by spectral radius:
Spectral radius (A): 1.000e+00, lambda_min:0.0826087567272538
condition number(A): 1.211e+01, norm2_cond:153.76981146725652
det(A): 6.147e-12, nnz: 13 non zeros per row
--------------------------------------------------------------------------------

Size of A & B are not power of 2:
Next 2 power of 30 = 32
Value to be padded = 2
--------------------------------------------------

==================== Print (N)^2 padded matrix system =======================
Padded shape of A: (30, 30)x(30, 30) -> (32, 32)x(32, 32)
Padded shape of B: (30,) -> (32,)
Determinant of padded matrix: 6.1470132570934105e-12
Condition # of padded matrix: 153.76981146725652


Matrix is not Hermitian. Making it Hermitian.......

==================== Print Hermitian matrix system info =======================
Shape of hermitian A: 32x32 -> 64x64
Shape of           B: 32 -> 64
Determinant of Hermitian matrix: 3.778577198288187e-23
Condition # of Hermitian matrix: 153.76981146725592

=================================== Generating HHL circuit ===================================
Time elapsed for generating HHL circuit: 0 min 52.21 sec

Generated circuit: num_qubits=16, gates=21, depth=5
============================== Generated Circuit saved ==============================

============================== Transpiling circuit ==============================
This is using the AerSimulator('aer_simulator_statevector') transpiler.
Time elapsed for transpiling the circuit:  0 min 9.42 sec
Transpiled circuit, num_qubits: 16, (original: 16)
Transpiled circuit depth: 103110 (original: 5)
Transpiled circuit gates: 103237 (original: 21)
============================== Transpiled Circuit saved ==============================
Time elapsed for running the circuit:  0 min 20.61 sec
total_qubits: 16, nq:6

Time elapsed for extracting shots-based hhl counts solution:  0 min 0.00 sec

[HHL info]: linear system residual (e=||Ax-b||_2): 0.18822536030174392
[HHL info]: Fidelity(true_sol, hhl_sol): 0.9344585638779912
[HHL info]: L2 error (absolute): 0.010504113112012423
[HHL info]: L2 error (relative): 0.8669715853352407
[HHL info]: L2 error (normalized): 0.2581706033057031

========================================================================================
 Compare system solutions using LU of A, LU sol of A_herm, HHL of Ax=b hermition system
LU sol 	    Herm LU sol    HHL sol    L1_diff(%)
-1.667e-06  -1.667e-06  -0.000e+00  1.000e+02
 8.588e-04   8.588e-04   1.056e-04  8.770e+01
 1.281e-03   1.281e-03   3.339e-04  7.394e+01
 5.803e-04   5.803e-04   0.000e+00  1.000e+02
 6.830e-04   6.830e-04   0.000e+00  1.000e+02
 1.428e-03   1.428e-03   1.829e-04  8.719e+01
-6.548e-04  -6.548e-04  -1.493e-04  7.719e+01
-3.167e-04  -3.167e-04  -1.829e-04  4.225e+01
 2.169e-03   2.169e-03   2.794e-04  8.712e+01
 6.307e-04   6.307e-04   0.000e+00  1.000e+02
 6.052e-04   6.052e-04   0.000e+00  1.000e+02
 1.066e-03   1.066e-03   0.000e+00  1.000e+02
-2.331e-04  -2.331e-04  -0.000e+00  1.000e+02
-3.273e-03  -3.273e-03  -5.280e-04  8.387e+01
 3.036e-03   3.036e-03   4.354e-04  8.566e+01
 1.372e-03   1.372e-03   1.056e-04  9.230e+01
-1.432e-03  -1.432e-03  -2.794e-04  8.049e+01
 2.586e-06   2.586e-06   0.000e+00  1.000e+02
-1.254e-03  -1.254e-03  -1.056e-04  9.158e+01
-2.230e-03  -2.230e-03  -3.658e-04  8.359e+01
-2.533e-03  -2.533e-03  -3.339e-04  8.682e+01
-1.452e-03  -1.452e-03  -0.000e+00  1.000e+02
-2.050e-03  -2.050e-03  -2.112e-04  8.970e+01
-3.903e-03  -3.903e-03  -5.065e-04  8.702e+01
-1.815e-03  -1.815e-03  -2.987e-04  8.354e+01
-2.155e-03  -2.155e-03  -2.987e-04  8.614e+01
-4.077e-03  -4.077e-03  -4.953e-04  8.785e+01
-2.869e-03  -2.869e-03  -3.339e-04  8.836e+01
-3.608e-03  -3.608e-03  -4.953e-04  8.627e+01
-5.497e-03  -5.497e-03  -7.903e-04  8.562e+01
========================================================================================

step: 13/15 res:0.21726240882990785, res/res0:0.013705642637964349  dq_norm: [0.00049532 0.00095627 0.00128471]

A info: before HHL prepare:
Spectral radius (A): 5.048e+01, lambda_min:4.171116498646002
condition number(A): 1.210e+01, norm2_cond:153.80491321353324
det(A): 7.614e+39
--------------------------------------------------------------------------------

A_hhl info: after scaling by spectral radius:
Spectral radius (A): 1.000e+00, lambda_min:0.08262937174455992
condition number(A): 1.210e+01, norm2_cond:153.8049132135341
det(A): 6.138e-12, nnz: 13 non zeros per row
--------------------------------------------------------------------------------

Size of A & B are not power of 2:
Next 2 power of 30 = 32
Value to be padded = 2
--------------------------------------------------

==================== Print (N)^2 padded matrix system =======================
Padded shape of A: (30, 30)x(30, 30) -> (32, 32)x(32, 32)
Padded shape of B: (30,) -> (32,)
Determinant of padded matrix: 6.138425462673464e-12
Condition # of padded matrix: 153.8049132135341


Matrix is not Hermitian. Making it Hermitian.......

==================== Print Hermitian matrix system info =======================
Shape of hermitian A: 32x32 -> 64x64
Shape of           B: 32 -> 64
Determinant of Hermitian matrix: 3.76802671607982e-23
Condition # of Hermitian matrix: 153.80491321353423

=================================== Generating HHL circuit ===================================
Time elapsed for generating HHL circuit: 0 min 52.97 sec

Generated circuit: num_qubits=16, gates=21, depth=5
============================== Generated Circuit saved ==============================

============================== Transpiling circuit ==============================
This is using the AerSimulator('aer_simulator_statevector') transpiler.
Time elapsed for transpiling the circuit:  0 min 9.25 sec
Transpiled circuit, num_qubits: 16, (original: 16)
Transpiled circuit depth: 103110 (original: 5)
Transpiled circuit gates: 103237 (original: 21)
============================== Transpiled Circuit saved ==============================
Time elapsed for running the circuit:  0 min 19.17 sec
total_qubits: 16, nq:6

Time elapsed for extracting shots-based hhl counts solution:  0 min 0.00 sec

[HHL info]: linear system residual (e=||Ax-b||_2): 0.18713239262718065
[HHL info]: Fidelity(true_sol, hhl_sol): 0.970481595324665
[HHL info]: L2 error (absolute): 0.010441878905692387
[HHL info]: L2 error (relative): 0.9937690740822315
[HHL info]: L2 error (normalized): 0.17245148405677835

========================================================================================
 Compare system solutions using LU of A, LU sol of A_herm, HHL of Ax=b hermition system
LU sol 	    Herm LU sol    HHL sol    L1_diff(%)
-1.878e-06  -1.878e-06  -0.000e+00  1.000e+02
 7.530e-04   7.530e-04   7.355e-06  9.902e+01
 9.469e-04   9.469e-04   7.355e-06  9.922e+01
 5.798e-04   5.798e-04   4.246e-06  9.927e+01
 6.828e-04   6.828e-04   4.246e-06  9.938e+01
 1.244e-03   1.244e-03   6.005e-06  9.952e+01
-5.052e-04  -5.052e-04  -4.246e-06  9.916e+01
-1.334e-04  -1.334e-04  -0.000e+00  1.000e+02
 1.889e-03   1.889e-03   1.343e-05  9.929e+01
 6.328e-04   6.328e-04   0.000e+00  1.000e+02
 6.062e-04   6.062e-04   0.000e+00  1.000e+02
 1.071e-03   1.071e-03   0.000e+00  1.000e+02
-2.307e-04  -2.307e-04  -0.000e+00  1.000e+02
-2.745e-03  -2.745e-03  -1.589e-05  9.942e+01
 2.610e-03   2.610e-03   1.531e-05  9.941e+01
 1.267e-03   1.267e-03   7.355e-06  9.942e+01
-1.153e-03  -1.153e-03  -6.005e-06  9.948e+01
 5.619e-06   5.619e-06   0.000e+00  1.000e+02
-1.149e-03  -1.149e-03  -7.355e-06  9.936e+01
-1.863e-03  -1.863e-03  -1.471e-05  9.921e+01
-2.199e-03  -2.199e-03  -1.408e-05  9.936e+01
-1.452e-03  -1.452e-03  -7.355e-06  9.949e+01
-1.838e-03  -1.838e-03  -1.201e-05  9.935e+01
-3.396e-03  -3.396e-03  -2.287e-05  9.933e+01
-1.516e-03  -1.516e-03  -8.493e-06  9.944e+01
-1.856e-03  -1.856e-03  -1.123e-05  9.939e+01
-3.582e-03  -3.582e-03  -2.512e-05  9.930e+01
-2.535e-03  -2.535e-03  -1.343e-05  9.947e+01
-3.112e-03  -3.112e-03  -2.080e-05  9.933e+01
-4.707e-03  -4.707e-03  -2.880e-05  9.939e+01
========================================================================================

step: 14/15 res:0.18822910686964361, res/res0:0.011874124413479327  dq_norm: [2.12314909e-05 3.57799444e-05 5.18326748e-05]
Completed: 14 steps in 1277.13s
Saved metadata to /lustre/orion/stf006/scratch/4klornl/fvm_euler_1d_solver/output_parallel_shots/nelem10/statevector/shots_150000/trial_9/metadata_nelem10_HHL_statevector_nshots150000.pkl

Solution summary:
  x/L: [0.0500, 0.9500]
  Mach: [1.4940, 2.1610]
  p/p_in: [1.0055, 0.3642]
  rho/rho_in: [1.0038, 0.4866]
Saved combined plot to /lustre/orion/stf006/scratch/4klornl/fvm_euler_1d_solver/output_parallel_shots/nelem10/statevector/shots_150000/trial_9/solution_plot_nelem10_HHL_statevector_nshots150000.png
