
------------------------------------------------------------
Using ideal local simulator with 'statevector' method
Backend: aer_simulator_statevector
Shots: 10000
------------------------------------------------------------

A info: before HHL prepare:
Spectral radius (A): 2.241e+01, lambda_min:2.3074021727489433
condition number(A): 9.710e+00, norm2_cond:95.97789014324577
det(A): 9.333e+14
--------------------------------------------------------------------------------

A_hhl info: after scaling by spectral radius:
Spectral radius (A): 1.000e+00, lambda_min:0.1029832130561069
condition number(A): 9.710e+00, norm2_cond:95.9778901432457
det(A): 5.184e-06, nnz: 10 non zeros per row
--------------------------------------------------------------------------------

Size of A & B are not power of 2:
Next 2 power of 15 = 16
Value to be padded = 1
--------------------------------------------------

==================== Print (N)^2 padded matrix system =======================
Padded shape of A: (15, 15)x(15, 15) -> (16, 16)x(16, 16)
Padded shape of B: (15,) -> (16,)
Determinant of padded matrix: 5.183984510966138e-06
Condition # of padded matrix: 95.9778901432457


Matrix is not Hermitian. Making it Hermitian.......

==================== Print Hermitian matrix system info =======================
Shape of hermitian A: 16x16 -> 32x32
Shape of           B: 16 -> 32
Determinant of Hermitian matrix: 2.6873695409936828e-11
Condition # of Hermitian matrix: 95.9778901432459

=================================== Generating HHL circuit ===================================
Time elapsed for generating HHL circuit: 4 min 37.35 sec

Generated circuit: num_qubits=14, gates=19, depth=5
============================== Generated Circuit saved ==============================

============================== Transpiling circuit ==============================
Time elapsed for transpiling the circuit:  0 min 49.40 sec
Transpiled circuit, num_qubits: 14, (original: 14)
Transpiled circuit depth: 689027 (original: 5)
Transpiled circuit gates: 689127 (original: 19)
============================== Transpiled Circuit saved ==============================
Time elapsed for running the circuit:  1 min 9.72 sec
total_qubits: 14, nq:5

Time elapsed for extracting shots-based hhl counts solution:  0 min 0.00 sec

[HHL info]: linear system residual (e=||Ax-b||_2): 5.665837787530679
[HHL info]: Fidelity(true_sol, hhl_sol): 0.9852067144520656
[HHL info]: L2 error (absolute): 0.34714355025114174
[HHL info]: L2 error (relative): 0.1283537722965813
[HHL info]: L2 error (normalized): 0.12185402876265072

========================================================================================
 Compare system solutions using LU of A, LU sol of A_herm, HHL of Ax=b hermition system
LU sol 	    Herm LU sol    HHL sol    L1_diff(%)
-1.705e-02  -1.705e-02  -0.000e+00  1.000e+02
-7.527e-03  -7.527e-03  -0.000e+00  1.000e+02
-3.946e-02  -3.946e-02  -0.000e+00  1.000e+02
-1.283e-01  -1.283e-01  -0.000e+00  1.000e+02
-6.877e-02  -6.877e-02  -0.000e+00  1.000e+02
-2.800e-01  -2.800e-01  -2.433e-01  1.311e+01
-4.114e-01  -4.114e-01  -4.214e-01  2.428e+00
-4.227e-01  -4.227e-01  -3.441e-01  1.860e+01
-1.109e+00  -1.109e+00  -1.241e+00  1.183e+01
-5.252e-01  -5.252e-01  -7.299e-01  3.898e+01
-5.558e-01  -5.558e-01  -6.882e-01  2.383e+01
-1.428e+00  -1.428e+00  -1.419e+00  6.298e-01
-5.637e-01  -5.637e-01  -5.960e-01  5.721e+00
-5.958e-01  -5.958e-01  -4.866e-01  1.832e+01
-1.529e+00  -1.529e+00  -1.519e+00  6.411e-01
========================================================================================

step: 0/15 res:12.375368413827264, res/res0:1.0  dq_norm: [1.03227203 0.91037836 2.4330885 ]

A info: before HHL prepare:
Spectral radius (A): 2.626e+01, lambda_min:4.467515998310151
condition number(A): 5.878e+00, norm2_cond:71.004917819091
det(A): 2.037e+17
--------------------------------------------------------------------------------

A_hhl info: after scaling by spectral radius:
Spectral radius (A): 1.000e+00, lambda_min:0.17012189350024803
condition number(A): 5.878e+00, norm2_cond:71.00491781909116
det(A): 1.046e-04, nnz: 11 non zeros per row
--------------------------------------------------------------------------------

Size of A & B are not power of 2:
Next 2 power of 15 = 16
Value to be padded = 1
--------------------------------------------------

==================== Print (N)^2 padded matrix system =======================
Padded shape of A: (15, 15)x(15, 15) -> (16, 16)x(16, 16)
Padded shape of B: (15,) -> (16,)
Determinant of padded matrix: 0.0001045762376879204
Condition # of padded matrix: 71.00491781909116


Matrix is not Hermitian. Making it Hermitian.......

==================== Print Hermitian matrix system info =======================
Shape of hermitian A: 16x16 -> 32x32
Shape of           B: 16 -> 32
Determinant of Hermitian matrix: 1.0936189488960463e-08
Condition # of Hermitian matrix: 71.00491781909128

=================================== Generating HHL circuit ===================================
Time elapsed for generating HHL circuit: 4 min 37.69 sec

Generated circuit: num_qubits=14, gates=19, depth=5
============================== Generated Circuit saved ==============================

============================== Transpiling circuit ==============================
Time elapsed for transpiling the circuit:  0 min 48.20 sec
Transpiled circuit, num_qubits: 14, (original: 14)
Transpiled circuit depth: 689027 (original: 5)
Transpiled circuit gates: 689127 (original: 19)
============================== Transpiled Circuit saved ==============================
Time elapsed for running the circuit:  1 min 8.82 sec
total_qubits: 14, nq:5

Time elapsed for extracting shots-based hhl counts solution:  0 min 0.00 sec

[HHL info]: linear system residual (e=||Ax-b||_2): 5.902994718337877
[HHL info]: Fidelity(true_sol, hhl_sol): 0.7831156737536462
[HHL info]: L2 error (absolute): 0.1935388471083147
[HHL info]: L2 error (relative): 0.5554478593370733
[HHL info]: L2 error (normalized): 0.47971193105119486

========================================================================================
 Compare system solutions using LU of A, LU sol of A_herm, HHL of Ax=b hermition system
LU sol 	    Herm LU sol    HHL sol    L1_diff(%)
-1.070e-02  -1.070e-02  -0.000e+00  1.000e+02
-2.322e-03  -2.322e-03  -0.000e+00  1.000e+02
-2.099e-02  -2.099e-02  -0.000e+00  1.000e+02
-1.237e-01  -1.237e-01  -8.282e-02  3.304e+01
-7.341e-02  -7.341e-02  -4.782e-02  3.486e+01
-1.887e-02  -1.887e-02  -0.000e+00  1.000e+02
 1.996e-03   1.996e-03   0.000e+00  1.000e+02
-9.164e-02  -9.164e-02  -0.000e+00  1.000e+02
 1.199e-01   1.199e-01   8.282e-02  3.091e+01
 1.779e-01   1.779e-01   8.282e-02  5.345e+01
 1.481e-01   1.481e-01   1.171e-01  2.092e+01
 9.687e-02   9.687e-02   4.782e-02  5.064e+01
 4.508e-02   4.508e-02   4.782e-02  6.069e+00
-1.050e-01  -1.050e-01  -0.000e+00  1.000e+02
 3.175e-02   3.175e-02   0.000e+00  1.000e+02
========================================================================================

step: 1/15 res:9.340584019575136, res/res0:0.7547721980655301  dq_norm: [0.12651008 0.12651008 0.09563263]

A info: before HHL prepare:
Spectral radius (A): 2.570e+01, lambda_min:4.767126236986399
condition number(A): 5.391e+00, norm2_cond:61.317855904810045
det(A): 8.807e+16
--------------------------------------------------------------------------------

A_hhl info: after scaling by spectral radius:
Spectral radius (A): 1.000e+00, lambda_min:0.18548754284553304
condition number(A): 5.391e+00, norm2_cond:61.317855904810216
det(A): 6.248e-05, nnz: 11 non zeros per row
--------------------------------------------------------------------------------

Size of A & B are not power of 2:
Next 2 power of 15 = 16
Value to be padded = 1
--------------------------------------------------

==================== Print (N)^2 padded matrix system =======================
Padded shape of A: (15, 15)x(15, 15) -> (16, 16)x(16, 16)
Padded shape of B: (15,) -> (16,)
Determinant of padded matrix: 6.247595919660943e-05
Condition # of padded matrix: 61.317855904810216


Matrix is not Hermitian. Making it Hermitian.......

==================== Print Hermitian matrix system info =======================
Shape of hermitian A: 16x16 -> 32x32
Shape of           B: 16 -> 32
Determinant of Hermitian matrix: 3.903245477536434e-09
Condition # of Hermitian matrix: 61.317855904810244

=================================== Generating HHL circuit ===================================
Time elapsed for generating HHL circuit: 2 min 17.70 sec

Generated circuit: num_qubits=13, gates=18, depth=5
============================== Generated Circuit saved ==============================

============================== Transpiling circuit ==============================
Time elapsed for transpiling the circuit:  0 min 24.04 sec
Transpiled circuit, num_qubits: 13, (original: 13)
Transpiled circuit depth: 343170 (original: 5)
Transpiled circuit gates: 343251 (original: 18)
============================== Transpiled Circuit saved ==============================
Time elapsed for running the circuit:  0 min 27.81 sec
total_qubits: 13, nq:5

Time elapsed for extracting shots-based hhl counts solution:  0 min 0.00 sec

[HHL info]: linear system residual (e=||Ax-b||_2): 3.6962407758968916
[HHL info]: Fidelity(true_sol, hhl_sol): 0.9195257180774581
[HHL info]: L2 error (absolute): 0.1424960983581482
[HHL info]: L2 error (relative): 0.6515432589230159
[HHL info]: L2 error (normalized): 0.2866390195095404

========================================================================================
 Compare system solutions using LU of A, LU sol of A_herm, HHL of Ax=b hermition system
LU sol 	    Herm LU sol    HHL sol    L1_diff(%)
-1.145e-02  -1.145e-02  -0.000e+00  1.000e+02
-3.154e-03  -3.154e-03  -0.000e+00  1.000e+02
-2.461e-02  -2.461e-02  -0.000e+00  1.000e+02
-4.089e-02  -4.089e-02  -2.456e-02  3.995e+01
-3.085e-02  -3.085e-02  -0.000e+00  1.000e+02
-3.063e-02  -3.063e-02  -1.736e-02  4.331e+01
 1.321e-02   1.321e-02   0.000e+00  1.000e+02
-8.040e-02  -8.040e-02  -3.007e-02  6.259e+01
 6.514e-02   6.514e-02   2.456e-02  6.230e+01
 1.271e-01   1.271e-01   4.594e-02  6.385e+01
 2.500e-02   2.500e-02   0.000e+00  1.000e+02
 1.369e-02   1.369e-02   0.000e+00  1.000e+02
 1.746e-02   1.746e-02   0.000e+00  1.000e+02
-1.081e-01  -1.081e-01  -3.883e-02  6.409e+01
 6.071e-02   6.071e-02   2.456e-02  5.955e+01
========================================================================================

step: 2/15 res:6.472498671420416, res/res0:0.523014625099044  dq_norm: [0.05208944 0.0491104  0.03882518]

A info: before HHL prepare:
Spectral radius (A): 2.553e+01, lambda_min:5.197798284343395
condition number(A): 4.911e+00, norm2_cond:61.428400034273096
det(A): 5.311e+16
--------------------------------------------------------------------------------

A_hhl info: after scaling by spectral radius:
Spectral radius (A): 1.000e+00, lambda_min:0.20362695863119498
condition number(A): 4.911e+00, norm2_cond:61.42840003427308
det(A): 4.173e-05, nnz: 11 non zeros per row
--------------------------------------------------------------------------------

Size of A & B are not power of 2:
Next 2 power of 15 = 16
Value to be padded = 1
--------------------------------------------------

==================== Print (N)^2 padded matrix system =======================
Padded shape of A: (15, 15)x(15, 15) -> (16, 16)x(16, 16)
Padded shape of B: (15,) -> (16,)
Determinant of padded matrix: 4.172675277465651e-05
Condition # of padded matrix: 61.42840003427308


Matrix is not Hermitian. Making it Hermitian.......

==================== Print Hermitian matrix system info =======================
Shape of hermitian A: 16x16 -> 32x32
Shape of           B: 16 -> 32
Determinant of Hermitian matrix: 1.7411218971173052e-09
Condition # of Hermitian matrix: 61.42840003427308

=================================== Generating HHL circuit ===================================
Time elapsed for generating HHL circuit: 2 min 17.72 sec

Generated circuit: num_qubits=13, gates=18, depth=5
============================== Generated Circuit saved ==============================

============================== Transpiling circuit ==============================
Time elapsed for transpiling the circuit:  0 min 24.48 sec
Transpiled circuit, num_qubits: 13, (original: 13)
Transpiled circuit depth: 343170 (original: 5)
Transpiled circuit gates: 343251 (original: 18)
============================== Transpiled Circuit saved ==============================
Time elapsed for running the circuit:  0 min 28.70 sec
total_qubits: 13, nq:5

Time elapsed for extracting shots-based hhl counts solution:  0 min 0.00 sec

[HHL info]: linear system residual (e=||Ax-b||_2): 2.261717134361693
[HHL info]: Fidelity(true_sol, hhl_sol): 0.6639966392967819
[HHL info]: L2 error (absolute): 0.12221227424513703
[HHL info]: L2 error (relative): 0.7256413874357486
[HHL info]: L2 error (normalized): 0.6085065498981574

========================================================================================
 Compare system solutions using LU of A, LU sol of A_herm, HHL of Ax=b hermition system
LU sol 	    Herm LU sol    HHL sol    L1_diff(%)
-1.254e-02  -1.254e-02  -0.000e+00  1.000e+02
-4.287e-03  -4.287e-03  -0.000e+00  1.000e+02
-2.780e-02  -2.780e-02  -0.000e+00  1.000e+02
-1.276e-02  -1.276e-02  -0.000e+00  1.000e+02
-2.714e-02  -2.714e-02  -2.253e-02  1.700e+01
-5.547e-03  -5.547e-03  -0.000e+00  1.000e+02
 2.658e-02   2.658e-02   0.000e+00  1.000e+02
-4.714e-02  -4.714e-02  -2.759e-02  4.148e+01
 6.796e-02   6.796e-02   3.186e-02  5.312e+01
 9.814e-02   9.814e-02   3.902e-02  6.024e+01
 1.816e-02   1.816e-02   0.000e+00  1.000e+02
 2.752e-02   2.752e-02   0.000e+00  1.000e+02
 2.205e-02   2.205e-02   0.000e+00  1.000e+02
-7.048e-02  -7.048e-02  -0.000e+00  1.000e+02
 5.260e-02   5.260e-02   1.593e-02  6.972e+01
========================================================================================

step: 3/15 res:3.8130026173486287, res/res0:0.30811225087151983  dq_norm: [0.03902002 0.03562024 0.03562024]

A info: before HHL prepare:
Spectral radius (A): 2.538e+01, lambda_min:5.336772600835208
condition number(A): 4.755e+00, norm2_cond:60.51010878849557
det(A): 3.865e+16
--------------------------------------------------------------------------------

A_hhl info: after scaling by spectral radius:
Spectral radius (A): 1.000e+00, lambda_min:0.21029666837240155
condition number(A): 4.755e+00, norm2_cond:60.51010878849573
det(A): 3.315e-05, nnz: 11 non zeros per row
--------------------------------------------------------------------------------

Size of A & B are not power of 2:
Next 2 power of 15 = 16
Value to be padded = 1
--------------------------------------------------

==================== Print (N)^2 padded matrix system =======================
Padded shape of A: (15, 15)x(15, 15) -> (16, 16)x(16, 16)
Padded shape of B: (15,) -> (16,)
Determinant of padded matrix: 3.314662363676539e-05
Condition # of padded matrix: 60.51010878849573


Matrix is not Hermitian. Making it Hermitian.......

==================== Print Hermitian matrix system info =======================
Shape of hermitian A: 16x16 -> 32x32
Shape of           B: 16 -> 32
Determinant of Hermitian matrix: 1.098698658517378e-09
Condition # of Hermitian matrix: 60.51010878849572

=================================== Generating HHL circuit ===================================
Time elapsed for generating HHL circuit: 2 min 15.65 sec

Generated circuit: num_qubits=13, gates=18, depth=5
============================== Generated Circuit saved ==============================

============================== Transpiling circuit ==============================
Time elapsed for transpiling the circuit:  0 min 24.32 sec
Transpiled circuit, num_qubits: 13, (original: 13)
Transpiled circuit depth: 343170 (original: 5)
Transpiled circuit gates: 343251 (original: 18)
============================== Transpiled Circuit saved ==============================
Time elapsed for running the circuit:  0 min 27.62 sec
total_qubits: 13, nq:5

Time elapsed for extracting shots-based hhl counts solution:  0 min 0.00 sec

[HHL info]: linear system residual (e=||Ax-b||_2): 1.9582787192248836
[HHL info]: Fidelity(true_sol, hhl_sol): 0.9032356385971693
[HHL info]: L2 error (absolute): 0.10561069697480607
[HHL info]: L2 error (relative): 0.7923197753845751
[HHL info]: L2 error (normalized): 0.3150012719251322

========================================================================================
 Compare system solutions using LU of A, LU sol of A_herm, HHL of Ax=b hermition system
LU sol 	    Herm LU sol    HHL sol    L1_diff(%)
-1.235e-02  -1.235e-02  -5.224e-03  5.770e+01
-4.153e-03  -4.153e-03  -0.000e+00  1.000e+02
-2.786e-02  -2.786e-02  -7.387e-03  7.348e+01
-9.305e-03  -9.305e-03  -0.000e+00  1.000e+02
-2.415e-03  -2.415e-03  -0.000e+00  1.000e+02
 3.614e-03   3.614e-03   0.000e+00  1.000e+02
 3.409e-02   3.409e-02   9.048e-03  7.346e+01
-1.882e-02  -1.882e-02  -0.000e+00  1.000e+02
 5.452e-02   5.452e-02   1.168e-02  7.858e+01
 6.746e-02   6.746e-02   1.382e-02  7.951e+01
 1.513e-02   1.513e-02   0.000e+00  1.000e+02
 3.071e-02   3.071e-02   1.045e-02  6.598e+01
 2.048e-02   2.048e-02   0.000e+00  1.000e+02
-7.083e-02  -7.083e-02  -1.382e-02  8.049e+01
 3.268e-02   3.268e-02   9.048e-03  7.231e+01
========================================================================================

step: 4/15 res:2.3196809061182577, res/res0:0.18744338176845132  dq_norm: [0.0173247  0.01382033 0.0195449 ]

A info: before HHL prepare:
Spectral radius (A): 2.515e+01, lambda_min:5.657141016049681
condition number(A): 4.445e+00, norm2_cond:61.156443702496446
det(A): 3.201e+16
--------------------------------------------------------------------------------

A_hhl info: after scaling by spectral radius:
Spectral radius (A): 1.000e+00, lambda_min:0.2249562459539949
condition number(A): 4.445e+00, norm2_cond:61.15644370249642
det(A): 3.146e-05, nnz: 11 non zeros per row
--------------------------------------------------------------------------------

Size of A & B are not power of 2:
Next 2 power of 15 = 16
Value to be padded = 1
--------------------------------------------------

==================== Print (N)^2 padded matrix system =======================
Padded shape of A: (15, 15)x(15, 15) -> (16, 16)x(16, 16)
Padded shape of B: (15,) -> (16,)
Determinant of padded matrix: 3.1461684357572973e-05
Condition # of padded matrix: 61.15644370249642


Matrix is not Hermitian. Making it Hermitian.......

==================== Print Hermitian matrix system info =======================
Shape of hermitian A: 16x16 -> 32x32
Shape of           B: 16 -> 32
Determinant of Hermitian matrix: 9.898375826155519e-10
Condition # of Hermitian matrix: 61.15644370249672

=================================== Generating HHL circuit ===================================
Time elapsed for generating HHL circuit: 2 min 16.28 sec

Generated circuit: num_qubits=13, gates=18, depth=5
============================== Generated Circuit saved ==============================

============================== Transpiling circuit ==============================
Time elapsed for transpiling the circuit:  0 min 24.04 sec
Transpiled circuit, num_qubits: 13, (original: 13)
Transpiled circuit depth: 343170 (original: 5)
Transpiled circuit gates: 343251 (original: 18)
============================== Transpiled Circuit saved ==============================
Time elapsed for running the circuit:  0 min 28.95 sec
total_qubits: 13, nq:5

Time elapsed for extracting shots-based hhl counts solution:  0 min 0.00 sec

[HHL info]: linear system residual (e=||Ax-b||_2): 1.627028399483594
[HHL info]: Fidelity(true_sol, hhl_sol): 0.9248142915688801
[HHL info]: L2 error (absolute): 0.09368452198373024
[HHL info]: L2 error (relative): 0.8327614092792258
[HHL info]: L2 error (normalized): 0.2768658410811036

========================================================================================
 Compare system solutions using LU of A, LU sol of A_herm, HHL of Ax=b hermition system
LU sol 	    Herm LU sol    HHL sol    L1_diff(%)
-7.202e-03  -7.202e-03  -0.000e+00  1.000e+02
-4.311e-03  -4.311e-03  -0.000e+00  1.000e+02
-2.082e-02  -2.082e-02  -3.663e-03  8.241e+01
-8.280e-03  -8.280e-03  -0.000e+00  1.000e+02
-1.483e-03  -1.483e-03  -0.000e+00  1.000e+02
 6.153e-03   6.153e-03   0.000e+00  1.000e+02
 2.760e-02   2.760e-02   3.663e-03  8.673e+01
-1.873e-02  -1.873e-02  -5.180e-03  7.234e+01
 4.726e-02   4.726e-02   9.692e-03  7.949e+01
 5.671e-02   5.671e-02   1.036e-02  8.173e+01
 1.487e-02   1.487e-02   0.000e+00  1.000e+02
 2.495e-02   2.495e-02   3.663e-03  8.532e+01
 2.220e-02   2.220e-02   5.180e-03  7.667e+01
-5.695e-02  -5.695e-02  -7.326e-03  8.713e+01
 3.004e-02   3.004e-02   6.345e-03  7.888e+01
========================================================================================

step: 5/15 res:1.9629243613195184, res/res0:0.15861542829919317  dq_norm: [0.01214916 0.00897275 0.01268939]

A info: before HHL prepare:
Spectral radius (A): 2.498e+01, lambda_min:5.307661977576745
condition number(A): 4.706e+00, norm2_cond:61.73026034430823
det(A): 2.662e+16
--------------------------------------------------------------------------------

A_hhl info: after scaling by spectral radius:
Spectral radius (A): 1.000e+00, lambda_min:0.21250237484173362
condition number(A): 4.706e+00, norm2_cond:61.73026034430823
det(A): 2.898e-05, nnz: 11 non zeros per row
--------------------------------------------------------------------------------

Size of A & B are not power of 2:
Next 2 power of 15 = 16
Value to be padded = 1
--------------------------------------------------

==================== Print (N)^2 padded matrix system =======================
Padded shape of A: (15, 15)x(15, 15) -> (16, 16)x(16, 16)
Padded shape of B: (15,) -> (16,)
Determinant of padded matrix: 2.8981118606216312e-05
Condition # of padded matrix: 61.73026034430823


Matrix is not Hermitian. Making it Hermitian.......

==================== Print Hermitian matrix system info =======================
Shape of hermitian A: 16x16 -> 32x32
Shape of           B: 16 -> 32
Determinant of Hermitian matrix: 8.399052356675684e-10
Condition # of Hermitian matrix: 61.730260344308405

=================================== Generating HHL circuit ===================================
Time elapsed for generating HHL circuit: 2 min 13.27 sec

Generated circuit: num_qubits=13, gates=18, depth=5
============================== Generated Circuit saved ==============================

============================== Transpiling circuit ==============================
Time elapsed for transpiling the circuit:  0 min 24.48 sec
Transpiled circuit, num_qubits: 13, (original: 13)
Transpiled circuit depth: 343170 (original: 5)
Transpiled circuit gates: 343251 (original: 18)
============================== Transpiled Circuit saved ==============================
Time elapsed for running the circuit:  0 min 27.88 sec
total_qubits: 13, nq:5

Time elapsed for extracting shots-based hhl counts solution:  0 min 0.00 sec

[HHL info]: linear system residual (e=||Ax-b||_2): 1.3160109685115764
[HHL info]: Fidelity(true_sol, hhl_sol): 0.9259449853682773
[HHL info]: L2 error (absolute): 0.07717797309248357
[HHL info]: L2 error (relative): 0.7769854060731117
[HHL info]: L2 error (normalized): 0.27473495527446296

========================================================================================
 Compare system solutions using LU of A, LU sol of A_herm, HHL of Ax=b hermition system
LU sol 	    Herm LU sol    HHL sol    L1_diff(%)
-7.218e-03  -7.218e-03  -3.683e-03  4.898e+01
-4.349e-03  -4.349e-03  -0.000e+00  1.000e+02
-1.725e-02  -1.725e-02  -3.683e-03  7.865e+01
-7.728e-03  -7.728e-03  -0.000e+00  1.000e+02
-1.112e-03  -1.112e-03  -0.000e+00  1.000e+02
 7.595e-03   7.595e-03   0.000e+00  1.000e+02
 2.534e-02   2.534e-02   7.366e-03  7.093e+01
-1.357e-02  -1.357e-02  -0.000e+00  1.000e+02
 4.075e-02   4.075e-02   8.235e-03  7.979e+01
 4.873e-02   4.873e-02   1.276e-02  7.382e+01
 1.514e-02   1.514e-02   0.000e+00  1.000e+02
 2.427e-02   2.427e-02   5.208e-03  7.854e+01
 1.927e-02   1.927e-02   5.208e-03  7.297e+01
-4.950e-02  -4.950e-02  -1.165e-02  7.647e+01
 2.963e-02   2.963e-02   6.379e-03  7.848e+01
========================================================================================

step: 6/15 res:1.6310486652855698, res/res0:0.13179798861286135  dq_norm: [0.01605275 0.01164589 0.01221432]

A info: before HHL prepare:
Spectral radius (A): 2.475e+01, lambda_min:4.972827435775422
condition number(A): 4.977e+00, norm2_cond:62.396807053960856
det(A): 2.131e+16
--------------------------------------------------------------------------------

A_hhl info: after scaling by spectral radius:
Spectral radius (A): 1.000e+00, lambda_min:0.20094356006880776
condition number(A): 4.977e+00, norm2_cond:62.396807053960785
det(A): 2.664e-05, nnz: 11 non zeros per row
--------------------------------------------------------------------------------

Size of A & B are not power of 2:
Next 2 power of 15 = 16
Value to be padded = 1
--------------------------------------------------

==================== Print (N)^2 padded matrix system =======================
Padded shape of A: (15, 15)x(15, 15) -> (16, 16)x(16, 16)
Padded shape of B: (15,) -> (16,)
Determinant of padded matrix: 2.6641374484895426e-05
Condition # of padded matrix: 62.396807053960785


Matrix is not Hermitian. Making it Hermitian.......

==================== Print Hermitian matrix system info =======================
Shape of hermitian A: 16x16 -> 32x32
Shape of           B: 16 -> 32
Determinant of Hermitian matrix: 7.097628344444371e-10
Condition # of Hermitian matrix: 62.39680705396088

=================================== Generating HHL circuit ===================================
Time elapsed for generating HHL circuit: 2 min 16.30 sec

Generated circuit: num_qubits=13, gates=18, depth=5
============================== Generated Circuit saved ==============================

============================== Transpiling circuit ==============================
Time elapsed for transpiling the circuit:  0 min 25.27 sec
Transpiled circuit, num_qubits: 13, (original: 13)
Transpiled circuit depth: 343170 (original: 5)
Transpiled circuit gates: 343251 (original: 18)
============================== Transpiled Circuit saved ==============================
Time elapsed for running the circuit:  0 min 28.84 sec
total_qubits: 13, nq:5

Time elapsed for extracting shots-based hhl counts solution:  0 min 0.00 sec

[HHL info]: linear system residual (e=||Ax-b||_2): 1.1349493036847274
[HHL info]: Fidelity(true_sol, hhl_sol): 0.8868362944218687
[HHL info]: L2 error (absolute): 0.06705845769037153
[HHL info]: L2 error (relative): 0.8053360486691019
[HHL info]: L2 error (normalized): 0.34140925634038577

========================================================================================
 Compare system solutions using LU of A, LU sol of A_herm, HHL of Ax=b hermition system
LU sol 	    Herm LU sol    HHL sol    L1_diff(%)
-3.613e-03  -3.613e-03  -0.000e+00  1.000e+02
-4.454e-03  -4.454e-03  -2.578e-03  4.211e+01
-1.384e-02  -1.384e-02  -2.578e-03  8.137e+01
-7.339e-03  -7.339e-03  -0.000e+00  1.000e+02
-7.728e-04  -7.728e-04  -0.000e+00  1.000e+02
 8.670e-03   8.670e-03   0.000e+00  1.000e+02
 1.931e-02   1.931e-02   3.646e-03  8.111e+01
-1.353e-02  -1.353e-02  -0.000e+00  1.000e+02
 3.477e-02   3.477e-02   8.153e-03  7.655e+01
 3.842e-02   3.842e-02   8.153e-03  7.878e+01
 1.547e-02   1.547e-02   5.157e-03  6.667e+01
 2.230e-02   2.230e-02   5.765e-03  7.415e+01
 1.654e-02   1.654e-02   0.000e+00  1.000e+02
-3.773e-02  -3.773e-02  -7.293e-03  8.067e+01
 3.007e-02   3.007e-02   5.765e-03  8.083e+01
========================================================================================

step: 7/15 res:1.3209239399627093, res/res0:0.1067381508001663  dq_norm: [0.00893149 0.00929618 0.01181524]

A info: before HHL prepare:
Spectral radius (A): 2.465e+01, lambda_min:4.852250419952871
condition number(A): 5.079e+00, norm2_cond:62.8942109420305
det(A): 1.945e+16
--------------------------------------------------------------------------------

A_hhl info: after scaling by spectral radius:
Spectral radius (A): 1.000e+00, lambda_min:0.19687886925163492
condition number(A): 5.079e+00, norm2_cond:62.89421094203035
det(A): 2.587e-05, nnz: 11 non zeros per row
--------------------------------------------------------------------------------

Size of A & B are not power of 2:
Next 2 power of 15 = 16
Value to be padded = 1
--------------------------------------------------

==================== Print (N)^2 padded matrix system =======================
Padded shape of A: (15, 15)x(15, 15) -> (16, 16)x(16, 16)
Padded shape of B: (15,) -> (16,)
Determinant of padded matrix: 2.5874154937879265e-05
Condition # of padded matrix: 62.89421094203035


Matrix is not Hermitian. Making it Hermitian.......

==================== Print Hermitian matrix system info =======================
Shape of hermitian A: 16x16 -> 32x32
Shape of           B: 16 -> 32
Determinant of Hermitian matrix: 6.694718937493819e-10
Condition # of Hermitian matrix: 62.89421094203062

=================================== Generating HHL circuit ===================================
Time elapsed for generating HHL circuit: 2 min 15.44 sec

Generated circuit: num_qubits=13, gates=18, depth=5
============================== Generated Circuit saved ==============================

============================== Transpiling circuit ==============================
Time elapsed for transpiling the circuit:  0 min 24.28 sec
Transpiled circuit, num_qubits: 13, (original: 13)
Transpiled circuit depth: 343170 (original: 5)
Transpiled circuit gates: 343251 (original: 18)
============================== Transpiled Circuit saved ==============================
Time elapsed for running the circuit:  0 min 28.15 sec
total_qubits: 13, nq:5

Time elapsed for extracting shots-based hhl counts solution:  0 min 0.00 sec

[HHL info]: linear system residual (e=||Ax-b||_2): 0.8946721152187095
[HHL info]: Fidelity(true_sol, hhl_sol): 0.9138213518072221
[HHL info]: L2 error (absolute): 0.04855870662306464
[HHL info]: L2 error (relative): 0.6983088449637636
[HHL info]: L2 error (normalized): 0.2968500103571694

========================================================================================
 Compare system solutions using LU of A, LU sol of A_herm, HHL of Ax=b hermition system
LU sol 	    Herm LU sol    HHL sol    L1_diff(%)
-3.613e-03  -3.613e-03  -0.000e+00  1.000e+02
-1.883e-03  -1.883e-03  -0.000e+00  1.000e+02
-1.129e-02  -1.129e-02  -3.685e-03  6.736e+01
-7.124e-03  -7.124e-03  -0.000e+00  1.000e+02
-6.289e-04  -6.289e-04  -0.000e+00  1.000e+02
 9.272e-03   9.272e-03   0.000e+00  1.000e+02
 1.613e-02   1.613e-02   3.685e-03  7.716e+01
-1.361e-02  -1.361e-02  -3.685e-03  7.292e+01
 2.756e-02   2.756e-02   9.026e-03  6.725e+01
 3.114e-02   3.114e-02   1.042e-02  6.653e+01
 1.054e-02   1.054e-02   3.685e-03  6.504e+01
 1.757e-02   1.757e-02   8.240e-03  5.311e+01
 1.736e-02   1.736e-02   8.240e-03  5.253e+01
-3.035e-02  -3.035e-02  -6.382e-03  7.897e+01
 2.716e-02   2.716e-02   9.026e-03  6.676e+01
========================================================================================

step: 8/15 res:1.1363855787540258, res/res0:0.09182640393027151  dq_norm: [0.01378761 0.00823967 0.01563368]

A info: before HHL prepare:
Spectral radius (A): 2.448e+01, lambda_min:4.619827179012547
condition number(A): 5.299e+00, norm2_cond:63.81676848449057
det(A): 1.589e+16
--------------------------------------------------------------------------------

A_hhl info: after scaling by spectral radius:
Spectral radius (A): 1.000e+00, lambda_min:0.18870414554500203
condition number(A): 5.299e+00, norm2_cond:63.81676848449071
det(A): 2.336e-05, nnz: 11 non zeros per row
--------------------------------------------------------------------------------

Size of A & B are not power of 2:
Next 2 power of 15 = 16
Value to be padded = 1
--------------------------------------------------

==================== Print (N)^2 padded matrix system =======================
Padded shape of A: (15, 15)x(15, 15) -> (16, 16)x(16, 16)
Padded shape of B: (15,) -> (16,)
Determinant of padded matrix: 2.3361795825038676e-05
Condition # of padded matrix: 63.81676848449071


Matrix is not Hermitian. Making it Hermitian.......

==================== Print Hermitian matrix system info =======================
Shape of hermitian A: 16x16 -> 32x32
Shape of           B: 16 -> 32
Determinant of Hermitian matrix: 5.457735041707945e-10
Condition # of Hermitian matrix: 63.816768484490844

=================================== Generating HHL circuit ===================================
Time elapsed for generating HHL circuit: 4 min 36.84 sec

Generated circuit: num_qubits=14, gates=19, depth=5
============================== Generated Circuit saved ==============================

============================== Transpiling circuit ==============================
Time elapsed for transpiling the circuit:  0 min 47.47 sec
Transpiled circuit, num_qubits: 14, (original: 14)
Transpiled circuit depth: 688517 (original: 5)
Transpiled circuit gates: 688617 (original: 19)
============================== Transpiled Circuit saved ==============================
Time elapsed for running the circuit:  1 min 6.70 sec
total_qubits: 14, nq:5

Time elapsed for extracting shots-based hhl counts solution:  0 min 0.00 sec

[HHL info]: linear system residual (e=||Ax-b||_2): 0.7852691585271779
[HHL info]: Fidelity(true_sol, hhl_sol): 0.8228278049235561
[HHL info]: L2 error (absolute): 0.047559224785134316
[HHL info]: L2 error (relative): 0.9008577286129583
[HHL info]: L2 error (normalized): 0.43104857252487094

========================================================================================
 Compare system solutions using LU of A, LU sol of A_herm, HHL of Ax=b hermition system
LU sol 	    Herm LU sol    HHL sol    L1_diff(%)
-3.625e-03  -3.625e-03  -0.000e+00  1.000e+02
-1.907e-03  -1.907e-03  -0.000e+00  1.000e+02
-7.656e-03  -7.656e-03  -0.000e+00  1.000e+02
-6.950e-03  -6.950e-03  -0.000e+00  1.000e+02
-5.480e-04  -5.480e-04  -0.000e+00  1.000e+02
 9.811e-03   9.811e-03   0.000e+00  1.000e+02
 1.298e-02   1.298e-02   1.802e-03  8.611e+01
-1.003e-02  -1.003e-02  -1.802e-03  8.202e+01
 1.977e-02   1.977e-02   1.802e-03  9.088e+01
 2.215e-02   2.215e-02   3.122e-03  8.591e+01
 7.349e-03   7.349e-03   0.000e+00  1.000e+02
 1.139e-02   1.139e-02   0.000e+00  1.000e+02
 1.116e-02   1.116e-02   1.274e-03  8.858e+01
-2.382e-02  -2.382e-02  -2.850e-03  8.804e+01
 2.326e-02   2.326e-02   2.207e-03  9.051e+01
========================================================================================

step: 9/15 res:0.8982066500190742, res/res0:0.07258019478559431  dq_norm: [0.00382329 0.00337183 0.00284972]

A info: before HHL prepare:
Spectral radius (A): 2.442e+01, lambda_min:4.554006991897157
condition number(A): 5.362e+00, norm2_cond:64.06718724259876
det(A): 1.496e+16
--------------------------------------------------------------------------------

A_hhl info: after scaling by spectral radius:
Spectral radius (A): 1.000e+00, lambda_min:0.1864969005607492
condition number(A): 5.362e+00, norm2_cond:64.0671872425987
det(A): 2.286e-05, nnz: 11 non zeros per row
--------------------------------------------------------------------------------

Size of A & B are not power of 2:
Next 2 power of 15 = 16
Value to be padded = 1
--------------------------------------------------

==================== Print (N)^2 padded matrix system =======================
Padded shape of A: (15, 15)x(15, 15) -> (16, 16)x(16, 16)
Padded shape of B: (15,) -> (16,)
Determinant of padded matrix: 2.2864288166866444e-05
Condition # of padded matrix: 64.0671872425987


Matrix is not Hermitian. Making it Hermitian.......

==================== Print Hermitian matrix system info =======================
Shape of hermitian A: 16x16 -> 32x32
Shape of           B: 16 -> 32
Determinant of Hermitian matrix: 5.22775673377507e-10
Condition # of Hermitian matrix: 64.06718724259868

=================================== Generating HHL circuit ===================================
Time elapsed for generating HHL circuit: 4 min 39.01 sec

Generated circuit: num_qubits=14, gates=19, depth=5
============================== Generated Circuit saved ==============================

============================== Transpiling circuit ==============================
Time elapsed for transpiling the circuit:  0 min 47.57 sec
Transpiled circuit, num_qubits: 14, (original: 14)
Transpiled circuit depth: 689027 (original: 5)
Transpiled circuit gates: 689127 (original: 19)
============================== Transpiled Circuit saved ==============================
Time elapsed for running the circuit:  1 min 6.50 sec
total_qubits: 14, nq:5

Time elapsed for extracting shots-based hhl counts solution:  0 min 0.00 sec

[HHL info]: linear system residual (e=||Ax-b||_2): 0.49867908096089303
[HHL info]: Fidelity(true_sol, hhl_sol): 0.8842230734167211
[HHL info]: L2 error (absolute): 0.020164751367422417
[HHL info]: L2 error (relative): 0.41465831740485204
[HHL info]: L2 error (normalized): 0.34545227275288415

========================================================================================
 Compare system solutions using LU of A, LU sol of A_herm, HHL of Ax=b hermition system
LU sol 	    Herm LU sol    HHL sol    L1_diff(%)
-3.622e-03  -3.622e-03  -6.982e-03  9.277e+01
-1.915e-03  -1.915e-03  -0.000e+00  1.000e+02
-7.670e-03  -7.670e-03  -6.982e-03  8.974e+00
-6.844e-03  -6.844e-03  -0.000e+00  1.000e+02
-4.789e-04  -4.789e-04  -0.000e+00  1.000e+02
 1.010e-02   1.010e-02   9.874e-03  2.288e+00
 1.139e-02   1.139e-02   6.982e-03  3.870e+01
-8.261e-03  -8.261e-03  -0.000e+00  1.000e+02
 1.837e-02   1.837e-02   1.561e-02  1.500e+01
 1.936e-02   1.936e-02   1.396e-02  2.788e+01
 7.441e-03   7.441e-03   9.874e-03  3.270e+01
 1.183e-02   1.183e-02   6.982e-03  4.100e+01
 1.027e-02   1.027e-02   6.982e-03  3.202e+01
-2.094e-02  -2.094e-02  -1.209e-02  4.224e+01
 2.215e-02   2.215e-02   1.209e-02  4.541e+01
========================================================================================

step: 10/15 res:0.7857513220587193, res/res0:0.06349316608471894  dq_norm: [0.0184719  0.01561161 0.0241854 ]

A info: before HHL prepare:
Spectral radius (A): 2.423e+01, lambda_min:4.303210034298042
condition number(A): 5.631e+00, norm2_cond:65.6239948781105
det(A): 1.187e+16
--------------------------------------------------------------------------------

A_hhl info: after scaling by spectral radius:
Spectral radius (A): 1.000e+00, lambda_min:0.1775773742625131
condition number(A): 5.631e+00, norm2_cond:65.62399487811048
det(A): 2.034e-05, nnz: 11 non zeros per row
--------------------------------------------------------------------------------

Size of A & B are not power of 2:
Next 2 power of 15 = 16
Value to be padded = 1
--------------------------------------------------

==================== Print (N)^2 padded matrix system =======================
Padded shape of A: (15, 15)x(15, 15) -> (16, 16)x(16, 16)
Padded shape of B: (15,) -> (16,)
Determinant of padded matrix: 2.0337224953103734e-05
Condition # of padded matrix: 65.62399487811048


Matrix is not Hermitian. Making it Hermitian.......

==================== Print Hermitian matrix system info =======================
Shape of hermitian A: 16x16 -> 32x32
Shape of           B: 16 -> 32
Determinant of Hermitian matrix: 4.1360271879314666e-10
Condition # of Hermitian matrix: 65.62399487811065

=================================== Generating HHL circuit ===================================
Time elapsed for generating HHL circuit: 4 min 39.71 sec

Generated circuit: num_qubits=14, gates=19, depth=5
============================== Generated Circuit saved ==============================

============================== Transpiling circuit ==============================
Time elapsed for transpiling the circuit:  0 min 47.91 sec
Transpiled circuit, num_qubits: 14, (original: 14)
Transpiled circuit depth: 689027 (original: 5)
Transpiled circuit gates: 689127 (original: 19)
============================== Transpiled Circuit saved ==============================
Time elapsed for running the circuit:  1 min 6.37 sec
total_qubits: 14, nq:5

Time elapsed for extracting shots-based hhl counts solution:  0 min 0.00 sec

[HHL info]: linear system residual (e=||Ax-b||_2): 0.30626201564979355
[HHL info]: Fidelity(true_sol, hhl_sol): 0.551721046804651
[HHL info]: L2 error (absolute): 0.01750683749162353
[HHL info]: L2 error (relative): 0.7491050281246492
[HHL info]: L2 error (normalized): 0.7172457432049296

========================================================================================
 Compare system solutions using LU of A, LU sol of A_herm, HHL of Ax=b hermition system
LU sol 	    Herm LU sol    HHL sol    L1_diff(%)
 3.342e-03   3.342e-03   3.006e-03  1.005e+01
-1.961e-03  -1.961e-03  -0.000e+00  1.000e+02
-8.090e-04  -8.090e-04  -0.000e+00  1.000e+02
-6.738e-03  -6.738e-03  -0.000e+00  1.000e+02
-4.331e-04  -4.331e-04  -0.000e+00  1.000e+02
 6.023e-04   6.023e-04   0.000e+00  1.000e+02
 4.729e-03   4.729e-03   4.252e-03  1.009e+01
-8.378e-03  -8.378e-03  -4.252e-03  4.925e+01
 3.345e-03   3.345e-03   0.000e+00  1.000e+02
 6.336e-03   6.336e-03   3.006e-03  5.255e+01
-2.031e-03  -2.031e-03  -0.000e+00  1.000e+02
 6.178e-03   6.178e-03   0.000e+00  1.000e+02
 4.734e-03   4.734e-03   4.252e-03  1.019e+01
-8.732e-03  -8.732e-03  -0.000e+00  1.000e+02
 1.413e-02   1.413e-02   4.252e-03  6.991e+01
========================================================================================

step: 11/15 res:0.5037924415748498, res/res0:0.04070928838061514  dq_norm: [0.0073642  0.00425173 0.00425173]

A info: before HHL prepare:
Spectral radius (A): 2.412e+01, lambda_min:4.224254881899719
condition number(A): 5.711e+00, norm2_cond:65.79945802828706
det(A): 1.077e+16
--------------------------------------------------------------------------------

A_hhl info: after scaling by spectral radius:
Spectral radius (A): 1.000e+00, lambda_min:0.17511108127675695
condition number(A): 5.711e+00, norm2_cond:65.79945802828713
det(A): 1.976e-05, nnz: 11 non zeros per row
--------------------------------------------------------------------------------

Size of A & B are not power of 2:
Next 2 power of 15 = 16
Value to be padded = 1
--------------------------------------------------

==================== Print (N)^2 padded matrix system =======================
Padded shape of A: (15, 15)x(15, 15) -> (16, 16)x(16, 16)
Padded shape of B: (15,) -> (16,)
Determinant of padded matrix: 1.976250060324263e-05
Condition # of padded matrix: 65.79945802828713


Matrix is not Hermitian. Making it Hermitian.......

==================== Print Hermitian matrix system info =======================
Shape of hermitian A: 16x16 -> 32x32
Shape of           B: 16 -> 32
Determinant of Hermitian matrix: 3.905564300931653e-10
Condition # of Hermitian matrix: 65.79945802828719

=================================== Generating HHL circuit ===================================
Time elapsed for generating HHL circuit: 4 min 39.71 sec

Generated circuit: num_qubits=14, gates=19, depth=5
============================== Generated Circuit saved ==============================

============================== Transpiling circuit ==============================
Time elapsed for transpiling the circuit:  0 min 47.72 sec
Transpiled circuit, num_qubits: 14, (original: 14)
Transpiled circuit depth: 689027 (original: 5)
Transpiled circuit gates: 689127 (original: 19)
============================== Transpiled Circuit saved ==============================
Time elapsed for running the circuit:  1 min 5.89 sec
total_qubits: 14, nq:5

Time elapsed for extracting shots-based hhl counts solution:  0 min 0.00 sec

[HHL info]: linear system residual (e=||Ax-b||_2): 0.2267426361678445
[HHL info]: Fidelity(true_sol, hhl_sol): 0.8920438869626341
[HHL info]: L2 error (absolute): 0.008391569754287606
[HHL info]: L2 error (relative): 0.4663445633535225
[HHL info]: L2 error (normalized): 0.33322439911746454

========================================================================================
 Compare system solutions using LU of A, LU sol of A_herm, HHL of Ax=b hermition system
LU sol 	    Herm LU sol    HHL sol    L1_diff(%)
 3.448e-04   3.448e-04   0.000e+00  1.000e+02
-1.964e-03  -1.964e-03  -2.125e-03  8.158e+00
-8.018e-04  -8.018e-04  -0.000e+00  1.000e+02
-6.640e-03  -6.640e-03  -2.125e-03  6.800e+01
-3.553e-04  -3.553e-04  -0.000e+00  1.000e+02
 8.719e-04   8.719e-04   0.000e+00  1.000e+02
 6.377e-04   6.377e-04   0.000e+00  1.000e+02
-4.158e-03  -4.158e-03  -3.005e-03  2.773e+01
 3.647e-03   3.647e-03   2.125e-03  4.175e+01
 3.488e-03   3.488e-03   0.000e+00  1.000e+02
-1.969e-03  -1.969e-03  -0.000e+00  1.000e+02
 6.477e-03   6.477e-03   3.680e-03  4.318e+01
 6.890e-04   6.890e-04   0.000e+00  1.000e+02
-8.703e-03  -8.703e-03  -5.204e-03  4.020e+01
 1.044e-02   1.044e-02   7.661e-03  2.662e+01
========================================================================================

step: 12/15 res:0.30745672506390137, res/res0:0.024844248250449934  dq_norm: [0.0021247  0.00637411 0.00876037]

A info: before HHL prepare:
Spectral radius (A): 2.411e+01, lambda_min:4.165770980425746
condition number(A): 5.786e+00, norm2_cond:66.851075221494
det(A): 1.036e+16
--------------------------------------------------------------------------------

A_hhl info: after scaling by spectral radius:
Spectral radius (A): 1.000e+00, lambda_min:0.17281719125728778
condition number(A): 5.786e+00, norm2_cond:66.85107522149396
det(A): 1.922e-05, nnz: 11 non zeros per row
--------------------------------------------------------------------------------

Size of A & B are not power of 2:
Next 2 power of 15 = 16
Value to be padded = 1
--------------------------------------------------

==================== Print (N)^2 padded matrix system =======================
Padded shape of A: (15, 15)x(15, 15) -> (16, 16)x(16, 16)
Padded shape of B: (15,) -> (16,)
Determinant of padded matrix: 1.9219457189734076e-05
Condition # of padded matrix: 66.85107522149396


Matrix is not Hermitian. Making it Hermitian.......

==================== Print Hermitian matrix system info =======================
Shape of hermitian A: 16x16 -> 32x32
Shape of           B: 16 -> 32
Determinant of Hermitian matrix: 3.693875346680182e-10
Condition # of Hermitian matrix: 66.85107522149403

=================================== Generating HHL circuit ===================================
Time elapsed for generating HHL circuit: 4 min 38.99 sec

Generated circuit: num_qubits=14, gates=19, depth=5
============================== Generated Circuit saved ==============================

============================== Transpiling circuit ==============================
Time elapsed for transpiling the circuit:  0 min 47.43 sec
Transpiled circuit, num_qubits: 14, (original: 14)
Transpiled circuit depth: 689027 (original: 5)
Transpiled circuit gates: 689127 (original: 19)
============================== Transpiled Circuit saved ==============================
Time elapsed for running the circuit:  1 min 7.00 sec
total_qubits: 14, nq:5

Time elapsed for extracting shots-based hhl counts solution:  0 min 0.00 sec

[HHL info]: linear system residual (e=||Ax-b||_2): 0.2211155235552528
[HHL info]: Fidelity(true_sol, hhl_sol): 0.7505067923291603
[HHL info]: L2 error (absolute): 0.00836810405100955
[HHL info]: L2 error (relative): 0.9728003327003918
[HHL info]: L2 error (normalized): 0.5170726234085143

========================================================================================
 Compare system solutions using LU of A, LU sol of A_herm, HHL of Ax=b hermition system
LU sol 	    Herm LU sol    HHL sol    L1_diff(%)
 3.508e-04   3.508e-04   0.000e+00  1.000e+02
 1.657e-04   1.657e-04   0.000e+00  1.000e+02
-7.947e-04  -7.947e-04  -0.000e+00  1.000e+02
-4.490e-03  -4.490e-03  -7.252e-05  9.838e+01
-3.508e-04  -3.508e-04  -0.000e+00  1.000e+02
 8.924e-04   8.924e-04   0.000e+00  1.000e+02
 6.599e-04   6.599e-04   0.000e+00  1.000e+02
-1.157e-03  -1.157e-03  -0.000e+00  1.000e+02
 1.582e-03   1.582e-03   0.000e+00  1.000e+02
 3.540e-03   3.540e-03   1.026e-04  9.710e+01
-1.942e-03  -1.942e-03  -1.026e-04  9.472e+01
 2.958e-03   2.958e-03   7.252e-05  9.755e+01
 7.880e-04   7.880e-04   0.000e+00  1.000e+02
-3.490e-03  -3.490e-03  -1.026e-04  9.706e+01
 3.163e-03   3.163e-03   1.776e-04  9.438e+01
========================================================================================

step: 13/15 res:0.22683709019935178, res/res0:0.018329724224282636  dq_norm: [0.00012561 0.00014504 0.00019187]

A info: before HHL prepare:
Spectral radius (A): 2.410e+01, lambda_min:4.164064319756359
condition number(A): 5.789e+00, norm2_cond:66.86746544522312
det(A): 1.035e+16
--------------------------------------------------------------------------------

A_hhl info: after scaling by spectral radius:
Spectral radius (A): 1.000e+00, lambda_min:0.17275282148862983
condition number(A): 5.789e+00, norm2_cond:66.86746544522298
det(A): 1.921e-05, nnz: 11 non zeros per row
--------------------------------------------------------------------------------

Size of A & B are not power of 2:
Next 2 power of 15 = 16
Value to be padded = 1
--------------------------------------------------

==================== Print (N)^2 padded matrix system =======================
Padded shape of A: (15, 15)x(15, 15) -> (16, 16)x(16, 16)
Padded shape of B: (15,) -> (16,)
Determinant of padded matrix: 1.920902575362628e-05
Condition # of padded matrix: 66.86746544522298


Matrix is not Hermitian. Making it Hermitian.......

==================== Print Hermitian matrix system info =======================
Shape of hermitian A: 16x16 -> 32x32
Shape of           B: 16 -> 32
Determinant of Hermitian matrix: 3.689866704034791e-10
Condition # of Hermitian matrix: 66.86746544522309

=================================== Generating HHL circuit ===================================
Time elapsed for generating HHL circuit: 4 min 38.38 sec

Generated circuit: num_qubits=14, gates=19, depth=5
============================== Generated Circuit saved ==============================

============================== Transpiling circuit ==============================
Time elapsed for transpiling the circuit:  0 min 47.53 sec
Transpiled circuit, num_qubits: 14, (original: 14)
Transpiled circuit depth: 689027 (original: 5)
Transpiled circuit gates: 689127 (original: 19)
============================== Transpiled Circuit saved ==============================
Time elapsed for running the circuit:  1 min 6.84 sec
total_qubits: 14, nq:5

Time elapsed for extracting shots-based hhl counts solution:  0 min 0.00 sec

[HHL info]: linear system residual (e=||Ax-b||_2): 0.20706408575513577
[HHL info]: Fidelity(true_sol, hhl_sol): 0.7039991695416923
[HHL info]: L2 error (absolute): 0.007868125191343908
[HHL info]: L2 error (relative): 0.9398130259289244
[HHL info]: L2 error (normalized): 0.5673683395212873

========================================================================================
 Compare system solutions using LU of A, LU sol of A_herm, HHL of Ax=b hermition system
LU sol 	    Herm LU sol    HHL sol    L1_diff(%)
 3.507e-04   3.507e-04   0.000e+00  1.000e+02
 1.657e-04   1.657e-04   0.000e+00  1.000e+02
-7.949e-04  -7.949e-04  -0.000e+00  1.000e+02
-4.417e-03  -4.417e-03  -3.044e-04  9.311e+01
-3.505e-04  -3.505e-04  -0.000e+00  1.000e+02
 8.927e-04   8.927e-04   0.000e+00  1.000e+02
 6.615e-04   6.615e-04   0.000e+00  1.000e+02
-1.156e-03  -1.156e-03  -0.000e+00  1.000e+02
 1.585e-03   1.585e-03   0.000e+00  1.000e+02
 3.440e-03   3.440e-03   3.044e-04  9.115e+01
-1.840e-03  -1.840e-03  -0.000e+00  1.000e+02
 2.890e-03   2.890e-03   2.153e-04  9.255e+01
 7.885e-04   7.885e-04   0.000e+00  1.000e+02
-3.388e-03  -3.388e-03  -3.728e-04  8.899e+01
 2.988e-03   2.988e-03   0.000e+00  1.000e+02
========================================================================================

step: 14/15 res:0.22111568372507034, res/res0:0.01786740211127881  dq_norm: [0.00043053 0.00037285 0.00021526]
Completed: 14 steps in 5223.63s
Saved metadata to /lustre/orion/ard189/proj-shared/nozzle_1d_results/nelem5/statevector/shots_10000/trial_6/metadata_nelem5_HHL_statevector_nshots10000.pkl

Solution summary:
  x/L: [0.1000, 0.9000]
  Mach: [1.5202, 2.1775]
  p/p_in: [0.9801, 0.3596]
  rho/rho_in: [0.9871, 0.4830]
Saved combined plot to /lustre/orion/ard189/proj-shared/nozzle_1d_results/nelem5/statevector/shots_10000/trial_6/solution_plot_nelem5_HHL_statevector_nshots10000.png
