
------------------------------------------------------------
Using ideal local simulator with 'statevector' method
Backend: aer_simulator_statevector
Shots: 5000
------------------------------------------------------------

A info: before HHL prepare:
Spectral radius (A): 9.808e+01, lambda_min:5.866129498146235
condition number(A): 1.672e+01, norm2_cond:401.8614855890083
det(A): 2.657e+93
--------------------------------------------------------------------------------

A_hhl info: after scaling by spectral radius:
Spectral radius (A): 1.000e+00, lambda_min:0.05980937346031271
condition number(A): 1.672e+01, norm2_cond:401.8614855890105
det(A): 8.499e-27, nnz: 12 non zeros per row
--------------------------------------------------------------------------------

Size of A & B are not power of 2:
Next 2 power of 60 = 64
Value to be padded = 4
--------------------------------------------------

==================== Print (N)^2 padded matrix system =======================
Padded shape of A: (60, 60)x(60, 60) -> (64, 64)x(64, 64)
Padded shape of B: (60,) -> (64,)
Determinant of padded matrix: 8.499054744892335e-27
Condition # of padded matrix: 401.8614855890105


Matrix is not Hermitian. Making it Hermitian.......

==================== Print Hermitian matrix system info =======================
Shape of hermitian A: 64x64 -> 128x128
Shape of           B: 64 -> 128
Determinant of Hermitian matrix: 7.223393155667588e-53
Condition # of Hermitian matrix: 401.86148558902164

=================================== Generating HHL circuit ===================================
Time elapsed for generating HHL circuit: 4 min 48.51 sec

Generated circuit: num_qubits=18, gates=23, depth=5
============================== Generated Circuit saved ==============================

============================== Transpiling circuit ==============================
This is using the AerSimulator('aer_simulator_statevector') transpiler.
Time elapsed for transpiling the circuit:  0 min 51.39 sec
Transpiled circuit, num_qubits: 18, (original: 18)
Transpiled circuit depth: 464201 (original: 5)
Transpiled circuit gates: 464353 (original: 23)
============================== Transpiled Circuit saved ==============================
Time elapsed for running the circuit:  2 min 34.32 sec
total_qubits: 18, nq:7

Time elapsed for extracting shots-based hhl counts solution:  0 min 0.00 sec

[HHL info]: linear system residual (e=||Ax-b||_2): 21.75070439881438
[HHL info]: Fidelity(true_sol, hhl_sol): 0.8338918328104662
[HHL info]: L2 error (absolute): 5.241677841146768
[HHL info]: L2 error (relative): 0.9690025832869287
[HHL info]: L2 error (normalized): 0.41670905749583587

========================================================================================
 Compare system solutions using LU of A, LU sol of A_herm, HHL of Ax=b hermition system
LU sol 	    Herm LU sol    HHL sol    L1_diff(%)
-2.338e-04  -2.338e-04  -0.000e+00  1.000e+02
-1.963e-04  -1.963e-04  -0.000e+00  1.000e+02
-6.159e-04  -6.159e-04  -0.000e+00  1.000e+02
-8.210e-04  -8.210e-04  -0.000e+00  1.000e+02
-7.266e-04  -7.266e-04  -0.000e+00  1.000e+02
-2.219e-03  -2.219e-03  -0.000e+00  1.000e+02
-1.793e-03  -1.793e-03  -0.000e+00  1.000e+02
-1.753e-03  -1.753e-03  -0.000e+00  1.000e+02
-5.094e-03  -5.094e-03  -0.000e+00  1.000e+02
-3.854e-03  -3.854e-03  -0.000e+00  1.000e+02
-3.983e-03  -3.983e-03  -0.000e+00  1.000e+02
-1.127e-02  -1.127e-02  -0.000e+00  1.000e+02
-9.906e-03  -9.906e-03  -0.000e+00  1.000e+02
-9.642e-03  -9.642e-03  -0.000e+00  1.000e+02
-2.806e-02  -2.806e-02  -0.000e+00  1.000e+02
-2.691e-02  -2.691e-02  -0.000e+00  1.000e+02
-2.384e-02  -2.384e-02  -0.000e+00  1.000e+02
-7.270e-02  -7.270e-02  -0.000e+00  1.000e+02
-6.552e-02  -6.552e-02  -0.000e+00  1.000e+02
-5.523e-02  -5.523e-02  -0.000e+00  1.000e+02
-1.723e-01  -1.723e-01  -0.000e+00  1.000e+02
-1.346e-01  -1.346e-01  -1.998e-02  8.515e+01
-1.143e-01  -1.143e-01  -0.000e+00  1.000e+02
-3.520e-01  -3.520e-01  -1.998e-02  9.432e+01
-2.317e-01  -2.317e-01  -1.998e-02  9.138e+01
-2.062e-01  -2.062e-01  -0.000e+00  1.000e+02
-6.108e-01  -6.108e-01  -1.998e-02  9.673e+01
-3.379e-01  -3.379e-01  -1.998e-02  9.409e+01
-3.187e-01  -3.187e-01  -0.000e+00  1.000e+02
-9.014e-01  -9.014e-01  -1.998e-02  9.778e+01
-4.286e-01  -4.286e-01  -0.000e+00  1.000e+02
-4.234e-01  -4.234e-01  -0.000e+00  1.000e+02
-1.154e+00  -1.154e+00  -3.996e-02  9.654e+01
-4.911e-01  -4.911e-01  -1.998e-02  9.593e+01
-4.997e-01  -4.997e-01  -2.826e-02  9.435e+01
-1.329e+00  -1.329e+00  -5.286e-02  9.602e+01
-5.282e-01  -5.282e-01  -2.826e-02  9.465e+01
-5.462e-01  -5.462e-01  -2.826e-02  9.483e+01
-1.433e+00  -1.433e+00  -4.468e-02  9.688e+01
-5.481e-01  -5.481e-01  -1.998e-02  9.635e+01
-5.715e-01  -5.715e-01  -1.998e-02  9.650e+01
-1.489e+00  -1.489e+00  -5.651e-02  9.620e+01
-5.581e-01  -5.581e-01  -0.000e+00  1.000e+02
-5.842e-01  -5.842e-01  -0.000e+00  1.000e+02
-1.517e+00  -1.517e+00  -3.996e-02  9.737e+01
-5.629e-01  -5.629e-01  -0.000e+00  1.000e+02
-5.904e-01  -5.904e-01  -3.996e-02  9.323e+01
-1.530e+00  -1.530e+00  -5.286e-02  9.655e+01
-5.652e-01  -5.652e-01  -0.000e+00  1.000e+02
-5.933e-01  -5.933e-01  -0.000e+00  1.000e+02
-1.536e+00  -1.536e+00  -5.286e-02  9.656e+01
-5.662e-01  -5.662e-01  -0.000e+00  1.000e+02
-5.946e-01  -5.946e-01  -0.000e+00  1.000e+02
-1.539e+00  -1.539e+00  -5.286e-02  9.657e+01
-5.667e-01  -5.667e-01  -0.000e+00  1.000e+02
-5.952e-01  -5.952e-01  -0.000e+00  1.000e+02
-1.541e+00  -1.541e+00  -4.894e-02  9.682e+01
-5.670e-01  -5.670e-01  -2.826e-02  9.502e+01
-5.955e-01  -5.955e-01  -2.826e-02  9.526e+01
-1.541e+00  -1.541e+00  -5.286e-02  9.657e+01
========================================================================================

step: 0/15 res:22.437797065296795, res/res0:1.0  dq_norm: [0.05994021 0.06626639 0.16108447]

A info: before HHL prepare:
Spectral radius (A): 9.833e+01, lambda_min:5.967759937661093
condition number(A): 1.648e+01, norm2_cond:397.960114328917
det(A): 3.250e+93
--------------------------------------------------------------------------------

A_hhl info: after scaling by spectral radius:
Spectral radius (A): 1.000e+00, lambda_min:0.06068980404240191
condition number(A): 1.648e+01, norm2_cond:397.96011432891737
det(A): 8.915e-27, nnz: 24 non zeros per row
--------------------------------------------------------------------------------

Size of A & B are not power of 2:
Next 2 power of 60 = 64
Value to be padded = 4
--------------------------------------------------

==================== Print (N)^2 padded matrix system =======================
Padded shape of A: (60, 60)x(60, 60) -> (64, 64)x(64, 64)
Padded shape of B: (60,) -> (64,)
Determinant of padded matrix: 8.915084884124893e-27
Condition # of padded matrix: 397.96011432891737


Matrix is not Hermitian. Making it Hermitian.......

==================== Print Hermitian matrix system info =======================
Shape of hermitian A: 64x64 -> 128x128
Shape of           B: 64 -> 128
Determinant of Hermitian matrix: 7.947873849115215e-53
Condition # of Hermitian matrix: 397.96011432892016

=================================== Generating HHL circuit ===================================
Time elapsed for generating HHL circuit: 4 min 56.71 sec

Generated circuit: num_qubits=18, gates=23, depth=5
============================== Generated Circuit saved ==============================

============================== Transpiling circuit ==============================
This is using the AerSimulator('aer_simulator_statevector') transpiler.
Time elapsed for transpiling the circuit:  0 min 46.69 sec
Transpiled circuit, num_qubits: 18, (original: 18)
Transpiled circuit depth: 464202 (original: 5)
Transpiled circuit gates: 464354 (original: 23)
============================== Transpiled Circuit saved ==============================
Time elapsed for running the circuit:  2 min 32.06 sec
total_qubits: 18, nq:7

Time elapsed for extracting shots-based hhl counts solution:  0 min 0.00 sec

[HHL info]: linear system residual (e=||Ax-b||_2): 21.644741714743684
[HHL info]: Fidelity(true_sol, hhl_sol): 0.8260170129806813
[HHL info]: L2 error (absolute): 5.188874727996282
[HHL info]: L2 error (relative): 0.9926378080036057
[HHL info]: L2 error (normalized): 0.4269548430015172

========================================================================================
 Compare system solutions using LU of A, LU sol of A_herm, HHL of Ax=b hermition system
LU sol 	    Herm LU sol    HHL sol    L1_diff(%)
-2.101e-04  -2.101e-04  -0.000e+00  1.000e+02
-1.843e-04  -1.843e-04  -0.000e+00  1.000e+02
-5.655e-04  -5.655e-04  -0.000e+00  1.000e+02
-7.447e-04  -7.447e-04  -0.000e+00  1.000e+02
-6.877e-04  -6.877e-04  -0.000e+00  1.000e+02
-2.057e-03  -2.057e-03  -0.000e+00  1.000e+02
-1.742e-03  -1.742e-03  -0.000e+00  1.000e+02
-1.728e-03  -1.728e-03  -0.000e+00  1.000e+02
-4.986e-03  -4.986e-03  -0.000e+00  1.000e+02
-4.096e-03  -4.096e-03  -0.000e+00  1.000e+02
-4.110e-03  -4.110e-03  -0.000e+00  1.000e+02
-1.177e-02  -1.177e-02  -0.000e+00  1.000e+02
-1.065e-02  -1.065e-02  -0.000e+00  1.000e+02
-1.001e-02  -1.001e-02  -0.000e+00  1.000e+02
-2.967e-02  -2.967e-02  -0.000e+00  1.000e+02
-2.743e-02  -2.743e-02  -0.000e+00  1.000e+02
-2.395e-02  -2.395e-02  -0.000e+00  1.000e+02
-7.387e-02  -7.387e-02  -0.000e+00  1.000e+02
-6.390e-02  -6.390e-02  -0.000e+00  1.000e+02
-5.461e-02  -5.461e-02  -0.000e+00  1.000e+02
-1.687e-01  -1.687e-01  -0.000e+00  1.000e+02
-1.097e-01  -1.097e-01  -0.000e+00  1.000e+02
-1.135e-01  -1.135e-01  -0.000e+00  1.000e+02
-3.213e-01  -3.213e-01  -4.624e-03  9.856e+01
-2.056e-01  -2.056e-01  -4.624e-03  9.775e+01
-2.065e-01  -2.065e-01  -0.000e+00  1.000e+02
-5.782e-01  -5.782e-01  -0.000e+00  1.000e+02
-3.141e-01  -3.141e-01  -4.624e-03  9.853e+01
-3.201e-01  -3.201e-01  -0.000e+00  1.000e+02
-8.725e-01  -8.725e-01  -0.000e+00  1.000e+02
-4.280e-01  -4.280e-01  -4.624e-03  9.892e+01
-4.234e-01  -4.234e-01  -0.000e+00  1.000e+02
-1.107e+00  -1.107e+00  -6.539e-03  9.941e+01
-4.679e-01  -4.679e-01  -0.000e+00  1.000e+02
-4.697e-01  -4.697e-01  -6.539e-03  9.861e+01
-1.271e+00  -1.271e+00  -1.387e-02  9.891e+01
-4.951e-01  -4.951e-01  -4.624e-03  9.907e+01
-5.175e-01  -5.175e-01  -6.539e-03  9.874e+01
-1.381e+00  -1.381e+00  -1.308e-02  9.905e+01
-5.286e-01  -5.286e-01  -8.009e-03  9.849e+01
-5.542e-01  -5.542e-01  -4.624e-03  9.917e+01
-1.430e+00  -1.430e+00  -1.133e-02  9.921e+01
-5.663e-01  -5.663e-01  -0.000e+00  1.000e+02
-5.859e-01  -5.859e-01  -6.539e-03  9.888e+01
-1.491e+00  -1.491e+00  -1.223e-02  9.918e+01
-5.684e-01  -5.684e-01  -4.624e-03  9.919e+01
-5.465e-01  -5.465e-01  -0.000e+00  1.000e+02
-1.485e+00  -1.485e+00  -1.308e-02  9.912e+01
-5.651e-01  -5.651e-01  -4.624e-03  9.918e+01
-5.940e-01  -5.940e-01  -0.000e+00  1.000e+02
-1.475e+00  -1.475e+00  -1.133e-02  9.923e+01
-5.647e-01  -5.647e-01  -6.539e-03  9.884e+01
-5.946e-01  -5.946e-01  -4.624e-03  9.922e+01
-1.473e+00  -1.473e+00  -9.248e-03  9.937e+01
-5.648e-01  -5.648e-01  -0.000e+00  1.000e+02
-5.955e-01  -5.955e-01  -4.624e-03  9.922e+01
-1.481e+00  -1.481e+00  -8.009e-03  9.946e+01
-5.350e-01  -5.350e-01  -0.000e+00  1.000e+02
-5.673e-01  -5.673e-01  -8.009e-03  9.859e+01
-1.483e+00  -1.483e+00  -1.223e-02  9.918e+01
========================================================================================

step: 1/15 res:21.742675543452524, res/res0:0.9690200637869493  dq_norm: [0.01533527 0.01601716 0.0361127 ]

A info: before HHL prepare:
Spectral radius (A): 9.840e+01, lambda_min:6.001484730461078
condition number(A): 1.640e+01, norm2_cond:397.95974614751
det(A): 3.339e+93
--------------------------------------------------------------------------------

A_hhl info: after scaling by spectral radius:
Spectral radius (A): 1.000e+00, lambda_min:0.06098864063922173
condition number(A): 1.640e+01, norm2_cond:397.9597461475179
det(A): 8.772e-27, nnz: 20 non zeros per row
--------------------------------------------------------------------------------

Size of A & B are not power of 2:
Next 2 power of 60 = 64
Value to be padded = 4
--------------------------------------------------

==================== Print (N)^2 padded matrix system =======================
Padded shape of A: (60, 60)x(60, 60) -> (64, 64)x(64, 64)
Padded shape of B: (60,) -> (64,)
Determinant of padded matrix: 8.771592899590317e-27
Condition # of padded matrix: 397.9597461475179


Matrix is not Hermitian. Making it Hermitian.......

==================== Print Hermitian matrix system info =======================
Shape of hermitian A: 64x64 -> 128x128
Shape of           B: 64 -> 128
Determinant of Hermitian matrix: 7.694084199614544e-53
Condition # of Hermitian matrix: 397.95974614751515

=================================== Generating HHL circuit ===================================
Time elapsed for generating HHL circuit: 5 min 5.39 sec

Generated circuit: num_qubits=18, gates=23, depth=5
============================== Generated Circuit saved ==============================

============================== Transpiling circuit ==============================
This is using the AerSimulator('aer_simulator_statevector') transpiler.
Time elapsed for transpiling the circuit:  0 min 48.68 sec
Transpiled circuit, num_qubits: 18, (original: 18)
Transpiled circuit depth: 464202 (original: 5)
Transpiled circuit gates: 464354 (original: 23)
============================== Transpiled Circuit saved ==============================
Time elapsed for running the circuit:  2 min 29.11 sec
total_qubits: 18, nq:7

Time elapsed for extracting shots-based hhl counts solution:  0 min 0.00 sec

[HHL info]: linear system residual (e=||Ax-b||_2): 21.645735646344487
[HHL info]: Fidelity(true_sol, hhl_sol): 0.8319995628335265
[HHL info]: L2 error (absolute): 5.183613098303345
[HHL info]: L2 error (relative): 0.999590649665606
[HHL info]: L2 error (normalized): 0.41918945492082504

========================================================================================
 Compare system solutions using LU of A, LU sol of A_herm, HHL of Ax=b hermition system
LU sol 	    Herm LU sol    HHL sol    L1_diff(%)
-2.081e-04  -2.081e-04  -0.000e+00  1.000e+02
-1.834e-04  -1.834e-04  -0.000e+00  1.000e+02
-5.614e-04  -5.614e-04  -0.000e+00  1.000e+02
-7.326e-04  -7.326e-04  -0.000e+00  1.000e+02
-6.818e-04  -6.818e-04  -0.000e+00  1.000e+02
-2.032e-03  -2.032e-03  -0.000e+00  1.000e+02
-1.717e-03  -1.717e-03  -0.000e+00  1.000e+02
-1.715e-03  -1.715e-03  -0.000e+00  1.000e+02
-4.933e-03  -4.933e-03  -0.000e+00  1.000e+02
-4.086e-03  -4.086e-03  -0.000e+00  1.000e+02
-4.106e-03  -4.106e-03  -0.000e+00  1.000e+02
-1.175e-02  -1.175e-02  -0.000e+00  1.000e+02
-1.073e-02  -1.073e-02  -0.000e+00  1.000e+02
-1.005e-02  -1.005e-02  -0.000e+00  1.000e+02
-2.983e-02  -2.983e-02  -0.000e+00  1.000e+02
-2.762e-02  -2.762e-02  -0.000e+00  1.000e+02
-2.404e-02  -2.404e-02  -0.000e+00  1.000e+02
-7.429e-02  -7.429e-02  -0.000e+00  1.000e+02
-6.399e-02  -6.399e-02  -0.000e+00  1.000e+02
-5.464e-02  -5.464e-02  -0.000e+00  1.000e+02
-1.689e-01  -1.689e-01  -0.000e+00  1.000e+02
-1.091e-01  -1.091e-01  -0.000e+00  1.000e+02
-1.133e-01  -1.133e-01  -0.000e+00  1.000e+02
-3.153e-01  -3.153e-01  -2.652e-04  9.992e+01
-1.994e-01  -1.994e-01  -0.000e+00  1.000e+02
-2.062e-01  -2.062e-01  -0.000e+00  1.000e+02
-5.753e-01  -5.753e-01  -0.000e+00  1.000e+02
-3.082e-01  -3.082e-01  -0.000e+00  1.000e+02
-3.205e-01  -3.205e-01  -3.751e-04  9.988e+01
-8.702e-01  -8.702e-01  -4.594e-04  9.995e+01
-4.234e-01  -4.234e-01  -2.652e-04  9.994e+01
-4.239e-01  -4.239e-01  -2.652e-04  9.994e+01
-1.101e+00  -1.101e+00  -3.751e-04  9.997e+01
-4.684e-01  -4.684e-01  -0.000e+00  1.000e+02
-4.624e-01  -4.624e-01  -0.000e+00  1.000e+02
-1.257e+00  -1.257e+00  -8.387e-04  9.993e+01
-4.904e-01  -4.904e-01  -5.305e-04  9.989e+01
-5.115e-01  -5.115e-01  -0.000e+00  1.000e+02
-1.368e+00  -1.368e+00  -5.931e-04  9.996e+01
-5.205e-01  -5.205e-01  -2.652e-04  9.995e+01
-5.498e-01  -5.498e-01  -0.000e+00  1.000e+02
-1.419e+00  -1.419e+00  -6.497e-04  9.995e+01
-5.650e-01  -5.650e-01  -2.652e-04  9.995e+01
-5.782e-01  -5.782e-01  -2.652e-04  9.995e+01
-1.474e+00  -1.474e+00  -3.751e-04  9.997e+01
-5.603e-01  -5.603e-01  -2.652e-04  9.995e+01
-5.465e-01  -5.465e-01  -3.751e-04  9.993e+01
-1.463e+00  -1.463e+00  -3.751e-04  9.997e+01
-5.579e-01  -5.579e-01  -2.652e-04  9.995e+01
-5.944e-01  -5.944e-01  -2.652e-04  9.996e+01
-1.458e+00  -1.458e+00  -4.594e-04  9.997e+01
-5.577e-01  -5.577e-01  -2.652e-04  9.995e+01
-5.903e-01  -5.903e-01  -0.000e+00  1.000e+02
-1.463e+00  -1.463e+00  -5.931e-04  9.996e+01
-5.671e-01  -5.671e-01  -2.652e-04  9.995e+01
-5.911e-01  -5.911e-01  -2.652e-04  9.996e+01
-1.477e+00  -1.477e+00  -9.188e-04  9.994e+01
-5.385e-01  -5.385e-01  -2.652e-04  9.995e+01
-5.593e-01  -5.593e-01  -2.652e-04  9.995e+01
-1.478e+00  -1.478e+00  -5.931e-04  9.996e+01
========================================================================================

step: 2/15 res:21.64588589682088, res/res0:0.9647063762021131  dq_norm: [0.00091877 0.00079568 0.00198477]

A info: before HHL prepare:
Spectral radius (A): 9.840e+01, lambda_min:6.002374734393341
condition number(A): 1.639e+01, norm2_cond:397.8929981896104
det(A): 3.353e+93
--------------------------------------------------------------------------------

A_hhl info: after scaling by spectral radius:
Spectral radius (A): 1.000e+00, lambda_min:0.060996983380107984
condition number(A): 1.639e+01, norm2_cond:397.89299818961
det(A): 8.801e-27, nnz: 14 non zeros per row
--------------------------------------------------------------------------------

Size of A & B are not power of 2:
Next 2 power of 60 = 64
Value to be padded = 4
--------------------------------------------------

==================== Print (N)^2 padded matrix system =======================
Padded shape of A: (60, 60)x(60, 60) -> (64, 64)x(64, 64)
Padded shape of B: (60,) -> (64,)
Determinant of padded matrix: 8.801447585375368e-27
Condition # of padded matrix: 397.89299818961


Matrix is not Hermitian. Making it Hermitian.......

==================== Print Hermitian matrix system info =======================
Shape of hermitian A: 64x64 -> 128x128
Shape of           B: 64 -> 128
Determinant of Hermitian matrix: 7.746547959810881e-53
Condition # of Hermitian matrix: 397.89299818960865

=================================== Generating HHL circuit ===================================
Time elapsed for generating HHL circuit: 5 min 0.97 sec

Generated circuit: num_qubits=18, gates=23, depth=5
============================== Generated Circuit saved ==============================

============================== Transpiling circuit ==============================
This is using the AerSimulator('aer_simulator_statevector') transpiler.
Time elapsed for transpiling the circuit:  0 min 51.39 sec
Transpiled circuit, num_qubits: 18, (original: 18)
Transpiled circuit depth: 464200 (original: 5)
Transpiled circuit gates: 464352 (original: 23)
============================== Transpiled Circuit saved ==============================
Time elapsed for running the circuit:  2 min 33.49 sec
total_qubits: 18, nq:7

Time elapsed for extracting shots-based hhl counts solution:  0 min 0.00 sec

[HHL info]: linear system residual (e=||Ax-b||_2): 21.484550402105366
[HHL info]: Fidelity(true_sol, hhl_sol): 0.8384683543301642
[HHL info]: L2 error (absolute): 5.1337981801545896
[HHL info]: L2 error (relative): 0.9904833462557707
[HHL info]: L2 error (normalized): 0.41066001380769596

========================================================================================
 Compare system solutions using LU of A, LU sol of A_herm, HHL of Ax=b hermition system
LU sol 	    Herm LU sol    HHL sol    L1_diff(%)
-2.082e-04  -2.082e-04  -0.000e+00  1.000e+02
-1.834e-04  -1.834e-04  -0.000e+00  1.000e+02
-5.615e-04  -5.615e-04  -0.000e+00  1.000e+02
-7.330e-04  -7.330e-04  -0.000e+00  1.000e+02
-6.819e-04  -6.819e-04  -0.000e+00  1.000e+02
-2.032e-03  -2.032e-03  -0.000e+00  1.000e+02
-1.718e-03  -1.718e-03  -0.000e+00  1.000e+02
-1.716e-03  -1.716e-03  -0.000e+00  1.000e+02
-4.935e-03  -4.935e-03  -0.000e+00  1.000e+02
-4.087e-03  -4.087e-03  -0.000e+00  1.000e+02
-4.107e-03  -4.107e-03  -0.000e+00  1.000e+02
-1.175e-02  -1.175e-02  -0.000e+00  1.000e+02
-1.073e-02  -1.073e-02  -0.000e+00  1.000e+02
-1.005e-02  -1.005e-02  -0.000e+00  1.000e+02
-2.983e-02  -2.983e-02  -0.000e+00  1.000e+02
-2.761e-02  -2.761e-02  -0.000e+00  1.000e+02
-2.404e-02  -2.404e-02  -0.000e+00  1.000e+02
-7.428e-02  -7.428e-02  -0.000e+00  1.000e+02
-6.398e-02  -6.398e-02  -0.000e+00  1.000e+02
-5.464e-02  -5.464e-02  -0.000e+00  1.000e+02
-1.689e-01  -1.689e-01  -0.000e+00  1.000e+02
-1.091e-01  -1.091e-01  -0.000e+00  1.000e+02
-1.133e-01  -1.133e-01  -0.000e+00  1.000e+02
-3.150e-01  -3.150e-01  -0.000e+00  1.000e+02
-1.995e-01  -1.995e-01  -0.000e+00  1.000e+02
-2.062e-01  -2.062e-01  -0.000e+00  1.000e+02
-5.754e-01  -5.754e-01  -6.028e-03  9.895e+01
-3.082e-01  -3.082e-01  -0.000e+00  1.000e+02
-3.201e-01  -3.201e-01  -6.028e-03  9.812e+01
-8.699e-01  -8.699e-01  -1.206e-02  9.861e+01
-4.230e-01  -4.230e-01  -8.525e-03  9.798e+01
-4.236e-01  -4.236e-01  -0.000e+00  1.000e+02
-1.100e+00  -1.100e+00  -1.206e-02  9.890e+01
-4.682e-01  -4.682e-01  -6.028e-03  9.871e+01
-4.623e-01  -4.623e-01  -6.028e-03  9.870e+01
-1.255e+00  -1.255e+00  -1.348e-02  9.893e+01
-4.897e-01  -4.897e-01  -0.000e+00  1.000e+02
-5.115e-01  -5.115e-01  -8.525e-03  9.833e+01
-1.367e+00  -1.367e+00  -1.348e-02  9.901e+01
-5.202e-01  -5.202e-01  -0.000e+00  1.000e+02
-5.498e-01  -5.498e-01  -0.000e+00  1.000e+02
-1.419e+00  -1.419e+00  -1.595e-02  9.888e+01
-5.647e-01  -5.647e-01  -1.044e-02  9.815e+01
-5.780e-01  -5.780e-01  -0.000e+00  1.000e+02
-1.474e+00  -1.474e+00  -1.348e-02  9.909e+01
-5.601e-01  -5.601e-01  -1.044e-02  9.814e+01
-5.461e-01  -5.461e-01  -6.028e-03  9.890e+01
-1.463e+00  -1.463e+00  -1.705e-02  9.883e+01
-5.575e-01  -5.575e-01  -6.028e-03  9.892e+01
-5.941e-01  -5.941e-01  -6.028e-03  9.899e+01
-1.457e+00  -1.457e+00  -8.525e-03  9.941e+01
-5.574e-01  -5.574e-01  -1.044e-02  9.813e+01
-5.904e-01  -5.904e-01  -1.044e-02  9.823e+01
-1.463e+00  -1.463e+00  -1.044e-02  9.929e+01
-5.668e-01  -5.668e-01  -0.000e+00  1.000e+02
-5.908e-01  -5.908e-01  -0.000e+00  1.000e+02
-1.476e+00  -1.476e+00  -1.808e-02  9.877e+01
-5.382e-01  -5.382e-01  -6.028e-03  9.888e+01
-5.591e-01  -5.591e-01  -6.028e-03  9.892e+01
-1.477e+00  -1.477e+00  -1.044e-02  9.929e+01
========================================================================================

step: 3/15 res:21.645739020001756, res/res0:0.9646998302467015  dq_norm: [0.02255558 0.01906295 0.04511117]

A info: before HHL prepare:
Spectral radius (A): 9.841e+01, lambda_min:6.036912591955817
condition number(A): 1.630e+01, norm2_cond:396.1414343551141
det(A): 3.630e+93
--------------------------------------------------------------------------------

A_hhl info: after scaling by spectral radius:
Spectral radius (A): 1.000e+00, lambda_min:0.06134263650103607
condition number(A): 1.630e+01, norm2_cond:396.1414343551187
det(A): 9.480e-27, nnz: 14 non zeros per row
--------------------------------------------------------------------------------

Size of A & B are not power of 2:
Next 2 power of 60 = 64
Value to be padded = 4
--------------------------------------------------

==================== Print (N)^2 padded matrix system =======================
Padded shape of A: (60, 60)x(60, 60) -> (64, 64)x(64, 64)
Padded shape of B: (60,) -> (64,)
Determinant of padded matrix: 9.479721682764267e-27
Condition # of padded matrix: 396.1414343551187


Matrix is not Hermitian. Making it Hermitian.......

==================== Print Hermitian matrix system info =======================
Shape of hermitian A: 64x64 -> 128x128
Shape of           B: 64 -> 128
Determinant of Hermitian matrix: 8.986512318266843e-53
Condition # of Hermitian matrix: 396.14143435512153

=================================== Generating HHL circuit ===================================
Time elapsed for generating HHL circuit: 5 min 5.96 sec

Generated circuit: num_qubits=18, gates=23, depth=5
============================== Generated Circuit saved ==============================

============================== Transpiling circuit ==============================
This is using the AerSimulator('aer_simulator_statevector') transpiler.
Time elapsed for transpiling the circuit:  0 min 51.32 sec
Transpiled circuit, num_qubits: 18, (original: 18)
Transpiled circuit depth: 464197 (original: 5)
Transpiled circuit gates: 464349 (original: 23)
============================== Transpiled Circuit saved ==============================
Time elapsed for running the circuit:  2 min 28.86 sec
total_qubits: 18, nq:7

Time elapsed for extracting shots-based hhl counts solution:  0 min 0.00 sec

[HHL info]: linear system residual (e=||Ax-b||_2): 20.94294149603934
[HHL info]: Fidelity(true_sol, hhl_sol): 0.8383625103760909
[HHL info]: L2 error (absolute): 5.0402958307683
[HHL info]: L2 error (relative): 0.9838479445436402
[HHL info]: L2 error (normalized): 0.4108007317931563

========================================================================================
 Compare system solutions using LU of A, LU sol of A_herm, HHL of Ax=b hermition system
LU sol 	    Herm LU sol    HHL sol    L1_diff(%)
-2.093e-04  -2.093e-04  -0.000e+00  1.000e+02
-1.840e-04  -1.840e-04  -0.000e+00  1.000e+02
-5.639e-04  -5.639e-04  -0.000e+00  1.000e+02
-7.357e-04  -7.357e-04  -0.000e+00  1.000e+02
-6.832e-04  -6.832e-04  -0.000e+00  1.000e+02
-2.038e-03  -2.038e-03  -0.000e+00  1.000e+02
-1.718e-03  -1.718e-03  -0.000e+00  1.000e+02
-1.716e-03  -1.716e-03  -0.000e+00  1.000e+02
-4.934e-03  -4.934e-03  -0.000e+00  1.000e+02
-4.073e-03  -4.073e-03  -0.000e+00  1.000e+02
-4.099e-03  -4.099e-03  -0.000e+00  1.000e+02
-1.172e-02  -1.172e-02  -0.000e+00  1.000e+02
-1.069e-02  -1.069e-02  -0.000e+00  1.000e+02
-1.004e-02  -1.004e-02  -0.000e+00  1.000e+02
-2.976e-02  -2.976e-02  -0.000e+00  1.000e+02
-2.760e-02  -2.760e-02  -0.000e+00  1.000e+02
-2.403e-02  -2.403e-02  -0.000e+00  1.000e+02
-7.425e-02  -7.425e-02  -0.000e+00  1.000e+02
-6.410e-02  -6.410e-02  -0.000e+00  1.000e+02
-5.471e-02  -5.471e-02  -0.000e+00  1.000e+02
-1.691e-01  -1.691e-01  -0.000e+00  1.000e+02
-1.095e-01  -1.095e-01  -0.000e+00  1.000e+02
-1.136e-01  -1.136e-01  -0.000e+00  1.000e+02
-3.158e-01  -3.158e-01  -0.000e+00  1.000e+02
-1.994e-01  -1.994e-01  -0.000e+00  1.000e+02
-2.058e-01  -2.058e-01  -0.000e+00  1.000e+02
-5.690e-01  -5.690e-01  -0.000e+00  1.000e+02
-3.068e-01  -3.068e-01  -0.000e+00  1.000e+02
-3.133e-01  -3.133e-01  -1.059e-02  9.662e+01
-8.537e-01  -8.537e-01  -1.835e-02  9.785e+01
-4.135e-01  -4.135e-01  -0.000e+00  1.000e+02
-4.251e-01  -4.251e-01  -1.498e-02  9.648e+01
-1.086e+00  -1.086e+00  -1.835e-02  9.831e+01
-4.635e-01  -4.635e-01  -1.498e-02  9.677e+01
-4.567e-01  -4.567e-01  -0.000e+00  1.000e+02
-1.245e+00  -1.245e+00  -2.119e-02  9.830e+01
-4.897e-01  -4.897e-01  -0.000e+00  1.000e+02
-5.015e-01  -5.015e-01  -1.498e-02  9.701e+01
-1.353e+00  -1.353e+00  -2.803e-02  9.793e+01
-5.168e-01  -5.168e-01  -1.059e-02  9.795e+01
-5.492e-01  -5.492e-01  -1.059e-02  9.807e+01
-1.393e+00  -1.393e+00  -2.369e-02  9.830e+01
-5.500e-01  -5.500e-01  -0.000e+00  1.000e+02
-5.789e-01  -5.789e-01  -1.498e-02  9.741e+01
-1.452e+00  -1.452e+00  -2.803e-02  9.807e+01
-5.471e-01  -5.471e-01  -0.000e+00  1.000e+02
-5.402e-01  -5.402e-01  -0.000e+00  1.000e+02
-1.441e+00  -1.441e+00  -2.803e-02  9.805e+01
-5.502e-01  -5.502e-01  -1.498e-02  9.728e+01
-5.880e-01  -5.880e-01  -0.000e+00  1.000e+02
-1.447e+00  -1.447e+00  -2.119e-02  9.854e+01
-5.454e-01  -5.454e-01  -0.000e+00  1.000e+02
-5.796e-01  -5.796e-01  -1.059e-02  9.817e+01
-1.450e+00  -1.450e+00  -2.803e-02  9.807e+01
-5.662e-01  -5.662e-01  -1.059e-02  9.813e+01
-5.910e-01  -5.910e-01  -0.000e+00  1.000e+02
-1.454e+00  -1.454e+00  -2.369e-02  9.837e+01
-5.315e-01  -5.315e-01  -1.059e-02  9.801e+01
-5.530e-01  -5.530e-01  -0.000e+00  1.000e+02
-1.466e+00  -1.466e+00  -2.369e-02  9.838e+01
========================================================================================

step: 4/15 res:21.48675265622047, res/res0:0.957614180825833  dq_norm: [0.02802957 0.03178255 0.07998433]

A info: before HHL prepare:
Spectral radius (A): 9.832e+01, lambda_min:6.0756271985220875
condition number(A): 1.618e+01, norm2_cond:391.06545508796864
det(A): 3.916e+93
--------------------------------------------------------------------------------

A_hhl info: after scaling by spectral radius:
Spectral radius (A): 1.000e+00, lambda_min:0.06179497277307243
condition number(A): 1.618e+01, norm2_cond:391.06545508796313
det(A): 1.083e-26, nnz: 14 non zeros per row
--------------------------------------------------------------------------------

Size of A & B are not power of 2:
Next 2 power of 60 = 64
Value to be padded = 4
--------------------------------------------------

==================== Print (N)^2 padded matrix system =======================
Padded shape of A: (60, 60)x(60, 60) -> (64, 64)x(64, 64)
Padded shape of B: (60,) -> (64,)
Determinant of padded matrix: 1.0827884892967679e-26
Condition # of padded matrix: 391.06545508796313


Matrix is not Hermitian. Making it Hermitian.......

==================== Print Hermitian matrix system info =======================
Shape of hermitian A: 64x64 -> 128x128
Shape of           B: 64 -> 128
Determinant of Hermitian matrix: 1.1724309125536435e-52
Condition # of Hermitian matrix: 391.065455087964

=================================== Generating HHL circuit ===================================
Time elapsed for generating HHL circuit: 5 min 2.85 sec

Generated circuit: num_qubits=18, gates=23, depth=5
============================== Generated Circuit saved ==============================

============================== Transpiling circuit ==============================
This is using the AerSimulator('aer_simulator_statevector') transpiler.
Time elapsed for transpiling the circuit:  0 min 52.50 sec
Transpiled circuit, num_qubits: 18, (original: 18)
Transpiled circuit depth: 464203 (original: 5)
Transpiled circuit gates: 464355 (original: 23)
============================== Transpiled Circuit saved ==============================
Time elapsed for running the circuit:  2 min 31.05 sec
total_qubits: 18, nq:7

Time elapsed for extracting shots-based hhl counts solution:  0 min 0.00 sec

[HHL info]: linear system residual (e=||Ax-b||_2): 20.59136655140986
[HHL info]: Fidelity(true_sol, hhl_sol): 0.8733121645275062
[HHL info]: L2 error (absolute): 4.922910623630486
[HHL info]: L2 error (relative): 0.980192001118532
[HHL info]: L2 error (normalized): 0.36190682448578854

========================================================================================
 Compare system solutions using LU of A, LU sol of A_herm, HHL of Ax=b hermition system
LU sol 	    Herm LU sol    HHL sol    L1_diff(%)
-2.093e-04  -2.093e-04  -0.000e+00  1.000e+02
-1.840e-04  -1.840e-04  -0.000e+00  1.000e+02
-5.638e-04  -5.638e-04  -0.000e+00  1.000e+02
-7.443e-04  -7.443e-04  -0.000e+00  1.000e+02
-6.875e-04  -6.875e-04  -0.000e+00  1.000e+02
-2.057e-03  -2.057e-03  -0.000e+00  1.000e+02
-1.748e-03  -1.748e-03  -0.000e+00  1.000e+02
-1.731e-03  -1.731e-03  -0.000e+00  1.000e+02
-4.999e-03  -4.999e-03  -0.000e+00  1.000e+02
-4.115e-03  -4.115e-03  -0.000e+00  1.000e+02
-4.121e-03  -4.121e-03  -0.000e+00  1.000e+02
-1.181e-02  -1.181e-02  -0.000e+00  1.000e+02
-1.067e-02  -1.067e-02  -0.000e+00  1.000e+02
-1.002e-02  -1.002e-02  -0.000e+00  1.000e+02
-2.970e-02  -2.970e-02  -0.000e+00  1.000e+02
-2.737e-02  -2.737e-02  -0.000e+00  1.000e+02
-2.390e-02  -2.390e-02  -0.000e+00  1.000e+02
-7.377e-02  -7.377e-02  -0.000e+00  1.000e+02
-6.375e-02  -6.375e-02  -0.000e+00  1.000e+02
-5.452e-02  -5.452e-02  -0.000e+00  1.000e+02
-1.684e-01  -1.684e-01  -1.045e-02  9.379e+01
-1.098e-01  -1.098e-01  -0.000e+00  1.000e+02
-1.139e-01  -1.139e-01  -0.000e+00  1.000e+02
-3.164e-01  -3.164e-01  -1.478e-02  9.533e+01
-2.014e-01  -2.014e-01  -0.000e+00  1.000e+02
-2.069e-01  -2.069e-01  -0.000e+00  1.000e+02
-5.735e-01  -5.735e-01  -1.478e-02  9.742e+01
-3.082e-01  -3.082e-01  -0.000e+00  1.000e+02
-3.012e-01  -3.012e-01  -0.000e+00  1.000e+02
-8.379e-01  -8.379e-01  -1.811e-02  9.784e+01
-4.123e-01  -4.123e-01  -1.478e-02  9.641e+01
-4.094e-01  -4.094e-01  -1.045e-02  9.745e+01
-1.064e+00  -1.064e+00  -2.957e-02  9.722e+01
-4.473e-01  -4.473e-01  -0.000e+00  1.000e+02
-4.584e-01  -4.584e-01  -0.000e+00  1.000e+02
-1.222e+00  -1.222e+00  -2.091e-02  9.829e+01
-4.918e-01  -4.918e-01  -1.811e-02  9.632e+01
-4.865e-01  -4.865e-01  -0.000e+00  1.000e+02
-1.327e+00  -1.327e+00  -2.561e-02  9.807e+01
-5.080e-01  -5.080e-01  -1.045e-02  9.794e+01
-5.393e-01  -5.393e-01  -1.045e-02  9.806e+01
-1.374e+00  -1.374e+00  -2.957e-02  9.785e+01
-5.496e-01  -5.496e-01  -1.045e-02  9.810e+01
-5.615e-01  -5.615e-01  -1.478e-02  9.737e+01
-1.419e+00  -1.419e+00  -2.766e-02  9.805e+01
-5.444e-01  -5.444e-01  -2.091e-02  9.616e+01
-5.416e-01  -5.416e-01  -1.478e-02  9.727e+01
-1.403e+00  -1.403e+00  -2.338e-02  9.833e+01
-5.329e-01  -5.329e-01  -0.000e+00  1.000e+02
-5.893e-01  -5.893e-01  -1.045e-02  9.823e+01
-1.421e+00  -1.421e+00  -2.338e-02  9.836e+01
-5.427e-01  -5.427e-01  -2.091e-02  9.615e+01
-5.674e-01  -5.674e-01  -2.091e-02  9.632e+01
-1.413e+00  -1.413e+00  -2.338e-02  9.835e+01
-5.491e-01  -5.491e-01  -1.045e-02  9.810e+01
-5.911e-01  -5.911e-01  -1.478e-02  9.750e+01
-1.415e+00  -1.415e+00  -2.338e-02  9.835e+01
-5.136e-01  -5.136e-01  -0.000e+00  1.000e+02
-5.531e-01  -5.531e-01  -1.478e-02  9.733e+01
-1.425e+00  -1.425e+00  -3.621e-02  9.746e+01
========================================================================================

step: 5/15 res:20.944956691221826, res/res0:0.9334676051427591  dq_norm: [0.04181653 0.04048868 0.08932014]

A info: before HHL prepare:
Spectral radius (A): 9.834e+01, lambda_min:6.1062093674297495
condition number(A): 1.610e+01, norm2_cond:391.099850699135
det(A): 4.180e+93
--------------------------------------------------------------------------------

A_hhl info: after scaling by spectral radius:
Spectral radius (A): 1.000e+00, lambda_min:0.062095623350210793
condition number(A): 1.610e+01, norm2_cond:391.0998506991332
det(A): 1.144e-26, nnz: 14 non zeros per row
--------------------------------------------------------------------------------

Size of A & B are not power of 2:
Next 2 power of 60 = 64
Value to be padded = 4
--------------------------------------------------

==================== Print (N)^2 padded matrix system =======================
Padded shape of A: (60, 60)x(60, 60) -> (64, 64)x(64, 64)
Padded shape of B: (60,) -> (64,)
Determinant of padded matrix: 1.1443637950009525e-26
Condition # of padded matrix: 391.0998506991332


Matrix is not Hermitian. Making it Hermitian.......

==================== Print Hermitian matrix system info =======================
Shape of hermitian A: 64x64 -> 128x128
Shape of           B: 64 -> 128
Determinant of Hermitian matrix: 1.309568495308926e-52
Condition # of Hermitian matrix: 391.0998506991361

=================================== Generating HHL circuit ===================================
Time elapsed for generating HHL circuit: 5 min 4.38 sec

Generated circuit: num_qubits=18, gates=23, depth=5
============================== Generated Circuit saved ==============================

============================== Transpiling circuit ==============================
This is using the AerSimulator('aer_simulator_statevector') transpiler.
Time elapsed for transpiling the circuit:  0 min 54.31 sec
Transpiled circuit, num_qubits: 18, (original: 18)
Transpiled circuit depth: 464195 (original: 5)
Transpiled circuit gates: 464347 (original: 23)
============================== Transpiled Circuit saved ==============================
Time elapsed for running the circuit:  2 min 31.42 sec
total_qubits: 18, nq:7

Time elapsed for extracting shots-based hhl counts solution:  0 min 0.00 sec

[HHL info]: linear system residual (e=||Ax-b||_2): 20.694252489485226
[HHL info]: Fidelity(true_sol, hhl_sol): 0.8456539432220774
[HHL info]: L2 error (absolute): 4.879611550045313
[HHL info]: L2 error (relative): 0.9920867999471661
[HHL info]: L2 error (normalized): 0.40101260585845827

========================================================================================
 Compare system solutions using LU of A, LU sol of A_herm, HHL of Ax=b hermition system
LU sol 	    Herm LU sol    HHL sol    L1_diff(%)
-2.088e-04  -2.088e-04  -0.000e+00  1.000e+02
-1.837e-04  -1.837e-04  -0.000e+00  1.000e+02
-5.629e-04  -5.629e-04  -0.000e+00  1.000e+02
-7.453e-04  -7.453e-04  -0.000e+00  1.000e+02
-6.880e-04  -6.880e-04  -0.000e+00  1.000e+02
-2.058e-03  -2.058e-03  -0.000e+00  1.000e+02
-1.756e-03  -1.756e-03  -0.000e+00  1.000e+02
-1.736e-03  -1.736e-03  -0.000e+00  1.000e+02
-5.014e-03  -5.014e-03  -0.000e+00  1.000e+02
-4.129e-03  -4.129e-03  -0.000e+00  1.000e+02
-4.128e-03  -4.128e-03  -0.000e+00  1.000e+02
-1.184e-02  -1.184e-02  -0.000e+00  1.000e+02
-1.066e-02  -1.066e-02  -0.000e+00  1.000e+02
-1.001e-02  -1.001e-02  -0.000e+00  1.000e+02
-2.970e-02  -2.970e-02  -0.000e+00  1.000e+02
-2.733e-02  -2.733e-02  -0.000e+00  1.000e+02
-2.390e-02  -2.390e-02  -0.000e+00  1.000e+02
-7.370e-02  -7.370e-02  -0.000e+00  1.000e+02
-6.373e-02  -6.373e-02  -0.000e+00  1.000e+02
-5.455e-02  -5.455e-02  -0.000e+00  1.000e+02
-1.576e-01  -1.576e-01  -0.000e+00  1.000e+02
-1.098e-01  -1.098e-01  -0.000e+00  1.000e+02
-1.141e-01  -1.141e-01  -0.000e+00  1.000e+02
-3.012e-01  -3.012e-01  -0.000e+00  1.000e+02
-2.012e-01  -2.012e-01  -0.000e+00  1.000e+02
-2.068e-01  -2.068e-01  -0.000e+00  1.000e+02
-5.568e-01  -5.568e-01  -0.000e+00  1.000e+02
-3.073e-01  -3.073e-01  -7.011e-03  9.772e+01
-3.017e-01  -3.017e-01  -4.957e-03  9.836e+01
-8.165e-01  -8.165e-01  -7.011e-03  9.914e+01
-3.940e-01  -3.940e-01  -4.957e-03  9.874e+01
-3.978e-01  -3.978e-01  -0.000e+00  1.000e+02
-1.027e+00  -1.027e+00  -4.957e-03  9.952e+01
-4.424e-01  -4.424e-01  -4.957e-03  9.888e+01
-4.579e-01  -4.579e-01  -0.000e+00  1.000e+02
-1.187e+00  -1.187e+00  -9.915e-03  9.916e+01
-4.690e-01  -4.690e-01  -7.011e-03  9.851e+01
-4.883e-01  -4.883e-01  -0.000e+00  1.000e+02
-1.291e+00  -1.291e+00  -1.312e-02  9.898e+01
-4.956e-01  -4.956e-01  -4.957e-03  9.900e+01
-5.280e-01  -5.280e-01  -4.957e-03  9.906e+01
-1.339e+00  -1.339e+00  -1.312e-02  9.902e+01
-5.380e-01  -5.380e-01  -4.957e-03  9.908e+01
-5.472e-01  -5.472e-01  -4.957e-03  9.909e+01
-1.390e+00  -1.390e+00  -1.644e-02  9.882e+01
-5.226e-01  -5.226e-01  -0.000e+00  1.000e+02
-5.268e-01  -5.268e-01  -4.957e-03  9.906e+01
-1.380e+00  -1.380e+00  -1.312e-02  9.905e+01
-5.333e-01  -5.333e-01  -0.000e+00  1.000e+02
-5.779e-01  -5.779e-01  -4.957e-03  9.914e+01
-1.398e+00  -1.398e+00  -9.915e-03  9.929e+01
-5.215e-01  -5.215e-01  -4.957e-03  9.905e+01
-5.470e-01  -5.470e-01  -4.957e-03  9.909e+01
-1.394e+00  -1.394e+00  -9.915e-03  9.929e+01
-5.421e-01  -5.421e-01  -4.957e-03  9.909e+01
-5.772e-01  -5.772e-01  -0.000e+00  1.000e+02
-1.400e+00  -1.400e+00  -9.915e-03  9.929e+01
-5.200e-01  -5.200e-01  -0.000e+00  1.000e+02
-5.385e-01  -5.385e-01  -0.000e+00  1.000e+02
-1.399e+00  -1.399e+00  -1.214e-02  9.913e+01
========================================================================================

step: 6/15 res:20.59281308788506, res/res0:0.9177733904962861  dq_norm: [0.0156764  0.01214289 0.0374269 ]

A info: before HHL prepare:
Spectral radius (A): 9.844e+01, lambda_min:6.114135593196076
condition number(A): 1.610e+01, norm2_cond:390.5184169604822
det(A): 4.502e+93
--------------------------------------------------------------------------------

A_hhl info: after scaling by spectral radius:
Spectral radius (A): 1.000e+00, lambda_min:0.062111630241006036
condition number(A): 1.610e+01, norm2_cond:390.5184169604774
det(A): 1.158e-26, nnz: 14 non zeros per row
--------------------------------------------------------------------------------

Size of A & B are not power of 2:
Next 2 power of 60 = 64
Value to be padded = 4
--------------------------------------------------

==================== Print (N)^2 padded matrix system =======================
Padded shape of A: (60, 60)x(60, 60) -> (64, 64)x(64, 64)
Padded shape of B: (60,) -> (64,)
Determinant of padded matrix: 1.1578825176391346e-26
Condition # of padded matrix: 390.5184169604774


Matrix is not Hermitian. Making it Hermitian.......

==================== Print Hermitian matrix system info =======================
Shape of hermitian A: 64x64 -> 128x128
Shape of           B: 64 -> 128
Determinant of Hermitian matrix: 1.3406919246542838e-52
Condition # of Hermitian matrix: 390.5184169604817

=================================== Generating HHL circuit ===================================
Time elapsed for generating HHL circuit: 5 min 13.41 sec

Generated circuit: num_qubits=18, gates=23, depth=5
============================== Generated Circuit saved ==============================

============================== Transpiling circuit ==============================
This is using the AerSimulator('aer_simulator_statevector') transpiler.
Time elapsed for transpiling the circuit:  0 min 43.00 sec
Transpiled circuit, num_qubits: 18, (original: 18)
Transpiled circuit depth: 464200 (original: 5)
Transpiled circuit gates: 464352 (original: 23)
============================== Transpiled Circuit saved ==============================
Time elapsed for running the circuit:  2 min 29.53 sec
total_qubits: 18, nq:7

Time elapsed for extracting shots-based hhl counts solution:  0 min 0.00 sec

[HHL info]: linear system residual (e=||Ax-b||_2): 20.40161133205292
[HHL info]: Fidelity(true_sol, hhl_sol): 0.8245277975731204
[HHL info]: L2 error (absolute): 4.808188256454596
[HHL info]: L2 error (relative): 0.9866199236654646
[HHL info]: L2 error (normalized): 0.4288703064036516

========================================================================================
 Compare system solutions using LU of A, LU sol of A_herm, HHL of Ax=b hermition system
LU sol 	    Herm LU sol    HHL sol    L1_diff(%)
-2.100e-04  -2.100e-04  -0.000e+00  1.000e+02
-1.843e-04  -1.843e-04  -0.000e+00  1.000e+02
-5.654e-04  -5.654e-04  -0.000e+00  1.000e+02
-7.465e-04  -7.465e-04  -0.000e+00  1.000e+02
-6.886e-04  -6.886e-04  -0.000e+00  1.000e+02
-2.061e-03  -2.061e-03  -0.000e+00  1.000e+02
-1.750e-03  -1.750e-03  -0.000e+00  1.000e+02
-1.733e-03  -1.733e-03  -0.000e+00  1.000e+02
-5.001e-03  -5.001e-03  -0.000e+00  1.000e+02
-4.105e-03  -4.105e-03  -0.000e+00  1.000e+02
-4.116e-03  -4.116e-03  -0.000e+00  1.000e+02
-1.179e-02  -1.179e-02  -0.000e+00  1.000e+02
-1.063e-02  -1.063e-02  -0.000e+00  1.000e+02
-9.993e-03  -9.993e-03  -0.000e+00  1.000e+02
-2.964e-02  -2.964e-02  -0.000e+00  1.000e+02
-2.737e-02  -2.737e-02  -0.000e+00  1.000e+02
-2.392e-02  -2.392e-02  -0.000e+00  1.000e+02
-7.376e-02  -7.376e-02  -0.000e+00  1.000e+02
-6.393e-02  -6.393e-02  -0.000e+00  1.000e+02
-5.467e-02  -5.467e-02  -0.000e+00  1.000e+02
-1.580e-01  -1.580e-01  -0.000e+00  1.000e+02
-1.101e-01  -1.101e-01  -0.000e+00  1.000e+02
-1.141e-01  -1.141e-01  -0.000e+00  1.000e+02
-3.017e-01  -3.017e-01  -0.000e+00  1.000e+02
-2.009e-01  -2.009e-01  -0.000e+00  1.000e+02
-2.067e-01  -2.067e-01  -0.000e+00  1.000e+02
-5.563e-01  -5.563e-01  -1.343e-02  9.759e+01
-2.988e-01  -2.988e-01  -0.000e+00  1.000e+02
-2.966e-01  -2.966e-01  -7.755e-03  9.739e+01
-8.071e-01  -8.071e-01  -2.193e-02  9.728e+01
-3.865e-01  -3.865e-01  -0.000e+00  1.000e+02
-3.976e-01  -3.976e-01  -0.000e+00  1.000e+02
-1.017e+00  -1.017e+00  -1.097e-02  9.892e+01
-4.344e-01  -4.344e-01  -7.755e-03  9.821e+01
-4.579e-01  -4.579e-01  -7.755e-03  9.831e+01
-1.170e+00  -1.170e+00  -1.551e-02  9.867e+01
-4.596e-01  -4.596e-01  -0.000e+00  1.000e+02
-4.885e-01  -4.885e-01  -1.097e-02  9.775e+01
-1.272e+00  -1.272e+00  -1.734e-02  9.864e+01
-4.898e-01  -4.898e-01  -0.000e+00  1.000e+02
-5.232e-01  -5.232e-01  -0.000e+00  1.000e+02
-1.324e+00  -1.324e+00  -1.343e-02  9.899e+01
-5.341e-01  -5.341e-01  -1.097e-02  9.795e+01
-5.428e-01  -5.428e-01  -0.000e+00  1.000e+02
-1.375e+00  -1.375e+00  -1.734e-02  9.874e+01
-5.247e-01  -5.247e-01  -7.755e-03  9.852e+01
-5.216e-01  -5.216e-01  -0.000e+00  1.000e+02
-1.370e+00  -1.370e+00  -1.900e-02  9.861e+01
-5.340e-01  -5.340e-01  -1.097e-02  9.795e+01
-5.722e-01  -5.722e-01  -0.000e+00  1.000e+02
-1.389e+00  -1.389e+00  -2.193e-02  9.842e+01
-5.155e-01  -5.155e-01  -0.000e+00  1.000e+02
-5.420e-01  -5.420e-01  -1.097e-02  9.798e+01
-1.381e+00  -1.381e+00  -1.551e-02  9.888e+01
-5.363e-01  -5.363e-01  -0.000e+00  1.000e+02
-5.778e-01  -5.778e-01  -1.097e-02  9.810e+01
-1.388e+00  -1.388e+00  -2.572e-02  9.815e+01
-5.202e-01  -5.202e-01  -1.097e-02  9.789e+01
-5.386e-01  -5.386e-01  -7.755e-03  9.856e+01
-1.385e+00  -1.385e+00  -2.452e-02  9.823e+01
========================================================================================

step: 7/15 res:20.69428015219522, res/res0:0.9222955396188082  dq_norm: [0.02193367 0.02326417 0.06441558]

A info: before HHL prepare:
Spectral radius (A): 9.835e+01, lambda_min:6.146208512767358
condition number(A): 1.600e+01, norm2_cond:386.8324318248703
det(A): 4.807e+93
--------------------------------------------------------------------------------

A_hhl info: after scaling by spectral radius:
Spectral radius (A): 1.000e+00, lambda_min:0.0624919054100384
condition number(A): 1.600e+01, norm2_cond:386.83243182487195
det(A): 1.303e-26, nnz: 14 non zeros per row
--------------------------------------------------------------------------------

Size of A & B are not power of 2:
Next 2 power of 60 = 64
Value to be padded = 4
--------------------------------------------------

==================== Print (N)^2 padded matrix system =======================
Padded shape of A: (60, 60)x(60, 60) -> (64, 64)x(64, 64)
Padded shape of B: (60,) -> (64,)
Determinant of padded matrix: 1.3027259925313288e-26
Condition # of padded matrix: 386.83243182487195


Matrix is not Hermitian. Making it Hermitian.......

==================== Print Hermitian matrix system info =======================
Shape of hermitian A: 64x64 -> 128x128
Shape of           B: 64 -> 128
Determinant of Hermitian matrix: 1.697095011616663e-52
Condition # of Hermitian matrix: 386.83243182487905

=================================== Generating HHL circuit ===================================
Time elapsed for generating HHL circuit: 5 min 4.38 sec

Generated circuit: num_qubits=18, gates=23, depth=5
============================== Generated Circuit saved ==============================

============================== Transpiling circuit ==============================
This is using the AerSimulator('aer_simulator_statevector') transpiler.
Time elapsed for transpiling the circuit:  0 min 57.13 sec
Transpiled circuit, num_qubits: 18, (original: 18)
Transpiled circuit depth: 464193 (original: 5)
Transpiled circuit gates: 464345 (original: 23)
============================== Transpiled Circuit saved ==============================
Time elapsed for running the circuit:  2 min 30.20 sec
total_qubits: 18, nq:7

Time elapsed for extracting shots-based hhl counts solution:  0 min 0.00 sec

[HHL info]: linear system residual (e=||Ax-b||_2): 19.756544223576313
[HHL info]: Fidelity(true_sol, hhl_sol): 0.8808362961471289
[HHL info]: L2 error (absolute): 4.615753842803964
[HHL info]: L2 error (relative): 0.9630198984437858
[HHL info]: L2 error (normalized): 0.3506314490840348

========================================================================================
 Compare system solutions using LU of A, LU sol of A_herm, HHL of Ax=b hermition system
LU sol 	    Herm LU sol    HHL sol    L1_diff(%)
-2.094e-04  -2.094e-04  -0.000e+00  1.000e+02
-1.840e-04  -1.840e-04  -0.000e+00  1.000e+02
-5.641e-04  -5.641e-04  -0.000e+00  1.000e+02
-7.453e-04  -7.453e-04  -0.000e+00  1.000e+02
-6.880e-04  -6.880e-04  -0.000e+00  1.000e+02
-2.059e-03  -2.059e-03  -0.000e+00  1.000e+02
-1.751e-03  -1.751e-03  -0.000e+00  1.000e+02
-1.733e-03  -1.733e-03  -0.000e+00  1.000e+02
-5.004e-03  -5.004e-03  -0.000e+00  1.000e+02
-4.115e-03  -4.115e-03  -0.000e+00  1.000e+02
-4.121e-03  -4.121e-03  -0.000e+00  1.000e+02
-1.181e-02  -1.181e-02  -0.000e+00  1.000e+02
-1.065e-02  -1.065e-02  -0.000e+00  1.000e+02
-1.001e-02  -1.001e-02  -0.000e+00  1.000e+02
-2.968e-02  -2.968e-02  -0.000e+00  1.000e+02
-2.736e-02  -2.736e-02  -0.000e+00  1.000e+02
-2.390e-02  -2.390e-02  -0.000e+00  1.000e+02
-7.375e-02  -7.375e-02  -0.000e+00  1.000e+02
-6.382e-02  -6.382e-02  -0.000e+00  1.000e+02
-5.458e-02  -5.458e-02  -0.000e+00  1.000e+02
-1.578e-01  -1.578e-01  -0.000e+00  1.000e+02
-1.100e-01  -1.100e-01  -0.000e+00  1.000e+02
-1.142e-01  -1.142e-01  -0.000e+00  1.000e+02
-3.015e-01  -3.015e-01  -2.792e-02  9.074e+01
-2.012e-01  -2.012e-01  -0.000e+00  1.000e+02
-2.069e-01  -2.069e-01  -0.000e+00  1.000e+02
-5.425e-01  -5.425e-01  -0.000e+00  1.000e+02
-2.987e-01  -2.987e-01  -0.000e+00  1.000e+02
-2.880e-01  -2.880e-01  -0.000e+00  1.000e+02
-7.831e-01  -7.831e-01  -3.419e-02  9.563e+01
-3.871e-01  -3.871e-01  -0.000e+00  1.000e+02
-3.985e-01  -3.985e-01  -0.000e+00  1.000e+02
-1.006e+00  -1.006e+00  -3.419e-02  9.660e+01
-4.287e-01  -4.287e-01  -0.000e+00  1.000e+02
-4.511e-01  -4.511e-01  -0.000e+00  1.000e+02
-1.159e+00  -1.159e+00  -3.419e-02  9.705e+01
-4.604e-01  -4.604e-01  -0.000e+00  1.000e+02
-4.761e-01  -4.761e-01  -2.792e-02  9.414e+01
-1.255e+00  -1.255e+00  -4.414e-02  9.648e+01
-4.861e-01  -4.861e-01  -3.419e-02  9.297e+01
-5.224e-01  -5.224e-01  -2.792e-02  9.466e+01
-1.301e+00  -1.301e+00  -5.584e-02  9.571e+01
-5.158e-01  -5.158e-01  -1.974e-02  9.617e+01
-5.422e-01  -5.422e-01  -2.792e-02  9.485e+01
-1.342e+00  -1.342e+00  -5.223e-02  9.611e+01
-5.114e-01  -5.114e-01  -1.974e-02  9.614e+01
-5.227e-01  -5.227e-01  -0.000e+00  1.000e+02
-1.337e+00  -1.337e+00  -5.584e-02  9.582e+01
-5.226e-01  -5.226e-01  -1.974e-02  9.622e+01
-5.744e-01  -5.744e-01  -3.419e-02  9.405e+01
-1.366e+00  -1.366e+00  -6.243e-02  9.543e+01
-5.179e-01  -5.179e-01  -1.974e-02  9.619e+01
-5.299e-01  -5.299e-01  -2.792e-02  9.473e+01
-1.370e+00  -1.370e+00  -3.948e-02  9.712e+01
-5.354e-01  -5.354e-01  -1.974e-02  9.631e+01
-5.653e-01  -5.653e-01  -2.792e-02  9.506e+01
-1.358e+00  -1.358e+00  -5.223e-02  9.615e+01
-5.045e-01  -5.045e-01  -3.419e-02  9.322e+01
-5.306e-01  -5.306e-01  -1.974e-02  9.628e+01
-1.350e+00  -1.350e+00  -5.223e-02  9.613e+01
========================================================================================

step: 8/15 res:20.400107792083418, res/res0:0.9091849673440112  dq_norm: [0.06547309 0.07386361 0.16158607]

A info: before HHL prepare:
Spectral radius (A): 9.816e+01, lambda_min:6.197227974121447
condition number(A): 1.584e+01, norm2_cond:381.5354402555674
det(A): 5.907e+93
--------------------------------------------------------------------------------

A_hhl info: after scaling by spectral radius:
Spectral radius (A): 1.000e+00, lambda_min:0.06313412138657798
condition number(A): 1.584e+01, norm2_cond:381.53544025556357
det(A): 1.800e-26, nnz: 14 non zeros per row
--------------------------------------------------------------------------------

Size of A & B are not power of 2:
Next 2 power of 60 = 64
Value to be padded = 4
--------------------------------------------------

==================== Print (N)^2 padded matrix system =======================
Padded shape of A: (60, 60)x(60, 60) -> (64, 64)x(64, 64)
Padded shape of B: (60,) -> (64,)
Determinant of padded matrix: 1.8004939444298797e-26
Condition # of padded matrix: 381.53544025556357


Matrix is not Hermitian. Making it Hermitian.......

==================== Print Hermitian matrix system info =======================
Shape of hermitian A: 64x64 -> 128x128
Shape of           B: 64 -> 128
Determinant of Hermitian matrix: 3.2417784439288052e-52
Condition # of Hermitian matrix: 381.5354402555712

=================================== Generating HHL circuit ===================================
Time elapsed for generating HHL circuit: 5 min 10.09 sec

Generated circuit: num_qubits=18, gates=23, depth=5
============================== Generated Circuit saved ==============================

============================== Transpiling circuit ==============================
This is using the AerSimulator('aer_simulator_statevector') transpiler.
Time elapsed for transpiling the circuit:  0 min 44.28 sec
Transpiled circuit, num_qubits: 18, (original: 18)
Transpiled circuit depth: 464200 (original: 5)
Transpiled circuit gates: 464352 (original: 23)
============================== Transpiled Circuit saved ==============================
Time elapsed for running the circuit:  2 min 27.31 sec
total_qubits: 18, nq:7

Time elapsed for extracting shots-based hhl counts solution:  0 min 0.00 sec

[HHL info]: linear system residual (e=||Ax-b||_2): 19.23842330656567
[HHL info]: Fidelity(true_sol, hhl_sol): 0.8454041520685697
[HHL info]: L2 error (absolute): 4.47876024218539
[HHL info]: L2 error (relative): 0.9748712715143426
[HHL info]: L2 error (normalized): 0.40135117040253665

========================================================================================
 Compare system solutions using LU of A, LU sol of A_herm, HHL of Ax=b hermition system
LU sol 	    Herm LU sol    HHL sol    L1_diff(%)
-2.080e-04  -2.080e-04  -0.000e+00  1.000e+02
-1.833e-04  -1.833e-04  -0.000e+00  1.000e+02
-5.612e-04  -5.612e-04  -0.000e+00  1.000e+02
-7.370e-04  -7.370e-04  -0.000e+00  1.000e+02
-6.837e-04  -6.837e-04  -0.000e+00  1.000e+02
-2.041e-03  -2.041e-03  -0.000e+00  1.000e+02
-1.735e-03  -1.735e-03  -0.000e+00  1.000e+02
-1.725e-03  -1.725e-03  -0.000e+00  1.000e+02
-4.969e-03  -4.969e-03  -0.000e+00  1.000e+02
-4.113e-03  -4.113e-03  -0.000e+00  1.000e+02
-4.124e-03  -4.124e-03  -0.000e+00  1.000e+02
-1.180e-02  -1.180e-02  -0.000e+00  1.000e+02
-1.070e-02  -1.070e-02  -0.000e+00  1.000e+02
-1.002e-02  -1.002e-02  -0.000e+00  1.000e+02
-2.978e-02  -2.978e-02  -0.000e+00  1.000e+02
-2.746e-02  -2.746e-02  -0.000e+00  1.000e+02
-2.393e-02  -2.393e-02  -0.000e+00  1.000e+02
-7.402e-02  -7.402e-02  -0.000e+00  1.000e+02
-6.398e-02  -6.398e-02  -0.000e+00  1.000e+02
-5.476e-02  -5.476e-02  -0.000e+00  1.000e+02
-1.580e-01  -1.580e-01  -0.000e+00  1.000e+02
-1.098e-01  -1.098e-01  -0.000e+00  1.000e+02
-1.141e-01  -1.141e-01  -0.000e+00  1.000e+02
-2.722e-01  -2.722e-01  -1.425e-02  9.476e+01
-1.998e-01  -1.998e-01  -1.425e-02  9.287e+01
-2.063e-01  -2.063e-01  -1.425e-02  9.309e+01
-5.395e-01  -5.395e-01  -2.015e-02  9.626e+01
-2.969e-01  -2.969e-01  -0.000e+00  1.000e+02
-2.877e-01  -2.877e-01  -0.000e+00  1.000e+02
-7.409e-01  -7.409e-01  -1.425e-02  9.808e+01
-3.880e-01  -3.880e-01  -1.425e-02  9.633e+01
-4.004e-01  -4.004e-01  -0.000e+00  1.000e+02
-9.686e-01  -9.686e-01  -2.468e-02  9.745e+01
-4.325e-01  -4.325e-01  -0.000e+00  1.000e+02
-4.514e-01  -4.514e-01  -0.000e+00  1.000e+02
-1.129e+00  -1.129e+00  -2.468e-02  9.781e+01
-4.623e-01  -4.623e-01  -1.425e-02  9.692e+01
-4.467e-01  -4.467e-01  -0.000e+00  1.000e+02
-1.213e+00  -1.213e+00  -3.491e-02  9.712e+01
-4.470e-01  -4.470e-01  -0.000e+00  1.000e+02
-4.936e-01  -4.936e-01  -1.425e-02  9.711e+01
-1.238e+00  -1.238e+00  -2.850e-02  9.770e+01
-4.893e-01  -4.893e-01  -1.425e-02  9.709e+01
-5.134e-01  -5.134e-01  -2.015e-02  9.607e+01
-1.273e+00  -1.273e+00  -4.031e-02  9.683e+01
-4.885e-01  -4.885e-01  -0.000e+00  1.000e+02
-5.259e-01  -5.259e-01  -0.000e+00  1.000e+02
-1.271e+00  -1.271e+00  -4.726e-02  9.628e+01
-5.046e-01  -5.046e-01  -1.425e-02  9.718e+01
-5.404e-01  -5.404e-01  -2.015e-02  9.627e+01
-1.307e+00  -1.307e+00  -2.850e-02  9.782e+01
-4.983e-01  -4.983e-01  -2.015e-02  9.596e+01
-5.010e-01  -5.010e-01  -1.425e-02  9.716e+01
-1.333e+00  -1.333e+00  -2.468e-02  9.815e+01
-5.096e-01  -5.096e-01  -1.425e-02  9.720e+01
-5.354e-01  -5.354e-01  -0.000e+00  1.000e+02
-1.293e+00  -1.293e+00  -4.275e-02  9.669e+01
-4.583e-01  -4.583e-01  -0.000e+00  1.000e+02
-5.104e-01  -5.104e-01  -1.425e-02  9.721e+01
-1.274e+00  -1.274e+00  -3.770e-02  9.704e+01
========================================================================================

step: 9/15 res:19.762081664963514, res/res0:0.8807496389887735  dq_norm: [0.04030638 0.04030638 0.11220821]

A info: before HHL prepare:
Spectral radius (A): 9.819e+01, lambda_min:6.240299769753888
condition number(A): 1.573e+01, norm2_cond:378.6967726649002
det(A): 6.427e+93
--------------------------------------------------------------------------------

A_hhl info: after scaling by spectral radius:
Spectral radius (A): 1.000e+00, lambda_min:0.06355443465215456
condition number(A): 1.573e+01, norm2_cond:378.69677266490027
det(A): 1.925e-26, nnz: 21 non zeros per row
--------------------------------------------------------------------------------

Size of A & B are not power of 2:
Next 2 power of 60 = 64
Value to be padded = 4
--------------------------------------------------

==================== Print (N)^2 padded matrix system =======================
Padded shape of A: (60, 60)x(60, 60) -> (64, 64)x(64, 64)
Padded shape of B: (60,) -> (64,)
Determinant of padded matrix: 1.924901139967416e-26
Condition # of padded matrix: 378.69677266490027


Matrix is not Hermitian. Making it Hermitian.......

==================== Print Hermitian matrix system info =======================
Shape of hermitian A: 64x64 -> 128x128
Shape of           B: 64 -> 128
Determinant of Hermitian matrix: 3.7052443986479635e-52
Condition # of Hermitian matrix: 378.6967726649032

=================================== Generating HHL circuit ===================================
Time elapsed for generating HHL circuit: 5 min 12.53 sec

Generated circuit: num_qubits=18, gates=23, depth=5
============================== Generated Circuit saved ==============================

============================== Transpiling circuit ==============================
This is using the AerSimulator('aer_simulator_statevector') transpiler.
Time elapsed for transpiling the circuit:  0 min 56.53 sec
Transpiled circuit, num_qubits: 18, (original: 18)
Transpiled circuit depth: 464198 (original: 5)
Transpiled circuit gates: 464350 (original: 23)
============================== Transpiled Circuit saved ==============================
Time elapsed for running the circuit:  2 min 27.84 sec
total_qubits: 18, nq:7

Time elapsed for extracting shots-based hhl counts solution:  0 min 0.00 sec

[HHL info]: linear system residual (e=||Ax-b||_2): 18.982413299968453
[HHL info]: Fidelity(true_sol, hhl_sol): 0.7906298373450892
[HHL info]: L2 error (absolute): 4.397746815454217
[HHL info]: L2 error (relative): 0.9848053290903883
[HHL info]: L2 error (normalized): 0.4707999950547989

========================================================================================
 Compare system solutions using LU of A, LU sol of A_herm, HHL of Ax=b hermition system
LU sol 	    Herm LU sol    HHL sol    L1_diff(%)
-2.083e-04  -2.083e-04  -0.000e+00  1.000e+02
-1.833e-04  -1.833e-04  -0.000e+00  1.000e+02
-5.619e-04  -5.619e-04  -0.000e+00  1.000e+02
-7.343e-04  -7.343e-04  -0.000e+00  1.000e+02
-6.823e-04  -6.823e-04  -0.000e+00  1.000e+02
-2.036e-03  -2.036e-03  -0.000e+00  1.000e+02
-1.723e-03  -1.723e-03  -0.000e+00  1.000e+02
-1.719e-03  -1.719e-03  -0.000e+00  1.000e+02
-4.944e-03  -4.944e-03  -0.000e+00  1.000e+02
-4.096e-03  -4.096e-03  -0.000e+00  1.000e+02
-4.118e-03  -4.118e-03  -0.000e+00  1.000e+02
-1.177e-02  -1.177e-02  -0.000e+00  1.000e+02
-1.069e-02  -1.069e-02  -0.000e+00  1.000e+02
-1.001e-02  -1.001e-02  -0.000e+00  1.000e+02
-2.976e-02  -2.976e-02  -0.000e+00  1.000e+02
-2.753e-02  -2.753e-02  -0.000e+00  1.000e+02
-2.396e-02  -2.396e-02  -0.000e+00  1.000e+02
-7.423e-02  -7.423e-02  -0.000e+00  1.000e+02
-6.418e-02  -6.418e-02  -0.000e+00  1.000e+02
-5.486e-02  -5.486e-02  -0.000e+00  1.000e+02
-1.583e-01  -1.583e-01  -0.000e+00  1.000e+02
-1.100e-01  -1.100e-01  -0.000e+00  1.000e+02
-1.144e-01  -1.144e-01  -0.000e+00  1.000e+02
-2.582e-01  -2.582e-01  -0.000e+00  1.000e+02
-1.845e-01  -1.845e-01  -0.000e+00  1.000e+02
-1.915e-01  -1.915e-01  -0.000e+00  1.000e+02
-5.178e-01  -5.178e-01  -0.000e+00  1.000e+02
-2.945e-01  -2.945e-01  -8.151e-03  9.723e+01
-2.876e-01  -2.876e-01  -0.000e+00  1.000e+02
-7.203e-01  -7.203e-01  -0.000e+00  1.000e+02
-3.690e-01  -3.690e-01  -8.151e-03  9.779e+01
-3.998e-01  -3.998e-01  -8.151e-03  9.796e+01
-9.336e-01  -9.336e-01  -1.823e-02  9.805e+01
-4.292e-01  -4.292e-01  -8.151e-03  9.810e+01
-4.520e-01  -4.520e-01  -1.630e-02  9.639e+01
-1.093e+00  -1.093e+00  -1.412e-02  9.871e+01
-4.469e-01  -4.469e-01  -1.412e-02  9.684e+01
-4.481e-01  -4.481e-01  -8.151e-03  9.818e+01
-1.174e+00  -1.174e+00  -1.997e-02  9.830e+01
-4.485e-01  -4.485e-01  -0.000e+00  1.000e+02
-4.785e-01  -4.785e-01  -1.153e-02  9.759e+01
-1.212e+00  -1.212e+00  -2.445e-02  9.798e+01
-4.752e-01  -4.752e-01  -1.153e-02  9.757e+01
-4.934e-01  -4.934e-01  -8.151e-03  9.835e+01
-1.231e+00  -1.231e+00  -1.153e-02  9.906e+01
-4.889e-01  -4.889e-01  -0.000e+00  1.000e+02
-5.262e-01  -5.262e-01  -8.151e-03  9.845e+01
-1.219e+00  -1.219e+00  -1.153e-02  9.905e+01
-4.860e-01  -4.860e-01  -1.630e-02  9.665e+01
-5.177e-01  -5.177e-01  -1.153e-02  9.777e+01
-1.272e+00  -1.272e+00  -2.445e-02  9.808e+01
-4.718e-01  -4.718e-01  -1.153e-02  9.756e+01
-4.873e-01  -4.873e-01  -0.000e+00  1.000e+02
-1.296e+00  -1.296e+00  -2.157e-02  9.834e+01
-4.950e-01  -4.950e-01  -0.000e+00  1.000e+02
-5.381e-01  -5.381e-01  -0.000e+00  1.000e+02
-1.247e+00  -1.247e+00  -2.445e-02  9.804e+01
-4.646e-01  -4.646e-01  -1.630e-02  9.649e+01
-4.967e-01  -4.967e-01  -1.412e-02  9.716e+01
-1.247e+00  -1.247e+00  -1.412e-02  9.887e+01
========================================================================================

step: 10/15 res:19.23953936726239, res/res0:0.8574611541085305  dq_norm: [0.03458354 0.03157031 0.06045253]

A info: before HHL prepare:
Spectral radius (A): 9.830e+01, lambda_min:6.258226279248388
condition number(A): 1.571e+01, norm2_cond:377.80757896936814
det(A): 7.378e+93
--------------------------------------------------------------------------------

A_hhl info: after scaling by spectral radius:
Spectral radius (A): 1.000e+00, lambda_min:0.06366161877765213
condition number(A): 1.571e+01, norm2_cond:377.8075789693703
det(A): 2.058e-26, nnz: 26 non zeros per row
--------------------------------------------------------------------------------

Size of A & B are not power of 2:
Next 2 power of 60 = 64
Value to be padded = 4
--------------------------------------------------

==================== Print (N)^2 padded matrix system =======================
Padded shape of A: (60, 60)x(60, 60) -> (64, 64)x(64, 64)
Padded shape of B: (60,) -> (64,)
Determinant of padded matrix: 2.0582366012345576e-26
Condition # of padded matrix: 377.8075789693703


Matrix is not Hermitian. Making it Hermitian.......

==================== Print Hermitian matrix system info =======================
Shape of hermitian A: 64x64 -> 128x128
Shape of           B: 64 -> 128
Determinant of Hermitian matrix: 4.236337906661583e-52
Condition # of Hermitian matrix: 377.80757896937104

=================================== Generating HHL circuit ===================================
Time elapsed for generating HHL circuit: 5 min 10.27 sec

Generated circuit: num_qubits=18, gates=23, depth=5
============================== Generated Circuit saved ==============================

============================== Transpiling circuit ==============================
This is using the AerSimulator('aer_simulator_statevector') transpiler.
Time elapsed for transpiling the circuit:  0 min 44.16 sec
Transpiled circuit, num_qubits: 18, (original: 18)
Transpiled circuit depth: 464195 (original: 5)
Transpiled circuit gates: 464347 (original: 23)
============================== Transpiled Circuit saved ==============================
Time elapsed for running the circuit:  2 min 25.90 sec
total_qubits: 18, nq:7

Time elapsed for extracting shots-based hhl counts solution:  0 min 0.00 sec

[HHL info]: linear system residual (e=||Ax-b||_2): 18.61225590869706
[HHL info]: Fidelity(true_sol, hhl_sol): 0.8530717231108017
[HHL info]: L2 error (absolute): 4.276189245420831
[HHL info]: L2 error (relative): 0.9747036858821254
[HHL info]: L2 error (normalized): 0.39084825914330884

========================================================================================
 Compare system solutions using LU of A, LU sol of A_herm, HHL of Ax=b hermition system
LU sol 	    Herm LU sol    HHL sol    L1_diff(%)
-2.083e-04  -2.083e-04  -0.000e+00  1.000e+02
-1.834e-04  -1.834e-04  -0.000e+00  1.000e+02
-5.618e-04  -5.618e-04  -0.000e+00  1.000e+02
-7.290e-04  -7.290e-04  -0.000e+00  1.000e+02
-6.797e-04  -6.797e-04  -0.000e+00  1.000e+02
-2.024e-03  -2.024e-03  -0.000e+00  1.000e+02
-1.704e-03  -1.704e-03  -0.000e+00  1.000e+02
-1.710e-03  -1.710e-03  -0.000e+00  1.000e+02
-4.903e-03  -4.903e-03  -0.000e+00  1.000e+02
-4.069e-03  -4.069e-03  -0.000e+00  1.000e+02
-4.104e-03  -4.104e-03  -0.000e+00  1.000e+02
-1.171e-02  -1.171e-02  -0.000e+00  1.000e+02
-1.071e-02  -1.071e-02  -0.000e+00  1.000e+02
-1.002e-02  -1.002e-02  -0.000e+00  1.000e+02
-2.980e-02  -2.980e-02  -0.000e+00  1.000e+02
-2.767e-02  -2.767e-02  -0.000e+00  1.000e+02
-2.403e-02  -2.403e-02  -0.000e+00  1.000e+02
-7.452e-02  -7.452e-02  -0.000e+00  1.000e+02
-6.440e-02  -6.440e-02  -0.000e+00  1.000e+02
-5.498e-02  -5.498e-02  -0.000e+00  1.000e+02
-1.588e-01  -1.588e-01  -0.000e+00  1.000e+02
-1.098e-01  -1.098e-01  -1.262e-02  8.850e+01
-1.142e-01  -1.142e-01  -0.000e+00  1.000e+02
-2.577e-01  -2.577e-01  -0.000e+00  1.000e+02
-1.834e-01  -1.834e-01  -0.000e+00  1.000e+02
-1.912e-01  -1.912e-01  -0.000e+00  1.000e+02
-5.154e-01  -5.154e-01  -2.187e-02  9.576e+01
-2.852e-01  -2.852e-01  -0.000e+00  1.000e+02
-2.884e-01  -2.884e-01  -0.000e+00  1.000e+02
-7.194e-01  -7.194e-01  -1.785e-02  9.752e+01
-3.604e-01  -3.604e-01  -0.000e+00  1.000e+02
-3.912e-01  -3.912e-01  -0.000e+00  1.000e+02
-9.149e-01  -9.149e-01  -3.340e-02  9.635e+01
-4.203e-01  -4.203e-01  -1.785e-02  9.575e+01
-4.355e-01  -4.355e-01  -1.785e-02  9.590e+01
-1.079e+00  -1.079e+00  -3.571e-02  9.669e+01
-4.323e-01  -4.323e-01  -0.000e+00  1.000e+02
-4.404e-01  -4.404e-01  -0.000e+00  1.000e+02
-1.153e+00  -1.153e+00  -3.092e-02  9.732e+01
-4.499e-01  -4.499e-01  -1.262e-02  9.719e+01
-4.671e-01  -4.671e-01  -0.000e+00  1.000e+02
-1.189e+00  -1.189e+00  -3.992e-02  9.664e+01
-4.640e-01  -4.640e-01  -1.785e-02  9.615e+01
-4.855e-01  -4.855e-01  -1.262e-02  9.740e+01
-1.222e+00  -1.222e+00  -3.571e-02  9.708e+01
-4.874e-01  -4.874e-01  -1.262e-02  9.741e+01
-5.165e-01  -5.165e-01  -1.785e-02  9.654e+01
-1.204e+00  -1.204e+00  -2.525e-02  9.790e+01
-4.647e-01  -4.647e-01  -0.000e+00  1.000e+02
-5.064e-01  -5.064e-01  -1.262e-02  9.751e+01
-1.237e+00  -1.237e+00  -2.823e-02  9.772e+01
-4.563e-01  -4.563e-01  -2.187e-02  9.521e+01
-4.880e-01  -4.880e-01  -2.525e-02  9.483e+01
-1.264e+00  -1.264e+00  -2.823e-02  9.777e+01
-4.929e-01  -4.929e-01  -0.000e+00  1.000e+02
-5.381e-01  -5.381e-01  -1.262e-02  9.765e+01
-1.215e+00  -1.215e+00  -2.187e-02  9.820e+01
-4.455e-01  -4.455e-01  -1.262e-02  9.717e+01
-4.826e-01  -4.826e-01  -1.262e-02  9.738e+01
-1.230e+00  -1.230e+00  -3.340e-02  9.728e+01
========================================================================================

step: 11/15 res:18.985514547507194, res/res0:0.8461398635640108  dq_norm: [0.04186956 0.04373133 0.10410138]

A info: before HHL prepare:
Spectral radius (A): 9.830e+01, lambda_min:6.2935596935918445
condition number(A): 1.562e+01, norm2_cond:376.0979425909903
det(A): 8.463e+93
--------------------------------------------------------------------------------

A_hhl info: after scaling by spectral radius:
Spectral radius (A): 1.000e+00, lambda_min:0.06402462859796637
condition number(A): 1.562e+01, norm2_cond:376.09794259099704
det(A): 2.369e-26, nnz: 25 non zeros per row
--------------------------------------------------------------------------------

Size of A & B are not power of 2:
Next 2 power of 60 = 64
Value to be padded = 4
--------------------------------------------------

==================== Print (N)^2 padded matrix system =======================
Padded shape of A: (60, 60)x(60, 60) -> (64, 64)x(64, 64)
Padded shape of B: (60,) -> (64,)
Determinant of padded matrix: 2.369037575600414e-26
Condition # of padded matrix: 376.09794259099704


Matrix is not Hermitian. Making it Hermitian.......

==================== Print Hermitian matrix system info =======================
Shape of hermitian A: 64x64 -> 128x128
Shape of           B: 64 -> 128
Determinant of Hermitian matrix: 5.6123390346061295e-52
Condition # of Hermitian matrix: 376.0979425909928

=================================== Generating HHL circuit ===================================
Time elapsed for generating HHL circuit: 5 min 7.17 sec

Generated circuit: num_qubits=18, gates=23, depth=5
============================== Generated Circuit saved ==============================

============================== Transpiling circuit ==============================
This is using the AerSimulator('aer_simulator_statevector') transpiler.
Time elapsed for transpiling the circuit:  0 min 57.78 sec
Transpiled circuit, num_qubits: 18, (original: 18)
Transpiled circuit depth: 464201 (original: 5)
Transpiled circuit gates: 464353 (original: 23)
============================== Transpiled Circuit saved ==============================
Time elapsed for running the circuit:  2 min 25.46 sec
total_qubits: 18, nq:7

Time elapsed for extracting shots-based hhl counts solution:  0 min 0.00 sec

[HHL info]: linear system residual (e=||Ax-b||_2): 18.608241255297607
[HHL info]: Fidelity(true_sol, hhl_sol): 0.773954749444169
[HHL info]: L2 error (absolute): 4.257043505034632
[HHL info]: L2 error (relative): 0.998033582729583
[HHL info]: L2 error (normalized): 0.49041415078430217

========================================================================================
 Compare system solutions using LU of A, LU sol of A_herm, HHL of Ax=b hermition system
LU sol 	    Herm LU sol    HHL sol    L1_diff(%)
-2.036e-04  -2.036e-04  -0.000e+00  1.000e+02
-1.811e-04  -1.811e-04  -0.000e+00  1.000e+02
-5.520e-04  -5.520e-04  -0.000e+00  1.000e+02
-7.192e-04  -7.192e-04  -0.000e+00  1.000e+02
-6.745e-04  -6.745e-04  -0.000e+00  1.000e+02
-2.004e-03  -2.004e-03  -0.000e+00  1.000e+02
-1.713e-03  -1.713e-03  -0.000e+00  1.000e+02
-1.715e-03  -1.715e-03  -0.000e+00  1.000e+02
-4.924e-03  -4.924e-03  -0.000e+00  1.000e+02
-4.142e-03  -4.142e-03  -0.000e+00  1.000e+02
-4.140e-03  -4.140e-03  -0.000e+00  1.000e+02
-1.186e-02  -1.186e-02  -0.000e+00  1.000e+02
-1.085e-02  -1.085e-02  -0.000e+00  1.000e+02
-1.010e-02  -1.010e-02  -0.000e+00  1.000e+02
-3.010e-02  -3.010e-02  -0.000e+00  1.000e+02
-2.761e-02  -2.761e-02  -0.000e+00  1.000e+02
-2.394e-02  -2.394e-02  -0.000e+00  1.000e+02
-7.436e-02  -7.436e-02  -0.000e+00  1.000e+02
-6.385e-02  -6.385e-02  -0.000e+00  1.000e+02
-5.477e-02  -5.477e-02  -0.000e+00  1.000e+02
-1.577e-01  -1.577e-01  -0.000e+00  1.000e+02
-9.645e-02  -9.645e-02  -0.000e+00  1.000e+02
-1.144e-01  -1.144e-01  -1.165e-03  9.898e+01
-2.569e-01  -2.569e-01  -1.165e-03  9.955e+01
-1.831e-01  -1.831e-01  -0.000e+00  1.000e+02
-1.913e-01  -1.913e-01  -0.000e+00  1.000e+02
-4.915e-01  -4.915e-01  -0.000e+00  1.000e+02
-2.849e-01  -2.849e-01  -0.000e+00  1.000e+02
-2.884e-01  -2.884e-01  -0.000e+00  1.000e+02
-6.982e-01  -6.982e-01  -1.165e-03  9.983e+01
-3.599e-01  -3.599e-01  -1.648e-03  9.954e+01
-3.919e-01  -3.919e-01  -0.000e+00  1.000e+02
-8.778e-01  -8.778e-01  -1.648e-03  9.981e+01
-3.993e-01  -3.993e-01  -0.000e+00  1.000e+02
-4.165e-01  -4.165e-01  -0.000e+00  1.000e+02
-1.037e+00  -1.037e+00  -3.684e-03  9.964e+01
-4.274e-01  -4.274e-01  -0.000e+00  1.000e+02
-4.395e-01  -4.395e-01  -0.000e+00  1.000e+02
-1.107e+00  -1.107e+00  -3.083e-03  9.972e+01
-4.318e-01  -4.318e-01  -0.000e+00  1.000e+02
-4.680e-01  -4.680e-01  -1.165e-03  9.975e+01
-1.134e+00  -1.134e+00  -2.854e-03  9.975e+01
-4.442e-01  -4.442e-01  -1.165e-03  9.974e+01
-4.741e-01  -4.741e-01  -0.000e+00  1.000e+02
-1.183e+00  -1.183e+00  -2.854e-03  9.976e+01
-4.758e-01  -4.758e-01  -1.165e-03  9.976e+01
-4.979e-01  -4.979e-01  -1.165e-03  9.977e+01
-1.181e+00  -1.181e+00  -2.018e-03  9.983e+01
-4.677e-01  -4.677e-01  -0.000e+00  1.000e+02
-4.943e-01  -4.943e-01  -0.000e+00  1.000e+02
-1.215e+00  -1.215e+00  -3.495e-03  9.971e+01
-4.363e-01  -4.363e-01  -1.165e-03  9.973e+01
-4.627e-01  -4.627e-01  -1.165e-03  9.975e+01
-1.243e+00  -1.243e+00  -2.330e-03  9.981e+01
-4.939e-01  -4.939e-01  -0.000e+00  1.000e+02
-5.243e-01  -5.243e-01  -0.000e+00  1.000e+02
-1.194e+00  -1.194e+00  -2.605e-03  9.978e+01
-4.302e-01  -4.302e-01  -0.000e+00  1.000e+02
-4.697e-01  -4.697e-01  -0.000e+00  1.000e+02
-1.190e+00  -1.190e+00  -2.330e-03  9.980e+01
========================================================================================

step: 12/15 res:18.612027925157555, res/res0:0.82949444060815  dq_norm: [0.00260527 0.00233023 0.00887324]

A info: before HHL prepare:
Spectral radius (A): 9.829e+01, lambda_min:6.291880013922207
condition number(A): 1.562e+01, norm2_cond:375.65747082258184
det(A): 8.525e+93
--------------------------------------------------------------------------------

A_hhl info: after scaling by spectral radius:
Spectral radius (A): 1.000e+00, lambda_min:0.06401056779650245
condition number(A): 1.562e+01, norm2_cond:375.6574708225859
det(A): 2.393e-26, nnz: 14 non zeros per row
--------------------------------------------------------------------------------

Size of A & B are not power of 2:
Next 2 power of 60 = 64
Value to be padded = 4
--------------------------------------------------

==================== Print (N)^2 padded matrix system =======================
Padded shape of A: (60, 60)x(60, 60) -> (64, 64)x(64, 64)
Padded shape of B: (60,) -> (64,)
Determinant of padded matrix: 2.3931692279160982e-26
Condition # of padded matrix: 375.6574708225859


Matrix is not Hermitian. Making it Hermitian.......

==================== Print Hermitian matrix system info =======================
Shape of hermitian A: 64x64 -> 128x128
Shape of           B: 64 -> 128
Determinant of Hermitian matrix: 5.727258953445021e-52
Condition # of Hermitian matrix: 375.657470822588

=================================== Generating HHL circuit ===================================
Time elapsed for generating HHL circuit: 5 min 11.67 sec

Generated circuit: num_qubits=18, gates=23, depth=5
============================== Generated Circuit saved ==============================

============================== Transpiling circuit ==============================
This is using the AerSimulator('aer_simulator_statevector') transpiler.
Time elapsed for transpiling the circuit:  0 min 43.54 sec
Transpiled circuit, num_qubits: 18, (original: 18)
Transpiled circuit depth: 464195 (original: 5)
Transpiled circuit gates: 464347 (original: 23)
============================== Transpiled Circuit saved ==============================
Time elapsed for running the circuit:  2 min 26.00 sec
total_qubits: 18, nq:7

Time elapsed for extracting shots-based hhl counts solution:  0 min 0.00 sec

[HHL info]: linear system residual (e=||Ax-b||_2): 18.36439347101786
[HHL info]: Fidelity(true_sol, hhl_sol): 0.8464358622705721
[HHL info]: L2 error (absolute): 4.178425242015121
[HHL info]: L2 error (relative): 0.9819150440761962
[HHL info]: L2 error (normalized): 0.3999512716369503

========================================================================================
 Compare system solutions using LU of A, LU sol of A_herm, HHL of Ax=b hermition system
LU sol 	    Herm LU sol    HHL sol    L1_diff(%)
-2.041e-04  -2.041e-04  -0.000e+00  1.000e+02
-1.813e-04  -1.813e-04  -0.000e+00  1.000e+02
-5.530e-04  -5.530e-04  -0.000e+00  1.000e+02
-7.199e-04  -7.199e-04  -0.000e+00  1.000e+02
-6.749e-04  -6.749e-04  -0.000e+00  1.000e+02
-2.005e-03  -2.005e-03  -0.000e+00  1.000e+02
-1.711e-03  -1.711e-03  -0.000e+00  1.000e+02
-1.714e-03  -1.714e-03  -0.000e+00  1.000e+02
-4.919e-03  -4.919e-03  -0.000e+00  1.000e+02
-4.133e-03  -4.133e-03  -0.000e+00  1.000e+02
-4.135e-03  -4.135e-03  -0.000e+00  1.000e+02
-1.184e-02  -1.184e-02  -0.000e+00  1.000e+02
-1.083e-02  -1.083e-02  -0.000e+00  1.000e+02
-1.009e-02  -1.009e-02  -0.000e+00  1.000e+02
-3.008e-02  -3.008e-02  -0.000e+00  1.000e+02
-2.763e-02  -2.763e-02  -0.000e+00  1.000e+02
-2.395e-02  -2.395e-02  -0.000e+00  1.000e+02
-7.439e-02  -7.439e-02  -0.000e+00  1.000e+02
-6.392e-02  -6.392e-02  -8.832e-03  8.618e+01
-5.480e-02  -5.480e-02  -0.000e+00  1.000e+02
-1.579e-01  -1.579e-01  -0.000e+00  1.000e+02
-9.652e-02  -9.652e-02  -0.000e+00  1.000e+02
-1.132e-01  -1.132e-01  -0.000e+00  1.000e+02
-2.559e-01  -2.559e-01  -0.000e+00  1.000e+02
-1.831e-01  -1.831e-01  -8.832e-03  9.518e+01
-1.912e-01  -1.912e-01  -0.000e+00  1.000e+02
-4.913e-01  -4.913e-01  -8.832e-03  9.820e+01
-2.846e-01  -2.846e-01  -1.249e-02  9.561e+01
-2.883e-01  -2.883e-01  -0.000e+00  1.000e+02
-6.964e-01  -6.964e-01  -1.975e-02  9.716e+01
-3.579e-01  -3.579e-01  -8.832e-03  9.753e+01
-3.920e-01  -3.920e-01  -0.000e+00  1.000e+02
-8.755e-01  -8.755e-01  -2.163e-02  9.753e+01
-3.993e-01  -3.993e-01  -8.832e-03  9.779e+01
-4.166e-01  -4.166e-01  -0.000e+00  1.000e+02
-1.033e+00  -1.033e+00  -2.650e-02  9.743e+01
-4.274e-01  -4.274e-01  -1.249e-02  9.708e+01
-4.395e-01  -4.395e-01  -0.000e+00  1.000e+02
-1.104e+00  -1.104e+00  -2.498e-02  9.774e+01
-4.317e-01  -4.317e-01  -8.832e-03  9.795e+01
-4.667e-01  -4.667e-01  -1.249e-02  9.732e+01
-1.130e+00  -1.130e+00  -2.337e-02  9.793e+01
-4.428e-01  -4.428e-01  -8.832e-03  9.801e+01
-4.742e-01  -4.742e-01  -0.000e+00  1.000e+02
-1.180e+00  -1.180e+00  -1.766e-02  9.850e+01
-4.745e-01  -4.745e-01  -8.832e-03  9.814e+01
-4.967e-01  -4.967e-01  -8.832e-03  9.822e+01
-1.179e+00  -1.179e+00  -1.249e-02  9.894e+01
-4.676e-01  -4.676e-01  -0.000e+00  1.000e+02
-4.944e-01  -4.944e-01  -1.249e-02  9.747e+01
-1.211e+00  -1.211e+00  -1.975e-02  9.837e+01
-4.349e-01  -4.349e-01  -8.832e-03  9.797e+01
-4.615e-01  -4.615e-01  -0.000e+00  1.000e+02
-1.241e+00  -1.241e+00  -2.337e-02  9.812e+01
-4.938e-01  -4.938e-01  -8.832e-03  9.821e+01
-5.243e-01  -5.243e-01  -1.766e-02  9.663e+01
-1.191e+00  -1.191e+00  -2.337e-02  9.804e+01
-4.302e-01  -4.302e-01  -0.000e+00  1.000e+02
-4.697e-01  -4.697e-01  -8.832e-03  9.812e+01
-1.187e+00  -1.187e+00  -2.163e-02  9.818e+01
========================================================================================

step: 13/15 res:18.608263281391803, res/res0:0.8293266592633595  dq_norm: [0.03184469 0.02792964 0.07229408]

A info: before HHL prepare:
Spectral radius (A): 9.855e+01, lambda_min:6.3444718747039515
condition number(A): 1.553e+01, norm2_cond:375.3025437711395
det(A): 1.027e+94
--------------------------------------------------------------------------------

A_hhl info: after scaling by spectral radius:
Spectral radius (A): 1.000e+00, lambda_min:0.06438089747662673
condition number(A): 1.553e+01, norm2_cond:375.302543771138
det(A): 2.473e-26, nnz: 14 non zeros per row
--------------------------------------------------------------------------------

Size of A & B are not power of 2:
Next 2 power of 60 = 64
Value to be padded = 4
--------------------------------------------------

==================== Print (N)^2 padded matrix system =======================
Padded shape of A: (60, 60)x(60, 60) -> (64, 64)x(64, 64)
Padded shape of B: (60,) -> (64,)
Determinant of padded matrix: 2.4732944221566686e-26
Condition # of padded matrix: 375.302543771138


Matrix is not Hermitian. Making it Hermitian.......

==================== Print Hermitian matrix system info =======================
Shape of hermitian A: 64x64 -> 128x128
Shape of           B: 64 -> 128
Determinant of Hermitian matrix: 6.1171852986709415e-52
Condition # of Hermitian matrix: 375.30254377114306

=================================== Generating HHL circuit ===================================
Time elapsed for generating HHL circuit: 5 min 16.34 sec

Generated circuit: num_qubits=18, gates=23, depth=5
============================== Generated Circuit saved ==============================

============================== Transpiling circuit ==============================
This is using the AerSimulator('aer_simulator_statevector') transpiler.
Time elapsed for transpiling the circuit:  0 min 44.85 sec
Transpiled circuit, num_qubits: 18, (original: 18)
Transpiled circuit depth: 464201 (original: 5)
Transpiled circuit gates: 464353 (original: 23)
============================== Transpiled Circuit saved ==============================
Time elapsed for running the circuit:  2 min 23.33 sec
total_qubits: 18, nq:7

Time elapsed for extracting shots-based hhl counts solution:  0 min 0.00 sec

[HHL info]: linear system residual (e=||Ax-b||_2): 16.85552740431452
[HHL info]: Fidelity(true_sol, hhl_sol): 0.8660545629516403
[HHL info]: L2 error (absolute): 3.917200882694703
[HHL info]: L2 error (relative): 0.939258143997609
[HHL info]: L2 error (normalized): 0.37250362212364485

========================================================================================
 Compare system solutions using LU of A, LU sol of A_herm, HHL of Ax=b hermition system
LU sol 	    Herm LU sol    HHL sol    L1_diff(%)
-2.034e-04  -2.034e-04  -0.000e+00  1.000e+02
-1.809e-04  -1.809e-04  -0.000e+00  1.000e+02
-5.513e-04  -5.513e-04  -0.000e+00  1.000e+02
-7.198e-04  -7.198e-04  -0.000e+00  1.000e+02
-6.753e-04  -6.753e-04  -0.000e+00  1.000e+02
-2.005e-03  -2.005e-03  -0.000e+00  1.000e+02
-1.716e-03  -1.716e-03  -0.000e+00  1.000e+02
-1.716e-03  -1.716e-03  -0.000e+00  1.000e+02
-4.928e-03  -4.928e-03  -0.000e+00  1.000e+02
-4.146e-03  -4.146e-03  -0.000e+00  1.000e+02
-4.141e-03  -4.141e-03  -0.000e+00  1.000e+02
-1.188e-02  -1.188e-02  -0.000e+00  1.000e+02
-1.084e-02  -1.084e-02  -0.000e+00  1.000e+02
-1.007e-02  -1.007e-02  -0.000e+00  1.000e+02
-3.007e-02  -3.007e-02  -0.000e+00  1.000e+02
-2.767e-02  -2.767e-02  -0.000e+00  1.000e+02
-2.407e-02  -2.407e-02  -0.000e+00  1.000e+02
-7.449e-02  -7.449e-02  -0.000e+00  1.000e+02
-5.511e-02  -5.511e-02  -0.000e+00  1.000e+02
-5.502e-02  -5.502e-02  -0.000e+00  1.000e+02
-1.582e-01  -1.582e-01  -0.000e+00  1.000e+02
-9.585e-02  -9.585e-02  -0.000e+00  1.000e+02
-1.128e-01  -1.128e-01  -0.000e+00  1.000e+02
-2.543e-01  -2.543e-01  -0.000e+00  1.000e+02
-1.721e-01  -1.721e-01  -0.000e+00  1.000e+02
-1.912e-01  -1.912e-01  -0.000e+00  1.000e+02
-4.780e-01  -4.780e-01  -2.985e-02  9.376e+01
-2.689e-01  -2.689e-01  -0.000e+00  1.000e+02
-2.884e-01  -2.884e-01  -4.222e-02  8.536e+01
-6.704e-01  -6.704e-01  -5.970e-02  9.109e+01
-3.451e-01  -3.451e-01  -0.000e+00  1.000e+02
-3.914e-01  -3.914e-01  -2.985e-02  9.237e+01
-8.447e-01  -8.447e-01  -2.985e-02  9.647e+01
-3.862e-01  -3.862e-01  -0.000e+00  1.000e+02
-4.170e-01  -4.170e-01  -2.985e-02  9.284e+01
-9.951e-01  -9.951e-01  -7.312e-02  9.265e+01
-4.117e-01  -4.117e-01  -0.000e+00  1.000e+02
-4.398e-01  -4.398e-01  -2.985e-02  9.321e+01
-1.071e+00  -1.071e+00  -7.898e-02  9.263e+01
-4.204e-01  -4.204e-01  -0.000e+00  1.000e+02
-4.533e-01  -4.533e-01  -2.985e-02  9.341e+01
-1.101e+00  -1.101e+00  -8.955e-02  9.187e+01
-4.333e-01  -4.333e-01  -2.985e-02  9.311e+01
-4.758e-01  -4.758e-01  -4.222e-02  9.113e+01
-1.161e+00  -1.161e+00  -8.955e-02  9.229e+01
-4.663e-01  -4.663e-01  -2.985e-02  9.360e+01
-4.870e-01  -4.870e-01  -2.985e-02  9.387e+01
-1.169e+00  -1.169e+00  -5.970e-02  9.489e+01
-4.674e-01  -4.674e-01  -2.985e-02  9.361e+01
-4.807e-01  -4.807e-01  -2.985e-02  9.379e+01
-1.188e+00  -1.188e+00  -7.312e-02  9.385e+01
-4.263e-01  -4.263e-01  -2.985e-02  9.300e+01
-4.631e-01  -4.631e-01  -0.000e+00  1.000e+02
-1.217e+00  -1.217e+00  -6.675e-02  9.452e+01
-4.875e-01  -4.875e-01  -5.170e-02  8.939e+01
-5.065e-01  -5.065e-01  -0.000e+00  1.000e+02
-1.172e+00  -1.172e+00  -7.312e-02  9.376e+01
-4.337e-01  -4.337e-01  -5.170e-02  8.808e+01
-4.609e-01  -4.609e-01  -0.000e+00  1.000e+02
-1.172e+00  -1.172e+00  -7.312e-02  9.376e+01
========================================================================================

step: 14/15 res:18.36398700673109, res/res0:0.8184398385139856  dq_norm: [0.09439639 0.09439639 0.23880608]
Completed: 14 steps in 7780.89s
Saved metadata to /lustre/orion/stf006/scratch/4klornl/fvm_euler_1d_solver/output_parallel_shots/nelem20/statevector/shots_5000/trial_6/metadata_nelem20_HHL_statevector_nshots5000.pkl

Solution summary:
  x/L: [0.0250, 0.9750]
  Mach: [1.5000, 1.7062]
  p/p_in: [1.0000, 0.7724]
  rho/rho_in: [1.0000, 0.8291]
Saved combined plot to /lustre/orion/stf006/scratch/4klornl/fvm_euler_1d_solver/output_parallel_shots/nelem20/statevector/shots_5000/trial_6/solution_plot_nelem20_HHL_statevector_nshots5000.png
