
------------------------------------------------------------
Using ideal local simulator with 'statevector' method
Backend: aer_simulator_statevector
Shots: 5000
------------------------------------------------------------

A info: before HHL prepare:
Spectral radius (A): 2.241e+01, lambda_min:2.3074021727489433
condition number(A): 9.710e+00, norm2_cond:95.97789014324577
det(A): 9.333e+14
--------------------------------------------------------------------------------

A_hhl info: after scaling by spectral radius:
Spectral radius (A): 1.000e+00, lambda_min:0.1029832130561069
condition number(A): 9.710e+00, norm2_cond:95.9778901432457
det(A): 5.184e-06, nnz: 10 non zeros per row
--------------------------------------------------------------------------------

Size of A & B are not power of 2:
Next 2 power of 15 = 16
Value to be padded = 1
--------------------------------------------------

==================== Print (N)^2 padded matrix system =======================
Padded shape of A: (15, 15)x(15, 15) -> (16, 16)x(16, 16)
Padded shape of B: (15,) -> (16,)
Determinant of padded matrix: 5.183984510966138e-06
Condition # of padded matrix: 95.9778901432457


Matrix is not Hermitian. Making it Hermitian.......

==================== Print Hermitian matrix system info =======================
Shape of hermitian A: 16x16 -> 32x32
Shape of           B: 16 -> 32
Determinant of Hermitian matrix: 2.6873695409936828e-11
Condition # of Hermitian matrix: 95.9778901432459

=================================== Generating HHL circuit ===================================
Time elapsed for generating HHL circuit: 0 min 8.18 sec

Generated circuit: num_qubits=14, gates=19, depth=5
============================== Generated Circuit saved ==============================

============================== Transpiling circuit ==============================
This is using the AerSimulator('aer_simulator_statevector') transpiler.
Time elapsed for transpiling the circuit:  0 min 1.65 sec
Transpiled circuit, num_qubits: 14, (original: 14)
Transpiled circuit depth: 22395 (original: 5)
Transpiled circuit gates: 22499 (original: 19)
============================== Transpiled Circuit saved ==============================
Time elapsed for running the circuit:  0 min 1.96 sec
total_qubits: 14, nq:5

Time elapsed for extracting shots-based hhl counts solution:  0 min 0.00 sec

[HHL info]: linear system residual (e=||Ax-b||_2): 5.707861598956949
[HHL info]: Fidelity(true_sol, hhl_sol): 0.9812156238741073
[HHL info]: L2 error (absolute): 0.5345841583387627
[HHL info]: L2 error (relative): 0.19765855734071047
[HHL info]: L2 error (normalized): 0.1373805943142037

========================================================================================
 Compare system solutions using LU of A, LU sol of A_herm, HHL of Ax=b hermition system
LU sol 	    Herm LU sol    HHL sol    L1_diff(%)
-1.705e-02  -1.705e-02  -0.000e+00  1.000e+02
-7.527e-03  -7.527e-03  -0.000e+00  1.000e+02
-3.946e-02  -3.946e-02  -0.000e+00  1.000e+02
-1.283e-01  -1.283e-01  -0.000e+00  1.000e+02
-6.877e-02  -6.877e-02  -0.000e+00  1.000e+02
-2.800e-01  -2.800e-01  -2.685e-01  4.121e+00
-4.114e-01  -4.114e-01  -2.685e-01  3.475e+01
-4.227e-01  -4.227e-01  -2.685e-01  3.649e+01
-1.109e+00  -1.109e+00  -1.040e+00  6.276e+00
-5.252e-01  -5.252e-01  -4.650e-01  1.146e+01
-5.558e-01  -5.558e-01  -4.650e-01  1.633e+01
-1.428e+00  -1.428e+00  -1.230e+00  1.383e+01
-5.637e-01  -5.637e-01  -4.650e-01  1.751e+01
-5.958e-01  -5.958e-01  -2.685e-01  5.494e+01
-1.529e+00  -1.529e+00  -1.315e+00  1.399e+01
========================================================================================

step: 0/15 res:12.375368413827264, res/res0:1.0  dq_norm: [0.71032214 0.60033178 2.09686877]

A info: before HHL prepare:
Spectral radius (A): 2.384e+01, lambda_min:4.18854492098411
condition number(A): 5.691e+00, norm2_cond:50.84413103606548
det(A): 2.584e+16
--------------------------------------------------------------------------------

A_hhl info: after scaling by spectral radius:
Spectral radius (A): 1.000e+00, lambda_min:0.1757295820688726
condition number(A): 5.691e+00, norm2_cond:50.84413103606551
det(A): 5.676e-05, nnz: 11 non zeros per row
--------------------------------------------------------------------------------

Size of A & B are not power of 2:
Next 2 power of 15 = 16
Value to be padded = 1
--------------------------------------------------

==================== Print (N)^2 padded matrix system =======================
Padded shape of A: (15, 15)x(15, 15) -> (16, 16)x(16, 16)
Padded shape of B: (15,) -> (16,)
Determinant of padded matrix: 5.6757594371639626e-05
Condition # of padded matrix: 50.84413103606551


Matrix is not Hermitian. Making it Hermitian.......

==================== Print Hermitian matrix system info =======================
Shape of hermitian A: 16x16 -> 32x32
Shape of           B: 16 -> 32
Determinant of Hermitian matrix: 3.2214245188556127e-09
Condition # of Hermitian matrix: 50.84413103606544

=================================== Generating HHL circuit ===================================
Time elapsed for generating HHL circuit: 0 min 7.28 sec

Generated circuit: num_qubits=13, gates=18, depth=5
============================== Generated Circuit saved ==============================

============================== Transpiling circuit ==============================
This is using the AerSimulator('aer_simulator_statevector') transpiler.
Time elapsed for transpiling the circuit:  0 min 1.50 sec
Transpiled circuit, num_qubits: 13, (original: 13)
Transpiled circuit depth: 19310 (original: 5)
Transpiled circuit gates: 19395 (original: 18)
============================== Transpiled Circuit saved ==============================
Time elapsed for running the circuit:  0 min 1.41 sec
total_qubits: 13, nq:5

Time elapsed for extracting shots-based hhl counts solution:  0 min 0.00 sec

[HHL info]: linear system residual (e=||Ax-b||_2): 3.6199495272227735
[HHL info]: Fidelity(true_sol, hhl_sol): 0.933883999007344
[HHL info]: L2 error (absolute): 0.17329385792767527
[HHL info]: L2 error (relative): 0.35995005756053217
[HHL info]: L2 error (normalized): 0.2593193490002811

========================================================================================
 Compare system solutions using LU of A, LU sol of A_herm, HHL of Ax=b hermition system
LU sol 	    Herm LU sol    HHL sol    L1_diff(%)
-1.206e-02  -1.206e-02  -0.000e+00  1.000e+02
-5.216e-03  -5.216e-03  -0.000e+00  1.000e+02
-2.751e-02  -2.751e-02  -0.000e+00  1.000e+02
-1.124e-01  -1.124e-01  -5.508e-02  5.098e+01
-6.685e-02  -6.685e-02  -5.508e-02  1.761e+01
 4.222e-02   4.222e-02   0.000e+00  1.000e+02
-1.123e-01  -1.123e-01  -7.790e-02  3.064e+01
-1.548e-01  -1.548e-01  -7.790e-02  4.969e+01
 1.413e-02   1.413e-02   0.000e+00  1.000e+02
-3.240e-02  -3.240e-02  -7.790e-02  1.404e+02
-9.690e-02  -9.690e-02  -5.508e-02  4.316e+01
-1.213e-01  -1.213e-01  -1.232e-01  1.574e+00
-7.937e-02  -7.937e-02  -5.508e-02  3.060e+01
-3.286e-01  -3.286e-01  -2.271e-01  3.088e+01
-1.892e-01  -1.892e-01  -1.457e-01  2.297e+01
========================================================================================

step: 1/15 res:5.996583222153599, res/res0:0.484557955903235  dq_norm: [0.13492085 0.25241379 0.19080689]

A info: before HHL prepare:
Spectral radius (A): 2.444e+01, lambda_min:4.4678277803979425
condition number(A): 5.471e+00, norm2_cond:57.49734199916762
det(A): 2.369e+16
--------------------------------------------------------------------------------

A_hhl info: after scaling by spectral radius:
Spectral radius (A): 1.000e+00, lambda_min:0.18277153428256546
condition number(A): 5.471e+00, norm2_cond:57.49734199916761
det(A): 3.562e-05, nnz: 11 non zeros per row
--------------------------------------------------------------------------------

Size of A & B are not power of 2:
Next 2 power of 15 = 16
Value to be padded = 1
--------------------------------------------------

==================== Print (N)^2 padded matrix system =======================
Padded shape of A: (15, 15)x(15, 15) -> (16, 16)x(16, 16)
Padded shape of B: (15,) -> (16,)
Determinant of padded matrix: 3.5621699008112985e-05
Condition # of padded matrix: 57.49734199916761


Matrix is not Hermitian. Making it Hermitian.......

==================== Print Hermitian matrix system info =======================
Shape of hermitian A: 16x16 -> 32x32
Shape of           B: 16 -> 32
Determinant of Hermitian matrix: 1.2689054402246021e-09
Condition # of Hermitian matrix: 57.49734199916775

=================================== Generating HHL circuit ===================================
Time elapsed for generating HHL circuit: 0 min 7.48 sec

Generated circuit: num_qubits=13, gates=18, depth=5
============================== Generated Circuit saved ==============================

============================== Transpiling circuit ==============================
This is using the AerSimulator('aer_simulator_statevector') transpiler.
Time elapsed for transpiling the circuit:  0 min 1.48 sec
Transpiled circuit, num_qubits: 13, (original: 13)
Transpiled circuit depth: 19316 (original: 5)
Transpiled circuit gates: 19401 (original: 18)
============================== Transpiled Circuit saved ==============================
Time elapsed for running the circuit:  0 min 1.42 sec
total_qubits: 13, nq:5

Time elapsed for extracting shots-based hhl counts solution:  0 min 0.00 sec

[HHL info]: linear system residual (e=||Ax-b||_2): 4.11250107548297
[HHL info]: Fidelity(true_sol, hhl_sol): 0.44658325666383714
[HHL info]: L2 error (absolute): 0.12216426844965754
[HHL info]: L2 error (relative): 0.7463680761622014
[HHL info]: L2 error (normalized): 0.8145319507714446

========================================================================================
 Compare system solutions using LU of A, LU sol of A_herm, HHL of Ax=b hermition system
LU sol 	    Herm LU sol    HHL sol    L1_diff(%)
-1.226e-02  -1.226e-02  -0.000e+00  1.000e+02
-4.453e-03  -4.453e-03  -0.000e+00  1.000e+02
-2.769e-02  -2.769e-02  -0.000e+00  1.000e+02
-5.965e-02  -5.965e-02  -4.062e-02  3.190e+01
-1.476e-02  -1.476e-02  -0.000e+00  1.000e+02
 2.449e-02   2.449e-02   0.000e+00  1.000e+02
-3.940e-02  -3.940e-02  -0.000e+00  1.000e+02
-7.727e-02  -7.727e-02  -0.000e+00  1.000e+02
-5.654e-03  -5.654e-03  -0.000e+00  1.000e+02
 4.887e-02   4.887e-02   0.000e+00  1.000e+02
-3.217e-02  -3.217e-02  -0.000e+00  1.000e+02
 9.656e-03   9.656e-03   4.062e-02  3.207e+02
-3.253e-03  -3.253e-03  -0.000e+00  1.000e+02
-9.931e-02  -9.931e-02  -8.124e-02  1.820e+01
 2.310e-02   2.310e-02   0.000e+00  1.000e+02
========================================================================================

step: 2/15 res:3.795966901723144, res/res0:0.3067356683686143  dq_norm: [0.04061842 0.08123684 0.04061842]

A info: before HHL prepare:
Spectral radius (A): 2.431e+01, lambda_min:5.022619054210423
condition number(A): 4.840e+00, norm2_cond:64.5864414741559
det(A): 1.658e+16
--------------------------------------------------------------------------------

A_hhl info: after scaling by spectral radius:
Spectral radius (A): 1.000e+00, lambda_min:0.20662911393449931
condition number(A): 4.840e+00, norm2_cond:64.58644147415616
det(A): 2.713e-05, nnz: 11 non zeros per row
--------------------------------------------------------------------------------

Size of A & B are not power of 2:
Next 2 power of 15 = 16
Value to be padded = 1
--------------------------------------------------

==================== Print (N)^2 padded matrix system =======================
Padded shape of A: (15, 15)x(15, 15) -> (16, 16)x(16, 16)
Padded shape of B: (15,) -> (16,)
Determinant of padded matrix: 2.7130500246936634e-05
Condition # of padded matrix: 64.58644147415616


Matrix is not Hermitian. Making it Hermitian.......

==================== Print Hermitian matrix system info =======================
Shape of hermitian A: 16x16 -> 32x32
Shape of           B: 16 -> 32
Determinant of Hermitian matrix: 7.360640436490263e-10
Condition # of Hermitian matrix: 64.58644147415599

=================================== Generating HHL circuit ===================================
Time elapsed for generating HHL circuit: 0 min 8.68 sec

Generated circuit: num_qubits=14, gates=19, depth=5
============================== Generated Circuit saved ==============================

============================== Transpiling circuit ==============================
This is using the AerSimulator('aer_simulator_statevector') transpiler.
Time elapsed for transpiling the circuit:  0 min 1.73 sec
Transpiled circuit, num_qubits: 14, (original: 14)
Transpiled circuit depth: 22389 (original: 5)
Transpiled circuit gates: 22493 (original: 19)
============================== Transpiled Circuit saved ==============================
Time elapsed for running the circuit:  0 min 1.97 sec
total_qubits: 14, nq:5

Time elapsed for extracting shots-based hhl counts solution:  0 min 0.00 sec

[HHL info]: linear system residual (e=||Ax-b||_2): 3.9546527898625423
[HHL info]: Fidelity(true_sol, hhl_sol): 0.3587540240375843
[HHL info]: L2 error (absolute): 0.10844265843548279
[HHL info]: L2 error (relative): 0.8541689201076964
[HHL info]: L2 error (normalized): 0.8955883130905482

========================================================================================
 Compare system solutions using LU of A, LU sol of A_herm, HHL of Ax=b hermition system
LU sol 	    Herm LU sol    HHL sol    L1_diff(%)
-1.213e-02  -1.213e-02  -0.000e+00  1.000e+02
-4.470e-03  -4.470e-03  -0.000e+00  1.000e+02
-2.786e-02  -2.786e-02  -0.000e+00  1.000e+02
-1.854e-02  -1.854e-02  -0.000e+00  1.000e+02
-1.563e-02  -1.563e-02  -0.000e+00  1.000e+02
 1.929e-02   1.929e-02   0.000e+00  1.000e+02
-3.851e-02  -3.851e-02  -0.000e+00  1.000e+02
-7.604e-02  -7.604e-02  -3.830e-02  4.963e+01
-5.320e-03  -5.320e-03  -0.000e+00  1.000e+02
 5.267e-02   5.267e-02   0.000e+00  1.000e+02
-3.175e-02  -3.175e-02  -0.000e+00  1.000e+02
-1.610e-02  -1.610e-02  -0.000e+00  1.000e+02
 3.796e-03   3.796e-03   0.000e+00  1.000e+02
-1.827e-02  -1.827e-02  -0.000e+00  1.000e+02
 5.031e-02   5.031e-02   0.000e+00  1.000e+02
========================================================================================

step: 3/15 res:4.121123827991331, res/res0:0.33301019332779713  dq_norm: [0.         0.03830406 0.        ]

A info: before HHL prepare:
Spectral radius (A): 2.422e+01, lambda_min:4.95755387245982
condition number(A): 4.885e+00, norm2_cond:64.98036733960019
det(A): 1.512e+16
--------------------------------------------------------------------------------

A_hhl info: after scaling by spectral radius:
Spectral radius (A): 1.000e+00, lambda_min:0.20469175787136884
condition number(A): 4.885e+00, norm2_cond:64.98036733960008
det(A): 2.613e-05, nnz: 11 non zeros per row
--------------------------------------------------------------------------------

Size of A & B are not power of 2:
Next 2 power of 15 = 16
Value to be padded = 1
--------------------------------------------------

==================== Print (N)^2 padded matrix system =======================
Padded shape of A: (15, 15)x(15, 15) -> (16, 16)x(16, 16)
Padded shape of B: (15,) -> (16,)
Determinant of padded matrix: 2.6127851991048413e-05
Condition # of padded matrix: 64.98036733960008


Matrix is not Hermitian. Making it Hermitian.......

==================== Print Hermitian matrix system info =======================
Shape of hermitian A: 16x16 -> 32x32
Shape of           B: 16 -> 32
Determinant of Hermitian matrix: 6.826646496661325e-10
Condition # of Hermitian matrix: 64.98036733960035

=================================== Generating HHL circuit ===================================
Time elapsed for generating HHL circuit: 0 min 8.70 sec

Generated circuit: num_qubits=14, gates=19, depth=5
============================== Generated Circuit saved ==============================

============================== Transpiling circuit ==============================
This is using the AerSimulator('aer_simulator_statevector') transpiler.
Time elapsed for transpiling the circuit:  0 min 1.66 sec
Transpiled circuit, num_qubits: 14, (original: 14)
Transpiled circuit depth: 22397 (original: 5)
Transpiled circuit gates: 22501 (original: 19)
============================== Transpiled Circuit saved ==============================
Time elapsed for running the circuit:  0 min 1.97 sec
total_qubits: 14, nq:5

Time elapsed for extracting shots-based hhl counts solution:  0 min 0.00 sec

[HHL info]: linear system residual (e=||Ax-b||_2): 1.282645938819382
[HHL info]: Fidelity(true_sol, hhl_sol): 0.44073738068589424
[HHL info]: L2 error (absolute): 0.08629402995267238
[HHL info]: L2 error (relative): 0.7980917627983636
[HHL info]: L2 error (normalized): 0.8199017660663191

========================================================================================
 Compare system solutions using LU of A, LU sol of A_herm, HHL of Ax=b hermition system
LU sol 	    Herm LU sol    HHL sol    L1_diff(%)
-1.185e-02  -1.185e-02  -0.000e+00  1.000e+02
-4.377e-03  -4.377e-03  -0.000e+00  1.000e+02
-2.761e-02  -2.761e-02  -0.000e+00  1.000e+02
-1.732e-02  -1.732e-02  -0.000e+00  1.000e+02
-1.477e-02  -1.477e-02  -0.000e+00  1.000e+02
 2.299e-02   2.299e-02   0.000e+00  1.000e+02
-3.819e-02  -3.819e-02  -0.000e+00  1.000e+02
-3.898e-02  -3.898e-02  -0.000e+00  1.000e+02
-2.144e-03  -2.144e-03  -0.000e+00  1.000e+02
 5.201e-02   5.201e-02   7.207e-02  3.858e+01
-3.098e-02  -3.098e-02  -0.000e+00  1.000e+02
-1.722e-02  -1.722e-02  -0.000e+00  1.000e+02
 3.276e-03   3.276e-03   0.000e+00  1.000e+02
-1.783e-02  -1.783e-02  -0.000e+00  1.000e+02
 4.951e-02   4.951e-02   7.207e-02  4.556e+01
========================================================================================

step: 4/15 res:3.9553581608101607, res/res0:0.3196153866733175  dq_norm: [0.0720681 0.        0.0720681]

A info: before HHL prepare:
Spectral radius (A): 2.376e+01, lambda_min:4.318996135751323
condition number(A): 5.502e+00, norm2_cond:64.60749141108626
det(A): 1.063e+16
--------------------------------------------------------------------------------

A_hhl info: after scaling by spectral radius:
Spectral radius (A): 1.000e+00, lambda_min:0.18174789637859934
condition number(A): 5.502e+00, norm2_cond:64.60749141108629
det(A): 2.443e-05, nnz: 11 non zeros per row
--------------------------------------------------------------------------------

Size of A & B are not power of 2:
Next 2 power of 15 = 16
Value to be padded = 1
--------------------------------------------------

==================== Print (N)^2 padded matrix system =======================
Padded shape of A: (15, 15)x(15, 15) -> (16, 16)x(16, 16)
Padded shape of B: (15,) -> (16,)
Determinant of padded matrix: 2.4433157727219216e-05
Condition # of padded matrix: 64.60749141108629


Matrix is not Hermitian. Making it Hermitian.......

==================== Print Hermitian matrix system info =======================
Shape of hermitian A: 16x16 -> 32x32
Shape of           B: 16 -> 32
Determinant of Hermitian matrix: 5.969791965231699e-10
Condition # of Hermitian matrix: 64.60749141108647

=================================== Generating HHL circuit ===================================
Time elapsed for generating HHL circuit: 0 min 8.62 sec

Generated circuit: num_qubits=14, gates=19, depth=5
============================== Generated Circuit saved ==============================

============================== Transpiling circuit ==============================
This is using the AerSimulator('aer_simulator_statevector') transpiler.
Time elapsed for transpiling the circuit:  0 min 1.71 sec
Transpiled circuit, num_qubits: 14, (original: 14)
Transpiled circuit depth: 22397 (original: 5)
Transpiled circuit gates: 22501 (original: 19)
============================== Transpiled Circuit saved ==============================
Time elapsed for running the circuit:  0 min 1.95 sec
total_qubits: 14, nq:5

Time elapsed for extracting shots-based hhl counts solution:  0 min 0.00 sec

[HHL info]: linear system residual (e=||Ax-b||_2): 0.861424338016388
[HHL info]: Fidelity(true_sol, hhl_sol): 0.8030870547127811
[HHL info]: L2 error (absolute): 0.0374825283289451
[HHL info]: L2 error (relative): 0.4503105265915243
[HHL info]: L2 error (normalized): 0.45573842180555746

========================================================================================
 Compare system solutions using LU of A, LU sol of A_herm, HHL of Ax=b hermition system
LU sol 	    Herm LU sol    HHL sol    L1_diff(%)
-1.241e-02  -1.241e-02  -0.000e+00  1.000e+02
-4.517e-03  -4.517e-03  -0.000e+00  1.000e+02
-2.855e-02  -2.855e-02  -0.000e+00  1.000e+02
-1.801e-02  -1.801e-02  -2.578e-02  4.319e+01
-1.550e-02  -1.550e-02  -1.489e-02  3.965e+00
 2.031e-02   2.031e-02   1.489e-02  2.670e+01
-3.418e-02  -3.418e-02  -2.578e-02  2.457e+01
-3.634e-02  -3.634e-02  -3.329e-02  8.407e+00
 7.232e-03   7.232e-03   0.000e+00  1.000e+02
-1.252e-02  -1.252e-02  -1.489e-02  1.890e+01
-3.424e-02  -3.424e-02  -2.578e-02  2.470e+01
-1.169e-02  -1.169e-02  -1.489e-02  2.730e+01
 3.331e-03   3.331e-03   0.000e+00  1.000e+02
-1.874e-02  -1.874e-02  -2.105e-02  1.232e+01
-2.433e-02  -2.433e-02  -1.489e-02  3.883e+01
========================================================================================

step: 5/15 res:1.3287905821788684, res/res0:0.10737382013566418  dq_norm: [0.03938542 0.04937224 0.02578381]

A info: before HHL prepare:
Spectral radius (A): 2.401e+01, lambda_min:4.165138044072459
condition number(A): 5.766e+00, norm2_cond:67.62662666441021
det(A): 1.027e+16
--------------------------------------------------------------------------------

A_hhl info: after scaling by spectral radius:
Spectral radius (A): 1.000e+00, lambda_min:0.17343914717470718
condition number(A): 5.766e+00, norm2_cond:67.62662666441014
det(A): 2.015e-05, nnz: 11 non zeros per row
--------------------------------------------------------------------------------

Size of A & B are not power of 2:
Next 2 power of 15 = 16
Value to be padded = 1
--------------------------------------------------

==================== Print (N)^2 padded matrix system =======================
Padded shape of A: (15, 15)x(15, 15) -> (16, 16)x(16, 16)
Padded shape of B: (15,) -> (16,)
Determinant of padded matrix: 2.015048834486887e-05
Condition # of padded matrix: 67.62662666441014


Matrix is not Hermitian. Making it Hermitian.......

==================== Print Hermitian matrix system info =======================
Shape of hermitian A: 16x16 -> 32x32
Shape of           B: 16 -> 32
Determinant of Hermitian matrix: 4.060421805366977e-10
Condition # of Hermitian matrix: 67.62662666441032

=================================== Generating HHL circuit ===================================
Time elapsed for generating HHL circuit: 0 min 8.98 sec

Generated circuit: num_qubits=14, gates=19, depth=5
============================== Generated Circuit saved ==============================

============================== Transpiling circuit ==============================
This is using the AerSimulator('aer_simulator_statevector') transpiler.
Time elapsed for transpiling the circuit:  0 min 1.64 sec
Transpiled circuit, num_qubits: 14, (original: 14)
Transpiled circuit depth: 22391 (original: 5)
Transpiled circuit gates: 22495 (original: 19)
============================== Transpiled Circuit saved ==============================
Time elapsed for running the circuit:  0 min 1.94 sec
total_qubits: 14, nq:5

Time elapsed for extracting shots-based hhl counts solution:  0 min 0.00 sec

[HHL info]: linear system residual (e=||Ax-b||_2): 0.30850348230951774
[HHL info]: Fidelity(true_sol, hhl_sol): 0.6839951278368595
[HHL info]: L2 error (absolute): 0.021622115679137188
[HHL info]: L2 error (relative): 0.5809436655848425
[HHL info]: L2 error (normalized): 0.5881496755283075

========================================================================================
 Compare system solutions using LU of A, LU sol of A_herm, HHL of Ax=b hermition system
LU sol 	    Herm LU sol    HHL sol    L1_diff(%)
-1.255e-02  -1.255e-02  -1.812e-02  4.442e+01
-4.552e-03  -4.552e-03  -0.000e+00  1.000e+02
-2.879e-02  -2.879e-02  -2.562e-02  1.101e+01
 7.443e-03   7.443e-03   0.000e+00  1.000e+02
-7.625e-04  -7.625e-04  -0.000e+00  1.000e+02
 3.603e-03   3.603e-03   0.000e+00  1.000e+02
-8.298e-03  -8.298e-03  -1.812e-02  1.184e+02
-2.965e-03  -2.965e-03  -0.000e+00  1.000e+02
 6.173e-03   6.173e-03   0.000e+00  1.000e+02
 2.658e-03   2.658e-03   0.000e+00  1.000e+02
-8.374e-03  -8.374e-03  -0.000e+00  1.000e+02
 3.739e-03   3.739e-03   0.000e+00  1.000e+02
 3.888e-03   3.888e-03   0.000e+00  1.000e+02
 2.325e-03   2.325e-03   0.000e+00  1.000e+02
-9.038e-03  -9.038e-03  -0.000e+00  1.000e+02
========================================================================================

step: 6/15 res:0.8545460615448789, res/res0:0.06905217145617065  dq_norm: [0.02562396 0.         0.02562396]

A info: before HHL prepare:
Spectral radius (A): 2.423e+01, lambda_min:4.197676329240186
condition number(A): 5.772e+00, norm2_cond:68.27971128185807
det(A): 1.130e+16
--------------------------------------------------------------------------------

A_hhl info: after scaling by spectral radius:
Spectral radius (A): 1.000e+00, lambda_min:0.17324517941140458
condition number(A): 5.772e+00, norm2_cond:68.27971128185813
det(A): 1.940e-05, nnz: 11 non zeros per row
--------------------------------------------------------------------------------

Size of A & B are not power of 2:
Next 2 power of 15 = 16
Value to be padded = 1
--------------------------------------------------

==================== Print (N)^2 padded matrix system =======================
Padded shape of A: (15, 15)x(15, 15) -> (16, 16)x(16, 16)
Padded shape of B: (15,) -> (16,)
Determinant of padded matrix: 1.9397875456217323e-05
Condition # of padded matrix: 68.27971128185813


Matrix is not Hermitian. Making it Hermitian.......

==================== Print Hermitian matrix system info =======================
Shape of hermitian A: 16x16 -> 32x32
Shape of           B: 16 -> 32
Determinant of Hermitian matrix: 3.7627757221492105e-10
Condition # of Hermitian matrix: 68.27971128185811

=================================== Generating HHL circuit ===================================
Time elapsed for generating HHL circuit: 0 min 8.53 sec

Generated circuit: num_qubits=14, gates=19, depth=5
============================== Generated Circuit saved ==============================

============================== Transpiling circuit ==============================
This is using the AerSimulator('aer_simulator_statevector') transpiler.
Time elapsed for transpiling the circuit:  0 min 1.94 sec
Transpiled circuit, num_qubits: 14, (original: 14)
Transpiled circuit depth: 22395 (original: 5)
Transpiled circuit gates: 22499 (original: 19)
============================== Transpiled Circuit saved ==============================
Time elapsed for running the circuit:  0 min 1.92 sec
total_qubits: 14, nq:5

Time elapsed for extracting shots-based hhl counts solution:  0 min 0.00 sec

[HHL info]: linear system residual (e=||Ax-b||_2): 0.29384269777753014
[HHL info]: Fidelity(true_sol, hhl_sol): 0.6646902065203897
[HHL info]: L2 error (absolute): 0.020326746700205497
[HHL info]: L2 error (relative): 0.9464505811065019
[HHL info]: L2 error (normalized): 0.6078069548489223

========================================================================================
 Compare system solutions using LU of A, LU sol of A_herm, HHL of Ax=b hermition system
LU sol 	    Herm LU sol    HHL sol    L1_diff(%)
 5.530e-03   5.530e-03   0.000e+00  1.000e+02
-4.526e-03  -4.526e-03  -0.000e+00  1.000e+02
-3.198e-03  -3.198e-03  -0.000e+00  1.000e+02
 7.353e-03   7.353e-03   5.614e-04  9.236e+01
-7.461e-04  -7.461e-04  -0.000e+00  1.000e+02
 3.454e-03   3.454e-03   3.970e-04  8.851e+01
 9.783e-03   9.783e-03   6.876e-04  9.297e+01
-2.822e-03  -2.822e-03  -3.970e-04  8.593e+01
 5.995e-03   5.995e-03   0.000e+00  1.000e+02
 2.713e-03   2.713e-03   0.000e+00  1.000e+02
-8.368e-03  -8.368e-03  -7.940e-04  9.051e+01
 3.756e-03   3.756e-03   0.000e+00  1.000e+02
 3.901e-03   3.901e-03   0.000e+00  1.000e+02
 2.337e-03   2.337e-03   0.000e+00  1.000e+02
-9.035e-03  -9.035e-03  -5.614e-04  9.379e+01
========================================================================================

step: 7/15 res:0.31159211109175894, res/res0:0.02517841091046715  dq_norm: [0.0008877  0.0008877  0.00068761]

A info: before HHL prepare:
Spectral radius (A): 2.422e+01, lambda_min:4.192060957396429
condition number(A): 5.777e+00, norm2_cond:68.22593298397194
det(A): 1.122e+16
--------------------------------------------------------------------------------

A_hhl info: after scaling by spectral radius:
Spectral radius (A): 1.000e+00, lambda_min:0.17309410721421312
condition number(A): 5.777e+00, norm2_cond:68.22593298397204
det(A): 1.940e-05, nnz: 11 non zeros per row
--------------------------------------------------------------------------------

Size of A & B are not power of 2:
Next 2 power of 15 = 16
Value to be padded = 1
--------------------------------------------------

==================== Print (N)^2 padded matrix system =======================
Padded shape of A: (15, 15)x(15, 15) -> (16, 16)x(16, 16)
Padded shape of B: (15,) -> (16,)
Determinant of padded matrix: 1.93987146390455e-05
Condition # of padded matrix: 68.22593298397204


Matrix is not Hermitian. Making it Hermitian.......

==================== Print Hermitian matrix system info =======================
Shape of hermitian A: 16x16 -> 32x32
Shape of           B: 16 -> 32
Determinant of Hermitian matrix: 3.763101296471182e-10
Condition # of Hermitian matrix: 68.22593298397192

=================================== Generating HHL circuit ===================================
Time elapsed for generating HHL circuit: 0 min 8.52 sec

Generated circuit: num_qubits=14, gates=19, depth=5
============================== Generated Circuit saved ==============================

============================== Transpiling circuit ==============================
This is using the AerSimulator('aer_simulator_statevector') transpiler.
Time elapsed for transpiling the circuit:  0 min 1.96 sec
Transpiled circuit, num_qubits: 14, (original: 14)
Transpiled circuit depth: 22395 (original: 5)
Transpiled circuit gates: 22499 (original: 19)
============================== Transpiled Circuit saved ==============================
Time elapsed for running the circuit:  0 min 1.93 sec
total_qubits: 14, nq:5

Time elapsed for extracting shots-based hhl counts solution:  0 min 0.00 sec

[HHL info]: linear system residual (e=||Ax-b||_2): 0.27268475656521535
[HHL info]: Fidelity(true_sol, hhl_sol): 0.6942640462520798
[HHL info]: L2 error (absolute): 0.018670620099294096
[HHL info]: L2 error (relative): 0.9161847649858932
[HHL info]: L2 error (normalized): 0.5775377262349334

========================================================================================
 Compare system solutions using LU of A, LU sol of A_herm, HHL of Ax=b hermition system
LU sol 	    Herm LU sol    HHL sol    L1_diff(%)
 5.538e-03   5.538e-03   5.805e-04  8.952e+01
-4.522e-03  -4.522e-03  -0.000e+00  1.000e+02
-3.182e-03  -3.182e-03  -0.000e+00  1.000e+02
 6.820e-03   6.820e-03   1.005e-03  8.526e+01
-7.402e-04  -7.402e-04  -0.000e+00  1.000e+02
 3.101e-03   3.101e-03   0.000e+00  1.000e+02
 9.127e-03   9.127e-03   1.298e-03  8.578e+01
-2.430e-03  -2.430e-03  -0.000e+00  1.000e+02
 6.049e-03   6.049e-03   0.000e+00  1.000e+02
 2.723e-03   2.723e-03   0.000e+00  1.000e+02
-7.575e-03  -7.575e-03  -5.805e-04  9.234e+01
 3.774e-03   3.774e-03   0.000e+00  1.000e+02
 3.900e-03   3.900e-03   5.805e-04  8.512e+01
 2.338e-03   2.338e-03   0.000e+00  1.000e+02
-8.476e-03  -8.476e-03  -8.209e-04  9.031e+01
========================================================================================

step: 8/15 res:0.2938448988295661, res/res0:0.023744335441460224  dq_norm: [0.00183569 0.0005805  0.00082094]

A info: before HHL prepare:
Spectral radius (A): 2.420e+01, lambda_min:4.180830138664929
condition number(A): 5.788e+00, norm2_cond:68.16237300324232
det(A): 1.103e+16
--------------------------------------------------------------------------------

A_hhl info: after scaling by spectral radius:
Spectral radius (A): 1.000e+00, lambda_min:0.1727792931386439
condition number(A): 5.788e+00, norm2_cond:68.16237300324238
det(A): 1.932e-05, nnz: 11 non zeros per row
--------------------------------------------------------------------------------

Size of A & B are not power of 2:
Next 2 power of 15 = 16
Value to be padded = 1
--------------------------------------------------

==================== Print (N)^2 padded matrix system =======================
Padded shape of A: (15, 15)x(15, 15) -> (16, 16)x(16, 16)
Padded shape of B: (15,) -> (16,)
Determinant of padded matrix: 1.9319020628212496e-05
Condition # of padded matrix: 68.16237300324238


Matrix is not Hermitian. Making it Hermitian.......

==================== Print Hermitian matrix system info =======================
Shape of hermitian A: 16x16 -> 32x32
Shape of           B: 16 -> 32
Determinant of Hermitian matrix: 3.732245580332972e-10
Condition # of Hermitian matrix: 68.16237300324237

=================================== Generating HHL circuit ===================================
Time elapsed for generating HHL circuit: 0 min 8.66 sec

Generated circuit: num_qubits=14, gates=19, depth=5
============================== Generated Circuit saved ==============================

============================== Transpiling circuit ==============================
This is using the AerSimulator('aer_simulator_statevector') transpiler.
Time elapsed for transpiling the circuit:  0 min 1.68 sec
Transpiled circuit, num_qubits: 14, (original: 14)
Transpiled circuit depth: 22393 (original: 5)
Transpiled circuit gates: 22497 (original: 19)
============================== Transpiled Circuit saved ==============================
Time elapsed for running the circuit:  0 min 1.91 sec
total_qubits: 14, nq:5

Time elapsed for extracting shots-based hhl counts solution:  0 min 0.00 sec

[HHL info]: linear system residual (e=||Ax-b||_2): 0.25976044922525665
[HHL info]: Fidelity(true_sol, hhl_sol): 0.6803050960248493
[HHL info]: L2 error (absolute): 0.01617208414195647
[HHL info]: L2 error (relative): 0.8632824260582739
[HHL info]: L2 error (normalized): 0.5919356451238966

========================================================================================
 Compare system solutions using LU of A, LU sol of A_herm, HHL of Ax=b hermition system
LU sol 	    Herm LU sol    HHL sol    L1_diff(%)
 4.969e-03   4.969e-03   0.000e+00  1.000e+02
-4.522e-03  -4.522e-03  -0.000e+00  1.000e+02
-3.171e-03  -3.171e-03  -0.000e+00  1.000e+02
 5.842e-03   5.842e-03   1.077e-03  8.157e+01
-7.396e-04  -7.396e-04  -0.000e+00  1.000e+02
 3.130e-03   3.130e-03   0.000e+00  1.000e+02
 7.863e-03   7.863e-03   1.523e-03  8.063e+01
-2.436e-03  -2.436e-03  -0.000e+00  1.000e+02
 6.088e-03   6.088e-03   1.523e-03  7.499e+01
 2.730e-03   2.730e-03   0.000e+00  1.000e+02
-7.001e-03  -7.001e-03  -1.523e-03  7.825e+01
 3.785e-03   3.785e-03   0.000e+00  1.000e+02
 3.316e-03   3.316e-03   0.000e+00  1.000e+02
 2.335e-03   2.335e-03   0.000e+00  1.000e+02
-7.694e-03  -7.694e-03  -1.523e-03  8.021e+01
========================================================================================

step: 9/15 res:0.2726950827075053, res/res0:0.022035310270263734  dq_norm: [0.00186521 0.00152294 0.00215376]

A info: before HHL prepare:
Spectral radius (A): 2.418e+01, lambda_min:4.1718436435746264
condition number(A): 5.795e+00, norm2_cond:68.05476950653531
det(A): 1.090e+16
--------------------------------------------------------------------------------

A_hhl info: after scaling by spectral radius:
Spectral radius (A): 1.000e+00, lambda_min:0.1725491107093137
condition number(A): 5.795e+00, norm2_cond:68.05476950653538
det(A): 1.932e-05, nnz: 11 non zeros per row
--------------------------------------------------------------------------------

Size of A & B are not power of 2:
Next 2 power of 15 = 16
Value to be padded = 1
--------------------------------------------------

==================== Print (N)^2 padded matrix system =======================
Padded shape of A: (15, 15)x(15, 15) -> (16, 16)x(16, 16)
Padded shape of B: (15,) -> (16,)
Determinant of padded matrix: 1.9323811686011916e-05
Condition # of padded matrix: 68.05476950653538


Matrix is not Hermitian. Making it Hermitian.......

==================== Print Hermitian matrix system info =======================
Shape of hermitian A: 16x16 -> 32x32
Shape of           B: 16 -> 32
Determinant of Hermitian matrix: 3.734096980764494e-10
Condition # of Hermitian matrix: 68.05476950653555

=================================== Generating HHL circuit ===================================
Time elapsed for generating HHL circuit: 0 min 8.72 sec

Generated circuit: num_qubits=14, gates=19, depth=5
============================== Generated Circuit saved ==============================

============================== Transpiling circuit ==============================
This is using the AerSimulator('aer_simulator_statevector') transpiler.
Time elapsed for transpiling the circuit:  0 min 1.70 sec
Transpiled circuit, num_qubits: 14, (original: 14)
Transpiled circuit depth: 22395 (original: 5)
Transpiled circuit gates: 22499 (original: 19)
============================== Transpiled Circuit saved ==============================
Time elapsed for running the circuit:  0 min 1.93 sec
total_qubits: 14, nq:5

Time elapsed for extracting shots-based hhl counts solution:  0 min 0.00 sec

[HHL info]: linear system residual (e=||Ax-b||_2): 0.24281474636944106
[HHL info]: Fidelity(true_sol, hhl_sol): 0.7688218044155916
[HHL info]: L2 error (absolute): 0.014595992243677393
[HHL info]: L2 error (relative): 0.8983855805626408
[HHL info]: L2 error (normalized): 0.49633689668485986

========================================================================================
 Compare system solutions using LU of A, LU sol of A_herm, HHL of Ax=b hermition system
LU sol 	    Herm LU sol    HHL sol    L1_diff(%)
 4.980e-03   4.980e-03   5.314e-04  8.933e+01
-4.517e-03  -4.517e-03  -0.000e+00  1.000e+02
-3.152e-03  -3.152e-03  -5.314e-04  8.314e+01
 4.803e-03   4.803e-03   5.314e-04  8.893e+01
-7.328e-04  -7.328e-04  -0.000e+00  1.000e+02
 3.184e-03   3.184e-03   0.000e+00  1.000e+02
 6.385e-03   6.385e-03   9.204e-04  8.559e+01
-2.442e-03  -2.442e-03  -0.000e+00  1.000e+02
 4.652e-03   4.652e-03   5.314e-04  8.858e+01
 2.743e-03   2.743e-03   0.000e+00  1.000e+02
-5.482e-03  -5.482e-03  -5.314e-04  9.031e+01
 3.811e-03   3.811e-03   5.314e-04  8.606e+01
 3.314e-03   3.314e-03   7.515e-04  7.732e+01
 2.335e-03   2.335e-03   0.000e+00  1.000e+02
-6.178e-03  -6.178e-03  -7.515e-04  8.784e+01
========================================================================================

step: 10/15 res:0.2597280345506226, res/res0:0.020987499189149224  dq_norm: [0.00140598 0.00053141 0.00118827]

A info: before HHL prepare:
Spectral radius (A): 2.416e+01, lambda_min:4.160355195469442
condition number(A): 5.808e+00, norm2_cond:68.0426834028616
det(A): 1.073e+16
--------------------------------------------------------------------------------

A_hhl info: after scaling by spectral radius:
Spectral radius (A): 1.000e+00, lambda_min:0.17217829956260455
condition number(A): 5.808e+00, norm2_cond:68.04268340286166
det(A): 1.920e-05, nnz: 11 non zeros per row
--------------------------------------------------------------------------------

Size of A & B are not power of 2:
Next 2 power of 15 = 16
Value to be padded = 1
--------------------------------------------------

==================== Print (N)^2 padded matrix system =======================
Padded shape of A: (15, 15)x(15, 15) -> (16, 16)x(16, 16)
Padded shape of B: (15,) -> (16,)
Determinant of padded matrix: 1.9200306744301853e-05
Condition # of padded matrix: 68.04268340286166


Matrix is not Hermitian. Making it Hermitian.......

==================== Print Hermitian matrix system info =======================
Shape of hermitian A: 16x16 -> 32x32
Shape of           B: 16 -> 32
Determinant of Hermitian matrix: 3.686517790752833e-10
Condition # of Hermitian matrix: 68.04268340286183

=================================== Generating HHL circuit ===================================
Time elapsed for generating HHL circuit: 0 min 8.91 sec

Generated circuit: num_qubits=14, gates=19, depth=5
============================== Generated Circuit saved ==============================

============================== Transpiling circuit ==============================
This is using the AerSimulator('aer_simulator_statevector') transpiler.
Time elapsed for transpiling the circuit:  0 min 1.67 sec
Transpiled circuit, num_qubits: 14, (original: 14)
Transpiled circuit depth: 22395 (original: 5)
Transpiled circuit gates: 22499 (original: 19)
============================== Transpiled Circuit saved ==============================
Time elapsed for running the circuit:  0 min 1.92 sec
total_qubits: 14, nq:5

Time elapsed for extracting shots-based hhl counts solution:  0 min 0.00 sec

[HHL info]: linear system residual (e=||Ax-b||_2): 0.2205893561954076
[HHL info]: Fidelity(true_sol, hhl_sol): 0.4865628283592665
[HHL info]: L2 error (absolute): 0.011814484728803016
[HHL info]: L2 error (relative): 0.8068301768183659
[HHL info]: L2 error (normalized): 0.7777653157802681

========================================================================================
 Compare system solutions using LU of A, LU sol of A_herm, HHL of Ax=b hermition system
LU sol 	    Herm LU sol    HHL sol    L1_diff(%)
 4.455e-03   4.455e-03   0.000e+00  1.000e+02
-4.518e-03  -4.518e-03  -1.327e-03  7.064e+01
-2.620e-03  -2.620e-03  -1.327e-03  4.935e+01
 4.286e-03   4.286e-03   1.327e-03  6.904e+01
-7.309e-04  -7.309e-04  -0.000e+00  1.000e+02
 3.205e-03   3.205e-03   0.000e+00  1.000e+02
 5.485e-03   5.485e-03   0.000e+00  1.000e+02
-2.444e-03  -2.444e-03  -1.327e-03  4.572e+01
 4.156e-03   4.156e-03   2.298e-03  4.471e+01
 2.746e-03   2.746e-03   0.000e+00  1.000e+02
-4.957e-03  -4.957e-03  -0.000e+00  1.000e+02
 3.291e-03   3.291e-03   2.298e-03  3.017e+01
 2.557e-03   2.557e-03   0.000e+00  1.000e+02
 2.333e-03   2.333e-03   1.327e-03  4.313e+01
-5.464e-03  -5.464e-03  -1.876e-03  6.566e+01
========================================================================================

step: 11/15 res:0.2428218719774487, res/res0:0.019621385308104332  dq_norm: [0.00132673 0.00229797 0.0039802 ]

A info: before HHL prepare:
Spectral radius (A): 2.417e+01, lambda_min:4.165942951123616
condition number(A): 5.801e+00, norm2_cond:67.86839722643312
det(A): 1.076e+16
--------------------------------------------------------------------------------

A_hhl info: after scaling by spectral radius:
Spectral radius (A): 1.000e+00, lambda_min:0.17238805763425954
condition number(A): 5.801e+00, norm2_cond:67.86839722643347
det(A): 1.923e-05, nnz: 11 non zeros per row
--------------------------------------------------------------------------------

Size of A & B are not power of 2:
Next 2 power of 15 = 16
Value to be padded = 1
--------------------------------------------------

==================== Print (N)^2 padded matrix system =======================
Padded shape of A: (15, 15)x(15, 15) -> (16, 16)x(16, 16)
Padded shape of B: (15,) -> (16,)
Determinant of padded matrix: 1.9225529920648662e-05
Condition # of padded matrix: 67.86839722643347


Matrix is not Hermitian. Making it Hermitian.......

==================== Print Hermitian matrix system info =======================
Shape of hermitian A: 16x16 -> 32x32
Shape of           B: 16 -> 32
Determinant of Hermitian matrix: 3.6962100072975437e-10
Condition # of Hermitian matrix: 67.86839722643333

=================================== Generating HHL circuit ===================================
Time elapsed for generating HHL circuit: 0 min 8.81 sec

Generated circuit: num_qubits=14, gates=19, depth=5
============================== Generated Circuit saved ==============================

============================== Transpiling circuit ==============================
This is using the AerSimulator('aer_simulator_statevector') transpiler.
Time elapsed for transpiling the circuit:  0 min 1.66 sec
Transpiled circuit, num_qubits: 14, (original: 14)
Transpiled circuit depth: 22390 (original: 5)
Transpiled circuit gates: 22494 (original: 19)
============================== Transpiled Circuit saved ==============================
Time elapsed for running the circuit:  0 min 1.90 sec
total_qubits: 14, nq:5

Time elapsed for extracting shots-based hhl counts solution:  0 min 0.00 sec

[HHL info]: linear system residual (e=||Ax-b||_2): 0.1767466034723634
[HHL info]: Fidelity(true_sol, hhl_sol): 0.8271457146168473
[HHL info]: L2 error (absolute): 0.009081170147204866
[HHL info]: L2 error (relative): 0.7669318847813417
[HHL info]: L2 error (normalized): 0.4254984930001511

========================================================================================
 Compare system solutions using LU of A, LU sol of A_herm, HHL of Ax=b hermition system
LU sol 	    Herm LU sol    HHL sol    L1_diff(%)
 4.463e-03   4.463e-03   1.186e-03  7.343e+01
-3.196e-03  -3.196e-03  -6.848e-04  7.858e+01
-1.288e-03  -1.288e-03  -0.000e+00  1.000e+02
 2.977e-03   2.977e-03   1.370e-03  5.399e+01
-7.342e-04  -7.342e-04  -0.000e+00  1.000e+02
 3.228e-03   3.228e-03   6.848e-04  7.879e+01
 5.491e-03   5.491e-03   1.370e-03  7.506e+01
-1.132e-03  -1.132e-03  -0.000e+00  1.000e+02
 1.915e-03   1.915e-03   6.848e-04  6.424e+01
 2.742e-03   2.742e-03   9.684e-04  6.468e+01
-4.958e-03  -4.958e-03  -1.370e-03  7.238e+01
 9.940e-04   9.940e-04   0.000e+00  1.000e+02
 2.550e-03   2.550e-03   6.848e-04  7.315e+01
 1.005e-03   1.005e-03   0.000e+00  1.000e+02
-3.590e-03  -3.590e-03  -0.000e+00  1.000e+02
========================================================================================

step: 12/15 res:0.22055917741453052, res/res0:0.017822433243126323  dq_norm: [0.00256217 0.00153119 0.00096841]

A info: before HHL prepare:
Spectral radius (A): 2.414e+01, lambda_min:4.145932309600334
condition number(A): 5.822e+00, norm2_cond:67.79794606668833
det(A): 1.049e+16
--------------------------------------------------------------------------------

A_hhl info: after scaling by spectral radius:
Spectral radius (A): 1.000e+00, lambda_min:0.17175583723697008
condition number(A): 5.822e+00, norm2_cond:67.79794606668816
det(A): 1.907e-05, nnz: 11 non zeros per row
--------------------------------------------------------------------------------

Size of A & B are not power of 2:
Next 2 power of 15 = 16
Value to be padded = 1
--------------------------------------------------

==================== Print (N)^2 padded matrix system =======================
Padded shape of A: (15, 15)x(15, 15) -> (16, 16)x(16, 16)
Padded shape of B: (15,) -> (16,)
Determinant of padded matrix: 1.9065434647600407e-05
Condition # of padded matrix: 67.79794606668816


Matrix is not Hermitian. Making it Hermitian.......

==================== Print Hermitian matrix system info =======================
Shape of hermitian A: 16x16 -> 32x32
Shape of           B: 16 -> 32
Determinant of Hermitian matrix: 3.6349079830192207e-10
Condition # of Hermitian matrix: 67.79794606668808

=================================== Generating HHL circuit ===================================
Time elapsed for generating HHL circuit: 0 min 8.74 sec

Generated circuit: num_qubits=14, gates=19, depth=5
============================== Generated Circuit saved ==============================

============================== Transpiling circuit ==============================
This is using the AerSimulator('aer_simulator_statevector') transpiler.
Time elapsed for transpiling the circuit:  0 min 1.72 sec
Transpiled circuit, num_qubits: 14, (original: 14)
Transpiled circuit depth: 22391 (original: 5)
Transpiled circuit gates: 22495 (original: 19)
============================== Transpiled Circuit saved ==============================
Time elapsed for running the circuit:  0 min 1.90 sec
total_qubits: 14, nq:5

Time elapsed for extracting shots-based hhl counts solution:  0 min 0.00 sec

[HHL info]: linear system residual (e=||Ax-b||_2): 0.16349576708887106
[HHL info]: Fidelity(true_sol, hhl_sol): 0.694652380784648
[HHL info]: L2 error (absolute): 0.008573481093135119
[HHL info]: L2 error (relative): 0.9390199341442899
[HHL info]: L2 error (normalized): 0.5771341511298519

========================================================================================
 Compare system solutions using LU of A, LU sol of A_herm, HHL of Ax=b hermition system
LU sol 	    Herm LU sol    HHL sol    L1_diff(%)
 3.284e-03   3.284e-03   2.397e-04  9.270e+01
-2.519e-03  -2.519e-03  -2.397e-04  9.049e+01
-1.291e-03  -1.291e-03  -0.000e+00  1.000e+02
 1.622e-03   1.622e-03   0.000e+00  1.000e+02
-7.296e-04  -7.296e-04  -0.000e+00  1.000e+02
 2.567e-03   2.567e-03   0.000e+00  1.000e+02
 4.150e-03   4.150e-03   3.389e-04  9.183e+01
-1.134e-03  -1.134e-03  -0.000e+00  1.000e+02
 1.271e-03   1.271e-03   0.000e+00  1.000e+02
 1.784e-03   1.784e-03   0.000e+00  1.000e+02
-3.601e-03  -3.601e-03  -4.151e-04  8.847e+01
 1.009e-03   1.009e-03   0.000e+00  1.000e+02
 1.859e-03   1.859e-03   0.000e+00  1.000e+02
 9.994e-04   9.994e-04   0.000e+00  1.000e+02
-3.614e-03  -3.614e-03  -2.397e-04  9.337e+01
========================================================================================

step: 13/15 res:0.17680732376835262, res/res0:0.014287035169862258  dq_norm: [0.00041509 0.0004793  0.00023965]

A info: before HHL prepare:
Spectral radius (A): 2.413e+01, lambda_min:4.1444791937623
condition number(A): 5.823e+00, norm2_cond:67.77166274648367
det(A): 1.047e+16
--------------------------------------------------------------------------------

A_hhl info: after scaling by spectral radius:
Spectral radius (A): 1.000e+00, lambda_min:0.17172862806281547
condition number(A): 5.823e+00, norm2_cond:67.77166274648391
det(A): 1.908e-05, nnz: 11 non zeros per row
--------------------------------------------------------------------------------

Size of A & B are not power of 2:
Next 2 power of 15 = 16
Value to be padded = 1
--------------------------------------------------

==================== Print (N)^2 padded matrix system =======================
Padded shape of A: (15, 15)x(15, 15) -> (16, 16)x(16, 16)
Padded shape of B: (15,) -> (16,)
Determinant of padded matrix: 1.9075425990215155e-05
Condition # of padded matrix: 67.77166274648391


Matrix is not Hermitian. Making it Hermitian.......

==================== Print Hermitian matrix system info =======================
Shape of hermitian A: 16x16 -> 32x32
Shape of           B: 16 -> 32
Determinant of Hermitian matrix: 3.638718767081771e-10
Condition # of Hermitian matrix: 67.77166274648378

=================================== Generating HHL circuit ===================================
Time elapsed for generating HHL circuit: 0 min 8.91 sec

Generated circuit: num_qubits=14, gates=19, depth=5
============================== Generated Circuit saved ==============================

============================== Transpiling circuit ==============================
This is using the AerSimulator('aer_simulator_statevector') transpiler.
Time elapsed for transpiling the circuit:  0 min 1.67 sec
Transpiled circuit, num_qubits: 14, (original: 14)
Transpiled circuit depth: 22393 (original: 5)
Transpiled circuit gates: 22497 (original: 19)
============================== Transpiled Circuit saved ==============================
Time elapsed for running the circuit:  0 min 1.87 sec
total_qubits: 14, nq:5

Time elapsed for extracting shots-based hhl counts solution:  0 min 0.00 sec

[HHL info]: linear system residual (e=||Ax-b||_2): 0.12999569555714488
[HHL info]: Fidelity(true_sol, hhl_sol): 0.6564511555919447
[HHL info]: L2 error (absolute): 0.007419092366568676
[HHL info]: L2 error (relative): 0.8646508127366126
[HHL info]: L2 error (normalized): 0.6160897114621599

========================================================================================
 Compare system solutions using LU of A, LU sol of A_herm, HHL of Ax=b hermition system
LU sol 	    Herm LU sol    HHL sol    L1_diff(%)
 3.045e-03   3.045e-03   8.203e-04  7.306e+01
-2.281e-03  -2.281e-03  -6.698e-04  7.063e+01
-1.292e-03  -1.292e-03  -0.000e+00  1.000e+02
 1.624e-03   1.624e-03   0.000e+00  1.000e+02
-7.276e-04  -7.276e-04  -0.000e+00  1.000e+02
 2.572e-03   2.572e-03   0.000e+00  1.000e+02
 3.816e-03   3.816e-03   4.736e-04  8.759e+01
-1.135e-03  -1.135e-03  -0.000e+00  1.000e+02
 1.278e-03   1.278e-03   0.000e+00  1.000e+02
 1.786e-03   1.786e-03   4.736e-04  7.347e+01
-3.187e-03  -3.187e-03  -6.698e-04  7.898e+01
 1.012e-03   1.012e-03   0.000e+00  1.000e+02
 1.858e-03   1.858e-03   0.000e+00  1.000e+02
 9.991e-04   9.991e-04   0.000e+00  1.000e+02
-3.376e-03  -3.376e-03  -4.736e-04  8.597e+01
========================================================================================

step: 14/15 res:0.16349838361432048, res/res0:0.0132115972750872  dq_norm: [0.00105905 0.00094724 0.00047362]
Completed: 14 steps in 191.46s
Saved metadata to /lustre/orion/stf006/scratch/4klornl/fvm_euler_1d_solver/output_parallel_shots/trials2/statevector/shots_5000/trial_8/metadata_nelem5_HHL_statevector_nshots5000.pkl

Solution summary:
  x/L: [0.1000, 0.9000]
  Mach: [1.5254, 2.1508]
  p/p_in: [0.9777, 0.3661]
  rho/rho_in: [0.9852, 0.4819]
Saved combined plot to /lustre/orion/stf006/scratch/4klornl/fvm_euler_1d_solver/output_parallel_shots/trials2/statevector/shots_5000/trial_8/solution_plot_nelem5_HHL_statevector_nshots5000.png
