
------------------------------------------------------------
Using ideal local simulator with 'statevector' method
Backend: aer_simulator_statevector
Shots: 1000
------------------------------------------------------------

A info: before HHL prepare:
Spectral radius (A): 4.814e+01, lambda_min:3.3136108943482814
condition number(A): 1.453e+01, norm2_cond:197.88017001682982
det(A): 1.276e+38
--------------------------------------------------------------------------------

A_hhl info: after scaling by spectral radius:
Spectral radius (A): 1.000e+00, lambda_min:0.0688269177323334
condition number(A): 1.453e+01, norm2_cond:197.88017001683053
det(A): 4.260e-13, nnz: 11 non zeros per row
--------------------------------------------------------------------------------

Size of A & B are not power of 2:
Next 2 power of 30 = 32
Value to be padded = 2
--------------------------------------------------

==================== Print (N)^2 padded matrix system =======================
Padded shape of A: (30, 30)x(30, 30) -> (32, 32)x(32, 32)
Padded shape of B: (30,) -> (32,)
Determinant of padded matrix: 4.2602079269883554e-13
Condition # of padded matrix: 197.88017001683053


Matrix is not Hermitian. Making it Hermitian.......

==================== Print Hermitian matrix system info =======================
Shape of hermitian A: 32x32 -> 64x64
Shape of           B: 32 -> 64
Determinant of Hermitian matrix: 1.8149371581174162e-25
Condition # of Hermitian matrix: 197.88017001683153

=================================== Generating HHL circuit ===================================
Time elapsed for generating HHL circuit: 0 min 48.62 sec

Generated circuit: num_qubits=16, gates=21, depth=5
============================== Generated Circuit saved ==============================

============================== Transpiling circuit ==============================
This is using the AerSimulator('aer_simulator_statevector') transpiler.
Time elapsed for transpiling the circuit:  0 min 9.45 sec
Transpiled circuit, num_qubits: 16, (original: 16)
Transpiled circuit depth: 103094 (original: 5)
Transpiled circuit gates: 103221 (original: 21)
============================== Transpiled Circuit saved ==============================
Time elapsed for running the circuit:  0 min 20.35 sec
total_qubits: 16, nq:6

Time elapsed for extracting shots-based hhl counts solution:  0 min 0.00 sec

[HHL info]: linear system residual (e=||Ax-b||_2): 15.849159163629217
[HHL info]: Fidelity(true_sol, hhl_sol): 0.7803186488599645
[HHL info]: L2 error (absolute): 3.7882833619638356
[HHL info]: L2 error (relative): 0.9974565350440688
[HHL info]: L2 error (normalized): 0.4829979966723952

========================================================================================
 Compare system solutions using LU of A, LU sol of A_herm, HHL of Ax=b hermition system
LU sol 	    Herm LU sol    HHL sol    L1_diff(%)
 4.852e-03   4.852e-03   0.000e+00  1.000e+02
 2.224e-03   2.224e-03   0.000e+00  1.000e+02
 1.012e-02   1.012e-02   0.000e+00  1.000e+02
 6.205e-03   6.205e-03   0.000e+00  1.000e+02
 1.905e-03   1.905e-03   0.000e+00  1.000e+02
 1.125e-02   1.125e-02   0.000e+00  1.000e+02
-2.568e-02  -2.568e-02  -0.000e+00  1.000e+02
-1.823e-02  -1.823e-02  -0.000e+00  1.000e+02
-6.491e-02  -6.491e-02  -0.000e+00  1.000e+02
-1.285e-01  -1.285e-01  -0.000e+00  1.000e+02
-9.623e-02  -9.623e-02  -0.000e+00  1.000e+02
-3.195e-01  -3.195e-01  -2.233e-03  9.930e+01
-3.070e-01  -3.070e-01  -0.000e+00  1.000e+02
-2.851e-01  -2.851e-01  -2.233e-03  9.922e+01
-8.110e-01  -8.110e-01  -2.233e-03  9.972e+01
-4.538e-01  -4.538e-01  -2.233e-03  9.951e+01
-4.624e-01  -4.624e-01  -0.000e+00  1.000e+02
-1.229e+00  -1.229e+00  -2.233e-03  9.982e+01
-5.244e-01  -5.244e-01  -0.000e+00  1.000e+02
-5.482e-01  -5.482e-01  -2.233e-03  9.959e+01
-1.427e+00  -1.427e+00  -4.993e-03  9.965e+01
-5.516e-01  -5.516e-01  -0.000e+00  1.000e+02
-5.798e-01  -5.798e-01  -0.000e+00  1.000e+02
-1.501e+00  -1.501e+00  -3.868e-03  9.974e+01
-5.614e-01  -5.614e-01  -0.000e+00  1.000e+02
-5.902e-01  -5.902e-01  -0.000e+00  1.000e+02
-1.527e+00  -1.527e+00  -3.868e-03  9.975e+01
-5.649e-01  -5.649e-01  -0.000e+00  1.000e+02
-5.937e-01  -5.937e-01  -2.233e-03  9.962e+01
-1.535e+00  -1.535e+00  -5.470e-03  9.964e+01
========================================================================================

step: 0/15 res:15.852040985520478, res/res0:1.0  dq_norm: [0.002233   0.00386767 0.00998628]

A info: before HHL prepare:
Spectral radius (A): 4.814e+01, lambda_min:3.3166986145145696
condition number(A): 1.451e+01, norm2_cond:197.71985500547973
det(A): 1.261e+38
--------------------------------------------------------------------------------

A_hhl info: after scaling by spectral radius:
Spectral radius (A): 1.000e+00, lambda_min:0.06890104525913145
condition number(A): 1.451e+01, norm2_cond:197.71985500548018
det(A): 4.228e-13, nnz: 19 non zeros per row
--------------------------------------------------------------------------------

Size of A & B are not power of 2:
Next 2 power of 30 = 32
Value to be padded = 2
--------------------------------------------------

==================== Print (N)^2 padded matrix system =======================
Padded shape of A: (30, 30)x(30, 30) -> (32, 32)x(32, 32)
Padded shape of B: (30,) -> (32,)
Determinant of padded matrix: 4.228374008455684e-13
Condition # of padded matrix: 197.71985500548018


Matrix is not Hermitian. Making it Hermitian.......

==================== Print Hermitian matrix system info =======================
Shape of hermitian A: 32x32 -> 64x64
Shape of           B: 32 -> 64
Determinant of Hermitian matrix: 1.787914675538359e-25
Condition # of Hermitian matrix: 197.71985500548192

=================================== Generating HHL circuit ===================================
Time elapsed for generating HHL circuit: 0 min 51.13 sec

Generated circuit: num_qubits=16, gates=21, depth=5
============================== Generated Circuit saved ==============================

============================== Transpiling circuit ==============================
This is using the AerSimulator('aer_simulator_statevector') transpiler.
Time elapsed for transpiling the circuit:  0 min 9.39 sec
Transpiled circuit, num_qubits: 16, (original: 16)
Transpiled circuit depth: 103097 (original: 5)
Transpiled circuit gates: 103224 (original: 21)
============================== Transpiled Circuit saved ==============================
Time elapsed for running the circuit:  0 min 19.95 sec
total_qubits: 16, nq:6

Time elapsed for extracting shots-based hhl counts solution:  0 min 0.00 sec

[HHL info]: linear system residual (e=||Ax-b||_2): 15.04289351156487
[HHL info]: Fidelity(true_sol, hhl_sol): 0.8001117286690174
[HHL info]: L2 error (absolute): 3.6144816964790256
[HHL info]: L2 error (relative): 0.9540777779013778
[HHL info]: L2 error (normalized): 0.45936990096420915

========================================================================================
 Compare system solutions using LU of A, LU sol of A_herm, HHL of Ax=b hermition system
LU sol 	    Herm LU sol    HHL sol    L1_diff(%)
 4.859e-03   4.859e-03   0.000e+00  1.000e+02
 2.228e-03   2.228e-03   0.000e+00  1.000e+02
 1.013e-02   1.013e-02   0.000e+00  1.000e+02
 6.198e-03   6.198e-03   0.000e+00  1.000e+02
 1.903e-03   1.903e-03   0.000e+00  1.000e+02
 1.125e-02   1.125e-02   0.000e+00  1.000e+02
-2.580e-02  -2.580e-02  -0.000e+00  1.000e+02
-1.833e-02  -1.833e-02  -0.000e+00  1.000e+02
-6.515e-02  -6.515e-02  -0.000e+00  1.000e+02
-1.287e-01  -1.287e-01  -0.000e+00  1.000e+02
-9.619e-02  -9.619e-02  -0.000e+00  1.000e+02
-3.175e-01  -3.175e-01  -0.000e+00  1.000e+02
-3.069e-01  -3.069e-01  -0.000e+00  1.000e+02
-2.828e-01  -2.828e-01  -0.000e+00  1.000e+02
-8.087e-01  -8.087e-01  -6.188e-02  9.235e+01
-4.514e-01  -4.514e-01  -0.000e+00  1.000e+02
-4.626e-01  -4.626e-01  -0.000e+00  1.000e+02
-1.226e+00  -1.226e+00  -4.376e-02  9.643e+01
-5.243e-01  -5.243e-01  -0.000e+00  1.000e+02
-5.457e-01  -5.457e-01  -4.376e-02  9.198e+01
-1.421e+00  -1.421e+00  -7.579e-02  9.467e+01
-5.514e-01  -5.514e-01  -0.000e+00  1.000e+02
-5.799e-01  -5.799e-01  -4.376e-02  9.245e+01
-1.496e+00  -1.496e+00  -9.784e-02  9.346e+01
-5.618e-01  -5.618e-01  -4.376e-02  9.221e+01
-5.904e-01  -5.904e-01  -0.000e+00  1.000e+02
-1.523e+00  -1.523e+00  -7.579e-02  9.502e+01
-5.659e-01  -5.659e-01  -0.000e+00  1.000e+02
-5.915e-01  -5.915e-01  -0.000e+00  1.000e+02
-1.531e+00  -1.531e+00  -7.579e-02  9.505e+01
========================================================================================

step: 1/15 res:15.849210363883397, res/res0:0.9998214348777128  dq_norm: [0.04375526 0.06187928 0.18040754]

A info: before HHL prepare:
Spectral radius (A): 4.786e+01, lambda_min:3.545424885664881
condition number(A): 1.350e+01, norm2_cond:188.27296105715544
det(A): 1.225e+38
--------------------------------------------------------------------------------

A_hhl info: after scaling by spectral radius:
Spectral radius (A): 1.000e+00, lambda_min:0.07408612888982681
condition number(A): 1.350e+01, norm2_cond:188.27296105715465
det(A): 4.899e-13, nnz: 13 non zeros per row
--------------------------------------------------------------------------------

Size of A & B are not power of 2:
Next 2 power of 30 = 32
Value to be padded = 2
--------------------------------------------------

==================== Print (N)^2 padded matrix system =======================
Padded shape of A: (30, 30)x(30, 30) -> (32, 32)x(32, 32)
Padded shape of B: (30,) -> (32,)
Determinant of padded matrix: 4.899169744459261e-13
Condition # of padded matrix: 188.27296105715465


Matrix is not Hermitian. Making it Hermitian.......

==================== Print Hermitian matrix system info =======================
Shape of hermitian A: 32x32 -> 64x64
Shape of           B: 32 -> 64
Determinant of Hermitian matrix: 2.4001864185024676e-25
Condition # of Hermitian matrix: 188.27296105715564

=================================== Generating HHL circuit ===================================
Time elapsed for generating HHL circuit: 0 min 51.29 sec

Generated circuit: num_qubits=16, gates=21, depth=5
============================== Generated Circuit saved ==============================

============================== Transpiling circuit ==============================
This is using the AerSimulator('aer_simulator_statevector') transpiler.
Time elapsed for transpiling the circuit:  0 min 9.20 sec
Transpiled circuit, num_qubits: 16, (original: 16)
Transpiled circuit depth: 103096 (original: 5)
Transpiled circuit gates: 103223 (original: 21)
============================== Transpiled Circuit saved ==============================
Time elapsed for running the circuit:  0 min 20.16 sec
total_qubits: 16, nq:6

Time elapsed for extracting shots-based hhl counts solution:  0 min 0.00 sec

[HHL info]: linear system residual (e=||Ax-b||_2): 13.890034416563877
[HHL info]: Fidelity(true_sol, hhl_sol): 0.7335712693840405
[HHL info]: L2 error (absolute): 3.327586946878905
[HHL info]: L2 error (relative): 0.9271217268075705
[HHL info]: L2 error (normalized): 0.5357466714149977

========================================================================================
 Compare system solutions using LU of A, LU sol of A_herm, HHL of Ax=b hermition system
LU sol 	    Herm LU sol    HHL sol    L1_diff(%)
 4.676e-03   4.676e-03   0.000e+00  1.000e+02
 2.114e-03   2.114e-03   0.000e+00  1.000e+02
 9.752e-03   9.752e-03   0.000e+00  1.000e+02
 6.311e-03   6.311e-03   0.000e+00  1.000e+02
 2.017e-03   2.017e-03   0.000e+00  1.000e+02
 1.147e-02   1.147e-02   0.000e+00  1.000e+02
-2.375e-02  -2.375e-02  -0.000e+00  1.000e+02
-1.697e-02  -1.697e-02  -0.000e+00  1.000e+02
-6.127e-02  -6.127e-02  -0.000e+00  1.000e+02
-1.249e-01  -1.249e-01  -0.000e+00  1.000e+02
-9.478e-02  -9.478e-02  -0.000e+00  1.000e+02
-3.086e-01  -3.086e-01  -0.000e+00  1.000e+02
-3.072e-01  -3.072e-01  -0.000e+00  1.000e+02
-2.846e-01  -2.846e-01  -0.000e+00  1.000e+02
-7.387e-01  -7.387e-01  -0.000e+00  1.000e+02
-4.613e-01  -4.613e-01  -0.000e+00  1.000e+02
-4.672e-01  -4.672e-01  -0.000e+00  1.000e+02
-1.199e+00  -1.199e+00  -1.265e-01  8.945e+01
-5.317e-01  -5.317e-01  -0.000e+00  1.000e+02
-4.950e-01  -4.950e-01  -0.000e+00  1.000e+02
-1.355e+00  -1.355e+00  -1.033e-01  9.238e+01
-5.444e-01  -5.444e-01  -1.033e-01  8.103e+01
-5.317e-01  -5.317e-01  -7.304e-02  8.626e+01
-1.374e+00  -1.374e+00  -1.461e-01  8.937e+01
-5.060e-01  -5.060e-01  -7.304e-02  8.556e+01
-5.947e-01  -5.947e-01  -7.304e-02  8.772e+01
-1.417e+00  -1.417e+00  -7.304e-02  9.485e+01
-5.617e-01  -5.617e-01  -0.000e+00  1.000e+02
-5.917e-01  -5.917e-01  -0.000e+00  1.000e+02
-1.433e+00  -1.433e+00  -1.265e-01  9.117e+01
========================================================================================

step: 2/15 res:15.037638893513963, res/res0:0.9486247800677273  dq_norm: [0.12651274 0.10329722 0.26335728]

A info: before HHL prepare:
Spectral radius (A): 4.786e+01, lambda_min:3.719238198018288
condition number(A): 1.287e+01, norm2_cond:183.06714100293888
det(A): 1.666e+38
--------------------------------------------------------------------------------

A_hhl info: after scaling by spectral radius:
Spectral radius (A): 1.000e+00, lambda_min:0.07771519803041593
condition number(A): 1.287e+01, norm2_cond:183.06714100293917
det(A): 6.655e-13, nnz: 13 non zeros per row
--------------------------------------------------------------------------------

Size of A & B are not power of 2:
Next 2 power of 30 = 32
Value to be padded = 2
--------------------------------------------------

==================== Print (N)^2 padded matrix system =======================
Padded shape of A: (30, 30)x(30, 30) -> (32, 32)x(32, 32)
Padded shape of B: (30,) -> (32,)
Determinant of padded matrix: 6.654616618906807e-13
Condition # of padded matrix: 183.06714100293917


Matrix is not Hermitian. Making it Hermitian.......

==================== Print Hermitian matrix system info =======================
Shape of hermitian A: 32x32 -> 64x64
Shape of           B: 32 -> 64
Determinant of Hermitian matrix: 4.42839223446313e-25
Condition # of Hermitian matrix: 183.06714100293928

=================================== Generating HHL circuit ===================================
Time elapsed for generating HHL circuit: 0 min 50.92 sec

Generated circuit: num_qubits=16, gates=21, depth=5
============================== Generated Circuit saved ==============================

============================== Transpiling circuit ==============================
This is using the AerSimulator('aer_simulator_statevector') transpiler.
Time elapsed for transpiling the circuit:  0 min 10.43 sec
Transpiled circuit, num_qubits: 16, (original: 16)
Transpiled circuit depth: 103110 (original: 5)
Transpiled circuit gates: 103237 (original: 21)
============================== Transpiled Circuit saved ==============================
Time elapsed for running the circuit:  0 min 20.16 sec
total_qubits: 16, nq:6

Time elapsed for extracting shots-based hhl counts solution:  0 min 0.00 sec

[HHL info]: linear system residual (e=||Ax-b||_2): 13.418664196872284
[HHL info]: Fidelity(true_sol, hhl_sol): 0.6842316525969188
[HHL info]: L2 error (absolute): 3.124962281441786
[HHL info]: L2 error (relative): 0.9552791659727526
[HHL info]: L2 error (normalized): 0.5879065198070531

========================================================================================
 Compare system solutions using LU of A, LU sol of A_herm, HHL of Ax=b hermition system
LU sol 	    Herm LU sol    HHL sol    L1_diff(%)
 4.608e-03   4.608e-03   0.000e+00  1.000e+02
 2.076e-03   2.076e-03   0.000e+00  1.000e+02
 9.617e-03   9.617e-03   0.000e+00  1.000e+02
 5.598e-03   5.598e-03   0.000e+00  1.000e+02
 1.589e-03   1.589e-03   0.000e+00  1.000e+02
 9.996e-03   9.996e-03   0.000e+00  1.000e+02
-2.536e-02  -2.536e-02  -0.000e+00  1.000e+02
-1.768e-02  -1.768e-02  -0.000e+00  1.000e+02
-6.471e-02  -6.471e-02  -0.000e+00  1.000e+02
-1.256e-01  -1.256e-01  -0.000e+00  1.000e+02
-9.450e-02  -9.450e-02  -0.000e+00  1.000e+02
-3.113e-01  -3.113e-01  -0.000e+00  1.000e+02
-3.050e-01  -3.050e-01  -0.000e+00  1.000e+02
-2.850e-01  -2.850e-01  -0.000e+00  1.000e+02
-7.329e-01  -7.329e-01  -0.000e+00  1.000e+02
-4.537e-01  -4.537e-01  -0.000e+00  1.000e+02
-4.643e-01  -4.643e-01  -0.000e+00  1.000e+02
-1.034e+00  -1.034e+00  -4.470e-02  9.568e+01
-5.218e-01  -5.218e-01  -0.000e+00  1.000e+02
-4.971e-01  -4.971e-01  -6.322e-02  8.728e+01
-1.217e+00  -1.217e+00  -4.470e-02  9.633e+01
-4.285e-01  -4.285e-01  -0.000e+00  1.000e+02
-4.617e-01  -4.617e-01  -0.000e+00  1.000e+02
-1.212e+00  -1.212e+00  -8.941e-02  9.262e+01
-4.244e-01  -4.244e-01  -0.000e+00  1.000e+02
-5.201e-01  -5.201e-01  -4.470e-02  9.141e+01
-1.335e+00  -1.335e+00  -6.322e-02  9.526e+01
-5.559e-01  -5.559e-01  -0.000e+00  1.000e+02
-5.917e-01  -5.917e-01  -6.322e-02  8.932e+01
-1.271e+00  -1.271e+00  -7.743e-02  9.391e+01
========================================================================================

step: 3/15 res:13.917886300201218, res/res0:0.877987024693795  dq_norm: [0.         0.09995817 0.14826193]

A info: before HHL prepare:
Spectral radius (A): 4.760e+01, lambda_min:3.50439477561258
condition number(A): 1.358e+01, norm2_cond:186.1833533205758
det(A): 1.034e+38
--------------------------------------------------------------------------------

A_hhl info: after scaling by spectral radius:
Spectral radius (A): 1.000e+00, lambda_min:0.07361701556320378
condition number(A): 1.358e+01, norm2_cond:186.1833533205741
det(A): 4.848e-13, nnz: 13 non zeros per row
--------------------------------------------------------------------------------

Size of A & B are not power of 2:
Next 2 power of 30 = 32
Value to be padded = 2
--------------------------------------------------

==================== Print (N)^2 padded matrix system =======================
Padded shape of A: (30, 30)x(30, 30) -> (32, 32)x(32, 32)
Padded shape of B: (30,) -> (32,)
Determinant of padded matrix: 4.847978308587039e-13
Condition # of padded matrix: 186.1833533205741


Matrix is not Hermitian. Making it Hermitian.......

==================== Print Hermitian matrix system info =======================
Shape of hermitian A: 32x32 -> 64x64
Shape of           B: 32 -> 64
Determinant of Hermitian matrix: 2.350289368053061e-25
Condition # of Hermitian matrix: 186.18335332057444

=================================== Generating HHL circuit ===================================
Time elapsed for generating HHL circuit: 0 min 50.74 sec

Generated circuit: num_qubits=16, gates=21, depth=5
============================== Generated Circuit saved ==============================

============================== Transpiling circuit ==============================
This is using the AerSimulator('aer_simulator_statevector') transpiler.
Time elapsed for transpiling the circuit:  0 min 9.63 sec
Transpiled circuit, num_qubits: 16, (original: 16)
Transpiled circuit depth: 103088 (original: 5)
Transpiled circuit gates: 103215 (original: 21)
============================== Transpiled Circuit saved ==============================
Time elapsed for running the circuit:  0 min 20.11 sec
total_qubits: 16, nq:6

Time elapsed for extracting shots-based hhl counts solution:  0 min 0.00 sec

[HHL info]: linear system residual (e=||Ax-b||_2): 14.42223800641787
[HHL info]: Fidelity(true_sol, hhl_sol): 0.5177001342302039
[HHL info]: L2 error (absolute): 3.0693883536996243
[HHL info]: L2 error (relative): 0.9675357481721184
[HHL info]: L2 error (normalized): 0.7489808836593793

========================================================================================
 Compare system solutions using LU of A, LU sol of A_herm, HHL of Ax=b hermition system
LU sol 	    Herm LU sol    HHL sol    L1_diff(%)
 4.557e-03   4.557e-03   0.000e+00  1.000e+02
 2.046e-03   2.046e-03   0.000e+00  1.000e+02
 9.516e-03   9.516e-03   0.000e+00  1.000e+02
 5.753e-03   5.753e-03   0.000e+00  1.000e+02
 1.648e-03   1.648e-03   0.000e+00  1.000e+02
 1.034e-02   1.034e-02   0.000e+00  1.000e+02
-2.425e-02  -2.425e-02  -0.000e+00  1.000e+02
-1.701e-02  -1.701e-02  -0.000e+00  1.000e+02
-6.241e-02  -6.241e-02  -0.000e+00  1.000e+02
-1.234e-01  -1.234e-01  -0.000e+00  1.000e+02
-9.323e-02  -9.323e-02  -0.000e+00  1.000e+02
-3.070e-01  -3.070e-01  -0.000e+00  1.000e+02
-3.060e-01  -3.060e-01  -0.000e+00  1.000e+02
-2.870e-01  -2.870e-01  -0.000e+00  1.000e+02
-7.339e-01  -7.339e-01  -0.000e+00  1.000e+02
-4.612e-01  -4.612e-01  -0.000e+00  1.000e+02
-4.656e-01  -4.656e-01  -0.000e+00  1.000e+02
-9.999e-01  -9.999e-01  -0.000e+00  1.000e+02
-5.284e-01  -5.284e-01  -3.887e-02  9.264e+01
-4.283e-01  -4.283e-01  -5.497e-02  8.716e+01
-1.180e+00  -1.180e+00  -0.000e+00  1.000e+02
-4.349e-01  -4.349e-01  -0.000e+00  1.000e+02
-4.646e-01  -4.646e-01  -0.000e+00  1.000e+02
-1.128e+00  -1.128e+00  -3.887e-02  9.655e+01
-4.404e-01  -4.404e-01  -3.887e-02  9.117e+01
-4.765e-01  -4.765e-01  -0.000e+00  1.000e+02
-1.308e+00  -1.308e+00  -6.733e-02  9.485e+01
-5.807e-01  -5.807e-01  -3.887e-02  9.331e+01
-5.285e-01  -5.285e-01  -3.887e-02  9.264e+01
-1.232e+00  -1.232e+00  -7.774e-02  9.369e+01
========================================================================================

step: 4/15 res:13.405351598720898, res/res0:0.8456546138737323  dq_norm: [0.06732903 0.06732903 0.10994785]

A info: before HHL prepare:
Spectral radius (A): 4.769e+01, lambda_min:3.6391323775456583
condition number(A): 1.311e+01, norm2_cond:183.15698822716016
det(A): 1.242e+38
--------------------------------------------------------------------------------

A_hhl info: after scaling by spectral radius:
Spectral radius (A): 1.000e+00, lambda_min:0.07630051180884094
condition number(A): 1.311e+01, norm2_cond:183.15698822716072
det(A): 5.497e-13, nnz: 17 non zeros per row
--------------------------------------------------------------------------------

Size of A & B are not power of 2:
Next 2 power of 30 = 32
Value to be padded = 2
--------------------------------------------------

==================== Print (N)^2 padded matrix system =======================
Padded shape of A: (30, 30)x(30, 30) -> (32, 32)x(32, 32)
Padded shape of B: (30,) -> (32,)
Determinant of padded matrix: 5.497396317773063e-13
Condition # of padded matrix: 183.15698822716072


Matrix is not Hermitian. Making it Hermitian.......

==================== Print Hermitian matrix system info =======================
Shape of hermitian A: 32x32 -> 64x64
Shape of           B: 32 -> 64
Determinant of Hermitian matrix: 3.0221366274664607e-25
Condition # of Hermitian matrix: 183.15698822716104

=================================== Generating HHL circuit ===================================
Time elapsed for generating HHL circuit: 0 min 51.10 sec

Generated circuit: num_qubits=16, gates=21, depth=5
============================== Generated Circuit saved ==============================

============================== Transpiling circuit ==============================
This is using the AerSimulator('aer_simulator_statevector') transpiler.
Time elapsed for transpiling the circuit:  0 min 9.45 sec
Transpiled circuit, num_qubits: 16, (original: 16)
Transpiled circuit depth: 103107 (original: 5)
Transpiled circuit gates: 103234 (original: 21)
============================== Transpiled Circuit saved ==============================
Time elapsed for running the circuit:  0 min 20.20 sec
total_qubits: 16, nq:6

Time elapsed for extracting shots-based hhl counts solution:  0 min 0.00 sec

[HHL info]: linear system residual (e=||Ax-b||_2): 13.993561792693884
[HHL info]: Fidelity(true_sol, hhl_sol): 0.5851271479731295
[HHL info]: L2 error (absolute): 2.9499337554769314
[HHL info]: L2 error (relative): 0.9671597844740304
[HHL info]: L2 error (normalized): 0.6856587463844509

========================================================================================
 Compare system solutions using LU of A, LU sol of A_herm, HHL of Ax=b hermition system
LU sol 	    Herm LU sol    HHL sol    L1_diff(%)
 4.599e-03   4.599e-03   0.000e+00  1.000e+02
 2.067e-03   2.067e-03   0.000e+00  1.000e+02
 9.613e-03   9.613e-03   0.000e+00  1.000e+02
 6.138e-03   6.138e-03   0.000e+00  1.000e+02
 1.840e-03   1.840e-03   0.000e+00  1.000e+02
 1.113e-02   1.113e-02   0.000e+00  1.000e+02
-2.322e-02  -2.322e-02  -0.000e+00  1.000e+02
-1.638e-02  -1.638e-02  -0.000e+00  1.000e+02
-6.022e-02  -6.022e-02  -0.000e+00  1.000e+02
-1.230e-01  -1.230e-01  -0.000e+00  1.000e+02
-9.338e-02  -9.338e-02  -0.000e+00  1.000e+02
-3.062e-01  -3.062e-01  -0.000e+00  1.000e+02
-3.087e-01  -3.087e-01  -0.000e+00  1.000e+02
-2.883e-01  -2.883e-01  -0.000e+00  1.000e+02
-7.373e-01  -7.373e-01  -3.997e-02  9.458e+01
-4.671e-01  -4.671e-01  -0.000e+00  1.000e+02
-4.678e-01  -4.678e-01  -3.997e-02  9.146e+01
-1.019e+00  -1.019e+00  -6.923e-02  9.321e+01
-4.854e-01  -4.854e-01  -0.000e+00  1.000e+02
-3.677e-01  -3.677e-01  -0.000e+00  1.000e+02
-1.188e+00  -1.188e+00  -0.000e+00  1.000e+02
-4.233e-01  -4.233e-01  -0.000e+00  1.000e+02
-4.616e-01  -4.616e-01  -3.997e-02  9.134e+01
-1.059e+00  -1.059e+00  -3.997e-02  9.622e+01
-3.897e-01  -3.897e-01  -3.997e-02  8.974e+01
-4.810e-01  -4.810e-01  -0.000e+00  1.000e+02
-1.212e+00  -1.212e+00  -5.652e-02  9.534e+01
-5.356e-01  -5.356e-01  -0.000e+00  1.000e+02
-4.902e-01  -4.902e-01  -0.000e+00  1.000e+02
-1.144e+00  -1.144e+00  -3.997e-02  9.651e+01
========================================================================================

step: 5/15 res:14.437079069624865, res/res0:0.9107394488073767  dq_norm: [0.03996912 0.05652487 0.11304975]

A info: before HHL prepare:
Spectral radius (A): 4.749e+01, lambda_min:3.658990644923322
condition number(A): 1.298e+01, norm2_cond:180.15704226980307
det(A): 1.221e+38
--------------------------------------------------------------------------------

A_hhl info: after scaling by spectral radius:
Spectral radius (A): 1.000e+00, lambda_min:0.07704224690583639
condition number(A): 1.298e+01, norm2_cond:180.1570422698027
det(A): 6.133e-13, nnz: 13 non zeros per row
--------------------------------------------------------------------------------

Size of A & B are not power of 2:
Next 2 power of 30 = 32
Value to be padded = 2
--------------------------------------------------

==================== Print (N)^2 padded matrix system =======================
Padded shape of A: (30, 30)x(30, 30) -> (32, 32)x(32, 32)
Padded shape of B: (30,) -> (32,)
Determinant of padded matrix: 6.1331678118569e-13
Condition # of padded matrix: 180.1570422698027


Matrix is not Hermitian. Making it Hermitian.......

==================== Print Hermitian matrix system info =======================
Shape of hermitian A: 32x32 -> 64x64
Shape of           B: 32 -> 64
Determinant of Hermitian matrix: 3.761574740839835e-25
Condition # of Hermitian matrix: 180.15704226980216

=================================== Generating HHL circuit ===================================
Time elapsed for generating HHL circuit: 0 min 51.85 sec

Generated circuit: num_qubits=16, gates=21, depth=5
============================== Generated Circuit saved ==============================

============================== Transpiling circuit ==============================
This is using the AerSimulator('aer_simulator_statevector') transpiler.
Time elapsed for transpiling the circuit:  0 min 8.48 sec
Transpiled circuit, num_qubits: 16, (original: 16)
Transpiled circuit depth: 103100 (original: 5)
Transpiled circuit gates: 103227 (original: 21)
============================== Transpiled Circuit saved ==============================
Time elapsed for running the circuit:  0 min 20.21 sec
total_qubits: 16, nq:6

Time elapsed for extracting shots-based hhl counts solution:  0 min 0.00 sec

[HHL info]: linear system residual (e=||Ax-b||_2): 13.869054553627421
[HHL info]: Fidelity(true_sol, hhl_sol): 0.6009976933338653
[HHL info]: L2 error (absolute): 2.8870216680163754
[HHL info]: L2 error (relative): 0.9817396488045054
[HHL info]: L2 error (normalized): 0.6704619153631314

========================================================================================
 Compare system solutions using LU of A, LU sol of A_herm, HHL of Ax=b hermition system
LU sol 	    Herm LU sol    HHL sol    L1_diff(%)
 4.627e-03   4.627e-03   0.000e+00  1.000e+02
 2.071e-03   2.071e-03   0.000e+00  1.000e+02
 9.685e-03   9.685e-03   0.000e+00  1.000e+02
 6.789e-03   6.789e-03   0.000e+00  1.000e+02
 2.203e-03   2.203e-03   0.000e+00  1.000e+02
 1.246e-02   1.246e-02   0.000e+00  1.000e+02
-2.118e-02  -2.118e-02  -0.000e+00  1.000e+02
-1.510e-02  -1.510e-02  -0.000e+00  1.000e+02
-5.609e-02  -5.609e-02  -0.000e+00  1.000e+02
-1.217e-01  -1.217e-01  -0.000e+00  1.000e+02
-9.350e-02  -9.350e-02  -0.000e+00  1.000e+02
-3.032e-01  -3.032e-01  -0.000e+00  1.000e+02
-3.132e-01  -3.132e-01  -0.000e+00  1.000e+02
-2.907e-01  -2.907e-01  -0.000e+00  1.000e+02
-7.007e-01  -7.007e-01  -0.000e+00  1.000e+02
-4.760e-01  -4.760e-01  -1.800e-02  9.622e+01
-4.270e-01  -4.270e-01  -0.000e+00  1.000e+02
-9.585e-01  -9.585e-01  -4.408e-02  9.540e+01
-4.896e-01  -4.896e-01  -0.000e+00  1.000e+02
-3.656e-01  -3.656e-01  -0.000e+00  1.000e+02
-1.198e+00  -1.198e+00  -1.800e-02  9.850e+01
-4.183e-01  -4.183e-01  -0.000e+00  1.000e+02
-4.171e-01  -4.171e-01  -2.545e-02  9.390e+01
-1.005e+00  -1.005e+00  -1.800e-02  9.821e+01
-3.423e-01  -3.423e-01  -0.000e+00  1.000e+02
-4.849e-01  -4.849e-01  -0.000e+00  1.000e+02
-1.137e+00  -1.137e+00  -1.800e-02  9.842e+01
-5.343e-01  -5.343e-01  -1.800e-02  9.663e+01
-4.908e-01  -4.908e-01  -0.000e+00  1.000e+02
-1.090e+00  -1.090e+00  -2.545e-02  9.766e+01
========================================================================================

step: 6/15 res:14.006924377316446, res/res0:0.883603845719968  dq_norm: [0.02545087 0.02545087 0.05968758]

A info: before HHL prepare:
Spectral radius (A): 4.750e+01, lambda_min:3.7391456442621807
condition number(A): 1.270e+01, norm2_cond:177.17149142903557
det(A): 1.369e+38
--------------------------------------------------------------------------------

A_hhl info: after scaling by spectral radius:
Spectral radius (A): 1.000e+00, lambda_min:0.07871117698104574
condition number(A): 1.270e+01, norm2_cond:177.17149142903673
det(A): 6.829e-13, nnz: 13 non zeros per row
--------------------------------------------------------------------------------

Size of A & B are not power of 2:
Next 2 power of 30 = 32
Value to be padded = 2
--------------------------------------------------

==================== Print (N)^2 padded matrix system =======================
Padded shape of A: (30, 30)x(30, 30) -> (32, 32)x(32, 32)
Padded shape of B: (30,) -> (32,)
Determinant of padded matrix: 6.828736778195654e-13
Condition # of padded matrix: 177.17149142903673


Matrix is not Hermitian. Making it Hermitian.......

==================== Print Hermitian matrix system info =======================
Shape of hermitian A: 32x32 -> 64x64
Shape of           B: 32 -> 64
Determinant of Hermitian matrix: 4.6631645985881955e-25
Condition # of Hermitian matrix: 177.17149142903662

=================================== Generating HHL circuit ===================================
Time elapsed for generating HHL circuit: 0 min 51.45 sec

Generated circuit: num_qubits=16, gates=21, depth=5
============================== Generated Circuit saved ==============================

============================== Transpiling circuit ==============================
This is using the AerSimulator('aer_simulator_statevector') transpiler.
Time elapsed for transpiling the circuit:  0 min 9.68 sec
Transpiled circuit, num_qubits: 16, (original: 16)
Transpiled circuit depth: 103110 (original: 5)
Transpiled circuit gates: 103237 (original: 21)
============================== Transpiled Circuit saved ==============================
Time elapsed for running the circuit:  0 min 20.22 sec
total_qubits: 16, nq:6

Time elapsed for extracting shots-based hhl counts solution:  0 min 0.00 sec

[HHL info]: linear system residual (e=||Ax-b||_2): 13.85488231570241
[HHL info]: Fidelity(true_sol, hhl_sol): 0.671939849271163
[HHL info]: L2 error (absolute): 2.8553989166715876
[HHL info]: L2 error (relative): 0.9923802097320139
[HHL info]: L2 error (normalized): 0.6004675307327864

========================================================================================
 Compare system solutions using LU of A, LU sol of A_herm, HHL of Ax=b hermition system
LU sol 	    Herm LU sol    HHL sol    L1_diff(%)
 4.455e-03   4.455e-03   0.000e+00  1.000e+02
 1.979e-03   1.979e-03   0.000e+00  1.000e+02
 9.317e-03   9.317e-03   0.000e+00  1.000e+02
 6.095e-03   6.095e-03   0.000e+00  1.000e+02
 1.835e-03   1.835e-03   0.000e+00  1.000e+02
 1.104e-02   1.104e-02   0.000e+00  1.000e+02
-2.202e-02  -2.202e-02  -0.000e+00  1.000e+02
-1.557e-02  -1.557e-02  -0.000e+00  1.000e+02
-5.799e-02  -5.799e-02  -0.000e+00  1.000e+02
-1.200e-01  -1.200e-01  -0.000e+00  1.000e+02
-9.190e-02  -9.190e-02  -0.000e+00  1.000e+02
-2.997e-01  -2.997e-01  -0.000e+00  1.000e+02
-3.082e-01  -3.082e-01  -0.000e+00  1.000e+02
-2.895e-01  -2.895e-01  -0.000e+00  1.000e+02
-6.910e-01  -6.910e-01  -0.000e+00  1.000e+02
-4.559e-01  -4.559e-01  -0.000e+00  1.000e+02
-4.309e-01  -4.309e-01  -0.000e+00  1.000e+02
-9.077e-01  -9.077e-01  -6.919e-03  9.924e+01
-4.964e-01  -4.964e-01  -0.000e+00  1.000e+02
-3.658e-01  -3.658e-01  -0.000e+00  1.000e+02
-1.193e+00  -1.193e+00  -6.919e-03  9.942e+01
-4.235e-01  -4.235e-01  -0.000e+00  1.000e+02
-3.909e-01  -3.909e-01  -6.919e-03  9.823e+01
-9.986e-01  -9.986e-01  -1.384e-02  9.861e+01
-3.386e-01  -3.386e-01  -0.000e+00  1.000e+02
-4.822e-01  -4.822e-01  -0.000e+00  1.000e+02
-1.108e+00  -1.108e+00  -9.785e-03  9.912e+01
-5.033e-01  -5.033e-01  -6.919e-03  9.863e+01
-4.900e-01  -4.900e-01  -6.919e-03  9.859e+01
-1.043e+00  -1.043e+00  -1.384e-02  9.867e+01
========================================================================================

step: 7/15 res:13.867587521798756, res/res0:0.8748140087743682  dq_norm: [0.0069189  0.00978481 0.02396778]

A info: before HHL prepare:
Spectral radius (A): 4.748e+01, lambda_min:3.7471627057209558
condition number(A): 1.267e+01, norm2_cond:176.44680847748825
det(A): 1.365e+38
--------------------------------------------------------------------------------

A_hhl info: after scaling by spectral radius:
Spectral radius (A): 1.000e+00, lambda_min:0.07892093307391358
condition number(A): 1.267e+01, norm2_cond:176.44680847748776
det(A): 6.914e-13, nnz: 19 non zeros per row
--------------------------------------------------------------------------------

Size of A & B are not power of 2:
Next 2 power of 30 = 32
Value to be padded = 2
--------------------------------------------------

==================== Print (N)^2 padded matrix system =======================
Padded shape of A: (30, 30)x(30, 30) -> (32, 32)x(32, 32)
Padded shape of B: (30,) -> (32,)
Determinant of padded matrix: 6.913807910859372e-13
Condition # of padded matrix: 176.44680847748776


Matrix is not Hermitian. Making it Hermitian.......

==================== Print Hermitian matrix system info =======================
Shape of hermitian A: 32x32 -> 64x64
Shape of           B: 32 -> 64
Determinant of Hermitian matrix: 4.780073982826198e-25
Condition # of Hermitian matrix: 176.44680847749018

=================================== Generating HHL circuit ===================================
Time elapsed for generating HHL circuit: 0 min 50.69 sec

Generated circuit: num_qubits=16, gates=21, depth=5
============================== Generated Circuit saved ==============================

============================== Transpiling circuit ==============================
This is using the AerSimulator('aer_simulator_statevector') transpiler.
Time elapsed for transpiling the circuit:  0 min 9.49 sec
Transpiled circuit, num_qubits: 16, (original: 16)
Transpiled circuit depth: 103088 (original: 5)
Transpiled circuit gates: 103215 (original: 21)
============================== Transpiled Circuit saved ==============================
Time elapsed for running the circuit:  0 min 20.22 sec
total_qubits: 16, nq:6

Time elapsed for extracting shots-based hhl counts solution:  0 min 0.00 sec

[HHL info]: linear system residual (e=||Ax-b||_2): 13.316918452655283
[HHL info]: Fidelity(true_sol, hhl_sol): 0.608072500160712
[HHL info]: L2 error (absolute): 2.706982452603849
[HHL info]: L2 error (relative): 0.9482081145910621
[HHL info]: L2 error (normalized): 0.6636414153049343

========================================================================================
 Compare system solutions using LU of A, LU sol of A_herm, HHL of Ax=b hermition system
LU sol 	    Herm LU sol    HHL sol    L1_diff(%)
 4.441e-03   4.441e-03   0.000e+00  1.000e+02
 1.972e-03   1.972e-03   0.000e+00  1.000e+02
 9.286e-03   9.286e-03   0.000e+00  1.000e+02
 6.039e-03   6.039e-03   0.000e+00  1.000e+02
 1.802e-03   1.802e-03   0.000e+00  1.000e+02
 1.093e-02   1.093e-02   0.000e+00  1.000e+02
-2.206e-02  -2.206e-02  -0.000e+00  1.000e+02
-1.560e-02  -1.560e-02  -0.000e+00  1.000e+02
-5.808e-02  -5.808e-02  -0.000e+00  1.000e+02
-1.199e-01  -1.199e-01  -0.000e+00  1.000e+02
-9.174e-02  -9.174e-02  -0.000e+00  1.000e+02
-2.994e-01  -2.994e-01  -0.000e+00  1.000e+02
-3.078e-01  -3.078e-01  -0.000e+00  1.000e+02
-2.893e-01  -2.893e-01  -0.000e+00  1.000e+02
-6.901e-01  -6.901e-01  -8.233e-02  8.807e+01
-4.561e-01  -4.561e-01  -5.821e-02  8.724e+01
-4.315e-01  -4.315e-01  -0.000e+00  1.000e+02
-8.997e-01  -8.997e-01  -5.821e-02  9.353e+01
-4.977e-01  -4.977e-01  -0.000e+00  1.000e+02
-3.660e-01  -3.660e-01  -0.000e+00  1.000e+02
-1.187e+00  -1.187e+00  -8.233e-02  9.306e+01
-4.245e-01  -4.245e-01  -0.000e+00  1.000e+02
-3.836e-01  -3.836e-01  -0.000e+00  1.000e+02
-9.855e-01  -9.855e-01  -0.000e+00  1.000e+02
-3.385e-01  -3.385e-01  -0.000e+00  1.000e+02
-4.822e-01  -4.822e-01  -0.000e+00  1.000e+02
-1.097e+00  -1.097e+00  -5.821e-02  9.469e+01
-4.953e-01  -4.953e-01  -5.821e-02  8.825e+01
-4.831e-01  -4.831e-01  -0.000e+00  1.000e+02
-1.028e+00  -1.028e+00  -1.008e-01  9.019e+01
========================================================================================

step: 8/15 res:13.854729797841483, res/res0:0.8740029003518617  dq_norm: [0.0823272  0.         0.17464237]

A info: before HHL prepare:
Spectral radius (A): 4.760e+01, lambda_min:3.9672122303138324
condition number(A): 1.200e+01, norm2_cond:166.6801495868817
det(A): 2.411e+38
--------------------------------------------------------------------------------

A_hhl info: after scaling by spectral radius:
Spectral radius (A): 1.000e+00, lambda_min:0.08333605384105486
condition number(A): 1.200e+01, norm2_cond:166.68014958688147
det(A): 1.129e-12, nnz: 17 non zeros per row
--------------------------------------------------------------------------------

Size of A & B are not power of 2:
Next 2 power of 30 = 32
Value to be padded = 2
--------------------------------------------------

==================== Print (N)^2 padded matrix system =======================
Padded shape of A: (30, 30)x(30, 30) -> (32, 32)x(32, 32)
Padded shape of B: (30,) -> (32,)
Determinant of padded matrix: 1.1289819484678887e-12
Condition # of padded matrix: 166.68014958688147


Matrix is not Hermitian. Making it Hermitian.......

==================== Print Hermitian matrix system info =======================
Shape of hermitian A: 32x32 -> 64x64
Shape of           B: 32 -> 64
Determinant of Hermitian matrix: 1.274600239966323e-24
Condition # of Hermitian matrix: 166.68014958688232

=================================== Generating HHL circuit ===================================
Time elapsed for generating HHL circuit: 0 min 50.81 sec

Generated circuit: num_qubits=16, gates=21, depth=5
============================== Generated Circuit saved ==============================

============================== Transpiling circuit ==============================
This is using the AerSimulator('aer_simulator_statevector') transpiler.
Time elapsed for transpiling the circuit:  0 min 9.38 sec
Transpiled circuit, num_qubits: 16, (original: 16)
Transpiled circuit depth: 103108 (original: 5)
Transpiled circuit gates: 103235 (original: 21)
============================== Transpiled Circuit saved ==============================
Time elapsed for running the circuit:  0 min 20.41 sec
total_qubits: 16, nq:6

Time elapsed for extracting shots-based hhl counts solution:  0 min 0.00 sec

[HHL info]: linear system residual (e=||Ax-b||_2): 13.273911868769305
[HHL info]: Fidelity(true_sol, hhl_sol): 0.4378960021098472
[HHL info]: L2 error (absolute): 2.635836899041764
[HHL info]: L2 error (relative): 0.9904314999290891
[HHL info]: L2 error (normalized): 0.822511872843855

========================================================================================
 Compare system solutions using LU of A, LU sol of A_herm, HHL of Ax=b hermition system
LU sol 	    Herm LU sol    HHL sol    L1_diff(%)
 4.001e-03   4.001e-03   0.000e+00  1.000e+02
 1.718e-03   1.718e-03   0.000e+00  1.000e+02
 8.336e-03   8.336e-03   0.000e+00  1.000e+02
 4.484e-03   4.484e-03   0.000e+00  1.000e+02
 1.121e-03   1.121e-03   0.000e+00  1.000e+02
 7.723e-03   7.723e-03   0.000e+00  1.000e+02
-2.384e-02  -2.384e-02  -0.000e+00  1.000e+02
-1.653e-02  -1.653e-02  -0.000e+00  1.000e+02
-6.264e-02  -6.264e-02  -0.000e+00  1.000e+02
-1.168e-01  -1.168e-01  -0.000e+00  1.000e+02
-8.941e-02  -8.941e-02  -0.000e+00  1.000e+02
-2.910e-01  -2.910e-01  -1.291e-02  9.556e+01
-2.963e-01  -2.963e-01  -0.000e+00  1.000e+02
-2.857e-01  -2.857e-01  -0.000e+00  1.000e+02
-5.797e-01  -5.797e-01  -1.291e-02  9.777e+01
-3.857e-01  -3.857e-01  -0.000e+00  1.000e+02
-4.373e-01  -4.373e-01  -1.825e-02  9.583e+01
-8.240e-01  -8.240e-01  -0.000e+00  1.000e+02
-5.026e-01  -5.026e-01  -0.000e+00  1.000e+02
-3.678e-01  -3.678e-01  -0.000e+00  1.000e+02
-1.100e+00  -1.100e+00  -1.825e-02  9.834e+01
-4.298e-01  -4.298e-01  -0.000e+00  1.000e+02
-3.844e-01  -3.844e-01  -0.000e+00  1.000e+02
-9.950e-01  -9.950e-01  -1.291e-02  9.870e+01
-3.289e-01  -3.289e-01  -0.000e+00  1.000e+02
-4.754e-01  -4.754e-01  -0.000e+00  1.000e+02
-1.010e+00  -1.010e+00  -0.000e+00  1.000e+02
-4.076e-01  -4.076e-01  -0.000e+00  1.000e+02
-4.816e-01  -4.816e-01  -0.000e+00  1.000e+02
-8.792e-01  -8.792e-01  -1.825e-02  9.792e+01
========================================================================================

step: 9/15 res:13.310063104509585, res/res0:0.8396434955389795  dq_norm: [2.48253415e-16 1.82542747e-02 3.41506209e-02]

A info: before HHL prepare:
Spectral radius (A): 4.753e+01, lambda_min:4.081452831616117
condition number(A): 1.164e+01, norm2_cond:165.32348951754074
det(A): 2.352e+38
--------------------------------------------------------------------------------

A_hhl info: after scaling by spectral radius:
Spectral radius (A): 1.000e+00, lambda_min:0.08587940892708318
condition number(A): 1.164e+01, norm2_cond:165.3234895175416
det(A): 1.158e-12, nnz: 13 non zeros per row
--------------------------------------------------------------------------------

Size of A & B are not power of 2:
Next 2 power of 30 = 32
Value to be padded = 2
--------------------------------------------------

==================== Print (N)^2 padded matrix system =======================
Padded shape of A: (30, 30)x(30, 30) -> (32, 32)x(32, 32)
Padded shape of B: (30,) -> (32,)
Determinant of padded matrix: 1.1578911225341426e-12
Condition # of padded matrix: 165.3234895175416


Matrix is not Hermitian. Making it Hermitian.......

==================== Print Hermitian matrix system info =======================
Shape of hermitian A: 32x32 -> 64x64
Shape of           B: 32 -> 64
Determinant of Hermitian matrix: 1.3407118516433482e-24
Condition # of Hermitian matrix: 165.32348951754193

=================================== Generating HHL circuit ===================================
Time elapsed for generating HHL circuit: 0 min 50.45 sec

Generated circuit: num_qubits=16, gates=21, depth=5
============================== Generated Circuit saved ==============================

============================== Transpiling circuit ==============================
This is using the AerSimulator('aer_simulator_statevector') transpiler.
Time elapsed for transpiling the circuit:  0 min 9.50 sec
Transpiled circuit, num_qubits: 16, (original: 16)
Transpiled circuit depth: 103104 (original: 5)
Transpiled circuit gates: 103231 (original: 21)
============================== Transpiled Circuit saved ==============================
Time elapsed for running the circuit:  0 min 20.18 sec
total_qubits: 16, nq:6

Time elapsed for extracting shots-based hhl counts solution:  0 min 0.00 sec

[HHL info]: linear system residual (e=||Ax-b||_2): 12.20881752146234
[HHL info]: Fidelity(true_sol, hhl_sol): 0.6253060933185326
[HHL info]: L2 error (absolute): 2.5129929433028906
[HHL info]: L2 error (relative): 0.9552881014190161
[HHL info]: L2 error (normalized): 0.6468956921207153

========================================================================================
 Compare system solutions using LU of A, LU sol of A_herm, HHL of Ax=b hermition system
LU sol 	    Herm LU sol    HHL sol    L1_diff(%)
 4.046e-03   4.046e-03   0.000e+00  1.000e+02
 1.745e-03   1.745e-03   0.000e+00  1.000e+02
 8.428e-03   8.428e-03   0.000e+00  1.000e+02
 4.876e-03   4.876e-03   0.000e+00  1.000e+02
 1.371e-03   1.371e-03   0.000e+00  1.000e+02
 8.507e-03   8.507e-03   0.000e+00  1.000e+02
-2.306e-02  -2.306e-02  -0.000e+00  1.000e+02
-1.617e-02  -1.617e-02  -0.000e+00  1.000e+02
-6.095e-02  -6.095e-02  -0.000e+00  1.000e+02
-1.168e-01  -1.168e-01  -0.000e+00  1.000e+02
-8.990e-02  -8.990e-02  -0.000e+00  1.000e+02
-2.770e-01  -2.770e-01  -3.660e-02  8.679e+01
-2.983e-01  -2.983e-01  -0.000e+00  1.000e+02
-2.866e-01  -2.866e-01  -0.000e+00  1.000e+02
-5.693e-01  -5.693e-01  -5.175e-02  9.091e+01
-3.864e-01  -3.864e-01  -0.000e+00  1.000e+02
-4.170e-01  -4.170e-01  -0.000e+00  1.000e+02
-8.258e-01  -8.258e-01  -3.660e-02  9.557e+01
-5.016e-01  -5.016e-01  -3.660e-02  9.270e+01
-3.686e-01  -3.686e-01  -0.000e+00  1.000e+02
-1.075e+00  -1.075e+00  -0.000e+00  1.000e+02
-4.293e-01  -4.293e-01  -0.000e+00  1.000e+02
-3.846e-01  -3.846e-01  -3.660e-02  9.048e+01
-9.792e-01  -9.792e-01  -5.175e-02  9.471e+01
-3.283e-01  -3.283e-01  -0.000e+00  1.000e+02
-4.753e-01  -4.753e-01  -5.175e-02  8.911e+01
-1.009e+00  -1.009e+00  -5.175e-02  9.487e+01
-4.066e-01  -4.066e-01  -3.660e-02  9.100e+01
-4.816e-01  -4.816e-01  -5.175e-02  8.925e+01
-8.567e-01  -8.567e-01  -5.175e-02  9.396e+01
========================================================================================

step: 10/15 res:13.274232448418893, res/res0:0.8373831773803638  dq_norm: [0.05175458 0.08183117 0.11572675]

A info: before HHL prepare:
Spectral radius (A): 4.741e+01, lambda_min:3.806118783613929
condition number(A): 1.246e+01, norm2_cond:166.79400132769598
det(A): 2.197e+38
--------------------------------------------------------------------------------

A_hhl info: after scaling by spectral radius:
Spectral radius (A): 1.000e+00, lambda_min:0.0802816480806386
condition number(A): 1.246e+01, norm2_cond:166.79400132769726
det(A): 1.164e-12, nnz: 18 non zeros per row
--------------------------------------------------------------------------------

Size of A & B are not power of 2:
Next 2 power of 30 = 32
Value to be padded = 2
--------------------------------------------------

==================== Print (N)^2 padded matrix system =======================
Padded shape of A: (30, 30)x(30, 30) -> (32, 32)x(32, 32)
Padded shape of B: (30,) -> (32,)
Determinant of padded matrix: 1.1638210848942496e-12
Condition # of padded matrix: 166.79400132769726


Matrix is not Hermitian. Making it Hermitian.......

==================== Print Hermitian matrix system info =======================
Shape of hermitian A: 32x32 -> 64x64
Shape of           B: 32 -> 64
Determinant of Hermitian matrix: 1.3544795176444569e-24
Condition # of Hermitian matrix: 166.79400132769672

=================================== Generating HHL circuit ===================================
Time elapsed for generating HHL circuit: 0 min 51.34 sec

Generated circuit: num_qubits=16, gates=21, depth=5
============================== Generated Circuit saved ==============================

============================== Transpiling circuit ==============================
This is using the AerSimulator('aer_simulator_statevector') transpiler.
Time elapsed for transpiling the circuit:  0 min 9.31 sec
Transpiled circuit, num_qubits: 16, (original: 16)
Transpiled circuit depth: 103102 (original: 5)
Transpiled circuit gates: 103229 (original: 21)
============================== Transpiled Circuit saved ==============================
Time elapsed for running the circuit:  0 min 19.93 sec
total_qubits: 16, nq:6

Time elapsed for extracting shots-based hhl counts solution:  0 min 0.00 sec

[HHL info]: linear system residual (e=||Ax-b||_2): 12.24864526833931
[HHL info]: Fidelity(true_sol, hhl_sol): 0.4464762329904127
[HHL info]: L2 error (absolute): 2.512431248416001
[HHL info]: L2 error (relative): 0.9937765815445554
[HHL info]: L2 error (normalized): 0.8146302591039057

========================================================================================
 Compare system solutions using LU of A, LU sol of A_herm, HHL of Ax=b hermition system
LU sol 	    Herm LU sol    HHL sol    L1_diff(%)
 3.921e-03   3.921e-03   0.000e+00  1.000e+02
 1.688e-03   1.688e-03   0.000e+00  1.000e+02
 8.151e-03   8.151e-03   0.000e+00  1.000e+02
 4.715e-03   4.715e-03   0.000e+00  1.000e+02
 1.403e-03   1.403e-03   0.000e+00  1.000e+02
 8.072e-03   8.072e-03   0.000e+00  1.000e+02
-2.288e-02  -2.288e-02  -0.000e+00  1.000e+02
-1.617e-02  -1.617e-02  -0.000e+00  1.000e+02
-6.058e-02  -6.058e-02  -0.000e+00  1.000e+02
-1.159e-01  -1.159e-01  -0.000e+00  1.000e+02
-9.018e-02  -9.018e-02  -0.000e+00  1.000e+02
-2.359e-01  -2.359e-01  -0.000e+00  1.000e+02
-2.943e-01  -2.943e-01  -0.000e+00  1.000e+02
-2.839e-01  -2.839e-01  -0.000e+00  1.000e+02
-5.035e-01  -5.035e-01  -8.935e-03  9.823e+01
-3.811e-01  -3.811e-01  -0.000e+00  1.000e+02
-4.177e-01  -4.177e-01  -0.000e+00  1.000e+02
-7.764e-01  -7.764e-01  -0.000e+00  1.000e+02
-4.654e-01  -4.654e-01  -0.000e+00  1.000e+02
-3.743e-01  -3.743e-01  -0.000e+00  1.000e+02
-1.089e+00  -1.089e+00  -8.935e-03  9.918e+01
-4.404e-01  -4.404e-01  -0.000e+00  1.000e+02
-3.456e-01  -3.456e-01  -0.000e+00  1.000e+02
-9.481e-01  -9.481e-01  -1.548e-02  9.837e+01
-3.341e-01  -3.341e-01  -0.000e+00  1.000e+02
-4.215e-01  -4.215e-01  -8.935e-03  9.788e+01
-9.692e-01  -9.692e-01  -0.000e+00  1.000e+02
-3.706e-01  -3.706e-01  -0.000e+00  1.000e+02
-4.295e-01  -4.295e-01  -0.000e+00  1.000e+02
-8.134e-01  -8.134e-01  -8.935e-03  9.890e+01
========================================================================================

step: 11/15 res:12.194175584305164, res/res0:0.7692495619613606  dq_norm: [2.48253415e-16 8.93474300e-03 2.18855613e-02]

A info: before HHL prepare:
Spectral radius (A): 4.738e+01, lambda_min:3.7709766363927226
condition number(A): 1.256e+01, norm2_cond:166.23821391599566
det(A): 2.170e+38
--------------------------------------------------------------------------------

A_hhl info: after scaling by spectral radius:
Spectral radius (A): 1.000e+00, lambda_min:0.07958654178770617
condition number(A): 1.256e+01, norm2_cond:166.23821391599682
det(A): 1.170e-12, nnz: 13 non zeros per row
--------------------------------------------------------------------------------

Size of A & B are not power of 2:
Next 2 power of 30 = 32
Value to be padded = 2
--------------------------------------------------

==================== Print (N)^2 padded matrix system =======================
Padded shape of A: (30, 30)x(30, 30) -> (32, 32)x(32, 32)
Padded shape of B: (30,) -> (32,)
Determinant of padded matrix: 1.1698290825458848e-12
Condition # of padded matrix: 166.23821391599682


Matrix is not Hermitian. Making it Hermitian.......

==================== Print Hermitian matrix system info =======================
Shape of hermitian A: 32x32 -> 64x64
Shape of           B: 32 -> 64
Determinant of Hermitian matrix: 1.3685000823701173e-24
Condition # of Hermitian matrix: 166.23821391599697

=================================== Generating HHL circuit ===================================
Time elapsed for generating HHL circuit: 0 min 50.58 sec

Generated circuit: num_qubits=16, gates=21, depth=5
============================== Generated Circuit saved ==============================

============================== Transpiling circuit ==============================
This is using the AerSimulator('aer_simulator_statevector') transpiler.
Time elapsed for transpiling the circuit:  0 min 9.35 sec
Transpiled circuit, num_qubits: 16, (original: 16)
Transpiled circuit depth: 103102 (original: 5)
Transpiled circuit gates: 103229 (original: 21)
============================== Transpiled Circuit saved ==============================
Time elapsed for running the circuit:  0 min 19.77 sec
total_qubits: 16, nq:6

Time elapsed for extracting shots-based hhl counts solution:  0 min 0.00 sec

[HHL info]: linear system residual (e=||Ax-b||_2): 11.781500951979076
[HHL info]: Fidelity(true_sol, hhl_sol): 0.6370712724323258
[HHL info]: L2 error (absolute): 2.4141931794231044
[HHL info]: L2 error (relative): 0.9614971450655391
[HHL info]: L2 error (normalized): 0.6353464466538187

========================================================================================
 Compare system solutions using LU of A, LU sol of A_herm, HHL of Ax=b hermition system
LU sol 	    Herm LU sol    HHL sol    L1_diff(%)
 3.906e-03   3.906e-03   0.000e+00  1.000e+02
 1.679e-03   1.679e-03   0.000e+00  1.000e+02
 8.120e-03   8.120e-03   0.000e+00  1.000e+02
 4.678e-03   4.678e-03   0.000e+00  1.000e+02
 1.392e-03   1.392e-03   0.000e+00  1.000e+02
 7.991e-03   7.991e-03   0.000e+00  1.000e+02
-2.288e-02  -2.288e-02  -0.000e+00  1.000e+02
-1.614e-02  -1.614e-02  -0.000e+00  1.000e+02
-6.063e-02  -6.063e-02  -0.000e+00  1.000e+02
-1.159e-01  -1.159e-01  -3.063e-02  7.356e+01
-9.024e-02  -9.024e-02  -3.063e-02  6.605e+01
-2.357e-01  -2.357e-01  -3.063e-02  8.700e+01
-2.940e-01  -2.940e-01  -3.063e-02  8.958e+01
-2.837e-01  -2.837e-01  -0.000e+00  1.000e+02
-4.932e-01  -4.932e-01  -3.063e-02  9.379e+01
-3.804e-01  -3.804e-01  -3.063e-02  9.195e+01
-4.175e-01  -4.175e-01  -4.332e-02  8.962e+01
-7.751e-01  -7.751e-01  -3.063e-02  9.605e+01
-4.656e-01  -4.656e-01  -0.000e+00  1.000e+02
-3.750e-01  -3.750e-01  -0.000e+00  1.000e+02
-1.077e+00  -1.077e+00  -3.063e-02  9.716e+01
-4.417e-01  -4.417e-01  -3.063e-02  9.306e+01
-3.458e-01  -3.458e-01  -0.000e+00  1.000e+02
-9.335e-01  -9.335e-01  -4.332e-02  9.536e+01
-3.347e-01  -3.347e-01  -0.000e+00  1.000e+02
-4.120e-01  -4.120e-01  -0.000e+00  1.000e+02
-9.705e-01  -9.705e-01  -3.063e-02  9.684e+01
-3.701e-01  -3.701e-01  -0.000e+00  1.000e+02
-4.294e-01  -4.294e-01  -3.063e-02  9.287e+01
-8.025e-01  -8.025e-01  -3.063e-02  9.618e+01
========================================================================================

step: 12/15 res:12.248283360127214, res/res0:0.7726628622342702  dq_norm: [0.06126816 0.06126816 0.08664627]

A info: before HHL prepare:
Spectral radius (A): 4.771e+01, lambda_min:3.8660990388922913
condition number(A): 1.234e+01, norm2_cond:165.71418762508344
det(A): 2.368e+38
--------------------------------------------------------------------------------

A_hhl info: after scaling by spectral radius:
Spectral radius (A): 1.000e+00, lambda_min:0.08103759722563962
condition number(A): 1.234e+01, norm2_cond:165.71418762508335
det(A): 1.039e-12, nnz: 18 non zeros per row
--------------------------------------------------------------------------------

Size of A & B are not power of 2:
Next 2 power of 30 = 32
Value to be padded = 2
--------------------------------------------------

==================== Print (N)^2 padded matrix system =======================
Padded shape of A: (30, 30)x(30, 30) -> (32, 32)x(32, 32)
Padded shape of B: (30,) -> (32,)
Determinant of padded matrix: 1.0394617933189867e-12
Condition # of padded matrix: 165.71418762508335


Matrix is not Hermitian. Making it Hermitian.......

==================== Print Hermitian matrix system info =======================
Shape of hermitian A: 32x32 -> 64x64
Shape of           B: 32 -> 64
Determinant of Hermitian matrix: 1.0804808197699391e-24
Condition # of Hermitian matrix: 165.7141876250841

=================================== Generating HHL circuit ===================================
Time elapsed for generating HHL circuit: 0 min 50.74 sec

Generated circuit: num_qubits=16, gates=21, depth=5
============================== Generated Circuit saved ==============================

============================== Transpiling circuit ==============================
This is using the AerSimulator('aer_simulator_statevector') transpiler.
Time elapsed for transpiling the circuit:  0 min 9.35 sec
Transpiled circuit, num_qubits: 16, (original: 16)
Transpiled circuit depth: 103106 (original: 5)
Transpiled circuit gates: 103233 (original: 21)
============================== Transpiled Circuit saved ==============================
Time elapsed for running the circuit:  0 min 19.89 sec
total_qubits: 16, nq:6

Time elapsed for extracting shots-based hhl counts solution:  0 min 0.00 sec

[HHL info]: linear system residual (e=||Ax-b||_2): 11.198384874238538
[HHL info]: Fidelity(true_sol, hhl_sol): 0.5776010802535674
[HHL info]: L2 error (absolute): 2.278504660841546
[HHL info]: L2 error (relative): 0.9510944930188399
[HHL info]: L2 error (normalized): 0.6928192972300844

========================================================================================
 Compare system solutions using LU of A, LU sol of A_herm, HHL of Ax=b hermition system
LU sol 	    Herm LU sol    HHL sol    L1_diff(%)
 3.743e-03   3.743e-03   0.000e+00  1.000e+02
 1.596e-03   1.596e-03   0.000e+00  1.000e+02
 7.797e-03   7.797e-03   0.000e+00  1.000e+02
 4.341e-03   4.341e-03   0.000e+00  1.000e+02
 1.142e-03   1.142e-03   0.000e+00  1.000e+02
 7.266e-03   7.266e-03   0.000e+00  1.000e+02
-2.221e-02  -2.221e-02  -0.000e+00  1.000e+02
-1.552e-02  -1.552e-02  -0.000e+00  1.000e+02
-5.915e-02  -5.915e-02  -0.000e+00  1.000e+02
-8.284e-02  -8.284e-02  -0.000e+00  1.000e+02
-5.947e-02  -5.947e-02  -0.000e+00  1.000e+02
-2.032e-01  -2.032e-01  -0.000e+00  1.000e+02
-2.617e-01  -2.617e-01  -0.000e+00  1.000e+02
-2.868e-01  -2.868e-01  -0.000e+00  1.000e+02
-4.661e-01  -4.661e-01  -0.000e+00  1.000e+02
-3.436e-01  -3.436e-01  -0.000e+00  1.000e+02
-3.683e-01  -3.683e-01  -0.000e+00  1.000e+02
-7.377e-01  -7.377e-01  -5.739e-02  9.222e+01
-4.549e-01  -4.549e-01  -4.058e-02  9.108e+01
-3.759e-01  -3.759e-01  -0.000e+00  1.000e+02
-1.019e+00  -1.019e+00  -5.739e-02  9.437e+01
-4.010e-01  -4.010e-01  -4.058e-02  8.988e+01
-3.480e-01  -3.480e-01  -5.739e-02  8.351e+01
-8.694e-01  -8.694e-01  -0.000e+00  1.000e+02
-3.361e-01  -3.361e-01  -0.000e+00  1.000e+02
-4.140e-01  -4.140e-01  -0.000e+00  1.000e+02
-9.423e-01  -9.423e-01  -5.739e-02  9.391e+01
-3.792e-01  -3.792e-01  -5.739e-02  8.486e+01
-3.993e-01  -3.993e-01  -5.739e-02  8.563e+01
-7.856e-01  -7.856e-01  -4.058e-02  9.483e+01
========================================================================================

step: 13/15 res:11.789311750286272, res/res0:0.7437093911790178  dq_norm: [0.08116423 0.08116423 0.10737018]

A info: before HHL prepare:
Spectral radius (A): 4.781e+01, lambda_min:3.806142485985254
condition number(A): 1.256e+01, norm2_cond:168.46864972109208
det(A): 2.965e+38
--------------------------------------------------------------------------------

A_hhl info: after scaling by spectral radius:
Spectral radius (A): 1.000e+00, lambda_min:0.07961796877036564
condition number(A): 1.256e+01, norm2_cond:168.46864972109216
det(A): 1.224e-12, nnz: 17 non zeros per row
--------------------------------------------------------------------------------

Size of A & B are not power of 2:
Next 2 power of 30 = 32
Value to be padded = 2
--------------------------------------------------

==================== Print (N)^2 padded matrix system =======================
Padded shape of A: (30, 30)x(30, 30) -> (32, 32)x(32, 32)
Padded shape of B: (30,) -> (32,)
Determinant of padded matrix: 1.2241030009496368e-12
Condition # of padded matrix: 168.46864972109216


Matrix is not Hermitian. Making it Hermitian.......

==================== Print Hermitian matrix system info =======================
Shape of hermitian A: 32x32 -> 64x64
Shape of           B: 32 -> 64
Determinant of Hermitian matrix: 1.4984281569339386e-24
Condition # of Hermitian matrix: 168.46864972109233

=================================== Generating HHL circuit ===================================
Time elapsed for generating HHL circuit: 0 min 50.57 sec

Generated circuit: num_qubits=16, gates=21, depth=5
============================== Generated Circuit saved ==============================

============================== Transpiling circuit ==============================
This is using the AerSimulator('aer_simulator_statevector') transpiler.
Time elapsed for transpiling the circuit:  0 min 9.60 sec
Transpiled circuit, num_qubits: 16, (original: 16)
Transpiled circuit depth: 103104 (original: 5)
Transpiled circuit gates: 103231 (original: 21)
============================== Transpiled Circuit saved ==============================
Time elapsed for running the circuit:  0 min 19.72 sec
total_qubits: 16, nq:6

Time elapsed for extracting shots-based hhl counts solution:  0 min 0.00 sec

[HHL info]: linear system residual (e=||Ax-b||_2): 10.923109018289125
[HHL info]: Fidelity(true_sol, hhl_sol): 0.5820217764039327
[HHL info]: L2 error (absolute): 2.2196657702817433
[HHL info]: L2 error (relative): 0.9750093981187814
[HHL info]: L2 error (normalized): 0.6886167045603032

========================================================================================
 Compare system solutions using LU of A, LU sol of A_herm, HHL of Ax=b hermition system
LU sol 	    Herm LU sol    HHL sol    L1_diff(%)
 3.710e-03   3.710e-03   0.000e+00  1.000e+02
 1.580e-03   1.580e-03   0.000e+00  1.000e+02
 7.726e-03   7.726e-03   0.000e+00  1.000e+02
 3.840e-03   3.840e-03   0.000e+00  1.000e+02
 8.759e-04   8.759e-04   0.000e+00  1.000e+02
 6.219e-03   6.219e-03   0.000e+00  1.000e+02
-2.364e-02  -2.364e-02  -0.000e+00  1.000e+02
-1.628e-02  -1.628e-02  -0.000e+00  1.000e+02
-6.217e-02  -6.217e-02  -0.000e+00  1.000e+02
-8.409e-02  -8.409e-02  -0.000e+00  1.000e+02
-5.991e-02  -5.991e-02  -0.000e+00  1.000e+02
-2.062e-01  -2.062e-01  -0.000e+00  1.000e+02
-2.588e-01  -2.588e-01  -0.000e+00  1.000e+02
-2.848e-01  -2.848e-01  -0.000e+00  1.000e+02
-4.601e-01  -4.601e-01  -0.000e+00  1.000e+02
-3.363e-01  -3.363e-01  -2.012e-02  9.402e+01
-3.679e-01  -3.679e-01  -0.000e+00  1.000e+02
-6.564e-01  -6.564e-01  -2.012e-02  9.694e+01
-4.085e-01  -4.085e-01  -0.000e+00  1.000e+02
-3.812e-01  -3.812e-01  -0.000e+00  1.000e+02
-9.615e-01  -9.615e-01  -4.498e-02  9.532e+01
-3.597e-01  -3.597e-01  -0.000e+00  1.000e+02
-2.877e-01  -2.877e-01  -0.000e+00  1.000e+02
-8.802e-01  -8.802e-01  -0.000e+00  1.000e+02
-3.370e-01  -3.370e-01  -2.012e-02  9.403e+01
-4.143e-01  -4.143e-01  -2.012e-02  9.514e+01
-8.843e-01  -8.843e-01  -3.484e-02  9.606e+01
-3.198e-01  -3.198e-01  -0.000e+00  1.000e+02
-3.422e-01  -3.422e-01  -0.000e+00  1.000e+02
-7.585e-01  -7.585e-01  -2.845e-02  9.625e+01
========================================================================================

step: 14/15 res:11.187146091811208, res/res0:0.7057227584782133  dq_norm: [0.02845055 0.02011758 0.06672246]
Completed: 14 steps in 1252.34s
Saved metadata to /lustre/orion/stf006/scratch/4klornl/fvm_euler_1d_solver/output_parallel_shots/nelem10/statevector/shots_1000/trial_2/metadata_nelem10_HHL_statevector_nshots1000.pkl

Solution summary:
  x/L: [0.0500, 0.9500]
  Mach: [1.5000, 1.7249]
  p/p_in: [1.0000, 0.6688]
  rho/rho_in: [1.0000, 0.7840]
Saved combined plot to /lustre/orion/stf006/scratch/4klornl/fvm_euler_1d_solver/output_parallel_shots/nelem10/statevector/shots_1000/trial_2/solution_plot_nelem10_HHL_statevector_nshots1000.png
