
------------------------------------------------------------
Using ideal local simulator with 'statevector' method
Backend: aer_simulator_statevector
Shots: 10000
------------------------------------------------------------

A info: before HHL prepare:
Spectral radius (A): 2.241e+01, lambda_min:2.3074021727489433
condition number(A): 9.710e+00, norm2_cond:95.97789014324577
det(A): 9.333e+14
--------------------------------------------------------------------------------

A_hhl info: after scaling by spectral radius:
Spectral radius (A): 1.000e+00, lambda_min:0.1029832130561069
condition number(A): 9.710e+00, norm2_cond:95.9778901432457
det(A): 5.184e-06, nnz: 10 non zeros per row
--------------------------------------------------------------------------------

Size of A & B are not power of 2:
Next 2 power of 15 = 16
Value to be padded = 1
--------------------------------------------------

==================== Print (N)^2 padded matrix system =======================
Padded shape of A: (15, 15)x(15, 15) -> (16, 16)x(16, 16)
Padded shape of B: (15,) -> (16,)
Determinant of padded matrix: 5.183984510966138e-06
Condition # of padded matrix: 95.9778901432457


Matrix is not Hermitian. Making it Hermitian.......

==================== Print Hermitian matrix system info =======================
Shape of hermitian A: 16x16 -> 32x32
Shape of           B: 16 -> 32
Determinant of Hermitian matrix: 2.6873695409936828e-11
Condition # of Hermitian matrix: 95.9778901432459

=================================== Generating HHL circuit ===================================
Time elapsed for generating HHL circuit: 4 min 16.14 sec

Generated circuit: num_qubits=14, gates=19, depth=5
============================== Generated Circuit saved ==============================

============================== Transpiling circuit ==============================
Time elapsed for transpiling the circuit:  0 min 42.52 sec
Transpiled circuit, num_qubits: 14, (original: 14)
Transpiled circuit depth: 689027 (original: 5)
Transpiled circuit gates: 689127 (original: 19)
============================== Transpiled Circuit saved ==============================
Time elapsed for running the circuit:  0 min 58.50 sec
total_qubits: 14, nq:5

Time elapsed for extracting shots-based hhl counts solution:  0 min 0.00 sec

[HHL info]: linear system residual (e=||Ax-b||_2): 9.154537629131347
[HHL info]: Fidelity(true_sol, hhl_sol): 0.9658575649558999
[HHL info]: L2 error (absolute): 1.027469197939321
[HHL info]: L2 error (relative): 0.3798991724854057
[HHL info]: L2 error (normalized): 0.18557732965568938

========================================================================================
 Compare system solutions using LU of A, LU sol of A_herm, HHL of Ax=b hermition system
LU sol 	    Herm LU sol    HHL sol    L1_diff(%)
-1.705e-02  -1.705e-02  -0.000e+00  1.000e+02
-7.527e-03  -7.527e-03  -0.000e+00  1.000e+02
-3.946e-02  -3.946e-02  -0.000e+00  1.000e+02
-1.283e-01  -1.283e-01  -0.000e+00  1.000e+02
-6.877e-02  -6.877e-02  -2.104e-01  2.060e+02
-2.800e-01  -2.800e-01  -2.577e-01  7.978e+00
-4.114e-01  -4.114e-01  -2.104e-01  4.886e+01
-4.227e-01  -4.227e-01  -4.208e-01  4.595e-01
-1.109e+00  -1.109e+00  -6.312e-01  4.311e+01
-5.252e-01  -5.252e-01  -3.644e-01  3.061e+01
-5.558e-01  -5.558e-01  -4.934e-01  1.122e+01
-1.428e+00  -1.428e+00  -9.171e-01  3.577e+01
-5.637e-01  -5.637e-01  -2.577e-01  5.429e+01
-5.958e-01  -5.958e-01  -3.327e-01  4.416e+01
-1.529e+00  -1.529e+00  -9.868e-01  3.547e+01
========================================================================================

step: 0/15 res:12.375368413827264, res/res0:1.0  dq_norm: [0.49341303 0.75857922 1.50984679]

A info: before HHL prepare:
Spectral radius (A): 2.219e+01, lambda_min:2.4615914758212645
condition number(A): 9.015e+00, norm2_cond:77.04643219999878
det(A): 8.568e+14
--------------------------------------------------------------------------------

A_hhl info: after scaling by spectral radius:
Spectral radius (A): 1.000e+00, lambda_min:0.11093038065770384
condition number(A): 9.015e+00, norm2_cond:77.04643219999862
det(A): 5.501e-06, nnz: 11 non zeros per row
--------------------------------------------------------------------------------

Size of A & B are not power of 2:
Next 2 power of 15 = 16
Value to be padded = 1
--------------------------------------------------

==================== Print (N)^2 padded matrix system =======================
Padded shape of A: (15, 15)x(15, 15) -> (16, 16)x(16, 16)
Padded shape of B: (15,) -> (16,)
Determinant of padded matrix: 5.500683428691082e-06
Condition # of padded matrix: 77.04643219999862


Matrix is not Hermitian. Making it Hermitian.......

==================== Print Hermitian matrix system info =======================
Shape of hermitian A: 16x16 -> 32x32
Shape of           B: 16 -> 32
Determinant of Hermitian matrix: 3.025751818267646e-11
Condition # of Hermitian matrix: 77.04643219999949

=================================== Generating HHL circuit ===================================
Time elapsed for generating HHL circuit: 4 min 15.89 sec

Generated circuit: num_qubits=14, gates=19, depth=5
============================== Generated Circuit saved ==============================

============================== Transpiling circuit ==============================
Time elapsed for transpiling the circuit:  0 min 42.01 sec
Transpiled circuit, num_qubits: 14, (original: 14)
Transpiled circuit depth: 689027 (original: 5)
Transpiled circuit gates: 689127 (original: 19)
============================== Transpiled Circuit saved ==============================
Time elapsed for running the circuit:  0 min 58.46 sec
total_qubits: 14, nq:5

Time elapsed for extracting shots-based hhl counts solution:  0 min 0.00 sec

[HHL info]: linear system residual (e=||Ax-b||_2): 7.97135094897906
[HHL info]: Fidelity(true_sol, hhl_sol): 0.9436378183662856
[HHL info]: L2 error (absolute): 0.7851259598674332
[HHL info]: L2 error (relative): 0.8273765681253571
[HHL info]: L2 error (normalized): 0.23912247295142688

========================================================================================
 Compare system solutions using LU of A, LU sol of A_herm, HHL of Ax=b hermition system
LU sol 	    Herm LU sol    HHL sol    L1_diff(%)
-5.415e-02  -5.415e-02  -2.191e-02  5.954e+01
-2.125e-02  -2.125e-02  -0.000e+00  1.000e+02
-1.227e-01  -1.227e-01  -0.000e+00  1.000e+02
-1.849e-01  -1.849e-01  -3.098e-02  8.325e+01
 1.722e-01   1.722e-01   3.098e-02  8.201e+01
-1.228e-01  -1.228e-01  -2.191e-02  8.216e+01
-2.104e-01  -2.104e-01  -4.899e-02  7.672e+01
 1.661e-02   1.661e-02   0.000e+00  1.000e+02
-5.219e-01  -5.219e-01  -9.295e-02  8.219e+01
-1.232e-01  -1.232e-01  -3.098e-02  7.485e+01
-5.014e-02  -5.014e-02  -0.000e+00  1.000e+02
-4.337e-01  -4.337e-01  -7.589e-02  8.250e+01
-2.527e-01  -2.527e-01  -3.794e-02  8.498e+01
-2.544e-01  -2.544e-01  -2.191e-02  9.139e+01
-3.896e-01  -3.896e-01  -7.899e-02  7.973e+01
========================================================================================

step: 1/15 res:8.985649316827011, res/res0:0.7260914597732018  dq_norm: [0.0789883  0.03794475 0.14531733]

A info: before HHL prepare:
Spectral radius (A): 2.277e+01, lambda_min:2.7986905706747427
condition number(A): 8.136e+00, norm2_cond:74.27215199148725
det(A): 1.614e+15
--------------------------------------------------------------------------------

A_hhl info: after scaling by spectral radius:
Spectral radius (A): 1.000e+00, lambda_min:0.12291399675570902
condition number(A): 8.136e+00, norm2_cond:74.27215199148716
det(A): 7.039e-06, nnz: 11 non zeros per row
--------------------------------------------------------------------------------

Size of A & B are not power of 2:
Next 2 power of 15 = 16
Value to be padded = 1
--------------------------------------------------

==================== Print (N)^2 padded matrix system =======================
Padded shape of A: (15, 15)x(15, 15) -> (16, 16)x(16, 16)
Padded shape of B: (15,) -> (16,)
Determinant of padded matrix: 7.039301282189652e-06
Condition # of padded matrix: 74.27215199148716


Matrix is not Hermitian. Making it Hermitian.......

==================== Print Hermitian matrix system info =======================
Shape of hermitian A: 16x16 -> 32x32
Shape of           B: 16 -> 32
Determinant of Hermitian matrix: 4.955176254143723e-11
Condition # of Hermitian matrix: 74.27215199148728

=================================== Generating HHL circuit ===================================
Time elapsed for generating HHL circuit: 4 min 13.76 sec

Generated circuit: num_qubits=14, gates=19, depth=5
============================== Generated Circuit saved ==============================

============================== Transpiling circuit ==============================
Time elapsed for transpiling the circuit:  0 min 42.11 sec
Transpiled circuit, num_qubits: 14, (original: 14)
Transpiled circuit depth: 689027 (original: 5)
Transpiled circuit gates: 689127 (original: 19)
============================== Transpiled Circuit saved ==============================
Time elapsed for running the circuit:  0 min 58.46 sec
total_qubits: 14, nq:5

Time elapsed for extracting shots-based hhl counts solution:  0 min 0.00 sec

[HHL info]: linear system residual (e=||Ax-b||_2): 2.590899030593042
[HHL info]: Fidelity(true_sol, hhl_sol): 0.9184675502673908
[HHL info]: L2 error (absolute): 0.25771666279270217
[HHL info]: L2 error (relative): 0.3498936446769554
[HHL info]: L2 error (normalized): 0.2885580458767174

========================================================================================
 Compare system solutions using LU of A, LU sol of A_herm, HHL of Ax=b hermition system
LU sol 	    Herm LU sol    HHL sol    L1_diff(%)
-1.249e-02  -1.249e-02  -0.000e+00  1.000e+02
-1.599e-02  -1.599e-02  -0.000e+00  1.000e+02
-8.054e-02  -8.054e-02  -8.493e-02  5.453e+00
-1.213e-01  -1.213e-01  -1.201e-01  9.720e-01
 1.244e-01   1.244e-01   8.493e-02  3.175e+01
-3.717e-02  -3.717e-02  -0.000e+00  1.000e+02
-1.417e-01  -1.417e-01  -8.493e-02  4.007e+01
 7.647e-03   7.647e-03   0.000e+00  1.000e+02
-3.740e-01  -3.740e-01  -2.247e-01  3.992e+01
-9.063e-02  -9.063e-02  -0.000e+00  1.000e+02
-5.640e-02  -5.640e-02  -8.493e-02  5.058e+01
-3.487e-01  -3.487e-01  -2.817e-01  1.923e+01
-2.205e-01  -2.205e-01  -1.201e-01  4.551e+01
-2.378e-01  -2.378e-01  -1.201e-01  4.949e+01
-3.253e-01  -3.253e-01  -3.289e-01  1.126e+00
========================================================================================

step: 2/15 res:7.945373683317798, res/res0:0.6420312848577714  dq_norm: [0.18991675 0.1698667  0.49524229]

A info: before HHL prepare:
Spectral radius (A): 2.328e+01, lambda_min:3.6908905489540476
condition number(A): 6.308e+00, norm2_cond:62.96830952859599
det(A): 4.911e+15
--------------------------------------------------------------------------------

A_hhl info: after scaling by spectral radius:
Spectral radius (A): 1.000e+00, lambda_min:0.1585379609906686
condition number(A): 6.308e+00, norm2_cond:62.968309528595924
det(A): 1.535e-05, nnz: 11 non zeros per row
--------------------------------------------------------------------------------

Size of A & B are not power of 2:
Next 2 power of 15 = 16
Value to be padded = 1
--------------------------------------------------

==================== Print (N)^2 padded matrix system =======================
Padded shape of A: (15, 15)x(15, 15) -> (16, 16)x(16, 16)
Padded shape of B: (15,) -> (16,)
Determinant of padded matrix: 1.5354788207779806e-05
Condition # of padded matrix: 62.968309528595924


Matrix is not Hermitian. Making it Hermitian.......

==================== Print Hermitian matrix system info =======================
Shape of hermitian A: 16x16 -> 32x32
Shape of           B: 16 -> 32
Determinant of Hermitian matrix: 2.357695209057738e-10
Condition # of Hermitian matrix: 62.968309528595995

=================================== Generating HHL circuit ===================================
Time elapsed for generating HHL circuit: 2 min 5.30 sec

Generated circuit: num_qubits=13, gates=18, depth=5
============================== Generated Circuit saved ==============================

============================== Transpiling circuit ==============================
Time elapsed for transpiling the circuit:  0 min 21.34 sec
Transpiled circuit, num_qubits: 13, (original: 13)
Transpiled circuit depth: 343170 (original: 5)
Transpiled circuit gates: 343251 (original: 18)
============================== Transpiled Circuit saved ==============================
Time elapsed for running the circuit:  0 min 24.70 sec
total_qubits: 13, nq:5

Time elapsed for extracting shots-based hhl counts solution:  0 min 0.00 sec

[HHL info]: linear system residual (e=||Ax-b||_2): 2.4109272409832747
[HHL info]: Fidelity(true_sol, hhl_sol): 0.9155434818240092
[HHL info]: L2 error (absolute): 0.2198797981082973
[HHL info]: L2 error (relative): 0.9254895719346123
[HHL info]: L2 error (normalized): 0.2938014165583277

========================================================================================
 Compare system solutions using LU of A, LU sol of A_herm, HHL of Ax=b hermition system
LU sol 	    Herm LU sol    HHL sol    L1_diff(%)
 9.543e-03   9.543e-03   0.000e+00  1.000e+02
-3.935e-03  -3.935e-03  -0.000e+00  1.000e+02
 5.703e-02   5.703e-02   3.309e-03  9.420e+01
 3.204e-02   3.204e-02   3.309e-03  8.967e+01
 1.979e-02   1.979e-02   0.000e+00  1.000e+02
 1.924e-02   1.924e-02   0.000e+00  1.000e+02
-4.782e-02  -4.782e-02  -4.679e-03  9.021e+01
-3.115e-03  -3.115e-03  -0.000e+00  1.000e+02
-1.123e-01  -1.123e-01  -9.926e-03  9.116e+01
-9.601e-02  -9.601e-02  -5.731e-03  9.403e+01
 3.003e-02   3.003e-02   4.052e-03  8.651e+01
-4.777e-02  -4.777e-02  -0.000e+00  1.000e+02
-9.844e-02  -9.844e-02  -7.760e-03  9.212e+01
-1.195e-01  -1.195e-01  -9.646e-03  9.193e+01
-4.729e-03  -4.729e-03  -0.000e+00  1.000e+02
========================================================================================

step: 3/15 res:2.673097571633308, res/res0:0.216001454037247  dq_norm: [0.01122037 0.01046305 0.01046305]

A info: before HHL prepare:
Spectral radius (A): 2.335e+01, lambda_min:3.7158046815033767
condition number(A): 6.284e+00, norm2_cond:63.01860780844224
det(A): 5.176e+15
--------------------------------------------------------------------------------

A_hhl info: after scaling by spectral radius:
Spectral radius (A): 1.000e+00, lambda_min:0.15913230747851145
condition number(A): 6.284e+00, norm2_cond:63.018607808442255
det(A): 1.547e-05, nnz: 11 non zeros per row
--------------------------------------------------------------------------------

Size of A & B are not power of 2:
Next 2 power of 15 = 16
Value to be padded = 1
--------------------------------------------------

==================== Print (N)^2 padded matrix system =======================
Padded shape of A: (15, 15)x(15, 15) -> (16, 16)x(16, 16)
Padded shape of B: (15,) -> (16,)
Determinant of padded matrix: 1.547189880434479e-05
Condition # of padded matrix: 63.018607808442255


Matrix is not Hermitian. Making it Hermitian.......

==================== Print Hermitian matrix system info =======================
Shape of hermitian A: 16x16 -> 32x32
Shape of           B: 16 -> 32
Determinant of Hermitian matrix: 2.393796526118865e-10
Condition # of Hermitian matrix: 63.01860780844215

=================================== Generating HHL circuit ===================================
Time elapsed for generating HHL circuit: 4 min 6.55 sec

Generated circuit: num_qubits=14, gates=19, depth=5
============================== Generated Circuit saved ==============================

============================== Transpiling circuit ==============================
Time elapsed for transpiling the circuit:  0 min 42.20 sec
Transpiled circuit, num_qubits: 14, (original: 14)
Transpiled circuit depth: 689027 (original: 5)
Transpiled circuit gates: 689127 (original: 19)
============================== Transpiled Circuit saved ==============================
Time elapsed for running the circuit:  0 min 58.53 sec
total_qubits: 14, nq:5

Time elapsed for extracting shots-based hhl counts solution:  0 min 0.00 sec

[HHL info]: linear system residual (e=||Ax-b||_2): 1.6522277559990104
[HHL info]: Fidelity(true_sol, hhl_sol): 0.9591356742872467
[HHL info]: L2 error (absolute): 0.15283099360447594
[HHL info]: L2 error (relative): 0.7028144573794827
[HHL info]: L2 error (normalized): 0.20320077056391875

========================================================================================
 Compare system solutions using LU of A, LU sol of A_herm, HHL of Ax=b hermition system
LU sol 	    Herm LU sol    HHL sol    L1_diff(%)
 9.569e-03   9.569e-03   0.000e+00  1.000e+02
-4.034e-03  -4.034e-03  -0.000e+00  1.000e+02
 5.365e-02   5.365e-02   9.612e-03  8.208e+01
 2.984e-02   2.984e-02   9.612e-03  6.779e+01
 2.062e-02   2.062e-02   0.000e+00  1.000e+02
 2.164e-02   2.164e-02   0.000e+00  1.000e+02
-4.102e-02  -4.102e-02  -1.359e-02  6.686e+01
-2.752e-03  -2.752e-03  -0.000e+00  1.000e+02
-9.754e-02  -9.754e-02  -3.330e-02  6.586e+01
-8.910e-02  -8.910e-02  -2.354e-02  7.357e+01
 2.516e-02   2.516e-02   9.612e-03  6.180e+01
-4.813e-02  -4.813e-02  -1.359e-02  7.176e+01
-9.101e-02  -9.101e-02  -2.884e-02  6.832e+01
-1.100e-01  -1.100e-01  -3.596e-02  6.730e+01
-6.449e-03  -6.449e-03  -0.000e+00  1.000e+02
========================================================================================

step: 4/15 res:2.409370117691243, res/res0:0.19469077906393495  dq_norm: [0.04078006 0.03722693 0.03722693]

A info: before HHL prepare:
Spectral radius (A): 2.358e+01, lambda_min:3.808302072328535
condition number(A): 6.192e+00, norm2_cond:63.67690377221047
det(A): 6.222e+15
--------------------------------------------------------------------------------

A_hhl info: after scaling by spectral radius:
Spectral radius (A): 1.000e+00, lambda_min:0.16149917063998598
condition number(A): 6.192e+00, norm2_cond:63.676903772210395
det(A): 1.605e-05, nnz: 11 non zeros per row
--------------------------------------------------------------------------------

Size of A & B are not power of 2:
Next 2 power of 15 = 16
Value to be padded = 1
--------------------------------------------------

==================== Print (N)^2 padded matrix system =======================
Padded shape of A: (15, 15)x(15, 15) -> (16, 16)x(16, 16)
Padded shape of B: (15,) -> (16,)
Determinant of padded matrix: 1.6051532277154145e-05
Condition # of padded matrix: 63.676903772210395


Matrix is not Hermitian. Making it Hermitian.......

==================== Print Hermitian matrix system info =======================
Shape of hermitian A: 16x16 -> 32x32
Shape of           B: 16 -> 32
Determinant of Hermitian matrix: 2.576516884445231e-10
Condition # of Hermitian matrix: 63.676903772210444

=================================== Generating HHL circuit ===================================
Time elapsed for generating HHL circuit: 4 min 8.11 sec

Generated circuit: num_qubits=14, gates=19, depth=5
============================== Generated Circuit saved ==============================

============================== Transpiling circuit ==============================
Time elapsed for transpiling the circuit:  0 min 42.53 sec
Transpiled circuit, num_qubits: 14, (original: 14)
Transpiled circuit depth: 688517 (original: 5)
Transpiled circuit gates: 688617 (original: 19)
============================== Transpiled Circuit saved ==============================
Time elapsed for running the circuit:  0 min 58.70 sec
total_qubits: 14, nq:5

Time elapsed for extracting shots-based hhl counts solution:  0 min 0.00 sec

[HHL info]: linear system residual (e=||Ax-b||_2): 1.442413078735772
[HHL info]: Fidelity(true_sol, hhl_sol): 0.8137822908992717
[HHL info]: L2 error (absolute): 0.12117868437935903
[HHL info]: L2 error (relative): 0.8204507102642787
[HHL info]: L2 error (normalized): 0.442495592155121

========================================================================================
 Compare system solutions using LU of A, LU sol of A_herm, HHL of Ax=b hermition system
LU sol 	    Herm LU sol    HHL sol    L1_diff(%)
 9.569e-03   9.569e-03   4.771e-03  5.014e+01
-4.258e-03  -4.258e-03  -0.000e+00  1.000e+02
 4.377e-02   4.377e-02   0.000e+00  1.000e+02
 2.288e-02   2.288e-02   4.771e-03  7.914e+01
 2.265e-02   2.265e-02   0.000e+00  1.000e+02
 2.716e-02   2.716e-02   8.264e-03  6.957e+01
-2.187e-02  -2.187e-02  -0.000e+00  1.000e+02
-1.575e-03  -1.575e-03  -0.000e+00  1.000e+02
-5.105e-02  -5.105e-02  -9.542e-03  8.131e+01
-6.194e-02  -6.194e-02  -9.542e-03  8.460e+01
 1.304e-02   1.304e-02   4.771e-03  6.341e+01
-3.502e-02  -3.502e-02  -8.264e-03  7.640e+01
-6.315e-02  -6.315e-02  -1.720e-02  7.276e+01
-7.457e-02  -7.457e-02  -1.509e-02  7.977e+01
-1.209e-02  -1.209e-02  -0.000e+00  1.000e+02
========================================================================================

step: 5/15 res:1.633410679859146, res/res0:0.1319888527952106  dq_norm: [0.02079655 0.0158238  0.0150874 ]

A info: before HHL prepare:
Spectral radius (A): 2.364e+01, lambda_min:3.8695063239283627
condition number(A): 6.110e+00, norm2_cond:63.82189545655314
det(A): 6.864e+15
--------------------------------------------------------------------------------

A_hhl info: after scaling by spectral radius:
Spectral radius (A): 1.000e+00, lambda_min:0.16366724618750308
condition number(A): 6.110e+00, norm2_cond:63.82189545655328
det(A): 1.703e-05, nnz: 11 non zeros per row
--------------------------------------------------------------------------------

Size of A & B are not power of 2:
Next 2 power of 15 = 16
Value to be padded = 1
--------------------------------------------------

==================== Print (N)^2 padded matrix system =======================
Padded shape of A: (15, 15)x(15, 15) -> (16, 16)x(16, 16)
Padded shape of B: (15,) -> (16,)
Determinant of padded matrix: 1.7028163152198078e-05
Condition # of padded matrix: 63.82189545655328


Matrix is not Hermitian. Making it Hermitian.......

==================== Print Hermitian matrix system info =======================
Shape of hermitian A: 16x16 -> 32x32
Shape of           B: 16 -> 32
Determinant of Hermitian matrix: 2.899583403378774e-10
Condition # of Hermitian matrix: 63.82189545655345

=================================== Generating HHL circuit ===================================
Time elapsed for generating HHL circuit: 4 min 7.30 sec

Generated circuit: num_qubits=14, gates=19, depth=5
============================== Generated Circuit saved ==============================

============================== Transpiling circuit ==============================
Time elapsed for transpiling the circuit:  0 min 42.19 sec
Transpiled circuit, num_qubits: 14, (original: 14)
Transpiled circuit depth: 688517 (original: 5)
Transpiled circuit gates: 688617 (original: 19)
============================== Transpiled Circuit saved ==============================
Time elapsed for running the circuit:  0 min 58.32 sec
total_qubits: 14, nq:5

Time elapsed for extracting shots-based hhl counts solution:  0 min 0.00 sec

[HHL info]: linear system residual (e=||Ax-b||_2): 1.0518152236937839
[HHL info]: Fidelity(true_sol, hhl_sol): 0.9342999187463075
[HHL info]: L2 error (absolute): 0.08331041255444584
[HHL info]: L2 error (relative): 0.6940499100951593
[HHL info]: L2 error (normalized): 0.2584882623852992

========================================================================================
 Compare system solutions using LU of A, LU sol of A_herm, HHL of Ax=b hermition system
LU sol 	    Herm LU sol    HHL sol    L1_diff(%)
 4.720e-03   4.720e-03   0.000e+00  1.000e+02
-4.388e-03  -4.388e-03  -0.000e+00  1.000e+02
 4.361e-02   4.361e-02   1.221e-02  7.200e+01
 1.846e-02   1.846e-02   5.459e-03  7.043e+01
 2.294e-02   2.294e-02   1.092e-02  5.241e+01
 1.936e-02   1.936e-02   0.000e+00  1.000e+02
-2.049e-02  -2.049e-02  -5.459e-03  7.336e+01
-9.029e-04  -9.029e-04  -0.000e+00  1.000e+02
-3.769e-02  -3.769e-02  -1.444e-02  6.168e+01
-5.124e-02  -5.124e-02  -1.638e-02  6.804e+01
 7.077e-03   7.077e-03   0.000e+00  1.000e+02
-2.706e-02  -2.706e-02  -7.721e-03  7.147e+01
-4.637e-02  -4.637e-02  -1.638e-02  6.468e+01
-5.982e-02  -5.982e-02  -1.891e-02  6.839e+01
-1.564e-02  -1.564e-02  -0.000e+00  1.000e+02
========================================================================================

step: 6/15 res:1.4409171784850092, res/res0:0.11643428545327521  dq_norm: [0.02441543 0.02183783 0.02042742]

A info: before HHL prepare:
Spectral radius (A): 2.376e+01, lambda_min:3.951479852929117
condition number(A): 6.013e+00, norm2_cond:64.86028978250268
det(A): 7.863e+15
--------------------------------------------------------------------------------

A_hhl info: after scaling by spectral radius:
Spectral radius (A): 1.000e+00, lambda_min:0.16631134273586717
condition number(A): 6.013e+00, norm2_cond:64.86028978250258
det(A): 1.811e-05, nnz: 11 non zeros per row
--------------------------------------------------------------------------------

Size of A & B are not power of 2:
Next 2 power of 15 = 16
Value to be padded = 1
--------------------------------------------------

==================== Print (N)^2 padded matrix system =======================
Padded shape of A: (15, 15)x(15, 15) -> (16, 16)x(16, 16)
Padded shape of B: (15,) -> (16,)
Determinant of padded matrix: 1.8113419115110585e-05
Condition # of padded matrix: 64.86028978250258


Matrix is not Hermitian. Making it Hermitian.......

==================== Print Hermitian matrix system info =======================
Shape of hermitian A: 16x16 -> 32x32
Shape of           B: 16 -> 32
Determinant of Hermitian matrix: 3.280959520396547e-10
Condition # of Hermitian matrix: 64.86028978250272

=================================== Generating HHL circuit ===================================
Time elapsed for generating HHL circuit: 4 min 7.00 sec

Generated circuit: num_qubits=14, gates=19, depth=5
============================== Generated Circuit saved ==============================

============================== Transpiling circuit ==============================
Time elapsed for transpiling the circuit:  0 min 42.55 sec
Transpiled circuit, num_qubits: 14, (original: 14)
Transpiled circuit depth: 689027 (original: 5)
Transpiled circuit gates: 689127 (original: 19)
============================== Transpiled Circuit saved ==============================
Time elapsed for running the circuit:  0 min 58.36 sec
total_qubits: 14, nq:5

Time elapsed for extracting shots-based hhl counts solution:  0 min 0.00 sec

[HHL info]: linear system residual (e=||Ax-b||_2): 0.598704343744323
[HHL info]: Fidelity(true_sol, hhl_sol): 0.9122743343493982
[HHL info]: L2 error (absolute): 0.04701414343678072
[HHL info]: L2 error (relative): 0.5695740340586539
[HHL info]: L2 error (normalized): 0.2995645752642672

========================================================================================
 Compare system solutions using LU of A, LU sol of A_herm, HHL of Ax=b hermition system
LU sol 	    Herm LU sol    HHL sol    L1_diff(%)
 4.681e-03   4.681e-03   0.000e+00  1.000e+02
-4.415e-03  -4.415e-03  -0.000e+00  1.000e+02
 3.120e-02   3.120e-02   1.180e-02  6.219e+01
 1.353e-02   1.353e-02   8.342e-03  3.834e+01
 1.245e-02   1.245e-02   5.899e-03  5.262e+01
 2.052e-02   2.052e-02   1.180e-02  4.252e+01
-1.358e-02  -1.358e-02  -8.342e-03  3.856e+01
-4.358e-04  -4.358e-04  -0.000e+00  1.000e+02
-2.009e-02  -2.009e-02  -0.000e+00  1.000e+02
-3.353e-02  -3.353e-02  -1.770e-02  4.723e+01
 6.322e-03   6.322e-03   0.000e+00  1.000e+02
-1.976e-02  -1.976e-02  -8.342e-03  5.778e+01
-3.016e-02  -3.016e-02  -1.319e-02  5.627e+01
-4.109e-02  -4.109e-02  -2.043e-02  5.027e+01
-1.727e-02  -1.727e-02  -8.342e-03  5.170e+01
========================================================================================

step: 7/15 res:1.0448948560669544, res/res0:0.08443343431291073  dq_norm: [0.02502676 0.02126866 0.02043426]

A info: before HHL prepare:
Spectral radius (A): 2.395e+01, lambda_min:4.001038759758168
condition number(A): 5.986e+00, norm2_cond:66.4709096337719
det(A): 8.711e+15
--------------------------------------------------------------------------------

A_hhl info: after scaling by spectral radius:
Spectral radius (A): 1.000e+00, lambda_min:0.1670635466184915
condition number(A): 5.986e+00, norm2_cond:66.47090963377188
det(A): 1.781e-05, nnz: 11 non zeros per row
--------------------------------------------------------------------------------

Size of A & B are not power of 2:
Next 2 power of 15 = 16
Value to be padded = 1
--------------------------------------------------

==================== Print (N)^2 padded matrix system =======================
Padded shape of A: (15, 15)x(15, 15) -> (16, 16)x(16, 16)
Padded shape of B: (15,) -> (16,)
Determinant of padded matrix: 1.7812347478253058e-05
Condition # of padded matrix: 66.47090963377188


Matrix is not Hermitian. Making it Hermitian.......

==================== Print Hermitian matrix system info =======================
Shape of hermitian A: 16x16 -> 32x32
Shape of           B: 16 -> 32
Determinant of Hermitian matrix: 3.172797226860281e-10
Condition # of Hermitian matrix: 66.47090963377192

=================================== Generating HHL circuit ===================================
Time elapsed for generating HHL circuit: 4 min 8.82 sec

Generated circuit: num_qubits=14, gates=19, depth=5
============================== Generated Circuit saved ==============================

============================== Transpiling circuit ==============================
Time elapsed for transpiling the circuit:  0 min 42.17 sec
Transpiled circuit, num_qubits: 14, (original: 14)
Transpiled circuit depth: 689027 (original: 5)
Transpiled circuit gates: 689127 (original: 19)
============================== Transpiled Circuit saved ==============================
Time elapsed for running the circuit:  0 min 58.45 sec
total_qubits: 14, nq:5

Time elapsed for extracting shots-based hhl counts solution:  0 min 0.00 sec

[HHL info]: linear system residual (e=||Ax-b||_2): 0.29610861224358004
[HHL info]: Fidelity(true_sol, hhl_sol): 0.9170828086201718
[HHL info]: L2 error (absolute): 0.028338089338555066
[HHL info]: L2 error (relative): 0.614167060257024
[HHL info]: L2 error (normalized): 0.2910518642968291

========================================================================================
 Compare system solutions using LU of A, LU sol of A_herm, HHL of Ax=b hermition system
LU sol 	    Herm LU sol    HHL sol    L1_diff(%)
 4.627e-03   4.627e-03   0.000e+00  1.000e+02
-4.513e-03  -4.513e-03  -2.956e-03  3.451e+01
 1.927e-02   1.927e-02   9.347e-03  5.148e+01
 5.555e-03   5.555e-03   0.000e+00  1.000e+02
 6.892e-03   6.892e-03   0.000e+00  1.000e+02
 9.532e-03   9.532e-03   5.120e-03  4.629e+01
-4.221e-03  -4.221e-03  -0.000e+00  1.000e+02
-1.892e-04  -1.892e-04  -0.000e+00  1.000e+02
-1.826e-02  -1.826e-02  -7.240e-03  6.036e+01
-1.496e-02  -1.496e-02  -7.240e-03  5.159e+01
 5.873e-03   5.873e-03   2.956e-03  4.967e+01
-1.134e-02  -1.134e-02  -4.180e-03  6.313e+01
-1.704e-02  -1.704e-02  -5.120e-03  6.996e+01
-2.076e-02  -2.076e-02  -8.868e-03  5.728e+01
-9.348e-03  -9.348e-03  -2.956e-03  6.838e+01
========================================================================================

step: 8/15 res:0.5930279444110719, res/res0:0.04792002343529984  dq_norm: [0.0088675  0.00980339 0.01386409]

A info: before HHL prepare:
Spectral radius (A): 2.399e+01, lambda_min:4.02254448092241
condition number(A): 5.965e+00, norm2_cond:67.03394281731586
det(A): 8.982e+15
--------------------------------------------------------------------------------

A_hhl info: after scaling by spectral radius:
Spectral radius (A): 1.000e+00, lambda_min:0.16765636753987334
condition number(A): 5.965e+00, norm2_cond:67.033942817316
det(A): 1.787e-05, nnz: 11 non zeros per row
--------------------------------------------------------------------------------

Size of A & B are not power of 2:
Next 2 power of 15 = 16
Value to be padded = 1
--------------------------------------------------

==================== Print (N)^2 padded matrix system =======================
Padded shape of A: (15, 15)x(15, 15) -> (16, 16)x(16, 16)
Padded shape of B: (15,) -> (16,)
Determinant of padded matrix: 1.787071610920156e-05
Condition # of padded matrix: 67.033942817316


Matrix is not Hermitian. Making it Hermitian.......

==================== Print Hermitian matrix system info =======================
Shape of hermitian A: 16x16 -> 32x32
Shape of           B: 16 -> 32
Determinant of Hermitian matrix: 3.193624942556773e-10
Condition # of Hermitian matrix: 67.03394281731593

=================================== Generating HHL circuit ===================================
Time elapsed for generating HHL circuit: 4 min 7.83 sec

Generated circuit: num_qubits=14, gates=19, depth=5
============================== Generated Circuit saved ==============================

============================== Transpiling circuit ==============================
Time elapsed for transpiling the circuit:  0 min 42.42 sec
Transpiled circuit, num_qubits: 14, (original: 14)
Transpiled circuit depth: 689027 (original: 5)
Transpiled circuit gates: 689127 (original: 19)
============================== Transpiled Circuit saved ==============================
Time elapsed for running the circuit:  0 min 58.74 sec
total_qubits: 14, nq:5

Time elapsed for extracting shots-based hhl counts solution:  0 min 0.00 sec

[HHL info]: linear system residual (e=||Ax-b||_2): 0.2782300258947843
[HHL info]: Fidelity(true_sol, hhl_sol): 0.9344254717244531
[HHL info]: L2 error (absolute): 0.026342620652410834
[HHL info]: L2 error (relative): 0.9363289538989734
[HHL info]: L2 error (normalized): 0.2582368945715724

========================================================================================
 Compare system solutions using LU of A, LU sol of A_herm, HHL of Ax=b hermition system
LU sol 	    Herm LU sol    HHL sol    L1_diff(%)
 4.612e-03   4.612e-03   0.000e+00  1.000e+02
-1.563e-03  -1.563e-03  -0.000e+00  1.000e+02
 9.917e-03   9.917e-03   6.398e-04  9.355e+01
 5.599e-03   5.599e-03   4.837e-04  9.136e+01
 6.940e-03   6.940e-03   4.837e-04  9.303e+01
 4.448e-03   4.448e-03   0.000e+00  1.000e+02
-4.009e-03  -4.009e-03  -3.420e-04  9.147e+01
-8.404e-05  -8.404e-05  -0.000e+00  1.000e+02
-1.042e-02  -1.042e-02  -6.840e-04  9.344e+01
-7.507e-03  -7.507e-03  -4.189e-04  9.442e+01
 2.746e-03   2.746e-03   2.418e-04  9.119e+01
-7.146e-03  -7.146e-03  -4.837e-04  9.323e+01
-1.199e-02  -1.199e-02  -8.021e-04  9.331e+01
-1.193e-02  -1.193e-02  -7.647e-04  9.359e+01
-6.655e-03  -6.655e-03  -5.408e-04  9.187e+01
========================================================================================

step: 9/15 res:0.29405681468965894, res/res0:0.02376145944561157  dq_norm: [0.00108151 0.00093661 0.00118473]

A info: before HHL prepare:
Spectral radius (A): 2.400e+01, lambda_min:4.028284292173186
condition number(A): 5.957e+00, norm2_cond:67.04816693866192
det(A): 9.044e+15
--------------------------------------------------------------------------------

A_hhl info: after scaling by spectral radius:
Spectral radius (A): 1.000e+00, lambda_min:0.1678594027178198
condition number(A): 5.957e+00, norm2_cond:67.04816693866162
det(A): 1.794e-05, nnz: 11 non zeros per row
--------------------------------------------------------------------------------

Size of A & B are not power of 2:
Next 2 power of 15 = 16
Value to be padded = 1
--------------------------------------------------

==================== Print (N)^2 padded matrix system =======================
Padded shape of A: (15, 15)x(15, 15) -> (16, 16)x(16, 16)
Padded shape of B: (15,) -> (16,)
Determinant of padded matrix: 1.793616648259986e-05
Condition # of padded matrix: 67.04816693866162


Matrix is not Hermitian. Making it Hermitian.......

==================== Print Hermitian matrix system info =======================
Shape of hermitian A: 16x16 -> 32x32
Shape of           B: 16 -> 32
Determinant of Hermitian matrix: 3.2170606809153865e-10
Condition # of Hermitian matrix: 67.04816693866186

=================================== Generating HHL circuit ===================================
Time elapsed for generating HHL circuit: 4 min 9.33 sec

Generated circuit: num_qubits=14, gates=19, depth=5
============================== Generated Circuit saved ==============================

============================== Transpiling circuit ==============================
Time elapsed for transpiling the circuit:  0 min 41.89 sec
Transpiled circuit, num_qubits: 14, (original: 14)
Transpiled circuit depth: 689027 (original: 5)
Transpiled circuit gates: 689127 (original: 19)
============================== Transpiled Circuit saved ==============================
Time elapsed for running the circuit:  0 min 58.20 sec
total_qubits: 14, nq:5

Time elapsed for extracting shots-based hhl counts solution:  0 min 0.00 sec

[HHL info]: linear system residual (e=||Ax-b||_2): 0.2080387638579302
[HHL info]: Fidelity(true_sol, hhl_sol): 0.9431781994197375
[HHL info]: L2 error (absolute): 0.01646347145443989
[HHL info]: L2 error (relative): 0.6251750244600388
[HHL info]: L2 error (normalized): 0.24010989314653747

========================================================================================
 Compare system solutions using LU of A, LU sol of A_herm, HHL of Ax=b hermition system
LU sol 	    Herm LU sol    HHL sol    L1_diff(%)
 4.611e-03   4.611e-03   2.260e-03  5.099e+01
-1.565e-03  -1.565e-03  -0.000e+00  1.000e+02
 9.274e-03   9.274e-03   4.126e-03  5.551e+01
 5.122e-03   5.122e-03   2.260e-03  5.588e+01
 6.462e-03   6.462e-03   1.305e-03  7.981e+01
 4.460e-03   4.460e-03   1.305e-03  7.075e+01
-3.651e-03  -3.651e-03  -1.845e-03  4.947e+01
-7.887e-05  -7.887e-05  -0.000e+00  1.000e+02
-9.701e-03  -9.701e-03  -3.196e-03  6.706e+01
-7.080e-03  -7.080e-03  -3.914e-03  4.471e+01
 2.494e-03   2.494e-03   0.000e+00  1.000e+02
-6.656e-03  -6.656e-03  -1.845e-03  7.228e+01
-1.119e-02  -1.119e-02  -4.126e-03  6.313e+01
-1.117e-02  -1.117e-02  -4.704e-03  5.789e+01
-6.146e-03  -6.146e-03  -2.260e-03  6.324e+01
========================================================================================

step: 10/15 res:0.27822255393401313, res/res0:0.022481961314634407  dq_norm: [0.00677915 0.00488154 0.00611934]

A info: before HHL prepare:
Spectral radius (A): 2.404e+01, lambda_min:4.052557568879304
condition number(A): 5.931e+00, norm2_cond:67.31372651431154
det(A): 9.346e+15
--------------------------------------------------------------------------------

A_hhl info: after scaling by spectral radius:
Spectral radius (A): 1.000e+00, lambda_min:0.1685969788600506
condition number(A): 5.931e+00, norm2_cond:67.31372651431136
det(A): 1.809e-05, nnz: 11 non zeros per row
--------------------------------------------------------------------------------

Size of A & B are not power of 2:
Next 2 power of 15 = 16
Value to be padded = 1
--------------------------------------------------

==================== Print (N)^2 padded matrix system =======================
Padded shape of A: (15, 15)x(15, 15) -> (16, 16)x(16, 16)
Padded shape of B: (15,) -> (16,)
Determinant of padded matrix: 1.8088995716278737e-05
Condition # of padded matrix: 67.31372651431136


Matrix is not Hermitian. Making it Hermitian.......

==================== Print Hermitian matrix system info =======================
Shape of hermitian A: 16x16 -> 32x32
Shape of           B: 16 -> 32
Determinant of Hermitian matrix: 3.2721176602355164e-10
Condition # of Hermitian matrix: 67.31372651431151

=================================== Generating HHL circuit ===================================
Time elapsed for generating HHL circuit: 4 min 8.10 sec

Generated circuit: num_qubits=14, gates=19, depth=5
============================== Generated Circuit saved ==============================

============================== Transpiling circuit ==============================
Time elapsed for transpiling the circuit:  0 min 42.05 sec
Transpiled circuit, num_qubits: 14, (original: 14)
Transpiled circuit depth: 689027 (original: 5)
Transpiled circuit gates: 689127 (original: 19)
============================== Transpiled Circuit saved ==============================
Time elapsed for running the circuit:  0 min 58.52 sec
total_qubits: 14, nq:5

Time elapsed for extracting shots-based hhl counts solution:  0 min 0.00 sec

[HHL info]: linear system residual (e=||Ax-b||_2): 0.1930824528422399
[HHL info]: Fidelity(true_sol, hhl_sol): 0.9339234756107206
[HHL info]: L2 error (absolute): 0.014977808182631043
[HHL info]: L2 error (relative): 0.9107711843507196
[HHL info]: L2 error (normalized): 0.25924057375336046

========================================================================================
 Compare system solutions using LU of A, LU sol of A_herm, HHL of Ax=b hermition system
LU sol 	    Herm LU sol    HHL sol    L1_diff(%)
 2.349e-03   2.349e-03   3.078e-04  8.689e+01
-1.578e-03  -1.578e-03  -0.000e+00  1.000e+02
 5.129e-03   5.129e-03   5.332e-04  8.960e+01
 2.883e-03   2.883e-03   4.353e-04  8.490e+01
 5.178e-03   5.178e-03   3.078e-04  9.405e+01
 3.191e-03   3.191e-03   3.078e-04  9.035e+01
-1.742e-03  -1.742e-03  -2.177e-04  8.750e+01
-5.531e-05  -5.531e-05  -0.000e+00  1.000e+02
-6.352e-03  -6.352e-03  -6.883e-04  8.916e+01
-3.126e-03  -3.126e-03  -2.177e-04  9.304e+01
 2.449e-03   2.449e-03   3.770e-04  8.460e+01
-4.825e-03  -4.825e-03  -3.770e-04  9.219e+01
-7.081e-03  -7.081e-03  -5.759e-04  9.187e+01
-6.481e-03  -6.481e-03  -4.867e-04  9.249e+01
-4.033e-03  -4.033e-03  -3.770e-04  9.065e+01
========================================================================================

step: 11/15 res:0.2078243156002207, res/res0:0.016793384136185727  dq_norm: [0.00084304 0.00068834 0.00106637]

A info: before HHL prepare:
Spectral radius (A): 2.404e+01, lambda_min:4.0573783195221305
condition number(A): 5.925e+00, norm2_cond:67.30520201838362
det(A): 9.390e+15
--------------------------------------------------------------------------------

A_hhl info: after scaling by spectral radius:
Spectral radius (A): 1.000e+00, lambda_min:0.1687742482180578
condition number(A): 5.925e+00, norm2_cond:67.30520201838347
det(A): 1.814e-05, nnz: 11 non zeros per row
--------------------------------------------------------------------------------

Size of A & B are not power of 2:
Next 2 power of 15 = 16
Value to be padded = 1
--------------------------------------------------

==================== Print (N)^2 padded matrix system =======================
Padded shape of A: (15, 15)x(15, 15) -> (16, 16)x(16, 16)
Padded shape of B: (15,) -> (16,)
Determinant of padded matrix: 1.8136649155080673e-05
Condition # of padded matrix: 67.30520201838347


Matrix is not Hermitian. Making it Hermitian.......

==================== Print Hermitian matrix system info =======================
Shape of hermitian A: 16x16 -> 32x32
Shape of           B: 16 -> 32
Determinant of Hermitian matrix: 3.289380425744885e-10
Condition # of Hermitian matrix: 67.30520201838344

=================================== Generating HHL circuit ===================================
Time elapsed for generating HHL circuit: 4 min 9.62 sec

Generated circuit: num_qubits=14, gates=19, depth=5
============================== Generated Circuit saved ==============================

============================== Transpiling circuit ==============================
Time elapsed for transpiling the circuit:  0 min 41.99 sec
Transpiled circuit, num_qubits: 14, (original: 14)
Transpiled circuit depth: 689027 (original: 5)
Transpiled circuit gates: 689127 (original: 19)
============================== Transpiled Circuit saved ==============================
Time elapsed for running the circuit:  0 min 58.39 sec
total_qubits: 14, nq:5

Time elapsed for extracting shots-based hhl counts solution:  0 min 0.00 sec

[HHL info]: linear system residual (e=||Ax-b||_2): 0.1746422269232206
[HHL info]: Fidelity(true_sol, hhl_sol): 0.9362811500966075
[HHL info]: L2 error (absolute): 0.013268474920541744
[HHL info]: L2 error (relative): 0.8861322938130298
[HHL info]: L2 error (normalized): 0.2544947132666409

========================================================================================
 Compare system solutions using LU of A, LU sol of A_herm, HHL of Ax=b hermition system
LU sol 	    Herm LU sol    HHL sol    L1_diff(%)
 2.040e-03   2.040e-03   3.651e-04  8.211e+01
-1.580e-03  -1.580e-03  -0.000e+00  1.000e+02
 4.593e-03   4.593e-03   5.163e-04  8.876e+01
 2.449e-03   2.449e-03   2.582e-04  8.946e+01
 4.872e-03   4.872e-03   4.471e-04  9.082e+01
 2.885e-03   2.885e-03   2.582e-04  9.105e+01
-1.519e-03  -1.519e-03  -0.000e+00  1.000e+02
-5.319e-05  -5.319e-05  -0.000e+00  1.000e+02
-5.649e-03  -5.649e-03  -5.773e-04  8.978e+01
-2.905e-03  -2.905e-03  -3.651e-04  8.743e+01
 2.067e-03   2.067e-03   0.000e+00  1.000e+02
-4.443e-03  -4.443e-03  -5.163e-04  8.838e+01
-6.505e-03  -6.505e-03  -8.943e-04  8.625e+01
-5.995e-03  -5.995e-03  -7.745e-04  8.708e+01
-3.671e-03  -3.671e-03  -5.163e-04  8.593e+01
========================================================================================

step: 12/15 res:0.19307618806596014, res/res0:0.015601651733473403  dq_norm: [0.00106441 0.00089428 0.00109527]

A info: before HHL prepare:
Spectral radius (A): 2.404e+01, lambda_min:4.062727699043973
condition number(A): 5.918e+00, norm2_cond:67.30800839327333
det(A): 9.447e+15
--------------------------------------------------------------------------------

A_hhl info: after scaling by spectral radius:
Spectral radius (A): 1.000e+00, lambda_min:0.1689865025983597
condition number(A): 5.918e+00, norm2_cond:67.3080083932734
det(A): 1.823e-05, nnz: 11 non zeros per row
--------------------------------------------------------------------------------

Size of A & B are not power of 2:
Next 2 power of 15 = 16
Value to be padded = 1
--------------------------------------------------

==================== Print (N)^2 padded matrix system =======================
Padded shape of A: (15, 15)x(15, 15) -> (16, 16)x(16, 16)
Padded shape of B: (15,) -> (16,)
Determinant of padded matrix: 1.823016149620545e-05
Condition # of padded matrix: 67.3080083932734


Matrix is not Hermitian. Making it Hermitian.......

==================== Print Hermitian matrix system info =======================
Shape of hermitian A: 16x16 -> 32x32
Shape of           B: 16 -> 32
Determinant of Hermitian matrix: 3.3233878817773166e-10
Condition # of Hermitian matrix: 67.30800839327372

=================================== Generating HHL circuit ===================================
Time elapsed for generating HHL circuit: 3 min 58.34 sec

Generated circuit: num_qubits=14, gates=19, depth=5
============================== Generated Circuit saved ==============================

============================== Transpiling circuit ==============================
Time elapsed for transpiling the circuit:  0 min 39.79 sec
Transpiled circuit, num_qubits: 14, (original: 14)
Transpiled circuit depth: 689027 (original: 5)
Transpiled circuit gates: 689127 (original: 19)
============================== Transpiled Circuit saved ==============================
Time elapsed for running the circuit:  0 min 54.63 sec
total_qubits: 14, nq:5

Time elapsed for extracting shots-based hhl counts solution:  0 min 0.00 sec

[HHL info]: linear system residual (e=||Ax-b||_2): 0.1402050184690177
[HHL info]: Fidelity(true_sol, hhl_sol): 0.8639521464854047
[HHL info]: L2 error (absolute): 0.01052082363841836
[HHL info]: L2 error (relative): 0.7930141719439041
[HHL info]: L2 error (normalized): 0.37552560061598456

========================================================================================
 Compare system solutions using LU of A, LU sol of A_herm, HHL of Ax=b hermition system
LU sol 	    Herm LU sol    HHL sol    L1_diff(%)
 1.675e-03   1.675e-03   7.016e-04  5.811e+01
-1.580e-03  -1.580e-03  -4.961e-04  6.860e+01
 4.076e-03   4.076e-03   7.016e-04  8.278e+01
 2.191e-03   2.191e-03   8.593e-04  6.078e+01
 4.425e-03   4.425e-03   7.016e-04  8.414e+01
 2.627e-03   2.627e-03   0.000e+00  1.000e+02
-1.516e-03  -1.516e-03  -0.000e+00  1.000e+02
-5.124e-05  -5.124e-05  -0.000e+00  1.000e+02
-5.062e-03  -5.062e-03  -1.313e-03  7.407e+01
-2.537e-03  -2.537e-03  -0.000e+00  1.000e+02
 2.063e-03   2.063e-03   4.961e-04  7.595e+01
-3.924e-03  -3.924e-03  -8.593e-04  7.810e+01
-5.609e-03  -5.609e-03  -1.488e-03  7.346e+01
-5.222e-03  -5.222e-03  -1.109e-03  7.875e+01
-3.173e-03  -3.173e-03  -7.016e-04  7.788e+01
========================================================================================

step: 13/15 res:0.17463487077644355, res/res0:0.014111488639103484  dq_norm: [0.00185639 0.00148842 0.00185639]

A info: before HHL prepare:
Spectral radius (A): 2.404e+01, lambda_min:4.071876093195202
condition number(A): 5.904e+00, norm2_cond:67.25364778476198
det(A): 9.523e+15
--------------------------------------------------------------------------------

A_hhl info: after scaling by spectral radius:
Spectral radius (A): 1.000e+00, lambda_min:0.16938007401862665
condition number(A): 5.904e+00, norm2_cond:67.25364778476204
det(A): 1.840e-05, nnz: 11 non zeros per row
--------------------------------------------------------------------------------

Size of A & B are not power of 2:
Next 2 power of 15 = 16
Value to be padded = 1
--------------------------------------------------

==================== Print (N)^2 padded matrix system =======================
Padded shape of A: (15, 15)x(15, 15) -> (16, 16)x(16, 16)
Padded shape of B: (15,) -> (16,)
Determinant of padded matrix: 1.8398236521437265e-05
Condition # of padded matrix: 67.25364778476204


Matrix is not Hermitian. Making it Hermitian.......

==================== Print Hermitian matrix system info =======================
Shape of hermitian A: 16x16 -> 32x32
Shape of           B: 16 -> 32
Determinant of Hermitian matrix: 3.384951070987492e-10
Condition # of Hermitian matrix: 67.25364778476226

=================================== Generating HHL circuit ===================================
Time elapsed for generating HHL circuit: 3 min 53.90 sec

Generated circuit: num_qubits=14, gates=19, depth=5
============================== Generated Circuit saved ==============================

============================== Transpiling circuit ==============================
Time elapsed for transpiling the circuit:  0 min 38.44 sec
Transpiled circuit, num_qubits: 14, (original: 14)
Transpiled circuit depth: 689027 (original: 5)
Transpiled circuit gates: 689127 (original: 19)
============================== Transpiled Circuit saved ==============================
Time elapsed for running the circuit:  0 min 54.72 sec
total_qubits: 14, nq:5

Time elapsed for extracting shots-based hhl counts solution:  0 min 0.00 sec

[HHL info]: linear system residual (e=||Ax-b||_2): 0.10146378753251926
[HHL info]: Fidelity(true_sol, hhl_sol): 0.9169275082195213
[HHL info]: L2 error (absolute): 0.006925931709604647
[HHL info]: L2 error (relative): 0.6583861700397237
[HHL info]: L2 error (normalized): 0.2913303344126149

========================================================================================
 Compare system solutions using LU of A, LU sol of A_herm, HHL of Ax=b hermition system
LU sol 	    Herm LU sol    HHL sol    L1_diff(%)
 9.724e-04   9.724e-04   0.000e+00  1.000e+02
-1.086e-03  -1.086e-03  -0.000e+00  1.000e+02
 3.370e-03   3.370e-03   1.122e-03  6.671e+01
 1.331e-03   1.331e-03   0.000e+00  1.000e+02
 3.725e-03   3.725e-03   9.717e-04  7.391e+01
 2.625e-03   2.625e-03   5.610e-04  7.862e+01
-1.513e-03  -1.513e-03  -5.610e-04  6.293e+01
-4.931e-05  -4.931e-05  -0.000e+00  1.000e+02
-3.738e-03  -3.738e-03  -1.122e-03  6.999e+01
-2.536e-03  -2.536e-03  -7.934e-04  6.872e+01
 1.562e-03   1.562e-03   5.610e-04  6.408e+01
-3.061e-03  -3.061e-03  -1.374e-03  5.510e+01
-4.119e-03  -4.119e-03  -1.943e-03  5.281e+01
-4.114e-03  -4.114e-03  -1.774e-03  5.688e+01
-2.499e-03  -2.499e-03  -9.717e-04  6.112e+01
========================================================================================

step: 14/15 res:0.14021545432123883, res/res0:0.011330204453919376  dq_norm: [0.00217281 0.00209913 0.00238019]
Completed: 14 steps in 5850.27s
Saved metadata to /lustre/orion/ard189/proj-shared/nozzle_1d_results/nelem5_rerun_failed_trials/statevector/shots_10000/trial_2/metadata_nelem5_HHL_statevector_nshots10000.pkl

Solution summary:
  x/L: [0.1000, 0.9000]
  Mach: [1.5244, 2.1507]
  p/p_in: [0.9769, 0.3658]
  rho/rho_in: [0.9865, 0.4859]
Saved combined plot to /lustre/orion/ard189/proj-shared/nozzle_1d_results/nelem5_rerun_failed_trials/statevector/shots_10000/trial_2/solution_plot_nelem5_HHL_statevector_nshots10000.png
