
------------------------------------------------------------
Using ideal local simulator with 'statevector' method
Backend: aer_simulator_statevector
Shots: 1000
------------------------------------------------------------

A info: before HHL prepare:
Spectral radius (A): 2.241e+01, lambda_min:2.3074021727489433
condition number(A): 9.710e+00, norm2_cond:95.97789014324577
det(A): 9.333e+14
--------------------------------------------------------------------------------

A_hhl info: after scaling by spectral radius:
Spectral radius (A): 1.000e+00, lambda_min:0.1029832130561069
condition number(A): 9.710e+00, norm2_cond:95.9778901432457
det(A): 5.184e-06, nnz: 10 non zeros per row
--------------------------------------------------------------------------------

Size of A & B are not power of 2:
Next 2 power of 15 = 16
Value to be padded = 1
--------------------------------------------------

==================== Print (N)^2 padded matrix system =======================
Padded shape of A: (15, 15)x(15, 15) -> (16, 16)x(16, 16)
Padded shape of B: (15,) -> (16,)
Determinant of padded matrix: 5.183984510966138e-06
Condition # of padded matrix: 95.9778901432457


Matrix is not Hermitian. Making it Hermitian.......

==================== Print Hermitian matrix system info =======================
Shape of hermitian A: 16x16 -> 32x32
Shape of           B: 16 -> 32
Determinant of Hermitian matrix: 2.6873695409936828e-11
Condition # of Hermitian matrix: 95.9778901432459

=================================== Generating HHL circuit ===================================
Time elapsed for generating HHL circuit: 4 min 38.14 sec

Generated circuit: num_qubits=14, gates=19, depth=5
============================== Generated Circuit saved ==============================

============================== Transpiling circuit ==============================
Time elapsed for transpiling the circuit:  0 min 48.89 sec
Transpiled circuit, num_qubits: 14, (original: 14)
Transpiled circuit depth: 689027 (original: 5)
Transpiled circuit gates: 689127 (original: 19)
============================== Transpiled Circuit saved ==============================
Time elapsed for running the circuit:  1 min 11.19 sec
total_qubits: 14, nq:5

Time elapsed for extracting shots-based hhl counts solution:  0 min 0.00 sec

[HHL info]: linear system residual (e=||Ax-b||_2): 14.158186295425395
[HHL info]: Fidelity(true_sol, hhl_sol): 0.5466512487650772
[HHL info]: L2 error (absolute): 2.515928570516501
[HHL info]: L2 error (relative): 0.930246068581469
[HHL info]: L2 error (normalized): 0.7219990665319321

========================================================================================
 Compare system solutions using LU of A, LU sol of A_herm, HHL of Ax=b hermition system
LU sol 	    Herm LU sol    HHL sol    L1_diff(%)
-1.705e-02  -1.705e-02  -0.000e+00  1.000e+02
-7.527e-03  -7.527e-03  -0.000e+00  1.000e+02
-3.946e-02  -3.946e-02  -0.000e+00  1.000e+02
-1.283e-01  -1.283e-01  -0.000e+00  1.000e+02
-6.877e-02  -6.877e-02  -0.000e+00  1.000e+02
-2.800e-01  -2.800e-01  -0.000e+00  1.000e+02
-4.114e-01  -4.114e-01  -0.000e+00  1.000e+02
-4.227e-01  -4.227e-01  -0.000e+00  1.000e+02
-1.109e+00  -1.109e+00  -0.000e+00  1.000e+02
-5.252e-01  -5.252e-01  -8.788e-02  8.327e+01
-5.558e-01  -5.558e-01  -0.000e+00  1.000e+02
-1.428e+00  -1.428e+00  -8.788e-02  9.384e+01
-5.637e-01  -5.637e-01  -0.000e+00  1.000e+02
-5.958e-01  -5.958e-01  -0.000e+00  1.000e+02
-1.529e+00  -1.529e+00  -2.325e-01  8.480e+01
========================================================================================

step: 0/15 res:12.375368413827264, res/res0:1.0  dq_norm: [0.08788041 0.         0.24856334]

A info: before HHL prepare:
Spectral radius (A): 2.272e+01, lambda_min:2.505402757638024
condition number(A): 9.069e+00, norm2_cond:88.25273280687719
det(A): 1.213e+15
--------------------------------------------------------------------------------

A_hhl info: after scaling by spectral radius:
Spectral radius (A): 1.000e+00, lambda_min:0.1102598893520947
condition number(A): 9.069e+00, norm2_cond:88.25273280687694
det(A): 5.458e-06, nnz: 11 non zeros per row
--------------------------------------------------------------------------------

Size of A & B are not power of 2:
Next 2 power of 15 = 16
Value to be padded = 1
--------------------------------------------------

==================== Print (N)^2 padded matrix system =======================
Padded shape of A: (15, 15)x(15, 15) -> (16, 16)x(16, 16)
Padded shape of B: (15,) -> (16,)
Determinant of padded matrix: 5.457881049357342e-06
Condition # of padded matrix: 88.25273280687694


Matrix is not Hermitian. Making it Hermitian.......

==================== Print Hermitian matrix system info =======================
Shape of hermitian A: 16x16 -> 32x32
Shape of           B: 16 -> 32
Determinant of Hermitian matrix: 2.978846554893421e-11
Condition # of Hermitian matrix: 88.2527328068772

=================================== Generating HHL circuit ===================================
Time elapsed for generating HHL circuit: 4 min 41.62 sec

Generated circuit: num_qubits=14, gates=19, depth=5
============================== Generated Circuit saved ==============================

============================== Transpiling circuit ==============================
Time elapsed for transpiling the circuit:  0 min 47.98 sec
Transpiled circuit, num_qubits: 14, (original: 14)
Transpiled circuit depth: 689027 (original: 5)
Transpiled circuit gates: 689127 (original: 19)
============================== Transpiled Circuit saved ==============================
Time elapsed for running the circuit:  1 min 10.32 sec
total_qubits: 14, nq:5

Time elapsed for extracting shots-based hhl counts solution:  0 min 0.00 sec

[HHL info]: linear system residual (e=||Ax-b||_2): 12.815376330084971
[HHL info]: Fidelity(true_sol, hhl_sol): 0.5734216200771165
[HHL info]: L2 error (absolute): 2.1505508013107058
[HHL info]: L2 error (relative): 0.8774561061681225
[HHL info]: L2 error (normalized): 0.696783931640868

========================================================================================
 Compare system solutions using LU of A, LU sol of A_herm, HHL of Ax=b hermition system
LU sol 	    Herm LU sol    HHL sol    L1_diff(%)
-1.779e-02  -1.779e-02  -0.000e+00  1.000e+02
-7.945e-03  -7.945e-03  -0.000e+00  1.000e+02
-4.155e-02  -4.155e-02  -0.000e+00  1.000e+02
-1.231e-01  -1.231e-01  -0.000e+00  1.000e+02
-6.350e-02  -6.350e-02  -0.000e+00  1.000e+02
-2.695e-01  -2.695e-01  -0.000e+00  1.000e+02
-3.959e-01  -3.959e-01  -1.714e-01  5.671e+01
-4.171e-01  -4.171e-01  -1.212e-01  7.095e+01
-1.076e+00  -1.076e+00  -0.000e+00  1.000e+02
-4.208e-01  -4.208e-01  -0.000e+00  1.000e+02
-5.617e-01  -5.617e-01  -1.212e-01  7.842e+01
-1.304e+00  -1.304e+00  -1.212e-01  9.071e+01
-5.616e-01  -5.616e-01  -1.714e-01  6.949e+01
-5.975e-01  -5.975e-01  -0.000e+00  1.000e+02
-1.248e+00  -1.248e+00  -2.710e-01  7.829e+01
========================================================================================

step: 1/15 res:14.224285052079823, res/res0:1.1494029572636177  dq_norm: [0.24237176 0.17138272 0.29684358]

A info: before HHL prepare:
Spectral radius (A): 2.374e+01, lambda_min:3.336783939749566
condition number(A): 7.114e+00, norm2_cond:75.71702850087563
det(A): 4.687e+15
--------------------------------------------------------------------------------

A_hhl info: after scaling by spectral radius:
Spectral radius (A): 1.000e+00, lambda_min:0.14056376035733806
condition number(A): 7.114e+00, norm2_cond:75.71702850087539
det(A): 1.094e-05, nnz: 11 non zeros per row
--------------------------------------------------------------------------------

Size of A & B are not power of 2:
Next 2 power of 15 = 16
Value to be padded = 1
--------------------------------------------------

==================== Print (N)^2 padded matrix system =======================
Padded shape of A: (15, 15)x(15, 15) -> (16, 16)x(16, 16)
Padded shape of B: (15,) -> (16,)
Determinant of padded matrix: 1.09421092877455e-05
Condition # of padded matrix: 75.71702850087539


Matrix is not Hermitian. Making it Hermitian.......

==================== Print Hermitian matrix system info =======================
Shape of hermitian A: 16x16 -> 32x32
Shape of           B: 16 -> 32
Determinant of Hermitian matrix: 1.1972975566496675e-10
Condition # of Hermitian matrix: 75.71702850087549

=================================== Generating HHL circuit ===================================
Time elapsed for generating HHL circuit: 4 min 41.59 sec

Generated circuit: num_qubits=14, gates=19, depth=5
============================== Generated Circuit saved ==============================

============================== Transpiling circuit ==============================
Time elapsed for transpiling the circuit:  0 min 47.62 sec
Transpiled circuit, num_qubits: 14, (original: 14)
Transpiled circuit depth: 689027 (original: 5)
Transpiled circuit gates: 689127 (original: 19)
============================== Transpiled Circuit saved ==============================
Time elapsed for running the circuit:  1 min 9.60 sec
total_qubits: 14, nq:5

Time elapsed for extracting shots-based hhl counts solution:  0 min 0.00 sec

[HHL info]: linear system residual (e=||Ax-b||_2): 6.365889993040655
[HHL info]: Fidelity(true_sol, hhl_sol): 0.7361193031890002
[HHL info]: L2 error (absolute): 1.3337464812327862
[HHL info]: L2 error (relative): 0.6385850289614612
[HHL info]: L2 error (normalized): 0.5329653787780905

========================================================================================
 Compare system solutions using LU of A, LU sol of A_herm, HHL of Ax=b hermition system
LU sol 	    Herm LU sol    HHL sol    L1_diff(%)
-1.617e-02  -1.617e-02  -0.000e+00  1.000e+02
-5.602e-03  -5.602e-03  -0.000e+00  1.000e+02
-3.413e-02  -3.413e-02  -0.000e+00  1.000e+02
-1.257e-01  -1.257e-01  -0.000e+00  1.000e+02
-7.219e-02  -7.219e-02  -0.000e+00  1.000e+02
-2.797e-01  -2.797e-01  -0.000e+00  1.000e+02
-2.228e-01  -2.228e-01  -0.000e+00  1.000e+02
-2.988e-01  -2.988e-01  -0.000e+00  1.000e+02
-1.097e+00  -1.097e+00  -6.415e-01  4.152e+01
-4.037e-01  -4.037e-01  -0.000e+00  1.000e+02
-4.296e-01  -4.296e-01  -0.000e+00  1.000e+02
-1.135e+00  -1.135e+00  -6.857e-01  3.960e+01
-3.410e-01  -3.410e-01  -0.000e+00  1.000e+02
-5.947e-01  -5.947e-01  -0.000e+00  1.000e+02
-9.015e-01  -9.015e-01  -3.429e-01  6.197e+01
========================================================================================

step: 2/15 res:13.074212597553668, res/res0:1.0564705760957849  dq_norm: [0.         0.         0.99964209]

A info: before HHL prepare:
Spectral radius (A): 2.286e+01, lambda_min:3.970631192906881
condition number(A): 5.758e+00, norm2_cond:50.210121909341865
det(A): 4.222e+15
--------------------------------------------------------------------------------

A_hhl info: after scaling by spectral radius:
Spectral radius (A): 1.000e+00, lambda_min:0.1736768285852044
condition number(A): 5.758e+00, norm2_cond:50.21012190934178
det(A): 1.733e-05, nnz: 11 non zeros per row
--------------------------------------------------------------------------------

Size of A & B are not power of 2:
Next 2 power of 15 = 16
Value to be padded = 1
--------------------------------------------------

==================== Print (N)^2 padded matrix system =======================
Padded shape of A: (15, 15)x(15, 15) -> (16, 16)x(16, 16)
Padded shape of B: (15,) -> (16,)
Determinant of padded matrix: 1.7328793587443255e-05
Condition # of padded matrix: 50.21012190934178


Matrix is not Hermitian. Making it Hermitian.......

==================== Print Hermitian matrix system info =======================
Shape of hermitian A: 16x16 -> 32x32
Shape of           B: 16 -> 32
Determinant of Hermitian matrix: 3.002870871962176e-10
Condition # of Hermitian matrix: 50.210121909342

=================================== Generating HHL circuit ===================================
Time elapsed for generating HHL circuit: 2 min 16.97 sec

Generated circuit: num_qubits=13, gates=18, depth=5
============================== Generated Circuit saved ==============================

============================== Transpiling circuit ==============================
Time elapsed for transpiling the circuit:  0 min 23.94 sec
Transpiled circuit, num_qubits: 13, (original: 13)
Transpiled circuit depth: 343170 (original: 5)
Transpiled circuit gates: 343251 (original: 18)
============================== Transpiled Circuit saved ==============================
Time elapsed for running the circuit:  0 min 28.24 sec
total_qubits: 13, nq:5

Time elapsed for extracting shots-based hhl counts solution:  0 min 0.00 sec

[HHL info]: linear system residual (e=||Ax-b||_2): 5.148249560619974
[HHL info]: Fidelity(true_sol, hhl_sol): 0.8732446455554848
[HHL info]: L2 error (absolute): 1.069184367456803
[HHL info]: L2 error (relative): 0.8308969040867359
[HHL info]: L2 error (normalized): 0.3620066319017328

========================================================================================
 Compare system solutions using LU of A, LU sol of A_herm, HHL of Ax=b hermition system
LU sol 	    Herm LU sol    HHL sol    L1_diff(%)
-1.302e-02  -1.302e-02  -0.000e+00  1.000e+02
-3.086e-03  -3.086e-03  -0.000e+00  1.000e+02
-3.169e-02  -3.169e-02  -0.000e+00  1.000e+02
-1.121e-01  -1.121e-01  -5.221e-02  5.340e+01
-6.564e-02  -6.564e-02  -0.000e+00  1.000e+02
-2.467e-01  -2.467e-01  -0.000e+00  1.000e+02
-2.090e-01  -2.090e-01  -0.000e+00  1.000e+02
-2.999e-01  -2.999e-01  -9.044e-02  6.985e+01
-3.763e-01  -3.763e-01  -7.384e-02  8.038e+01
-4.079e-01  -4.079e-01  -6.395e-02  8.432e+01
-4.321e-01  -4.321e-01  -9.044e-02  7.907e+01
-3.950e-01  -3.950e-01  -6.395e-02  8.381e+01
-3.480e-01  -3.480e-01  -5.221e-02  8.499e+01
-5.946e-01  -5.946e-01  -8.256e-02  8.612e+01
-5.639e-01  -5.639e-01  -1.168e-01  7.929e+01
========================================================================================

step: 3/15 res:6.306828971663403, res/res0:0.5096275731570664  dq_norm: [0.09768288 0.15222777 0.15222777]

A info: before HHL prepare:
Spectral radius (A): 2.273e+01, lambda_min:3.917000523242782
condition number(A): 5.802e+00, norm2_cond:52.80470799097947
det(A): 4.287e+15
--------------------------------------------------------------------------------

A_hhl info: after scaling by spectral radius:
Spectral radius (A): 1.000e+00, lambda_min:0.17235761024778437
condition number(A): 5.802e+00, norm2_cond:52.804707990979445
det(A): 1.924e-05, nnz: 11 non zeros per row
--------------------------------------------------------------------------------

Size of A & B are not power of 2:
Next 2 power of 15 = 16
Value to be padded = 1
--------------------------------------------------

==================== Print (N)^2 padded matrix system =======================
Padded shape of A: (15, 15)x(15, 15) -> (16, 16)x(16, 16)
Padded shape of B: (15,) -> (16,)
Determinant of padded matrix: 1.9244741190327874e-05
Condition # of padded matrix: 52.804707990979445


Matrix is not Hermitian. Making it Hermitian.......

==================== Print Hermitian matrix system info =======================
Shape of hermitian A: 16x16 -> 32x32
Shape of           B: 16 -> 32
Determinant of Hermitian matrix: 3.703600634827024e-10
Condition # of Hermitian matrix: 52.80470799097952

=================================== Generating HHL circuit ===================================
Time elapsed for generating HHL circuit: 2 min 17.45 sec

Generated circuit: num_qubits=13, gates=18, depth=5
============================== Generated Circuit saved ==============================

============================== Transpiling circuit ==============================
Time elapsed for transpiling the circuit:  0 min 24.63 sec
Transpiled circuit, num_qubits: 13, (original: 13)
Transpiled circuit depth: 343170 (original: 5)
Transpiled circuit gates: 343251 (original: 18)
============================== Transpiled Circuit saved ==============================
Time elapsed for running the circuit:  0 min 29.30 sec
total_qubits: 13, nq:5

Time elapsed for extracting shots-based hhl counts solution:  0 min 0.00 sec

[HHL info]: linear system residual (e=||Ax-b||_2): 4.182926710731203
[HHL info]: Fidelity(true_sol, hhl_sol): 0.9116087437666602
[HHL info]: L2 error (absolute): 0.76393850354984
[HHL info]: L2 error (relative): 0.7045303848119208
[HHL info]: L2 error (normalized): 0.3007256559499482

========================================================================================
 Compare system solutions using LU of A, LU sol of A_herm, HHL of Ax=b hermition system
LU sol 	    Herm LU sol    HHL sol    L1_diff(%)
-1.232e-02  -1.232e-02  -0.000e+00  1.000e+02
-3.081e-03  -3.081e-03  -0.000e+00  1.000e+02
-2.830e-02  -2.830e-02  -0.000e+00  1.000e+02
-6.527e-02  -6.527e-02  -0.000e+00  1.000e+02
-7.294e-02  -7.294e-02  -0.000e+00  1.000e+02
-2.641e-01  -2.641e-01  -7.146e-02  7.294e+01
-2.189e-01  -2.189e-01  -1.011e-01  5.384e+01
-2.084e-01  -2.084e-01  -0.000e+00  1.000e+02
-3.074e-01  -3.074e-01  -1.337e-01  5.651e+01
-3.440e-01  -3.440e-01  -7.146e-02  7.923e+01
-3.427e-01  -3.427e-01  -8.752e-02  7.446e+01
-3.425e-01  -3.425e-01  -1.130e-01  6.701e+01
-2.964e-01  -2.964e-01  -7.146e-02  7.589e+01
-5.134e-01  -5.134e-01  -1.822e-01  6.451e+01
-4.530e-01  -4.530e-01  -1.429e-01  6.845e+01
========================================================================================

step: 4/15 res:5.147169200616129, res/res0:0.41592048240479745  dq_norm: [0.14291831 0.20211701 0.2370032 ]

A info: before HHL prepare:
Spectral radius (A): 2.330e+01, lambda_min:3.984055854039832
condition number(A): 5.848e+00, norm2_cond:54.14764910301469
det(A): 5.090e+15
--------------------------------------------------------------------------------

A_hhl info: after scaling by spectral radius:
Spectral radius (A): 1.000e+00, lambda_min:0.17099901684157723
condition number(A): 5.848e+00, norm2_cond:54.14764910301442
det(A): 1.573e-05, nnz: 11 non zeros per row
--------------------------------------------------------------------------------

Size of A & B are not power of 2:
Next 2 power of 15 = 16
Value to be padded = 1
--------------------------------------------------

==================== Print (N)^2 padded matrix system =======================
Padded shape of A: (15, 15)x(15, 15) -> (16, 16)x(16, 16)
Padded shape of B: (15,) -> (16,)
Determinant of padded matrix: 1.5731635675999624e-05
Condition # of padded matrix: 54.14764910301442


Matrix is not Hermitian. Making it Hermitian.......

==================== Print Hermitian matrix system info =======================
Shape of hermitian A: 16x16 -> 32x32
Shape of           B: 16 -> 32
Determinant of Hermitian matrix: 2.474843610423832e-10
Condition # of Hermitian matrix: 54.14764910301472

=================================== Generating HHL circuit ===================================
Time elapsed for generating HHL circuit: 2 min 14.41 sec

Generated circuit: num_qubits=13, gates=18, depth=5
============================== Generated Circuit saved ==============================

============================== Transpiling circuit ==============================
Time elapsed for transpiling the circuit:  0 min 23.77 sec
Transpiled circuit, num_qubits: 13, (original: 13)
Transpiled circuit depth: 343170 (original: 5)
Transpiled circuit gates: 343251 (original: 18)
============================== Transpiled Circuit saved ==============================
Time elapsed for running the circuit:  0 min 28.29 sec
total_qubits: 13, nq:5

Time elapsed for extracting shots-based hhl counts solution:  0 min 0.00 sec

[HHL info]: linear system residual (e=||Ax-b||_2): 3.9004756086142622
[HHL info]: Fidelity(true_sol, hhl_sol): 0.6961625393859969
[HHL info]: L2 error (absolute): 0.6430262507082192
[HHL info]: L2 error (relative): 0.8539908651846084
[HHL info]: L2 error (normalized): 0.5755631095090648

========================================================================================
 Compare system solutions using LU of A, LU sol of A_herm, HHL of Ax=b hermition system
LU sol 	    Herm LU sol    HHL sol    L1_diff(%)
-1.211e-02  -1.211e-02  -0.000e+00  1.000e+02
-3.721e-03  -3.721e-03  -0.000e+00  1.000e+02
-2.863e-02  -2.863e-02  -0.000e+00  1.000e+02
-5.823e-02  -5.823e-02  -0.000e+00  1.000e+02
-6.635e-02  -6.635e-02  -0.000e+00  1.000e+02
-1.735e-01  -1.735e-01  -0.000e+00  1.000e+02
-1.082e-01  -1.082e-01  -0.000e+00  1.000e+02
-2.118e-01  -2.118e-01  -0.000e+00  1.000e+02
-1.807e-01  -1.807e-01  -6.347e-02  6.487e+01
-2.715e-01  -2.715e-01  -3.664e-02  8.650e+01
-2.527e-01  -2.527e-01  -5.182e-02  7.949e+01
-2.320e-01  -2.320e-01  -5.182e-02  7.767e+01
-2.236e-01  -2.236e-01  -0.000e+00  1.000e+02
-3.295e-01  -3.295e-01  -7.329e-02  7.776e+01
-2.982e-01  -2.982e-01  -5.182e-02  8.262e+01
========================================================================================

step: 5/15 res:4.2045610936240045, res/res0:0.33975239791052675  dq_norm: [0.03664322 0.08975719 0.09694885]

A info: before HHL prepare:
Spectral radius (A): 2.315e+01, lambda_min:3.708965705614441
condition number(A): 6.242e+00, norm2_cond:57.25850055900439
det(A): 3.587e+15
--------------------------------------------------------------------------------

A_hhl info: after scaling by spectral radius:
Spectral radius (A): 1.000e+00, lambda_min:0.1602087332330294
condition number(A): 6.242e+00, norm2_cond:57.25850055900441
det(A): 1.220e-05, nnz: 11 non zeros per row
--------------------------------------------------------------------------------

Size of A & B are not power of 2:
Next 2 power of 15 = 16
Value to be padded = 1
--------------------------------------------------

==================== Print (N)^2 padded matrix system =======================
Padded shape of A: (15, 15)x(15, 15) -> (16, 16)x(16, 16)
Padded shape of B: (15,) -> (16,)
Determinant of padded matrix: 1.2196012626911779e-05
Condition # of padded matrix: 57.25850055900441


Matrix is not Hermitian. Making it Hermitian.......

==================== Print Hermitian matrix system info =======================
Shape of hermitian A: 16x16 -> 32x32
Shape of           B: 16 -> 32
Determinant of Hermitian matrix: 1.4874272399579207e-10
Condition # of Hermitian matrix: 57.25850055900454

=================================== Generating HHL circuit ===================================
Time elapsed for generating HHL circuit: 2 min 17.66 sec

Generated circuit: num_qubits=13, gates=18, depth=5
============================== Generated Circuit saved ==============================

============================== Transpiling circuit ==============================
Time elapsed for transpiling the circuit:  0 min 24.39 sec
Transpiled circuit, num_qubits: 13, (original: 13)
Transpiled circuit depth: 343170 (original: 5)
Transpiled circuit gates: 343251 (original: 18)
============================== Transpiled Circuit saved ==============================
Time elapsed for running the circuit:  0 min 29.20 sec
total_qubits: 13, nq:5

Time elapsed for extracting shots-based hhl counts solution:  0 min 0.00 sec

[HHL info]: linear system residual (e=||Ax-b||_2): 1.8269731810402645
[HHL info]: Fidelity(true_sol, hhl_sol): 0.7843002783742624
[HHL info]: L2 error (absolute): 0.440625457730417
[HHL info]: L2 error (relative): 0.6853426747378636
[HHL info]: L2 error (normalized): 0.4783151815660782

========================================================================================
 Compare system solutions using LU of A, LU sol of A_herm, HHL of Ax=b hermition system
LU sol 	    Herm LU sol    HHL sol    L1_diff(%)
-1.217e-02  -1.217e-02  -0.000e+00  1.000e+02
-3.564e-03  -3.564e-03  -0.000e+00  1.000e+02
-2.885e-02  -2.885e-02  -0.000e+00  1.000e+02
-5.802e-02  -5.802e-02  -0.000e+00  1.000e+02
-6.579e-02  -6.579e-02  -0.000e+00  1.000e+02
-1.745e-01  -1.745e-01  -0.000e+00  1.000e+02
-1.091e-01  -1.091e-01  -0.000e+00  1.000e+02
-2.135e-01  -2.135e-01  -1.097e-01  4.861e+01
-1.193e-01  -1.193e-01  -0.000e+00  1.000e+02
-2.353e-01  -2.353e-01  -1.202e-01  4.891e+01
-1.991e-01  -1.991e-01  -4.907e-02  7.535e+01
-1.836e-01  -1.836e-01  -6.940e-02  6.220e+01
-2.271e-01  -2.271e-01  -6.940e-02  6.944e+01
-2.553e-01  -2.553e-01  -1.298e-01  4.914e+01
-2.388e-01  -2.388e-01  -6.940e-02  7.094e+01
========================================================================================

step: 6/15 res:3.910838309529882, res/res0:0.31601793003271067  dq_norm: [0.13879612 0.17693103 0.09814368]

A info: before HHL prepare:
Spectral radius (A): 2.309e+01, lambda_min:3.405832168994242
condition number(A): 6.781e+00, norm2_cond:67.7184880466818
det(A): 3.115e+15
--------------------------------------------------------------------------------

A_hhl info: after scaling by spectral radius:
Spectral radius (A): 1.000e+00, lambda_min:0.14747609823279156
condition number(A): 6.781e+00, norm2_cond:67.71848804668187
det(A): 1.099e-05, nnz: 11 non zeros per row
--------------------------------------------------------------------------------

Size of A & B are not power of 2:
Next 2 power of 15 = 16
Value to be padded = 1
--------------------------------------------------

==================== Print (N)^2 padded matrix system =======================
Padded shape of A: (15, 15)x(15, 15) -> (16, 16)x(16, 16)
Padded shape of B: (15,) -> (16,)
Determinant of padded matrix: 1.098783062265658e-05
Condition # of padded matrix: 67.71848804668187


Matrix is not Hermitian. Making it Hermitian.......

==================== Print Hermitian matrix system info =======================
Shape of hermitian A: 16x16 -> 32x32
Shape of           B: 16 -> 32
Determinant of Hermitian matrix: 1.2073242179218968e-10
Condition # of Hermitian matrix: 67.71848804668174

=================================== Generating HHL circuit ===================================
Time elapsed for generating HHL circuit: 4 min 30.62 sec

Generated circuit: num_qubits=14, gates=19, depth=5
============================== Generated Circuit saved ==============================

============================== Transpiling circuit ==============================
Time elapsed for transpiling the circuit:  0 min 47.47 sec
Transpiled circuit, num_qubits: 14, (original: 14)
Transpiled circuit depth: 689027 (original: 5)
Transpiled circuit gates: 689127 (original: 19)
============================== Transpiled Circuit saved ==============================
Time elapsed for running the circuit:  1 min 9.54 sec
total_qubits: 14, nq:5

Time elapsed for extracting shots-based hhl counts solution:  0 min 0.00 sec

[HHL info]: linear system residual (e=||Ax-b||_2): 1.5903762163687005
[HHL info]: Fidelity(true_sol, hhl_sol): 0.8714343119260912
[HHL info]: L2 error (absolute): 0.3653462819765642
[HHL info]: L2 error (relative): 0.7879521356331585
[HHL info]: L2 error (normalized): 0.36467393498826384

========================================================================================
 Compare system solutions using LU of A, LU sol of A_herm, HHL of Ax=b hermition system
LU sol 	    Herm LU sol    HHL sol    L1_diff(%)
-1.275e-02  -1.275e-02  -0.000e+00  1.000e+02
-4.494e-03  -4.494e-03  -0.000e+00  1.000e+02
-2.954e-02  -2.954e-02  -1.996e-02  3.242e+01
-6.228e-02  -6.228e-02  -0.000e+00  1.000e+02
-7.029e-02  -7.029e-02  -0.000e+00  1.000e+02
-1.797e-01  -1.797e-01  -4.890e-02  7.279e+01
-1.084e-01  -1.084e-01  -1.996e-02  8.159e+01
-9.735e-02  -9.735e-02  -0.000e+00  1.000e+02
-1.148e-01  -1.148e-01  -1.996e-02  8.261e+01
-1.080e-01  -1.080e-01  -1.996e-02  8.151e+01
-1.595e-01  -1.595e-01  -4.464e-02  7.202e+01
-1.330e-01  -1.330e-01  -3.458e-02  7.400e+01
-1.684e-01  -1.684e-01  -2.823e-02  8.324e+01
-1.292e-01  -1.292e-01  -3.458e-02  7.323e+01
-1.963e-01  -1.963e-01  -4.890e-02  7.509e+01
========================================================================================

step: 7/15 res:1.9136083788497453, res/res0:0.15463041703967614  dq_norm: [0.03992714 0.0564655  0.08231191]

A info: before HHL prepare:
Spectral radius (A): 2.320e+01, lambda_min:3.482398444747439
condition number(A): 6.661e+00, norm2_cond:67.84753803999564
det(A): 3.541e+15
--------------------------------------------------------------------------------

A_hhl info: after scaling by spectral radius:
Spectral radius (A): 1.000e+00, lambda_min:0.1501289710357339
condition number(A): 6.661e+00, norm2_cond:67.8475380399958
det(A): 1.169e-05, nnz: 12 non zeros per row
--------------------------------------------------------------------------------

Size of A & B are not power of 2:
Next 2 power of 15 = 16
Value to be padded = 1
--------------------------------------------------

==================== Print (N)^2 padded matrix system =======================
Padded shape of A: (15, 15)x(15, 15) -> (16, 16)x(16, 16)
Padded shape of B: (15,) -> (16,)
Determinant of padded matrix: 1.1694049848106783e-05
Condition # of padded matrix: 67.8475380399958


Matrix is not Hermitian. Making it Hermitian.......

==================== Print Hermitian matrix system info =======================
Shape of hermitian A: 16x16 -> 32x32
Shape of           B: 16 -> 32
Determinant of Hermitian matrix: 1.3675080185000626e-10
Condition # of Hermitian matrix: 67.84753803999588

=================================== Generating HHL circuit ===================================
Time elapsed for generating HHL circuit: 4 min 36.48 sec

Generated circuit: num_qubits=14, gates=19, depth=5
============================== Generated Circuit saved ==============================

============================== Transpiling circuit ==============================
Time elapsed for transpiling the circuit:  0 min 47.54 sec
Transpiled circuit, num_qubits: 14, (original: 14)
Transpiled circuit depth: 689027 (original: 5)
Transpiled circuit gates: 689127 (original: 19)
============================== Transpiled Circuit saved ==============================
Time elapsed for running the circuit:  1 min 9.67 sec
total_qubits: 14, nq:5

Time elapsed for extracting shots-based hhl counts solution:  0 min 0.00 sec

[HHL info]: linear system residual (e=||Ax-b||_2): 1.534405842459311
[HHL info]: Fidelity(true_sol, hhl_sol): 0.78851249645467
[HHL info]: L2 error (absolute): 0.33580670842762517
[HHL info]: L2 error (relative): 0.9294880608841705
[HHL info]: L2 error (normalized): 0.4733238609237865

========================================================================================
 Compare system solutions using LU of A, LU sol of A_herm, HHL of Ax=b hermition system
LU sol 	    Herm LU sol    HHL sol    L1_diff(%)
-1.240e-02  -1.240e-02  -0.000e+00  1.000e+02
-4.359e-03  -4.359e-03  -0.000e+00  1.000e+02
-8.475e-03  -8.475e-03  -0.000e+00  1.000e+02
-6.121e-02  -6.121e-02  -1.041e-02  8.299e+01
-6.995e-02  -6.995e-02  -0.000e+00  1.000e+02
-1.275e-01  -1.275e-01  -5.206e-03  9.592e+01
-8.758e-02  -8.758e-02  -5.206e-03  9.406e+01
-9.854e-02  -9.854e-02  -1.164e-02  8.819e+01
-9.633e-02  -9.633e-02  -0.000e+00  1.000e+02
-8.720e-02  -8.720e-02  -5.206e-03  9.403e+01
-1.131e-01  -1.131e-01  -7.363e-03  9.349e+01
-9.822e-02  -9.822e-02  -9.017e-03  9.082e+01
-1.368e-01  -1.368e-01  -1.164e-02  9.149e+01
-9.400e-02  -9.400e-02  -5.206e-03  9.446e+01
-1.454e-01  -1.454e-01  -1.473e-02  8.987e+01
========================================================================================

step: 8/15 res:1.5875504706127217, res/res0:0.1282830876241969  dq_norm: [0.01726666 0.01472506 0.01803444]

A info: before HHL prepare:
Spectral radius (A): 2.325e+01, lambda_min:3.5610061196470526
condition number(A): 6.530e+00, norm2_cond:67.11214518914066
det(A): 3.963e+15
--------------------------------------------------------------------------------

A_hhl info: after scaling by spectral radius:
Spectral radius (A): 1.000e+00, lambda_min:0.15313609279756743
condition number(A): 6.530e+00, norm2_cond:67.11214518914045
det(A): 1.261e-05, nnz: 12 non zeros per row
--------------------------------------------------------------------------------

Size of A & B are not power of 2:
Next 2 power of 15 = 16
Value to be padded = 1
--------------------------------------------------

==================== Print (N)^2 padded matrix system =======================
Padded shape of A: (15, 15)x(15, 15) -> (16, 16)x(16, 16)
Padded shape of B: (15,) -> (16,)
Determinant of padded matrix: 1.2606160039064575e-05
Condition # of padded matrix: 67.11214518914045


Matrix is not Hermitian. Making it Hermitian.......

==================== Print Hermitian matrix system info =======================
Shape of hermitian A: 16x16 -> 32x32
Shape of           B: 16 -> 32
Determinant of Hermitian matrix: 1.58915270930508e-10
Condition # of Hermitian matrix: 67.11214518914055

=================================== Generating HHL circuit ===================================
Time elapsed for generating HHL circuit: 4 min 38.33 sec

Generated circuit: num_qubits=14, gates=19, depth=5
============================== Generated Circuit saved ==============================

============================== Transpiling circuit ==============================
Time elapsed for transpiling the circuit:  0 min 47.78 sec
Transpiled circuit, num_qubits: 14, (original: 14)
Transpiled circuit depth: 689027 (original: 5)
Transpiled circuit gates: 689127 (original: 19)
============================== Transpiled Circuit saved ==============================
Time elapsed for running the circuit:  1 min 10.87 sec
total_qubits: 14, nq:5

Time elapsed for extracting shots-based hhl counts solution:  0 min 0.00 sec

[HHL info]: linear system residual (e=||Ax-b||_2): 1.5117569823492807
[HHL info]: Fidelity(true_sol, hhl_sol): 0.6948155757489421
[HHL info]: L2 error (absolute): 0.32085909779659516
[HHL info]: L2 error (relative): 0.9619530005508073
[HHL info]: L2 error (normalized): 0.5769645008620783

========================================================================================
 Compare system solutions using LU of A, LU sol of A_herm, HHL of Ax=b hermition system
LU sol 	    Herm LU sol    HHL sol    L1_diff(%)
-1.238e-02  -1.238e-02  -0.000e+00  1.000e+02
-4.353e-03  -4.353e-03  -0.000e+00  1.000e+02
-8.411e-03  -8.411e-03  -0.000e+00  1.000e+02
-5.110e-02  -5.110e-02  -3.352e-03  9.344e+01
-7.047e-02  -7.047e-02  -3.352e-03  9.524e+01
-1.236e-01  -1.236e-01  -7.495e-03  9.394e+01
-8.292e-02  -8.292e-02  -0.000e+00  1.000e+02
-8.707e-02  -8.707e-02  -4.740e-03  9.456e+01
-9.754e-02  -9.754e-02  -4.740e-03  9.514e+01
-8.098e-02  -8.098e-02  -3.352e-03  9.586e+01
-1.049e-01  -1.049e-01  -0.000e+00  1.000e+02
-8.792e-02  -8.792e-02  -4.740e-03  9.461e+01
-1.219e-01  -1.219e-01  -0.000e+00  1.000e+02
-8.863e-02  -8.863e-02  -4.740e-03  9.465e+01
-1.272e-01  -1.272e-01  -7.495e-03  9.411e+01
========================================================================================

step: 9/15 res:1.5348606117052934, res/res0:0.12402544800123776  dq_norm: [0.00473996 0.00749453 0.01254075]

A info: before HHL prepare:
Spectral radius (A): 2.324e+01, lambda_min:3.5436155381749197
condition number(A): 6.558e+00, norm2_cond:67.52722800888297
det(A): 3.862e+15
--------------------------------------------------------------------------------

A_hhl info: after scaling by spectral radius:
Spectral radius (A): 1.000e+00, lambda_min:0.15249603518941868
condition number(A): 6.558e+00, norm2_cond:67.5272280088829
det(A): 1.242e-05, nnz: 13 non zeros per row
--------------------------------------------------------------------------------

Size of A & B are not power of 2:
Next 2 power of 15 = 16
Value to be padded = 1
--------------------------------------------------

==================== Print (N)^2 padded matrix system =======================
Padded shape of A: (15, 15)x(15, 15) -> (16, 16)x(16, 16)
Padded shape of B: (15,) -> (16,)
Determinant of padded matrix: 1.2415156565984436e-05
Condition # of padded matrix: 67.5272280088829


Matrix is not Hermitian. Making it Hermitian.......

==================== Print Hermitian matrix system info =======================
Shape of hermitian A: 16x16 -> 32x32
Shape of           B: 16 -> 32
Determinant of Hermitian matrix: 1.5413611255790753e-10
Condition # of Hermitian matrix: 67.52722800888303

=================================== Generating HHL circuit ===================================
Time elapsed for generating HHL circuit: 4 min 39.08 sec

Generated circuit: num_qubits=14, gates=19, depth=5
============================== Generated Circuit saved ==============================

============================== Transpiling circuit ==============================
Time elapsed for transpiling the circuit:  0 min 47.16 sec
Transpiled circuit, num_qubits: 14, (original: 14)
Transpiled circuit depth: 689027 (original: 5)
Transpiled circuit gates: 689127 (original: 19)
============================== Transpiled Circuit saved ==============================
Time elapsed for running the circuit:  1 min 10.24 sec
total_qubits: 14, nq:5

Time elapsed for extracting shots-based hhl counts solution:  0 min 0.00 sec

[HHL info]: linear system residual (e=||Ax-b||_2): 1.435021668385504
[HHL info]: Fidelity(true_sol, hhl_sol): 0.8481461081250402
[HHL info]: L2 error (absolute): 0.26497325767804975
[HHL info]: L2 error (relative): 0.8223702967345171
[HHL info]: L2 error (normalized): 0.39762172253714945

========================================================================================
 Compare system solutions using LU of A, LU sol of A_herm, HHL of Ax=b hermition system
LU sol 	    Herm LU sol    HHL sol    L1_diff(%)
-1.239e-02  -1.239e-02  -0.000e+00  1.000e+02
-4.379e-03  -4.379e-03  -0.000e+00  1.000e+02
-8.453e-03  -8.453e-03  -0.000e+00  1.000e+02
-4.782e-02  -4.782e-02  -1.220e-02  7.448e+01
-6.716e-02  -6.716e-02  -0.000e+00  1.000e+02
-1.162e-01  -1.162e-01  -3.228e-02  7.222e+01
-8.290e-02  -8.290e-02  -2.113e-02  7.451e+01
-8.202e-02  -8.202e-02  -1.726e-02  7.896e+01
-9.253e-02  -9.253e-02  -1.220e-02  8.681e+01
-7.786e-02  -7.786e-02  -1.726e-02  7.784e+01
-1.055e-01  -1.055e-01  -2.113e-02  7.997e+01
-8.403e-02  -8.403e-02  -0.000e+00  1.000e+02
-1.232e-01  -1.232e-01  -2.113e-02  8.284e+01
-8.409e-02  -8.409e-02  -1.726e-02  7.948e+01
-1.209e-01  -1.209e-01  -2.113e-02  8.252e+01
========================================================================================

step: 10/15 res:1.5115892924120429, res/res0:0.12214499333394485  dq_norm: [0.03660378 0.0322815  0.040467  ]

A info: before HHL prepare:
Spectral radius (A): 2.343e+01, lambda_min:3.65797692271547
condition number(A): 6.406e+00, norm2_cond:68.32854129334605
det(A): 4.778e+15
--------------------------------------------------------------------------------

A_hhl info: after scaling by spectral radius:
Spectral radius (A): 1.000e+00, lambda_min:0.15610106737507426
condition number(A): 6.406e+00, norm2_cond:68.3285412933457
det(A): 1.354e-05, nnz: 11 non zeros per row
--------------------------------------------------------------------------------

Size of A & B are not power of 2:
Next 2 power of 15 = 16
Value to be padded = 1
--------------------------------------------------

==================== Print (N)^2 padded matrix system =======================
Padded shape of A: (15, 15)x(15, 15) -> (16, 16)x(16, 16)
Padded shape of B: (15,) -> (16,)
Determinant of padded matrix: 1.3542420240999856e-05
Condition # of padded matrix: 68.3285412933457


Matrix is not Hermitian. Making it Hermitian.......

==================== Print Hermitian matrix system info =======================
Shape of hermitian A: 16x16 -> 32x32
Shape of           B: 16 -> 32
Determinant of Hermitian matrix: 1.8339714598384258e-10
Condition # of Hermitian matrix: 68.32854129334582

=================================== Generating HHL circuit ===================================
Time elapsed for generating HHL circuit: 4 min 36.99 sec

Generated circuit: num_qubits=14, gates=19, depth=5
============================== Generated Circuit saved ==============================

============================== Transpiling circuit ==============================
Time elapsed for transpiling the circuit:  0 min 46.83 sec
Transpiled circuit, num_qubits: 14, (original: 14)
Transpiled circuit depth: 689027 (original: 5)
Transpiled circuit gates: 689127 (original: 19)
============================== Transpiled Circuit saved ==============================
Time elapsed for running the circuit:  1 min 9.91 sec
total_qubits: 14, nq:5

Time elapsed for extracting shots-based hhl counts solution:  0 min 0.00 sec

[HHL info]: linear system residual (e=||Ax-b||_2): 1.175161995970236
[HHL info]: Fidelity(true_sol, hhl_sol): 0.8832323348102338
[HHL info]: L2 error (absolute): 0.19107809950367116
[HHL info]: L2 error (relative): 0.7258764913293007
[HHL info]: L2 error (normalized): 0.3469743129924918

========================================================================================
 Compare system solutions using LU of A, LU sol of A_herm, HHL of Ax=b hermition system
LU sol 	    Herm LU sol    HHL sol    L1_diff(%)
-1.237e-02  -1.237e-02  -0.000e+00  1.000e+02
-4.363e-03  -4.363e-03  -0.000e+00  1.000e+02
-8.442e-03  -8.442e-03  -0.000e+00  1.000e+02
-3.551e-02  -3.551e-02  -0.000e+00  1.000e+02
-6.727e-02  -6.727e-02  -1.720e-02  7.443e+01
-8.401e-02  -8.401e-02  -2.432e-02  7.105e+01
-6.145e-02  -6.145e-02  -1.720e-02  7.201e+01
-6.501e-02  -6.501e-02  -0.000e+00  1.000e+02
-8.197e-02  -8.197e-02  -2.432e-02  7.033e+01
-5.950e-02  -5.950e-02  -2.432e-02  5.912e+01
-8.344e-02  -8.344e-02  -2.432e-02  7.085e+01
-8.496e-02  -8.496e-02  -1.720e-02  7.976e+01
-9.864e-02  -9.864e-02  -3.846e-02  6.102e+01
-6.658e-02  -6.658e-02  -1.720e-02  7.417e+01
-9.799e-02  -9.799e-02  -3.440e-02  6.490e+01
========================================================================================

step: 11/15 res:1.4353599055997441, res/res0:0.11598522626574784  dq_norm: [0.04864326 0.03439598 0.05159396]

A info: before HHL prepare:
Spectral radius (A): 2.372e+01, lambda_min:3.9425968368681046
condition number(A): 6.017e+00, norm2_cond:66.40246353623269
det(A): 7.013e+15
--------------------------------------------------------------------------------

A_hhl info: after scaling by spectral radius:
Spectral radius (A): 1.000e+00, lambda_min:0.16619936189345452
condition number(A): 6.017e+00, norm2_cond:66.40246353623257
det(A): 1.654e-05, nnz: 12 non zeros per row
--------------------------------------------------------------------------------

Size of A & B are not power of 2:
Next 2 power of 15 = 16
Value to be padded = 1
--------------------------------------------------

==================== Print (N)^2 padded matrix system =======================
Padded shape of A: (15, 15)x(15, 15) -> (16, 16)x(16, 16)
Padded shape of B: (15,) -> (16,)
Determinant of padded matrix: 1.654236260826292e-05
Condition # of padded matrix: 66.40246353623257


Matrix is not Hermitian. Making it Hermitian.......

==================== Print Hermitian matrix system info =======================
Shape of hermitian A: 16x16 -> 32x32
Shape of           B: 16 -> 32
Determinant of Hermitian matrix: 2.7364976066325523e-10
Condition # of Hermitian matrix: 66.4024635362326

=================================== Generating HHL circuit ===================================
Time elapsed for generating HHL circuit: 4 min 36.25 sec

Generated circuit: num_qubits=14, gates=19, depth=5
============================== Generated Circuit saved ==============================

============================== Transpiling circuit ==============================
Time elapsed for transpiling the circuit:  0 min 46.62 sec
Transpiled circuit, num_qubits: 14, (original: 14)
Transpiled circuit depth: 689027 (original: 5)
Transpiled circuit gates: 689127 (original: 19)
============================== Transpiled Circuit saved ==============================
Time elapsed for running the circuit:  1 min 9.15 sec
total_qubits: 14, nq:5

Time elapsed for extracting shots-based hhl counts solution:  0 min 0.00 sec

[HHL info]: linear system residual (e=||Ax-b||_2): 0.632479212484227
[HHL info]: Fidelity(true_sol, hhl_sol): 0.6602904949314088
[HHL info]: L2 error (absolute): 0.1522087073078821
[HHL info]: L2 error (relative): 0.8153995380167223
[HHL info]: L2 error (normalized): 0.6122375224272913

========================================================================================
 Compare system solutions using LU of A, LU sol of A_herm, HHL of Ax=b hermition system
LU sol 	    Herm LU sol    HHL sol    L1_diff(%)
-1.248e-02  -1.248e-02  -0.000e+00  1.000e+02
-4.454e-03  -4.454e-03  -0.000e+00  1.000e+02
-8.523e-03  -8.523e-03  -0.000e+00  1.000e+02
-3.566e-02  -3.566e-02  -1.012e-02  7.163e+01
-5.006e-02  -5.006e-02  -1.431e-02  7.142e+01
-5.969e-02  -5.969e-02  -0.000e+00  1.000e+02
-4.420e-02  -4.420e-02  -0.000e+00  1.000e+02
-6.565e-02  -6.565e-02  -2.478e-02  6.226e+01
-5.901e-02  -5.901e-02  -0.000e+00  1.000e+02
-3.310e-02  -3.310e-02  -0.000e+00  1.000e+02
-5.731e-02  -5.731e-02  -1.431e-02  7.504e+01
-6.593e-02  -6.593e-02  -1.752e-02  7.342e+01
-5.400e-02  -5.400e-02  -2.023e-02  6.253e+01
-4.886e-02  -4.886e-02  -1.012e-02  7.930e+01
-5.899e-02  -5.899e-02  -1.012e-02  8.285e+01
========================================================================================

step: 12/15 res:1.1679658921158371, res/res0:0.09437827247315271  dq_norm: [0.02261931 0.03354986 0.02023133]

A info: before HHL prepare:
Spectral radius (A): 2.368e+01, lambda_min:3.970809742317265
condition number(A): 5.964e+00, norm2_cond:65.75274208490133
det(A): 7.519e+15
--------------------------------------------------------------------------------

A_hhl info: after scaling by spectral radius:
Spectral radius (A): 1.000e+00, lambda_min:0.16768028612821198
condition number(A): 5.964e+00, norm2_cond:65.75274208490154
det(A): 1.821e-05, nnz: 11 non zeros per row
--------------------------------------------------------------------------------

Size of A & B are not power of 2:
Next 2 power of 15 = 16
Value to be padded = 1
--------------------------------------------------

==================== Print (N)^2 padded matrix system =======================
Padded shape of A: (15, 15)x(15, 15) -> (16, 16)x(16, 16)
Padded shape of B: (15,) -> (16,)
Determinant of padded matrix: 1.820635816851133e-05
Condition # of padded matrix: 65.75274208490154


Matrix is not Hermitian. Making it Hermitian.......

==================== Print Hermitian matrix system info =======================
Shape of hermitian A: 16x16 -> 32x32
Shape of           B: 16 -> 32
Determinant of Hermitian matrix: 3.3147147776012164e-10
Condition # of Hermitian matrix: 65.75274208490161

=================================== Generating HHL circuit ===================================
Time elapsed for generating HHL circuit: 4 min 36.50 sec

Generated circuit: num_qubits=14, gates=19, depth=5
============================== Generated Circuit saved ==============================

============================== Transpiling circuit ==============================
Time elapsed for transpiling the circuit:  0 min 46.43 sec
Transpiled circuit, num_qubits: 14, (original: 14)
Transpiled circuit depth: 689027 (original: 5)
Transpiled circuit gates: 689127 (original: 19)
============================== Transpiled Circuit saved ==============================
Time elapsed for running the circuit:  1 min 8.67 sec
total_qubits: 14, nq:5

Time elapsed for extracting shots-based hhl counts solution:  0 min 0.00 sec

[HHL info]: linear system residual (e=||Ax-b||_2): 0.4378388277372782
[HHL info]: Fidelity(true_sol, hhl_sol): 0.750964703501895
[HHL info]: L2 error (absolute): 0.12212576945733146
[HHL info]: L2 error (relative): 0.8008141957654611
[HHL info]: L2 error (normalized): 0.516561329133681

========================================================================================
 Compare system solutions using LU of A, LU sol of A_herm, HHL of Ax=b hermition system
LU sol 	    Herm LU sol    HHL sol    L1_diff(%)
-1.254e-02  -1.254e-02  -5.944e-03  5.259e+01
-4.484e-03  -4.484e-03  -0.000e+00  1.000e+02
-8.729e-03  -8.729e-03  -0.000e+00  1.000e+02
-2.592e-02  -2.592e-02  -0.000e+00  1.000e+02
-3.602e-02  -3.602e-02  -8.406e-03  7.666e+01
-6.066e-02  -6.066e-02  -8.406e-03  8.614e+01
-4.494e-02  -4.494e-02  -1.329e-02  7.043e+01
-4.106e-02  -4.106e-02  -1.783e-02  5.657e+01
-5.960e-02  -5.960e-02  -5.944e-03  9.003e+01
-3.300e-02  -3.300e-02  -1.030e-02  6.881e+01
-4.259e-02  -4.259e-02  -1.329e-02  6.880e+01
-4.768e-02  -4.768e-02  -8.406e-03  8.237e+01
-3.235e-02  -3.235e-02  -1.189e-02  6.325e+01
-3.863e-02  -3.863e-02  -0.000e+00  1.000e+02
-4.880e-02  -4.880e-02  -1.189e-02  7.564e+01
========================================================================================

step: 13/15 res:0.6279213382526937, res/res0:0.05073960768320269  dq_norm: [0.02143154 0.02377616 0.01783212]

A info: before HHL prepare:
Spectral radius (A): 2.383e+01, lambda_min:4.072497424813486
condition number(A): 5.851e+00, norm2_cond:65.44510730733137
det(A): 8.775e+15
--------------------------------------------------------------------------------

A_hhl info: after scaling by spectral radius:
Spectral radius (A): 1.000e+00, lambda_min:0.17089884196655533
condition number(A): 5.851e+00, norm2_cond:65.44510730733157
det(A): 1.934e-05, nnz: 11 non zeros per row
--------------------------------------------------------------------------------

Size of A & B are not power of 2:
Next 2 power of 15 = 16
Value to be padded = 1
--------------------------------------------------

==================== Print (N)^2 padded matrix system =======================
Padded shape of A: (15, 15)x(15, 15) -> (16, 16)x(16, 16)
Padded shape of B: (15,) -> (16,)
Determinant of padded matrix: 1.9338831941400603e-05
Condition # of padded matrix: 65.44510730733157


Matrix is not Hermitian. Making it Hermitian.......

==================== Print Hermitian matrix system info =======================
Shape of hermitian A: 16x16 -> 32x32
Shape of           B: 16 -> 32
Determinant of Hermitian matrix: 3.739904208577322e-10
Condition # of Hermitian matrix: 65.44510730733158

=================================== Generating HHL circuit ===================================
Time elapsed for generating HHL circuit: 4 min 31.46 sec

Generated circuit: num_qubits=14, gates=19, depth=5
============================== Generated Circuit saved ==============================

============================== Transpiling circuit ==============================
Time elapsed for transpiling the circuit:  0 min 45.59 sec
Transpiled circuit, num_qubits: 14, (original: 14)
Transpiled circuit depth: 689027 (original: 5)
Transpiled circuit gates: 689127 (original: 19)
============================== Transpiled Circuit saved ==============================
Time elapsed for running the circuit:  1 min 7.60 sec
total_qubits: 14, nq:5

Time elapsed for extracting shots-based hhl counts solution:  0 min 0.00 sec

[HHL info]: linear system residual (e=||Ax-b||_2): 0.4054020766096025
[HHL info]: Fidelity(true_sol, hhl_sol): 0.8365589097674325
[HHL info]: L2 error (absolute): 0.10702325929643959
[HHL info]: L2 error (relative): 0.8730074515178521
[HHL info]: L2 error (normalized): 0.413192585020994

========================================================================================
 Compare system solutions using LU of A, LU sol of A_herm, HHL of Ax=b hermition system
LU sol 	    Herm LU sol    HHL sol    L1_diff(%)
-6.678e-03  -6.678e-03  -0.000e+00  1.000e+02
-4.581e-03  -4.581e-03  -0.000e+00  1.000e+02
-8.983e-03  -8.983e-03  -0.000e+00  1.000e+02
-2.605e-02  -2.605e-02  -4.363e-03  8.325e+01
-2.754e-02  -2.754e-02  -0.000e+00  1.000e+02
-5.244e-02  -5.244e-02  -8.355e-03  8.407e+01
-3.148e-02  -3.148e-02  -5.633e-03  8.211e+01
-2.317e-02  -2.317e-02  -0.000e+00  1.000e+02
-5.427e-02  -5.427e-02  -7.557e-03  8.607e+01
-2.259e-02  -2.259e-02  -4.363e-03  8.069e+01
-2.924e-02  -2.924e-02  -4.363e-03  8.508e+01
-3.959e-02  -3.959e-02  -6.665e-03  8.316e+01
-2.025e-02  -2.025e-02  -0.000e+00  1.000e+02
-3.862e-02  -3.862e-02  -2.519e-03  9.348e+01
-3.726e-02  -3.726e-02  -5.633e-03  8.488e+01
========================================================================================

step: 14/15 res:0.4391646492008462, res/res0:0.035486995983906075  dq_norm: [0.0083551  0.00503832 0.01425051]
Completed: 14 steps in 5965.61s
Saved metadata to /lustre/orion/ard189/proj-shared/nozzle_1d_results/nelem5/statevector/shots_1000/trial_0/metadata_nelem5_HHL_statevector_nshots1000.pkl

Solution summary:
  x/L: [0.1000, 0.9000]
  Mach: [1.5158, 2.1933]
  p/p_in: [0.9851, 0.3649]
  rho/rho_in: [0.9941, 0.5040]
Saved combined plot to /lustre/orion/ard189/proj-shared/nozzle_1d_results/nelem5/statevector/shots_1000/trial_0/solution_plot_nelem5_HHL_statevector_nshots1000.png
