
------------------------------------------------------------
Using ideal local simulator with 'statevector' method
Backend: aer_simulator_statevector
Shots: 50000
------------------------------------------------------------

A info: before HHL prepare:
Spectral radius (A): 2.241e+01, lambda_min:2.3074021727489433
condition number(A): 9.710e+00, norm2_cond:95.97789014324577
det(A): 9.333e+14
--------------------------------------------------------------------------------

A_hhl info: after scaling by spectral radius:
Spectral radius (A): 1.000e+00, lambda_min:0.1029832130561069
condition number(A): 9.710e+00, norm2_cond:95.9778901432457
det(A): 5.184e-06, nnz: 10 non zeros per row
--------------------------------------------------------------------------------

Size of A & B are not power of 2:
Next 2 power of 15 = 16
Value to be padded = 1
--------------------------------------------------

==================== Print (N)^2 padded matrix system =======================
Padded shape of A: (15, 15)x(15, 15) -> (16, 16)x(16, 16)
Padded shape of B: (15,) -> (16,)
Determinant of padded matrix: 5.183984510966138e-06
Condition # of padded matrix: 95.9778901432457


Matrix is not Hermitian. Making it Hermitian.......

==================== Print Hermitian matrix system info =======================
Shape of hermitian A: 16x16 -> 32x32
Shape of           B: 16 -> 32
Determinant of Hermitian matrix: 2.6873695409936828e-11
Condition # of Hermitian matrix: 95.9778901432459

=================================== Generating HHL circuit ===================================
Time elapsed for generating HHL circuit: 4 min 28.88 sec

Generated circuit: num_qubits=14, gates=19, depth=5
============================== Generated Circuit saved ==============================

============================== Transpiling circuit ==============================
Time elapsed for transpiling the circuit:  0 min 45.41 sec
Transpiled circuit, num_qubits: 14, (original: 14)
Transpiled circuit depth: 689027 (original: 5)
Transpiled circuit gates: 689127 (original: 19)
============================== Transpiled Circuit saved ==============================
Time elapsed for running the circuit:  1 min 2.31 sec
total_qubits: 14, nq:5

Time elapsed for extracting shots-based hhl counts solution:  0 min 0.00 sec

[HHL info]: linear system residual (e=||Ax-b||_2): 4.37270817251341
[HHL info]: Fidelity(true_sol, hhl_sol): 0.9953204412600637
[HHL info]: L2 error (absolute): 0.41978454851998276
[HHL info]: L2 error (relative): 0.15521224667828848
[HHL info]: L2 error (normalized): 0.06844739698705098

========================================================================================
 Compare system solutions using LU of A, LU sol of A_herm, HHL of Ax=b hermition system
LU sol 	    Herm LU sol    HHL sol    L1_diff(%)
-1.705e-02  -1.705e-02  -0.000e+00  1.000e+02
-7.527e-03  -7.527e-03  -0.000e+00  1.000e+02
-3.946e-02  -3.946e-02  -1.236e-01  2.133e+02
-1.283e-01  -1.283e-01  -1.514e-01  1.807e+01
-6.877e-02  -6.877e-02  -0.000e+00  1.000e+02
-2.800e-01  -2.800e-01  -2.313e-01  1.739e+01
-4.114e-01  -4.114e-01  -3.605e-01  1.238e+01
-4.227e-01  -4.227e-01  -3.029e-01  2.835e+01
-1.109e+00  -1.109e+00  -9.892e-01  1.084e+01
-5.252e-01  -5.252e-01  -4.789e-01  8.820e+00
-5.558e-01  -5.558e-01  -4.458e-01  1.978e+01
-1.428e+00  -1.428e+00  -1.173e+00  1.784e+01
-5.637e-01  -5.637e-01  -4.626e-01  1.793e+01
-5.958e-01  -5.958e-01  -5.460e-01  8.353e+00
-1.529e+00  -1.529e+00  -1.335e+00  1.273e+01
========================================================================================

step: 0/15 res:12.375368413827264, res/res0:1.0  dq_norm: [0.77216314 0.76719741 2.05042132]

A info: before HHL prepare:
Spectral radius (A): 2.440e+01, lambda_min:4.5087153014452435
condition number(A): 5.412e+00, norm2_cond:73.22217495742845
det(A): 1.354e+16
--------------------------------------------------------------------------------

A_hhl info: after scaling by spectral radius:
Spectral radius (A): 1.000e+00, lambda_min:0.18478822383621143
condition number(A): 5.412e+00, norm2_cond:73.2221749574284
det(A): 2.094e-05, nnz: 11 non zeros per row
--------------------------------------------------------------------------------

Size of A & B are not power of 2:
Next 2 power of 15 = 16
Value to be padded = 1
--------------------------------------------------

==================== Print (N)^2 padded matrix system =======================
Padded shape of A: (15, 15)x(15, 15) -> (16, 16)x(16, 16)
Padded shape of B: (15,) -> (16,)
Determinant of padded matrix: 2.094096343039647e-05
Condition # of padded matrix: 73.2221749574284


Matrix is not Hermitian. Making it Hermitian.......

==================== Print Hermitian matrix system info =======================
Shape of hermitian A: 16x16 -> 32x32
Shape of           B: 16 -> 32
Determinant of Hermitian matrix: 4.3852394939319914e-10
Condition # of Hermitian matrix: 73.22217495742846

=================================== Generating HHL circuit ===================================
Time elapsed for generating HHL circuit: 4 min 30.44 sec

Generated circuit: num_qubits=14, gates=19, depth=5
============================== Generated Circuit saved ==============================

============================== Transpiling circuit ==============================
Time elapsed for transpiling the circuit:  0 min 45.41 sec
Transpiled circuit, num_qubits: 14, (original: 14)
Transpiled circuit depth: 689027 (original: 5)
Transpiled circuit gates: 689127 (original: 19)
============================== Transpiled Circuit saved ==============================
Time elapsed for running the circuit:  1 min 2.46 sec
total_qubits: 14, nq:5

Time elapsed for extracting shots-based hhl counts solution:  0 min 0.00 sec

[HHL info]: linear system residual (e=||Ax-b||_2): 1.5767754969277277
[HHL info]: Fidelity(true_sol, hhl_sol): 0.9714867151974117
[HHL info]: L2 error (absolute): 0.08659811166205825
[HHL info]: L2 error (relative): 0.30781878754077846
[HHL info]: L2 error (normalized): 0.16946824787109202

========================================================================================
 Compare system solutions using LU of A, LU sol of A_herm, HHL of Ax=b hermition system
LU sol 	    Herm LU sol    HHL sol    L1_diff(%)
-1.648e-02  -1.648e-02  -0.000e+00  1.000e+02
-6.266e-03  -6.266e-03  -0.000e+00  1.000e+02
 8.473e-02   8.473e-02   6.569e-02  2.247e+01
 2.941e-02   2.941e-02   0.000e+00  1.000e+02
-7.018e-02  -7.018e-02  -4.852e-02  3.087e+01
-3.492e-02  -3.492e-02  -3.961e-02  1.345e+01
-2.324e-02  -2.324e-02  -1.981e-02  1.478e+01
-1.151e-01  -1.151e-01  -8.167e-02  2.902e+01
-5.450e-02  -5.450e-02  -3.961e-02  2.732e+01
-6.265e-03  -6.265e-03  -0.000e+00  1.000e+02
-1.096e-01  -1.096e-01  -6.861e-02  3.741e+01
-1.550e-01  -1.550e-01  -1.138e-01  2.658e+01
-5.594e-02  -5.594e-02  -4.852e-02  1.327e+01
-4.982e-02  -4.982e-02  -2.801e-02  4.378e+01
-7.881e-02  -7.881e-02  -6.569e-02  1.665e+01
========================================================================================

step: 1/15 res:4.8131137831699276, res/res0:0.38892690885809367  dq_norm: [0.05240385 0.12048003 0.15721156]

A info: before HHL prepare:
Spectral radius (A): 2.430e+01, lambda_min:4.521117897108292
condition number(A): 5.374e+00, norm2_cond:66.58705505196305
det(A): 1.434e+16
--------------------------------------------------------------------------------

A_hhl info: after scaling by spectral radius:
Spectral radius (A): 1.000e+00, lambda_min:0.18609027363330166
condition number(A): 5.374e+00, norm2_cond:66.58705505196298
det(A): 2.365e-05, nnz: 13 non zeros per row
--------------------------------------------------------------------------------

Size of A & B are not power of 2:
Next 2 power of 15 = 16
Value to be padded = 1
--------------------------------------------------

==================== Print (N)^2 padded matrix system =======================
Padded shape of A: (15, 15)x(15, 15) -> (16, 16)x(16, 16)
Padded shape of B: (15,) -> (16,)
Determinant of padded matrix: 2.3650767982579697e-05
Condition # of padded matrix: 66.58705505196298


Matrix is not Hermitian. Making it Hermitian.......

==================== Print Hermitian matrix system info =======================
Shape of hermitian A: 16x16 -> 32x32
Shape of           B: 16 -> 32
Determinant of Hermitian matrix: 5.593588261658168e-10
Condition # of Hermitian matrix: 66.5870550519632

=================================== Generating HHL circuit ===================================
Time elapsed for generating HHL circuit: 4 min 30.19 sec

Generated circuit: num_qubits=14, gates=19, depth=5
============================== Generated Circuit saved ==============================

============================== Transpiling circuit ==============================
Time elapsed for transpiling the circuit:  0 min 44.35 sec
Transpiled circuit, num_qubits: 14, (original: 14)
Transpiled circuit depth: 689027 (original: 5)
Transpiled circuit gates: 689127 (original: 19)
============================== Transpiled Circuit saved ==============================
Time elapsed for running the circuit:  1 min 2.48 sec
total_qubits: 14, nq:5

Time elapsed for extracting shots-based hhl counts solution:  0 min 0.00 sec

[HHL info]: linear system residual (e=||Ax-b||_2): 1.387036161229785
[HHL info]: Fidelity(true_sol, hhl_sol): 0.9830521573453641
[HHL info]: L2 error (absolute): 0.07951741453036167
[HHL info]: L2 error (relative): 0.9031414612668328
[HHL info]: L2 error (normalized): 0.13046173772369363

========================================================================================
 Compare system solutions using LU of A, LU sol of A_herm, HHL of Ax=b hermition system
LU sol 	    Herm LU sol    HHL sol    L1_diff(%)
-1.407e-02  -1.407e-02  -1.522e-03  8.918e+01
-5.259e-03  -5.259e-03  -0.000e+00  1.000e+02
 2.518e-02   2.518e-02   2.406e-03  9.044e+01
 3.467e-02   3.467e-02   3.805e-03  8.903e+01
-2.155e-02  -2.155e-02  -1.864e-03  9.135e+01
 1.638e-02   1.638e-02   1.318e-03  9.195e+01
-8.924e-04  -8.924e-04  -0.000e+00  1.000e+02
-3.614e-02  -3.614e-02  -3.728e-03  8.969e+01
-7.037e-03  -7.037e-03  -7.609e-04  8.919e+01
-4.080e-03  -4.080e-03  -0.000e+00  1.000e+02
-3.956e-02  -3.956e-02  -3.403e-03  9.140e+01
-3.743e-02  -3.743e-02  -3.805e-03  8.983e+01
-4.546e-03  -4.546e-03  -0.000e+00  1.000e+02
-2.127e-02  -2.127e-02  -2.152e-03  8.988e+01
-1.207e-02  -1.207e-02  -1.076e-03  9.109e+01
========================================================================================

step: 2/15 res:1.5526295384271902, res/res0:0.12546127812182173  dq_norm: [0.00409781 0.00579518 0.00487242]

A info: before HHL prepare:
Spectral radius (A): 2.427e+01, lambda_min:4.472448648362532
condition number(A): 5.426e+00, norm2_cond:66.67516803666862
det(A): 1.374e+16
--------------------------------------------------------------------------------

A_hhl info: after scaling by spectral radius:
Spectral radius (A): 1.000e+00, lambda_min:0.18430656068544474
condition number(A): 5.426e+00, norm2_cond:66.67516803666882
det(A): 2.306e-05, nnz: 11 non zeros per row
--------------------------------------------------------------------------------

Size of A & B are not power of 2:
Next 2 power of 15 = 16
Value to be padded = 1
--------------------------------------------------

==================== Print (N)^2 padded matrix system =======================
Padded shape of A: (15, 15)x(15, 15) -> (16, 16)x(16, 16)
Padded shape of B: (15,) -> (16,)
Determinant of padded matrix: 2.3059004674036234e-05
Condition # of padded matrix: 66.67516803666882


Matrix is not Hermitian. Making it Hermitian.......

==================== Print Hermitian matrix system info =======================
Shape of hermitian A: 16x16 -> 32x32
Shape of           B: 16 -> 32
Determinant of Hermitian matrix: 5.31717696557225e-10
Condition # of Hermitian matrix: 66.67516803666886

=================================== Generating HHL circuit ===================================
Time elapsed for generating HHL circuit: 4 min 27.19 sec

Generated circuit: num_qubits=14, gates=19, depth=5
============================== Generated Circuit saved ==============================

============================== Transpiling circuit ==============================
Time elapsed for transpiling the circuit:  0 min 44.11 sec
Transpiled circuit, num_qubits: 14, (original: 14)
Transpiled circuit depth: 689027 (original: 5)
Transpiled circuit gates: 689127 (original: 19)
============================== Transpiled Circuit saved ==============================
Time elapsed for running the circuit:  1 min 2.03 sec
total_qubits: 14, nq:5

Time elapsed for extracting shots-based hhl counts solution:  0 min 0.00 sec

[HHL info]: linear system residual (e=||Ax-b||_2): 1.2197055627819626
[HHL info]: Fidelity(true_sol, hhl_sol): 0.9591453902982233
[HHL info]: L2 error (absolute): 0.07029614407733265
[HHL info]: L2 error (relative): 0.878163012432573
[HHL info]: L2 error (normalized): 0.20317635776254003

========================================================================================
 Compare system solutions using LU of A, LU sol of A_herm, HHL of Ax=b hermition system
LU sol 	    Herm LU sol    HHL sol    L1_diff(%)
-1.226e-02  -1.226e-02  -1.289e-03  8.948e+01
-5.101e-03  -5.101e-03  -0.000e+00  1.000e+02
 2.350e-02   2.350e-02   2.412e-03  8.974e+01
 3.140e-02   3.140e-02   4.373e-03  8.607e+01
-1.979e-02  -1.979e-02  -2.233e-03  8.871e+01
 1.591e-02   1.591e-02   2.233e-03  8.596e+01
-7.144e-04  -7.144e-04  -0.000e+00  1.000e+02
-3.243e-02  -3.243e-02  -3.759e-03  8.841e+01
-5.821e-03  -5.821e-03  -9.118e-04  8.434e+01
-4.061e-03  -4.061e-03  -9.118e-04  7.755e+01
-3.621e-02  -3.621e-02  -4.277e-03  8.819e+01
-3.354e-02  -3.354e-02  -4.467e-03  8.668e+01
-4.620e-03  -4.620e-03  -0.000e+00  1.000e+02
-1.916e-02  -1.916e-02  -3.024e-03  8.422e+01
-1.105e-02  -1.105e-02  -0.000e+00  1.000e+02
========================================================================================

step: 3/15 res:1.3873526429144614, res/res0:0.1121059669920083  dq_norm: [0.0046492  0.00682317 0.00562061]

A info: before HHL prepare:
Spectral radius (A): 2.424e+01, lambda_min:4.414328248027586
condition number(A): 5.491e+00, norm2_cond:66.93669089929438
det(A): 1.306e+16
--------------------------------------------------------------------------------

A_hhl info: after scaling by spectral radius:
Spectral radius (A): 1.000e+00, lambda_min:0.1821210486309313
condition number(A): 5.491e+00, norm2_cond:66.93669089929425
det(A): 2.231e-05, nnz: 11 non zeros per row
--------------------------------------------------------------------------------

Size of A & B are not power of 2:
Next 2 power of 15 = 16
Value to be padded = 1
--------------------------------------------------

==================== Print (N)^2 padded matrix system =======================
Padded shape of A: (15, 15)x(15, 15) -> (16, 16)x(16, 16)
Padded shape of B: (15,) -> (16,)
Determinant of padded matrix: 2.2310982623176008e-05
Condition # of padded matrix: 66.93669089929425


Matrix is not Hermitian. Making it Hermitian.......

==================== Print Hermitian matrix system info =======================
Shape of hermitian A: 16x16 -> 32x32
Shape of           B: 16 -> 32
Determinant of Hermitian matrix: 4.977799456116599e-10
Condition # of Hermitian matrix: 66.93669089929433

=================================== Generating HHL circuit ===================================
Time elapsed for generating HHL circuit: 4 min 26.90 sec

Generated circuit: num_qubits=14, gates=19, depth=5
============================== Generated Circuit saved ==============================

============================== Transpiling circuit ==============================
Time elapsed for transpiling the circuit:  0 min 43.98 sec
Transpiled circuit, num_qubits: 14, (original: 14)
Transpiled circuit depth: 689027 (original: 5)
Transpiled circuit gates: 689127 (original: 19)
============================== Transpiled Circuit saved ==============================
Time elapsed for running the circuit:  1 min 2.54 sec
total_qubits: 14, nq:5

Time elapsed for extracting shots-based hhl counts solution:  0 min 0.00 sec

[HHL info]: linear system residual (e=||Ax-b||_2): 0.8000368136226462
[HHL info]: Fidelity(true_sol, hhl_sol): 0.9784051326040731
[HHL info]: L2 error (absolute): 0.04880511708498721
[HHL info]: L2 error (relative): 0.6887394386754597
[HHL info]: L2 error (normalized): 0.14735239406135467

========================================================================================
 Compare system solutions using LU of A, LU sol of A_herm, HHL of Ax=b hermition system
LU sol 	    Herm LU sol    HHL sol    L1_diff(%)
-1.068e-02  -1.068e-02  -3.775e-03  6.467e+01
-4.963e-03  -4.963e-03  -0.000e+00  1.000e+02
 2.182e-02   2.182e-02   6.538e-03  7.004e+01
 2.754e-02   2.754e-02   8.007e-03  7.092e+01
-1.768e-02  -1.768e-02  -5.968e-03  6.624e+01
 1.451e-02   1.451e-02   3.775e-03  7.398e+01
-5.628e-04  -5.628e-04  -0.000e+00  1.000e+02
-2.869e-02  -2.869e-02  -8.852e-03  6.914e+01
-4.525e-03  -4.525e-03  -0.000e+00  1.000e+02
-3.152e-03  -3.152e-03  -0.000e+00  1.000e+02
-3.198e-02  -3.198e-02  -1.034e-02  6.768e+01
-2.900e-02  -2.900e-02  -9.437e-03  6.746e+01
-4.698e-03  -4.698e-03  -2.669e-03  4.319e+01
-1.619e-02  -1.619e-02  -4.993e-03  6.915e+01
-1.110e-02  -1.110e-02  -4.993e-03  5.501e+01
========================================================================================

step: 4/15 res:1.2200464391048236, res/res0:0.09858667623516078  dq_norm: [0.00924605 0.01567744 0.01307588]

A info: before HHL prepare:
Spectral radius (A): 2.419e+01, lambda_min:4.325375320901313
condition number(A): 5.592e+00, norm2_cond:66.9043733137309
det(A): 1.215e+16
--------------------------------------------------------------------------------

A_hhl info: after scaling by spectral radius:
Spectral radius (A): 1.000e+00, lambda_min:0.1788383649255222
condition number(A): 5.592e+00, norm2_cond:66.90437331373084
det(A): 2.143e-05, nnz: 11 non zeros per row
--------------------------------------------------------------------------------

Size of A & B are not power of 2:
Next 2 power of 15 = 16
Value to be padded = 1
--------------------------------------------------

==================== Print (N)^2 padded matrix system =======================
Padded shape of A: (15, 15)x(15, 15) -> (16, 16)x(16, 16)
Padded shape of B: (15,) -> (16,)
Determinant of padded matrix: 2.1428455159806745e-05
Condition # of padded matrix: 66.90437331373084


Matrix is not Hermitian. Making it Hermitian.......

==================== Print Hermitian matrix system info =======================
Shape of hermitian A: 16x16 -> 32x32
Shape of           B: 16 -> 32
Determinant of Hermitian matrix: 4.591786905358467e-10
Condition # of Hermitian matrix: 66.90437331373094

=================================== Generating HHL circuit ===================================
Time elapsed for generating HHL circuit: 4 min 27.94 sec

Generated circuit: num_qubits=14, gates=19, depth=5
============================== Generated Circuit saved ==============================

============================== Transpiling circuit ==============================
Time elapsed for transpiling the circuit:  0 min 42.73 sec
Transpiled circuit, num_qubits: 14, (original: 14)
Transpiled circuit depth: 689027 (original: 5)
Transpiled circuit gates: 689127 (original: 19)
============================== Transpiled Circuit saved ==============================
Time elapsed for running the circuit:  1 min 2.29 sec
total_qubits: 14, nq:5

Time elapsed for extracting shots-based hhl counts solution:  0 min 0.00 sec

[HHL info]: linear system residual (e=||Ax-b||_2): 0.7164657978951824
[HHL info]: Fidelity(true_sol, hhl_sol): 0.9828816536409083
[HHL info]: L2 error (absolute): 0.04513794465872796
[HHL info]: L2 error (relative): 0.9042468271489622
[HHL info]: L2 error (normalized): 0.13111918103391496

========================================================================================
 Compare system solutions using LU of A, LU sol of A_herm, HHL of Ax=b hermition system
LU sol 	    Herm LU sol    HHL sol    L1_diff(%)
-6.410e-03  -6.410e-03  -7.491e-04  8.831e+01
-4.714e-03  -4.714e-03  -5.297e-04  8.876e+01
 1.656e-02   1.656e-02   1.544e-03  9.068e+01
 2.044e-02   2.044e-02   2.017e-03  9.013e+01
-1.188e-02  -1.188e-02  -8.375e-04  9.295e+01
 1.232e-02   1.232e-02   1.059e-03  9.140e+01
-2.454e-04  -2.454e-04  -0.000e+00  1.000e+02
-1.989e-02  -1.989e-02  -2.085e-03  8.952e+01
-3.648e-03  -3.648e-03  -3.745e-04  8.973e+01
-3.149e-03  -3.149e-03  -0.000e+00  1.000e+02
-2.175e-02  -2.175e-02  -2.017e-03  9.073e+01
-1.945e-02  -1.945e-02  -2.085e-03  8.928e+01
-2.233e-03  -2.233e-03  -3.745e-04  8.322e+01
-1.127e-02  -1.127e-02  -8.375e-04  9.257e+01
-6.422e-03  -6.422e-03  -6.487e-04  8.990e+01
========================================================================================

step: 5/15 res:0.8012845749959793, res/res0:0.0647483410757038  dq_norm: [0.00218396 0.00317812 0.00290122]

A info: before HHL prepare:
Spectral radius (A): 2.417e+01, lambda_min:4.306838955314697
condition number(A): 5.613e+00, norm2_cond:66.89546691724141
det(A): 1.194e+16
--------------------------------------------------------------------------------

A_hhl info: after scaling by spectral radius:
Spectral radius (A): 1.000e+00, lambda_min:0.178170242489978
condition number(A): 5.613e+00, norm2_cond:66.89546691724176
det(A): 2.124e-05, nnz: 11 non zeros per row
--------------------------------------------------------------------------------

Size of A & B are not power of 2:
Next 2 power of 15 = 16
Value to be padded = 1
--------------------------------------------------

==================== Print (N)^2 padded matrix system =======================
Padded shape of A: (15, 15)x(15, 15) -> (16, 16)x(16, 16)
Padded shape of B: (15,) -> (16,)
Determinant of padded matrix: 2.1242229815208463e-05
Condition # of padded matrix: 66.89546691724176


Matrix is not Hermitian. Making it Hermitian.......

==================== Print Hermitian matrix system info =======================
Shape of hermitian A: 16x16 -> 32x32
Shape of           B: 16 -> 32
Determinant of Hermitian matrix: 4.5123232752213135e-10
Condition # of Hermitian matrix: 66.89546691724179

=================================== Generating HHL circuit ===================================
Time elapsed for generating HHL circuit: 4 min 27.29 sec

Generated circuit: num_qubits=14, gates=19, depth=5
============================== Generated Circuit saved ==============================

============================== Transpiling circuit ==============================
Time elapsed for transpiling the circuit:  0 min 43.19 sec
Transpiled circuit, num_qubits: 14, (original: 14)
Transpiled circuit depth: 689027 (original: 5)
Transpiled circuit gates: 689127 (original: 19)
============================== Transpiled Circuit saved ==============================
Time elapsed for running the circuit:  1 min 2.47 sec
total_qubits: 14, nq:5

Time elapsed for extracting shots-based hhl counts solution:  0 min 0.00 sec

[HHL info]: linear system residual (e=||Ax-b||_2): 0.5956660516092691
[HHL info]: Fidelity(true_sol, hhl_sol): 0.9788607278866693
[HHL info]: L2 error (absolute): 0.037796055666904436
[HHL info]: L2 error (relative): 0.8336688706499571
[HHL info]: L2 error (normalized): 0.14578129497779893

========================================================================================
 Compare system solutions using LU of A, LU sol of A_herm, HHL of Ax=b hermition system
LU sol 	    Herm LU sol    HHL sol    L1_diff(%)
-5.579e-03  -5.579e-03  -8.513e-04  8.474e+01
-4.148e-03  -4.148e-03  -6.020e-04  8.549e+01
 1.524e-02   1.524e-02   2.408e-03  8.420e+01
 1.857e-02   1.857e-02   3.128e-03  8.316e+01
-1.107e-02  -1.107e-02  -2.252e-03  7.966e+01
 1.151e-02   1.151e-02   2.332e-03  7.974e+01
-1.935e-04  -1.935e-04  -0.000e+00  1.000e+02
-1.781e-02  -1.781e-02  -2.692e-03  8.489e+01
-3.139e-03  -3.139e-03  -6.020e-04  8.082e+01
-3.150e-03  -3.150e-03  -0.000e+00  1.000e+02
-1.975e-02  -1.975e-02  -3.711e-03  8.121e+01
-1.735e-02  -1.735e-02  -2.624e-03  8.488e+01
-1.891e-03  -1.891e-03  -0.000e+00  1.000e+02
-1.045e-02  -1.045e-02  -1.593e-03  8.475e+01
-5.823e-03  -5.823e-03  -6.020e-04  8.966e+01
========================================================================================

step: 6/15 res:0.7165425387140137, res/res0:0.05790070361973268  dq_norm: [0.00324184 0.00538439 0.00434104]

A info: before HHL prepare:
Spectral radius (A): 2.415e+01, lambda_min:4.266654151970097
condition number(A): 5.661e+00, norm2_cond:66.96251526839032
det(A): 1.152e+16
--------------------------------------------------------------------------------

A_hhl info: after scaling by spectral radius:
Spectral radius (A): 1.000e+00, lambda_min:0.17665032791206176
condition number(A): 5.661e+00, norm2_cond:66.96251526839018
det(A): 2.074e-05, nnz: 11 non zeros per row
--------------------------------------------------------------------------------

Size of A & B are not power of 2:
Next 2 power of 15 = 16
Value to be padded = 1
--------------------------------------------------

==================== Print (N)^2 padded matrix system =======================
Padded shape of A: (15, 15)x(15, 15) -> (16, 16)x(16, 16)
Padded shape of B: (15,) -> (16,)
Determinant of padded matrix: 2.0736371915523565e-05
Condition # of padded matrix: 66.96251526839018


Matrix is not Hermitian. Making it Hermitian.......

==================== Print Hermitian matrix system info =======================
Shape of hermitian A: 16x16 -> 32x32
Shape of           B: 16 -> 32
Determinant of Hermitian matrix: 4.2999712021891594e-10
Condition # of Hermitian matrix: 66.9625152683904

=================================== Generating HHL circuit ===================================
Time elapsed for generating HHL circuit: 4 min 28.05 sec

Generated circuit: num_qubits=14, gates=19, depth=5
============================== Generated Circuit saved ==============================

============================== Transpiling circuit ==============================
Time elapsed for transpiling the circuit:  0 min 43.26 sec
Transpiled circuit, num_qubits: 14, (original: 14)
Transpiled circuit depth: 689027 (original: 5)
Transpiled circuit gates: 689127 (original: 19)
============================== Transpiled Circuit saved ==============================
Time elapsed for running the circuit:  1 min 2.39 sec
total_qubits: 14, nq:5

Time elapsed for extracting shots-based hhl counts solution:  0 min 0.00 sec

[HHL info]: linear system residual (e=||Ax-b||_2): 0.5531166622334347
[HHL info]: Fidelity(true_sol, hhl_sol): 0.9816000588674257
[HHL info]: L2 error (absolute): 0.035448061085108416
[HHL info]: L2 error (relative): 0.9304684889495631
[HHL info]: L2 error (normalized): 0.1359609074082095

========================================================================================
 Compare system solutions using LU of A, LU sol of A_herm, HHL of Ax=b hermition system
LU sol 	    Herm LU sol    HHL sol    L1_diff(%)
-4.610e-03  -4.610e-03  -3.759e-04  9.185e+01
-3.506e-03  -3.506e-03  -2.170e-04  9.381e+01
 1.315e-02   1.315e-02   1.107e-03  9.158e+01
 1.566e-02   1.566e-02   1.148e-03  9.266e+01
-8.883e-03  -8.883e-03  -4.853e-04  9.454e+01
 9.535e-03   9.535e-03   6.510e-04  9.317e+01
-1.302e-04  -1.302e-04  -0.000e+00  1.000e+02
-1.514e-02  -1.514e-02  -9.459e-04  9.375e+01
-2.370e-03  -2.370e-03  -0.000e+00  1.000e+02
-3.155e-03  -3.155e-03  -2.170e-04  9.312e+01
-1.607e-02  -1.607e-02  -1.169e-03  9.273e+01
-1.471e-02  -1.471e-02  -9.459e-04  9.357e+01
-1.936e-03  -1.936e-03  -0.000e+00  1.000e+02
-8.881e-03  -8.881e-03  -6.138e-04  9.309e+01
-5.286e-03  -5.286e-03  -4.340e-04  9.179e+01
========================================================================================

step: 7/15 res:0.5958389679774633, res/res0:0.04814717009246526  dq_norm: [0.00122762 0.00170877 0.00165273]

A info: before HHL prepare:
Spectral radius (A): 2.415e+01, lambda_min:4.254337036441392
condition number(A): 5.676e+00, norm2_cond:66.99814436672288
det(A): 1.139e+16
--------------------------------------------------------------------------------

A_hhl info: after scaling by spectral radius:
Spectral radius (A): 1.000e+00, lambda_min:0.1761835318766982
condition number(A): 5.676e+00, norm2_cond:66.99814436672277
det(A): 2.058e-05, nnz: 11 non zeros per row
--------------------------------------------------------------------------------

Size of A & B are not power of 2:
Next 2 power of 15 = 16
Value to be padded = 1
--------------------------------------------------

==================== Print (N)^2 padded matrix system =======================
Padded shape of A: (15, 15)x(15, 15) -> (16, 16)x(16, 16)
Padded shape of B: (15,) -> (16,)
Determinant of padded matrix: 2.057542537134993e-05
Condition # of padded matrix: 66.99814436672277


Matrix is not Hermitian. Making it Hermitian.......

==================== Print Hermitian matrix system info =======================
Shape of hermitian A: 16x16 -> 32x32
Shape of           B: 16 -> 32
Determinant of Hermitian matrix: 4.233481292119934e-10
Condition # of Hermitian matrix: 66.99814436672293

=================================== Generating HHL circuit ===================================
Time elapsed for generating HHL circuit: 4 min 27.82 sec

Generated circuit: num_qubits=14, gates=19, depth=5
============================== Generated Circuit saved ==============================

============================== Transpiling circuit ==============================
Time elapsed for transpiling the circuit:  0 min 42.58 sec
Transpiled circuit, num_qubits: 14, (original: 14)
Transpiled circuit depth: 689027 (original: 5)
Transpiled circuit gates: 689127 (original: 19)
============================== Transpiled Circuit saved ==============================
Time elapsed for running the circuit:  1 min 2.26 sec
total_qubits: 14, nq:5

Time elapsed for extracting shots-based hhl counts solution:  0 min 0.00 sec

[HHL info]: linear system residual (e=||Ax-b||_2): 0.5513189589923916
[HHL info]: Fidelity(true_sol, hhl_sol): 0.9843251629511867
[HHL info]: L2 error (absolute): 0.035395497524611526
[HHL info]: L2 error (relative): 0.996223960809724
[HHL info]: L2 error (normalized): 0.12544619707644167

========================================================================================
 Compare system solutions using LU of A, LU sol of A_herm, HHL of Ax=b hermition system
LU sol 	    Herm LU sol    HHL sol    L1_diff(%)
-4.200e-03  -4.200e-03  -1.173e-05  9.972e+01
-3.275e-03  -3.275e-03  -1.658e-05  9.949e+01
 1.214e-02   1.214e-02   4.690e-05  9.961e+01
 1.457e-02   1.457e-02   5.500e-05  9.962e+01
-8.413e-03  -8.413e-03  -3.102e-05  9.963e+01
 8.980e-03   8.980e-03   4.228e-05  9.953e+01
-1.122e-04  -1.122e-04  -0.000e+00  1.000e+02
-1.420e-02  -1.420e-02  -5.979e-05  9.958e+01
-2.322e-03  -2.322e-03  -1.173e-05  9.950e+01
-2.939e-03  -2.939e-03  -1.173e-05  9.960e+01
-1.491e-02  -1.491e-02  -5.373e-05  9.964e+01
-1.376e-02  -1.376e-02  -4.541e-05  9.967e+01
-1.946e-03  -1.946e-03  -0.000e+00  1.000e+02
-8.274e-03  -8.274e-03  -2.622e-05  9.968e+01
-4.862e-03  -4.862e-03  -2.031e-05  9.958e+01
========================================================================================

step: 8/15 res:0.5531401210595163, res/res0:0.0446968609388211  dq_norm: [5.74448560e-05 9.15820672e-05 8.12392945e-05]

A info: before HHL prepare:
Spectral radius (A): 2.415e+01, lambda_min:4.253739873950999
condition number(A): 5.677e+00, norm2_cond:66.99941750617876
det(A): 1.138e+16
--------------------------------------------------------------------------------

A_hhl info: after scaling by spectral radius:
Spectral radius (A): 1.000e+00, lambda_min:0.17616105182330138
condition number(A): 5.677e+00, norm2_cond:66.99941750617847
det(A): 2.057e-05, nnz: 11 non zeros per row
--------------------------------------------------------------------------------

Size of A & B are not power of 2:
Next 2 power of 15 = 16
Value to be padded = 1
--------------------------------------------------

==================== Print (N)^2 padded matrix system =======================
Padded shape of A: (15, 15)x(15, 15) -> (16, 16)x(16, 16)
Padded shape of B: (15,) -> (16,)
Determinant of padded matrix: 2.0567488003769855e-05
Condition # of padded matrix: 66.99941750617847


Matrix is not Hermitian. Making it Hermitian.......

==================== Print Hermitian matrix system info =======================
Shape of hermitian A: 16x16 -> 32x32
Shape of           B: 16 -> 32
Determinant of Hermitian matrix: 4.2302156278521693e-10
Condition # of Hermitian matrix: 66.99941750617863

=================================== Generating HHL circuit ===================================
Time elapsed for generating HHL circuit: 4 min 27.59 sec

Generated circuit: num_qubits=14, gates=19, depth=5
============================== Generated Circuit saved ==============================

============================== Transpiling circuit ==============================
Time elapsed for transpiling the circuit:  0 min 42.85 sec
Transpiled circuit, num_qubits: 14, (original: 14)
Transpiled circuit depth: 689027 (original: 5)
Transpiled circuit gates: 689127 (original: 19)
============================== Transpiled Circuit saved ==============================
Time elapsed for running the circuit:  1 min 1.99 sec
total_qubits: 14, nq:5

Time elapsed for extracting shots-based hhl counts solution:  0 min 0.00 sec

[HHL info]: linear system residual (e=||Ax-b||_2): 0.5339891669582857
[HHL info]: Fidelity(true_sol, hhl_sol): 0.9438886887202436
[HHL info]: L2 error (absolute): 0.03443653161336434
[HHL info]: L2 error (relative): 0.9727859998884548
[HHL info]: L2 error (normalized): 0.23858189466185184

========================================================================================
 Compare system solutions using LU of A, LU sol of A_herm, HHL of Ax=b hermition system
LU sol 	    Herm LU sol    HHL sol    L1_diff(%)
-4.186e-03  -4.186e-03  -7.773e-05  9.814e+01
-3.257e-03  -3.257e-03  -1.099e-04  9.663e+01
 1.209e-02   1.209e-02   2.578e-04  9.787e+01
 1.452e-02   1.452e-02   4.977e-04  9.657e+01
-8.382e-03  -8.382e-03  -2.332e-04  9.722e+01
 8.943e-03   8.943e-03   2.199e-04  9.754e+01
-1.114e-04  -1.114e-04  -0.000e+00  1.000e+02
-1.414e-02  -1.414e-02  -4.039e-04  9.714e+01
-2.308e-03  -2.308e-03  -0.000e+00  1.000e+02
-2.928e-03  -2.928e-03  -0.000e+00  1.000e+02
-1.486e-02  -1.486e-02  -3.646e-04  9.755e+01
-1.371e-02  -1.371e-02  -4.397e-04  9.679e+01
-1.947e-03  -1.947e-03  -0.000e+00  1.000e+02
-8.248e-03  -8.248e-03  -2.458e-04  9.702e+01
-4.843e-03  -4.843e-03  -0.000e+00  1.000e+02
========================================================================================

step: 9/15 res:0.5513190064945686, res/res0:0.044549704546861656  dq_norm: [0.00050376 0.00065036 0.00055512]

A info: before HHL prepare:
Spectral radius (A): 2.414e+01, lambda_min:4.24841349126769
condition number(A): 5.683e+00, norm2_cond:67.01608376803144
det(A): 1.132e+16
--------------------------------------------------------------------------------

A_hhl info: after scaling by spectral radius:
Spectral radius (A): 1.000e+00, lambda_min:0.1759635999298832
condition number(A): 5.683e+00, norm2_cond:67.01608376803144
det(A): 2.050e-05, nnz: 11 non zeros per row
--------------------------------------------------------------------------------

Size of A & B are not power of 2:
Next 2 power of 15 = 16
Value to be padded = 1
--------------------------------------------------

==================== Print (N)^2 padded matrix system =======================
Padded shape of A: (15, 15)x(15, 15) -> (16, 16)x(16, 16)
Padded shape of B: (15,) -> (16,)
Determinant of padded matrix: 2.0500294940273627e-05
Condition # of padded matrix: 67.01608376803144


Matrix is not Hermitian. Making it Hermitian.......

==================== Print Hermitian matrix system info =======================
Shape of hermitian A: 16x16 -> 32x32
Shape of           B: 16 -> 32
Determinant of Hermitian matrix: 4.202620926382114e-10
Condition # of Hermitian matrix: 67.01608376803148

=================================== Generating HHL circuit ===================================
Time elapsed for generating HHL circuit: 4 min 26.64 sec

Generated circuit: num_qubits=14, gates=19, depth=5
============================== Generated Circuit saved ==============================

============================== Transpiling circuit ==============================
Time elapsed for transpiling the circuit:  0 min 42.53 sec
Transpiled circuit, num_qubits: 14, (original: 14)
Transpiled circuit depth: 689027 (original: 5)
Transpiled circuit gates: 689127 (original: 19)
============================== Transpiled Circuit saved ==============================
Time elapsed for running the circuit:  1 min 2.32 sec
total_qubits: 14, nq:5

Time elapsed for extracting shots-based hhl counts solution:  0 min 0.00 sec

[HHL info]: linear system residual (e=||Ax-b||_2): 0.37813550136154744
[HHL info]: Fidelity(true_sol, hhl_sol): 0.9621570682696975
[HHL info]: L2 error (absolute): 0.02492865720789492
[HHL info]: L2 error (relative): 0.7231936377154875
[HHL info]: L2 error (normalized): 0.19546839256636028

========================================================================================
 Compare system solutions using LU of A, LU sol of A_herm, HHL of Ax=b hermition system
LU sol 	    Herm LU sol    HHL sol    L1_diff(%)
-4.095e-03  -4.095e-03  -1.486e-03  6.371e+01
-3.143e-03  -3.143e-03  -0.000e+00  1.000e+02
 1.187e-02   1.187e-02   3.405e-03  7.131e+01
 1.404e-02   1.404e-02   3.564e-03  7.463e+01
-8.156e-03  -8.156e-03  -2.350e-03  7.119e+01
 8.762e-03   8.762e-03   2.972e-03  6.608e+01
-1.045e-04  -1.045e-04  -0.000e+00  1.000e+02
-1.373e-02  -1.373e-02  -3.323e-03  7.580e+01
-2.291e-03  -2.291e-03  -0.000e+00  1.000e+02
-2.928e-03  -2.928e-03  -0.000e+00  1.000e+02
-1.449e-02  -1.449e-02  -3.789e-03  7.386e+01
-1.327e-02  -1.327e-02  -4.581e-03  6.549e+01
-1.951e-03  -1.951e-03  -7.431e-04  6.191e+01
-8.005e-03  -8.005e-03  -2.574e-03  6.785e+01
-4.847e-03  -4.847e-03  -1.287e-03  7.345e+01
========================================================================================

step: 10/15 res:0.5339936395502299, res/res0:0.04314971657357589  dq_norm: [0.003932   0.00612758 0.00656268]

A info: before HHL prepare:
Spectral radius (A): 2.412e+01, lambda_min:4.207033130630783
condition number(A): 5.734e+00, norm2_cond:67.11278414784383
det(A): 1.091e+16
--------------------------------------------------------------------------------

A_hhl info: after scaling by spectral radius:
Spectral radius (A): 1.000e+00, lambda_min:0.17441114051628495
condition number(A): 5.734e+00, norm2_cond:67.11278414784374
det(A): 2.003e-05, nnz: 11 non zeros per row
--------------------------------------------------------------------------------

Size of A & B are not power of 2:
Next 2 power of 15 = 16
Value to be padded = 1
--------------------------------------------------

==================== Print (N)^2 padded matrix system =======================
Padded shape of A: (15, 15)x(15, 15) -> (16, 16)x(16, 16)
Padded shape of B: (15,) -> (16,)
Determinant of padded matrix: 2.002781868437949e-05
Condition # of padded matrix: 67.11278414784374


Matrix is not Hermitian. Making it Hermitian.......

==================== Print Hermitian matrix system info =======================
Shape of hermitian A: 16x16 -> 32x32
Shape of           B: 16 -> 32
Determinant of Hermitian matrix: 4.0111352125438175e-10
Condition # of Hermitian matrix: 67.11278414784398

=================================== Generating HHL circuit ===================================
Time elapsed for generating HHL circuit: 4 min 26.45 sec

Generated circuit: num_qubits=14, gates=19, depth=5
============================== Generated Circuit saved ==============================

============================== Transpiling circuit ==============================
Time elapsed for transpiling the circuit:  0 min 42.64 sec
Transpiled circuit, num_qubits: 14, (original: 14)
Transpiled circuit depth: 689027 (original: 5)
Transpiled circuit gates: 689127 (original: 19)
============================== Transpiled Circuit saved ==============================
Time elapsed for running the circuit:  1 min 2.42 sec
total_qubits: 14, nq:5

Time elapsed for extracting shots-based hhl counts solution:  0 min 0.00 sec

[HHL info]: linear system residual (e=||Ax-b||_2): 0.3693616157332723
[HHL info]: Fidelity(true_sol, hhl_sol): 0.9824836671578034
[HHL info]: L2 error (absolute): 0.02454294766927358
[HHL info]: L2 error (relative): 0.9746793349672916
[HHL info]: L2 error (normalized): 0.13264131168916463

========================================================================================
 Compare system solutions using LU of A, LU sol of A_herm, HHL of Ax=b hermition system
LU sol 	    Herm LU sol    HHL sol    L1_diff(%)
-2.507e-03  -2.507e-03  -4.822e-05  9.808e+01
-3.099e-03  -3.099e-03  -4.822e-05  9.844e+01
 8.739e-03   8.739e-03   1.929e-04  9.779e+01
 1.066e-02   1.066e-02   2.411e-04  9.774e+01
-5.853e-03  -5.853e-03  -1.525e-04  9.739e+01
 6.109e-03   6.109e-03   1.447e-04  9.763e+01
-5.227e-05  -5.227e-05  -0.000e+00  1.000e+02
-1.042e-02  -1.042e-02  -3.050e-04  9.707e+01
-2.148e-03  -2.148e-03  -6.820e-05  9.683e+01
-2.935e-03  -2.935e-03  -8.353e-05  9.715e+01
-1.073e-02  -1.073e-02  -3.012e-04  9.719e+01
-8.682e-03  -8.682e-03  -1.929e-04  9.778e+01
-1.245e-03  -1.245e-03  -4.822e-05  9.613e+01
-5.451e-03  -5.451e-03  -1.599e-04  9.707e+01
-3.605e-03  -3.605e-03  -9.645e-05  9.732e+01
========================================================================================

step: 11/15 res:0.37832749339570293, res/res0:0.030571008534419835  dq_norm: [0.00026414 0.00048465 0.00033061]

A info: before HHL prepare:
Spectral radius (A): 2.412e+01, lambda_min:4.204357380345219
condition number(A): 5.737e+00, norm2_cond:67.12243041347021
det(A): 1.088e+16
--------------------------------------------------------------------------------

A_hhl info: after scaling by spectral radius:
Spectral radius (A): 1.000e+00, lambda_min:0.17431068238110653
condition number(A): 5.737e+00, norm2_cond:67.1224304134699
det(A): 2.000e-05, nnz: 11 non zeros per row
--------------------------------------------------------------------------------

Size of A & B are not power of 2:
Next 2 power of 15 = 16
Value to be padded = 1
--------------------------------------------------

==================== Print (N)^2 padded matrix system =======================
Padded shape of A: (15, 15)x(15, 15) -> (16, 16)x(16, 16)
Padded shape of B: (15,) -> (16,)
Determinant of padded matrix: 1.999772855009082e-05
Condition # of padded matrix: 67.1224304134699


Matrix is not Hermitian. Making it Hermitian.......

==================== Print Hermitian matrix system info =======================
Shape of hermitian A: 16x16 -> 32x32
Shape of           B: 16 -> 32
Determinant of Hermitian matrix: 3.999091471631161e-10
Condition # of Hermitian matrix: 67.1224304134701

=================================== Generating HHL circuit ===================================
Time elapsed for generating HHL circuit: 4 min 24.76 sec

Generated circuit: num_qubits=14, gates=19, depth=5
============================== Generated Circuit saved ==============================

============================== Transpiling circuit ==============================
Time elapsed for transpiling the circuit:  0 min 42.64 sec
Transpiled circuit, num_qubits: 14, (original: 14)
Transpiled circuit depth: 689027 (original: 5)
Transpiled circuit gates: 689127 (original: 19)
============================== Transpiled Circuit saved ==============================
Time elapsed for running the circuit:  1 min 1.93 sec
total_qubits: 14, nq:5

Time elapsed for extracting shots-based hhl counts solution:  0 min 0.00 sec

[HHL info]: linear system residual (e=||Ax-b||_2): 0.2971769370927106
[HHL info]: Fidelity(true_sol, hhl_sol): 0.9609030194293389
[HHL info]: L2 error (absolute): 0.020292454125308976
[HHL info]: L2 error (relative): 0.826337260577115
[HHL info]: L2 error (normalized): 0.19871281302426103

========================================================================================
 Compare system solutions using LU of A, LU sol of A_herm, HHL of Ax=b hermition system
LU sol 	    Herm LU sol    HHL sol    L1_diff(%)
-2.453e-03  -2.453e-03  -7.159e-04  7.082e+01
-3.049e-03  -3.049e-03  -6.200e-04  7.967e+01
 8.561e-03   8.561e-03   1.187e-03  8.613e+01
 1.043e-02   1.043e-02   2.148e-03  7.941e+01
-5.703e-03  -5.703e-03  -9.470e-04  8.339e+01
 5.982e-03   5.982e-03   1.012e-03  8.307e+01
-4.924e-05  -4.924e-05  -0.000e+00  1.000e+02
-1.012e-02  -1.012e-02  -1.560e-03  8.458e+01
-2.071e-03  -2.071e-03  -0.000e+00  1.000e+02
-2.852e-03  -2.852e-03  -8.768e-04  6.926e+01
-1.043e-02  -1.043e-02  -1.640e-03  8.427e+01
-8.488e-03  -8.488e-03  -1.640e-03  8.068e+01
-1.198e-03  -1.198e-03  -3.579e-04  7.013e+01
-5.292e-03  -5.292e-03  -1.132e-03  7.861e+01
-3.511e-03  -3.511e-03  -5.062e-04  8.558e+01
========================================================================================

step: 12/15 res:0.36936274872519076, res/res0:0.02984660628870603  dq_norm: [0.00245397 0.00277266 0.00231977]

A info: before HHL prepare:
Spectral radius (A): 2.411e+01, lambda_min:4.188536017959167
condition number(A): 5.757e+00, norm2_cond:67.20691412114179
det(A): 1.072e+16
--------------------------------------------------------------------------------

A_hhl info: after scaling by spectral radius:
Spectral radius (A): 1.000e+00, lambda_min:0.17369851087993404
condition number(A): 5.757e+00, norm2_cond:67.20691412114174
det(A): 1.978e-05, nnz: 11 non zeros per row
--------------------------------------------------------------------------------

Size of A & B are not power of 2:
Next 2 power of 15 = 16
Value to be padded = 1
--------------------------------------------------

==================== Print (N)^2 padded matrix system =======================
Padded shape of A: (15, 15)x(15, 15) -> (16, 16)x(16, 16)
Padded shape of B: (15,) -> (16,)
Determinant of padded matrix: 1.978442796836163e-05
Condition # of padded matrix: 67.20691412114174


Matrix is not Hermitian. Making it Hermitian.......

==================== Print Hermitian matrix system info =======================
Shape of hermitian A: 16x16 -> 32x32
Shape of           B: 16 -> 32
Determinant of Hermitian matrix: 3.914235900352926e-10
Condition # of Hermitian matrix: 67.20691412114178

=================================== Generating HHL circuit ===================================
Time elapsed for generating HHL circuit: 4 min 23.37 sec

Generated circuit: num_qubits=14, gates=19, depth=5
============================== Generated Circuit saved ==============================

============================== Transpiling circuit ==============================
Time elapsed for transpiling the circuit:  0 min 41.96 sec
Transpiled circuit, num_qubits: 14, (original: 14)
Transpiled circuit depth: 689027 (original: 5)
Transpiled circuit gates: 689127 (original: 19)
============================== Transpiled Circuit saved ==============================
Time elapsed for running the circuit:  1 min 2.45 sec
total_qubits: 14, nq:5

Time elapsed for extracting shots-based hhl counts solution:  0 min 0.00 sec

[HHL info]: linear system residual (e=||Ax-b||_2): 0.29320978371236234
[HHL info]: Fidelity(true_sol, hhl_sol): 0.9797383557722714
[HHL info]: L2 error (absolute): 0.020066164452300382
[HHL info]: L2 error (relative): 0.9842260608144332
[HHL info]: L2 error (normalized): 0.14270715084874416

========================================================================================
 Compare system solutions using LU of A, LU sol of A_herm, HHL of Ax=b hermition system
LU sol 	    Herm LU sol    HHL sol    L1_diff(%)
-1.699e-03  -1.699e-03  -0.000e+00  1.000e+02
-2.416e-03  -2.416e-03  -4.195e-05  9.826e+01
 7.476e-03   7.476e-03   1.162e-04  9.845e+01
 8.349e-03   8.349e-03   1.083e-04  9.870e+01
-4.777e-03  -4.777e-03  -8.033e-05  9.832e+01
 5.068e-03   5.068e-03   7.659e-05  9.849e+01
-3.478e-05  -3.478e-05  -0.000e+00  1.000e+02
-8.565e-03  -8.565e-03  -1.412e-04  9.835e+01
-2.035e-03  -2.035e-03  -3.425e-05  9.832e+01
-1.982e-03  -1.982e-03  -3.425e-05  9.827e+01
-8.790e-03  -8.790e-03  -1.433e-04  9.837e+01
-6.850e-03  -6.850e-03  -1.282e-04  9.813e+01
-8.530e-04  -8.530e-04  -2.422e-05  9.716e+01
-4.167e-03  -4.167e-03  -7.266e-05  9.826e+01
-3.020e-03  -3.020e-03  -3.425e-05  9.887e+01
========================================================================================

step: 13/15 res:0.2972521338142383, res/res0:0.024019659364816336  dq_norm: [0.00011616 0.00023232 0.00019528]

A info: before HHL prepare:
Spectral radius (A): 2.411e+01, lambda_min:4.187331474219967
condition number(A): 5.759e+00, norm2_cond:67.21039489885156
det(A): 1.071e+16
--------------------------------------------------------------------------------

A_hhl info: after scaling by spectral radius:
Spectral radius (A): 1.000e+00, lambda_min:0.17365356692855669
condition number(A): 5.759e+00, norm2_cond:67.21039489885183
det(A): 1.977e-05, nnz: 11 non zeros per row
--------------------------------------------------------------------------------

Size of A & B are not power of 2:
Next 2 power of 15 = 16
Value to be padded = 1
--------------------------------------------------

==================== Print (N)^2 padded matrix system =======================
Padded shape of A: (15, 15)x(15, 15) -> (16, 16)x(16, 16)
Padded shape of B: (15,) -> (16,)
Determinant of padded matrix: 1.9770339354633795e-05
Condition # of padded matrix: 67.21039489885183


Matrix is not Hermitian. Making it Hermitian.......

==================== Print Hermitian matrix system info =======================
Shape of hermitian A: 16x16 -> 32x32
Shape of           B: 16 -> 32
Determinant of Hermitian matrix: 3.908663181973805e-10
Condition # of Hermitian matrix: 67.21039489885175

=================================== Generating HHL circuit ===================================
Time elapsed for generating HHL circuit: 4 min 20.10 sec

Generated circuit: num_qubits=14, gates=19, depth=5
============================== Generated Circuit saved ==============================

============================== Transpiling circuit ==============================
Time elapsed for transpiling the circuit:  0 min 41.50 sec
Transpiled circuit, num_qubits: 14, (original: 14)
Transpiled circuit depth: 689027 (original: 5)
Transpiled circuit gates: 689127 (original: 19)
============================== Transpiled Circuit saved ==============================
Time elapsed for running the circuit:  0 min 54.96 sec
total_qubits: 14, nq:5

Time elapsed for extracting shots-based hhl counts solution:  0 min 0.00 sec

[HHL info]: linear system residual (e=||Ax-b||_2): 0.2829479250239595
[HHL info]: Fidelity(true_sol, hhl_sol): 0.9735121580483165
[HHL info]: L2 error (absolute): 0.019382749877700767
[HHL info]: L2 error (relative): 0.9656746897756051
[HHL info]: L2 error (normalized): 0.16329606725793244

========================================================================================
 Compare system solutions using LU of A, LU sol of A_herm, HHL of Ax=b hermition system
LU sol 	    Herm LU sol    HHL sol    L1_diff(%)
-1.697e-03  -1.697e-03  -5.422e-05  9.681e+01
-2.374e-03  -2.374e-03  -9.392e-05  9.604e+01
 7.365e-03   7.365e-03   2.425e-04  9.671e+01
 8.245e-03   8.245e-03   2.920e-04  9.646e+01
-4.698e-03  -4.698e-03  -1.878e-04  9.600e+01
 4.997e-03   4.997e-03   2.029e-04  9.594e+01
-3.375e-05  -3.375e-05  -0.000e+00  1.000e+02
-8.424e-03  -8.424e-03  -2.920e-04  9.653e+01
-1.998e-03  -1.998e-03  -0.000e+00  1.000e+02
-1.948e-03  -1.948e-03  -0.000e+00  1.000e+02
-8.648e-03  -8.648e-03  -2.920e-04  9.662e+01
-6.722e-03  -6.722e-03  -2.364e-04  9.648e+01
-8.297e-04  -8.297e-04  -0.000e+00  1.000e+02
-4.095e-03  -4.095e-03  -1.534e-04  9.626e+01
-2.987e-03  -2.987e-03  -7.668e-05  9.743e+01
========================================================================================

step: 14/15 res:0.2932099886406743, res/res0:0.023693031094982556  dq_norm: [0.00029699 0.00048801 0.00040213]
Completed: 14 steps in 6491.78s
Saved metadata to /lustre/orion/ard189/proj-shared/nozzle_1d_results/nelem5/statevector/shots_50000/trial_3/metadata_nelem5_HHL_statevector_nshots50000.pkl

Solution summary:
  x/L: [0.1000, 0.9000]
  Mach: [1.5254, 2.1640]
  p/p_in: [0.9747, 0.3636]
  rho/rho_in: [0.9890, 0.4846]
Saved combined plot to /lustre/orion/ard189/proj-shared/nozzle_1d_results/nelem5/statevector/shots_50000/trial_3/solution_plot_nelem5_HHL_statevector_nshots50000.png
