
------------------------------------------------------------
Using ideal local simulator with 'statevector' method
Backend: aer_simulator_statevector
Shots: 100000
------------------------------------------------------------

A info: before HHL prepare:
Spectral radius (A): 9.808e+01, lambda_min:5.866129498146235
condition number(A): 1.672e+01, norm2_cond:401.8614855890083
det(A): 2.657e+93
--------------------------------------------------------------------------------

A_hhl info: after scaling by spectral radius:
Spectral radius (A): 1.000e+00, lambda_min:0.05980937346031271
condition number(A): 1.672e+01, norm2_cond:401.8614855890105
det(A): 8.499e-27, nnz: 12 non zeros per row
--------------------------------------------------------------------------------

Size of A & B are not power of 2:
Next 2 power of 60 = 64
Value to be padded = 4
--------------------------------------------------

==================== Print (N)^2 padded matrix system =======================
Padded shape of A: (60, 60)x(60, 60) -> (64, 64)x(64, 64)
Padded shape of B: (60,) -> (64,)
Determinant of padded matrix: 8.499054744892335e-27
Condition # of padded matrix: 401.8614855890105


Matrix is not Hermitian. Making it Hermitian.......

==================== Print Hermitian matrix system info =======================
Shape of hermitian A: 64x64 -> 128x128
Shape of           B: 64 -> 128
Determinant of Hermitian matrix: 7.223393155667588e-53
Condition # of Hermitian matrix: 401.86148558902164

=================================== Generating HHL circuit ===================================
Time elapsed for generating HHL circuit: 4 min 36.77 sec

Generated circuit: num_qubits=18, gates=23, depth=5
============================== Generated Circuit saved ==============================

============================== Transpiling circuit ==============================
This is using the AerSimulator('aer_simulator_statevector') transpiler.
Time elapsed for transpiling the circuit:  0 min 49.53 sec
Transpiled circuit, num_qubits: 18, (original: 18)
Transpiled circuit depth: 464201 (original: 5)
Transpiled circuit gates: 464353 (original: 23)
============================== Transpiled Circuit saved ==============================
Time elapsed for running the circuit:  2 min 34.08 sec
total_qubits: 18, nq:7

Time elapsed for extracting shots-based hhl counts solution:  0 min 0.00 sec

[HHL info]: linear system residual (e=||Ax-b||_2): 19.482405246948066
[HHL info]: Fidelity(true_sol, hhl_sol): 0.9938873730179326
[HHL info]: L2 error (absolute): 4.1631441824204405
[HHL info]: L2 error (relative): 0.7696194977291432
[HHL info]: L2 error (normalized): 0.07824318943489342

========================================================================================
 Compare system solutions using LU of A, LU sol of A_herm, HHL of Ax=b hermition system
LU sol 	    Herm LU sol    HHL sol    L1_diff(%)
-2.338e-04  -2.338e-04  -0.000e+00  1.000e+02
-1.963e-04  -1.963e-04  -0.000e+00  1.000e+02
-6.159e-04  -6.159e-04  -0.000e+00  1.000e+02
-8.210e-04  -8.210e-04  -0.000e+00  1.000e+02
-7.266e-04  -7.266e-04  -0.000e+00  1.000e+02
-2.219e-03  -2.219e-03  -3.061e-02  1.279e+03
-1.793e-03  -1.793e-03  -0.000e+00  1.000e+02
-1.753e-03  -1.753e-03  -0.000e+00  1.000e+02
-5.094e-03  -5.094e-03  -0.000e+00  1.000e+02
-3.854e-03  -3.854e-03  -0.000e+00  1.000e+02
-3.983e-03  -3.983e-03  -0.000e+00  1.000e+02
-1.127e-02  -1.127e-02  -0.000e+00  1.000e+02
-9.906e-03  -9.906e-03  -0.000e+00  1.000e+02
-9.642e-03  -9.642e-03  -0.000e+00  1.000e+02
-2.806e-02  -2.806e-02  -3.061e-02  9.066e+00
-2.691e-02  -2.691e-02  -0.000e+00  1.000e+02
-2.384e-02  -2.384e-02  -0.000e+00  1.000e+02
-7.270e-02  -7.270e-02  -0.000e+00  1.000e+02
-6.552e-02  -6.552e-02  -0.000e+00  1.000e+02
-5.523e-02  -5.523e-02  -3.061e-02  4.458e+01
-1.723e-01  -1.723e-01  -5.301e-02  6.923e+01
-1.346e-01  -1.346e-01  -4.329e-02  6.784e+01
-1.143e-01  -1.143e-01  -4.329e-02  6.212e+01
-3.520e-01  -3.520e-01  -1.104e-01  6.865e+01
-2.317e-01  -2.317e-01  -7.497e-02  6.764e+01
-2.062e-01  -2.062e-01  -4.329e-02  7.901e+01
-6.108e-01  -6.108e-01  -1.224e-01  7.996e+01
-3.379e-01  -3.379e-01  -7.497e-02  7.781e+01
-3.187e-01  -3.187e-01  -8.657e-02  7.284e+01
-9.014e-01  -9.014e-01  -2.076e-01  7.697e+01
-4.286e-01  -4.286e-01  -8.098e-02  8.110e+01
-4.234e-01  -4.234e-01  -1.060e-01  7.496e+01
-1.154e+00  -1.154e+00  -2.855e-01  7.526e+01
-4.911e-01  -4.911e-01  -1.262e-01  7.431e+01
-4.997e-01  -4.997e-01  -1.262e-01  7.474e+01
-1.329e+00  -1.329e+00  -3.045e-01  7.709e+01
-5.282e-01  -5.282e-01  -1.299e-01  7.542e+01
-5.462e-01  -5.462e-01  -1.185e-01  7.830e+01
-1.433e+00  -1.433e+00  -3.311e-01  7.690e+01
-5.481e-01  -5.481e-01  -1.262e-01  7.697e+01
-5.715e-01  -5.715e-01  -1.436e-01  7.488e+01
-1.489e+00  -1.489e+00  -3.556e-01  7.611e+01
-5.581e-01  -5.581e-01  -1.262e-01  7.739e+01
-5.842e-01  -5.842e-01  -1.590e-01  7.278e+01
-1.517e+00  -1.517e+00  -3.609e-01  7.621e+01
-5.629e-01  -5.629e-01  -1.262e-01  7.758e+01
-5.904e-01  -5.904e-01  -1.499e-01  7.460e+01
-1.530e+00  -1.530e+00  -3.583e-01  7.659e+01
-5.652e-01  -5.652e-01  -1.224e-01  7.834e+01
-5.933e-01  -5.933e-01  -1.334e-01  7.751e+01
-1.536e+00  -1.536e+00  -3.353e-01  7.818e+01
-5.662e-01  -5.662e-01  -1.262e-01  7.771e+01
-5.946e-01  -5.946e-01  -1.499e-01  7.478e+01
-1.539e+00  -1.539e+00  -3.353e-01  7.822e+01
-5.667e-01  -5.667e-01  -1.224e-01  7.840e+01
-5.952e-01  -5.952e-01  -1.468e-01  7.534e+01
-1.541e+00  -1.541e+00  -3.503e-01  7.726e+01
-5.670e-01  -5.670e-01  -1.015e-01  8.209e+01
-5.955e-01  -5.955e-01  -1.299e-01  7.819e+01
-1.541e+00  -1.541e+00  -3.422e-01  7.780e+01
========================================================================================

step: 0/15 res:22.437797065296795, res/res0:1.0  dq_norm: [0.39554228 0.44775616 1.09933369]

A info: before HHL prepare:
Spectral radius (A): 9.890e+01, lambda_min:6.135282456944689
condition number(A): 1.612e+01, norm2_cond:385.31693186977617
det(A): 8.656e+93
--------------------------------------------------------------------------------

A_hhl info: after scaling by spectral radius:
Spectral radius (A): 1.000e+00, lambda_min:0.062034124447415524
condition number(A): 1.612e+01, norm2_cond:385.31693186978276
det(A): 1.679e-26, nnz: 14 non zeros per row
--------------------------------------------------------------------------------

Size of A & B are not power of 2:
Next 2 power of 60 = 64
Value to be padded = 4
--------------------------------------------------

==================== Print (N)^2 padded matrix system =======================
Padded shape of A: (60, 60)x(60, 60) -> (64, 64)x(64, 64)
Padded shape of B: (60,) -> (64,)
Determinant of padded matrix: 1.679136829100551e-26
Condition # of padded matrix: 385.31693186978276


Matrix is not Hermitian. Making it Hermitian.......

==================== Print Hermitian matrix system info =======================
Shape of hermitian A: 64x64 -> 128x128
Shape of           B: 64 -> 128
Determinant of Hermitian matrix: 2.819500490841894e-52
Condition # of Hermitian matrix: 385.3169318697799

=================================== Generating HHL circuit ===================================
Time elapsed for generating HHL circuit: 4 min 55.68 sec

Generated circuit: num_qubits=18, gates=23, depth=5
============================== Generated Circuit saved ==============================

============================== Transpiling circuit ==============================
This is using the AerSimulator('aer_simulator_statevector') transpiler.
Time elapsed for transpiling the circuit:  0 min 46.73 sec
Transpiled circuit, num_qubits: 18, (original: 18)
Transpiled circuit depth: 464199 (original: 5)
Transpiled circuit gates: 464351 (original: 23)
============================== Transpiled Circuit saved ==============================
Time elapsed for running the circuit:  2 min 30.27 sec
total_qubits: 18, nq:7

Time elapsed for extracting shots-based hhl counts solution:  0 min 0.00 sec

[HHL info]: linear system residual (e=||Ax-b||_2): 15.427992878962115
[HHL info]: Fidelity(true_sol, hhl_sol): 0.9890097135412025
[HHL info]: L2 error (absolute): 3.0616788824861616
[HHL info]: L2 error (relative): 0.75751199101055
[HHL info]: L2 error (normalized): 0.10497928434306242

========================================================================================
 Compare system solutions using LU of A, LU sol of A_herm, HHL of Ax=b hermition system
LU sol 	    Herm LU sol    HHL sol    L1_diff(%)
-2.021e-04  -2.021e-04  -0.000e+00  1.000e+02
-1.831e-04  -1.831e-04  -0.000e+00  1.000e+02
-5.729e-04  -5.729e-04  -0.000e+00  1.000e+02
-6.637e-04  -6.637e-04  -0.000e+00  1.000e+02
-6.560e-04  -6.560e-04  -0.000e+00  1.000e+02
 2.875e-02   2.875e-02   2.671e-02  7.099e+00
-1.500e-03  -1.500e-03  -0.000e+00  1.000e+02
-1.600e-03  -1.600e-03  -0.000e+00  1.000e+02
-4.463e-03  -4.463e-03  -0.000e+00  1.000e+02
-3.847e-03  -3.847e-03  -0.000e+00  1.000e+02
-4.015e-03  -4.015e-03  -0.000e+00  1.000e+02
-1.125e-02  -1.125e-02  -0.000e+00  1.000e+02
-1.105e-02  -1.105e-02  -2.671e-02  1.418e+02
-1.028e-02  -1.028e-02  -0.000e+00  1.000e+02
 2.999e-04   2.999e-04   0.000e+00  1.000e+02
-2.891e-02  -2.891e-02  -0.000e+00  1.000e+02
-2.446e-02  -2.446e-02  -0.000e+00  1.000e+02
-7.724e-02  -7.724e-02  -2.671e-02  6.541e+01
-6.501e-02  -6.501e-02  -2.671e-02  5.891e+01
-2.328e-02  -2.328e-02  -0.000e+00  1.000e+02
-1.171e-01  -1.171e-01  -4.627e-02  6.050e+01
-8.564e-02  -8.564e-02  -5.342e-02  3.762e+01
-7.027e-02  -7.027e-02  -0.000e+00  1.000e+02
-2.282e-01  -2.282e-01  -5.342e-02  7.659e+01
-1.502e-01  -1.502e-01  -5.973e-02  6.023e+01
-1.658e-01  -1.658e-01  -3.778e-02  7.721e+01
-4.757e-01  -4.757e-01  -1.438e-01  6.976e+01
-2.557e-01  -2.557e-01  -7.555e-02  7.045e+01
-2.313e-01  -2.313e-01  -6.543e-02  7.171e+01
-6.741e-01  -6.741e-01  -1.792e-01  7.342e+01
-3.335e-01  -3.335e-01  -8.447e-02  7.467e+01
-3.148e-01  -3.148e-01  -7.067e-02  7.755e+01
-8.300e-01  -8.300e-01  -2.034e-01  7.549e+01
-3.433e-01  -3.433e-01  -7.555e-02  7.799e+01
-3.734e-01  -3.734e-01  -6.543e-02  8.248e+01
-9.746e-01  -9.746e-01  -2.506e-01  7.429e+01
-3.793e-01  -3.793e-01  -7.067e-02  8.137e+01
-4.306e-01  -4.306e-01  -1.164e-01  7.296e+01
-1.055e+00  -1.055e+00  -2.604e-01  7.533e+01
-4.081e-01  -4.081e-01  -9.253e-02  7.733e+01
-4.285e-01  -4.285e-01  -1.164e-01  7.283e+01
-1.098e+00  -1.098e+00  -2.865e-01  7.391e+01
-4.182e-01  -4.182e-01  -1.101e-01  7.366e+01
-4.237e-01  -4.237e-01  -1.164e-01  7.252e+01
-1.122e+00  -1.122e+00  -2.724e-01  7.571e+01
-4.211e-01  -4.211e-01  -1.164e-01  7.235e+01
-4.400e-01  -4.400e-01  -1.164e-01  7.354e+01
-1.132e+00  -1.132e+00  -2.631e-01  7.676e+01
-4.278e-01  -4.278e-01  -1.195e-01  7.208e+01
-4.606e-01  -4.606e-01  -1.068e-01  7.680e+01
-1.164e+00  -1.164e+00  -2.827e-01  7.572e+01
-4.266e-01  -4.266e-01  -8.447e-02  8.020e+01
-4.447e-01  -4.447e-01  -9.253e-02  7.919e+01
-1.173e+00  -1.173e+00  -2.789e-01  7.622e+01
-4.326e-01  -4.326e-01  -1.035e-01  7.609e+01
-4.487e-01  -4.487e-01  -1.068e-01  7.619e+01
-1.159e+00  -1.159e+00  -2.434e-01  7.900e+01
-4.563e-01  -4.563e-01  -9.631e-02  7.889e+01
-4.657e-01  -4.657e-01  -9.253e-02  8.013e+01
-1.167e+00  -1.167e+00  -2.914e-01  7.503e+01
========================================================================================

step: 1/15 res:19.559400226825332, res/res0:0.8717166025659753  dq_norm: [0.32715618 0.33041154 0.87091572]

A info: before HHL prepare:
Spectral radius (A): 9.993e+01, lambda_min:6.604290975752347
condition number(A): 1.513e+01, norm2_cond:361.79955297394423
det(A): 5.526e+94
--------------------------------------------------------------------------------

A_hhl info: after scaling by spectral radius:
Spectral radius (A): 1.000e+00, lambda_min:0.06609152905556039
condition number(A): 1.513e+01, norm2_cond:361.79955297394224
det(A): 5.775e-26, nnz: 22 non zeros per row
--------------------------------------------------------------------------------

Size of A & B are not power of 2:
Next 2 power of 60 = 64
Value to be padded = 4
--------------------------------------------------

==================== Print (N)^2 padded matrix system =======================
Padded shape of A: (60, 60)x(60, 60) -> (64, 64)x(64, 64)
Padded shape of B: (60,) -> (64,)
Determinant of padded matrix: 5.775089450610379e-26
Condition # of padded matrix: 361.79955297394224


Matrix is not Hermitian. Making it Hermitian.......

==================== Print Hermitian matrix system info =======================
Shape of hermitian A: 64x64 -> 128x128
Shape of           B: 64 -> 128
Determinant of Hermitian matrix: 3.3351658162550815e-51
Condition # of Hermitian matrix: 361.79955297394633

=================================== Generating HHL circuit ===================================
Time elapsed for generating HHL circuit: 5 min 5.52 sec

Generated circuit: num_qubits=18, gates=23, depth=5
============================== Generated Circuit saved ==============================

============================== Transpiling circuit ==============================
This is using the AerSimulator('aer_simulator_statevector') transpiler.
Time elapsed for transpiling the circuit:  0 min 49.58 sec
Transpiled circuit, num_qubits: 18, (original: 18)
Transpiled circuit depth: 464202 (original: 5)
Transpiled circuit gates: 464354 (original: 23)
============================== Transpiled Circuit saved ==============================
Time elapsed for running the circuit:  2 min 28.77 sec
total_qubits: 18, nq:7

Time elapsed for extracting shots-based hhl counts solution:  0 min 0.00 sec

[HHL info]: linear system residual (e=||Ax-b||_2): 14.572440533575485
[HHL info]: Fidelity(true_sol, hhl_sol): 0.9882667803558192
[HHL info]: L2 error (absolute): 2.536842307400358
[HHL info]: L2 error (relative): 0.8605979974142063
[HHL info]: L2 error (normalized): 0.10847967625175972

========================================================================================
 Compare system solutions using LU of A, LU sol of A_herm, HHL of Ax=b hermition system
LU sol 	    Herm LU sol    HHL sol    L1_diff(%)
-1.835e-04  -1.835e-04  -0.000e+00  1.000e+02
-1.732e-04  -1.732e-04  -0.000e+00  1.000e+02
-5.110e-04  -5.110e-04  -0.000e+00  1.000e+02
-6.707e-04  -6.707e-04  -0.000e+00  1.000e+02
-6.490e-04  -6.490e-04  -0.000e+00  1.000e+02
 2.009e-03   2.009e-03   0.000e+00  1.000e+02
-1.735e-03  -1.735e-03  -0.000e+00  1.000e+02
-1.741e-03  -1.741e-03  -0.000e+00  1.000e+02
-5.013e-03  -5.013e-03  -0.000e+00  1.000e+02
-4.317e-03  -4.317e-03  -0.000e+00  1.000e+02
-4.038e-03  -4.038e-03  -1.174e-02  1.906e+02
-1.209e-02  -1.209e-02  -0.000e+00  1.000e+02
 1.524e-02   1.524e-02   0.000e+00  1.000e+02
-1.032e-02  -1.032e-02  -0.000e+00  1.000e+02
-6.746e-04  -6.746e-04  -0.000e+00  1.000e+02
-2.805e-02  -2.805e-02  -0.000e+00  1.000e+02
-2.405e-02  -2.405e-02  -0.000e+00  1.000e+02
-4.777e-02  -4.777e-02  -1.174e-02  7.543e+01
-3.655e-02  -3.655e-02  -0.000e+00  1.000e+02
-2.423e-02  -2.423e-02  -0.000e+00  1.000e+02
-6.773e-02  -6.773e-02  -1.174e-02  8.267e+01
-2.988e-02  -2.988e-02  -1.174e-02  6.072e+01
-7.039e-02  -7.039e-02  -1.174e-02  8.333e+01
-1.674e-01  -1.674e-01  -2.875e-02  8.283e+01
-8.342e-02  -8.342e-02  -2.033e-02  7.563e+01
-1.265e-01  -1.265e-01  -2.033e-02  8.393e+01
-3.129e-01  -3.129e-01  -5.378e-02  8.281e+01
-1.675e-01  -1.675e-01  -2.347e-02  8.599e+01
-1.650e-01  -1.650e-01  -1.174e-02  9.289e+01
-4.671e-01  -4.671e-01  -7.041e-02  8.493e+01
-2.370e-01  -2.370e-01  -3.892e-02  8.358e+01
-2.461e-01  -2.461e-01  -3.892e-02  8.419e+01
-5.977e-01  -5.977e-01  -8.381e-02  8.598e+01
-2.628e-01  -2.628e-01  -3.892e-02  8.519e+01
-3.107e-01  -3.107e-01  -5.115e-02  8.353e+01
-7.060e-01  -7.060e-01  -1.023e-01  8.551e+01
-3.048e-01  -3.048e-01  -3.521e-02  8.845e+01
-3.117e-01  -3.117e-01  -4.231e-02  8.642e+01
-7.796e-01  -7.796e-01  -1.082e-01  8.612e+01
-3.050e-01  -3.050e-01  -3.521e-02  8.846e+01
-3.113e-01  -3.113e-01  -4.694e-02  8.492e+01
-7.829e-01  -7.829e-01  -1.168e-01  8.508e+01
-2.917e-01  -2.917e-01  -4.065e-02  8.607e+01
-3.064e-01  -3.064e-01  -4.979e-02  8.375e+01
-8.131e-01  -8.131e-01  -1.050e-01  8.709e+01
-2.864e-01  -2.864e-01  -4.545e-02  8.413e+01
-3.242e-01  -3.242e-01  -3.521e-02  8.914e+01
-8.296e-01  -8.296e-01  -1.016e-01  8.775e+01
-2.917e-01  -2.917e-01  -4.065e-02  8.606e+01
-3.551e-01  -3.551e-01  -5.378e-02  8.485e+01
-8.412e-01  -8.412e-01  -1.132e-01  8.655e+01
-3.280e-01  -3.280e-01  -4.065e-02  8.761e+01
-3.518e-01  -3.518e-01  -5.378e-02  8.471e+01
-8.556e-01  -8.556e-01  -1.296e-01  8.485e+01
-3.114e-01  -3.114e-01  -2.624e-02  9.157e+01
-3.408e-01  -3.408e-01  -4.231e-02  8.758e+01
-8.758e-01  -8.758e-01  -1.286e-01  8.532e+01
-3.400e-01  -3.400e-01  -4.839e-02  8.577e+01
-3.730e-01  -3.730e-01  -4.694e-02  8.741e+01
-8.242e-01  -8.242e-01  -1.132e-01  8.627e+01
========================================================================================

step: 2/15 res:15.50493489930139, res/res0:0.6910185903803341  dq_norm: [0.12909232 0.14983095 0.36342687]

A info: before HHL prepare:
Spectral radius (A): 1.002e+02, lambda_min:6.530636292885307
condition number(A): 1.535e+01, norm2_cond:355.5100999169742
det(A): 9.520e+94
--------------------------------------------------------------------------------

A_hhl info: after scaling by spectral radius:
Spectral radius (A): 1.000e+00, lambda_min:0.06515371042367693
condition number(A): 1.535e+01, norm2_cond:355.51009991697305
det(A): 8.273e-26, nnz: 23 non zeros per row
--------------------------------------------------------------------------------

Size of A & B are not power of 2:
Next 2 power of 60 = 64
Value to be padded = 4
--------------------------------------------------

==================== Print (N)^2 padded matrix system =======================
Padded shape of A: (60, 60)x(60, 60) -> (64, 64)x(64, 64)
Padded shape of B: (60,) -> (64,)
Determinant of padded matrix: 8.27271913587138e-26
Condition # of padded matrix: 355.51009991697305


Matrix is not Hermitian. Making it Hermitian.......

==================== Print Hermitian matrix system info =======================
Shape of hermitian A: 64x64 -> 128x128
Shape of           B: 64 -> 128
Determinant of Hermitian matrix: 6.843788190101445e-51
Condition # of Hermitian matrix: 355.5100999169792

=================================== Generating HHL circuit ===================================
Time elapsed for generating HHL circuit: 5 min 2.61 sec

Generated circuit: num_qubits=18, gates=23, depth=5
============================== Generated Circuit saved ==============================

============================== Transpiling circuit ==============================
This is using the AerSimulator('aer_simulator_statevector') transpiler.
Time elapsed for transpiling the circuit:  0 min 51.70 sec
Transpiled circuit, num_qubits: 18, (original: 18)
Transpiled circuit depth: 464203 (original: 5)
Transpiled circuit gates: 464355 (original: 23)
============================== Transpiled Circuit saved ==============================
Time elapsed for running the circuit:  2 min 29.05 sec
total_qubits: 18, nq:7

Time elapsed for extracting shots-based hhl counts solution:  0 min 0.00 sec

[HHL info]: linear system residual (e=||Ax-b||_2): 13.342572756785728
[HHL info]: Fidelity(true_sol, hhl_sol): 0.9842708405213507
[HHL info]: L2 error (absolute): 2.0289264861142136
[HHL info]: L2 error (relative): 0.8102292602477073
[HHL info]: L2 error (normalized): 0.1256642445781158

========================================================================================
 Compare system solutions using LU of A, LU sol of A_herm, HHL of Ax=b hermition system
LU sol 	    Herm LU sol    HHL sol    L1_diff(%)
-1.999e-04  -1.999e-04  -0.000e+00  1.000e+02
-1.838e-04  -1.838e-04  -0.000e+00  1.000e+02
-5.424e-04  -5.424e-04  -0.000e+00  1.000e+02
-7.212e-04  -7.212e-04  -0.000e+00  1.000e+02
-6.721e-04  -6.721e-04  -0.000e+00  1.000e+02
 1.896e-03   1.896e-03   0.000e+00  1.000e+02
-1.738e-03  -1.738e-03  -0.000e+00  1.000e+02
-1.680e-03  -1.680e-03  -0.000e+00  1.000e+02
-5.070e-03  -5.070e-03  -0.000e+00  1.000e+02
-4.268e-03  -4.268e-03  -0.000e+00  1.000e+02
 7.686e-03   7.686e-03   0.000e+00  1.000e+02
-1.198e-02  -1.198e-02  -0.000e+00  1.000e+02
 1.530e-02   1.530e-02   0.000e+00  1.000e+02
-1.029e-02  -1.029e-02  -0.000e+00  1.000e+02
-6.328e-04  -6.328e-04  -0.000e+00  1.000e+02
-2.820e-02  -2.820e-02  -0.000e+00  1.000e+02
-2.414e-02  -2.414e-02  -1.441e-02  4.030e+01
-3.600e-02  -3.600e-02  -1.441e-02  5.997e+01
-3.712e-02  -3.712e-02  -0.000e+00  1.000e+02
-2.458e-02  -2.458e-02  -1.441e-02  4.136e+01
-5.717e-02  -5.717e-02  -2.496e-02  5.634e+01
-1.816e-02  -1.816e-02  -0.000e+00  1.000e+02
-5.837e-02  -5.837e-02  -1.441e-02  7.531e+01
-1.384e-01  -1.384e-01  -2.882e-02  7.917e+01
-6.112e-02  -6.112e-02  -0.000e+00  1.000e+02
-1.054e-01  -1.054e-01  -2.496e-02  7.632e+01
-2.536e-01  -2.536e-01  -4.992e-02  8.031e+01
-1.411e-01  -1.411e-01  -2.496e-02  8.231e+01
-1.541e-01  -1.541e-01  -3.813e-02  7.525e+01
-3.887e-01  -3.887e-01  -7.625e-02  8.038e+01
-1.953e-01  -1.953e-01  -4.323e-02  7.787e+01
-2.073e-01  -2.073e-01  -5.392e-02  7.399e+01
-5.090e-01  -5.090e-01  -1.125e-01  7.789e+01
-2.213e-01  -2.213e-01  -4.779e-02  7.840e+01
-2.593e-01  -2.593e-01  -4.779e-02  8.157e+01
-5.978e-01  -5.978e-01  -1.336e-01  7.764e+01
-2.668e-01  -2.668e-01  -6.445e-02  7.585e+01
-2.698e-01  -2.698e-01  -6.114e-02  7.734e+01
-6.630e-01  -6.630e-01  -1.240e-01  8.130e+01
-2.657e-01  -2.657e-01  -6.281e-02  7.636e+01
-2.632e-01  -2.632e-01  -5.392e-02  7.952e+01
-6.553e-01  -6.553e-01  -1.248e-01  8.095e+01
-2.454e-01  -2.454e-01  -3.813e-02  8.446e+01
-2.565e-01  -2.565e-01  -4.779e-02  8.137e+01
-6.943e-01  -6.943e-01  -1.321e-01  8.098e+01
-2.363e-01  -2.363e-01  -2.882e-02  8.780e+01
-2.899e-01  -2.899e-01  -5.581e-02  8.075e+01
-7.164e-01  -7.164e-01  -1.281e-01  8.212e+01
-2.486e-01  -2.486e-01  -5.392e-02  7.831e+01
-3.018e-01  -3.018e-01  -4.779e-02  8.416e+01
-7.221e-01  -7.221e-01  -1.289e-01  8.215e+01
-2.850e-01  -2.850e-01  -4.992e-02  8.248e+01
-2.977e-01  -2.977e-01  -4.557e-02  8.469e+01
-7.169e-01  -7.169e-01  -1.405e-01  8.041e+01
-2.814e-01  -2.814e-01  -5.942e-02  7.889e+01
-2.976e-01  -2.976e-01  -3.813e-02  8.719e+01
-7.334e-01  -7.334e-01  -1.321e-01  8.199e+01
-2.846e-01  -2.846e-01  -4.992e-02  8.246e+01
-3.258e-01  -3.258e-01  -6.759e-02  7.926e+01
-6.977e-01  -6.977e-01  -1.197e-01  8.284e+01
========================================================================================

step: 3/15 res:14.585132394247902, res/res0:0.6500251496081965  dq_norm: [0.16303648 0.17412303 0.41641181]

A info: before HHL prepare:
Spectral radius (A): 1.005e+02, lambda_min:6.3820718600212905
condition number(A): 1.575e+01, norm2_cond:351.05041603728915
det(A): 1.729e+95
--------------------------------------------------------------------------------

A_hhl info: after scaling by spectral radius:
Spectral radius (A): 1.000e+00, lambda_min:0.06350786882600147
condition number(A): 1.575e+01, norm2_cond:351.05041603728785
det(A): 1.287e-25, nnz: 22 non zeros per row
--------------------------------------------------------------------------------

Size of A & B are not power of 2:
Next 2 power of 60 = 64
Value to be padded = 4
--------------------------------------------------

==================== Print (N)^2 padded matrix system =======================
Padded shape of A: (60, 60)x(60, 60) -> (64, 64)x(64, 64)
Padded shape of B: (60,) -> (64,)
Determinant of padded matrix: 1.287239034619142e-25
Condition # of padded matrix: 351.05041603728785


Matrix is not Hermitian. Making it Hermitian.......

==================== Print Hermitian matrix system info =======================
Shape of hermitian A: 64x64 -> 128x128
Shape of           B: 64 -> 128
Determinant of Hermitian matrix: 1.6569843322473147e-50
Condition # of Hermitian matrix: 351.0504160372905

=================================== Generating HHL circuit ===================================
Time elapsed for generating HHL circuit: 4 min 58.32 sec

Generated circuit: num_qubits=18, gates=23, depth=5
============================== Generated Circuit saved ==============================

============================== Transpiling circuit ==============================
This is using the AerSimulator('aer_simulator_statevector') transpiler.
Time elapsed for transpiling the circuit:  0 min 54.55 sec
Transpiled circuit, num_qubits: 18, (original: 18)
Transpiled circuit depth: 464205 (original: 5)
Transpiled circuit gates: 464357 (original: 23)
============================== Transpiled Circuit saved ==============================
Time elapsed for running the circuit:  2 min 32.23 sec
total_qubits: 18, nq:7

Time elapsed for extracting shots-based hhl counts solution:  0 min 0.00 sec

[HHL info]: linear system residual (e=||Ax-b||_2): 10.490242824240246
[HHL info]: Fidelity(true_sol, hhl_sol): 0.9808329448700911
[HHL info]: L2 error (absolute): 1.3025677714024695
[HHL info]: L2 error (relative): 0.6544276028332896
[HHL info]: L2 error (normalized): 0.13877964550932595

========================================================================================
 Compare system solutions using LU of A, LU sol of A_herm, HHL of Ax=b hermition system
LU sol 	    Herm LU sol    HHL sol    L1_diff(%)
-1.993e-04  -1.993e-04  -0.000e+00  1.000e+02
-1.841e-04  -1.841e-04  -0.000e+00  1.000e+02
-5.418e-04  -5.418e-04  -0.000e+00  1.000e+02
-6.937e-04  -6.937e-04  -0.000e+00  1.000e+02
-6.565e-04  -6.565e-04  -0.000e+00  1.000e+02
 1.958e-03   1.958e-03   0.000e+00  1.000e+02
-1.658e-03  -1.658e-03  -0.000e+00  1.000e+02
-1.650e-03  -1.650e-03  -0.000e+00  1.000e+02
-4.914e-03  -4.914e-03  -0.000e+00  1.000e+02
-4.137e-03  -4.137e-03  -0.000e+00  1.000e+02
 7.800e-03   7.800e-03   0.000e+00  1.000e+02
-1.165e-02  -1.165e-02  -0.000e+00  1.000e+02
 1.514e-02   1.514e-02   0.000e+00  1.000e+02
-1.047e-02  -1.047e-02  -2.345e-02  1.240e+02
-1.097e-03  -1.097e-03  -0.000e+00  1.000e+02
-2.874e-02  -2.874e-02  -0.000e+00  1.000e+02
-9.645e-03  -9.645e-03  -0.000e+00  1.000e+02
-2.211e-02  -2.211e-02  -2.345e-02  6.081e+00
-3.756e-02  -3.756e-02  -3.317e-02  1.169e+01
-1.006e-02  -1.006e-02  -0.000e+00  1.000e+02
-3.251e-02  -3.251e-02  -2.345e-02  2.785e+01
-1.875e-02  -1.875e-02  -0.000e+00  1.000e+02
-4.454e-02  -4.454e-02  -0.000e+00  1.000e+02
-1.121e-01  -1.121e-01  -4.691e-02  5.814e+01
-6.164e-02  -6.164e-02  -4.062e-02  3.409e+01
-8.031e-02  -8.031e-02  -4.691e-02  4.159e+01
-2.049e-01  -2.049e-01  -6.205e-02  6.971e+01
-1.155e-01  -1.155e-01  -5.745e-02  5.024e+01
-1.161e-01  -1.161e-01  -4.691e-02  5.959e+01
-3.112e-01  -3.112e-01  -1.427e-01  5.416e+01
-1.491e-01  -1.491e-01  -5.245e-02  6.481e+01
-1.531e-01  -1.531e-01  -5.745e-02  6.248e+01
-3.896e-01  -3.896e-01  -1.520e-01  6.099e+01
-1.667e-01  -1.667e-01  -5.245e-02  6.855e+01
-2.101e-01  -2.101e-01  -9.382e-02  5.535e+01
-4.488e-01  -4.488e-01  -1.591e-01  6.455e+01
-1.928e-01  -1.928e-01  -5.745e-02  7.020e+01
-2.086e-01  -2.086e-01  -5.745e-02  7.246e+01
-5.220e-01  -5.220e-01  -2.111e-01  5.956e+01
-1.968e-01  -1.968e-01  -5.745e-02  7.081e+01
-2.117e-01  -2.117e-01  -5.245e-02  7.523e+01
-5.185e-01  -5.185e-01  -1.934e-01  6.270e+01
-2.060e-01  -2.060e-01  -6.205e-02  6.987e+01
-2.089e-01  -2.089e-01  -8.125e-02  6.110e+01
-5.563e-01  -5.563e-01  -1.771e-01  6.817e+01
-2.047e-01  -2.047e-01  -8.457e-02  5.869e+01
-2.327e-01  -2.327e-01  -1.049e-01  5.492e+01
-5.794e-01  -5.794e-01  -2.018e-01  6.518e+01
-1.865e-01  -1.865e-01  -6.634e-02  6.442e+01
-2.523e-01  -2.523e-01  -7.417e-02  7.060e+01
-5.738e-01  -5.738e-01  -1.817e-01  6.834e+01
-2.247e-01  -2.247e-01  -6.205e-02  7.238e+01
-2.523e-01  -2.523e-01  -7.779e-02  6.916e+01
-5.512e-01  -5.512e-01  -1.802e-01  6.731e+01
-2.158e-01  -2.158e-01  -7.036e-02  6.740e+01
-2.622e-01  -2.622e-01  -8.457e-02  6.775e+01
-5.876e-01  -5.876e-01  -1.876e-01  6.807e+01
-2.342e-01  -2.342e-01  -7.417e-02  6.832e+01
-2.588e-01  -2.588e-01  -9.084e-02  6.490e+01
-5.784e-01  -5.784e-01  -2.031e-01  6.488e+01
========================================================================================

step: 4/15 res:13.381044150439289, res/res0:0.5963617600916337  dq_norm: [0.21876832 0.26012217 0.60981508]

A info: before HHL prepare:
Spectral radius (A): 1.009e+02, lambda_min:6.455082593144783
condition number(A): 1.563e+01, norm2_cond:343.4556765590531
det(A): 5.030e+95
--------------------------------------------------------------------------------

A_hhl info: after scaling by spectral radius:
Spectral radius (A): 1.000e+00, lambda_min:0.06396319943643267
condition number(A): 1.563e+01, norm2_cond:343.45567655905376
det(A): 2.906e-25, nnz: 25 non zeros per row
--------------------------------------------------------------------------------

Size of A & B are not power of 2:
Next 2 power of 60 = 64
Value to be padded = 4
--------------------------------------------------

==================== Print (N)^2 padded matrix system =======================
Padded shape of A: (60, 60)x(60, 60) -> (64, 64)x(64, 64)
Padded shape of B: (60,) -> (64,)
Determinant of padded matrix: 2.90557341177275e-25
Condition # of padded matrix: 343.45567655905376


Matrix is not Hermitian. Making it Hermitian.......

==================== Print Hermitian matrix system info =======================
Shape of hermitian A: 64x64 -> 128x128
Shape of           B: 64 -> 128
Determinant of Hermitian matrix: 8.442356851200859e-50
Condition # of Hermitian matrix: 343.45567655905563

=================================== Generating HHL circuit ===================================
Time elapsed for generating HHL circuit: 5 min 4.36 sec

Generated circuit: num_qubits=18, gates=23, depth=5
============================== Generated Circuit saved ==============================

============================== Transpiling circuit ==============================
This is using the AerSimulator('aer_simulator_statevector') transpiler.
Time elapsed for transpiling the circuit:  0 min 42.19 sec
Transpiled circuit, num_qubits: 18, (original: 18)
Transpiled circuit depth: 464202 (original: 5)
Transpiled circuit gates: 464354 (original: 23)
============================== Transpiled Circuit saved ==============================
Time elapsed for running the circuit:  2 min 26.45 sec
total_qubits: 18, nq:7

Time elapsed for extracting shots-based hhl counts solution:  0 min 0.00 sec

[HHL info]: linear system residual (e=||Ax-b||_2): 8.265160160113647
[HHL info]: Fidelity(true_sol, hhl_sol): 0.9721936697625374
[HHL info]: L2 error (absolute): 0.9769239199641295
[HHL info]: L2 error (relative): 0.7717799863704665
[HHL info]: L2 error (normalized): 0.16733906694318057

========================================================================================
 Compare system solutions using LU of A, LU sol of A_herm, HHL of Ax=b hermition system
LU sol 	    Herm LU sol    HHL sol    L1_diff(%)
-2.166e-04  -2.166e-04  -0.000e+00  1.000e+02
-1.896e-04  -1.896e-04  -0.000e+00  1.000e+02
-5.776e-04  -5.776e-04  -0.000e+00  1.000e+02
-7.365e-04  -7.365e-04  -0.000e+00  1.000e+02
-6.841e-04  -6.841e-04  -0.000e+00  1.000e+02
 1.857e-03   1.857e-03   0.000e+00  1.000e+02
-1.635e-03  -1.635e-03  -0.000e+00  1.000e+02
-1.639e-03  -1.639e-03  -0.000e+00  1.000e+02
-4.795e-03  -4.795e-03  -0.000e+00  1.000e+02
-3.899e-03  -3.899e-03  -0.000e+00  1.000e+02
 7.795e-03   7.795e-03   0.000e+00  1.000e+02
-1.132e-02  -1.132e-02  -1.688e-02  4.910e+01
 1.590e-02   1.590e-02   0.000e+00  1.000e+02
 1.340e-02   1.340e-02   0.000e+00  1.000e+02
 7.168e-04   7.168e-04   0.000e+00  1.000e+02
-2.842e-02  -2.842e-02  -0.000e+00  1.000e+02
-1.018e-02  -1.018e-02  -1.193e-02  1.726e+01
 1.581e-03   1.581e-03   0.000e+00  1.000e+02
-4.448e-03  -4.448e-03  -0.000e+00  1.000e+02
-1.038e-02  -1.038e-02  -0.000e+00  1.000e+02
-9.655e-03  -9.655e-03  -0.000e+00  1.000e+02
-1.807e-02  -1.807e-02  -0.000e+00  1.000e+02
-4.393e-02  -4.393e-02  -0.000e+00  1.000e+02
-6.453e-02  -6.453e-02  -2.067e-02  6.797e+01
-1.870e-02  -1.870e-02  -0.000e+00  1.000e+02
-3.252e-02  -3.252e-02  -2.067e-02  3.644e+01
-1.374e-01  -1.374e-01  -4.622e-02  6.638e+01
-5.564e-02  -5.564e-02  -2.067e-02  6.285e+01
-7.052e-02  -7.052e-02  -1.193e-02  8.308e+01
-1.619e-01  -1.619e-01  -4.465e-02  7.242e+01
-9.568e-02  -9.568e-02  -1.688e-02  8.236e+01
-9.623e-02  -9.623e-02  -0.000e+00  1.000e+02
-2.352e-01  -2.352e-01  -6.200e-02  7.364e+01
-1.109e-01  -1.109e-01  -3.157e-02  7.153e+01
-1.142e-01  -1.142e-01  -3.157e-02  7.235e+01
-2.815e-01  -2.815e-01  -6.536e-02  7.678e+01
-1.288e-01  -1.288e-01  -3.375e-02  7.380e+01
-1.515e-01  -1.515e-01  -3.958e-02  7.388e+01
-2.918e-01  -2.918e-01  -5.597e-02  8.082e+01
-1.334e-01  -1.334e-01  -2.668e-02  7.999e+01
-1.598e-01  -1.598e-01  -3.375e-02  7.887e+01
-3.074e-01  -3.074e-01  -7.547e-02  7.545e+01
-1.391e-01  -1.391e-01  -3.773e-02  7.288e+01
-1.279e-01  -1.279e-01  -2.923e-02  7.714e+01
-3.685e-01  -3.685e-01  -7.452e-02  7.978e+01
-1.156e-01  -1.156e-01  -2.387e-02  7.935e+01
-1.278e-01  -1.278e-01  -3.157e-02  7.530e+01
-3.667e-01  -3.667e-01  -9.243e-02  7.479e+01
-1.164e-01  -1.164e-01  -1.688e-02  8.550e+01
-1.782e-01  -1.782e-01  -3.773e-02  7.883e+01
-3.820e-01  -3.820e-01  -8.438e-02  7.791e+01
-1.586e-01  -1.586e-01  -4.302e-02  7.286e+01
-1.745e-01  -1.745e-01  -3.580e-02  7.948e+01
-3.612e-01  -3.612e-01  -8.353e-02  7.687e+01
-1.406e-01  -1.406e-01  -2.923e-02  7.921e+01
-1.775e-01  -1.775e-01  -3.773e-02  7.874e+01
-3.886e-01  -3.886e-01  -9.471e-02  7.563e+01
-1.543e-01  -1.543e-01  -3.580e-02  7.679e+01
-1.680e-01  -1.680e-01  -3.580e-02  7.869e+01
-3.625e-01  -3.625e-01  -7.825e-02  7.841e+01
========================================================================================

step: 5/15 res:10.526717205032847, res/res0:0.4691511013491558  dq_norm: [0.09912126 0.10805608 0.25509407]

A info: before HHL prepare:
Spectral radius (A): 1.012e+02, lambda_min:6.375414491402132
condition number(A): 1.587e+01, norm2_cond:341.96695322647423
det(A): 8.838e+95
--------------------------------------------------------------------------------

A_hhl info: after scaling by spectral radius:
Spectral radius (A): 1.000e+00, lambda_min:0.06302356986682794
condition number(A): 1.587e+01, norm2_cond:341.96695322647724
det(A): 4.426e-25, nnz: 24 non zeros per row
--------------------------------------------------------------------------------

Size of A & B are not power of 2:
Next 2 power of 60 = 64
Value to be padded = 4
--------------------------------------------------

==================== Print (N)^2 padded matrix system =======================
Padded shape of A: (60, 60)x(60, 60) -> (64, 64)x(64, 64)
Padded shape of B: (60,) -> (64,)
Determinant of padded matrix: 4.426320205427595e-25
Condition # of padded matrix: 341.96695322647724


Matrix is not Hermitian. Making it Hermitian.......

==================== Print Hermitian matrix system info =======================
Shape of hermitian A: 64x64 -> 128x128
Shape of           B: 64 -> 128
Determinant of Hermitian matrix: 1.959231056097659e-49
Condition # of Hermitian matrix: 341.9669532264754

=================================== Generating HHL circuit ===================================
Time elapsed for generating HHL circuit: 5 min 14.15 sec

Generated circuit: num_qubits=18, gates=23, depth=5
============================== Generated Circuit saved ==============================

============================== Transpiling circuit ==============================
This is using the AerSimulator('aer_simulator_statevector') transpiler.
Time elapsed for transpiling the circuit:  0 min 44.52 sec
Transpiled circuit, num_qubits: 18, (original: 18)
Transpiled circuit depth: 464202 (original: 5)
Transpiled circuit gates: 464354 (original: 23)
============================== Transpiled Circuit saved ==============================
Time elapsed for running the circuit:  2 min 26.27 sec
total_qubits: 18, nq:7

Time elapsed for extracting shots-based hhl counts solution:  0 min 0.00 sec

[HHL info]: linear system residual (e=||Ax-b||_2): 7.370750390199384
[HHL info]: Fidelity(true_sol, hhl_sol): 0.9767196841147314
[HHL info]: L2 error (absolute): 0.7466188120672326
[HHL info]: L2 error (relative): 0.7755442349388603
[HHL info]: L2 error (normalized): 0.15302748006157005

========================================================================================
 Compare system solutions using LU of A, LU sol of A_herm, HHL of Ax=b hermition system
LU sol 	    Herm LU sol    HHL sol    L1_diff(%)
-2.021e-04  -2.021e-04  -0.000e+00  1.000e+02
-1.800e-04  -1.800e-04  -0.000e+00  1.000e+02
-5.481e-04  -5.481e-04  -0.000e+00  1.000e+02
-6.764e-04  -6.764e-04  -0.000e+00  1.000e+02
-6.549e-04  -6.549e-04  -0.000e+00  1.000e+02
 1.981e-03   1.981e-03   0.000e+00  1.000e+02
-1.565e-03  -1.565e-03  -0.000e+00  1.000e+02
-1.627e-03  -1.627e-03  -0.000e+00  1.000e+02
-4.595e-03  -4.595e-03  -0.000e+00  1.000e+02
-3.936e-03  -3.936e-03  -0.000e+00  1.000e+02
 7.771e-03   7.771e-03   0.000e+00  1.000e+02
 5.558e-03   5.558e-03   0.000e+00  1.000e+02
 1.570e-02   1.570e-02   0.000e+00  1.000e+02
 1.337e-02   1.337e-02   0.000e+00  1.000e+02
 2.373e-04   2.373e-04   0.000e+00  1.000e+02
-2.877e-02  -2.877e-02  -0.000e+00  1.000e+02
 1.821e-03   1.821e-03   0.000e+00  1.000e+02
 1.031e-03   1.031e-03   0.000e+00  1.000e+02
-4.827e-03  -4.827e-03  -0.000e+00  1.000e+02
-1.046e-02  -1.046e-02  -0.000e+00  1.000e+02
-1.047e-02  -1.047e-02  -9.166e-03  1.243e+01
-1.865e-02  -1.865e-02  -0.000e+00  1.000e+02
-4.430e-02  -4.430e-02  -1.296e-02  7.074e+01
-4.545e-02  -4.545e-02  -1.588e-02  6.507e+01
-1.857e-02  -1.857e-02  -9.166e-03  5.066e+01
-1.149e-02  -1.149e-02  -0.000e+00  1.000e+02
-9.131e-02  -9.131e-02  -2.750e-02  6.989e+01
-3.354e-02  -3.354e-02  -9.166e-03  7.267e+01
-5.816e-02  -5.816e-02  -1.296e-02  7.771e+01
-1.144e-01  -1.144e-01  -3.666e-02  6.796e+01
-7.710e-02  -7.710e-02  -1.833e-02  7.622e+01
-9.679e-02  -9.679e-02  -2.592e-02  7.322e+01
-1.684e-01  -1.684e-01  -4.200e-02  7.506e+01
-7.823e-02  -7.823e-02  -1.296e-02  8.343e+01
-8.317e-02  -8.317e-02  -2.050e-02  7.536e+01
-2.147e-01  -2.147e-01  -4.396e-02  7.952e+01
-9.332e-02  -9.332e-02  -2.245e-02  7.594e+01
-1.111e-01  -1.111e-01  -1.833e-02  8.350e+01
-2.339e-01  -2.339e-01  -5.103e-02  7.818e+01
-1.035e-01  -1.035e-01  -2.750e-02  7.344e+01
-1.254e-01  -1.254e-01  -2.750e-02  7.808e+01
-2.257e-01  -2.257e-01  -5.650e-02  7.496e+01
-9.871e-02  -9.871e-02  -1.296e-02  8.687e+01
-1.001e-01  -1.001e-01  -9.166e-03  9.084e+01
-2.871e-01  -2.871e-01  -7.275e-02  7.466e+01
-9.098e-02  -9.098e-02  -1.588e-02  8.255e+01
-9.610e-02  -9.610e-02  -2.592e-02  7.302e+01
-2.715e-01  -2.715e-01  -5.499e-02  7.974e+01
-9.808e-02  -9.808e-02  -2.592e-02  7.357e+01
-1.398e-01  -1.398e-01  -2.750e-02  8.033e+01
-2.937e-01  -2.937e-01  -6.980e-02  7.623e+01
-1.128e-01  -1.128e-01  -2.245e-02  8.010e+01
-1.392e-01  -1.392e-01  -3.666e-02  7.366e+01
-2.736e-01  -2.736e-01  -6.350e-02  7.679e+01
-1.090e-01  -1.090e-01  -2.245e-02  7.940e+01
-1.392e-01  -1.392e-01  -3.430e-02  7.537e+01
-2.882e-01  -2.882e-01  -6.010e-02  7.914e+01
-1.152e-01  -1.152e-01  -2.592e-02  7.749e+01
-1.321e-01  -1.321e-01  -2.592e-02  8.037e+01
-2.786e-01  -2.786e-01  -5.869e-02  7.893e+01
========================================================================================

step: 6/15 res:8.26837604548301, res/res0:0.36850213153372413  dq_norm: [0.06859009 0.08499954 0.19028563]

A info: before HHL prepare:
Spectral radius (A): 1.012e+02, lambda_min:6.3548015137174225
condition number(A): 1.593e+01, norm2_cond:339.35545327337917
det(A): 1.284e+96
--------------------------------------------------------------------------------

A_hhl info: after scaling by spectral radius:
Spectral radius (A): 1.000e+00, lambda_min:0.06277099086407807
condition number(A): 1.593e+01, norm2_cond:339.35545327338207
det(A): 6.137e-25, nnz: 22 non zeros per row
--------------------------------------------------------------------------------

Size of A & B are not power of 2:
Next 2 power of 60 = 64
Value to be padded = 4
--------------------------------------------------

==================== Print (N)^2 padded matrix system =======================
Padded shape of A: (60, 60)x(60, 60) -> (64, 64)x(64, 64)
Padded shape of B: (60,) -> (64,)
Determinant of padded matrix: 6.137000093108572e-25
Condition # of padded matrix: 339.35545327338207


Matrix is not Hermitian. Making it Hermitian.......

==================== Print Hermitian matrix system info =======================
Shape of hermitian A: 64x64 -> 128x128
Shape of           B: 64 -> 128
Determinant of Hermitian matrix: 3.7662770142815694e-49
Condition # of Hermitian matrix: 339.35545327337826

=================================== Generating HHL circuit ===================================
Time elapsed for generating HHL circuit: 5 min 5.29 sec

Generated circuit: num_qubits=18, gates=23, depth=5
============================== Generated Circuit saved ==============================

============================== Transpiling circuit ==============================
This is using the AerSimulator('aer_simulator_statevector') transpiler.
Time elapsed for transpiling the circuit:  0 min 58.67 sec
Transpiled circuit, num_qubits: 18, (original: 18)
Transpiled circuit depth: 464196 (original: 5)
Transpiled circuit gates: 464348 (original: 23)
============================== Transpiled Circuit saved ==============================
Time elapsed for running the circuit:  2 min 28.89 sec
total_qubits: 18, nq:7

Time elapsed for extracting shots-based hhl counts solution:  0 min 0.00 sec

[HHL info]: linear system residual (e=||Ax-b||_2): 6.527199532606034
[HHL info]: Fidelity(true_sol, hhl_sol): 0.9743199847264273
[HHL info]: L2 error (absolute): 0.5776669781011425
[HHL info]: L2 error (relative): 0.7811187928798713
[HHL info]: L2 error (normalized): 0.16077012330167864

========================================================================================
 Compare system solutions using LU of A, LU sol of A_herm, HHL of Ax=b hermition system
LU sol 	    Herm LU sol    HHL sol    L1_diff(%)
-1.998e-04  -1.998e-04  -0.000e+00  1.000e+02
-1.788e-04  -1.788e-04  -0.000e+00  1.000e+02
-5.433e-04  -5.433e-04  -0.000e+00  1.000e+02
-6.722e-04  -6.722e-04  -0.000e+00  1.000e+02
-6.527e-04  -6.527e-04  -0.000e+00  1.000e+02
 1.990e-03   1.990e-03   0.000e+00  1.000e+02
-1.572e-03  -1.572e-03  -0.000e+00  1.000e+02
-1.632e-03  -1.632e-03  -0.000e+00  1.000e+02
-4.609e-03  -4.609e-03  -0.000e+00  1.000e+02
-3.973e-03  -3.973e-03  -0.000e+00  1.000e+02
 7.752e-03   7.752e-03   0.000e+00  1.000e+02
 5.481e-03   5.481e-03   0.000e+00  1.000e+02
 1.564e-02   1.564e-02   0.000e+00  1.000e+02
 1.335e-02   1.335e-02   0.000e+00  1.000e+02
 9.876e-05   9.876e-05   0.000e+00  1.000e+02
-2.873e-02  -2.873e-02  -0.000e+00  1.000e+02
 1.857e-03   1.857e-03   0.000e+00  1.000e+02
 1.099e-03   1.099e-03   0.000e+00  1.000e+02
-4.617e-03  -4.617e-03  -0.000e+00  1.000e+02
-1.038e-02  -1.038e-02  -0.000e+00  1.000e+02
-8.258e-04  -8.258e-04  -0.000e+00  1.000e+02
-1.841e-02  -1.841e-02  -0.000e+00  1.000e+02
-3.131e-02  -3.131e-02  -0.000e+00  1.000e+02
-2.892e-02  -2.892e-02  -8.051e-03  7.216e+01
-9.329e-03  -9.329e-03  -0.000e+00  1.000e+02
-1.162e-02  -1.162e-02  -0.000e+00  1.000e+02
-6.314e-02  -6.314e-02  -1.610e-02  7.450e+01
-2.444e-02  -2.444e-02  -1.394e-02  4.294e+01
-4.527e-02  -4.527e-02  -1.139e-02  7.485e+01
-7.776e-02  -7.776e-02  -1.972e-02  7.464e+01
-5.857e-02  -5.857e-02  -8.051e-03  8.625e+01
-7.075e-02  -7.075e-02  -1.972e-02  7.213e+01
-1.263e-01  -1.263e-01  -3.600e-02  7.150e+01
-6.471e-02  -6.471e-02  -8.051e-03  8.756e+01
-6.260e-02  -6.260e-02  -1.394e-02  7.773e+01
-1.690e-01  -1.690e-01  -4.105e-02  7.571e+01
-6.956e-02  -6.956e-02  -8.051e-03  8.843e+01
-9.265e-02  -9.265e-02  -2.130e-02  7.701e+01
-1.808e-01  -1.808e-01  -3.861e-02  7.865e+01
-7.425e-02  -7.425e-02  -1.800e-02  7.575e+01
-9.787e-02  -9.787e-02  -1.610e-02  8.355e+01
-1.657e-01  -1.657e-01  -3.509e-02  7.882e+01
-8.449e-02  -8.449e-02  -2.277e-02  7.305e+01
-9.105e-02  -9.105e-02  -1.972e-02  7.834e+01
-2.093e-01  -2.093e-01  -4.336e-02  7.928e+01
-7.424e-02  -7.424e-02  -1.394e-02  8.122e+01
-7.014e-02  -7.014e-02  -1.800e-02  7.433e+01
-2.137e-01  -2.137e-01  -4.694e-02  7.804e+01
-7.181e-02  -7.181e-02  -8.051e-03  8.879e+01
-1.127e-01  -1.127e-01  -2.277e-02  7.980e+01
-2.228e-01  -2.228e-01  -5.340e-02  7.603e+01
-9.028e-02  -9.028e-02  -1.610e-02  8.216e+01
-1.024e-01  -1.024e-01  -2.415e-02  7.641e+01
-2.100e-01  -2.100e-01  -4.625e-02  7.798e+01
-8.558e-02  -8.558e-02  -1.972e-02  7.696e+01
-1.046e-01  -1.046e-01  -2.789e-02  7.333e+01
-2.261e-01  -2.261e-01  -4.483e-02  8.017e+01
-8.731e-02  -8.731e-02  -1.800e-02  7.938e+01
-1.061e-01  -1.061e-01  -2.130e-02  7.992e+01
-2.163e-01  -2.163e-01  -5.155e-02  7.617e+01
========================================================================================

step: 7/15 res:7.3850447931949645, res/res0:0.3291341289745852  dq_norm: [0.04962898 0.06687566 0.14197888]

A info: before HHL prepare:
Spectral radius (A): 1.012e+02, lambda_min:6.347264229448075
condition number(A): 1.595e+01, norm2_cond:337.8090196006046
det(A): 1.555e+96
--------------------------------------------------------------------------------

A_hhl info: after scaling by spectral radius:
Spectral radius (A): 1.000e+00, lambda_min:0.06271384620048623
condition number(A): 1.595e+01, norm2_cond:337.8090196006098
det(A): 7.556e-25, nnz: 14 non zeros per row
--------------------------------------------------------------------------------

Size of A & B are not power of 2:
Next 2 power of 60 = 64
Value to be padded = 4
--------------------------------------------------

==================== Print (N)^2 padded matrix system =======================
Padded shape of A: (60, 60)x(60, 60) -> (64, 64)x(64, 64)
Padded shape of B: (60,) -> (64,)
Determinant of padded matrix: 7.555540278578711e-25
Condition # of padded matrix: 337.8090196006098


Matrix is not Hermitian. Making it Hermitian.......

==================== Print Hermitian matrix system info =======================
Shape of hermitian A: 64x64 -> 128x128
Shape of           B: 64 -> 128
Determinant of Hermitian matrix: 5.70861889012277e-49
Condition # of Hermitian matrix: 337.8090196006116

=================================== Generating HHL circuit ===================================
Time elapsed for generating HHL circuit: 5 min 13.40 sec

Generated circuit: num_qubits=18, gates=23, depth=5
============================== Generated Circuit saved ==============================

============================== Transpiling circuit ==============================
This is using the AerSimulator('aer_simulator_statevector') transpiler.
Time elapsed for transpiling the circuit:  0 min 44.79 sec
Transpiled circuit, num_qubits: 18, (original: 18)
Transpiled circuit depth: 464200 (original: 5)
Transpiled circuit gates: 464352 (original: 23)
============================== Transpiled Circuit saved ==============================
Time elapsed for running the circuit:  2 min 29.36 sec
total_qubits: 18, nq:7

Time elapsed for extracting shots-based hhl counts solution:  0 min 0.00 sec

[HHL info]: linear system residual (e=||Ax-b||_2): 5.7630697716054415
[HHL info]: Fidelity(true_sol, hhl_sol): 0.9421771452498137
[HHL info]: L2 error (absolute): 0.4281886498875277
[HHL info]: L2 error (relative): 0.7453293654170813
[HHL info]: L2 error (normalized): 0.24224739813172888

========================================================================================
 Compare system solutions using LU of A, LU sol of A_herm, HHL of Ax=b hermition system
LU sol 	    Herm LU sol    HHL sol    L1_diff(%)
-1.998e-04  -1.998e-04  -0.000e+00  1.000e+02
-1.788e-04  -1.788e-04  -0.000e+00  1.000e+02
-5.432e-04  -5.432e-04  -0.000e+00  1.000e+02
-6.720e-04  -6.720e-04  -0.000e+00  1.000e+02
-6.526e-04  -6.526e-04  -0.000e+00  1.000e+02
 1.990e-03   1.990e-03   0.000e+00  1.000e+02
-1.572e-03  -1.572e-03  -0.000e+00  1.000e+02
-1.632e-03  -1.632e-03  -0.000e+00  1.000e+02
-4.609e-03  -4.609e-03  -0.000e+00  1.000e+02
-3.974e-03  -3.974e-03  -0.000e+00  1.000e+02
 7.752e-03   7.752e-03   0.000e+00  1.000e+02
 5.479e-03   5.479e-03   0.000e+00  1.000e+02
 1.564e-02   1.564e-02   0.000e+00  1.000e+02
 1.334e-02   1.334e-02   0.000e+00  1.000e+02
 9.143e-05   9.143e-05   0.000e+00  1.000e+02
-2.873e-02  -2.873e-02  -8.425e-03  7.068e+01
 1.858e-03   1.858e-03   0.000e+00  1.000e+02
 1.104e-03   1.104e-03   0.000e+00  1.000e+02
-4.596e-03  -4.596e-03  -0.000e+00  1.000e+02
-1.036e-02  -1.036e-02  -0.000e+00  1.000e+02
-8.008e-04  -8.008e-04  -0.000e+00  1.000e+02
-1.839e-02  -1.839e-02  -8.425e-03  5.420e+01
-3.135e-02  -3.135e-02  -0.000e+00  1.000e+02
-2.082e-02  -2.082e-02  -1.685e-02  1.908e+01
-9.247e-03  -9.247e-03  -0.000e+00  1.000e+02
-1.150e-02  -1.150e-02  -0.000e+00  1.000e+02
-4.669e-02  -4.669e-02  -1.191e-02  7.448e+01
-1.056e-02  -1.056e-02  -8.425e-03  2.021e+01
-3.396e-02  -3.396e-02  -8.425e-03  7.519e+01
-5.829e-02  -5.829e-02  -1.459e-02  7.496e+01
-5.082e-02  -5.082e-02  -1.685e-02  6.684e+01
-5.112e-02  -5.112e-02  -1.191e-02  7.669e+01
-9.024e-02  -9.024e-02  -2.527e-02  7.199e+01
-5.700e-02  -5.700e-02  -1.191e-02  7.910e+01
-4.881e-02  -4.881e-02  -1.459e-02  7.010e+01
-1.280e-01  -1.280e-01  -3.263e-02  7.450e+01
-6.142e-02  -6.142e-02  -1.191e-02  8.060e+01
-7.105e-02  -7.105e-02  -1.884e-02  7.348e+01
-1.417e-01  -1.417e-01  -3.861e-02  7.275e+01
-5.521e-02  -5.521e-02  -1.459e-02  7.357e+01
-8.155e-02  -8.155e-02  -3.263e-02  5.999e+01
-1.292e-01  -1.292e-01  -3.263e-02  7.474e+01
-6.065e-02  -6.065e-02  -1.685e-02  7.222e+01
-7.175e-02  -7.175e-02  -2.229e-02  6.893e+01
-1.638e-01  -1.638e-01  -4.458e-02  7.278e+01
-6.004e-02  -6.004e-02  -1.191e-02  8.016e+01
-5.218e-02  -5.218e-02  -1.459e-02  7.204e+01
-1.658e-01  -1.658e-01  -4.766e-02  7.126e+01
-6.363e-02  -6.363e-02  -0.000e+00  1.000e+02
-8.976e-02  -8.976e-02  -1.884e-02  7.901e+01
-1.684e-01  -1.684e-01  -4.296e-02  7.449e+01
-7.376e-02  -7.376e-02  -1.685e-02  7.716e+01
-7.826e-02  -7.826e-02  -2.229e-02  7.152e+01
-1.632e-01  -1.632e-01  -5.328e-02  6.734e+01
-6.520e-02  -6.520e-02  -1.191e-02  8.173e+01
-7.658e-02  -7.658e-02  -1.685e-02  7.800e+01
-1.802e-01  -1.802e-01  -4.458e-02  7.525e+01
-6.846e-02  -6.846e-02  -0.000e+00  1.000e+02
-8.474e-02  -8.474e-02  -1.884e-02  7.777e+01
-1.629e-01  -1.629e-01  -3.861e-02  7.629e+01
========================================================================================

step: 8/15 res:6.529948382409718, res/res0:0.2910244870923269  dq_norm: [0.04295837 0.06360607 0.13160006]

A info: before HHL prepare:
Spectral radius (A): 1.013e+02, lambda_min:6.400162453933394
condition number(A): 1.584e+01, norm2_cond:334.5919985855068
det(A): 1.603e+96
--------------------------------------------------------------------------------

A_hhl info: after scaling by spectral radius:
Spectral radius (A): 1.000e+00, lambda_min:0.06315072006905675
condition number(A): 1.584e+01, norm2_cond:334.59199858550664
det(A): 7.180e-25, nnz: 22 non zeros per row
--------------------------------------------------------------------------------

Size of A & B are not power of 2:
Next 2 power of 60 = 64
Value to be padded = 4
--------------------------------------------------

==================== Print (N)^2 padded matrix system =======================
Padded shape of A: (60, 60)x(60, 60) -> (64, 64)x(64, 64)
Padded shape of B: (60,) -> (64,)
Determinant of padded matrix: 7.179629645866592e-25
Condition # of padded matrix: 334.59199858550664


Matrix is not Hermitian. Making it Hermitian.......

==================== Print Hermitian matrix system info =======================
Shape of hermitian A: 64x64 -> 128x128
Shape of           B: 64 -> 128
Determinant of Hermitian matrix: 5.154708185180351e-49
Condition # of Hermitian matrix: 334.5919985855066

=================================== Generating HHL circuit ===================================
Time elapsed for generating HHL circuit: 5 min 16.44 sec

Generated circuit: num_qubits=18, gates=23, depth=5
============================== Generated Circuit saved ==============================

============================== Transpiling circuit ==============================
This is using the AerSimulator('aer_simulator_statevector') transpiler.
Time elapsed for transpiling the circuit:  0 min 45.88 sec
Transpiled circuit, num_qubits: 18, (original: 18)
Transpiled circuit depth: 464204 (original: 5)
Transpiled circuit gates: 464356 (original: 23)
============================== Transpiled Circuit saved ==============================
Time elapsed for running the circuit:  2 min 22.23 sec
total_qubits: 18, nq:7

Time elapsed for extracting shots-based hhl counts solution:  0 min 0.00 sec

[HHL info]: linear system residual (e=||Ax-b||_2): 5.188537864673958
[HHL info]: Fidelity(true_sol, hhl_sol): 0.9470550226311606
[HHL info]: L2 error (absolute): 0.34804133441587676
[HHL info]: L2 error (relative): 0.8153855763872775
[HHL info]: L2 error (normalized): 0.23165698636975499

========================================================================================
 Compare system solutions using LU of A, LU sol of A_herm, HHL of Ax=b hermition system
LU sol 	    Herm LU sol    HHL sol    L1_diff(%)
-2.040e-04  -2.040e-04  -0.000e+00  1.000e+02
-1.809e-04  -1.809e-04  -0.000e+00  1.000e+02
-5.517e-04  -5.517e-04  -0.000e+00  1.000e+02
-6.976e-04  -6.976e-04  -0.000e+00  1.000e+02
-6.665e-04  -6.665e-04  -0.000e+00  1.000e+02
 1.935e-03   1.935e-03   0.000e+00  1.000e+02
-1.616e-03  -1.616e-03  -0.000e+00  1.000e+02
-1.647e-03  -1.647e-03  -0.000e+00  1.000e+02
-4.701e-03  -4.701e-03  -0.000e+00  1.000e+02
-3.992e-03  -3.992e-03  -0.000e+00  1.000e+02
 7.732e-03   7.732e-03   0.000e+00  1.000e+02
 5.417e-03   5.417e-03   0.000e+00  1.000e+02
 1.575e-02   1.575e-02   0.000e+00  1.000e+02
 1.334e-02   1.334e-02   0.000e+00  1.000e+02
 3.503e-04   3.503e-04   5.433e-03  1.451e+03
-2.002e-02  -2.002e-02  -7.683e-03  6.163e+01
 1.836e-03   1.836e-03   0.000e+00  1.000e+02
 1.170e-03   1.170e-03   5.433e-03  3.643e+02
-4.602e-03  -4.602e-03  -0.000e+00  1.000e+02
-1.034e-02  -1.034e-02  -0.000e+00  1.000e+02
-1.102e-03  -1.102e-03  -0.000e+00  1.000e+02
-1.007e-02  -1.007e-02  -0.000e+00  1.000e+02
-3.134e-02  -3.134e-02  -5.433e-03  8.266e+01
-4.365e-03  -4.365e-03  -0.000e+00  1.000e+02
-9.413e-03  -9.413e-03  -0.000e+00  1.000e+02
-1.160e-02  -1.160e-02  -0.000e+00  1.000e+02
-3.524e-02  -3.524e-02  -0.000e+00  1.000e+02
-1.993e-03  -1.993e-03  -0.000e+00  1.000e+02
-2.527e-02  -2.527e-02  -0.000e+00  1.000e+02
-4.327e-02  -4.327e-02  -1.215e-02  7.193e+01
-3.334e-02  -3.334e-02  -0.000e+00  1.000e+02
-3.925e-02  -3.925e-02  -1.087e-02  7.232e+01
-6.431e-02  -6.431e-02  -1.215e-02  8.111e+01
-4.488e-02  -4.488e-02  -7.683e-03  8.288e+01
-3.441e-02  -3.441e-02  -7.683e-03  7.767e+01
-9.479e-02  -9.479e-02  -1.630e-02  8.281e+01
-4.960e-02  -4.960e-02  -1.087e-02  7.809e+01
-5.227e-02  -5.227e-02  -7.683e-03  8.530e+01
-1.032e-01  -1.032e-01  -2.173e-02  7.894e+01
-4.031e-02  -4.031e-02  -7.683e-03  8.094e+01
-4.848e-02  -4.848e-02  -7.683e-03  8.415e+01
-9.626e-02  -9.626e-02  -1.437e-02  8.507e+01
-4.340e-02  -4.340e-02  -7.683e-03  8.230e+01
-4.986e-02  -4.986e-02  -1.087e-02  7.821e+01
-1.180e-01  -1.180e-01  -2.033e-02  8.277e+01
-4.818e-02  -4.818e-02  -7.683e-03  8.405e+01
-3.761e-02  -3.761e-02  -9.410e-03  7.498e+01
-1.174e-01  -1.174e-01  -2.662e-02  7.733e+01
-6.358e-02  -6.358e-02  -1.215e-02  8.089e+01
-7.052e-02  -7.052e-02  -1.537e-02  7.821e+01
-1.241e-01  -1.241e-01  -2.490e-02  7.993e+01
-5.624e-02  -5.624e-02  -1.087e-02  8.068e+01
-5.604e-02  -5.604e-02  -1.215e-02  7.832e+01
-1.081e-01  -1.081e-01  -1.882e-02  8.259e+01
-5.352e-02  -5.352e-02  -5.433e-03  8.985e+01
-6.009e-02  -6.009e-02  -9.410e-03  8.434e+01
-1.357e-01  -1.357e-01  -2.430e-02  8.209e+01
-6.979e-02  -6.979e-02  -1.537e-02  7.798e+01
-6.598e-02  -6.598e-02  -1.215e-02  8.159e+01
-1.251e-01  -1.251e-01  -2.368e-02  8.108e+01
========================================================================================

step: 9/15 res:5.751334868579281, res/res0:0.25632350857983865  dq_norm: [0.03073312 0.03392844 0.0674205 ]

A info: before HHL prepare:
Spectral radius (A): 1.014e+02, lambda_min:6.430370153477192
condition number(A): 1.577e+01, norm2_cond:334.9343294748957
det(A): 1.957e+96
--------------------------------------------------------------------------------

A_hhl info: after scaling by spectral radius:
Spectral radius (A): 1.000e+00, lambda_min:0.06342387101860172
condition number(A): 1.577e+01, norm2_cond:334.9343294748998
det(A): 8.562e-25, nnz: 22 non zeros per row
--------------------------------------------------------------------------------

Size of A & B are not power of 2:
Next 2 power of 60 = 64
Value to be padded = 4
--------------------------------------------------

==================== Print (N)^2 padded matrix system =======================
Padded shape of A: (60, 60)x(60, 60) -> (64, 64)x(64, 64)
Padded shape of B: (60,) -> (64,)
Determinant of padded matrix: 8.562429114155974e-25
Condition # of padded matrix: 334.9343294748998


Matrix is not Hermitian. Making it Hermitian.......

==================== Print Hermitian matrix system info =======================
Shape of hermitian A: 64x64 -> 128x128
Shape of           B: 64 -> 128
Determinant of Hermitian matrix: 7.331519233494272e-49
Condition # of Hermitian matrix: 334.93432947489794

=================================== Generating HHL circuit ===================================
Time elapsed for generating HHL circuit: 5 min 19.89 sec

Generated circuit: num_qubits=18, gates=23, depth=5
============================== Generated Circuit saved ==============================

============================== Transpiling circuit ==============================
This is using the AerSimulator('aer_simulator_statevector') transpiler.
Time elapsed for transpiling the circuit:  0 min 45.09 sec
Transpiled circuit, num_qubits: 18, (original: 18)
Transpiled circuit depth: 464202 (original: 5)
Transpiled circuit gates: 464354 (original: 23)
============================== Transpiled Circuit saved ==============================
Time elapsed for running the circuit:  2 min 24.55 sec
total_qubits: 18, nq:7

Time elapsed for extracting shots-based hhl counts solution:  0 min 0.00 sec

[HHL info]: linear system residual (e=||Ax-b||_2): 4.455031240416659
[HHL info]: Fidelity(true_sol, hhl_sol): 0.91384223793478
[HHL info]: L2 error (absolute): 0.27016430179429873
[HHL info]: L2 error (relative): 0.7806006298954472
[HHL info]: L2 error (normalized): 0.2968132072359411

========================================================================================
 Compare system solutions using LU of A, LU sol of A_herm, HHL of Ax=b hermition system
LU sol 	    Herm LU sol    HHL sol    L1_diff(%)
-2.041e-04  -2.041e-04  -0.000e+00  1.000e+02
-1.807e-04  -1.807e-04  -0.000e+00  1.000e+02
-5.513e-04  -5.513e-04  -0.000e+00  1.000e+02
-7.090e-04  -7.090e-04  -0.000e+00  1.000e+02
-6.736e-04  -6.736e-04  -0.000e+00  1.000e+02
 1.909e-03   1.909e-03   0.000e+00  1.000e+02
-1.648e-03  -1.648e-03  -0.000e+00  1.000e+02
-1.657e-03  -1.657e-03  -0.000e+00  1.000e+02
-4.761e-03  -4.761e-03  -5.751e-03  2.079e+01
-4.046e-03  -4.046e-03  -0.000e+00  1.000e+02
 7.686e-03   7.686e-03   0.000e+00  1.000e+02
 5.271e-03   5.271e-03   0.000e+00  1.000e+02
 1.577e-02   1.577e-02   0.000e+00  1.000e+02
 1.332e-02   1.332e-02   0.000e+00  1.000e+02
-4.992e-03  -4.992e-03  -0.000e+00  1.000e+02
-1.209e-02  -1.209e-02  -0.000e+00  1.000e+02
 1.872e-03   1.872e-03   0.000e+00  1.000e+02
-4.174e-03  -4.174e-03  -0.000e+00  1.000e+02
-4.433e-03  -4.433e-03  -0.000e+00  1.000e+02
-1.032e-02  -1.032e-02  -0.000e+00  1.000e+02
-7.824e-04  -7.824e-04  -0.000e+00  1.000e+02
-9.997e-03  -9.997e-03  -0.000e+00  1.000e+02
-2.592e-02  -2.592e-02  -9.961e-03  6.156e+01
-4.154e-03  -4.154e-03  -5.751e-03  3.844e+01
-9.427e-03  -9.427e-03  -5.751e-03  3.899e+01
-1.158e-02  -1.158e-02  -0.000e+00  1.000e+02
-3.527e-02  -3.527e-02  -8.133e-03  7.694e+01
-2.154e-03  -2.154e-03  -0.000e+00  1.000e+02
-2.542e-02  -2.542e-02  -0.000e+00  1.000e+02
-3.157e-02  -3.157e-02  -0.000e+00  1.000e+02
-3.339e-02  -3.339e-02  -1.150e-02  6.555e+01
-2.810e-02  -2.810e-02  -5.751e-03  7.953e+01
-5.208e-02  -5.208e-02  -5.751e-03  8.896e+01
-3.684e-02  -3.684e-02  -1.150e-02  6.878e+01
-2.684e-02  -2.684e-02  -0.000e+00  1.000e+02
-7.784e-02  -7.784e-02  -2.074e-02  7.336e+01
-3.840e-02  -3.840e-02  -5.751e-03  8.502e+01
-4.465e-02  -4.465e-02  -8.133e-03  8.179e+01
-8.096e-02  -8.096e-02  -1.522e-02  8.121e+01
-3.243e-02  -3.243e-02  -9.961e-03  6.928e+01
-4.078e-02  -4.078e-02  -8.133e-03  8.005e+01
-8.164e-02  -8.164e-02  -1.907e-02  7.664e+01
-3.543e-02  -3.543e-02  -0.000e+00  1.000e+02
-3.892e-02  -3.892e-02  -1.286e-02  6.696e+01
-9.691e-02  -9.691e-02  -1.725e-02  8.220e+01
-4.020e-02  -4.020e-02  -1.286e-02  6.801e+01
-2.827e-02  -2.827e-02  -5.751e-03  7.966e+01
-8.993e-02  -8.993e-02  -2.074e-02  7.694e+01
-5.116e-02  -5.116e-02  -1.150e-02  7.752e+01
-5.523e-02  -5.523e-02  -1.725e-02  6.876e+01
-9.913e-02  -9.913e-02  -1.992e-02  7.990e+01
-4.521e-02  -4.521e-02  -1.150e-02  7.456e+01
-4.394e-02  -4.394e-02  -9.961e-03  7.733e+01
-8.924e-02  -8.924e-02  -2.074e-02  7.676e+01
-4.764e-02  -4.764e-02  -8.133e-03  8.293e+01
-5.047e-02  -5.047e-02  -8.133e-03  8.389e+01
-1.102e-01  -1.102e-01  -2.876e-02  7.390e+01
-5.328e-02  -5.328e-02  -1.286e-02  7.586e+01
-5.379e-02  -5.379e-02  -1.150e-02  7.862e+01
-1.003e-01  -1.003e-01  -2.758e-02  7.250e+01
========================================================================================

step: 10/15 res:5.18557038315726, res/res0:0.23110871214614348  dq_norm: [0.03303781 0.03253339 0.06582487]

A info: before HHL prepare:
Spectral radius (A): 1.016e+02, lambda_min:6.4128344288093215
condition number(A): 1.585e+01, norm2_cond:335.42545404472475
det(A): 2.561e+96
--------------------------------------------------------------------------------

A_hhl info: after scaling by spectral radius:
Spectral radius (A): 1.000e+00, lambda_min:0.06310404599330496
condition number(A): 1.585e+01, norm2_cond:335.425454044721
det(A): 9.745e-25, nnz: 14 non zeros per row
--------------------------------------------------------------------------------

Size of A & B are not power of 2:
Next 2 power of 60 = 64
Value to be padded = 4
--------------------------------------------------

==================== Print (N)^2 padded matrix system =======================
Padded shape of A: (60, 60)x(60, 60) -> (64, 64)x(64, 64)
Padded shape of B: (60,) -> (64,)
Determinant of padded matrix: 9.745095970496702e-25
Condition # of padded matrix: 335.425454044721


Matrix is not Hermitian. Making it Hermitian.......

==================== Print Hermitian matrix system info =======================
Shape of hermitian A: 64x64 -> 128x128
Shape of           B: 64 -> 128
Determinant of Hermitian matrix: 9.496689547418565e-49
Condition # of Hermitian matrix: 335.42545404472486

=================================== Generating HHL circuit ===================================
Time elapsed for generating HHL circuit: 5 min 18.21 sec

Generated circuit: num_qubits=18, gates=23, depth=5
============================== Generated Circuit saved ==============================

============================== Transpiling circuit ==============================
This is using the AerSimulator('aer_simulator_statevector') transpiler.
Time elapsed for transpiling the circuit:  0 min 44.74 sec
Transpiled circuit, num_qubits: 18, (original: 18)
Transpiled circuit depth: 464205 (original: 5)
Transpiled circuit gates: 464357 (original: 23)
============================== Transpiled Circuit saved ==============================
Time elapsed for running the circuit:  2 min 27.10 sec
total_qubits: 18, nq:7

Time elapsed for extracting shots-based hhl counts solution:  0 min 0.00 sec

[HHL info]: linear system residual (e=||Ax-b||_2): 4.103043755539377
[HHL info]: Fidelity(true_sol, hhl_sol): 0.9257736351380303
[HHL info]: L2 error (absolute): 0.2123632505044012
[HHL info]: L2 error (relative): 0.7911017649953304
[HHL info]: L2 error (normalized): 0.2750588563175306

========================================================================================
 Compare system solutions using LU of A, LU sol of A_herm, HHL of Ax=b hermition system
LU sol 	    Herm LU sol    HHL sol    L1_diff(%)
-2.022e-04  -2.022e-04  -0.000e+00  1.000e+02
-1.784e-04  -1.784e-04  -0.000e+00  1.000e+02
-5.468e-04  -5.468e-04  -0.000e+00  1.000e+02
-7.032e-04  -7.032e-04  -0.000e+00  1.000e+02
-6.709e-04  -6.709e-04  -0.000e+00  1.000e+02
 1.915e-03   1.915e-03   0.000e+00  1.000e+02
-1.647e-03  -1.647e-03  -0.000e+00  1.000e+02
-1.660e-03  -1.660e-03  -0.000e+00  1.000e+02
 1.012e-03   1.012e-03   0.000e+00  1.000e+02
-4.060e-03  -4.060e-03  -4.586e-03  1.295e+01
 7.677e-03   7.677e-03   0.000e+00  1.000e+02
 5.242e-03   5.242e-03   0.000e+00  1.000e+02
 1.577e-02   1.577e-02   0.000e+00  1.000e+02
 1.333e-02   1.333e-02   0.000e+00  1.000e+02
-4.986e-03  -4.986e-03  -0.000e+00  1.000e+02
-1.201e-02  -1.201e-02  -0.000e+00  1.000e+02
 1.919e-03   1.919e-03   0.000e+00  1.000e+02
-4.035e-03  -4.035e-03  -0.000e+00  1.000e+02
-4.332e-03  -4.332e-03  -4.586e-03  5.861e+00
-1.032e-02  -1.032e-02  -4.586e-03  5.554e+01
-4.478e-04  -4.478e-04  -0.000e+00  1.000e+02
-1.004e-02  -1.004e-02  -0.000e+00  1.000e+02
-1.603e-02  -1.603e-02  -4.586e-03  7.139e+01
 1.612e-03   1.612e-03   0.000e+00  1.000e+02
-3.877e-03  -3.877e-03  -0.000e+00  1.000e+02
-1.174e-02  -1.174e-02  -0.000e+00  1.000e+02
-2.747e-02  -2.747e-02  -0.000e+00  1.000e+02
-1.990e-03  -1.990e-03  -0.000e+00  1.000e+02
-2.517e-02  -2.517e-02  -6.486e-03  7.423e+01
-3.113e-02  -3.113e-02  -4.586e-03  8.527e+01
-2.117e-02  -2.117e-02  -4.586e-03  7.833e+01
-2.229e-02  -2.229e-02  -0.000e+00  1.000e+02
-4.547e-02  -4.547e-02  -1.026e-02  7.745e+01
-2.480e-02  -2.480e-02  -6.486e-03  7.384e+01
-2.695e-02  -2.695e-02  -6.486e-03  7.593e+01
-5.608e-02  -5.608e-02  -1.213e-02  7.836e+01
-3.256e-02  -3.256e-02  -1.026e-02  6.850e+01
-3.660e-02  -3.660e-02  -6.486e-03  8.228e+01
-6.560e-02  -6.560e-02  -1.521e-02  7.681e+01
-2.256e-02  -2.256e-02  -4.586e-03  7.967e+01
-3.266e-02  -3.266e-02  -6.486e-03  8.014e+01
-6.287e-02  -6.287e-02  -9.173e-03  8.541e+01
-3.537e-02  -3.537e-02  -6.486e-03  8.166e+01
-2.579e-02  -2.579e-02  -7.944e-03  6.920e+01
-7.916e-02  -7.916e-02  -2.102e-02  7.345e+01
-2.699e-02  -2.699e-02  -6.486e-03  7.597e+01
-2.283e-02  -2.283e-02  -6.486e-03  7.159e+01
-6.873e-02  -6.873e-02  -9.173e-03  8.665e+01
-3.937e-02  -3.937e-02  -9.173e-03  7.670e+01
-3.788e-02  -3.788e-02  -9.173e-03  7.578e+01
-7.909e-02  -7.909e-02  -1.589e-02  7.991e+01
-3.332e-02  -3.332e-02  -6.486e-03  8.053e+01
-3.401e-02  -3.401e-02  -1.123e-02  6.697e+01
-6.792e-02  -6.792e-02  -1.450e-02  7.865e+01
-3.909e-02  -3.909e-02  -9.173e-03  7.653e+01
-4.232e-02  -4.232e-02  -7.944e-03  8.123e+01
-8.037e-02  -8.037e-02  -1.891e-02  7.647e+01
-3.983e-02  -3.983e-02  -9.173e-03  7.697e+01
-4.229e-02  -4.229e-02  -9.173e-03  7.831e+01
-7.191e-02  -7.191e-02  -1.589e-02  7.791e+01
========================================================================================

step: 11/15 res:4.448394865017023, res/res0:0.1982545279321155  dq_norm: [0.0246982  0.02594426 0.04677169]

A info: before HHL prepare:
Spectral radius (A): 1.018e+02, lambda_min:6.424870348447353
condition number(A): 1.584e+01, norm2_cond:336.4245011917726
det(A): 3.087e+96
--------------------------------------------------------------------------------

A_hhl info: after scaling by spectral radius:
Spectral radius (A): 1.000e+00, lambda_min:0.0631374618945648
condition number(A): 1.584e+01, norm2_cond:336.42450119177
det(A): 1.084e-24, nnz: 20 non zeros per row
--------------------------------------------------------------------------------

Size of A & B are not power of 2:
Next 2 power of 60 = 64
Value to be padded = 4
--------------------------------------------------

==================== Print (N)^2 padded matrix system =======================
Padded shape of A: (60, 60)x(60, 60) -> (64, 64)x(64, 64)
Padded shape of B: (60,) -> (64,)
Determinant of padded matrix: 1.0835495361516324e-24
Condition # of padded matrix: 336.42450119177


Matrix is not Hermitian. Making it Hermitian.......

==================== Print Hermitian matrix system info =======================
Shape of hermitian A: 64x64 -> 128x128
Shape of           B: 64 -> 128
Determinant of Hermitian matrix: 1.1740795972944342e-48
Condition # of Hermitian matrix: 336.42450119177596

=================================== Generating HHL circuit ===================================
Time elapsed for generating HHL circuit: 5 min 5.08 sec

Generated circuit: num_qubits=18, gates=23, depth=5
============================== Generated Circuit saved ==============================

============================== Transpiling circuit ==============================
This is using the AerSimulator('aer_simulator_statevector') transpiler.
Time elapsed for transpiling the circuit:  0 min 59.61 sec
Transpiled circuit, num_qubits: 18, (original: 18)
Transpiled circuit depth: 464195 (original: 5)
Transpiled circuit gates: 464347 (original: 23)
============================== Transpiled Circuit saved ==============================
Time elapsed for running the circuit:  2 min 24.82 sec
total_qubits: 18, nq:7

Time elapsed for extracting shots-based hhl counts solution:  0 min 0.00 sec

[HHL info]: linear system residual (e=||Ax-b||_2): 3.8300447331625476
[HHL info]: Fidelity(true_sol, hhl_sol): 0.8653957576273315
[HHL info]: L2 error (absolute): 0.18903462093619883
[HHL info]: L2 error (relative): 0.8937986780614399
[HHL info]: L2 error (normalized): 0.3734528131496641

========================================================================================
 Compare system solutions using LU of A, LU sol of A_herm, HHL of Ax=b hermition system
LU sol 	    Herm LU sol    HHL sol    L1_diff(%)
-2.046e-04  -2.046e-04  -0.000e+00  1.000e+02
-1.812e-04  -1.812e-04  -0.000e+00  1.000e+02
-5.537e-04  -5.537e-04  -0.000e+00  1.000e+02
-6.986e-04  -6.986e-04  -0.000e+00  1.000e+02
-6.634e-04  -6.634e-04  -0.000e+00  1.000e+02
 1.933e-03   1.933e-03   0.000e+00  1.000e+02
-1.634e-03  -1.634e-03  -0.000e+00  1.000e+02
-1.672e-03  -1.672e-03  -0.000e+00  1.000e+02
 1.003e-03   1.003e-03   0.000e+00  1.000e+02
 5.690e-04   5.690e-04   0.000e+00  1.000e+02
 7.682e-03   7.682e-03   0.000e+00  1.000e+02
 5.337e-03   5.337e-03   0.000e+00  1.000e+02
 1.582e-02   1.582e-02   2.283e-03  8.557e+01
 1.336e-02   1.336e-02   2.283e-03  8.291e+01
-4.914e-03  -4.914e-03  -0.000e+00  1.000e+02
-1.198e-02  -1.198e-02  -0.000e+00  1.000e+02
 1.923e-03   1.923e-03   0.000e+00  1.000e+02
-4.018e-03  -4.018e-03  -0.000e+00  1.000e+02
 2.558e-04   2.558e-04   0.000e+00  1.000e+02
-5.737e-03  -5.737e-03  -0.000e+00  1.000e+02
-3.922e-04  -3.922e-04  -0.000e+00  1.000e+02
-1.005e-02  -1.005e-02  -3.228e-03  6.787e+01
-1.144e-02  -1.144e-02  -0.000e+00  1.000e+02
 1.671e-03   1.671e-03   0.000e+00  1.000e+02
-3.865e-03  -3.865e-03  -0.000e+00  1.000e+02
-1.176e-02  -1.176e-02  -0.000e+00  1.000e+02
-2.745e-02  -2.745e-02  -3.954e-03  8.560e+01
-1.880e-03  -1.880e-03  -0.000e+00  1.000e+02
-1.863e-02  -1.863e-02  -0.000e+00  1.000e+02
-2.633e-02  -2.633e-02  -2.283e-03  9.133e+01
-1.639e-02  -1.639e-02  -0.000e+00  1.000e+02
-2.229e-02  -2.229e-02  -0.000e+00  1.000e+02
-3.486e-02  -3.486e-02  -5.591e-03  8.396e+01
-1.817e-02  -1.817e-02  -0.000e+00  1.000e+02
-2.051e-02  -2.051e-02  -2.283e-03  8.887e+01
-4.379e-02  -4.379e-02  -5.104e-03  8.834e+01
-2.216e-02  -2.216e-02  -3.228e-03  8.543e+01
-3.012e-02  -3.012e-02  -3.228e-03  8.928e+01
-5.027e-02  -5.027e-02  -5.591e-03  8.888e+01
-1.784e-02  -1.784e-02  -0.000e+00  1.000e+02
-2.611e-02  -2.611e-02  -0.000e+00  1.000e+02
-5.345e-02  -5.345e-02  -6.456e-03  8.792e+01
-2.864e-02  -2.864e-02  -0.000e+00  1.000e+02
-1.781e-02  -1.781e-02  -0.000e+00  1.000e+02
-5.752e-02  -5.752e-02  -6.456e-03  8.877e+01
-2.033e-02  -2.033e-02  -2.283e-03  8.877e+01
-1.643e-02  -1.643e-02  -0.000e+00  1.000e+02
-5.929e-02  -5.929e-02  -7.907e-03  8.666e+01
-3.004e-02  -3.004e-02  -4.565e-03  8.480e+01
-2.872e-02  -2.872e-02  -3.954e-03  8.623e+01
-6.311e-02  -6.311e-02  -7.571e-03  8.800e+01
-2.669e-02  -2.669e-02  -2.283e-03  9.145e+01
-2.271e-02  -2.271e-02  -3.228e-03  8.578e+01
-5.324e-02  -5.324e-02  -3.954e-03  9.257e+01
-2.967e-02  -2.967e-02  -3.954e-03  8.667e+01
-3.440e-02  -3.440e-02  -3.954e-03  8.851e+01
-6.115e-02  -6.115e-02  -8.230e-03  8.654e+01
-3.042e-02  -3.042e-02  -2.283e-03  9.250e+01
-3.312e-02  -3.312e-02  -5.104e-03  8.459e+01
-5.588e-02  -5.588e-02  -5.591e-03  8.999e+01
========================================================================================

step: 12/15 res:4.104401617004298, res/res0:0.18292355551037276  dq_norm: [0.00884076 0.00941171 0.0206705 ]

A info: before HHL prepare:
Spectral radius (A): 1.017e+02, lambda_min:6.428581287559787
condition number(A): 1.582e+01, norm2_cond:335.87400139169443
det(A): 3.207e+96
--------------------------------------------------------------------------------

A_hhl info: after scaling by spectral radius:
Spectral radius (A): 1.000e+00, lambda_min:0.06320444632792642
condition number(A): 1.582e+01, norm2_cond:335.87400139169887
det(A): 1.159e-24, nnz: 23 non zeros per row
--------------------------------------------------------------------------------

Size of A & B are not power of 2:
Next 2 power of 60 = 64
Value to be padded = 4
--------------------------------------------------

==================== Print (N)^2 padded matrix system =======================
Padded shape of A: (60, 60)x(60, 60) -> (64, 64)x(64, 64)
Padded shape of B: (60,) -> (64,)
Determinant of padded matrix: 1.1588658355911304e-24
Condition # of padded matrix: 335.87400139169887


Matrix is not Hermitian. Making it Hermitian.......

==================== Print Hermitian matrix system info =======================
Shape of hermitian A: 64x64 -> 128x128
Shape of           B: 64 -> 128
Determinant of Hermitian matrix: 1.3429700249003673e-48
Condition # of Hermitian matrix: 335.8740013916962

=================================== Generating HHL circuit ===================================
Time elapsed for generating HHL circuit: 5 min 7.31 sec

Generated circuit: num_qubits=18, gates=23, depth=5
============================== Generated Circuit saved ==============================

============================== Transpiling circuit ==============================
This is using the AerSimulator('aer_simulator_statevector') transpiler.
Time elapsed for transpiling the circuit:  0 min 47.10 sec
Transpiled circuit, num_qubits: 18, (original: 18)
Transpiled circuit depth: 464199 (original: 5)
Transpiled circuit gates: 464351 (original: 23)
============================== Transpiled Circuit saved ==============================
Time elapsed for running the circuit:  2 min 26.73 sec
total_qubits: 18, nq:7

Time elapsed for extracting shots-based hhl counts solution:  0 min 0.00 sec

[HHL info]: linear system residual (e=||Ax-b||_2): 3.125195150792613
[HHL info]: Fidelity(true_sol, hhl_sol): 0.8676663240343686
[HHL info]: L2 error (absolute): 0.1470946237412351
[HHL info]: L2 error (relative): 0.7795132216318191
[HHL info]: L2 error (normalized): 0.37017270658327484

========================================================================================
 Compare system solutions using LU of A, LU sol of A_herm, HHL of Ax=b hermition system
LU sol 	    Herm LU sol    HHL sol    L1_diff(%)
-2.045e-04  -2.045e-04  -0.000e+00  1.000e+02
-1.812e-04  -1.812e-04  -0.000e+00  1.000e+02
-5.535e-04  -5.535e-04  -0.000e+00  1.000e+02
-7.019e-04  -7.019e-04  -0.000e+00  1.000e+02
-6.655e-04  -6.655e-04  -0.000e+00  1.000e+02
 1.927e-03   1.927e-03   0.000e+00  1.000e+02
-1.645e-03  -1.645e-03  -0.000e+00  1.000e+02
-1.678e-03  -1.678e-03  -0.000e+00  1.000e+02
 9.796e-04   9.796e-04   0.000e+00  1.000e+02
 5.546e-04   5.546e-04   0.000e+00  1.000e+02
 7.673e-03   7.673e-03   6.304e-03  1.784e+01
 5.292e-03   5.292e-03   0.000e+00  1.000e+02
 1.354e-02   1.354e-02   0.000e+00  1.000e+02
 1.108e-02   1.108e-02   0.000e+00  1.000e+02
-4.927e-03  -4.927e-03  -0.000e+00  1.000e+02
-1.199e-02  -1.199e-02  -0.000e+00  1.000e+02
 1.917e-03   1.917e-03   0.000e+00  1.000e+02
-4.062e-03  -4.062e-03  -0.000e+00  1.000e+02
 2.262e-04   2.262e-04   0.000e+00  1.000e+02
-5.742e-03  -5.742e-03  -0.000e+00  1.000e+02
-4.744e-04  -4.744e-04  -0.000e+00  1.000e+02
-6.826e-03  -6.826e-03  -0.000e+00  1.000e+02
-1.144e-02  -1.144e-02  -4.458e-03  6.103e+01
 1.597e-03   1.597e-03   0.000e+00  1.000e+02
-3.860e-03  -3.860e-03  -0.000e+00  1.000e+02
-1.175e-02  -1.175e-02  -6.304e-03  4.636e+01
-2.356e-02  -2.356e-02  -7.721e-03  6.722e+01
-1.873e-03  -1.873e-03  -0.000e+00  1.000e+02
-1.863e-02  -1.863e-02  -6.304e-03  6.616e+01
-2.408e-02  -2.408e-02  -8.915e-03  6.297e+01
-1.641e-02  -1.641e-02  -0.000e+00  1.000e+02
-2.230e-02  -2.230e-02  -7.721e-03  6.538e+01
-2.923e-02  -2.923e-02  -7.721e-03  7.359e+01
-1.820e-02  -1.820e-02  -4.458e-03  7.551e+01
-1.823e-02  -1.823e-02  -0.000e+00  1.000e+02
-3.871e-02  -3.871e-02  -7.721e-03  8.005e+01
-1.892e-02  -1.892e-02  -0.000e+00  1.000e+02
-2.690e-02  -2.690e-02  -7.721e-03  7.130e+01
-4.471e-02  -4.471e-02  -1.261e-02  7.180e+01
-1.780e-02  -1.780e-02  -0.000e+00  1.000e+02
-2.608e-02  -2.608e-02  -6.304e-03  7.583e+01
-4.679e-02  -4.679e-02  -1.092e-02  7.666e+01
-2.853e-02  -2.853e-02  -4.458e-03  8.438e+01
-1.780e-02  -1.780e-02  -0.000e+00  1.000e+02
-5.063e-02  -5.063e-02  -9.968e-03  8.031e+01
-1.793e-02  -1.793e-02  -0.000e+00  1.000e+02
-1.647e-02  -1.647e-02  -4.458e-03  7.294e+01
-5.101e-02  -5.101e-02  -1.092e-02  7.860e+01
-2.534e-02  -2.534e-02  -6.304e-03  7.512e+01
-2.475e-02  -2.475e-02  -7.721e-03  6.880e+01
-5.536e-02  -5.536e-02  -1.179e-02  7.869e+01
-2.432e-02  -2.432e-02  -7.721e-03  6.826e+01
-1.947e-02  -1.947e-02  -0.000e+00  1.000e+02
-4.919e-02  -4.919e-02  -1.544e-02  6.861e+01
-2.568e-02  -2.568e-02  -6.304e-03  7.546e+01
-3.048e-02  -3.048e-02  -6.304e-03  7.932e+01
-5.291e-02  -5.291e-02  -1.179e-02  7.771e+01
-2.821e-02  -2.821e-02  -4.458e-03  8.420e+01
-2.803e-02  -2.803e-02  -4.458e-03  8.410e+01
-5.045e-02  -5.045e-02  -1.337e-02  7.349e+01
========================================================================================

step: 13/15 res:3.8299222384315565, res/res0:0.17069065324398844  dq_norm: [0.01409624 0.0209081  0.03808593]

A info: before HHL prepare:
Spectral radius (A): 1.016e+02, lambda_min:6.4573680694113
condition number(A): 1.573e+01, norm2_cond:335.50955765102344
det(A): 3.338e+96
--------------------------------------------------------------------------------

A_hhl info: after scaling by spectral radius:
Spectral radius (A): 1.000e+00, lambda_min:0.06355543348763176
condition number(A): 1.573e+01, norm2_cond:335.50955765102117
det(A): 1.286e-24, nnz: 14 non zeros per row
--------------------------------------------------------------------------------

Size of A & B are not power of 2:
Next 2 power of 60 = 64
Value to be padded = 4
--------------------------------------------------

==================== Print (N)^2 padded matrix system =======================
Padded shape of A: (60, 60)x(60, 60) -> (64, 64)x(64, 64)
Padded shape of B: (60,) -> (64,)
Determinant of padded matrix: 1.2860694381034639e-24
Condition # of padded matrix: 335.50955765102117


Matrix is not Hermitian. Making it Hermitian.......

==================== Print Hermitian matrix system info =======================
Shape of hermitian A: 64x64 -> 128x128
Shape of           B: 64 -> 128
Determinant of Hermitian matrix: 1.6539745996237122e-48
Condition # of Hermitian matrix: 335.5095576510233

=================================== Generating HHL circuit ===================================
Time elapsed for generating HHL circuit: 5 min 4.96 sec

Generated circuit: num_qubits=18, gates=23, depth=5
============================== Generated Circuit saved ==============================

============================== Transpiling circuit ==============================
This is using the AerSimulator('aer_simulator_statevector') transpiler.
Time elapsed for transpiling the circuit:  1 min 1.44 sec
Transpiled circuit, num_qubits: 18, (original: 18)
Transpiled circuit depth: 464199 (original: 5)
Transpiled circuit gates: 464351 (original: 23)
============================== Transpiled Circuit saved ==============================
Time elapsed for running the circuit:  2 min 24.58 sec
total_qubits: 18, nq:7

Time elapsed for extracting shots-based hhl counts solution:  0 min 0.00 sec

[HHL info]: linear system residual (e=||Ax-b||_2): 3.0244574744605344
[HHL info]: Fidelity(true_sol, hhl_sol): 0.8352692322714175
[HHL info]: L2 error (absolute): 0.13871738538412293
[HHL info]: L2 error (relative): 0.9473292835681998
[HHL info]: L2 error (normalized): 0.41489601204095106

========================================================================================
 Compare system solutions using LU of A, LU sol of A_herm, HHL of Ax=b hermition system
LU sol 	    Herm LU sol    HHL sol    L1_diff(%)
-2.033e-04  -2.033e-04  -0.000e+00  1.000e+02
-1.815e-04  -1.815e-04  -0.000e+00  1.000e+02
-5.522e-04  -5.522e-04  -0.000e+00  1.000e+02
-6.971e-04  -6.971e-04  -0.000e+00  1.000e+02
-6.618e-04  -6.618e-04  -0.000e+00  1.000e+02
 1.944e-03   1.944e-03   0.000e+00  1.000e+02
-1.647e-03  -1.647e-03  -0.000e+00  1.000e+02
-1.689e-03  -1.689e-03  -0.000e+00  1.000e+02
 9.619e-04   9.619e-04   0.000e+00  1.000e+02
 5.560e-04   5.560e-04   0.000e+00  1.000e+02
 1.383e-03   1.383e-03   0.000e+00  1.000e+02
 5.312e-03   5.312e-03   0.000e+00  1.000e+02
 1.354e-02   1.354e-02   8.486e-04  9.373e+01
 1.108e-02   1.108e-02   8.486e-04  9.234e+01
-4.939e-03  -4.939e-03  -0.000e+00  1.000e+02
-1.198e-02  -1.198e-02  -8.486e-04  9.292e+01
 1.926e-03   1.926e-03   0.000e+00  1.000e+02
-4.058e-03  -4.058e-03  -0.000e+00  1.000e+02
 2.258e-04   2.258e-04   0.000e+00  1.000e+02
-5.757e-03  -5.757e-03  -0.000e+00  1.000e+02
-4.669e-04  -4.669e-04  -0.000e+00  1.000e+02
-6.818e-03  -6.818e-03  -8.486e-04  8.755e+01
-6.964e-03  -6.964e-03  -8.486e-04  8.781e+01
 1.682e-03   1.682e-03   0.000e+00  1.000e+02
-3.821e-03  -3.821e-03  -0.000e+00  1.000e+02
-5.456e-03  -5.456e-03  -0.000e+00  1.000e+02
-1.582e-02  -1.582e-02  -0.000e+00  1.000e+02
-1.832e-03  -1.832e-03  -0.000e+00  1.000e+02
-1.233e-02  -1.233e-02  -8.486e-04  9.312e+01
-1.509e-02  -1.509e-02  -0.000e+00  1.000e+02
-1.639e-02  -1.639e-02  -0.000e+00  1.000e+02
-1.453e-02  -1.453e-02  -1.697e-03  8.832e+01
-2.143e-02  -2.143e-02  -0.000e+00  1.000e+02
-1.376e-02  -1.376e-02  -1.200e-03  9.128e+01
-1.832e-02  -1.832e-02  -8.486e-04  9.537e+01
-3.103e-02  -3.103e-02  -1.897e-03  9.389e+01
-1.900e-02  -1.900e-02  -0.000e+00  1.000e+02
-1.914e-02  -1.914e-02  -1.470e-03  9.232e+01
-3.211e-02  -3.211e-02  -2.400e-03  9.252e+01
-1.773e-02  -1.773e-02  -8.486e-04  9.521e+01
-1.974e-02  -1.974e-02  -0.000e+00  1.000e+02
-3.562e-02  -3.562e-02  -2.400e-03  9.326e+01
-2.398e-02  -2.398e-02  -1.200e-03  9.500e+01
-1.792e-02  -1.792e-02  -8.486e-04  9.526e+01
-4.040e-02  -4.040e-02  -2.079e-03  9.486e+01
-1.787e-02  -1.787e-02  -0.000e+00  1.000e+02
-1.190e-02  -1.190e-02  -0.000e+00  1.000e+02
-3.993e-02  -3.993e-02  -2.400e-03  9.399e+01
-1.878e-02  -1.878e-02  -8.486e-04  9.548e+01
-1.697e-02  -1.697e-02  -1.200e-03  9.293e+01
-4.309e-02  -4.309e-02  -2.546e-03  9.409e+01
-1.637e-02  -1.637e-02  -8.486e-04  9.482e+01
-1.955e-02  -1.955e-02  -0.000e+00  1.000e+02
-3.335e-02  -3.335e-02  -1.897e-03  9.431e+01
-1.923e-02  -1.923e-02  -1.200e-03  9.376e+01
-2.415e-02  -2.415e-02  -1.470e-03  9.392e+01
-4.092e-02  -4.092e-02  -2.400e-03  9.413e+01
-2.361e-02  -2.361e-02  -1.470e-03  9.378e+01
-2.356e-02  -2.356e-02  -1.697e-03  9.280e+01
-3.678e-02  -3.678e-02  -2.245e-03  9.390e+01
========================================================================================

step: 14/15 res:3.126956441501551, res/res0:0.13936111608469035  dq_norm: [0.00328649 0.00388863 0.00678855]
Completed: 14 steps in 7752.56s
Saved metadata to /lustre/orion/stf006/scratch/4klornl/fvm_euler_1d_solver/output_parallel_shots/nelem20/statevector/shots_100000/trial_0/metadata_nelem20_HHL_statevector_nshots100000.pkl

Solution summary:
  x/L: [0.0250, 0.9750]
  Mach: [1.5000, 2.1213]
  p/p_in: [1.0000, 0.3780]
  rho/rho_in: [1.0000, 0.5044]
Saved combined plot to /lustre/orion/stf006/scratch/4klornl/fvm_euler_1d_solver/output_parallel_shots/nelem20/statevector/shots_100000/trial_0/solution_plot_nelem20_HHL_statevector_nshots100000.png
