
------------------------------------------------------------
Using ideal local simulator with 'statevector' method
Backend: aer_simulator_statevector
Shots: 150000
------------------------------------------------------------

A info: before HHL prepare:
Spectral radius (A): 4.814e+01, lambda_min:3.3136108943482814
condition number(A): 1.453e+01, norm2_cond:197.88017001682982
det(A): 1.276e+38
--------------------------------------------------------------------------------

A_hhl info: after scaling by spectral radius:
Spectral radius (A): 1.000e+00, lambda_min:0.0688269177323334
condition number(A): 1.453e+01, norm2_cond:197.88017001683053
det(A): 4.260e-13, nnz: 11 non zeros per row
--------------------------------------------------------------------------------

Size of A & B are not power of 2:
Next 2 power of 30 = 32
Value to be padded = 2
--------------------------------------------------

==================== Print (N)^2 padded matrix system =======================
Padded shape of A: (30, 30)x(30, 30) -> (32, 32)x(32, 32)
Padded shape of B: (30,) -> (32,)
Determinant of padded matrix: 4.2602079269883554e-13
Condition # of padded matrix: 197.88017001683053


Matrix is not Hermitian. Making it Hermitian.......

==================== Print Hermitian matrix system info =======================
Shape of hermitian A: 32x32 -> 64x64
Shape of           B: 32 -> 64
Determinant of Hermitian matrix: 1.8149371581174162e-25
Condition # of Hermitian matrix: 197.88017001683153

=================================== Generating HHL circuit ===================================
Time elapsed for generating HHL circuit: 0 min 49.90 sec

Generated circuit: num_qubits=16, gates=21, depth=5
============================== Generated Circuit saved ==============================

============================== Transpiling circuit ==============================
This is using the AerSimulator('aer_simulator_statevector') transpiler.
Time elapsed for transpiling the circuit:  0 min 9.70 sec
Transpiled circuit, num_qubits: 16, (original: 16)
Transpiled circuit depth: 103094 (original: 5)
Transpiled circuit gates: 103221 (original: 21)
============================== Transpiled Circuit saved ==============================
Time elapsed for running the circuit:  0 min 20.60 sec
total_qubits: 16, nq:6

Time elapsed for extracting shots-based hhl counts solution:  0 min 0.00 sec

[HHL info]: linear system residual (e=||Ax-b||_2): 7.700307607226654
[HHL info]: Fidelity(true_sol, hhl_sol): 0.9964802412754102
[HHL info]: L2 error (absolute): 1.295689940256278
[HHL info]: L2 error (relative): 0.34115568314549466
[HHL info]: L2 error (normalized): 0.05935369712692121

========================================================================================
 Compare system solutions using LU of A, LU sol of A_herm, HHL of Ax=b hermition system
LU sol 	    Herm LU sol    HHL sol    L1_diff(%)
 4.852e-03   4.852e-03   0.000e+00  1.000e+02
 2.224e-03   2.224e-03   0.000e+00  1.000e+02
 1.012e-02   1.012e-02   0.000e+00  1.000e+02
 6.205e-03   6.205e-03   0.000e+00  1.000e+02
 1.905e-03   1.905e-03   0.000e+00  1.000e+02
 1.125e-02   1.125e-02   0.000e+00  1.000e+02
-2.568e-02  -2.568e-02  -0.000e+00  1.000e+02
-1.823e-02  -1.823e-02  -0.000e+00  1.000e+02
-6.491e-02  -6.491e-02  -5.023e-02  2.262e+01
-1.285e-01  -1.285e-01  -1.123e-01  1.263e+01
-9.623e-02  -9.623e-02  -5.023e-02  4.781e+01
-3.195e-01  -3.195e-01  -2.302e-01  2.797e+01
-3.070e-01  -3.070e-01  -2.131e-01  3.058e+01
-2.851e-01  -2.851e-01  -2.071e-01  2.737e+01
-8.110e-01  -8.110e-01  -5.525e-01  3.188e+01
-4.538e-01  -4.538e-01  -2.246e-01  5.050e+01
-4.624e-01  -4.624e-01  -2.885e-01  3.760e+01
-1.229e+00  -1.229e+00  -8.344e-01  3.209e+01
-5.244e-01  -5.244e-01  -3.759e-01  2.832e+01
-5.482e-01  -5.482e-01  -3.406e-01  3.786e+01
-1.427e+00  -1.427e+00  -9.765e-01  3.157e+01
-5.516e-01  -5.516e-01  -3.516e-01  3.626e+01
-5.798e-01  -5.798e-01  -3.792e-01  3.460e+01
-1.501e+00  -1.501e+00  -1.034e+00  3.110e+01
-5.614e-01  -5.614e-01  -3.480e-01  3.802e+01
-5.902e-01  -5.902e-01  -3.725e-01  3.689e+01
-1.527e+00  -1.527e+00  -1.040e+00  3.185e+01
-5.649e-01  -5.649e-01  -3.332e-01  4.103e+01
-5.937e-01  -5.937e-01  -3.759e-01  3.669e+01
-1.535e+00  -1.535e+00  -9.437e-01  3.854e+01
========================================================================================

step: 0/15 res:15.852040985520478, res/res0:1.0  dq_norm: [0.77809509 0.81761714 2.24785103]

A info: before HHL prepare:
Spectral radius (A): 4.940e+01, lambda_min:4.814201359102289
condition number(A): 1.026e+01, norm2_cond:157.06659467098834
det(A): 1.927e+39
--------------------------------------------------------------------------------

A_hhl info: after scaling by spectral radius:
Spectral radius (A): 1.000e+00, lambda_min:0.09746146442277667
condition number(A): 1.026e+01, norm2_cond:157.0665946709875
det(A): 2.979e-12, nnz: 13 non zeros per row
--------------------------------------------------------------------------------

Size of A & B are not power of 2:
Next 2 power of 30 = 32
Value to be padded = 2
--------------------------------------------------

==================== Print (N)^2 padded matrix system =======================
Padded shape of A: (30, 30)x(30, 30) -> (32, 32)x(32, 32)
Padded shape of B: (30,) -> (32,)
Determinant of padded matrix: 2.978965182557025e-12
Condition # of padded matrix: 157.0665946709875


Matrix is not Hermitian. Making it Hermitian.......

==================== Print Hermitian matrix system info =======================
Shape of hermitian A: 32x32 -> 64x64
Shape of           B: 32 -> 64
Determinant of Hermitian matrix: 8.87423355888701e-24
Condition # of Hermitian matrix: 157.06659467098822

=================================== Generating HHL circuit ===================================
Time elapsed for generating HHL circuit: 0 min 51.80 sec

Generated circuit: num_qubits=16, gates=21, depth=5
============================== Generated Circuit saved ==============================

============================== Transpiling circuit ==============================
This is using the AerSimulator('aer_simulator_statevector') transpiler.
Time elapsed for transpiling the circuit:  0 min 10.07 sec
Transpiled circuit, num_qubits: 16, (original: 16)
Transpiled circuit depth: 103108 (original: 5)
Transpiled circuit gates: 103235 (original: 21)
============================== Transpiled Circuit saved ==============================
Time elapsed for running the circuit:  0 min 20.68 sec
total_qubits: 16, nq:6

Time elapsed for extracting shots-based hhl counts solution:  0 min 0.00 sec

[HHL info]: linear system residual (e=||Ax-b||_2): 2.162339496309335
[HHL info]: Fidelity(true_sol, hhl_sol): 0.9938277694735274
[HHL info]: L2 error (absolute): 0.13145783932347652
[HHL info]: L2 error (relative): 0.1231614690724405
[HHL info]: L2 error (normalized): 0.07862432282863704

========================================================================================
 Compare system solutions using LU of A, LU sol of A_herm, HHL of Ax=b hermition system
LU sol 	    Herm LU sol    HHL sol    L1_diff(%)
 3.949e-03   3.949e-03   0.000e+00  1.000e+02
 1.765e-03   1.765e-03   0.000e+00  1.000e+02
 8.208e-03   8.208e-03   0.000e+00  1.000e+02
 4.562e-03   4.562e-03   0.000e+00  1.000e+02
 1.293e-03   1.293e-03   0.000e+00  1.000e+02
 7.605e-03   7.605e-03   0.000e+00  1.000e+02
-2.362e-02  -2.362e-02  -0.000e+00  1.000e+02
-1.664e-02  -1.664e-02  -0.000e+00  1.000e+02
-9.970e-03  -9.970e-03  -2.675e-02  1.683e+02
-6.114e-03  -6.114e-03  -0.000e+00  1.000e+02
-4.585e-02  -4.585e-02  -4.632e-02  1.029e+00
-6.667e-02  -6.667e-02  -8.458e-02  2.687e+01
-7.236e-02  -7.236e-02  -5.349e-02  2.608e+01
-7.581e-02  -7.581e-02  -8.458e-02  1.156e+01
-2.039e-01  -2.039e-01  -2.123e-01  4.086e+00
-1.998e-01  -1.998e-01  -1.814e-01  9.202e+00
-1.729e-01  -1.729e-01  -1.692e-01  2.171e+00
-3.077e-01  -3.077e-01  -2.881e-01  6.381e+00
-1.085e-01  -1.085e-01  -7.565e-02  3.029e+01
-2.085e-01  -2.085e-01  -1.834e-01  1.205e+01
-3.474e-01  -3.474e-01  -3.142e-01  9.560e+00
-1.575e-01  -1.575e-01  -1.559e-01  9.872e-01
-2.008e-01  -2.008e-01  -1.910e-01  4.901e+00
-3.549e-01  -3.549e-01  -3.362e-01  5.267e+00
-1.719e-01  -1.719e-01  -1.390e-01  1.917e+01
-2.193e-01  -2.193e-01  -1.834e-01  1.639e+01
-3.762e-01  -3.762e-01  -3.254e-01  1.352e+01
-1.930e-01  -1.930e-01  -1.649e-01  1.459e+01
-2.182e-01  -2.182e-01  -2.054e-01  5.848e+00
-4.934e-01  -4.934e-01  -4.212e-01  1.463e+01
========================================================================================

step: 1/15 res:8.037211996310718, res/res0:0.5070143335897279  dq_norm: [0.33511507 0.42875648 0.79428879]

A info: before HHL prepare:
Spectral radius (A): 4.998e+01, lambda_min:4.265636694457855
condition number(A): 1.172e+01, norm2_cond:154.21627308146782
det(A): 5.141e+39
--------------------------------------------------------------------------------

A_hhl info: after scaling by spectral radius:
Spectral radius (A): 1.000e+00, lambda_min:0.08535197239210536
condition number(A): 1.172e+01, norm2_cond:154.21627308146807
det(A): 5.597e-12, nnz: 13 non zeros per row
--------------------------------------------------------------------------------

Size of A & B are not power of 2:
Next 2 power of 30 = 32
Value to be padded = 2
--------------------------------------------------

==================== Print (N)^2 padded matrix system =======================
Padded shape of A: (30, 30)x(30, 30) -> (32, 32)x(32, 32)
Padded shape of B: (30,) -> (32,)
Determinant of padded matrix: 5.59659557009701e-12
Condition # of padded matrix: 154.21627308146807


Matrix is not Hermitian. Making it Hermitian.......

==================== Print Hermitian matrix system info =======================
Shape of hermitian A: 32x32 -> 64x64
Shape of           B: 32 -> 64
Determinant of Hermitian matrix: 3.132188197522926e-23
Condition # of Hermitian matrix: 154.216273081468

=================================== Generating HHL circuit ===================================
Time elapsed for generating HHL circuit: 0 min 51.28 sec

Generated circuit: num_qubits=16, gates=21, depth=5
============================== Generated Circuit saved ==============================

============================== Transpiling circuit ==============================
This is using the AerSimulator('aer_simulator_statevector') transpiler.
Time elapsed for transpiling the circuit:  0 min 10.81 sec
Transpiled circuit, num_qubits: 16, (original: 16)
Transpiled circuit depth: 103110 (original: 5)
Transpiled circuit gates: 103237 (original: 21)
============================== Transpiled Circuit saved ==============================
Time elapsed for running the circuit:  0 min 20.44 sec
total_qubits: 16, nq:6

Time elapsed for extracting shots-based hhl counts solution:  0 min 0.00 sec

[HHL info]: linear system residual (e=||Ax-b||_2): 1.0905155268364761
[HHL info]: Fidelity(true_sol, hhl_sol): 0.9644123377071762
[HHL info]: L2 error (absolute): 0.05604366159268545
[HHL info]: L2 error (relative): 0.5069975177163951
[HHL info]: L2 error (normalized): 0.18949945944012167

========================================================================================
 Compare system solutions using LU of A, LU sol of A_herm, HHL of Ax=b hermition system
LU sol 	    Herm LU sol    HHL sol    L1_diff(%)
 3.864e-03   3.864e-03   0.000e+00  1.000e+02
 1.760e-03   1.760e-03   0.000e+00  1.000e+02
 8.030e-03   8.030e-03   3.892e-03  5.153e+01
 4.159e-03   4.159e-03   3.892e-03  6.407e+00
 1.067e-03   1.067e-03   0.000e+00  1.000e+02
 6.643e-03   6.643e-03   3.892e-03  4.141e+01
-2.439e-02  -2.439e-02  -1.651e-02  3.230e+01
-1.739e-02  -1.739e-02  -1.030e-02  4.079e+01
 1.564e-02   1.564e-02   3.892e-03  7.511e+01
-4.917e-03  -4.917e-03  -6.741e-03  3.711e+01
 1.491e-03   1.491e-03   0.000e+00  1.000e+02
 2.125e-02   2.125e-02   1.101e-02  4.820e+01
-1.596e-02  -1.596e-02  -5.504e-03  6.551e+01
 6.768e-03   6.768e-03   5.504e-03  1.868e+01
 1.289e-02   1.289e-02   7.784e-03  3.959e+01
-1.168e-02  -1.168e-02  -7.784e-03  3.335e+01
-3.891e-03  -3.891e-03  -3.892e-03  1.711e-02
-1.686e-02  -1.686e-02  -5.504e-03  6.736e+01
-3.017e-02  -3.017e-02  -1.557e-02  4.839e+01
-2.371e-02  -2.371e-02  -1.231e-02  4.809e+01
-2.979e-02  -2.979e-02  -1.291e-02  5.667e+01
 2.194e-03   2.194e-03   3.892e-03  7.743e+01
-9.391e-03  -9.391e-03  -5.504e-03  4.139e+01
-1.595e-02  -1.595e-02  -8.703e-03  4.544e+01
-2.672e-02  -2.672e-02  -1.231e-02  5.394e+01
-3.439e-02  -3.439e-02  -1.907e-02  4.456e+01
-4.248e-02  -4.248e-02  -2.132e-02  4.981e+01
-1.847e-02  -1.847e-02  -7.784e-03  5.785e+01
-1.224e-02  -1.224e-02  -5.504e-03  5.504e+01
-5.150e-02  -5.150e-02  -2.492e-02  5.161e+01
========================================================================================

step: 2/15 res:2.128903874702474, res/res0:0.1342984084287349  dq_norm: [0.02989574 0.02696522 0.03969173]

A info: before HHL prepare:
Spectral radius (A): 5.025e+01, lambda_min:4.269217995738262
condition number(A): 1.177e+01, norm2_cond:153.69319460649476
det(A): 6.171e+39
--------------------------------------------------------------------------------

A_hhl info: after scaling by spectral radius:
Spectral radius (A): 1.000e+00, lambda_min:0.08496257403530685
condition number(A): 1.177e+01, norm2_cond:153.69319460649595
det(A): 5.712e-12, nnz: 13 non zeros per row
--------------------------------------------------------------------------------

Size of A & B are not power of 2:
Next 2 power of 30 = 32
Value to be padded = 2
--------------------------------------------------

==================== Print (N)^2 padded matrix system =======================
Padded shape of A: (30, 30)x(30, 30) -> (32, 32)x(32, 32)
Padded shape of B: (30,) -> (32,)
Determinant of padded matrix: 5.7116807260090664e-12
Condition # of padded matrix: 153.69319460649595


Matrix is not Hermitian. Making it Hermitian.......

==================== Print Hermitian matrix system info =======================
Shape of hermitian A: 32x32 -> 64x64
Shape of           B: 32 -> 64
Determinant of Hermitian matrix: 3.262329671586345e-23
Condition # of Hermitian matrix: 153.6931946064953

=================================== Generating HHL circuit ===================================
Time elapsed for generating HHL circuit: 0 min 51.54 sec

Generated circuit: num_qubits=16, gates=21, depth=5
============================== Generated Circuit saved ==============================

============================== Transpiling circuit ==============================
This is using the AerSimulator('aer_simulator_statevector') transpiler.
Time elapsed for transpiling the circuit:  0 min 9.83 sec
Transpiled circuit, num_qubits: 16, (original: 16)
Transpiled circuit depth: 103110 (original: 5)
Transpiled circuit gates: 103237 (original: 21)
============================== Transpiled Circuit saved ==============================
Time elapsed for running the circuit:  0 min 20.60 sec
total_qubits: 16, nq:6

Time elapsed for extracting shots-based hhl counts solution:  0 min 0.00 sec

[HHL info]: linear system residual (e=||Ax-b||_2): 0.37686642615659743
[HHL info]: Fidelity(true_sol, hhl_sol): 0.9604951029898473
[HHL info]: L2 error (absolute): 0.012023051420800459
[HHL info]: L2 error (relative): 0.2190354554946222
[HHL info]: L2 error (normalized): 0.1997572490176895

========================================================================================
 Compare system solutions using LU of A, LU sol of A_herm, HHL of Ax=b hermition system
LU sol 	    Herm LU sol    HHL sol    L1_diff(%)
 3.784e-03   3.784e-03   0.000e+00  1.000e+02
 1.678e-03   1.678e-03   0.000e+00  1.000e+02
 3.953e-03   3.953e-03   0.000e+00  1.000e+02
 1.513e-04   1.513e-04   0.000e+00  1.000e+02
 1.032e-03   1.032e-03   0.000e+00  1.000e+02
 2.504e-03   2.504e-03   0.000e+00  1.000e+02
-7.708e-03  -7.708e-03  -8.380e-03  8.725e+00
-6.948e-03  -6.948e-03  -6.842e-03  1.527e+00
 1.131e-02   1.131e-02   5.926e-03  4.762e+01
 2.015e-03   2.015e-03   0.000e+00  1.000e+02
 1.585e-03   1.585e-03   0.000e+00  1.000e+02
 1.024e-02   1.024e-02   9.051e-03  1.162e+01
-1.011e-02  -1.011e-02  -8.380e-03  1.708e+01
 1.285e-03   1.285e-03   0.000e+00  1.000e+02
 5.378e-03   5.378e-03   6.842e-03  2.722e+01
-3.776e-03  -3.776e-03  -0.000e+00  1.000e+02
-2.094e-04  -2.094e-04  -0.000e+00  1.000e+02
-1.152e-02  -1.152e-02  -1.082e-02  6.128e+00
-1.439e-02  -1.439e-02  -1.368e-02  4.911e+00
-1.139e-02  -1.139e-02  -1.185e-02  4.030e+00
-1.691e-02  -1.691e-02  -1.325e-02  2.164e+01
-1.504e-03  -1.504e-03  -0.000e+00  1.000e+02
-3.751e-03  -3.751e-03  -3.421e-03  8.783e+00
-7.084e-03  -7.084e-03  -5.926e-03  1.635e+01
-1.405e-02  -1.405e-02  -1.234e-02  1.222e+01
-1.509e-02  -1.509e-02  -1.530e-02  1.422e+00
-2.085e-02  -2.085e-02  -1.810e-02  1.316e+01
-1.026e-02  -1.026e-02  -8.380e-03  1.835e+01
-6.657e-03  -6.657e-03  -3.421e-03  4.861e+01
-2.544e-02  -2.544e-02  -2.370e-02  6.839e+00
========================================================================================

step: 3/15 res:1.090282265119944, res/res0:0.0687786680665175  dq_norm: [0.02345404 0.02108922 0.03716291]

A info: before HHL prepare:
Spectral radius (A): 5.043e+01, lambda_min:4.216250504850607
condition number(A): 1.196e+01, norm2_cond:154.008864641376
det(A): 7.348e+39
--------------------------------------------------------------------------------

A_hhl info: after scaling by spectral radius:
Spectral radius (A): 1.000e+00, lambda_min:0.08361342552485605
condition number(A): 1.196e+01, norm2_cond:154.00886464137656
det(A): 6.119e-12, nnz: 15 non zeros per row
--------------------------------------------------------------------------------

Size of A & B are not power of 2:
Next 2 power of 30 = 32
Value to be padded = 2
--------------------------------------------------

==================== Print (N)^2 padded matrix system =======================
Padded shape of A: (30, 30)x(30, 30) -> (32, 32)x(32, 32)
Padded shape of B: (30,) -> (32,)
Determinant of padded matrix: 6.1186443172084004e-12
Condition # of padded matrix: 154.00886464137656


Matrix is not Hermitian. Making it Hermitian.......

==================== Print Hermitian matrix system info =======================
Shape of hermitian A: 32x32 -> 64x64
Shape of           B: 32 -> 64
Determinant of Hermitian matrix: 3.743780828050692e-23
Condition # of Hermitian matrix: 154.00886464137656

=================================== Generating HHL circuit ===================================
Time elapsed for generating HHL circuit: 0 min 51.40 sec

Generated circuit: num_qubits=16, gates=21, depth=5
============================== Generated Circuit saved ==============================

============================== Transpiling circuit ==============================
This is using the AerSimulator('aer_simulator_statevector') transpiler.
Time elapsed for transpiling the circuit:  0 min 9.94 sec
Transpiled circuit, num_qubits: 16, (original: 16)
Transpiled circuit depth: 103106 (original: 5)
Transpiled circuit gates: 103233 (original: 21)
============================== Transpiled Circuit saved ==============================
Time elapsed for running the circuit:  0 min 20.43 sec
total_qubits: 16, nq:6

Time elapsed for extracting shots-based hhl counts solution:  0 min 0.00 sec

[HHL info]: linear system residual (e=||Ax-b||_2): 0.3749816106157248
[HHL info]: Fidelity(true_sol, hhl_sol): 0.8537863961855684
[HHL info]: L2 error (absolute): 0.011725493107007583
[HHL info]: L2 error (relative): 0.9916353296751556
[HHL info]: L2 error (normalized): 0.3898573441013214

========================================================================================
 Compare system solutions using LU of A, LU sol of A_herm, HHL of Ax=b hermition system
LU sol 	    Herm LU sol    HHL sol    L1_diff(%)
 3.775e-03   3.775e-03   2.990e-05  9.921e+01
 1.673e-03   1.673e-03   2.441e-05  9.854e+01
 3.938e-03   3.938e-03   3.230e-05  9.918e+01
 1.239e-04   1.239e-04   0.000e+00  1.000e+02
 1.013e-03   1.013e-03   1.221e-05  9.880e+01
 2.434e-03   2.434e-03   1.726e-05  9.929e+01
 6.663e-04   6.663e-04   0.000e+00  1.000e+02
-1.067e-04  -1.067e-04  -0.000e+00  1.000e+02
 5.317e-03   5.317e-03   5.321e-05  9.900e+01
 2.047e-03   2.047e-03   2.441e-05  9.881e+01
 1.607e-03   1.607e-03   1.726e-05  9.893e+01
 1.212e-03   1.212e-03   0.000e+00  1.000e+02
-1.587e-03  -1.587e-03  -2.730e-05  9.828e+01
 1.295e-03   1.295e-03   0.000e+00  1.000e+02
-1.407e-03  -1.407e-03  -2.114e-05  9.850e+01
-3.730e-03  -3.730e-03  -2.114e-05  9.943e+01
-2.404e-04  -2.404e-04  -0.000e+00  1.000e+02
-6.477e-04  -6.477e-04  -0.000e+00  1.000e+02
-6.451e-04  -6.451e-04  -1.221e-05  9.811e+01
 4.583e-04   4.583e-04   0.000e+00  1.000e+02
-3.681e-03  -3.681e-03  -2.730e-05  9.926e+01
-1.488e-03  -1.488e-03  -1.221e-05  9.918e+01
-3.050e-04  -3.050e-04  -0.000e+00  1.000e+02
-1.162e-03  -1.162e-03  -1.726e-05  9.851e+01
-1.593e-03  -1.593e-03  -0.000e+00  1.000e+02
 2.659e-04   2.659e-04   0.000e+00  1.000e+02
-2.646e-03  -2.646e-03  -2.441e-05  9.908e+01
-1.737e-03  -1.737e-03  -0.000e+00  1.000e+02
-3.223e-03  -3.223e-03  -3.453e-05  9.893e+01
-1.382e-03  -1.382e-03  -0.000e+00  1.000e+02
========================================================================================

step: 4/15 res:0.3777481313102422, res/res0:0.0238296211607883  dq_norm: [5.45930046e-05 4.72789288e-05 7.91127797e-05]

A info: before HHL prepare:
Spectral radius (A): 5.043e+01, lambda_min:4.216007984523658
condition number(A): 1.196e+01, norm2_cond:154.01002670159284
det(A): 7.348e+39
--------------------------------------------------------------------------------

A_hhl info: after scaling by spectral radius:
Spectral radius (A): 1.000e+00, lambda_min:0.08360794152102394
condition number(A): 1.196e+01, norm2_cond:154.01002670159372
det(A): 6.118e-12, nnz: 13 non zeros per row
--------------------------------------------------------------------------------

Size of A & B are not power of 2:
Next 2 power of 30 = 32
Value to be padded = 2
--------------------------------------------------

==================== Print (N)^2 padded matrix system =======================
Padded shape of A: (30, 30)x(30, 30) -> (32, 32)x(32, 32)
Padded shape of B: (30,) -> (32,)
Determinant of padded matrix: 6.117515456936148e-12
Condition # of padded matrix: 154.01002670159372


Matrix is not Hermitian. Making it Hermitian.......

==================== Print Hermitian matrix system info =======================
Shape of hermitian A: 32x32 -> 64x64
Shape of           B: 32 -> 64
Determinant of Hermitian matrix: 3.742399536585269e-23
Condition # of Hermitian matrix: 154.01002670159448

=================================== Generating HHL circuit ===================================
Time elapsed for generating HHL circuit: 0 min 52.05 sec

Generated circuit: num_qubits=16, gates=21, depth=5
============================== Generated Circuit saved ==============================

============================== Transpiling circuit ==============================
This is using the AerSimulator('aer_simulator_statevector') transpiler.
Time elapsed for transpiling the circuit:  0 min 10.51 sec
Transpiled circuit, num_qubits: 16, (original: 16)
Transpiled circuit depth: 103106 (original: 5)
Transpiled circuit gates: 103233 (original: 21)
============================== Transpiled Circuit saved ==============================
Time elapsed for running the circuit:  0 min 20.40 sec
total_qubits: 16, nq:6

Time elapsed for extracting shots-based hhl counts solution:  0 min 0.00 sec

[HHL info]: linear system residual (e=||Ax-b||_2): 0.21948153268432383
[HHL info]: Fidelity(true_sol, hhl_sol): 0.9137731669429462
[HHL info]: L2 error (absolute): 0.007085825909814665
[HHL info]: L2 error (relative): 0.6043180069923273
[HHL info]: L2 error (normalized): 0.29693490036178505

========================================================================================
 Compare system solutions using LU of A, LU sol of A_herm, HHL of Ax=b hermition system
LU sol 	    Herm LU sol    HHL sol    L1_diff(%)
 3.745e-03   3.745e-03   1.502e-03  5.988e+01
 1.649e-03   1.649e-03   8.031e-04  5.129e+01
 3.906e-03   3.906e-03   1.967e-03  4.964e+01
 1.239e-04   1.239e-04   0.000e+00  1.000e+02
 1.001e-03   1.001e-03   0.000e+00  1.000e+02
 2.417e-03   2.417e-03   8.031e-04  6.677e+01
 6.663e-04   6.663e-04   0.000e+00  1.000e+02
-1.068e-04  -1.068e-04  -0.000e+00  1.000e+02
 5.264e-03   5.264e-03   2.199e-03  5.822e+01
 2.022e-03   2.022e-03   5.679e-04  7.192e+01
 1.590e-03   1.590e-03   5.679e-04  6.429e+01
 1.212e-03   1.212e-03   5.679e-04  5.315e+01
-1.560e-03  -1.560e-03  -9.836e-04  3.694e+01
 1.295e-03   1.295e-03   0.000e+00  1.000e+02
-1.386e-03  -1.386e-03  -8.031e-04  4.205e+01
-3.709e-03  -3.709e-03  -2.048e-03  4.479e+01
-2.403e-04  -2.403e-04  -0.000e+00  1.000e+02
-6.475e-04  -6.475e-04  -5.679e-04  1.230e+01
-6.328e-04  -6.328e-04  -0.000e+00  1.000e+02
 4.583e-04   4.583e-04   0.000e+00  1.000e+02
-3.653e-03  -3.653e-03  -1.704e-03  5.336e+01
-1.475e-03  -1.475e-03  -5.679e-04  6.151e+01
-3.050e-04  -3.050e-04  -0.000e+00  1.000e+02
-1.145e-03  -1.145e-03  -5.679e-04  5.040e+01
-1.593e-03  -1.593e-03  -5.679e-04  6.435e+01
 2.660e-04   2.660e-04   0.000e+00  1.000e+02
-2.622e-03  -2.622e-03  -5.679e-04  7.834e+01
-1.737e-03  -1.737e-03  -5.679e-04  6.730e+01
-3.188e-03  -3.188e-03  -1.136e-03  6.437e+01
-1.382e-03  -1.382e-03  -0.000e+00  1.000e+02
========================================================================================

step: 5/15 res:0.3749815847678835, res/res0:0.023655098110735268  dq_norm: [0.00295077 0.00150246 0.00376686]

A info: before HHL prepare:
Spectral radius (A): 5.045e+01, lambda_min:4.202841383575537
condition number(A): 1.200e+01, norm2_cond:154.02665155413143
det(A): 7.471e+39
--------------------------------------------------------------------------------

A_hhl info: after scaling by spectral radius:
Spectral radius (A): 1.000e+00, lambda_min:0.08330136577612786
condition number(A): 1.200e+01, norm2_cond:154.02665155413203
det(A): 6.118e-12, nnz: 13 non zeros per row
--------------------------------------------------------------------------------

Size of A & B are not power of 2:
Next 2 power of 30 = 32
Value to be padded = 2
--------------------------------------------------

==================== Print (N)^2 padded matrix system =======================
Padded shape of A: (30, 30)x(30, 30) -> (32, 32)x(32, 32)
Padded shape of B: (30,) -> (32,)
Determinant of padded matrix: 6.118482218662646e-12
Condition # of padded matrix: 154.02665155413203


Matrix is not Hermitian. Making it Hermitian.......

==================== Print Hermitian matrix system info =======================
Shape of hermitian A: 32x32 -> 64x64
Shape of           B: 32 -> 64
Determinant of Hermitian matrix: 3.743582466009204e-23
Condition # of Hermitian matrix: 154.02665155413203

=================================== Generating HHL circuit ===================================
Time elapsed for generating HHL circuit: 0 min 51.24 sec

Generated circuit: num_qubits=16, gates=21, depth=5
============================== Generated Circuit saved ==============================

============================== Transpiling circuit ==============================
This is using the AerSimulator('aer_simulator_statevector') transpiler.
Time elapsed for transpiling the circuit:  0 min 10.46 sec
Transpiled circuit, num_qubits: 16, (original: 16)
Transpiled circuit depth: 103106 (original: 5)
Transpiled circuit gates: 103233 (original: 21)
============================== Transpiled Circuit saved ==============================
Time elapsed for running the circuit:  0 min 20.68 sec
total_qubits: 16, nq:6

Time elapsed for extracting shots-based hhl counts solution:  0 min 0.00 sec

[HHL info]: linear system residual (e=||Ax-b||_2): 0.20175428191837955
[HHL info]: Fidelity(true_sol, hhl_sol): 0.9016203111908649
[HHL info]: L2 error (absolute): 0.006641109780047464
[HHL info]: L2 error (relative): 0.9381955743380476
[HHL info]: L2 error (normalized): 0.31768886347460457

========================================================================================
 Compare system solutions using LU of A, LU sol of A_herm, HHL of Ax=b hermition system
LU sol 	    Herm LU sol    HHL sol    L1_diff(%)
 2.244e-03   2.244e-03   1.877e-04  9.164e+01
 8.463e-04   8.463e-04   0.000e+00  1.000e+02
 1.941e-03   1.941e-03   7.093e-05  9.635e+01
 1.231e-04   1.231e-04   0.000e+00  1.000e+02
 1.002e-03   1.002e-03   1.003e-04  8.998e+01
 1.613e-03   1.613e-03   7.093e-05  9.560e+01
 6.637e-04   6.637e-04   7.093e-05  8.931e+01
-1.082e-04  -1.082e-04  -0.000e+00  1.000e+02
 3.061e-03   3.061e-03   1.942e-04  9.365e+01
 1.458e-03   1.458e-03   1.003e-04  9.312e+01
 1.027e-03   1.027e-03   5.016e-05  9.512e+01
 6.570e-04   6.570e-04   0.000e+00  1.000e+02
-5.657e-04  -5.657e-04  -5.016e-05  9.113e+01
 1.293e-03   1.293e-03   7.093e-05  9.451e+01
-5.689e-04  -5.689e-04  -7.093e-05  8.753e+01
-1.650e-03  -1.650e-03  -1.122e-04  9.320e+01
-2.411e-04  -2.411e-04  -0.000e+00  1.000e+02
-7.160e-05  -7.160e-05  -0.000e+00  1.000e+02
-6.283e-04  -6.283e-04  -0.000e+00  1.000e+02
 4.615e-04   4.615e-04   5.016e-05  8.913e+01
-1.942e-03  -1.942e-03  -1.122e-04  9.423e+01
-9.040e-04  -9.040e-04  -5.016e-05  9.445e+01
-3.041e-04  -3.041e-04  -0.000e+00  1.000e+02
-5.715e-04  -5.715e-04  -0.000e+00  1.000e+02
-1.024e-03  -1.024e-03  -7.093e-05  9.307e+01
 2.660e-04   2.660e-04   5.016e-05  8.115e+01
-2.052e-03  -2.052e-03  -1.586e-04  9.227e+01
-1.169e-03  -1.169e-03  -8.687e-05  9.257e+01
-2.052e-03  -2.052e-03  -1.229e-04  9.401e+01
-1.379e-03  -1.379e-03  -7.093e-05  9.486e+01
========================================================================================

step: 6/15 res:0.21934836800319782, res/res0:0.013837231950356067  dq_norm: [0.00028372 0.00019425 0.00030918]

A info: before HHL prepare:
Spectral radius (A): 5.045e+01, lambda_min:4.201321748632427
condition number(A): 1.201e+01, norm2_cond:154.0283022568583
det(A): 7.482e+39
--------------------------------------------------------------------------------

A_hhl info: after scaling by spectral radius:
Spectral radius (A): 1.000e+00, lambda_min:0.08326888589732934
condition number(A): 1.201e+01, norm2_cond:154.02830225685824
det(A): 6.122e-12, nnz: 13 non zeros per row
--------------------------------------------------------------------------------

Size of A & B are not power of 2:
Next 2 power of 30 = 32
Value to be padded = 2
--------------------------------------------------

==================== Print (N)^2 padded matrix system =======================
Padded shape of A: (30, 30)x(30, 30) -> (32, 32)x(32, 32)
Padded shape of B: (30,) -> (32,)
Determinant of padded matrix: 6.122215886519998e-12
Condition # of padded matrix: 154.02830225685824


Matrix is not Hermitian. Making it Hermitian.......

==================== Print Hermitian matrix system info =======================
Shape of hermitian A: 32x32 -> 64x64
Shape of           B: 32 -> 64
Determinant of Hermitian matrix: 3.7481527361158644e-23
Condition # of Hermitian matrix: 154.02830225685912

=================================== Generating HHL circuit ===================================
Time elapsed for generating HHL circuit: 0 min 51.19 sec

Generated circuit: num_qubits=16, gates=21, depth=5
============================== Generated Circuit saved ==============================

============================== Transpiling circuit ==============================
This is using the AerSimulator('aer_simulator_statevector') transpiler.
Time elapsed for transpiling the circuit:  0 min 10.32 sec
Transpiled circuit, num_qubits: 16, (original: 16)
Transpiled circuit depth: 103106 (original: 5)
Transpiled circuit gates: 103233 (original: 21)
============================== Transpiled Circuit saved ==============================
Time elapsed for running the circuit:  0 min 20.44 sec
total_qubits: 16, nq:6

Time elapsed for extracting shots-based hhl counts solution:  0 min 0.00 sec

[HHL info]: linear system residual (e=||Ax-b||_2): 0.18480008050949712
[HHL info]: Fidelity(true_sol, hhl_sol): 0.9149048044468476
[HHL info]: L2 error (absolute): 0.00617748674517635
[HHL info]: L2 error (relative): 0.9302012883073846
[HHL info]: L2 error (normalized): 0.2949353736719429

========================================================================================
 Compare system solutions using LU of A, LU sol of A_herm, HHL of Ax=b hermition system
LU sol 	    Herm LU sol    HHL sol    L1_diff(%)
 2.057e-03   2.057e-03   1.216e-04  9.409e+01
 8.464e-04   8.464e-04   7.689e-05  9.091e+01
 1.870e-03   1.870e-03   1.216e-04  9.350e+01
 1.232e-04   1.232e-04   0.000e+00  1.000e+02
 9.013e-04   9.013e-04   7.689e-05  9.147e+01
 1.543e-03   1.543e-03   7.689e-05  9.502e+01
 5.928e-04   5.928e-04   0.000e+00  1.000e+02
-1.083e-04  -1.083e-04  -0.000e+00  1.000e+02
 2.867e-03   2.867e-03   1.883e-04  9.343e+01
 1.358e-03   1.358e-03   1.216e-04  9.105e+01
 9.773e-04   9.773e-04   5.437e-05  9.444e+01
 6.580e-04   6.580e-04   5.437e-05  9.174e+01
-5.151e-04  -5.151e-04  -5.437e-05  8.944e+01
 1.222e-03   1.222e-03   9.417e-05  9.229e+01
-4.970e-04  -4.970e-04  -7.689e-05  8.453e+01
-1.537e-03  -1.537e-03  -1.538e-04  9.000e+01
-2.411e-04  -2.411e-04  -0.000e+00  1.000e+02
-7.128e-05  -7.128e-05  -0.000e+00  1.000e+02
-6.281e-04  -6.281e-04  -5.437e-05  9.134e+01
 4.115e-04   4.115e-04   5.437e-05  8.679e+01
-1.830e-03  -1.830e-03  -1.332e-04  9.272e+01
-8.535e-04  -8.535e-04  -0.000e+00  1.000e+02
-3.040e-04  -3.040e-04  -0.000e+00  1.000e+02
-5.707e-04  -5.707e-04  -0.000e+00  1.000e+02
-9.528e-04  -9.528e-04  -5.437e-05  9.429e+01
 2.158e-04   2.158e-04   0.000e+00  1.000e+02
-1.893e-03  -1.893e-03  -1.631e-04  9.138e+01
-1.082e-03  -1.082e-03  -7.689e-05  9.289e+01
-1.929e-03  -1.929e-03  -1.719e-04  9.109e+01
-1.308e-03  -1.308e-03  -5.437e-05  9.584e+01
========================================================================================

step: 7/15 res:0.20175387253737284, res/res0:0.012727312067995423  dq_norm: [0.00026076 0.000237   0.00033517]

A info: before HHL prepare:
Spectral radius (A): 5.046e+01, lambda_min:4.199801617937563
condition number(A): 1.201e+01, norm2_cond:154.03535888418807
det(A): 7.491e+39
--------------------------------------------------------------------------------

A_hhl info: after scaling by spectral radius:
Spectral radius (A): 1.000e+00, lambda_min:0.08323536321966031
condition number(A): 1.201e+01, norm2_cond:154.03535888418799
det(A): 6.122e-12, nnz: 13 non zeros per row
--------------------------------------------------------------------------------

Size of A & B are not power of 2:
Next 2 power of 30 = 32
Value to be padded = 2
--------------------------------------------------

==================== Print (N)^2 padded matrix system =======================
Padded shape of A: (30, 30)x(30, 30) -> (32, 32)x(32, 32)
Padded shape of B: (30,) -> (32,)
Determinant of padded matrix: 6.12248035658774e-12
Condition # of padded matrix: 154.03535888418799


Matrix is not Hermitian. Making it Hermitian.......

==================== Print Hermitian matrix system info =======================
Shape of hermitian A: 32x32 -> 64x64
Shape of           B: 32 -> 64
Determinant of Hermitian matrix: 3.748476571680327e-23
Condition # of Hermitian matrix: 154.03535888418853

=================================== Generating HHL circuit ===================================
Time elapsed for generating HHL circuit: 0 min 51.61 sec

Generated circuit: num_qubits=16, gates=21, depth=5
============================== Generated Circuit saved ==============================

============================== Transpiling circuit ==============================
This is using the AerSimulator('aer_simulator_statevector') transpiler.
Time elapsed for transpiling the circuit:  0 min 9.36 sec
Transpiled circuit, num_qubits: 16, (original: 16)
Transpiled circuit depth: 103106 (original: 5)
Transpiled circuit gates: 103233 (original: 21)
============================== Transpiled Circuit saved ==============================
Time elapsed for running the circuit:  0 min 20.42 sec
total_qubits: 16, nq:6

Time elapsed for extracting shots-based hhl counts solution:  0 min 0.00 sec

[HHL info]: linear system residual (e=||Ax-b||_2): 0.16913587509880063
[HHL info]: Fidelity(true_sol, hhl_sol): 0.9286350171851097
[HHL info]: L2 error (absolute): 0.005694190659066289
[HHL info]: L2 error (relative): 0.9218020176612818
[HHL info]: L2 error (normalized): 0.26960302073170606

========================================================================================
 Compare system solutions using LU of A, LU sol of A_herm, HHL of Ax=b hermition system
LU sol 	    Herm LU sol    HHL sol    L1_diff(%)
 1.936e-03   1.936e-03   1.344e-04  9.306e+01
 7.695e-04   7.695e-04   7.184e-05  9.066e+01
 1.749e-03   1.749e-03   1.606e-04  9.081e+01
 1.233e-04   1.233e-04   0.000e+00  1.000e+02
 8.245e-04   8.245e-04   5.080e-05  9.384e+01
 1.466e-03   1.466e-03   1.437e-04  9.020e+01
 5.928e-04   5.928e-04   0.000e+00  1.000e+02
-1.084e-04  -1.084e-04  -0.000e+00  1.000e+02
 2.679e-03   2.679e-03   1.968e-04  9.266e+01
 1.237e-03   1.237e-03   1.244e-04  8.994e+01
 9.232e-04   9.232e-04   5.080e-05  9.450e+01
 6.046e-04   6.046e-04   5.080e-05  9.160e+01
-4.600e-04  -4.600e-04  -0.000e+00  1.000e+02
 1.128e-03   1.128e-03   1.244e-04  8.897e+01
-4.188e-04  -4.188e-04  -5.080e-05  8.787e+01
-1.383e-03  -1.383e-03  -1.606e-04  8.838e+01
-2.411e-04  -2.411e-04  -0.000e+00  1.000e+02
-7.073e-05  -7.073e-05  -0.000e+00  1.000e+02
-5.735e-04  -5.735e-04  -5.080e-05  9.114e+01
 3.573e-04   3.573e-04   5.080e-05  8.578e+01
-1.696e-03  -1.696e-03  -1.344e-04  9.208e+01
-8.534e-04  -8.534e-04  -7.184e-05  9.158e+01
-3.039e-04  -3.039e-04  -0.000e+00  1.000e+02
-5.703e-04  -5.703e-04  -7.184e-05  8.740e+01
-8.983e-04  -8.983e-04  -7.184e-05  9.200e+01
 2.158e-04   2.158e-04   0.000e+00  1.000e+02
-1.730e-03  -1.730e-03  -1.016e-04  9.413e+01
-1.005e-03  -1.005e-03  -1.016e-04  8.989e+01
-1.757e-03  -1.757e-03  -1.244e-04  9.292e+01
-1.253e-03  -1.253e-03  -5.080e-05  9.595e+01
========================================================================================

step: 8/15 res:0.18479922266164406, res/res0:0.011657755795007267  dq_norm: [0.00028738 0.00020946 0.00035561]

A info: before HHL prepare:
Spectral radius (A): 5.046e+01, lambda_min:4.198263634051117
condition number(A): 1.202e+01, norm2_cond:154.04299069193664
det(A): 7.508e+39
--------------------------------------------------------------------------------

A_hhl info: after scaling by spectral radius:
Spectral radius (A): 1.000e+00, lambda_min:0.08320125620338302
condition number(A): 1.202e+01, norm2_cond:154.04299069193664
det(A): 6.128e-12, nnz: 13 non zeros per row
--------------------------------------------------------------------------------

Size of A & B are not power of 2:
Next 2 power of 30 = 32
Value to be padded = 2
--------------------------------------------------

==================== Print (N)^2 padded matrix system =======================
Padded shape of A: (30, 30)x(30, 30) -> (32, 32)x(32, 32)
Padded shape of B: (30,) -> (32,)
Determinant of padded matrix: 6.127820644891622e-12
Condition # of padded matrix: 154.04299069193664


Matrix is not Hermitian. Making it Hermitian.......

==================== Print Hermitian matrix system info =======================
Shape of hermitian A: 32x32 -> 64x64
Shape of           B: 32 -> 64
Determinant of Hermitian matrix: 3.7550185855960245e-23
Condition # of Hermitian matrix: 154.04299069193723

=================================== Generating HHL circuit ===================================
Time elapsed for generating HHL circuit: 0 min 52.04 sec

Generated circuit: num_qubits=16, gates=21, depth=5
============================== Generated Circuit saved ==============================

============================== Transpiling circuit ==============================
This is using the AerSimulator('aer_simulator_statevector') transpiler.
Time elapsed for transpiling the circuit:  0 min 9.12 sec
Transpiled circuit, num_qubits: 16, (original: 16)
Transpiled circuit depth: 103106 (original: 5)
Transpiled circuit gates: 103233 (original: 21)
============================== Transpiled Circuit saved ==============================
Time elapsed for running the circuit:  0 min 20.27 sec
total_qubits: 16, nq:6

Time elapsed for extracting shots-based hhl counts solution:  0 min 0.00 sec

[HHL info]: linear system residual (e=||Ax-b||_2): 0.15703347315234045
[HHL info]: Fidelity(true_sol, hhl_sol): 0.9102727277867404
[HHL info]: L2 error (absolute): 0.005253658043595166
[HHL info]: L2 error (relative): 0.9226786976000256
[HHL info]: L2 error (normalized): 0.3030440927986261

========================================================================================
 Compare system solutions using LU of A, LU sol of A_herm, HHL of Ax=b hermition system
LU sol 	    Herm LU sol    HHL sol    L1_diff(%)
 1.801e-03   1.801e-03   1.786e-04  9.009e+01
 6.977e-04   6.977e-04   9.221e-05  8.678e+01
 1.588e-03   1.588e-03   1.304e-04  9.179e+01
 1.233e-04   1.233e-04   0.000e+00  1.000e+02
 7.737e-04   7.737e-04   0.000e+00  1.000e+02
 1.322e-03   1.322e-03   1.031e-04  9.220e+01
 5.927e-04   5.927e-04   4.611e-05  9.222e+01
-1.084e-04  -1.084e-04  -0.000e+00  1.000e+02
 2.483e-03   2.483e-03   1.844e-04  9.257e+01
 1.113e-03   1.113e-03   1.220e-04  8.904e+01
 8.727e-04   8.727e-04   7.986e-05  9.085e+01
 5.545e-04   5.545e-04   4.611e-05  9.168e+01
-4.595e-04  -4.595e-04  -0.000e+00  1.000e+02
 1.003e-03   1.003e-03   7.986e-05  9.204e+01
-3.669e-04  -3.669e-04  -4.611e-05  8.743e+01
-1.222e-03  -1.222e-03  -7.986e-05  9.346e+01
-2.411e-04  -2.411e-04  -0.000e+00  1.000e+02
-7.029e-05  -7.029e-05  -0.000e+00  1.000e+02
-5.224e-04  -5.224e-04  -0.000e+00  1.000e+02
 3.066e-04   3.066e-04   0.000e+00  1.000e+02
-1.561e-03  -1.561e-03  -1.458e-04  9.066e+01
-7.813e-04  -7.813e-04  -6.521e-05  9.165e+01
-3.038e-04  -3.038e-04  -0.000e+00  1.000e+02
-4.978e-04  -4.978e-04  -4.611e-05  9.074e+01
-8.264e-04  -8.264e-04  -0.000e+00  1.000e+02
 2.157e-04   2.157e-04   0.000e+00  1.000e+02
-1.628e-03  -1.628e-03  -1.304e-04  9.199e+01
-9.038e-04  -9.038e-04  -6.521e-05  9.279e+01
-1.633e-03  -1.633e-03  -1.383e-04  9.153e+01
-1.203e-03  -1.203e-03  -6.521e-05  9.458e+01
========================================================================================

step: 9/15 res:0.16913513807325548, res/res0:0.010669612715974325  dq_norm: [0.00025254 0.00020098 0.00033248]

A info: before HHL prepare:
Spectral radius (A): 5.046e+01, lambda_min:4.19682312578438
condition number(A): 1.202e+01, norm2_cond:154.0414480325085
det(A): 7.509e+39
--------------------------------------------------------------------------------

A_hhl info: after scaling by spectral radius:
Spectral radius (A): 1.000e+00, lambda_min:0.0831720470341548
condition number(A): 1.202e+01, norm2_cond:154.0414480325085
det(A): 6.128e-12, nnz: 13 non zeros per row
--------------------------------------------------------------------------------

Size of A & B are not power of 2:
Next 2 power of 30 = 32
Value to be padded = 2
--------------------------------------------------

==================== Print (N)^2 padded matrix system =======================
Padded shape of A: (30, 30)x(30, 30) -> (32, 32)x(32, 32)
Padded shape of B: (30,) -> (32,)
Determinant of padded matrix: 6.1276700982045414e-12
Condition # of padded matrix: 154.0414480325085


Matrix is not Hermitian. Making it Hermitian.......

==================== Print Hermitian matrix system info =======================
Shape of hermitian A: 32x32 -> 64x64
Shape of           B: 32 -> 64
Determinant of Hermitian matrix: 3.7548340832430325e-23
Condition # of Hermitian matrix: 154.04144803250801

=================================== Generating HHL circuit ===================================
Time elapsed for generating HHL circuit: 0 min 51.90 sec

Generated circuit: num_qubits=16, gates=21, depth=5
============================== Generated Circuit saved ==============================

============================== Transpiling circuit ==============================
This is using the AerSimulator('aer_simulator_statevector') transpiler.
Time elapsed for transpiling the circuit:  0 min 9.02 sec
Transpiled circuit, num_qubits: 16, (original: 16)
Transpiled circuit depth: 103106 (original: 5)
Transpiled circuit gates: 103233 (original: 21)
============================== Transpiled Circuit saved ==============================
Time elapsed for running the circuit:  0 min 20.66 sec
total_qubits: 16, nq:6

Time elapsed for extracting shots-based hhl counts solution:  0 min 0.00 sec

[HHL info]: linear system residual (e=||Ax-b||_2): 0.14751041286695932
[HHL info]: Fidelity(true_sol, hhl_sol): 0.8681306443069636
[HHL info]: L2 error (absolute): 0.00505087543769686
[HHL info]: L2 error (relative): 0.9613816722152747
[HHL info]: L2 error (normalized): 0.36949888604315934

========================================================================================
 Compare system solutions using LU of A, LU sol of A_herm, HHL of Ax=b hermition system
LU sol 	    Herm LU sol    HHL sol    L1_diff(%)
 1.623e-03   1.623e-03   8.697e-05  9.464e+01
 6.056e-04   6.056e-04   0.000e+00  1.000e+02
 1.458e-03   1.458e-03   5.908e-05  9.595e+01
 1.234e-04   1.234e-04   0.000e+00  1.000e+02
 7.738e-04   7.738e-04   4.178e-05  9.460e+01
 1.220e-03   1.220e-03   2.412e-05  9.802e+01
 5.467e-04   5.467e-04   0.000e+00  1.000e+02
-1.085e-04  -1.085e-04  -0.000e+00  1.000e+02
 2.298e-03   2.298e-03   9.025e-05  9.607e+01
 9.912e-04   9.912e-04   4.178e-05  9.578e+01
 7.930e-04   7.930e-04   3.411e-05  9.570e+01
 5.090e-04   5.090e-04   0.000e+00  1.000e+02
-4.593e-04  -4.593e-04  -2.412e-05  9.475e+01
 9.234e-04   9.234e-04   5.394e-05  9.416e+01
-3.202e-04  -3.202e-04  -0.000e+00  1.000e+02
-1.142e-03  -1.142e-03  -5.908e-05  9.483e+01
-2.410e-04  -2.410e-04  -0.000e+00  1.000e+02
-7.005e-05  -7.005e-05  -0.000e+00  1.000e+02
-5.223e-04  -5.223e-04  -2.412e-05  9.538e+01
 3.067e-04   3.067e-04   0.000e+00  1.000e+02
-1.415e-03  -1.415e-03  -4.824e-05  9.659e+01
-7.160e-04  -7.160e-04  -4.178e-05  9.417e+01
-3.038e-04  -3.038e-04  -2.412e-05  9.206e+01
-4.515e-04  -4.515e-04  -0.000e+00  1.000e+02
-8.264e-04  -8.264e-04  -4.824e-05  9.416e+01
 2.157e-04   2.157e-04   2.412e-05  8.882e+01
-1.497e-03  -1.497e-03  -4.178e-05  9.721e+01
-8.386e-04  -8.386e-04  -0.000e+00  1.000e+02
-1.494e-03  -1.494e-03  -6.382e-05  9.573e+01
-1.137e-03  -1.137e-03  -4.824e-05  9.576e+01
========================================================================================

step: 10/15 res:0.1570335926688197, res/res0:0.009906206576948472  dq_norm: [0.0001343  0.00010514 0.00013645]

A info: before HHL prepare:
Spectral radius (A): 5.046e+01, lambda_min:4.196554067906827
condition number(A): 1.202e+01, norm2_cond:154.04312168541415
det(A): 7.514e+39
--------------------------------------------------------------------------------

A_hhl info: after scaling by spectral radius:
Spectral radius (A): 1.000e+00, lambda_min:0.08316477433100868
condition number(A): 1.202e+01, norm2_cond:154.0431216854143
det(A): 6.127e-12, nnz: 13 non zeros per row
--------------------------------------------------------------------------------

Size of A & B are not power of 2:
Next 2 power of 30 = 32
Value to be padded = 2
--------------------------------------------------

==================== Print (N)^2 padded matrix system =======================
Padded shape of A: (30, 30)x(30, 30) -> (32, 32)x(32, 32)
Padded shape of B: (30,) -> (32,)
Determinant of padded matrix: 6.12715012085666e-12
Condition # of padded matrix: 154.0431216854143


Matrix is not Hermitian. Making it Hermitian.......

==================== Print Hermitian matrix system info =======================
Shape of hermitian A: 32x32 -> 64x64
Shape of           B: 32 -> 64
Determinant of Hermitian matrix: 3.754196860351351e-23
Condition # of Hermitian matrix: 154.0431216854147

=================================== Generating HHL circuit ===================================
Time elapsed for generating HHL circuit: 0 min 51.32 sec

Generated circuit: num_qubits=16, gates=21, depth=5
============================== Generated Circuit saved ==============================

============================== Transpiling circuit ==============================
This is using the AerSimulator('aer_simulator_statevector') transpiler.
Time elapsed for transpiling the circuit:  0 min 10.04 sec
Transpiled circuit, num_qubits: 16, (original: 16)
Transpiled circuit depth: 103106 (original: 5)
Transpiled circuit gates: 103233 (original: 21)
============================== Transpiled Circuit saved ==============================
Time elapsed for running the circuit:  0 min 20.45 sec
total_qubits: 16, nq:6

Time elapsed for extracting shots-based hhl counts solution:  0 min 0.00 sec

[HHL info]: linear system residual (e=||Ax-b||_2): 0.14731828726145343
[HHL info]: Fidelity(true_sol, hhl_sol): 0.9340102520420628
[HHL info]: L2 error (absolute): 0.005044108820628279
[HHL info]: L2 error (relative): 0.9987046223984983
[HHL info]: L2 error (normalized): 0.259067333717445

========================================================================================
 Compare system solutions using LU of A, LU sol of A_herm, HHL of Ax=b hermition system
LU sol 	    Herm LU sol    HHL sol    L1_diff(%)
 1.536e-03   1.536e-03   2.613e-06  9.983e+01
 6.056e-04   6.056e-04   9.875e-07  9.984e+01
 1.399e-03   1.399e-03   1.710e-06  9.988e+01
 1.234e-04   1.234e-04   0.000e+00  1.000e+02
 7.320e-04   7.320e-04   1.209e-06  9.983e+01
 1.196e-03   1.196e-03   1.397e-06  9.988e+01
 5.466e-04   5.466e-04   6.983e-07  9.987e+01
-1.085e-04  -1.085e-04  -0.000e+00  1.000e+02
 2.208e-03   2.208e-03   2.704e-06  9.988e+01
 9.495e-04   9.495e-04   9.875e-07  9.990e+01
 7.590e-04   7.590e-04   1.397e-06  9.982e+01
 5.093e-04   5.093e-04   6.983e-07  9.986e+01
-4.350e-04  -4.350e-04  -6.983e-07  9.984e+01
 8.694e-04   8.694e-04   1.209e-06  9.986e+01
-3.199e-04  -3.199e-04  -6.983e-07  9.978e+01
-1.083e-03  -1.083e-03  -1.847e-06  9.983e+01
-2.410e-04  -2.410e-04  -0.000e+00  1.000e+02
-6.997e-05  -6.997e-05  -0.000e+00  1.000e+02
-4.981e-04  -4.981e-04  -0.000e+00  1.000e+02
 3.067e-04   3.067e-04   0.000e+00  1.000e+02
-1.366e-03  -1.366e-03  -1.975e-06  9.986e+01
-6.741e-04  -6.741e-04  -6.983e-07  9.990e+01
-2.797e-04  -2.797e-04  -0.000e+00  1.000e+02
-4.513e-04  -4.513e-04  -6.983e-07  9.985e+01
-7.781e-04  -7.781e-04  -6.983e-07  9.991e+01
 1.916e-04   1.916e-04   0.000e+00  1.000e+02
-1.455e-03  -1.455e-03  -1.710e-06  9.988e+01
-8.385e-04  -8.385e-04  -1.710e-06  9.980e+01
-1.430e-03  -1.430e-03  -1.209e-06  9.992e+01
-1.089e-03  -1.089e-03  -1.397e-06  9.987e+01
========================================================================================

step: 11/15 res:0.1475102154877389, res/res0:0.009305439950759479  dq_norm: [4.01126074e-06 2.70439144e-06 4.73590344e-06]

A info: before HHL prepare:
Spectral radius (A): 5.046e+01, lambda_min:4.1965387463133705
condition number(A): 1.202e+01, norm2_cond:154.04304931891417
det(A): 7.514e+39
--------------------------------------------------------------------------------

A_hhl info: after scaling by spectral radius:
Spectral radius (A): 1.000e+00, lambda_min:0.08316443045560226
condition number(A): 1.202e+01, norm2_cond:154.04304931891394
det(A): 6.127e-12, nnz: 13 non zeros per row
--------------------------------------------------------------------------------

Size of A & B are not power of 2:
Next 2 power of 30 = 32
Value to be padded = 2
--------------------------------------------------

==================== Print (N)^2 padded matrix system =======================
Padded shape of A: (30, 30)x(30, 30) -> (32, 32)x(32, 32)
Padded shape of B: (30,) -> (32,)
Determinant of padded matrix: 6.1272463092049766e-12
Condition # of padded matrix: 154.04304931891394


Matrix is not Hermitian. Making it Hermitian.......

==================== Print Hermitian matrix system info =======================
Shape of hermitian A: 32x32 -> 64x64
Shape of           B: 32 -> 64
Determinant of Hermitian matrix: 3.754314733366601e-23
Condition # of Hermitian matrix: 154.04304931891474

=================================== Generating HHL circuit ===================================
Time elapsed for generating HHL circuit: 0 min 51.63 sec

Generated circuit: num_qubits=16, gates=21, depth=5
============================== Generated Circuit saved ==============================

============================== Transpiling circuit ==============================
This is using the AerSimulator('aer_simulator_statevector') transpiler.
Time elapsed for transpiling the circuit:  0 min 9.24 sec
Transpiled circuit, num_qubits: 16, (original: 16)
Transpiled circuit depth: 103106 (original: 5)
Transpiled circuit gates: 103233 (original: 21)
============================== Transpiled Circuit saved ==============================
Time elapsed for running the circuit:  0 min 20.56 sec
total_qubits: 16, nq:6

Time elapsed for extracting shots-based hhl counts solution:  0 min 0.00 sec

[HHL info]: linear system residual (e=||Ax-b||_2): 0.13261994712472863
[HHL info]: Fidelity(true_sol, hhl_sol): 0.8754603687859704
[HHL info]: L2 error (absolute): 0.004603007700705186
[HHL info]: L2 error (relative): 0.9125507793179113
[HHL info]: L2 error (normalized): 0.3587188542534125

========================================================================================
 Compare system solutions using LU of A, LU sol of A_herm, HHL of Ax=b hermition system
LU sol 	    Herm LU sol    HHL sol    L1_diff(%)
 1.533e-03   1.533e-03   1.530e-04  9.002e+01
 6.046e-04   6.046e-04   9.370e-05  8.450e+01
 1.398e-03   1.398e-03   1.711e-04  8.776e+01
 1.234e-04   1.234e-04   0.000e+00  1.000e+02
 7.308e-04   7.308e-04   5.410e-05  9.260e+01
 1.194e-03   1.194e-03   1.325e-04  8.890e+01
 5.459e-04   5.459e-04   5.410e-05  9.009e+01
-1.085e-04  -1.085e-04  -0.000e+00  1.000e+02
 2.205e-03   2.205e-03   1.082e-04  9.509e+01
 9.485e-04   9.485e-04   5.410e-05  9.430e+01
 7.576e-04   7.576e-04   7.650e-05  8.990e+01
 5.086e-04   5.086e-04   5.410e-05  8.936e+01
-4.343e-04  -4.343e-04  -5.410e-05  8.754e+01
 8.682e-04   8.682e-04   1.082e-04  8.754e+01
-3.192e-04  -3.192e-04  -5.410e-05  8.305e+01
-1.081e-03  -1.081e-03  -1.325e-04  8.774e+01
-2.410e-04  -2.410e-04  -0.000e+00  1.000e+02
-6.997e-05  -6.997e-05  -0.000e+00  1.000e+02
-4.981e-04  -4.981e-04  -7.650e-05  8.464e+01
 3.067e-04   3.067e-04   0.000e+00  1.000e+02
-1.364e-03  -1.364e-03  -1.082e-04  9.207e+01
-6.734e-04  -6.734e-04  -0.000e+00  1.000e+02
-2.797e-04  -2.797e-04  -0.000e+00  1.000e+02
-4.506e-04  -4.506e-04  -0.000e+00  1.000e+02
-7.774e-04  -7.774e-04  -7.650e-05  9.016e+01
 1.916e-04   1.916e-04   0.000e+00  1.000e+02
-1.454e-03  -1.454e-03  -1.325e-04  9.088e+01
-8.368e-04  -8.368e-04  -5.410e-05  9.354e+01
-1.429e-03  -1.429e-03  -1.711e-04  8.803e+01
-1.087e-03  -1.087e-03  -9.370e-05  9.138e+01
========================================================================================

step: 12/15 res:0.14731828718216003, res/res0:0.009293332468464031  dq_norm: [0.00025373 0.00024193 0.00032004]

A info: before HHL prepare:
Spectral radius (A): 5.046e+01, lambda_min:4.195320823398127
condition number(A): 1.203e+01, norm2_cond:154.0451725486663
det(A): 7.523e+39
--------------------------------------------------------------------------------

A_hhl info: after scaling by spectral radius:
Spectral radius (A): 1.000e+00, lambda_min:0.08313661826606665
condition number(A): 1.203e+01, norm2_cond:154.04517254866744
det(A): 6.126e-12, nnz: 13 non zeros per row
--------------------------------------------------------------------------------

Size of A & B are not power of 2:
Next 2 power of 30 = 32
Value to be padded = 2
--------------------------------------------------

==================== Print (N)^2 padded matrix system =======================
Padded shape of A: (30, 30)x(30, 30) -> (32, 32)x(32, 32)
Padded shape of B: (30,) -> (32,)
Determinant of padded matrix: 6.126167296325191e-12
Condition # of padded matrix: 154.04517254866744


Matrix is not Hermitian. Making it Hermitian.......

==================== Print Hermitian matrix system info =======================
Shape of hermitian A: 32x32 -> 64x64
Shape of           B: 32 -> 64
Determinant of Hermitian matrix: 3.7529925742564297e-23
Condition # of Hermitian matrix: 154.04517254866795

=================================== Generating HHL circuit ===================================
Time elapsed for generating HHL circuit: 0 min 51.72 sec

Generated circuit: num_qubits=16, gates=21, depth=5
============================== Generated Circuit saved ==============================

============================== Transpiling circuit ==============================
This is using the AerSimulator('aer_simulator_statevector') transpiler.
Time elapsed for transpiling the circuit:  0 min 9.17 sec
Transpiled circuit, num_qubits: 16, (original: 16)
Transpiled circuit depth: 103106 (original: 5)
Transpiled circuit gates: 103233 (original: 21)
============================== Transpiled Circuit saved ==============================
Time elapsed for running the circuit:  0 min 20.72 sec
total_qubits: 16, nq:6

Time elapsed for extracting shots-based hhl counts solution:  0 min 0.00 sec

[HHL info]: linear system residual (e=||Ax-b||_2): 0.12577154211020236
[HHL info]: Fidelity(true_sol, hhl_sol): 0.8987490657028331
[HHL info]: L2 error (absolute): 0.004402526793353072
[HHL info]: L2 error (relative): 0.9564769868333362
[HHL info]: L2 error (normalized): 0.3224165984160887

========================================================================================
 Compare system solutions using LU of A, LU sol of A_herm, HHL of Ax=b hermition system
LU sol 	    Herm LU sol    HHL sol    L1_diff(%)
 1.380e-03   1.380e-03   7.098e-05  9.486e+01
 5.110e-04   5.110e-04   2.140e-05  9.581e+01
 1.227e-03   1.227e-03   5.242e-05  9.573e+01
 1.235e-04   1.235e-04   0.000e+00  1.000e+02
 6.768e-04   6.768e-04   4.280e-05  9.368e+01
 1.062e-03   1.062e-03   6.053e-05  9.430e+01
 4.919e-04   4.919e-04   4.280e-05  9.130e+01
-1.085e-04  -1.085e-04  -0.000e+00  1.000e+02
 2.097e-03   2.097e-03   7.716e-05  9.632e+01
 8.946e-04   8.946e-04   3.707e-05  9.586e+01
 6.813e-04   6.813e-04   3.707e-05  9.456e+01
 4.553e-04   4.553e-04   0.000e+00  1.000e+02
-3.797e-04  -3.797e-04  -0.000e+00  1.000e+02
 7.600e-04   7.600e-04   3.707e-05  9.512e+01
-2.642e-04  -2.642e-04  -2.140e-05  9.190e+01
-9.478e-04  -9.478e-04  -4.785e-05  9.495e+01
-2.410e-04  -2.410e-04  -0.000e+00  1.000e+02
-6.968e-05  -6.968e-05  -0.000e+00  1.000e+02
-4.215e-04  -4.215e-04  -0.000e+00  1.000e+02
 3.068e-04   3.068e-04   0.000e+00  1.000e+02
-1.256e-03  -1.256e-03  -7.413e-05  9.410e+01
-6.733e-04  -6.733e-04  -0.000e+00  1.000e+02
-2.796e-04  -2.796e-04  -0.000e+00  1.000e+02
-4.502e-04  -4.502e-04  -2.140e-05  9.525e+01
-7.008e-04  -7.008e-04  -2.140e-05  9.695e+01
 1.916e-04   1.916e-04   0.000e+00  1.000e+02
-1.321e-03  -1.321e-03  -6.053e-05  9.542e+01
-7.827e-04  -7.827e-04  -3.707e-05  9.526e+01
-1.258e-03  -1.258e-03  -6.420e-05  9.490e+01
-9.931e-04  -9.931e-04  -3.027e-05  9.695e+01
========================================================================================

step: 13/15 res:0.13261930404694322, res/res0:0.008366071231337336  dq_norm: [1.11202254e-04 9.57076617e-05 1.52832880e-04]

A info: before HHL prepare:
Spectral radius (A): 5.046e+01, lambda_min:4.194670860902193
condition number(A): 1.203e+01, norm2_cond:154.0441511427162
det(A): 7.524e+39
--------------------------------------------------------------------------------

A_hhl info: after scaling by spectral radius:
Spectral radius (A): 1.000e+00, lambda_min:0.083123434341393
condition number(A): 1.203e+01, norm2_cond:154.04415114271643
det(A): 6.127e-12, nnz: 13 non zeros per row
--------------------------------------------------------------------------------

Size of A & B are not power of 2:
Next 2 power of 30 = 32
Value to be padded = 2
--------------------------------------------------

==================== Print (N)^2 padded matrix system =======================
Padded shape of A: (30, 30)x(30, 30) -> (32, 32)x(32, 32)
Padded shape of B: (30,) -> (32,)
Determinant of padded matrix: 6.126884176708967e-12
Condition # of padded matrix: 154.04415114271643


Matrix is not Hermitian. Making it Hermitian.......

==================== Print Hermitian matrix system info =======================
Shape of hermitian A: 32x32 -> 64x64
Shape of           B: 32 -> 64
Determinant of Hermitian matrix: 3.753870971480698e-23
Condition # of Hermitian matrix: 154.0441511427163

=================================== Generating HHL circuit ===================================
Time elapsed for generating HHL circuit: 0 min 51.66 sec

Generated circuit: num_qubits=16, gates=21, depth=5
============================== Generated Circuit saved ==============================

============================== Transpiling circuit ==============================
This is using the AerSimulator('aer_simulator_statevector') transpiler.
Time elapsed for transpiling the circuit:  0 min 9.67 sec
Transpiled circuit, num_qubits: 16, (original: 16)
Transpiled circuit depth: 103106 (original: 5)
Transpiled circuit gates: 103233 (original: 21)
============================== Transpiled Circuit saved ==============================
Time elapsed for running the circuit:  0 min 19.29 sec
total_qubits: 16, nq:6

Time elapsed for extracting shots-based hhl counts solution:  0 min 0.00 sec

[HHL info]: linear system residual (e=||Ax-b||_2): 0.0905413859446112
[HHL info]: Fidelity(true_sol, hhl_sol): 0.9059794131646032
[HHL info]: L2 error (absolute): 0.00341609836987478
[HHL info]: L2 error (relative): 0.7759263401510241
[HHL info]: L2 error (normalized): 0.31038843904215485

========================================================================================
 Compare system solutions using LU of A, LU sol of A_herm, HHL of Ax=b hermition system
LU sol 	    Herm LU sol    HHL sol    L1_diff(%)
 1.310e-03   1.310e-03   3.508e-04  7.321e+01
 4.896e-04   4.896e-04   1.569e-04  6.795e+01
 1.174e-03   1.174e-03   3.328e-04  7.166e+01
 1.235e-04   1.235e-04   0.000e+00  1.000e+02
 6.340e-04   6.340e-04   2.481e-04  6.087e+01
 1.002e-03   1.002e-03   2.481e-04  7.523e+01
 4.491e-04   4.491e-04   1.922e-04  5.721e+01
-1.085e-04  -1.085e-04  -0.000e+00  1.000e+02
 2.020e-03   2.020e-03   4.151e-04  7.945e+01
 8.576e-04   8.576e-04   2.219e-04  7.413e+01
 6.443e-04   6.443e-04   1.569e-04  7.565e+01
 4.555e-04   4.555e-04   0.000e+00  1.000e+02
-3.797e-04  -3.797e-04  -0.000e+00  1.000e+02
 7.229e-04   7.229e-04   1.922e-04  7.342e+01
-2.426e-04  -2.426e-04  -0.000e+00  1.000e+02
-8.999e-04  -8.999e-04  -1.109e-04  8.767e+01
-2.410e-04  -2.410e-04  -0.000e+00  1.000e+02
-6.964e-05  -6.964e-05  -0.000e+00  1.000e+02
-4.214e-04  -4.214e-04  -0.000e+00  1.000e+02
 3.069e-04   3.069e-04   0.000e+00  1.000e+02
-1.182e-03  -1.182e-03  -2.481e-04  7.901e+01
-6.733e-04  -6.733e-04  -1.109e-04  8.352e+01
-2.796e-04  -2.796e-04  -0.000e+00  1.000e+02
-4.287e-04  -4.287e-04  -0.000e+00  1.000e+02
-6.793e-04  -6.793e-04  -1.569e-04  7.690e+01
 1.916e-04   1.916e-04   1.109e-04  4.209e+01
-1.260e-03  -1.260e-03  -3.138e-04  7.510e+01
-7.456e-04  -7.456e-04  -1.922e-04  7.423e+01
-1.194e-03  -1.194e-03  -3.138e-04  7.372e+01
-9.628e-04  -9.628e-04  -2.219e-04  7.695e+01
========================================================================================

step: 14/15 res:0.12577155462892955, res/res0:0.007934092193163734  dq_norm: [0.0005435  0.0005084  0.00074422]
Completed: 14 steps in 1276.12s
Saved metadata to /lustre/orion/stf006/scratch/4klornl/fvm_euler_1d_solver/output_parallel_shots/nelem10/statevector/shots_150000/trial_5/metadata_nelem10_HHL_statevector_nshots150000.pkl

Solution summary:
  x/L: [0.0500, 0.9500]
  Mach: [1.4958, 2.1655]
  p/p_in: [1.0046, 0.3623]
  rho/rho_in: [1.0028, 0.4846]
Saved combined plot to /lustre/orion/stf006/scratch/4klornl/fvm_euler_1d_solver/output_parallel_shots/nelem10/statevector/shots_150000/trial_5/solution_plot_nelem10_HHL_statevector_nshots150000.png
