
------------------------------------------------------------
Using ideal local simulator with 'statevector' method
Backend: aer_simulator_statevector
Shots: 50000
------------------------------------------------------------

A info: before HHL prepare:
Spectral radius (A): 2.241e+01, lambda_min:2.3074021727489433
condition number(A): 9.710e+00, norm2_cond:95.97789014324577
det(A): 9.333e+14
--------------------------------------------------------------------------------

A_hhl info: after scaling by spectral radius:
Spectral radius (A): 1.000e+00, lambda_min:0.1029832130561069
condition number(A): 9.710e+00, norm2_cond:95.9778901432457
det(A): 5.184e-06, nnz: 10 non zeros per row
--------------------------------------------------------------------------------

Size of A & B are not power of 2:
Next 2 power of 15 = 16
Value to be padded = 1
--------------------------------------------------

==================== Print (N)^2 padded matrix system =======================
Padded shape of A: (15, 15)x(15, 15) -> (16, 16)x(16, 16)
Padded shape of B: (15,) -> (16,)
Determinant of padded matrix: 5.183984510966138e-06
Condition # of padded matrix: 95.9778901432457


Matrix is not Hermitian. Making it Hermitian.......

==================== Print Hermitian matrix system info =======================
Shape of hermitian A: 16x16 -> 32x32
Shape of           B: 16 -> 32
Determinant of Hermitian matrix: 2.6873695409936828e-11
Condition # of Hermitian matrix: 95.9778901432459

=================================== Generating HHL circuit ===================================
Time elapsed for generating HHL circuit: 4 min 28.22 sec

Generated circuit: num_qubits=14, gates=19, depth=5
============================== Generated Circuit saved ==============================

============================== Transpiling circuit ==============================
Time elapsed for transpiling the circuit:  0 min 45.00 sec
Transpiled circuit, num_qubits: 14, (original: 14)
Transpiled circuit depth: 689027 (original: 5)
Transpiled circuit gates: 689127 (original: 19)
============================== Transpiled Circuit saved ==============================
Time elapsed for running the circuit:  1 min 1.30 sec
total_qubits: 14, nq:5

Time elapsed for extracting shots-based hhl counts solution:  0 min 0.00 sec

[HHL info]: linear system residual (e=||Ax-b||_2): 2.9103122553516463
[HHL info]: Fidelity(true_sol, hhl_sol): 0.9967360529944945
[HHL info]: L2 error (absolute): 0.5374208596228944
[HHL info]: L2 error (relative): 0.19870740675886459
[HHL info]: L2 error (normalized): 0.057154306035521185

========================================================================================
 Compare system solutions using LU of A, LU sol of A_herm, HHL of Ax=b hermition system
LU sol 	    Herm LU sol    HHL sol    L1_diff(%)
-1.705e-02  -1.705e-02  -0.000e+00  1.000e+02
-7.527e-03  -7.527e-03  -0.000e+00  1.000e+02
-3.946e-02  -3.946e-02  -0.000e+00  1.000e+02
-1.283e-01  -1.283e-01  -1.144e-01  1.081e+01
-6.877e-02  -6.877e-02  -0.000e+00  1.000e+02
-2.800e-01  -2.800e-01  -1.981e-01  2.924e+01
-4.114e-01  -4.114e-01  -3.335e-01  1.894e+01
-4.227e-01  -4.227e-01  -3.335e-01  2.111e+01
-1.109e+00  -1.109e+00  -8.406e-01  2.423e+01
-5.252e-01  -5.252e-01  -3.963e-01  2.455e+01
-5.558e-01  -5.558e-01  -4.986e-01  1.028e+01
-1.428e+00  -1.428e+00  -1.189e+00  1.673e+01
-5.637e-01  -5.637e-01  -4.576e-01  1.883e+01
-5.958e-01  -5.958e-01  -5.304e-01  1.097e+01
-1.529e+00  -1.529e+00  -1.219e+00  2.031e+01
========================================================================================

step: 0/15 res:12.375368413827264, res/res0:1.0  dq_norm: [0.70049906 0.80073712 1.90899382]

A info: before HHL prepare:
Spectral radius (A): 2.374e+01, lambda_min:3.7613641482585947
condition number(A): 6.313e+00, norm2_cond:72.64192099105628
det(A): 7.121e+15
--------------------------------------------------------------------------------

A_hhl info: after scaling by spectral radius:
Spectral radius (A): 1.000e+00, lambda_min:0.15840755752238717
condition number(A): 6.313e+00, norm2_cond:72.64192099105648
det(A): 1.656e-05, nnz: 11 non zeros per row
--------------------------------------------------------------------------------

Size of A & B are not power of 2:
Next 2 power of 15 = 16
Value to be padded = 1
--------------------------------------------------

==================== Print (N)^2 padded matrix system =======================
Padded shape of A: (15, 15)x(15, 15) -> (16, 16)x(16, 16)
Padded shape of B: (15,) -> (16,)
Determinant of padded matrix: 1.6556612602824454e-05
Condition # of padded matrix: 72.64192099105648


Matrix is not Hermitian. Making it Hermitian.......

==================== Print Hermitian matrix system info =======================
Shape of hermitian A: 16x16 -> 32x32
Shape of           B: 16 -> 32
Determinant of Hermitian matrix: 2.741214208800056e-10
Condition # of Hermitian matrix: 72.64192099105632

=================================== Generating HHL circuit ===================================
Time elapsed for generating HHL circuit: 4 min 22.09 sec

Generated circuit: num_qubits=14, gates=19, depth=5
============================== Generated Circuit saved ==============================

============================== Transpiling circuit ==============================
Time elapsed for transpiling the circuit:  0 min 44.10 sec
Transpiled circuit, num_qubits: 14, (original: 14)
Transpiled circuit depth: 689027 (original: 5)
Transpiled circuit gates: 689127 (original: 19)
============================== Transpiled Circuit saved ==============================
Time elapsed for running the circuit:  1 min 0.63 sec
total_qubits: 14, nq:5

Time elapsed for extracting shots-based hhl counts solution:  0 min 0.00 sec

[HHL info]: linear system residual (e=||Ax-b||_2): 0.5069918917321495
[HHL info]: Fidelity(true_sol, hhl_sol): 0.9934319817318379
[HHL info]: L2 error (absolute): 0.03390211104798445
[HHL info]: L2 error (relative): 0.09239741557147316
[HHL info]: L2 error (normalized): 0.0811100397442872

========================================================================================
 Compare system solutions using LU of A, LU sol of A_herm, HHL of Ax=b hermition system
LU sol 	    Herm LU sol    HHL sol    L1_diff(%)
-1.323e-02  -1.323e-02  -0.000e+00  1.000e+02
-4.760e-03  -4.760e-03  -0.000e+00  1.000e+02
-3.071e-02  -3.071e-02  -3.728e-02  2.137e+01
-1.212e-03  -1.212e-03  -0.000e+00  1.000e+02
-7.022e-02  -7.022e-02  -6.720e-02  4.289e+00
-5.470e-02  -5.470e-02  -6.720e-02  2.286e+01
-4.938e-02  -4.938e-02  -4.931e-02  1.312e-01
-8.873e-02  -8.873e-02  -9.320e-02  5.039e+00
-1.991e-01  -1.991e-01  -2.059e-01  3.406e+00
-9.003e-02  -9.003e-02  -7.685e-02  1.464e+01
-5.403e-02  -5.403e-02  -4.168e-02  2.286e+01
-1.378e-01  -1.378e-01  -1.491e-01  8.224e+00
-5.877e-02  -5.877e-02  -6.182e-02  5.196e+00
-6.436e-02  -6.436e-02  -6.720e-02  4.421e+00
-1.950e-01  -1.950e-01  -2.092e-01  7.318e+00
========================================================================================

step: 1/15 res:3.1438064650258473, res/res0:0.2540374039703905  dq_norm: [0.11027151 0.13948365 0.33808604]

A info: before HHL prepare:
Spectral radius (A): 2.397e+01, lambda_min:4.179778481422251
condition number(A): 5.735e+00, norm2_cond:65.92508568529003
det(A): 9.876e+15
--------------------------------------------------------------------------------

A_hhl info: after scaling by spectral radius:
Spectral radius (A): 1.000e+00, lambda_min:0.17436628997642004
condition number(A): 5.735e+00, norm2_cond:65.92508568528996
det(A): 1.992e-05, nnz: 11 non zeros per row
--------------------------------------------------------------------------------

Size of A & B are not power of 2:
Next 2 power of 15 = 16
Value to be padded = 1
--------------------------------------------------

==================== Print (N)^2 padded matrix system =======================
Padded shape of A: (15, 15)x(15, 15) -> (16, 16)x(16, 16)
Padded shape of B: (15,) -> (16,)
Determinant of padded matrix: 1.9916249949923837e-05
Condition # of padded matrix: 65.92508568528996


Matrix is not Hermitian. Making it Hermitian.......

==================== Print Hermitian matrix system info =======================
Shape of hermitian A: 16x16 -> 32x32
Shape of           B: 16 -> 32
Determinant of Hermitian matrix: 3.966570120678398e-10
Condition # of Hermitian matrix: 65.92508568529004

=================================== Generating HHL circuit ===================================
Time elapsed for generating HHL circuit: 4 min 19.62 sec

Generated circuit: num_qubits=14, gates=19, depth=5
============================== Generated Circuit saved ==============================

============================== Transpiling circuit ==============================
Time elapsed for transpiling the circuit:  0 min 43.47 sec
Transpiled circuit, num_qubits: 14, (original: 14)
Transpiled circuit depth: 689027 (original: 5)
Transpiled circuit gates: 689127 (original: 19)
============================== Transpiled Circuit saved ==============================
Time elapsed for running the circuit:  1 min 0.82 sec
total_qubits: 14, nq:5

Time elapsed for extracting shots-based hhl counts solution:  0 min 0.00 sec

[HHL info]: linear system residual (e=||Ax-b||_2): 0.22789302949615955
[HHL info]: Fidelity(true_sol, hhl_sol): 0.9827629895183568
[HHL info]: L2 error (absolute): 0.01440681032410105
[HHL info]: L2 error (relative): 0.3798147566001416
[HHL info]: L2 error (normalized): 0.13157483143048848

========================================================================================
 Compare system solutions using LU of A, LU sol of A_herm, HHL of Ax=b hermition system
LU sol 	    Herm LU sol    HHL sol    L1_diff(%)
-1.260e-02  -1.260e-02  -7.110e-03  4.357e+01
-4.559e-03  -4.559e-03  -1.631e-03  6.422e+01
 8.497e-03   8.497e-03   3.996e-03  5.298e+01
 4.123e-04   4.123e-04   0.000e+00  1.000e+02
-3.468e-03  -3.468e-03  -2.825e-03  1.853e+01
 1.535e-02   1.535e-02   1.106e-02  2.794e+01
 2.581e-03   2.581e-03   1.631e-03  3.679e+01
 5.940e-03   5.940e-03   4.316e-03  2.735e+01
 1.308e-02   1.308e-02   7.475e-03  4.287e+01
-9.893e-03  -9.893e-03  -5.881e-03  4.055e+01
-1.407e-02  -1.407e-02  -9.650e-03  3.142e+01
 1.400e-02   1.400e-02   9.082e-03  3.513e+01
 3.126e-03   3.126e-03   1.631e-03  4.783e+01
 2.039e-03   2.039e-03   0.000e+00  1.000e+02
 1.484e-02   1.484e-02   9.511e-03  3.589e+01
========================================================================================

step: 2/15 res:0.5299349060734801, res/res0:0.04282174787470348  dq_norm: [0.00951133 0.0110632  0.01916203]

A info: before HHL prepare:
Spectral radius (A): 2.403e+01, lambda_min:4.1234063590434324
condition number(A): 5.828e+00, norm2_cond:66.93253249418898
det(A): 9.829e+15
--------------------------------------------------------------------------------

A_hhl info: after scaling by spectral radius:
Spectral radius (A): 1.000e+00, lambda_min:0.17158999959016022
condition number(A): 5.828e+00, norm2_cond:66.93253249418906
det(A): 1.910e-05, nnz: 11 non zeros per row
--------------------------------------------------------------------------------

Size of A & B are not power of 2:
Next 2 power of 15 = 16
Value to be padded = 1
--------------------------------------------------

==================== Print (N)^2 padded matrix system =======================
Padded shape of A: (15, 15)x(15, 15) -> (16, 16)x(16, 16)
Padded shape of B: (15,) -> (16,)
Determinant of padded matrix: 1.9101058433649638e-05
Condition # of padded matrix: 66.93253249418906


Matrix is not Hermitian. Making it Hermitian.......

==================== Print Hermitian matrix system info =======================
Shape of hermitian A: 16x16 -> 32x32
Shape of           B: 16 -> 32
Determinant of Hermitian matrix: 3.64850433285698e-10
Condition # of Hermitian matrix: 66.93253249418918

=================================== Generating HHL circuit ===================================
Time elapsed for generating HHL circuit: 4 min 16.59 sec

Generated circuit: num_qubits=14, gates=19, depth=5
============================== Generated Circuit saved ==============================

============================== Transpiling circuit ==============================
Time elapsed for transpiling the circuit:  0 min 44.27 sec
Transpiled circuit, num_qubits: 14, (original: 14)
Transpiled circuit depth: 689027 (original: 5)
Transpiled circuit gates: 689127 (original: 19)
============================== Transpiled Circuit saved ==============================
Time elapsed for running the circuit:  1 min 1.05 sec
total_qubits: 14, nq:5

Time elapsed for extracting shots-based hhl counts solution:  0 min 0.00 sec

[HHL info]: linear system residual (e=||Ax-b||_2): 0.08068631380468416
[HHL info]: Fidelity(true_sol, hhl_sol): 0.9791741570266196
[HHL info]: L2 error (absolute): 0.004112590584703302
[HHL info]: L2 error (relative): 0.28574549763026996
[HHL info]: L2 error (normalized): 0.14469075949391003

========================================================================================
 Compare system solutions using LU of A, LU sol of A_herm, HHL of Ax=b hermition system
LU sol 	    Herm LU sol    HHL sol    L1_diff(%)
-5.432e-03  -5.432e-03  -3.729e-03  3.135e+01
-2.913e-03  -2.913e-03  -1.758e-03  3.967e+01
 4.511e-03   4.511e-03   3.831e-03  1.507e+01
 4.198e-04   4.198e-04   0.000e+00  1.000e+02
-6.548e-04  -6.548e-04  -0.000e+00  1.000e+02
 4.367e-03   4.367e-03   3.289e-03  2.469e+01
 9.059e-04   9.059e-04   0.000e+00  1.000e+02
 1.566e-03   1.566e-03   1.243e-03  2.063e+01
 5.570e-03   5.570e-03   3.831e-03  3.122e+01
-3.980e-03  -3.980e-03  -2.486e-03  3.755e+01
-4.355e-03  -4.355e-03  -3.169e-03  2.723e+01
 4.932e-03   4.932e-03   4.482e-03  9.138e+00
 1.519e-03   1.519e-03   8.789e-04  4.214e+01
 2.061e-03   2.061e-03   1.758e-03  1.470e+01
 5.398e-03   5.398e-03   3.931e-03  2.719e+01
========================================================================================

step: 3/15 res:0.22674999398758178, res/res0:0.018322686356086915  dq_norm: [0.00456689 0.00421505 0.00870066]

A info: before HHL prepare:
Spectral radius (A): 2.407e+01, lambda_min:4.117588365427782
condition number(A): 5.845e+00, norm2_cond:67.23144287389849
det(A): 9.972e+15
--------------------------------------------------------------------------------

A_hhl info: after scaling by spectral radius:
Spectral radius (A): 1.000e+00, lambda_min:0.17109127828348894
condition number(A): 5.845e+00, norm2_cond:67.23144287389847
det(A): 1.895e-05, nnz: 11 non zeros per row
--------------------------------------------------------------------------------

Size of A & B are not power of 2:
Next 2 power of 15 = 16
Value to be padded = 1
--------------------------------------------------

==================== Print (N)^2 padded matrix system =======================
Padded shape of A: (15, 15)x(15, 15) -> (16, 16)x(16, 16)
Padded shape of B: (15,) -> (16,)
Determinant of padded matrix: 1.8947522166722516e-05
Condition # of padded matrix: 67.23144287389847


Matrix is not Hermitian. Making it Hermitian.......

==================== Print Hermitian matrix system info =======================
Shape of hermitian A: 16x16 -> 32x32
Shape of           B: 16 -> 32
Determinant of Hermitian matrix: 3.590085962584399e-10
Condition # of Hermitian matrix: 67.23144287389854

=================================== Generating HHL circuit ===================================
Time elapsed for generating HHL circuit: 4 min 18.80 sec

Generated circuit: num_qubits=14, gates=19, depth=5
============================== Generated Circuit saved ==============================

============================== Transpiling circuit ==============================
Time elapsed for transpiling the circuit:  0 min 43.98 sec
Transpiled circuit, num_qubits: 14, (original: 14)
Transpiled circuit depth: 689027 (original: 5)
Transpiled circuit gates: 689127 (original: 19)
============================== Transpiled Circuit saved ==============================
Time elapsed for running the circuit:  1 min 1.02 sec
total_qubits: 14, nq:5

Time elapsed for extracting shots-based hhl counts solution:  0 min 0.00 sec

[HHL info]: linear system residual (e=||Ax-b||_2): 0.01684467636883566
[HHL info]: Fidelity(true_sol, hhl_sol): 0.9753577959496016
[HHL info]: L2 error (absolute): 0.0008396232379209979
[HHL info]: L2 error (relative): 0.20478978873774123
[HHL info]: L2 error (normalized): 0.15746718191572698

========================================================================================
 Compare system solutions using LU of A, LU sol of A_herm, HHL of Ax=b hermition system
LU sol 	    Herm LU sol    HHL sol    L1_diff(%)
-1.692e-03  -1.692e-03  -2.169e-03  2.823e+01
-1.150e-03  -1.150e-03  -1.408e-03  2.237e+01
 6.763e-04   6.763e-04   4.977e-04  2.642e+01
 4.216e-04   4.216e-04   4.977e-04  1.805e+01
-6.550e-04  -6.550e-04  -8.620e-04  3.159e+01
 1.089e-03   1.089e-03   9.953e-04  8.561e+00
 8.993e-04   8.993e-04   9.953e-04  1.068e+01
 3.154e-04   3.154e-04   0.000e+00  1.000e+02
 1.731e-03   1.731e-03   1.862e-03  7.599e+00
-1.488e-03  -1.488e-03  -1.651e-03  1.096e+01
-1.175e-03  -1.175e-03  -1.493e-03  2.705e+01
 4.438e-04   4.438e-04   4.977e-04  1.214e+01
 6.429e-04   6.429e-04   7.038e-04  9.470e+00
 3.069e-04   3.069e-04   4.977e-04  6.214e+01
 1.474e-03   1.474e-03   1.317e-03  1.069e+01
========================================================================================

step: 4/15 res:0.08035910265594165, res/res0:0.006493471545150503  dq_norm: [0.00302722 0.00228062 0.00258598]

A info: before HHL prepare:
Spectral radius (A): 2.407e+01, lambda_min:4.106878747127599
condition number(A): 5.860e+00, norm2_cond:67.3728655678822
det(A): 9.906e+15
--------------------------------------------------------------------------------

A_hhl info: after scaling by spectral radius:
Spectral radius (A): 1.000e+00, lambda_min:0.17063663814576638
condition number(A): 5.860e+00, norm2_cond:67.37286556788222
det(A): 1.881e-05, nnz: 11 non zeros per row
--------------------------------------------------------------------------------

Size of A & B are not power of 2:
Next 2 power of 15 = 16
Value to be padded = 1
--------------------------------------------------

==================== Print (N)^2 padded matrix system =======================
Padded shape of A: (15, 15)x(15, 15) -> (16, 16)x(16, 16)
Padded shape of B: (15,) -> (16,)
Determinant of padded matrix: 1.8805902362965068e-05
Condition # of padded matrix: 67.37286556788222


Matrix is not Hermitian. Making it Hermitian.......

==================== Print Hermitian matrix system info =======================
Shape of hermitian A: 16x16 -> 32x32
Shape of           B: 16 -> 32
Determinant of Hermitian matrix: 3.536619636853764e-10
Condition # of Hermitian matrix: 67.37286556788254

=================================== Generating HHL circuit ===================================
Time elapsed for generating HHL circuit: 4 min 13.84 sec

Generated circuit: num_qubits=14, gates=19, depth=5
============================== Generated Circuit saved ==============================

============================== Transpiling circuit ==============================
Time elapsed for transpiling the circuit:  0 min 43.47 sec
Transpiled circuit, num_qubits: 14, (original: 14)
Transpiled circuit depth: 689027 (original: 5)
Transpiled circuit gates: 689127 (original: 19)
============================== Transpiled Circuit saved ==============================
Time elapsed for running the circuit:  1 min 1.24 sec
total_qubits: 14, nq:5

Time elapsed for extracting shots-based hhl counts solution:  0 min 0.00 sec

[HHL info]: linear system residual (e=||Ax-b||_2): 0.00792192151680316
[HHL info]: Fidelity(true_sol, hhl_sol): 0.9447923621027482
[HHL info]: L2 error (absolute): 0.0003282729956982571
[HHL info]: L2 error (relative): 0.3897018750158008
[HHL info]: L2 error (normalized): 0.23662501353946172

========================================================================================
 Compare system solutions using LU of A, LU sol of A_herm, HHL of Ax=b hermition system
LU sol 	    Herm LU sol    HHL sol    L1_diff(%)
 4.791e-04   4.791e-04   5.595e-04  1.677e+01
 2.584e-04   2.584e-04   4.250e-04  6.449e+01
 1.813e-04   1.813e-04   2.903e-04  6.010e+01
-7.543e-05  -7.543e-05  -0.000e+00  1.000e+02
 2.057e-04   2.057e-04   2.454e-04  1.927e+01
 9.496e-05   9.496e-05   1.097e-04  1.555e+01
-9.622e-05  -9.622e-05  -0.000e+00  1.000e+02
 3.149e-04   3.149e-04   3.292e-04  4.547e+00
-1.316e-04  -1.316e-04  -1.552e-04  1.790e+01
 1.653e-04   1.653e-04   1.552e-04  6.107e+00
 3.195e-04   3.195e-04   4.907e-04  5.360e+01
-5.263e-05  -5.263e-05  -1.097e-04  1.085e+02
-5.888e-05  -5.888e-05  -0.000e+00  1.000e+02
-1.902e-04  -1.902e-04  -2.195e-04  1.536e+01
 1.607e-04   1.607e-04   2.454e-04  5.268e+01
========================================================================================

step: 5/15 res:0.01686681965027252, res/res0:0.0013629347495971807  dq_norm: [0.00058062 0.00079882 0.00043891]

A info: before HHL prepare:
Spectral radius (A): 2.407e+01, lambda_min:4.107162254135836
condition number(A): 5.860e+00, norm2_cond:67.39200883041259
det(A): 9.900e+15
--------------------------------------------------------------------------------

A_hhl info: after scaling by spectral radius:
Spectral radius (A): 1.000e+00, lambda_min:0.1706526900070134
condition number(A): 5.860e+00, norm2_cond:67.39200883041269
det(A): 1.880e-05, nnz: 11 non zeros per row
--------------------------------------------------------------------------------

Size of A & B are not power of 2:
Next 2 power of 15 = 16
Value to be padded = 1
--------------------------------------------------

==================== Print (N)^2 padded matrix system =======================
Padded shape of A: (15, 15)x(15, 15) -> (16, 16)x(16, 16)
Padded shape of B: (15,) -> (16,)
Determinant of padded matrix: 1.880133558829503e-05
Condition # of padded matrix: 67.39200883041269


Matrix is not Hermitian. Making it Hermitian.......

==================== Print Hermitian matrix system info =======================
Shape of hermitian A: 16x16 -> 32x32
Shape of           B: 16 -> 32
Determinant of Hermitian matrix: 3.534902199036879e-10
Condition # of Hermitian matrix: 67.39200883041273

=================================== Generating HHL circuit ===================================
Time elapsed for generating HHL circuit: 4 min 12.62 sec

Generated circuit: num_qubits=14, gates=19, depth=5
============================== Generated Circuit saved ==============================

============================== Transpiling circuit ==============================
Time elapsed for transpiling the circuit:  0 min 44.44 sec
Transpiled circuit, num_qubits: 14, (original: 14)
Transpiled circuit depth: 689027 (original: 5)
Transpiled circuit gates: 689127 (original: 19)
============================== Transpiled Circuit saved ==============================
Time elapsed for running the circuit:  1 min 1.13 sec
total_qubits: 14, nq:5

Time elapsed for extracting shots-based hhl counts solution:  0 min 0.00 sec

[HHL info]: linear system residual (e=||Ax-b||_2): 0.003078287200371345
[HHL info]: Fidelity(true_sol, hhl_sol): 0.9364275422423286
[HHL info]: L2 error (absolute): 8.337343889554281e-05
[HHL info]: L2 error (relative): 0.25414962190159124
[HHL info]: L2 error (normalized): 0.2541973120552537

========================================================================================
 Compare system solutions using LU of A, LU sol of A_herm, HHL of Ax=b hermition system
LU sol 	    Herm LU sol    HHL sol    L1_diff(%)
-8.022e-05  -8.022e-05  -9.052e-05  1.285e+01
-1.665e-04  -1.665e-04  -1.478e-04  1.123e+01
-1.087e-04  -1.087e-04  -8.263e-05  2.401e+01
-7.526e-05  -7.526e-05  -9.052e-05  2.027e+01
-3.962e-05  -3.962e-05  -0.000e+00  1.000e+02
-1.440e-05  -1.440e-05  -0.000e+00  1.000e+02
-9.614e-05  -9.614e-05  -5.226e-05  4.564e+01
-1.432e-05  -1.432e-05  -0.000e+00  1.000e+02
 2.392e-05   2.392e-05   0.000e+00  1.000e+02
 1.011e-05   1.011e-05   0.000e+00  1.000e+02
-1.712e-04  -1.712e-04  -1.694e-04  1.084e+00
 5.716e-05   5.716e-05   7.391e-05  2.931e+01
-5.890e-05  -5.890e-05  -3.696e-05  3.726e+01
 2.923e-05   2.923e-05   3.696e-05  2.643e+01
-8.461e-05  -8.461e-05  -9.777e-05  1.556e+01
========================================================================================

step: 6/15 res:0.007921365501899093, res/res0:0.0006400912875489332  dq_norm: [0.00014313 0.00022781 0.00014782]

A info: before HHL prepare:
Spectral radius (A): 2.407e+01, lambda_min:4.107734053525976
condition number(A): 5.859e+00, norm2_cond:67.38429378193909
det(A): 9.910e+15
--------------------------------------------------------------------------------

A_hhl info: after scaling by spectral radius:
Spectral radius (A): 1.000e+00, lambda_min:0.17066919005091785
condition number(A): 5.859e+00, norm2_cond:67.3842937819393
det(A): 1.881e-05, nnz: 11 non zeros per row
--------------------------------------------------------------------------------

Size of A & B are not power of 2:
Next 2 power of 15 = 16
Value to be padded = 1
--------------------------------------------------

==================== Print (N)^2 padded matrix system =======================
Padded shape of A: (15, 15)x(15, 15) -> (16, 16)x(16, 16)
Padded shape of B: (15,) -> (16,)
Determinant of padded matrix: 1.880942294696331e-05
Condition # of padded matrix: 67.3842937819393


Matrix is not Hermitian. Making it Hermitian.......

==================== Print Hermitian matrix system info =======================
Shape of hermitian A: 16x16 -> 32x32
Shape of           B: 16 -> 32
Determinant of Hermitian matrix: 3.537943915977473e-10
Condition # of Hermitian matrix: 67.38429378193936

=================================== Generating HHL circuit ===================================
Time elapsed for generating HHL circuit: 4 min 14.93 sec

Generated circuit: num_qubits=14, gates=19, depth=5
============================== Generated Circuit saved ==============================

============================== Transpiling circuit ==============================
Time elapsed for transpiling the circuit:  0 min 44.35 sec
Transpiled circuit, num_qubits: 14, (original: 14)
Transpiled circuit depth: 689027 (original: 5)
Transpiled circuit gates: 689127 (original: 19)
============================== Transpiled Circuit saved ==============================
Time elapsed for running the circuit:  1 min 0.87 sec
total_qubits: 14, nq:5

Time elapsed for extracting shots-based hhl counts solution:  0 min 0.00 sec

[HHL info]: linear system residual (e=||Ax-b||_2): 0.0012174137948532165
[HHL info]: Fidelity(true_sol, hhl_sol): 0.7795537435774709
[HHL info]: L2 error (absolute): 4.723136684899524e-05
[HHL info]: L2 error (relative): 0.5665326517506338
[HHL info]: L2 error (normalized): 0.48389377441751763

========================================================================================
 Compare system solutions using LU of A, LU sol of A_herm, HHL of Ax=b hermition system
LU sol 	    Herm LU sol    HHL sol    L1_diff(%)
 1.031e-05   1.031e-05   0.000e+00  1.000e+02
-1.869e-05  -1.869e-05  -0.000e+00  1.000e+02
-2.611e-05  -2.611e-05  -3.398e-05  3.017e+01
 1.527e-05   1.527e-05   0.000e+00  1.000e+02
-3.962e-05  -3.962e-05  -5.549e-05  4.006e+01
-1.441e-05  -1.441e-05  -3.398e-05  1.359e+02
-4.386e-05  -4.386e-05  -5.549e-05  2.651e+01
-1.432e-05  -1.432e-05  -0.000e+00  1.000e+02
 2.394e-05   2.394e-05   2.775e-05  1.588e+01
 1.013e-05   1.013e-05   0.000e+00  1.000e+02
-1.847e-06  -1.847e-06  -0.000e+00  1.000e+02
-1.670e-05  -1.670e-05  -0.000e+00  1.000e+02
-2.191e-05  -2.191e-05  -1.962e-05  1.044e+01
-7.721e-06  -7.721e-06  -0.000e+00  1.000e+02
 1.326e-05   1.326e-05   1.962e-05  4.796e+01
========================================================================================

step: 7/15 res:0.0030784748593363446, res/res0:0.00024875823946353783  dq_norm: [5.88582532e-05 5.54920933e-05 5.88582532e-05]

A info: before HHL prepare:
Spectral radius (A): 2.407e+01, lambda_min:4.107919003292019
condition number(A): 5.859e+00, norm2_cond:67.38592125279443
det(A): 9.914e+15
--------------------------------------------------------------------------------

A_hhl info: after scaling by spectral radius:
Spectral radius (A): 1.000e+00, lambda_min:0.17067117837887583
condition number(A): 5.859e+00, norm2_cond:67.3859212527943
det(A): 1.881e-05, nnz: 11 non zeros per row
--------------------------------------------------------------------------------

Size of A & B are not power of 2:
Next 2 power of 15 = 16
Value to be padded = 1
--------------------------------------------------

==================== Print (N)^2 padded matrix system =======================
Padded shape of A: (15, 15)x(15, 15) -> (16, 16)x(16, 16)
Padded shape of B: (15,) -> (16,)
Determinant of padded matrix: 1.8807110511806108e-05
Condition # of padded matrix: 67.3859212527943


Matrix is not Hermitian. Making it Hermitian.......

==================== Print Hermitian matrix system info =======================
Shape of hermitian A: 16x16 -> 32x32
Shape of           B: 16 -> 32
Determinant of Hermitian matrix: 3.537074058032865e-10
Condition # of Hermitian matrix: 67.38592125279456

=================================== Generating HHL circuit ===================================
Time elapsed for generating HHL circuit: 4 min 12.02 sec

Generated circuit: num_qubits=14, gates=19, depth=5
============================== Generated Circuit saved ==============================

============================== Transpiling circuit ==============================
Time elapsed for transpiling the circuit:  0 min 43.96 sec
Transpiled circuit, num_qubits: 14, (original: 14)
Transpiled circuit depth: 689027 (original: 5)
Transpiled circuit gates: 689127 (original: 19)
============================== Transpiled Circuit saved ==============================
Time elapsed for running the circuit:  1 min 1.04 sec
total_qubits: 14, nq:5

Time elapsed for extracting shots-based hhl counts solution:  0 min 0.00 sec

[HHL info]: linear system residual (e=||Ax-b||_2): 0.00028321313374141837
[HHL info]: Fidelity(true_sol, hhl_sol): 0.9510803649202753
[HHL info]: L2 error (absolute): 1.4782982481058015e-05
[HHL info]: L2 error (relative): 0.3129828206369581
[HHL info]: L2 error (normalized): 0.2225601378736969

========================================================================================
 Compare system solutions using LU of A, LU sol of A_herm, HHL of Ax=b hermition system
LU sol 	    Herm LU sol    HHL sol    L1_diff(%)
 1.031e-05   1.031e-05   8.971e-06  1.298e+01
-1.869e-05  -1.869e-05  -1.346e-05  2.802e+01
 7.874e-06   7.874e-06   0.000e+00  1.000e+02
 1.527e-05   1.527e-05   1.187e-05  2.226e+01
 1.587e-05   1.587e-05   1.418e-05  1.063e+01
 1.957e-05   1.957e-05   1.418e-05  2.753e+01
 1.163e-05   1.163e-05   8.971e-06  2.285e+01
-1.432e-05  -1.432e-05  -1.003e-05  2.997e+01
-3.805e-06  -3.805e-06  -0.000e+00  1.000e+02
 1.014e-05   1.014e-05   7.769e-06  2.334e+01
-1.847e-06  -1.847e-06  -0.000e+00  1.000e+02
-1.670e-05  -1.670e-05  -1.269e-05  2.401e+01
-2.287e-06  -2.287e-06  -4.486e-06  9.613e+01
-7.722e-06  -7.722e-06  -4.486e-06  4.191e+01
-6.361e-06  -6.361e-06  -4.486e-06  2.949e+01
========================================================================================

step: 8/15 res:0.0012175272090991108, res/res0:9.838310815367255e-05  dq_norm: [1.95522459e-05 2.24279642e-05 1.95522459e-05]

A info: before HHL prepare:
Spectral radius (A): 2.407e+01, lambda_min:4.1078795849200755
condition number(A): 5.859e+00, norm2_cond:67.38502668484843
det(A): 9.913e+15
--------------------------------------------------------------------------------

A_hhl info: after scaling by spectral radius:
Spectral radius (A): 1.000e+00, lambda_min:0.17067113154095778
condition number(A): 5.859e+00, norm2_cond:67.38502668484854
det(A): 1.881e-05, nnz: 11 non zeros per row
--------------------------------------------------------------------------------

Size of A & B are not power of 2:
Next 2 power of 15 = 16
Value to be padded = 1
--------------------------------------------------

==================== Print (N)^2 padded matrix system =======================
Padded shape of A: (15, 15)x(15, 15) -> (16, 16)x(16, 16)
Padded shape of B: (15,) -> (16,)
Determinant of padded matrix: 1.880783005722482e-05
Condition # of padded matrix: 67.38502668484854


Matrix is not Hermitian. Making it Hermitian.......

==================== Print Hermitian matrix system info =======================
Shape of hermitian A: 16x16 -> 32x32
Shape of           B: 16 -> 32
Determinant of Hermitian matrix: 3.537344714614494e-10
Condition # of Hermitian matrix: 67.38502668484865

=================================== Generating HHL circuit ===================================
Time elapsed for generating HHL circuit: 4 min 14.11 sec

Generated circuit: num_qubits=14, gates=19, depth=5
============================== Generated Circuit saved ==============================

============================== Transpiling circuit ==============================
Time elapsed for transpiling the circuit:  0 min 43.42 sec
Transpiled circuit, num_qubits: 14, (original: 14)
Transpiled circuit depth: 689027 (original: 5)
Transpiled circuit gates: 689127 (original: 19)
============================== Transpiled Circuit saved ==============================
Time elapsed for running the circuit:  1 min 1.05 sec
total_qubits: 14, nq:5

Time elapsed for extracting shots-based hhl counts solution:  0 min 0.00 sec

[HHL info]: linear system residual (e=||Ax-b||_2): 0.00017098093309168854
[HHL info]: Fidelity(true_sol, hhl_sol): 0.9554887942276776
[HHL info]: L2 error (absolute): 8.980197213251116e-06
[HHL info]: L2 error (relative): 0.6074518311317944
[HHL info]: L2 error (normalized): 0.21217412103892574

========================================================================================
 Compare system solutions using LU of A, LU sol of A_herm, HHL of Ax=b hermition system
LU sol 	    Herm LU sol    HHL sol    L1_diff(%)
 1.338e-06   1.338e-06   0.000e+00  1.000e+02
-5.238e-06  -5.238e-06  -2.450e-06  5.322e+01
 7.874e-06   7.874e-06   2.709e-06  6.560e+01
 3.398e-06   3.398e-06   1.155e-06  6.601e+01
 1.687e-06   1.687e-06   0.000e+00  1.000e+02
 5.390e-06   5.390e-06   2.310e-06  5.714e+01
 2.658e-06   2.658e-06   1.291e-06  5.142e+01
-4.293e-06  -4.293e-06  -1.915e-06  5.538e+01
-3.805e-06  -3.805e-06  -1.528e-06  5.984e+01
 2.366e-06   2.366e-06   1.155e-06  5.118e+01
-1.847e-06  -1.847e-06  -5.775e-07  6.873e+01
-4.009e-06  -4.009e-06  -1.415e-06  6.472e+01
 2.198e-06   2.198e-06   1.155e-06  4.746e+01
-3.236e-06  -3.236e-06  -1.528e-06  5.278e+01
-1.876e-06  -1.876e-06  -1.155e-06  3.844e+01
========================================================================================

step: 9/15 res:0.0002832219776210972, res/res0:2.2885943121066783e-05  dq_norm: [2.38116695e-06 3.51290372e-06 4.28298674e-06]

A info: before HHL prepare:
Spectral radius (A): 2.407e+01, lambda_min:4.107845495041644
condition number(A): 5.859e+00, norm2_cond:67.38504623798858
det(A): 9.913e+15
--------------------------------------------------------------------------------

A_hhl info: after scaling by spectral radius:
Spectral radius (A): 1.000e+00, lambda_min:0.17066999229441432
condition number(A): 5.859e+00, norm2_cond:67.38504623798865
det(A): 1.881e-05, nnz: 11 non zeros per row
--------------------------------------------------------------------------------

Size of A & B are not power of 2:
Next 2 power of 15 = 16
Value to be padded = 1
--------------------------------------------------

==================== Print (N)^2 padded matrix system =======================
Padded shape of A: (15, 15)x(15, 15) -> (16, 16)x(16, 16)
Padded shape of B: (15,) -> (16,)
Determinant of padded matrix: 1.880747087276027e-05
Condition # of padded matrix: 67.38504623798865


Matrix is not Hermitian. Making it Hermitian.......

==================== Print Hermitian matrix system info =======================
Shape of hermitian A: 16x16 -> 32x32
Shape of           B: 16 -> 32
Determinant of Hermitian matrix: 3.5372096062972343e-10
Condition # of Hermitian matrix: 67.38504623798873

=================================== Generating HHL circuit ===================================
Time elapsed for generating HHL circuit: 4 min 13.98 sec

Generated circuit: num_qubits=14, gates=19, depth=5
============================== Generated Circuit saved ==============================

============================== Transpiling circuit ==============================
Time elapsed for transpiling the circuit:  0 min 44.13 sec
Transpiled circuit, num_qubits: 14, (original: 14)
Transpiled circuit depth: 689027 (original: 5)
Transpiled circuit gates: 689127 (original: 19)
============================== Transpiled Circuit saved ==============================
Time elapsed for running the circuit:  1 min 0.41 sec
total_qubits: 14, nq:5

Time elapsed for extracting shots-based hhl counts solution:  0 min 0.00 sec

[HHL info]: linear system residual (e=||Ax-b||_2): 0.00014315678092537596
[HHL info]: Fidelity(true_sol, hhl_sol): 0.9334456172559702
[HHL info]: L2 error (absolute): 7.735189557305331e-06
[HHL info]: L2 error (relative): 0.8613587511484776
[HHL info]: L2 error (normalized): 0.2601926447369206

========================================================================================
 Compare system solutions using LU of A, LU sol of A_herm, HHL of Ax=b hermition system
LU sol 	    Herm LU sol    HHL sol    L1_diff(%)
 1.338e-06   1.338e-06   1.423e-07  8.937e+01
-2.787e-06  -2.787e-06  -3.181e-07  8.859e+01
 5.165e-06   5.165e-06   7.921e-07  8.466e+01
 2.243e-06   2.243e-06   1.423e-07  9.366e+01
 1.687e-06   1.687e-06   2.464e-07  8.539e+01
 3.080e-06   3.080e-06   4.719e-07  8.468e+01
 1.367e-06   1.367e-06   0.000e+00  1.000e+02
-2.378e-06  -2.378e-06  -4.024e-07  8.308e+01
-2.277e-06  -2.277e-06  -3.764e-07  8.347e+01
 1.211e-06   1.211e-06   2.464e-07  7.965e+01
-1.269e-06  -1.269e-06  -1.423e-07  8.879e+01
-2.595e-06  -2.595e-06  -3.485e-07  8.657e+01
 1.043e-06   1.043e-06   1.423e-07  8.636e+01
-1.708e-06  -1.708e-06  -3.181e-07  8.137e+01
-7.211e-07  -7.211e-07  -0.000e+00  1.000e+02
========================================================================================

step: 10/15 res:0.00017098115893286045, res/res0:1.3816247986752423e-05  dq_norm: [3.48486811e-07 6.67301439e-07 1.05509622e-06]

A info: before HHL prepare:
Spectral radius (A): 2.407e+01, lambda_min:4.107840272097634
condition number(A): 5.859e+00, norm2_cond:67.3850660966861
det(A): 9.912e+15
--------------------------------------------------------------------------------

A_hhl info: after scaling by spectral radius:
Spectral radius (A): 1.000e+00, lambda_min:0.1706698109788869
condition number(A): 5.859e+00, norm2_cond:67.38506609668605
det(A): 1.881e-05, nnz: 11 non zeros per row
--------------------------------------------------------------------------------

Size of A & B are not power of 2:
Next 2 power of 15 = 16
Value to be padded = 1
--------------------------------------------------

==================== Print (N)^2 padded matrix system =======================
Padded shape of A: (15, 15)x(15, 15) -> (16, 16)x(16, 16)
Padded shape of B: (15,) -> (16,)
Determinant of padded matrix: 1.8807413490335495e-05
Condition # of padded matrix: 67.38506609668605


Matrix is not Hermitian. Making it Hermitian.......

==================== Print Hermitian matrix system info =======================
Shape of hermitian A: 16x16 -> 32x32
Shape of           B: 16 -> 32
Determinant of Hermitian matrix: 3.5371880219645365e-10
Condition # of Hermitian matrix: 67.38506609668623

=================================== Generating HHL circuit ===================================
Time elapsed for generating HHL circuit: 4 min 13.87 sec

Generated circuit: num_qubits=14, gates=19, depth=5
============================== Generated Circuit saved ==============================

============================== Transpiling circuit ==============================
Time elapsed for transpiling the circuit:  0 min 44.09 sec
Transpiled circuit, num_qubits: 14, (original: 14)
Transpiled circuit depth: 689027 (original: 5)
Transpiled circuit gates: 689127 (original: 19)
============================== Transpiled Circuit saved ==============================
Time elapsed for running the circuit:  1 min 0.87 sec
total_qubits: 14, nq:5

Time elapsed for extracting shots-based hhl counts solution:  0 min 0.00 sec

[HHL info]: linear system residual (e=||Ax-b||_2): 9.619468940802654e-05
[HHL info]: Fidelity(true_sol, hhl_sol): 0.972325009446018
[HHL info]: L2 error (absolute): 4.79085542993623e-06
[HHL info]: L2 error (relative): 0.6193584444588227
[HHL info]: L2 error (normalized): 0.1669405975320008

========================================================================================
 Compare system solutions using LU of A, LU sol of A_herm, HHL of Ax=b hermition system
LU sol 	    Herm LU sol    HHL sol    L1_diff(%)
 1.196e-06   1.196e-06   2.968e-07  7.518e+01
-2.469e-06  -2.469e-06  -1.028e-06  5.836e+01
 4.373e-06   4.373e-06   1.653e-06  6.221e+01
 2.101e-06   2.101e-06   8.905e-07  5.760e+01
 1.440e-06   1.440e-06   4.198e-07  7.086e+01
 2.608e-06   2.608e-06   1.070e-06  5.896e+01
 1.367e-06   1.367e-06   2.968e-07  7.828e+01
-1.975e-06  -1.975e-06  -5.937e-07  6.994e+01
-1.900e-06  -1.900e-06  -6.638e-07  6.507e+01
 9.647e-07   9.647e-07   5.937e-07  3.846e+01
-1.127e-06  -1.127e-06  -4.198e-07  6.275e+01
-2.246e-06  -2.246e-06  -9.845e-07  5.617e+01
 9.011e-07   9.011e-07   2.968e-07  6.706e+01
-1.390e-06  -1.390e-06  -6.638e-07  5.224e+01
-7.211e-07  -7.211e-07  -4.198e-07  4.178e+01
========================================================================================

step: 11/15 res:0.00014315678651129682, res/res0:1.1567880787398997e-05  dq_norm: [1.18736117e-06 1.48420146e-06 2.33732280e-06]

A info: before HHL prepare:
Spectral radius (A): 2.407e+01, lambda_min:4.107828389245114
condition number(A): 5.859e+00, norm2_cond:67.38505484258602
det(A): 9.912e+15
--------------------------------------------------------------------------------

A_hhl info: after scaling by spectral radius:
Spectral radius (A): 1.000e+00, lambda_min:0.1706694200259005
condition number(A): 5.859e+00, norm2_cond:67.38505484258589
det(A): 1.881e-05, nnz: 11 non zeros per row
--------------------------------------------------------------------------------

Size of A & B are not power of 2:
Next 2 power of 15 = 16
Value to be padded = 1
--------------------------------------------------

==================== Print (N)^2 padded matrix system =======================
Padded shape of A: (15, 15)x(15, 15) -> (16, 16)x(16, 16)
Padded shape of B: (15,) -> (16,)
Determinant of padded matrix: 1.8807282069802467e-05
Condition # of padded matrix: 67.38505484258589


Matrix is not Hermitian. Making it Hermitian.......

==================== Print Hermitian matrix system info =======================
Shape of hermitian A: 16x16 -> 32x32
Shape of           B: 16 -> 32
Determinant of Hermitian matrix: 3.537138588531146e-10
Condition # of Hermitian matrix: 67.38505484258597

=================================== Generating HHL circuit ===================================
Time elapsed for generating HHL circuit: 4 min 13.70 sec

Generated circuit: num_qubits=14, gates=19, depth=5
============================== Generated Circuit saved ==============================

============================== Transpiling circuit ==============================
Time elapsed for transpiling the circuit:  0 min 44.12 sec
Transpiled circuit, num_qubits: 14, (original: 14)
Transpiled circuit depth: 689027 (original: 5)
Transpiled circuit gates: 689127 (original: 19)
============================== Transpiled Circuit saved ==============================
Time elapsed for running the circuit:  1 min 1.23 sec
total_qubits: 14, nq:5

Time elapsed for extracting shots-based hhl counts solution:  0 min 0.00 sec

[HHL info]: linear system residual (e=||Ax-b||_2): 5.053463115564296e-05
[HHL info]: Fidelity(true_sol, hhl_sol): 0.9336804188028461
[HHL info]: L2 error (absolute): 3.1055332643388108e-06
[HHL info]: L2 error (relative): 0.6482206102837356
[HHL info]: L2 error (normalized): 0.25972523864862174

========================================================================================
 Compare system solutions using LU of A, LU sol of A_herm, HHL of Ax=b hermition system
LU sol 	    Herm LU sol    HHL sol    L1_diff(%)
 8.991e-07   8.991e-07   3.037e-07  6.623e+01
-1.441e-06  -1.441e-06  -5.260e-07  6.350e+01
 2.721e-06   2.721e-06   1.150e-06  5.774e+01
 1.210e-06   1.210e-06   2.479e-07  7.951e+01
 1.021e-06   1.021e-06   3.506e-07  6.565e+01
 1.538e-06   1.538e-06   4.295e-07  7.207e+01
 1.070e-06   1.070e-06   5.260e-07  5.084e+01
-1.382e-06  -1.382e-06  -5.544e-07  5.987e+01
-1.237e-06  -1.237e-06  -4.639e-07  6.249e+01
 3.710e-07   3.710e-07   3.037e-07  1.814e+01
-7.071e-07  -7.071e-07  -2.479e-07  6.494e+01
-1.262e-06  -1.262e-06  -3.506e-07  7.221e+01
 6.043e-07   6.043e-07   0.000e+00  1.000e+02
-7.262e-07  -7.262e-07  -1.753e-07  7.586e+01
-3.013e-07  -3.013e-07  -0.000e+00  1.000e+02
========================================================================================

step: 12/15 res:9.619471973233071e-05, res/res0:7.773079274541055e-06  dq_norm: [7.22874116e-07 8.93973999e-07 1.35804399e-06]

A info: before HHL prepare:
Spectral radius (A): 2.407e+01, lambda_min:4.107823677721538
condition number(A): 5.859e+00, norm2_cond:67.38502868662016
det(A): 9.912e+15
--------------------------------------------------------------------------------

A_hhl info: after scaling by spectral radius:
Spectral radius (A): 1.000e+00, lambda_min:0.17066930848707315
condition number(A): 5.859e+00, norm2_cond:67.38502868662025
det(A): 1.881e-05, nnz: 11 non zeros per row
--------------------------------------------------------------------------------

Size of A & B are not power of 2:
Next 2 power of 15 = 16
Value to be padded = 1
--------------------------------------------------

==================== Print (N)^2 padded matrix system =======================
Padded shape of A: (15, 15)x(15, 15) -> (16, 16)x(16, 16)
Padded shape of B: (15,) -> (16,)
Determinant of padded matrix: 1.8807288113262727e-05
Condition # of padded matrix: 67.38502868662025


Matrix is not Hermitian. Making it Hermitian.......

==================== Print Hermitian matrix system info =======================
Shape of hermitian A: 16x16 -> 32x32
Shape of           B: 16 -> 32
Determinant of Hermitian matrix: 3.537140861752734e-10
Condition # of Hermitian matrix: 67.38502868662025

=================================== Generating HHL circuit ===================================
Time elapsed for generating HHL circuit: 4 min 14.06 sec

Generated circuit: num_qubits=14, gates=19, depth=5
============================== Generated Circuit saved ==============================

============================== Transpiling circuit ==============================
Time elapsed for transpiling the circuit:  0 min 43.86 sec
Transpiled circuit, num_qubits: 14, (original: 14)
Transpiled circuit depth: 689027 (original: 5)
Transpiled circuit gates: 689127 (original: 19)
============================== Transpiled Circuit saved ==============================
Time elapsed for running the circuit:  1 min 1.11 sec
total_qubits: 14, nq:5

Time elapsed for extracting shots-based hhl counts solution:  0 min 0.00 sec

[HHL info]: linear system residual (e=||Ax-b||_2): 3.3535551013416376e-05
[HHL info]: Fidelity(true_sol, hhl_sol): 0.9819055233671404
[HHL info]: L2 error (absolute): 2.0994351210338364e-06
[HHL info]: L2 error (relative): 0.676029984285156
[HHL info]: L2 error (normalized): 0.1348223948457155

========================================================================================
 Compare system solutions using LU of A, LU sol of A_herm, HHL of Ax=b hermition system
LU sol 	    Herm LU sol    HHL sol    L1_diff(%)
 5.954e-07   5.954e-07   1.232e-07  7.930e+01
-9.151e-07  -9.151e-07  -3.375e-07  6.312e+01
 1.571e-06   1.571e-06   5.228e-07  6.672e+01
 9.620e-07   9.620e-07   3.142e-07  6.734e+01
 6.700e-07   6.700e-07   2.464e-07  6.322e+01
 1.108e-06   1.108e-06   4.179e-07  6.230e+01
 5.439e-07   5.439e-07   1.743e-07  6.796e+01
-8.271e-07  -8.271e-07  -2.464e-07  7.020e+01
-7.728e-07  -7.728e-07  -2.464e-07  6.811e+01
 6.731e-08   6.731e-08   0.000e+00  1.000e+02
-4.592e-07  -4.592e-07  -1.232e-07  7.316e+01
-9.110e-07  -9.110e-07  -3.018e-07  6.687e+01
 6.043e-07   6.043e-07   1.232e-07  7.961e+01
-5.508e-07  -5.508e-07  -1.509e-07  7.260e+01
-3.013e-07  -3.013e-07  -8.713e-08  7.108e+01
========================================================================================

step: 13/15 res:5.0534660782761246e-05, res/res0:4.083487383397636e-06  dq_norm: [3.99289955e-07 5.22793270e-07 7.79334193e-07]

A info: before HHL prepare:
Spectral radius (A): 2.407e+01, lambda_min:4.107820265270294
condition number(A): 5.859e+00, norm2_cond:67.38503047808585
det(A): 9.912e+15
--------------------------------------------------------------------------------

A_hhl info: after scaling by spectral radius:
Spectral radius (A): 1.000e+00, lambda_min:0.1706692020473941
condition number(A): 5.859e+00, norm2_cond:67.38503047808578
det(A): 1.881e-05, nnz: 11 non zeros per row
--------------------------------------------------------------------------------

Size of A & B are not power of 2:
Next 2 power of 15 = 16
Value to be padded = 1
--------------------------------------------------

==================== Print (N)^2 padded matrix system =======================
Padded shape of A: (15, 15)x(15, 15) -> (16, 16)x(16, 16)
Padded shape of B: (15,) -> (16,)
Determinant of padded matrix: 1.880725679140733e-05
Condition # of padded matrix: 67.38503047808578


Matrix is not Hermitian. Making it Hermitian.......

==================== Print Hermitian matrix system info =======================
Shape of hermitian A: 16x16 -> 32x32
Shape of           B: 16 -> 32
Determinant of Hermitian matrix: 3.5371290801793835e-10
Condition # of Hermitian matrix: 67.38503047808577

=================================== Generating HHL circuit ===================================
Time elapsed for generating HHL circuit: 4 min 13.18 sec

Generated circuit: num_qubits=14, gates=19, depth=5
============================== Generated Circuit saved ==============================

============================== Transpiling circuit ==============================
Time elapsed for transpiling the circuit:  0 min 42.95 sec
Transpiled circuit, num_qubits: 14, (original: 14)
Transpiled circuit depth: 689027 (original: 5)
Transpiled circuit gates: 689127 (original: 19)
============================== Transpiled Circuit saved ==============================
Time elapsed for running the circuit:  1 min 1.35 sec
total_qubits: 14, nq:5

Time elapsed for extracting shots-based hhl counts solution:  0 min 0.00 sec

[HHL info]: linear system residual (e=||Ax-b||_2): 1.5954616325380875e-05
[HHL info]: Fidelity(true_sol, hhl_sol): 0.9678854677926975
[HHL info]: L2 error (absolute): 8.917349652704648e-07
[HHL info]: L2 error (relative): 0.42474989179327854
[HHL info]: L2 error (normalized): 0.1799349691198964

========================================================================================
 Compare system solutions using LU of A, LU sol of A_herm, HHL of Ax=b hermition system
LU sol 	    Herm LU sol    HHL sol    L1_diff(%)
 4.722e-07   4.722e-07   2.621e-07  4.449e+01
-5.776e-07  -5.776e-07  -3.384e-07  4.142e+01
 1.048e-06   1.048e-06   5.662e-07  4.598e+01
 6.479e-07   6.479e-07   4.540e-07  2.993e+01
 4.236e-07   4.236e-07   2.621e-07  3.813e+01
 6.905e-07   6.905e-07   4.280e-07  3.802e+01
 3.697e-07   3.697e-07   2.393e-07  3.528e+01
-5.806e-07  -5.806e-07  -3.858e-07  3.356e+01
-5.263e-07  -5.263e-07  -3.210e-07  3.901e+01
 6.731e-08   6.731e-08   1.070e-07  5.896e+01
-3.360e-07  -3.360e-07  -1.853e-07  4.483e+01
-6.092e-07  -6.092e-07  -4.412e-07  2.758e+01
 4.811e-07   4.811e-07   1.853e-07  6.148e+01
-3.999e-07  -3.999e-07  -1.853e-07  5.366e+01
-2.141e-07  -2.141e-07  -0.000e+00  1.000e+02
========================================================================================

step: 14/15 res:3.3535554026685995e-05, res/res0:2.7098630849014565e-06  dq_norm: [6.14669307e-07 6.33021674e-07 8.95227837e-07]
Completed: 14 steps in 6297.24s
Saved metadata to /lustre/orion/ard189/proj-shared/nozzle_1d_results/nelem5/statevector/shots_50000/trial_4/metadata_nelem5_HHL_statevector_nshots50000.pkl

Solution summary:
  x/L: [0.1000, 0.9000]
  Mach: [1.5204, 2.1516]
  p/p_in: [0.9797, 0.3653]
  rho/rho_in: [0.9875, 0.4838]
Saved combined plot to /lustre/orion/ard189/proj-shared/nozzle_1d_results/nelem5/statevector/shots_50000/trial_4/solution_plot_nelem5_HHL_statevector_nshots50000.png
