
------------------------------------------------------------
Using ideal local simulator with 'statevector' method
Backend: aer_simulator_statevector
Shots: 50000
------------------------------------------------------------

A info: before HHL prepare:
Spectral radius (A): 9.808e+01, lambda_min:5.866129498146235
condition number(A): 1.672e+01, norm2_cond:401.8614855890083
det(A): 2.657e+93
--------------------------------------------------------------------------------

A_hhl info: after scaling by spectral radius:
Spectral radius (A): 1.000e+00, lambda_min:0.05980937346031271
condition number(A): 1.672e+01, norm2_cond:401.8614855890105
det(A): 8.499e-27, nnz: 12 non zeros per row
--------------------------------------------------------------------------------

Size of A & B are not power of 2:
Next 2 power of 60 = 64
Value to be padded = 4
--------------------------------------------------

==================== Print (N)^2 padded matrix system =======================
Padded shape of A: (60, 60)x(60, 60) -> (64, 64)x(64, 64)
Padded shape of B: (60,) -> (64,)
Determinant of padded matrix: 8.499054744892335e-27
Condition # of padded matrix: 401.8614855890105


Matrix is not Hermitian. Making it Hermitian.......

==================== Print Hermitian matrix system info =======================
Shape of hermitian A: 64x64 -> 128x128
Shape of           B: 64 -> 128
Determinant of Hermitian matrix: 7.223393155667588e-53
Condition # of Hermitian matrix: 401.86148558902164

=================================== Generating HHL circuit ===================================
Time elapsed for generating HHL circuit: 4 min 42.69 sec

Generated circuit: num_qubits=18, gates=23, depth=5
============================== Generated Circuit saved ==============================

============================== Transpiling circuit ==============================
This is using the AerSimulator('aer_simulator_statevector') transpiler.
Time elapsed for transpiling the circuit:  0 min 50.12 sec
Transpiled circuit, num_qubits: 18, (original: 18)
Transpiled circuit depth: 464201 (original: 5)
Transpiled circuit gates: 464353 (original: 23)
============================== Transpiled Circuit saved ==============================
Time elapsed for running the circuit:  2 min 33.27 sec
total_qubits: 18, nq:7

Time elapsed for extracting shots-based hhl counts solution:  0 min 0.00 sec

[HHL info]: linear system residual (e=||Ax-b||_2): 20.626489275412723
[HHL info]: Fidelity(true_sol, hhl_sol): 0.9875438313508422
[HHL info]: L2 error (absolute): 4.583865720848495
[HHL info]: L2 error (relative): 0.8473961696148087
[HHL info]: L2 error (normalized): 0.11178193575966779

========================================================================================
 Compare system solutions using LU of A, LU sol of A_herm, HHL of Ax=b hermition system
LU sol 	    Herm LU sol    HHL sol    L1_diff(%)
-2.338e-04  -2.338e-04  -0.000e+00  1.000e+02
-1.963e-04  -1.963e-04  -0.000e+00  1.000e+02
-6.159e-04  -6.159e-04  -0.000e+00  1.000e+02
-8.210e-04  -8.210e-04  -0.000e+00  1.000e+02
-7.266e-04  -7.266e-04  -0.000e+00  1.000e+02
-2.219e-03  -2.219e-03  -0.000e+00  1.000e+02
-1.793e-03  -1.793e-03  -0.000e+00  1.000e+02
-1.753e-03  -1.753e-03  -0.000e+00  1.000e+02
-5.094e-03  -5.094e-03  -0.000e+00  1.000e+02
-3.854e-03  -3.854e-03  -0.000e+00  1.000e+02
-3.983e-03  -3.983e-03  -0.000e+00  1.000e+02
-1.127e-02  -1.127e-02  -0.000e+00  1.000e+02
-9.906e-03  -9.906e-03  -0.000e+00  1.000e+02
-9.642e-03  -9.642e-03  -0.000e+00  1.000e+02
-2.806e-02  -2.806e-02  -0.000e+00  1.000e+02
-2.691e-02  -2.691e-02  -0.000e+00  1.000e+02
-2.384e-02  -2.384e-02  -0.000e+00  1.000e+02
-7.270e-02  -7.270e-02  -2.926e-02  5.976e+01
-6.552e-02  -6.552e-02  -0.000e+00  1.000e+02
-5.523e-02  -5.523e-02  -0.000e+00  1.000e+02
-1.723e-01  -1.723e-01  -2.926e-02  8.302e+01
-1.346e-01  -1.346e-01  -2.926e-02  7.826e+01
-1.143e-01  -1.143e-01  -0.000e+00  1.000e+02
-3.520e-01  -3.520e-01  -5.067e-02  8.560e+01
-2.317e-01  -2.317e-01  -4.137e-02  8.214e+01
-2.062e-01  -2.062e-01  -0.000e+00  1.000e+02
-6.108e-01  -6.108e-01  -8.777e-02  8.563e+01
-3.379e-01  -3.379e-01  -6.542e-02  8.064e+01
-3.187e-01  -3.187e-01  -2.926e-02  9.082e+01
-9.014e-01  -9.014e-01  -1.548e-01  8.283e+01
-4.286e-01  -4.286e-01  -5.067e-02  8.818e+01
-4.234e-01  -4.234e-01  -5.851e-02  8.618e+01
-1.154e+00  -1.154e+00  -1.629e-01  8.588e+01
-4.911e-01  -4.911e-01  -9.252e-02  8.116e+01
-4.997e-01  -4.997e-01  -6.542e-02  8.691e+01
-1.329e+00  -1.329e+00  -2.069e-01  8.444e+01
-5.282e-01  -5.282e-01  -9.252e-02  8.249e+01
-5.462e-01  -5.462e-01  -9.252e-02  8.306e+01
-1.433e+00  -1.433e+00  -2.130e-01  8.514e+01
-5.481e-01  -5.481e-01  -1.095e-01  8.003e+01
-5.715e-01  -5.715e-01  -1.055e-01  8.154e+01
-1.489e+00  -1.489e+00  -2.377e-01  8.404e+01
-5.581e-01  -5.581e-01  -8.777e-02  8.427e+01
-5.842e-01  -5.842e-01  -1.013e-01  8.265e+01
-1.517e+00  -1.517e+00  -2.228e-01  8.531e+01
-5.629e-01  -5.629e-01  -7.166e-02  8.727e+01
-5.904e-01  -5.904e-01  -9.252e-02  8.433e+01
-1.530e+00  -1.530e+00  -2.304e-01  8.494e+01
-5.652e-01  -5.652e-01  -8.777e-02  8.447e+01
-5.933e-01  -5.933e-01  -7.166e-02  8.792e+01
-1.536e+00  -1.536e+00  -2.600e-01  8.307e+01
-5.662e-01  -5.662e-01  -5.851e-02  8.967e+01
-5.946e-01  -5.946e-01  -1.133e-01  8.094e+01
-1.539e+00  -1.539e+00  -2.189e-01  8.578e+01
-5.667e-01  -5.667e-01  -8.275e-02  8.540e+01
-5.952e-01  -5.952e-01  -8.777e-02  8.525e+01
-1.541e+00  -1.541e+00  -2.395e-01  8.446e+01
-5.670e-01  -5.670e-01  -7.741e-02  8.635e+01
-5.955e-01  -5.955e-01  -7.166e-02  8.797e+01
-1.541e+00  -1.541e+00  -2.359e-01  8.470e+01
========================================================================================

step: 0/15 res:22.437797065296795, res/res0:1.0  dq_norm: [0.27444949 0.2790884  0.73374713]

A info: before HHL prepare:
Spectral radius (A): 9.902e+01, lambda_min:6.285939066414483
condition number(A): 1.575e+01, norm2_cond:386.6944757402485
det(A): 9.122e+93
--------------------------------------------------------------------------------

A_hhl info: after scaling by spectral radius:
Spectral radius (A): 1.000e+00, lambda_min:0.06348317467399078
condition number(A): 1.575e+01, norm2_cond:386.69447574024804
det(A): 1.650e-26, nnz: 23 non zeros per row
--------------------------------------------------------------------------------

Size of A & B are not power of 2:
Next 2 power of 60 = 64
Value to be padded = 4
--------------------------------------------------

==================== Print (N)^2 padded matrix system =======================
Padded shape of A: (60, 60)x(60, 60) -> (64, 64)x(64, 64)
Padded shape of B: (60,) -> (64,)
Determinant of padded matrix: 1.6496834770565393e-26
Condition # of padded matrix: 386.69447574024804


Matrix is not Hermitian. Making it Hermitian.......

==================== Print Hermitian matrix system info =======================
Shape of hermitian A: 64x64 -> 128x128
Shape of           B: 64 -> 128
Determinant of Hermitian matrix: 2.721455574473315e-52
Condition # of Hermitian matrix: 386.6944757402501

=================================== Generating HHL circuit ===================================
Time elapsed for generating HHL circuit: 4 min 55.29 sec

Generated circuit: num_qubits=18, gates=23, depth=5
============================== Generated Circuit saved ==============================

============================== Transpiling circuit ==============================
This is using the AerSimulator('aer_simulator_statevector') transpiler.
Time elapsed for transpiling the circuit:  0 min 46.86 sec
Transpiled circuit, num_qubits: 18, (original: 18)
Transpiled circuit depth: 464198 (original: 5)
Transpiled circuit gates: 464350 (original: 23)
============================== Transpiled Circuit saved ==============================
Time elapsed for running the circuit:  2 min 29.01 sec
total_qubits: 18, nq:7

Time elapsed for extracting shots-based hhl counts solution:  0 min 0.00 sec

[HHL info]: linear system residual (e=||Ax-b||_2): 19.313441445010785
[HHL info]: Fidelity(true_sol, hhl_sol): 0.9810156030037623
[HHL info]: L2 error (absolute): 3.912054586859436
[HHL info]: L2 error (relative): 0.871969084833426
[HHL info]: L2 error (normalized): 0.1381135922991423

========================================================================================
 Compare system solutions using LU of A, LU sol of A_herm, HHL of Ax=b hermition system
LU sol 	    Herm LU sol    HHL sol    L1_diff(%)
-2.032e-04  -2.032e-04  -0.000e+00  1.000e+02
-1.810e-04  -1.810e-04  -0.000e+00  1.000e+02
-5.509e-04  -5.509e-04  -0.000e+00  1.000e+02
-7.180e-04  -7.180e-04  -0.000e+00  1.000e+02
-6.754e-04  -6.754e-04  -0.000e+00  1.000e+02
-1.999e-03  -1.999e-03  -0.000e+00  1.000e+02
-1.709e-03  -1.709e-03  -0.000e+00  1.000e+02
-1.713e-03  -1.713e-03  -0.000e+00  1.000e+02
-4.917e-03  -4.917e-03  -0.000e+00  1.000e+02
-4.117e-03  -4.117e-03  -0.000e+00  1.000e+02
-4.097e-03  -4.097e-03  -0.000e+00  1.000e+02
-1.183e-02  -1.183e-02  -0.000e+00  1.000e+02
-1.091e-02  -1.091e-02  -0.000e+00  1.000e+02
-1.018e-02  -1.018e-02  -0.000e+00  1.000e+02
-3.025e-02  -3.025e-02  -0.000e+00  1.000e+02
-2.791e-02  -2.791e-02  -0.000e+00  1.000e+02
-2.425e-02  -2.425e-02  -0.000e+00  1.000e+02
-4.510e-02  -4.510e-02  -0.000e+00  1.000e+02
-6.363e-02  -6.363e-02  -0.000e+00  1.000e+02
-5.448e-02  -5.448e-02  -0.000e+00  1.000e+02
-1.384e-01  -1.384e-01  -3.003e-02  7.830e+01
-9.774e-02  -9.774e-02  -0.000e+00  1.000e+02
-1.131e-01  -1.131e-01  -0.000e+00  1.000e+02
-2.839e-01  -2.839e-01  -4.748e-02  8.327e+01
-1.794e-01  -1.794e-01  -3.678e-02  7.950e+01
-2.076e-01  -2.076e-01  -2.123e-02  8.977e+01
-4.964e-01  -4.964e-01  -6.006e-02  8.790e+01
-2.605e-01  -2.605e-01  -3.003e-02  8.847e+01
-2.898e-01  -2.898e-01  -5.201e-02  8.205e+01
-7.170e-01  -7.170e-01  -1.062e-01  8.519e+01
-3.642e-01  -3.642e-01  -5.618e-02  8.457e+01
-3.631e-01  -3.631e-01  -3.678e-02  8.987e+01
-9.557e-01  -9.557e-01  -1.360e-01  8.577e+01
-3.815e-01  -3.815e-01  -4.247e-02  8.887e+01
-4.351e-01  -4.351e-01  -3.678e-02  9.155e+01
-1.083e+00  -1.083e+00  -1.440e-01  8.670e+01
-4.208e-01  -4.208e-01  -4.247e-02  8.991e+01
-4.542e-01  -4.542e-01  -6.006e-02  8.678e+01
-1.188e+00  -1.188e+00  -1.658e-01  8.604e+01
-4.260e-01  -4.260e-01  -3.678e-02  9.137e+01
-4.673e-01  -4.673e-01  -6.715e-02  8.563e+01
-1.227e+00  -1.227e+00  -1.617e-01  8.682e+01
-4.585e-01  -4.585e-01  -6.715e-02  8.535e+01
-4.793e-01  -4.793e-01  -8.755e-02  8.173e+01
-1.268e+00  -1.268e+00  -1.424e-01  8.877e+01
-4.816e-01  -4.816e-01  -6.715e-02  8.606e+01
-5.000e-01  -5.000e-01  -8.494e-02  8.301e+01
-1.270e+00  -1.270e+00  -1.685e-01  8.673e+01
-4.747e-01  -4.747e-01  -7.656e-02  8.387e+01
-5.258e-01  -5.258e-01  -7.043e-02  8.660e+01
-1.263e+00  -1.263e+00  -1.725e-01  8.634e+01
-5.061e-01  -5.061e-01  -6.715e-02  8.673e+01
-4.766e-01  -4.766e-01  -5.618e-02  8.821e+01
-1.312e+00  -1.312e+00  -1.631e-01  8.757e+01
-4.717e-01  -4.717e-01  -5.618e-02  8.809e+01
-5.069e-01  -5.069e-01  -6.715e-02  8.675e+01
-1.268e+00  -1.268e+00  -1.456e-01  8.852e+01
-4.734e-01  -4.734e-01  -6.715e-02  8.581e+01
-5.238e-01  -5.238e-01  -4.748e-02  9.093e+01
-1.261e+00  -1.261e+00  -1.376e-01  8.909e+01
========================================================================================

step: 1/15 res:20.663713037078494, res/res0:0.9209332349759874  dq_norm: [0.19345829 0.20913859 0.50608384]

A info: before HHL prepare:
Spectral radius (A): 9.919e+01, lambda_min:6.373646374662593
condition number(A): 1.556e+01, norm2_cond:376.00216065557464
det(A): 2.026e+94
--------------------------------------------------------------------------------

A_hhl info: after scaling by spectral radius:
Spectral radius (A): 1.000e+00, lambda_min:0.06425744751421657
condition number(A): 1.556e+01, norm2_cond:376.0021606555722
det(A): 3.302e-26, nnz: 24 non zeros per row
--------------------------------------------------------------------------------

Size of A & B are not power of 2:
Next 2 power of 60 = 64
Value to be padded = 4
--------------------------------------------------

==================== Print (N)^2 padded matrix system =======================
Padded shape of A: (60, 60)x(60, 60) -> (64, 64)x(64, 64)
Padded shape of B: (60,) -> (64,)
Determinant of padded matrix: 3.301853761167545e-26
Condition # of padded matrix: 376.0021606555722


Matrix is not Hermitian. Making it Hermitian.......

==================== Print Hermitian matrix system info =======================
Shape of hermitian A: 64x64 -> 128x128
Shape of           B: 64 -> 128
Determinant of Hermitian matrix: 1.0902238260136419e-51
Condition # of Hermitian matrix: 376.0021606555738

=================================== Generating HHL circuit ===================================
Time elapsed for generating HHL circuit: 5 min 2.37 sec

Generated circuit: num_qubits=18, gates=23, depth=5
============================== Generated Circuit saved ==============================

============================== Transpiling circuit ==============================
This is using the AerSimulator('aer_simulator_statevector') transpiler.
Time elapsed for transpiling the circuit:  0 min 49.17 sec
Transpiled circuit, num_qubits: 18, (original: 18)
Transpiled circuit depth: 464200 (original: 5)
Transpiled circuit gates: 464352 (original: 23)
============================== Transpiled Circuit saved ==============================
Time elapsed for running the circuit:  2 min 31.65 sec
total_qubits: 18, nq:7

Time elapsed for extracting shots-based hhl counts solution:  0 min 0.00 sec

[HHL info]: linear system residual (e=||Ax-b||_2): 19.254342706554656
[HHL info]: Fidelity(true_sol, hhl_sol): 0.9792983771914702
[HHL info]: L2 error (absolute): 3.7635654552131013
[HHL info]: L2 error (relative): 0.9765392607937987
[HHL info]: L2 error (normalized): 0.14425631925033602

========================================================================================
 Compare system solutions using LU of A, LU sol of A_herm, HHL of Ax=b hermition system
LU sol 	    Herm LU sol    HHL sol    L1_diff(%)
-2.021e-04  -2.021e-04  -0.000e+00  1.000e+02
-1.804e-04  -1.804e-04  -0.000e+00  1.000e+02
-5.488e-04  -5.488e-04  -0.000e+00  1.000e+02
-7.190e-04  -7.190e-04  -0.000e+00  1.000e+02
-6.761e-04  -6.761e-04  -0.000e+00  1.000e+02
-2.001e-03  -2.001e-03  -0.000e+00  1.000e+02
-1.722e-03  -1.722e-03  -0.000e+00  1.000e+02
-1.721e-03  -1.721e-03  -0.000e+00  1.000e+02
-4.941e-03  -4.941e-03  -0.000e+00  1.000e+02
-4.142e-03  -4.142e-03  -0.000e+00  1.000e+02
-4.110e-03  -4.110e-03  -0.000e+00  1.000e+02
-1.188e-02  -1.188e-02  -0.000e+00  1.000e+02
-1.089e-02  -1.089e-02  -0.000e+00  1.000e+02
-1.013e-02  -1.013e-02  -0.000e+00  1.000e+02
-3.023e-02  -3.023e-02  -0.000e+00  1.000e+02
-2.788e-02  -2.788e-02  -0.000e+00  1.000e+02
-2.429e-02  -2.429e-02  -0.000e+00  1.000e+02
-4.506e-02  -4.506e-02  -5.004e-03  8.889e+01
-6.371e-02  -6.371e-02  -3.539e-03  9.445e+01
-5.461e-02  -5.461e-02  -3.539e-03  9.352e+01
-1.074e-01  -1.074e-01  -7.077e-03  9.341e+01
-9.789e-02  -9.789e-02  -3.539e-03  9.639e+01
-1.137e-01  -1.137e-01  -0.000e+00  1.000e+02
-2.354e-01  -2.354e-01  -5.004e-03  9.787e+01
-1.410e-01  -1.410e-01  -6.129e-03  9.565e+01
-1.862e-01  -1.862e-01  -5.004e-03  9.731e+01
-4.338e-01  -4.338e-01  -1.174e-02  9.729e+01
-2.241e-01  -2.241e-01  -5.004e-03  9.777e+01
-2.354e-01  -2.354e-01  -7.077e-03  9.699e+01
-5.955e-01  -5.955e-01  -1.804e-02  9.697e+01
-2.978e-01  -2.978e-01  -7.077e-03  9.762e+01
-3.271e-01  -3.271e-01  -8.668e-03  9.735e+01
-7.949e-01  -7.949e-01  -1.872e-02  9.764e+01
-3.342e-01  -3.342e-01  -9.362e-03  9.720e+01
-4.004e-01  -4.004e-01  -1.062e-02  9.735e+01
-9.229e-01  -9.229e-01  -2.210e-02  9.761e+01
-3.791e-01  -3.791e-01  -1.062e-02  9.720e+01
-3.947e-01  -3.947e-01  -5.004e-03  9.873e+01
-1.016e+00  -1.016e+00  -2.477e-02  9.756e+01
-3.916e-01  -3.916e-01  -7.077e-03  9.819e+01
-4.003e-01  -4.003e-01  -9.362e-03  9.766e+01
-1.067e+00  -1.067e+00  -2.426e-02  9.773e+01
-3.884e-01  -3.884e-01  -7.077e-03  9.818e+01
-3.904e-01  -3.904e-01  -9.362e-03  9.760e+01
-1.125e+00  -1.125e+00  -2.624e-02  9.767e+01
-4.051e-01  -4.051e-01  -6.129e-03  9.849e+01
-4.132e-01  -4.132e-01  -1.001e-02  9.758e+01
-1.083e+00  -1.083e+00  -2.576e-02  9.762e+01
-3.856e-01  -3.856e-01  -1.062e-02  9.725e+01
-4.571e-01  -4.571e-01  -7.077e-03  9.845e+01
-1.063e+00  -1.063e+00  -2.452e-02  9.769e+01
-4.281e-01  -4.281e-01  -1.276e-02  9.702e+01
-4.218e-01  -4.218e-01  -8.668e-03  9.795e+01
-1.124e+00  -1.124e+00  -2.502e-02  9.777e+01
-4.038e-01  -4.038e-01  -7.077e-03  9.825e+01
-4.378e-01  -4.378e-01  -1.174e-02  9.732e+01
-1.097e+00  -1.097e+00  -2.695e-02  9.754e+01
-3.905e-01  -3.905e-01  -1.001e-02  9.744e+01
-4.759e-01  -4.759e-01  -1.001e-02  9.790e+01
-1.090e+00  -1.090e+00  -2.452e-02  9.775e+01
========================================================================================

step: 2/15 res:19.326331846481374, res/res0:0.8613292913845032  dq_norm: [0.0300267  0.03064587 0.08069433]

A info: before HHL prepare:
Spectral radius (A): 9.927e+01, lambda_min:6.396584717616908
condition number(A): 1.552e+01, norm2_cond:374.09662391230904
det(A): 2.342e+94
--------------------------------------------------------------------------------

A_hhl info: after scaling by spectral radius:
Spectral radius (A): 1.000e+00, lambda_min:0.06443838529857916
condition number(A): 1.552e+01, norm2_cond:374.0966239123116
det(A): 3.642e-26, nnz: 21 non zeros per row
--------------------------------------------------------------------------------

Size of A & B are not power of 2:
Next 2 power of 60 = 64
Value to be padded = 4
--------------------------------------------------

==================== Print (N)^2 padded matrix system =======================
Padded shape of A: (60, 60)x(60, 60) -> (64, 64)x(64, 64)
Padded shape of B: (60,) -> (64,)
Determinant of padded matrix: 3.641751094397243e-26
Condition # of padded matrix: 374.0966239123116


Matrix is not Hermitian. Making it Hermitian.......

==================== Print Hermitian matrix system info =======================
Shape of hermitian A: 64x64 -> 128x128
Shape of           B: 64 -> 128
Determinant of Hermitian matrix: 1.3262351033542577e-51
Condition # of Hermitian matrix: 374.0966239123138

=================================== Generating HHL circuit ===================================
Time elapsed for generating HHL circuit: 4 min 59.48 sec

Generated circuit: num_qubits=18, gates=23, depth=5
============================== Generated Circuit saved ==============================

============================== Transpiling circuit ==============================
This is using the AerSimulator('aer_simulator_statevector') transpiler.
Time elapsed for transpiling the circuit:  0 min 51.72 sec
Transpiled circuit, num_qubits: 18, (original: 18)
Transpiled circuit depth: 464194 (original: 5)
Transpiled circuit gates: 464346 (original: 23)
============================== Transpiled Circuit saved ==============================
Time elapsed for running the circuit:  2 min 33.23 sec
total_qubits: 18, nq:7

Time elapsed for extracting shots-based hhl counts solution:  0 min 0.00 sec

[HHL info]: linear system residual (e=||Ax-b||_2): 18.097185281382014
[HHL info]: Fidelity(true_sol, hhl_sol): 0.9814666213330601
[HHL info]: L2 error (absolute): 3.3480598703956796
[HHL info]: L2 error (relative): 0.8921623609373345
[HHL info]: L2 error (normalized): 0.13645532339052455

========================================================================================
 Compare system solutions using LU of A, LU sol of A_herm, HHL of Ax=b hermition system
LU sol 	    Herm LU sol    HHL sol    L1_diff(%)
-2.015e-04  -2.015e-04  -0.000e+00  1.000e+02
-1.801e-04  -1.801e-04  -0.000e+00  1.000e+02
-5.475e-04  -5.475e-04  -0.000e+00  1.000e+02
-7.203e-04  -7.203e-04  -0.000e+00  1.000e+02
-6.769e-04  -6.769e-04  -0.000e+00  1.000e+02
-2.003e-03  -2.003e-03  -0.000e+00  1.000e+02
-1.731e-03  -1.731e-03  -0.000e+00  1.000e+02
-1.725e-03  -1.725e-03  -0.000e+00  1.000e+02
-4.962e-03  -4.962e-03  -0.000e+00  1.000e+02
-4.162e-03  -4.162e-03  -0.000e+00  1.000e+02
-4.117e-03  -4.117e-03  -0.000e+00  1.000e+02
-1.193e-02  -1.193e-02  -0.000e+00  1.000e+02
-1.091e-02  -1.091e-02  -0.000e+00  1.000e+02
-1.014e-02  -1.014e-02  -0.000e+00  1.000e+02
-3.027e-02  -3.027e-02  -1.648e-02  4.556e+01
-2.784e-02  -2.784e-02  -0.000e+00  1.000e+02
-2.428e-02  -2.428e-02  -0.000e+00  1.000e+02
-3.990e-02  -3.990e-02  -0.000e+00  1.000e+02
-5.998e-02  -5.998e-02  -1.648e-02  7.253e+01
-5.102e-02  -5.102e-02  -0.000e+00  1.000e+02
-1.001e-01  -1.001e-01  -2.330e-02  7.672e+01
-9.414e-02  -9.414e-02  -0.000e+00  1.000e+02
-1.137e-01  -1.137e-01  -1.648e-02  8.550e+01
-2.300e-01  -2.300e-01  -3.295e-02  8.567e+01
-1.348e-01  -1.348e-01  -0.000e+00  1.000e+02
-1.814e-01  -1.814e-01  -0.000e+00  1.000e+02
-4.219e-01  -4.219e-01  -4.661e-02  8.895e+01
-2.191e-01  -2.191e-01  -2.854e-02  8.697e+01
-2.284e-01  -2.284e-01  -2.330e-02  8.980e+01
-5.770e-01  -5.770e-01  -6.591e-02  8.858e+01
-2.898e-01  -2.898e-01  -2.330e-02  9.196e+01
-3.181e-01  -3.181e-01  -3.684e-02  8.842e+01
-7.744e-01  -7.744e-01  -8.719e-02  8.874e+01
-3.228e-01  -3.228e-01  -4.036e-02  8.750e+01
-3.895e-01  -3.895e-01  -3.684e-02  9.054e+01
-8.961e-01  -8.961e-01  -9.608e-02  8.928e+01
-3.666e-01  -3.666e-01  -3.684e-02  8.995e+01
-3.904e-01  -3.904e-01  -4.360e-02  8.883e+01
-9.869e-01  -9.869e-01  -1.068e-01  8.918e+01
-3.841e-01  -3.841e-01  -4.943e-02  8.713e+01
-3.911e-01  -3.911e-01  -5.465e-02  8.603e+01
-1.040e+00  -1.040e+00  -1.188e-01  8.858e+01
-3.809e-01  -3.809e-01  -4.036e-02  8.940e+01
-3.808e-01  -3.808e-01  -3.295e-02  9.135e+01
-1.097e+00  -1.097e+00  -1.068e-01  9.027e+01
-3.973e-01  -3.973e-01  -5.211e-02  8.688e+01
-4.025e-01  -4.025e-01  -4.943e-02  8.772e+01
-1.052e+00  -1.052e+00  -1.142e-01  8.915e+01
-3.726e-01  -3.726e-01  -3.295e-02  9.116e+01
-4.505e-01  -4.505e-01  -6.165e-02  8.631e+01
-1.033e+00  -1.033e+00  -1.080e-01  8.954e+01
-4.137e-01  -4.137e-01  -5.211e-02  8.740e+01
-4.136e-01  -4.136e-01  -5.211e-02  8.740e+01
-1.096e+00  -1.096e+00  -1.177e-01  8.926e+01
-3.958e-01  -3.958e-01  -3.684e-02  9.069e+01
-4.258e-01  -4.258e-01  -5.465e-02  8.716e+01
-1.067e+00  -1.067e+00  -1.105e-01  8.964e+01
-3.792e-01  -3.792e-01  -3.295e-02  9.131e+01
-4.658e-01  -4.658e-01  -2.854e-02  9.387e+01
-1.062e+00  -1.062e+00  -1.200e-01  8.871e+01
========================================================================================

step: 3/15 res:19.255479229202095, res/res0:0.8581715563772255  dq_norm: [0.13284486 0.149209   0.3568408 ]

A info: before HHL prepare:
Spectral radius (A): 9.946e+01, lambda_min:6.489278045809709
condition number(A): 1.533e+01, norm2_cond:367.9784946187395
det(A): 4.002e+94
--------------------------------------------------------------------------------

A_hhl info: after scaling by spectral radius:
Spectral radius (A): 1.000e+00, lambda_min:0.0652425411688498
condition number(A): 1.533e+01, norm2_cond:367.97849461873847
det(A): 5.526e-26, nnz: 14 non zeros per row
--------------------------------------------------------------------------------

Size of A & B are not power of 2:
Next 2 power of 60 = 64
Value to be padded = 4
--------------------------------------------------

==================== Print (N)^2 padded matrix system =======================
Padded shape of A: (60, 60)x(60, 60) -> (64, 64)x(64, 64)
Padded shape of B: (60,) -> (64,)
Determinant of padded matrix: 5.525829172984755e-26
Condition # of padded matrix: 367.97849461873847


Matrix is not Hermitian. Making it Hermitian.......

==================== Print Hermitian matrix system info =======================
Shape of hermitian A: 64x64 -> 128x128
Shape of           B: 64 -> 128
Determinant of Hermitian matrix: 3.0534788049009807e-51
Condition # of Hermitian matrix: 367.97849461874046

=================================== Generating HHL circuit ===================================
Time elapsed for generating HHL circuit: 5 min 0.20 sec

Generated circuit: num_qubits=18, gates=23, depth=5
============================== Generated Circuit saved ==============================

============================== Transpiling circuit ==============================
This is using the AerSimulator('aer_simulator_statevector') transpiler.
Time elapsed for transpiling the circuit:  0 min 53.09 sec
Transpiled circuit, num_qubits: 18, (original: 18)
Transpiled circuit depth: 464202 (original: 5)
Transpiled circuit gates: 464354 (original: 23)
============================== Transpiled Circuit saved ==============================
Time elapsed for running the circuit:  2 min 32.41 sec
total_qubits: 18, nq:7

Time elapsed for extracting shots-based hhl counts solution:  0 min 0.00 sec

[HHL info]: linear system residual (e=||Ax-b||_2): 17.86734697085532
[HHL info]: Fidelity(true_sol, hhl_sol): 0.9783828010938583
[HHL info]: L2 error (absolute): 3.1080772026126744
[HHL info]: L2 error (relative): 0.939526874898537
[HHL info]: L2 error (normalized): 0.14742898213903533

========================================================================================
 Compare system solutions using LU of A, LU sol of A_herm, HHL of Ax=b hermition system
LU sol 	    Herm LU sol    HHL sol    L1_diff(%)
-2.042e-04  -2.042e-04  -0.000e+00  1.000e+02
-1.814e-04  -1.814e-04  -0.000e+00  1.000e+02
-5.526e-04  -5.526e-04  -0.000e+00  1.000e+02
-7.293e-04  -7.293e-04  -0.000e+00  1.000e+02
-6.816e-04  -6.816e-04  -0.000e+00  1.000e+02
-2.024e-03  -2.024e-03  -0.000e+00  1.000e+02
-1.734e-03  -1.734e-03  -0.000e+00  1.000e+02
-1.719e-03  -1.719e-03  -0.000e+00  1.000e+02
-4.968e-03  -4.968e-03  -0.000e+00  1.000e+02
-4.158e-03  -4.158e-03  -0.000e+00  1.000e+02
-4.141e-03  -4.141e-03  -0.000e+00  1.000e+02
-1.193e-02  -1.193e-02  -0.000e+00  1.000e+02
-1.083e-02  -1.083e-02  -0.000e+00  1.000e+02
-1.007e-02  -1.007e-02  -0.000e+00  1.000e+02
-1.345e-02  -1.345e-02  -0.000e+00  1.000e+02
-2.773e-02  -2.773e-02  -0.000e+00  1.000e+02
-2.430e-02  -2.430e-02  -0.000e+00  1.000e+02
-3.996e-02  -3.996e-02  -0.000e+00  1.000e+02
-4.358e-02  -4.358e-02  -0.000e+00  1.000e+02
-5.139e-02  -5.139e-02  -0.000e+00  1.000e+02
-7.745e-02  -7.745e-02  -0.000e+00  1.000e+02
-9.415e-02  -9.415e-02  -8.477e-03  9.100e+01
-9.676e-02  -9.676e-02  -0.000e+00  1.000e+02
-1.964e-01  -1.964e-01  -1.896e-02  9.035e+01
-1.338e-01  -1.338e-01  -1.199e-02  9.104e+01
-1.814e-01  -1.814e-01  -0.000e+00  1.000e+02
-3.714e-01  -3.714e-01  -2.681e-02  9.278e+01
-1.887e-01  -1.887e-01  -2.243e-02  8.811e+01
-2.053e-01  -2.053e-01  -1.199e-02  9.416e+01
-5.071e-01  -5.071e-01  -3.695e-02  9.271e+01
-2.646e-01  -2.646e-01  -1.468e-02  9.445e+01
-2.810e-01  -2.810e-01  -1.695e-02  9.397e+01
-6.814e-01  -6.814e-01  -4.066e-02  9.403e+01
-2.788e-01  -2.788e-01  -2.398e-02  9.140e+01
-3.530e-01  -3.530e-01  -2.398e-02  9.321e+01
-7.914e-01  -7.914e-01  -4.870e-02  9.385e+01
-3.238e-01  -3.238e-01  -2.077e-02  9.359e+01
-3.459e-01  -3.459e-01  -2.077e-02  9.400e+01
-8.666e-01  -8.666e-01  -5.812e-02  9.329e+01
-3.246e-01  -3.246e-01  -2.243e-02  9.309e+01
-3.350e-01  -3.350e-01  -2.077e-02  9.380e+01
-8.981e-01  -8.981e-01  -5.362e-02  9.403e+01
-3.326e-01  -3.326e-01  -1.896e-02  9.430e+01
-3.506e-01  -3.506e-01  -1.695e-02  9.516e+01
-9.697e-01  -9.697e-01  -6.230e-02  9.358e+01
-3.408e-01  -3.408e-01  -1.896e-02  9.444e+01
-3.533e-01  -3.533e-01  -1.896e-02  9.464e+01
-9.296e-01  -9.296e-01  -5.559e-02  9.402e+01
-3.369e-01  -3.369e-01  -2.077e-02  9.384e+01
-3.878e-01  -3.878e-01  -2.243e-02  9.422e+01
-9.182e-01  -9.182e-01  -4.565e-02  9.503e+01
-3.572e-01  -3.572e-01  -1.199e-02  9.664e+01
-3.623e-01  -3.623e-01  -2.812e-02  9.224e+01
-9.705e-01  -9.705e-01  -6.172e-02  9.364e+01
-3.547e-01  -3.547e-01  -2.398e-02  9.324e+01
-3.700e-01  -3.700e-01  -2.398e-02  9.352e+01
-9.457e-01  -9.457e-01  -5.226e-02  9.447e+01
-3.405e-01  -3.405e-01  -1.896e-02  9.443e+01
-4.371e-01  -4.371e-01  -2.398e-02  9.451e+01
-9.256e-01  -9.256e-01  -5.494e-02  9.406e+01
========================================================================================

step: 4/15 res:18.089961543828235, res/res0:0.8062271662046049  dq_norm: [0.06834693 0.07041852 0.17701316]

A info: before HHL prepare:
Spectral radius (A): 9.977e+01, lambda_min:6.4895491476974625
condition number(A): 1.537e+01, norm2_cond:365.2425924896294
det(A): 5.665e+94
--------------------------------------------------------------------------------

A_hhl info: after scaling by spectral radius:
Spectral radius (A): 1.000e+00, lambda_min:0.06504754177278536
condition number(A): 1.537e+01, norm2_cond:365.2425924896303
det(A): 6.519e-26, nnz: 14 non zeros per row
--------------------------------------------------------------------------------

Size of A & B are not power of 2:
Next 2 power of 60 = 64
Value to be padded = 4
--------------------------------------------------

==================== Print (N)^2 padded matrix system =======================
Padded shape of A: (60, 60)x(60, 60) -> (64, 64)x(64, 64)
Padded shape of B: (60,) -> (64,)
Determinant of padded matrix: 6.518925438493509e-26
Condition # of padded matrix: 365.2425924896303


Matrix is not Hermitian. Making it Hermitian.......

==================== Print Hermitian matrix system info =======================
Shape of hermitian A: 64x64 -> 128x128
Shape of           B: 64 -> 128
Determinant of Hermitian matrix: 4.2496388872640814e-51
Condition # of Hermitian matrix: 365.2425924896376

=================================== Generating HHL circuit ===================================
Time elapsed for generating HHL circuit: 5 min 11.03 sec

Generated circuit: num_qubits=18, gates=23, depth=5
============================== Generated Circuit saved ==============================

============================== Transpiling circuit ==============================
This is using the AerSimulator('aer_simulator_statevector') transpiler.
Time elapsed for transpiling the circuit:  0 min 43.09 sec
Transpiled circuit, num_qubits: 18, (original: 18)
Transpiled circuit depth: 464200 (original: 5)
Transpiled circuit gates: 464352 (original: 23)
============================== Transpiled Circuit saved ==============================
Time elapsed for running the circuit:  2 min 30.41 sec
total_qubits: 18, nq:7

Time elapsed for extracting shots-based hhl counts solution:  0 min 0.00 sec

[HHL info]: linear system residual (e=||Ax-b||_2): 15.674340952764114
[HHL info]: Fidelity(true_sol, hhl_sol): 0.9759811581155876
[HHL info]: L2 error (absolute): 2.593258643188476
[HHL info]: L2 error (relative): 0.8393766705528439
[HHL info]: L2 error (normalized): 0.15545039914876413

========================================================================================
 Compare system solutions using LU of A, LU sol of A_herm, HHL of Ax=b hermition system
LU sol 	    Herm LU sol    HHL sol    L1_diff(%)
-2.018e-04  -2.018e-04  -0.000e+00  1.000e+02
-1.803e-04  -1.803e-04  -0.000e+00  1.000e+02
-5.476e-04  -5.476e-04  -0.000e+00  1.000e+02
-7.183e-04  -7.183e-04  -0.000e+00  1.000e+02
-6.761e-04  -6.761e-04  -0.000e+00  1.000e+02
-2.001e-03  -2.001e-03  -0.000e+00  1.000e+02
-1.717e-03  -1.717e-03  -0.000e+00  1.000e+02
-1.711e-03  -1.711e-03  -0.000e+00  1.000e+02
-4.932e-03  -4.932e-03  -0.000e+00  1.000e+02
-4.165e-03  -4.165e-03  -0.000e+00  1.000e+02
-4.142e-03  -4.142e-03  -0.000e+00  1.000e+02
-1.195e-02  -1.195e-02  -2.175e-02  8.205e+01
-1.092e-02  -1.092e-02  -0.000e+00  1.000e+02
-1.012e-02  -1.012e-02  -0.000e+00  1.000e+02
-1.364e-02  -1.364e-02  -0.000e+00  1.000e+02
-2.788e-02  -2.788e-02  -0.000e+00  1.000e+02
-2.437e-02  -2.437e-02  -0.000e+00  1.000e+02
-4.024e-02  -4.024e-02  -2.175e-02  4.595e+01
-4.353e-02  -4.353e-02  -0.000e+00  1.000e+02
-5.138e-02  -5.138e-02  -0.000e+00  1.000e+02
-7.739e-02  -7.739e-02  -3.076e-02  6.026e+01
-8.494e-02  -8.494e-02  -3.076e-02  6.379e+01
-9.667e-02  -9.667e-02  -0.000e+00  1.000e+02
-1.763e-01  -1.763e-01  -3.076e-02  8.255e+01
-1.203e-01  -1.203e-01  -3.767e-02  6.869e+01
-1.811e-01  -1.811e-01  -3.076e-02  8.302e+01
-3.411e-01  -3.411e-01  -5.327e-02  8.438e+01
-1.646e-01  -1.646e-01  -3.076e-02  8.132e+01
-1.938e-01  -1.938e-01  -2.175e-02  8.878e+01
-4.670e-01  -4.670e-01  -8.967e-02  8.080e+01
-2.486e-01  -2.486e-01  -4.350e-02  8.250e+01
-2.641e-01  -2.641e-01  -3.767e-02  8.574e+01
-6.379e-01  -6.379e-01  -1.109e-01  8.262e+01
-2.525e-01  -2.525e-01  -3.767e-02  8.508e+01
-3.288e-01  -3.288e-01  -6.524e-02  8.016e+01
-7.376e-01  -7.376e-01  -1.230e-01  8.332e+01
-2.994e-01  -2.994e-01  -4.863e-02  8.376e+01
-3.249e-01  -3.249e-01  -5.754e-02  8.229e+01
-7.997e-01  -7.997e-01  -1.323e-01  8.346e+01
-2.975e-01  -2.975e-01  -3.076e-02  8.966e+01
-3.141e-01  -3.141e-01  -4.863e-02  8.452e+01
-8.333e-01  -8.333e-01  -1.358e-01  8.370e+01
-3.095e-01  -3.095e-01  -4.350e-02  8.595e+01
-3.336e-01  -3.336e-01  -5.327e-02  8.403e+01
-8.950e-01  -8.950e-01  -1.409e-01  8.425e+01
-3.195e-01  -3.195e-01  -3.767e-02  8.821e+01
-3.352e-01  -3.352e-01  -4.863e-02  8.549e+01
-8.677e-01  -8.677e-01  -1.268e-01  8.539e+01
-3.154e-01  -3.154e-01  -4.350e-02  8.621e+01
-3.653e-01  -3.653e-01  -8.137e-02  7.772e+01
-8.711e-01  -8.711e-01  -1.491e-01  8.288e+01
-3.448e-01  -3.448e-01  -2.175e-02  9.369e+01
-3.334e-01  -3.334e-01  -6.151e-02  8.155e+01
-9.053e-01  -9.053e-01  -1.323e-01  8.539e+01
-3.292e-01  -3.292e-01  -5.327e-02  8.382e+01
-3.466e-01  -3.466e-01  -5.754e-02  8.340e+01
-8.904e-01  -8.904e-01  -1.459e-01  8.361e+01
-3.208e-01  -3.208e-01  -3.076e-02  9.041e+01
-4.132e-01  -4.132e-01  -6.524e-02  8.421e+01
-8.687e-01  -8.687e-01  -1.553e-01  8.212e+01
========================================================================================

step: 5/15 res:17.8715469645084, res/res0:0.796492940572551  dq_norm: [0.13925566 0.18959537 0.44517212]

A info: before HHL prepare:
Spectral radius (A): 1.000e+02, lambda_min:6.558827391528088
condition number(A): 1.525e+01, norm2_cond:358.4887932945177
det(A): 7.704e+94
--------------------------------------------------------------------------------

A_hhl info: after scaling by spectral radius:
Spectral radius (A): 1.000e+00, lambda_min:0.06556998611357867
condition number(A): 1.525e+01, norm2_cond:358.4887932945202
det(A): 7.576e-26, nnz: 24 non zeros per row
--------------------------------------------------------------------------------

Size of A & B are not power of 2:
Next 2 power of 60 = 64
Value to be padded = 4
--------------------------------------------------

==================== Print (N)^2 padded matrix system =======================
Padded shape of A: (60, 60)x(60, 60) -> (64, 64)x(64, 64)
Padded shape of B: (60,) -> (64,)
Determinant of padded matrix: 7.57596535549574e-26
Condition # of padded matrix: 358.4887932945202


Matrix is not Hermitian. Making it Hermitian.......

==================== Print Hermitian matrix system info =======================
Shape of hermitian A: 64x64 -> 128x128
Shape of           B: 64 -> 128
Determinant of Hermitian matrix: 5.739525106767007e-51
Condition # of Hermitian matrix: 358.48879329451773

=================================== Generating HHL circuit ===================================
Time elapsed for generating HHL circuit: 5 min 8.70 sec

Generated circuit: num_qubits=18, gates=23, depth=5
============================== Generated Circuit saved ==============================

============================== Transpiling circuit ==============================
This is using the AerSimulator('aer_simulator_statevector') transpiler.
Time elapsed for transpiling the circuit:  0 min 55.05 sec
Transpiled circuit, num_qubits: 18, (original: 18)
Transpiled circuit depth: 464204 (original: 5)
Transpiled circuit gates: 464356 (original: 23)
============================== Transpiled Circuit saved ==============================
Time elapsed for running the circuit:  2 min 28.18 sec
total_qubits: 18, nq:7

Time elapsed for extracting shots-based hhl counts solution:  0 min 0.00 sec

[HHL info]: linear system residual (e=||Ax-b||_2): 14.596305628007674
[HHL info]: Fidelity(true_sol, hhl_sol): 0.979728693310523
[HHL info]: L2 error (absolute): 2.184248834362187
[HHL info]: L2 error (relative): 0.848276516661495
[HHL info]: L2 error (normalized): 0.14274134926866067

========================================================================================
 Compare system solutions using LU of A, LU sol of A_herm, HHL of Ax=b hermition system
LU sol 	    Herm LU sol    HHL sol    L1_diff(%)
-2.073e-04  -2.073e-04  -0.000e+00  1.000e+02
-1.834e-04  -1.834e-04  -0.000e+00  1.000e+02
-5.597e-04  -5.597e-04  -0.000e+00  1.000e+02
-7.277e-04  -7.277e-04  -0.000e+00  1.000e+02
-6.781e-04  -6.781e-04  -0.000e+00  1.000e+02
-2.020e-03  -2.020e-03  -0.000e+00  1.000e+02
-1.711e-03  -1.711e-03  -0.000e+00  1.000e+02
-1.713e-03  -1.713e-03  -0.000e+00  1.000e+02
-4.933e-03  -4.933e-03  -0.000e+00  1.000e+02
-4.084e-03  -4.084e-03  -0.000e+00  1.000e+02
-4.083e-03  -4.083e-03  -0.000e+00  1.000e+02
 1.002e-02   1.002e-02   0.000e+00  1.000e+02
-1.082e-02  -1.082e-02  -0.000e+00  1.000e+02
-1.012e-02  -1.012e-02  -0.000e+00  1.000e+02
-1.348e-02  -1.348e-02  -1.705e-02  2.644e+01
-2.794e-02  -2.794e-02  -0.000e+00  1.000e+02
-2.440e-02  -2.440e-02  -0.000e+00  1.000e+02
-1.806e-02  -1.806e-02  -0.000e+00  1.000e+02
-4.394e-02  -4.394e-02  -0.000e+00  1.000e+02
-5.170e-02  -5.170e-02  -0.000e+00  1.000e+02
-4.775e-02  -4.775e-02  -1.705e-02  6.430e+01
-5.416e-02  -5.416e-02  -0.000e+00  1.000e+02
-9.671e-02  -9.671e-02  -0.000e+00  1.000e+02
-1.462e-01  -1.462e-01  -2.953e-02  7.980e+01
-8.078e-02  -8.078e-02  -1.705e-02  7.889e+01
-1.492e-01  -1.492e-01  -1.705e-02  8.858e+01
-2.839e-01  -2.839e-01  -5.114e-02  8.198e+01
-1.311e-01  -1.311e-01  -2.953e-02  7.748e+01
-1.730e-01  -1.730e-01  -3.812e-02  7.796e+01
-3.695e-01  -3.695e-01  -6.379e-02  8.274e+01
-2.031e-01  -2.031e-01  -3.812e-02  8.123e+01
-2.272e-01  -2.272e-01  -3.410e-02  8.499e+01
-5.221e-01  -5.221e-01  -9.021e-02  8.272e+01
-2.128e-01  -2.128e-01  -4.176e-02  8.038e+01
-2.628e-01  -2.628e-01  -4.176e-02  8.411e+01
-6.100e-01  -6.100e-01  -9.492e-02  8.444e+01
-2.468e-01  -2.468e-01  -4.176e-02  8.308e+01
-2.670e-01  -2.670e-01  -2.953e-02  8.894e+01
-6.572e-01  -6.572e-01  -1.009e-01  8.465e+01
-2.622e-01  -2.622e-01  -2.953e-02  8.874e+01
-2.643e-01  -2.643e-01  -4.176e-02  8.420e+01
-6.821e-01  -6.821e-01  -1.078e-01  8.419e+01
-2.617e-01  -2.617e-01  -1.705e-02  9.349e+01
-2.810e-01  -2.810e-01  -4.822e-02  8.284e+01
-7.399e-01  -7.399e-01  -1.078e-01  8.543e+01
-2.831e-01  -2.831e-01  -5.114e-02  8.193e+01
-2.895e-01  -2.895e-01  -5.114e-02  8.233e+01
-7.411e-01  -7.411e-01  -1.156e-01  8.440e+01
-2.739e-01  -2.739e-01  -4.176e-02  8.475e+01
-2.809e-01  -2.809e-01  -4.511e-02  8.394e+01
-7.238e-01  -7.238e-01  -9.492e-02  8.689e+01
-3.236e-01  -3.236e-01  -5.906e-02  8.175e+01
-2.710e-01  -2.710e-01  -3.812e-02  8.593e+01
-7.672e-01  -7.672e-01  -1.241e-01  8.382e+01
-2.750e-01  -2.750e-01  -4.176e-02  8.481e+01
-2.909e-01  -2.909e-01  -5.114e-02  8.242e+01
-7.396e-01  -7.396e-01  -9.941e-02  8.656e+01
-2.924e-01  -2.924e-01  -3.812e-02  8.696e+01
-3.483e-01  -3.483e-01  -4.511e-02  8.705e+01
-7.127e-01  -7.127e-01  -1.065e-01  8.506e+01
========================================================================================

step: 6/15 res:15.667470710560494, res/res0:0.6982624303520615  dq_norm: [0.13531616 0.14263576 0.3430891 ]

A info: before HHL prepare:
Spectral radius (A): 1.004e+02, lambda_min:6.555667512955931
condition number(A): 1.531e+01, norm2_cond:352.18744796615175
det(A): 1.451e+95
--------------------------------------------------------------------------------

A_hhl info: after scaling by spectral radius:
Spectral radius (A): 1.000e+00, lambda_min:0.06532605511154148
condition number(A): 1.531e+01, norm2_cond:352.1874479661487
det(A): 1.175e-25, nnz: 14 non zeros per row
--------------------------------------------------------------------------------

Size of A & B are not power of 2:
Next 2 power of 60 = 64
Value to be padded = 4
--------------------------------------------------

==================== Print (N)^2 padded matrix system =======================
Padded shape of A: (60, 60)x(60, 60) -> (64, 64)x(64, 64)
Padded shape of B: (60,) -> (64,)
Determinant of padded matrix: 1.174739202234686e-25
Condition # of padded matrix: 352.1874479661487


Matrix is not Hermitian. Making it Hermitian.......

==================== Print Hermitian matrix system info =======================
Shape of hermitian A: 64x64 -> 128x128
Shape of           B: 64 -> 128
Determinant of Hermitian matrix: 1.380012193266908e-50
Condition # of Hermitian matrix: 352.1874479661509

=================================== Generating HHL circuit ===================================
Time elapsed for generating HHL circuit: 5 min 2.09 sec

Generated circuit: num_qubits=18, gates=23, depth=5
============================== Generated Circuit saved ==============================

============================== Transpiling circuit ==============================
This is using the AerSimulator('aer_simulator_statevector') transpiler.
Time elapsed for transpiling the circuit:  0 min 56.73 sec
Transpiled circuit, num_qubits: 18, (original: 18)
Transpiled circuit depth: 464201 (original: 5)
Transpiled circuit gates: 464353 (original: 23)
============================== Transpiled Circuit saved ==============================
Time elapsed for running the circuit:  2 min 30.03 sec
total_qubits: 18, nq:7

Time elapsed for extracting shots-based hhl counts solution:  0 min 0.00 sec

[HHL info]: linear system residual (e=||Ax-b||_2): 11.007547314478789
[HHL info]: Fidelity(true_sol, hhl_sol): 0.9732194769735614
[HHL info]: L2 error (absolute): 1.5153558485382048
[HHL info]: L2 error (relative): 0.70499787273376
[HHL info]: L2 error (normalized): 0.16420189994548717

========================================================================================
 Compare system solutions using LU of A, LU sol of A_herm, HHL of Ax=b hermition system
LU sol 	    Herm LU sol    HHL sol    L1_diff(%)
-2.116e-04  -2.116e-04  -0.000e+00  1.000e+02
-1.855e-04  -1.855e-04  -0.000e+00  1.000e+02
-5.685e-04  -5.685e-04  -0.000e+00  1.000e+02
-7.408e-04  -7.408e-04  -0.000e+00  1.000e+02
-6.856e-04  -6.856e-04  -0.000e+00  1.000e+02
-2.049e-03  -2.049e-03  -0.000e+00  1.000e+02
-1.713e-03  -1.713e-03  -0.000e+00  1.000e+02
-1.709e-03  -1.709e-03  -0.000e+00  1.000e+02
-4.932e-03  -4.932e-03  -0.000e+00  1.000e+02
-4.039e-03  -4.039e-03  -0.000e+00  1.000e+02
-4.069e-03  -4.069e-03  -0.000e+00  1.000e+02
 1.010e-02   1.010e-02   0.000e+00  1.000e+02
-1.071e-02  -1.071e-02  -0.000e+00  1.000e+02
-1.008e-02  -1.008e-02  -0.000e+00  1.000e+02
 3.913e-03   3.913e-03   0.000e+00  1.000e+02
-2.787e-02  -2.787e-02  -0.000e+00  1.000e+02
-2.439e-02  -2.439e-02  -0.000e+00  1.000e+02
-1.792e-02  -1.792e-02  -0.000e+00  1.000e+02
-4.413e-02  -4.413e-02  -3.166e-02  2.825e+01
-5.178e-02  -5.178e-02  -0.000e+00  1.000e+02
-3.090e-02  -3.090e-02  -0.000e+00  1.000e+02
-5.474e-02  -5.474e-02  -3.166e-02  4.216e+01
-9.697e-02  -9.697e-02  -3.166e-02  6.735e+01
-1.183e-01  -1.183e-01  -6.332e-02  4.646e+01
-6.405e-02  -6.405e-02  -3.166e-02  5.057e+01
-1.322e-01  -1.322e-01  -4.477e-02  6.613e+01
-2.332e-01  -2.332e-01  -8.955e-02  6.159e+01
-1.003e-01  -1.003e-01  -3.166e-02  6.843e+01
-1.346e-01  -1.346e-01  -6.332e-02  5.297e+01
-3.033e-01  -3.033e-01  -1.050e-01  6.538e+01
-1.609e-01  -1.609e-01  -7.079e-02  5.600e+01
-1.924e-01  -1.924e-01  -7.079e-02  6.321e+01
-4.235e-01  -4.235e-01  -1.380e-01  6.741e+01
-1.653e-01  -1.653e-01  -5.484e-02  6.682e+01
-2.201e-01  -2.201e-01  -7.079e-02  6.783e+01
-5.017e-01  -5.017e-01  -1.614e-01  6.782e+01
-2.020e-01  -2.020e-01  -5.484e-02  7.285e+01
-2.406e-01  -2.406e-01  -4.477e-02  8.139e+01
-5.484e-01  -5.484e-01  -1.846e-01  6.633e+01
-2.340e-01  -2.340e-01  -6.332e-02  7.294e+01
-2.225e-01  -2.225e-01  -4.477e-02  7.988e+01
-5.730e-01  -5.730e-01  -1.763e-01  6.924e+01
-2.448e-01  -2.448e-01  -1.001e-01  5.910e+01
-2.320e-01  -2.320e-01  -7.755e-02  6.658e+01
-6.281e-01  -6.281e-01  -1.900e-01  6.976e+01
-2.250e-01  -2.250e-01  -5.484e-02  7.563e+01
-2.366e-01  -2.366e-01  -4.477e-02  8.108e+01
-6.115e-01  -6.115e-01  -2.002e-01  6.725e+01
-2.215e-01  -2.215e-01  -6.332e-02  7.142e+01
-2.355e-01  -2.355e-01  -7.755e-02  6.707e+01
-6.060e-01  -6.060e-01  -1.846e-01  6.954e+01
-2.541e-01  -2.541e-01  -5.484e-02  7.842e+01
-2.352e-01  -2.352e-01  -4.477e-02  8.097e+01
-6.220e-01  -6.220e-01  -1.705e-01  7.259e+01
-2.283e-01  -2.283e-01  -5.484e-02  7.598e+01
-2.395e-01  -2.395e-01  -5.484e-02  7.711e+01
-6.304e-01  -6.304e-01  -1.705e-01  7.295e+01
-2.511e-01  -2.511e-01  -5.484e-02  7.816e+01
-3.032e-01  -3.032e-01  -8.955e-02  7.047e+01
-5.991e-01  -5.991e-01  -1.518e-01  7.466e+01
========================================================================================

step: 7/15 res:14.587666287447929, res/res0:0.6501380792863041  dq_norm: [0.2123783  0.21934336 0.56987077]

A info: before HHL prepare:
Spectral radius (A): 1.012e+02, lambda_min:6.720513809001837
condition number(A): 1.505e+01, norm2_cond:340.634294935731
det(A): 4.765e+95
--------------------------------------------------------------------------------

A_hhl info: after scaling by spectral radius:
Spectral radius (A): 1.000e+00, lambda_min:0.0664395041937106
condition number(A): 1.505e+01, norm2_cond:340.6342949357295
det(A): 2.396e-25, nnz: 14 non zeros per row
--------------------------------------------------------------------------------

Size of A & B are not power of 2:
Next 2 power of 60 = 64
Value to be padded = 4
--------------------------------------------------

==================== Print (N)^2 padded matrix system =======================
Padded shape of A: (60, 60)x(60, 60) -> (64, 64)x(64, 64)
Padded shape of B: (60,) -> (64,)
Determinant of padded matrix: 2.395958138274698e-25
Condition # of padded matrix: 340.6342949357295


Matrix is not Hermitian. Making it Hermitian.......

==================== Print Hermitian matrix system info =======================
Shape of hermitian A: 64x64 -> 128x128
Shape of           B: 64 -> 128
Determinant of Hermitian matrix: 5.740615400364349e-50
Condition # of Hermitian matrix: 340.63429493573767

=================================== Generating HHL circuit ===================================
Time elapsed for generating HHL circuit: 4 min 59.90 sec

Generated circuit: num_qubits=18, gates=23, depth=5
============================== Generated Circuit saved ==============================

============================== Transpiling circuit ==============================
This is using the AerSimulator('aer_simulator_statevector') transpiler.
Time elapsed for transpiling the circuit:  0 min 57.79 sec
Transpiled circuit, num_qubits: 18, (original: 18)
Transpiled circuit depth: 464205 (original: 5)
Transpiled circuit gates: 464357 (original: 23)
============================== Transpiled Circuit saved ==============================
Time elapsed for running the circuit:  2 min 28.38 sec
total_qubits: 18, nq:7

Time elapsed for extracting shots-based hhl counts solution:  0 min 0.00 sec

[HHL info]: linear system residual (e=||Ax-b||_2): 9.11352413267104
[HHL info]: Fidelity(true_sol, hhl_sol): 0.9661116721789962
[HHL info]: L2 error (absolute): 1.2011492817339244
[HHL info]: L2 error (relative): 0.8241151053868666
[HHL info]: L2 error (normalized): 0.18487942774949695

========================================================================================
 Compare system solutions using LU of A, LU sol of A_herm, HHL of Ax=b hermition system
LU sol 	    Herm LU sol    HHL sol    L1_diff(%)
-2.171e-04  -2.171e-04  -0.000e+00  1.000e+02
-1.881e-04  -1.881e-04  -0.000e+00  1.000e+02
-5.792e-04  -5.792e-04  -0.000e+00  1.000e+02
-7.226e-04  -7.226e-04  -0.000e+00  1.000e+02
-6.772e-04  -6.772e-04  -0.000e+00  1.000e+02
-2.014e-03  -2.014e-03  -0.000e+00  1.000e+02
-1.591e-03  -1.591e-03  -0.000e+00  1.000e+02
-1.633e-03  -1.633e-03  -0.000e+00  1.000e+02
-4.669e-03  -4.669e-03  -0.000e+00  1.000e+02
-3.850e-03  -3.850e-03  -0.000e+00  1.000e+02
-4.021e-03  -4.021e-03  -0.000e+00  1.000e+02
 1.047e-02   1.047e-02   0.000e+00  1.000e+02
-1.068e-02  -1.068e-02  -0.000e+00  1.000e+02
-1.002e-02  -1.002e-02  -0.000e+00  1.000e+02
 4.265e-03   4.265e-03   0.000e+00  1.000e+02
-2.846e-02  -2.846e-02  -0.000e+00  1.000e+02
-2.462e-02  -2.462e-02  -0.000e+00  1.000e+02
-1.978e-02  -1.978e-02  -0.000e+00  1.000e+02
-1.334e-02  -1.334e-02  -0.000e+00  1.000e+02
-5.170e-02  -5.170e-02  -0.000e+00  1.000e+02
-3.389e-02  -3.389e-02  -1.943e-02  4.266e+01
-2.382e-02  -2.382e-02  -0.000e+00  1.000e+02
-6.537e-02  -6.537e-02  -0.000e+00  1.000e+02
-5.688e-02  -5.688e-02  -0.000e+00  1.000e+02
-3.282e-02  -3.282e-02  -0.000e+00  1.000e+02
-8.741e-02  -8.741e-02  -2.380e-02  7.277e+01
-1.448e-01  -1.448e-01  -3.635e-02  7.489e+01
-6.832e-02  -6.832e-02  -1.943e-02  7.156e+01
-7.142e-02  -7.142e-02  -1.943e-02  7.279e+01
-1.978e-01  -1.978e-01  -2.380e-02  8.797e+01
-8.880e-02  -8.880e-02  -0.000e+00  1.000e+02
-1.227e-01  -1.227e-01  -1.374e-02  8.880e+01
-2.835e-01  -2.835e-01  -4.954e-02  8.252e+01
-1.071e-01  -1.071e-01  -1.943e-02  8.186e+01
-1.484e-01  -1.484e-01  -3.366e-02  7.733e+01
-3.319e-01  -3.319e-01  -6.145e-02  8.148e+01
-1.374e-01  -1.374e-01  -1.943e-02  8.585e+01
-1.934e-01  -1.934e-01  -3.072e-02  8.411e+01
-3.387e-01  -3.387e-01  -5.322e-02  8.429e+01
-1.567e-01  -1.567e-01  -3.072e-02  8.039e+01
-1.785e-01  -1.785e-01  -2.748e-02  8.461e+01
-3.657e-01  -3.657e-01  -6.445e-02  8.238e+01
-1.317e-01  -1.317e-01  -2.748e-02  7.913e+01
-1.564e-01  -1.564e-01  -3.366e-02  7.848e+01
-4.091e-01  -4.091e-01  -7.006e-02  8.288e+01
-1.609e-01  -1.609e-01  -3.072e-02  8.091e+01
-1.916e-01  -1.916e-01  -3.635e-02  8.103e+01
-3.854e-01  -3.854e-01  -7.650e-02  8.015e+01
-1.468e-01  -1.468e-01  -2.380e-02  8.379e+01
-1.554e-01  -1.554e-01  -2.748e-02  8.232e+01
-3.938e-01  -3.938e-01  -7.650e-02  8.057e+01
-1.887e-01  -1.887e-01  -3.635e-02  8.073e+01
-1.917e-01  -1.917e-01  -2.748e-02  8.566e+01
-4.228e-01  -4.228e-01  -7.650e-02  8.191e+01
-1.695e-01  -1.695e-01  -1.374e-02  9.189e+01
-1.865e-01  -1.865e-01  -3.886e-02  7.916e+01
-4.480e-01  -4.480e-01  -8.581e-02  8.085e+01
-1.974e-01  -1.974e-01  -3.886e-02  8.031e+01
-2.140e-01  -2.140e-01  -2.380e-02  8.888e+01
-4.496e-01  -4.496e-01  -7.650e-02  8.298e+01
========================================================================================

step: 8/15 res:11.05339491184376, res/res0:0.49262389171615195  dq_norm: [0.08581011 0.10003318 0.22619906]

A info: before HHL prepare:
Spectral radius (A): 1.011e+02, lambda_min:6.76751359127772
condition number(A): 1.494e+01, norm2_cond:335.5157766609139
det(A): 7.250e+95
--------------------------------------------------------------------------------

A_hhl info: after scaling by spectral radius:
Spectral radius (A): 1.000e+00, lambda_min:0.06692324904958548
condition number(A): 1.494e+01, norm2_cond:335.515776660914
det(A): 3.708e-25, nnz: 24 non zeros per row
--------------------------------------------------------------------------------

Size of A & B are not power of 2:
Next 2 power of 60 = 64
Value to be padded = 4
--------------------------------------------------

==================== Print (N)^2 padded matrix system =======================
Padded shape of A: (60, 60)x(60, 60) -> (64, 64)x(64, 64)
Padded shape of B: (60,) -> (64,)
Determinant of padded matrix: 3.708444783190589e-25
Condition # of padded matrix: 335.515776660914


Matrix is not Hermitian. Making it Hermitian.......

==================== Print Hermitian matrix system info =======================
Shape of hermitian A: 64x64 -> 128x128
Shape of           B: 64 -> 128
Determinant of Hermitian matrix: 1.3752562709974667e-49
Condition # of Hermitian matrix: 335.51577666091265

=================================== Generating HHL circuit ===================================
Time elapsed for generating HHL circuit: 5 min 9.62 sec

Generated circuit: num_qubits=18, gates=23, depth=5
============================== Generated Circuit saved ==============================

============================== Transpiling circuit ==============================
This is using the AerSimulator('aer_simulator_statevector') transpiler.
Time elapsed for transpiling the circuit:  0 min 45.57 sec
Transpiled circuit, num_qubits: 18, (original: 18)
Transpiled circuit depth: 464195 (original: 5)
Transpiled circuit gates: 464347 (original: 23)
============================== Transpiled Circuit saved ==============================
Time elapsed for running the circuit:  2 min 27.11 sec
total_qubits: 18, nq:7

Time elapsed for extracting shots-based hhl counts solution:  0 min 0.00 sec

[HHL info]: linear system residual (e=||Ax-b||_2): 8.96221094858525
[HHL info]: Fidelity(true_sol, hhl_sol): 0.9695697419784669
[HHL info]: L2 error (absolute): 1.0972877002074728
[HHL info]: L2 error (relative): 0.9251886871111548
[HHL info]: L2 error (normalized): 0.17511524470401746

========================================================================================
 Compare system solutions using LU of A, LU sol of A_herm, HHL of Ax=b hermition system
LU sol 	    Herm LU sol    HHL sol    L1_diff(%)
-2.150e-04  -2.150e-04  -0.000e+00  1.000e+02
-1.871e-04  -1.871e-04  -0.000e+00  1.000e+02
-5.748e-04  -5.748e-04  -0.000e+00  1.000e+02
-7.077e-04  -7.077e-04  -0.000e+00  1.000e+02
-6.695e-04  -6.695e-04  -0.000e+00  1.000e+02
-1.983e-03  -1.983e-03  -0.000e+00  1.000e+02
-1.557e-03  -1.557e-03  -0.000e+00  1.000e+02
-1.616e-03  -1.616e-03  -0.000e+00  1.000e+02
-4.600e-03  -4.600e-03  -0.000e+00  1.000e+02
-3.837e-03  -3.837e-03  -0.000e+00  1.000e+02
-4.018e-03  -4.018e-03  -0.000e+00  1.000e+02
 1.050e-02   1.050e-02   0.000e+00  1.000e+02
-1.078e-02  -1.078e-02  -0.000e+00  1.000e+02
-1.009e-02  -1.009e-02  -4.647e-03  5.394e+01
 4.055e-03   4.055e-03   0.000e+00  1.000e+02
-2.866e-02  -2.866e-02  -4.647e-03  8.379e+01
-2.468e-02  -2.468e-02  -4.647e-03  8.117e+01
-2.029e-02  -2.029e-02  -4.647e-03  7.709e+01
-1.333e-02  -1.333e-02  -0.000e+00  1.000e+02
-5.156e-02  -5.156e-02  -0.000e+00  1.000e+02
-1.486e-02  -1.486e-02  -0.000e+00  1.000e+02
-2.359e-02  -2.359e-02  -4.647e-03  8.030e+01
-6.549e-02  -6.549e-02  -4.647e-03  9.290e+01
-5.642e-02  -5.642e-02  -8.048e-03  8.574e+01
-3.236e-02  -3.236e-02  -0.000e+00  1.000e+02
-6.340e-02  -6.340e-02  -0.000e+00  1.000e+02
-1.077e-01  -1.077e-01  -8.048e-03  9.253e+01
-4.861e-02  -4.861e-02  -6.571e-03  8.648e+01
-5.216e-02  -5.216e-02  -4.647e-03  9.109e+01
-1.737e-01  -1.737e-01  -1.541e-02  9.113e+01
-8.930e-02  -8.930e-02  -8.048e-03  9.099e+01
-1.092e-01  -1.092e-01  -8.048e-03  9.263e+01
-2.342e-01  -2.342e-01  -1.675e-02  9.284e+01
-8.766e-02  -8.766e-02  -6.571e-03  9.250e+01
-1.146e-01  -1.146e-01  -1.138e-02  9.007e+01
-2.702e-01  -2.702e-01  -2.276e-02  9.157e+01
-1.168e-01  -1.168e-01  -1.138e-02  9.026e+01
-1.623e-01  -1.623e-01  -9.294e-03  9.427e+01
-2.838e-01  -2.838e-01  -1.859e-02  9.345e+01
-1.240e-01  -1.240e-01  -1.138e-02  9.082e+01
-1.514e-01  -1.514e-01  -1.138e-02  9.248e+01
-2.977e-01  -2.977e-01  -2.502e-02  9.159e+01
-1.026e-01  -1.026e-01  -8.048e-03  9.216e+01
-1.229e-01  -1.229e-01  -1.138e-02  9.074e+01
-3.356e-01  -3.356e-01  -2.415e-02  9.281e+01
-1.273e-01  -1.273e-01  -1.229e-02  9.034e+01
-1.541e-01  -1.541e-01  -9.294e-03  9.397e+01
-3.028e-01  -3.028e-01  -2.229e-02  9.264e+01
-1.205e-01  -1.205e-01  -8.048e-03  9.332e+01
-1.292e-01  -1.292e-01  -8.048e-03  9.377e+01
-3.109e-01  -3.109e-01  -2.025e-02  9.348e+01
-1.506e-01  -1.506e-01  -9.294e-03  9.383e+01
-1.650e-01  -1.650e-01  -1.039e-02  9.370e+01
-3.429e-01  -3.429e-01  -2.629e-02  9.233e+01
-1.533e-01  -1.533e-01  -9.294e-03  9.394e+01
-1.459e-01  -1.459e-01  -9.294e-03  9.363e+01
-3.543e-01  -3.543e-01  -2.975e-02  9.160e+01
-1.520e-01  -1.520e-01  -1.469e-02  9.033e+01
-1.899e-01  -1.899e-01  -1.394e-02  9.266e+01
-3.616e-01  -3.616e-01  -2.502e-02  9.308e+01
========================================================================================

step: 9/15 res:9.13489630950444, res/res0:0.4071209077665133  dq_norm: [0.0335082  0.03414651 0.07649518]

A info: before HHL prepare:
Spectral radius (A): 1.013e+02, lambda_min:6.736617538324451
condition number(A): 1.503e+01, norm2_cond:335.08506219988925
det(A): 9.055e+95
--------------------------------------------------------------------------------

A_hhl info: after scaling by spectral radius:
Spectral radius (A): 1.000e+00, lambda_min:0.06652975154230781
condition number(A): 1.503e+01, norm2_cond:335.08506219988976
det(A): 4.279e-25, nnz: 25 non zeros per row
--------------------------------------------------------------------------------

Size of A & B are not power of 2:
Next 2 power of 60 = 64
Value to be padded = 4
--------------------------------------------------

==================== Print (N)^2 padded matrix system =======================
Padded shape of A: (60, 60)x(60, 60) -> (64, 64)x(64, 64)
Padded shape of B: (60,) -> (64,)
Determinant of padded matrix: 4.27876482997797e-25
Condition # of padded matrix: 335.08506219988976


Matrix is not Hermitian. Making it Hermitian.......

==================== Print Hermitian matrix system info =======================
Shape of hermitian A: 64x64 -> 128x128
Shape of           B: 64 -> 128
Determinant of Hermitian matrix: 1.830782847025744e-49
Condition # of Hermitian matrix: 335.0850621998891

=================================== Generating HHL circuit ===================================
Time elapsed for generating HHL circuit: 5 min 9.91 sec

Generated circuit: num_qubits=18, gates=23, depth=5
============================== Generated Circuit saved ==============================

============================== Transpiling circuit ==============================
This is using the AerSimulator('aer_simulator_statevector') transpiler.
Time elapsed for transpiling the circuit:  0 min 59.35 sec
Transpiled circuit, num_qubits: 18, (original: 18)
Transpiled circuit depth: 464200 (original: 5)
Transpiled circuit gates: 464352 (original: 23)
============================== Transpiled Circuit saved ==============================
Time elapsed for running the circuit:  2 min 29.89 sec
total_qubits: 18, nq:7

Time elapsed for extracting shots-based hhl counts solution:  0 min 0.00 sec

[HHL info]: linear system residual (e=||Ax-b||_2): 8.232897602348485
[HHL info]: Fidelity(true_sol, hhl_sol): 0.9569034602118655
[HHL info]: L2 error (absolute): 0.8831612000313881
[HHL info]: L2 error (relative): 0.8081211647567992
[HHL info]: L2 error (normalized): 0.20873703813640856

========================================================================================
 Compare system solutions using LU of A, LU sol of A_herm, HHL of Ax=b hermition system
LU sol 	    Herm LU sol    HHL sol    L1_diff(%)
-2.134e-04  -2.134e-04  -0.000e+00  1.000e+02
-1.866e-04  -1.866e-04  -0.000e+00  1.000e+02
-5.717e-04  -5.717e-04  -0.000e+00  1.000e+02
-6.988e-04  -6.988e-04  -0.000e+00  1.000e+02
-6.625e-04  -6.625e-04  -0.000e+00  1.000e+02
-1.964e-03  -1.964e-03  -0.000e+00  1.000e+02
-1.549e-03  -1.549e-03  -0.000e+00  1.000e+02
-1.614e-03  -1.614e-03  -0.000e+00  1.000e+02
-4.591e-03  -4.591e-03  -0.000e+00  1.000e+02
-3.861e-03  -3.861e-03  -0.000e+00  1.000e+02
-4.038e-03  -4.038e-03  -0.000e+00  1.000e+02
 1.049e-02   1.049e-02   0.000e+00  1.000e+02
-1.083e-02  -1.083e-02  -0.000e+00  1.000e+02
-5.438e-03  -5.438e-03  -0.000e+00  1.000e+02
 3.947e-03   3.947e-03   0.000e+00  1.000e+02
-2.404e-02  -2.404e-02  -0.000e+00  1.000e+02
-2.005e-02  -2.005e-02  -0.000e+00  1.000e+02
-1.576e-02  -1.576e-02  -1.232e-02  2.181e+01
-1.340e-02  -1.340e-02  -0.000e+00  1.000e+02
-5.156e-02  -5.156e-02  -0.000e+00  1.000e+02
-1.502e-02  -1.502e-02  -0.000e+00  1.000e+02
-1.899e-02  -1.899e-02  -1.232e-02  3.514e+01
-6.084e-02  -6.084e-02  -0.000e+00  1.000e+02
-4.855e-02  -4.855e-02  -1.232e-02  7.462e+01
-3.219e-02  -3.219e-02  -0.000e+00  1.000e+02
-6.329e-02  -6.329e-02  -0.000e+00  1.000e+02
-9.926e-02  -9.926e-02  -2.464e-02  7.517e+01
-4.184e-02  -4.184e-02  -1.232e-02  7.055e+01
-4.766e-02  -4.766e-02  -0.000e+00  1.000e+02
-1.577e-01  -1.577e-01  -3.696e-02  7.656e+01
-8.112e-02  -8.112e-02  -1.232e-02  8.481e+01
-1.012e-01  -1.012e-01  -2.464e-02  7.564e+01
-2.172e-01  -2.172e-01  -4.610e-02  7.877e+01
-8.086e-02  -8.086e-02  -1.742e-02  7.845e+01
-1.031e-01  -1.031e-01  -1.742e-02  8.310e+01
-2.467e-01  -2.467e-01  -4.442e-02  8.200e+01
-1.050e-01  -1.050e-01  -1.232e-02  8.826e+01
-1.531e-01  -1.531e-01  -2.464e-02  8.391e+01
-2.648e-01  -2.648e-01  -4.268e-02  8.388e+01
-1.121e-01  -1.121e-01  -1.742e-02  8.446e+01
-1.400e-01  -1.400e-01  -2.134e-02  8.476e+01
-2.717e-01  -2.717e-01  -6.160e-02  7.733e+01
-9.396e-02  -9.396e-02  -1.742e-02  8.146e+01
-1.114e-01  -1.114e-01  -2.464e-02  7.789e+01
-3.099e-01  -3.099e-01  -6.970e-02  7.751e+01
-1.141e-01  -1.141e-01  -1.742e-02  8.473e+01
-1.449e-01  -1.449e-01  -2.755e-02  8.098e+01
-2.791e-01  -2.791e-01  -6.402e-02  7.706e+01
-1.116e-01  -1.116e-01  -2.134e-02  8.088e+01
-1.211e-01  -1.211e-01  -2.464e-02  7.965e+01
-2.890e-01  -2.890e-01  -6.402e-02  7.785e+01
-1.402e-01  -1.402e-01  -2.464e-02  8.242e+01
-1.545e-01  -1.545e-01  -2.755e-02  8.217e+01
-3.139e-01  -3.139e-01  -6.402e-02  7.960e+01
-1.430e-01  -1.430e-01  -2.134e-02  8.508e+01
-1.368e-01  -1.368e-01  -1.232e-02  9.099e+01
-3.221e-01  -3.221e-01  -6.860e-02  7.870e+01
-1.363e-01  -1.363e-01  -2.464e-02  8.193e+01
-1.760e-01  -1.760e-01  -3.485e-02  8.019e+01
-3.354e-01  -3.354e-01  -5.080e-02  8.486e+01
========================================================================================

step: 10/15 res:8.96637310970866, res/res0:0.39961022392774986  dq_norm: [0.0628239  0.07792346 0.19087272]

A info: before HHL prepare:
Spectral radius (A): 1.012e+02, lambda_min:6.724728820347505
condition number(A): 1.505e+01, norm2_cond:330.4637621644192
det(A): 1.241e+96
--------------------------------------------------------------------------------

A_hhl info: after scaling by spectral radius:
Spectral radius (A): 1.000e+00, lambda_min:0.06643541989453122
condition number(A): 1.505e+01, norm2_cond:330.46376216441513
det(A): 5.989e-25, nnz: 14 non zeros per row
--------------------------------------------------------------------------------

Size of A & B are not power of 2:
Next 2 power of 60 = 64
Value to be padded = 4
--------------------------------------------------

==================== Print (N)^2 padded matrix system =======================
Padded shape of A: (60, 60)x(60, 60) -> (64, 64)x(64, 64)
Padded shape of B: (60,) -> (64,)
Determinant of padded matrix: 5.989037766391744e-25
Condition # of padded matrix: 330.46376216441513


Matrix is not Hermitian. Making it Hermitian.......

==================== Print Hermitian matrix system info =======================
Shape of hermitian A: 64x64 -> 128x128
Shape of           B: 64 -> 128
Determinant of Hermitian matrix: 3.586857336726865e-49
Condition # of Hermitian matrix: 330.46376216441985

=================================== Generating HHL circuit ===================================
Time elapsed for generating HHL circuit: 5 min 12.49 sec

Generated circuit: num_qubits=18, gates=23, depth=5
============================== Generated Circuit saved ==============================

============================== Transpiling circuit ==============================
This is using the AerSimulator('aer_simulator_statevector') transpiler.
Time elapsed for transpiling the circuit:  0 min 45.51 sec
Transpiled circuit, num_qubits: 18, (original: 18)
Transpiled circuit depth: 464202 (original: 5)
Transpiled circuit gates: 464354 (original: 23)
============================== Transpiled Circuit saved ==============================
Time elapsed for running the circuit:  2 min 30.20 sec
total_qubits: 18, nq:7

Time elapsed for extracting shots-based hhl counts solution:  0 min 0.00 sec

[HHL info]: linear system residual (e=||Ax-b||_2): 8.243658947043505
[HHL info]: Fidelity(true_sol, hhl_sol): 0.9371355692048966
[HHL info]: L2 error (absolute): 0.87378419622612
[HHL info]: L2 error (relative): 0.9980586201185023
[HHL info]: L2 error (normalized): 0.252754319424102

========================================================================================
 Compare system solutions using LU of A, LU sol of A_herm, HHL of Ax=b hermition system
LU sol 	    Herm LU sol    HHL sol    L1_diff(%)
-2.201e-04  -2.201e-04  -0.000e+00  1.000e+02
-1.900e-04  -1.900e-04  -0.000e+00  1.000e+02
-5.857e-04  -5.857e-04  -0.000e+00  1.000e+02
-7.103e-04  -7.103e-04  -0.000e+00  1.000e+02
-6.691e-04  -6.691e-04  -0.000e+00  1.000e+02
-1.988e-03  -1.988e-03  -0.000e+00  1.000e+02
-1.525e-03  -1.525e-03  -0.000e+00  1.000e+02
-1.599e-03  -1.599e-03  -0.000e+00  1.000e+02
-4.541e-03  -4.541e-03  -0.000e+00  1.000e+02
-3.742e-03  -3.742e-03  -0.000e+00  1.000e+02
-3.974e-03  -3.974e-03  -0.000e+00  1.000e+02
 1.073e-02   1.073e-02   0.000e+00  1.000e+02
-1.068e-02  -1.068e-02  -0.000e+00  1.000e+02
-5.386e-03  -5.386e-03  -0.000e+00  1.000e+02
 4.312e-03   4.312e-03   0.000e+00  1.000e+02
-2.422e-02  -2.422e-02  -0.000e+00  1.000e+02
-2.024e-02  -2.024e-02  -0.000e+00  1.000e+02
-3.720e-03  -3.720e-03  -0.000e+00  1.000e+02
-1.393e-02  -1.393e-02  -0.000e+00  1.000e+02
-5.154e-02  -5.154e-02  -1.138e-04  9.978e+01
-1.618e-02  -1.618e-02  -0.000e+00  1.000e+02
-7.140e-03  -7.140e-03  -1.138e-04  9.841e+01
-6.071e-02  -6.071e-02  -0.000e+00  1.000e+02
-3.741e-02  -3.741e-02  -0.000e+00  1.000e+02
-3.207e-02  -3.207e-02  -1.138e-04  9.965e+01
-6.315e-02  -6.315e-02  -1.138e-04  9.982e+01
-7.421e-02  -7.421e-02  -1.610e-04  9.978e+01
-2.928e-02  -2.928e-02  -0.000e+00  1.000e+02
-4.786e-02  -4.786e-02  -1.138e-04  9.976e+01
-1.197e-01  -1.197e-01  -1.610e-04  9.987e+01
-6.865e-02  -6.865e-02  -0.000e+00  1.000e+02
-7.649e-02  -7.649e-02  -1.138e-04  9.985e+01
-1.703e-01  -1.703e-01  -4.104e-04  9.976e+01
-6.327e-02  -6.327e-02  -2.276e-04  9.964e+01
-8.579e-02  -8.579e-02  -2.276e-04  9.973e+01
-2.018e-01  -2.018e-01  -3.775e-04  9.981e+01
-9.226e-02  -9.226e-02  -1.971e-04  9.979e+01
-1.282e-01  -1.282e-01  -2.276e-04  9.982e+01
-2.213e-01  -2.213e-01  -4.829e-04  9.978e+01
-9.408e-02  -9.408e-02  -1.610e-04  9.983e+01
-1.189e-01  -1.189e-01  -2.276e-04  9.981e+01
-2.079e-01  -2.079e-01  -4.553e-04  9.978e+01
-7.620e-02  -7.620e-02  -1.971e-04  9.974e+01
-8.696e-02  -8.696e-02  -2.545e-04  9.971e+01
-2.385e-01  -2.385e-01  -4.408e-04  9.982e+01
-9.606e-02  -9.606e-02  -2.788e-04  9.971e+01
-1.172e-01  -1.172e-01  -2.276e-04  9.981e+01
-2.129e-01  -2.129e-01  -3.414e-04  9.984e+01
-8.834e-02  -8.834e-02  -2.276e-04  9.974e+01
-9.599e-02  -9.599e-02  -2.276e-04  9.976e+01
-2.206e-01  -2.206e-01  -3.943e-04  9.982e+01
-1.124e-01  -1.124e-01  -0.000e+00  1.000e+02
-1.266e-01  -1.266e-01  -2.276e-04  9.982e+01
-2.429e-01  -2.429e-01  -4.961e-04  9.980e+01
-1.197e-01  -1.197e-01  -1.610e-04  9.987e+01
-1.254e-01  -1.254e-01  -2.545e-04  9.980e+01
-2.486e-01  -2.486e-01  -5.216e-04  9.979e+01
-1.113e-01  -1.113e-01  -1.138e-04  9.990e+01
-1.413e-01  -1.413e-01  -3.011e-04  9.979e+01
-2.847e-01  -2.847e-01  -6.022e-04  9.979e+01
========================================================================================

step: 11/15 res:8.243136058325378, res/res0:0.3673772444922655  dq_norm: [0.0005914  0.00076349 0.0014664 ]

A info: before HHL prepare:
Spectral radius (A): 1.012e+02, lambda_min:6.7242462755846955
condition number(A): 1.505e+01, norm2_cond:330.4728702548691
det(A): 1.243e+96
--------------------------------------------------------------------------------

A_hhl info: after scaling by spectral radius:
Spectral radius (A): 1.000e+00, lambda_min:0.06642972344115598
condition number(A): 1.505e+01, norm2_cond:330.4728702548738
det(A): 5.991e-25, nnz: 21 non zeros per row
--------------------------------------------------------------------------------

Size of A & B are not power of 2:
Next 2 power of 60 = 64
Value to be padded = 4
--------------------------------------------------

==================== Print (N)^2 padded matrix system =======================
Padded shape of A: (60, 60)x(60, 60) -> (64, 64)x(64, 64)
Padded shape of B: (60,) -> (64,)
Determinant of padded matrix: 5.990727204860502e-25
Condition # of padded matrix: 330.4728702548738


Matrix is not Hermitian. Making it Hermitian.......

==================== Print Hermitian matrix system info =======================
Shape of hermitian A: 64x64 -> 128x128
Shape of           B: 64 -> 128
Determinant of Hermitian matrix: 3.5888812443059294e-49
Condition # of Hermitian matrix: 330.4728702548716

=================================== Generating HHL circuit ===================================
Time elapsed for generating HHL circuit: 5 min 4.18 sec

Generated circuit: num_qubits=18, gates=23, depth=5
============================== Generated Circuit saved ==============================

============================== Transpiling circuit ==============================
This is using the AerSimulator('aer_simulator_statevector') transpiler.
Time elapsed for transpiling the circuit:  1 min 1.98 sec
Transpiled circuit, num_qubits: 18, (original: 18)
Transpiled circuit depth: 464203 (original: 5)
Transpiled circuit gates: 464355 (original: 23)
============================== Transpiled Circuit saved ==============================
Time elapsed for running the circuit:  2 min 29.52 sec
total_qubits: 18, nq:7

Time elapsed for extracting shots-based hhl counts solution:  0 min 0.00 sec

[HHL info]: linear system residual (e=||Ax-b||_2): 5.802447242979043
[HHL info]: Fidelity(true_sol, hhl_sol): 0.9377139098361792
[HHL info]: L2 error (absolute): 0.6746069541657439
[HHL info]: L2 error (relative): 0.7720694354011862
[HHL info]: L2 error (normalized): 0.25156989956704345

========================================================================================
 Compare system solutions using LU of A, LU sol of A_herm, HHL of Ax=b hermition system
LU sol 	    Herm LU sol    HHL sol    L1_diff(%)
-2.202e-04  -2.202e-04  -0.000e+00  1.000e+02
-1.901e-04  -1.901e-04  -0.000e+00  1.000e+02
-5.858e-04  -5.858e-04  -0.000e+00  1.000e+02
-7.107e-04  -7.107e-04  -0.000e+00  1.000e+02
-6.693e-04  -6.693e-04  -0.000e+00  1.000e+02
-1.988e-03  -1.988e-03  -0.000e+00  1.000e+02
-1.526e-03  -1.526e-03  -0.000e+00  1.000e+02
-1.599e-03  -1.599e-03  -0.000e+00  1.000e+02
-4.542e-03  -4.542e-03  -1.355e-02  1.983e+02
-3.742e-03  -3.742e-03  -0.000e+00  1.000e+02
-3.973e-03  -3.973e-03  -0.000e+00  1.000e+02
 1.073e-02   1.073e-02   0.000e+00  1.000e+02
-1.068e-02  -1.068e-02  -0.000e+00  1.000e+02
-5.385e-03  -5.385e-03  -0.000e+00  1.000e+02
 4.317e-03   4.317e-03   0.000e+00  1.000e+02
-2.422e-02  -2.422e-02  -1.355e-02  4.405e+01
-2.024e-02  -2.024e-02  -0.000e+00  1.000e+02
-3.712e-03  -3.712e-03  -0.000e+00  1.000e+02
-1.393e-02  -1.393e-02  -1.355e-02  2.735e+00
-5.142e-02  -5.142e-02  -1.916e-02  6.274e+01
-1.618e-02  -1.618e-02  -1.355e-02  1.625e+01
-7.032e-03  -7.032e-03  -0.000e+00  1.000e+02
-6.071e-02  -6.071e-02  -1.355e-02  7.768e+01
-3.742e-02  -3.742e-02  -1.355e-02  6.379e+01
-3.196e-02  -3.196e-02  -1.355e-02  5.761e+01
-6.304e-02  -6.304e-02  -2.347e-02  6.277e+01
-7.406e-02  -7.406e-02  -1.355e-02  8.170e+01
-2.928e-02  -2.928e-02  -0.000e+00  1.000e+02
-4.775e-02  -4.775e-02  -0.000e+00  1.000e+02
-1.195e-01  -1.195e-01  -1.916e-02  8.397e+01
-6.865e-02  -6.865e-02  -1.355e-02  8.026e+01
-7.637e-02  -7.637e-02  -1.355e-02  8.226e+01
-1.699e-01  -1.699e-01  -4.694e-02  7.237e+01
-6.304e-02  -6.304e-02  -1.916e-02  6.960e+01
-8.556e-02  -8.556e-02  -1.916e-02  7.760e+01
-2.014e-01  -2.014e-01  -5.248e-02  7.394e+01
-9.206e-02  -9.206e-02  -1.355e-02  8.528e+01
-1.280e-01  -1.280e-01  -2.710e-02  7.882e+01
-2.208e-01  -2.208e-01  -5.070e-02  7.703e+01
-9.391e-02  -9.391e-02  -2.347e-02  7.501e+01
-1.187e-01  -1.187e-01  -2.710e-02  7.717e+01
-2.074e-01  -2.074e-01  -4.694e-02  7.737e+01
-7.599e-02  -7.599e-02  -1.355e-02  8.217e+01
-8.671e-02  -8.671e-02  -1.355e-02  8.437e+01
-2.380e-01  -2.380e-01  -6.909e-02  7.097e+01
-9.577e-02  -9.577e-02  -1.355e-02  8.585e+01
-1.170e-01  -1.170e-01  -2.710e-02  7.683e+01
-2.125e-01  -2.125e-01  -5.907e-02  7.221e+01
-8.811e-02  -8.811e-02  -0.000e+00  1.000e+02
-9.576e-02  -9.576e-02  -1.355e-02  8.585e+01
-2.202e-01  -2.202e-01  -6.499e-02  7.049e+01
-1.124e-01  -1.124e-01  -1.916e-02  8.295e+01
-1.264e-01  -1.264e-01  -2.347e-02  8.143e+01
-2.424e-01  -2.424e-01  -4.694e-02  8.064e+01
-1.196e-01  -1.196e-01  -2.347e-02  8.037e+01
-1.251e-01  -1.251e-01  -1.916e-02  8.469e+01
-2.481e-01  -2.481e-01  -4.886e-02  8.030e+01
-1.112e-01  -1.112e-01  -1.916e-02  8.277e+01
-1.410e-01  -1.410e-01  -3.585e-02  7.457e+01
-2.841e-01  -2.841e-01  -7.297e-02  7.431e+01
========================================================================================

step: 12/15 res:8.243659494138003, res/res0:0.3674005727990106  dq_norm: [0.05906543 0.08016607 0.18230386]

A info: before HHL prepare:
Spectral radius (A): 1.012e+02, lambda_min:6.8161158259277235
condition number(A): 1.485e+01, norm2_cond:327.07901577174675
det(A): 1.454e+96
--------------------------------------------------------------------------------

A_hhl info: after scaling by spectral radius:
Spectral radius (A): 1.000e+00, lambda_min:0.06732236198141782
condition number(A): 1.485e+01, norm2_cond:327.0790157717458
det(A): 6.917e-25, nnz: 22 non zeros per row
--------------------------------------------------------------------------------

Size of A & B are not power of 2:
Next 2 power of 60 = 64
Value to be padded = 4
--------------------------------------------------

==================== Print (N)^2 padded matrix system =======================
Padded shape of A: (60, 60)x(60, 60) -> (64, 64)x(64, 64)
Padded shape of B: (60,) -> (64,)
Determinant of padded matrix: 6.917352036950069e-25
Condition # of padded matrix: 327.0790157717458


Matrix is not Hermitian. Making it Hermitian.......

==================== Print Hermitian matrix system info =======================
Shape of hermitian A: 64x64 -> 128x128
Shape of           B: 64 -> 128
Determinant of Hermitian matrix: 4.784975920309455e-49
Condition # of Hermitian matrix: 327.0790157717487

=================================== Generating HHL circuit ===================================
Time elapsed for generating HHL circuit: 5 min 6.48 sec

Generated circuit: num_qubits=18, gates=23, depth=5
============================== Generated Circuit saved ==============================

============================== Transpiling circuit ==============================
This is using the AerSimulator('aer_simulator_statevector') transpiler.
Time elapsed for transpiling the circuit:  0 min 47.26 sec
Transpiled circuit, num_qubits: 18, (original: 18)
Transpiled circuit depth: 464200 (original: 5)
Transpiled circuit gates: 464352 (original: 23)
============================== Transpiled Circuit saved ==============================
Time elapsed for running the circuit:  2 min 25.12 sec
total_qubits: 18, nq:7

Time elapsed for extracting shots-based hhl counts solution:  0 min 0.00 sec

[HHL info]: linear system residual (e=||Ax-b||_2): 5.474393047785696
[HHL info]: Fidelity(true_sol, hhl_sol): 0.9708580554962161
[HHL info]: L2 error (absolute): 0.571745764015206
[HHL info]: L2 error (relative): 0.8528357867448376
[HHL info]: L2 error (normalized): 0.17134003871728123

========================================================================================
 Compare system solutions using LU of A, LU sol of A_herm, HHL of Ax=b hermition system
LU sol 	    Herm LU sol    HHL sol    L1_diff(%)
-2.116e-04  -2.116e-04  -0.000e+00  1.000e+02
-1.855e-04  -1.855e-04  -0.000e+00  1.000e+02
-5.694e-04  -5.694e-04  -0.000e+00  1.000e+02
-6.891e-04  -6.891e-04  -0.000e+00  1.000e+02
-6.558e-04  -6.558e-04  -0.000e+00  1.000e+02
-1.942e-03  -1.942e-03  -5.702e-03  1.937e+02
-1.544e-03  -1.544e-03  -0.000e+00  1.000e+02
-1.626e-03  -1.626e-03  -0.000e+00  1.000e+02
 8.973e-03   8.973e-03   0.000e+00  1.000e+02
-3.851e-03  -3.851e-03  -0.000e+00  1.000e+02
-4.009e-03  -4.009e-03  -0.000e+00  1.000e+02
 1.058e-02   1.058e-02   0.000e+00  1.000e+02
-1.086e-02  -1.086e-02  -0.000e+00  1.000e+02
-5.489e-03  -5.489e-03  -0.000e+00  1.000e+02
 3.663e-03   3.663e-03   0.000e+00  1.000e+02
-1.048e-02  -1.048e-02  -0.000e+00  1.000e+02
-2.002e-02  -2.002e-02  -5.702e-03  7.152e+01
-3.661e-03  -3.661e-03  -0.000e+00  1.000e+02
 1.613e-05   1.613e-05   0.000e+00  1.000e+02
-3.238e-02  -3.238e-02  -5.702e-03  8.239e+01
-1.436e-03  -1.436e-03  -0.000e+00  1.000e+02
-6.673e-03  -6.673e-03  -0.000e+00  1.000e+02
-4.727e-02  -4.727e-02  -1.140e-02  7.588e+01
-2.282e-02  -2.282e-02  -9.876e-03  5.672e+01
-1.826e-02  -1.826e-02  -5.702e-03  6.877e+01
-3.954e-02  -3.954e-02  -8.064e-03  7.961e+01
-6.021e-02  -6.021e-02  -9.876e-03  8.360e+01
-2.890e-02  -2.890e-02  -5.702e-03  8.027e+01
-4.758e-02  -4.758e-02  -5.702e-03  8.802e+01
-9.926e-02  -9.926e-02  -1.509e-02  8.480e+01
-5.463e-02  -5.463e-02  -9.876e-03  8.192e+01
-6.295e-02  -6.295e-02  -9.876e-03  8.431e+01
-1.216e-01  -1.216e-01  -2.133e-02  8.245e+01
-4.379e-02  -4.379e-02  -5.702e-03  8.698e+01
-6.654e-02  -6.654e-02  -9.876e-03  8.516e+01
-1.484e-01  -1.484e-01  -2.485e-02  8.325e+01
-7.826e-02  -7.826e-02  -1.275e-02  8.371e+01
-1.006e-01  -1.006e-01  -1.140e-02  8.866e+01
-1.695e-01  -1.695e-01  -2.793e-02  8.352e+01
-6.947e-02  -6.947e-02  -9.876e-03  8.578e+01
-9.146e-02  -9.146e-02  -1.140e-02  8.753e+01
-1.585e-01  -1.585e-01  -1.891e-02  8.807e+01
-6.217e-02  -6.217e-02  -1.509e-02  7.573e+01
-7.369e-02  -7.369e-02  -9.876e-03  8.660e+01
-1.673e-01  -1.673e-01  -2.674e-02  8.401e+01
-8.257e-02  -8.257e-02  -8.064e-03  9.023e+01
-8.988e-02  -8.988e-02  -1.275e-02  8.582e+01
-1.523e-01  -1.523e-01  -2.133e-02  8.599e+01
-8.808e-02  -8.808e-02  -1.275e-02  8.552e+01
-8.169e-02  -8.169e-02  -1.140e-02  8.604e+01
-1.518e-01  -1.518e-01  -2.351e-02  8.451e+01
-9.178e-02  -9.178e-02  -1.509e-02  8.356e+01
-1.028e-01  -1.028e-01  -1.275e-02  8.760e+01
-1.931e-01  -1.931e-01  -2.613e-02  8.647e+01
-9.516e-02  -9.516e-02  -1.275e-02  8.660e+01
-1.066e-01  -1.066e-01  -1.275e-02  8.804e+01
-1.979e-01  -1.979e-01  -2.734e-02  8.618e+01
-9.231e-02  -9.231e-02  -1.275e-02  8.619e+01
-1.053e-01  -1.053e-01  -1.613e-02  8.468e+01
-2.110e-01  -2.110e-01  -3.275e-02  8.448e+01
========================================================================================

step: 13/15 res:5.79554627483116, res/res0:0.25829390728356244  dq_norm: [0.0382487  0.04150958 0.08301917]

A info: before HHL prepare:
Spectral radius (A): 1.014e+02, lambda_min:6.7309928711933935
condition number(A): 1.506e+01, norm2_cond:328.35793073315875
det(A): 1.808e+96
--------------------------------------------------------------------------------

A_hhl info: after scaling by spectral radius:
Spectral radius (A): 1.000e+00, lambda_min:0.06639143629739837
condition number(A): 1.506e+01, norm2_cond:328.3579307331569
det(A): 7.930e-25, nnz: 22 non zeros per row
--------------------------------------------------------------------------------

Size of A & B are not power of 2:
Next 2 power of 60 = 64
Value to be padded = 4
--------------------------------------------------

==================== Print (N)^2 padded matrix system =======================
Padded shape of A: (60, 60)x(60, 60) -> (64, 64)x(64, 64)
Padded shape of B: (60,) -> (64,)
Determinant of padded matrix: 7.9302808571949965e-25
Condition # of padded matrix: 328.3579307331569


Matrix is not Hermitian. Making it Hermitian.......

==================== Print Hermitian matrix system info =======================
Shape of hermitian A: 64x64 -> 128x128
Shape of           B: 64 -> 128
Determinant of Hermitian matrix: 6.288935447399073e-49
Condition # of Hermitian matrix: 328.3579307331598

=================================== Generating HHL circuit ===================================
Time elapsed for generating HHL circuit: 5 min 24.01 sec

Generated circuit: num_qubits=18, gates=23, depth=5
============================== Generated Circuit saved ==============================

============================== Transpiling circuit ==============================
This is using the AerSimulator('aer_simulator_statevector') transpiler.
Time elapsed for transpiling the circuit:  0 min 46.36 sec
Transpiled circuit, num_qubits: 18, (original: 18)
Transpiled circuit depth: 464195 (original: 5)
Transpiled circuit gates: 464347 (original: 23)
============================== Transpiled Circuit saved ==============================
Time elapsed for running the circuit:  2 min 25.10 sec
total_qubits: 18, nq:7

Time elapsed for extracting shots-based hhl counts solution:  0 min 0.00 sec

[HHL info]: linear system residual (e=||Ax-b||_2): 4.875637470889118
[HHL info]: Fidelity(true_sol, hhl_sol): 0.9333447148887947
[HHL info]: L2 error (absolute): 0.5003273266495153
[HHL info]: L2 error (relative): 0.8789519760000187
[HHL info]: L2 error (normalized): 0.2603932657504212

========================================================================================
 Compare system solutions using LU of A, LU sol of A_herm, HHL of Ax=b hermition system
LU sol 	    Herm LU sol    HHL sol    L1_diff(%)
-2.107e-04  -2.107e-04  -0.000e+00  1.000e+02
-1.853e-04  -1.853e-04  -0.000e+00  1.000e+02
-5.669e-04  -5.669e-04  -0.000e+00  1.000e+02
-7.019e-04  -7.019e-04  -0.000e+00  1.000e+02
-6.634e-04  -6.634e-04  -0.000e+00  1.000e+02
 3.736e-03   3.736e-03   0.000e+00  1.000e+02
-1.593e-03  -1.593e-03  -0.000e+00  1.000e+02
-1.650e-03  -1.650e-03  -0.000e+00  1.000e+02
 8.870e-03   8.870e-03   0.000e+00  1.000e+02
-3.923e-03  -3.923e-03  -0.000e+00  1.000e+02
-4.042e-03  -4.042e-03  -0.000e+00  1.000e+02
 1.041e-02   1.041e-02   0.000e+00  1.000e+02
-1.083e-02  -1.083e-02  -0.000e+00  1.000e+02
-5.461e-03  -5.461e-03  -0.000e+00  1.000e+02
 3.734e-03   3.734e-03   0.000e+00  1.000e+02
-1.020e-02  -1.020e-02  -0.000e+00  1.000e+02
-1.423e-02  -1.423e-02  -0.000e+00  1.000e+02
-2.951e-03  -2.951e-03  -0.000e+00  1.000e+02
 4.022e-04   4.022e-04   0.000e+00  1.000e+02
-2.673e-02  -2.673e-02  -4.533e-03  8.304e+01
-3.799e-04  -3.799e-04  -0.000e+00  1.000e+02
-6.442e-03  -6.442e-03  -0.000e+00  1.000e+02
-3.594e-02  -3.594e-02  -6.411e-03  8.216e+01
-1.233e-02  -1.233e-02  -0.000e+00  1.000e+02
-1.247e-02  -1.247e-02  -0.000e+00  1.000e+02
-3.144e-02  -3.144e-02  -0.000e+00  1.000e+02
-5.008e-02  -5.008e-02  -6.411e-03  8.720e+01
-2.314e-02  -2.314e-02  -4.533e-03  8.041e+01
-4.191e-02  -4.191e-02  -0.000e+00  1.000e+02
-8.403e-02  -8.403e-02  -7.852e-03  9.066e+01
-4.467e-02  -4.467e-02  -1.360e-02  6.956e+01
-5.312e-02  -5.312e-02  -4.533e-03  9.147e+01
-1.002e-01  -1.002e-01  -1.504e-02  8.499e+01
-3.795e-02  -3.795e-02  -4.533e-03  8.805e+01
-5.663e-02  -5.663e-02  -1.014e-02  8.210e+01
-1.231e-01  -1.231e-01  -1.869e-02  8.482e+01
-6.505e-02  -6.505e-02  -1.110e-02  8.293e+01
-8.908e-02  -8.908e-02  -1.110e-02  8.753e+01
-1.411e-01  -1.411e-01  -1.696e-02  8.798e+01
-5.908e-02  -5.908e-02  -1.110e-02  8.120e+01
-7.994e-02  -7.994e-02  -1.282e-02  8.396e+01
-1.387e-01  -1.387e-01  -1.869e-02  8.653e+01
-4.670e-02  -4.670e-02  -0.000e+00  1.000e+02
-6.405e-02  -6.405e-02  -6.411e-03  8.999e+01
-1.399e-01  -1.399e-01  -2.126e-02  8.480e+01
-7.409e-02  -7.409e-02  -1.014e-02  8.632e+01
-7.690e-02  -7.690e-02  -6.411e-03  9.166e+01
-1.302e-01  -1.302e-01  -1.570e-02  8.794e+01
-7.442e-02  -7.442e-02  -4.533e-03  9.391e+01
-7.038e-02  -7.038e-02  -6.411e-03  9.089e+01
-1.273e-01  -1.273e-01  -1.199e-02  9.058e+01
-7.579e-02  -7.579e-02  -9.066e-03  8.804e+01
-9.009e-02  -9.009e-02  -1.110e-02  8.767e+01
-1.659e-01  -1.659e-01  -2.126e-02  8.718e+01
-8.176e-02  -8.176e-02  -1.110e-02  8.642e+01
-9.391e-02  -9.391e-02  -7.852e-03  9.164e+01
-1.697e-01  -1.697e-01  -1.923e-02  8.866e+01
-7.907e-02  -7.907e-02  -1.014e-02  8.718e+01
-8.915e-02  -8.915e-02  -1.199e-02  8.655e+01
-1.774e-01  -1.774e-01  -1.813e-02  8.978e+01
========================================================================================

step: 14/15 res:5.4768924271285275, res/res0:0.2440922525143661  dq_norm: [0.03007007 0.03040986 0.05752029]
Completed: 14 steps in 7785.17s
Saved metadata to /lustre/orion/stf006/scratch/4klornl/fvm_euler_1d_solver/output_parallel_shots/nelem20/statevector/shots_50000/trial_6/metadata_nelem20_HHL_statevector_nshots50000.pkl

Solution summary:
  x/L: [0.0250, 0.9750]
  Mach: [1.5000, 2.0158]
  p/p_in: [1.0000, 0.4316]
  rho/rho_in: [1.0000, 0.5494]
Saved combined plot to /lustre/orion/stf006/scratch/4klornl/fvm_euler_1d_solver/output_parallel_shots/nelem20/statevector/shots_50000/trial_6/solution_plot_nelem20_HHL_statevector_nshots50000.png
