
------------------------------------------------------------
Using ideal local simulator with 'statevector' method
Backend: aer_simulator_statevector
Shots: 5000
------------------------------------------------------------

A info: before HHL prepare:
Spectral radius (A): 2.241e+01, lambda_min:2.3074021727489433
condition number(A): 9.710e+00, norm2_cond:95.97789014324577
det(A): 9.333e+14
--------------------------------------------------------------------------------

A_hhl info: after scaling by spectral radius:
Spectral radius (A): 1.000e+00, lambda_min:0.1029832130561069
condition number(A): 9.710e+00, norm2_cond:95.9778901432457
det(A): 5.184e-06, nnz: 10 non zeros per row
--------------------------------------------------------------------------------

Size of A & B are not power of 2:
Next 2 power of 15 = 16
Value to be padded = 1
--------------------------------------------------

==================== Print (N)^2 padded matrix system =======================
Padded shape of A: (15, 15)x(15, 15) -> (16, 16)x(16, 16)
Padded shape of B: (15,) -> (16,)
Determinant of padded matrix: 5.183984510966138e-06
Condition # of padded matrix: 95.9778901432457


Matrix is not Hermitian. Making it Hermitian.......

==================== Print Hermitian matrix system info =======================
Shape of hermitian A: 16x16 -> 32x32
Shape of           B: 16 -> 32
Determinant of Hermitian matrix: 2.6873695409936828e-11
Condition # of Hermitian matrix: 95.9778901432459

=================================== Generating HHL circuit ===================================
Time elapsed for generating HHL circuit: 4 min 27.91 sec

Generated circuit: num_qubits=14, gates=19, depth=5
============================== Generated Circuit saved ==============================

============================== Transpiling circuit ==============================
Time elapsed for transpiling the circuit:  0 min 46.02 sec
Transpiled circuit, num_qubits: 14, (original: 14)
Transpiled circuit depth: 689027 (original: 5)
Transpiled circuit gates: 689127 (original: 19)
============================== Transpiled Circuit saved ==============================
Time elapsed for running the circuit:  1 min 1.92 sec
total_qubits: 14, nq:5

Time elapsed for extracting shots-based hhl counts solution:  0 min 0.00 sec

[HHL info]: linear system residual (e=||Ax-b||_2): 8.867289440018645
[HHL info]: Fidelity(true_sol, hhl_sol): 0.9476563373678397
[HHL info]: L2 error (absolute): 1.6942142771573112
[HHL info]: L2 error (relative): 0.6264232574522717
[HHL info]: L2 error (normalized): 0.2303196973946392

========================================================================================
 Compare system solutions using LU of A, LU sol of A_herm, HHL of Ax=b hermition system
LU sol 	    Herm LU sol    HHL sol    L1_diff(%)
-1.705e-02  -1.705e-02  -0.000e+00  1.000e+02
-7.527e-03  -7.527e-03  -0.000e+00  1.000e+02
-3.946e-02  -3.946e-02  -0.000e+00  1.000e+02
-1.283e-01  -1.283e-01  -0.000e+00  1.000e+02
-6.877e-02  -6.877e-02  -0.000e+00  1.000e+02
-2.800e-01  -2.800e-01  -0.000e+00  1.000e+02
-4.114e-01  -4.114e-01  -0.000e+00  1.000e+02
-4.227e-01  -4.227e-01  -2.185e-01  4.830e+01
-1.109e+00  -1.109e+00  -3.990e-01  6.404e+01
-5.252e-01  -5.252e-01  -2.524e-01  5.195e+01
-5.558e-01  -5.558e-01  -1.784e-01  6.789e+01
-1.428e+00  -1.428e+00  -5.500e-01  6.148e+01
-5.637e-01  -5.637e-01  -2.821e-01  4.995e+01
-5.958e-01  -5.958e-01  -3.091e-01  4.812e+01
-1.529e+00  -1.529e+00  -5.782e-01  6.219e+01
========================================================================================

step: 0/15 res:12.375368413827264, res/res0:1.0  dq_norm: [0.37853153 0.41848236 0.89220738]

A info: before HHL prepare:
Spectral radius (A): 2.220e+01, lambda_min:2.5173378157526147
condition number(A): 8.820e+00, norm2_cond:93.92009421308876
det(A): 1.378e+15
--------------------------------------------------------------------------------

A_hhl info: after scaling by spectral radius:
Spectral radius (A): 1.000e+00, lambda_min:0.11337386148208897
condition number(A): 8.820e+00, norm2_cond:93.92009421308893
det(A): 8.764e-06, nnz: 12 non zeros per row
--------------------------------------------------------------------------------

Size of A & B are not power of 2:
Next 2 power of 15 = 16
Value to be padded = 1
--------------------------------------------------

==================== Print (N)^2 padded matrix system =======================
Padded shape of A: (15, 15)x(15, 15) -> (16, 16)x(16, 16)
Padded shape of B: (15,) -> (16,)
Determinant of padded matrix: 8.764029853849122e-06
Condition # of padded matrix: 93.92009421308893


Matrix is not Hermitian. Making it Hermitian.......

==================== Print Hermitian matrix system info =======================
Shape of hermitian A: 16x16 -> 32x32
Shape of           B: 16 -> 32
Determinant of Hermitian matrix: 7.680821927915865e-11
Condition # of Hermitian matrix: 93.92009421308909

=================================== Generating HHL circuit ===================================
Time elapsed for generating HHL circuit: 4 min 28.73 sec

Generated circuit: num_qubits=14, gates=19, depth=5
============================== Generated Circuit saved ==============================

============================== Transpiling circuit ==============================
Time elapsed for transpiling the circuit:  0 min 44.94 sec
Transpiled circuit, num_qubits: 14, (original: 14)
Transpiled circuit depth: 689027 (original: 5)
Transpiled circuit gates: 689127 (original: 19)
============================== Transpiled Circuit saved ==============================
Time elapsed for running the circuit:  1 min 1.38 sec
total_qubits: 14, nq:5

Time elapsed for extracting shots-based hhl counts solution:  0 min 0.00 sec

[HHL info]: linear system residual (e=||Ax-b||_2): 4.009102205325035
[HHL info]: Fidelity(true_sol, hhl_sol): 0.9256818377468604
[HHL info]: L2 error (absolute): 0.9525719019595399
[HHL info]: L2 error (relative): 0.5671073726355768
[HHL info]: L2 error (normalized): 0.2752322352077743

========================================================================================
 Compare system solutions using LU of A, LU sol of A_herm, HHL of Ax=b hermition system
LU sol 	    Herm LU sol    HHL sol    L1_diff(%)
-2.841e-02  -2.841e-02  -0.000e+00  1.000e+02
-1.566e-02  -1.566e-02  -0.000e+00  1.000e+02
-6.779e-02  -6.779e-02  -0.000e+00  1.000e+02
-1.543e-01  -1.543e-01  -1.489e-01  3.535e+00
-6.492e-02  -6.492e-02  -0.000e+00  1.000e+02
-3.291e-01  -3.291e-01  -1.824e-01  4.459e+01
-4.366e-01  -4.366e-01  -1.489e-01  6.590e+01
-1.922e-01  -1.922e-01  -0.000e+00  1.000e+02
-7.173e-01  -7.173e-01  -2.785e-01  6.117e+01
-2.633e-01  -2.633e-01  -0.000e+00  1.000e+02
-3.871e-01  -3.871e-01  -1.824e-01  5.290e+01
-8.355e-01  -8.355e-01  -3.647e-01  5.635e+01
-2.667e-01  -2.667e-01  -1.489e-01  4.416e+01
-2.911e-01  -2.911e-01  -2.106e-01  2.767e+01
-9.297e-01  -9.297e-01  -4.708e-01  4.935e+01
========================================================================================

step: 1/15 res:9.137344747324535, res/res0:0.738349311452836  dq_norm: [0.25788657 0.27854933 0.68230372]

A info: before HHL prepare:
Spectral radius (A): 2.268e+01, lambda_min:3.1823550121258664
condition number(A): 7.126e+00, norm2_cond:82.00087068258678
det(A): 3.342e+15
--------------------------------------------------------------------------------

A_hhl info: after scaling by spectral radius:
Spectral radius (A): 1.000e+00, lambda_min:0.14034095368371066
condition number(A): 7.126e+00, norm2_cond:82.00087068258664
det(A): 1.551e-05, nnz: 13 non zeros per row
--------------------------------------------------------------------------------

Size of A & B are not power of 2:
Next 2 power of 15 = 16
Value to be padded = 1
--------------------------------------------------

==================== Print (N)^2 padded matrix system =======================
Padded shape of A: (15, 15)x(15, 15) -> (16, 16)x(16, 16)
Padded shape of B: (15,) -> (16,)
Determinant of padded matrix: 1.550586487448774e-05
Condition # of padded matrix: 82.00087068258664


Matrix is not Hermitian. Making it Hermitian.......

==================== Print Hermitian matrix system info =======================
Shape of hermitian A: 16x16 -> 32x32
Shape of           B: 16 -> 32
Determinant of Hermitian matrix: 2.404318455058718e-10
Condition # of Hermitian matrix: 82.00087068258708

=================================== Generating HHL circuit ===================================
Time elapsed for generating HHL circuit: 4 min 27.90 sec

Generated circuit: num_qubits=14, gates=19, depth=5
============================== Generated Circuit saved ==============================

============================== Transpiling circuit ==============================
Time elapsed for transpiling the circuit:  0 min 45.47 sec
Transpiled circuit, num_qubits: 14, (original: 14)
Transpiled circuit depth: 689027 (original: 5)
Transpiled circuit gates: 689127 (original: 19)
============================== Transpiled Circuit saved ==============================
Time elapsed for running the circuit:  1 min 1.42 sec
total_qubits: 14, nq:5

Time elapsed for extracting shots-based hhl counts solution:  0 min 0.00 sec

[HHL info]: linear system residual (e=||Ax-b||_2): 3.1881739158575546
[HHL info]: Fidelity(true_sol, hhl_sol): 0.9380750532113419
[HHL info]: L2 error (absolute): 0.5429653125403505
[HHL info]: L2 error (relative): 0.6419120581174305
[HHL info]: L2 error (normalized): 0.2508276411014339

========================================================================================
 Compare system solutions using LU of A, LU sol of A_herm, HHL of Ax=b hermition system
LU sol 	    Herm LU sol    HHL sol    L1_diff(%)
-1.031e-02  -1.031e-02  -0.000e+00  1.000e+02
 1.203e-03   1.203e-03   0.000e+00  1.000e+02
-1.902e-02  -1.902e-02  -0.000e+00  1.000e+02
 2.294e-02   2.294e-02   0.000e+00  1.000e+02
-8.091e-02  -8.091e-02  -4.442e-02  4.510e+01
-9.427e-02  -9.427e-02  -3.141e-02  6.668e+01
-2.592e-01  -2.592e-01  -7.023e-02  7.290e+01
-2.036e-01  -2.036e-01  -6.281e-02  6.916e+01
-3.769e-01  -3.769e-01  -1.042e-01  7.236e+01
-2.486e-01  -2.486e-01  -1.256e-01  4.946e+01
-1.940e-01  -1.940e-01  -8.883e-02  5.420e+01
-4.365e-01  -4.365e-01  -1.691e-01  6.126e+01
-8.919e-02  -8.919e-02  -0.000e+00  1.000e+02
-7.695e-02  -7.695e-02  -0.000e+00  1.000e+02
-3.801e-01  -3.801e-01  -1.632e-01  5.707e+01
========================================================================================

step: 2/15 res:4.073056273066528, res/res0:0.32912606209893636  dq_norm: [0.14392325 0.11751284 0.25898568]

A info: before HHL prepare:
Spectral radius (A): 2.317e+01, lambda_min:3.458441949664111
condition number(A): 6.700e+00, norm2_cond:72.50199199196338
det(A): 4.472e+15
--------------------------------------------------------------------------------

A_hhl info: after scaling by spectral radius:
Spectral radius (A): 1.000e+00, lambda_min:0.14926283145834926
condition number(A): 6.700e+00, norm2_cond:72.50199199196318
det(A): 1.502e-05, nnz: 11 non zeros per row
--------------------------------------------------------------------------------

Size of A & B are not power of 2:
Next 2 power of 15 = 16
Value to be padded = 1
--------------------------------------------------

==================== Print (N)^2 padded matrix system =======================
Padded shape of A: (15, 15)x(15, 15) -> (16, 16)x(16, 16)
Padded shape of B: (15,) -> (16,)
Determinant of padded matrix: 1.501622737096445e-05
Condition # of padded matrix: 72.50199199196318


Matrix is not Hermitian. Making it Hermitian.......

==================== Print Hermitian matrix system info =======================
Shape of hermitian A: 16x16 -> 32x32
Shape of           B: 16 -> 32
Determinant of Hermitian matrix: 2.2548708445650111e-10
Condition # of Hermitian matrix: 72.5019919919631

=================================== Generating HHL circuit ===================================
Time elapsed for generating HHL circuit: 4 min 26.50 sec

Generated circuit: num_qubits=14, gates=19, depth=5
============================== Generated Circuit saved ==============================

============================== Transpiling circuit ==============================
Time elapsed for transpiling the circuit:  0 min 44.90 sec
Transpiled circuit, num_qubits: 14, (original: 14)
Transpiled circuit depth: 689027 (original: 5)
Transpiled circuit gates: 689127 (original: 19)
============================== Transpiled Circuit saved ==============================
Time elapsed for running the circuit:  1 min 1.77 sec
total_qubits: 14, nq:5

Time elapsed for extracting shots-based hhl counts solution:  0 min 0.00 sec

[HHL info]: linear system residual (e=||Ax-b||_2): 2.4314004289013664
[HHL info]: Fidelity(true_sol, hhl_sol): 0.9009921843265043
[HHL info]: L2 error (absolute): 0.3201538475997977
[HHL info]: L2 error (relative): 0.6173477849064201
[HHL info]: L2 error (normalized): 0.3187284704485924

========================================================================================
 Compare system solutions using LU of A, LU sol of A_herm, HHL of Ax=b hermition system
LU sol 	    Herm LU sol    HHL sol    L1_diff(%)
-1.174e-02  -1.174e-02  -0.000e+00  1.000e+02
-2.429e-03  -2.429e-03  -0.000e+00  1.000e+02
-2.463e-02  -2.463e-02  -2.950e-02  1.979e+01
 2.925e-02   2.925e-02   0.000e+00  1.000e+02
-3.022e-02  -3.022e-02  -0.000e+00  1.000e+02
-4.732e-02  -4.732e-02  -0.000e+00  1.000e+02
-1.738e-01  -1.738e-01  -7.806e-02  5.508e+01
-1.411e-01  -1.411e-01  -6.597e-02  5.325e+01
-2.628e-01  -2.628e-01  -1.216e-01  5.372e+01
-1.114e-01  -1.114e-01  -5.110e-02  5.415e+01
-1.061e-01  -1.061e-01  -0.000e+00  1.000e+02
-2.510e-01  -2.510e-01  -8.851e-02  6.473e+01
-8.985e-02  -8.985e-02  -5.110e-02  4.313e+01
-7.647e-02  -7.647e-02  -0.000e+00  1.000e+02
-2.107e-01  -2.107e-01  -8.851e-02  5.799e+01
========================================================================================

step: 3/15 res:3.236157223361957, res/res0:0.2614998693490312  dq_norm: [0.10637702 0.06597223 0.17702206]

A info: before HHL prepare:
Spectral radius (A): 2.380e+01, lambda_min:4.2278912055101285
condition number(A): 5.629e+00, norm2_cond:66.70157441828874
det(A): 1.044e+16
--------------------------------------------------------------------------------

A_hhl info: after scaling by spectral radius:
Spectral radius (A): 1.000e+00, lambda_min:0.1776603445801467
condition number(A): 5.629e+00, norm2_cond:66.7015744182889
det(A): 2.347e-05, nnz: 11 non zeros per row
--------------------------------------------------------------------------------

Size of A & B are not power of 2:
Next 2 power of 15 = 16
Value to be padded = 1
--------------------------------------------------

==================== Print (N)^2 padded matrix system =======================
Padded shape of A: (15, 15)x(15, 15) -> (16, 16)x(16, 16)
Padded shape of B: (15,) -> (16,)
Determinant of padded matrix: 2.347239804410367e-05
Condition # of padded matrix: 66.7015744182889


Matrix is not Hermitian. Making it Hermitian.......

==================== Print Hermitian matrix system info =======================
Shape of hermitian A: 16x16 -> 32x32
Shape of           B: 16 -> 32
Determinant of Hermitian matrix: 5.509534699408439e-10
Condition # of Hermitian matrix: 66.70157441828883

=================================== Generating HHL circuit ===================================
Time elapsed for generating HHL circuit: 4 min 27.85 sec

Generated circuit: num_qubits=14, gates=19, depth=5
============================== Generated Circuit saved ==============================

============================== Transpiling circuit ==============================
Time elapsed for transpiling the circuit:  0 min 44.41 sec
Transpiled circuit, num_qubits: 14, (original: 14)
Transpiled circuit depth: 689027 (original: 5)
Transpiled circuit gates: 689127 (original: 19)
============================== Transpiled Circuit saved ==============================
Time elapsed for running the circuit:  1 min 1.90 sec
total_qubits: 14, nq:5

Time elapsed for extracting shots-based hhl counts solution:  0 min 0.00 sec

[HHL info]: linear system residual (e=||Ax-b||_2): 2.3914648111320758
[HHL info]: Fidelity(true_sol, hhl_sol): 0.952227043420398
[HHL info]: L2 error (absolute): 0.29556445949314064
[HHL info]: L2 error (relative): 0.9794725067822193
[HHL info]: L2 error (normalized): 0.21990354755940733

========================================================================================
 Compare system solutions using LU of A, LU sol of A_herm, HHL of Ax=b hermition system
LU sol 	    Herm LU sol    HHL sol    L1_diff(%)
-1.282e-02  -1.282e-02  -0.000e+00  1.000e+02
-3.904e-03  -3.904e-03  -0.000e+00  1.000e+02
 9.418e-04   9.418e-04   0.000e+00  1.000e+02
 3.191e-02   3.191e-02   1.132e-03  9.645e+01
-2.749e-02  -2.749e-02  -0.000e+00  1.000e+02
-4.067e-02  -4.067e-02  -8.002e-04  9.803e+01
-8.667e-02  -8.667e-02  -1.600e-03  9.815e+01
-7.392e-02  -7.392e-02  -1.789e-03  9.758e+01
-1.326e-01  -1.326e-01  -2.654e-03  9.800e+01
-5.487e-02  -5.487e-02  -1.386e-03  9.747e+01
-1.049e-01  -1.049e-01  -2.117e-03  9.798e+01
-1.527e-01  -1.527e-01  -2.772e-03  9.819e+01
-3.405e-02  -3.405e-02  -1.386e-03  9.593e+01
-7.599e-02  -7.599e-02  -1.132e-03  9.851e+01
-1.123e-01  -1.123e-01  -2.885e-03  9.743e+01
========================================================================================

step: 4/15 res:2.430822161951514, res/res0:0.19642422598389106  dq_norm: [0.00277188 0.00299397 0.00486726]

A info: before HHL prepare:
Spectral radius (A): 2.380e+01, lambda_min:4.235617306049048
condition number(A): 5.620e+00, norm2_cond:66.63562894835815
det(A): 1.052e+16
--------------------------------------------------------------------------------

A_hhl info: after scaling by spectral radius:
Spectral radius (A): 1.000e+00, lambda_min:0.1779506658569516
condition number(A): 5.620e+00, norm2_cond:66.63562894835805
det(A): 2.360e-05, nnz: 11 non zeros per row
--------------------------------------------------------------------------------

Size of A & B are not power of 2:
Next 2 power of 15 = 16
Value to be padded = 1
--------------------------------------------------

==================== Print (N)^2 padded matrix system =======================
Padded shape of A: (15, 15)x(15, 15) -> (16, 16)x(16, 16)
Padded shape of B: (15,) -> (16,)
Determinant of padded matrix: 2.359825559683415e-05
Condition # of padded matrix: 66.63562894835805


Matrix is not Hermitian. Making it Hermitian.......

==================== Print Hermitian matrix system info =======================
Shape of hermitian A: 16x16 -> 32x32
Shape of           B: 16 -> 32
Determinant of Hermitian matrix: 5.568776672135122e-10
Condition # of Hermitian matrix: 66.63562894835815

=================================== Generating HHL circuit ===================================
Time elapsed for generating HHL circuit: 4 min 26.63 sec

Generated circuit: num_qubits=14, gates=19, depth=5
============================== Generated Circuit saved ==============================

============================== Transpiling circuit ==============================
Time elapsed for transpiling the circuit:  0 min 43.82 sec
Transpiled circuit, num_qubits: 14, (original: 14)
Transpiled circuit depth: 689027 (original: 5)
Transpiled circuit gates: 689127 (original: 19)
============================== Transpiled Circuit saved ==============================
Time elapsed for running the circuit:  1 min 1.81 sec
total_qubits: 14, nq:5

Time elapsed for extracting shots-based hhl counts solution:  0 min 0.00 sec

[HHL info]: linear system residual (e=||Ax-b||_2): 2.133089338787015
[HHL info]: Fidelity(true_sol, hhl_sol): 0.9090908594389306
[HHL info]: L2 error (absolute): 0.2698681648135114
[HHL info]: L2 error (relative): 0.9131984225136279
[HHL info]: L2 error (normalized): 0.30508174901859825

========================================================================================
 Compare system solutions using LU of A, LU sol of A_herm, HHL of Ax=b hermition system
LU sol 	    Herm LU sol    HHL sol    L1_diff(%)
-1.281e-02  -1.281e-02  -0.000e+00  1.000e+02
-3.934e-03  -3.934e-03  -0.000e+00  1.000e+02
 9.012e-04   9.012e-04   0.000e+00  1.000e+02
 3.091e-02   3.091e-02   5.353e-03  8.268e+01
-2.744e-02  -2.744e-02  -3.785e-03  8.620e+01
-3.971e-02  -3.971e-02  -5.353e-03  8.652e+01
-8.495e-02  -8.495e-02  -3.785e-03  9.554e+01
-7.211e-02  -7.211e-02  -5.353e-03  9.258e+01
-1.299e-01  -1.299e-01  -1.466e-02  8.871e+01
-5.348e-02  -5.348e-02  -0.000e+00  1.000e+02
-1.028e-01  -1.028e-01  -1.071e-02  8.959e+01
-1.500e-01  -1.500e-01  -1.255e-02  9.163e+01
-3.270e-02  -3.270e-02  -3.785e-03  8.843e+01
-7.486e-02  -7.486e-02  -5.353e-03  9.285e+01
-1.094e-01  -1.094e-01  -9.272e-03  9.153e+01
========================================================================================

step: 5/15 res:2.391477613488664, res/res0:0.1932449631815902  dq_norm: [0.00757068 0.01364823 0.02207213]

A info: before HHL prepare:
Spectral radius (A): 2.375e+01, lambda_min:4.207305970083034
condition number(A): 5.645e+00, norm2_cond:66.23726998774491
det(A): 1.020e+16
--------------------------------------------------------------------------------

A_hhl info: after scaling by spectral radius:
Spectral radius (A): 1.000e+00, lambda_min:0.17714302000211943
condition number(A): 5.645e+00, norm2_cond:66.237269987745
det(A): 2.363e-05, nnz: 11 non zeros per row
--------------------------------------------------------------------------------

Size of A & B are not power of 2:
Next 2 power of 15 = 16
Value to be padded = 1
--------------------------------------------------

==================== Print (N)^2 padded matrix system =======================
Padded shape of A: (15, 15)x(15, 15) -> (16, 16)x(16, 16)
Padded shape of B: (15,) -> (16,)
Determinant of padded matrix: 2.3626114492327474e-05
Condition # of padded matrix: 66.237269987745


Matrix is not Hermitian. Making it Hermitian.......

==================== Print Hermitian matrix system info =======================
Shape of hermitian A: 16x16 -> 32x32
Shape of           B: 16 -> 32
Determinant of Hermitian matrix: 5.581932860045663e-10
Condition # of Hermitian matrix: 66.23726998774514

=================================== Generating HHL circuit ===================================
Time elapsed for generating HHL circuit: 4 min 26.19 sec

Generated circuit: num_qubits=14, gates=19, depth=5
============================== Generated Circuit saved ==============================

============================== Transpiling circuit ==============================
Time elapsed for transpiling the circuit:  0 min 44.11 sec
Transpiled circuit, num_qubits: 14, (original: 14)
Transpiled circuit depth: 689027 (original: 5)
Transpiled circuit gates: 689127 (original: 19)
============================== Transpiled Circuit saved ==============================
Time elapsed for running the circuit:  1 min 1.08 sec
total_qubits: 14, nq:5

Time elapsed for extracting shots-based hhl counts solution:  0 min 0.00 sec

[HHL info]: linear system residual (e=||Ax-b||_2): 1.979292849338977
[HHL info]: Fidelity(true_sol, hhl_sol): 0.9326891667470993
[HHL info]: L2 error (absolute): 0.24843561677331008
[HHL info]: L2 error (relative): 0.9215397684418397
[HHL info]: L2 error (normalized): 0.2616931880908525

========================================================================================
 Compare system solutions using LU of A, LU sol of A_herm, HHL of Ax=b hermition system
LU sol 	    Herm LU sol    HHL sol    L1_diff(%)
-1.266e-02  -1.266e-02  -0.000e+00  1.000e+02
-3.991e-03  -3.991e-03  -0.000e+00  1.000e+02
 1.066e-03   1.066e-03   0.000e+00  1.000e+02
 2.611e-02   2.611e-02   5.143e-03  8.031e+01
-2.365e-02  -2.365e-02  -0.000e+00  1.000e+02
-3.388e-02  -3.388e-02  -2.571e-03  9.241e+01
-8.087e-02  -8.087e-02  -7.273e-03  9.101e+01
-6.660e-02  -6.660e-02  -6.803e-03  8.979e+01
-1.145e-01  -1.145e-01  -9.621e-03  9.160e+01
-5.343e-02  -5.343e-02  -6.298e-03  8.821e+01
-9.225e-02  -9.225e-02  -5.750e-03  9.377e+01
-1.373e-01  -1.373e-01  -9.621e-03  9.299e+01
-2.912e-02  -2.912e-02  -0.000e+00  1.000e+02
-6.959e-02  -6.959e-02  -4.454e-03  9.360e+01
-1.005e-01  -1.005e-01  -8.528e-03  9.152e+01
========================================================================================

step: 6/15 res:2.133698260545092, res/res0:0.17241492852536539  dq_norm: [0.01090929 0.00995877 0.0162626 ]

A info: before HHL prepare:
Spectral radius (A): 2.377e+01, lambda_min:4.195685071137706
condition number(A): 5.665e+00, norm2_cond:66.27981771016879
det(A): 1.002e+16
--------------------------------------------------------------------------------

A_hhl info: after scaling by spectral radius:
Spectral radius (A): 1.000e+00, lambda_min:0.17650952053849087
condition number(A): 5.665e+00, norm2_cond:66.27981771016852
det(A): 2.293e-05, nnz: 11 non zeros per row
--------------------------------------------------------------------------------

Size of A & B are not power of 2:
Next 2 power of 15 = 16
Value to be padded = 1
--------------------------------------------------

==================== Print (N)^2 padded matrix system =======================
Padded shape of A: (15, 15)x(15, 15) -> (16, 16)x(16, 16)
Padded shape of B: (15,) -> (16,)
Determinant of padded matrix: 2.293497656938383e-05
Condition # of padded matrix: 66.27981771016852


Matrix is not Hermitian. Making it Hermitian.......

==================== Print Hermitian matrix system info =======================
Shape of hermitian A: 16x16 -> 32x32
Shape of           B: 16 -> 32
Determinant of Hermitian matrix: 5.260131502381832e-10
Condition # of Hermitian matrix: 66.2798177101687

=================================== Generating HHL circuit ===================================
Time elapsed for generating HHL circuit: 4 min 26.07 sec

Generated circuit: num_qubits=14, gates=19, depth=5
============================== Generated Circuit saved ==============================

============================== Transpiling circuit ==============================
Time elapsed for transpiling the circuit:  0 min 43.64 sec
Transpiled circuit, num_qubits: 14, (original: 14)
Transpiled circuit depth: 689027 (original: 5)
Transpiled circuit gates: 689127 (original: 19)
============================== Transpiled Circuit saved ==============================
Time elapsed for running the circuit:  1 min 1.20 sec
total_qubits: 14, nq:5

Time elapsed for extracting shots-based hhl counts solution:  0 min 0.00 sec

[HHL info]: linear system residual (e=||Ax-b||_2): 1.2843456625331477
[HHL info]: Fidelity(true_sol, hhl_sol): 0.9640929883161781
[HHL info]: L2 error (absolute): 0.09078899662614283
[HHL info]: L2 error (relative): 0.36629020925843003
[HHL info]: L2 error (normalized): 0.1903556151111399

========================================================================================
 Compare system solutions using LU of A, LU sol of A_herm, HHL of Ax=b hermition system
LU sol 	    Herm LU sol    HHL sol    L1_diff(%)
-1.266e-02  -1.266e-02  -0.000e+00  1.000e+02
-4.137e-03  -4.137e-03  -0.000e+00  1.000e+02
 8.635e-04   8.635e-04   0.000e+00  1.000e+02
 2.147e-02   2.147e-02   0.000e+00  1.000e+02
-2.338e-02  -2.338e-02  -2.121e-02  9.269e+00
-3.056e-02  -3.056e-02  -2.121e-02  3.059e+01
-7.303e-02  -7.303e-02  -5.612e-02  2.315e+01
-5.977e-02  -5.977e-02  -4.242e-02  2.903e+01
-1.048e-01  -1.048e-01  -7.648e-02  2.701e+01
-4.697e-02  -4.697e-02  -2.121e-02  5.484e+01
-8.635e-02  -8.635e-02  -5.196e-02  3.983e+01
-1.275e-01  -1.275e-01  -7.937e-02  3.775e+01
-2.901e-02  -2.901e-02  -3.674e-02  2.665e+01
-6.509e-02  -6.509e-02  -4.743e-02  2.712e+01
-9.181e-02  -9.181e-02  -5.196e-02  4.341e+01
========================================================================================

step: 7/15 res:1.9790119166825269, res/res0:0.159915394071932  dq_norm: [0.07035352 0.08484953 0.12368839]

A info: before HHL prepare:
Spectral radius (A): 2.407e+01, lambda_min:4.276416386003041
condition number(A): 5.629e+00, norm2_cond:67.05935524181257
det(A): 1.222e+16
--------------------------------------------------------------------------------

A_hhl info: after scaling by spectral radius:
Spectral radius (A): 1.000e+00, lambda_min:0.17766572560887067
condition number(A): 5.629e+00, norm2_cond:67.05935524181264
det(A): 2.317e-05, nnz: 11 non zeros per row
--------------------------------------------------------------------------------

Size of A & B are not power of 2:
Next 2 power of 15 = 16
Value to be padded = 1
--------------------------------------------------

==================== Print (N)^2 padded matrix system =======================
Padded shape of A: (15, 15)x(15, 15) -> (16, 16)x(16, 16)
Padded shape of B: (15,) -> (16,)
Determinant of padded matrix: 2.3165190899755296e-05
Condition # of padded matrix: 67.05935524181264


Matrix is not Hermitian. Making it Hermitian.......

==================== Print Hermitian matrix system info =======================
Shape of hermitian A: 16x16 -> 32x32
Shape of           B: 16 -> 32
Determinant of Hermitian matrix: 5.366260694221037e-10
Condition # of Hermitian matrix: 67.05935524181247

=================================== Generating HHL circuit ===================================
Time elapsed for generating HHL circuit: 4 min 26.34 sec

Generated circuit: num_qubits=14, gates=19, depth=5
============================== Generated Circuit saved ==============================

============================== Transpiling circuit ==============================
Time elapsed for transpiling the circuit:  0 min 43.79 sec
Transpiled circuit, num_qubits: 14, (original: 14)
Transpiled circuit depth: 689027 (original: 5)
Transpiled circuit gates: 689127 (original: 19)
============================== Transpiled Circuit saved ==============================
Time elapsed for running the circuit:  1 min 1.43 sec
total_qubits: 14, nq:5

Time elapsed for extracting shots-based hhl counts solution:  0 min 0.00 sec

[HHL info]: linear system residual (e=||Ax-b||_2): 1.0178631136671359
[HHL info]: Fidelity(true_sol, hhl_sol): 0.7743222395211194
[HHL info]: L2 error (absolute): 0.0466764389633717
[HHL info]: L2 error (relative): 0.5211872187763791
[HHL info]: L2 error (normalized): 0.4899881288346664

========================================================================================
 Compare system solutions using LU of A, LU sol of A_herm, HHL of Ax=b hermition system
LU sol 	    Herm LU sol    HHL sol    L1_diff(%)
-1.275e-02  -1.275e-02  -1.446e-02  1.335e+01
-4.665e-03  -4.665e-03  -0.000e+00  1.000e+02
 2.540e-04   2.540e-04   0.000e+00  1.000e+02
 2.263e-02   2.263e-02   0.000e+00  1.000e+02
-1.477e-03  -1.477e-03  -0.000e+00  1.000e+02
-6.731e-03  -6.731e-03  -0.000e+00  1.000e+02
-1.447e-02  -1.447e-02  -0.000e+00  1.000e+02
-1.698e-02  -1.698e-02  -1.446e-02  1.484e+01
-2.638e-02  -2.638e-02  -0.000e+00  1.000e+02
-2.524e-02  -2.524e-02  -1.446e-02  4.271e+01
-3.453e-02  -3.453e-02  -2.045e-02  4.080e+01
-4.809e-02  -4.809e-02  -3.825e-02  2.046e+01
 6.925e-03   6.925e-03   0.000e+00  1.000e+02
-1.772e-02  -1.772e-02  -2.045e-02  1.540e+01
-3.975e-02  -3.975e-02  -2.504e-02  3.700e+01
========================================================================================

step: 8/15 res:1.2841225488676469, res/res0:0.10376438954600085  dq_norm: [0.02044526 0.0323268  0.045717  ]

A info: before HHL prepare:
Spectral radius (A): 2.399e+01, lambda_min:4.136436721693843
condition number(A): 5.800e+00, norm2_cond:68.3162900397809
det(A): 1.058e+16
--------------------------------------------------------------------------------

A_hhl info: after scaling by spectral radius:
Spectral radius (A): 1.000e+00, lambda_min:0.17241309467954888
condition number(A): 5.800e+00, norm2_cond:68.31629003978078
det(A): 2.107e-05, nnz: 11 non zeros per row
--------------------------------------------------------------------------------

Size of A & B are not power of 2:
Next 2 power of 15 = 16
Value to be padded = 1
--------------------------------------------------

==================== Print (N)^2 padded matrix system =======================
Padded shape of A: (15, 15)x(15, 15) -> (16, 16)x(16, 16)
Padded shape of B: (15,) -> (16,)
Determinant of padded matrix: 2.1072192571884048e-05
Condition # of padded matrix: 68.31629003978078


Matrix is not Hermitian. Making it Hermitian.......

==================== Print Hermitian matrix system info =======================
Shape of hermitian A: 16x16 -> 32x32
Shape of           B: 16 -> 32
Determinant of Hermitian matrix: 4.4403729978656364e-10
Condition # of Hermitian matrix: 68.31629003978078

=================================== Generating HHL circuit ===================================
Time elapsed for generating HHL circuit: 4 min 25.29 sec

Generated circuit: num_qubits=14, gates=19, depth=5
============================== Generated Circuit saved ==============================

============================== Transpiling circuit ==============================
Time elapsed for transpiling the circuit:  0 min 43.29 sec
Transpiled circuit, num_qubits: 14, (original: 14)
Transpiled circuit depth: 689027 (original: 5)
Transpiled circuit gates: 689127 (original: 19)
============================== Transpiled Circuit saved ==============================
Time elapsed for running the circuit:  1 min 1.58 sec
total_qubits: 14, nq:5

Time elapsed for extracting shots-based hhl counts solution:  0 min 0.00 sec

[HHL info]: linear system residual (e=||Ax-b||_2): 0.8944453750362078
[HHL info]: Fidelity(true_sol, hhl_sol): 0.6726697690469917
[HHL info]: L2 error (absolute): 0.03833086994648189
[HHL info]: L2 error (relative): 0.8166329778872655
[HHL info]: L2 error (normalized): 0.5997258093064657

========================================================================================
 Compare system solutions using LU of A, LU sol of A_herm, HHL of Ax=b hermition system
LU sol 	    Herm LU sol    HHL sol    L1_diff(%)
 1.831e-03   1.831e-03   0.000e+00  1.000e+02
-4.365e-03  -4.365e-03  -0.000e+00  1.000e+02
 8.503e-04   8.503e-04   0.000e+00  1.000e+02
 2.262e-02   2.262e-02   4.550e-03  7.989e+01
-1.501e-03  -1.501e-03  -0.000e+00  1.000e+02
-6.969e-03  -6.969e-03  -0.000e+00  1.000e+02
-1.483e-02  -1.483e-02  -0.000e+00  1.000e+02
-2.577e-03  -2.577e-03  -0.000e+00  1.000e+02
-2.723e-02  -2.723e-02  -7.881e-03  7.106e+01
-1.058e-02  -1.058e-02  -4.550e-03  5.699e+01
-1.373e-02  -1.373e-02  -0.000e+00  1.000e+02
-9.199e-03  -9.199e-03  -0.000e+00  1.000e+02
 7.871e-03   7.871e-03   0.000e+00  1.000e+02
 2.896e-03   2.896e-03   0.000e+00  1.000e+02
-1.392e-02  -1.392e-02  -4.550e-03  6.732e+01
========================================================================================

step: 9/15 res:1.019390652171525, res/res0:0.08237254989779036  dq_norm: [0.0064347  0.         0.00910005]

A info: before HHL prepare:
Spectral radius (A): 2.400e+01, lambda_min:4.153435790978126
condition number(A): 5.778e+00, norm2_cond:68.05791347474764
det(A): 1.063e+16
--------------------------------------------------------------------------------

A_hhl info: after scaling by spectral radius:
Spectral radius (A): 1.000e+00, lambda_min:0.17307872564862894
condition number(A): 5.778e+00, norm2_cond:68.05791347474775
det(A): 2.109e-05, nnz: 11 non zeros per row
--------------------------------------------------------------------------------

Size of A & B are not power of 2:
Next 2 power of 15 = 16
Value to be padded = 1
--------------------------------------------------

==================== Print (N)^2 padded matrix system =======================
Padded shape of A: (15, 15)x(15, 15) -> (16, 16)x(16, 16)
Padded shape of B: (15,) -> (16,)
Determinant of padded matrix: 2.1087909431284365e-05
Condition # of padded matrix: 68.05791347474775


Matrix is not Hermitian. Making it Hermitian.......

==================== Print Hermitian matrix system info =======================
Shape of hermitian A: 16x16 -> 32x32
Shape of           B: 16 -> 32
Determinant of Hermitian matrix: 4.446999241820536e-10
Condition # of Hermitian matrix: 68.05791347474778

=================================== Generating HHL circuit ===================================
Time elapsed for generating HHL circuit: 4 min 25.25 sec

Generated circuit: num_qubits=14, gates=19, depth=5
============================== Generated Circuit saved ==============================

============================== Transpiling circuit ==============================
Time elapsed for transpiling the circuit:  0 min 43.55 sec
Transpiled circuit, num_qubits: 14, (original: 14)
Transpiled circuit depth: 689027 (original: 5)
Transpiled circuit gates: 689127 (original: 19)
============================== Transpiled Circuit saved ==============================
Time elapsed for running the circuit:  1 min 1.20 sec
total_qubits: 14, nq:5

Time elapsed for extracting shots-based hhl counts solution:  0 min 0.00 sec

[HHL info]: linear system residual (e=||Ax-b||_2): 0.6980720163097027
[HHL info]: Fidelity(true_sol, hhl_sol): 0.7098094889400955
[HHL info]: L2 error (absolute): 0.03251458741609866
[HHL info]: L2 error (relative): 0.8481418325213649
[HHL info]: L2 error (normalized): 0.5612451831107782

========================================================================================
 Compare system solutions using LU of A, LU sol of A_herm, HHL of Ax=b hermition system
LU sol 	    Herm LU sol    HHL sol    L1_diff(%)
 1.885e-03   1.885e-03   0.000e+00  1.000e+02
-4.382e-03  -4.382e-03  -0.000e+00  1.000e+02
 8.891e-04   8.891e-04   0.000e+00  1.000e+02
 1.831e-02   1.831e-02   4.703e-03  7.431e+01
-1.426e-03  -1.426e-03  -0.000e+00  1.000e+02
-6.725e-03  -6.725e-03  -0.000e+00  1.000e+02
-1.475e-02  -1.475e-02  -3.840e-03  7.396e+01
-2.647e-03  -2.647e-03  -0.000e+00  1.000e+02
-1.921e-02  -1.921e-02  -2.715e-03  8.587e+01
-6.067e-03  -6.067e-03  -0.000e+00  1.000e+02
-1.367e-02  -1.367e-02  -2.715e-03  8.014e+01
-9.201e-03  -9.201e-03  -0.000e+00  1.000e+02
 7.834e-03   7.834e-03   0.000e+00  1.000e+02
 2.915e-03   2.915e-03   0.000e+00  1.000e+02
-9.581e-03  -9.581e-03  -0.000e+00  1.000e+02
========================================================================================

step: 10/15 res:0.8948539849668367, res/res0:0.07230928042247188  dq_norm: [0.00607188 0.00271543 0.00271543]

A info: before HHL prepare:
Spectral radius (A): 2.402e+01, lambda_min:4.145975498794487
condition number(A): 5.794e+00, norm2_cond:67.99794614630815
det(A): 1.062e+16
--------------------------------------------------------------------------------

A_hhl info: after scaling by spectral radius:
Spectral radius (A): 1.000e+00, lambda_min:0.17259723866073642
condition number(A): 5.794e+00, norm2_cond:67.99794614630818
det(A): 2.075e-05, nnz: 11 non zeros per row
--------------------------------------------------------------------------------

Size of A & B are not power of 2:
Next 2 power of 15 = 16
Value to be padded = 1
--------------------------------------------------

==================== Print (N)^2 padded matrix system =======================
Padded shape of A: (15, 15)x(15, 15) -> (16, 16)x(16, 16)
Padded shape of B: (15,) -> (16,)
Determinant of padded matrix: 2.07542612996435e-05
Condition # of padded matrix: 67.99794614630818


Matrix is not Hermitian. Making it Hermitian.......

==================== Print Hermitian matrix system info =======================
Shape of hermitian A: 16x16 -> 32x32
Shape of           B: 16 -> 32
Determinant of Hermitian matrix: 4.307393620938814e-10
Condition # of Hermitian matrix: 67.99794614630827

=================================== Generating HHL circuit ===================================
Time elapsed for generating HHL circuit: 4 min 25.31 sec

Generated circuit: num_qubits=14, gates=19, depth=5
============================== Generated Circuit saved ==============================

============================== Transpiling circuit ==============================
Time elapsed for transpiling the circuit:  0 min 43.01 sec
Transpiled circuit, num_qubits: 14, (original: 14)
Transpiled circuit depth: 689027 (original: 5)
Transpiled circuit gates: 689127 (original: 19)
============================== Transpiled Circuit saved ==============================
Time elapsed for running the circuit:  1 min 1.37 sec
total_qubits: 14, nq:5

Time elapsed for extracting shots-based hhl counts solution:  0 min 0.00 sec

[HHL info]: linear system residual (e=||Ax-b||_2): 0.3317198025955873
[HHL info]: Fidelity(true_sol, hhl_sol): 0.7189933045282403
[HHL info]: L2 error (absolute): 0.0175762406011861
[HHL info]: L2 error (relative): 0.5438835496894118
[HHL info]: L2 error (normalized): 0.551480318902547

========================================================================================
 Compare system solutions using LU of A, LU sol of A_herm, HHL of Ax=b hermition system
LU sol 	    Herm LU sol    HHL sol    L1_diff(%)
 1.905e-03   1.905e-03   0.000e+00  1.000e+02
-4.438e-03  -4.438e-03  -0.000e+00  1.000e+02
 8.328e-04   8.328e-04   0.000e+00  1.000e+02
 1.380e-02   1.380e-02   1.050e-02  2.396e+01
-1.358e-03  -1.358e-03  -0.000e+00  1.000e+02
-6.456e-03  -6.456e-03  -7.422e-03  1.496e+01
-1.069e-02  -1.069e-02  -7.422e-03  3.059e+01
-2.629e-03  -2.629e-03  -0.000e+00  1.000e+02
-1.625e-02  -1.625e-02  -7.422e-03  5.431e+01
-6.010e-03  -6.010e-03  -0.000e+00  1.000e+02
-1.097e-02  -1.097e-02  -0.000e+00  1.000e+02
-9.097e-03  -9.097e-03  -7.422e-03  1.842e+01
 7.799e-03   7.799e-03   1.050e-02  3.458e+01
 2.905e-03   2.905e-03   0.000e+00  1.000e+02
-9.624e-03  -9.624e-03  -1.050e-02  9.060e+00
========================================================================================

step: 11/15 res:0.6980661007397752, res/res0:0.056407702574721816  dq_norm: [0.01659596 0.         0.01659596]

A info: before HHL prepare:
Spectral radius (A): 2.402e+01, lambda_min:4.072776751242603
condition number(A): 5.898e+00, norm2_cond:67.75860877806515
det(A): 9.436e+15
--------------------------------------------------------------------------------

A_hhl info: after scaling by spectral radius:
Spectral radius (A): 1.000e+00, lambda_min:0.16956073441808056
condition number(A): 5.898e+00, norm2_cond:67.75860877806515
det(A): 1.846e-05, nnz: 11 non zeros per row
--------------------------------------------------------------------------------

Size of A & B are not power of 2:
Next 2 power of 15 = 16
Value to be padded = 1
--------------------------------------------------

==================== Print (N)^2 padded matrix system =======================
Padded shape of A: (15, 15)x(15, 15) -> (16, 16)x(16, 16)
Padded shape of B: (15,) -> (16,)
Determinant of padded matrix: 1.8462541234953272e-05
Condition # of padded matrix: 67.75860877806515


Matrix is not Hermitian. Making it Hermitian.......

==================== Print Hermitian matrix system info =======================
Shape of hermitian A: 16x16 -> 32x32
Shape of           B: 16 -> 32
Determinant of Hermitian matrix: 3.408654288523487e-10
Condition # of Hermitian matrix: 67.75860877806538

=================================== Generating HHL circuit ===================================
Time elapsed for generating HHL circuit: 4 min 23.28 sec

Generated circuit: num_qubits=14, gates=19, depth=5
============================== Generated Circuit saved ==============================

============================== Transpiling circuit ==============================
Time elapsed for transpiling the circuit:  0 min 43.36 sec
Transpiled circuit, num_qubits: 14, (original: 14)
Transpiled circuit depth: 689027 (original: 5)
Transpiled circuit gates: 689127 (original: 19)
============================== Transpiled Circuit saved ==============================
Time elapsed for running the circuit:  1 min 1.30 sec
total_qubits: 14, nq:5

Time elapsed for extracting shots-based hhl counts solution:  0 min 0.00 sec

[HHL info]: linear system residual (e=||Ax-b||_2): 0.22059357891941098
[HHL info]: Fidelity(true_sol, hhl_sol): 0.7982259859444647
[HHL info]: L2 error (absolute): 0.010559327896731023
[HHL info]: L2 error (relative): 0.603140181734538
[HHL info]: L2 error (normalized): 0.4616601854092542

========================================================================================
 Compare system solutions using LU of A, LU sol of A_herm, HHL of Ax=b hermition system
LU sol 	    Herm LU sol    HHL sol    L1_diff(%)
 1.927e-03   1.927e-03   2.297e-03  1.923e+01
-4.514e-03  -4.514e-03  -3.249e-03  2.803e+01
 7.395e-04   7.395e-04   0.000e+00  1.000e+02
 3.548e-03   3.548e-03   2.297e-03  3.526e+01
-1.262e-03  -1.262e-03  -0.000e+00  1.000e+02
 1.244e-03   1.244e-03   2.297e-03  8.459e+01
-3.051e-03  -3.051e-03  -0.000e+00  1.000e+02
-2.643e-03  -2.643e-03  -0.000e+00  1.000e+02
-8.614e-03  -8.614e-03  -3.979e-03  5.381e+01
-5.998e-03  -5.998e-03  -3.249e-03  4.584e+01
-1.101e-02  -1.101e-02  -4.594e-03  5.828e+01
-1.550e-03  -1.550e-03  -0.000e+00  1.000e+02
-2.742e-03  -2.742e-03  -0.000e+00  1.000e+02
 2.895e-03   2.895e-03   0.000e+00  1.000e+02
 3.715e-04   3.715e-04   0.000e+00  1.000e+02
========================================================================================

step: 12/15 res:0.3273173017860202, res/res0:0.026449095561494683  dq_norm: [0.0045942  0.00562673 0.0045942 ]

A info: before HHL prepare:
Spectral radius (A): 2.403e+01, lambda_min:4.069689254050964
condition number(A): 5.904e+00, norm2_cond:67.75463619125269
det(A): 9.402e+15
--------------------------------------------------------------------------------

A_hhl info: after scaling by spectral radius:
Spectral radius (A): 1.000e+00, lambda_min:0.1693833644107533
condition number(A): 5.904e+00, norm2_cond:67.75463619125252
det(A): 1.832e-05, nnz: 11 non zeros per row
--------------------------------------------------------------------------------

Size of A & B are not power of 2:
Next 2 power of 15 = 16
Value to be padded = 1
--------------------------------------------------

==================== Print (N)^2 padded matrix system =======================
Padded shape of A: (15, 15)x(15, 15) -> (16, 16)x(16, 16)
Padded shape of B: (15,) -> (16,)
Determinant of padded matrix: 1.831775015397555e-05
Condition # of padded matrix: 67.75463619125252


Matrix is not Hermitian. Making it Hermitian.......

==================== Print Hermitian matrix system info =======================
Shape of hermitian A: 16x16 -> 32x32
Shape of           B: 16 -> 32
Determinant of Hermitian matrix: 3.3553997070347134e-10
Condition # of Hermitian matrix: 67.7546361912525

=================================== Generating HHL circuit ===================================
Time elapsed for generating HHL circuit: 4 min 23.00 sec

Generated circuit: num_qubits=14, gates=19, depth=5
============================== Generated Circuit saved ==============================

============================== Transpiling circuit ==============================
Time elapsed for transpiling the circuit:  0 min 42.81 sec
Transpiled circuit, num_qubits: 14, (original: 14)
Transpiled circuit depth: 689027 (original: 5)
Transpiled circuit gates: 689127 (original: 19)
============================== Transpiled Circuit saved ==============================
Time elapsed for running the circuit:  1 min 1.67 sec
total_qubits: 14, nq:5

Time elapsed for extracting shots-based hhl counts solution:  0 min 0.00 sec

[HHL info]: linear system residual (e=||Ax-b||_2): 0.13362893310183016
[HHL info]: Fidelity(true_sol, hhl_sol): 0.7329549408026172
[HHL info]: L2 error (absolute): 0.006456316778660249
[HHL info]: L2 error (relative): 0.6100001291899366
[HHL info]: L2 error (normalized): 0.5364179780148096

========================================================================================
 Compare system solutions using LU of A, LU sol of A_herm, HHL of Ax=b hermition system
LU sol 	    Herm LU sol    HHL sol    L1_diff(%)
-3.694e-04  -3.694e-04  -0.000e+00  1.000e+02
-1.288e-03  -1.288e-03  -0.000e+00  1.000e+02
 7.306e-04   7.306e-04   0.000e+00  1.000e+02
 1.248e-03   1.248e-03   0.000e+00  1.000e+02
-1.270e-03  -1.270e-03  -0.000e+00  1.000e+02
-1.071e-03  -1.071e-03  -0.000e+00  1.000e+02
-3.063e-03  -3.063e-03  -2.815e-03  8.090e+00
-2.657e-03  -2.657e-03  -1.991e-03  2.507e+01
-4.648e-03  -4.648e-03  -1.991e-03  5.717e+01
-2.757e-03  -2.757e-03  -0.000e+00  1.000e+02
-6.409e-03  -6.409e-03  -3.448e-03  4.620e+01
-1.605e-03  -1.605e-03  -0.000e+00  1.000e+02
-2.755e-03  -2.755e-03  -0.000e+00  1.000e+02
 2.892e-03   2.892e-03   1.991e-03  3.115e+01
 3.538e-04   3.538e-04   0.000e+00  1.000e+02
========================================================================================

step: 13/15 res:0.2206231611087507, res/res0:0.017827603488736844  dq_norm: [0.00281541 0.00445155 0.00199079]

A info: before HHL prepare:
Spectral radius (A): 2.405e+01, lambda_min:4.078691536650294
condition number(A): 5.897e+00, norm2_cond:67.5801758095912
det(A): 9.562e+15
--------------------------------------------------------------------------------

A_hhl info: after scaling by spectral radius:
Spectral radius (A): 1.000e+00, lambda_min:0.16958958950077826
condition number(A): 5.897e+00, norm2_cond:67.58017580959118
det(A): 1.835e-05, nnz: 11 non zeros per row
--------------------------------------------------------------------------------

Size of A & B are not power of 2:
Next 2 power of 15 = 16
Value to be padded = 1
--------------------------------------------------

==================== Print (N)^2 padded matrix system =======================
Padded shape of A: (15, 15)x(15, 15) -> (16, 16)x(16, 16)
Padded shape of B: (15,) -> (16,)
Determinant of padded matrix: 1.8354450772075585e-05
Condition # of padded matrix: 67.58017580959118


Matrix is not Hermitian. Making it Hermitian.......

==================== Print Hermitian matrix system info =======================
Shape of hermitian A: 16x16 -> 32x32
Shape of           B: 16 -> 32
Determinant of Hermitian matrix: 3.3688586314454486e-10
Condition # of Hermitian matrix: 67.5801758095914

=================================== Generating HHL circuit ===================================
Time elapsed for generating HHL circuit: 4 min 19.07 sec

Generated circuit: num_qubits=14, gates=19, depth=5
============================== Generated Circuit saved ==============================

============================== Transpiling circuit ==============================
Time elapsed for transpiling the circuit:  0 min 43.54 sec
Transpiled circuit, num_qubits: 14, (original: 14)
Transpiled circuit depth: 689027 (original: 5)
Transpiled circuit gates: 689127 (original: 19)
============================== Transpiled Circuit saved ==============================
Time elapsed for running the circuit:  0 min 55.39 sec
total_qubits: 14, nq:5

Time elapsed for extracting shots-based hhl counts solution:  0 min 0.00 sec

[HHL info]: linear system residual (e=||Ax-b||_2): 0.10363021529323582
[HHL info]: Fidelity(true_sol, hhl_sol): 0.4909108748693586
[HHL info]: L2 error (absolute): 0.0046993192748194775
[HHL info]: L2 error (relative): 0.7316687786690383
[HHL info]: L2 error (normalized): 0.7737566506063336

========================================================================================
 Compare system solutions using LU of A, LU sol of A_herm, HHL of Ax=b hermition system
LU sol 	    Herm LU sol    HHL sol    L1_diff(%)
-3.700e-04  -3.700e-04  -0.000e+00  1.000e+02
-1.289e-03  -1.289e-03  -0.000e+00  1.000e+02
 7.273e-04   7.273e-04   0.000e+00  1.000e+02
 1.249e-03   1.249e-03   0.000e+00  1.000e+02
-1.268e-03  -1.268e-03  -0.000e+00  1.000e+02
-1.064e-03  -1.064e-03  -3.035e-03  1.854e+02
-2.493e-04  -2.493e-04  -0.000e+00  1.000e+02
-6.755e-04  -6.755e-04  -0.000e+00  1.000e+02
-2.662e-03  -2.662e-03  -2.478e-03  6.913e+00
-2.745e-03  -2.745e-03  -1.752e-03  3.616e+01
-2.940e-03  -2.940e-03  -3.504e-03  1.920e+01
-1.570e-03  -1.570e-03  -0.000e+00  1.000e+02
-2.709e-03  -2.709e-03  -0.000e+00  1.000e+02
 9.073e-04   9.073e-04   0.000e+00  1.000e+02
 4.651e-04   4.651e-04   0.000e+00  1.000e+02
========================================================================================

step: 14/15 res:0.13369466032892388, res/res0:0.01080328729280851  dq_norm: [0.00175212 0.00350425 0.00391787]
Completed: 14 steps in 6457.16s
Saved metadata to /lustre/orion/ard189/proj-shared/nozzle_1d_results/nelem5/statevector/shots_5000/trial_6/metadata_nelem5_HHL_statevector_nshots5000.pkl

Solution summary:
  x/L: [0.1000, 0.9000]
  Mach: [1.5224, 2.1340]
  p/p_in: [0.9785, 0.3685]
  rho/rho_in: [0.9878, 0.4865]
Saved combined plot to /lustre/orion/ard189/proj-shared/nozzle_1d_results/nelem5/statevector/shots_5000/trial_6/solution_plot_nelem5_HHL_statevector_nshots5000.png
